utility_to_osm - ERROR - ERROR, no ending in ssr2_to_osm_data/data/3050/3050-ssr.xml? Trying to re-download
utility_to_osm - WARNING - ssr:stedsnr = 3004: No priority spelling found for lang = no, using alt_name to get "[('no', 'Pålseterhøgda')]"
utility_to_osm - WARNING - ssr:stedsnr = 3024: No priority spelling found for lang = no, using alt_name to get "[('no', 'Vatnebrynnvatnet')]"
utility_to_osm - WARNING - ssr:stedsnr = 3024 has multiple (3) positions, using the first one!
utility_to_osm - WARNING - ssr:stedsnr = 3413: No priority spelling found for lang = no, using alt_name to get "[('no', 'Lindbusetertjennet')]"
utility_to_osm - WARNING - ssr:stedsnr = 3413 has multiple (2) positions, using the first one!
utility_to_osm - WARNING - ssr:stedsnr = 3393: No priority spelling found for lang = no, using alt_name to get "[('no', 'Lindbuseteråsen')]"
utility_to_osm - WARNING - ssr:stedsnr = 3394: No priority spelling found for lang = no, using alt_name to get "[('no', 'Svartåsen')]"
utility_to_osm - WARNING - ssr:stedsnr = 3885: No priority spelling found for lang = no, using alt_name to get "[('no', 'Dyrebusetra')]"
utility_to_osm - WARNING - ssr:stedsnr = 3885 has multiple (2) positions, using the first one!
utility_to_osm - WARNING - ssr:stedsnr = 4065: No priority spelling found for lang = no, using alt_name to get "[('no', 'Seteråsen')]"
utility_to_osm - WARNING - ssr:stedsnr = 4065 has multiple (2) positions, using the first one!
utility_to_osm - WARNING - ssr:stedsnr = 4076: No priority spelling found for lang = no, using alt_name to get "[('no', 'Breievjo')]"
utility_to_osm - WARNING - ssr:stedsnr = 4076 has multiple (2) positions, using the first one!
utility_to_osm - WARNING - ssr:stedsnr = 4215 has multiple (2) positions, using the first one!
utility_to_osm - WARNING - ssr:stedsnr = 4218: No priority spelling found for lang = no, using alt_name to get "[('no', 'Evjubakkan')]"
utility_to_osm - WARNING - ssr:stedsnr = 4218 has multiple (3) positions, using the first one!
utility_to_osm - WARNING - ssr:stedsnr = 233593: No priority spelling found for lang = no, using alt_name to get "[('no', 'Dalegardsplassen')]"
utility_to_osm - WARNING - ssr:stedsnr = 233759: No priority spelling found for lang = no, using alt_name to get "[('no', 'Nord-Ramnås')]"
utility_to_osm - WARNING - ssr:stedsnr = 233791: No priority spelling found for lang = no, using alt_name to get "[('no', 'Skjentjennbekken')]"
utility_to_osm - WARNING - ssr:stedsnr = 233791 has multiple (2) positions, using the first one!
utility_to_osm - WARNING - ssr:stedsnr = 233793: No priority spelling found for lang = no, using alt_name to get "[('no', 'Rendlenatten')]"
utility_to_osm - WARNING - ssr:stedsnr = 235043: No priority spelling found for lang = no, using alt_name to get "[('no', 'Ramnskardsbekken')]"
utility_to_osm - WARNING - ssr:stedsnr = 235043 has multiple (3) positions, using the first one!
utility_to_osm - WARNING - ssr:stedsnr = 234818: No priority spelling found for lang = no, using alt_name to get "[('no', 'Bekkjorden')]"
utility_to_osm - ERROR - ssr:stedsnr = 237121. No positions found, skipping
utility_to_osm - WARNING - ssr:stedsnr = 239069: No priority spelling found for lang = no, using alt_name to get "[('no', 'Østhagan')]"
utility_to_osm - ERROR - ssr:stedsnr = 239069. No positions found, skipping
utility_to_osm - WARNING - ssr:stedsnr = 51607: No priority spelling found for lang = no, using alt_name to get "[('no', 'Søre Rustan')]"
utility_to_osm - WARNING - ssr:stedsnr = 52572: No priority spelling found for lang = no, using alt_name to get "[('no', 'Nord-Gårdås')]"
utility_to_osm - WARNING - ssr:stedsnr = 52586: No priority spelling found for lang = no, using alt_name to get "[('no', 'Gurisbråtån')]"
utility_to_osm - WARNING - ssr:stedsnr = 52586 has multiple (2) positions, using the first one!
utility_to_osm - WARNING - ssr:stedsnr = 239551: No priority spelling found for lang = no, using alt_name to get "[('no', 'Fønnsetåsen')]"
utility_to_osm - WARNING - ssr:stedsnr = 57970 has multiple (2) positions, using the first one!
utility_to_osm - WARNING - ssr:stedsnr = 57971 has multiple (2) positions, using the first one!
utility_to_osm - WARNING - ssr:stedsnr = 241056: No priority spelling found for lang = no, using alt_name to get "[('no', 'Lykkja')]"
utility_to_osm - ERROR - ssr:stedsnr = 241056. No positions found, skipping
utility_to_osm - WARNING - ssr:stedsnr = 64162: No priority spelling found for lang = no, using alt_name to get "[('no', 'Bekkjordsplassen')]"
utility_to_osm - WARNING - ssr:stedsnr = 64164: No priority spelling found for lang = no, using alt_name to get "[('no', 'Nord-Dalegarden')]"
utility_to_osm - WARNING - ssr:stedsnr = 64164 has multiple (2) positions, using the first one!
utility_to_osm - WARNING - ssr:stedsnr = 64018: No priority spelling found for lang = no, using alt_name to get "[('no', 'Kjevatna')]"
utility_to_osm - WARNING - ssr:stedsnr = 64032: No priority spelling found for lang = no, using alt_name to get "[('no', 'Blåbergsetra')]"
utility_to_osm - WARNING - ssr:stedsnr = 64032 has multiple (2) positions, using the first one!
utility_to_osm - WARNING - ssr:stedsnr = 64361: No priority spelling found for lang = no, using alt_name to get "[('no', 'Lindteigstjennet')]"
utility_to_osm - WARNING - ssr:stedsnr = 64480: No priority spelling found for lang = no, using alt_name to get "[('no', 'Nedre Bråtån')]"
utility_to_osm - WARNING - ssr:stedsnr = 64480 has multiple (2) positions, using the first one!
utility_to_osm - WARNING - ssr:stedsnr = 64603 has multiple (2) positions, using the first one!
utility_to_osm - WARNING - ssr:stedsnr = 64917 has multiple (2) positions, using the first one!
utility_to_osm - WARNING - ssr:stedsnr = 64920 has multiple (3) positions, using the first one!
utility_to_osm - WARNING - ssr:stedsnr = 64923 has multiple (2) positions, using the first one!
utility_to_osm - WARNING - ssr:stedsnr = 65628: No priority spelling found for lang = no, using alt_name to get "[('no', 'Smedsrud')]"
utility_to_osm - WARNING - ssr:stedsnr = 65628 has multiple (2) positions, using the first one!
utility_to_osm - WARNING - ssr:stedsnr = 246041: No priority spelling found for lang = no, using alt_name to get "[('no', 'Setervilen')]"
utility_to_osm - WARNING - ssr:stedsnr = 246041 has multiple (2) positions, using the first one!
utility_to_osm - WARNING - ssr:stedsnr = 246289: No priority spelling found for lang = no, using alt_name to get "[('no', 'Ellingsbråtån')]"
utility_to_osm - WARNING - ssr:stedsnr = 246299 has multiple (2) positions, using the first one!
utility_to_osm - ERROR - ssr:stedsnr = 246088: Adding multiple names to name tag, this is not OK! name = "Kollen;Gjellerudkollen"
utility_to_osm - WARNING - ssr:stedsnr = 246197: No priority spelling found for lang = no, using alt_name to get "[('no', 'Suggerudtjennet')]"
utility_to_osm - WARNING - ssr:stedsnr = 246465 has multiple (3) positions, using the first one!
utility_to_osm - WARNING - ssr:stedsnr = 246680: No priority spelling found for lang = no, using alt_name to get "[('no', 'Krokvatnet')]"
utility_to_osm - WARNING - ssr:stedsnr = 246899: No priority spelling found for lang = no, using alt_name to get "[('no', 'Bakkansetra')]"
utility_to_osm - WARNING - ssr:stedsnr = 246899 has multiple (3) positions, using the first one!
utility_to_osm - WARNING - ssr:stedsnr = 246988: No priority spelling found for lang = no, using alt_name to get "[('no', 'Fossetra')]"
utility_to_osm - WARNING - ssr:stedsnr = 246988 has multiple (2) positions, using the first one!
utility_to_osm - WARNING - ssr:stedsnr = 247000: No priority spelling found for lang = no, using alt_name to get "[('no', 'Nipetovatna')]"
utility_to_osm - WARNING - ssr:stedsnr = 247050 has multiple (3) positions, using the first one!
utility_to_osm - WARNING - ssr:stedsnr = 247232 has multiple (2) positions, using the first one!
utility_to_osm - WARNING - ssr:stedsnr = 247238: No priority spelling found for lang = no, using alt_name to get "[('no', 'Kjennås')]"
utility_to_osm - WARNING - ssr:stedsnr = 247240: No priority spelling found for lang = no, using alt_name to get "[('no', 'Hukabekken')]"
utility_to_osm - WARNING - ssr:stedsnr = 247240 has multiple (4) positions, using the first one!
utility_to_osm - WARNING - ssr:stedsnr = 247625: No priority spelling found for lang = no, using alt_name to get "[('no', 'Skulkeroa')]"
utility_to_osm - WARNING - ssr:stedsnr = 247625 has multiple (2) positions, using the first one!
utility_to_osm - WARNING - ssr:stedsnr = 247639 has multiple (7) positions, using the first one!
utility_to_osm - WARNING - ssr:stedsnr = 247735: No priority spelling found for lang = no, using alt_name to get "[('no', 'Moensetra')]"
utility_to_osm - WARNING - ssr:stedsnr = 247735 has multiple (4) positions, using the first one!
utility_to_osm - WARNING - ssr:stedsnr = 247740: No priority spelling found for lang = no, using alt_name to get "[('no', 'Fløtåkerseterdalen')]"
utility_to_osm - WARNING - ssr:stedsnr = 247740 has multiple (3) positions, using the first one!
utility_to_osm - WARNING - ssr:stedsnr = 247835 has multiple (2) positions, using the first one!
utility_to_osm - WARNING - ssr:stedsnr = 247837: No priority spelling found for lang = no, using alt_name to get "[('no', 'Letmolisetra')]"
utility_to_osm - WARNING - ssr:stedsnr = 247837 has multiple (3) positions, using the first one!
utility_to_osm - WARNING - ssr:stedsnr = 100726 has multiple (2) positions, using the first one!
utility_to_osm - WARNING - ssr:stedsnr = 115370 has multiple (2) positions, using the first one!
utility_to_osm - WARNING - ssr:stedsnr = 115890 has multiple (3) positions, using the first one!
utility_to_osm - ERROR - ssr:stedsnr = 119095. No positions found, skipping
utility_to_osm - WARNING - ssr:stedsnr = 125021: No priority spelling found for lang = no, using alt_name to get "[('no', 'Kyrkjevatnet')]"
utility_to_osm - WARNING - ssr:stedsnr = 125104: No priority spelling found for lang = no, using alt_name to get "[('no', 'Holmevatnet')]"
utility_to_osm - WARNING - ssr:stedsnr = 125114: No priority spelling found for lang = no, using alt_name to get "[('no', 'Svaraberg')]"
utility_to_osm - WARNING - ssr:stedsnr = 125114 has multiple (2) positions, using the first one!
utility_to_osm - WARNING - ssr:stedsnr = 125188 has multiple (2) positions, using the first one!
utility_to_osm - WARNING - ssr:stedsnr = 125309: No priority spelling found for lang = no, using alt_name to get "[('no', 'Ellingstjønn')]"
utility_to_osm - WARNING - ssr:stedsnr = 125357: No priority spelling found for lang = no, using alt_name to get "[('no', 'Igletjenn')]"
utility_to_osm - WARNING - ssr:stedsnr = 125903: No priority spelling found for lang = no, using alt_name to get "[('no', 'Huldrebua')]"
utility_to_osm - WARNING - ssr:stedsnr = 125903 has multiple (2) positions, using the first one!
utility_to_osm - WARNING - ssr:stedsnr = 126915 has multiple (2) positions, using the first one!
utility_to_osm - WARNING - ssr:stedsnr = 126928 has multiple (4) positions, using the first one!
utility_to_osm - WARNING - ssr:stedsnr = 173616: No priority spelling found for lang = no, using alt_name to get "[('no', 'Søre Revlivatn')]"
utility_to_osm - WARNING - ssr:stedsnr = 174002: No priority spelling found for lang = no, using alt_name to get "[('no', 'Havslia')]"
utility_to_osm - WARNING - ssr:stedsnr = 174420: No priority spelling found for lang = no, using alt_name to get "[('no', 'Sønnåsen')]"
utility_to_osm - WARNING - ssr:stedsnr = 174422: No priority spelling found for lang = no, using alt_name to get "[('no', 'Teigen')]"
utility_to_osm - WARNING - ssr:stedsnr = 174527: No priority spelling found for lang = no, using alt_name to get "[('no', 'Narverudsetra')]"
utility_to_osm - WARNING - ssr:stedsnr = 174527 has multiple (3) positions, using the first one!
utility_to_osm - WARNING - ssr:stedsnr = 180476 has multiple (2) positions, using the first one!
utility_to_osm - WARNING - ssr:stedsnr = 185630 has multiple (2) positions, using the first one!
utility_to_osm - WARNING - ssr:stedsnr = 185677: No priority spelling found for lang = no, using alt_name to get "[('no', 'Kopangsetra')]"
utility_to_osm - WARNING - ssr:stedsnr = 185677 has multiple (3) positions, using the first one!
utility_to_osm - WARNING - ssr:stedsnr = 186202: No priority spelling found for lang = no, using alt_name to get "[('no', 'Såthøl')]"
utility_to_osm - WARNING - ssr:stedsnr = 186202 has multiple (2) positions, using the first one!
utility_to_osm - WARNING - ssr:stedsnr = 186210: No priority spelling found for lang = no, using alt_name to get "[('no', 'Søre Dalegarden')]"
utility_to_osm - WARNING - ssr:stedsnr = 186210 has multiple (2) positions, using the first one!
utility_to_osm - WARNING - ssr:stedsnr = 186182 has multiple (2) positions, using the first one!
utility_to_osm - WARNING - ssr:stedsnr = 186610: No priority spelling found for lang = no, using alt_name to get "[('no', 'Trollsås')]"
utility_to_osm - WARNING - ssr:stedsnr = 186625 has multiple (2) positions, using the first one!
utility_to_osm - WARNING - ssr:stedsnr = 186596: No priority spelling found for lang = no, using alt_name to get "[('no', 'Grettesetra')]"
utility_to_osm - WARNING - ssr:stedsnr = 186596 has multiple (2) positions, using the first one!
utility_to_osm - WARNING - ssr:stedsnr = 186926 has multiple (2) positions, using the first one!
utility_to_osm - WARNING - ssr:stedsnr = 186979 has multiple (2) positions, using the first one!
utility_to_osm - WARNING - ssr:stedsnr = 186981 has multiple (2) positions, using the first one!
utility_to_osm - WARNING - ssr:stedsnr = 234595: No priority spelling found for lang = no, using alt_name to get "[('no', 'Hakkelberg')]"
utility_to_osm - WARNING - ssr:stedsnr = 239506 has multiple (3) positions, using the first one!
utility_to_osm - WARNING - ssr:stedsnr = 246005: No priority spelling found for lang = no, using alt_name to get "[('no', 'Øvre Granstugo')]"
utility_to_osm - WARNING - ssr:stedsnr = 246005 has multiple (2) positions, using the first one!
utility_to_osm - WARNING - ssr:stedsnr = 246020 has multiple (3) positions, using the first one!
utility_to_osm - WARNING - ssr:stedsnr = 246202: No priority spelling found for lang = no, using alt_name to get "[('no', 'Bakkerudtjennet')]"
utility_to_osm - WARNING - ssr:stedsnr = 246202 has multiple (3) positions, using the first one!
utility_to_osm - WARNING - ssr:stedsnr = 246414 has multiple (5) positions, using the first one!
utility_to_osm - WARNING - ssr:stedsnr = 246153: No priority spelling found for lang = no, using alt_name to get "[('no', 'Lisliåsen')]"
utility_to_osm - WARNING - ssr:stedsnr = 246153 has multiple (2) positions, using the first one!
utility_to_osm - WARNING - ssr:stedsnr = 246364: No priority spelling found for lang = no, using alt_name to get "[('no', 'Tritjenna')]"
utility_to_osm - WARNING - ssr:stedsnr = 246364 has multiple (3) positions, using the first one!
utility_to_osm - ERROR - ssr:stedsnr = 246614: Adding multiple names to name tag, this is not OK! name = "Langevatnet;Storevatn"
utility_to_osm - WARNING - ssr:stedsnr = 246805 has multiple (3) positions, using the first one!
utility_to_osm - WARNING - ssr:stedsnr = 247066: No priority spelling found for lang = no, using alt_name to get "[('no', 'Solumsetra')]"
utility_to_osm - WARNING - ssr:stedsnr = 247066 has multiple (2) positions, using the first one!
utility_to_osm - WARNING - ssr:stedsnr = 247070 has multiple (2) positions, using the first one!
utility_to_osm - WARNING - ssr:stedsnr = 247086: No priority spelling found for lang = no, using alt_name to get "[('no', 'Våtvassbua')]"
utility_to_osm - WARNING - ssr:stedsnr = 247527: No priority spelling found for lang = no, using alt_name to get "[('no', 'Nord-Kopangen')]"
utility_to_osm - WARNING - ssr:stedsnr = 247965: No priority spelling found for lang = no, using alt_name to get "[('no', 'Øvre Bråtån')]"
utility_to_osm - WARNING - ssr:stedsnr = 247965 has multiple (2) positions, using the first one!
utility_to_osm - WARNING - ssr:stedsnr = 294704: No priority spelling found for lang = no, using alt_name to get "[('no', 'Nørdre Ljøsbuvatnet')]"
utility_to_osm - WARNING - ssr:stedsnr = 295937: No priority spelling found for lang = no, using alt_name to get "[('no', 'Nørdre Underberget')]"
utility_to_osm - WARNING - ssr:stedsnr = 296522 has multiple (2) positions, using the first one!
utility_to_osm - WARNING - ssr:stedsnr = 296718 has multiple (2) positions, using the first one!
utility_to_osm - WARNING - ssr:stedsnr = 298317 has multiple (3) positions, using the first one!
utility_to_osm - ERROR - ssr:stedsnr = 300074. No positions found, skipping
utility_to_osm - WARNING - ssr:stedsnr = 307109: No priority spelling found for lang = no, using alt_name to get "[('no', 'Langemyra')]"
utility_to_osm - WARNING - ssr:stedsnr = 307109 has multiple (2) positions, using the first one!
utility_to_osm - WARNING - ssr:stedsnr = 307112 has multiple (2) positions, using the first one!
utility_to_osm - WARNING - ssr:stedsnr = 307114: No priority spelling found for lang = no, using alt_name to get "[('no', 'Kyrkjerinden')]"
utility_to_osm - WARNING - ssr:stedsnr = 307114 has multiple (2) positions, using the first one!
utility_to_osm - WARNING - ssr:stedsnr = 307190: No priority spelling found for lang = no, using alt_name to get "[('no', 'Lågmyran')]"
utility_to_osm - WARNING - ssr:stedsnr = 307190 has multiple (2) positions, using the first one!
utility_to_osm - WARNING - ssr:stedsnr = 307331: No priority spelling found for lang = no, using alt_name to get "[('no', 'Søre Lindteigen')]"
utility_to_osm - WARNING - ssr:stedsnr = 307331 has multiple (3) positions, using the first one!
utility_to_osm - WARNING - ssr:stedsnr = 307053: No priority spelling found for lang = no, using alt_name to get "[('no', 'Setra')]"
utility_to_osm - WARNING - ssr:stedsnr = 307053 has multiple (3) positions, using the first one!
utility_to_osm - WARNING - ssr:stedsnr = 307055 has multiple (2) positions, using the first one!
utility_to_osm - WARNING - ssr:stedsnr = 307217: No priority spelling found for lang = no, using alt_name to get "[('no', 'Mellom-Stuvstad')]"
utility_to_osm - WARNING - ssr:stedsnr = 307269: No priority spelling found for lang = no, using alt_name to get "[('no', 'Søre Vatnebrynn')]"
utility_to_osm - WARNING - ssr:stedsnr = 307269 has multiple (2) positions, using the first one!
utility_to_osm - WARNING - ssr:stedsnr = 307647: No priority spelling found for lang = no, using alt_name to get "[('no', 'Fosseseterbekken')]"
utility_to_osm - WARNING - ssr:stedsnr = 307647 has multiple (5) positions, using the first one!
utility_to_osm - WARNING - ssr:stedsnr = 308000 has multiple (2) positions, using the first one!
utility_to_osm - WARNING - ssr:stedsnr = 466826: No priority spelling found for lang = no, using alt_name to get "[('no', 'Sundet')]"
utility_to_osm - WARNING - ssr:stedsnr = 471590 has multiple (2) positions, using the first one!
utility_to_osm - WARNING - ssr:stedsnr = 357653 has multiple (2) positions, using the first one!
utility_to_osm - WARNING - ssr:stedsnr = 476537: No priority spelling found for lang = no, using alt_name to get "[('no', 'Dalegarden')]"
utility_to_osm - WARNING - ssr:stedsnr = 476641: No priority spelling found for lang = no, using alt_name to get "[('no', 'Søre Soterudtjennet')]"
utility_to_osm - WARNING - ssr:stedsnr = 476641 has multiple (2) positions, using the first one!
utility_to_osm - WARNING - ssr:stedsnr = 476769: No priority spelling found for lang = no, using alt_name to get "[('no', 'Øvre Nipetovatnet')]"
utility_to_osm - WARNING - ssr:stedsnr = 476777: No priority spelling found for lang = no, using alt_name to get "[('no', 'Nord-Garder')]"
utility_to_osm - WARNING - ssr:stedsnr = 476744: No priority spelling found for lang = no, using alt_name to get "[('no', 'Krokstulelva')]"
utility_to_osm - WARNING - ssr:stedsnr = 476744 has multiple (3) positions, using the first one!
utility_to_osm - WARNING - ssr:stedsnr = 478085 has multiple (3) positions, using the first one!
utility_to_osm - WARNING - ssr:stedsnr = 478244 has multiple (2) positions, using the first one!
utility_to_osm - WARNING - ssr:stedsnr = 366578 has multiple (116) positions, using the first one!
utility_to_osm - WARNING - ssr:stedsnr = 367616: No priority spelling found for lang = no, using alt_name to get "[('no', 'Flesebekk-ble')]"
utility_to_osm - WARNING - ssr:stedsnr = 367571: No priority spelling found for lang = no, using alt_name to get "[('no', 'Bjørhovden')]"
utility_to_osm - WARNING - ssr:stedsnr = 367571 has multiple (3) positions, using the first one!
utility_to_osm - WARNING - ssr:stedsnr = 367673 has multiple (3) positions, using the first one!
utility_to_osm - WARNING - ssr:stedsnr = 368032 has multiple (2) positions, using the first one!
utility_to_osm - WARNING - ssr:stedsnr = 368033: No priority spelling found for lang = no, using alt_name to get "[('no', 'Tullegard')]"
utility_to_osm - WARNING - ssr:stedsnr = 368036: No priority spelling found for lang = no, using alt_name to get "[('no', 'Livlandsetra')]"
utility_to_osm - WARNING - ssr:stedsnr = 368036 has multiple (2) positions, using the first one!
utility_to_osm - WARNING - ssr:stedsnr = 368049 has multiple (2) positions, using the first one!
utility_to_osm - WARNING - ssr:stedsnr = 368224: No priority spelling found for lang = no, using alt_name to get "[('no', 'Kleivjorden')]"
utility_to_osm - WARNING - ssr:stedsnr = 368375: No priority spelling found for lang = no, using alt_name to get "[('no', 'Tukutjennet')]"
utility_to_osm - WARNING - ssr:stedsnr = 368383: No priority spelling found for lang = no, using alt_name to get "[('no', 'Botnantjennet')]"
utility_to_osm - WARNING - ssr:stedsnr = 368580 has multiple (4) positions, using the first one!
utility_to_osm - WARNING - ssr:stedsnr = 368582 has multiple (2) positions, using the first one!
utility_to_osm - WARNING - ssr:stedsnr = 368633 has multiple (2) positions, using the first one!
utility_to_osm - WARNING - ssr:stedsnr = 368674 has multiple (2) positions, using the first one!
utility_to_osm - WARNING - ssr:stedsnr = 368675 has multiple (2) positions, using the first one!
utility_to_osm - WARNING - ssr:stedsnr = 368933 has multiple (3) positions, using the first one!
utility_to_osm - WARNING - ssr:stedsnr = 479117: No priority spelling found for lang = no, using alt_name to get "[('no', 'Bokketræet')]"
utility_to_osm - ERROR - ssr:stedsnr = 479117. No positions found, skipping
utility_to_osm - ERROR - ssr:stedsnr = 479120. No positions found, skipping
utility_to_osm - WARNING - ssr:stedsnr = 479397: No priority spelling found for lang = no, using alt_name to get "[('no', 'Nørdre Krokvatnet')]"
utility_to_osm - ERROR - ssr:stedsnr = 483102. No positions found, skipping
utility_to_osm - WARNING - ssr:stedsnr = 483873 has multiple (2) positions, using the first one!
utility_to_osm - WARNING - ssr:stedsnr = 404305 has multiple (2) positions, using the first one!
utility_to_osm - WARNING - ssr:stedsnr = 415102: No priority spelling found for lang = no, using alt_name to get "[('no', 'Grøtebuelva')]"
utility_to_osm - WARNING - ssr:stedsnr = 415102 has multiple (4) positions, using the first one!
utility_to_osm - WARNING - ssr:stedsnr = 416629: No priority spelling found for lang = no, using alt_name to get "[('no', 'Mellom-Ramnås')]"
utility_to_osm - WARNING - ssr:stedsnr = 488630: No priority spelling found for lang = no, using alt_name to get "[('no', 'Tronrudtjenn')]"
utility_to_osm - WARNING - ssr:stedsnr = 488851 has multiple (3) positions, using the first one!
utility_to_osm - WARNING - ssr:stedsnr = 489035 has multiple (2) positions, using the first one!
utility_to_osm - WARNING - ssr:stedsnr = 489126: No priority spelling found for lang = no, using alt_name to get "[('no', 'Gårdås')]"
utility_to_osm - WARNING - ssr:stedsnr = 489063: No priority spelling found for lang = no, using alt_name to get "[('no', 'Maugerudnatten')]"
utility_to_osm - WARNING - ssr:stedsnr = 489063 has multiple (2) positions, using the first one!
utility_to_osm - WARNING - ssr:stedsnr = 489164: No priority spelling found for lang = no, using alt_name to get "[('no', 'Bjørkesettjennet')]"
utility_to_osm - WARNING - ssr:stedsnr = 489164 has multiple (2) positions, using the first one!
utility_to_osm - WARNING - ssr:stedsnr = 489264: No priority spelling found for lang = no, using alt_name to get "[('no', 'Nord-Juveli')]"
utility_to_osm - WARNING - ssr:stedsnr = 489264 has multiple (3) positions, using the first one!
utility_to_osm - WARNING - ssr:stedsnr = 489272: No priority spelling found for lang = no, using alt_name to get "[('no', 'Øvre Vatnebrynn')]"
utility_to_osm - WARNING - ssr:stedsnr = 489272 has multiple (3) positions, using the first one!
utility_to_osm - WARNING - ssr:stedsnr = 489280 has multiple (2) positions, using the first one!
utility_to_osm - WARNING - ssr:stedsnr = 489333 has multiple (2) positions, using the first one!
utility_to_osm - WARNING - ssr:stedsnr = 489563: No priority spelling found for lang = no, using alt_name to get "[('no', 'Krokvassløkin')]"
utility_to_osm - WARNING - ssr:stedsnr = 489563 has multiple (9) positions, using the first one!
utility_to_osm - WARNING - ssr:stedsnr = 489568: No priority spelling found for lang = no, using alt_name to get "[('no', 'Mojarshagan')]"
utility_to_osm - WARNING - ssr:stedsnr = 489568 has multiple (2) positions, using the first one!
utility_to_osm - WARNING - ssr:stedsnr = 489574: No priority spelling found for lang = no, using alt_name to get "[('no', 'Langevatnet')]"
utility_to_osm - WARNING - ssr:stedsnr = 489624: No priority spelling found for lang = no, using alt_name to get "[('no', 'Rambergelva')]"
utility_to_osm - WARNING - ssr:stedsnr = 489624 has multiple (5) positions, using the first one!
utility_to_osm - WARNING - ssr:stedsnr = 489699: No priority spelling found for lang = no, using alt_name to get "[('no', 'Trytetjennkollen')]"
utility_to_osm - WARNING - ssr:stedsnr = 489712 has multiple (4) positions, using the first one!
utility_to_osm - WARNING - ssr:stedsnr = 489716 has multiple (2) positions, using the first one!
utility_to_osm - WARNING - ssr:stedsnr = 489874 has multiple (2) positions, using the first one!
utility_to_osm - WARNING - ssr:stedsnr = 490006: No priority spelling found for lang = no, using alt_name to get "[('no', 'Horgesetervatna')]"
utility_to_osm - WARNING - ssr:stedsnr = 428002: No priority spelling found for lang = no, using alt_name to get "[('no', 'Revlivatna')]"
utility_to_osm - WARNING - ssr:stedsnr = 428003 has multiple (2) positions, using the first one!
utility_to_osm - WARNING - ssr:stedsnr = 428006: No priority spelling found for lang = no, using alt_name to get "[('no', 'Øystul')]"
utility_to_osm - WARNING - ssr:stedsnr = 428009: No priority spelling found for lang = no, using alt_name to get "[('no', 'Jutultjenn')]"
utility_to_osm - WARNING - ssr:stedsnr = 428009 has multiple (2) positions, using the first one!
utility_to_osm - WARNING - ssr:stedsnr = 428402: No priority spelling found for lang = no, using alt_name to get "[('no', 'Fukstjenn'), ('no', 'Konningetjenn')]"
utility_to_osm - ERROR - ssr:stedsnr = 428402: Adding multiple names to name tag, this is not OK! name = "Fukstjenn;Konningetjenn"
utility_to_osm - WARNING - ssr:stedsnr = 428403: No priority spelling found for lang = no, using alt_name to get "[('no', 'Sandbakkmyra')]"
utility_to_osm - WARNING - ssr:stedsnr = 428403 has multiple (2) positions, using the first one!
utility_to_osm - WARNING - ssr:stedsnr = 428519 has multiple (2) positions, using the first one!
utility_to_osm - WARNING - ssr:stedsnr = 428915: No priority spelling found for lang = no, using alt_name to get "[('no', 'Løstadsetra')]"
utility_to_osm - WARNING - ssr:stedsnr = 428915 has multiple (2) positions, using the first one!
utility_to_osm - WARNING - ssr:stedsnr = 490752 has multiple (3) positions, using the first one!
utility_to_osm - WARNING - ssr:stedsnr = 429063: No priority spelling found for lang = no, using alt_name to get "[('no', 'Øvre Bringetjennet')]"
utility_to_osm - WARNING - ssr:stedsnr = 429106: No priority spelling found for lang = no, using alt_name to get "[('no', 'Tvangsetra')]"
utility_to_osm - WARNING - ssr:stedsnr = 429106 has multiple (2) positions, using the first one!
utility_to_osm - WARNING - ssr:stedsnr = 429181: No priority spelling found for lang = no, using alt_name to get "[('no', 'Nedre Bekkjorden')]"
utility_to_osm - WARNING - ssr:stedsnr = 429181 has multiple (2) positions, using the first one!
utility_to_osm - WARNING - ssr:stedsnr = 429612: No priority spelling found for lang = no, using alt_name to get "[('no', 'Dei store myran')]"
utility_to_osm - WARNING - ssr:stedsnr = 429612 has multiple (5) positions, using the first one!
utility_to_osm - WARNING - ssr:stedsnr = 429824: No priority spelling found for lang = no, using alt_name to get "[('no', 'Lyubekktangen'), ('no', 'Lybekk')]"
utility_to_osm - ERROR - ssr:stedsnr = 429824: Adding multiple names to name tag, this is not OK! name = "Lyubekktangen;Lybekk"
utility_to_osm - WARNING - ssr:stedsnr = 429908: No priority spelling found for lang = no, using alt_name to get "[('no', 'Nørdre Åslandsetra')]"
utility_to_osm - WARNING - ssr:stedsnr = 429908 has multiple (2) positions, using the first one!
utility_to_osm - WARNING - ssr:stedsnr = 671065: No priority spelling found for lang = no, using alt_name to get "[('no', 'Høymyr')]"
utility_to_osm - WARNING - ssr:stedsnr = 671173 has multiple (3) positions, using the first one!
utility_to_osm - WARNING - ssr:stedsnr = 449316 has multiple (3) positions, using the first one!
utility_to_osm - WARNING - ssr:stedsnr = 671158 has multiple (2) positions, using the first one!
utility_to_osm - WARNING - ssr:stedsnr = 671230: No priority spelling found for lang = no, using alt_name to get "[('no', 'Søre Juveli')]"
utility_to_osm - WARNING - ssr:stedsnr = 671230 has multiple (2) positions, using the first one!
utility_to_osm - WARNING - ssr:stedsnr = 671247 has multiple (2) positions, using the first one!
utility_to_osm - WARNING - ssr:stedsnr = 671330 has multiple (2) positions, using the first one!
utility_to_osm - WARNING - ssr:stedsnr = 671355: No priority spelling found for lang = no, using alt_name to get "[('no', 'Geitnesåsen')]"
utility_to_osm - WARNING - ssr:stedsnr = 671731 has multiple (2) positions, using the first one!
utility_to_osm - WARNING - ssr:stedsnr = 671892: No priority spelling found for lang = no, using alt_name to get "[('no', 'Åslandsetra')]"
utility_to_osm - WARNING - ssr:stedsnr = 671892 has multiple (2) positions, using the first one!
utility_to_osm - WARNING - ssr:stedsnr = 671970: No priority spelling found for lang = no, using alt_name to get "[('no', 'Lindbuaksla')]"
utility_to_osm - WARNING - ssr:stedsnr = 671979 has multiple (2) positions, using the first one!
utility_to_osm - WARNING - ssr:stedsnr = 671981: No priority spelling found for lang = no, using alt_name to get "[('no', 'Kløvnattseterdalen')]"
utility_to_osm - WARNING - ssr:stedsnr = 671981 has multiple (2) positions, using the first one!
utility_to_osm - WARNING - ssr:stedsnr = 672937: No priority spelling found for lang = no, using alt_name to get "[('no', 'Bergsseterbekken')]"
utility_to_osm - WARNING - ssr:stedsnr = 672937 has multiple (5) positions, using the first one!
utility_to_osm - WARNING - ssr:stedsnr = 476657: No priority spelling found for lang = no, using alt_name to get "[('no', 'Tronrud')]"
utility_to_osm - WARNING - ssr:stedsnr = 476657 has multiple (3) positions, using the first one!
utility_to_osm - WARNING - ssr:stedsnr = 477103: No priority spelling found for lang = no, using alt_name to get "[('no', 'Strandeelva')]"
utility_to_osm - WARNING - ssr:stedsnr = 477103 has multiple (2) positions, using the first one!
utility_to_osm - WARNING - ssr:stedsnr = 477613: No priority spelling found for lang = no, using alt_name to get "[('no', 'Søre Gårdås')]"
utility_to_osm - WARNING - ssr:stedsnr = 481080: No priority spelling found for lang = no, using alt_name to get "[('no', 'Brøttet')]"
utility_to_osm - ERROR - ssr:stedsnr = 481080. No positions found, skipping
utility_to_osm - WARNING - ssr:stedsnr = 489120: No priority spelling found for lang = no, using alt_name to get "[('no', 'Sandvassetra')]"
utility_to_osm - WARNING - ssr:stedsnr = 489120 has multiple (2) positions, using the first one!
utility_to_osm - WARNING - ssr:stedsnr = 489009: No priority spelling found for lang = no, using alt_name to get "[('no', 'Juvelisetra')]"
utility_to_osm - WARNING - ssr:stedsnr = 489009 has multiple (2) positions, using the first one!
utility_to_osm - WARNING - ssr:stedsnr = 489042: No priority spelling found for lang = no, using alt_name to get "[('no', 'Hånevatnet')]"
utility_to_osm - WARNING - ssr:stedsnr = 489044: No priority spelling found for lang = no, using alt_name to get "[('no', 'Krokstul')]"
utility_to_osm - WARNING - ssr:stedsnr = 489044 has multiple (2) positions, using the first one!
utility_to_osm - WARNING - ssr:stedsnr = 489091 has multiple (2) positions, using the first one!
utility_to_osm - WARNING - ssr:stedsnr = 489342: No priority spelling found for lang = no, using alt_name to get "[('no', 'Nedre Aurehølen')]"
utility_to_osm - WARNING - ssr:stedsnr = 489342 has multiple (2) positions, using the first one!
utility_to_osm - WARNING - ssr:stedsnr = 489606 has multiple (3) positions, using the first one!
utility_to_osm - WARNING - ssr:stedsnr = 489596 has multiple (6) positions, using the first one!
utility_to_osm - WARNING - ssr:stedsnr = 489745: No priority spelling found for lang = no, using alt_name to get "[('no', 'Åklitjønnan'), ('no', 'Åklivatna')]"
utility_to_osm - ERROR - ssr:stedsnr = 489745: Adding multiple names to name tag, this is not OK! name = "Åklitjønnan;Åklivatna"
utility_to_osm - WARNING - ssr:stedsnr = 489745 has multiple (5) positions, using the first one!
utility_to_osm - WARNING - ssr:stedsnr = 489908: No priority spelling found for lang = no, using alt_name to get "[('no', 'Gampedalsvatna')]"
utility_to_osm - WARNING - ssr:stedsnr = 490118: No priority spelling found for lang = no, using alt_name to get "[('no', 'Gårdåssetra')]"
utility_to_osm - WARNING - ssr:stedsnr = 490118 has multiple (3) positions, using the first one!
utility_to_osm - WARNING - ssr:stedsnr = 490120: No priority spelling found for lang = no, using alt_name to get "[('no', 'Væråssetra')]"
utility_to_osm - WARNING - ssr:stedsnr = 490120 has multiple (3) positions, using the first one!
utility_to_osm - WARNING - ssr:stedsnr = 490124 has multiple (2) positions, using the first one!
utility_to_osm - WARNING - ssr:stedsnr = 490927: No priority spelling found for lang = no, using alt_name to get "[('no', 'Eivindsetertjenn')]"
utility_to_osm - WARNING - ssr:stedsnr = 490927 has multiple (2) positions, using the first one!
utility_to_osm - WARNING - ssr:stedsnr = 527676: No priority spelling found for lang = no, using alt_name to get "[('no', 'Kristenbråtån'), ('no', 'Bråtån')]"
utility_to_osm - ERROR - ssr:stedsnr = 527676: Adding multiple names to name tag, this is not OK! name = "Kristenbråtån;Bråtån"
utility_to_osm - WARNING - ssr:stedsnr = 527676 has multiple (2) positions, using the first one!
utility_to_osm - WARNING - ssr:stedsnr = 537218: No priority spelling found for lang = no, using alt_name to get "[('no', 'Mellom-Juveli')]"
utility_to_osm - WARNING - ssr:stedsnr = 538416: No priority spelling found for lang = no, using alt_name to get "[('no', 'Søre Lislelia')]"
utility_to_osm - WARNING - ssr:stedsnr = 538418: No priority spelling found for lang = no, using alt_name to get "[('no', 'Øvre Linås')]"
utility_to_osm - WARNING - ssr:stedsnr = 542074: No priority spelling found for lang = no, using alt_name to get "[('no', 'Skarva')]"
utility_to_osm - ERROR - ssr:stedsnr = 542074. No positions found, skipping
utility_to_osm - WARNING - ssr:stedsnr = 549106 has multiple (2) positions, using the first one!
utility_to_osm - WARNING - ssr:stedsnr = 549003 has multiple (2) positions, using the first one!
utility_to_osm - WARNING - ssr:stedsnr = 550102: No priority spelling found for lang = no, using alt_name to get "[('no', 'Turtreåsen')]"
utility_to_osm - WARNING - ssr:stedsnr = 550102 has multiple (2) positions, using the first one!
utility_to_osm - WARNING - ssr:stedsnr = 550105: No priority spelling found for lang = no, using alt_name to get "[('no', 'Fagerfjell')]"
utility_to_osm - WARNING - ssr:stedsnr = 550105 has multiple (2) positions, using the first one!
utility_to_osm - WARNING - ssr:stedsnr = 550121: No priority spelling found for lang = no, using alt_name to get "[('no', 'Gårdåstjennet')]"
utility_to_osm - WARNING - ssr:stedsnr = 550121 has multiple (2) positions, using the first one!
utility_to_osm - WARNING - ssr:stedsnr = 550247: No priority spelling found for lang = no, using alt_name to get "[('no', 'Juvenes')]"
utility_to_osm - WARNING - ssr:stedsnr = 550498 has multiple (3) positions, using the first one!
utility_to_osm - WARNING - ssr:stedsnr = 550500 has multiple (2) positions, using the first one!
utility_to_osm - WARNING - ssr:stedsnr = 550606: No priority spelling found for lang = no, using alt_name to get "[('no', 'Seteråsen')]"
utility_to_osm - WARNING - ssr:stedsnr = 550606 has multiple (2) positions, using the first one!
utility_to_osm - WARNING - ssr:stedsnr = 550610: No priority spelling found for lang = no, using alt_name to get "[('no', 'Flagåsen')]"
utility_to_osm - WARNING - ssr:stedsnr = 550610 has multiple (2) positions, using the first one!
utility_to_osm - WARNING - ssr:stedsnr = 569916: No priority spelling found for lang = no, using alt_name to get "[('no', 'Hovenga'), ('no', 'Masovnen')]"
utility_to_osm - ERROR - ssr:stedsnr = 569916: Adding multiple names to name tag, this is not OK! name = "Hovenga;Masovnen"
utility_to_osm - WARNING - ssr:stedsnr = 598360: No priority spelling found for lang = no, using alt_name to get "[('no', 'Lislia')]"
utility_to_osm - WARNING - ssr:stedsnr = 610209 has multiple (2) positions, using the first one!
utility_to_osm - WARNING - ssr:stedsnr = 610217: No priority spelling found for lang = no, using alt_name to get "[('no', 'Kallerudhaugplasstjennet')]"
utility_to_osm - WARNING - ssr:stedsnr = 610234: No priority spelling found for lang = no, using alt_name to get "[('no', 'Øvre Teigen')]"
utility_to_osm - WARNING - ssr:stedsnr = 610484 has multiple (5) positions, using the first one!
utility_to_osm - WARNING - ssr:stedsnr = 610610: No priority spelling found for lang = no, using alt_name to get "[('no', 'Sjutjennmyra')]"
utility_to_osm - WARNING - ssr:stedsnr = 610631 has multiple (4) positions, using the first one!
utility_to_osm - WARNING - ssr:stedsnr = 610583 has multiple (2) positions, using the first one!
utility_to_osm - WARNING - ssr:stedsnr = 610587: No priority spelling found for lang = no, using alt_name to get "[('no', 'Søre Øyvatnet')]"
utility_to_osm - WARNING - ssr:stedsnr = 610588: No priority spelling found for lang = no, using alt_name to get "[('no', 'Gutterudsetra')]"
utility_to_osm - WARNING - ssr:stedsnr = 610716 has multiple (3) positions, using the first one!
utility_to_osm - WARNING - ssr:stedsnr = 610904 has multiple (2) positions, using the first one!
utility_to_osm - WARNING - ssr:stedsnr = 610979 has multiple (2) positions, using the first one!
utility_to_osm - WARNING - ssr:stedsnr = 611107 has multiple (2) positions, using the first one!
utility_to_osm - WARNING - ssr:stedsnr = 611751: No priority spelling found for lang = no, using alt_name to get "[('no', 'Nilssonplassen')]"
utility_to_osm - WARNING - ssr:stedsnr = 611751 has multiple (2) positions, using the first one!
utility_to_osm - WARNING - ssr:stedsnr = 618908: No priority spelling found for lang = no, using alt_name to get "[('no', 'Seteråsen')]"
utility_to_osm - WARNING - ssr:stedsnr = 705004: No priority spelling found for lang = no, using alt_name to get "[('no', 'Gunnerud')]"
utility_to_osm - WARNING - ssr:stedsnr = 658211: No priority spelling found for lang = no, using alt_name to get "[('no', 'Øvre Dakkin')]"
utility_to_osm - WARNING - ssr:stedsnr = 658211 has multiple (3) positions, using the first one!
utility_to_osm - WARNING - ssr:stedsnr = 658433: No priority spelling found for lang = no, using alt_name to get "[('no', 'Stuvstad')]"
utility_to_osm - WARNING - ssr:stedsnr = 658688: No priority spelling found for lang = no, using alt_name to get "[('no', 'Søre Primskott'), ('no', 'Nørdre Langeid')]"
utility_to_osm - ERROR - ssr:stedsnr = 658688: Adding multiple names to name tag, this is not OK! name = "Søre Primskott;Nørdre Langeid"
utility_to_osm - WARNING - ssr:stedsnr = 659581: No priority spelling found for lang = no, using alt_name to get "[('no', 'Ramnskardsjuvet')]"
utility_to_osm - WARNING - ssr:stedsnr = 663708 has multiple (4) positions, using the first one!
utility_to_osm - WARNING - ssr:stedsnr = 671011: No priority spelling found for lang = no, using alt_name to get "[('no', 'Jutulflaget')]"
utility_to_osm - WARNING - ssr:stedsnr = 671011 has multiple (2) positions, using the first one!
utility_to_osm - WARNING - ssr:stedsnr = 671022: No priority spelling found for lang = no, using alt_name to get "[('no', 'Juvevatnet')]"
utility_to_osm - WARNING - ssr:stedsnr = 671025: No priority spelling found for lang = no, using alt_name to get "[('no', 'Geiteryggen')]"
utility_to_osm - WARNING - ssr:stedsnr = 671025 has multiple (3) positions, using the first one!
utility_to_osm - WARNING - ssr:stedsnr = 671027 has multiple (2) positions, using the first one!
utility_to_osm - WARNING - ssr:stedsnr = 671817: No priority spelling found for lang = no, using alt_name to get "[('no', 'Marketjenn')]"
utility_to_osm - WARNING - ssr:stedsnr = 671920: No priority spelling found for lang = no, using alt_name to get "[('no', 'Ramnås')]"
utility_to_osm - ERROR - ssr:stedsnr = 672106: Adding multiple names to name tag, this is not OK! name = "Væråsnuten;Nutdalsrinden"
utility_to_osm - WARNING - ssr:stedsnr = 714515: No priority spelling found for lang = no, using alt_name to get "[('no', 'Garder')]"
utility_to_osm - WARNING - ssr:stedsnr = 719666: No priority spelling found for lang = no, using alt_name to get "[('no', 'Vesle Kjevatnet')]"
utility_to_osm - WARNING - ssr:stedsnr = 720326: No priority spelling found for lang = no, using alt_name to get "[('no', 'Søre Bakkan')]"
utility_to_osm - WARNING - ssr:stedsnr = 720326 has multiple (2) positions, using the first one!
utility_to_osm - WARNING - ssr:stedsnr = 721026: No priority spelling found for lang = no, using alt_name to get "[('no', 'Plassetjennet'), ('no', 'Bringetjenn')]"
utility_to_osm - ERROR - ssr:stedsnr = 721026: Adding multiple names to name tag, this is not OK! name = "Plassetjennet;Bringetjenn"
utility_to_osm - WARNING - ssr:stedsnr = 721026 has multiple (2) positions, using the first one!
utility_to_osm - WARNING - ssr:stedsnr = 720975: No priority spelling found for lang = no, using alt_name to get "[('no', 'Tonmyrbekken')]"
utility_to_osm - WARNING - ssr:stedsnr = 725906: No priority spelling found for lang = no, using alt_name to get "[('no', 'Bekkjordsplasshøgda')]"
utility_to_osm - WARNING - ssr:stedsnr = 725916: No priority spelling found for lang = no, using alt_name to get "[('no', 'Geitnessteinen')]"
utility_to_osm - WARNING - ssr:stedsnr = 732020: No priority spelling found for lang = no, using alt_name to get "[('no', 'Bliasetra')]"
utility_to_osm - WARNING - ssr:stedsnr = 732020 has multiple (2) positions, using the first one!
utility_to_osm - WARNING - ssr:stedsnr = 732021: No priority spelling found for lang = no, using alt_name to get "[('no', 'Bellbakksetra')]"
utility_to_osm - WARNING - ssr:stedsnr = 732021 has multiple (2) positions, using the first one!
utility_to_osm - WARNING - ssr:stedsnr = 732058 has multiple (2) positions, using the first one!
utility_to_osm - WARNING - ssr:stedsnr = 732113 has multiple (2) positions, using the first one!
utility_to_osm - WARNING - ssr:stedsnr = 732116: No priority spelling found for lang = no, using alt_name to get "[('no', 'Løstad')]"
utility_to_osm - WARNING - ssr:stedsnr = 732123 has multiple (3) positions, using the first one!
utility_to_osm - WARNING - ssr:stedsnr = 732249: No priority spelling found for lang = no, using alt_name to get "[('no', 'Kampestadsetra')]"
utility_to_osm - WARNING - ssr:stedsnr = 732254: No priority spelling found for lang = no, using alt_name to get "[('no', 'Nedre Granstugo')]"
utility_to_osm - WARNING - ssr:stedsnr = 732254 has multiple (5) positions, using the first one!
utility_to_osm - WARNING - ssr:stedsnr = 732299 has multiple (3) positions, using the first one!
utility_to_osm - WARNING - ssr:stedsnr = 732702 has multiple (4) positions, using the first one!
utility_to_osm - WARNING - ssr:stedsnr = 732903 has multiple (3) positions, using the first one!
utility_to_osm - WARNING - ssr:stedsnr = 732919: No priority spelling found for lang = no, using alt_name to get "[('no', 'Åslandsetra')]"
utility_to_osm - WARNING - ssr:stedsnr = 732919 has multiple (2) positions, using the first one!
utility_to_osm - WARNING - ssr:stedsnr = 732892: No priority spelling found for lang = no, using alt_name to get "[('no', 'Tveitsetra')]"
utility_to_osm - WARNING - ssr:stedsnr = 732892 has multiple (2) positions, using the first one!
utility_to_osm - WARNING - ssr:stedsnr = 732991 has multiple (2) positions, using the first one!
utility_to_osm - WARNING - ssr:stedsnr = 732999 has multiple (3) positions, using the first one!
utility_to_osm - WARNING - ssr:stedsnr = 902383: No priority spelling found for lang = no, using alt_name to get "[('no', 'Nord-Førle')]"
utility_to_osm - WARNING - ssr:stedsnr = 902680 has multiple (2) positions, using the first one!
utility_to_osm - WARNING - ssr:stedsnr = 906125: No priority spelling found for lang = no, using alt_name to get "[('no', 'Øvre Annebu')]"
utility_to_osm - WARNING - ssr:stedsnr = 907068: No priority spelling found for lang = no, using alt_name to get "[('no', 'Nordhagan')]"
utility_to_osm - ERROR - ssr:stedsnr = 907068. No positions found, skipping
utility_to_osm - WARNING - ssr:stedsnr = 907483 has multiple (2) positions, using the first one!
utility_to_osm - WARNING - ssr:stedsnr = 908512 has multiple (2) positions, using the first one!
utility_to_osm - WARNING - ssr:stedsnr = 779655: No priority spelling found for lang = no, using alt_name to get "[('no', 'Nørdre Soterudtjennet')]"
utility_to_osm - WARNING - ssr:stedsnr = 782700 has multiple (2) positions, using the first one!
utility_to_osm - ERROR - ssr:stedsnr = 785066. No positions found, skipping
utility_to_osm - WARNING - ssr:stedsnr = 785786 has multiple (3) positions, using the first one!
utility_to_osm - WARNING - ssr:stedsnr = 792009: No priority spelling found for lang = no, using alt_name to get "[('no', 'Tinnhovd')]"
utility_to_osm - WARNING - ssr:stedsnr = 792009 has multiple (2) positions, using the first one!
utility_to_osm - WARNING - ssr:stedsnr = 792012 has multiple (2) positions, using the first one!
utility_to_osm - WARNING - ssr:stedsnr = 792032: No priority spelling found for lang = no, using alt_name to get "[('no', 'Beretsbua')]"
utility_to_osm - WARNING - ssr:stedsnr = 792032 has multiple (2) positions, using the first one!
utility_to_osm - WARNING - ssr:stedsnr = 792106: No priority spelling found for lang = no, using alt_name to get "[('no', 'Huslendbekken')]"
utility_to_osm - WARNING - ssr:stedsnr = 792106 has multiple (3) positions, using the first one!
utility_to_osm - WARNING - ssr:stedsnr = 792351: No priority spelling found for lang = no, using alt_name to get "[('no', 'Med-Teksle')]"
utility_to_osm - WARNING - ssr:stedsnr = 792684: No priority spelling found for lang = no, using alt_name to get "[('no', 'Stigerhølen')]"
utility_to_osm - WARNING - ssr:stedsnr = 792684 has multiple (2) positions, using the first one!
utility_to_osm - WARNING - ssr:stedsnr = 792688: No priority spelling found for lang = no, using alt_name to get "[('no', 'Uverudfjell')]"
utility_to_osm - WARNING - ssr:stedsnr = 792688 has multiple (3) positions, using the first one!
utility_to_osm - WARNING - ssr:stedsnr = 792904: No priority spelling found for lang = no, using alt_name to get "[('no', 'Kopangen')]"
utility_to_osm - WARNING - ssr:stedsnr = 792908 has multiple (2) positions, using the first one!
utility_to_osm - WARNING - ssr:stedsnr = 793147 has multiple (3) positions, using the first one!
utility_to_osm - WARNING - ssr:stedsnr = 793223: No priority spelling found for lang = no, using alt_name to get "[('no', 'Evjutjenna')]"
utility_to_osm - WARNING - ssr:stedsnr = 793224: No priority spelling found for lang = no, using alt_name to get "[('no', 'Rebberud')]"
utility_to_osm - WARNING - ssr:stedsnr = 793625 has multiple (2) positions, using the first one!
utility_to_osm - WARNING - ssr:stedsnr = 793672: No priority spelling found for lang = no, using alt_name to get "[('no', 'Gunnulvsbunatten')]"
utility_to_osm - WARNING - ssr:stedsnr = 793672 has multiple (2) positions, using the first one!
utility_to_osm - WARNING - ssr:stedsnr = 793673: No priority spelling found for lang = no, using alt_name to get "[('no', 'Fønnset')]"
utility_to_osm - WARNING - ssr:stedsnr = 914019: No priority spelling found for lang = no, using alt_name to get "[('no', 'Søre Granstugo')]"
utility_to_osm - WARNING - ssr:stedsnr = 914019 has multiple (2) positions, using the first one!
utility_to_osm - WARNING - ssr:stedsnr = 914055 has multiple (4) positions, using the first one!
utility_to_osm - WARNING - ssr:stedsnr = 914172: No priority spelling found for lang = no, using alt_name to get "[('no', 'Stuvstadsetra')]"
utility_to_osm - WARNING - ssr:stedsnr = 914240: No priority spelling found for lang = no, using alt_name to get "[('no', 'Søre Bekkjorden')]"
utility_to_osm - WARNING - ssr:stedsnr = 914240 has multiple (3) positions, using the first one!
utility_to_osm - WARNING - ssr:stedsnr = 914243 has multiple (2) positions, using the first one!
utility_to_osm - WARNING - ssr:stedsnr = 914331: No priority spelling found for lang = no, using alt_name to get "[('no', 'Grøterud')]"
utility_to_osm - WARNING - ssr:stedsnr = 914622 has multiple (2) positions, using the first one!
utility_to_osm - WARNING - ssr:stedsnr = 914538 has multiple (3) positions, using the first one!
utility_to_osm - WARNING - ssr:stedsnr = 914784: No priority spelling found for lang = no, using alt_name to get "[('no', 'Gislegardstjennet')]"
utility_to_osm - WARNING - ssr:stedsnr = 914893: No priority spelling found for lang = no, using alt_name to get "[('no', 'Krokvatna')]"
utility_to_osm - WARNING - ssr:stedsnr = 914985 has multiple (2) positions, using the first one!
utility_to_osm - WARNING - ssr:stedsnr = 914830 has multiple (2) positions, using the first one!
utility_to_osm - WARNING - ssr:stedsnr = 840698: No priority spelling found for lang = no, using alt_name to get "[('no', 'Søre Ljøsbuvatnet')]"
utility_to_osm - WARNING - ssr:stedsnr = 848375: No priority spelling found for lang = no, using alt_name to get "[('no', 'Nord-Kjennås')]"
utility_to_osm - WARNING - ssr:stedsnr = 853011: No priority spelling found for lang = no, using alt_name to get "[('no', 'Bekkin')]"
utility_to_osm - WARNING - ssr:stedsnr = 853011 has multiple (2) positions, using the first one!
utility_to_osm - WARNING - ssr:stedsnr = 853621: No priority spelling found for lang = no, using alt_name to get "[('no', 'Gunnulvsbu-ble')]"
utility_to_osm - WARNING - ssr:stedsnr = 853621 has multiple (2) positions, using the first one!
utility_to_osm - WARNING - ssr:stedsnr = 853819: No priority spelling found for lang = no, using alt_name to get "[('no', 'Nysetra')]"
utility_to_osm - WARNING - ssr:stedsnr = 853819 has multiple (3) positions, using the first one!
utility_to_osm - WARNING - ssr:stedsnr = 854059: No priority spelling found for lang = no, using alt_name to get "[('no', 'Lauvhaugtjennet')]"
utility_to_osm - WARNING - ssr:stedsnr = 854061 has multiple (2) positions, using the first one!
utility_to_osm - WARNING - ssr:stedsnr = 854204: No priority spelling found for lang = no, using alt_name to get "[('no', 'Urdretjennet')]"
utility_to_osm - WARNING - ssr:stedsnr = 854602: No priority spelling found for lang = no, using alt_name to get "[('no', 'Haugesjøelva')]"
utility_to_osm - WARNING - ssr:stedsnr = 854602 has multiple (4) positions, using the first one!
utility_to_osm - WARNING - ssr:stedsnr = 901565: No priority spelling found for lang = no, using alt_name to get "[('no', 'Søre Letmolia')]"
utility_to_osm - WARNING - ssr:stedsnr = 901566: No priority spelling found for lang = no, using alt_name to get "[('no', 'Mellom-Letmolia')]"
utility_to_osm - WARNING - ssr:stedsnr = 901502: No priority spelling found for lang = no, using alt_name to get "[('no', 'Nord-Letmolia')]"
utility_to_osm - WARNING - ssr:stedsnr = 902084: No priority spelling found for lang = no, using alt_name to get "[('no', 'Øvre Ransåsen')]"
utility_to_osm - WARNING - ssr:stedsnr = 902624: No priority spelling found for lang = no, using alt_name to get "[('no', 'Tonmyrhaugen')]"
utility_to_osm - WARNING - ssr:stedsnr = 902625: No priority spelling found for lang = no, using alt_name to get "[('no', 'Tonmyra')]"
utility_to_osm - WARNING - ssr:stedsnr = 902625 has multiple (4) positions, using the first one!
utility_to_osm - WARNING - ssr:stedsnr = 902722 has multiple (4) positions, using the first one!
utility_to_osm - WARNING - ssr:stedsnr = 902949: No priority spelling found for lang = no, using alt_name to get "[('no', 'Søre Underberget')]"
utility_to_osm - WARNING - ssr:stedsnr = 903629 has multiple (3) positions, using the first one!
utility_to_osm - WARNING - ssr:stedsnr = 906804 has multiple (3) positions, using the first one!
utility_to_osm - WARNING - ssr:stedsnr = 914119 has multiple (3) positions, using the first one!
utility_to_osm - WARNING - ssr:stedsnr = 914180: No priority spelling found for lang = no, using alt_name to get "[('no', 'Bråtå')]"
utility_to_osm - WARNING - ssr:stedsnr = 914201: No priority spelling found for lang = no, using alt_name to get "[('no', 'Nedre Teigen')]"
utility_to_osm - WARNING - ssr:stedsnr = 914316: No priority spelling found for lang = no, using alt_name to get "[('no', 'Nord-Teksle')]"
utility_to_osm - WARNING - ssr:stedsnr = 914316 has multiple (2) positions, using the first one!
utility_to_osm - WARNING - ssr:stedsnr = 914703: No priority spelling found for lang = no, using alt_name to get "[('no', 'Helliksetra')]"
utility_to_osm - WARNING - ssr:stedsnr = 914703 has multiple (3) positions, using the first one!
utility_to_osm - WARNING - ssr:stedsnr = 914608: No priority spelling found for lang = no, using alt_name to get "[('no', 'Gardersetra')]"
utility_to_osm - WARNING - ssr:stedsnr = 914608 has multiple (2) positions, using the first one!
utility_to_osm - WARNING - ssr:stedsnr = 914904: No priority spelling found for lang = no, using alt_name to get "[('no', 'Tonmyrtjennet')]"
utility_to_osm - WARNING - ssr:stedsnr = 914933: No priority spelling found for lang = no, using alt_name to get "[('no', 'Skjentjenna')]"
utility_to_osm - WARNING - ssr:stedsnr = 914933 has multiple (6) positions, using the first one!
utility_to_osm - WARNING - ssr:stedsnr = 915927: No priority spelling found for lang = no, using alt_name to get "[('no', 'Underbergsetra')]"
utility_to_osm - WARNING - ssr:stedsnr = 915927 has multiple (2) positions, using the first one!
utility_to_osm - WARNING - ssr:stedsnr = 950301 has multiple (2) positions, using the first one!
utility_to_osm - WARNING - ssr:stedsnr = 961715: No priority spelling found for lang = no, using alt_name to get "[('no', 'Store Kjevatnet')]"
utility_to_osm - WARNING - ssr:stedsnr = 962505: No priority spelling found for lang = no, using alt_name to get "[('no', 'Stemningsmogen fritidspark')]"
utility_to_osm - WARNING - ssr:stedsnr = 962509: No priority spelling found for lang = no, using alt_name to get "[('no', 'Moen industriområde')]"
utility_to_osm - WARNING - ssr:stedsnr = 962509 has multiple (2) positions, using the first one!
utility_to_osm - ERROR - ssr:stedsnr = 965118. No positions found, skipping
utility_to_osm - ERROR - invalid name_status = "avslått navnevalg"
utility_to_osm - ERROR - invalid name_status = "avslått navnevalg"
utility_to_osm - ERROR - invalid name_status = "avslått navnevalg"
utility_to_osm - WARNING - ssr:stedsnr = 969244: No priority spelling found for lang = no, using alt_name to get "[('no', 'Mellom-Bekkjorden')]"
utility_to_osm - WARNING - ssr:stedsnr = 3086: No priority spelling found for lang = no, using alt_name to get "[('no', 'Bakkan')]"
utility_to_osm - WARNING - ssr:stedsnr = 3086 has multiple (3) positions, using the first one!
utility_to_osm - WARNING - ssr:stedsnr = 3892: No priority spelling found for lang = no, using alt_name to get "[('no', 'Rundevatnet')]"
utility_to_osm - WARNING - ssr:stedsnr = 3892 has multiple (3) positions, using the first one!
utility_to_osm - WARNING - ssr:stedsnr = 3654: No priority spelling found for lang = no, using alt_name to get "[('no', 'Dørsjø')]"
utility_to_osm - WARNING - ssr:stedsnr = 3654 has multiple (4) positions, using the first one!
utility_to_osm - WARNING - ssr:stedsnr = 3660 has multiple (3) positions, using the first one!
utility_to_osm - WARNING - ssr:stedsnr = 4050: No priority spelling found for lang = no, using alt_name to get "[('no', 'Bringeplassen'), ('no', 'Hagatjenn')]"
utility_to_osm - ERROR - ssr:stedsnr = 4050: Adding multiple names to name tag, this is not OK! name = "Bringeplassen;Hagatjenn"
utility_to_osm - WARNING - ssr:stedsnr = 4228: No priority spelling found for lang = no, using alt_name to get "[('no', 'Nord-Vatnebrynn')]"
utility_to_osm - WARNING - ssr:stedsnr = 4213: No priority spelling found for lang = no, using alt_name to get "[('no', 'Øvre Bekkjorden')]"
utility_to_osm - WARNING - ssr:stedsnr = 4213 has multiple (2) positions, using the first one!
utility_to_osm - WARNING - ssr:stedsnr = 4353 has multiple (2) positions, using the first one!
utility_to_osm - WARNING - ssr:stedsnr = 4358: No priority spelling found for lang = no, using alt_name to get "[('no', 'Tukusetra')]"
utility_to_osm - WARNING - ssr:stedsnr = 4648 has multiple (3) positions, using the first one!
utility_to_osm - WARNING - ssr:stedsnr = 4743: No priority spelling found for lang = no, using alt_name to get "[('no', 'Ramviksetra')]"
utility_to_osm - WARNING - ssr:stedsnr = 4743 has multiple (3) positions, using the first one!
