utility_to_osm - WARNING - ssr:stedsnr = 253580 has multiple (3) positions, using the first one!
utility_to_osm - WARNING - ssr:stedsnr = 10206 has multiple (3) positions, using the first one!
utility_to_osm - WARNING - ssr:stedsnr = 11134 has multiple (3) positions, using the first one!
utility_to_osm - WARNING - ssr:stedsnr = 11135: No priority spelling found for lang = no, using alt_name to get "[('no', 'Raudvika')]"
utility_to_osm - WARNING - ssr:stedsnr = 11674 has multiple (3) positions, using the first one!
utility_to_osm - WARNING - ssr:stedsnr = 11675: No priority spelling found for lang = no, using alt_name to get "[('no', 'Otreskredene')]"
utility_to_osm - WARNING - ssr:stedsnr = 11675 has multiple (2) positions, using the first one!
utility_to_osm - WARNING - ssr:stedsnr = 11682 has multiple (3) positions, using the first one!
utility_to_osm - WARNING - ssr:stedsnr = 11684: No priority spelling found for lang = no, using alt_name to get "[('no', 'Kleivegrynnene')]"
utility_to_osm - WARNING - ssr:stedsnr = 11684 has multiple (2) positions, using the first one!
utility_to_osm - WARNING - ssr:stedsnr = 11814 has multiple (3) positions, using the first one!
utility_to_osm - WARNING - ssr:stedsnr = 11815 has multiple (2) positions, using the first one!
utility_to_osm - WARNING - ssr:stedsnr = 40505: No priority spelling found for lang = no, using alt_name to get "[('no', 'Jøsokstrand')]"
utility_to_osm - ERROR - ssr:stedsnr = 40505. No positions found, skipping
utility_to_osm - ERROR - ssr:stedsnr = 237523. No positions found, skipping
utility_to_osm - WARNING - ssr:stedsnr = 46884: No priority spelling found for lang = no, using alt_name to get "[('no', 'Sætrebrua')]"
utility_to_osm - WARNING - ssr:stedsnr = 239412: No priority spelling found for lang = no, using alt_name to get "[('no', 'Trolldalsvegen')]"
utility_to_osm - ERROR - ssr:stedsnr = 239412. No positions found, skipping
utility_to_osm - WARNING - ssr:stedsnr = 239417: No priority spelling found for lang = no, using alt_name to get "[('no', 'Myrabakken')]"
utility_to_osm - ERROR - ssr:stedsnr = 239417. No positions found, skipping
utility_to_osm - WARNING - ssr:stedsnr = 57390: No priority spelling found for lang = no, using alt_name to get "[('no', 'Nørgardsvegen')]"
utility_to_osm - ERROR - ssr:stedsnr = 57390. No positions found, skipping
utility_to_osm - WARNING - ssr:stedsnr = 71171 has multiple (3) positions, using the first one!
utility_to_osm - WARNING - ssr:stedsnr = 71187 has multiple (2) positions, using the first one!
utility_to_osm - WARNING - ssr:stedsnr = 71577 has multiple (2) positions, using the first one!
utility_to_osm - WARNING - ssr:stedsnr = 71707 has multiple (2) positions, using the first one!
utility_to_osm - WARNING - ssr:stedsnr = 71710 has multiple (2) positions, using the first one!
utility_to_osm - WARNING - ssr:stedsnr = 71672 has multiple (2) positions, using the first one!
utility_to_osm - WARNING - ssr:stedsnr = 71683 has multiple (3) positions, using the first one!
utility_to_osm - WARNING - ssr:stedsnr = 71686 has multiple (4) positions, using the first one!
utility_to_osm - WARNING - ssr:stedsnr = 71921 has multiple (2) positions, using the first one!
utility_to_osm - WARNING - ssr:stedsnr = 72620 has multiple (2) positions, using the first one!
utility_to_osm - WARNING - ssr:stedsnr = 72604 has multiple (3) positions, using the first one!
utility_to_osm - WARNING - ssr:stedsnr = 72567: No priority spelling found for lang = no, using alt_name to get "[('no', 'Nerøya')]"
utility_to_osm - WARNING - ssr:stedsnr = 72571 has multiple (3) positions, using the first one!
utility_to_osm - WARNING - ssr:stedsnr = 72574 has multiple (2) positions, using the first one!
utility_to_osm - WARNING - ssr:stedsnr = 72734 has multiple (3) positions, using the first one!
utility_to_osm - WARNING - ssr:stedsnr = 72967 has multiple (3) positions, using the first one!
utility_to_osm - WARNING - ssr:stedsnr = 90203: No priority spelling found for lang = no, using alt_name to get "[('no', 'Langholmen')]"
utility_to_osm - ERROR - ssr:stedsnr = 100959. No positions found, skipping
utility_to_osm - ERROR - ssr:stedsnr = 100975. No positions found, skipping
utility_to_osm - WARNING - ssr:stedsnr = 101443: No priority spelling found for lang = no, using alt_name to get "[('no', 'Postvegen')]"
utility_to_osm - ERROR - ssr:stedsnr = 101443. No positions found, skipping
utility_to_osm - ERROR - ssr:stedsnr = 101448. No positions found, skipping
utility_to_osm - ERROR - ssr:stedsnr = 101449. No positions found, skipping
utility_to_osm - ERROR - ssr:stedsnr = 101479. No positions found, skipping
utility_to_osm - ERROR - ssr:stedsnr = 101481. No positions found, skipping
utility_to_osm - WARNING - ssr:stedsnr = 131172 has multiple (3) positions, using the first one!
utility_to_osm - WARNING - ssr:stedsnr = 132603 has multiple (2) positions, using the first one!
utility_to_osm - WARNING - ssr:stedsnr = 132605 has multiple (3) positions, using the first one!
utility_to_osm - WARNING - ssr:stedsnr = 132607 has multiple (3) positions, using the first one!
utility_to_osm - WARNING - ssr:stedsnr = 132618 has multiple (2) positions, using the first one!
utility_to_osm - WARNING - ssr:stedsnr = 132623 has multiple (4) positions, using the first one!
utility_to_osm - WARNING - ssr:stedsnr = 132662 has multiple (3) positions, using the first one!
utility_to_osm - WARNING - ssr:stedsnr = 132665: No priority spelling found for lang = no, using alt_name to get "[('no', 'Nørdre Gnubben')]"
utility_to_osm - WARNING - ssr:stedsnr = 132665 has multiple (2) positions, using the first one!
utility_to_osm - WARNING - ssr:stedsnr = 132680 has multiple (3) positions, using the first one!
utility_to_osm - WARNING - ssr:stedsnr = 132973 has multiple (3) positions, using the first one!
utility_to_osm - WARNING - ssr:stedsnr = 133656 has multiple (3) positions, using the first one!
utility_to_osm - WARNING - ssr:stedsnr = 253153 has multiple (3) positions, using the first one!
utility_to_osm - WARNING - ssr:stedsnr = 253184 has multiple (3) positions, using the first one!
utility_to_osm - WARNING - ssr:stedsnr = 253660 has multiple (2) positions, using the first one!
utility_to_osm - WARNING - ssr:stedsnr = 253662 has multiple (3) positions, using the first one!
utility_to_osm - WARNING - ssr:stedsnr = 253584 has multiple (2) positions, using the first one!
utility_to_osm - WARNING - ssr:stedsnr = 253671: No priority spelling found for lang = no, using alt_name to get "[('no', 'Handfangansvika')]"
utility_to_osm - WARNING - ssr:stedsnr = 253671 has multiple (2) positions, using the first one!
utility_to_osm - WARNING - ssr:stedsnr = 253672 has multiple (3) positions, using the first one!
utility_to_osm - WARNING - ssr:stedsnr = 253695 has multiple (2) positions, using the first one!
utility_to_osm - WARNING - ssr:stedsnr = 254560 has multiple (2) positions, using the first one!
utility_to_osm - WARNING - ssr:stedsnr = 254652 has multiple (2) positions, using the first one!
utility_to_osm - WARNING - ssr:stedsnr = 254725 has multiple (2) positions, using the first one!
utility_to_osm - WARNING - ssr:stedsnr = 254957 has multiple (3) positions, using the first one!
utility_to_osm - WARNING - ssr:stedsnr = 176462: No priority spelling found for lang = no, using alt_name to get "[('no', 'Sandevegen')]"
utility_to_osm - ERROR - ssr:stedsnr = 176462. No positions found, skipping
utility_to_osm - WARNING - ssr:stedsnr = 219672: No priority spelling found for lang = no, using alt_name to get "[('no', 'Moltu')]"
utility_to_osm - ERROR - ssr:stedsnr = 222972. No positions found, skipping
utility_to_osm - ERROR - ssr:stedsnr = 222976. No positions found, skipping
utility_to_osm - ERROR - ssr:stedsnr = 222990. No positions found, skipping
utility_to_osm - WARNING - ssr:stedsnr = 455143: No priority spelling found for lang = no, using alt_name to get "[('no', 'Gjertnesbrua')]"
utility_to_osm - WARNING - ssr:stedsnr = 253205: No priority spelling found for lang = no, using alt_name to get "[('no', 'Roskar')]"
utility_to_osm - WARNING - ssr:stedsnr = 253211 has multiple (2) positions, using the first one!
utility_to_osm - WARNING - ssr:stedsnr = 253623 has multiple (2) positions, using the first one!
utility_to_osm - WARNING - ssr:stedsnr = 253627 has multiple (5) positions, using the first one!
utility_to_osm - WARNING - ssr:stedsnr = 253633 has multiple (3) positions, using the first one!
utility_to_osm - WARNING - ssr:stedsnr = 253634 has multiple (2) positions, using the first one!
utility_to_osm - WARNING - ssr:stedsnr = 253650 has multiple (3) positions, using the first one!
utility_to_osm - WARNING - ssr:stedsnr = 253653: No priority spelling found for lang = no, using alt_name to get "[('no', 'Rundafluda')]"
utility_to_osm - WARNING - ssr:stedsnr = 253675 has multiple (3) positions, using the first one!
utility_to_osm - WARNING - ssr:stedsnr = 254109 has multiple (2) positions, using the first one!
utility_to_osm - WARNING - ssr:stedsnr = 254567 has multiple (8) positions, using the first one!
utility_to_osm - ERROR - ssr:stedsnr = 283403. No positions found, skipping
utility_to_osm - ERROR - ssr:stedsnr = 283407. No positions found, skipping
utility_to_osm - WARNING - ssr:stedsnr = 283382: No priority spelling found for lang = no, using alt_name to get "[('no', 'Pegardsvegen')]"
utility_to_osm - WARNING - ssr:stedsnr = 283386: No priority spelling found for lang = no, using alt_name to get "[('no', 'Bruvegen')]"
utility_to_osm - ERROR - ssr:stedsnr = 283386. No positions found, skipping
utility_to_osm - WARNING - ssr:stedsnr = 283389: No priority spelling found for lang = no, using alt_name to get "[('no', 'Hagemannsvegen')]"
utility_to_osm - ERROR - ssr:stedsnr = 283389. No positions found, skipping
utility_to_osm - ERROR - ssr:stedsnr = 283390. No positions found, skipping
utility_to_osm - ERROR - ssr:stedsnr = 298075. No positions found, skipping
utility_to_osm - ERROR - ssr:stedsnr = 298078. No positions found, skipping
utility_to_osm - ERROR - ssr:stedsnr = 300009. No positions found, skipping
utility_to_osm - WARNING - ssr:stedsnr = 300028: No priority spelling found for lang = no, using alt_name to get "[('no', 'Smålegene')]"
utility_to_osm - ERROR - ssr:stedsnr = 300028. No positions found, skipping
utility_to_osm - WARNING - ssr:stedsnr = 465436: No priority spelling found for lang = no, using alt_name to get "[('no', 'Øygardsvegen')]"
utility_to_osm - ERROR - ssr:stedsnr = 465436. No positions found, skipping
utility_to_osm - ERROR - ssr:stedsnr = 464893. No positions found, skipping
utility_to_osm - WARNING - ssr:stedsnr = 314209 has multiple (3) positions, using the first one!
utility_to_osm - WARNING - ssr:stedsnr = 314226 has multiple (3) positions, using the first one!
utility_to_osm - WARNING - ssr:stedsnr = 314622 has multiple (2) positions, using the first one!
utility_to_osm - WARNING - ssr:stedsnr = 314623 has multiple (2) positions, using the first one!
utility_to_osm - ERROR - ssr:stedsnr = 314560: Adding multiple names to name tag, this is not OK! name = "Storeelva;Moltuelva"
utility_to_osm - WARNING - ssr:stedsnr = 314560 has multiple (4) positions, using the first one!
utility_to_osm - WARNING - ssr:stedsnr = 314565 has multiple (3) positions, using the first one!
utility_to_osm - WARNING - ssr:stedsnr = 314566 has multiple (3) positions, using the first one!
utility_to_osm - ERROR - ssr:stedsnr = 343912. No positions found, skipping
utility_to_osm - ERROR - ssr:stedsnr = 343997. No positions found, skipping
utility_to_osm - WARNING - ssr:stedsnr = 348765: No priority spelling found for lang = no, using alt_name to get "[('no', 'Kvalsvikstrandbrua')]"
utility_to_osm - WARNING - ssr:stedsnr = 358513: No priority spelling found for lang = no, using alt_name to get "[('no', 'Solbergvegen')]"
utility_to_osm - ERROR - ssr:stedsnr = 358513. No positions found, skipping
utility_to_osm - WARNING - ssr:stedsnr = 374207 has multiple (3) positions, using the first one!
utility_to_osm - WARNING - ssr:stedsnr = 374147 has multiple (2) positions, using the first one!
utility_to_osm - WARNING - ssr:stedsnr = 374537 has multiple (3) positions, using the first one!
utility_to_osm - WARNING - ssr:stedsnr = 375115 has multiple (3) positions, using the first one!
utility_to_osm - WARNING - ssr:stedsnr = 375135 has multiple (3) positions, using the first one!
utility_to_osm - WARNING - ssr:stedsnr = 375540 has multiple (2) positions, using the first one!
utility_to_osm - WARNING - ssr:stedsnr = 375798 has multiple (3) positions, using the first one!
utility_to_osm - WARNING - ssr:stedsnr = 482431: No priority spelling found for lang = no, using alt_name to get "[('no', 'Øvre Røyra')]"
utility_to_osm - ERROR - ssr:stedsnr = 482431. No positions found, skipping
utility_to_osm - WARNING - ssr:stedsnr = 393234: No priority spelling found for lang = no, using alt_name to get "[('no', 'Moltu')]"
utility_to_osm - ERROR - ssr:stedsnr = 419088. No positions found, skipping
utility_to_osm - ERROR - ssr:stedsnr = 419089. No positions found, skipping
utility_to_osm - WARNING - ssr:stedsnr = 419502: No priority spelling found for lang = no, using alt_name to get "[('no', 'Bakkevegen')]"
utility_to_osm - ERROR - ssr:stedsnr = 419502. No positions found, skipping
utility_to_osm - WARNING - ssr:stedsnr = 419503: No priority spelling found for lang = no, using alt_name to get "[('no', 'Koparstadvegen')]"
utility_to_osm - ERROR - ssr:stedsnr = 419503. No positions found, skipping
utility_to_osm - WARNING - ssr:stedsnr = 422025: No priority spelling found for lang = no, using alt_name to get "[('no', 'Kviehaugen')]"
utility_to_osm - ERROR - ssr:stedsnr = 422025. No positions found, skipping
utility_to_osm - WARNING - ssr:stedsnr = 435202 has multiple (2) positions, using the first one!
utility_to_osm - WARNING - ssr:stedsnr = 435562 has multiple (3) positions, using the first one!
utility_to_osm - WARNING - ssr:stedsnr = 436170 has multiple (2) positions, using the first one!
utility_to_osm - WARNING - ssr:stedsnr = 436613 has multiple (2) positions, using the first one!
utility_to_osm - WARNING - ssr:stedsnr = 436668 has multiple (3) positions, using the first one!
utility_to_osm - ERROR - ssr:stedsnr = 464903. No positions found, skipping
utility_to_osm - ERROR - ssr:stedsnr = 465465. No positions found, skipping
utility_to_osm - ERROR - ssr:stedsnr = 465470. No positions found, skipping
utility_to_osm - ERROR - ssr:stedsnr = 465478. No positions found, skipping
utility_to_osm - ERROR - ssr:stedsnr = 465479. No positions found, skipping
utility_to_osm - WARNING - ssr:stedsnr = 469086: No priority spelling found for lang = no, using alt_name to get "[('no', 'Aurvågtunnelen')]"
utility_to_osm - ERROR - ssr:stedsnr = 469086. No positions found, skipping
utility_to_osm - WARNING - ssr:stedsnr = 272255: No priority spelling found for lang = no, using alt_name to get "[('no', 'Golleneset')]"
utility_to_osm - WARNING - ssr:stedsnr = 272255 has multiple (2) positions, using the first one!
utility_to_osm - WARNING - ssr:stedsnr = 678170 has multiple (2) positions, using the first one!
utility_to_osm - WARNING - ssr:stedsnr = 678598 has multiple (2) positions, using the first one!
utility_to_osm - ERROR - ssr:stedsnr = 482006. No positions found, skipping
utility_to_osm - WARNING - ssr:stedsnr = 678544 has multiple (3) positions, using the first one!
utility_to_osm - WARNING - ssr:stedsnr = 678547 has multiple (3) positions, using the first one!
utility_to_osm - WARNING - ssr:stedsnr = 678551: No priority spelling found for lang = no, using alt_name to get "[('no', 'Moltusteinen')]"
utility_to_osm - WARNING - ssr:stedsnr = 678551 has multiple (2) positions, using the first one!
utility_to_osm - WARNING - ssr:stedsnr = 678564 has multiple (4) positions, using the first one!
utility_to_osm - WARNING - ssr:stedsnr = 678566 has multiple (2) positions, using the first one!
utility_to_osm - WARNING - ssr:stedsnr = 482420: No priority spelling found for lang = no, using alt_name to get "[('no', 'Storenesvegen')]"
utility_to_osm - ERROR - ssr:stedsnr = 482420. No positions found, skipping
utility_to_osm - WARNING - ssr:stedsnr = 482427: No priority spelling found for lang = no, using alt_name to get "[('no', 'Gamlevegen')]"
utility_to_osm - ERROR - ssr:stedsnr = 482427. No positions found, skipping
utility_to_osm - WARNING - ssr:stedsnr = 678628 has multiple (3) positions, using the first one!
utility_to_osm - WARNING - ssr:stedsnr = 678630 has multiple (3) positions, using the first one!
utility_to_osm - WARNING - ssr:stedsnr = 678633 has multiple (3) positions, using the first one!
utility_to_osm - WARNING - ssr:stedsnr = 678658 has multiple (2) positions, using the first one!
utility_to_osm - WARNING - ssr:stedsnr = 678662: No priority spelling found for lang = no, using alt_name to get "[('no', 'Rundabranden')]"
utility_to_osm - WARNING - ssr:stedsnr = 678668: No priority spelling found for lang = no, using alt_name to get "[('no', 'Lisjevatnet')]"
utility_to_osm - WARNING - ssr:stedsnr = 678668 has multiple (3) positions, using the first one!
utility_to_osm - WARNING - ssr:stedsnr = 678843: No priority spelling found for lang = no, using alt_name to get "[('no', 'Lisjeholmen')]"
utility_to_osm - WARNING - ssr:stedsnr = 678843 has multiple (3) positions, using the first one!
utility_to_osm - WARNING - ssr:stedsnr = 678845 has multiple (3) positions, using the first one!
utility_to_osm - WARNING - ssr:stedsnr = 496613 has multiple (2) positions, using the first one!
utility_to_osm - WARNING - ssr:stedsnr = 496618 has multiple (2) positions, using the first one!
utility_to_osm - WARNING - ssr:stedsnr = 496622 has multiple (2) positions, using the first one!
utility_to_osm - WARNING - ssr:stedsnr = 496598 has multiple (3) positions, using the first one!
utility_to_osm - WARNING - ssr:stedsnr = 496601: No priority spelling found for lang = no, using alt_name to get "[('no', 'Klombraneset')]"
utility_to_osm - WARNING - ssr:stedsnr = 496601 has multiple (3) positions, using the first one!
utility_to_osm - WARNING - ssr:stedsnr = 496754 has multiple (3) positions, using the first one!
utility_to_osm - WARNING - ssr:stedsnr = 496650 has multiple (3) positions, using the first one!
utility_to_osm - WARNING - ssr:stedsnr = 496651 has multiple (3) positions, using the first one!
utility_to_osm - WARNING - ssr:stedsnr = 496652: No priority spelling found for lang = no, using alt_name to get "[('no', 'Søre Handfanganet')]"
utility_to_osm - WARNING - ssr:stedsnr = 496652 has multiple (3) positions, using the first one!
utility_to_osm - WARNING - ssr:stedsnr = 496823 has multiple (3) positions, using the first one!
utility_to_osm - WARNING - ssr:stedsnr = 496857 has multiple (2) positions, using the first one!
utility_to_osm - WARNING - ssr:stedsnr = 514271: No priority spelling found for lang = no, using alt_name to get "[('no', 'Måløya')]"
utility_to_osm - ERROR - ssr:stedsnr = 525471. No positions found, skipping
utility_to_osm - ERROR - ssr:stedsnr = 525978. No positions found, skipping
utility_to_osm - ERROR - ssr:stedsnr = 525979. No positions found, skipping
utility_to_osm - WARNING - ssr:stedsnr = 531788: No priority spelling found for lang = no, using alt_name to get "[('no', 'Bergsneskulverten')]"
utility_to_osm - WARNING - ssr:stedsnr = 540525: No priority spelling found for lang = no, using alt_name to get "[('no', 'Kalvegjerdet')]"
utility_to_osm - ERROR - ssr:stedsnr = 540525. No positions found, skipping
utility_to_osm - WARNING - ssr:stedsnr = 556202 has multiple (2) positions, using the first one!
utility_to_osm - WARNING - ssr:stedsnr = 556657 has multiple (3) positions, using the first one!
utility_to_osm - WARNING - ssr:stedsnr = 556661 has multiple (3) positions, using the first one!
utility_to_osm - WARNING - ssr:stedsnr = 556573 has multiple (3) positions, using the first one!
utility_to_osm - WARNING - ssr:stedsnr = 556587 has multiple (2) positions, using the first one!
utility_to_osm - WARNING - ssr:stedsnr = 556705: No priority spelling found for lang = no, using alt_name to get "[('no', 'Vidgrynnskallane')]"
utility_to_osm - WARNING - ssr:stedsnr = 556705 has multiple (2) positions, using the first one!
utility_to_osm - WARNING - ssr:stedsnr = 556708: No priority spelling found for lang = no, using alt_name to get "[('no', 'Sandemannsskallen')]"
utility_to_osm - WARNING - ssr:stedsnr = 556708 has multiple (2) positions, using the first one!
utility_to_osm - WARNING - ssr:stedsnr = 557550 has multiple (2) positions, using the first one!
utility_to_osm - WARNING - ssr:stedsnr = 557554 has multiple (8) positions, using the first one!
utility_to_osm - WARNING - ssr:stedsnr = 557555 has multiple (3) positions, using the first one!
utility_to_osm - WARNING - ssr:stedsnr = 583316 has multiple (2) positions, using the first one!
utility_to_osm - ERROR - ssr:stedsnr = 585891. No positions found, skipping
utility_to_osm - WARNING - ssr:stedsnr = 586457: No priority spelling found for lang = no, using alt_name to get "[('no', 'Mollavegen')]"
utility_to_osm - ERROR - ssr:stedsnr = 586457. No positions found, skipping
utility_to_osm - ERROR - ssr:stedsnr = 586497. No positions found, skipping
utility_to_osm - ERROR - ssr:stedsnr = 601055. No positions found, skipping
utility_to_osm - WARNING - ssr:stedsnr = 603407: No priority spelling found for lang = no, using alt_name to get "[('no', 'Sjøvegen')]"
utility_to_osm - ERROR - ssr:stedsnr = 603407. No positions found, skipping
utility_to_osm - WARNING - ssr:stedsnr = 603412: No priority spelling found for lang = no, using alt_name to get "[('no', 'Klokkargardsvegen')]"
utility_to_osm - ERROR - ssr:stedsnr = 603412. No positions found, skipping
utility_to_osm - WARNING - ssr:stedsnr = 617211 has multiple (4) positions, using the first one!
utility_to_osm - WARNING - ssr:stedsnr = 617213: No priority spelling found for lang = no, using alt_name to get "[('no', 'Måløya')]"
utility_to_osm - WARNING - ssr:stedsnr = 617213 has multiple (3) positions, using the first one!
utility_to_osm - WARNING - ssr:stedsnr = 617216 has multiple (3) positions, using the first one!
utility_to_osm - WARNING - ssr:stedsnr = 617198 has multiple (4) positions, using the first one!
utility_to_osm - WARNING - ssr:stedsnr = 617532 has multiple (3) positions, using the first one!
utility_to_osm - WARNING - ssr:stedsnr = 617582: No priority spelling found for lang = no, using alt_name to get "[('no', 'Lisjeskjeret')]"
utility_to_osm - WARNING - ssr:stedsnr = 617582 has multiple (2) positions, using the first one!
utility_to_osm - WARNING - ssr:stedsnr = 617585: No priority spelling found for lang = no, using alt_name to get "[('no', 'Lisje Sandøya')]"
utility_to_osm - WARNING - ssr:stedsnr = 617585 has multiple (4) positions, using the first one!
utility_to_osm - WARNING - ssr:stedsnr = 617593: No priority spelling found for lang = no, using alt_name to get "[('no', 'Leinebjørnen')]"
utility_to_osm - WARNING - ssr:stedsnr = 617629 has multiple (3) positions, using the first one!
utility_to_osm - WARNING - ssr:stedsnr = 617679 has multiple (2) positions, using the first one!
utility_to_osm - WARNING - ssr:stedsnr = 617838 has multiple (2) positions, using the first one!
utility_to_osm - WARNING - ssr:stedsnr = 705345 has multiple (2) positions, using the first one!
utility_to_osm - WARNING - ssr:stedsnr = 646422: No priority spelling found for lang = no, using alt_name to get "[('no', 'Industrivegen')]"
utility_to_osm - ERROR - ssr:stedsnr = 646422. No positions found, skipping
utility_to_osm - ERROR - ssr:stedsnr = 646429. No positions found, skipping
utility_to_osm - WARNING - ssr:stedsnr = 646430: No priority spelling found for lang = no, using alt_name to get "[('no', 'Massvegen')]"
utility_to_osm - ERROR - ssr:stedsnr = 646430. No positions found, skipping
utility_to_osm - ERROR - ssr:stedsnr = 707987. No positions found, skipping
utility_to_osm - WARNING - ssr:stedsnr = 662534: No priority spelling found for lang = no, using alt_name to get "[('no', 'Nedre Plassegjerdet')]"
utility_to_osm - ERROR - ssr:stedsnr = 662534. No positions found, skipping
utility_to_osm - ERROR - ssr:stedsnr = 664007. No positions found, skipping
utility_to_osm - WARNING - ssr:stedsnr = 664406: No priority spelling found for lang = no, using alt_name to get "[('no', 'Brekkevegen')]"
utility_to_osm - ERROR - ssr:stedsnr = 664406. No positions found, skipping
utility_to_osm - WARNING - ssr:stedsnr = 890472: No priority spelling found for lang = no, using alt_name to get "[('no', 'Rundavegen')]"
utility_to_osm - ERROR - ssr:stedsnr = 890472. No positions found, skipping
utility_to_osm - ERROR - ssr:stedsnr = 890481. No positions found, skipping
utility_to_osm - WARNING - ssr:stedsnr = 678078: No priority spelling found for lang = no, using alt_name to get "[('no', 'Vålneset')]"
utility_to_osm - WARNING - ssr:stedsnr = 678078 has multiple (2) positions, using the first one!
utility_to_osm - WARNING - ssr:stedsnr = 678133 has multiple (2) positions, using the first one!
utility_to_osm - WARNING - ssr:stedsnr = 678174 has multiple (3) positions, using the first one!
utility_to_osm - WARNING - ssr:stedsnr = 678606 has multiple (3) positions, using the first one!
utility_to_osm - WARNING - ssr:stedsnr = 678523: No priority spelling found for lang = no, using alt_name to get "[('no', 'Sætjørna')]"
utility_to_osm - WARNING - ssr:stedsnr = 678523 has multiple (3) positions, using the first one!
utility_to_osm - WARNING - ssr:stedsnr = 678525 has multiple (4) positions, using the first one!
utility_to_osm - WARNING - ssr:stedsnr = 678573 has multiple (4) positions, using the first one!
utility_to_osm - WARNING - ssr:stedsnr = 678579 has multiple (3) positions, using the first one!
utility_to_osm - WARNING - ssr:stedsnr = 678596 has multiple (2) positions, using the first one!
utility_to_osm - WARNING - ssr:stedsnr = 678684 has multiple (2) positions, using the first one!
utility_to_osm - WARNING - ssr:stedsnr = 678819 has multiple (3) positions, using the first one!
utility_to_osm - WARNING - ssr:stedsnr = 895635: No priority spelling found for lang = no, using alt_name to get "[('no', 'Gjertnesgangbrua')]"
utility_to_osm - WARNING - ssr:stedsnr = 708463: No priority spelling found for lang = no, using alt_name to get "[('no', 'Torsethøgdvegen')]"
utility_to_osm - ERROR - ssr:stedsnr = 708463. No positions found, skipping
utility_to_osm - ERROR - ssr:stedsnr = 708466. No positions found, skipping
utility_to_osm - ERROR - ssr:stedsnr = 708469. No positions found, skipping
utility_to_osm - ERROR - ssr:stedsnr = 723069. No positions found, skipping
utility_to_osm - ERROR - ssr:stedsnr = 723070. No positions found, skipping
utility_to_osm - WARNING - ssr:stedsnr = 723519: No priority spelling found for lang = no, using alt_name to get "[('no', 'Øvre Plassegjerdet')]"
utility_to_osm - ERROR - ssr:stedsnr = 723519. No positions found, skipping
utility_to_osm - WARNING - ssr:stedsnr = 723521: No priority spelling found for lang = no, using alt_name to get "[('no', 'Mjelthaugvegen')]"
utility_to_osm - ERROR - ssr:stedsnr = 723521. No positions found, skipping
utility_to_osm - ERROR - ssr:stedsnr = 725023. No positions found, skipping
utility_to_osm - WARNING - ssr:stedsnr = 739603: No priority spelling found for lang = no, using alt_name to get "[('no', 'Trollenesvika')]"
utility_to_osm - WARNING - ssr:stedsnr = 739603 has multiple (2) positions, using the first one!
utility_to_osm - WARNING - ssr:stedsnr = 739614 has multiple (5) positions, using the first one!
utility_to_osm - WARNING - ssr:stedsnr = 739626 has multiple (3) positions, using the first one!
utility_to_osm - WARNING - ssr:stedsnr = 739628: No priority spelling found for lang = no, using alt_name to get "[('no', 'Vallhammaren')]"
utility_to_osm - WARNING - ssr:stedsnr = 739628 has multiple (3) positions, using the first one!
utility_to_osm - WARNING - ssr:stedsnr = 739635: No priority spelling found for lang = no, using alt_name to get "[('no', 'Hornbåen')]"
utility_to_osm - WARNING - ssr:stedsnr = 739635 has multiple (2) positions, using the first one!
utility_to_osm - WARNING - ssr:stedsnr = 739637 has multiple (3) positions, using the first one!
utility_to_osm - WARNING - ssr:stedsnr = 739594 has multiple (2) positions, using the first one!
utility_to_osm - WARNING - ssr:stedsnr = 739598 has multiple (3) positions, using the first one!
utility_to_osm - WARNING - ssr:stedsnr = 739602 has multiple (3) positions, using the first one!
utility_to_osm - WARNING - ssr:stedsnr = 739544 has multiple (2) positions, using the first one!
utility_to_osm - ERROR - ssr:stedsnr = 907028. No positions found, skipping
utility_to_osm - WARNING - ssr:stedsnr = 765720 has multiple (2) positions, using the first one!
utility_to_osm - WARNING - ssr:stedsnr = 768419: No priority spelling found for lang = no, using alt_name to get "[('no', 'Ædane')]"
utility_to_osm - ERROR - ssr:stedsnr = 768419. No positions found, skipping
utility_to_osm - ERROR - ssr:stedsnr = 768420. No positions found, skipping
utility_to_osm - WARNING - ssr:stedsnr = 768997: No priority spelling found for lang = no, using alt_name to get "[('no', 'Nedre Hjelmeset')]"
utility_to_osm - ERROR - ssr:stedsnr = 768997. No positions found, skipping
utility_to_osm - ERROR - ssr:stedsnr = 768902. No positions found, skipping
utility_to_osm - WARNING - ssr:stedsnr = 907392: No priority spelling found for lang = no, using alt_name to get "[('no', 'Gardakroken')]"
utility_to_osm - ERROR - ssr:stedsnr = 907392. No positions found, skipping
utility_to_osm - ERROR - ssr:stedsnr = 783057. No positions found, skipping
utility_to_osm - WARNING - ssr:stedsnr = 783511: No priority spelling found for lang = no, using alt_name to get "[('no', 'Nygjerdevegen')]"
utility_to_osm - ERROR - ssr:stedsnr = 783511. No positions found, skipping
utility_to_osm - WARNING - ssr:stedsnr = 799210 has multiple (3) positions, using the first one!
utility_to_osm - WARNING - ssr:stedsnr = 799887 has multiple (3) positions, using the first one!
utility_to_osm - WARNING - ssr:stedsnr = 800510 has multiple (3) positions, using the first one!
utility_to_osm - WARNING - ssr:stedsnr = 800615 has multiple (3) positions, using the first one!
utility_to_osm - WARNING - ssr:stedsnr = 800616 has multiple (3) positions, using the first one!
utility_to_osm - WARNING - ssr:stedsnr = 800806 has multiple (3) positions, using the first one!
utility_to_osm - WARNING - ssr:stedsnr = 800583 has multiple (2) positions, using the first one!
utility_to_osm - WARNING - ssr:stedsnr = 800591 has multiple (3) positions, using the first one!
utility_to_osm - WARNING - ssr:stedsnr = 800595 has multiple (3) positions, using the first one!
utility_to_osm - WARNING - ssr:stedsnr = 920173 has multiple (3) positions, using the first one!
utility_to_osm - WARNING - ssr:stedsnr = 921175: No priority spelling found for lang = no, using alt_name to get "[('no', 'Heida')]"
utility_to_osm - WARNING - ssr:stedsnr = 921175 has multiple (4) positions, using the first one!
utility_to_osm - WARNING - ssr:stedsnr = 921641 has multiple (2) positions, using the first one!
utility_to_osm - WARNING - ssr:stedsnr = 921551: No priority spelling found for lang = no, using alt_name to get "[('no', 'Hanemyrane')]"
utility_to_osm - WARNING - ssr:stedsnr = 921551 has multiple (3) positions, using the first one!
utility_to_osm - WARNING - ssr:stedsnr = 921555 has multiple (2) positions, using the first one!
utility_to_osm - WARNING - ssr:stedsnr = 921652: No priority spelling found for lang = no, using alt_name to get "[('no', 'Remøya')]"
utility_to_osm - WARNING - ssr:stedsnr = 921652 has multiple (4) positions, using the first one!
utility_to_osm - WARNING - ssr:stedsnr = 921669: No priority spelling found for lang = no, using alt_name to get "[('no', 'Sæviksteinen')]"
utility_to_osm - WARNING - ssr:stedsnr = 921669 has multiple (3) positions, using the first one!
utility_to_osm - WARNING - ssr:stedsnr = 921779 has multiple (2) positions, using the first one!
utility_to_osm - WARNING - ssr:stedsnr = 921965 has multiple (3) positions, using the first one!
utility_to_osm - ERROR - ssr:stedsnr = 829974. No positions found, skipping
utility_to_osm - WARNING - ssr:stedsnr = 860179 has multiple (2) positions, using the first one!
utility_to_osm - WARNING - ssr:stedsnr = 860574 has multiple (3) positions, using the first one!
utility_to_osm - WARNING - ssr:stedsnr = 860575 has multiple (4) positions, using the first one!
utility_to_osm - WARNING - ssr:stedsnr = 860577 has multiple (3) positions, using the first one!
utility_to_osm - WARNING - ssr:stedsnr = 860704 has multiple (3) positions, using the first one!
utility_to_osm - WARNING - ssr:stedsnr = 860610 has multiple (3) positions, using the first one!
utility_to_osm - WARNING - ssr:stedsnr = 860668: No priority spelling found for lang = no, using alt_name to get "[('no', 'Trosvikhammaren')]"
utility_to_osm - WARNING - ssr:stedsnr = 860675 has multiple (2) positions, using the first one!
utility_to_osm - WARNING - ssr:stedsnr = 861160 has multiple (2) positions, using the first one!
utility_to_osm - WARNING - ssr:stedsnr = 861595 has multiple (3) positions, using the first one!
utility_to_osm - ERROR - ssr:stedsnr = 890515. No positions found, skipping
utility_to_osm - WARNING - ssr:stedsnr = 895871: No priority spelling found for lang = no, using alt_name to get "[('no', 'Gamle Øyrabrua')]"
utility_to_osm - WARNING - ssr:stedsnr = 921195 has multiple (2) positions, using the first one!
utility_to_osm - WARNING - ssr:stedsnr = 921581: No priority spelling found for lang = no, using alt_name to get "[('no', 'Moltuvika')]"
utility_to_osm - WARNING - ssr:stedsnr = 921581 has multiple (3) positions, using the first one!
utility_to_osm - WARNING - ssr:stedsnr = 921596 has multiple (3) positions, using the first one!
utility_to_osm - WARNING - ssr:stedsnr = 921597 has multiple (2) positions, using the first one!
utility_to_osm - WARNING - ssr:stedsnr = 921635 has multiple (2) positions, using the first one!
utility_to_osm - WARNING - ssr:stedsnr = 921637 has multiple (3) positions, using the first one!
utility_to_osm - WARNING - ssr:stedsnr = 921681 has multiple (3) positions, using the first one!
utility_to_osm - WARNING - ssr:stedsnr = 921683 has multiple (2) positions, using the first one!
utility_to_osm - WARNING - ssr:stedsnr = 921690 has multiple (2) positions, using the first one!
utility_to_osm - WARNING - ssr:stedsnr = 950436: No priority spelling found for lang = no, using alt_name to get "[('no', 'Solstrandvegen')]"
utility_to_osm - ERROR - ssr:stedsnr = 950436. No positions found, skipping
utility_to_osm - WARNING - ssr:stedsnr = 950440: No priority spelling found for lang = no, using alt_name to get "[('no', 'Nærøyvegen')]"
utility_to_osm - ERROR - ssr:stedsnr = 950440. No positions found, skipping
utility_to_osm - ERROR - ssr:stedsnr = 950441. No positions found, skipping
utility_to_osm - WARNING - ssr:stedsnr = 950442: No priority spelling found for lang = no, using alt_name to get "[('no', 'Nyevegen')]"
utility_to_osm - ERROR - ssr:stedsnr = 950442. No positions found, skipping
utility_to_osm - ERROR - ssr:stedsnr = 950977. No positions found, skipping
utility_to_osm - ERROR - ssr:stedsnr = 950878. No positions found, skipping
utility_to_osm - ERROR - ssr:stedsnr = 965088. No positions found, skipping
utility_to_osm - ERROR - ssr:stedsnr = 967021. No positions found, skipping
utility_to_osm - WARNING - ssr:stedsnr = 967407: No priority spelling found for lang = no, using alt_name to get "[('no', 'Monsplassen')]"
utility_to_osm - ERROR - ssr:stedsnr = 967407. No positions found, skipping
utility_to_osm - WARNING - ssr:stedsnr = 10168 has multiple (4) positions, using the first one!
utility_to_osm - WARNING - ssr:stedsnr = 10179 has multiple (3) positions, using the first one!
utility_to_osm - WARNING - ssr:stedsnr = 10559 has multiple (3) positions, using the first one!
utility_to_osm - WARNING - ssr:stedsnr = 10560 has multiple (5) positions, using the first one!
utility_to_osm - WARNING - ssr:stedsnr = 11531 has multiple (2) positions, using the first one!
utility_to_osm - WARNING - ssr:stedsnr = 11572 has multiple (2) positions, using the first one!
utility_to_osm - WARNING - ssr:stedsnr = 11639 has multiple (3) positions, using the first one!
utility_to_osm - WARNING - ssr:stedsnr = 11640 has multiple (2) positions, using the first one!
utility_to_osm - WARNING - ssr:stedsnr = 11599 has multiple (3) positions, using the first one!
utility_to_osm - WARNING - ssr:stedsnr = 11616 has multiple (2) positions, using the first one!
utility_to_osm - WARNING - ssr:stedsnr = 11646 has multiple (3) positions, using the first one!
utility_to_osm - WARNING - ssr:stedsnr = 11647 has multiple (3) positions, using the first one!
utility_to_osm - WARNING - ssr:stedsnr = 11648: No priority spelling found for lang = no, using alt_name to get "[('no', 'Juklebåen')]"
utility_to_osm - WARNING - ssr:stedsnr = 11648 has multiple (2) positions, using the first one!
utility_to_osm - WARNING - ssr:stedsnr = 11651 has multiple (3) positions, using the first one!
utility_to_osm - WARNING - ssr:stedsnr = 11672 has multiple (3) positions, using the first one!
utility_to_osm - WARNING - ssr:stedsnr = 11837: No priority spelling found for lang = no, using alt_name to get "[('no', 'Bøfjorden')]"
utility_to_osm - WARNING - ssr:stedsnr = 11837 has multiple (3) positions, using the first one!
utility_to_osm - WARNING - ssr:stedsnr = 11761 has multiple (2) positions, using the first one!
utility_to_osm - WARNING - ssr:stedsnr = 29261: No priority spelling found for lang = no, using alt_name to get "[('no', 'Øygarden')]"
utility_to_osm - WARNING - ssr:stedsnr = 29284: No priority spelling found for lang = no, using alt_name to get "[('no', 'Vardeheida')]"
utility_to_osm - WARNING - ssr:stedsnr = 29284 has multiple (2) positions, using the first one!
utility_to_osm - WARNING - ssr:stedsnr = 37748 has multiple (2) positions, using the first one!
utility_to_osm - WARNING - ssr:stedsnr = 40460: No priority spelling found for lang = no, using alt_name to get "[('no', 'Åsvegen')]"
utility_to_osm - ERROR - ssr:stedsnr = 40460. No positions found, skipping
utility_to_osm - ERROR - ssr:stedsnr = 40459. No positions found, skipping
utility_to_osm - WARNING - ssr:stedsnr = 40464: No priority spelling found for lang = no, using alt_name to get "[('no', 'Røysa')]"
utility_to_osm - ERROR - ssr:stedsnr = 40464. No positions found, skipping
utility_to_osm - WARNING - ssr:stedsnr = 40469: No priority spelling found for lang = no, using alt_name to get "[('no', 'Moltuvegen')]"
utility_to_osm - ERROR - ssr:stedsnr = 40469. No positions found, skipping
utility_to_osm - WARNING - ssr:stedsnr = 40500: No priority spelling found for lang = no, using alt_name to get "[('no', 'Øvre Dragsund')]"
utility_to_osm - ERROR - ssr:stedsnr = 40500. No positions found, skipping
utility_to_osm - ERROR - ssr:stedsnr = 40902. No positions found, skipping
utility_to_osm - ERROR - ssr:stedsnr = 40999. No positions found, skipping
utility_to_osm - WARNING - ssr:stedsnr = 45751: No priority spelling found for lang = no, using alt_name to get "[('no', 'Håneskulverten')]"
utility_to_osm - ERROR - ssr:stedsnr = 55070. No positions found, skipping
utility_to_osm - ERROR - ssr:stedsnr = 55072. No positions found, skipping
utility_to_osm - ERROR - ssr:stedsnr = 58029. No positions found, skipping
utility_to_osm - ERROR - ssr:stedsnr = 58035. No positions found, skipping
utility_to_osm - ERROR - ssr:stedsnr = 58037. No positions found, skipping
utility_to_osm - WARNING - ssr:stedsnr = 71610 has multiple (3) positions, using the first one!
utility_to_osm - WARNING - ssr:stedsnr = 71611 has multiple (2) positions, using the first one!
utility_to_osm - WARNING - ssr:stedsnr = 71726: No priority spelling found for lang = no, using alt_name to get "[('no', 'Nyårsskallane')]"
utility_to_osm - WARNING - ssr:stedsnr = 71726 has multiple (2) positions, using the first one!
utility_to_osm - WARNING - ssr:stedsnr = 72772 has multiple (3) positions, using the first one!
utility_to_osm - WARNING - ssr:stedsnr = 72550: No priority spelling found for lang = no, using alt_name to get "[('no', 'Espeset')]"
utility_to_osm - WARNING - ssr:stedsnr = 72556 has multiple (2) positions, using the first one!
utility_to_osm - WARNING - ssr:stedsnr = 72584: No priority spelling found for lang = no, using alt_name to get "[('no', 'Nerlandsøya')]"
utility_to_osm - WARNING - ssr:stedsnr = 72584 has multiple (7) positions, using the first one!
utility_to_osm - WARNING - ssr:stedsnr = 72749 has multiple (3) positions, using the first one!
utility_to_osm - ERROR - ssr:stedsnr = 100982. No positions found, skipping
utility_to_osm - ERROR - ssr:stedsnr = 101485. No positions found, skipping
utility_to_osm - ERROR - ssr:stedsnr = 116086. No positions found, skipping
utility_to_osm - WARNING - ssr:stedsnr = 118399: No priority spelling found for lang = no, using alt_name to get "[('no', 'Nykreimsvegen')]"
utility_to_osm - ERROR - ssr:stedsnr = 118399. No positions found, skipping
utility_to_osm - WARNING - ssr:stedsnr = 118400: No priority spelling found for lang = no, using alt_name to get "[('no', 'Raftesetvegen')]"
utility_to_osm - ERROR - ssr:stedsnr = 118400. No positions found, skipping
utility_to_osm - WARNING - ssr:stedsnr = 131155 has multiple (3) positions, using the first one!
utility_to_osm - WARNING - ssr:stedsnr = 131168 has multiple (3) positions, using the first one!
utility_to_osm - WARNING - ssr:stedsnr = 131541: No priority spelling found for lang = no, using alt_name to get "[('no', 'Husholmen')]"
utility_to_osm - WARNING - ssr:stedsnr = 131541 has multiple (4) positions, using the first one!
utility_to_osm - WARNING - ssr:stedsnr = 131542 has multiple (3) positions, using the first one!
utility_to_osm - WARNING - ssr:stedsnr = 131546: No priority spelling found for lang = no, using alt_name to get "[('no', 'Mjølstaneset')]"
utility_to_osm - WARNING - ssr:stedsnr = 132159: No priority spelling found for lang = no, using alt_name to get "[('no', 'Kleppestranda')]"
utility_to_osm - WARNING - ssr:stedsnr = 132584: No priority spelling found for lang = no, using alt_name to get "[('no', 'Gardsendfluda')]"
utility_to_osm - WARNING - ssr:stedsnr = 132584 has multiple (2) positions, using the first one!
utility_to_osm - WARNING - ssr:stedsnr = 132585 has multiple (4) positions, using the first one!
utility_to_osm - WARNING - ssr:stedsnr = 132587 has multiple (3) positions, using the first one!
utility_to_osm - WARNING - ssr:stedsnr = 132646 has multiple (3) positions, using the first one!
utility_to_osm - WARNING - ssr:stedsnr = 132649: No priority spelling found for lang = no, using alt_name to get "[('no', 'Årbarholmane')]"
utility_to_osm - WARNING - ssr:stedsnr = 132649 has multiple (3) positions, using the first one!
utility_to_osm - WARNING - ssr:stedsnr = 132692 has multiple (2) positions, using the first one!
utility_to_osm - WARNING - ssr:stedsnr = 132527 has multiple (3) positions, using the first one!
utility_to_osm - WARNING - ssr:stedsnr = 132529 has multiple (4) positions, using the first one!
utility_to_osm - WARNING - ssr:stedsnr = 132530: No priority spelling found for lang = no, using alt_name to get "[('no', 'Lisjehanen')]"
utility_to_osm - WARNING - ssr:stedsnr = 132530 has multiple (3) positions, using the first one!
utility_to_osm - ERROR - ssr:stedsnr = 161433. No positions found, skipping
utility_to_osm - WARNING - ssr:stedsnr = 161440: No priority spelling found for lang = no, using alt_name to get "[('no', 'Legemyrane')]"
utility_to_osm - ERROR - ssr:stedsnr = 161440. No positions found, skipping
utility_to_osm - WARNING - ssr:stedsnr = 161461: No priority spelling found for lang = no, using alt_name to get "[('no', 'Torvikvegen')]"
utility_to_osm - ERROR - ssr:stedsnr = 161461. No positions found, skipping
utility_to_osm - ERROR - ssr:stedsnr = 161977. No positions found, skipping
utility_to_osm - ERROR - ssr:stedsnr = 161985. No positions found, skipping
utility_to_osm - WARNING - ssr:stedsnr = 167878: No priority spelling found for lang = no, using alt_name to get "[('no', 'Tverrelvbrua')]"
utility_to_osm - WARNING - ssr:stedsnr = 179439: No priority spelling found for lang = no, using alt_name to get "[('no', 'Øyrahaugen')]"
utility_to_osm - ERROR - ssr:stedsnr = 179439. No positions found, skipping
utility_to_osm - ERROR - ssr:stedsnr = 177044. No positions found, skipping
utility_to_osm - ERROR - ssr:stedsnr = 179020. No positions found, skipping
utility_to_osm - ERROR - ssr:stedsnr = 180431. No positions found, skipping
utility_to_osm - WARNING - ssr:stedsnr = 192144 has multiple (3) positions, using the first one!
utility_to_osm - WARNING - ssr:stedsnr = 192570 has multiple (2) positions, using the first one!
utility_to_osm - WARNING - ssr:stedsnr = 192633: No priority spelling found for lang = no, using alt_name to get "[('no', 'Gurskøya')]"
utility_to_osm - WARNING - ssr:stedsnr = 192633 has multiple (9) positions, using the first one!
utility_to_osm - WARNING - ssr:stedsnr = 192643 has multiple (4) positions, using the first one!
utility_to_osm - WARNING - ssr:stedsnr = 193171 has multiple (2) positions, using the first one!
utility_to_osm - WARNING - ssr:stedsnr = 193549 has multiple (3) positions, using the first one!
utility_to_osm - WARNING - ssr:stedsnr = 193553: No priority spelling found for lang = no, using alt_name to get "[('no', 'Slettebakk')]"
utility_to_osm - WARNING - ssr:stedsnr = 193652 has multiple (3) positions, using the first one!
utility_to_osm - WARNING - ssr:stedsnr = 193654 has multiple (3) positions, using the first one!
utility_to_osm - WARNING - ssr:stedsnr = 193601 has multiple (2) positions, using the first one!
utility_to_osm - WARNING - ssr:stedsnr = 193603: No priority spelling found for lang = no, using alt_name to get "[('no', 'Trolleneset')]"
utility_to_osm - WARNING - ssr:stedsnr = 193603 has multiple (3) positions, using the first one!
utility_to_osm - WARNING - ssr:stedsnr = 193619 has multiple (3) positions, using the first one!
utility_to_osm - WARNING - ssr:stedsnr = 193625 has multiple (4) positions, using the first one!
utility_to_osm - WARNING - ssr:stedsnr = 193632 has multiple (3) positions, using the first one!
utility_to_osm - WARNING - ssr:stedsnr = 193729 has multiple (2) positions, using the first one!
utility_to_osm - WARNING - ssr:stedsnr = 193840 has multiple (2) positions, using the first one!
utility_to_osm - WARNING - ssr:stedsnr = 193668 has multiple (3) positions, using the first one!
utility_to_osm - WARNING - ssr:stedsnr = 193966 has multiple (3) positions, using the first one!
utility_to_osm - WARNING - ssr:stedsnr = 219350 has multiple (2) positions, using the first one!
utility_to_osm - WARNING - ssr:stedsnr = 222421: No priority spelling found for lang = no, using alt_name to get "[('no', 'Vatnet')]"
utility_to_osm - ERROR - ssr:stedsnr = 222421. No positions found, skipping
utility_to_osm - WARNING - ssr:stedsnr = 222458: No priority spelling found for lang = no, using alt_name to get "[('no', 'Kaivegen')]"
utility_to_osm - ERROR - ssr:stedsnr = 222458. No positions found, skipping
utility_to_osm - ERROR - ssr:stedsnr = 283401. No positions found, skipping
utility_to_osm - ERROR - ssr:stedsnr = 283446. No positions found, skipping
utility_to_osm - WARNING - ssr:stedsnr = 283449: No priority spelling found for lang = no, using alt_name to get "[('no', 'Haugane')]"
utility_to_osm - ERROR - ssr:stedsnr = 283449. No positions found, skipping
utility_to_osm - WARNING - ssr:stedsnr = 300439: No priority spelling found for lang = no, using alt_name to get "[('no', 'Fuglevikvegen')]"
utility_to_osm - ERROR - ssr:stedsnr = 300439. No positions found, skipping
utility_to_osm - WARNING - ssr:stedsnr = 314198 has multiple (2) positions, using the first one!
utility_to_osm - WARNING - ssr:stedsnr = 314199 has multiple (3) positions, using the first one!
utility_to_osm - WARNING - ssr:stedsnr = 314586 has multiple (4) positions, using the first one!
utility_to_osm - WARNING - ssr:stedsnr = 314590 has multiple (2) positions, using the first one!
utility_to_osm - WARNING - ssr:stedsnr = 314591 has multiple (2) positions, using the first one!
utility_to_osm - WARNING - ssr:stedsnr = 314599 has multiple (3) positions, using the first one!
utility_to_osm - WARNING - ssr:stedsnr = 314600 has multiple (2) positions, using the first one!
utility_to_osm - WARNING - ssr:stedsnr = 314629 has multiple (2) positions, using the first one!
utility_to_osm - WARNING - ssr:stedsnr = 314641 has multiple (2) positions, using the first one!
utility_to_osm - WARNING - ssr:stedsnr = 314771: No priority spelling found for lang = no, using alt_name to get "[('no', 'Lisjøya')]"
utility_to_osm - WARNING - ssr:stedsnr = 314771 has multiple (3) positions, using the first one!
utility_to_osm - WARNING - ssr:stedsnr = 314772 has multiple (3) positions, using the first one!
utility_to_osm - WARNING - ssr:stedsnr = 314778 has multiple (2) positions, using the first one!
utility_to_osm - WARNING - ssr:stedsnr = 314656 has multiple (3) positions, using the first one!
utility_to_osm - WARNING - ssr:stedsnr = 314659 has multiple (2) positions, using the first one!
utility_to_osm - WARNING - ssr:stedsnr = 314671 has multiple (3) positions, using the first one!
utility_to_osm - WARNING - ssr:stedsnr = 314689 has multiple (2) positions, using the first one!
utility_to_osm - WARNING - ssr:stedsnr = 314847 has multiple (3) positions, using the first one!
utility_to_osm - WARNING - ssr:stedsnr = 314851 has multiple (3) positions, using the first one!
utility_to_osm - WARNING - ssr:stedsnr = 328544 has multiple (3) positions, using the first one!
utility_to_osm - ERROR - ssr:stedsnr = 343425. No positions found, skipping
utility_to_osm - ERROR - ssr:stedsnr = 343431. No positions found, skipping
utility_to_osm - ERROR - ssr:stedsnr = 343434. No positions found, skipping
utility_to_osm - ERROR - ssr:stedsnr = 343438. No positions found, skipping
utility_to_osm - ERROR - ssr:stedsnr = 343471. No positions found, skipping
utility_to_osm - WARNING - ssr:stedsnr = 349701: No priority spelling found for lang = no, using alt_name to get "[('no', 'Goksøytunnelen')]"
utility_to_osm - ERROR - ssr:stedsnr = 349701. No positions found, skipping
utility_to_osm - ERROR - ssr:stedsnr = 358083. No positions found, skipping
utility_to_osm - WARNING - ssr:stedsnr = 358522: No priority spelling found for lang = no, using alt_name to get "[('no', 'Geila')]"
utility_to_osm - ERROR - ssr:stedsnr = 358522. No positions found, skipping
utility_to_osm - WARNING - ssr:stedsnr = 361471: No priority spelling found for lang = no, using alt_name to get "[('no', 'Kvianesvegen')]"
utility_to_osm - ERROR - ssr:stedsnr = 361471. No positions found, skipping
utility_to_osm - WARNING - ssr:stedsnr = 361480: No priority spelling found for lang = no, using alt_name to get "[('no', 'Bakkane')]"
utility_to_osm - ERROR - ssr:stedsnr = 361480. No positions found, skipping
utility_to_osm - WARNING - ssr:stedsnr = 374526 has multiple (3) positions, using the first one!
utility_to_osm - WARNING - ssr:stedsnr = 374527 has multiple (3) positions, using the first one!
utility_to_osm - WARNING - ssr:stedsnr = 374529 has multiple (3) positions, using the first one!
utility_to_osm - WARNING - ssr:stedsnr = 374531: No priority spelling found for lang = no, using alt_name to get "[('no', 'Langholmane')]"
utility_to_osm - WARNING - ssr:stedsnr = 374531 has multiple (2) positions, using the first one!
utility_to_osm - WARNING - ssr:stedsnr = 374608 has multiple (3) positions, using the first one!
utility_to_osm - WARNING - ssr:stedsnr = 374574 has multiple (5) positions, using the first one!
utility_to_osm - WARNING - ssr:stedsnr = 374656 has multiple (4) positions, using the first one!
utility_to_osm - WARNING - ssr:stedsnr = 374663: No priority spelling found for lang = no, using alt_name to get "[('no', 'Flønesgrynnene')]"
utility_to_osm - WARNING - ssr:stedsnr = 374663 has multiple (2) positions, using the first one!
utility_to_osm - WARNING - ssr:stedsnr = 374679: No priority spelling found for lang = no, using alt_name to get "[('no', 'Rundabrandane')]"
utility_to_osm - WARNING - ssr:stedsnr = 374679 has multiple (2) positions, using the first one!
utility_to_osm - WARNING - ssr:stedsnr = 374682 has multiple (2) positions, using the first one!
utility_to_osm - WARNING - ssr:stedsnr = 374615: No priority spelling found for lang = no, using alt_name to get "[('no', 'Søre Gubben')]"
utility_to_osm - WARNING - ssr:stedsnr = 374615 has multiple (2) positions, using the first one!
utility_to_osm - WARNING - ssr:stedsnr = 374628: No priority spelling found for lang = no, using alt_name to get "[('no', 'Arefjellsvika')]"
utility_to_osm - WARNING - ssr:stedsnr = 374628 has multiple (2) positions, using the first one!
utility_to_osm - WARNING - ssr:stedsnr = 374885 has multiple (2) positions, using the first one!
utility_to_osm - WARNING - ssr:stedsnr = 375548 has multiple (4) positions, using the first one!
utility_to_osm - WARNING - ssr:stedsnr = 375557 has multiple (2) positions, using the first one!
utility_to_osm - WARNING - ssr:stedsnr = 375619 has multiple (2) positions, using the first one!
utility_to_osm - WARNING - ssr:stedsnr = 375654: No priority spelling found for lang = no, using alt_name to get "[('no', 'Storevarden'), ('no', 'Varden')]"
utility_to_osm - ERROR - ssr:stedsnr = 375654: Adding multiple names to name tag, this is not OK! name = "Storevarden;Varden"
utility_to_osm - WARNING - ssr:stedsnr = 495189 has multiple (4) positions, using the first one!
utility_to_osm - WARNING - ssr:stedsnr = 495190 has multiple (4) positions, using the first one!
utility_to_osm - WARNING - ssr:stedsnr = 495194 has multiple (3) positions, using the first one!
utility_to_osm - WARNING - ssr:stedsnr = 401716 has multiple (2) positions, using the first one!
utility_to_osm - WARNING - ssr:stedsnr = 401639: No priority spelling found for lang = no, using alt_name to get "[('no', 'Moltumyra')]"
utility_to_osm - ERROR - ssr:stedsnr = 404426. No positions found, skipping
utility_to_osm - WARNING - ssr:stedsnr = 404431: No priority spelling found for lang = no, using alt_name to get "[('no', 'Nærøyvalen')]"
utility_to_osm - ERROR - ssr:stedsnr = 404431. No positions found, skipping
utility_to_osm - WARNING - ssr:stedsnr = 404437: No priority spelling found for lang = no, using alt_name to get "[('no', 'Leinebakkane')]"
utility_to_osm - ERROR - ssr:stedsnr = 404437. No positions found, skipping
utility_to_osm - ERROR - ssr:stedsnr = 404416. No positions found, skipping
utility_to_osm - WARNING - ssr:stedsnr = 404457: No priority spelling found for lang = no, using alt_name to get "[('no', 'Skulevegen')]"
utility_to_osm - ERROR - ssr:stedsnr = 404457. No positions found, skipping
utility_to_osm - WARNING - ssr:stedsnr = 404468: No priority spelling found for lang = no, using alt_name to get "[('no', 'Budaneset')]"
utility_to_osm - ERROR - ssr:stedsnr = 404468. No positions found, skipping
utility_to_osm - ERROR - ssr:stedsnr = 404470. No positions found, skipping
utility_to_osm - ERROR - ssr:stedsnr = 404959. No positions found, skipping
utility_to_osm - ERROR - ssr:stedsnr = 404970. No positions found, skipping
utility_to_osm - ERROR - ssr:stedsnr = 404975. No positions found, skipping
utility_to_osm - WARNING - ssr:stedsnr = 409432: No priority spelling found for lang = no, using alt_name to get "[('no', 'Nerlandsøybrua')]"
utility_to_osm - WARNING - ssr:stedsnr = 409432 has multiple (2) positions, using the first one!
utility_to_osm - WARNING - ssr:stedsnr = 410869: No priority spelling found for lang = no, using alt_name to get "[('no', 'Stokksundbrua')]"
utility_to_osm - WARNING - ssr:stedsnr = 410869 has multiple (2) positions, using the first one!
utility_to_osm - WARNING - ssr:stedsnr = 419081: No priority spelling found for lang = no, using alt_name to get "[('no', 'Gjerdevegen')]"
utility_to_osm - ERROR - ssr:stedsnr = 419081. No positions found, skipping
utility_to_osm - WARNING - ssr:stedsnr = 419519: No priority spelling found for lang = no, using alt_name to get "[('no', 'Teigevegen')]"
utility_to_osm - ERROR - ssr:stedsnr = 419519. No positions found, skipping
utility_to_osm - ERROR - ssr:stedsnr = 422034. No positions found, skipping
utility_to_osm - WARNING - ssr:stedsnr = 422425: No priority spelling found for lang = no, using alt_name to get "[('no', 'Landsvegen')]"
utility_to_osm - ERROR - ssr:stedsnr = 422425. No positions found, skipping
utility_to_osm - WARNING - ssr:stedsnr = 435239: No priority spelling found for lang = no, using alt_name to get "[('no', 'Nykreim')]"
utility_to_osm - WARNING - ssr:stedsnr = 435097: No priority spelling found for lang = no, using alt_name to get "[('no', 'Vålneset')]"
utility_to_osm - WARNING - ssr:stedsnr = 435200: No priority spelling found for lang = no, using alt_name to get "[('no', 'Budaneset')]"
utility_to_osm - WARNING - ssr:stedsnr = 435200 has multiple (5) positions, using the first one!
utility_to_osm - WARNING - ssr:stedsnr = 435914: No priority spelling found for lang = no, using alt_name to get "[('no', 'Skyrflesjene')]"
utility_to_osm - WARNING - ssr:stedsnr = 435914 has multiple (2) positions, using the first one!
utility_to_osm - WARNING - ssr:stedsnr = 435588 has multiple (4) positions, using the first one!
utility_to_osm - WARNING - ssr:stedsnr = 435667 has multiple (3) positions, using the first one!
utility_to_osm - WARNING - ssr:stedsnr = 435652: No priority spelling found for lang = no, using alt_name to get "[('no', 'Grynnskallen')]"
utility_to_osm - WARNING - ssr:stedsnr = 435652 has multiple (2) positions, using the first one!
utility_to_osm - WARNING - ssr:stedsnr = 436587 has multiple (3) positions, using the first one!
utility_to_osm - WARNING - ssr:stedsnr = 436141 has multiple (3) positions, using the first one!
utility_to_osm - WARNING - ssr:stedsnr = 436484 has multiple (5) positions, using the first one!
utility_to_osm - WARNING - ssr:stedsnr = 436502 has multiple (2) positions, using the first one!
utility_to_osm - WARNING - ssr:stedsnr = 436639 has multiple (4) positions, using the first one!
utility_to_osm - WARNING - ssr:stedsnr = 436549: No priority spelling found for lang = no, using alt_name to get "[('no', 'Hynnebåen')]"
utility_to_osm - WARNING - ssr:stedsnr = 436549 has multiple (2) positions, using the first one!
utility_to_osm - WARNING - ssr:stedsnr = 496574 has multiple (3) positions, using the first one!
utility_to_osm - WARNING - ssr:stedsnr = 496141 has multiple (2) positions, using the first one!
utility_to_osm - WARNING - ssr:stedsnr = 496144 has multiple (2) positions, using the first one!
utility_to_osm - WARNING - ssr:stedsnr = 496538 has multiple (3) positions, using the first one!
utility_to_osm - WARNING - ssr:stedsnr = 496540 has multiple (2) positions, using the first one!
utility_to_osm - WARNING - ssr:stedsnr = 496631: No priority spelling found for lang = no, using alt_name to get "[('no', 'Bræken')]"
utility_to_osm - WARNING - ssr:stedsnr = 496631 has multiple (2) positions, using the first one!
utility_to_osm - WARNING - ssr:stedsnr = 496633 has multiple (2) positions, using the first one!
utility_to_osm - WARNING - ssr:stedsnr = 496637 has multiple (3) positions, using the first one!
utility_to_osm - WARNING - ssr:stedsnr = 496645 has multiple (3) positions, using the first one!
utility_to_osm - WARNING - ssr:stedsnr = 496657 has multiple (3) positions, using the first one!
utility_to_osm - WARNING - ssr:stedsnr = 496658: No priority spelling found for lang = no, using alt_name to get "[('no', 'Golleneset')]"
utility_to_osm - WARNING - ssr:stedsnr = 496672 has multiple (2) positions, using the first one!
utility_to_osm - WARNING - ssr:stedsnr = 496674 has multiple (3) positions, using the first one!
utility_to_osm - WARNING - ssr:stedsnr = 496688 has multiple (2) positions, using the first one!
utility_to_osm - WARNING - ssr:stedsnr = 522339 has multiple (2) positions, using the first one!
utility_to_osm - WARNING - ssr:stedsnr = 525997: No priority spelling found for lang = no, using alt_name to get "[('no', 'Hjelmesetvegen')]"
utility_to_osm - ERROR - ssr:stedsnr = 525997. No positions found, skipping
utility_to_osm - ERROR - ssr:stedsnr = 525440. No positions found, skipping
utility_to_osm - ERROR - ssr:stedsnr = 525443. No positions found, skipping
utility_to_osm - ERROR - ssr:stedsnr = 525946. No positions found, skipping
utility_to_osm - ERROR - ssr:stedsnr = 525878. No positions found, skipping
utility_to_osm - WARNING - ssr:stedsnr = 526799 has multiple (9) positions, using the first one!
utility_to_osm - WARNING - ssr:stedsnr = 531888: No priority spelling found for lang = no, using alt_name to get "[('no', 'Jensholmbrua')]"
utility_to_osm - WARNING - ssr:stedsnr = 531891: No priority spelling found for lang = no, using alt_name to get "[('no', 'Aspevikbrua')]"
utility_to_osm - WARNING - ssr:stedsnr = 531898: No priority spelling found for lang = no, using alt_name to get "[('no', 'Øyrabrua')]"
utility_to_osm - WARNING - ssr:stedsnr = 543433: No priority spelling found for lang = no, using alt_name to get "[('no', 'Hamnevegen')]"
utility_to_osm - ERROR - ssr:stedsnr = 543433. No positions found, skipping
utility_to_osm - WARNING - ssr:stedsnr = 556674 has multiple (2) positions, using the first one!
utility_to_osm - WARNING - ssr:stedsnr = 556678 has multiple (4) positions, using the first one!
utility_to_osm - WARNING - ssr:stedsnr = 556681: No priority spelling found for lang = no, using alt_name to get "[('no', 'Raudetinden')]"
utility_to_osm - WARNING - ssr:stedsnr = 556686: No priority spelling found for lang = no, using alt_name to get "[('no', 'Frøystolrevet')]"
utility_to_osm - WARNING - ssr:stedsnr = 556686 has multiple (2) positions, using the first one!
utility_to_osm - WARNING - ssr:stedsnr = 556196 has multiple (2) positions, using the first one!
utility_to_osm - WARNING - ssr:stedsnr = 556198 has multiple (5) positions, using the first one!
utility_to_osm - WARNING - ssr:stedsnr = 556639: No priority spelling found for lang = no, using alt_name to get "[('no', 'Grøneneset')]"
utility_to_osm - WARNING - ssr:stedsnr = 556639 has multiple (4) positions, using the first one!
utility_to_osm - WARNING - ssr:stedsnr = 556647 has multiple (3) positions, using the first one!
utility_to_osm - WARNING - ssr:stedsnr = 556540 has multiple (2) positions, using the first one!
utility_to_osm - WARNING - ssr:stedsnr = 556543 has multiple (4) positions, using the first one!
utility_to_osm - WARNING - ssr:stedsnr = 557131 has multiple (2) positions, using the first one!
utility_to_osm - WARNING - ssr:stedsnr = 557177 has multiple (3) positions, using the first one!
utility_to_osm - WARNING - ssr:stedsnr = 557541 has multiple (2) positions, using the first one!
utility_to_osm - WARNING - ssr:stedsnr = 565128 has multiple (2) positions, using the first one!
utility_to_osm - ERROR - ssr:stedsnr = 586489. No positions found, skipping
utility_to_osm - WARNING - ssr:stedsnr = 591744: No priority spelling found for lang = no, using alt_name to get "[('no', 'Sæviktunnelen')]"
utility_to_osm - ERROR - ssr:stedsnr = 591744. No positions found, skipping
utility_to_osm - ERROR - ssr:stedsnr = 601066. No positions found, skipping
utility_to_osm - WARNING - ssr:stedsnr = 601497: No priority spelling found for lang = no, using alt_name to get "[('no', 'Ytrebøvegen')]"
utility_to_osm - ERROR - ssr:stedsnr = 601497. No positions found, skipping
utility_to_osm - ERROR - ssr:stedsnr = 603013. No positions found, skipping
utility_to_osm - WARNING - ssr:stedsnr = 617556 has multiple (3) positions, using the first one!
utility_to_osm - WARNING - ssr:stedsnr = 617561: No priority spelling found for lang = no, using alt_name to get "[('no', 'Hidslendingane')]"
utility_to_osm - WARNING - ssr:stedsnr = 617561 has multiple (3) positions, using the first one!
utility_to_osm - WARNING - ssr:stedsnr = 617564 has multiple (2) positions, using the first one!
utility_to_osm - ERROR - ssr:stedsnr = 617569: Adding multiple names to name tag, this is not OK! name = "Sandøya;Store Sandøya"
utility_to_osm - WARNING - ssr:stedsnr = 617569 has multiple (4) positions, using the first one!
utility_to_osm - WARNING - ssr:stedsnr = 617170 has multiple (3) positions, using the first one!
utility_to_osm - WARNING - ssr:stedsnr = 617180 has multiple (3) positions, using the first one!
utility_to_osm - WARNING - ssr:stedsnr = 617639 has multiple (2) positions, using the first one!
utility_to_osm - WARNING - ssr:stedsnr = 617648 has multiple (3) positions, using the first one!
utility_to_osm - WARNING - ssr:stedsnr = 617654: No priority spelling found for lang = no, using alt_name to get "[('no', 'Rundasundet')]"
utility_to_osm - WARNING - ssr:stedsnr = 617654 has multiple (3) positions, using the first one!
utility_to_osm - WARNING - ssr:stedsnr = 617238 has multiple (2) positions, using the first one!
utility_to_osm - WARNING - ssr:stedsnr = 617626: No priority spelling found for lang = no, using alt_name to get "[('no', 'Leidfluda')]"
utility_to_osm - WARNING - ssr:stedsnr = 617626 has multiple (2) positions, using the first one!
utility_to_osm - WARNING - ssr:stedsnr = 617821 has multiple (2) positions, using the first one!
utility_to_osm - WARNING - ssr:stedsnr = 617574 has multiple (2) positions, using the first one!
utility_to_osm - WARNING - ssr:stedsnr = 617575: No priority spelling found for lang = no, using alt_name to get "[('no', 'Store Godøyfluda')]"
utility_to_osm - WARNING - ssr:stedsnr = 617575 has multiple (2) positions, using the first one!
utility_to_osm - WARNING - ssr:stedsnr = 617577 has multiple (3) positions, using the first one!
utility_to_osm - ERROR - ssr:stedsnr = 646421. No positions found, skipping
utility_to_osm - ERROR - ssr:stedsnr = 646438. No positions found, skipping
utility_to_osm - ERROR - ssr:stedsnr = 646448. No positions found, skipping
utility_to_osm - ERROR - ssr:stedsnr = 646462. No positions found, skipping
utility_to_osm - WARNING - ssr:stedsnr = 646464: No priority spelling found for lang = no, using alt_name to get "[('no', 'Torvika')]"
utility_to_osm - ERROR - ssr:stedsnr = 646464. No positions found, skipping
utility_to_osm - ERROR - ssr:stedsnr = 646984. No positions found, skipping
utility_to_osm - WARNING - ssr:stedsnr = 652659: No priority spelling found for lang = no, using alt_name to get "[('no', 'Jøsokbrua')]"
utility_to_osm - WARNING - ssr:stedsnr = 662521: No priority spelling found for lang = no, using alt_name to get "[('no', 'Arhaugvegen')]"
utility_to_osm - ERROR - ssr:stedsnr = 662521. No positions found, skipping
utility_to_osm - WARNING - ssr:stedsnr = 662065: No priority spelling found for lang = no, using alt_name to get "[('no', "Gerhard Voldnes' veg")]"
utility_to_osm - ERROR - ssr:stedsnr = 662065. No positions found, skipping
utility_to_osm - ERROR - ssr:stedsnr = 723065. No positions found, skipping
utility_to_osm - WARNING - ssr:stedsnr = 725391: No priority spelling found for lang = no, using alt_name to get "[('no', 'Leitevegen')]"
utility_to_osm - ERROR - ssr:stedsnr = 725391. No positions found, skipping
utility_to_osm - WARNING - ssr:stedsnr = 739665 has multiple (2) positions, using the first one!
utility_to_osm - WARNING - ssr:stedsnr = 739673 has multiple (2) positions, using the first one!
utility_to_osm - WARNING - ssr:stedsnr = 738085 has multiple (3) positions, using the first one!
utility_to_osm - WARNING - ssr:stedsnr = 738548: No priority spelling found for lang = no, using alt_name to get "[('no', 'Lisje Godøyfluda')]"
utility_to_osm - WARNING - ssr:stedsnr = 738548 has multiple (2) positions, using the first one!
utility_to_osm - WARNING - ssr:stedsnr = 739132 has multiple (2) positions, using the first one!
utility_to_osm - WARNING - ssr:stedsnr = 739533 has multiple (2) positions, using the first one!
utility_to_osm - WARNING - ssr:stedsnr = 739774 has multiple (3) positions, using the first one!
utility_to_osm - WARNING - ssr:stedsnr = 739823: No priority spelling found for lang = no, using alt_name to get "[('no', 'Torvika')]"
utility_to_osm - WARNING - ssr:stedsnr = 757236: No priority spelling found for lang = no, using alt_name to get "[('no', 'Kleppestranda')]"
utility_to_osm - WARNING - ssr:stedsnr = 765683: No priority spelling found for lang = no, using alt_name to get "[('no', 'Dragsundbrua')]"
utility_to_osm - WARNING - ssr:stedsnr = 765683 has multiple (2) positions, using the first one!
utility_to_osm - WARNING - ssr:stedsnr = 889947: No priority spelling found for lang = no, using alt_name to get "[('no', 'Legene')]"
utility_to_osm - ERROR - ssr:stedsnr = 889947. No positions found, skipping
utility_to_osm - ERROR - ssr:stedsnr = 889975. No positions found, skipping
utility_to_osm - ERROR - ssr:stedsnr = 889977. No positions found, skipping
utility_to_osm - ERROR - ssr:stedsnr = 768429. No positions found, skipping
utility_to_osm - WARNING - ssr:stedsnr = 768434: No priority spelling found for lang = no, using alt_name to get "[('no', 'Strandavegen')]"
utility_to_osm - ERROR - ssr:stedsnr = 768434. No positions found, skipping
utility_to_osm - ERROR - ssr:stedsnr = 768466. No positions found, skipping
utility_to_osm - WARNING - ssr:stedsnr = 768472: No priority spelling found for lang = no, using alt_name to get "[('no', 'Flusundvegen')]"
utility_to_osm - ERROR - ssr:stedsnr = 768472. No positions found, skipping
utility_to_osm - ERROR - ssr:stedsnr = 768974. No positions found, skipping
utility_to_osm - ERROR - ssr:stedsnr = 768982. No positions found, skipping
utility_to_osm - WARNING - ssr:stedsnr = 773632: No priority spelling found for lang = no, using alt_name to get "[('no', 'Raudvikbrua')]"
utility_to_osm - WARNING - ssr:stedsnr = 773844: No priority spelling found for lang = no, using alt_name to get "[('no', 'Buholmbrua')]"
utility_to_osm - WARNING - ssr:stedsnr = 774884: No priority spelling found for lang = no, using alt_name to get "[('no', 'Herøybrua')]"
utility_to_osm - WARNING - ssr:stedsnr = 774884 has multiple (2) positions, using the first one!
utility_to_osm - WARNING - ssr:stedsnr = 774890: No priority spelling found for lang = no, using alt_name to get "[('no', 'Klungsøyrgangbrua')]"
utility_to_osm - WARNING - ssr:stedsnr = 783491: No priority spelling found for lang = no, using alt_name to get "[('no', 'Bøvegen')]"
utility_to_osm - ERROR - ssr:stedsnr = 783491. No positions found, skipping
utility_to_osm - WARNING - ssr:stedsnr = 785384: No priority spelling found for lang = no, using alt_name to get "[('no', 'Nedre Røyra')]"
utility_to_osm - ERROR - ssr:stedsnr = 785384. No positions found, skipping
utility_to_osm - WARNING - ssr:stedsnr = 799574 has multiple (2) positions, using the first one!
utility_to_osm - WARNING - ssr:stedsnr = 799577 has multiple (2) positions, using the first one!
utility_to_osm - WARNING - ssr:stedsnr = 799137 has multiple (2) positions, using the first one!
utility_to_osm - WARNING - ssr:stedsnr = 799072 has multiple (2) positions, using the first one!
utility_to_osm - WARNING - ssr:stedsnr = 799075 has multiple (2) positions, using the first one!
utility_to_osm - WARNING - ssr:stedsnr = 799172 has multiple (3) positions, using the first one!
utility_to_osm - WARNING - ssr:stedsnr = 799181 has multiple (2) positions, using the first one!
utility_to_osm - WARNING - ssr:stedsnr = 800519 has multiple (3) positions, using the first one!
utility_to_osm - WARNING - ssr:stedsnr = 800602: No priority spelling found for lang = no, using alt_name to get "[('no', 'Lisjevatnet')]"
utility_to_osm - WARNING - ssr:stedsnr = 800602 has multiple (3) positions, using the first one!
utility_to_osm - WARNING - ssr:stedsnr = 800619 has multiple (2) positions, using the first one!
utility_to_osm - WARNING - ssr:stedsnr = 800134 has multiple (2) positions, using the first one!
utility_to_osm - WARNING - ssr:stedsnr = 800136 has multiple (3) positions, using the first one!
utility_to_osm - WARNING - ssr:stedsnr = 800139: No priority spelling found for lang = no, using alt_name to get "[('no', 'Legene')]"
utility_to_osm - WARNING - ssr:stedsnr = 800139 has multiple (3) positions, using the first one!
utility_to_osm - WARNING - ssr:stedsnr = 800142 has multiple (3) positions, using the first one!
utility_to_osm - WARNING - ssr:stedsnr = 800526 has multiple (3) positions, using the first one!
utility_to_osm - WARNING - ssr:stedsnr = 800542 has multiple (3) positions, using the first one!
utility_to_osm - WARNING - ssr:stedsnr = 800642: No priority spelling found for lang = no, using alt_name to get "[('no', 'Lisjeskjeret')]"
utility_to_osm - WARNING - ssr:stedsnr = 800642 has multiple (2) positions, using the first one!
utility_to_osm - WARNING - ssr:stedsnr = 800649 has multiple (3) positions, using the first one!
utility_to_osm - WARNING - ssr:stedsnr = 800651 has multiple (2) positions, using the first one!
utility_to_osm - WARNING - ssr:stedsnr = 800868 has multiple (5) positions, using the first one!
utility_to_osm - WARNING - ssr:stedsnr = 808133 has multiple (6) positions, using the first one!
utility_to_osm - WARNING - ssr:stedsnr = 819155: No priority spelling found for lang = no, using alt_name to get "[('no', 'Stridestraumsbrua')]"
utility_to_osm - WARNING - ssr:stedsnr = 826653 has multiple (2) positions, using the first one!
utility_to_osm - ERROR - ssr:stedsnr = 829442. No positions found, skipping
utility_to_osm - ERROR - ssr:stedsnr = 829446. No positions found, skipping
utility_to_osm - ERROR - ssr:stedsnr = 829460. No positions found, skipping
utility_to_osm - ERROR - ssr:stedsnr = 829491. No positions found, skipping
utility_to_osm - ERROR - ssr:stedsnr = 829494. No positions found, skipping
utility_to_osm - WARNING - ssr:stedsnr = 834659: No priority spelling found for lang = no, using alt_name to get "[('no', 'Remøybrua')]"
utility_to_osm - WARNING - ssr:stedsnr = 834659 has multiple (2) positions, using the first one!
utility_to_osm - WARNING - ssr:stedsnr = 835698: No priority spelling found for lang = no, using alt_name to get "[('no', 'Rundebrua')]"
utility_to_osm - WARNING - ssr:stedsnr = 835698 has multiple (2) positions, using the first one!
utility_to_osm - ERROR - ssr:stedsnr = 847040. No positions found, skipping
utility_to_osm - WARNING - ssr:stedsnr = 847462: No priority spelling found for lang = no, using alt_name to get "[('no', 'Mulevikvegen')]"
utility_to_osm - ERROR - ssr:stedsnr = 847462. No positions found, skipping
utility_to_osm - WARNING - ssr:stedsnr = 857471: No priority spelling found for lang = no, using alt_name to get "[('no', 'Eggesbømarka')]"
utility_to_osm - WARNING - ssr:stedsnr = 860654 has multiple (3) positions, using the first one!
utility_to_osm - WARNING - ssr:stedsnr = 860715 has multiple (2) positions, using the first one!
utility_to_osm - WARNING - ssr:stedsnr = 860182 has multiple (2) positions, using the first one!
utility_to_osm - WARNING - ssr:stedsnr = 860184: No priority spelling found for lang = no, using alt_name to get "[('no', 'Veien')]"
utility_to_osm - WARNING - ssr:stedsnr = 860589 has multiple (3) positions, using the first one!
utility_to_osm - WARNING - ssr:stedsnr = 860597 has multiple (3) positions, using the first one!
utility_to_osm - WARNING - ssr:stedsnr = 860600 has multiple (2) positions, using the first one!
utility_to_osm - WARNING - ssr:stedsnr = 860543: No priority spelling found for lang = no, using alt_name to get "[('no', 'Lisjedalen')]"
utility_to_osm - WARNING - ssr:stedsnr = 860543 has multiple (3) positions, using the first one!
utility_to_osm - WARNING - ssr:stedsnr = 860720: No priority spelling found for lang = no, using alt_name to get "[('no', 'Lisjevoren')]"
utility_to_osm - WARNING - ssr:stedsnr = 860720 has multiple (2) positions, using the first one!
utility_to_osm - WARNING - ssr:stedsnr = 861556 has multiple (4) positions, using the first one!
utility_to_osm - WARNING - ssr:stedsnr = 861545: No priority spelling found for lang = no, using alt_name to get "[('no', 'Remefluda')]"
utility_to_osm - WARNING - ssr:stedsnr = 861545 has multiple (2) positions, using the first one!
utility_to_osm - WARNING - ssr:stedsnr = 861642 has multiple (2) positions, using the first one!
utility_to_osm - WARNING - ssr:stedsnr = 861754 has multiple (3) positions, using the first one!
utility_to_osm - WARNING - ssr:stedsnr = 879229: No priority spelling found for lang = no, using alt_name to get "[('no', 'Lisje Langholmen')]"
utility_to_osm - WARNING - ssr:stedsnr = 887257 has multiple (2) positions, using the first one!
utility_to_osm - WARNING - ssr:stedsnr = 939256: No priority spelling found for lang = no, using alt_name to get "[('no', 'Roskar')]"
utility_to_osm - WARNING - ssr:stedsnr = 939730: No priority spelling found for lang = no, using alt_name to get "[('no', 'Lisjeneset')]"
utility_to_osm - ERROR - ssr:stedsnr = 950429. No positions found, skipping
utility_to_osm - ERROR - ssr:stedsnr = 950449. No positions found, skipping
utility_to_osm - WARNING - ssr:stedsnr = 950463: No priority spelling found for lang = no, using alt_name to get "[('no', 'Nedre Berge')]"
utility_to_osm - ERROR - ssr:stedsnr = 950463. No positions found, skipping
utility_to_osm - ERROR - ssr:stedsnr = 950471. No positions found, skipping
utility_to_osm - ERROR - ssr:stedsnr = 950868. No positions found, skipping
utility_to_osm - ERROR - ssr:stedsnr = 950970. No positions found, skipping
utility_to_osm - ERROR - ssr:stedsnr = 950971. No positions found, skipping
utility_to_osm - ERROR - ssr:stedsnr = 950975. No positions found, skipping
utility_to_osm - WARNING - ssr:stedsnr = 956877: No priority spelling found for lang = no, using alt_name to get "[('no', 'Einehaugbrua')]"
utility_to_osm - WARNING - ssr:stedsnr = 956885: No priority spelling found for lang = no, using alt_name to get "[('no', 'Klungsøyrbrua')]"
utility_to_osm - WARNING - ssr:stedsnr = 967398: No priority spelling found for lang = no, using alt_name to get "[('no', 'Røyravegen')]"
utility_to_osm - ERROR - ssr:stedsnr = 967398. No positions found, skipping
utility_to_osm - WARNING - ssr:stedsnr = 1057624: No priority spelling found for lang = no, using alt_name to get "[('no', 'Holkestadvegen')]"
utility_to_osm - ERROR - ssr:stedsnr = 1057624. No positions found, skipping
utility_to_osm - WARNING - ssr:stedsnr = 1057627: No priority spelling found for lang = no, using alt_name to get "[('no', 'Gjerderåsa')]"
utility_to_osm - ERROR - ssr:stedsnr = 1057627. No positions found, skipping
utility_to_osm - WARNING - ssr:stedsnr = 1057629: No priority spelling found for lang = no, using alt_name to get "[('no', 'Bergshaugen')]"
utility_to_osm - ERROR - ssr:stedsnr = 1057629. No positions found, skipping
utility_to_osm - WARNING - ssr:stedsnr = 1057632: No priority spelling found for lang = no, using alt_name to get "[('no', 'Røyrasundvegen')]"
utility_to_osm - ERROR - ssr:stedsnr = 1057632. No positions found, skipping
utility_to_osm - WARNING - ssr:stedsnr = 1057634: No priority spelling found for lang = no, using alt_name to get "[('no', 'Jensholmen')]"
utility_to_osm - ERROR - ssr:stedsnr = 1057634. No positions found, skipping
utility_to_osm - WARNING - ssr:stedsnr = 1057637: No priority spelling found for lang = no, using alt_name to get "[('no', 'Bergslibakken')]"
utility_to_osm - ERROR - ssr:stedsnr = 1057637. No positions found, skipping
utility_to_osm - WARNING - ssr:stedsnr = 1057638: No priority spelling found for lang = no, using alt_name to get "[('no', 'Kobbenesvegen')]"
utility_to_osm - ERROR - ssr:stedsnr = 1057638. No positions found, skipping
utility_to_osm - WARNING - ssr:stedsnr = 1057639: No priority spelling found for lang = no, using alt_name to get "[('no', 'Tuftene')]"
utility_to_osm - ERROR - ssr:stedsnr = 1057639. No positions found, skipping
utility_to_osm - WARNING - ssr:stedsnr = 1057644: No priority spelling found for lang = no, using alt_name to get "[('no', 'Nybøvegen')]"
utility_to_osm - ERROR - ssr:stedsnr = 1057644. No positions found, skipping
utility_to_osm - WARNING - ssr:stedsnr = 1057647: No priority spelling found for lang = no, using alt_name to get "[('no', 'Skarvegen')]"
utility_to_osm - ERROR - ssr:stedsnr = 1057647. No positions found, skipping
utility_to_osm - WARNING - ssr:stedsnr = 1057648: No priority spelling found for lang = no, using alt_name to get "[('no', 'Dragsundråsa')]"
utility_to_osm - ERROR - ssr:stedsnr = 1057648. No positions found, skipping
utility_to_osm - WARNING - ssr:stedsnr = 1057650: No priority spelling found for lang = no, using alt_name to get "[('no', 'Notabergvegen')]"
utility_to_osm - ERROR - ssr:stedsnr = 1057650. No positions found, skipping
utility_to_osm - WARNING - ssr:stedsnr = 1057651: No priority spelling found for lang = no, using alt_name to get "[('no', 'Sætremyrvegen')]"
utility_to_osm - ERROR - ssr:stedsnr = 1057651. No positions found, skipping
utility_to_osm - WARNING - ssr:stedsnr = 1057662: No priority spelling found for lang = no, using alt_name to get "[('no', 'Øvre Flusund')]"
utility_to_osm - ERROR - ssr:stedsnr = 1057662. No positions found, skipping
utility_to_osm - WARNING - ssr:stedsnr = 1057663: No priority spelling found for lang = no, using alt_name to get "[('no', 'Straumen')]"
utility_to_osm - ERROR - ssr:stedsnr = 1057663. No positions found, skipping
utility_to_osm - WARNING - ssr:stedsnr = 1057668: No priority spelling found for lang = no, using alt_name to get "[('no', 'Elsebøvegen')]"
utility_to_osm - ERROR - ssr:stedsnr = 1057668. No positions found, skipping
utility_to_osm - WARNING - ssr:stedsnr = 1057670: No priority spelling found for lang = no, using alt_name to get "[('no', 'Hjorthaugane')]"
utility_to_osm - ERROR - ssr:stedsnr = 1057670. No positions found, skipping
utility_to_osm - WARNING - ssr:stedsnr = 1057671: No priority spelling found for lang = no, using alt_name to get "[('no', 'Reitane')]"
utility_to_osm - ERROR - ssr:stedsnr = 1057671. No positions found, skipping
utility_to_osm - WARNING - ssr:stedsnr = 1057736: No priority spelling found for lang = no, using alt_name to get "[('no', 'Aurvåg')]"
utility_to_osm - ERROR - ssr:stedsnr = 1057736. No positions found, skipping
utility_to_osm - WARNING - ssr:stedsnr = 1057739: No priority spelling found for lang = no, using alt_name to get "[('no', 'Eggesbøjorda')]"
utility_to_osm - ERROR - ssr:stedsnr = 1057739. No positions found, skipping
utility_to_osm - WARNING - ssr:stedsnr = 1057741: No priority spelling found for lang = no, using alt_name to get "[('no', 'Huldalsbana')]"
utility_to_osm - ERROR - ssr:stedsnr = 1057741. No positions found, skipping
utility_to_osm - WARNING - ssr:stedsnr = 1057734: No priority spelling found for lang = no, using alt_name to get "[('no', 'Remøyholmen')]"
utility_to_osm - ERROR - ssr:stedsnr = 1057734. No positions found, skipping
utility_to_osm - WARNING - ssr:stedsnr = 1057735: No priority spelling found for lang = no, using alt_name to get "[('no', 'Myrvågneset')]"
utility_to_osm - ERROR - ssr:stedsnr = 1057735. No positions found, skipping
utility_to_osm - WARNING - ssr:stedsnr = 1082577: No priority spelling found for lang = no, using alt_name to get "[('no', 'Lisavegen')]"
utility_to_osm - WARNING - ssr:stedsnr = 1082576: No priority spelling found for lang = no, using alt_name to get "[('no', 'Almavegen')]"
