utility_to_osm - WARNING - ssr:stedsnr = 230448 has multiple (2) positions, using the first one!
utility_to_osm - WARNING - ssr:stedsnr = 20043 has multiple (3) positions, using the first one!
utility_to_osm - WARNING - ssr:stedsnr = 20046 has multiple (2) positions, using the first one!
utility_to_osm - WARNING - ssr:stedsnr = 20047: No priority spelling found for lang = se, using alt_name to get "[('no', 'Misjonsfjellet'), ('se', 'Miššavuonrášša')]"
utility_to_osm - WARNING - ssr:stedsnr = 20047 has multiple (3) positions, using the first one!
utility_to_osm - WARNING - ssr:stedsnr = 20249 has multiple (3) positions, using the first one!
utility_to_osm - WARNING - ssr:stedsnr = 20311: No priority spelling found for lang = se, using alt_name to get "[('no', 'Kamøya'), ('no', 'Store Kamøya'), ('se', 'Gáhpesuolu')]"
utility_to_osm - ERROR - ssr:stedsnr = 20311: Adding multiple names to name tag, this is not OK! name = "Kamøya;Store Kamøya"
utility_to_osm - WARNING - ssr:stedsnr = 20311 has multiple (3) positions, using the first one!
utility_to_osm - WARNING - ssr:stedsnr = 20314 has multiple (2) positions, using the first one!
utility_to_osm - ERROR - ssr:stedsnr = 20324: Adding multiple names to name tag, this is not OK! name = "Stillbukta;Vesterbotn"
utility_to_osm - WARNING - ssr:stedsnr = 20289 has multiple (3) positions, using the first one!
utility_to_osm - WARNING - ssr:stedsnr = 20291 has multiple (2) positions, using the first one!
utility_to_osm - WARNING - ssr:stedsnr = 20292 has multiple (4) positions, using the first one!
utility_to_osm - WARNING - ssr:stedsnr = 20293 has multiple (2) positions, using the first one!
utility_to_osm - WARNING - ssr:stedsnr = 20295 has multiple (2) positions, using the first one!
utility_to_osm - WARNING - ssr:stedsnr = 20252 has multiple (2) positions, using the first one!
utility_to_osm - WARNING - ssr:stedsnr = 20275 has multiple (2) positions, using the first one!
utility_to_osm - WARNING - ssr:stedsnr = 20439: No priority spelling found for lang = no, using alt_name to get "[('no', 'Finnvika')]"
utility_to_osm - WARNING - ssr:stedsnr = 20745 has multiple (3) positions, using the first one!
utility_to_osm - ERROR - ssr:stedsnr = 26316: Adding multiple names to name tag, this is not OK! name = "Lille Melkøya;Melkøya"
utility_to_osm - WARNING - ssr:stedsnr = 80121 has multiple (2) positions, using the first one!
utility_to_osm - WARNING - ssr:stedsnr = 80305 has multiple (5) positions, using the first one!
utility_to_osm - WARNING - ssr:stedsnr = 80313 has multiple (3) positions, using the first one!
utility_to_osm - WARNING - ssr:stedsnr = 80447: No priority spelling found for lang = no, using alt_name to get "[('no', 'Springneset')]"
utility_to_osm - WARNING - ssr:stedsnr = 80538 has multiple (6) positions, using the first one!
utility_to_osm - WARNING - ssr:stedsnr = 81024 has multiple (2) positions, using the first one!
utility_to_osm - WARNING - ssr:stedsnr = 81088 has multiple (4) positions, using the first one!
utility_to_osm - WARNING - ssr:stedsnr = 81292 has multiple (2) positions, using the first one!
utility_to_osm - WARNING - ssr:stedsnr = 81297 has multiple (2) positions, using the first one!
utility_to_osm - WARNING - ssr:stedsnr = 81298 has multiple (5) positions, using the first one!
utility_to_osm - WARNING - ssr:stedsnr = 81308: No priority spelling found for lang = no, using alt_name to get "[('no', 'Jarnsteinbåen')]"
utility_to_osm - WARNING - ssr:stedsnr = 81308 has multiple (4) positions, using the first one!
utility_to_osm - WARNING - ssr:stedsnr = 81316 has multiple (2) positions, using the first one!
utility_to_osm - WARNING - ssr:stedsnr = 81318 has multiple (3) positions, using the first one!
utility_to_osm - ERROR - ssr:stedsnr = 81396: Adding multiple names to name tag, this is not OK! name = "Hollenderskjæret;Hollendarskjæran"
utility_to_osm - WARNING - ssr:stedsnr = 85829: No priority spelling found for lang = no, using alt_name to get "[('no', 'Leira')]"
utility_to_osm - WARNING - ssr:stedsnr = 140305 has multiple (3) positions, using the first one!
utility_to_osm - WARNING - ssr:stedsnr = 141003 has multiple (3) positions, using the first one!
utility_to_osm - WARNING - ssr:stedsnr = 141040 has multiple (2) positions, using the first one!
utility_to_osm - WARNING - ssr:stedsnr = 141086 has multiple (3) positions, using the first one!
utility_to_osm - WARNING - ssr:stedsnr = 141305 has multiple (3) positions, using the first one!
utility_to_osm - WARNING - ssr:stedsnr = 262060 has multiple (10) positions, using the first one!
utility_to_osm - WARNING - ssr:stedsnr = 262064 has multiple (2) positions, using the first one!
utility_to_osm - WARNING - ssr:stedsnr = 262158 has multiple (2) positions, using the first one!
utility_to_osm - WARNING - ssr:stedsnr = 262176: No priority spelling found for lang = no, using alt_name to get "[('no', 'Lille Altsula')]"
utility_to_osm - WARNING - ssr:stedsnr = 262176 has multiple (2) positions, using the first one!
utility_to_osm - WARNING - ssr:stedsnr = 262180: No priority spelling found for lang = no, using alt_name to get "[('no', 'Finnroran')]"
utility_to_osm - WARNING - ssr:stedsnr = 262180 has multiple (3) positions, using the first one!
utility_to_osm - WARNING - ssr:stedsnr = 262189: No priority spelling found for lang = no, using alt_name to get "[('no', 'Hjellneset')]"
utility_to_osm - WARNING - ssr:stedsnr = 262189 has multiple (2) positions, using the first one!
utility_to_osm - WARNING - ssr:stedsnr = 262246 has multiple (3) positions, using the first one!
utility_to_osm - ERROR - ssr:stedsnr = 262338: Adding multiple names to name tag, this is not OK! name = "Melkøya;Store Melkøya"
utility_to_osm - WARNING - ssr:stedsnr = 262249 has multiple (3) positions, using the first one!
utility_to_osm - WARNING - ssr:stedsnr = 262261 has multiple (3) positions, using the first one!
utility_to_osm - WARNING - ssr:stedsnr = 262264 has multiple (3) positions, using the first one!
utility_to_osm - ERROR - ssr:stedsnr = 262285: Adding multiple names to name tag, this is not OK! name = "Krikenes;Krykjeneset"
utility_to_osm - WARNING - ssr:stedsnr = 262285 has multiple (2) positions, using the first one!
utility_to_osm - WARNING - ssr:stedsnr = 262359 has multiple (2) positions, using the first one!
utility_to_osm - WARNING - ssr:stedsnr = 262363 has multiple (3) positions, using the first one!
utility_to_osm - WARNING - ssr:stedsnr = 262556 has multiple (2) positions, using the first one!
utility_to_osm - WARNING - ssr:stedsnr = 262977 has multiple (6) positions, using the first one!
utility_to_osm - WARNING - ssr:stedsnr = 262979 has multiple (2) positions, using the first one!
utility_to_osm - WARNING - ssr:stedsnr = 263051: No priority spelling found for lang = no, using alt_name to get "[('no', 'Storholmen')]"
utility_to_osm - WARNING - ssr:stedsnr = 263054: No priority spelling found for lang = no, using alt_name to get "[('no', 'Lilleholmen')]"
utility_to_osm - WARNING - ssr:stedsnr = 263110: No priority spelling found for lang = se, using alt_name to get "[('no', 'Langstrandtinden'), ('no', 'Børa'), ('no', 'Lille Børa'), ('se', 'Beavža-Fáhccun')]"
utility_to_osm - ERROR - ssr:stedsnr = 263110: Adding multiple names to name tag, this is not OK! name = "Langstrandtinden;Børa;Lille Børa"
utility_to_osm - WARNING - ssr:stedsnr = 263110 has multiple (3) positions, using the first one!
utility_to_osm - WARNING - ssr:stedsnr = 263114 has multiple (3) positions, using the first one!
utility_to_osm - ERROR - ssr:stedsnr = 263326: Adding multiple names to name tag, this is not OK! name = "Molvikfjellet;Kistefjellet"
utility_to_osm - WARNING - ssr:stedsnr = 263326 has multiple (2) positions, using the first one!
utility_to_osm - WARNING - ssr:stedsnr = 263358 has multiple (2) positions, using the first one!
utility_to_osm - WARNING - ssr:stedsnr = 263363 has multiple (3) positions, using the first one!
utility_to_osm - WARNING - ssr:stedsnr = 263465 has multiple (9) positions, using the first one!
utility_to_osm - WARNING - ssr:stedsnr = 266148 has multiple (4) positions, using the first one!
utility_to_osm - WARNING - ssr:stedsnr = 267297 has multiple (2) positions, using the first one!
utility_to_osm - WARNING - ssr:stedsnr = 202142 has multiple (2) positions, using the first one!
utility_to_osm - WARNING - ssr:stedsnr = 202321: No priority spelling found for lang = no, using alt_name to get "[('no', 'Kobbholet')]"
utility_to_osm - WARNING - ssr:stedsnr = 202324 has multiple (2) positions, using the first one!
utility_to_osm - WARNING - ssr:stedsnr = 202345 has multiple (2) positions, using the first one!
utility_to_osm - WARNING - ssr:stedsnr = 202346 has multiple (2) positions, using the first one!
utility_to_osm - WARNING - ssr:stedsnr = 202708: No priority spelling found for lang = no, using alt_name to get "[('no', 'Skaret')]"
utility_to_osm - WARNING - ssr:stedsnr = 202709 has multiple (2) positions, using the first one!
utility_to_osm - WARNING - ssr:stedsnr = 202972 has multiple (4) positions, using the first one!
utility_to_osm - WARNING - ssr:stedsnr = 202977 has multiple (2) positions, using the first one!
utility_to_osm - WARNING - ssr:stedsnr = 267869: No priority spelling found for lang = no, using alt_name to get "[('no', 'Sandholmbåen')]"
utility_to_osm - WARNING - ssr:stedsnr = 208309 has multiple (3) positions, using the first one!
utility_to_osm - WARNING - ssr:stedsnr = 210906: No priority spelling found for lang = no, using alt_name to get "[('no', 'Lafjorden')]"
utility_to_osm - WARNING - ssr:stedsnr = 210906 has multiple (3) positions, using the first one!
utility_to_osm - WARNING - ssr:stedsnr = 210875: No priority spelling found for lang = no, using alt_name to get "[('no', 'Møljeholet')]"
utility_to_osm - WARNING - ssr:stedsnr = 210879: No priority spelling found for lang = no, using alt_name to get "[('no', 'Øvergrunnen')]"
utility_to_osm - WARNING - ssr:stedsnr = 450465 has multiple (2) positions, using the first one!
utility_to_osm - ERROR - ssr:stedsnr = 454738: Adding multiple names to name tag, this is not OK! name = "Mannskarviknakken;Nakken"
utility_to_osm - WARNING - ssr:stedsnr = 262002 has multiple (2) positions, using the first one!
utility_to_osm - WARNING - ssr:stedsnr = 262006 has multiple (2) positions, using the first one!
utility_to_osm - WARNING - ssr:stedsnr = 262016 has multiple (2) positions, using the first one!
utility_to_osm - WARNING - ssr:stedsnr = 262044 has multiple (2) positions, using the first one!
utility_to_osm - WARNING - ssr:stedsnr = 263097: No priority spelling found for lang = no, using alt_name to get "[('no', 'Rossmåltinden')]"
utility_to_osm - WARNING - ssr:stedsnr = 263097 has multiple (2) positions, using the first one!
utility_to_osm - WARNING - ssr:stedsnr = 263470: No priority spelling found for lang = no, using alt_name to get "[('no', 'Finnvika')]"
utility_to_osm - WARNING - ssr:stedsnr = 263470 has multiple (3) positions, using the first one!
utility_to_osm - WARNING - ssr:stedsnr = 263472: No priority spelling found for lang = no, using alt_name to get "[('no', 'Ole Arntsagrunnen')]"
utility_to_osm - WARNING - ssr:stedsnr = 263474: No priority spelling found for lang = no, using alt_name to get "[('no', 'Ole Arntsavika')]"
utility_to_osm - WARNING - ssr:stedsnr = 263701 has multiple (2) positions, using the first one!
utility_to_osm - WARNING - ssr:stedsnr = 267311: No priority spelling found for lang = no, using alt_name to get "[('no', 'Gråkollfjellet')]"
utility_to_osm - WARNING - ssr:stedsnr = 267311 has multiple (6) positions, using the first one!
utility_to_osm - WARNING - ssr:stedsnr = 323177 has multiple (3) positions, using the first one!
utility_to_osm - WARNING - ssr:stedsnr = 323182 has multiple (2) positions, using the first one!
utility_to_osm - WARNING - ssr:stedsnr = 323303 has multiple (2) positions, using the first one!
utility_to_osm - WARNING - ssr:stedsnr = 345169 has multiple (2) positions, using the first one!
utility_to_osm - WARNING - ssr:stedsnr = 383007 has multiple (2) positions, using the first one!
utility_to_osm - WARNING - ssr:stedsnr = 383060 has multiple (2) positions, using the first one!
utility_to_osm - WARNING - ssr:stedsnr = 383556 has multiple (5) positions, using the first one!
utility_to_osm - WARNING - ssr:stedsnr = 383955: No priority spelling found for lang = se, using alt_name to get "[('no', 'Repvågneset'), ('no', 'Innerneset'), ('se', 'Sisnjárga')]"
utility_to_osm - ERROR - ssr:stedsnr = 383955: Adding multiple names to name tag, this is not OK! name = "Repvågneset;Innerneset"
utility_to_osm - WARNING - ssr:stedsnr = 383955 has multiple (3) positions, using the first one!
utility_to_osm - WARNING - ssr:stedsnr = 384023 has multiple (3) positions, using the first one!
utility_to_osm - WARNING - ssr:stedsnr = 384305 has multiple (2) positions, using the first one!
utility_to_osm - WARNING - ssr:stedsnr = 384310 has multiple (2) positions, using the first one!
utility_to_osm - WARNING - ssr:stedsnr = 384312: No priority spelling found for lang = no, using alt_name to get "[('no', 'Sveet')]"
utility_to_osm - WARNING - ssr:stedsnr = 384312 has multiple (3) positions, using the first one!
utility_to_osm - WARNING - ssr:stedsnr = 424403 has multiple (2) positions, using the first one!
utility_to_osm - WARNING - ssr:stedsnr = 444229 has multiple (4) positions, using the first one!
utility_to_osm - WARNING - ssr:stedsnr = 444231 has multiple (2) positions, using the first one!
utility_to_osm - WARNING - ssr:stedsnr = 444515 has multiple (3) positions, using the first one!
utility_to_osm - WARNING - ssr:stedsnr = 444628 has multiple (3) positions, using the first one!
utility_to_osm - WARNING - ssr:stedsnr = 445304 has multiple (2) positions, using the first one!
utility_to_osm - WARNING - ssr:stedsnr = 445306 has multiple (3) positions, using the first one!
utility_to_osm - WARNING - ssr:stedsnr = 445335 has multiple (2) positions, using the first one!
utility_to_osm - WARNING - ssr:stedsnr = 445341 has multiple (3) positions, using the first one!
utility_to_osm - WARNING - ssr:stedsnr = 445376 has multiple (2) positions, using the first one!
utility_to_osm - WARNING - ssr:stedsnr = 445475 has multiple (2) positions, using the first one!
utility_to_osm - WARNING - ssr:stedsnr = 445708 has multiple (2) positions, using the first one!
utility_to_osm - WARNING - ssr:stedsnr = 445710 has multiple (2) positions, using the first one!
utility_to_osm - WARNING - ssr:stedsnr = 449822: No priority spelling found for lang = no, using alt_name to get "[('no', 'Revsholmbåen')]"
utility_to_osm - WARNING - ssr:stedsnr = 449822 has multiple (2) positions, using the first one!
utility_to_osm - WARNING - ssr:stedsnr = 484421: No priority spelling found for lang = no, using alt_name to get "[('no', 'Sarnes')]"
utility_to_osm - WARNING - ssr:stedsnr = 505017 has multiple (2) positions, using the first one!
utility_to_osm - WARNING - ssr:stedsnr = 505310 has multiple (7) positions, using the first one!
utility_to_osm - WARNING - ssr:stedsnr = 505277 has multiple (3) positions, using the first one!
utility_to_osm - WARNING - ssr:stedsnr = 505404 has multiple (7) positions, using the first one!
utility_to_osm - WARNING - ssr:stedsnr = 505478 has multiple (2) positions, using the first one!
utility_to_osm - WARNING - ssr:stedsnr = 505479: No priority spelling found for lang = no, using alt_name to get "[('no', 'Sarnesfjorden')]"
utility_to_osm - WARNING - ssr:stedsnr = 505479: No priority spelling found for lang = se, using alt_name to get "[('no', 'Sarnesfjorden'), ('se', 'Sárravuotna')]"
utility_to_osm - WARNING - ssr:stedsnr = 505479 has multiple (4) positions, using the first one!
utility_to_osm - WARNING - ssr:stedsnr = 527176: No priority spelling found for lang = no, using alt_name to get "[('no', 'Sarnesøra')]"
utility_to_osm - WARNING - ssr:stedsnr = 687029: No priority spelling found for lang = se, using alt_name to get "[('no', 'Laholmen'), ('se', 'Sullovuolli')]"
utility_to_osm - WARNING - ssr:stedsnr = 687029 has multiple (3) positions, using the first one!
utility_to_osm - WARNING - ssr:stedsnr = 687121 has multiple (6) positions, using the first one!
utility_to_osm - WARNING - ssr:stedsnr = 687156 has multiple (3) positions, using the first one!
utility_to_osm - WARNING - ssr:stedsnr = 687178: No priority spelling found for lang = no, using alt_name to get "[('no', 'Molfjellet')]"
utility_to_osm - WARNING - ssr:stedsnr = 687178 has multiple (2) positions, using the first one!
utility_to_osm - WARNING - ssr:stedsnr = 687179: No priority spelling found for lang = se, using alt_name to get "[('no', 'Porsangneset'), ('se', 'Čavččanjárga')]"
utility_to_osm - WARNING - ssr:stedsnr = 687179 has multiple (5) positions, using the first one!
utility_to_osm - ERROR - ssr:stedsnr = 687309: Adding multiple names to name tag, this is not OK! name = "Skarvskjæret;Skarveskjæret"
utility_to_osm - WARNING - ssr:stedsnr = 687312: No priority spelling found for lang = no, using alt_name to get "[('no', 'Gråkollen')]"
utility_to_osm - WARNING - ssr:stedsnr = 687312 has multiple (4) positions, using the first one!
utility_to_osm - WARNING - ssr:stedsnr = 687255 has multiple (4) positions, using the first one!
utility_to_osm - WARNING - ssr:stedsnr = 687259 has multiple (2) positions, using the first one!
utility_to_osm - WARNING - ssr:stedsnr = 687263 has multiple (3) positions, using the first one!
utility_to_osm - WARNING - ssr:stedsnr = 687361 has multiple (2) positions, using the first one!
utility_to_osm - WARNING - ssr:stedsnr = 687451 has multiple (3) positions, using the first one!
utility_to_osm - WARNING - ssr:stedsnr = 687519: No priority spelling found for lang = se, using alt_name to get "[('no', 'Inner-Hårvika'), ('se', 'Guhkesluokta')]"
utility_to_osm - WARNING - ssr:stedsnr = 687519 has multiple (4) positions, using the first one!
utility_to_osm - WARNING - ssr:stedsnr = 687557 has multiple (2) positions, using the first one!
utility_to_osm - WARNING - ssr:stedsnr = 687744: No priority spelling found for lang = no, using alt_name to get "[('no', 'Risfjordskjæret')]"
utility_to_osm - WARNING - ssr:stedsnr = 688086 has multiple (2) positions, using the first one!
utility_to_osm - WARNING - ssr:stedsnr = 688312 has multiple (3) positions, using the first one!
utility_to_osm - WARNING - ssr:stedsnr = 688317 has multiple (2) positions, using the first one!
utility_to_osm - WARNING - ssr:stedsnr = 688326 has multiple (2) positions, using the first one!
utility_to_osm - WARNING - ssr:stedsnr = 565265 has multiple (4) positions, using the first one!
utility_to_osm - WARNING - ssr:stedsnr = 565505 has multiple (4) positions, using the first one!
utility_to_osm - WARNING - ssr:stedsnr = 565507 has multiple (2) positions, using the first one!
utility_to_osm - WARNING - ssr:stedsnr = 565731 has multiple (2) positions, using the first one!
utility_to_osm - WARNING - ssr:stedsnr = 565913 has multiple (26) positions, using the first one!
utility_to_osm - WARNING - ssr:stedsnr = 566104: No priority spelling found for lang = se, using alt_name to get "[('no', 'Jernøya'), ('se', 'Ruovdesuolu')]"
utility_to_osm - WARNING - ssr:stedsnr = 566104 has multiple (3) positions, using the first one!
utility_to_osm - WARNING - ssr:stedsnr = 566118 has multiple (2) positions, using the first one!
utility_to_osm - WARNING - ssr:stedsnr = 566119 has multiple (3) positions, using the first one!
utility_to_osm - WARNING - ssr:stedsnr = 566306 has multiple (2) positions, using the first one!
utility_to_osm - WARNING - ssr:stedsnr = 566309 has multiple (2) positions, using the first one!
utility_to_osm - WARNING - ssr:stedsnr = 566321 has multiple (3) positions, using the first one!
utility_to_osm - WARNING - ssr:stedsnr = 566710 has multiple (2) positions, using the first one!
utility_to_osm - WARNING - ssr:stedsnr = 692860: No priority spelling found for lang = no, using alt_name to get "[('no', 'Montejorda')]"
utility_to_osm - WARNING - ssr:stedsnr = 692863: No priority spelling found for lang = no, using alt_name to get "[('no', 'Båtmola')]"
utility_to_osm - WARNING - ssr:stedsnr = 692863 has multiple (3) positions, using the first one!
utility_to_osm - WARNING - ssr:stedsnr = 570111 has multiple (3) positions, using the first one!
