utility_to_osm - ERROR - ERROR, no ending in ssr2_to_osm_data/data/5420/5420-ssr.xml? Trying to re-download
utility_to_osm - WARNING - ssr:stedsnr = 18106 has multiple (2) positions, using the first one!
utility_to_osm - WARNING - ssr:stedsnr = 18605 has multiple (2) positions, using the first one!
utility_to_osm - WARNING - ssr:stedsnr = 19603 has multiple (2) positions, using the first one!
utility_to_osm - ERROR - ssr:stedsnr = 19595: Adding multiple names to name tag, this is not OK! name = "Rundfjellet;Litje Rundfjellet"
utility_to_osm - WARNING - ssr:stedsnr = 19595 has multiple (3) positions, using the first one!
utility_to_osm - WARNING - ssr:stedsnr = 234153 has multiple (2) positions, using the first one!
utility_to_osm - WARNING - ssr:stedsnr = 79095 has multiple (2) positions, using the first one!
utility_to_osm - WARNING - ssr:stedsnr = 79309 has multiple (2) positions, using the first one!
utility_to_osm - WARNING - ssr:stedsnr = 79593 has multiple (3) positions, using the first one!
utility_to_osm - WARNING - ssr:stedsnr = 79595 has multiple (2) positions, using the first one!
utility_to_osm - WARNING - ssr:stedsnr = 79889 has multiple (2) positions, using the first one!
utility_to_osm - WARNING - ssr:stedsnr = 112874 has multiple (2) positions, using the first one!
utility_to_osm - WARNING - ssr:stedsnr = 119926: No priority spelling found for lang = no, using alt_name to get "[('no', 'Rya')]"
utility_to_osm - ERROR - ssr:stedsnr = 119926. No positions found, skipping
utility_to_osm - WARNING - ssr:stedsnr = 139341 has multiple (3) positions, using the first one!
utility_to_osm - WARNING - ssr:stedsnr = 139343 has multiple (2) positions, using the first one!
utility_to_osm - ERROR - ssr:stedsnr = 139089: Adding multiple names to name tag, this is not OK! name = "Tverrdalselva;Tverrelva"
utility_to_osm - WARNING - ssr:stedsnr = 139089 has multiple (4) positions, using the first one!
utility_to_osm - WARNING - ssr:stedsnr = 139642 has multiple (4) positions, using the first one!
utility_to_osm - WARNING - ssr:stedsnr = 141240 has multiple (3) positions, using the first one!
utility_to_osm - WARNING - ssr:stedsnr = 260344 has multiple (2) positions, using the first one!
utility_to_osm - WARNING - ssr:stedsnr = 260672 has multiple (2) positions, using the first one!
utility_to_osm - WARNING - ssr:stedsnr = 260934 has multiple (3) positions, using the first one!
utility_to_osm - WARNING - ssr:stedsnr = 261074 has multiple (2) positions, using the first one!
utility_to_osm - ERROR - ssr:stedsnr = 261265: Adding multiple names to name tag, this is not OK! name = "Klauvholmen;Holmen"
utility_to_osm - WARNING - ssr:stedsnr = 261265 has multiple (2) positions, using the first one!
utility_to_osm - WARNING - ssr:stedsnr = 261272 has multiple (2) positions, using the first one!
utility_to_osm - WARNING - ssr:stedsnr = 261283 has multiple (3) positions, using the first one!
utility_to_osm - WARNING - ssr:stedsnr = 261241 has multiple (2) positions, using the first one!
utility_to_osm - WARNING - ssr:stedsnr = 261326 has multiple (2) positions, using the first one!
utility_to_osm - ERROR - ssr:stedsnr = 261328: Adding multiple names to name tag, this is not OK! name = "Kjerkeholmen;Holmen;Holmsholmen"
utility_to_osm - WARNING - ssr:stedsnr = 261335 has multiple (2) positions, using the first one!
utility_to_osm - WARNING - ssr:stedsnr = 261374 has multiple (2) positions, using the first one!
utility_to_osm - WARNING - ssr:stedsnr = 200259 has multiple (2) positions, using the first one!
utility_to_osm - WARNING - ssr:stedsnr = 200357 has multiple (2) positions, using the first one!
utility_to_osm - WARNING - ssr:stedsnr = 201603 has multiple (2) positions, using the first one!
utility_to_osm - WARNING - ssr:stedsnr = 201592 has multiple (2) positions, using the first one!
utility_to_osm - WARNING - ssr:stedsnr = 260157 has multiple (2) positions, using the first one!
utility_to_osm - WARNING - ssr:stedsnr = 260957 has multiple (2) positions, using the first one!
utility_to_osm - WARNING - ssr:stedsnr = 261257: No priority spelling found for lang = se, using alt_name to get "[('no', 'Svinryggen'), ('se', 'Spiinnehárji')]"
utility_to_osm - WARNING - ssr:stedsnr = 261257 has multiple (2) positions, using the first one!
utility_to_osm - WARNING - ssr:stedsnr = 261296 has multiple (20) positions, using the first one!
utility_to_osm - WARNING - ssr:stedsnr = 261348 has multiple (2) positions, using the first one!
utility_to_osm - WARNING - ssr:stedsnr = 320633 has multiple (2) positions, using the first one!
utility_to_osm - WARNING - ssr:stedsnr = 321094 has multiple (2) positions, using the first one!
utility_to_osm - WARNING - ssr:stedsnr = 322305 has multiple (2) positions, using the first one!
utility_to_osm - WARNING - ssr:stedsnr = 404115 has multiple (2) positions, using the first one!
utility_to_osm - WARNING - ssr:stedsnr = 442937 has multiple (3) positions, using the first one!
utility_to_osm - WARNING - ssr:stedsnr = 443240 has multiple (2) positions, using the first one!
utility_to_osm - WARNING - ssr:stedsnr = 443295 has multiple (3) positions, using the first one!
utility_to_osm - ERROR - ssr:stedsnr = 443297: Adding multiple names to name tag, this is not OK! name = "Lavik;Søre Lavika"
utility_to_osm - WARNING - ssr:stedsnr = 443297 has multiple (3) positions, using the first one!
utility_to_osm - WARNING - ssr:stedsnr = 443382 has multiple (3) positions, using the first one!
utility_to_osm - WARNING - ssr:stedsnr = 503082 has multiple (3) positions, using the first one!
utility_to_osm - WARNING - ssr:stedsnr = 503803 has multiple (4) positions, using the first one!
utility_to_osm - WARNING - ssr:stedsnr = 503970 has multiple (4) positions, using the first one!
utility_to_osm - WARNING - ssr:stedsnr = 504304 has multiple (2) positions, using the first one!
utility_to_osm - WARNING - ssr:stedsnr = 685253 has multiple (4) positions, using the first one!
utility_to_osm - WARNING - ssr:stedsnr = 685615 has multiple (2) positions, using the first one!
utility_to_osm - WARNING - ssr:stedsnr = 685623 has multiple (2) positions, using the first one!
utility_to_osm - WARNING - ssr:stedsnr = 685925 has multiple (2) positions, using the first one!
utility_to_osm - WARNING - ssr:stedsnr = 685927 has multiple (3) positions, using the first one!
utility_to_osm - WARNING - ssr:stedsnr = 686290 has multiple (2) positions, using the first one!
utility_to_osm - WARNING - ssr:stedsnr = 686297 has multiple (2) positions, using the first one!
utility_to_osm - ERROR - ssr:stedsnr = 686311: Adding multiple names to name tag, this is not OK! name = "Forsåelva;Halselva"
utility_to_osm - WARNING - ssr:stedsnr = 686311 has multiple (5) positions, using the first one!
utility_to_osm - ERROR - ssr:stedsnr = 686326: Adding multiple names to name tag, this is not OK! name = "Langhaugen;Mosheia"
utility_to_osm - WARNING - ssr:stedsnr = 686326 has multiple (2) positions, using the first one!
utility_to_osm - WARNING - ssr:stedsnr = 686338 has multiple (2) positions, using the first one!
utility_to_osm - WARNING - ssr:stedsnr = 686344 has multiple (2) positions, using the first one!
utility_to_osm - WARNING - ssr:stedsnr = 686347 has multiple (2) positions, using the first one!
utility_to_osm - WARNING - ssr:stedsnr = 686349 has multiple (2) positions, using the first one!
utility_to_osm - WARNING - ssr:stedsnr = 686370 has multiple (2) positions, using the first one!
utility_to_osm - WARNING - ssr:stedsnr = 686263 has multiple (2) positions, using the first one!
utility_to_osm - WARNING - ssr:stedsnr = 544919: No priority spelling found for lang = no, using alt_name to get "[('no', 'Lundeveien')]"
utility_to_osm - ERROR - ssr:stedsnr = 544919. No positions found, skipping
utility_to_osm - WARNING - ssr:stedsnr = 544920: No priority spelling found for lang = no, using alt_name to get "[('no', 'Dalgårdveien')]"
utility_to_osm - ERROR - ssr:stedsnr = 544920. No positions found, skipping
utility_to_osm - ERROR - ssr:stedsnr = 564369: Adding multiple names to name tag, this is not OK! name = "Skogshamnelva;Reinmyrelva"
utility_to_osm - WARNING - ssr:stedsnr = 564369 has multiple (2) positions, using the first one!
utility_to_osm - WARNING - ssr:stedsnr = 604923: No priority spelling found for lang = no, using alt_name to get "[('no', 'Sandvikveien')]"
utility_to_osm - ERROR - ssr:stedsnr = 604923. No positions found, skipping
utility_to_osm - WARNING - ssr:stedsnr = 624257 has multiple (2) positions, using the first one!
utility_to_osm - WARNING - ssr:stedsnr = 624259 has multiple (2) positions, using the first one!
utility_to_osm - WARNING - ssr:stedsnr = 624264 has multiple (2) positions, using the first one!
utility_to_osm - WARNING - ssr:stedsnr = 625278 has multiple (2) positions, using the first one!
utility_to_osm - WARNING - ssr:stedsnr = 625284 has multiple (2) positions, using the first one!
utility_to_osm - WARNING - ssr:stedsnr = 625288 has multiple (3) positions, using the first one!
utility_to_osm - WARNING - ssr:stedsnr = 705180 has multiple (2) positions, using the first one!
utility_to_osm - WARNING - ssr:stedsnr = 705228 has multiple (2) positions, using the first one!
utility_to_osm - WARNING - ssr:stedsnr = 658133 has multiple (3) positions, using the first one!
utility_to_osm - WARNING - ssr:stedsnr = 685248 has multiple (2) positions, using the first one!
utility_to_osm - WARNING - ssr:stedsnr = 686639 has multiple (2) positions, using the first one!
utility_to_osm - WARNING - ssr:stedsnr = 705219 has multiple (3) positions, using the first one!
utility_to_osm - WARNING - ssr:stedsnr = 719174 has multiple (2) positions, using the first one!
utility_to_osm - WARNING - ssr:stedsnr = 746112 has multiple (3) positions, using the first one!
utility_to_osm - ERROR - ssr:stedsnr = 746088: Adding multiple names to name tag, this is not OK! name = "Tverrdalen;Dalen"
utility_to_osm - WARNING - ssr:stedsnr = 746088 has multiple (3) positions, using the first one!
utility_to_osm - WARNING - ssr:stedsnr = 746308 has multiple (3) positions, using the first one!
utility_to_osm - WARNING - ssr:stedsnr = 746620 has multiple (2) positions, using the first one!
utility_to_osm - WARNING - ssr:stedsnr = 746869 has multiple (2) positions, using the first one!
utility_to_osm - WARNING - ssr:stedsnr = 746870 has multiple (3) positions, using the first one!
utility_to_osm - WARNING - ssr:stedsnr = 746968 has multiple (3) positions, using the first one!
utility_to_osm - WARNING - ssr:stedsnr = 746969: No priority spelling found for lang = se, using alt_name to get "[('no', 'Salangseidet'), ('se', 'Rásseloháidi')]"
utility_to_osm - WARNING - ssr:stedsnr = 746969 has multiple (6) positions, using the first one!
utility_to_osm - WARNING - ssr:stedsnr = 746977 has multiple (3) positions, using the first one!
utility_to_osm - WARNING - ssr:stedsnr = 780813 has multiple (2) positions, using the first one!
utility_to_osm - WARNING - ssr:stedsnr = 814916: No priority spelling found for lang = no, using alt_name to get "[('no', 'Vinjeveien')]"
utility_to_osm - ERROR - ssr:stedsnr = 814916. No positions found, skipping
utility_to_osm - WARNING - ssr:stedsnr = 814935 has multiple (3) positions, using the first one!
utility_to_osm - WARNING - ssr:stedsnr = 827862 has multiple (2) positions, using the first one!
utility_to_osm - WARNING - ssr:stedsnr = 847924: No priority spelling found for lang = no, using alt_name to get "[('no', 'Skøvassveien')]"
utility_to_osm - ERROR - ssr:stedsnr = 847924. No positions found, skipping
utility_to_osm - WARNING - ssr:stedsnr = 927643 has multiple (2) positions, using the first one!
utility_to_osm - WARNING - ssr:stedsnr = 928112 has multiple (2) positions, using the first one!
utility_to_osm - WARNING - ssr:stedsnr = 928227 has multiple (2) positions, using the first one!
utility_to_osm - WARNING - ssr:stedsnr = 928237 has multiple (5) positions, using the first one!
utility_to_osm - WARNING - ssr:stedsnr = 928333 has multiple (3) positions, using the first one!
utility_to_osm - WARNING - ssr:stedsnr = 928343 has multiple (2) positions, using the first one!
utility_to_osm - WARNING - ssr:stedsnr = 928869 has multiple (2) positions, using the first one!
utility_to_osm - WARNING - ssr:stedsnr = 928892 has multiple (2) positions, using the first one!
utility_to_osm - WARNING - ssr:stedsnr = 928906: No priority spelling found for lang = se, using alt_name to get "[('no', 'Faksfjorden')]"
utility_to_osm - WARNING - ssr:stedsnr = 928906 has multiple (5) positions, using the first one!
utility_to_osm - WARNING - ssr:stedsnr = 928919 has multiple (2) positions, using the first one!
utility_to_osm - WARNING - ssr:stedsnr = 928996 has multiple (2) positions, using the first one!
utility_to_osm - WARNING - ssr:stedsnr = 928997 has multiple (2) positions, using the first one!
utility_to_osm - WARNING - ssr:stedsnr = 929320 has multiple (2) positions, using the first one!
utility_to_osm - WARNING - ssr:stedsnr = 929335 has multiple (2) positions, using the first one!
utility_to_osm - WARNING - ssr:stedsnr = 929336 has multiple (2) positions, using the first one!
utility_to_osm - WARNING - ssr:stedsnr = 929289 has multiple (2) positions, using the first one!
utility_to_osm - WARNING - ssr:stedsnr = 867973 has multiple (2) positions, using the first one!
utility_to_osm - WARNING - ssr:stedsnr = 867939 has multiple (2) positions, using the first one!
utility_to_osm - WARNING - ssr:stedsnr = 867943 has multiple (2) positions, using the first one!
utility_to_osm - WARNING - ssr:stedsnr = 868224 has multiple (2) positions, using the first one!
utility_to_osm - WARNING - ssr:stedsnr = 868607 has multiple (2) positions, using the first one!
utility_to_osm - WARNING - ssr:stedsnr = 868619 has multiple (2) positions, using the first one!
utility_to_osm - WARNING - ssr:stedsnr = 900113 has multiple (2) positions, using the first one!
utility_to_osm - WARNING - ssr:stedsnr = 908952: No priority spelling found for lang = no, using alt_name to get "[('no', 'Mohamnveien')]"
utility_to_osm - ERROR - ssr:stedsnr = 908952. No positions found, skipping
utility_to_osm - WARNING - ssr:stedsnr = 928015: No priority spelling found for lang = no, using alt_name to get "[('no', 'Dyrøya')]"
utility_to_osm - ERROR - ssr:stedsnr = 928816: Adding multiple names to name tag, this is not OK! name = "Øvervatnet;Slåttevatnet"
utility_to_osm - WARNING - ssr:stedsnr = 928816 has multiple (3) positions, using the first one!
utility_to_osm - WARNING - ssr:stedsnr = 962903 has multiple (2) positions, using the first one!
utility_to_osm - WARNING - ssr:stedsnr = 17927: No priority spelling found for lang = se, using alt_name to get "[('no', 'Løksetinden'), ('se', 'Leakšogáisá')]"
utility_to_osm - WARNING - ssr:stedsnr = 17927 has multiple (4) positions, using the first one!
utility_to_osm - WARNING - ssr:stedsnr = 17944 has multiple (2) positions, using the first one!
utility_to_osm - WARNING - ssr:stedsnr = 17947 has multiple (2) positions, using the first one!
utility_to_osm - WARNING - ssr:stedsnr = 17145: No priority spelling found for lang = se, using alt_name to get "[('no', 'Dyrøya')]"
utility_to_osm - WARNING - ssr:stedsnr = 17145 has multiple (7) positions, using the first one!
utility_to_osm - WARNING - ssr:stedsnr = 17687 has multiple (2) positions, using the first one!
utility_to_osm - WARNING - ssr:stedsnr = 18085 has multiple (2) positions, using the first one!
utility_to_osm - WARNING - ssr:stedsnr = 18033 has multiple (3) positions, using the first one!
utility_to_osm - WARNING - ssr:stedsnr = 18232 has multiple (2) positions, using the first one!
utility_to_osm - WARNING - ssr:stedsnr = 18246 has multiple (3) positions, using the first one!
utility_to_osm - WARNING - ssr:stedsnr = 18313 has multiple (2) positions, using the first one!
utility_to_osm - ERROR - ssr:stedsnr = 18848: Adding multiple names to name tag, this is not OK! name = "Litlevatnet;Nervatnet"
utility_to_osm - WARNING - ssr:stedsnr = 18848 has multiple (2) positions, using the first one!
utility_to_osm - WARNING - ssr:stedsnr = 18849 has multiple (2) positions, using the first one!
utility_to_osm - WARNING - ssr:stedsnr = 18870 has multiple (2) positions, using the first one!
utility_to_osm - WARNING - ssr:stedsnr = 18879 has multiple (2) positions, using the first one!
utility_to_osm - ERROR - ssr:stedsnr = 18985: Adding multiple names to name tag, this is not OK! name = "Laukenesklubben;Laukneset"
utility_to_osm - WARNING - ssr:stedsnr = 18987 has multiple (2) positions, using the first one!
utility_to_osm - WARNING - ssr:stedsnr = 19252 has multiple (2) positions, using the first one!
utility_to_osm - WARNING - ssr:stedsnr = 19255 has multiple (2) positions, using the first one!
utility_to_osm - WARNING - ssr:stedsnr = 19290 has multiple (2) positions, using the first one!
utility_to_osm - WARNING - ssr:stedsnr = 19302 has multiple (12) positions, using the first one!
utility_to_osm - WARNING - ssr:stedsnr = 19310 has multiple (3) positions, using the first one!
utility_to_osm - WARNING - ssr:stedsnr = 19607 has multiple (2) positions, using the first one!
utility_to_osm - WARNING - ssr:stedsnr = 19608 has multiple (2) positions, using the first one!
utility_to_osm - WARNING - ssr:stedsnr = 79008 has multiple (3) positions, using the first one!
utility_to_osm - WARNING - ssr:stedsnr = 78635 has multiple (2) positions, using the first one!
utility_to_osm - WARNING - ssr:stedsnr = 78929 has multiple (2) positions, using the first one!
utility_to_osm - WARNING - ssr:stedsnr = 79082 has multiple (2) positions, using the first one!
utility_to_osm - WARNING - ssr:stedsnr = 79089 has multiple (2) positions, using the first one!
utility_to_osm - WARNING - ssr:stedsnr = 79233 has multiple (2) positions, using the first one!
utility_to_osm - WARNING - ssr:stedsnr = 79313 has multiple (3) positions, using the first one!
utility_to_osm - WARNING - ssr:stedsnr = 79317 has multiple (3) positions, using the first one!
utility_to_osm - WARNING - ssr:stedsnr = 79324 has multiple (3) positions, using the first one!
utility_to_osm - WARNING - ssr:stedsnr = 79334 has multiple (2) positions, using the first one!
utility_to_osm - WARNING - ssr:stedsnr = 79408 has multiple (2) positions, using the first one!
utility_to_osm - WARNING - ssr:stedsnr = 79613 has multiple (2) positions, using the first one!
utility_to_osm - WARNING - ssr:stedsnr = 79873 has multiple (3) positions, using the first one!
utility_to_osm - WARNING - ssr:stedsnr = 79880 has multiple (2) positions, using the first one!
utility_to_osm - ERROR - ssr:stedsnr = 87789. No positions found, skipping
utility_to_osm - WARNING - ssr:stedsnr = 99741 has multiple (2) positions, using the first one!
utility_to_osm - WARNING - ssr:stedsnr = 138997 has multiple (2) positions, using the first one!
utility_to_osm - WARNING - ssr:stedsnr = 139083 has multiple (2) positions, using the first one!
utility_to_osm - WARNING - ssr:stedsnr = 139119 has multiple (3) positions, using the first one!
utility_to_osm - WARNING - ssr:stedsnr = 139218 has multiple (3) positions, using the first one!
utility_to_osm - WARNING - ssr:stedsnr = 139256 has multiple (2) positions, using the first one!
utility_to_osm - WARNING - ssr:stedsnr = 139259 has multiple (3) positions, using the first one!
utility_to_osm - WARNING - ssr:stedsnr = 139267 has multiple (2) positions, using the first one!
utility_to_osm - WARNING - ssr:stedsnr = 139327 has multiple (3) positions, using the first one!
utility_to_osm - WARNING - ssr:stedsnr = 139363 has multiple (2) positions, using the first one!
utility_to_osm - ERROR - ssr:stedsnr = 139375: Adding multiple names to name tag, this is not OK! name = "Holtet;Furholttinden;Forholtet"
utility_to_osm - WARNING - ssr:stedsnr = 139375 has multiple (2) positions, using the first one!
utility_to_osm - WARNING - ssr:stedsnr = 139382 has multiple (2) positions, using the first one!
utility_to_osm - WARNING - ssr:stedsnr = 139618 has multiple (2) positions, using the first one!
utility_to_osm - WARNING - ssr:stedsnr = 139622 has multiple (2) positions, using the first one!
utility_to_osm - WARNING - ssr:stedsnr = 139860 has multiple (2) positions, using the first one!
utility_to_osm - WARNING - ssr:stedsnr = 139883 has multiple (2) positions, using the first one!
utility_to_osm - WARNING - ssr:stedsnr = 141247 has multiple (2) positions, using the first one!
utility_to_osm - WARNING - ssr:stedsnr = 159281 has multiple (2) positions, using the first one!
utility_to_osm - WARNING - ssr:stedsnr = 180913: No priority spelling found for lang = no, using alt_name to get "[('no', 'Skogshamnveien')]"
utility_to_osm - ERROR - ssr:stedsnr = 180913. No positions found, skipping
utility_to_osm - WARNING - ssr:stedsnr = 199888 has multiple (2) positions, using the first one!
utility_to_osm - WARNING - ssr:stedsnr = 200079 has multiple (2) positions, using the first one!
utility_to_osm - WARNING - ssr:stedsnr = 200081 has multiple (4) positions, using the first one!
utility_to_osm - WARNING - ssr:stedsnr = 200240 has multiple (2) positions, using the first one!
utility_to_osm - WARNING - ssr:stedsnr = 200332 has multiple (3) positions, using the first one!
utility_to_osm - WARNING - ssr:stedsnr = 200296 has multiple (2) positions, using the first one!
utility_to_osm - WARNING - ssr:stedsnr = 200369 has multiple (2) positions, using the first one!
utility_to_osm - WARNING - ssr:stedsnr = 200374 has multiple (2) positions, using the first one!
utility_to_osm - WARNING - ssr:stedsnr = 200375 has multiple (2) positions, using the first one!
utility_to_osm - WARNING - ssr:stedsnr = 200984 has multiple (2) positions, using the first one!
utility_to_osm - WARNING - ssr:stedsnr = 201307 has multiple (3) positions, using the first one!
utility_to_osm - WARNING - ssr:stedsnr = 201308 has multiple (3) positions, using the first one!
utility_to_osm - WARNING - ssr:stedsnr = 201253 has multiple (4) positions, using the first one!
utility_to_osm - WARNING - ssr:stedsnr = 201263 has multiple (3) positions, using the first one!
utility_to_osm - WARNING - ssr:stedsnr = 201598 has multiple (3) positions, using the first one!
utility_to_osm - WARNING - ssr:stedsnr = 202241 has multiple (2) positions, using the first one!
utility_to_osm - WARNING - ssr:stedsnr = 204612 has multiple (2) positions, using the first one!
utility_to_osm - WARNING - ssr:stedsnr = 294766 has multiple (2) positions, using the first one!
utility_to_osm - WARNING - ssr:stedsnr = 294861 has multiple (2) positions, using the first one!
utility_to_osm - WARNING - ssr:stedsnr = 301930: No priority spelling found for lang = no, using alt_name to get "[('no', 'Espenesveien')]"
utility_to_osm - ERROR - ssr:stedsnr = 301930. No positions found, skipping
utility_to_osm - WARNING - ssr:stedsnr = 301933: No priority spelling found for lang = no, using alt_name to get "[('no', 'Bjørkebakkveien')]"
utility_to_osm - ERROR - ssr:stedsnr = 301933. No positions found, skipping
utility_to_osm - WARNING - ssr:stedsnr = 301935: No priority spelling found for lang = no, using alt_name to get "[('no', 'Finnlandsveien')]"
utility_to_osm - ERROR - ssr:stedsnr = 301935. No positions found, skipping
utility_to_osm - WARNING - ssr:stedsnr = 321596 has multiple (3) positions, using the first one!
utility_to_osm - WARNING - ssr:stedsnr = 321597 has multiple (2) positions, using the first one!
utility_to_osm - ERROR - ssr:stedsnr = 321250: Adding multiple names to name tag, this is not OK! name = "Trollvatnet;Litjevatnet"
utility_to_osm - WARNING - ssr:stedsnr = 321250 has multiple (3) positions, using the first one!
utility_to_osm - WARNING - ssr:stedsnr = 321346 has multiple (2) positions, using the first one!
utility_to_osm - WARNING - ssr:stedsnr = 321330 has multiple (4) positions, using the first one!
utility_to_osm - WARNING - ssr:stedsnr = 322298 has multiple (2) positions, using the first one!
utility_to_osm - WARNING - ssr:stedsnr = 322320 has multiple (5) positions, using the first one!
utility_to_osm - WARNING - ssr:stedsnr = 322325 has multiple (2) positions, using the first one!
utility_to_osm - WARNING - ssr:stedsnr = 323271: No priority spelling found for lang = se, using alt_name to get "[('no', 'Børingen'), ('se', 'Skuddovárri')]"
utility_to_osm - WARNING - ssr:stedsnr = 323271 has multiple (4) positions, using the first one!
utility_to_osm - WARNING - ssr:stedsnr = 361936: No priority spelling found for lang = no, using alt_name to get "[('no', 'Finnefjellveien')]"
utility_to_osm - ERROR - ssr:stedsnr = 361936. No positions found, skipping
utility_to_osm - WARNING - ssr:stedsnr = 382240 has multiple (2) positions, using the first one!
utility_to_osm - WARNING - ssr:stedsnr = 381142 has multiple (3) positions, using the first one!
utility_to_osm - WARNING - ssr:stedsnr = 381982 has multiple (2) positions, using the first one!
utility_to_osm - WARNING - ssr:stedsnr = 381936 has multiple (2) positions, using the first one!
utility_to_osm - WARNING - ssr:stedsnr = 382027 has multiple (14) positions, using the first one!
utility_to_osm - WARNING - ssr:stedsnr = 382123 has multiple (3) positions, using the first one!
utility_to_osm - WARNING - ssr:stedsnr = 382083 has multiple (2) positions, using the first one!
utility_to_osm - WARNING - ssr:stedsnr = 382327 has multiple (2) positions, using the first one!
utility_to_osm - WARNING - ssr:stedsnr = 382347 has multiple (3) positions, using the first one!
utility_to_osm - WARNING - ssr:stedsnr = 382349 has multiple (2) positions, using the first one!
utility_to_osm - WARNING - ssr:stedsnr = 382899 has multiple (2) positions, using the first one!
utility_to_osm - WARNING - ssr:stedsnr = 442651 has multiple (2) positions, using the first one!
utility_to_osm - WARNING - ssr:stedsnr = 442657 has multiple (2) positions, using the first one!
utility_to_osm - WARNING - ssr:stedsnr = 442931 has multiple (2) positions, using the first one!
utility_to_osm - WARNING - ssr:stedsnr = 443000 has multiple (2) positions, using the first one!
utility_to_osm - WARNING - ssr:stedsnr = 442965 has multiple (2) positions, using the first one!
utility_to_osm - WARNING - ssr:stedsnr = 442969 has multiple (2) positions, using the first one!
utility_to_osm - WARNING - ssr:stedsnr = 442971 has multiple (2) positions, using the first one!
utility_to_osm - WARNING - ssr:stedsnr = 442975 has multiple (2) positions, using the first one!
utility_to_osm - WARNING - ssr:stedsnr = 443115 has multiple (2) positions, using the first one!
utility_to_osm - WARNING - ssr:stedsnr = 443243 has multiple (2) positions, using the first one!
utility_to_osm - WARNING - ssr:stedsnr = 443274 has multiple (2) positions, using the first one!
utility_to_osm - WARNING - ssr:stedsnr = 443279 has multiple (2) positions, using the first one!
utility_to_osm - ERROR - ssr:stedsnr = 443355: Adding multiple names to name tag, this is not OK! name = "Hildran;Storaksla"
utility_to_osm - WARNING - ssr:stedsnr = 443355 has multiple (2) positions, using the first one!
utility_to_osm - WARNING - ssr:stedsnr = 443358 has multiple (2) positions, using the first one!
utility_to_osm - WARNING - ssr:stedsnr = 443359 has multiple (2) positions, using the first one!
utility_to_osm - WARNING - ssr:stedsnr = 443375 has multiple (2) positions, using the first one!
utility_to_osm - WARNING - ssr:stedsnr = 443624 has multiple (3) positions, using the first one!
utility_to_osm - WARNING - ssr:stedsnr = 443627 has multiple (2) positions, using the first one!
utility_to_osm - WARNING - ssr:stedsnr = 446652 has multiple (2) positions, using the first one!
utility_to_osm - WARNING - ssr:stedsnr = 502899 has multiple (2) positions, using the first one!
utility_to_osm - WARNING - ssr:stedsnr = 503231 has multiple (2) positions, using the first one!
utility_to_osm - WARNING - ssr:stedsnr = 503830 has multiple (2) positions, using the first one!
utility_to_osm - WARNING - ssr:stedsnr = 503892 has multiple (2) positions, using the first one!
utility_to_osm - WARNING - ssr:stedsnr = 503899 has multiple (3) positions, using the first one!
utility_to_osm - WARNING - ssr:stedsnr = 503995 has multiple (3) positions, using the first one!
utility_to_osm - WARNING - ssr:stedsnr = 503832 has multiple (2) positions, using the first one!
utility_to_osm - WARNING - ssr:stedsnr = 504239 has multiple (2) positions, using the first one!
utility_to_osm - WARNING - ssr:stedsnr = 504330 has multiple (2) positions, using the first one!
utility_to_osm - WARNING - ssr:stedsnr = 504337 has multiple (4) positions, using the first one!
utility_to_osm - WARNING - ssr:stedsnr = 504288 has multiple (3) positions, using the first one!
utility_to_osm - WARNING - ssr:stedsnr = 504289 has multiple (3) positions, using the first one!
utility_to_osm - WARNING - ssr:stedsnr = 504315 has multiple (2) positions, using the first one!
utility_to_osm - WARNING - ssr:stedsnr = 504636 has multiple (2) positions, using the first one!
utility_to_osm - WARNING - ssr:stedsnr = 563661 has multiple (3) positions, using the first one!
utility_to_osm - WARNING - ssr:stedsnr = 563909 has multiple (2) positions, using the first one!
utility_to_osm - WARNING - ssr:stedsnr = 563947 has multiple (2) positions, using the first one!
utility_to_osm - WARNING - ssr:stedsnr = 564000 has multiple (3) positions, using the first one!
utility_to_osm - WARNING - ssr:stedsnr = 564235 has multiple (2) positions, using the first one!
utility_to_osm - WARNING - ssr:stedsnr = 564237 has multiple (2) positions, using the first one!
utility_to_osm - WARNING - ssr:stedsnr = 564241 has multiple (2) positions, using the first one!
utility_to_osm - WARNING - ssr:stedsnr = 564259 has multiple (3) positions, using the first one!
utility_to_osm - ERROR - ssr:stedsnr = 564302: Adding multiple names to name tag, this is not OK! name = "Langholmen;Flatholmen"
utility_to_osm - WARNING - ssr:stedsnr = 564302 has multiple (2) positions, using the first one!
utility_to_osm - WARNING - ssr:stedsnr = 564333 has multiple (2) positions, using the first one!
utility_to_osm - WARNING - ssr:stedsnr = 564342 has multiple (2) positions, using the first one!
utility_to_osm - WARNING - ssr:stedsnr = 564345 has multiple (2) positions, using the first one!
utility_to_osm - WARNING - ssr:stedsnr = 564346 has multiple (2) positions, using the first one!
utility_to_osm - WARNING - ssr:stedsnr = 564364 has multiple (2) positions, using the first one!
utility_to_osm - WARNING - ssr:stedsnr = 564634 has multiple (2) positions, using the first one!
utility_to_osm - WARNING - ssr:stedsnr = 564632 has multiple (3) positions, using the first one!
utility_to_osm - WARNING - ssr:stedsnr = 564633 has multiple (3) positions, using the first one!
utility_to_osm - WARNING - ssr:stedsnr = 564639 has multiple (3) positions, using the first one!
utility_to_osm - WARNING - ssr:stedsnr = 564645 has multiple (2) positions, using the first one!
utility_to_osm - WARNING - ssr:stedsnr = 571614 has multiple (4) positions, using the first one!
utility_to_osm - WARNING - ssr:stedsnr = 624121 has multiple (2) positions, using the first one!
utility_to_osm - WARNING - ssr:stedsnr = 624276 has multiple (2) positions, using the first one!
utility_to_osm - WARNING - ssr:stedsnr = 624863 has multiple (3) positions, using the first one!
utility_to_osm - WARNING - ssr:stedsnr = 624638 has multiple (3) positions, using the first one!
utility_to_osm - WARNING - ssr:stedsnr = 624650 has multiple (2) positions, using the first one!
utility_to_osm - WARNING - ssr:stedsnr = 624921 has multiple (2) positions, using the first one!
utility_to_osm - WARNING - ssr:stedsnr = 624892 has multiple (2) positions, using the first one!
utility_to_osm - WARNING - ssr:stedsnr = 625620 has multiple (2) positions, using the first one!
utility_to_osm - WARNING - ssr:stedsnr = 625623 has multiple (4) positions, using the first one!
utility_to_osm - WARNING - ssr:stedsnr = 625362 has multiple (2) positions, using the first one!
utility_to_osm - WARNING - ssr:stedsnr = 625368 has multiple (2) positions, using the first one!
utility_to_osm - WARNING - ssr:stedsnr = 625318 has multiple (2) positions, using the first one!
utility_to_osm - WARNING - ssr:stedsnr = 625320 has multiple (2) positions, using the first one!
utility_to_osm - WARNING - ssr:stedsnr = 625322 has multiple (2) positions, using the first one!
utility_to_osm - WARNING - ssr:stedsnr = 625325 has multiple (2) positions, using the first one!
utility_to_osm - ERROR - ssr:stedsnr = 625333: Adding multiple names to name tag, this is not OK! name = "Langbakkelva;Blindfinnelva"
utility_to_osm - WARNING - ssr:stedsnr = 625333 has multiple (2) positions, using the first one!
utility_to_osm - WARNING - ssr:stedsnr = 625342 has multiple (6) positions, using the first one!
utility_to_osm - WARNING - ssr:stedsnr = 625350 has multiple (4) positions, using the first one!
utility_to_osm - WARNING - ssr:stedsnr = 644279 has multiple (3) positions, using the first one!
utility_to_osm - WARNING - ssr:stedsnr = 665930: No priority spelling found for lang = no, using alt_name to get "[('no', 'Kastnesveien')]"
utility_to_osm - ERROR - ssr:stedsnr = 665930. No positions found, skipping
utility_to_osm - ERROR - ssr:stedsnr = 719221: Adding multiple names to name tag, this is not OK! name = "Sørfjordskaret;Salangsskaret"
utility_to_osm - ERROR - ssr:stedsnr = 745155: Adding multiple names to name tag, this is not OK! name = "Hagenes;Hagenesodden"
utility_to_osm - WARNING - ssr:stedsnr = 746273 has multiple (2) positions, using the first one!
utility_to_osm - WARNING - ssr:stedsnr = 746282 has multiple (3) positions, using the first one!
utility_to_osm - WARNING - ssr:stedsnr = 746236 has multiple (2) positions, using the first one!
utility_to_osm - WARNING - ssr:stedsnr = 746239 has multiple (2) positions, using the first one!
utility_to_osm - WARNING - ssr:stedsnr = 746615 has multiple (2) positions, using the first one!
utility_to_osm - WARNING - ssr:stedsnr = 746328 has multiple (2) positions, using the first one!
utility_to_osm - WARNING - ssr:stedsnr = 746336 has multiple (3) positions, using the first one!
utility_to_osm - WARNING - ssr:stedsnr = 746358 has multiple (4) positions, using the first one!
utility_to_osm - WARNING - ssr:stedsnr = 746360 has multiple (2) positions, using the first one!
utility_to_osm - WARNING - ssr:stedsnr = 746622 has multiple (2) positions, using the first one!
utility_to_osm - WARNING - ssr:stedsnr = 746623 has multiple (2) positions, using the first one!
utility_to_osm - WARNING - ssr:stedsnr = 746624 has multiple (2) positions, using the first one!
utility_to_osm - WARNING - ssr:stedsnr = 746989 has multiple (6) positions, using the first one!
utility_to_osm - WARNING - ssr:stedsnr = 746964 has multiple (4) positions, using the first one!
utility_to_osm - WARNING - ssr:stedsnr = 747623 has multiple (6) positions, using the first one!
utility_to_osm - WARNING - ssr:stedsnr = 747624 has multiple (2) positions, using the first one!
utility_to_osm - WARNING - ssr:stedsnr = 747627 has multiple (2) positions, using the first one!
utility_to_osm - WARNING - ssr:stedsnr = 768115 has multiple (2) positions, using the first one!
utility_to_osm - WARNING - ssr:stedsnr = 768116 has multiple (2) positions, using the first one!
utility_to_osm - WARNING - ssr:stedsnr = 807351 has multiple (3) positions, using the first one!
utility_to_osm - WARNING - ssr:stedsnr = 806940 has multiple (2) positions, using the first one!
utility_to_osm - WARNING - ssr:stedsnr = 806967 has multiple (3) positions, using the first one!
utility_to_osm - WARNING - ssr:stedsnr = 807123 has multiple (3) positions, using the first one!
utility_to_osm - ERROR - ssr:stedsnr = 807295: Adding multiple names to name tag, this is not OK! name = "Holtan;Høgholtet"
utility_to_osm - WARNING - ssr:stedsnr = 807295 has multiple (2) positions, using the first one!
utility_to_osm - WARNING - ssr:stedsnr = 807311 has multiple (2) positions, using the first one!
utility_to_osm - WARNING - ssr:stedsnr = 807330 has multiple (2) positions, using the first one!
utility_to_osm - ERROR - ssr:stedsnr = 807251: Adding multiple names to name tag, this is not OK! name = "Stridsfjellet;Storlihøgden"
utility_to_osm - WARNING - ssr:stedsnr = 807251 has multiple (2) positions, using the first one!
utility_to_osm - WARNING - ssr:stedsnr = 807263 has multiple (2) positions, using the first one!
utility_to_osm - WARNING - ssr:stedsnr = 807340 has multiple (2) positions, using the first one!
utility_to_osm - WARNING - ssr:stedsnr = 807417 has multiple (3) positions, using the first one!
utility_to_osm - WARNING - ssr:stedsnr = 807360 has multiple (3) positions, using the first one!
utility_to_osm - WARNING - ssr:stedsnr = 807631 has multiple (2) positions, using the first one!
utility_to_osm - WARNING - ssr:stedsnr = 807633 has multiple (2) positions, using the first one!
utility_to_osm - WARNING - ssr:stedsnr = 807635 has multiple (2) positions, using the first one!
utility_to_osm - WARNING - ssr:stedsnr = 807885 has multiple (2) positions, using the first one!
utility_to_osm - WARNING - ssr:stedsnr = 807888 has multiple (3) positions, using the first one!
utility_to_osm - WARNING - ssr:stedsnr = 807903 has multiple (2) positions, using the first one!
utility_to_osm - WARNING - ssr:stedsnr = 807978 has multiple (2) positions, using the first one!
utility_to_osm - WARNING - ssr:stedsnr = 808252 has multiple (4) positions, using the first one!
utility_to_osm - WARNING - ssr:stedsnr = 808253 has multiple (3) positions, using the first one!
utility_to_osm - WARNING - ssr:stedsnr = 808624 has multiple (3) positions, using the first one!
utility_to_osm - WARNING - ssr:stedsnr = 809255 has multiple (2) positions, using the first one!
utility_to_osm - WARNING - ssr:stedsnr = 826025 has multiple (2) positions, using the first one!
utility_to_osm - WARNING - ssr:stedsnr = 847919: No priority spelling found for lang = no, using alt_name to get "[('no', 'Kjerkenesveien')]"
utility_to_osm - ERROR - ssr:stedsnr = 847919. No positions found, skipping
utility_to_osm - WARNING - ssr:stedsnr = 867070 has multiple (2) positions, using the first one!
utility_to_osm - ERROR - ssr:stedsnr = 867971: Adding multiple names to name tag, this is not OK! name = "Kastnesåsen;Nattmålstuva"
utility_to_osm - WARNING - ssr:stedsnr = 867971 has multiple (2) positions, using the first one!
utility_to_osm - WARNING - ssr:stedsnr = 868242 has multiple (2) positions, using the first one!
utility_to_osm - WARNING - ssr:stedsnr = 868253 has multiple (2) positions, using the first one!
utility_to_osm - WARNING - ssr:stedsnr = 868259 has multiple (3) positions, using the first one!
utility_to_osm - WARNING - ssr:stedsnr = 868263 has multiple (2) positions, using the first one!
utility_to_osm - WARNING - ssr:stedsnr = 868354 has multiple (2) positions, using the first one!
utility_to_osm - WARNING - ssr:stedsnr = 868596: No priority spelling found for lang = se, using alt_name to get "[('no', 'Steinfjellet'), ('se', 'Stuorageađgoaivi')]"
utility_to_osm - WARNING - ssr:stedsnr = 868596 has multiple (5) positions, using the first one!
utility_to_osm - WARNING - ssr:stedsnr = 868599 has multiple (2) positions, using the first one!
utility_to_osm - WARNING - ssr:stedsnr = 870275 has multiple (2) positions, using the first one!
utility_to_osm - WARNING - ssr:stedsnr = 873917: No priority spelling found for lang = no, using alt_name to get "[('no', 'Mikkelbostadveien')]"
utility_to_osm - ERROR - ssr:stedsnr = 873917. No positions found, skipping
utility_to_osm - WARNING - ssr:stedsnr = 968927: No priority spelling found for lang = no, using alt_name to get "[('no', 'Faksfjordveien')]"
utility_to_osm - ERROR - ssr:stedsnr = 968927. No positions found, skipping
utility_to_osm - WARNING - ssr:stedsnr = 1010092: No priority spelling found for lang = no, using alt_name to get "[('no', 'Brøstadbakken')]"
utility_to_osm - ERROR - ssr:stedsnr = 1010092. No positions found, skipping
utility_to_osm - WARNING - ssr:stedsnr = 1010094: No priority spelling found for lang = no, using alt_name to get "[('no', 'Korgedalen')]"
utility_to_osm - ERROR - ssr:stedsnr = 1010094. No positions found, skipping
utility_to_osm - WARNING - ssr:stedsnr = 1010098: No priority spelling found for lang = no, using alt_name to get "[('no', 'Dyrøytunet')]"
utility_to_osm - ERROR - ssr:stedsnr = 1010098. No positions found, skipping
utility_to_osm - WARNING - ssr:stedsnr = 1010101: No priority spelling found for lang = no, using alt_name to get "[('no', 'Heimveien')]"
utility_to_osm - ERROR - ssr:stedsnr = 1010101. No positions found, skipping
utility_to_osm - ERROR - ssr:stedsnr = 1010104. No positions found, skipping
utility_to_osm - ERROR - ssr:stedsnr = 1010107. No positions found, skipping
utility_to_osm - WARNING - ssr:stedsnr = 1010110: No priority spelling found for lang = no, using alt_name to get "[('no', 'Brøstadveien')]"
utility_to_osm - ERROR - ssr:stedsnr = 1010110. No positions found, skipping
utility_to_osm - WARNING - ssr:stedsnr = 1010082: No priority spelling found for lang = no, using alt_name to get "[('no', 'Kaffeveien')]"
utility_to_osm - ERROR - ssr:stedsnr = 1010082. No positions found, skipping
utility_to_osm - WARNING - ssr:stedsnr = 1010085: No priority spelling found for lang = no, using alt_name to get "[('no', 'Betholmveien')]"
utility_to_osm - ERROR - ssr:stedsnr = 1010085. No positions found, skipping
utility_to_osm - WARNING - ssr:stedsnr = 1010137: No priority spelling found for lang = no, using alt_name to get "[('no', 'Dyrøyveien')]"
utility_to_osm - ERROR - ssr:stedsnr = 1010137. No positions found, skipping
utility_to_osm - WARNING - ssr:stedsnr = 1010143: No priority spelling found for lang = no, using alt_name to get "[('no', 'Ringnesveien')]"
utility_to_osm - ERROR - ssr:stedsnr = 1010143. No positions found, skipping
utility_to_osm - ERROR - ssr:stedsnr = 1010113. No positions found, skipping
utility_to_osm - WARNING - ssr:stedsnr = 1010117: No priority spelling found for lang = no, using alt_name to get "[('no', 'Kjosen')]"
utility_to_osm - WARNING - ssr:stedsnr = 1010119: No priority spelling found for lang = no, using alt_name to get "[('no', 'Gråsteinveien')]"
utility_to_osm - ERROR - ssr:stedsnr = 1010119. No positions found, skipping
utility_to_osm - ERROR - ssr:stedsnr = 1010288. No positions found, skipping
utility_to_osm - ERROR - ssr:stedsnr = 1010293. No positions found, skipping
utility_to_osm - ERROR - ssr:stedsnr = 1010296. No positions found, skipping
utility_to_osm - WARNING - ssr:stedsnr = 1073694: No priority spelling found for lang = no, using alt_name to get "[('no', 'Troms og Finnmark'), ('no', 'Troms og Finnmark fylke')]"
utility_to_osm - WARNING - ssr:stedsnr = 1073694: No priority spelling found for lang = fkv, using alt_name to get "[('no', 'Troms og Finnmark'), ('no', 'Troms og Finnmark fylke'), ('fkv', 'Tromssan ja Finmarkun fylkki')]"
utility_to_osm - WARNING - ssr:stedsnr = 1073694: No priority spelling found for lang = fkv, using alt_name to get "[('no', 'Troms og Finnmark'), ('no', 'Troms og Finnmark fylke'), ('se', 'Romssa ja Finnmárkku fylka'), ('fkv', 'Tromssan ja Finmarkun fylkki')]"
utility_to_osm - ERROR - ssr:stedsnr = 1073694: Adding multiple names to name tag, this is not OK! name = "Troms og Finnmark;Troms og Finnmark fylke"
utility_to_osm - WARNING - ssr:stedsnr = 1075695: No priority spelling found for lang = no, using alt_name to get "[('no', 'Ishavsbyen videregående skole')]"
