utility_to_osm - WARNING - ssr:stedsnr = 4607 has multiple (2) positions, using the first one!
utility_to_osm - WARNING - ssr:stedsnr = 4614 has multiple (2) positions, using the first one!
utility_to_osm - WARNING - ssr:stedsnr = 4617 has multiple (2) positions, using the first one!
utility_to_osm - WARNING - ssr:stedsnr = 5414 has multiple (2) positions, using the first one!
utility_to_osm - WARNING - ssr:stedsnr = 5416 has multiple (2) positions, using the first one!
utility_to_osm - WARNING - ssr:stedsnr = 5420 has multiple (2) positions, using the first one!
utility_to_osm - WARNING - ssr:stedsnr = 5704 has multiple (2) positions, using the first one!
utility_to_osm - ERROR - ssr:stedsnr = 45778. No positions found, skipping
utility_to_osm - WARNING - ssr:stedsnr = 65601 has multiple (2) positions, using the first one!
utility_to_osm - WARNING - ssr:stedsnr = 66355 has multiple (2) positions, using the first one!
utility_to_osm - WARNING - ssr:stedsnr = 66408: No priority spelling found for lang = no, using alt_name to get "[('no', 'Søndre Movann')]"
utility_to_osm - WARNING - ssr:stedsnr = 66507 has multiple (2) positions, using the first one!
utility_to_osm - WARNING - ssr:stedsnr = 66713 has multiple (2) positions, using the first one!
utility_to_osm - WARNING - ssr:stedsnr = 66715 has multiple (2) positions, using the first one!
utility_to_osm - WARNING - ssr:stedsnr = 66603 has multiple (2) positions, using the first one!
utility_to_osm - WARNING - ssr:stedsnr = 66608 has multiple (2) positions, using the first one!
utility_to_osm - WARNING - ssr:stedsnr = 66669 has multiple (2) positions, using the first one!
utility_to_osm - WARNING - ssr:stedsnr = 66690 has multiple (2) positions, using the first one!
utility_to_osm - WARNING - ssr:stedsnr = 66691 has multiple (2) positions, using the first one!
utility_to_osm - WARNING - ssr:stedsnr = 85873 has multiple (6) positions, using the first one!
utility_to_osm - WARNING - ssr:stedsnr = 87327 has multiple (3) positions, using the first one!
utility_to_osm - WARNING - ssr:stedsnr = 248339 has multiple (2) positions, using the first one!
utility_to_osm - WARNING - ssr:stedsnr = 248119 has multiple (2) positions, using the first one!
utility_to_osm - WARNING - ssr:stedsnr = 248447 has multiple (2) positions, using the first one!
utility_to_osm - WARNING - ssr:stedsnr = 248548 has multiple (2) positions, using the first one!
utility_to_osm - WARNING - ssr:stedsnr = 248627 has multiple (2) positions, using the first one!
utility_to_osm - WARNING - ssr:stedsnr = 248673 has multiple (2) positions, using the first one!
utility_to_osm - WARNING - ssr:stedsnr = 248677 has multiple (2) positions, using the first one!
utility_to_osm - WARNING - ssr:stedsnr = 248691 has multiple (2) positions, using the first one!
utility_to_osm - WARNING - ssr:stedsnr = 248694 has multiple (2) positions, using the first one!
utility_to_osm - WARNING - ssr:stedsnr = 126515 has multiple (2) positions, using the first one!
utility_to_osm - WARNING - ssr:stedsnr = 126518 has multiple (2) positions, using the first one!
utility_to_osm - WARNING - ssr:stedsnr = 126546 has multiple (2) positions, using the first one!
utility_to_osm - WARNING - ssr:stedsnr = 126547 has multiple (2) positions, using the first one!
utility_to_osm - WARNING - ssr:stedsnr = 126465 has multiple (3) positions, using the first one!
utility_to_osm - WARNING - ssr:stedsnr = 127749 has multiple (2) positions, using the first one!
utility_to_osm - WARNING - ssr:stedsnr = 309624 has multiple (2) positions, using the first one!
utility_to_osm - WARNING - ssr:stedsnr = 309651 has multiple (2) positions, using the first one!
utility_to_osm - WARNING - ssr:stedsnr = 145114 has multiple (2) positions, using the first one!
utility_to_osm - WARNING - ssr:stedsnr = 187329: No priority spelling found for lang = no, using alt_name to get "[('no', 'Vennervann')]"
utility_to_osm - WARNING - ssr:stedsnr = 187329 has multiple (2) positions, using the first one!
utility_to_osm - WARNING - ssr:stedsnr = 187386 has multiple (2) positions, using the first one!
utility_to_osm - WARNING - ssr:stedsnr = 187396 has multiple (2) positions, using the first one!
utility_to_osm - WARNING - ssr:stedsnr = 187407 has multiple (2) positions, using the first one!
utility_to_osm - WARNING - ssr:stedsnr = 187428 has multiple (2) positions, using the first one!
utility_to_osm - WARNING - ssr:stedsnr = 187642 has multiple (2) positions, using the first one!
utility_to_osm - WARNING - ssr:stedsnr = 187696 has multiple (3) positions, using the first one!
utility_to_osm - WARNING - ssr:stedsnr = 188408 has multiple (2) positions, using the first one!
utility_to_osm - WARNING - ssr:stedsnr = 188677 has multiple (2) positions, using the first one!
utility_to_osm - WARNING - ssr:stedsnr = 188679 has multiple (2) positions, using the first one!
utility_to_osm - WARNING - ssr:stedsnr = 208299 has multiple (3) positions, using the first one!
utility_to_osm - WARNING - ssr:stedsnr = 269321 has multiple (3) positions, using the first one!
utility_to_osm - WARNING - ssr:stedsnr = 221005 has multiple (2) positions, using the first one!
utility_to_osm - WARNING - ssr:stedsnr = 248410 has multiple (2) positions, using the first one!
utility_to_osm - WARNING - ssr:stedsnr = 248451 has multiple (2) positions, using the first one!
utility_to_osm - WARNING - ssr:stedsnr = 248401 has multiple (2) positions, using the first one!
utility_to_osm - WARNING - ssr:stedsnr = 248563 has multiple (2) positions, using the first one!
utility_to_osm - WARNING - ssr:stedsnr = 248719 has multiple (2) positions, using the first one!
utility_to_osm - WARNING - ssr:stedsnr = 292593 has multiple (2) positions, using the first one!
utility_to_osm - WARNING - ssr:stedsnr = 465240: No priority spelling found for lang = no, using alt_name to get "[('no', 'Laboratorieveien')]"
utility_to_osm - ERROR - ssr:stedsnr = 465240. No positions found, skipping
utility_to_osm - WARNING - ssr:stedsnr = 308406 has multiple (2) positions, using the first one!
utility_to_osm - WARNING - ssr:stedsnr = 309461 has multiple (2) positions, using the first one!
utility_to_osm - WARNING - ssr:stedsnr = 309469 has multiple (2) positions, using the first one!
utility_to_osm - WARNING - ssr:stedsnr = 309607 has multiple (2) positions, using the first one!
utility_to_osm - WARNING - ssr:stedsnr = 309584 has multiple (2) positions, using the first one!
utility_to_osm - WARNING - ssr:stedsnr = 309596 has multiple (2) positions, using the first one!
utility_to_osm - WARNING - ssr:stedsnr = 309732 has multiple (2) positions, using the first one!
utility_to_osm - WARNING - ssr:stedsnr = 511434 has multiple (3) positions, using the first one!
utility_to_osm - WARNING - ssr:stedsnr = 368621 has multiple (2) positions, using the first one!
utility_to_osm - WARNING - ssr:stedsnr = 368623 has multiple (2) positions, using the first one!
utility_to_osm - WARNING - ssr:stedsnr = 369365: No priority spelling found for lang = no, using alt_name to get "[('no', 'Nordre Ovann')]"
utility_to_osm - WARNING - ssr:stedsnr = 369365 has multiple (2) positions, using the first one!
utility_to_osm - WARNING - ssr:stedsnr = 369370 has multiple (2) positions, using the first one!
utility_to_osm - WARNING - ssr:stedsnr = 369373 has multiple (2) positions, using the first one!
utility_to_osm - WARNING - ssr:stedsnr = 369564 has multiple (2) positions, using the first one!
utility_to_osm - WARNING - ssr:stedsnr = 369575 has multiple (2) positions, using the first one!
utility_to_osm - WARNING - ssr:stedsnr = 369704 has multiple (2) positions, using the first one!
utility_to_osm - WARNING - ssr:stedsnr = 369620 has multiple (2) positions, using the first one!
utility_to_osm - WARNING - ssr:stedsnr = 369663 has multiple (2) positions, using the first one!
utility_to_osm - WARNING - ssr:stedsnr = 404235: No priority spelling found for lang = no, using alt_name to get "[('no', 'Melerhusveien')]"
utility_to_osm - ERROR - ssr:stedsnr = 404235. No positions found, skipping
utility_to_osm - WARNING - ssr:stedsnr = 489645 has multiple (2) positions, using the first one!
utility_to_osm - WARNING - ssr:stedsnr = 490675 has multiple (2) positions, using the first one!
utility_to_osm - WARNING - ssr:stedsnr = 429579 has multiple (2) positions, using the first one!
utility_to_osm - WARNING - ssr:stedsnr = 430351 has multiple (2) positions, using the first one!
utility_to_osm - WARNING - ssr:stedsnr = 491097 has multiple (2) positions, using the first one!
utility_to_osm - WARNING - ssr:stedsnr = 430421 has multiple (2) positions, using the first one!
utility_to_osm - WARNING - ssr:stedsnr = 430423 has multiple (2) positions, using the first one!
utility_to_osm - WARNING - ssr:stedsnr = 430459 has multiple (2) positions, using the first one!
utility_to_osm - WARNING - ssr:stedsnr = 430461 has multiple (3) positions, using the first one!
utility_to_osm - WARNING - ssr:stedsnr = 430401 has multiple (2) positions, using the first one!
utility_to_osm - WARNING - ssr:stedsnr = 430506 has multiple (2) positions, using the first one!
utility_to_osm - WARNING - ssr:stedsnr = 430646 has multiple (2) positions, using the first one!
utility_to_osm - WARNING - ssr:stedsnr = 430793 has multiple (2) positions, using the first one!
utility_to_osm - ERROR - ssr:stedsnr = 491420: Adding multiple names to name tag, this is not OK! name = "Lintjern;Tysilltjernet"
utility_to_osm - WARNING - ssr:stedsnr = 491420 has multiple (2) positions, using the first one!
utility_to_osm - WARNING - ssr:stedsnr = 491438 has multiple (2) positions, using the first one!
utility_to_osm - WARNING - ssr:stedsnr = 491551 has multiple (2) positions, using the first one!
utility_to_osm - WARNING - ssr:stedsnr = 491567 has multiple (2) positions, using the first one!
utility_to_osm - WARNING - ssr:stedsnr = 491732 has multiple (2) positions, using the first one!
utility_to_osm - WARNING - ssr:stedsnr = 672447: No priority spelling found for lang = no, using alt_name to get "[('no', 'Rotnes')]"
utility_to_osm - WARNING - ssr:stedsnr = 672589 has multiple (2) positions, using the first one!
utility_to_osm - WARNING - ssr:stedsnr = 672701 has multiple (2) positions, using the first one!
utility_to_osm - WARNING - ssr:stedsnr = 672704 has multiple (2) positions, using the first one!
utility_to_osm - WARNING - ssr:stedsnr = 673529 has multiple (2) positions, using the first one!
utility_to_osm - WARNING - ssr:stedsnr = 673532 has multiple (2) positions, using the first one!
utility_to_osm - WARNING - ssr:stedsnr = 673449 has multiple (2) positions, using the first one!
utility_to_osm - WARNING - ssr:stedsnr = 673451 has multiple (3) positions, using the first one!
utility_to_osm - WARNING - ssr:stedsnr = 673687 has multiple (2) positions, using the first one!
utility_to_osm - WARNING - ssr:stedsnr = 464017 has multiple (2) positions, using the first one!
utility_to_osm - WARNING - ssr:stedsnr = 491414 has multiple (2) positions, using the first one!
utility_to_osm - WARNING - ssr:stedsnr = 491726 has multiple (2) positions, using the first one!
utility_to_osm - WARNING - ssr:stedsnr = 491612 has multiple (2) positions, using the first one!
utility_to_osm - WARNING - ssr:stedsnr = 510065 has multiple (2) positions, using the first one!
utility_to_osm - WARNING - ssr:stedsnr = 526267 has multiple (2) positions, using the first one!
utility_to_osm - WARNING - ssr:stedsnr = 531801 has multiple (2) positions, using the first one!
utility_to_osm - WARNING - ssr:stedsnr = 550604 has multiple (2) positions, using the first one!
utility_to_osm - WARNING - ssr:stedsnr = 551519 has multiple (2) positions, using the first one!
utility_to_osm - WARNING - ssr:stedsnr = 551540 has multiple (3) positions, using the first one!
utility_to_osm - WARNING - ssr:stedsnr = 551403 has multiple (2) positions, using the first one!
utility_to_osm - WARNING - ssr:stedsnr = 551416 has multiple (2) positions, using the first one!
utility_to_osm - WARNING - ssr:stedsnr = 551605 has multiple (2) positions, using the first one!
utility_to_osm - WARNING - ssr:stedsnr = 551706 has multiple (2) positions, using the first one!
utility_to_osm - WARNING - ssr:stedsnr = 551712 has multiple (2) positions, using the first one!
utility_to_osm - WARNING - ssr:stedsnr = 586247: No priority spelling found for lang = no, using alt_name to get "[('no', 'Georg Frølichs vei')]"
utility_to_osm - ERROR - ssr:stedsnr = 586247. No positions found, skipping
utility_to_osm - WARNING - ssr:stedsnr = 591763 has multiple (2) positions, using the first one!
utility_to_osm - WARNING - ssr:stedsnr = 611373 has multiple (2) positions, using the first one!
utility_to_osm - WARNING - ssr:stedsnr = 611627 has multiple (2) positions, using the first one!
utility_to_osm - WARNING - ssr:stedsnr = 611709: No priority spelling found for lang = no, using alt_name to get "[('no', 'Buvann')]"
utility_to_osm - WARNING - ssr:stedsnr = 611709 has multiple (2) positions, using the first one!
utility_to_osm - WARNING - ssr:stedsnr = 611711 has multiple (2) positions, using the first one!
utility_to_osm - WARNING - ssr:stedsnr = 611712 has multiple (2) positions, using the first one!
utility_to_osm - WARNING - ssr:stedsnr = 611728 has multiple (2) positions, using the first one!
utility_to_osm - WARNING - ssr:stedsnr = 612391: No priority spelling found for lang = no, using alt_name to get "[('no', 'Lønsvollbakken')]"
utility_to_osm - WARNING - ssr:stedsnr = 612391 has multiple (4) positions, using the first one!
utility_to_osm - WARNING - ssr:stedsnr = 612679 has multiple (2) positions, using the first one!
utility_to_osm - WARNING - ssr:stedsnr = 632400 has multiple (2) positions, using the first one!
utility_to_osm - WARNING - ssr:stedsnr = 707265: No priority spelling found for lang = no, using alt_name to get "[('no', 'Svartverksstubben')]"
utility_to_osm - ERROR - ssr:stedsnr = 707265. No positions found, skipping
utility_to_osm - WARNING - ssr:stedsnr = 646237: No priority spelling found for lang = no, using alt_name to get "[('no', 'Trekullveien')]"
utility_to_osm - ERROR - ssr:stedsnr = 646237. No positions found, skipping
utility_to_osm - WARNING - ssr:stedsnr = 672311 has multiple (2) positions, using the first one!
utility_to_osm - WARNING - ssr:stedsnr = 672367 has multiple (2) positions, using the first one!
utility_to_osm - WARNING - ssr:stedsnr = 673472 has multiple (2) positions, using the first one!
utility_to_osm - WARNING - ssr:stedsnr = 673473 has multiple (2) positions, using the first one!
utility_to_osm - WARNING - ssr:stedsnr = 673611 has multiple (2) positions, using the first one!
utility_to_osm - WARNING - ssr:stedsnr = 673644 has multiple (2) positions, using the first one!
utility_to_osm - WARNING - ssr:stedsnr = 673703 has multiple (2) positions, using the first one!
utility_to_osm - WARNING - ssr:stedsnr = 727997: No priority spelling found for lang = no, using alt_name to get "[('no', 'Lillomarka naturreservat')]"
utility_to_osm - WARNING - ssr:stedsnr = 727997 has multiple (2) positions, using the first one!
utility_to_osm - WARNING - ssr:stedsnr = 733405 has multiple (2) positions, using the first one!
utility_to_osm - WARNING - ssr:stedsnr = 733419: No priority spelling found for lang = no, using alt_name to get "[('no', 'Nordre Ryggevann')]"
utility_to_osm - WARNING - ssr:stedsnr = 733634 has multiple (3) positions, using the first one!
utility_to_osm - WARNING - ssr:stedsnr = 734604 has multiple (2) positions, using the first one!
utility_to_osm - WARNING - ssr:stedsnr = 734607 has multiple (2) positions, using the first one!
utility_to_osm - WARNING - ssr:stedsnr = 734617 has multiple (2) positions, using the first one!
utility_to_osm - WARNING - ssr:stedsnr = 734590 has multiple (2) positions, using the first one!
utility_to_osm - WARNING - ssr:stedsnr = 734591 has multiple (3) positions, using the first one!
utility_to_osm - WARNING - ssr:stedsnr = 794416 has multiple (2) positions, using the first one!
utility_to_osm - WARNING - ssr:stedsnr = 794607 has multiple (2) positions, using the first one!
utility_to_osm - WARNING - ssr:stedsnr = 794628 has multiple (2) positions, using the first one!
utility_to_osm - WARNING - ssr:stedsnr = 794380 has multiple (2) positions, using the first one!
utility_to_osm - WARNING - ssr:stedsnr = 794388: No priority spelling found for lang = no, using alt_name to get "[('no', 'Søndre Ovann')]"
utility_to_osm - WARNING - ssr:stedsnr = 794388 has multiple (3) positions, using the first one!
utility_to_osm - WARNING - ssr:stedsnr = 794504 has multiple (2) positions, using the first one!
utility_to_osm - WARNING - ssr:stedsnr = 915449 has multiple (2) positions, using the first one!
utility_to_osm - WARNING - ssr:stedsnr = 915648 has multiple (2) positions, using the first one!
utility_to_osm - WARNING - ssr:stedsnr = 915652 has multiple (2) positions, using the first one!
utility_to_osm - WARNING - ssr:stedsnr = 916735 has multiple (2) positions, using the first one!
utility_to_osm - WARNING - ssr:stedsnr = 916398 has multiple (2) positions, using the first one!
utility_to_osm - WARNING - ssr:stedsnr = 916443 has multiple (2) positions, using the first one!
utility_to_osm - WARNING - ssr:stedsnr = 916551 has multiple (5) positions, using the first one!
utility_to_osm - WARNING - ssr:stedsnr = 916589 has multiple (2) positions, using the first one!
utility_to_osm - WARNING - ssr:stedsnr = 855120 has multiple (2) positions, using the first one!
utility_to_osm - WARNING - ssr:stedsnr = 855340: No priority spelling found for lang = no, using alt_name to get "[('no', 'Søndre Langvann')]"
utility_to_osm - WARNING - ssr:stedsnr = 855340 has multiple (2) positions, using the first one!
utility_to_osm - WARNING - ssr:stedsnr = 855343 has multiple (2) positions, using the first one!
utility_to_osm - WARNING - ssr:stedsnr = 855388 has multiple (2) positions, using the first one!
utility_to_osm - WARNING - ssr:stedsnr = 855545 has multiple (2) positions, using the first one!
utility_to_osm - WARNING - ssr:stedsnr = 855405 has multiple (2) positions, using the first one!
utility_to_osm - WARNING - ssr:stedsnr = 855481 has multiple (2) positions, using the first one!
utility_to_osm - WARNING - ssr:stedsnr = 855492 has multiple (3) positions, using the first one!
utility_to_osm - WARNING - ssr:stedsnr = 855599 has multiple (2) positions, using the first one!
utility_to_osm - WARNING - ssr:stedsnr = 855835 has multiple (2) positions, using the first one!
utility_to_osm - WARNING - ssr:stedsnr = 876467 has multiple (3) positions, using the first one!
utility_to_osm - WARNING - ssr:stedsnr = 915469 has multiple (2) positions, using the first one!
utility_to_osm - WARNING - ssr:stedsnr = 915706 has multiple (2) positions, using the first one!
utility_to_osm - WARNING - ssr:stedsnr = 916108 has multiple (3) positions, using the first one!
utility_to_osm - WARNING - ssr:stedsnr = 916109 has multiple (2) positions, using the first one!
utility_to_osm - WARNING - ssr:stedsnr = 916420: No priority spelling found for lang = no, using alt_name to get "[('no', 'Kjulsbråtan')]"
utility_to_osm - WARNING - ssr:stedsnr = 916420 has multiple (2) positions, using the first one!
utility_to_osm - ERROR - ssr:stedsnr = 916527: Adding multiple names to name tag, this is not OK! name = "Flabben;Mastutjern"
utility_to_osm - WARNING - ssr:stedsnr = 916561 has multiple (2) positions, using the first one!
utility_to_osm - WARNING - ssr:stedsnr = 916726 has multiple (2) positions, using the first one!
utility_to_osm - WARNING - ssr:stedsnr = 951100 has multiple (2) positions, using the first one!
utility_to_osm - WARNING - ssr:stedsnr = 951328: No priority spelling found for lang = no, using alt_name to get "[('no', 'Slattumsrøa naturreservat')]"
utility_to_osm - ERROR - ssr:stedsnr = 956792. No positions found, skipping
utility_to_osm - WARNING - ssr:stedsnr = 991087: No priority spelling found for lang = no, using alt_name to get "[('no', 'Århanemyra naturreservat')]"
utility_to_osm - WARNING - ssr:stedsnr = 991342: No priority spelling found for lang = no, using alt_name to get "[('no', 'Haukerudsvingen')]"
utility_to_osm - ERROR - ssr:stedsnr = 991342. No positions found, skipping
utility_to_osm - WARNING - ssr:stedsnr = 991348: No priority spelling found for lang = no, using alt_name to get "[('no', 'Hengeaksveien')]"
utility_to_osm - ERROR - ssr:stedsnr = 991348. No positions found, skipping
utility_to_osm - ERROR - ssr:stedsnr = 991369. No positions found, skipping
utility_to_osm - ERROR - ssr:stedsnr = 991468. No positions found, skipping
utility_to_osm - ERROR - ssr:stedsnr = 991615. No positions found, skipping
utility_to_osm - ERROR - ssr:stedsnr = 991623. No positions found, skipping
utility_to_osm - ERROR - ssr:stedsnr = 991650. No positions found, skipping
utility_to_osm - ERROR - ssr:stedsnr = 991717. No positions found, skipping
utility_to_osm - ERROR - ssr:stedsnr = 991722. No positions found, skipping
utility_to_osm - ERROR - ssr:stedsnr = 991740. No positions found, skipping
utility_to_osm - ERROR - ssr:stedsnr = 991820. No positions found, skipping
utility_to_osm - ERROR - ssr:stedsnr = 991831. No positions found, skipping
utility_to_osm - ERROR - ssr:stedsnr = 991896. No positions found, skipping
utility_to_osm - ERROR - ssr:stedsnr = 991904. No positions found, skipping
utility_to_osm - ERROR - ssr:stedsnr = 991912. No positions found, skipping
utility_to_osm - WARNING - ssr:stedsnr = 991914: No priority spelling found for lang = no, using alt_name to get "[('no', 'Kanonsletta')]"
utility_to_osm - ERROR - ssr:stedsnr = 991914. No positions found, skipping
utility_to_osm - ERROR - ssr:stedsnr = 991919. No positions found, skipping
utility_to_osm - ERROR - ssr:stedsnr = 991921. No positions found, skipping
utility_to_osm - ERROR - ssr:stedsnr = 991927. No positions found, skipping
utility_to_osm - ERROR - ssr:stedsnr = 991967. No positions found, skipping
utility_to_osm - ERROR - ssr:stedsnr = 992114. No positions found, skipping
utility_to_osm - ERROR - ssr:stedsnr = 992119. No positions found, skipping
utility_to_osm - ERROR - ssr:stedsnr = 992126. No positions found, skipping
utility_to_osm - ERROR - ssr:stedsnr = 992131. No positions found, skipping
utility_to_osm - ERROR - ssr:stedsnr = 992135. No positions found, skipping
utility_to_osm - ERROR - ssr:stedsnr = 992143. No positions found, skipping
utility_to_osm - WARNING - ssr:stedsnr = 992268: No priority spelling found for lang = no, using alt_name to get "[('no', 'Myrullgrenda')]"
utility_to_osm - ERROR - ssr:stedsnr = 992268. No positions found, skipping
utility_to_osm - ERROR - ssr:stedsnr = 992271. No positions found, skipping
utility_to_osm - WARNING - ssr:stedsnr = 992273: No priority spelling found for lang = no, using alt_name to get "[('no', 'Myraveien')]"
utility_to_osm - ERROR - ssr:stedsnr = 992273. No positions found, skipping
utility_to_osm - ERROR - ssr:stedsnr = 992280. No positions found, skipping
utility_to_osm - ERROR - ssr:stedsnr = 992294. No positions found, skipping
utility_to_osm - ERROR - ssr:stedsnr = 992415. No positions found, skipping
utility_to_osm - ERROR - ssr:stedsnr = 992424. No positions found, skipping
utility_to_osm - ERROR - ssr:stedsnr = 992426. No positions found, skipping
utility_to_osm - ERROR - ssr:stedsnr = 992432. No positions found, skipping
utility_to_osm - ERROR - ssr:stedsnr = 992318. No positions found, skipping
utility_to_osm - WARNING - ssr:stedsnr = 992365: No priority spelling found for lang = no, using alt_name to get "[('no', 'Lønneveien')]"
utility_to_osm - ERROR - ssr:stedsnr = 992365. No positions found, skipping
utility_to_osm - WARNING - ssr:stedsnr = 992366: No priority spelling found for lang = no, using alt_name to get "[('no', 'Mattias skytters vei')]"
utility_to_osm - ERROR - ssr:stedsnr = 992366. No positions found, skipping
utility_to_osm - ERROR - ssr:stedsnr = 992373. No positions found, skipping
utility_to_osm - ERROR - ssr:stedsnr = 992379. No positions found, skipping
utility_to_osm - WARNING - ssr:stedsnr = 992380: No priority spelling found for lang = no, using alt_name to get "[('no', 'Løvstadstubben')]"
utility_to_osm - ERROR - ssr:stedsnr = 992380. No positions found, skipping
utility_to_osm - ERROR - ssr:stedsnr = 992397. No positions found, skipping
utility_to_osm - WARNING - ssr:stedsnr = 992527: No priority spelling found for lang = no, using alt_name to get "[('no', 'Porsveien')]"
utility_to_osm - ERROR - ssr:stedsnr = 992527. No positions found, skipping
utility_to_osm - WARNING - ssr:stedsnr = 992615: No priority spelling found for lang = no, using alt_name to get "[('no', 'Nyborgstubben')]"
utility_to_osm - ERROR - ssr:stedsnr = 992615. No positions found, skipping
utility_to_osm - ERROR - ssr:stedsnr = 992617. No positions found, skipping
utility_to_osm - ERROR - ssr:stedsnr = 992639. No positions found, skipping
utility_to_osm - ERROR - ssr:stedsnr = 4620: Adding multiple names to name tag, this is not OK! name = "Lilloseter Sportsstue;Lilloseter"
utility_to_osm - WARNING - ssr:stedsnr = 4620 has multiple (3) positions, using the first one!
utility_to_osm - WARNING - ssr:stedsnr = 5096 has multiple (3) positions, using the first one!
utility_to_osm - WARNING - ssr:stedsnr = 5391 has multiple (2) positions, using the first one!
utility_to_osm - WARNING - ssr:stedsnr = 5398 has multiple (2) positions, using the first one!
utility_to_osm - WARNING - ssr:stedsnr = 5345 has multiple (2) positions, using the first one!
utility_to_osm - WARNING - ssr:stedsnr = 5351 has multiple (2) positions, using the first one!
utility_to_osm - WARNING - ssr:stedsnr = 5352 has multiple (2) positions, using the first one!
utility_to_osm - WARNING - ssr:stedsnr = 5353 has multiple (2) positions, using the first one!
utility_to_osm - WARNING - ssr:stedsnr = 5595 has multiple (2) positions, using the first one!
utility_to_osm - WARNING - ssr:stedsnr = 5681 has multiple (2) positions, using the first one!
utility_to_osm - WARNING - ssr:stedsnr = 5700 has multiple (5) positions, using the first one!
utility_to_osm - WARNING - ssr:stedsnr = 5779 has multiple (2) positions, using the first one!
utility_to_osm - WARNING - ssr:stedsnr = 6427 has multiple (2) positions, using the first one!
utility_to_osm - WARNING - ssr:stedsnr = 65593 has multiple (2) positions, using the first one!
utility_to_osm - WARNING - ssr:stedsnr = 66377: No priority spelling found for lang = no, using alt_name to get "[('no', 'Lønsvoll')]"
utility_to_osm - WARNING - ssr:stedsnr = 66444 has multiple (2) positions, using the first one!
utility_to_osm - WARNING - ssr:stedsnr = 66545: No priority spelling found for lang = no, using alt_name to get "[('no', 'Elvannet')]"
utility_to_osm - WARNING - ssr:stedsnr = 66550: No priority spelling found for lang = no, using alt_name to get "[('no', 'Løvstad')]"
utility_to_osm - WARNING - ssr:stedsnr = 66480 has multiple (2) positions, using the first one!
utility_to_osm - WARNING - ssr:stedsnr = 66534 has multiple (2) positions, using the first one!
utility_to_osm - WARNING - ssr:stedsnr = 66536 has multiple (2) positions, using the first one!
utility_to_osm - WARNING - ssr:stedsnr = 66631: No priority spelling found for lang = no, using alt_name to get "[('no', 'Nordvannet')]"
utility_to_osm - WARNING - ssr:stedsnr = 66631 has multiple (3) positions, using the first one!
utility_to_osm - WARNING - ssr:stedsnr = 85838 has multiple (3) positions, using the first one!
utility_to_osm - WARNING - ssr:stedsnr = 87454 has multiple (3) positions, using the first one!
utility_to_osm - WARNING - ssr:stedsnr = 87286 has multiple (3) positions, using the first one!
utility_to_osm - WARNING - ssr:stedsnr = 99889 has multiple (2) positions, using the first one!
utility_to_osm - WARNING - ssr:stedsnr = 125624: No priority spelling found for lang = no, using alt_name to get "[('no', 'Åros')]"
utility_to_osm - WARNING - ssr:stedsnr = 125628 has multiple (2) positions, using the first one!
utility_to_osm - WARNING - ssr:stedsnr = 125631 has multiple (2) positions, using the first one!
utility_to_osm - WARNING - ssr:stedsnr = 125636: No priority spelling found for lang = no, using alt_name to get "[('no', 'Aurevann')]"
utility_to_osm - WARNING - ssr:stedsnr = 126412 has multiple (2) positions, using the first one!
utility_to_osm - WARNING - ssr:stedsnr = 126426 has multiple (3) positions, using the first one!
utility_to_osm - WARNING - ssr:stedsnr = 126434 has multiple (2) positions, using the first one!
utility_to_osm - WARNING - ssr:stedsnr = 126599 has multiple (2) positions, using the first one!
utility_to_osm - WARNING - ssr:stedsnr = 126625 has multiple (2) positions, using the first one!
utility_to_osm - WARNING - ssr:stedsnr = 126669 has multiple (2) positions, using the first one!
utility_to_osm - WARNING - ssr:stedsnr = 126779: No priority spelling found for lang = no, using alt_name to get "[('no', 'Svartvann')]"
utility_to_osm - WARNING - ssr:stedsnr = 126779 has multiple (2) positions, using the first one!
utility_to_osm - WARNING - ssr:stedsnr = 127432: No priority spelling found for lang = no, using alt_name to get "[('no', 'Nordre Langvann')]"
utility_to_osm - WARNING - ssr:stedsnr = 127432 has multiple (2) positions, using the first one!
utility_to_osm - WARNING - ssr:stedsnr = 127627: No priority spelling found for lang = no, using alt_name to get "[('no', 'Langvann')]"
utility_to_osm - WARNING - ssr:stedsnr = 127627 has multiple (3) positions, using the first one!
utility_to_osm - WARNING - ssr:stedsnr = 127768 has multiple (2) positions, using the first one!
utility_to_osm - WARNING - ssr:stedsnr = 127732 has multiple (2) positions, using the first one!
utility_to_osm - WARNING - ssr:stedsnr = 162141 has multiple (2) positions, using the first one!
utility_to_osm - WARNING - ssr:stedsnr = 187533 has multiple (2) positions, using the first one!
utility_to_osm - WARNING - ssr:stedsnr = 187537 has multiple (2) positions, using the first one!
utility_to_osm - WARNING - ssr:stedsnr = 187661 has multiple (2) positions, using the first one!
utility_to_osm - WARNING - ssr:stedsnr = 188399 has multiple (4) positions, using the first one!
utility_to_osm - WARNING - ssr:stedsnr = 188434 has multiple (2) positions, using the first one!
utility_to_osm - WARNING - ssr:stedsnr = 188632 has multiple (2) positions, using the first one!
utility_to_osm - WARNING - ssr:stedsnr = 188638 has multiple (2) positions, using the first one!
utility_to_osm - WARNING - ssr:stedsnr = 188745 has multiple (2) positions, using the first one!
utility_to_osm - WARNING - ssr:stedsnr = 208315 has multiple (2) positions, using the first one!
utility_to_osm - WARNING - ssr:stedsnr = 222230: No priority spelling found for lang = no, using alt_name to get "[('no', 'Svartkruttveien')]"
utility_to_osm - ERROR - ssr:stedsnr = 222230. No positions found, skipping
utility_to_osm - WARNING - ssr:stedsnr = 282210: No priority spelling found for lang = no, using alt_name to get "[('no', 'Gudrun Moestuens vei')]"
utility_to_osm - ERROR - ssr:stedsnr = 282210. No positions found, skipping
utility_to_osm - WARNING - ssr:stedsnr = 308379 has multiple (2) positions, using the first one!
utility_to_osm - WARNING - ssr:stedsnr = 308469 has multiple (2) positions, using the first one!
utility_to_osm - WARNING - ssr:stedsnr = 308476 has multiple (2) positions, using the first one!
utility_to_osm - WARNING - ssr:stedsnr = 308482 has multiple (2) positions, using the first one!
utility_to_osm - WARNING - ssr:stedsnr = 308483 has multiple (2) positions, using the first one!
utility_to_osm - WARNING - ssr:stedsnr = 308484 has multiple (2) positions, using the first one!
utility_to_osm - WARNING - ssr:stedsnr = 308653 has multiple (2) positions, using the first one!
utility_to_osm - WARNING - ssr:stedsnr = 309429 has multiple (2) positions, using the first one!
utility_to_osm - WARNING - ssr:stedsnr = 363995: No priority spelling found for lang = no, using alt_name to get "[('no', 'Glitrelia naturreservat')]"
utility_to_osm - WARNING - ssr:stedsnr = 369487 has multiple (2) positions, using the first one!
utility_to_osm - WARNING - ssr:stedsnr = 369595 has multiple (2) positions, using the first one!
utility_to_osm - WARNING - ssr:stedsnr = 369385 has multiple (2) positions, using the first one!
utility_to_osm - WARNING - ssr:stedsnr = 369335 has multiple (2) positions, using the first one!
utility_to_osm - ERROR - ssr:stedsnr = 369633: Adding multiple names to name tag, this is not OK! name = "Elvikløkka;Elvika"
utility_to_osm - WARNING - ssr:stedsnr = 369633 has multiple (3) positions, using the first one!
utility_to_osm - WARNING - ssr:stedsnr = 369654 has multiple (2) positions, using the first one!
utility_to_osm - WARNING - ssr:stedsnr = 369660 has multiple (2) positions, using the first one!
utility_to_osm - WARNING - ssr:stedsnr = 369558 has multiple (2) positions, using the first one!
utility_to_osm - ERROR - ssr:stedsnr = 405100. No positions found, skipping
utility_to_osm - WARNING - ssr:stedsnr = 430370 has multiple (2) positions, using the first one!
utility_to_osm - WARNING - ssr:stedsnr = 430491 has multiple (2) positions, using the first one!
utility_to_osm - WARNING - ssr:stedsnr = 430567 has multiple (2) positions, using the first one!
utility_to_osm - WARNING - ssr:stedsnr = 430581 has multiple (2) positions, using the first one!
utility_to_osm - WARNING - ssr:stedsnr = 430591 has multiple (3) positions, using the first one!
utility_to_osm - WARNING - ssr:stedsnr = 430528 has multiple (2) positions, using the first one!
utility_to_osm - WARNING - ssr:stedsnr = 430668 has multiple (2) positions, using the first one!
utility_to_osm - WARNING - ssr:stedsnr = 430671 has multiple (2) positions, using the first one!
utility_to_osm - ERROR - ssr:stedsnr = 525255. No positions found, skipping
utility_to_osm - WARNING - ssr:stedsnr = 529469 has multiple (2) positions, using the first one!
utility_to_osm - WARNING - ssr:stedsnr = 545993: No priority spelling found for lang = no, using alt_name to get "[('no', 'Prekestolen og Ryggevanna naturreservat')]"
utility_to_osm - WARNING - ssr:stedsnr = 551390 has multiple (7) positions, using the first one!
utility_to_osm - WARNING - ssr:stedsnr = 551381 has multiple (2) positions, using the first one!
utility_to_osm - WARNING - ssr:stedsnr = 551469 has multiple (2) positions, using the first one!
utility_to_osm - WARNING - ssr:stedsnr = 551565 has multiple (2) positions, using the first one!
utility_to_osm - WARNING - ssr:stedsnr = 551581 has multiple (2) positions, using the first one!
utility_to_osm - WARNING - ssr:stedsnr = 551588 has multiple (2) positions, using the first one!
utility_to_osm - WARNING - ssr:stedsnr = 551622 has multiple (2) positions, using the first one!
utility_to_osm - ERROR - ssr:stedsnr = 551679: Adding multiple names to name tag, this is not OK! name = "Holm;Steinerud"
utility_to_osm - WARNING - ssr:stedsnr = 551679 has multiple (2) positions, using the first one!
utility_to_osm - WARNING - ssr:stedsnr = 592596 has multiple (2) positions, using the first one!
utility_to_osm - WARNING - ssr:stedsnr = 611483 has multiple (2) positions, using the first one!
utility_to_osm - WARNING - ssr:stedsnr = 611366: No priority spelling found for lang = no, using alt_name to get "[('no', 'Høghaugen')]"
utility_to_osm - WARNING - ssr:stedsnr = 611366 has multiple (2) positions, using the first one!
utility_to_osm - WARNING - ssr:stedsnr = 611462 has multiple (2) positions, using the first one!
utility_to_osm - WARNING - ssr:stedsnr = 611533 has multiple (2) positions, using the first one!
utility_to_osm - WARNING - ssr:stedsnr = 611639 has multiple (2) positions, using the first one!
utility_to_osm - WARNING - ssr:stedsnr = 611644 has multiple (2) positions, using the first one!
utility_to_osm - WARNING - ssr:stedsnr = 611659 has multiple (2) positions, using the first one!
utility_to_osm - WARNING - ssr:stedsnr = 611662 has multiple (3) positions, using the first one!
utility_to_osm - WARNING - ssr:stedsnr = 612441 has multiple (2) positions, using the first one!
utility_to_osm - WARNING - ssr:stedsnr = 612447: No priority spelling found for lang = no, using alt_name to get "[('no', 'Kjul')]"
utility_to_osm - WARNING - ssr:stedsnr = 612544 has multiple (2) positions, using the first one!
utility_to_osm - WARNING - ssr:stedsnr = 612466 has multiple (2) positions, using the first one!
utility_to_osm - WARNING - ssr:stedsnr = 612699 has multiple (3) positions, using the first one!
utility_to_osm - WARNING - ssr:stedsnr = 612741 has multiple (6) positions, using the first one!
utility_to_osm - WARNING - ssr:stedsnr = 646242: No priority spelling found for lang = no, using alt_name to get "[('no', 'Korningsveien')]"
utility_to_osm - ERROR - ssr:stedsnr = 646242. No positions found, skipping
utility_to_osm - WARNING - ssr:stedsnr = 647855: No priority spelling found for lang = no, using alt_name to get "[('no', 'Rundkollen og Sortungbekken naturreservat')]"
utility_to_osm - WARNING - ssr:stedsnr = 733344 has multiple (2) positions, using the first one!
utility_to_osm - WARNING - ssr:stedsnr = 733472 has multiple (2) positions, using the first one!
utility_to_osm - WARNING - ssr:stedsnr = 733552 has multiple (2) positions, using the first one!
utility_to_osm - WARNING - ssr:stedsnr = 733559 has multiple (2) positions, using the first one!
utility_to_osm - WARNING - ssr:stedsnr = 733640 has multiple (2) positions, using the first one!
utility_to_osm - WARNING - ssr:stedsnr = 734435: No priority spelling found for lang = no, using alt_name to get "[('no', 'Kjulslund')]"
utility_to_osm - WARNING - ssr:stedsnr = 734439 has multiple (2) positions, using the first one!
utility_to_osm - WARNING - ssr:stedsnr = 734637 has multiple (3) positions, using the first one!
utility_to_osm - ERROR - ssr:stedsnr = 771498. No positions found, skipping
utility_to_osm - WARNING - ssr:stedsnr = 793613 has multiple (2) positions, using the first one!
utility_to_osm - WARNING - ssr:stedsnr = 793561 has multiple (2) positions, using the first one!
utility_to_osm - WARNING - ssr:stedsnr = 794398 has multiple (2) positions, using the first one!
utility_to_osm - WARNING - ssr:stedsnr = 794588 has multiple (2) positions, using the first one!
utility_to_osm - WARNING - ssr:stedsnr = 794335 has multiple (2) positions, using the first one!
utility_to_osm - WARNING - ssr:stedsnr = 794342 has multiple (2) positions, using the first one!
utility_to_osm - WARNING - ssr:stedsnr = 794437: No priority spelling found for lang = no, using alt_name to get "[('no', 'Søndre Ryggevann')]"
utility_to_osm - WARNING - ssr:stedsnr = 794437 has multiple (4) positions, using the first one!
utility_to_osm - WARNING - ssr:stedsnr = 794459 has multiple (2) positions, using the first one!
utility_to_osm - WARNING - ssr:stedsnr = 794632 has multiple (2) positions, using the first one!
utility_to_osm - WARNING - ssr:stedsnr = 794647 has multiple (2) positions, using the first one!
utility_to_osm - WARNING - ssr:stedsnr = 794694 has multiple (2) positions, using the first one!
utility_to_osm - WARNING - ssr:stedsnr = 829243: No priority spelling found for lang = no, using alt_name to get "[('no', 'Echostubben')]"
utility_to_osm - ERROR - ssr:stedsnr = 829243. No positions found, skipping
utility_to_osm - WARNING - ssr:stedsnr = 830110 has multiple (2) positions, using the first one!
utility_to_osm - WARNING - ssr:stedsnr = 855528 has multiple (2) positions, using the first one!
utility_to_osm - WARNING - ssr:stedsnr = 855657 has multiple (5) positions, using the first one!
utility_to_osm - ERROR - ssr:stedsnr = 855367: Adding multiple names to name tag, this is not OK! name = "Prestegarden;Omsi"
utility_to_osm - WARNING - ssr:stedsnr = 855367 has multiple (2) positions, using the first one!
utility_to_osm - WARNING - ssr:stedsnr = 855422: No priority spelling found for lang = no, using alt_name to get "[('no', 'Nordre Movann')]"
utility_to_osm - WARNING - ssr:stedsnr = 855465 has multiple (2) positions, using the first one!
utility_to_osm - WARNING - ssr:stedsnr = 855554 has multiple (2) positions, using the first one!
utility_to_osm - WARNING - ssr:stedsnr = 855745 has multiple (2) positions, using the first one!
utility_to_osm - WARNING - ssr:stedsnr = 874528 has multiple (4) positions, using the first one!
utility_to_osm - WARNING - ssr:stedsnr = 975765: No priority spelling found for lang = no, using alt_name to get "[('no', 'Ryggevanna')]"
utility_to_osm - ERROR - ssr:stedsnr = 975765. No positions found, skipping
utility_to_osm - ERROR - ssr:stedsnr = 991765. No positions found, skipping
utility_to_osm - ERROR - ssr:stedsnr = 991449. No positions found, skipping
utility_to_osm - ERROR - ssr:stedsnr = 991566. No positions found, skipping
utility_to_osm - WARNING - ssr:stedsnr = 991568: No priority spelling found for lang = no, using alt_name to get "[('no', 'Gåsebyveien')]"
utility_to_osm - ERROR - ssr:stedsnr = 991568. No positions found, skipping
utility_to_osm - ERROR - ssr:stedsnr = 991572. No positions found, skipping
utility_to_osm - WARNING - ssr:stedsnr = 991374: No priority spelling found for lang = no, using alt_name to get "[('no', 'Haugeråsen')]"
utility_to_osm - ERROR - ssr:stedsnr = 991374. No positions found, skipping
utility_to_osm - ERROR - ssr:stedsnr = 991391. No positions found, skipping
utility_to_osm - ERROR - ssr:stedsnr = 991480. No positions found, skipping
utility_to_osm - ERROR - ssr:stedsnr = 991542. No positions found, skipping
utility_to_osm - WARNING - ssr:stedsnr = 991969: No priority spelling found for lang = no, using alt_name to get "[('no', 'Kruttørkeveien')]"
utility_to_osm - ERROR - ssr:stedsnr = 991969. No positions found, skipping
utility_to_osm - ERROR - ssr:stedsnr = 991972. No positions found, skipping
utility_to_osm - WARNING - ssr:stedsnr = 991994: No priority spelling found for lang = no, using alt_name to get "[('no', 'Kruttmølleveien')]"
utility_to_osm - ERROR - ssr:stedsnr = 991994. No positions found, skipping
utility_to_osm - ERROR - ssr:stedsnr = 992000. No positions found, skipping
utility_to_osm - WARNING - ssr:stedsnr = 992006: No priority spelling found for lang = no, using alt_name to get "[('no', 'Kullmileveien')]"
utility_to_osm - ERROR - ssr:stedsnr = 992006. No positions found, skipping
utility_to_osm - ERROR - ssr:stedsnr = 991668. No positions found, skipping
utility_to_osm - ERROR - ssr:stedsnr = 991682. No positions found, skipping
utility_to_osm - ERROR - ssr:stedsnr = 991688. No positions found, skipping
utility_to_osm - ERROR - ssr:stedsnr = 991847. No positions found, skipping
utility_to_osm - WARNING - ssr:stedsnr = 991946: No priority spelling found for lang = no, using alt_name to get "[('no', 'Lahaugmoveien')]"
utility_to_osm - ERROR - ssr:stedsnr = 991946. No positions found, skipping
utility_to_osm - ERROR - ssr:stedsnr = 991950. No positions found, skipping
utility_to_osm - ERROR - ssr:stedsnr = 991808. No positions found, skipping
utility_to_osm - ERROR - ssr:stedsnr = 991867. No positions found, skipping
utility_to_osm - WARNING - ssr:stedsnr = 991868: No priority spelling found for lang = no, using alt_name to get "[('no', 'Holmsida')]"
utility_to_osm - ERROR - ssr:stedsnr = 991868. No positions found, skipping
utility_to_osm - ERROR - ssr:stedsnr = 991872. No positions found, skipping
utility_to_osm - ERROR - ssr:stedsnr = 991890. No positions found, skipping
utility_to_osm - ERROR - ssr:stedsnr = 992088. No positions found, skipping
utility_to_osm - ERROR - ssr:stedsnr = 992099. No positions found, skipping
utility_to_osm - WARNING - ssr:stedsnr = 992162: No priority spelling found for lang = no, using alt_name to get "[('no', 'Kruttbuveien')]"
utility_to_osm - ERROR - ssr:stedsnr = 992162. No positions found, skipping
utility_to_osm - ERROR - ssr:stedsnr = 991957. No positions found, skipping
utility_to_osm - ERROR - ssr:stedsnr = 992059. No positions found, skipping
utility_to_osm - ERROR - ssr:stedsnr = 992062. No positions found, skipping
utility_to_osm - ERROR - ssr:stedsnr = 992167. No positions found, skipping
utility_to_osm - ERROR - ssr:stedsnr = 992192. No positions found, skipping
utility_to_osm - ERROR - ssr:stedsnr = 992197. No positions found, skipping
utility_to_osm - ERROR - ssr:stedsnr = 992207. No positions found, skipping
utility_to_osm - WARNING - ssr:stedsnr = 992210: No priority spelling found for lang = no, using alt_name to get "[('no', 'Morkveien')]"
utility_to_osm - ERROR - ssr:stedsnr = 992210. No positions found, skipping
utility_to_osm - ERROR - ssr:stedsnr = 992303. No positions found, skipping
utility_to_osm - WARNING - ssr:stedsnr = 992346: No priority spelling found for lang = no, using alt_name to get "[('no', 'Lunden')]"
utility_to_osm - ERROR - ssr:stedsnr = 992346. No positions found, skipping
utility_to_osm - ERROR - ssr:stedsnr = 992351. No positions found, skipping
utility_to_osm - WARNING - ssr:stedsnr = 992359: No priority spelling found for lang = no, using alt_name to get "[('no', 'Lønsvollveien')]"
utility_to_osm - ERROR - ssr:stedsnr = 992359. No positions found, skipping
utility_to_osm - ERROR - ssr:stedsnr = 992219. No positions found, skipping
utility_to_osm - WARNING - ssr:stedsnr = 992224: No priority spelling found for lang = no, using alt_name to get "[('no', 'Mostubben')]"
utility_to_osm - ERROR - ssr:stedsnr = 992224. No positions found, skipping
utility_to_osm - ERROR - ssr:stedsnr = 992228. No positions found, skipping
utility_to_osm - ERROR - ssr:stedsnr = 992232. No positions found, skipping
utility_to_osm - ERROR - ssr:stedsnr = 992408. No positions found, skipping
utility_to_osm - ERROR - ssr:stedsnr = 992409. No positions found, skipping
utility_to_osm - WARNING - ssr:stedsnr = 992410: No priority spelling found for lang = no, using alt_name to get "[('no', 'Passoppveien')]"
utility_to_osm - ERROR - ssr:stedsnr = 992410. No positions found, skipping
utility_to_osm - ERROR - ssr:stedsnr = 992483. No positions found, skipping
utility_to_osm - ERROR - ssr:stedsnr = 992499. No positions found, skipping
utility_to_osm - ERROR - ssr:stedsnr = 992550. No positions found, skipping
utility_to_osm - ERROR - ssr:stedsnr = 992560. No positions found, skipping
utility_to_osm - ERROR - ssr:stedsnr = 993520. No positions found, skipping
utility_to_osm - ERROR - ssr:stedsnr = 993541. No positions found, skipping
utility_to_osm - ERROR - ssr:stedsnr = 993550. No positions found, skipping
utility_to_osm - ERROR - ssr:stedsnr = 993554. No positions found, skipping
utility_to_osm - ERROR - ssr:stedsnr = 993562. No positions found, skipping
utility_to_osm - WARNING - ssr:stedsnr = 992581: No priority spelling found for lang = no, using alt_name to get "[('no', 'Nedre Skøyen')]"
utility_to_osm - ERROR - ssr:stedsnr = 992581. No positions found, skipping
utility_to_osm - ERROR - ssr:stedsnr = 992587. No positions found, skipping
utility_to_osm - ERROR - ssr:stedsnr = 992596. No positions found, skipping
utility_to_osm - ERROR - ssr:stedsnr = 992604. No positions found, skipping
utility_to_osm - WARNING - ssr:stedsnr = 992612: No priority spelling found for lang = no, using alt_name to get "[('no', 'Nedre Hellerudhaugen')]"
utility_to_osm - ERROR - ssr:stedsnr = 992612. No positions found, skipping
utility_to_osm - WARNING - ssr:stedsnr = 992613: No priority spelling found for lang = no, using alt_name to get "[('no', 'Nyborgveien')]"
utility_to_osm - ERROR - ssr:stedsnr = 992613. No positions found, skipping
utility_to_osm - ERROR - ssr:stedsnr = 992668. No positions found, skipping
utility_to_osm - ERROR - ssr:stedsnr = 992713. No positions found, skipping
utility_to_osm - WARNING - ssr:stedsnr = 992648: No priority spelling found for lang = no, using alt_name to get "[('no', 'Nittedalsveien')]"
utility_to_osm - ERROR - ssr:stedsnr = 992648. No positions found, skipping
utility_to_osm - ERROR - ssr:stedsnr = 992658. No positions found, skipping
utility_to_osm - WARNING - ssr:stedsnr = 992661: No priority spelling found for lang = no, using alt_name to get "[('no', 'Nordre Skøyen')]"
utility_to_osm - ERROR - ssr:stedsnr = 992661. No positions found, skipping
utility_to_osm - ERROR - ssr:stedsnr = 992724. No positions found, skipping
utility_to_osm - ERROR - ssr:stedsnr = 992728. No positions found, skipping
utility_to_osm - WARNING - ssr:stedsnr = 992733: No priority spelling found for lang = no, using alt_name to get "[('no', 'Rudgata')]"
utility_to_osm - ERROR - ssr:stedsnr = 992733. No positions found, skipping
utility_to_osm - ERROR - ssr:stedsnr = 992736. No positions found, skipping
utility_to_osm - ERROR - ssr:stedsnr = 992882. No positions found, skipping
utility_to_osm - ERROR - ssr:stedsnr = 992895. No positions found, skipping
utility_to_osm - ERROR - ssr:stedsnr = 992927. No positions found, skipping
utility_to_osm - ERROR - ssr:stedsnr = 993014. No positions found, skipping
utility_to_osm - ERROR - ssr:stedsnr = 993021. No positions found, skipping
utility_to_osm - ERROR - ssr:stedsnr = 993032. No positions found, skipping
utility_to_osm - ERROR - ssr:stedsnr = 993051. No positions found, skipping
utility_to_osm - ERROR - ssr:stedsnr = 993115. No positions found, skipping
utility_to_osm - ERROR - ssr:stedsnr = 993000. No positions found, skipping
utility_to_osm - ERROR - ssr:stedsnr = 993005. No positions found, skipping
utility_to_osm - ERROR - ssr:stedsnr = 993008. No positions found, skipping
utility_to_osm - ERROR - ssr:stedsnr = 993010. No positions found, skipping
utility_to_osm - ERROR - ssr:stedsnr = 993066. No positions found, skipping
utility_to_osm - ERROR - ssr:stedsnr = 993075. No positions found, skipping
utility_to_osm - ERROR - ssr:stedsnr = 993093. No positions found, skipping
utility_to_osm - ERROR - ssr:stedsnr = 993107. No positions found, skipping
utility_to_osm - WARNING - ssr:stedsnr = 993108: No priority spelling found for lang = no, using alt_name to get "[('no', 'Sagerudsvingen')]"
utility_to_osm - ERROR - ssr:stedsnr = 993108. No positions found, skipping
utility_to_osm - ERROR - ssr:stedsnr = 993128. No positions found, skipping
utility_to_osm - ERROR - ssr:stedsnr = 993133. No positions found, skipping
utility_to_osm - ERROR - ssr:stedsnr = 993140. No positions found, skipping
utility_to_osm - ERROR - ssr:stedsnr = 993144. No positions found, skipping
utility_to_osm - WARNING - ssr:stedsnr = 993148: No priority spelling found for lang = no, using alt_name to get "[('no', 'Rådhusveien')]"
utility_to_osm - ERROR - ssr:stedsnr = 993148. No positions found, skipping
utility_to_osm - WARNING - ssr:stedsnr = 993162: No priority spelling found for lang = no, using alt_name to get "[('no', 'Slattum gårdsvei')]"
utility_to_osm - ERROR - ssr:stedsnr = 993162. No positions found, skipping
utility_to_osm - ERROR - ssr:stedsnr = 993240. No positions found, skipping
utility_to_osm - ERROR - ssr:stedsnr = 993247. No positions found, skipping
utility_to_osm - WARNING - ssr:stedsnr = 993322: No priority spelling found for lang = no, using alt_name to get "[('no', 'Smedstusvingen')]"
utility_to_osm - ERROR - ssr:stedsnr = 993322. No positions found, skipping
utility_to_osm - WARNING - ssr:stedsnr = 993327: No priority spelling found for lang = no, using alt_name to get "[('no', 'Snarefjellet')]"
utility_to_osm - ERROR - ssr:stedsnr = 993327. No positions found, skipping
utility_to_osm - WARNING - ssr:stedsnr = 993331: No priority spelling found for lang = no, using alt_name to get "[('no', 'Smieveien')]"
utility_to_osm - ERROR - ssr:stedsnr = 993331. No positions found, skipping
utility_to_osm - ERROR - ssr:stedsnr = 993286. No positions found, skipping
utility_to_osm - WARNING - ssr:stedsnr = 993290: No priority spelling found for lang = no, using alt_name to get "[('no', 'Skyttamyrveien')]"
utility_to_osm - ERROR - ssr:stedsnr = 993290. No positions found, skipping
utility_to_osm - ERROR - ssr:stedsnr = 993308. No positions found, skipping
utility_to_osm - ERROR - ssr:stedsnr = 993370. No positions found, skipping
utility_to_osm - ERROR - ssr:stedsnr = 993377. No positions found, skipping
utility_to_osm - ERROR - ssr:stedsnr = 993387. No positions found, skipping
utility_to_osm - ERROR - ssr:stedsnr = 993403. No positions found, skipping
utility_to_osm - ERROR - ssr:stedsnr = 993412. No positions found, skipping
utility_to_osm - ERROR - ssr:stedsnr = 993348. No positions found, skipping
utility_to_osm - WARNING - ssr:stedsnr = 993355: No priority spelling found for lang = no, using alt_name to get "[('no', 'Smedstustubben')]"
utility_to_osm - ERROR - ssr:stedsnr = 993355. No positions found, skipping
utility_to_osm - ERROR - ssr:stedsnr = 993362. No positions found, skipping
utility_to_osm - ERROR - ssr:stedsnr = 993451. No positions found, skipping
utility_to_osm - ERROR - ssr:stedsnr = 993457. No positions found, skipping
utility_to_osm - ERROR - ssr:stedsnr = 993460. No positions found, skipping
utility_to_osm - ERROR - ssr:stedsnr = 993470. No positions found, skipping
utility_to_osm - ERROR - ssr:stedsnr = 993473. No positions found, skipping
utility_to_osm - ERROR - ssr:stedsnr = 993479. No positions found, skipping
utility_to_osm - ERROR - ssr:stedsnr = 993480. No positions found, skipping
utility_to_osm - ERROR - ssr:stedsnr = 993488. No positions found, skipping
utility_to_osm - ERROR - ssr:stedsnr = 993498. No positions found, skipping
utility_to_osm - ERROR - ssr:stedsnr = 993503. No positions found, skipping
utility_to_osm - ERROR - ssr:stedsnr = 993510. No positions found, skipping
utility_to_osm - ERROR - ssr:stedsnr = 993573. No positions found, skipping
utility_to_osm - ERROR - ssr:stedsnr = 993600. No positions found, skipping
utility_to_osm - ERROR - ssr:stedsnr = 993637. No positions found, skipping
utility_to_osm - ERROR - ssr:stedsnr = 993644. No positions found, skipping
utility_to_osm - ERROR - ssr:stedsnr = 993649. No positions found, skipping
utility_to_osm - ERROR - ssr:stedsnr = 993675. No positions found, skipping
utility_to_osm - ERROR - ssr:stedsnr = 993680. No positions found, skipping
utility_to_osm - ERROR - ssr:stedsnr = 993685. No positions found, skipping
utility_to_osm - ERROR - ssr:stedsnr = 993689. No positions found, skipping
utility_to_osm - ERROR - ssr:stedsnr = 993693. No positions found, skipping
utility_to_osm - ERROR - ssr:stedsnr = 993698. No positions found, skipping
utility_to_osm - ERROR - ssr:stedsnr = 993705. No positions found, skipping
utility_to_osm - ERROR - ssr:stedsnr = 993712. No positions found, skipping
utility_to_osm - ERROR - ssr:stedsnr = 993776. No positions found, skipping
utility_to_osm - ERROR - ssr:stedsnr = 993783. No positions found, skipping
utility_to_osm - WARNING - ssr:stedsnr = 993785: No priority spelling found for lang = no, using alt_name to get "[('no', 'Veslefrikks vei')]"
utility_to_osm - ERROR - ssr:stedsnr = 993785. No positions found, skipping
utility_to_osm - ERROR - ssr:stedsnr = 993762. No positions found, skipping
utility_to_osm - ERROR - ssr:stedsnr = 993837. No positions found, skipping
utility_to_osm - ERROR - ssr:stedsnr = 993857. No positions found, skipping
utility_to_osm - WARNING - ssr:stedsnr = 993927: No priority spelling found for lang = no, using alt_name to get "[('no', 'Utsiktsveien')]"
utility_to_osm - ERROR - ssr:stedsnr = 993927. No positions found, skipping
utility_to_osm - ERROR - ssr:stedsnr = 993882. No positions found, skipping
utility_to_osm - WARNING - ssr:stedsnr = 993969: No priority spelling found for lang = no, using alt_name to get "[('no', 'Ulvefaret')]"
utility_to_osm - ERROR - ssr:stedsnr = 993969. No positions found, skipping
utility_to_osm - ERROR - ssr:stedsnr = 993972. No positions found, skipping
utility_to_osm - ERROR - ssr:stedsnr = 993977. No positions found, skipping
utility_to_osm - ERROR - ssr:stedsnr = 993993. No positions found, skipping
utility_to_osm - ERROR - ssr:stedsnr = 994001. No positions found, skipping
utility_to_osm - ERROR - ssr:stedsnr = 994002. No positions found, skipping
utility_to_osm - WARNING - ssr:stedsnr = 994004: No priority spelling found for lang = no, using alt_name to get "[('no', 'Aas gård')]"
utility_to_osm - ERROR - ssr:stedsnr = 994004. No positions found, skipping
utility_to_osm - WARNING - ssr:stedsnr = 994008: No priority spelling found for lang = no, using alt_name to get "[('no', 'Ånebyhaugen')]"
utility_to_osm - ERROR - ssr:stedsnr = 994008. No positions found, skipping
utility_to_osm - ERROR - ssr:stedsnr = 994009. No positions found, skipping
utility_to_osm - ERROR - ssr:stedsnr = 994012. No positions found, skipping
utility_to_osm - ERROR - ssr:stedsnr = 994064. No positions found, skipping
utility_to_osm - ERROR - ssr:stedsnr = 994065. No positions found, skipping
utility_to_osm - ERROR - ssr:stedsnr = 994067. No positions found, skipping
utility_to_osm - ERROR - ssr:stedsnr = 994068. No positions found, skipping
utility_to_osm - WARNING - ssr:stedsnr = 994072: No priority spelling found for lang = no, using alt_name to get "[('no', 'Øvre Skytta')]"
utility_to_osm - ERROR - ssr:stedsnr = 994072. No positions found, skipping
utility_to_osm - ERROR - ssr:stedsnr = 994078. No positions found, skipping
utility_to_osm - WARNING - ssr:stedsnr = 993943: No priority spelling found for lang = no, using alt_name to get "[('no', 'Ulvestuveien')]"
utility_to_osm - ERROR - ssr:stedsnr = 993943. No positions found, skipping
utility_to_osm - WARNING - ssr:stedsnr = 994017: No priority spelling found for lang = no, using alt_name to get "[('no', 'Åsheimgrenda')]"
utility_to_osm - ERROR - ssr:stedsnr = 994017. No positions found, skipping
utility_to_osm - ERROR - ssr:stedsnr = 994018. No positions found, skipping
utility_to_osm - ERROR - ssr:stedsnr = 994057. No positions found, skipping
utility_to_osm - ERROR - ssr:stedsnr = 994061. No positions found, skipping
utility_to_osm - ERROR - ssr:stedsnr = 1067808. No positions found, skipping
utility_to_osm - ERROR - ssr:stedsnr = 1069767. No positions found, skipping
utility_to_osm - WARNING - ssr:stedsnr = 1069717: No priority spelling found for lang = no, using alt_name to get "[('no', 'Bevregrasveien')]"
utility_to_osm - ERROR - ssr:stedsnr = 1069717. No positions found, skipping
utility_to_osm - ERROR - ssr:stedsnr = 1069732. No positions found, skipping
utility_to_osm - WARNING - ssr:stedsnr = 1069787: No priority spelling found for lang = no, using alt_name to get "[('no', 'Bekkinga')]"
utility_to_osm - ERROR - ssr:stedsnr = 1069787. No positions found, skipping
utility_to_osm - ERROR - ssr:stedsnr = 1069808. No positions found, skipping
utility_to_osm - ERROR - ssr:stedsnr = 1070340. No positions found, skipping
utility_to_osm - ERROR - ssr:stedsnr = 1069780. No positions found, skipping
utility_to_osm - WARNING - ssr:stedsnr = 1069845: No priority spelling found for lang = no, using alt_name to get "[('no', 'Bliksrudhagan')]"
utility_to_osm - ERROR - ssr:stedsnr = 1069845. No positions found, skipping
utility_to_osm - ERROR - ssr:stedsnr = 1069869. No positions found, skipping
utility_to_osm - ERROR - ssr:stedsnr = 1069940. No positions found, skipping
utility_to_osm - ERROR - ssr:stedsnr = 1069977. No positions found, skipping
utility_to_osm - ERROR - ssr:stedsnr = 1069828. No positions found, skipping
utility_to_osm - ERROR - ssr:stedsnr = 1069895. No positions found, skipping
utility_to_osm - ERROR - ssr:stedsnr = 1070118. No positions found, skipping
utility_to_osm - ERROR - ssr:stedsnr = 1070191. No positions found, skipping
utility_to_osm - ERROR - ssr:stedsnr = 1070288. No positions found, skipping
utility_to_osm - ERROR - ssr:stedsnr = 1070165. No positions found, skipping
utility_to_osm - WARNING - ssr:stedsnr = 1070315: No priority spelling found for lang = no, using alt_name to get "[('no', 'Bekkegata')]"
utility_to_osm - ERROR - ssr:stedsnr = 1070315. No positions found, skipping
utility_to_osm - ERROR - ssr:stedsnr = 1070319. No positions found, skipping
utility_to_osm - ERROR - ssr:stedsnr = 1070495. No positions found, skipping
utility_to_osm - ERROR - ssr:stedsnr = 1070467. No positions found, skipping
utility_to_osm - ERROR - ssr:stedsnr = 1070537. No positions found, skipping
utility_to_osm - WARNING - ssr:stedsnr = 1070554: No priority spelling found for lang = no, using alt_name to get "[('no', 'Bregneveien')]"
utility_to_osm - ERROR - ssr:stedsnr = 1070554. No positions found, skipping
utility_to_osm - ERROR - ssr:stedsnr = 1070565. No positions found, skipping
utility_to_osm - ERROR - ssr:stedsnr = 1070616. No positions found, skipping
utility_to_osm - ERROR - ssr:stedsnr = 1070688. No positions found, skipping
utility_to_osm - ERROR - ssr:stedsnr = 1070693. No positions found, skipping
utility_to_osm - WARNING - ssr:stedsnr = 1070655: No priority spelling found for lang = no, using alt_name to get "[('no', 'Bryggeriveien')]"
utility_to_osm - ERROR - ssr:stedsnr = 1070655. No positions found, skipping
utility_to_osm - ERROR - ssr:stedsnr = 1070662. No positions found, skipping
utility_to_osm - ERROR - ssr:stedsnr = 1070669. No positions found, skipping
utility_to_osm - ERROR - ssr:stedsnr = 1070890. No positions found, skipping
utility_to_osm - ERROR - ssr:stedsnr = 1070987. No positions found, skipping
utility_to_osm - ERROR - ssr:stedsnr = 1070864. No positions found, skipping
utility_to_osm - ERROR - ssr:stedsnr = 1070940. No positions found, skipping
utility_to_osm - ERROR - ssr:stedsnr = 1071000. No positions found, skipping
utility_to_osm - WARNING - ssr:stedsnr = 1071011: No priority spelling found for lang = no, using alt_name to get "[('no', 'Borghild Ruds vei')]"
utility_to_osm - ERROR - ssr:stedsnr = 1071011. No positions found, skipping
utility_to_osm - ERROR - ssr:stedsnr = 1071089. No positions found, skipping
utility_to_osm - ERROR - ssr:stedsnr = 1071114. No positions found, skipping
utility_to_osm - WARNING - ssr:stedsnr = 1071052: No priority spelling found for lang = no, using alt_name to get "[('no', 'Blåtoppveien')]"
utility_to_osm - ERROR - ssr:stedsnr = 1071052. No positions found, skipping
utility_to_osm - ERROR - ssr:stedsnr = 1071078. No positions found, skipping
utility_to_osm - ERROR - ssr:stedsnr = 1071262. No positions found, skipping
utility_to_osm - ERROR - ssr:stedsnr = 1071280. No positions found, skipping
utility_to_osm - ERROR - ssr:stedsnr = 1071165. No positions found, skipping
utility_to_osm - WARNING - ssr:stedsnr = 1071198: No priority spelling found for lang = no, using alt_name to get "[('no', 'Fossen gårdsvei')]"
utility_to_osm - ERROR - ssr:stedsnr = 1071198. No positions found, skipping
utility_to_osm - ERROR - ssr:stedsnr = 1071328. No positions found, skipping
utility_to_osm - WARNING - ssr:stedsnr = 1071489: No priority spelling found for lang = no, using alt_name to get "[('no', 'Fasanveien')]"
utility_to_osm - ERROR - ssr:stedsnr = 1071489. No positions found, skipping
utility_to_osm - ERROR - ssr:stedsnr = 1071501. No positions found, skipping
utility_to_osm - ERROR - ssr:stedsnr = 1071532. No positions found, skipping
utility_to_osm - WARNING - ssr:stedsnr = 1071377: No priority spelling found for lang = no, using alt_name to get "[('no', 'Destilleriveien')]"
utility_to_osm - ERROR - ssr:stedsnr = 1071377. No positions found, skipping
utility_to_osm - ERROR - ssr:stedsnr = 1071480. No positions found, skipping
utility_to_osm - ERROR - ssr:stedsnr = 1071546. No positions found, skipping
utility_to_osm - ERROR - ssr:stedsnr = 1071585. No positions found, skipping
utility_to_osm - ERROR - ssr:stedsnr = 1071638. No positions found, skipping
utility_to_osm - ERROR - ssr:stedsnr = 1071671. No positions found, skipping
utility_to_osm - ERROR - ssr:stedsnr = 1071675. No positions found, skipping
utility_to_osm - ERROR - ssr:stedsnr = 1071679. No positions found, skipping
utility_to_osm - ERROR - ssr:stedsnr = 1071685. No positions found, skipping
utility_to_osm - ERROR - ssr:stedsnr = 1071737. No positions found, skipping
utility_to_osm - ERROR - ssr:stedsnr = 1071748. No positions found, skipping
utility_to_osm - ERROR - ssr:stedsnr = 1071763. No positions found, skipping
utility_to_osm - ERROR - ssr:stedsnr = 1071767. No positions found, skipping
utility_to_osm - ERROR - ssr:stedsnr = 1071778. No positions found, skipping
utility_to_osm - ERROR - ssr:stedsnr = 1071782. No positions found, skipping
utility_to_osm - ERROR - ssr:stedsnr = 1071602. No positions found, skipping
utility_to_osm - ERROR - ssr:stedsnr = 1071696. No positions found, skipping
utility_to_osm - ERROR - ssr:stedsnr = 1071718. No positions found, skipping
utility_to_osm - ERROR - ssr:stedsnr = 1071843. No positions found, skipping
utility_to_osm - WARNING - ssr:stedsnr = 1071856: No priority spelling found for lang = no, using alt_name to get "[('no', 'Gartnerisvingen')]"
utility_to_osm - ERROR - ssr:stedsnr = 1071856. No positions found, skipping
utility_to_osm - ERROR - ssr:stedsnr = 1071870. No positions found, skipping
utility_to_osm - ERROR - ssr:stedsnr = 1071876. No positions found, skipping
utility_to_osm - ERROR - ssr:stedsnr = 1071880. No positions found, skipping
utility_to_osm - ERROR - ssr:stedsnr = 1071885. No positions found, skipping
utility_to_osm - ERROR - ssr:stedsnr = 1071803. No positions found, skipping
utility_to_osm - ERROR - ssr:stedsnr = 1071825. No positions found, skipping
utility_to_osm - WARNING - ssr:stedsnr = 1074403: No priority spelling found for lang = no, using alt_name to get "[('no', 'Viken fylke')]"
utility_to_osm - WARNING - ssr:stedsnr = 1081252: No priority spelling found for lang = no, using alt_name to get "[('no', 'Hans Withs vei')]"
utility_to_osm - WARNING - ssr:stedsnr = 1081253: No priority spelling found for lang = no, using alt_name to get "[('no', 'Svansen')]"
utility_to_osm - WARNING - ssr:stedsnr = 1081254: No priority spelling found for lang = no, using alt_name to get "[('no', 'Lunnedraget')]"
utility_to_osm - WARNING - ssr:stedsnr = 1081255: No priority spelling found for lang = no, using alt_name to get "[('no', 'Tømmerlunna')]"
