utility_to_osm.file_util - INFO - file_age(ssr2_to_osm_data/data/3027/3027-ssr.xml) -> 4.8 days
utility_to_osm - INFO - ssr:stedsnr = 5511: No name found
utility_to_osm - INFO - ssr:stedsnr = 5511 has multiple (2) positions, using the first one!
utility_to_osm - INFO - ssr:stedsnr = 23710: No name found
utility_to_osm - INFO - ssr:stedsnr = 23710 has multiple (2) positions, using the first one!
utility_to_osm - INFO - ssr:stedsnr = 23712: No name found
utility_to_osm - INFO - ssr:stedsnr = 23680: No name found
utility_to_osm - INFO - ssr:stedsnr = 24579: No name found
utility_to_osm - INFO - ssr:stedsnr = 24582: No name found
utility_to_osm - INFO - ssr:stedsnr = 24584: No name found
utility_to_osm - INFO - ssr:stedsnr = 24586: No name found
utility_to_osm - INFO - ssr:stedsnr = 24603: No name found
utility_to_osm - INFO - ssr:stedsnr = 65102: No name found
utility_to_osm - INFO - ssr:stedsnr = 65186: No name found
utility_to_osm - INFO - ssr:stedsnr = 65186 has multiple (4) positions, using the first one!
utility_to_osm - INFO - ssr:stedsnr = 65632: No name found
utility_to_osm - INFO - ssr:stedsnr = 65632 has multiple (6) positions, using the first one!
utility_to_osm - INFO - ssr:stedsnr = 66501: No name found
utility_to_osm - INFO - ssr:stedsnr = 66501 has multiple (3) positions, using the first one!
utility_to_osm - INFO - ssr:stedsnr = 84678: No name found
utility_to_osm - INFO - ssr:stedsnr = 85491: No name found
utility_to_osm - INFO - ssr:stedsnr = 85492: No name found
utility_to_osm - INFO - ssr:stedsnr = 85503: No name found
utility_to_osm - INFO - ssr:stedsnr = 85533: No name found
utility_to_osm - INFO - ssr:stedsnr = 247136: No name found
utility_to_osm - INFO - ssr:stedsnr = 247136 has multiple (4) positions, using the first one!
utility_to_osm - INFO - ssr:stedsnr = 247138: No name found
utility_to_osm - INFO - ssr:stedsnr = 247138 has multiple (4) positions, using the first one!
utility_to_osm - INFO - ssr:stedsnr = 247150: No name found
utility_to_osm - INFO - ssr:stedsnr = 247150 has multiple (3) positions, using the first one!
utility_to_osm - INFO - ssr:stedsnr = 247214: No name found
utility_to_osm - INFO - ssr:stedsnr = 247214 has multiple (3) positions, using the first one!
utility_to_osm - INFO - ssr:stedsnr = 102210: No name found
utility_to_osm - INFO - ssr:stedsnr = 102210 has multiple (3) positions, using the first one!
utility_to_osm - INFO - ssr:stedsnr = 125005: No name found
utility_to_osm - INFO - ssr:stedsnr = 125005 has multiple (3) positions, using the first one!
utility_to_osm - INFO - ssr:stedsnr = 125656: No name found
utility_to_osm - INFO - ssr:stedsnr = 125656 has multiple (4) positions, using the first one!
utility_to_osm - INFO - ssr:stedsnr = 126060: No name found
utility_to_osm - INFO - ssr:stedsnr = 126101: No name found
utility_to_osm - INFO - ssr:stedsnr = 126101 has multiple (2) positions, using the first one!
utility_to_osm - INFO - ssr:stedsnr = 126648: No name found
utility_to_osm - INFO - ssr:stedsnr = 144578: No name found
utility_to_osm - INFO - ssr:stedsnr = 144748: No name found
utility_to_osm - INFO - ssr:stedsnr = 145606: No name found
utility_to_osm - INFO - ssr:stedsnr = 145609: No name found
utility_to_osm - INFO - ssr:stedsnr = 145614: No name found
utility_to_osm - INFO - ssr:stedsnr = 145657: No name found
utility_to_osm - INFO - ssr:stedsnr = 145664: No name found
utility_to_osm - INFO - ssr:stedsnr = 186107: No name found
utility_to_osm - INFO - ssr:stedsnr = 186677: No name found
utility_to_osm - INFO - ssr:stedsnr = 266718: No name found
utility_to_osm - INFO - ssr:stedsnr = 266498: No name found
utility_to_osm - INFO - ssr:stedsnr = 266501: No name found
utility_to_osm - INFO - ssr:stedsnr = 266546: No name found
utility_to_osm - INFO - ssr:stedsnr = 266550: No name found
utility_to_osm - INFO - ssr:stedsnr = 266667: No name found
utility_to_osm - INFO - ssr:stedsnr = 266669: No name found
utility_to_osm - INFO - ssr:stedsnr = 267583: No name found
utility_to_osm - INFO - ssr:stedsnr = 267599: No name found
utility_to_osm - INFO - ssr:stedsnr = 267577: No name found
utility_to_osm - INFO - ssr:stedsnr = 205595: No name found
utility_to_osm - INFO - ssr:stedsnr = 205595 has multiple (2) positions, using the first one!
utility_to_osm - INFO - ssr:stedsnr = 205601: No name found
utility_to_osm - INFO - ssr:stedsnr = 205726: No name found
utility_to_osm - INFO - ssr:stedsnr = 205730: No name found
utility_to_osm - INFO - ssr:stedsnr = 205736: No name found
utility_to_osm - INFO - ssr:stedsnr = 205736 has multiple (3) positions, using the first one!
utility_to_osm - INFO - ssr:stedsnr = 205699: No name found
utility_to_osm - INFO - ssr:stedsnr = 206635: No name found
utility_to_osm - INFO - ssr:stedsnr = 228033: No name found
utility_to_osm - INFO - ssr:stedsnr = 228036: No name found
utility_to_osm - INFO - ssr:stedsnr = 449565: No name found
utility_to_osm - INFO - ssr:stedsnr = 247118: No name found
utility_to_osm - INFO - ssr:stedsnr = 247118 has multiple (4) positions, using the first one!
utility_to_osm - INFO - ssr:stedsnr = 247120: No name found
utility_to_osm - INFO - ssr:stedsnr = 266507: No name found
utility_to_osm - INFO - ssr:stedsnr = 266687: No name found
utility_to_osm - INFO - ssr:stedsnr = 267533: No name found
utility_to_osm - INFO - ssr:stedsnr = 267537: No name found
utility_to_osm - INFO - ssr:stedsnr = 308148: No name found
utility_to_osm - INFO - ssr:stedsnr = 327465: No name found
utility_to_osm - INFO - ssr:stedsnr = 327483: No name found
utility_to_osm - INFO - ssr:stedsnr = 327486: No name found
utility_to_osm - INFO - ssr:stedsnr = 327489: No name found
utility_to_osm - INFO - ssr:stedsnr = 327490: No name found
utility_to_osm - INFO - ssr:stedsnr = 327660: No name found
utility_to_osm - INFO - ssr:stedsnr = 327523: No name found
utility_to_osm - INFO - ssr:stedsnr = 327711: No name found
utility_to_osm - INFO - ssr:stedsnr = 327719: No name found
utility_to_osm - INFO - ssr:stedsnr = 368207: No name found
utility_to_osm - INFO - ssr:stedsnr = 368207 has multiple (3) positions, using the first one!
utility_to_osm - INFO - ssr:stedsnr = 368221: No name found
utility_to_osm - INFO - ssr:stedsnr = 368221 has multiple (4) positions, using the first one!
utility_to_osm - INFO - ssr:stedsnr = 368123: No name found
utility_to_osm - INFO - ssr:stedsnr = 387555: No name found
utility_to_osm - INFO - ssr:stedsnr = 387564: No name found
utility_to_osm - INFO - ssr:stedsnr = 387644: No name found
utility_to_osm - INFO - ssr:stedsnr = 387646: No name found
utility_to_osm - INFO - ssr:stedsnr = 387647: No name found
utility_to_osm - INFO - ssr:stedsnr = 387650: No name found
utility_to_osm - INFO - ssr:stedsnr = 387696: No name found
utility_to_osm - INFO - ssr:stedsnr = 387697: No name found
utility_to_osm - INFO - ssr:stedsnr = 387744: No name found
utility_to_osm - INFO - ssr:stedsnr = 388596: No name found
utility_to_osm - INFO - ssr:stedsnr = 388603: No name found
utility_to_osm - INFO - ssr:stedsnr = 388639: No name found
utility_to_osm - INFO - ssr:stedsnr = 388639 has multiple (2) positions, using the first one!
utility_to_osm - INFO - ssr:stedsnr = 490224: No name found
utility_to_osm - INFO - ssr:stedsnr = 490224 has multiple (4) positions, using the first one!
utility_to_osm - INFO - ssr:stedsnr = 490051: No name found
utility_to_osm - INFO - ssr:stedsnr = 490074: No name found
utility_to_osm - INFO - ssr:stedsnr = 490074 has multiple (3) positions, using the first one!
utility_to_osm - INFO - ssr:stedsnr = 490166: No name found
utility_to_osm - INFO - ssr:stedsnr = 490166 has multiple (3) positions, using the first one!
utility_to_osm - INFO - ignoring non approved status = "avslått" name = "Høgåsen"
utility_to_osm - INFO - ignoring non approved status = "avslått" name = "Ektnerhaugåsen"
utility_to_osm - INFO - ignoring non approved status = "avslått" name = "Høgåsen"
utility_to_osm - INFO - ignoring non approved status = "avslått" name = "Ektnerhaugåsen"
utility_to_osm - INFO - ignoring non approved status = "avslått" name = "Høgåsen"
utility_to_osm - INFO - ignoring non approved status = "avslått" name = "Ektnerhaugåsen"
utility_to_osm - INFO - ssr:stedsnr = 429072: No name found
utility_to_osm - INFO - ssr:stedsnr = 429072 has multiple (4) positions, using the first one!
utility_to_osm - INFO - ssr:stedsnr = 429007: No name found
utility_to_osm - INFO - ssr:stedsnr = 429104: No name found
utility_to_osm - INFO - ssr:stedsnr = 429104 has multiple (3) positions, using the first one!
utility_to_osm - INFO - ssr:stedsnr = 430062: No name found
utility_to_osm - INFO - ssr:stedsnr = 448427: No name found
utility_to_osm - INFO - ssr:stedsnr = 448602: No name found
utility_to_osm - INFO - ssr:stedsnr = 448727: No name found
utility_to_osm - INFO - ssr:stedsnr = 448733: No name found
utility_to_osm - INFO - ssr:stedsnr = 448738: No name found
utility_to_osm - INFO - ssr:stedsnr = 449613: No name found
utility_to_osm - INFO - ssr:stedsnr = 671637: No name found
utility_to_osm - INFO - ssr:stedsnr = 671637 has multiple (3) positions, using the first one!
utility_to_osm - INFO - ssr:stedsnr = 672001: No name found
utility_to_osm - INFO - ssr:stedsnr = 672001 has multiple (2) positions, using the first one!
utility_to_osm - INFO - ssr:stedsnr = 672132: No name found
utility_to_osm - INFO - ssr:stedsnr = 672132 has multiple (3) positions, using the first one!
utility_to_osm - INFO - ssr:stedsnr = 672227: No name found
utility_to_osm - INFO - ssr:stedsnr = 672227 has multiple (3) positions, using the first one!
utility_to_osm - INFO - ssr:stedsnr = 672666: No name found
utility_to_osm - INFO - ssr:stedsnr = 672666 has multiple (3) positions, using the first one!
utility_to_osm - INFO - ssr:stedsnr = 672640: No name found
utility_to_osm - INFO - ssr:stedsnr = 672640 has multiple (3) positions, using the first one!
utility_to_osm - INFO - ssr:stedsnr = 691531: No name found
utility_to_osm - INFO - ssr:stedsnr = 489221: No name found
utility_to_osm - INFO - ssr:stedsnr = 490003: No name found
utility_to_osm - INFO - ssr:stedsnr = 490003 has multiple (2) positions, using the first one!
utility_to_osm - INFO - ssr:stedsnr = 490232: No name found
utility_to_osm - INFO - ssr:stedsnr = 490232 has multiple (4) positions, using the first one!
utility_to_osm - INFO - ssr:stedsnr = 490001: No name found
utility_to_osm - INFO - ssr:stedsnr = 490001 has multiple (4) positions, using the first one!
utility_to_osm - INFO - ssr:stedsnr = 509504: No name found
utility_to_osm - INFO - ssr:stedsnr = 509556: No name found
utility_to_osm - INFO - ssr:stedsnr = 509459: No name found
utility_to_osm - INFO - ssr:stedsnr = 509607: No name found
utility_to_osm - INFO - ssr:stedsnr = 509610: No name found
utility_to_osm - INFO - ssr:stedsnr = 509613: No name found
utility_to_osm - INFO - ssr:stedsnr = 509708: No name found
utility_to_osm - INFO - ssr:stedsnr = 509711: No name found
utility_to_osm - INFO - ssr:stedsnr = 550126: No name found
utility_to_osm - INFO - ssr:stedsnr = 550004: No name found
utility_to_osm - INFO - ssr:stedsnr = 550004 has multiple (3) positions, using the first one!
utility_to_osm - INFO - ssr:stedsnr = 550008: No name found
utility_to_osm - INFO - ssr:stedsnr = 550047: No name found
utility_to_osm - INFO - ssr:stedsnr = 550047 has multiple (3) positions, using the first one!
utility_to_osm - INFO - ssr:stedsnr = 551510: No name found
utility_to_osm - INFO - ssr:stedsnr = 551510 has multiple (3) positions, using the first one!
utility_to_osm - INFO - ssr:stedsnr = 551241: No name found
utility_to_osm - INFO - ssr:stedsnr = 551241 has multiple (3) positions, using the first one!
utility_to_osm - INFO - ssr:stedsnr = 691500: No name found
utility_to_osm - INFO - ssr:stedsnr = 691538: No name found
utility_to_osm - INFO - ssr:stedsnr = 691644: No name found
utility_to_osm - INFO - ssr:stedsnr = 692560: No name found
utility_to_osm - INFO - ssr:stedsnr = 569655: No name found
utility_to_osm - INFO - ssr:stedsnr = 569522: No name found
utility_to_osm - INFO - ssr:stedsnr = 569557: No name found
utility_to_osm - INFO - ssr:stedsnr = 569559: No name found
utility_to_osm - INFO - ssr:stedsnr = 570563: No name found
utility_to_osm - INFO - ssr:stedsnr = 611081: No name found
utility_to_osm - INFO - ssr:stedsnr = 611193: No name found
utility_to_osm - INFO - ssr:stedsnr = 611193 has multiple (3) positions, using the first one!
utility_to_osm - INFO - ssr:stedsnr = 611194: No name found
utility_to_osm - INFO - ssr:stedsnr = 611194 has multiple (3) positions, using the first one!
utility_to_osm - INFO - ssr:stedsnr = 611671: No name found
utility_to_osm - INFO - ssr:stedsnr = 611722: No name found
utility_to_osm - INFO - ssr:stedsnr = 611748: No name found
utility_to_osm - INFO - ssr:stedsnr = 630494: No name found
utility_to_osm - INFO - ssr:stedsnr = 630500: No name found
utility_to_osm - INFO - ssr:stedsnr = 630643: No name found
utility_to_osm - INFO - ssr:stedsnr = 630588: No name found
utility_to_osm - INFO - ssr:stedsnr = 630602: No name found
utility_to_osm - INFO - ssr:stedsnr = 672068: No name found
utility_to_osm - INFO - ssr:stedsnr = 672068 has multiple (3) positions, using the first one!
utility_to_osm - INFO - ssr:stedsnr = 672207: No name found
utility_to_osm - INFO - ssr:stedsnr = 672207 has multiple (3) positions, using the first one!
utility_to_osm - INFO - ssr:stedsnr = 672221: No name found
utility_to_osm - INFO - ssr:stedsnr = 672221 has multiple (3) positions, using the first one!
utility_to_osm - INFO - ignoring non approved status = "avslåttNavneledd" name = "Åbborvatn"
utility_to_osm - INFO - ignoring non approved status = "avslåttNavneledd" name = "Åbborvatn"
utility_to_osm - INFO - ignoring non approved status = "avslåttNavneledd" name = "Åbborvatn"
utility_to_osm - INFO - ssr:stedsnr = 672272: No name found
utility_to_osm - INFO - ssr:stedsnr = 672272 has multiple (3) positions, using the first one!
utility_to_osm - INFO - ssr:stedsnr = 672730: No name found
utility_to_osm - INFO - ssr:stedsnr = 672730 has multiple (3) positions, using the first one!
utility_to_osm - INFO - ssr:stedsnr = 691395: No name found
utility_to_osm - INFO - ssr:stedsnr = 691503: No name found
utility_to_osm - INFO - ssr:stedsnr = 691481: No name found
utility_to_osm - INFO - ssr:stedsnr = 691681: No name found
utility_to_osm - INFO - ssr:stedsnr = 691697: No name found
utility_to_osm - INFO - ssr:stedsnr = 691587: No name found
utility_to_osm - INFO - ssr:stedsnr = 691724: No name found
utility_to_osm - INFO - ssr:stedsnr = 691730: No name found
utility_to_osm - INFO - ssr:stedsnr = 691735: No name found
utility_to_osm - INFO - ssr:stedsnr = 692607: No name found
utility_to_osm - INFO - ssr:stedsnr = 692608: No name found
utility_to_osm - INFO - ssr:stedsnr = 896024: No name found
utility_to_osm - INFO - ssr:stedsnr = 713026: No name found
utility_to_osm - INFO - ssr:stedsnr = 733122: No name found
utility_to_osm - INFO - ssr:stedsnr = 733580: No name found
utility_to_osm - INFO - ssr:stedsnr = 733580 has multiple (2) positions, using the first one!
utility_to_osm - INFO - ssr:stedsnr = 751418: No name found
utility_to_osm - INFO - ssr:stedsnr = 751721: No name found
utility_to_osm - INFO - ssr:stedsnr = 751722: No name found
utility_to_osm - INFO - ssr:stedsnr = 751727: No name found
utility_to_osm - INFO - ssr:stedsnr = 751729: No name found
utility_to_osm - INFO - ssr:stedsnr = 751674: No name found
utility_to_osm - INFO - ssr:stedsnr = 793151: No name found
utility_to_osm - INFO - ssr:stedsnr = 793151 has multiple (3) positions, using the first one!
utility_to_osm - INFO - ssr:stedsnr = 793152: No name found
utility_to_osm - INFO - ssr:stedsnr = 793152 has multiple (3) positions, using the first one!
utility_to_osm - INFO - ssr:stedsnr = 793034: No name found
utility_to_osm - INFO - ssr:stedsnr = 793034 has multiple (3) positions, using the first one!
utility_to_osm - INFO - ssr:stedsnr = 793674: No name found
utility_to_osm - INFO - ssr:stedsnr = 793719: No name found
utility_to_osm - INFO - ssr:stedsnr = 793719 has multiple (2) positions, using the first one!
utility_to_osm - INFO - ssr:stedsnr = 915198: No name found
utility_to_osm - INFO - ssr:stedsnr = 915198 has multiple (3) positions, using the first one!
utility_to_osm - INFO - ssr:stedsnr = 915200: No name found
utility_to_osm - INFO - ssr:stedsnr = 915200 has multiple (5) positions, using the first one!
utility_to_osm - INFO - ssr:stedsnr = 915143: No name found
utility_to_osm - INFO - ssr:stedsnr = 915143 has multiple (3) positions, using the first one!
utility_to_osm - INFO - ssr:stedsnr = 915628: No name found
utility_to_osm - INFO - ssr:stedsnr = 915631: No name found
utility_to_osm - INFO - ssr:stedsnr = 812547: No name found
utility_to_osm - INFO - ssr:stedsnr = 812548: No name found
utility_to_osm - INFO - ssr:stedsnr = 812552: No name found
utility_to_osm - INFO - ssr:stedsnr = 812556: No name found
utility_to_osm - INFO - ssr:stedsnr = 812561: No name found
utility_to_osm - INFO - ssr:stedsnr = 812567: No name found
utility_to_osm - INFO - ssr:stedsnr = 812569: No name found
utility_to_osm - INFO - ssr:stedsnr = 812403: No name found
utility_to_osm - INFO - ssr:stedsnr = 812704: No name found
utility_to_osm - INFO - ssr:stedsnr = 812710: No name found
utility_to_osm - INFO - ssr:stedsnr = 812678: No name found
utility_to_osm - INFO - ssr:stedsnr = 812685: No name found
utility_to_osm - INFO - ssr:stedsnr = 813608: No name found
utility_to_osm - INFO - ssr:stedsnr = 854113: No name found
utility_to_osm - INFO - ssr:stedsnr = 934427: No name found
utility_to_osm - INFO - ssr:stedsnr = 934429: No name found
utility_to_osm - INFO - ssr:stedsnr = 934445: No name found
utility_to_osm - INFO - ssr:stedsnr = 934449: No name found
utility_to_osm - INFO - ssr:stedsnr = 934451: No name found
utility_to_osm - INFO - ssr:stedsnr = 934619 not active = "relikt". Skipping...
utility_to_osm - INFO - ignoring non approved status = "avslåttNavneledd" name = "Tomtersætra"
utility_to_osm - INFO - ignoring non approved status = "avslåttNavneledd" name = "Tomtersætra"
utility_to_osm - INFO - ignoring non approved status = "avslåttNavneledd" name = "Tomtersætra"
utility_to_osm - INFO - ssr:stedsnr = 934455: No name found
utility_to_osm - INFO - ssr:stedsnr = 934469: No name found
utility_to_osm - INFO - ssr:stedsnr = 934473: No name found
utility_to_osm - INFO - ssr:stedsnr = 934476: No name found
utility_to_osm - INFO - ssr:stedsnr = 934479: No name found
utility_to_osm - INFO - ssr:stedsnr = 934565: No name found
utility_to_osm - INFO - ssr:stedsnr = 934568: No name found
utility_to_osm - INFO - ssr:stedsnr = 934568 has multiple (2) positions, using the first one!
utility_to_osm - INFO - ssr:stedsnr = 934665: No name found
utility_to_osm - INFO - ssr:stedsnr = 934709: No name found
utility_to_osm - INFO - ssr:stedsnr = 934720: No name found
utility_to_osm - INFO - ssr:stedsnr = 894757: No name found
utility_to_osm - INFO - ssr:stedsnr = 894757 has multiple (16) positions, using the first one!
utility_to_osm - INFO - ssr:stedsnr = 915223: No name found
utility_to_osm - INFO - ssr:stedsnr = 915223 has multiple (4) positions, using the first one!
utility_to_osm - INFO - ssr:stedsnr = 934503: No name found
utility_to_osm - INFO - ssr:stedsnr = 934516: No name found
utility_to_osm - INFO - ssr:stedsnr = 934516 has multiple (2) positions, using the first one!
utility_to_osm - INFO - ssr:stedsnr = 934614: No name found
utility_to_osm - INFO - ssr:stedsnr = 934635: No name found
utility_to_osm - INFO - ssr:stedsnr = 934685: No name found
utility_to_osm - INFO - ssr:stedsnr = 972728: No name found
utility_to_osm - INFO - ssr:stedsnr = 972730: No name found
utility_to_osm - INFO - ssr:stedsnr = 991344: No name found
utility_to_osm - INFO - ssr:stedsnr = 991344 has multiple (6) positions, using the first one!
utility_to_osm - INFO - ssr:stedsnr = 991353: No name found
utility_to_osm - INFO - ssr:stedsnr = 991353 has multiple (24) positions, using the first one!
utility_to_osm - INFO - ssr:stedsnr = 991370: No name found
utility_to_osm - INFO - ssr:stedsnr = 991370 has multiple (12) positions, using the first one!
utility_to_osm - INFO - ssr:stedsnr = 991387: No name found
utility_to_osm - INFO - ssr:stedsnr = 991387 has multiple (7) positions, using the first one!
utility_to_osm - INFO - ssr:stedsnr = 991469: No name found
utility_to_osm - INFO - ssr:stedsnr = 991469 has multiple (2) positions, using the first one!
utility_to_osm - INFO - ssr:stedsnr = 991616: No name found
utility_to_osm - INFO - ssr:stedsnr = 991616 has multiple (5) positions, using the first one!
utility_to_osm - INFO - ssr:stedsnr = 991625: No name found
utility_to_osm - INFO - ssr:stedsnr = 991625 has multiple (4) positions, using the first one!
utility_to_osm - INFO - ssr:stedsnr = 991649: No name found
utility_to_osm - INFO - ssr:stedsnr = 991649 has multiple (3) positions, using the first one!
utility_to_osm - INFO - ssr:stedsnr = 991651: No name found
utility_to_osm - INFO - ssr:stedsnr = 991651 has multiple (4) positions, using the first one!
utility_to_osm - INFO - ssr:stedsnr = 991723: No name found
utility_to_osm - INFO - ssr:stedsnr = 991723 has multiple (2) positions, using the first one!
utility_to_osm - INFO - ssr:stedsnr = 991741: No name found
utility_to_osm - INFO - ssr:stedsnr = 991741 has multiple (7) positions, using the first one!
utility_to_osm - INFO - ssr:stedsnr = 991821: No name found
utility_to_osm - INFO - ssr:stedsnr = 991821 has multiple (4) positions, using the first one!
utility_to_osm - INFO - ssr:stedsnr = 991833: No name found
utility_to_osm - INFO - ssr:stedsnr = 991833 has multiple (14) positions, using the first one!
utility_to_osm - INFO - ssr:stedsnr = 991913: No name found
utility_to_osm - INFO - ssr:stedsnr = 991913 has multiple (2) positions, using the first one!
utility_to_osm - INFO - ssr:stedsnr = 992022: No name found
utility_to_osm - INFO - ssr:stedsnr = 992022 has multiple (7) positions, using the first one!
utility_to_osm - INFO - ssr:stedsnr = 991968: No name found
utility_to_osm - INFO - ssr:stedsnr = 991968 has multiple (4) positions, using the first one!
utility_to_osm - INFO - ssr:stedsnr = 992011: No name found
utility_to_osm - INFO - ssr:stedsnr = 992011 has multiple (310) positions, using the first one!
utility_to_osm - INFO - ssr:stedsnr = 992127: No name found
utility_to_osm - INFO - ssr:stedsnr = 992127 has multiple (9) positions, using the first one!
utility_to_osm - INFO - ssr:stedsnr = 992160: No name found
utility_to_osm - INFO - ssr:stedsnr = 992160 has multiple (8) positions, using the first one!
utility_to_osm - INFO - ssr:stedsnr = 992274: No name found
utility_to_osm - INFO - ssr:stedsnr = 992274 has multiple (5) positions, using the first one!
utility_to_osm - INFO - ssr:stedsnr = 992281: No name found
utility_to_osm - INFO - ssr:stedsnr = 992281 has multiple (3) positions, using the first one!
utility_to_osm - INFO - ssr:stedsnr = 992282: No name found
utility_to_osm - INFO - ssr:stedsnr = 992282 has multiple (11) positions, using the first one!
utility_to_osm - INFO - ssr:stedsnr = 992297: No name found
utility_to_osm - INFO - ssr:stedsnr = 992297 has multiple (3) positions, using the first one!
utility_to_osm - INFO - ssr:stedsnr = 992416: No name found
utility_to_osm - INFO - ssr:stedsnr = 992416 has multiple (9) positions, using the first one!
utility_to_osm - INFO - ssr:stedsnr = 992417: No name found
utility_to_osm - INFO - ssr:stedsnr = 992417 has multiple (10) positions, using the first one!
utility_to_osm - INFO - ssr:stedsnr = 992433: No name found
utility_to_osm - INFO - ssr:stedsnr = 992433 has multiple (14) positions, using the first one!
utility_to_osm - INFO - ssr:stedsnr = 992320: No name found
utility_to_osm - INFO - ssr:stedsnr = 992320 has multiple (16) positions, using the first one!
utility_to_osm - INFO - ssr:stedsnr = 992618: No name found
utility_to_osm - INFO - ssr:stedsnr = 992618 has multiple (2) positions, using the first one!
utility_to_osm - INFO - ssr:stedsnr = 992623: No name found
utility_to_osm - INFO - ssr:stedsnr = 992623 has multiple (10) positions, using the first one!
utility_to_osm - INFO - ssr:stedsnr = 992640: No name found
utility_to_osm - INFO - ssr:stedsnr = 992640 has multiple (21) positions, using the first one!
utility_to_osm - INFO - ssr:stedsnr = 4001: No name found
utility_to_osm - INFO - ssr:stedsnr = 4001 has multiple (3) positions, using the first one!
utility_to_osm - INFO - ssr:stedsnr = 5250: No name found
utility_to_osm - INFO - ssr:stedsnr = 5250 has multiple (5) positions, using the first one!
utility_to_osm - INFO - ssr:stedsnr = 5584: No name found
utility_to_osm - INFO - ssr:stedsnr = 5584 has multiple (3) positions, using the first one!
utility_to_osm - INFO - ssr:stedsnr = 23595: No name found
utility_to_osm - INFO - ssr:stedsnr = 23458: No name found
utility_to_osm - INFO - ssr:stedsnr = 23765: No name found
utility_to_osm - INFO - ssr:stedsnr = 23769: No name found
utility_to_osm - INFO - ssr:stedsnr = 24670: No name found
utility_to_osm - INFO - ssr:stedsnr = 40688: No name found
utility_to_osm - INFO - ssr:stedsnr = 40688 has multiple (5) positions, using the first one!
utility_to_osm - INFO - ssr:stedsnr = 65737: No name found
utility_to_osm - INFO - ssr:stedsnr = 65737 has multiple (3) positions, using the first one!
utility_to_osm - INFO - ssr:stedsnr = 65739: No name found
utility_to_osm - INFO - ssr:stedsnr = 65739 has multiple (3) positions, using the first one!
utility_to_osm - INFO - ssr:stedsnr = 65683: No name found
utility_to_osm - INFO - ssr:stedsnr = 66068: No name found
utility_to_osm - INFO - ssr:stedsnr = 66068 has multiple (3) positions, using the first one!
utility_to_osm - INFO - ssr:stedsnr = 66071: No name found
utility_to_osm - INFO - ssr:stedsnr = 66071 has multiple (5) positions, using the first one!
utility_to_osm - INFO - ssr:stedsnr = 83359: No name found
utility_to_osm - INFO - ssr:stedsnr = 83359 has multiple (13) positions, using the first one!
utility_to_osm - INFO - ssr:stedsnr = 84552: No name found
utility_to_osm - INFO - ssr:stedsnr = 84554: No name found
utility_to_osm - INFO - ssr:stedsnr = 84566: No name found
utility_to_osm - INFO - ssr:stedsnr = 84569: No name found
utility_to_osm - INFO - ssr:stedsnr = 84571: No name found
utility_to_osm - INFO - ssr:stedsnr = 84572: No name found
utility_to_osm - INFO - ssr:stedsnr = 84682: No name found
utility_to_osm - INFO - ssr:stedsnr = 84523: No name found
utility_to_osm - INFO - ssr:stedsnr = 84526: No name found
utility_to_osm - INFO - ssr:stedsnr = 84757: No name found
utility_to_osm - INFO - ssr:stedsnr = 84760: No name found
utility_to_osm - INFO - ssr:stedsnr = 84761: No name found
utility_to_osm - INFO - ssr:stedsnr = 84763: No name found
utility_to_osm - INFO - ssr:stedsnr = 84779: No name found
utility_to_osm - INFO - ssr:stedsnr = 85501: No name found
utility_to_osm - INFO - ssr:stedsnr = 85539: No name found
utility_to_osm - INFO - ssr:stedsnr = 85545: No name found
utility_to_osm - INFO - ssr:stedsnr = 125092: No name found
utility_to_osm - INFO - ssr:stedsnr = 125092 has multiple (4) positions, using the first one!
utility_to_osm - INFO - ssr:stedsnr = 125659: No name found
utility_to_osm - INFO - ssr:stedsnr = 125663: No name found
utility_to_osm - INFO - ssr:stedsnr = 125663 has multiple (3) positions, using the first one!
utility_to_osm - INFO - ignoring non approved status = "avslåttNavneledd" name = "Gjeddevatnet"
utility_to_osm - INFO - ignoring non approved status = "avslåttNavneledd" name = "Gjeddevatnet"
utility_to_osm - INFO - ignoring non approved status = "avslåttNavneledd" name = "Gjeddevatnet"
utility_to_osm - INFO - ssr:stedsnr = 126712: No name found
utility_to_osm - INFO - ssr:stedsnr = 126712 has multiple (4) positions, using the first one!
utility_to_osm - INFO - ssr:stedsnr = 126670: No name found
utility_to_osm - INFO - ssr:stedsnr = 126670: Adding multiple names to name tag, this is not OK! name = "Rundsand;Møkkøya"
utility_to_osm - INFO - ssr:stedsnr = 144556: No name found
utility_to_osm - INFO - ssr:stedsnr = 144557: No name found
utility_to_osm - INFO - ssr:stedsnr = 144567: No name found
utility_to_osm - INFO - ssr:stedsnr = 144570: No name found
utility_to_osm - INFO - ssr:stedsnr = 144662: No name found
utility_to_osm - INFO - ssr:stedsnr = 144671: No name found
utility_to_osm - INFO - ssr:stedsnr = 144674: No name found
utility_to_osm - INFO - ssr:stedsnr = 144681: No name found
utility_to_osm - INFO - ssr:stedsnr = 144686: No name found
utility_to_osm - INFO - ssr:stedsnr = 144705: No name found
utility_to_osm - INFO - ssr:stedsnr = 144706: No name found
utility_to_osm - INFO - ssr:stedsnr = 145619: No name found
utility_to_osm - INFO - ssr:stedsnr = 145661: No name found
utility_to_osm - INFO - ssr:stedsnr = 146589: No name found
utility_to_osm - INFO - ssr:stedsnr = 146589 has multiple (2) positions, using the first one!
utility_to_osm - INFO - ssr:stedsnr = 167029: No name found
utility_to_osm - INFO - ssr:stedsnr = 167598: No name found
utility_to_osm - INFO - ssr:stedsnr = 167598 has multiple (2) positions, using the first one!
utility_to_osm - INFO - ssr:stedsnr = 186075: No name found
utility_to_osm - INFO - ssr:stedsnr = 186075 has multiple (3) positions, using the first one!
utility_to_osm - INFO - ssr:stedsnr = 186726: No name found
utility_to_osm - INFO - ssr:stedsnr = 187148: No name found
utility_to_osm - INFO - ssr:stedsnr = 187148 has multiple (4) positions, using the first one!
utility_to_osm - INFO - ssr:stedsnr = 187625: No name found
utility_to_osm - INFO - ssr:stedsnr = 187625 has multiple (3) positions, using the first one!
utility_to_osm - INFO - ssr:stedsnr = 187628: No name found
utility_to_osm - INFO - ssr:stedsnr = 205559: No name found
utility_to_osm - INFO - ssr:stedsnr = 205568: No name found
utility_to_osm - INFO - ssr:stedsnr = 206583: No name found
utility_to_osm - INFO - ssr:stedsnr = 206590: No name found
utility_to_osm - INFO - ssr:stedsnr = 206548 not active = "relikt". Skipping...
utility_to_osm - INFO - ssr:stedsnr = 222645: No name found
utility_to_osm - INFO - ssr:stedsnr = 222645 has multiple (9) positions, using the first one!
utility_to_osm - INFO - ssr:stedsnr = 283656: No name found
utility_to_osm - INFO - ssr:stedsnr = 283656 has multiple (5) positions, using the first one!
utility_to_osm - INFO - ssr:stedsnr = 289024: No name found
utility_to_osm - INFO - ssr:stedsnr = 308090: No name found
utility_to_osm - INFO - ssr:stedsnr = 308090 has multiple (4) positions, using the first one!
utility_to_osm - INFO - ssr:stedsnr = 308634: No name found
utility_to_osm - INFO - ssr:stedsnr = 308634 has multiple (4) positions, using the first one!
utility_to_osm - INFO - ssr:stedsnr = 327589: No name found
utility_to_osm - INFO - ssr:stedsnr = 327590: No name found
utility_to_osm - INFO - ssr:stedsnr = 327675: No name found
utility_to_osm - INFO - ignoring non approved status = "avslåttNavneledd" name = "Krokvatnet, søndre"
utility_to_osm - INFO - ignoring non approved status = "avslåttNavneledd" name = "Krokvatnet, søndre"
utility_to_osm - INFO - ignoring non approved status = "avslåttNavneledd" name = "Krokvatnet, søndre"
utility_to_osm - INFO - ssr:stedsnr = 368328: No name found
utility_to_osm - INFO - ssr:stedsnr = 368328 has multiple (5) positions, using the first one!
utility_to_osm - INFO - ssr:stedsnr = 368702: No name found
utility_to_osm - INFO - ssr:stedsnr = 368702 has multiple (3) positions, using the first one!
utility_to_osm - INFO - ssr:stedsnr = 369137: No name found
utility_to_osm - INFO - ssr:stedsnr = 369561: No name found
utility_to_osm - INFO - ssr:stedsnr = 387538: No name found
utility_to_osm - INFO - ssr:stedsnr = 387540: No name found
utility_to_osm - INFO - ssr:stedsnr = 387585: No name found
utility_to_osm - INFO - ssr:stedsnr = 387760: No name found
utility_to_osm - INFO - ssr:stedsnr = 387733: No name found
utility_to_osm - INFO - ssr:stedsnr = 387735: No name found
utility_to_osm - INFO - ssr:stedsnr = 448753: No name found
utility_to_osm - INFO - ssr:stedsnr = 448763: No name found
utility_to_osm - INFO - ssr:stedsnr = 448795: No name found
utility_to_osm - INFO - ssr:stedsnr = 448767: No name found
utility_to_osm - INFO - ssr:stedsnr = 410025: No name found
utility_to_osm - INFO - ssr:stedsnr = 429627: No name found
utility_to_osm - INFO - ssr:stedsnr = 429627 has multiple (4) positions, using the first one!
utility_to_osm - INFO - ssr:stedsnr = 429693: No name found
utility_to_osm - INFO - ssr:stedsnr = 429693 has multiple (3) positions, using the first one!
utility_to_osm - INFO - ssr:stedsnr = 428839: No name found
utility_to_osm - INFO - ssr:stedsnr = 428839 has multiple (27) positions, using the first one!
utility_to_osm - INFO - ssr:stedsnr = 429051: No name found
utility_to_osm - INFO - ssr:stedsnr = 429051 has multiple (2) positions, using the first one!
utility_to_osm - INFO - ssr:stedsnr = 429167: No name found
utility_to_osm - INFO - ssr:stedsnr = 429167 has multiple (2) positions, using the first one!
utility_to_osm - INFO - ssr:stedsnr = 429094: No name found
utility_to_osm - INFO - ssr:stedsnr = 429094 has multiple (5) positions, using the first one!
utility_to_osm - INFO - ssr:stedsnr = 429719: No name found
utility_to_osm - INFO - ssr:stedsnr = 430233: No name found
utility_to_osm - INFO - ssr:stedsnr = 430233 has multiple (3) positions, using the first one!
utility_to_osm - INFO - ssr:stedsnr = 448537: No name found
utility_to_osm - INFO - ssr:stedsnr = 448552: No name found
utility_to_osm - INFO - ssr:stedsnr = 448562: No name found
utility_to_osm - INFO - ssr:stedsnr = 448572: No name found
utility_to_osm - INFO - ssr:stedsnr = 448601: No name found
utility_to_osm - INFO - ssr:stedsnr = 448601 has multiple (3) positions, using the first one!
utility_to_osm - INFO - ssr:stedsnr = 448690: No name found
utility_to_osm - INFO - ssr:stedsnr = 448699: No name found
utility_to_osm - INFO - ssr:stedsnr = 448779: No name found
utility_to_osm - INFO - ssr:stedsnr = 509346: No name found
utility_to_osm - INFO - ssr:stedsnr = 509447: No name found
utility_to_osm - INFO - ssr:stedsnr = 509516: No name found
utility_to_osm - INFO - ssr:stedsnr = 509543: No name found
utility_to_osm - INFO - ssr:stedsnr = 509629: No name found
utility_to_osm - INFO - ssr:stedsnr = 509646: No name found
utility_to_osm - INFO - ssr:stedsnr = 509648: No name found
utility_to_osm - INFO - ssr:stedsnr = 509650: No name found
utility_to_osm - INFO - ssr:stedsnr = 509471: No name found
utility_to_osm - INFO - ssr:stedsnr = 509489: No name found
utility_to_osm - INFO - ssr:stedsnr = 509493: No name found
utility_to_osm - INFO - ssr:stedsnr = 509579: No name found
utility_to_osm - INFO - ssr:stedsnr = 509580: No name found
utility_to_osm - INFO - ssr:stedsnr = 509584: No name found
utility_to_osm - INFO - ssr:stedsnr = 509587: No name found
utility_to_osm - INFO - ssr:stedsnr = 509699: No name found
utility_to_osm - INFO - ignoring non approved status = "avslått" name = "Heknersætra"
utility_to_osm - INFO - ignoring non approved status = "avslått" name = "Heknersætra"
utility_to_osm - INFO - ignoring non approved status = "avslått" name = "Heknersætra"
utility_to_osm - INFO - ssr:stedsnr = 550179: No name found
utility_to_osm - INFO - ssr:stedsnr = 550179 has multiple (3) positions, using the first one!
utility_to_osm - INFO - ssr:stedsnr = 550181: No name found
utility_to_osm - INFO - ssr:stedsnr = 550619: No name found
utility_to_osm - INFO - ssr:stedsnr = 550619 has multiple (4) positions, using the first one!
utility_to_osm - INFO - ssr:stedsnr = 550687: No name found
utility_to_osm - INFO - ssr:stedsnr = 550689: No name found
utility_to_osm - INFO - ssr:stedsnr = 551087: No name found
utility_to_osm - INFO - ssr:stedsnr = 551087 has multiple (3) positions, using the first one!
utility_to_osm - INFO - ssr:stedsnr = 569378: No name found
utility_to_osm - INFO - ssr:stedsnr = 569551: No name found
utility_to_osm - INFO - ssr:stedsnr = 569675: No name found
utility_to_osm - INFO - ssr:stedsnr = 569682: No name found
utility_to_osm - INFO - ssr:stedsnr = 569684: No name found
utility_to_osm - INFO - ssr:stedsnr = 569684 has multiple (2) positions, using the first one!
utility_to_osm - INFO - ssr:stedsnr = 570521: No name found
utility_to_osm - INFO - ssr:stedsnr = 570636: No name found
utility_to_osm - INFO - ssr:stedsnr = 570574: No name found
utility_to_osm - INFO - ssr:stedsnr = 570574 has multiple (2) positions, using the first one!
utility_to_osm - INFO - ssr:stedsnr = 586666: No name found
utility_to_osm - INFO - ssr:stedsnr = 586666 has multiple (22) positions, using the first one!
utility_to_osm - INFO - ssr:stedsnr = 592028: No name found
utility_to_osm - INFO - ssr:stedsnr = 611046: No name found
utility_to_osm - INFO - ssr:stedsnr = 611046 has multiple (4) positions, using the first one!
utility_to_osm - INFO - ssr:stedsnr = 611063: No name found
utility_to_osm - INFO - ssr:stedsnr = 611063 has multiple (2) positions, using the first one!
utility_to_osm - INFO - ssr:stedsnr = 611300: No name found
utility_to_osm - INFO - ssr:stedsnr = 611300 has multiple (3) positions, using the first one!
utility_to_osm - INFO - ssr:stedsnr = 611700: No name found
utility_to_osm - INFO - ssr:stedsnr = 611700 has multiple (3) positions, using the first one!
utility_to_osm - INFO - ssr:stedsnr = 630455: No name found
utility_to_osm - INFO - ssr:stedsnr = 630462: No name found
utility_to_osm - INFO - ssr:stedsnr = 630470: No name found
utility_to_osm - INFO - ssr:stedsnr = 630565: No name found
utility_to_osm - INFO - ssr:stedsnr = 630631: No name found
utility_to_osm - INFO - ssr:stedsnr = 732095: No name found
utility_to_osm - INFO - ssr:stedsnr = 732095 has multiple (3) positions, using the first one!
utility_to_osm - INFO - ssr:stedsnr = 733135: No name found
utility_to_osm - INFO - ssr:stedsnr = 733135: Adding multiple names to name tag, this is not OK! name = "Holtbreimåsan;Breidmåsan"
utility_to_osm - INFO - ssr:stedsnr = 733135 has multiple (4) positions, using the first one!
utility_to_osm - INFO - ssr:stedsnr = 732663: No name found
utility_to_osm - INFO - ssr:stedsnr = 732663 has multiple (2) positions, using the first one!
utility_to_osm - INFO - ssr:stedsnr = 733068: No name found
utility_to_osm - INFO - ssr:stedsnr = 733068 has multiple (3) positions, using the first one!
utility_to_osm - INFO - ssr:stedsnr = 733209: No name found
utility_to_osm - INFO - ssr:stedsnr = 733209 has multiple (3) positions, using the first one!
utility_to_osm - INFO - ignoring non approved status = "avslåttNavneledd" name = "Sætertjernet"
utility_to_osm - INFO - ignoring non approved status = "avslåttNavneledd" name = "Sætertjernet"
utility_to_osm - INFO - ignoring non approved status = "avslåttNavneledd" name = "Sætertjernet"
utility_to_osm - INFO - ssr:stedsnr = 733211: No name found
utility_to_osm - INFO - ssr:stedsnr = 733211: Adding multiple names to name tag, this is not OK! name = "Søndre Nessetertjern;Setertjernet"
utility_to_osm - INFO - ssr:stedsnr = 733211 has multiple (4) positions, using the first one!
utility_to_osm - INFO - ssr:stedsnr = 733212: No name found
utility_to_osm - INFO - ssr:stedsnr = 733212 has multiple (3) positions, using the first one!
utility_to_osm - INFO - ssr:stedsnr = 751523: No name found
utility_to_osm - INFO - ssr:stedsnr = 751526: No name found
utility_to_osm - INFO - ssr:stedsnr = 751534: No name found
utility_to_osm - INFO - ssr:stedsnr = 751685: No name found
utility_to_osm - INFO - ssr:stedsnr = 751772: No name found
utility_to_osm - INFO - ssr:stedsnr = 751788: No name found
utility_to_osm - INFO - ssr:stedsnr = 752594 not active = "relikt". Skipping...
utility_to_osm - INFO - ssr:stedsnr = 752550: No name found
utility_to_osm - INFO - ssr:stedsnr = 752634: No name found
utility_to_osm - INFO - ssr:stedsnr = 793002: No name found
utility_to_osm - INFO - ssr:stedsnr = 793100: No name found
utility_to_osm - INFO - ssr:stedsnr = 793100 has multiple (4) positions, using the first one!
utility_to_osm - INFO - ssr:stedsnr = 793178: No name found
utility_to_osm - INFO - ssr:stedsnr = 793193: No name found
utility_to_osm - INFO - ssr:stedsnr = 793193 has multiple (3) positions, using the first one!
utility_to_osm - INFO - ssr:stedsnr = 793741: No name found
utility_to_osm - INFO - ssr:stedsnr = 794056: No name found
utility_to_osm - INFO - ssr:stedsnr = 794056 has multiple (3) positions, using the first one!
utility_to_osm - INFO - ssr:stedsnr = 794747: No name found
utility_to_osm - INFO - ssr:stedsnr = 812585: No name found
utility_to_osm - INFO - ssr:stedsnr = 812593: No name found
utility_to_osm - INFO - ssr:stedsnr = 812598: No name found
utility_to_osm - INFO - ssr:stedsnr = 812722: No name found
utility_to_osm - INFO - ssr:stedsnr = 812722 has multiple (2) positions, using the first one!
utility_to_osm - INFO - ssr:stedsnr = 812724: No name found
utility_to_osm - INFO - ssr:stedsnr = 812756: No name found
utility_to_osm - INFO - ssr:stedsnr = 812758: No name found
utility_to_osm - INFO - ssr:stedsnr = 812766: No name found
utility_to_osm - INFO - ssr:stedsnr = 812774: No name found
utility_to_osm - INFO - ssr:stedsnr = 812776: No name found
utility_to_osm - INFO - ssr:stedsnr = 813257: No name found
utility_to_osm - INFO - ssr:stedsnr = 813257 has multiple (3) positions, using the first one!
utility_to_osm - INFO - ssr:stedsnr = 813596: No name found
utility_to_osm - INFO - ssr:stedsnr = 854085: No name found
utility_to_osm - INFO - ssr:stedsnr = 854085 has multiple (4) positions, using the first one!
utility_to_osm - INFO - ssr:stedsnr = 854175: No name found
utility_to_osm - INFO - ssr:stedsnr = 854175 has multiple (3) positions, using the first one!
utility_to_osm - INFO - ignoring non approved status = "avslåttNavneledd" name = "Tappenbergvatnet"
utility_to_osm - INFO - ignoring non approved status = "avslåttNavneledd" name = "Tappenbergvatnet"
utility_to_osm - INFO - ignoring non approved status = "avslåttNavneledd" name = "Tappenbergvatnet"
utility_to_osm - INFO - ssr:stedsnr = 855257: No name found
utility_to_osm - INFO - ssr:stedsnr = 855257 has multiple (4) positions, using the first one!
utility_to_osm - INFO - ssr:stedsnr = 873718: No name found
utility_to_osm - INFO - ssr:stedsnr = 873720: No name found
utility_to_osm - INFO - ssr:stedsnr = 873720 has multiple (2) positions, using the first one!
utility_to_osm - INFO - ssr:stedsnr = 873497: No name found
utility_to_osm - INFO - ssr:stedsnr = 873390: No name found
utility_to_osm - INFO - ssr:stedsnr = 873479: No name found
utility_to_osm - INFO - ssr:stedsnr = 873482: No name found
utility_to_osm - INFO - ssr:stedsnr = 873495: No name found
utility_to_osm - INFO - ssr:stedsnr = 873521: No name found
utility_to_osm - INFO - ssr:stedsnr = 873659: No name found
utility_to_osm - INFO - ssr:stedsnr = 873662: No name found
utility_to_osm - INFO - ssr:stedsnr = 873664: No name found
utility_to_osm - INFO - ssr:stedsnr = 873610: No name found
utility_to_osm - INFO - ssr:stedsnr = 873612: No name found
utility_to_osm - INFO - ssr:stedsnr = 873617: No name found
utility_to_osm - INFO - ssr:stedsnr = 873621: No name found
utility_to_osm - INFO - ssr:stedsnr = 873652: No name found
utility_to_osm - INFO - ssr:stedsnr = 874589: No name found
utility_to_osm - INFO - ssr:stedsnr = 874629: No name found
utility_to_osm - INFO - ssr:stedsnr = 874636: No name found
utility_to_osm - INFO - ssr:stedsnr = 874684: No name found
utility_to_osm - INFO - ssr:stedsnr = 874685: No name found
utility_to_osm - INFO - ssr:stedsnr = 991766: No name found
utility_to_osm - INFO - ssr:stedsnr = 991766 has multiple (3) positions, using the first one!
utility_to_osm - INFO - ssr:stedsnr = 991565: No name found
utility_to_osm - INFO - ssr:stedsnr = 991565 has multiple (23) positions, using the first one!
utility_to_osm - INFO - ssr:stedsnr = 991567: No name found
utility_to_osm - INFO - ssr:stedsnr = 991567 has multiple (2) positions, using the first one!
utility_to_osm - INFO - ssr:stedsnr = 991573: No name found
utility_to_osm - INFO - ssr:stedsnr = 991573 has multiple (7) positions, using the first one!
utility_to_osm - INFO - ssr:stedsnr = 991375: No name found
utility_to_osm - INFO - ssr:stedsnr = 991375 has multiple (18) positions, using the first one!
utility_to_osm - INFO - ssr:stedsnr = 991392: No name found
utility_to_osm - INFO - ssr:stedsnr = 991392 has multiple (2) positions, using the first one!
utility_to_osm - INFO - ssr:stedsnr = 991481: No name found
utility_to_osm - INFO - ssr:stedsnr = 991481 has multiple (2) positions, using the first one!
utility_to_osm - INFO - ssr:stedsnr = 991543: No name found
utility_to_osm - INFO - ssr:stedsnr = 991543 has multiple (4) positions, using the first one!
utility_to_osm - INFO - ssr:stedsnr = 991974: No name found
utility_to_osm - INFO - ssr:stedsnr = 991974 has multiple (4) positions, using the first one!
utility_to_osm - INFO - ssr:stedsnr = 991995: No name found
utility_to_osm - INFO - ssr:stedsnr = 991995 has multiple (3) positions, using the first one!
utility_to_osm - INFO - ssr:stedsnr = 992001: No name found
utility_to_osm - INFO - ssr:stedsnr = 992001 has multiple (4) positions, using the first one!
utility_to_osm - INFO - ssr:stedsnr = 991672: No name found
utility_to_osm - INFO - ssr:stedsnr = 991672 has multiple (5) positions, using the first one!
utility_to_osm - INFO - ssr:stedsnr = 991684: No name found
utility_to_osm - INFO - ssr:stedsnr = 991684 has multiple (7) positions, using the first one!
utility_to_osm - INFO - ssr:stedsnr = 991690: No name found
utility_to_osm - INFO - ssr:stedsnr = 991690 has multiple (21) positions, using the first one!
utility_to_osm - INFO - ssr:stedsnr = 991854: No name found
utility_to_osm - INFO - ssr:stedsnr = 991854 has multiple (4) positions, using the first one!
utility_to_osm - INFO - ssr:stedsnr = 991949: No name found
utility_to_osm - INFO - ssr:stedsnr = 991949 has multiple (2) positions, using the first one!
utility_to_osm - INFO - ssr:stedsnr = 991951: No name found
utility_to_osm - INFO - ssr:stedsnr = 991951 has multiple (5) positions, using the first one!
utility_to_osm - INFO - ssr:stedsnr = 991885: No name found
utility_to_osm - INFO - ssr:stedsnr = 991885 has multiple (6) positions, using the first one!
utility_to_osm - INFO - ssr:stedsnr = 991889: No name found
utility_to_osm - INFO - ssr:stedsnr = 991889 has multiple (6) positions, using the first one!
utility_to_osm - INFO - ssr:stedsnr = 991891: No name found
utility_to_osm - INFO - ssr:stedsnr = 991891 has multiple (7) positions, using the first one!
utility_to_osm - INFO - ssr:stedsnr = 992089: No name found
utility_to_osm - INFO - ssr:stedsnr = 992089 has multiple (9) positions, using the first one!
utility_to_osm - INFO - ssr:stedsnr = 992100: No name found
utility_to_osm - INFO - ssr:stedsnr = 992100 has multiple (9) positions, using the first one!
utility_to_osm - INFO - ssr:stedsnr = 991958: No name found
utility_to_osm - INFO - ssr:stedsnr = 991958 has multiple (8) positions, using the first one!
utility_to_osm - INFO - ssr:stedsnr = 992168: No name found
utility_to_osm - INFO - ssr:stedsnr = 992168 has multiple (11) positions, using the first one!
utility_to_osm - INFO - ssr:stedsnr = 992172: No name found
utility_to_osm - INFO - ssr:stedsnr = 992172 has multiple (12) positions, using the first one!
utility_to_osm - INFO - ssr:stedsnr = 992176: No name found
utility_to_osm - INFO - ssr:stedsnr = 992176 has multiple (2) positions, using the first one!
utility_to_osm - INFO - ssr:stedsnr = 992193: No name found
utility_to_osm - INFO - ssr:stedsnr = 992193 has multiple (2) positions, using the first one!
utility_to_osm - INFO - ssr:stedsnr = 992198: No name found
utility_to_osm - INFO - ssr:stedsnr = 992198 has multiple (7) positions, using the first one!
utility_to_osm - INFO - ssr:stedsnr = 992304: No name found
utility_to_osm - INFO - ssr:stedsnr = 992304 has multiple (7) positions, using the first one!
utility_to_osm - INFO - ssr:stedsnr = 992353: No name found
utility_to_osm - INFO - ssr:stedsnr = 992353 has multiple (11) positions, using the first one!
utility_to_osm - INFO - ssr:stedsnr = 992360: No name found
utility_to_osm - INFO - ssr:stedsnr = 992360 has multiple (17) positions, using the first one!
utility_to_osm - INFO - ssr:stedsnr = 992220: No name found
utility_to_osm - INFO - ssr:stedsnr = 992220 has multiple (13) positions, using the first one!
utility_to_osm - INFO - ssr:stedsnr = 992229: No name found
utility_to_osm - INFO - ssr:stedsnr = 992229 has multiple (10) positions, using the first one!
utility_to_osm - INFO - ssr:stedsnr = 992233: No name found
utility_to_osm - INFO - ssr:stedsnr = 992233 has multiple (3) positions, using the first one!
utility_to_osm - INFO - ssr:stedsnr = 992248: No name found
utility_to_osm - INFO - ssr:stedsnr = 992248 has multiple (6) positions, using the first one!
utility_to_osm - INFO - ssr:stedsnr = 992398: No name found
utility_to_osm - INFO - ssr:stedsnr = 992398 has multiple (10) positions, using the first one!
utility_to_osm - INFO - ssr:stedsnr = 992411: No name found
utility_to_osm - INFO - ssr:stedsnr = 992411 has multiple (13) positions, using the first one!
utility_to_osm - INFO - ssr:stedsnr = 992484: No name found
utility_to_osm - INFO - ssr:stedsnr = 992484 has multiple (5) positions, using the first one!
utility_to_osm - INFO - ssr:stedsnr = 992501: No name found
utility_to_osm - INFO - ssr:stedsnr = 992501 has multiple (14) positions, using the first one!
utility_to_osm - INFO - ssr:stedsnr = 992561: No name found
utility_to_osm - INFO - ssr:stedsnr = 992561 has multiple (3) positions, using the first one!
utility_to_osm - INFO - ssr:stedsnr = 992588: No name found
utility_to_osm - INFO - ssr:stedsnr = 992588 has multiple (3) positions, using the first one!
utility_to_osm - INFO - ssr:stedsnr = 992597: No name found
utility_to_osm - INFO - ssr:stedsnr = 992597 has multiple (12) positions, using the first one!
utility_to_osm - INFO - ssr:stedsnr = 992605: No name found
utility_to_osm - INFO - ssr:stedsnr = 992605 has multiple (7) positions, using the first one!
utility_to_osm - INFO - ssr:stedsnr = 992669: No name found
utility_to_osm - INFO - ssr:stedsnr = 992669 has multiple (23) positions, using the first one!
utility_to_osm - INFO - ssr:stedsnr = 992698: No name found
utility_to_osm - INFO - ssr:stedsnr = 992698 has multiple (16) positions, using the first one!
utility_to_osm - INFO - ssr:stedsnr = 992714: No name found
utility_to_osm - INFO - ssr:stedsnr = 992714 has multiple (2) positions, using the first one!
utility_to_osm - INFO - ssr:stedsnr = 992725: No name found
utility_to_osm - INFO - ssr:stedsnr = 992725 has multiple (5) positions, using the first one!
utility_to_osm - INFO - ssr:stedsnr = 992729: No name found
utility_to_osm - INFO - ssr:stedsnr = 992729 has multiple (18) positions, using the first one!
utility_to_osm - INFO - ssr:stedsnr = 992739: No name found
utility_to_osm - INFO - ssr:stedsnr = 992739 has multiple (3) positions, using the first one!
utility_to_osm - INFO - ssr:stedsnr = 992883: No name found
utility_to_osm - INFO - ssr:stedsnr = 992883 has multiple (8) positions, using the first one!
utility_to_osm - INFO - ssr:stedsnr = 992896: No name found
utility_to_osm - INFO - ssr:stedsnr = 992896 has multiple (22) positions, using the first one!
utility_to_osm - INFO - ssr:stedsnr = 992899: No name found
utility_to_osm - INFO - ssr:stedsnr = 992899 has multiple (2) positions, using the first one!
utility_to_osm - INFO - ssr:stedsnr = 992929: No name found
utility_to_osm - INFO - ssr:stedsnr = 992929 has multiple (8) positions, using the first one!
utility_to_osm - INFO - ssr:stedsnr = 993015: No name found
utility_to_osm - INFO - ssr:stedsnr = 993015 has multiple (4) positions, using the first one!
utility_to_osm - INFO - ssr:stedsnr = 993019: No name found
utility_to_osm - INFO - ssr:stedsnr = 993019 has multiple (11) positions, using the first one!
utility_to_osm - INFO - ssr:stedsnr = 993053: No name found
utility_to_osm - INFO - ssr:stedsnr = 993053 has multiple (4) positions, using the first one!
utility_to_osm - INFO - ssr:stedsnr = 993116: No name found
utility_to_osm - INFO - ssr:stedsnr = 993116 has multiple (3) positions, using the first one!
utility_to_osm - INFO - ssr:stedsnr = 993120: No name found
utility_to_osm - INFO - ssr:stedsnr = 993120 has multiple (9) positions, using the first one!
utility_to_osm - INFO - ssr:stedsnr = 993001: No name found
utility_to_osm - INFO - ssr:stedsnr = 993001 has multiple (3) positions, using the first one!
utility_to_osm - INFO - ssr:stedsnr = 993006: No name found
utility_to_osm - INFO - ssr:stedsnr = 993006 has multiple (2) positions, using the first one!
utility_to_osm - INFO - ssr:stedsnr = 993011: No name found
utility_to_osm - INFO - ssr:stedsnr = 993011 has multiple (16) positions, using the first one!
utility_to_osm - INFO - ssr:stedsnr = 993067: No name found
utility_to_osm - INFO - ssr:stedsnr = 993067 has multiple (2) positions, using the first one!
utility_to_osm - INFO - ssr:stedsnr = 993077: No name found
utility_to_osm - INFO - ssr:stedsnr = 993077 has multiple (13) positions, using the first one!
utility_to_osm - INFO - ssr:stedsnr = 993089: No name found
utility_to_osm - INFO - ssr:stedsnr = 993089 has multiple (4) positions, using the first one!
utility_to_osm - INFO - ssr:stedsnr = 993095: No name found
utility_to_osm - INFO - ssr:stedsnr = 993095 has multiple (22) positions, using the first one!
utility_to_osm - INFO - ssr:stedsnr = 993164: No name found
utility_to_osm - INFO - ssr:stedsnr = 993164 has multiple (9) positions, using the first one!
utility_to_osm - INFO - ssr:stedsnr = 993165: No name found
utility_to_osm - INFO - ssr:stedsnr = 993165 has multiple (7) positions, using the first one!
utility_to_osm - INFO - ssr:stedsnr = 993166: No name found
utility_to_osm - INFO - ssr:stedsnr = 993166 has multiple (16) positions, using the first one!
utility_to_osm - INFO - ssr:stedsnr = 993167: No name found
utility_to_osm - INFO - ssr:stedsnr = 993167 has multiple (5) positions, using the first one!
utility_to_osm - INFO - ssr:stedsnr = 993168: No name found
utility_to_osm - INFO - ssr:stedsnr = 993168 has multiple (37) positions, using the first one!
utility_to_osm - INFO - ssr:stedsnr = 993169: No name found
utility_to_osm - INFO - ssr:stedsnr = 993169 has multiple (6) positions, using the first one!
utility_to_osm - INFO - ssr:stedsnr = 993170: No name found
utility_to_osm - INFO - ssr:stedsnr = 993170 has multiple (4) positions, using the first one!
utility_to_osm - INFO - ssr:stedsnr = 993171: No name found
utility_to_osm - INFO - ssr:stedsnr = 993171 has multiple (8) positions, using the first one!
utility_to_osm - INFO - ssr:stedsnr = 993172: No name found
utility_to_osm - INFO - ssr:stedsnr = 993172 has multiple (8) positions, using the first one!
utility_to_osm - INFO - ssr:stedsnr = 993173: No name found
utility_to_osm - INFO - ssr:stedsnr = 993173 has multiple (7) positions, using the first one!
utility_to_osm - INFO - ssr:stedsnr = 993174: No name found
utility_to_osm - INFO - ssr:stedsnr = 993174 has multiple (18) positions, using the first one!
utility_to_osm - INFO - ssr:stedsnr = 993175: No name found
utility_to_osm - INFO - ssr:stedsnr = 993175 has multiple (4) positions, using the first one!
utility_to_osm - INFO - ssr:stedsnr = 993177: No name found
utility_to_osm - INFO - ssr:stedsnr = 993177 has multiple (8) positions, using the first one!
utility_to_osm - INFO - ssr:stedsnr = 993178: No name found
utility_to_osm - INFO - ssr:stedsnr = 993178 has multiple (3) positions, using the first one!
utility_to_osm - INFO - ssr:stedsnr = 993179: No name found
utility_to_osm - INFO - ssr:stedsnr = 993179 has multiple (3) positions, using the first one!
utility_to_osm - INFO - ssr:stedsnr = 993181: No name found
utility_to_osm - INFO - ssr:stedsnr = 993181 has multiple (8) positions, using the first one!
utility_to_osm - INFO - ssr:stedsnr = 993183: No name found
utility_to_osm - INFO - ssr:stedsnr = 993183 has multiple (5) positions, using the first one!
utility_to_osm - INFO - ssr:stedsnr = 993184: No name found
utility_to_osm - INFO - ssr:stedsnr = 993184 has multiple (20) positions, using the first one!
utility_to_osm - INFO - ssr:stedsnr = 993186: No name found
utility_to_osm - INFO - ssr:stedsnr = 993186 has multiple (26) positions, using the first one!
utility_to_osm - INFO - ssr:stedsnr = 993187: No name found
utility_to_osm - INFO - ssr:stedsnr = 993187 has multiple (6) positions, using the first one!
utility_to_osm - INFO - ssr:stedsnr = 993189: No name found
utility_to_osm - INFO - ssr:stedsnr = 993189 has multiple (39) positions, using the first one!
utility_to_osm - INFO - ssr:stedsnr = 993191: No name found
utility_to_osm - INFO - ssr:stedsnr = 993191 has multiple (23) positions, using the first one!
utility_to_osm - INFO - ssr:stedsnr = 993193: No name found
utility_to_osm - INFO - ssr:stedsnr = 993193 has multiple (6) positions, using the first one!
utility_to_osm - INFO - ssr:stedsnr = 993194: No name found
utility_to_osm - INFO - ssr:stedsnr = 993194 has multiple (4) positions, using the first one!
utility_to_osm - INFO - ssr:stedsnr = 993195: No name found
utility_to_osm - INFO - ssr:stedsnr = 993195 has multiple (3) positions, using the first one!
utility_to_osm - INFO - ssr:stedsnr = 993198: No name found
utility_to_osm - INFO - ssr:stedsnr = 993198 has multiple (5) positions, using the first one!
utility_to_osm - INFO - ssr:stedsnr = 993200: No name found
utility_to_osm - INFO - ssr:stedsnr = 993200 has multiple (7) positions, using the first one!
utility_to_osm - INFO - ssr:stedsnr = 993202: No name found
utility_to_osm - INFO - ssr:stedsnr = 993202 has multiple (12) positions, using the first one!
utility_to_osm - INFO - ssr:stedsnr = 993205: No name found
utility_to_osm - INFO - ssr:stedsnr = 993205 has multiple (9) positions, using the first one!
utility_to_osm - INFO - ssr:stedsnr = 993123: No name found
utility_to_osm - INFO - ssr:stedsnr = 993123 has multiple (4) positions, using the first one!
utility_to_osm - INFO - ssr:stedsnr = 993124: No name found
utility_to_osm - INFO - ssr:stedsnr = 993124 has multiple (15) positions, using the first one!
utility_to_osm - INFO - ssr:stedsnr = 993129: No name found
utility_to_osm - INFO - ssr:stedsnr = 993129 has multiple (8) positions, using the first one!
utility_to_osm - INFO - ssr:stedsnr = 993134: No name found
utility_to_osm - INFO - ssr:stedsnr = 993134 has multiple (13) positions, using the first one!
utility_to_osm - INFO - ssr:stedsnr = 993139: No name found
utility_to_osm - INFO - ssr:stedsnr = 993139 has multiple (2) positions, using the first one!
utility_to_osm - INFO - ssr:stedsnr = 993141: No name found
utility_to_osm - INFO - ssr:stedsnr = 993141 has multiple (3) positions, using the first one!
utility_to_osm - INFO - ssr:stedsnr = 993142: No name found
utility_to_osm - INFO - ssr:stedsnr = 993142 has multiple (7) positions, using the first one!
utility_to_osm - INFO - ssr:stedsnr = 993145: No name found
utility_to_osm - INFO - ssr:stedsnr = 993145 has multiple (9) positions, using the first one!
utility_to_osm - INFO - ssr:stedsnr = 993152: No name found
utility_to_osm - INFO - ssr:stedsnr = 993152 has multiple (13) positions, using the first one!
utility_to_osm - INFO - ssr:stedsnr = 993153: No name found
utility_to_osm - INFO - ssr:stedsnr = 993153 has multiple (5) positions, using the first one!
utility_to_osm - INFO - ssr:stedsnr = 993154: No name found
utility_to_osm - INFO - ssr:stedsnr = 993154 has multiple (7) positions, using the first one!
utility_to_osm - INFO - ssr:stedsnr = 993155: No name found
utility_to_osm - INFO - ssr:stedsnr = 993155 has multiple (6) positions, using the first one!
utility_to_osm - INFO - ssr:stedsnr = 993156: No name found
utility_to_osm - INFO - ssr:stedsnr = 993156 has multiple (26) positions, using the first one!
utility_to_osm - INFO - ssr:stedsnr = 993157: No name found
utility_to_osm - INFO - ssr:stedsnr = 993157 has multiple (17) positions, using the first one!
utility_to_osm - INFO - ssr:stedsnr = 993158: No name found
utility_to_osm - INFO - ssr:stedsnr = 993158 has multiple (2) positions, using the first one!
utility_to_osm - INFO - ssr:stedsnr = 993159: No name found
utility_to_osm - INFO - ssr:stedsnr = 993159 has multiple (7) positions, using the first one!
utility_to_osm - INFO - ssr:stedsnr = 993160: No name found
utility_to_osm - INFO - ssr:stedsnr = 993160 has multiple (6) positions, using the first one!
utility_to_osm - INFO - ssr:stedsnr = 993161: No name found
utility_to_osm - INFO - ssr:stedsnr = 993161 has multiple (5) positions, using the first one!
utility_to_osm - INFO - ssr:stedsnr = 993163: No name found
utility_to_osm - INFO - ssr:stedsnr = 993163 has multiple (7) positions, using the first one!
utility_to_osm - INFO - ssr:stedsnr = 993214: No name found
utility_to_osm - INFO - ssr:stedsnr = 993214 has multiple (3) positions, using the first one!
utility_to_osm - INFO - ssr:stedsnr = 993215: No name found
utility_to_osm - INFO - ssr:stedsnr = 993215 has multiple (8) positions, using the first one!
utility_to_osm - INFO - ssr:stedsnr = 993217: No name found
utility_to_osm - INFO - ssr:stedsnr = 993217 has multiple (13) positions, using the first one!
utility_to_osm - INFO - ssr:stedsnr = 993219: No name found
utility_to_osm - INFO - ssr:stedsnr = 993219 has multiple (13) positions, using the first one!
utility_to_osm - INFO - ssr:stedsnr = 993221: No name found
utility_to_osm - INFO - ssr:stedsnr = 993221 has multiple (6) positions, using the first one!
utility_to_osm - INFO - ssr:stedsnr = 993223: No name found
utility_to_osm - INFO - ssr:stedsnr = 993223 has multiple (7) positions, using the first one!
utility_to_osm - INFO - ssr:stedsnr = 993226: No name found
utility_to_osm - INFO - ssr:stedsnr = 993226 has multiple (25) positions, using the first one!
utility_to_osm - INFO - ssr:stedsnr = 993228: No name found
utility_to_osm - INFO - ssr:stedsnr = 993228 has multiple (8) positions, using the first one!
utility_to_osm - INFO - ssr:stedsnr = 993230: No name found
utility_to_osm - INFO - ssr:stedsnr = 993230 has multiple (27) positions, using the first one!
utility_to_osm - INFO - ssr:stedsnr = 993231: No name found
utility_to_osm - INFO - ssr:stedsnr = 993231 has multiple (10) positions, using the first one!
utility_to_osm - INFO - ssr:stedsnr = 993232: No name found
utility_to_osm - INFO - ssr:stedsnr = 993232 has multiple (3) positions, using the first one!
utility_to_osm - INFO - ssr:stedsnr = 993234: No name found
utility_to_osm - INFO - ssr:stedsnr = 993234 has multiple (2) positions, using the first one!
utility_to_osm - INFO - ssr:stedsnr = 993235: No name found
utility_to_osm - INFO - ssr:stedsnr = 993235 has multiple (6) positions, using the first one!
utility_to_osm - INFO - ssr:stedsnr = 993236: No name found
utility_to_osm - INFO - ssr:stedsnr = 993236 has multiple (11) positions, using the first one!
utility_to_osm - INFO - ssr:stedsnr = 993237: No name found
utility_to_osm - INFO - ssr:stedsnr = 993237 has multiple (34) positions, using the first one!
utility_to_osm - INFO - ssr:stedsnr = 993238: No name found
utility_to_osm - INFO - ssr:stedsnr = 993238 has multiple (7) positions, using the first one!
utility_to_osm - INFO - ssr:stedsnr = 993239: No name found
utility_to_osm - INFO - ssr:stedsnr = 993239 has multiple (18) positions, using the first one!
utility_to_osm - INFO - ssr:stedsnr = 993241: No name found
utility_to_osm - INFO - ssr:stedsnr = 993241 has multiple (14) positions, using the first one!
utility_to_osm - INFO - ssr:stedsnr = 993248: No name found
utility_to_osm - INFO - ssr:stedsnr = 993248 has multiple (36) positions, using the first one!
utility_to_osm - INFO - ssr:stedsnr = 993250: No name found
utility_to_osm - INFO - ssr:stedsnr = 993250 has multiple (2) positions, using the first one!
utility_to_osm - INFO - ssr:stedsnr = 993251: No name found
utility_to_osm - INFO - ssr:stedsnr = 993251 has multiple (11) positions, using the first one!
utility_to_osm - INFO - ssr:stedsnr = 993253: No name found
utility_to_osm - INFO - ssr:stedsnr = 993253 has multiple (17) positions, using the first one!
utility_to_osm - INFO - ssr:stedsnr = 993254: No name found
utility_to_osm - INFO - ssr:stedsnr = 993254 has multiple (13) positions, using the first one!
utility_to_osm - INFO - ssr:stedsnr = 993255: No name found
utility_to_osm - INFO - ssr:stedsnr = 993255 has multiple (27) positions, using the first one!
utility_to_osm - INFO - ssr:stedsnr = 993258: No name found
utility_to_osm - INFO - ssr:stedsnr = 993258 has multiple (18) positions, using the first one!
utility_to_osm - INFO - ssr:stedsnr = 993259: No name found
utility_to_osm - INFO - ssr:stedsnr = 993259 has multiple (23) positions, using the first one!
utility_to_osm - INFO - ssr:stedsnr = 993260: No name found
utility_to_osm - INFO - ssr:stedsnr = 993260 has multiple (7) positions, using the first one!
utility_to_osm - INFO - ssr:stedsnr = 993262: No name found
utility_to_osm - INFO - ssr:stedsnr = 993262 has multiple (8) positions, using the first one!
utility_to_osm - INFO - ssr:stedsnr = 993263: No name found
utility_to_osm - INFO - ssr:stedsnr = 993263 has multiple (20) positions, using the first one!
utility_to_osm - INFO - ssr:stedsnr = 993206: No name found
utility_to_osm - INFO - ssr:stedsnr = 993206 has multiple (6) positions, using the first one!
utility_to_osm - INFO - ssr:stedsnr = 993207: No name found
utility_to_osm - INFO - ssr:stedsnr = 993207 has multiple (17) positions, using the first one!
utility_to_osm - INFO - ssr:stedsnr = 993210: No name found
utility_to_osm - INFO - ssr:stedsnr = 993210 has multiple (3) positions, using the first one!
utility_to_osm - INFO - ssr:stedsnr = 993212: No name found
utility_to_osm - INFO - ssr:stedsnr = 993212 has multiple (20) positions, using the first one!
utility_to_osm - INFO - ssr:stedsnr = 993264: No name found
utility_to_osm - INFO - ssr:stedsnr = 993264 has multiple (23) positions, using the first one!
utility_to_osm - INFO - ssr:stedsnr = 993265: No name found
utility_to_osm - INFO - ssr:stedsnr = 993265 has multiple (15) positions, using the first one!
utility_to_osm - INFO - ssr:stedsnr = 993266: No name found
utility_to_osm - INFO - ssr:stedsnr = 993266 has multiple (15) positions, using the first one!
utility_to_osm - INFO - ssr:stedsnr = 993267: No name found
utility_to_osm - INFO - ssr:stedsnr = 993267 has multiple (28) positions, using the first one!
utility_to_osm - INFO - ssr:stedsnr = 993268: No name found
utility_to_osm - INFO - ssr:stedsnr = 993269: No name found
utility_to_osm - INFO - ssr:stedsnr = 993269 has multiple (7) positions, using the first one!
utility_to_osm - INFO - ssr:stedsnr = 993270: No name found
utility_to_osm - INFO - ssr:stedsnr = 993270 has multiple (10) positions, using the first one!
utility_to_osm - INFO - ssr:stedsnr = 993271: No name found
utility_to_osm - INFO - ssr:stedsnr = 993271 has multiple (13) positions, using the first one!
utility_to_osm - INFO - ssr:stedsnr = 993272: No name found
utility_to_osm - INFO - ssr:stedsnr = 993272 has multiple (19) positions, using the first one!
utility_to_osm - INFO - ssr:stedsnr = 993273: No name found
utility_to_osm - INFO - ssr:stedsnr = 993273 has multiple (8) positions, using the first one!
utility_to_osm - INFO - ssr:stedsnr = 993274: No name found
utility_to_osm - INFO - ssr:stedsnr = 993274 has multiple (8) positions, using the first one!
utility_to_osm - INFO - ssr:stedsnr = 993276: No name found
utility_to_osm - INFO - ssr:stedsnr = 993276 has multiple (8) positions, using the first one!
utility_to_osm - INFO - ssr:stedsnr = 993278: No name found
utility_to_osm - INFO - ssr:stedsnr = 993278 has multiple (15) positions, using the first one!
utility_to_osm - INFO - ssr:stedsnr = 993280: No name found
utility_to_osm - INFO - ssr:stedsnr = 993280 has multiple (9) positions, using the first one!
utility_to_osm - INFO - ssr:stedsnr = 993281: No name found
utility_to_osm - INFO - ssr:stedsnr = 993281 has multiple (13) positions, using the first one!
utility_to_osm - INFO - ssr:stedsnr = 993287: No name found
utility_to_osm - INFO - ssr:stedsnr = 993287 has multiple (18) positions, using the first one!
utility_to_osm - INFO - ssr:stedsnr = 993292: No name found
utility_to_osm - INFO - ssr:stedsnr = 993292 has multiple (6) positions, using the first one!
utility_to_osm - INFO - ssr:stedsnr = 993293: No name found
utility_to_osm - INFO - ssr:stedsnr = 993293 has multiple (24) positions, using the first one!
utility_to_osm - INFO - ssr:stedsnr = 993294: No name found
utility_to_osm - INFO - ssr:stedsnr = 993294 has multiple (10) positions, using the first one!
utility_to_osm - INFO - ssr:stedsnr = 993372: No name found
utility_to_osm - INFO - ssr:stedsnr = 993372 has multiple (2) positions, using the first one!
utility_to_osm - INFO - ssr:stedsnr = 993378: No name found
utility_to_osm - INFO - ssr:stedsnr = 993378 has multiple (100) positions, using the first one!
utility_to_osm - INFO - ssr:stedsnr = 993379: No name found
utility_to_osm - INFO - ssr:stedsnr = 993379 has multiple (5) positions, using the first one!
utility_to_osm - INFO - ssr:stedsnr = 993388: No name found
utility_to_osm - INFO - ssr:stedsnr = 993388 has multiple (2) positions, using the first one!
utility_to_osm - INFO - ssr:stedsnr = 993397: No name found
utility_to_osm - INFO - ssr:stedsnr = 993397 has multiple (3) positions, using the first one!
utility_to_osm - INFO - ssr:stedsnr = 993404: No name found
utility_to_osm - INFO - ssr:stedsnr = 993404 has multiple (9) positions, using the first one!
utility_to_osm - INFO - ssr:stedsnr = 993413: No name found
utility_to_osm - INFO - ssr:stedsnr = 993413 has multiple (3) positions, using the first one!
utility_to_osm - INFO - ssr:stedsnr = 993363: No name found
utility_to_osm - INFO - ssr:stedsnr = 993363 has multiple (5) positions, using the first one!
utility_to_osm - INFO - ssr:stedsnr = 993452: No name found
utility_to_osm - INFO - ssr:stedsnr = 993452 has multiple (3) positions, using the first one!
utility_to_osm - INFO - ssr:stedsnr = 1071584: No name found
utility_to_osm - INFO - ssr:stedsnr = 1071584 has multiple (4) positions, using the first one!
utility_to_osm - INFO - ssr:stedsnr = 1071736: No name found
utility_to_osm - INFO - ssr:stedsnr = 1071736 has multiple (8) positions, using the first one!
utility_to_osm - INFO - ssr:stedsnr = 1071750: No name found
utility_to_osm - INFO - ssr:stedsnr = 1071750 has multiple (3) positions, using the first one!
utility_to_osm - INFO - ssr:stedsnr = 1071590: No name found
utility_to_osm - INFO - ssr:stedsnr = 1071590 has multiple (9) positions, using the first one!
utility_to_osm - INFO - ssr:stedsnr = 1071595: No name found
utility_to_osm - INFO - ssr:stedsnr = 1071595 has multiple (3) positions, using the first one!
utility_to_osm - INFO - ssr:stedsnr = 1071598: No name found
utility_to_osm - INFO - ssr:stedsnr = 1071598 has multiple (4) positions, using the first one!
utility_to_osm - INFO - ssr:stedsnr = 1071601: No name found
utility_to_osm - INFO - ssr:stedsnr = 1071601 has multiple (13) positions, using the first one!
utility_to_osm - INFO - ssr:stedsnr = 1071607: No name found
utility_to_osm - INFO - ssr:stedsnr = 1071607 has multiple (6) positions, using the first one!
utility_to_osm - INFO - ssr:stedsnr = 1071621: No name found
utility_to_osm - INFO - ssr:stedsnr = 1071621 has multiple (23) positions, using the first one!
utility_to_osm - INFO - ssr:stedsnr = 1071623: No name found
utility_to_osm - INFO - ssr:stedsnr = 1071623 has multiple (32) positions, using the first one!
utility_to_osm - INFO - ssr:stedsnr = 1071634: No name found
utility_to_osm - INFO - ssr:stedsnr = 1071634 has multiple (4) positions, using the first one!
utility_to_osm - INFO - ssr:stedsnr = 1071688: No name found
utility_to_osm - INFO - ssr:stedsnr = 1071688 has multiple (15) positions, using the first one!
utility_to_osm - INFO - ssr:stedsnr = 1071697: No name found
utility_to_osm - INFO - ssr:stedsnr = 1071697 has multiple (6) positions, using the first one!
utility_to_osm - INFO - ssr:stedsnr = 1071707: No name found
utility_to_osm - INFO - ssr:stedsnr = 1071707 has multiple (23) positions, using the first one!
utility_to_osm - INFO - ssr:stedsnr = 1071847: No name found
utility_to_osm - INFO - ssr:stedsnr = 1071847 has multiple (8) positions, using the first one!
utility_to_osm - INFO - ssr:stedsnr = 1071884: No name found
utility_to_osm - INFO - ssr:stedsnr = 1071884 has multiple (19) positions, using the first one!
utility_to_osm - INFO - ssr:stedsnr = 1071827: No name found
utility_to_osm - INFO - ssr:stedsnr = 1071827 has multiple (2) positions, using the first one!
utility_to_osm - INFO - ssr:stedsnr = 1074403: No name found
utility_to_osm - INFO - ssr:stedsnr = 1076804: No name found
utility_to_osm - INFO - ssr:stedsnr = 1079412: No name found
utility_to_osm - INFO - ssr:stedsnr = 1081819: No name found
utility_to_osm - INFO - ssr:stedsnr = 611618: No name found
utility_to_osm - INFO - ssr:stedsnr = 611618 has multiple (509) positions, using the first one!
utility_to_osm.ssr2.ssr2_tags - INFO - ssr:type = adressenavn found in conversion table, but without tags
utility_to_osm.ssr2.ssr2_tags - INFO - ssr:type = adressenavn found in conversion table, but without tags
utility_to_osm.ssr2.ssr2_tags - INFO - ssr:type = adressenavn found in conversion table, but without tags
utility_to_osm.ssr2.ssr2_tags - INFO - ssr:type = adressenavn found in conversion table, but without tags
utility_to_osm.ssr2.ssr2_tags - INFO - ssr:type = adressenavn found in conversion table, but without tags
utility_to_osm.ssr2.ssr2_tags - INFO - ssr:type = adressenavn found in conversion table, but without tags
utility_to_osm.ssr2.ssr2_tags - INFO - ssr:type = adressenavn found in conversion table, but without tags
utility_to_osm.ssr2.ssr2_tags - INFO - ssr:type = adressenavn found in conversion table, but without tags
utility_to_osm.ssr2.ssr2_tags - INFO - ssr:type = adressenavn found in conversion table, but without tags
utility_to_osm.ssr2.ssr2_tags - INFO - ssr:type = adressenavn found in conversion table, but without tags
utility_to_osm.ssr2.ssr2_tags - INFO - ssr:type = adressenavn found in conversion table, but without tags
utility_to_osm.ssr2.ssr2_tags - INFO - ssr:type = adressenavn found in conversion table, but without tags
utility_to_osm.ssr2.ssr2_tags - INFO - ssr:type = adressenavn found in conversion table, but without tags
utility_to_osm.ssr2.ssr2_tags - INFO - ssr:type = adressenavn found in conversion table, but without tags
utility_to_osm.ssr2.ssr2_tags - INFO - ssr:type = adressenavn found in conversion table, but without tags
utility_to_osm.ssr2.ssr2_tags - INFO - ssr:type = adressenavn found in conversion table, but without tags
utility_to_osm.ssr2.ssr2_tags - INFO - ssr:type = adressenavn found in conversion table, but without tags
utility_to_osm.ssr2.ssr2_tags - INFO - ssr:type = adressenavn found in conversion table, but without tags
utility_to_osm.ssr2.ssr2_tags - INFO - ssr:type = adressenavn found in conversion table, but without tags
utility_to_osm.ssr2.ssr2_tags - INFO - ssr:type = adressenavn found in conversion table, but without tags
utility_to_osm.ssr2.ssr2_tags - INFO - ssr:type = adressenavn found in conversion table, but without tags
utility_to_osm.ssr2.ssr2_tags - INFO - ssr:type = adressenavn found in conversion table, but without tags
utility_to_osm.ssr2.ssr2_tags - INFO - ssr:type = adressenavn found in conversion table, but without tags
utility_to_osm.ssr2.ssr2_tags - INFO - ssr:type = adressenavn found in conversion table, but without tags
utility_to_osm.ssr2.ssr2_tags - INFO - ssr:type = adressenavn found in conversion table, but without tags
utility_to_osm.ssr2.ssr2_tags - INFO - ssr:type = adressenavn found in conversion table, but without tags
utility_to_osm.ssr2.ssr2_tags - INFO - ssr:type = adressenavn found in conversion table, but without tags
utility_to_osm.ssr2.ssr2_tags - INFO - ssr:type = adressenavn found in conversion table, but without tags
utility_to_osm.ssr2.ssr2_tags - INFO - ssr:type = adressenavn found in conversion table, but without tags
utility_to_osm.ssr2.ssr2_tags - INFO - ssr:type = adressenavn found in conversion table, but without tags
utility_to_osm.ssr2.ssr2_tags - INFO - ssr:type = adressenavn found in conversion table, but without tags
utility_to_osm.ssr2.ssr2_tags - INFO - ssr:type = adressenavn found in conversion table, but without tags
utility_to_osm.ssr2.ssr2_tags - INFO - ssr:type = adressenavn found in conversion table, but without tags
utility_to_osm.ssr2.ssr2_tags - INFO - ssr:type = adressenavn found in conversion table, but without tags
utility_to_osm.ssr2.ssr2_tags - INFO - ssr:type = adressenavn found in conversion table, but without tags
utility_to_osm.ssr2.ssr2_tags - INFO - ssr:type = adressenavn found in conversion table, but without tags
utility_to_osm.ssr2.ssr2_tags - INFO - ssr:type = adressenavn found in conversion table, but without tags
utility_to_osm.ssr2.ssr2_tags - INFO - ssr:type = adressenavn found in conversion table, but without tags
utility_to_osm.ssr2.ssr2_tags - INFO - ssr:type = adressenavn found in conversion table, but without tags
utility_to_osm.ssr2.ssr2_tags - INFO - ssr:type = adressenavn found in conversion table, but without tags
utility_to_osm.ssr2.ssr2_tags - INFO - ssr:type = adressenavn found in conversion table, but without tags
utility_to_osm.ssr2.ssr2_tags - INFO - ssr:type = adressenavn found in conversion table, but without tags
utility_to_osm.ssr2.ssr2_tags - INFO - ssr:type = adressenavn found in conversion table, but without tags
utility_to_osm.ssr2.ssr2_tags - INFO - ssr:type = adressenavn found in conversion table, but without tags
utility_to_osm.ssr2.ssr2_tags - INFO - ssr:type = adressenavn found in conversion table, but without tags
utility_to_osm.ssr2.ssr2_tags - INFO - ssr:type = adressenavn found in conversion table, but without tags
utility_to_osm.ssr2.ssr2_tags - INFO - ssr:type = adressenavn found in conversion table, but without tags
utility_to_osm.ssr2.ssr2_tags - INFO - ssr:type = adressenavn found in conversion table, but without tags
utility_to_osm.ssr2.ssr2_tags - INFO - ssr:type = adressenavn found in conversion table, but without tags
utility_to_osm.ssr2.ssr2_tags - INFO - ssr:type = fylke found in conversion table, but without tags
utility_to_osm.ssr2.ssr2_tags - INFO - ssr:type = adressenavn found in conversion table, but without tags
utility_to_osm.ssr2.ssr2_tags - INFO - ssr:type = adressenavn found in conversion table, but without tags
utility_to_osm.ssr2.ssr2_tags - INFO - ssr:type = adressenavn found in conversion table, but without tags
utility_to_osm.ssr2.ssr2_tags - INFO - ssr:type = adressenavn found in conversion table, but without tags
utility_to_osm.ssr2.ssr2_tags - INFO - ssr:type = adressenavn found in conversion table, but without tags
utility_to_osm.ssr2.ssr2_tags - INFO - ssr:type = adressenavn found in conversion table, but without tags
utility_to_osm.ssr2.ssr2_tags - INFO - ssr:type = adressenavn found in conversion table, but without tags
utility_to_osm.ssr2.ssr2_tags - INFO - ssr:type = adressenavn found in conversion table, but without tags
utility_to_osm.ssr2.ssr2_tags - INFO - ssr:type = adressenavn found in conversion table, but without tags
utility_to_osm.ssr2.ssr2_tags - INFO - ssr:type = adressenavn found in conversion table, but without tags
utility_to_osm.ssr2.ssr2_tags - INFO - ssr:type = adressenavn found in conversion table, but without tags
utility_to_osm.ssr2.ssr2_tags - INFO - ssr:type = adressenavn found in conversion table, but without tags
utility_to_osm.ssr2.ssr2_tags - INFO - ssr:type = adressenavn found in conversion table, but without tags
utility_to_osm.ssr2.ssr2_tags - INFO - ssr:type = adressenavn found in conversion table, but without tags
utility_to_osm.ssr2.ssr2_tags - INFO - ssr:type = adressenavn found in conversion table, but without tags
utility_to_osm.ssr2.ssr2_tags - INFO - ssr:type = adressenavn found in conversion table, but without tags
utility_to_osm.ssr2.ssr2_tags - INFO - ssr:type = adressenavn found in conversion table, but without tags
utility_to_osm.ssr2.ssr2_tags - INFO - ssr:type = adressenavn found in conversion table, but without tags
utility_to_osm.ssr2.ssr2_tags - INFO - ssr:type = adressenavn found in conversion table, but without tags
utility_to_osm.ssr2.ssr2_tags - INFO - ssr:type = adressenavn found in conversion table, but without tags
utility_to_osm.ssr2.ssr2_tags - INFO - ssr:type = adressenavn found in conversion table, but without tags
utility_to_osm.ssr2.ssr2_tags - INFO - ssr:type = adressenavn found in conversion table, but without tags
utility_to_osm.ssr2.ssr2_tags - INFO - ssr:type = adressenavn found in conversion table, but without tags
utility_to_osm.ssr2.ssr2_tags - INFO - ssr:type = adressenavn found in conversion table, but without tags
utility_to_osm.ssr2.ssr2_tags - INFO - ssr:type = adressenavn found in conversion table, but without tags
utility_to_osm.ssr2.ssr2_tags - INFO - ssr:type = adressenavn found in conversion table, but without tags
utility_to_osm.ssr2.ssr2_tags - INFO - ssr:type = adressenavn found in conversion table, but without tags
utility_to_osm.ssr2.ssr2_tags - INFO - ssr:type = adressenavn found in conversion table, but without tags
utility_to_osm.ssr2.ssr2_tags - INFO - ssr:type = adressenavn found in conversion table, but without tags
utility_to_osm.ssr2.ssr2_tags - INFO - ssr:type = adressenavn found in conversion table, but without tags
utility_to_osm.ssr2.ssr2_tags - INFO - ssr:type = adressenavn found in conversion table, but without tags
utility_to_osm.ssr2.ssr2_tags - INFO - ssr:type = adressenavn found in conversion table, but without tags
utility_to_osm.ssr2.ssr2_tags - INFO - ssr:type = adressenavn found in conversion table, but without tags
utility_to_osm.ssr2.ssr2_tags - INFO - ssr:type = kommune found in conversion table, but without tags
utility_to_osm.ssr2.ssr2_tags - INFO - ssr:type = adressenavn found in conversion table, but without tags
utility_to_osm.ssr2.ssr2_tags - INFO - ssr:type = adressenavn found in conversion table, but without tags
utility_to_osm.ssr2.ssr2_tags - INFO - ssr:type = adressenavn found in conversion table, but without tags
utility_to_osm.ssr2.ssr2_tags - INFO - ssr:type = adressenavn found in conversion table, but without tags
utility_to_osm.ssr2.ssr2_tags - INFO - ssr:type = adressenavn found in conversion table, but without tags
utility_to_osm.ssr2.ssr2_tags - INFO - ssr:type = adressenavn found in conversion table, but without tags
utility_to_osm.ssr2.ssr2_tags - INFO - ssr:type = adressenavn found in conversion table, but without tags
utility_to_osm.ssr2.ssr2_tags - INFO - ssr:type = adressenavn found in conversion table, but without tags
utility_to_osm.ssr2.ssr2_tags - INFO - ssr:type = adressenavn found in conversion table, but without tags
utility_to_osm.ssr2.ssr2_tags - INFO - ssr:type = adressenavn found in conversion table, but without tags
utility_to_osm.ssr2.ssr2_tags - INFO - ssr:type = adressenavn found in conversion table, but without tags
utility_to_osm.ssr2.ssr2_tags - INFO - ssr:type = adressenavn found in conversion table, but without tags
utility_to_osm.ssr2.ssr2_tags - INFO - ssr:type = adressenavn found in conversion table, but without tags
utility_to_osm.ssr2.ssr2_tags - INFO - ssr:type = adressenavn found in conversion table, but without tags
utility_to_osm.ssr2.ssr2_tags - INFO - ssr:type = adressenavn found in conversion table, but without tags
utility_to_osm.ssr2.ssr2_tags - INFO - ssr:type = adressenavn found in conversion table, but without tags
utility_to_osm.ssr2.ssr2_tags - INFO - ssr:type = adressenavn found in conversion table, but without tags
utility_to_osm.ssr2.ssr2_tags - INFO - ssr:type = adressenavn found in conversion table, but without tags
utility_to_osm.ssr2.ssr2_tags - INFO - ssr:type = adressenavn found in conversion table, but without tags
utility_to_osm.ssr2.ssr2_tags - INFO - ssr:type = adressenavn found in conversion table, but without tags
utility_to_osm.ssr2.ssr2_tags - INFO - ssr:type = adressenavn found in conversion table, but without tags
utility_to_osm.ssr2.ssr2_tags - INFO - ssr:type = adressenavn found in conversion table, but without tags
utility_to_osm.ssr2.ssr2_tags - INFO - ssr:type = adressenavn found in conversion table, but without tags
utility_to_osm.ssr2.ssr2_tags - INFO - ssr:type = adressenavn found in conversion table, but without tags
utility_to_osm.ssr2.ssr2_tags - INFO - ssr:type = adressenavn found in conversion table, but without tags
utility_to_osm.ssr2.ssr2_tags - INFO - ssr:type = adressenavn found in conversion table, but without tags
utility_to_osm.ssr2.ssr2_tags - INFO - ssr:type = adressenavn found in conversion table, but without tags
utility_to_osm.ssr2.ssr2_tags - INFO - ssr:type = adressenavn found in conversion table, but without tags
utility_to_osm.ssr2.ssr2_tags - INFO - ssr:type = adressenavn found in conversion table, but without tags
utility_to_osm.ssr2.ssr2_tags - INFO - ssr:type = adressenavn found in conversion table, but without tags
utility_to_osm.ssr2.ssr2_tags - INFO - ssr:type = adressenavn found in conversion table, but without tags
utility_to_osm.ssr2.ssr2_tags - INFO - ssr:type = adressenavn found in conversion table, but without tags
utility_to_osm.ssr2.ssr2_tags - INFO - ssr:type = adressenavn found in conversion table, but without tags
utility_to_osm.ssr2.ssr2_tags - INFO - ssr:type = adressenavn found in conversion table, but without tags
utility_to_osm.ssr2.ssr2_tags - INFO - ssr:type = adressenavn found in conversion table, but without tags
utility_to_osm.ssr2.ssr2_tags - INFO - ssr:type = adressenavn found in conversion table, but without tags
utility_to_osm.ssr2.ssr2_tags - INFO - ssr:type = adressenavn found in conversion table, but without tags
utility_to_osm.ssr2.ssr2_tags - INFO - ssr:type = adressenavn found in conversion table, but without tags
utility_to_osm.ssr2.ssr2_tags - INFO - ssr:type = adressenavn found in conversion table, but without tags
utility_to_osm.ssr2.ssr2_tags - INFO - ssr:type = adressenavn found in conversion table, but without tags
utility_to_osm.ssr2.ssr2_tags - INFO - ssr:type = adressenavn found in conversion table, but without tags
utility_to_osm.ssr2.ssr2_tags - INFO - ssr:type = adressenavn found in conversion table, but without tags
utility_to_osm.ssr2.ssr2_tags - INFO - ssr:type = adressenavn found in conversion table, but without tags
utility_to_osm.ssr2.ssr2_tags - INFO - ssr:type = adressenavn found in conversion table, but without tags
utility_to_osm.ssr2.ssr2_tags - INFO - ssr:type = adressenavn found in conversion table, but without tags
utility_to_osm.ssr2.ssr2_tags - INFO - ssr:type = adressenavn found in conversion table, but without tags
utility_to_osm.ssr2.ssr2_tags - INFO - ssr:type = adressenavn found in conversion table, but without tags
utility_to_osm.ssr2.ssr2_tags - INFO - ssr:type = adressenavn found in conversion table, but without tags
utility_to_osm.ssr2.ssr2_tags - INFO - ssr:type = adressenavn found in conversion table, but without tags
utility_to_osm.ssr2.ssr2_tags - INFO - ssr:type = adressenavn found in conversion table, but without tags
utility_to_osm.ssr2.ssr2_tags - INFO - ssr:type = adressenavn found in conversion table, but without tags
utility_to_osm.ssr2.ssr2_tags - INFO - ssr:type = adressenavn found in conversion table, but without tags
utility_to_osm.ssr2.ssr2_tags - INFO - ssr:type = adressenavn found in conversion table, but without tags
utility_to_osm.ssr2.ssr2_tags - INFO - ssr:type = adressenavn found in conversion table, but without tags
utility_to_osm.ssr2.ssr2_tags - INFO - ssr:type = adressenavn found in conversion table, but without tags
utility_to_osm.ssr2.ssr2_tags - INFO - ssr:type = adressenavn found in conversion table, but without tags
utility_to_osm.ssr2.ssr2_tags - INFO - ssr:type = adressenavn found in conversion table, but without tags
utility_to_osm.ssr2.ssr2_tags - INFO - ssr:type = adressenavn found in conversion table, but without tags
utility_to_osm.ssr2.ssr2_tags - INFO - ssr:type = adressenavn found in conversion table, but without tags
utility_to_osm.ssr2.ssr2_tags - INFO - ssr:type = adressenavn found in conversion table, but without tags
utility_to_osm.ssr2.ssr2_tags - INFO - ssr:type = adressenavn found in conversion table, but without tags
utility_to_osm.ssr2.ssr2_tags - INFO - ssr:type = adressenavn found in conversion table, but without tags
utility_to_osm.ssr2.ssr2_tags - INFO - ssr:type = adressenavn found in conversion table, but without tags
utility_to_osm.ssr2.ssr2_tags - INFO - ssr:type = adressenavn found in conversion table, but without tags
utility_to_osm.ssr2.ssr2_tags - INFO - ssr:type = adressenavn found in conversion table, but without tags
utility_to_osm.ssr2.ssr2_tags - INFO - ssr:type = adressenavn found in conversion table, but without tags
utility_to_osm.ssr2.ssr2_tags - INFO - ssr:type = adressenavn found in conversion table, but without tags
utility_to_osm.ssr2.ssr2_tags - INFO - ssr:type = adressenavn found in conversion table, but without tags
utility_to_osm.ssr2.ssr2_tags - INFO - ssr:type = adressenavn found in conversion table, but without tags
utility_to_osm.ssr2.ssr2_tags - INFO - ssr:type = adressenavn found in conversion table, but without tags
utility_to_osm.ssr2.ssr2_tags - INFO - ssr:type = adressenavn found in conversion table, but without tags
utility_to_osm.ssr2.ssr2_tags - INFO - ssr:type = adressenavn found in conversion table, but without tags
utility_to_osm.ssr2.ssr2_tags - INFO - ssr:type = adressenavn found in conversion table, but without tags
utility_to_osm.ssr2.ssr2_tags - INFO - ssr:type = adressenavn found in conversion table, but without tags
utility_to_osm.ssr2.ssr2_tags - INFO - ssr:type = adressenavn found in conversion table, but without tags
utility_to_osm.ssr2.ssr2_tags - INFO - ssr:type = adressenavn found in conversion table, but without tags
utility_to_osm.ssr2.ssr2_tags - INFO - ssr:type = adressenavn found in conversion table, but without tags
utility_to_osm.ssr2.ssr2_tags - INFO - ssr:type = adressenavn found in conversion table, but without tags
utility_to_osm.ssr2.ssr2_tags - INFO - ssr:type = adressenavn found in conversion table, but without tags
utility_to_osm.ssr2.ssr2_tags - INFO - ssr:type = adressenavn found in conversion table, but without tags
utility_to_osm.ssr2.ssr2_tags - INFO - ssr:type = adressenavn found in conversion table, but without tags
utility_to_osm.ssr2.ssr2_tags - INFO - ssr:type = adressenavn found in conversion table, but without tags
utility_to_osm.ssr2.ssr2_tags - INFO - ssr:type = adressenavn found in conversion table, but without tags
utility_to_osm.ssr2.ssr2_tags - INFO - ssr:type = adressenavn found in conversion table, but without tags
utility_to_osm.ssr2.ssr2_tags - INFO - ssr:type = adressenavn found in conversion table, but without tags
utility_to_osm.ssr2.ssr2_tags - INFO - ssr:type = adressenavn found in conversion table, but without tags
utility_to_osm.ssr2.ssr2_tags - INFO - ssr:type = adressenavn found in conversion table, but without tags
utility_to_osm.ssr2.ssr2_tags - INFO - ssr:type = adressenavn found in conversion table, but without tags
utility_to_osm.ssr2.ssr2_tags - INFO - ssr:type = adressenavn found in conversion table, but without tags
utility_to_osm.ssr2.ssr2_tags - INFO - ssr:type = adressenavn found in conversion table, but without tags
utility_to_osm.ssr2.ssr2_tags - INFO - ssr:type = adressenavn found in conversion table, but without tags
utility_to_osm.ssr2.ssr2_tags - INFO - ssr:type = adressenavn found in conversion table, but without tags
utility_to_osm.ssr2.ssr2_tags - INFO - ssr:type = adressenavn found in conversion table, but without tags
utility_to_osm.ssr2.ssr2_tags - INFO - ssr:type = adressenavn found in conversion table, but without tags
utility_to_osm.ssr2.ssr2_tags - INFO - ssr:type = adressenavn found in conversion table, but without tags
utility_to_osm.ssr2.ssr2_tags - INFO - ssr:type = adressenavn found in conversion table, but without tags
utility_to_osm.ssr2.ssr2_tags - INFO - ssr:type = adressenavn found in conversion table, but without tags
utility_to_osm.ssr2.ssr2_tags - INFO - ssr:type = adressenavn found in conversion table, but without tags
utility_to_osm.ssr2.ssr2_tags - INFO - ssr:type = adressenavn found in conversion table, but without tags
utility_to_osm.ssr2.ssr2_tags - INFO - ssr:type = adressenavn found in conversion table, but without tags
utility_to_osm.ssr2.ssr2_tags - INFO - ssr:type = adressenavn found in conversion table, but without tags
utility_to_osm.ssr2.ssr2_tags - INFO - ssr:type = adressenavn found in conversion table, but without tags
utility_to_osm.ssr2.ssr2_tags - INFO - ssr:type = adressenavn found in conversion table, but without tags
utility_to_osm.ssr2.ssr2_tags - INFO - ssr:type = adressenavn found in conversion table, but without tags
utility_to_osm.ssr2.ssr2_tags - INFO - ssr:type = adressenavn found in conversion table, but without tags
utility_to_osm.ssr2.ssr2_tags - INFO - ssr:type = adressenavn found in conversion table, but without tags
utility_to_osm.ssr2.ssr2_tags - INFO - ssr:type = adressenavn found in conversion table, but without tags
utility_to_osm.ssr2.ssr2_tags - INFO - ssr:type = adressenavn found in conversion table, but without tags
utility_to_osm.ssr2.ssr2_tags - INFO - ssr:type = adressenavn found in conversion table, but without tags
utility_to_osm.ssr2.ssr2_tags - INFO - ssr:type = adressenavn found in conversion table, but without tags
utility_to_osm.ssr2.ssr2_tags - INFO - ssr:type = adressenavn found in conversion table, but without tags
utility_to_osm.ssr2.ssr2_tags - INFO - ssr:type = adressenavn found in conversion table, but without tags
utility_to_osm.ssr2.ssr2_tags - INFO - ssr:type = adressenavn found in conversion table, but without tags
utility_to_osm.ssr2.ssr2_tags - INFO - ssr:type = adressenavn found in conversion table, but without tags
utility_to_osm.ssr2.ssr2_tags - INFO - ssr:type = adressenavn found in conversion table, but without tags
utility_to_osm.ssr2.ssr2_tags - INFO - ssr:type = adressenavn found in conversion table, but without tags
utility_to_osm.ssr2.ssr2_tags - INFO - ssr:type = adressenavn found in conversion table, but without tags
utility_to_osm.ssr2.ssr2_tags - INFO - ssr:type = adressenavn found in conversion table, but without tags
utility_to_osm.ssr2.ssr2_tags - INFO - ssr:type = adressenavn found in conversion table, but without tags
utility_to_osm.ssr2.ssr2_tags - INFO - ssr:type = adressenavn found in conversion table, but without tags
utility_to_osm.ssr2.ssr2_tags - INFO - ssr:type = adressenavn found in conversion table, but without tags
utility_to_osm.ssr2.ssr2_tags - INFO - ssr:type = adressenavn found in conversion table, but without tags
utility_to_osm.ssr2.ssr2_tags - INFO - ssr:type = adressenavn found in conversion table, but without tags
utility_to_osm.ssr2.ssr2_tags - INFO - ssr:type = adressenavn found in conversion table, but without tags
utility_to_osm.ssr2.ssr2_tags - INFO - ssr:type = adressenavn found in conversion table, but without tags
utility_to_osm.ssr2.ssr2_tags - INFO - ssr:type = adressenavn found in conversion table, but without tags
utility_to_osm.ssr2.ssr2_tags - INFO - ssr:type = adressenavn found in conversion table, but without tags
utility_to_osm.ssr2.ssr2_tags - INFO - ssr:type = adressenavn found in conversion table, but without tags
utility_to_osm.ssr2.ssr2_tags - INFO - ssr:type = adressenavn found in conversion table, but without tags
utility_to_osm.ssr2.ssr2_tags - INFO - ssr:type = adressenavn found in conversion table, but without tags
utility_to_osm.ssr2.ssr2_tags - INFO - ssr:type = adressenavn found in conversion table, but without tags
utility_to_osm.ssr2.ssr2_tags - INFO - ssr:type = adressenavn found in conversion table, but without tags
utility_to_osm.ssr2.ssr2_tags - INFO - ssr:type = adressenavn found in conversion table, but without tags
utility_to_osm.ssr2.ssr2_tags - INFO - ssr:type = adressenavn found in conversion table, but without tags
utility_to_osm.ssr2.ssr2_tags - INFO - ssr:type = adressenavn found in conversion table, but without tags
utility_to_osm.ssr2.ssr2_tags - INFO - ssr:type = adressenavn found in conversion table, but without tags
utility_to_osm.ssr2.ssr2_tags - INFO - ssr:type = adressenavn found in conversion table, but without tags
utility_to_osm.ssr2.ssr2_tags - INFO - ssr:type = adressenavn found in conversion table, but without tags
utility_to_osm.ssr2.ssr2_tags - INFO - ssr:type = adressenavn found in conversion table, but without tags
utility_to_osm.ssr2.ssr2_tags - INFO - ssr:type = adressenavn found in conversion table, but without tags
utility_to_osm.ssr2.ssr2_tags - INFO - ssr:type = adressenavn found in conversion table, but without tags
utility_to_osm.ssr2.ssr2_tags - INFO - ssr:type = adressenavn found in conversion table, but without tags
utility_to_osm.ssr2.ssr2_tags - INFO - ssr:type = adressenavn found in conversion table, but without tags
utility_to_osm.ssr2.ssr2_tags - INFO - ssr:type = adressenavn found in conversion table, but without tags
