utility_to_osm - ERROR - ERROR, no ending in ssr2_to_osm_data/data/4618/4618-ssr.xml? Trying to re-download
utility_to_osm - WARNING - ssr:stedsnr = 3049: No priority spelling found for lang = no, using alt_name to get "[('no', 'Brattlandsdalåa')]"
utility_to_osm - WARNING - ssr:stedsnr = 3049 has multiple (8) positions, using the first one!
utility_to_osm - WARNING - ssr:stedsnr = 3122: No priority spelling found for lang = no, using alt_name to get "[('no', 'Lotevatnet')]"
utility_to_osm - WARNING - ssr:stedsnr = 3122 has multiple (2) positions, using the first one!
utility_to_osm - WARNING - ssr:stedsnr = 3125: No priority spelling found for lang = no, using alt_name to get "[('no', 'Austdalen')]"
utility_to_osm - WARNING - ssr:stedsnr = 3125 has multiple (2) positions, using the first one!
utility_to_osm - WARNING - ssr:stedsnr = 3370 has multiple (2) positions, using the first one!
utility_to_osm - WARNING - ssr:stedsnr = 4175: No priority spelling found for lang = no, using alt_name to get "[('no', 'Nyastølsvatnet')]"
utility_to_osm - WARNING - ssr:stedsnr = 4095: No priority spelling found for lang = no, using alt_name to get "[('no', 'Gjerdberg')]"
utility_to_osm - WARNING - ssr:stedsnr = 4095 has multiple (2) positions, using the first one!
utility_to_osm - WARNING - ssr:stedsnr = 4464: No priority spelling found for lang = no, using alt_name to get "[('no', 'Sperredalen')]"
utility_to_osm - WARNING - ssr:stedsnr = 4464 has multiple (2) positions, using the first one!
utility_to_osm - WARNING - ssr:stedsnr = 4465 has multiple (2) positions, using the first one!
utility_to_osm - WARNING - ssr:stedsnr = 4467 has multiple (2) positions, using the first one!
utility_to_osm - WARNING - ssr:stedsnr = 4604: No priority spelling found for lang = no, using alt_name to get "[('no', 'Middyrvatnet')]"
utility_to_osm - WARNING - ssr:stedsnr = 4822: No priority spelling found for lang = no, using alt_name to get "[('no', 'Risebekk')]"
utility_to_osm - WARNING - ssr:stedsnr = 4822 has multiple (2) positions, using the first one!
utility_to_osm - WARNING - ssr:stedsnr = 4860 has multiple (3) positions, using the first one!
utility_to_osm - WARNING - ssr:stedsnr = 5008 has multiple (3) positions, using the first one!
utility_to_osm - WARNING - ssr:stedsnr = 5072 has multiple (2) positions, using the first one!
utility_to_osm - WARNING - ssr:stedsnr = 5180 has multiple (2) positions, using the first one!
utility_to_osm - WARNING - ssr:stedsnr = 5310: No priority spelling found for lang = no, using alt_name to get "[('no', 'Nasene')]"
utility_to_osm - WARNING - ssr:stedsnr = 5310 has multiple (2) positions, using the first one!
utility_to_osm - WARNING - ssr:stedsnr = 5304 has multiple (2) positions, using the first one!
utility_to_osm - WARNING - ssr:stedsnr = 5257 has multiple (4) positions, using the first one!
utility_to_osm - WARNING - ssr:stedsnr = 5418 has multiple (2) positions, using the first one!
utility_to_osm - WARNING - ssr:stedsnr = 5421 has multiple (2) positions, using the first one!
utility_to_osm - WARNING - ssr:stedsnr = 5464 has multiple (2) positions, using the first one!
utility_to_osm - WARNING - ssr:stedsnr = 5469 has multiple (3) positions, using the first one!
utility_to_osm - WARNING - ssr:stedsnr = 5476: No priority spelling found for lang = no, using alt_name to get "[('no', 'Vatnalivatnet')]"
utility_to_osm - WARNING - ssr:stedsnr = 5624: No priority spelling found for lang = no, using alt_name to get "[('no', 'Langeløk')]"
utility_to_osm - WARNING - ssr:stedsnr = 5520: No priority spelling found for lang = no, using alt_name to get "[('no', 'Kjelabotn')]"
utility_to_osm - WARNING - ssr:stedsnr = 5526: No priority spelling found for lang = no, using alt_name to get "[('no', 'Flatarehaug')]"
utility_to_osm - WARNING - ssr:stedsnr = 5535 has multiple (3) positions, using the first one!
utility_to_osm - WARNING - ssr:stedsnr = 5709 has multiple (3) positions, using the first one!
utility_to_osm - WARNING - ssr:stedsnr = 5777 has multiple (2) positions, using the first one!
utility_to_osm - WARNING - ssr:stedsnr = 22188: No priority spelling found for lang = no, using alt_name to get "[('no', 'Blåsenborg')]"
utility_to_osm - WARNING - ssr:stedsnr = 22188 has multiple (2) positions, using the first one!
utility_to_osm - WARNING - ssr:stedsnr = 22189: No priority spelling found for lang = no, using alt_name to get "[('no', 'Fossane')]"
utility_to_osm - WARNING - ssr:stedsnr = 22189 has multiple (2) positions, using the first one!
utility_to_osm - WARNING - ssr:stedsnr = 22194: No priority spelling found for lang = no, using alt_name to get "[('no', 'Stora Hausanutvatnet')]"
utility_to_osm - WARNING - ssr:stedsnr = 24295 has multiple (18) positions, using the first one!
utility_to_osm - WARNING - ssr:stedsnr = 24935: No priority spelling found for lang = no, using alt_name to get "[('no', 'Bråvoll')]"
utility_to_osm - WARNING - ssr:stedsnr = 36012: No priority spelling found for lang = no, using alt_name to get "[('no', 'Folgefonntunnelen')]"
utility_to_osm - ERROR - ssr:stedsnr = 36012. No positions found, skipping
utility_to_osm - ERROR - ssr:stedsnr = 237068. No positions found, skipping
utility_to_osm - WARNING - ssr:stedsnr = 237169 has multiple (2) positions, using the first one!
utility_to_osm - ERROR - ssr:stedsnr = 44421. No positions found, skipping
utility_to_osm - WARNING - ssr:stedsnr = 238098: No priority spelling found for lang = no, using alt_name to get "[('no', 'Hesthamar')]"
utility_to_osm - WARNING - ssr:stedsnr = 64122: No priority spelling found for lang = no, using alt_name to get "[('no', 'Bjørnavadet')]"
utility_to_osm - WARNING - ssr:stedsnr = 64122 has multiple (2) positions, using the first one!
utility_to_osm - WARNING - ssr:stedsnr = 64131: No priority spelling found for lang = no, using alt_name to get "[('no', 'Loftsnuten')]"
utility_to_osm - WARNING - ssr:stedsnr = 64134: No priority spelling found for lang = no, using alt_name to get "[('no', 'Straumberghalsen')]"
utility_to_osm - WARNING - ssr:stedsnr = 64134 has multiple (2) positions, using the first one!
utility_to_osm - WARNING - ssr:stedsnr = 64145: No priority spelling found for lang = no, using alt_name to get "[('no', 'Løyningsvatnet')]"
utility_to_osm - WARNING - ssr:stedsnr = 64145 has multiple (2) positions, using the first one!
utility_to_osm - WARNING - ssr:stedsnr = 64165: No priority spelling found for lang = no, using alt_name to get "[('no', 'Nos')]"
utility_to_osm - WARNING - ssr:stedsnr = 64171: No priority spelling found for lang = no, using alt_name to get "[('no', 'Holdøla')]"
utility_to_osm - WARNING - ssr:stedsnr = 64203: No priority spelling found for lang = no, using alt_name to get "[('no', 'Tangavadet')]"
utility_to_osm - WARNING - ssr:stedsnr = 64203 has multiple (2) positions, using the first one!
utility_to_osm - WARNING - ssr:stedsnr = 64216: No priority spelling found for lang = no, using alt_name to get "[('no', 'Svartenutskora')]"
utility_to_osm - WARNING - ssr:stedsnr = 64220: No priority spelling found for lang = no, using alt_name to get "[('no', 'Gausnibb')]"
utility_to_osm - WARNING - ssr:stedsnr = 64221: No priority spelling found for lang = no, using alt_name to get "[('no', 'Sauabakknuten')]"
utility_to_osm - WARNING - ssr:stedsnr = 64368: No priority spelling found for lang = no, using alt_name to get "[('no', 'Borda')]"
utility_to_osm - WARNING - ssr:stedsnr = 64368 has multiple (3) positions, using the first one!
utility_to_osm - WARNING - ssr:stedsnr = 64924: No priority spelling found for lang = no, using alt_name to get "[('no', 'Høghellernuten')]"
utility_to_osm - WARNING - ssr:stedsnr = 64924 has multiple (2) positions, using the first one!
utility_to_osm - WARNING - ssr:stedsnr = 64801 has multiple (3) positions, using the first one!
utility_to_osm - WARNING - ssr:stedsnr = 65008 has multiple (3) positions, using the first one!
utility_to_osm - WARNING - ssr:stedsnr = 65201: No priority spelling found for lang = no, using alt_name to get "[('no', 'Ullshaug')]"
utility_to_osm - WARNING - ssr:stedsnr = 65213: No priority spelling found for lang = no, using alt_name to get "[('no', 'Seljestadjuvet')]"
utility_to_osm - WARNING - ssr:stedsnr = 65217: No priority spelling found for lang = no, using alt_name to get "[('no', 'Reinsvatnet')]"
utility_to_osm - WARNING - ssr:stedsnr = 65218: No priority spelling found for lang = no, using alt_name to get "[('no', 'Håraelva')]"
utility_to_osm - WARNING - ssr:stedsnr = 65218 has multiple (3) positions, using the first one!
utility_to_osm - WARNING - ssr:stedsnr = 65189: No priority spelling found for lang = no, using alt_name to get "[('no', 'Nyastøl')]"
utility_to_osm - WARNING - ssr:stedsnr = 65189 has multiple (3) positions, using the first one!
utility_to_osm - WARNING - ssr:stedsnr = 65311: No priority spelling found for lang = no, using alt_name to get "[('no', 'Grøndalshæ')]"
utility_to_osm - WARNING - ssr:stedsnr = 65311 has multiple (3) positions, using the first one!
utility_to_osm - WARNING - ssr:stedsnr = 65411: No priority spelling found for lang = no, using alt_name to get "[('no', 'Bukkaskaret')]"
utility_to_osm - WARNING - ssr:stedsnr = 65411 has multiple (2) positions, using the first one!
utility_to_osm - WARNING - ssr:stedsnr = 65812 has multiple (2) positions, using the first one!
utility_to_osm - ERROR - ssr:stedsnr = 65860: Adding multiple names to name tag, this is not OK! name = "Luravatnet;Vetlavatnet"
utility_to_osm - WARNING - ssr:stedsnr = 65860 has multiple (2) positions, using the first one!
utility_to_osm - WARNING - ssr:stedsnr = 65868: No priority spelling found for lang = no, using alt_name to get "[('no', 'Slettedalen')]"
utility_to_osm - WARNING - ssr:stedsnr = 65868 has multiple (2) positions, using the first one!
utility_to_osm - WARNING - ssr:stedsnr = 65870: No priority spelling found for lang = no, using alt_name to get "[('no', 'Nupshallene')]"
utility_to_osm - WARNING - ssr:stedsnr = 65871: No priority spelling found for lang = no, using alt_name to get "[('no', 'Middyrelva')]"
utility_to_osm - WARNING - ssr:stedsnr = 65871 has multiple (2) positions, using the first one!
utility_to_osm - WARNING - ssr:stedsnr = 65881: No priority spelling found for lang = no, using alt_name to get "[('no', 'Midtfjellsvollen')]"
utility_to_osm - WARNING - ssr:stedsnr = 65881 has multiple (2) positions, using the first one!
utility_to_osm - WARNING - ssr:stedsnr = 65754 has multiple (2) positions, using the first one!
utility_to_osm - WARNING - ssr:stedsnr = 65763: No priority spelling found for lang = no, using alt_name to get "[('no', 'Middalsrusta')]"
utility_to_osm - WARNING - ssr:stedsnr = 65763 has multiple (3) positions, using the first one!
utility_to_osm - WARNING - ssr:stedsnr = 66306 has multiple (2) positions, using the first one!
utility_to_osm - WARNING - ssr:stedsnr = 66346: No priority spelling found for lang = no, using alt_name to get "[('no', 'Utnesdalen')]"
utility_to_osm - WARNING - ssr:stedsnr = 66346 has multiple (3) positions, using the first one!
utility_to_osm - WARNING - ssr:stedsnr = 66356 has multiple (4) positions, using the first one!
utility_to_osm - WARNING - ssr:stedsnr = 66368 has multiple (2) positions, using the first one!
utility_to_osm - WARNING - ssr:stedsnr = 66296: No priority spelling found for lang = no, using alt_name to get "[('no', 'Hudnasete'), ('no', 'Stølen')]"
utility_to_osm - ERROR - ssr:stedsnr = 66296: Adding multiple names to name tag, this is not OK! name = "Hudnasete;Stølen"
utility_to_osm - WARNING - ssr:stedsnr = 66297: No priority spelling found for lang = no, using alt_name to get "[('no', 'Rjuvavatnet')]"
utility_to_osm - WARNING - ssr:stedsnr = 66299 has multiple (4) positions, using the first one!
utility_to_osm - WARNING - ssr:stedsnr = 66594: No priority spelling found for lang = no, using alt_name to get "[('no', 'Rjupehaug')]"
utility_to_osm - WARNING - ssr:stedsnr = 66709 has multiple (2) positions, using the first one!
utility_to_osm - WARNING - ssr:stedsnr = 66670: No priority spelling found for lang = no, using alt_name to get "[('no', 'Rekadalen')]"
utility_to_osm - WARNING - ssr:stedsnr = 67606: No priority spelling found for lang = no, using alt_name to get "[('no', 'Skoddadalen')]"
utility_to_osm - WARNING - ssr:stedsnr = 81523: No priority spelling found for lang = no, using alt_name to get "[('no', 'Storetjørni')]"
utility_to_osm - WARNING - ssr:stedsnr = 82194: No priority spelling found for lang = no, using alt_name to get "[('no', 'Tveitafjellet')]"
utility_to_osm - WARNING - ssr:stedsnr = 82194 has multiple (3) positions, using the first one!
utility_to_osm - WARNING - ssr:stedsnr = 82615: No priority spelling found for lang = no, using alt_name to get "[('no', 'Eitrheim')]"
utility_to_osm - WARNING - ssr:stedsnr = 82946: No priority spelling found for lang = no, using alt_name to get "[('no', 'Grøndalen')]"
utility_to_osm - WARNING - ssr:stedsnr = 82946 has multiple (3) positions, using the first one!
utility_to_osm - WARNING - ssr:stedsnr = 83182: No priority spelling found for lang = no, using alt_name to get "[('no', 'Flugebakken')]"
utility_to_osm - WARNING - ssr:stedsnr = 85109 has multiple (5) positions, using the first one!
utility_to_osm - WARNING - ssr:stedsnr = 85512 has multiple (2) positions, using the first one!
utility_to_osm - WARNING - ssr:stedsnr = 246174: No priority spelling found for lang = no, using alt_name to get "[('no', 'Sandabekken')]"
utility_to_osm - WARNING - ssr:stedsnr = 246199: No priority spelling found for lang = no, using alt_name to get "[('no', 'Martnuten')]"
utility_to_osm - WARNING - ssr:stedsnr = 246241: No priority spelling found for lang = no, using alt_name to get "[('no', 'Dalastølen')]"
utility_to_osm - WARNING - ssr:stedsnr = 246241 has multiple (2) positions, using the first one!
utility_to_osm - WARNING - ssr:stedsnr = 246399 has multiple (2) positions, using the first one!
utility_to_osm - WARNING - ssr:stedsnr = 246761: No priority spelling found for lang = no, using alt_name to get "[('no', 'Kvile')]"
utility_to_osm - WARNING - ssr:stedsnr = 246761 has multiple (2) positions, using the first one!
utility_to_osm - WARNING - ssr:stedsnr = 246764: No priority spelling found for lang = no, using alt_name to get "[('no', 'Austmannatjørna')]"
utility_to_osm - WARNING - ssr:stedsnr = 246755: No priority spelling found for lang = no, using alt_name to get "[('no', 'Vikanes')]"
utility_to_osm - WARNING - ssr:stedsnr = 246755 has multiple (2) positions, using the first one!
utility_to_osm - WARNING - ssr:stedsnr = 246760: No priority spelling found for lang = no, using alt_name to get "[('no', 'Tveita')]"
utility_to_osm - WARNING - ssr:stedsnr = 246760 has multiple (4) positions, using the first one!
utility_to_osm - WARNING - ssr:stedsnr = 247089: No priority spelling found for lang = no, using alt_name to get "[('no', 'Hildalsdalen')]"
utility_to_osm - WARNING - ssr:stedsnr = 247089 has multiple (4) positions, using the first one!
utility_to_osm - WARNING - ssr:stedsnr = 247154: No priority spelling found for lang = no, using alt_name to get "[('no', 'Halsen')]"
utility_to_osm - WARNING - ssr:stedsnr = 247156: No priority spelling found for lang = no, using alt_name to get "[('no', 'Fisketjørnstølen')]"
utility_to_osm - WARNING - ssr:stedsnr = 247157 has multiple (4) positions, using the first one!
utility_to_osm - WARNING - ssr:stedsnr = 247188: No priority spelling found for lang = no, using alt_name to get "[('no', 'Austdalen')]"
utility_to_osm - WARNING - ssr:stedsnr = 247206: No priority spelling found for lang = no, using alt_name to get "[('no', 'Bråstølflota')]"
utility_to_osm - WARNING - ssr:stedsnr = 247206 has multiple (4) positions, using the first one!
utility_to_osm - WARNING - ssr:stedsnr = 247208: No priority spelling found for lang = no, using alt_name to get "[('no', 'Grøndalsnuten')]"
utility_to_osm - WARNING - ssr:stedsnr = 247213: No priority spelling found for lang = no, using alt_name to get "[('no', 'Histeinsnuten')]"
utility_to_osm - WARNING - ssr:stedsnr = 247213 has multiple (2) positions, using the first one!
utility_to_osm - WARNING - ssr:stedsnr = 247226: No priority spelling found for lang = no, using alt_name to get "[('no', 'Steinatjørnane')]"
utility_to_osm - WARNING - ssr:stedsnr = 247242: No priority spelling found for lang = no, using alt_name to get "[('no', 'Tua')]"
utility_to_osm - WARNING - ssr:stedsnr = 247242 has multiple (2) positions, using the first one!
utility_to_osm - WARNING - ssr:stedsnr = 247295: No priority spelling found for lang = no, using alt_name to get "[('no', 'Stora Kinso')]"
utility_to_osm - WARNING - ssr:stedsnr = 247295 has multiple (3) positions, using the first one!
utility_to_osm - WARNING - ssr:stedsnr = 247385: No priority spelling found for lang = no, using alt_name to get "[('no', 'Finahalli')]"
utility_to_osm - WARNING - ssr:stedsnr = 247385 has multiple (2) positions, using the first one!
utility_to_osm - WARNING - ssr:stedsnr = 247387 has multiple (2) positions, using the first one!
utility_to_osm - WARNING - ssr:stedsnr = 247398 has multiple (2) positions, using the first one!
utility_to_osm - WARNING - ssr:stedsnr = 248333 has multiple (2) positions, using the first one!
utility_to_osm - WARNING - ssr:stedsnr = 248338: No priority spelling found for lang = no, using alt_name to get "[('no', 'Steintjørnane')]"
utility_to_osm - WARNING - ssr:stedsnr = 248341: No priority spelling found for lang = no, using alt_name to get "[('no', 'Storeflåtten')]"
utility_to_osm - WARNING - ssr:stedsnr = 248341 has multiple (3) positions, using the first one!
utility_to_osm - WARNING - ssr:stedsnr = 248343 has multiple (4) positions, using the first one!
utility_to_osm - WARNING - ssr:stedsnr = 247336: No priority spelling found for lang = no, using alt_name to get "[('no', 'Nordra Blåvatnet')]"
utility_to_osm - WARNING - ssr:stedsnr = 247336 has multiple (2) positions, using the first one!
utility_to_osm - WARNING - ssr:stedsnr = 247338: No priority spelling found for lang = no, using alt_name to get "[('no', 'Svartenutskori')]"
utility_to_osm - WARNING - ssr:stedsnr = 247338 has multiple (2) positions, using the first one!
utility_to_osm - WARNING - ssr:stedsnr = 247434: No priority spelling found for lang = no, using alt_name to get "[('no', 'Trombeskar')]"
utility_to_osm - WARNING - ssr:stedsnr = 247434 has multiple (2) positions, using the first one!
utility_to_osm - WARNING - ssr:stedsnr = 247446: No priority spelling found for lang = no, using alt_name to get "[('no', 'Langhellefiti')]"
utility_to_osm - WARNING - ssr:stedsnr = 247446 has multiple (3) positions, using the first one!
utility_to_osm - WARNING - ssr:stedsnr = 247451 has multiple (2) positions, using the first one!
utility_to_osm - WARNING - ssr:stedsnr = 247453 has multiple (3) positions, using the first one!
utility_to_osm - WARNING - ssr:stedsnr = 247795: No priority spelling found for lang = no, using alt_name to get "[('no', 'Reisete')]"
utility_to_osm - WARNING - ssr:stedsnr = 248081 has multiple (2) positions, using the first one!
utility_to_osm - WARNING - ssr:stedsnr = 99069: No priority spelling found for lang = no, using alt_name to get "[('no', 'Hausastølen'), ('no', 'Sjusete')]"
utility_to_osm - ERROR - ssr:stedsnr = 99069: Adding multiple names to name tag, this is not OK! name = "Hausastølen;Sjusete"
utility_to_osm - WARNING - ssr:stedsnr = 99079: No priority spelling found for lang = no, using alt_name to get "[('no', 'Hausaheiane')]"
utility_to_osm - WARNING - ssr:stedsnr = 248152 has multiple (3) positions, using the first one!
utility_to_osm - WARNING - ssr:stedsnr = 248260: No priority spelling found for lang = no, using alt_name to get "[('no', 'Sovarenuten')]"
utility_to_osm - WARNING - ssr:stedsnr = 248260 has multiple (2) positions, using the first one!
utility_to_osm - WARNING - ssr:stedsnr = 248262: No priority spelling found for lang = no, using alt_name to get "[('no', 'Vetla Kvanndal')]"
utility_to_osm - WARNING - ssr:stedsnr = 248262 has multiple (2) positions, using the first one!
utility_to_osm - WARNING - ssr:stedsnr = 248264: No priority spelling found for lang = no, using alt_name to get "[('no', 'Nipa')]"
utility_to_osm - WARNING - ssr:stedsnr = 99980 has multiple (2) positions, using the first one!
utility_to_osm - WARNING - ssr:stedsnr = 248282: No priority spelling found for lang = no, using alt_name to get "[('no', 'Nosi')]"
utility_to_osm - WARNING - ssr:stedsnr = 248289: No priority spelling found for lang = no, using alt_name to get "[('no', 'Skriksete')]"
utility_to_osm - WARNING - ssr:stedsnr = 248292: No priority spelling found for lang = no, using alt_name to get "[('no', 'Lonavatnet')]"
utility_to_osm - WARNING - ssr:stedsnr = 248348: No priority spelling found for lang = no, using alt_name to get "[('no', 'Indre Langasete')]"
utility_to_osm - WARNING - ssr:stedsnr = 248574 has multiple (2) positions, using the first one!
utility_to_osm - WARNING - ssr:stedsnr = 248543: No priority spelling found for lang = no, using alt_name to get "[('no', 'Djupebotnen')]"
utility_to_osm - WARNING - ssr:stedsnr = 248628: No priority spelling found for lang = no, using alt_name to get "[('no', 'Storenuten')]"
utility_to_osm - WARNING - ssr:stedsnr = 248628 has multiple (3) positions, using the first one!
utility_to_osm - WARNING - ssr:stedsnr = 248642: No priority spelling found for lang = no, using alt_name to get "[('no', 'Vikebygd')]"
utility_to_osm - WARNING - ssr:stedsnr = 248666: No priority spelling found for lang = no, using alt_name to get "[('no', 'Oksli')]"
utility_to_osm - WARNING - ssr:stedsnr = 248666 has multiple (2) positions, using the first one!
utility_to_osm - WARNING - ssr:stedsnr = 248676: No priority spelling found for lang = no, using alt_name to get "[('no', 'Moldkleivhøgdi')]"
utility_to_osm - WARNING - ssr:stedsnr = 248688: No priority spelling found for lang = no, using alt_name to get "[('no', 'Austmannavatnet')]"
utility_to_osm - WARNING - ssr:stedsnr = 248693: No priority spelling found for lang = no, using alt_name to get "[('no', 'Gravdalsvatnet')]"
utility_to_osm - WARNING - ssr:stedsnr = 248695: No priority spelling found for lang = no, using alt_name to get "[('no', 'Grimsdalen')]"
utility_to_osm - ERROR - ssr:stedsnr = 105086. No positions found, skipping
utility_to_osm - WARNING - ssr:stedsnr = 125016 has multiple (2) positions, using the first one!
utility_to_osm - WARNING - ssr:stedsnr = 125055 has multiple (2) positions, using the first one!
utility_to_osm - WARNING - ssr:stedsnr = 125107: No priority spelling found for lang = no, using alt_name to get "[('no', 'Isvassnutane')]"
utility_to_osm - WARNING - ssr:stedsnr = 125107 has multiple (2) positions, using the first one!
utility_to_osm - WARNING - ssr:stedsnr = 125110: No priority spelling found for lang = no, using alt_name to get "[('no', 'Bunuten')]"
utility_to_osm - WARNING - ssr:stedsnr = 125410: No priority spelling found for lang = no, using alt_name to get "[('no', 'Vetlatjørn')]"
utility_to_osm - WARNING - ssr:stedsnr = 125430 has multiple (2) positions, using the first one!
utility_to_osm - WARNING - ssr:stedsnr = 125431 has multiple (2) positions, using the first one!
utility_to_osm - WARNING - ssr:stedsnr = 125434 has multiple (2) positions, using the first one!
utility_to_osm - WARNING - ssr:stedsnr = 125451: No priority spelling found for lang = no, using alt_name to get "[('no', 'Nedsta Håvardsvatnet')]"
utility_to_osm - WARNING - ssr:stedsnr = 125457: No priority spelling found for lang = no, using alt_name to get "[('no', 'Bakkanuten')]"
utility_to_osm - WARNING - ssr:stedsnr = 125457 has multiple (2) positions, using the first one!
utility_to_osm - WARNING - ssr:stedsnr = 125458 has multiple (2) positions, using the first one!
utility_to_osm - WARNING - ssr:stedsnr = 125198: No priority spelling found for lang = no, using alt_name to get "[('no', 'Grøneggi')]"
utility_to_osm - WARNING - ssr:stedsnr = 125200: No priority spelling found for lang = no, using alt_name to get "[('no', 'Holdøledalen')]"
utility_to_osm - WARNING - ssr:stedsnr = 125302: No priority spelling found for lang = no, using alt_name to get "[('no', 'Ambjørgsfljåna')]"
utility_to_osm - WARNING - ssr:stedsnr = 125302 has multiple (3) positions, using the first one!
utility_to_osm - WARNING - ssr:stedsnr = 125307 has multiple (2) positions, using the first one!
utility_to_osm - WARNING - ssr:stedsnr = 125497 has multiple (4) positions, using the first one!
utility_to_osm - WARNING - ssr:stedsnr = 125802: No priority spelling found for lang = no, using alt_name to get "[('no', 'Langetjørn')]"
utility_to_osm - WARNING - ssr:stedsnr = 125821: No priority spelling found for lang = no, using alt_name to get "[('no', 'Huskakk')]"
utility_to_osm - WARNING - ssr:stedsnr = 125821 has multiple (3) positions, using the first one!
