utility_to_osm - ERROR - ERROR, no ending in ssr2_to_osm_data/data/3808/3808-ssr.xml? Trying to re-download
utility_to_osm - WARNING - ssr:stedsnr = 2302 has multiple (3) positions, using the first one!
utility_to_osm - WARNING - ssr:stedsnr = 2304 has multiple (3) positions, using the first one!
utility_to_osm - WARNING - ssr:stedsnr = 2305 has multiple (2) positions, using the first one!
utility_to_osm - WARNING - ssr:stedsnr = 2603 has multiple (3) positions, using the first one!
utility_to_osm - WARNING - ssr:stedsnr = 2585 has multiple (4) positions, using the first one!
utility_to_osm - WARNING - ssr:stedsnr = 3038 has multiple (2) positions, using the first one!
utility_to_osm - WARNING - ssr:stedsnr = 3126 has multiple (3) positions, using the first one!
utility_to_osm - WARNING - ssr:stedsnr = 3103: No priority spelling found for lang = no, using alt_name to get "[('no', 'Skitnebufjellet')]"
utility_to_osm - WARNING - ssr:stedsnr = 3069 has multiple (2) positions, using the first one!
utility_to_osm - WARNING - ssr:stedsnr = 3071 has multiple (2) positions, using the first one!
utility_to_osm - WARNING - ssr:stedsnr = 3073 has multiple (2) positions, using the first one!
utility_to_osm - WARNING - ssr:stedsnr = 3423 has multiple (2) positions, using the first one!
utility_to_osm - WARNING - ssr:stedsnr = 3407 has multiple (3) positions, using the first one!
utility_to_osm - WARNING - ssr:stedsnr = 3368 has multiple (2) positions, using the first one!
utility_to_osm - WARNING - ssr:stedsnr = 3388 has multiple (2) positions, using the first one!
utility_to_osm - WARNING - ssr:stedsnr = 3683 has multiple (4) positions, using the first one!
utility_to_osm - WARNING - ssr:stedsnr = 3694 has multiple (3) positions, using the first one!
utility_to_osm - WARNING - ssr:stedsnr = 3815 has multiple (3) positions, using the first one!
utility_to_osm - WARNING - ssr:stedsnr = 3703 has multiple (3) positions, using the first one!
utility_to_osm - WARNING - ssr:stedsnr = 3708 has multiple (2) positions, using the first one!
utility_to_osm - WARNING - ssr:stedsnr = 3746 has multiple (3) positions, using the first one!
utility_to_osm - WARNING - ssr:stedsnr = 3752 has multiple (3) positions, using the first one!
utility_to_osm - WARNING - ssr:stedsnr = 3789 has multiple (3) positions, using the first one!
utility_to_osm - WARNING - ssr:stedsnr = 3979 has multiple (3) positions, using the first one!
utility_to_osm - WARNING - ssr:stedsnr = 3883 has multiple (2) positions, using the first one!
utility_to_osm - WARNING - ssr:stedsnr = 4407 has multiple (2) positions, using the first one!
utility_to_osm - WARNING - ssr:stedsnr = 4426 has multiple (3) positions, using the first one!
utility_to_osm - WARNING - ssr:stedsnr = 4608 has multiple (2) positions, using the first one!
utility_to_osm - WARNING - ssr:stedsnr = 24284 has multiple (2) positions, using the first one!
utility_to_osm - WARNING - ssr:stedsnr = 43577 has multiple (2) positions, using the first one!
utility_to_osm - ERROR - ssr:stedsnr = 44319. No positions found, skipping
utility_to_osm - WARNING - ssr:stedsnr = 60908: No priority spelling found for lang = no, using alt_name to get "[('no', 'Omnflug naturreservat')]"
utility_to_osm - WARNING - ssr:stedsnr = 63101 has multiple (2) positions, using the first one!
utility_to_osm - WARNING - ssr:stedsnr = 63406 has multiple (3) positions, using the first one!
utility_to_osm - WARNING - ssr:stedsnr = 63901 has multiple (3) positions, using the first one!
utility_to_osm - WARNING - ssr:stedsnr = 64107 has multiple (5) positions, using the first one!
utility_to_osm - WARNING - ssr:stedsnr = 64129 has multiple (2) positions, using the first one!
utility_to_osm - WARNING - ssr:stedsnr = 64135 has multiple (2) positions, using the first one!
utility_to_osm - WARNING - ssr:stedsnr = 64139 has multiple (2) positions, using the first one!
utility_to_osm - WARNING - ssr:stedsnr = 64143 has multiple (2) positions, using the first one!
utility_to_osm - WARNING - ssr:stedsnr = 64156 has multiple (2) positions, using the first one!
utility_to_osm - WARNING - ssr:stedsnr = 64159 has multiple (2) positions, using the first one!
utility_to_osm - WARNING - ssr:stedsnr = 64160 has multiple (2) positions, using the first one!
utility_to_osm - WARNING - ssr:stedsnr = 64008 has multiple (2) positions, using the first one!
utility_to_osm - WARNING - ssr:stedsnr = 64206 has multiple (2) positions, using the first one!
utility_to_osm - WARNING - ssr:stedsnr = 64261 has multiple (2) positions, using the first one!
utility_to_osm - WARNING - ssr:stedsnr = 64711 has multiple (4) positions, using the first one!
utility_to_osm - WARNING - ssr:stedsnr = 64712 has multiple (2) positions, using the first one!
utility_to_osm - WARNING - ssr:stedsnr = 64721 has multiple (4) positions, using the first one!
utility_to_osm - WARNING - ssr:stedsnr = 64722 has multiple (4) positions, using the first one!
utility_to_osm - WARNING - ssr:stedsnr = 64764 has multiple (2) positions, using the first one!
utility_to_osm - WARNING - ssr:stedsnr = 64766 has multiple (3) positions, using the first one!
utility_to_osm - WARNING - ssr:stedsnr = 64771 has multiple (4) positions, using the first one!
utility_to_osm - WARNING - ssr:stedsnr = 64772 has multiple (2) positions, using the first one!
utility_to_osm - WARNING - ssr:stedsnr = 64778 has multiple (3) positions, using the first one!
utility_to_osm - WARNING - ssr:stedsnr = 64913 has multiple (2) positions, using the first one!
utility_to_osm - WARNING - ssr:stedsnr = 64809 has multiple (3) positions, using the first one!
utility_to_osm - WARNING - ssr:stedsnr = 64860 has multiple (4) positions, using the first one!
utility_to_osm - WARNING - ssr:stedsnr = 64862 has multiple (3) positions, using the first one!
utility_to_osm - WARNING - ssr:stedsnr = 65406 has multiple (3) positions, using the first one!
utility_to_osm - WARNING - ssr:stedsnr = 65409 has multiple (2) positions, using the first one!
utility_to_osm - WARNING - ssr:stedsnr = 245919 has multiple (2) positions, using the first one!
utility_to_osm - WARNING - ssr:stedsnr = 245924 has multiple (2) positions, using the first one!
utility_to_osm - WARNING - ssr:stedsnr = 245280 has multiple (2) positions, using the first one!
utility_to_osm - WARNING - ssr:stedsnr = 245228 has multiple (2) positions, using the first one!
utility_to_osm - WARNING - ssr:stedsnr = 245232 has multiple (2) positions, using the first one!
utility_to_osm - WARNING - ssr:stedsnr = 245292 has multiple (2) positions, using the first one!
utility_to_osm - WARNING - ssr:stedsnr = 245383 has multiple (3) positions, using the first one!
utility_to_osm - WARNING - ssr:stedsnr = 245384 has multiple (2) positions, using the first one!
utility_to_osm - WARNING - ssr:stedsnr = 245366 has multiple (3) positions, using the first one!
utility_to_osm - WARNING - ssr:stedsnr = 245875 has multiple (2) positions, using the first one!
utility_to_osm - WARNING - ssr:stedsnr = 245857 has multiple (4) positions, using the first one!
utility_to_osm - WARNING - ssr:stedsnr = 245860 has multiple (3) positions, using the first one!
utility_to_osm - WARNING - ssr:stedsnr = 246733 has multiple (3) positions, using the first one!
utility_to_osm - WARNING - ssr:stedsnr = 246392 has multiple (3) positions, using the first one!
utility_to_osm - WARNING - ssr:stedsnr = 246167 has multiple (2) positions, using the first one!
utility_to_osm - WARNING - ssr:stedsnr = 246182 has multiple (2) positions, using the first one!
utility_to_osm - WARNING - ssr:stedsnr = 246191 has multiple (2) positions, using the first one!
utility_to_osm - WARNING - ssr:stedsnr = 246248 has multiple (2) positions, using the first one!
utility_to_osm - WARNING - ssr:stedsnr = 246251 has multiple (2) positions, using the first one!
utility_to_osm - WARNING - ssr:stedsnr = 246253 has multiple (2) positions, using the first one!
utility_to_osm - WARNING - ssr:stedsnr = 246258 has multiple (3) positions, using the first one!
utility_to_osm - WARNING - ssr:stedsnr = 246393 has multiple (3) positions, using the first one!
utility_to_osm - WARNING - ssr:stedsnr = 246455 has multiple (2) positions, using the first one!
utility_to_osm - WARNING - ssr:stedsnr = 246456 has multiple (2) positions, using the first one!
utility_to_osm - WARNING - ssr:stedsnr = 246594 has multiple (3) positions, using the first one!
utility_to_osm - WARNING - ssr:stedsnr = 246681 has multiple (3) positions, using the first one!
utility_to_osm - WARNING - ssr:stedsnr = 246685 has multiple (2) positions, using the first one!
utility_to_osm - WARNING - ssr:stedsnr = 246686 has multiple (4) positions, using the first one!
utility_to_osm - WARNING - ssr:stedsnr = 246689 has multiple (3) positions, using the first one!
utility_to_osm - WARNING - ssr:stedsnr = 246697 has multiple (2) positions, using the first one!
utility_to_osm - WARNING - ssr:stedsnr = 246797 has multiple (2) positions, using the first one!
utility_to_osm - WARNING - ssr:stedsnr = 246886 has multiple (3) positions, using the first one!
utility_to_osm - WARNING - ssr:stedsnr = 246741 has multiple (3) positions, using the first one!
utility_to_osm - WARNING - ssr:stedsnr = 246823 has multiple (3) positions, using the first one!
utility_to_osm - WARNING - ssr:stedsnr = 246825 has multiple (3) positions, using the first one!
utility_to_osm - WARNING - ssr:stedsnr = 246828 has multiple (2) positions, using the first one!
utility_to_osm - WARNING - ssr:stedsnr = 246856 has multiple (2) positions, using the first one!
utility_to_osm - WARNING - ssr:stedsnr = 246981 has multiple (2) positions, using the first one!
utility_to_osm - WARNING - ssr:stedsnr = 247388 has multiple (2) positions, using the first one!
utility_to_osm - WARNING - ssr:stedsnr = 247396 has multiple (2) positions, using the first one!
utility_to_osm - WARNING - ssr:stedsnr = 247433 has multiple (2) positions, using the first one!
utility_to_osm - WARNING - ssr:stedsnr = 247591 has multiple (2) positions, using the first one!
utility_to_osm - WARNING - ssr:stedsnr = 247639 has multiple (7) positions, using the first one!
utility_to_osm - WARNING - ssr:stedsnr = 97205 has multiple (2) positions, using the first one!
utility_to_osm - WARNING - ssr:stedsnr = 247852 has multiple (3) positions, using the first one!
utility_to_osm - WARNING - ssr:stedsnr = 105003 has multiple (2) positions, using the first one!
utility_to_osm - WARNING - ssr:stedsnr = 105216 has multiple (2) positions, using the first one!
utility_to_osm - WARNING - ssr:stedsnr = 123067 has multiple (4) positions, using the first one!
utility_to_osm - WARNING - ssr:stedsnr = 123069 has multiple (3) positions, using the first one!
utility_to_osm - WARNING - ssr:stedsnr = 123087 has multiple (3) positions, using the first one!
utility_to_osm - WARNING - ssr:stedsnr = 123621 has multiple (3) positions, using the first one!
utility_to_osm - WARNING - ssr:stedsnr = 123633 has multiple (4) positions, using the first one!
utility_to_osm - WARNING - ssr:stedsnr = 124005 has multiple (2) positions, using the first one!
utility_to_osm - WARNING - ssr:stedsnr = 124109 has multiple (14) positions, using the first one!
utility_to_osm - WARNING - ssr:stedsnr = 124169 has multiple (4) positions, using the first one!
utility_to_osm - WARNING - ssr:stedsnr = 124171 has multiple (2) positions, using the first one!
utility_to_osm - WARNING - ssr:stedsnr = 124175 has multiple (2) positions, using the first one!
utility_to_osm - WARNING - ssr:stedsnr = 124305 has multiple (2) positions, using the first one!
utility_to_osm - WARNING - ssr:stedsnr = 124309 has multiple (2) positions, using the first one!
utility_to_osm - WARNING - ssr:stedsnr = 124310 has multiple (2) positions, using the first one!
utility_to_osm - WARNING - ssr:stedsnr = 124326 has multiple (2) positions, using the first one!
utility_to_osm - WARNING - ssr:stedsnr = 124716 has multiple (3) positions, using the first one!
utility_to_osm - WARNING - ssr:stedsnr = 124725 has multiple (2) positions, using the first one!
utility_to_osm - WARNING - ssr:stedsnr = 124675 has multiple (2) positions, using the first one!
utility_to_osm - WARNING - ssr:stedsnr = 124754 has multiple (4) positions, using the first one!
utility_to_osm - WARNING - ssr:stedsnr = 124962 has multiple (3) positions, using the first one!
utility_to_osm - WARNING - ssr:stedsnr = 124969 has multiple (3) positions, using the first one!
utility_to_osm - WARNING - ssr:stedsnr = 125403 has multiple (2) positions, using the first one!
utility_to_osm - WARNING - ssr:stedsnr = 125420 has multiple (3) positions, using the first one!
utility_to_osm - WARNING - ssr:stedsnr = 125440 has multiple (3) positions, using the first one!
utility_to_osm - WARNING - ssr:stedsnr = 125453 has multiple (2) positions, using the first one!
utility_to_osm - WARNING - ssr:stedsnr = 125460 has multiple (2) positions, using the first one!
utility_to_osm - WARNING - ssr:stedsnr = 125461 has multiple (2) positions, using the first one!
utility_to_osm - WARNING - ssr:stedsnr = 125831 has multiple (4) positions, using the first one!
utility_to_osm - WARNING - ssr:stedsnr = 178408 has multiple (2) positions, using the first one!
utility_to_osm - WARNING - ssr:stedsnr = 184052 has multiple (2) positions, using the first one!
utility_to_osm - WARNING - ssr:stedsnr = 185130 has multiple (3) positions, using the first one!
utility_to_osm - WARNING - ssr:stedsnr = 185322 has multiple (2) positions, using the first one!
utility_to_osm - WARNING - ssr:stedsnr = 185336: No priority spelling found for lang = no, using alt_name to get "[('no', 'Notodden lufthavn')]"
utility_to_osm - WARNING - ssr:stedsnr = 185336 has multiple (2) positions, using the first one!
utility_to_osm - WARNING - ssr:stedsnr = 185081 has multiple (2) positions, using the first one!
utility_to_osm - WARNING - ssr:stedsnr = 185086 has multiple (2) positions, using the first one!
utility_to_osm - WARNING - ssr:stedsnr = 185238 has multiple (2) positions, using the first one!
utility_to_osm - WARNING - ssr:stedsnr = 185244 has multiple (3) positions, using the first one!
utility_to_osm - WARNING - ssr:stedsnr = 185438 has multiple (2) positions, using the first one!
utility_to_osm - WARNING - ssr:stedsnr = 185386 has multiple (2) positions, using the first one!
utility_to_osm - WARNING - ssr:stedsnr = 185391 has multiple (2) positions, using the first one!
utility_to_osm - WARNING - ssr:stedsnr = 185707 has multiple (3) positions, using the first one!
utility_to_osm - WARNING - ssr:stedsnr = 185713 has multiple (3) positions, using the first one!
utility_to_osm - WARNING - ssr:stedsnr = 185877 has multiple (3) positions, using the first one!
utility_to_osm - WARNING - ssr:stedsnr = 186503 has multiple (2) positions, using the first one!
utility_to_osm - WARNING - ssr:stedsnr = 186505 has multiple (2) positions, using the first one!
utility_to_osm - WARNING - ssr:stedsnr = 186482 has multiple (2) positions, using the first one!
utility_to_osm - WARNING - ssr:stedsnr = 186488 has multiple (2) positions, using the first one!
utility_to_osm - WARNING - ssr:stedsnr = 186985 has multiple (2) positions, using the first one!
utility_to_osm - WARNING - ssr:stedsnr = 186989 has multiple (3) positions, using the first one!
utility_to_osm - WARNING - ssr:stedsnr = 186994 has multiple (3) positions, using the first one!
utility_to_osm - WARNING - ssr:stedsnr = 224401 has multiple (2) positions, using the first one!
utility_to_osm - WARNING - ssr:stedsnr = 245082 has multiple (2) positions, using the first one!
utility_to_osm - WARNING - ssr:stedsnr = 245368 has multiple (2) positions, using the first one!
utility_to_osm - WARNING - ssr:stedsnr = 245270 has multiple (2) positions, using the first one!
utility_to_osm - WARNING - ssr:stedsnr = 245220 has multiple (3) positions, using the first one!
utility_to_osm - WARNING - ssr:stedsnr = 245222 has multiple (2) positions, using the first one!
utility_to_osm - WARNING - ssr:stedsnr = 245883 has multiple (2) positions, using the first one!
utility_to_osm - WARNING - ssr:stedsnr = 245888 has multiple (3) positions, using the first one!
utility_to_osm - WARNING - ssr:stedsnr = 245893 has multiple (3) positions, using the first one!
utility_to_osm - WARNING - ssr:stedsnr = 246004 has multiple (2) positions, using the first one!
utility_to_osm - WARNING - ssr:stedsnr = 246009 has multiple (2) positions, using the first one!
utility_to_osm - WARNING - ssr:stedsnr = 245903 has multiple (3) positions, using the first one!
utility_to_osm - WARNING - ssr:stedsnr = 245966 has multiple (3) positions, using the first one!
utility_to_osm - WARNING - ssr:stedsnr = 246110 has multiple (5) positions, using the first one!
utility_to_osm - WARNING - ssr:stedsnr = 246115 has multiple (3) positions, using the first one!
utility_to_osm - WARNING - ssr:stedsnr = 246122 has multiple (2) positions, using the first one!
utility_to_osm - WARNING - ssr:stedsnr = 246123 has multiple (2) positions, using the first one!
utility_to_osm - WARNING - ssr:stedsnr = 246125 has multiple (2) positions, using the first one!
utility_to_osm - WARNING - ssr:stedsnr = 246141 has multiple (2) positions, using the first one!
utility_to_osm - WARNING - ssr:stedsnr = 246217 has multiple (2) positions, using the first one!
utility_to_osm - WARNING - ssr:stedsnr = 246219 has multiple (3) positions, using the first one!
utility_to_osm - WARNING - ssr:stedsnr = 246221 has multiple (2) positions, using the first one!
utility_to_osm - WARNING - ssr:stedsnr = 246273 has multiple (3) positions, using the first one!
utility_to_osm - WARNING - ssr:stedsnr = 246387 has multiple (4) positions, using the first one!
utility_to_osm - WARNING - ssr:stedsnr = 246713 has multiple (4) positions, using the first one!
utility_to_osm - WARNING - ssr:stedsnr = 246714 has multiple (3) positions, using the first one!
utility_to_osm - WARNING - ssr:stedsnr = 246726 has multiple (3) positions, using the first one!
utility_to_osm - WARNING - ssr:stedsnr = 246782 has multiple (2) positions, using the first one!
utility_to_osm - ERROR - ssr:stedsnr = 246614: Adding multiple names to name tag, this is not OK! name = "Langevatnet;Storevatn"
utility_to_osm - WARNING - ssr:stedsnr = 246807 has multiple (2) positions, using the first one!
utility_to_osm - WARNING - ssr:stedsnr = 247412 has multiple (2) positions, using the first one!
utility_to_osm - WARNING - ssr:stedsnr = 247369 has multiple (3) positions, using the first one!
utility_to_osm - WARNING - ssr:stedsnr = 458778 has multiple (2) positions, using the first one!
utility_to_osm - ERROR - ssr:stedsnr = 287288. No positions found, skipping
utility_to_osm - WARNING - ssr:stedsnr = 287591 has multiple (2) positions, using the first one!
utility_to_osm - WARNING - ssr:stedsnr = 288029 has multiple (2) positions, using the first one!
utility_to_osm - WARNING - ssr:stedsnr = 306063 has multiple (3) positions, using the first one!
utility_to_osm - WARNING - ssr:stedsnr = 306076 has multiple (3) positions, using the first one!
utility_to_osm - WARNING - ssr:stedsnr = 306079 has multiple (3) positions, using the first one!
utility_to_osm - WARNING - ssr:stedsnr = 306083 has multiple (3) positions, using the first one!
utility_to_osm - WARNING - ssr:stedsnr = 306204 has multiple (3) positions, using the first one!
utility_to_osm - WARNING - ssr:stedsnr = 306406 has multiple (3) positions, using the first one!
utility_to_osm - WARNING - ssr:stedsnr = 306408 has multiple (2) positions, using the first one!
utility_to_osm - WARNING - ssr:stedsnr = 306420 has multiple (2) positions, using the first one!
utility_to_osm - WARNING - ssr:stedsnr = 306768 has multiple (3) positions, using the first one!
utility_to_osm - WARNING - ssr:stedsnr = 306777 has multiple (3) positions, using the first one!
utility_to_osm - WARNING - ssr:stedsnr = 306955 has multiple (5) positions, using the first one!
utility_to_osm - WARNING - ssr:stedsnr = 306964 has multiple (2) positions, using the first one!
utility_to_osm - WARNING - ssr:stedsnr = 306802 has multiple (4) positions, using the first one!
utility_to_osm - WARNING - ssr:stedsnr = 306811 has multiple (2) positions, using the first one!
utility_to_osm - WARNING - ssr:stedsnr = 306814 has multiple (3) positions, using the first one!
utility_to_osm - WARNING - ssr:stedsnr = 307117 has multiple (2) positions, using the first one!
utility_to_osm - WARNING - ssr:stedsnr = 307308 has multiple (2) positions, using the first one!
utility_to_osm - WARNING - ssr:stedsnr = 307450 has multiple (2) positions, using the first one!
utility_to_osm - WARNING - ssr:stedsnr = 307460 has multiple (2) positions, using the first one!
utility_to_osm - WARNING - ssr:stedsnr = 307497 has multiple (2) positions, using the first one!
utility_to_osm - WARNING - ssr:stedsnr = 307503 has multiple (2) positions, using the first one!
utility_to_osm - WARNING - ssr:stedsnr = 307904 has multiple (3) positions, using the first one!
utility_to_osm - WARNING - ssr:stedsnr = 307909 has multiple (3) positions, using the first one!
utility_to_osm - WARNING - ssr:stedsnr = 468403 has multiple (2) positions, using the first one!
utility_to_osm - ERROR - ssr:stedsnr = 468649. No positions found, skipping
utility_to_osm - ERROR - ssr:stedsnr = 346116. No positions found, skipping
utility_to_osm - WARNING - ssr:stedsnr = 348063 has multiple (2) positions, using the first one!
utility_to_osm - WARNING - ssr:stedsnr = 366311 has multiple (2) positions, using the first one!
utility_to_osm - WARNING - ssr:stedsnr = 366301 has multiple (2) positions, using the first one!
utility_to_osm - WARNING - ssr:stedsnr = 367105 has multiple (2) positions, using the first one!
utility_to_osm - WARNING - ssr:stedsnr = 367107 has multiple (2) positions, using the first one!
utility_to_osm - WARNING - ssr:stedsnr = 367111 has multiple (2) positions, using the first one!
utility_to_osm - WARNING - ssr:stedsnr = 367112 has multiple (2) positions, using the first one!
utility_to_osm - WARNING - ssr:stedsnr = 367114 has multiple (2) positions, using the first one!
utility_to_osm - WARNING - ssr:stedsnr = 367123 has multiple (3) positions, using the first one!
utility_to_osm - WARNING - ssr:stedsnr = 367130 has multiple (2) positions, using the first one!
utility_to_osm - WARNING - ssr:stedsnr = 367071 has multiple (2) positions, using the first one!
utility_to_osm - WARNING - ssr:stedsnr = 367075 has multiple (2) positions, using the first one!
utility_to_osm - WARNING - ssr:stedsnr = 367089 has multiple (2) positions, using the first one!
utility_to_osm - WARNING - ssr:stedsnr = 367208 has multiple (2) positions, using the first one!
utility_to_osm - WARNING - ssr:stedsnr = 367217 has multiple (3) positions, using the first one!
utility_to_osm - WARNING - ssr:stedsnr = 367229 has multiple (2) positions, using the first one!
utility_to_osm - WARNING - ssr:stedsnr = 367171 has multiple (3) positions, using the first one!
utility_to_osm - WARNING - ssr:stedsnr = 367188 has multiple (2) positions, using the first one!
utility_to_osm - WARNING - ssr:stedsnr = 367189 has multiple (3) positions, using the first one!
utility_to_osm - WARNING - ssr:stedsnr = 367321 has multiple (3) positions, using the first one!
utility_to_osm - WARNING - ssr:stedsnr = 367326 has multiple (4) positions, using the first one!
utility_to_osm - WARNING - ssr:stedsnr = 367382 has multiple (3) positions, using the first one!
utility_to_osm - WARNING - ssr:stedsnr = 367387 has multiple (2) positions, using the first one!
utility_to_osm - WARNING - ssr:stedsnr = 367420 has multiple (2) positions, using the first one!
utility_to_osm - WARNING - ssr:stedsnr = 367421 has multiple (2) positions, using the first one!
utility_to_osm - WARNING - ssr:stedsnr = 367423 has multiple (3) positions, using the first one!
utility_to_osm - WARNING - ssr:stedsnr = 367704 has multiple (3) positions, using the first one!
utility_to_osm - WARNING - ssr:stedsnr = 367786 has multiple (3) positions, using the first one!
utility_to_osm - WARNING - ssr:stedsnr = 367816 has multiple (3) positions, using the first one!
utility_to_osm - WARNING - ssr:stedsnr = 367874 has multiple (4) positions, using the first one!
utility_to_osm - WARNING - ssr:stedsnr = 367919 has multiple (3) positions, using the first one!
utility_to_osm - WARNING - ssr:stedsnr = 367925 has multiple (3) positions, using the first one!
utility_to_osm - WARNING - ssr:stedsnr = 368411 has multiple (3) positions, using the first one!
utility_to_osm - WARNING - ssr:stedsnr = 368502 has multiple (3) positions, using the first one!
utility_to_osm - WARNING - ssr:stedsnr = 368503 has multiple (2) positions, using the first one!
utility_to_osm - WARNING - ssr:stedsnr = 368504 has multiple (2) positions, using the first one!
utility_to_osm - WARNING - ssr:stedsnr = 408564 has multiple (2) positions, using the first one!
utility_to_osm - WARNING - ssr:stedsnr = 487052 has multiple (3) positions, using the first one!
utility_to_osm - WARNING - ssr:stedsnr = 487638 has multiple (4) positions, using the first one!
utility_to_osm - WARNING - ssr:stedsnr = 488151 has multiple (2) positions, using the first one!
utility_to_osm - WARNING - ssr:stedsnr = 488156 has multiple (2) positions, using the first one!
utility_to_osm - WARNING - ssr:stedsnr = 488011 has multiple (3) positions, using the first one!
utility_to_osm - WARNING - ssr:stedsnr = 488074 has multiple (2) positions, using the first one!
utility_to_osm - WARNING - ssr:stedsnr = 488084 has multiple (2) positions, using the first one!
utility_to_osm - WARNING - ssr:stedsnr = 488125 has multiple (3) positions, using the first one!
utility_to_osm - WARNING - ssr:stedsnr = 488133 has multiple (2) positions, using the first one!
utility_to_osm - WARNING - ssr:stedsnr = 488146 has multiple (3) positions, using the first one!
utility_to_osm - WARNING - ssr:stedsnr = 488165 has multiple (2) positions, using the first one!
utility_to_osm - WARNING - ssr:stedsnr = 488182 has multiple (2) positions, using the first one!
utility_to_osm - WARNING - ssr:stedsnr = 488194 has multiple (3) positions, using the first one!
utility_to_osm - WARNING - ssr:stedsnr = 488249 has multiple (3) positions, using the first one!
utility_to_osm - WARNING - ssr:stedsnr = 488257 has multiple (2) positions, using the first one!
utility_to_osm - WARNING - ssr:stedsnr = 488277 has multiple (4) positions, using the first one!
utility_to_osm - WARNING - ssr:stedsnr = 488279 has multiple (3) positions, using the first one!
utility_to_osm - WARNING - ssr:stedsnr = 488216 has multiple (2) positions, using the first one!
utility_to_osm - WARNING - ssr:stedsnr = 488229 has multiple (2) positions, using the first one!
utility_to_osm - WARNING - ssr:stedsnr = 488235 has multiple (2) positions, using the first one!
utility_to_osm - WARNING - ssr:stedsnr = 488240 has multiple (2) positions, using the first one!
utility_to_osm - WARNING - ssr:stedsnr = 488367 has multiple (2) positions, using the first one!
utility_to_osm - WARNING - ssr:stedsnr = 488369 has multiple (3) positions, using the first one!
utility_to_osm - WARNING - ssr:stedsnr = 488371 has multiple (3) positions, using the first one!
utility_to_osm - WARNING - ssr:stedsnr = 488734 has multiple (2) positions, using the first one!
utility_to_osm - WARNING - ssr:stedsnr = 488740 has multiple (2) positions, using the first one!
utility_to_osm - WARNING - ssr:stedsnr = 488851 has multiple (3) positions, using the first one!
utility_to_osm - WARNING - ssr:stedsnr = 488835 has multiple (4) positions, using the first one!
utility_to_osm - WARNING - ssr:stedsnr = 488918 has multiple (3) positions, using the first one!
utility_to_osm - WARNING - ssr:stedsnr = 488931 has multiple (3) positions, using the first one!
utility_to_osm - WARNING - ssr:stedsnr = 488875 has multiple (2) positions, using the first one!
utility_to_osm - WARNING - ssr:stedsnr = 488885 has multiple (2) positions, using the first one!
utility_to_osm - WARNING - ssr:stedsnr = 488967 has multiple (4) positions, using the first one!
utility_to_osm - WARNING - ssr:stedsnr = 489459 has multiple (2) positions, using the first one!
utility_to_osm - WARNING - ssr:stedsnr = 489469 has multiple (2) positions, using the first one!
utility_to_osm - WARNING - ssr:stedsnr = 489984 has multiple (2) positions, using the first one!
utility_to_osm - WARNING - ssr:stedsnr = 427083 has multiple (3) positions, using the first one!
utility_to_osm - WARNING - ssr:stedsnr = 427325 has multiple (2) positions, using the first one!
utility_to_osm - WARNING - ssr:stedsnr = 427329 has multiple (2) positions, using the first one!
utility_to_osm - WARNING - ssr:stedsnr = 427402 has multiple (2) positions, using the first one!
utility_to_osm - WARNING - ssr:stedsnr = 427981 has multiple (3) positions, using the first one!
utility_to_osm - WARNING - ssr:stedsnr = 428105 has multiple (2) positions, using the first one!
utility_to_osm - WARNING - ssr:stedsnr = 428164 has multiple (2) positions, using the first one!
utility_to_osm - WARNING - ssr:stedsnr = 428165 has multiple (3) positions, using the first one!
utility_to_osm - WARNING - ssr:stedsnr = 428272 has multiple (2) positions, using the first one!
utility_to_osm - WARNING - ssr:stedsnr = 428419 has multiple (3) positions, using the first one!
utility_to_osm - WARNING - ssr:stedsnr = 428361 has multiple (2) positions, using the first one!
utility_to_osm - WARNING - ssr:stedsnr = 428370 has multiple (2) positions, using the first one!
utility_to_osm - WARNING - ssr:stedsnr = 428374 has multiple (3) positions, using the first one!
utility_to_osm - WARNING - ssr:stedsnr = 428723 has multiple (2) positions, using the first one!
utility_to_osm - WARNING - ssr:stedsnr = 428724 has multiple (3) positions, using the first one!
utility_to_osm - WARNING - ssr:stedsnr = 428762 has multiple (3) positions, using the first one!
utility_to_osm - WARNING - ssr:stedsnr = 428779 has multiple (5) positions, using the first one!
utility_to_osm - WARNING - ssr:stedsnr = 428902 has multiple (3) positions, using the first one!
utility_to_osm - WARNING - ssr:stedsnr = 428906 has multiple (2) positions, using the first one!
utility_to_osm - WARNING - ssr:stedsnr = 429412 has multiple (2) positions, using the first one!
utility_to_osm - WARNING - ssr:stedsnr = 429416 has multiple (4) positions, using the first one!
utility_to_osm - WARNING - ssr:stedsnr = 429426 has multiple (2) positions, using the first one!
utility_to_osm - WARNING - ssr:stedsnr = 429434 has multiple (2) positions, using the first one!
utility_to_osm - WARNING - ssr:stedsnr = 429448 has multiple (3) positions, using the first one!
utility_to_osm - WARNING - ssr:stedsnr = 429911 has multiple (3) positions, using the first one!
utility_to_osm - WARNING - ssr:stedsnr = 670963 has multiple (3) positions, using the first one!
utility_to_osm - WARNING - ssr:stedsnr = 671129 has multiple (2) positions, using the first one!
utility_to_osm - WARNING - ssr:stedsnr = 671130 has multiple (2) positions, using the first one!
utility_to_osm - WARNING - ssr:stedsnr = 671133 has multiple (2) positions, using the first one!
utility_to_osm - WARNING - ssr:stedsnr = 671144 has multiple (2) positions, using the first one!
utility_to_osm - WARNING - ssr:stedsnr = 671295 has multiple (3) positions, using the first one!
utility_to_osm - WARNING - ssr:stedsnr = 671377 has multiple (2) positions, using the first one!
utility_to_osm - WARNING - ssr:stedsnr = 671380 has multiple (3) positions, using the first one!
utility_to_osm - WARNING - ssr:stedsnr = 671386 has multiple (3) positions, using the first one!
utility_to_osm - WARNING - ssr:stedsnr = 671392 has multiple (2) positions, using the first one!
utility_to_osm - WARNING - ssr:stedsnr = 671472 has multiple (3) positions, using the first one!
utility_to_osm - WARNING - ssr:stedsnr = 671476 has multiple (2) positions, using the first one!
utility_to_osm - WARNING - ssr:stedsnr = 671494 has multiple (2) positions, using the first one!
utility_to_osm - WARNING - ssr:stedsnr = 671502 has multiple (2) positions, using the first one!
utility_to_osm - WARNING - ssr:stedsnr = 671884 has multiple (3) positions, using the first one!
utility_to_osm - WARNING - ssr:stedsnr = 671983 has multiple (2) positions, using the first one!
utility_to_osm - WARNING - ssr:stedsnr = 671992 has multiple (2) positions, using the first one!
utility_to_osm - WARNING - ssr:stedsnr = 466080 has multiple (3) positions, using the first one!
utility_to_osm - WARNING - ssr:stedsnr = 488109 has multiple (2) positions, using the first one!
utility_to_osm - WARNING - ssr:stedsnr = 488114 has multiple (3) positions, using the first one!
utility_to_osm - WARNING - ssr:stedsnr = 488297 has multiple (2) positions, using the first one!
utility_to_osm - WARNING - ssr:stedsnr = 488411 has multiple (2) positions, using the first one!
utility_to_osm - WARNING - ssr:stedsnr = 488427 has multiple (3) positions, using the first one!
utility_to_osm - WARNING - ssr:stedsnr = 488192 has multiple (2) positions, using the first one!
utility_to_osm - WARNING - ssr:stedsnr = 488308 has multiple (2) positions, using the first one!
utility_to_osm - WARNING - ssr:stedsnr = 488353 has multiple (2) positions, using the first one!
utility_to_osm - WARNING - ssr:stedsnr = 488357 has multiple (3) positions, using the first one!
utility_to_osm - WARNING - ssr:stedsnr = 488363 has multiple (3) positions, using the first one!
utility_to_osm - WARNING - ssr:stedsnr = 488364 has multiple (2) positions, using the first one!
utility_to_osm - WARNING - ssr:stedsnr = 488396 has multiple (3) positions, using the first one!
utility_to_osm - WARNING - ssr:stedsnr = 488818 has multiple (3) positions, using the first one!
utility_to_osm - WARNING - ssr:stedsnr = 488705 has multiple (5) positions, using the first one!
utility_to_osm - WARNING - ssr:stedsnr = 488716 has multiple (3) positions, using the first one!
utility_to_osm - WARNING - ssr:stedsnr = 488752 has multiple (3) positions, using the first one!
utility_to_osm - WARNING - ssr:stedsnr = 488953 has multiple (3) positions, using the first one!
utility_to_osm - WARNING - ssr:stedsnr = 489140 has multiple (2) positions, using the first one!
utility_to_osm - WARNING - ssr:stedsnr = 489142 has multiple (3) positions, using the first one!
utility_to_osm - WARNING - ssr:stedsnr = 488895 has multiple (3) positions, using the first one!
utility_to_osm - WARNING - ssr:stedsnr = 489502 has multiple (2) positions, using the first one!
utility_to_osm - WARNING - ssr:stedsnr = 489506 has multiple (3) positions, using the first one!
utility_to_osm - WARNING - ssr:stedsnr = 489414 has multiple (2) positions, using the first one!
utility_to_osm - WARNING - ssr:stedsnr = 489441 has multiple (2) positions, using the first one!
utility_to_osm - WARNING - ssr:stedsnr = 489445 has multiple (2) positions, using the first one!
utility_to_osm - WARNING - ssr:stedsnr = 489449 has multiple (2) positions, using the first one!
utility_to_osm - WARNING - ssr:stedsnr = 489450 has multiple (2) positions, using the first one!
utility_to_osm - WARNING - ssr:stedsnr = 489495 has multiple (3) positions, using the first one!
utility_to_osm - WARNING - ssr:stedsnr = 489905 has multiple (3) positions, using the first one!
utility_to_osm - WARNING - ssr:stedsnr = 489997 has multiple (3) positions, using the first one!
utility_to_osm - WARNING - ssr:stedsnr = 529526 has multiple (2) positions, using the first one!
utility_to_osm - WARNING - ssr:stedsnr = 548277 has multiple (2) positions, using the first one!
utility_to_osm - WARNING - ssr:stedsnr = 548329 has multiple (3) positions, using the first one!
utility_to_osm - WARNING - ssr:stedsnr = 548905 has multiple (3) positions, using the first one!
utility_to_osm - WARNING - ssr:stedsnr = 549151 has multiple (2) positions, using the first one!
utility_to_osm - WARNING - ssr:stedsnr = 549155 has multiple (2) positions, using the first one!
utility_to_osm - WARNING - ssr:stedsnr = 549160 has multiple (2) positions, using the first one!
utility_to_osm - WARNING - ssr:stedsnr = 549165 has multiple (2) positions, using the first one!
utility_to_osm - WARNING - ssr:stedsnr = 549168 has multiple (2) positions, using the first one!
utility_to_osm - WARNING - ssr:stedsnr = 549169 has multiple (3) positions, using the first one!
utility_to_osm - WARNING - ssr:stedsnr = 549170 has multiple (3) positions, using the first one!
utility_to_osm - WARNING - ssr:stedsnr = 549205 has multiple (10) positions, using the first one!
utility_to_osm - WARNING - ssr:stedsnr = 549212 has multiple (2) positions, using the first one!
utility_to_osm - WARNING - ssr:stedsnr = 549214 has multiple (3) positions, using the first one!
utility_to_osm - WARNING - ssr:stedsnr = 549217 has multiple (2) positions, using the first one!
utility_to_osm - WARNING - ssr:stedsnr = 549401 has multiple (2) positions, using the first one!
utility_to_osm - WARNING - ssr:stedsnr = 549249 has multiple (2) positions, using the first one!
utility_to_osm - WARNING - ssr:stedsnr = 549250 has multiple (2) positions, using the first one!
utility_to_osm - WARNING - ssr:stedsnr = 549402 has multiple (7) positions, using the first one!
utility_to_osm - WARNING - ssr:stedsnr = 549408 has multiple (4) positions, using the first one!
utility_to_osm - WARNING - ssr:stedsnr = 549412 has multiple (3) positions, using the first one!
utility_to_osm - WARNING - ssr:stedsnr = 549448 has multiple (2) positions, using the first one!
utility_to_osm - WARNING - ssr:stedsnr = 549456 has multiple (2) positions, using the first one!
utility_to_osm - WARNING - ssr:stedsnr = 549457 has multiple (3) positions, using the first one!
utility_to_osm - WARNING - ssr:stedsnr = 549459 has multiple (2) positions, using the first one!
utility_to_osm - WARNING - ssr:stedsnr = 549460 has multiple (2) positions, using the first one!
utility_to_osm - WARNING - ssr:stedsnr = 549462 has multiple (2) positions, using the first one!
utility_to_osm - WARNING - ssr:stedsnr = 549707 has multiple (2) positions, using the first one!
utility_to_osm - WARNING - ssr:stedsnr = 549958 has multiple (3) positions, using the first one!
utility_to_osm - WARNING - ssr:stedsnr = 549852 has multiple (4) positions, using the first one!
utility_to_osm - WARNING - ssr:stedsnr = 550443 has multiple (2) positions, using the first one!
utility_to_osm - WARNING - ssr:stedsnr = 550445 has multiple (2) positions, using the first one!
utility_to_osm - WARNING - ssr:stedsnr = 589805 has multiple (2) positions, using the first one!
utility_to_osm - WARNING - ssr:stedsnr = 609086 has multiple (3) positions, using the first one!
utility_to_osm - WARNING - ssr:stedsnr = 609094 has multiple (2) positions, using the first one!
utility_to_osm - WARNING - ssr:stedsnr = 609095 has multiple (2) positions, using the first one!
utility_to_osm - WARNING - ssr:stedsnr = 609202 has multiple (3) positions, using the first one!
utility_to_osm - WARNING - ssr:stedsnr = 609208 has multiple (2) positions, using the first one!
utility_to_osm - WARNING - ssr:stedsnr = 609217 has multiple (2) positions, using the first one!
utility_to_osm - WARNING - ssr:stedsnr = 609194 has multiple (2) positions, using the first one!
utility_to_osm - WARNING - ssr:stedsnr = 609302 has multiple (3) positions, using the first one!
utility_to_osm - WARNING - ssr:stedsnr = 609285 has multiple (3) positions, using the first one!
utility_to_osm - WARNING - ssr:stedsnr = 609299 has multiple (3) positions, using the first one!
utility_to_osm - WARNING - ssr:stedsnr = 609300 has multiple (3) positions, using the first one!
utility_to_osm - WARNING - ssr:stedsnr = 609391 has multiple (2) positions, using the first one!
utility_to_osm - WARNING - ssr:stedsnr = 609393 has multiple (7) positions, using the first one!
utility_to_osm - WARNING - ssr:stedsnr = 609466 has multiple (3) positions, using the first one!
utility_to_osm - WARNING - ssr:stedsnr = 609784 has multiple (3) positions, using the first one!
utility_to_osm - WARNING - ssr:stedsnr = 609917 has multiple (3) positions, using the first one!
utility_to_osm - WARNING - ssr:stedsnr = 609939 has multiple (3) positions, using the first one!
utility_to_osm - WARNING - ssr:stedsnr = 609803 has multiple (4) positions, using the first one!
utility_to_osm - WARNING - ssr:stedsnr = 609810 has multiple (4) positions, using the first one!
utility_to_osm - WARNING - ssr:stedsnr = 609815 has multiple (3) positions, using the first one!
utility_to_osm - WARNING - ssr:stedsnr = 609816 has multiple (4) positions, using the first one!
utility_to_osm - WARNING - ssr:stedsnr = 610009 has multiple (2) positions, using the first one!
utility_to_osm - WARNING - ssr:stedsnr = 610130 has multiple (3) positions, using the first one!
utility_to_osm - WARNING - ssr:stedsnr = 610180 has multiple (3) positions, using the first one!
utility_to_osm - WARNING - ssr:stedsnr = 610411 has multiple (2) positions, using the first one!
utility_to_osm - WARNING - ssr:stedsnr = 610413 has multiple (2) positions, using the first one!
utility_to_osm - WARNING - ssr:stedsnr = 610477 has multiple (5) positions, using the first one!
utility_to_osm - WARNING - ssr:stedsnr = 610526 has multiple (3) positions, using the first one!
utility_to_osm - WARNING - ssr:stedsnr = 610533 has multiple (2) positions, using the first one!
utility_to_osm - WARNING - ssr:stedsnr = 610726 has multiple (2) positions, using the first one!
utility_to_osm - WARNING - ssr:stedsnr = 670013 has multiple (3) positions, using the first one!
utility_to_osm - WARNING - ssr:stedsnr = 670084 has multiple (4) positions, using the first one!
utility_to_osm - WARNING - ssr:stedsnr = 670089 has multiple (2) positions, using the first one!
utility_to_osm - WARNING - ssr:stedsnr = 670211 has multiple (2) positions, using the first one!
utility_to_osm - WARNING - ssr:stedsnr = 670222 has multiple (2) positions, using the first one!
utility_to_osm - WARNING - ssr:stedsnr = 670294 has multiple (4) positions, using the first one!
utility_to_osm - WARNING - ssr:stedsnr = 670177 has multiple (3) positions, using the first one!
utility_to_osm - WARNING - ssr:stedsnr = 670374 has multiple (2) positions, using the first one!
utility_to_osm - WARNING - ssr:stedsnr = 670385 has multiple (2) positions, using the first one!
utility_to_osm - WARNING - ssr:stedsnr = 670390 has multiple (3) positions, using the first one!
utility_to_osm - WARNING - ssr:stedsnr = 670401 has multiple (2) positions, using the first one!
utility_to_osm - WARNING - ssr:stedsnr = 670421 has multiple (3) positions, using the first one!
utility_to_osm - WARNING - ssr:stedsnr = 670422 has multiple (2) positions, using the first one!
utility_to_osm - WARNING - ssr:stedsnr = 670708 has multiple (3) positions, using the first one!
utility_to_osm - WARNING - ssr:stedsnr = 670710 has multiple (3) positions, using the first one!
utility_to_osm - WARNING - ssr:stedsnr = 670714 has multiple (3) positions, using the first one!
utility_to_osm - WARNING - ssr:stedsnr = 670716 has multiple (3) positions, using the first one!
utility_to_osm - WARNING - ssr:stedsnr = 670723 has multiple (3) positions, using the first one!
utility_to_osm - WARNING - ssr:stedsnr = 670773 has multiple (4) positions, using the first one!
utility_to_osm - WARNING - ssr:stedsnr = 670745 has multiple (3) positions, using the first one!
utility_to_osm - WARNING - ssr:stedsnr = 670978 has multiple (3) positions, using the first one!
utility_to_osm - WARNING - ssr:stedsnr = 671103 has multiple (3) positions, using the first one!
utility_to_osm - WARNING - ssr:stedsnr = 671404 has multiple (2) positions, using the first one!
utility_to_osm - WARNING - ssr:stedsnr = 671408 has multiple (3) positions, using the first one!
utility_to_osm - WARNING - ssr:stedsnr = 671416 has multiple (4) positions, using the first one!
utility_to_osm - WARNING - ssr:stedsnr = 671417 has multiple (2) positions, using the first one!
utility_to_osm - WARNING - ssr:stedsnr = 671437 has multiple (2) positions, using the first one!
utility_to_osm - WARNING - ssr:stedsnr = 671446 has multiple (3) positions, using the first one!
utility_to_osm - WARNING - ssr:stedsnr = 671466 has multiple (3) positions, using the first one!
utility_to_osm - WARNING - ssr:stedsnr = 671906 has multiple (2) positions, using the first one!
utility_to_osm - WARNING - ssr:stedsnr = 893987 has multiple (2) positions, using the first one!
utility_to_osm - WARNING - ssr:stedsnr = 690391 has multiple (3) positions, using the first one!
utility_to_osm - WARNING - ssr:stedsnr = 894785 has multiple (2) positions, using the first one!
utility_to_osm - WARNING - ssr:stedsnr = 896385 has multiple (2) positions, using the first one!
utility_to_osm - WARNING - ssr:stedsnr = 712946 has multiple (2) positions, using the first one!
utility_to_osm - WARNING - ssr:stedsnr = 726089 has multiple (2) positions, using the first one!
utility_to_osm - WARNING - ssr:stedsnr = 730064 has multiple (3) positions, using the first one!
utility_to_osm - WARNING - ssr:stedsnr = 731077 has multiple (2) positions, using the first one!
utility_to_osm - WARNING - ssr:stedsnr = 731079 has multiple (2) positions, using the first one!
utility_to_osm - WARNING - ssr:stedsnr = 731080 has multiple (2) positions, using the first one!
utility_to_osm - WARNING - ssr:stedsnr = 731207 has multiple (3) positions, using the first one!
utility_to_osm - WARNING - ssr:stedsnr = 731220 has multiple (3) positions, using the first one!
utility_to_osm - WARNING - ssr:stedsnr = 731225 has multiple (2) positions, using the first one!
utility_to_osm - WARNING - ssr:stedsnr = 731285 has multiple (2) positions, using the first one!
utility_to_osm - WARNING - ssr:stedsnr = 731170 has multiple (2) positions, using the first one!
utility_to_osm - WARNING - ssr:stedsnr = 731173 has multiple (3) positions, using the first one!
utility_to_osm - WARNING - ssr:stedsnr = 731387 has multiple (3) positions, using the first one!
utility_to_osm - WARNING - ssr:stedsnr = 731401 has multiple (3) positions, using the first one!
utility_to_osm - WARNING - ssr:stedsnr = 731704 has multiple (2) positions, using the first one!
utility_to_osm - WARNING - ssr:stedsnr = 731713 has multiple (3) positions, using the first one!
utility_to_osm - WARNING - ssr:stedsnr = 731722 has multiple (3) positions, using the first one!
utility_to_osm - WARNING - ssr:stedsnr = 731855 has multiple (2) positions, using the first one!
utility_to_osm - WARNING - ssr:stedsnr = 731870 has multiple (3) positions, using the first one!
utility_to_osm - WARNING - ssr:stedsnr = 731873 has multiple (3) positions, using the first one!
utility_to_osm - WARNING - ssr:stedsnr = 731954 has multiple (3) positions, using the first one!
utility_to_osm - WARNING - ssr:stedsnr = 731955 has multiple (2) positions, using the first one!
utility_to_osm - WARNING - ssr:stedsnr = 731966 has multiple (3) positions, using the first one!
utility_to_osm - WARNING - ssr:stedsnr = 732409 has multiple (4) positions, using the first one!
utility_to_osm - WARNING - ssr:stedsnr = 732503 has multiple (3) positions, using the first one!
utility_to_osm - WARNING - ssr:stedsnr = 732497 has multiple (2) positions, using the first one!
utility_to_osm - WARNING - ssr:stedsnr = 791355 has multiple (2) positions, using the first one!
utility_to_osm - WARNING - ssr:stedsnr = 791041 has multiple (7) positions, using the first one!
utility_to_osm - WARNING - ssr:stedsnr = 791042 has multiple (4) positions, using the first one!
utility_to_osm - WARNING - ssr:stedsnr = 791096 has multiple (3) positions, using the first one!
utility_to_osm - WARNING - ssr:stedsnr = 791295 has multiple (3) positions, using the first one!
utility_to_osm - WARNING - ssr:stedsnr = 791889 has multiple (3) positions, using the first one!
utility_to_osm - WARNING - ssr:stedsnr = 791897 has multiple (3) positions, using the first one!
utility_to_osm - WARNING - ssr:stedsnr = 792005 has multiple (3) positions, using the first one!
utility_to_osm - WARNING - ssr:stedsnr = 792035 has multiple (3) positions, using the first one!
utility_to_osm - WARNING - ssr:stedsnr = 791903 has multiple (3) positions, using the first one!
utility_to_osm - WARNING - ssr:stedsnr = 791915 has multiple (2) positions, using the first one!
utility_to_osm - WARNING - ssr:stedsnr = 792207 has multiple (3) positions, using the first one!
utility_to_osm - WARNING - ssr:stedsnr = 792239 has multiple (2) positions, using the first one!
utility_to_osm - WARNING - ssr:stedsnr = 792284 has multiple (3) positions, using the first one!
utility_to_osm - WARNING - ssr:stedsnr = 792429 has multiple (3) positions, using the first one!
utility_to_osm - WARNING - ssr:stedsnr = 792436 has multiple (3) positions, using the first one!
utility_to_osm - WARNING - ssr:stedsnr = 792418 has multiple (3) positions, using the first one!
utility_to_osm - WARNING - ssr:stedsnr = 792388 has multiple (2) positions, using the first one!
utility_to_osm - WARNING - ssr:stedsnr = 792398 has multiple (3) positions, using the first one!
utility_to_osm - WARNING - ssr:stedsnr = 792481 has multiple (2) positions, using the first one!
utility_to_osm - WARNING - ssr:stedsnr = 792486 has multiple (2) positions, using the first one!
utility_to_osm - WARNING - ssr:stedsnr = 792488 has multiple (3) positions, using the first one!
utility_to_osm - WARNING - ssr:stedsnr = 792489 has multiple (2) positions, using the first one!
utility_to_osm - WARNING - ssr:stedsnr = 792690 has multiple (4) positions, using the first one!
utility_to_osm - WARNING - ssr:stedsnr = 792803 has multiple (3) positions, using the first one!
utility_to_osm - WARNING - ssr:stedsnr = 792811 has multiple (2) positions, using the first one!
utility_to_osm - WARNING - ssr:stedsnr = 792713 has multiple (5) positions, using the first one!
utility_to_osm - WARNING - ssr:stedsnr = 792735 has multiple (3) positions, using the first one!
utility_to_osm - WARNING - ssr:stedsnr = 913688 has multiple (2) positions, using the first one!
utility_to_osm - WARNING - ssr:stedsnr = 913034 has multiple (3) positions, using the first one!
utility_to_osm - WARNING - ssr:stedsnr = 913036 has multiple (3) positions, using the first one!
utility_to_osm - WARNING - ssr:stedsnr = 913037 has multiple (3) positions, using the first one!
utility_to_osm - WARNING - ssr:stedsnr = 913202 has multiple (2) positions, using the first one!
utility_to_osm - WARNING - ssr:stedsnr = 913068 has multiple (3) positions, using the first one!
utility_to_osm - WARNING - ssr:stedsnr = 913070 has multiple (2) positions, using the first one!
utility_to_osm - WARNING - ssr:stedsnr = 913139 has multiple (2) positions, using the first one!
utility_to_osm - WARNING - ssr:stedsnr = 913166 has multiple (2) positions, using the first one!
utility_to_osm - WARNING - ssr:stedsnr = 913182 has multiple (2) positions, using the first one!
utility_to_osm - WARNING - ssr:stedsnr = 913250 has multiple (4) positions, using the first one!
utility_to_osm - WARNING - ssr:stedsnr = 913252 has multiple (2) positions, using the first one!
utility_to_osm - WARNING - ssr:stedsnr = 913278 has multiple (2) positions, using the first one!
utility_to_osm - WARNING - ssr:stedsnr = 913349 has multiple (2) positions, using the first one!
utility_to_osm - WARNING - ssr:stedsnr = 913330 has multiple (2) positions, using the first one!
utility_to_osm - WARNING - ssr:stedsnr = 913414 has multiple (2) positions, using the first one!
utility_to_osm - WARNING - ssr:stedsnr = 913468 has multiple (2) positions, using the first one!
utility_to_osm - WARNING - ssr:stedsnr = 914423 has multiple (3) positions, using the first one!
utility_to_osm - WARNING - ssr:stedsnr = 914498 has multiple (3) positions, using the first one!
utility_to_osm - WARNING - ssr:stedsnr = 913675 has multiple (5) positions, using the first one!
utility_to_osm - WARNING - ssr:stedsnr = 913745 has multiple (3) positions, using the first one!
utility_to_osm - WARNING - ssr:stedsnr = 913748 has multiple (3) positions, using the first one!
utility_to_osm - WARNING - ssr:stedsnr = 913755 has multiple (2) positions, using the first one!
utility_to_osm - WARNING - ssr:stedsnr = 913773 has multiple (2) positions, using the first one!
utility_to_osm - WARNING - ssr:stedsnr = 913721 has multiple (2) positions, using the first one!
utility_to_osm - WARNING - ssr:stedsnr = 913725 has multiple (4) positions, using the first one!
utility_to_osm - WARNING - ssr:stedsnr = 913917 has multiple (3) positions, using the first one!
utility_to_osm - WARNING - ssr:stedsnr = 913923 has multiple (3) positions, using the first one!
utility_to_osm - WARNING - ssr:stedsnr = 913872 has multiple (3) positions, using the first one!
utility_to_osm - WARNING - ssr:stedsnr = 913962 has multiple (3) positions, using the first one!
utility_to_osm - WARNING - ssr:stedsnr = 914120 has multiple (2) positions, using the first one!
utility_to_osm - WARNING - ssr:stedsnr = 914152 has multiple (2) positions, using the first one!
utility_to_osm - WARNING - ssr:stedsnr = 914454 has multiple (2) positions, using the first one!
utility_to_osm - WARNING - ssr:stedsnr = 914463 has multiple (2) positions, using the first one!
utility_to_osm - WARNING - ssr:stedsnr = 914472 has multiple (2) positions, using the first one!
utility_to_osm - WARNING - ssr:stedsnr = 914521 has multiple (2) positions, using the first one!
utility_to_osm - WARNING - ssr:stedsnr = 914883 has multiple (2) positions, using the first one!
utility_to_osm - WARNING - ssr:stedsnr = 914899 has multiple (3) positions, using the first one!
utility_to_osm - WARNING - ssr:stedsnr = 914980 has multiple (2) positions, using the first one!
utility_to_osm - WARNING - ssr:stedsnr = 833831 has multiple (2) positions, using the first one!
utility_to_osm - WARNING - ssr:stedsnr = 852304 has multiple (2) positions, using the first one!
utility_to_osm - WARNING - ssr:stedsnr = 852064 has multiple (3) positions, using the first one!
utility_to_osm - WARNING - ssr:stedsnr = 852377 has multiple (3) positions, using the first one!
utility_to_osm - WARNING - ssr:stedsnr = 852909 has multiple (2) positions, using the first one!
utility_to_osm - WARNING - ssr:stedsnr = 852912 has multiple (4) positions, using the first one!
utility_to_osm - WARNING - ssr:stedsnr = 852922 has multiple (3) positions, using the first one!
utility_to_osm - WARNING - ssr:stedsnr = 852960 has multiple (4) positions, using the first one!
utility_to_osm - WARNING - ssr:stedsnr = 852865 has multiple (3) positions, using the first one!
utility_to_osm - WARNING - ssr:stedsnr = 852868 has multiple (3) positions, using the first one!
utility_to_osm - WARNING - ssr:stedsnr = 853005 has multiple (2) positions, using the first one!
utility_to_osm - WARNING - ssr:stedsnr = 853009 has multiple (3) positions, using the first one!
utility_to_osm - WARNING - ssr:stedsnr = 853113 has multiple (2) positions, using the first one!
utility_to_osm - WARNING - ssr:stedsnr = 853164 has multiple (3) positions, using the first one!
utility_to_osm - WARNING - ssr:stedsnr = 853174 has multiple (2) positions, using the first one!
utility_to_osm - WARNING - ssr:stedsnr = 853326 has multiple (4) positions, using the first one!
utility_to_osm - WARNING - ssr:stedsnr = 853212 has multiple (2) positions, using the first one!
utility_to_osm - WARNING - ssr:stedsnr = 853254 has multiple (3) positions, using the first one!
utility_to_osm - WARNING - ssr:stedsnr = 853268 has multiple (2) positions, using the first one!
utility_to_osm - WARNING - ssr:stedsnr = 853280 has multiple (3) positions, using the first one!
utility_to_osm - WARNING - ssr:stedsnr = 853405 has multiple (3) positions, using the first one!
utility_to_osm - WARNING - ssr:stedsnr = 853423 has multiple (2) positions, using the first one!
utility_to_osm - WARNING - ssr:stedsnr = 853705 has multiple (2) positions, using the first one!
utility_to_osm - WARNING - ssr:stedsnr = 853714 has multiple (3) positions, using the first one!
utility_to_osm - WARNING - ssr:stedsnr = 853737 has multiple (3) positions, using the first one!
utility_to_osm - WARNING - ssr:stedsnr = 853617 has multiple (2) positions, using the first one!
utility_to_osm - WARNING - ssr:stedsnr = 853821 has multiple (3) positions, using the first one!
utility_to_osm - WARNING - ssr:stedsnr = 853754 has multiple (7) positions, using the first one!
utility_to_osm - WARNING - ssr:stedsnr = 853755 has multiple (4) positions, using the first one!
utility_to_osm - WARNING - ssr:stedsnr = 853800 has multiple (9) positions, using the first one!
utility_to_osm - WARNING - ssr:stedsnr = 853907 has multiple (3) positions, using the first one!
utility_to_osm - WARNING - ssr:stedsnr = 853908 has multiple (4) positions, using the first one!
utility_to_osm - WARNING - ssr:stedsnr = 853960 has multiple (3) positions, using the first one!
utility_to_osm - WARNING - ssr:stedsnr = 853855 has multiple (4) positions, using the first one!
utility_to_osm - WARNING - ssr:stedsnr = 853900 has multiple (2) positions, using the first one!
utility_to_osm - WARNING - ssr:stedsnr = 854444 has multiple (2) positions, using the first one!
utility_to_osm - WARNING - ssr:stedsnr = 913157 has multiple (2) positions, using the first one!
utility_to_osm - WARNING - ssr:stedsnr = 913088 has multiple (2) positions, using the first one!
utility_to_osm - WARNING - ssr:stedsnr = 913094 has multiple (2) positions, using the first one!
utility_to_osm - WARNING - ssr:stedsnr = 913203 has multiple (3) positions, using the first one!
utility_to_osm - WARNING - ssr:stedsnr = 913214 has multiple (5) positions, using the first one!
utility_to_osm - WARNING - ssr:stedsnr = 913247 has multiple (2) positions, using the first one!
utility_to_osm - WARNING - ssr:stedsnr = 913284 has multiple (3) positions, using the first one!
utility_to_osm - WARNING - ssr:stedsnr = 913390 has multiple (4) positions, using the first one!
utility_to_osm - WARNING - ssr:stedsnr = 913397 has multiple (2) positions, using the first one!
utility_to_osm - WARNING - ssr:stedsnr = 913707 has multiple (3) positions, using the first one!
utility_to_osm - WARNING - ssr:stedsnr = 913734 has multiple (2) positions, using the first one!
utility_to_osm - WARNING - ssr:stedsnr = 913738 has multiple (3) positions, using the first one!
utility_to_osm - WARNING - ssr:stedsnr = 913783 has multiple (3) positions, using the first one!
utility_to_osm - WARNING - ssr:stedsnr = 913930 has multiple (4) positions, using the first one!
utility_to_osm - WARNING - ssr:stedsnr = 913933 has multiple (3) positions, using the first one!
utility_to_osm - WARNING - ssr:stedsnr = 913940 has multiple (3) positions, using the first one!
utility_to_osm - WARNING - ssr:stedsnr = 913808 has multiple (3) positions, using the first one!
utility_to_osm - WARNING - ssr:stedsnr = 913809 has multiple (4) positions, using the first one!
utility_to_osm - WARNING - ssr:stedsnr = 913835 has multiple (2) positions, using the first one!
utility_to_osm - WARNING - ssr:stedsnr = 913837 has multiple (3) positions, using the first one!
utility_to_osm - WARNING - ssr:stedsnr = 914006 has multiple (3) positions, using the first one!
utility_to_osm - WARNING - ssr:stedsnr = 913990 has multiple (3) positions, using the first one!
utility_to_osm - WARNING - ssr:stedsnr = 914125 has multiple (2) positions, using the first one!
utility_to_osm - WARNING - ssr:stedsnr = 914126 has multiple (3) positions, using the first one!
utility_to_osm - WARNING - ssr:stedsnr = 914376 has multiple (2) positions, using the first one!
utility_to_osm - WARNING - ssr:stedsnr = 914513 has multiple (2) positions, using the first one!
utility_to_osm - WARNING - ssr:stedsnr = 914517 has multiple (2) positions, using the first one!
utility_to_osm - WARNING - ssr:stedsnr = 914485 has multiple (3) positions, using the first one!
utility_to_osm - WARNING - ssr:stedsnr = 953223 has multiple (2) positions, using the first one!
utility_to_osm - WARNING - ssr:stedsnr = 957344 has multiple (2) positions, using the first one!
utility_to_osm - WARNING - ssr:stedsnr = 967684: No priority spelling found for lang = no, using alt_name to get "[('no', 'Skitnebubekken')]"
utility_to_osm - WARNING - ssr:stedsnr = 971505: No priority spelling found for lang = no, using alt_name to get "[('no', 'Skrim og Sauheradfjella naturreservat')]"
utility_to_osm - ERROR - ssr:stedsnr = 976842. No positions found, skipping
utility_to_osm - ERROR - ssr:stedsnr = 976759. No positions found, skipping
utility_to_osm - ERROR - ssr:stedsnr = 976761. No positions found, skipping
utility_to_osm - ERROR - ssr:stedsnr = 976768. No positions found, skipping
utility_to_osm - ERROR - ssr:stedsnr = 976769. No positions found, skipping
utility_to_osm - ERROR - ssr:stedsnr = 976772. No positions found, skipping
utility_to_osm - ERROR - ssr:stedsnr = 976777. No positions found, skipping
utility_to_osm - ERROR - ssr:stedsnr = 976784. No positions found, skipping
utility_to_osm - WARNING - ssr:stedsnr = 3270 has multiple (2) positions, using the first one!
utility_to_osm - WARNING - ssr:stedsnr = 3276 has multiple (2) positions, using the first one!
utility_to_osm - WARNING - ssr:stedsnr = 3281 has multiple (3) positions, using the first one!
utility_to_osm - WARNING - ssr:stedsnr = 2048 has multiple (3) positions, using the first one!
utility_to_osm - WARNING - ssr:stedsnr = 2063 has multiple (5) positions, using the first one!
utility_to_osm - WARNING - ssr:stedsnr = 3055 has multiple (2) positions, using the first one!
utility_to_osm - WARNING - ssr:stedsnr = 3130 has multiple (3) positions, using the first one!
utility_to_osm - WARNING - ssr:stedsnr = 3131 has multiple (3) positions, using the first one!
utility_to_osm - WARNING - ssr:stedsnr = 3145 has multiple (2) positions, using the first one!
utility_to_osm - WARNING - ssr:stedsnr = 3094 has multiple (2) positions, using the first one!
utility_to_osm - WARNING - ssr:stedsnr = 3098 has multiple (3) positions, using the first one!
utility_to_osm - WARNING - ssr:stedsnr = 3099 has multiple (2) positions, using the first one!
utility_to_osm - WARNING - ssr:stedsnr = 3153 has multiple (2) positions, using the first one!
utility_to_osm - WARNING - ssr:stedsnr = 3163 has multiple (2) positions, using the first one!
utility_to_osm - WARNING - ssr:stedsnr = 3193 has multiple (2) positions, using the first one!
utility_to_osm - WARNING - ssr:stedsnr = 3207 has multiple (2) positions, using the first one!
utility_to_osm - WARNING - ssr:stedsnr = 3240 has multiple (2) positions, using the first one!
utility_to_osm - WARNING - ssr:stedsnr = 3111 has multiple (2) positions, using the first one!
utility_to_osm - WARNING - ssr:stedsnr = 3118 has multiple (2) positions, using the first one!
utility_to_osm - WARNING - ssr:stedsnr = 3443 has multiple (2) positions, using the first one!
utility_to_osm - WARNING - ssr:stedsnr = 3445 has multiple (2) positions, using the first one!
utility_to_osm - WARNING - ssr:stedsnr = 3760 has multiple (3) positions, using the first one!
utility_to_osm - WARNING - ssr:stedsnr = 3832 has multiple (2) positions, using the first one!
utility_to_osm - WARNING - ssr:stedsnr = 3835 has multiple (4) positions, using the first one!
utility_to_osm - WARNING - ssr:stedsnr = 3265 has multiple (2) positions, using the first one!
utility_to_osm - WARNING - ssr:stedsnr = 3332 has multiple (2) positions, using the first one!
utility_to_osm - WARNING - ssr:stedsnr = 3337 has multiple (2) positions, using the first one!
utility_to_osm - WARNING - ssr:stedsnr = 3349 has multiple (2) positions, using the first one!
utility_to_osm - WARNING - ssr:stedsnr = 3360 has multiple (2) positions, using the first one!
utility_to_osm - WARNING - ssr:stedsnr = 3891 has multiple (3) positions, using the first one!
utility_to_osm - WARNING - ssr:stedsnr = 3892: No priority spelling found for lang = no, using alt_name to get "[('no', 'Rundevatnet')]"
utility_to_osm - WARNING - ssr:stedsnr = 3892 has multiple (3) positions, using the first one!
utility_to_osm - WARNING - ssr:stedsnr = 3898 has multiple (2) positions, using the first one!
utility_to_osm - WARNING - ssr:stedsnr = 3902 has multiple (4) positions, using the first one!
utility_to_osm - WARNING - ssr:stedsnr = 3906 has multiple (4) positions, using the first one!
utility_to_osm - WARNING - ssr:stedsnr = 3303 has multiple (4) positions, using the first one!
utility_to_osm - WARNING - ssr:stedsnr = 3585 has multiple (2) positions, using the first one!
utility_to_osm - WARNING - ssr:stedsnr = 3944 has multiple (2) positions, using the first one!
utility_to_osm - WARNING - ssr:stedsnr = 3957 has multiple (3) positions, using the first one!
utility_to_osm - WARNING - ssr:stedsnr = 3850 has multiple (3) positions, using the first one!
utility_to_osm - WARNING - ssr:stedsnr = 3866 has multiple (3) positions, using the first one!
utility_to_osm - WARNING - ssr:stedsnr = 4386 has multiple (3) positions, using the first one!
utility_to_osm - WARNING - ssr:stedsnr = 4439 has multiple (2) positions, using the first one!
utility_to_osm - WARNING - ssr:stedsnr = 4446 has multiple (3) positions, using the first one!
utility_to_osm - WARNING - ssr:stedsnr = 4448 has multiple (2) positions, using the first one!
utility_to_osm - WARNING - ssr:stedsnr = 4878 has multiple (2) positions, using the first one!
utility_to_osm - WARNING - ssr:stedsnr = 4991 has multiple (2) positions, using the first one!
utility_to_osm - WARNING - ssr:stedsnr = 44216 has multiple (2) positions, using the first one!
utility_to_osm - WARNING - ssr:stedsnr = 44548 has multiple (2) positions, using the first one!
utility_to_osm - ERROR - ssr:stedsnr = 45079: Adding multiple names to name tag, this is not OK! name = "Gobakkane;Godbakkane"
utility_to_osm - WARNING - ssr:stedsnr = 59463 has multiple (3) positions, using the first one!
utility_to_osm - WARNING - ssr:stedsnr = 64337 has multiple (2) positions, using the first one!
utility_to_osm - WARNING - ssr:stedsnr = 64476 has multiple (2) positions, using the first one!
utility_to_osm - WARNING - ssr:stedsnr = 64488 has multiple (2) positions, using the first one!
utility_to_osm - WARNING - ssr:stedsnr = 63088 has multiple (3) positions, using the first one!
utility_to_osm - WARNING - ssr:stedsnr = 63095 has multiple (4) positions, using the first one!
utility_to_osm - WARNING - ssr:stedsnr = 63145 has multiple (3) positions, using the first one!
utility_to_osm - WARNING - ssr:stedsnr = 63147 has multiple (2) positions, using the first one!
utility_to_osm - WARNING - ssr:stedsnr = 63261 has multiple (2) positions, using the first one!
utility_to_osm - WARNING - ssr:stedsnr = 63458 has multiple (2) positions, using the first one!
utility_to_osm - WARNING - ssr:stedsnr = 63293 has multiple (2) positions, using the first one!
utility_to_osm - WARNING - ssr:stedsnr = 63398 has multiple (3) positions, using the first one!
utility_to_osm - WARNING - ssr:stedsnr = 63399 has multiple (2) positions, using the first one!
utility_to_osm - WARNING - ssr:stedsnr = 63848 has multiple (2) positions, using the first one!
utility_to_osm - WARNING - ssr:stedsnr = 64176 has multiple (4) positions, using the first one!
utility_to_osm - WARNING - ssr:stedsnr = 64181 has multiple (2) positions, using the first one!
utility_to_osm - WARNING - ssr:stedsnr = 64091 has multiple (2) positions, using the first one!
utility_to_osm - WARNING - ssr:stedsnr = 64092 has multiple (4) positions, using the first one!
utility_to_osm - WARNING - ssr:stedsnr = 64093 has multiple (3) positions, using the first one!
utility_to_osm - WARNING - ssr:stedsnr = 64249 has multiple (2) positions, using the first one!
utility_to_osm - WARNING - ssr:stedsnr = 63875 has multiple (2) positions, using the first one!
utility_to_osm - WARNING - ssr:stedsnr = 63899 has multiple (4) positions, using the first one!
utility_to_osm - WARNING - ssr:stedsnr = 63928: No priority spelling found for lang = no, using alt_name to get "[('no', 'vre Muttjnn')]"
utility_to_osm - WARNING - ssr:stedsnr = 63969 has multiple (3) positions, using the first one!
utility_to_osm - WARNING - ssr:stedsnr = 64003 has multiple (2) positions, using the first one!
utility_to_osm - WARNING - ssr:stedsnr = 64007 has multiple (5) positions, using the first one!
utility_to_osm - WARNING - ssr:stedsnr = 64197 has multiple (3) positions, using the first one!
utility_to_osm - WARNING - ssr:stedsnr = 64199 has multiple (3) positions, using the first one!
utility_to_osm - WARNING - ssr:stedsnr = 64390 has multiple (2) positions, using the first one!
utility_to_osm - WARNING - ssr:stedsnr = 64397 has multiple (2) positions, using the first one!
utility_to_osm - WARNING - ssr:stedsnr = 64730 has multiple (3) positions, using the first one!
utility_to_osm - WARNING - ssr:stedsnr = 64732 has multiple (2) positions, using the first one!
utility_to_osm - WARNING - ssr:stedsnr = 64738 has multiple (4) positions, using the first one!
utility_to_osm - WARNING - ssr:stedsnr = 64742 has multiple (3) positions, using the first one!
utility_to_osm - WARNING - ssr:stedsnr = 64746 has multiple (3) positions, using the first one!
utility_to_osm - WARNING - ssr:stedsnr = 64784 has multiple (4) positions, using the first one!
utility_to_osm - WARNING - ssr:stedsnr = 64795 has multiple (2) positions, using the first one!
utility_to_osm - WARNING - ssr:stedsnr = 65369 has multiple (3) positions, using the first one!
utility_to_osm - WARNING - ssr:stedsnr = 65418 has multiple (3) positions, using the first one!
utility_to_osm - WARNING - ssr:stedsnr = 104100 has multiple (2) positions, using the first one!
utility_to_osm - WARNING - ssr:stedsnr = 105560 has multiple (2) positions, using the first one!
utility_to_osm - WARNING - ssr:stedsnr = 118926 has multiple (2) positions, using the first one!
utility_to_osm - WARNING - ssr:stedsnr = 123060 has multiple (3) positions, using the first one!
utility_to_osm - WARNING - ssr:stedsnr = 124039 has multiple (2) positions, using the first one!
utility_to_osm - WARNING - ssr:stedsnr = 124070 has multiple (2) positions, using the first one!
utility_to_osm - WARNING - ssr:stedsnr = 124071 has multiple (2) positions, using the first one!
utility_to_osm - WARNING - ssr:stedsnr = 124075 has multiple (2) positions, using the first one!
utility_to_osm - WARNING - ssr:stedsnr = 124080 has multiple (4) positions, using the first one!
utility_to_osm - WARNING - ssr:stedsnr = 124081 has multiple (3) positions, using the first one!
utility_to_osm - WARNING - ssr:stedsnr = 124085 has multiple (2) positions, using the first one!
utility_to_osm - WARNING - ssr:stedsnr = 124087 has multiple (2) positions, using the first one!
utility_to_osm - WARNING - ssr:stedsnr = 124201 has multiple (2) positions, using the first one!
utility_to_osm - WARNING - ssr:stedsnr = 124135 has multiple (2) positions, using the first one!
utility_to_osm - WARNING - ssr:stedsnr = 124141 has multiple (6) positions, using the first one!
utility_to_osm - WARNING - ssr:stedsnr = 124219 has multiple (2) positions, using the first one!
utility_to_osm - WARNING - ssr:stedsnr = 124223 has multiple (2) positions, using the first one!
utility_to_osm - WARNING - ssr:stedsnr = 124234 has multiple (3) positions, using the first one!
utility_to_osm - WARNING - ssr:stedsnr = 124243 has multiple (2) positions, using the first one!
utility_to_osm - WARNING - ssr:stedsnr = 124246 has multiple (3) positions, using the first one!
utility_to_osm - WARNING - ssr:stedsnr = 124355 has multiple (4) positions, using the first one!
utility_to_osm - WARNING - ssr:stedsnr = 124356 has multiple (2) positions, using the first one!
utility_to_osm - WARNING - ssr:stedsnr = 124372 has multiple (2) positions, using the first one!
utility_to_osm - WARNING - ssr:stedsnr = 124378 has multiple (3) positions, using the first one!
utility_to_osm - WARNING - ssr:stedsnr = 124388 has multiple (2) positions, using the first one!
utility_to_osm - WARNING - ssr:stedsnr = 124327 has multiple (3) positions, using the first one!
utility_to_osm - WARNING - ssr:stedsnr = 124330 has multiple (3) positions, using the first one!
utility_to_osm - WARNING - ssr:stedsnr = 124419 has multiple (2) positions, using the first one!
utility_to_osm - WARNING - ssr:stedsnr = 124431 has multiple (3) positions, using the first one!
utility_to_osm - WARNING - ssr:stedsnr = 124432 has multiple (3) positions, using the first one!
utility_to_osm - WARNING - ssr:stedsnr = 124436 has multiple (3) positions, using the first one!
utility_to_osm - WARNING - ssr:stedsnr = 124771 has multiple (4) positions, using the first one!
utility_to_osm - WARNING - ssr:stedsnr = 124773 has multiple (4) positions, using the first one!
utility_to_osm - WARNING - ssr:stedsnr = 124793 has multiple (3) positions, using the first one!
utility_to_osm - WARNING - ssr:stedsnr = 125473 has multiple (2) positions, using the first one!
utility_to_osm - WARNING - ssr:stedsnr = 125487 has multiple (4) positions, using the first one!
utility_to_osm - WARNING - ssr:stedsnr = 125490 has multiple (3) positions, using the first one!
utility_to_osm - WARNING - ssr:stedsnr = 125617 has multiple (3) positions, using the first one!
utility_to_osm - WARNING - ssr:stedsnr = 124739 has multiple (3) positions, using the first one!
utility_to_osm - WARNING - ssr:stedsnr = 124749 has multiple (4) positions, using the first one!
utility_to_osm - WARNING - ssr:stedsnr = 124848 has multiple (2) positions, using the first one!
utility_to_osm - WARNING - ssr:stedsnr = 124690 has multiple (4) positions, using the first one!
utility_to_osm - WARNING - ssr:stedsnr = 124693 has multiple (3) positions, using the first one!
utility_to_osm - ERROR - ssr:stedsnr = 124882: Adding multiple names to name tag, this is not OK! name = "Trgabekkdalen;Trgbekkdalen"
utility_to_osm - WARNING - ssr:stedsnr = 124882 has multiple (2) positions, using the first one!
utility_to_osm - WARNING - ssr:stedsnr = 124890 has multiple (4) positions, using the first one!
utility_to_osm - WARNING - ssr:stedsnr = 124985 has multiple (3) positions, using the first one!
utility_to_osm - WARNING - ssr:stedsnr = 124990 has multiple (3) positions, using the first one!
utility_to_osm - WARNING - ssr:stedsnr = 125125 has multiple (3) positions, using the first one!
utility_to_osm - WARNING - ssr:stedsnr = 125399 has multiple (3) positions, using the first one!
utility_to_osm - WARNING - ssr:stedsnr = 125993 has multiple (3) positions, using the first one!
utility_to_osm - WARNING - ssr:stedsnr = 180281: No priority spelling found for lang = no, using alt_name to get "[('no', 'Skitnebudalen')]"
utility_to_osm - WARNING - ssr:stedsnr = 164251 has multiple (2) positions, using the first one!
utility_to_osm - WARNING - ssr:stedsnr = 185065 has multiple (2) positions, using the first one!
utility_to_osm - WARNING - ssr:stedsnr = 185069 has multiple (3) positions, using the first one!
utility_to_osm - WARNING - ssr:stedsnr = 185120 has multiple (2) positions, using the first one!
utility_to_osm - WARNING - ssr:stedsnr = 185172 has multiple (2) positions, using the first one!
utility_to_osm - WARNING - ssr:stedsnr = 185174 has multiple (4) positions, using the first one!
utility_to_osm - WARNING - ssr:stedsnr = 185245 has multiple (4) positions, using the first one!
utility_to_osm - WARNING - ssr:stedsnr = 185247 has multiple (3) positions, using the first one!
utility_to_osm - WARNING - ssr:stedsnr = 185254 has multiple (2) positions, using the first one!
utility_to_osm - WARNING - ssr:stedsnr = 185263 has multiple (2) positions, using the first one!
utility_to_osm - WARNING - ssr:stedsnr = 185278 has multiple (3) positions, using the first one!
utility_to_osm - WARNING - ssr:stedsnr = 185287 has multiple (2) positions, using the first one!
utility_to_osm - WARNING - ssr:stedsnr = 185291 has multiple (2) positions, using the first one!
utility_to_osm - WARNING - ssr:stedsnr = 185298 has multiple (3) positions, using the first one!
utility_to_osm - WARNING - ssr:stedsnr = 185123 has multiple (2) positions, using the first one!
utility_to_osm - WARNING - ssr:stedsnr = 185127 has multiple (2) positions, using the first one!
utility_to_osm - WARNING - ssr:stedsnr = 185206 has multiple (2) positions, using the first one!
utility_to_osm - WARNING - ssr:stedsnr = 185219 has multiple (2) positions, using the first one!
utility_to_osm - WARNING - ssr:stedsnr = 185228 has multiple (2) positions, using the first one!
utility_to_osm - WARNING - ssr:stedsnr = 185409 has multiple (3) positions, using the first one!
utility_to_osm - WARNING - ssr:stedsnr = 185422 has multiple (3) positions, using the first one!
utility_to_osm - WARNING - ssr:stedsnr = 185743 has multiple (2) positions, using the first one!
utility_to_osm - WARNING - ssr:stedsnr = 185751 has multiple (3) positions, using the first one!
utility_to_osm - WARNING - ssr:stedsnr = 185754 has multiple (2) positions, using the first one!
utility_to_osm - WARNING - ssr:stedsnr = 185365 has multiple (2) positions, using the first one!
utility_to_osm - WARNING - ssr:stedsnr = 185375 has multiple (2) positions, using the first one!
utility_to_osm - WARNING - ssr:stedsnr = 185687 has multiple (3) positions, using the first one!
utility_to_osm - WARNING - ssr:stedsnr = 185691 has multiple (3) positions, using the first one!
utility_to_osm - WARNING - ssr:stedsnr = 185694 has multiple (3) positions, using the first one!
utility_to_osm - WARNING - ssr:stedsnr = 185718 has multiple (4) positions, using the first one!
utility_to_osm - WARNING - ssr:stedsnr = 185827 has multiple (4) positions, using the first one!
utility_to_osm - WARNING - ssr:stedsnr = 185776 has multiple (2) positions, using the first one!
utility_to_osm - WARNING - ssr:stedsnr = 185881 has multiple (3) positions, using the first one!
utility_to_osm - WARNING - ssr:stedsnr = 185894 has multiple (3) positions, using the first one!
utility_to_osm - WARNING - ssr:stedsnr = 185913: No priority spelling found for lang = no, using alt_name to get "[('no', 'Nedre Muttjnn')]"
utility_to_osm - WARNING - ssr:stedsnr = 185917 has multiple (2) positions, using the first one!
utility_to_osm - WARNING - ssr:stedsnr = 185858 has multiple (4) positions, using the first one!
utility_to_osm - WARNING - ssr:stedsnr = 185861 has multiple (3) positions, using the first one!
utility_to_osm - WARNING - ssr:stedsnr = 185862 has multiple (4) positions, using the first one!
utility_to_osm - WARNING - ssr:stedsnr = 185863 has multiple (2) positions, using the first one!
utility_to_osm - WARNING - ssr:stedsnr = 185972 has multiple (2) positions, using the first one!
utility_to_osm - WARNING - ssr:stedsnr = 185980 has multiple (5) positions, using the first one!
utility_to_osm - WARNING - ssr:stedsnr = 185986 has multiple (3) positions, using the first one!
utility_to_osm - WARNING - ssr:stedsnr = 186402 has multiple (2) positions, using the first one!
utility_to_osm - WARNING - ssr:stedsnr = 186416 has multiple (2) positions, using the first one!
utility_to_osm - WARNING - ssr:stedsnr = 186418 has multiple (2) positions, using the first one!
utility_to_osm - WARNING - ssr:stedsnr = 186427 has multiple (2) positions, using the first one!
utility_to_osm - WARNING - ssr:stedsnr = 186466 has multiple (2) positions, using the first one!
utility_to_osm - WARNING - ssr:stedsnr = 186470 has multiple (2) positions, using the first one!
utility_to_osm - WARNING - ssr:stedsnr = 186508 has multiple (3) positions, using the first one!
utility_to_osm - WARNING - ssr:stedsnr = 186510 has multiple (2) positions, using the first one!
utility_to_osm - WARNING - ssr:stedsnr = 186513 has multiple (2) positions, using the first one!
utility_to_osm - WARNING - ssr:stedsnr = 186520 has multiple (3) positions, using the first one!
utility_to_osm - WARNING - ssr:stedsnr = 186673 has multiple (2) positions, using the first one!
utility_to_osm - WARNING - ssr:stedsnr = 226154 has multiple (2) positions, using the first one!
utility_to_osm - WARNING - ssr:stedsnr = 226158 has multiple (2) positions, using the first one!
utility_to_osm - WARNING - ssr:stedsnr = 306234 has multiple (2) positions, using the first one!
utility_to_osm - WARNING - ssr:stedsnr = 306002 has multiple (3) positions, using the first one!
utility_to_osm - WARNING - ssr:stedsnr = 306085 has multiple (5) positions, using the first one!
utility_to_osm - WARNING - ssr:stedsnr = 306090 has multiple (3) positions, using the first one!
utility_to_osm - WARNING - ssr:stedsnr = 306096 has multiple (2) positions, using the first one!
utility_to_osm - WARNING - ssr:stedsnr = 306099 has multiple (2) positions, using the first one!
utility_to_osm - WARNING - ssr:stedsnr = 306163 has multiple (2) positions, using the first one!
utility_to_osm - WARNING - ssr:stedsnr = 306164 has multiple (2) positions, using the first one!
utility_to_osm - WARNING - ssr:stedsnr = 306173 has multiple (2) positions, using the first one!
utility_to_osm - WARNING - ssr:stedsnr = 306186 has multiple (3) positions, using the first one!
utility_to_osm - WARNING - ssr:stedsnr = 306187 has multiple (3) positions, using the first one!
utility_to_osm - WARNING - ssr:stedsnr = 307160 has multiple (2) positions, using the first one!
utility_to_osm - WARNING - ssr:stedsnr = 306293 has multiple (3) positions, using the first one!
utility_to_osm - WARNING - ssr:stedsnr = 306321 has multiple (2) positions, using the first one!
utility_to_osm - WARNING - ssr:stedsnr = 306330 has multiple (2) positions, using the first one!
utility_to_osm - WARNING - ssr:stedsnr = 306331 has multiple (2) positions, using the first one!
utility_to_osm - WARNING - ssr:stedsnr = 306332 has multiple (2) positions, using the first one!
utility_to_osm - WARNING - ssr:stedsnr = 306252 has multiple (2) positions, using the first one!
utility_to_osm - WARNING - ssr:stedsnr = 306372 has multiple (2) positions, using the first one!
utility_to_osm - WARNING - ssr:stedsnr = 306377 has multiple (2) positions, using the first one!
utility_to_osm - WARNING - ssr:stedsnr = 306382 has multiple (2) positions, using the first one!
utility_to_osm - WARNING - ssr:stedsnr = 306398 has multiple (2) positions, using the first one!
utility_to_osm - WARNING - ssr:stedsnr = 306401 has multiple (2) positions, using the first one!
utility_to_osm - WARNING - ssr:stedsnr = 306431 has multiple (3) positions, using the first one!
utility_to_osm - WARNING - ssr:stedsnr = 306451 has multiple (2) positions, using the first one!
utility_to_osm - WARNING - ssr:stedsnr = 306455 has multiple (3) positions, using the first one!
utility_to_osm - WARNING - ssr:stedsnr = 306755 has multiple (3) positions, using the first one!
