utility_to_osm - WARNING - ssr:stedsnr = 15602 has multiple (2) positions, using the first one!
utility_to_osm - ERROR - ssr:stedsnr = 15666: Adding multiple names to name tag, this is not OK! name = "Vestskredingen;Langskrengan"
utility_to_osm - WARNING - ssr:stedsnr = 15666 has multiple (2) positions, using the first one!
utility_to_osm - WARNING - ssr:stedsnr = 15806 has multiple (3) positions, using the first one!
utility_to_osm - WARNING - ssr:stedsnr = 15762 has multiple (3) positions, using the first one!
utility_to_osm - ERROR - ssr:stedsnr = 15907: Adding multiple names to name tag, this is not OK! name = "Husholmen;Storskjæret"
utility_to_osm - WARNING - ssr:stedsnr = 15907 has multiple (3) positions, using the first one!
utility_to_osm - WARNING - ssr:stedsnr = 30214: No priority spelling found for lang = no, using alt_name to get "[('no', 'Steinskjærgrunnen')]"
utility_to_osm - WARNING - ssr:stedsnr = 44491: No priority spelling found for lang = no, using alt_name to get "[('no', 'Hestadmarka')]"
utility_to_osm - WARNING - ssr:stedsnr = 45420 has multiple (2) positions, using the first one!
utility_to_osm - WARNING - ssr:stedsnr = 45613 has multiple (2) positions, using the first one!
utility_to_osm - WARNING - ssr:stedsnr = 46374 has multiple (2) positions, using the first one!
utility_to_osm - WARNING - ssr:stedsnr = 76210 has multiple (2) positions, using the first one!
utility_to_osm - WARNING - ssr:stedsnr = 76197 has multiple (3) positions, using the first one!
utility_to_osm - WARNING - ssr:stedsnr = 76352: No priority spelling found for lang = no, using alt_name to get "[('no', 'Åsværet')]"
utility_to_osm - WARNING - ssr:stedsnr = 76352 has multiple (9) positions, using the first one!
utility_to_osm - WARNING - ssr:stedsnr = 76366 has multiple (2) positions, using the first one!
utility_to_osm - WARNING - ssr:stedsnr = 76369 has multiple (2) positions, using the first one!
utility_to_osm - WARNING - ssr:stedsnr = 76371 has multiple (2) positions, using the first one!
utility_to_osm - WARNING - ssr:stedsnr = 76612 has multiple (2) positions, using the first one!
utility_to_osm - WARNING - ssr:stedsnr = 76658 has multiple (4) positions, using the first one!
utility_to_osm - WARNING - ssr:stedsnr = 76663 has multiple (3) positions, using the first one!
utility_to_osm - WARNING - ssr:stedsnr = 76560 has multiple (3) positions, using the first one!
utility_to_osm - WARNING - ssr:stedsnr = 76566: No priority spelling found for lang = no, using alt_name to get "[('no', 'Storrevholmen')]"
utility_to_osm - WARNING - ssr:stedsnr = 76869 has multiple (3) positions, using the first one!
utility_to_osm - WARNING - ssr:stedsnr = 106271 has multiple (2) positions, using the first one!
utility_to_osm - WARNING - ssr:stedsnr = 106277 has multiple (2) positions, using the first one!
utility_to_osm - WARNING - ssr:stedsnr = 106284 has multiple (2) positions, using the first one!
utility_to_osm - WARNING - ssr:stedsnr = 106397 has multiple (2) positions, using the first one!
utility_to_osm - WARNING - ssr:stedsnr = 107337 has multiple (2) positions, using the first one!
utility_to_osm - ERROR - ssr:stedsnr = 136011: Adding multiple names to name tag, this is not OK! name = "Kleppen;Sundskleppen"
utility_to_osm - WARNING - ssr:stedsnr = 136011 has multiple (3) positions, using the first one!
utility_to_osm - WARNING - ssr:stedsnr = 136013 has multiple (3) positions, using the first one!
utility_to_osm - WARNING - ssr:stedsnr = 136404 has multiple (2) positions, using the first one!
utility_to_osm - WARNING - ssr:stedsnr = 136407 has multiple (2) positions, using the first one!
utility_to_osm - ERROR - ssr:stedsnr = 136559: Adding multiple names to name tag, this is not OK! name = "Rørholmen;Liss-Langøya"
utility_to_osm - WARNING - ssr:stedsnr = 136559 has multiple (2) positions, using the first one!
utility_to_osm - WARNING - ssr:stedsnr = 136602 has multiple (8) positions, using the first one!
utility_to_osm - WARNING - ssr:stedsnr = 136650 has multiple (3) positions, using the first one!
utility_to_osm - WARNING - ssr:stedsnr = 136657 has multiple (2) positions, using the first one!
utility_to_osm - ERROR - ssr:stedsnr = 136948: Adding multiple names to name tag, this is not OK! name = "Baklifjellet;Lifjellet"
utility_to_osm - WARNING - ssr:stedsnr = 136948 has multiple (2) positions, using the first one!
utility_to_osm - WARNING - ssr:stedsnr = 137904: No priority spelling found for lang = no, using alt_name to get "[('no', 'Ormsøya')]"
utility_to_osm - WARNING - ssr:stedsnr = 137904 has multiple (2) positions, using the first one!
utility_to_osm - WARNING - ssr:stedsnr = 141580: No priority spelling found for lang = no, using alt_name to get "[('no', 'Instøya')]"
utility_to_osm - WARNING - ssr:stedsnr = 146821 has multiple (2) positions, using the first one!
utility_to_osm - WARNING - ssr:stedsnr = 258283 has multiple (2) positions, using the first one!
utility_to_osm - WARNING - ssr:stedsnr = 258181 has multiple (3) positions, using the first one!
utility_to_osm - WARNING - ssr:stedsnr = 258493 has multiple (3) positions, using the first one!
utility_to_osm - WARNING - ssr:stedsnr = 258499 has multiple (4) positions, using the first one!
utility_to_osm - WARNING - ssr:stedsnr = 258572 has multiple (3) positions, using the first one!
utility_to_osm - WARNING - ssr:stedsnr = 258584 has multiple (3) positions, using the first one!
utility_to_osm - WARNING - ssr:stedsnr = 258684 has multiple (3) positions, using the first one!
utility_to_osm - WARNING - ssr:stedsnr = 258365 has multiple (2) positions, using the first one!
utility_to_osm - WARNING - ssr:stedsnr = 258371 has multiple (2) positions, using the first one!
utility_to_osm - WARNING - ssr:stedsnr = 258398 has multiple (3) positions, using the first one!
utility_to_osm - WARNING - ssr:stedsnr = 258628: No priority spelling found for lang = no, using alt_name to get "[('no', 'Rensøysundet')]"
utility_to_osm - WARNING - ssr:stedsnr = 258650 has multiple (3) positions, using the first one!
utility_to_osm - WARNING - ssr:stedsnr = 258960 has multiple (3) positions, using the first one!
utility_to_osm - WARNING - ssr:stedsnr = 258972 has multiple (4) positions, using the first one!
utility_to_osm - WARNING - ssr:stedsnr = 258985 has multiple (3) positions, using the first one!
utility_to_osm - WARNING - ssr:stedsnr = 258941 has multiple (3) positions, using the first one!
utility_to_osm - WARNING - ssr:stedsnr = 258944 has multiple (2) positions, using the first one!
utility_to_osm - WARNING - ssr:stedsnr = 167266 has multiple (3) positions, using the first one!
utility_to_osm - WARNING - ssr:stedsnr = 167315 has multiple (2) positions, using the first one!
utility_to_osm - WARNING - ssr:stedsnr = 167321 has multiple (2) positions, using the first one!
utility_to_osm - WARNING - ssr:stedsnr = 167323 has multiple (2) positions, using the first one!
utility_to_osm - WARNING - ssr:stedsnr = 167707 has multiple (2) positions, using the first one!
utility_to_osm - WARNING - ssr:stedsnr = 167710 has multiple (2) positions, using the first one!
utility_to_osm - WARNING - ssr:stedsnr = 168365 has multiple (2) positions, using the first one!
utility_to_osm - WARNING - ssr:stedsnr = 168368 has multiple (2) positions, using the first one!
utility_to_osm - WARNING - ssr:stedsnr = 168377 has multiple (2) positions, using the first one!
utility_to_osm - WARNING - ssr:stedsnr = 197071: No priority spelling found for lang = no, using alt_name to get "[('no', 'Breivika')]"
utility_to_osm - WARNING - ssr:stedsnr = 197557 has multiple (4) positions, using the first one!
utility_to_osm - WARNING - ssr:stedsnr = 197562: No priority spelling found for lang = no, using alt_name to get "[('no', 'Sørbuøya')]"
utility_to_osm - WARNING - ssr:stedsnr = 197562 has multiple (3) positions, using the first one!
utility_to_osm - WARNING - ssr:stedsnr = 197411 has multiple (3) positions, using the first one!
utility_to_osm - WARNING - ssr:stedsnr = 197759 has multiple (3) positions, using the first one!
utility_to_osm - WARNING - ssr:stedsnr = 197917: No priority spelling found for lang = no, using alt_name to get "[('no', 'Lisslauvøya')]"
utility_to_osm - WARNING - ssr:stedsnr = 197657 has multiple (2) positions, using the first one!
utility_to_osm - WARNING - ssr:stedsnr = 197664 has multiple (6) positions, using the first one!
utility_to_osm - WARNING - ssr:stedsnr = 197677 has multiple (3) positions, using the first one!
utility_to_osm - WARNING - ssr:stedsnr = 198223 has multiple (2) positions, using the first one!
utility_to_osm - WARNING - ssr:stedsnr = 198654 has multiple (2) positions, using the first one!
utility_to_osm - WARNING - ssr:stedsnr = 198656 has multiple (3) positions, using the first one!
utility_to_osm - WARNING - ssr:stedsnr = 198919: No priority spelling found for lang = no, using alt_name to get "[('no', 'Nordfrydholmen')]"
utility_to_osm - WARNING - ssr:stedsnr = 267850 has multiple (2) positions, using the first one!
utility_to_osm - WARNING - ssr:stedsnr = 203839: No priority spelling found for lang = no, using alt_name to get "[('no', 'Dønna')]"
utility_to_osm - WARNING - ssr:stedsnr = 227282 has multiple (2) positions, using the first one!
utility_to_osm - WARNING - ssr:stedsnr = 227618 has multiple (2) positions, using the first one!
utility_to_osm - WARNING - ssr:stedsnr = 228312 has multiple (2) positions, using the first one!
utility_to_osm - WARNING - ssr:stedsnr = 228788 has multiple (2) positions, using the first one!
utility_to_osm - WARNING - ssr:stedsnr = 451748: No priority spelling found for lang = no, using alt_name to get "[('no', 'Slættvika')]"
utility_to_osm - WARNING - ssr:stedsnr = 258505: No priority spelling found for lang = no, using alt_name to get "[('no', 'Oterholmen')]"
utility_to_osm - WARNING - ssr:stedsnr = 258506 has multiple (3) positions, using the first one!
utility_to_osm - WARNING - ssr:stedsnr = 258513 has multiple (3) positions, using the first one!
utility_to_osm - WARNING - ssr:stedsnr = 258536 has multiple (3) positions, using the first one!
utility_to_osm - ERROR - ssr:stedsnr = 258564: Adding multiple names to name tag, this is not OK! name = "Brakdrægene;Stor-Braken"
utility_to_osm - WARNING - ssr:stedsnr = 258564 has multiple (2) positions, using the first one!
utility_to_osm - WARNING - ssr:stedsnr = 258567 has multiple (3) positions, using the first one!
utility_to_osm - WARNING - ssr:stedsnr = 258653 has multiple (3) positions, using the first one!
utility_to_osm - WARNING - ssr:stedsnr = 258908: No priority spelling found for lang = no, using alt_name to get "[('no', 'Kåsøya')]"
utility_to_osm - WARNING - ssr:stedsnr = 258912: No priority spelling found for lang = no, using alt_name to get "[('no', 'Æsøya')]"
utility_to_osm - WARNING - ssr:stedsnr = 258912 has multiple (2) positions, using the first one!
utility_to_osm - WARNING - ssr:stedsnr = 288286 has multiple (2) positions, using the first one!
utility_to_osm - WARNING - ssr:stedsnr = 288290 has multiple (2) positions, using the first one!
utility_to_osm - WARNING - ssr:stedsnr = 288606 has multiple (2) positions, using the first one!
utility_to_osm - WARNING - ssr:stedsnr = 289303 has multiple (2) positions, using the first one!
utility_to_osm - WARNING - ssr:stedsnr = 318403 has multiple (2) positions, using the first one!
utility_to_osm - WARNING - ssr:stedsnr = 318612 has multiple (3) positions, using the first one!
utility_to_osm - WARNING - ssr:stedsnr = 319254 has multiple (2) positions, using the first one!
utility_to_osm - ERROR - ssr:stedsnr = 319307: Adding multiple names to name tag, this is not OK! name = "Nubb;Langtarskjæret"
utility_to_osm - ERROR - ssr:stedsnr = 319986: Adding multiple names to name tag, this is not OK! name = "Storhaugneset;Storvikneset"
utility_to_osm - WARNING - ssr:stedsnr = 319990 has multiple (2) positions, using the first one!
utility_to_osm - WARNING - ssr:stedsnr = 319997 has multiple (2) positions, using the first one!
utility_to_osm - WARNING - ssr:stedsnr = 468339 has multiple (2) positions, using the first one!
utility_to_osm - WARNING - ssr:stedsnr = 471426 has multiple (2) positions, using the first one!
utility_to_osm - WARNING - ssr:stedsnr = 471434 has multiple (2) positions, using the first one!
utility_to_osm - WARNING - ssr:stedsnr = 471435 has multiple (2) positions, using the first one!
utility_to_osm - WARNING - ssr:stedsnr = 471354 has multiple (2) positions, using the first one!
utility_to_osm - WARNING - ssr:stedsnr = 349103 has multiple (2) positions, using the first one!
utility_to_osm - WARNING - ssr:stedsnr = 349466 has multiple (2) positions, using the first one!
utility_to_osm - WARNING - ssr:stedsnr = 349470 has multiple (2) positions, using the first one!
utility_to_osm - WARNING - ssr:stedsnr = 349711 has multiple (2) positions, using the first one!
utility_to_osm - WARNING - ssr:stedsnr = 349725 has multiple (2) positions, using the first one!
utility_to_osm - WARNING - ssr:stedsnr = 379362 has multiple (2) positions, using the first one!
utility_to_osm - WARNING - ssr:stedsnr = 379506: No priority spelling found for lang = no, using alt_name to get "[('no', 'Lamøya')]"
utility_to_osm - WARNING - ssr:stedsnr = 379506 has multiple (3) positions, using the first one!
utility_to_osm - WARNING - ssr:stedsnr = 379480 has multiple (3) positions, using the first one!
utility_to_osm - WARNING - ssr:stedsnr = 379485 has multiple (3) positions, using the first one!
utility_to_osm - WARNING - ssr:stedsnr = 379603 has multiple (3) positions, using the first one!
utility_to_osm - WARNING - ssr:stedsnr = 379768 has multiple (3) positions, using the first one!
utility_to_osm - ERROR - ssr:stedsnr = 379874: Adding multiple names to name tag, this is not OK! name = "Urda;Seterurda"
utility_to_osm - WARNING - ssr:stedsnr = 440411 has multiple (2) positions, using the first one!
utility_to_osm - WARNING - ssr:stedsnr = 440549: No priority spelling found for lang = no, using alt_name to get "[('no', 'Sørvika')]"
utility_to_osm - WARNING - ssr:stedsnr = 440554: No priority spelling found for lang = no, using alt_name to get "[('no', 'Gjæsøya')]"
utility_to_osm - WARNING - ssr:stedsnr = 440554 has multiple (3) positions, using the first one!
utility_to_osm - WARNING - ssr:stedsnr = 440558 has multiple (8) positions, using the first one!
utility_to_osm - WARNING - ssr:stedsnr = 440609 has multiple (3) positions, using the first one!
utility_to_osm - WARNING - ssr:stedsnr = 440614: No priority spelling found for lang = no, using alt_name to get "[('no', 'Slåttvika')]"
utility_to_osm - WARNING - ssr:stedsnr = 440614 has multiple (2) positions, using the first one!
utility_to_osm - WARNING - ssr:stedsnr = 440617 has multiple (4) positions, using the first one!
utility_to_osm - WARNING - ssr:stedsnr = 440638 has multiple (3) positions, using the first one!
utility_to_osm - WARNING - ssr:stedsnr = 440651 has multiple (5) positions, using the first one!
utility_to_osm - WARNING - ssr:stedsnr = 440941 has multiple (3) positions, using the first one!
utility_to_osm - WARNING - ssr:stedsnr = 440895: No priority spelling found for lang = no, using alt_name to get "[('no', 'Lauvøysundet')]"
utility_to_osm - WARNING - ssr:stedsnr = 451724: No priority spelling found for lang = no, using alt_name to get "[('no', 'Frydholmgrunnen')]"
utility_to_osm - WARNING - ssr:stedsnr = 463863 has multiple (2) positions, using the first one!
utility_to_osm - WARNING - ssr:stedsnr = 470212 has multiple (2) positions, using the first one!
utility_to_osm - WARNING - ssr:stedsnr = 470218 has multiple (2) positions, using the first one!
utility_to_osm - WARNING - ssr:stedsnr = 470276 has multiple (2) positions, using the first one!
utility_to_osm - WARNING - ssr:stedsnr = 470281 has multiple (2) positions, using the first one!
utility_to_osm - WARNING - ssr:stedsnr = 470689 has multiple (2) positions, using the first one!
utility_to_osm - WARNING - ssr:stedsnr = 500604 has multiple (6) positions, using the first one!
utility_to_osm - WARNING - ssr:stedsnr = 500582: No priority spelling found for lang = no, using alt_name to get "[('no', 'Ersholmskjæret')]"
utility_to_osm - WARNING - ssr:stedsnr = 500630 has multiple (3) positions, using the first one!
utility_to_osm - WARNING - ssr:stedsnr = 500687 has multiple (3) positions, using the first one!
utility_to_osm - WARNING - ssr:stedsnr = 501637 has multiple (3) positions, using the first one!
utility_to_osm - ERROR - ssr:stedsnr = 501641: Adding multiple names to name tag, this is not OK! name = "Mellomvika;Møllovikja"
utility_to_osm - WARNING - ssr:stedsnr = 501641 has multiple (2) positions, using the first one!
utility_to_osm - WARNING - ssr:stedsnr = 501989 has multiple (3) positions, using the first one!
utility_to_osm - WARNING - ssr:stedsnr = 501991 has multiple (3) positions, using the first one!
utility_to_osm - WARNING - ssr:stedsnr = 506558: No priority spelling found for lang = no, using alt_name to get "[('no', 'Skjåberget')]"
utility_to_osm - WARNING - ssr:stedsnr = 682384: No priority spelling found for lang = no, using alt_name to get "[('no', 'Gjessnakken')]"
utility_to_osm - WARNING - ssr:stedsnr = 682384 has multiple (2) positions, using the first one!
utility_to_osm - WARNING - ssr:stedsnr = 682634 has multiple (3) positions, using the first one!
utility_to_osm - ERROR - ssr:stedsnr = 682636: Adding multiple names to name tag, this is not OK! name = "Hovsvågen;Nersjyen"
utility_to_osm - WARNING - ssr:stedsnr = 682636 has multiple (3) positions, using the first one!
utility_to_osm - WARNING - ssr:stedsnr = 682638 has multiple (3) positions, using the first one!
utility_to_osm - WARNING - ssr:stedsnr = 683993 has multiple (4) positions, using the first one!
utility_to_osm - WARNING - ssr:stedsnr = 683994: No priority spelling found for lang = no, using alt_name to get "[('no', 'Åkvikbukta')]"
utility_to_osm - WARNING - ssr:stedsnr = 682583 has multiple (3) positions, using the first one!
utility_to_osm - WARNING - ssr:stedsnr = 682671: No priority spelling found for lang = no, using alt_name to get "[('no', 'Sengsholmen')]"
utility_to_osm - ERROR - ssr:stedsnr = 682675: Adding multiple names to name tag, this is not OK! name = "Gleinsfjellet;Hågjafjellet"
utility_to_osm - WARNING - ssr:stedsnr = 682648 has multiple (3) positions, using the first one!
utility_to_osm - WARNING - ssr:stedsnr = 682785 has multiple (2) positions, using the first one!
utility_to_osm - WARNING - ssr:stedsnr = 683194 has multiple (2) positions, using the first one!
utility_to_osm - WARNING - ssr:stedsnr = 683293 has multiple (2) positions, using the first one!
utility_to_osm - WARNING - ssr:stedsnr = 683335: No priority spelling found for lang = no, using alt_name to get "[('no', 'Sengsflua')]"
utility_to_osm - WARNING - ssr:stedsnr = 683335 has multiple (2) positions, using the first one!
utility_to_osm - WARNING - ssr:stedsnr = 683489: No priority spelling found for lang = no, using alt_name to get "[('no', 'Kalvskjæran')]"
utility_to_osm - WARNING - ssr:stedsnr = 683493 has multiple (3) positions, using the first one!
utility_to_osm - WARNING - ssr:stedsnr = 683506 has multiple (4) positions, using the first one!
utility_to_osm - WARNING - ssr:stedsnr = 683600 has multiple (3) positions, using the first one!
utility_to_osm - ERROR - ssr:stedsnr = 683516: Adding multiple names to name tag, this is not OK! name = "Skagavalen;Valbukta"
utility_to_osm - WARNING - ssr:stedsnr = 683516 has multiple (2) positions, using the first one!
utility_to_osm - WARNING - ssr:stedsnr = 683518 has multiple (2) positions, using the first one!
utility_to_osm - WARNING - ssr:stedsnr = 683526: No priority spelling found for lang = no, using alt_name to get "[('no', 'Revskjærbalen')]"
utility_to_osm - WARNING - ssr:stedsnr = 683534 has multiple (3) positions, using the first one!
utility_to_osm - WARNING - ssr:stedsnr = 683848: No priority spelling found for lang = no, using alt_name to get "[('no', 'Stifjorden')]"
utility_to_osm - WARNING - ssr:stedsnr = 683848 has multiple (6) positions, using the first one!
utility_to_osm - WARNING - ssr:stedsnr = 683910: No priority spelling found for lang = no, using alt_name to get "[('no', 'Dønnessundet')]"
utility_to_osm - WARNING - ssr:stedsnr = 683910 has multiple (6) positions, using the first one!
utility_to_osm - WARNING - ssr:stedsnr = 683946 has multiple (2) positions, using the first one!
utility_to_osm - WARNING - ssr:stedsnr = 530730 has multiple (2) positions, using the first one!
utility_to_osm - WARNING - ssr:stedsnr = 530690 has multiple (2) positions, using the first one!
utility_to_osm - WARNING - ssr:stedsnr = 531323 has multiple (2) positions, using the first one!
utility_to_osm - WARNING - ssr:stedsnr = 688568: No priority spelling found for lang = no, using alt_name to get "[('no', 'Karvika')]"
utility_to_osm - WARNING - ssr:stedsnr = 566568: No priority spelling found for lang = no, using alt_name to get "[('no', 'Skipsfjorden')]"
utility_to_osm - WARNING - ssr:stedsnr = 566568 has multiple (2) positions, using the first one!
utility_to_osm - WARNING - ssr:stedsnr = 694693: No priority spelling found for lang = no, using alt_name to get "[('no', 'Rølvåg')]"
utility_to_osm - WARNING - ssr:stedsnr = 591208 has multiple (2) positions, using the first one!
utility_to_osm - WARNING - ssr:stedsnr = 592354 has multiple (2) positions, using the first one!
utility_to_osm - WARNING - ssr:stedsnr = 621424 has multiple (2) positions, using the first one!
utility_to_osm - WARNING - ssr:stedsnr = 622224 has multiple (6) positions, using the first one!
utility_to_osm - WARNING - ssr:stedsnr = 622177 has multiple (2) positions, using the first one!
utility_to_osm - WARNING - ssr:stedsnr = 622670 has multiple (3) positions, using the first one!
utility_to_osm - WARNING - ssr:stedsnr = 622867: No priority spelling found for lang = no, using alt_name to get "[('no', 'Skard')]"
utility_to_osm - WARNING - ssr:stedsnr = 622879 has multiple (9) positions, using the first one!
utility_to_osm - WARNING - ssr:stedsnr = 622961: No priority spelling found for lang = no, using alt_name to get "[('no', 'Hestadelva')]"
utility_to_osm - WARNING - ssr:stedsnr = 622961 has multiple (4) positions, using the first one!
utility_to_osm - WARNING - ssr:stedsnr = 622966: No priority spelling found for lang = no, using alt_name to get "[('no', 'Nautøya')]"
utility_to_osm - WARNING - ssr:stedsnr = 622919: No priority spelling found for lang = no, using alt_name to get "[('no', 'Sjurdsholmen')]"
utility_to_osm - WARNING - ssr:stedsnr = 622936 has multiple (3) positions, using the first one!
utility_to_osm - WARNING - ssr:stedsnr = 622942 has multiple (2) positions, using the first one!
utility_to_osm - WARNING - ssr:stedsnr = 652191 has multiple (2) positions, using the first one!
utility_to_osm - WARNING - ssr:stedsnr = 653411 has multiple (2) positions, using the first one!
utility_to_osm - WARNING - ssr:stedsnr = 653326 has multiple (2) positions, using the first one!
utility_to_osm - WARNING - ssr:stedsnr = 682568 has multiple (2) positions, using the first one!
utility_to_osm - WARNING - ssr:stedsnr = 682654: No priority spelling found for lang = no, using alt_name to get "[('no', 'Kopardal')]"
utility_to_osm - WARNING - ssr:stedsnr = 682664 has multiple (3) positions, using the first one!
utility_to_osm - WARNING - ssr:stedsnr = 683249 has multiple (2) positions, using the first one!
utility_to_osm - ERROR - ssr:stedsnr = 683168: Adding multiple names to name tag, this is not OK! name = "Fjellmyra;Stuvalen"
utility_to_osm - WARNING - ssr:stedsnr = 683328 has multiple (2) positions, using the first one!
utility_to_osm - WARNING - ssr:stedsnr = 683905 has multiple (2) positions, using the first one!
utility_to_osm - WARNING - ssr:stedsnr = 683907 has multiple (3) positions, using the first one!
utility_to_osm - WARNING - ssr:stedsnr = 683952 has multiple (3) positions, using the first one!
utility_to_osm - WARNING - ssr:stedsnr = 692621 has multiple (2) positions, using the first one!
utility_to_osm - WARNING - ssr:stedsnr = 693876 has multiple (3) positions, using the first one!
utility_to_osm - WARNING - ssr:stedsnr = 694716: No priority spelling found for lang = no, using alt_name to get "[('no', 'Slåttaråsen')]"
utility_to_osm - WARNING - ssr:stedsnr = 895220 has multiple (2) positions, using the first one!
utility_to_osm - WARNING - ssr:stedsnr = 895648 has multiple (2) positions, using the first one!
utility_to_osm - WARNING - ssr:stedsnr = 895652 has multiple (3) positions, using the first one!
utility_to_osm - WARNING - ssr:stedsnr = 895657 has multiple (2) positions, using the first one!
utility_to_osm - WARNING - ssr:stedsnr = 896379: No priority spelling found for lang = no, using alt_name to get "[('no', 'Hestadskardet')]"
utility_to_osm - WARNING - ssr:stedsnr = 896380 has multiple (2) positions, using the first one!
utility_to_osm - WARNING - ssr:stedsnr = 896386 has multiple (2) positions, using the first one!
utility_to_osm - WARNING - ssr:stedsnr = 896387 has multiple (2) positions, using the first one!
utility_to_osm - WARNING - ssr:stedsnr = 713708 has multiple (2) positions, using the first one!
utility_to_osm - WARNING - ssr:stedsnr = 713691 has multiple (2) positions, using the first one!
utility_to_osm - WARNING - ssr:stedsnr = 743409 has multiple (2) positions, using the first one!
utility_to_osm - WARNING - ssr:stedsnr = 743528 has multiple (3) positions, using the first one!
utility_to_osm - WARNING - ssr:stedsnr = 743689 has multiple (3) positions, using the first one!
utility_to_osm - WARNING - ssr:stedsnr = 743780 has multiple (3) positions, using the first one!
utility_to_osm - WARNING - ssr:stedsnr = 743781 has multiple (3) positions, using the first one!
utility_to_osm - WARNING - ssr:stedsnr = 744288 has multiple (2) positions, using the first one!
utility_to_osm - WARNING - ssr:stedsnr = 760948: No priority spelling found for lang = no, using alt_name to get "[('no', 'Lysbotnet')]"
utility_to_osm - WARNING - ssr:stedsnr = 774326 has multiple (2) positions, using the first one!
utility_to_osm - WARNING - ssr:stedsnr = 774724 has multiple (2) positions, using the first one!
utility_to_osm - WARNING - ssr:stedsnr = 775287 has multiple (2) positions, using the first one!
utility_to_osm - WARNING - ssr:stedsnr = 804069 has multiple (4) positions, using the first one!
utility_to_osm - WARNING - ssr:stedsnr = 804409 has multiple (2) positions, using the first one!
utility_to_osm - WARNING - ssr:stedsnr = 804426 has multiple (2) positions, using the first one!
utility_to_osm - WARNING - ssr:stedsnr = 804611 has multiple (3) positions, using the first one!
utility_to_osm - WARNING - ssr:stedsnr = 815716 has multiple (2) positions, using the first one!
utility_to_osm - WARNING - ssr:stedsnr = 228717 has multiple (2) positions, using the first one!
utility_to_osm - WARNING - ssr:stedsnr = 925398: No priority spelling found for lang = no, using alt_name to get "[('no', 'Gjessnakken')]"
utility_to_osm - WARNING - ssr:stedsnr = 925568 has multiple (3) positions, using the first one!
utility_to_osm - WARNING - ssr:stedsnr = 925545: No priority spelling found for lang = no, using alt_name to get "[('no', 'Lissbalen')]"
utility_to_osm - WARNING - ssr:stedsnr = 925545 has multiple (2) positions, using the first one!
utility_to_osm - WARNING - ssr:stedsnr = 925556 has multiple (3) positions, using the first one!
utility_to_osm - WARNING - ssr:stedsnr = 925570 has multiple (4) positions, using the first one!
utility_to_osm - WARNING - ssr:stedsnr = 925573 has multiple (4) positions, using the first one!
utility_to_osm - WARNING - ssr:stedsnr = 925608 has multiple (3) positions, using the first one!
utility_to_osm - WARNING - ssr:stedsnr = 925609 has multiple (3) positions, using the first one!
utility_to_osm - WARNING - ssr:stedsnr = 925558: No priority spelling found for lang = no, using alt_name to get "[('no', 'Lissburøya')]"
utility_to_osm - WARNING - ssr:stedsnr = 925644 has multiple (4) positions, using the first one!
utility_to_osm - WARNING - ssr:stedsnr = 925662 has multiple (4) positions, using the first one!
utility_to_osm - WARNING - ssr:stedsnr = 926187 has multiple (3) positions, using the first one!
utility_to_osm - WARNING - ssr:stedsnr = 926496 has multiple (5) positions, using the first one!
utility_to_osm - WARNING - ssr:stedsnr = 926659 has multiple (3) positions, using the first one!
utility_to_osm - WARNING - ssr:stedsnr = 926667: No priority spelling found for lang = no, using alt_name to get "[('no', 'Åmundsskjæran')]"
utility_to_osm - WARNING - ssr:stedsnr = 926667 has multiple (2) positions, using the first one!
utility_to_osm - ERROR - ssr:stedsnr = 926933: Adding multiple names to name tag, this is not OK! name = "Babylonvatnet;Babylon"
utility_to_osm - WARNING - ssr:stedsnr = 926933 has multiple (2) positions, using the first one!
utility_to_osm - WARNING - ssr:stedsnr = 926950 has multiple (3) positions, using the first one!
utility_to_osm - WARNING - ssr:stedsnr = 926900: No priority spelling found for lang = no, using alt_name to get "[('no', 'Tranøya')]"
utility_to_osm - WARNING - ssr:stedsnr = 926900 has multiple (2) positions, using the first one!
utility_to_osm - WARNING - ssr:stedsnr = 926969: No priority spelling found for lang = no, using alt_name to get "[('no', 'Smedvika')]"
utility_to_osm - WARNING - ssr:stedsnr = 926969 has multiple (2) positions, using the first one!
utility_to_osm - WARNING - ssr:stedsnr = 896566 has multiple (2) positions, using the first one!
utility_to_osm - WARNING - ssr:stedsnr = 896772 has multiple (2) positions, using the first one!
utility_to_osm - WARNING - ssr:stedsnr = 925389 has multiple (2) positions, using the first one!
utility_to_osm - WARNING - ssr:stedsnr = 926256 has multiple (2) positions, using the first one!
utility_to_osm - WARNING - ssr:stedsnr = 926308 has multiple (2) positions, using the first one!
utility_to_osm - WARNING - ssr:stedsnr = 926517: No priority spelling found for lang = no, using alt_name to get "[('no', 'Olfotvatnet')]"
utility_to_osm - WARNING - ssr:stedsnr = 926517 has multiple (3) positions, using the first one!
utility_to_osm - WARNING - ssr:stedsnr = 926529: No priority spelling found for lang = no, using alt_name to get "[('no', 'Vikafjorden')]"
utility_to_osm - WARNING - ssr:stedsnr = 926529 has multiple (2) positions, using the first one!
utility_to_osm - WARNING - ssr:stedsnr = 926965: No priority spelling found for lang = no, using alt_name to get "[('no', 'Hestadsundet')]"
utility_to_osm - WARNING - ssr:stedsnr = 926965 has multiple (5) positions, using the first one!
utility_to_osm - WARNING - ssr:stedsnr = 955642 has multiple (2) positions, using the first one!
utility_to_osm - WARNING - ssr:stedsnr = 956343 has multiple (2) positions, using the first one!
utility_to_osm - WARNING - ssr:stedsnr = 956316 has multiple (2) positions, using the first one!
utility_to_osm - WARNING - ssr:stedsnr = 956300 has multiple (2) positions, using the first one!
utility_to_osm - WARNING - ssr:stedsnr = 957341 has multiple (2) positions, using the first one!
utility_to_osm - WARNING - ssr:stedsnr = 957347 has multiple (2) positions, using the first one!
utility_to_osm - WARNING - ssr:stedsnr = 957349 has multiple (2) positions, using the first one!
utility_to_osm - WARNING - ssr:stedsnr = 980542: No priority spelling found for lang = no, using alt_name to get "[('no', 'Havstein')]"
utility_to_osm - WARNING - ssr:stedsnr = 980543: No priority spelling found for lang = no, using alt_name to get "[('no', 'Havstein')]"
utility_to_osm - WARNING - ssr:stedsnr = 980544: No priority spelling found for lang = no, using alt_name to get "[('no', 'Havstein')]"
utility_to_osm - WARNING - ssr:stedsnr = 980545: No priority spelling found for lang = no, using alt_name to get "[('no', 'Havstein')]"
utility_to_osm - WARNING - ssr:stedsnr = 999415: No priority spelling found for lang = no, using alt_name to get "[('no', 'Breilandsveien')]"
utility_to_osm - ERROR - ssr:stedsnr = 999415. No positions found, skipping
utility_to_osm - WARNING - ssr:stedsnr = 999417: No priority spelling found for lang = no, using alt_name to get "[('no', 'Berfjordveien')]"
utility_to_osm - ERROR - ssr:stedsnr = 999417. No positions found, skipping
utility_to_osm - WARNING - ssr:stedsnr = 999420: No priority spelling found for lang = no, using alt_name to get "[('no', 'Øysundveien')]"
utility_to_osm - ERROR - ssr:stedsnr = 999420. No positions found, skipping
utility_to_osm - WARNING - ssr:stedsnr = 999422: No priority spelling found for lang = no, using alt_name to get "[('no', 'Tingstuveien')]"
utility_to_osm - ERROR - ssr:stedsnr = 999422. No positions found, skipping
utility_to_osm - WARNING - ssr:stedsnr = 999424: No priority spelling found for lang = no, using alt_name to get "[('no', 'Skoleveien')]"
utility_to_osm - ERROR - ssr:stedsnr = 999424. No positions found, skipping
utility_to_osm - WARNING - ssr:stedsnr = 999426: No priority spelling found for lang = no, using alt_name to get "[('no', 'Bjørnmoveien')]"
utility_to_osm - ERROR - ssr:stedsnr = 999426. No positions found, skipping
utility_to_osm - WARNING - ssr:stedsnr = 999427: No priority spelling found for lang = no, using alt_name to get "[('no', 'Kulvikveien')]"
utility_to_osm - ERROR - ssr:stedsnr = 999427. No positions found, skipping
utility_to_osm - WARNING - ssr:stedsnr = 999428: No priority spelling found for lang = no, using alt_name to get "[('no', 'Skeissjøen')]"
utility_to_osm - ERROR - ssr:stedsnr = 999428. No positions found, skipping
utility_to_osm - WARNING - ssr:stedsnr = 999429: No priority spelling found for lang = no, using alt_name to get "[('no', 'Lundstøveien')]"
utility_to_osm - ERROR - ssr:stedsnr = 999429. No positions found, skipping
utility_to_osm - WARNING - ssr:stedsnr = 999431: No priority spelling found for lang = no, using alt_name to get "[('no', 'Åkerøyveien')]"
utility_to_osm - ERROR - ssr:stedsnr = 999431. No positions found, skipping
utility_to_osm - WARNING - ssr:stedsnr = 999433: No priority spelling found for lang = no, using alt_name to get "[('no', 'Sjølystveien')]"
utility_to_osm - ERROR - ssr:stedsnr = 999433. No positions found, skipping
utility_to_osm - WARNING - ssr:stedsnr = 999436: No priority spelling found for lang = no, using alt_name to get "[('no', 'Bollhågjen')]"
utility_to_osm - ERROR - ssr:stedsnr = 999436. No positions found, skipping
utility_to_osm - WARNING - ssr:stedsnr = 999438: No priority spelling found for lang = no, using alt_name to get "[('no', 'Junsdalen')]"
utility_to_osm - ERROR - ssr:stedsnr = 999438. No positions found, skipping
utility_to_osm - WARNING - ssr:stedsnr = 999440: No priority spelling found for lang = no, using alt_name to get "[('no', 'Lillevikveien')]"
utility_to_osm - ERROR - ssr:stedsnr = 999440. No positions found, skipping
utility_to_osm - WARNING - ssr:stedsnr = 999441: No priority spelling found for lang = no, using alt_name to get "[('no', 'Solfjellveien')]"
utility_to_osm - ERROR - ssr:stedsnr = 999441. No positions found, skipping
utility_to_osm - WARNING - ssr:stedsnr = 999365: No priority spelling found for lang = no, using alt_name to get "[('no', 'Havsundveien')]"
utility_to_osm - ERROR - ssr:stedsnr = 999365. No positions found, skipping
utility_to_osm - WARNING - ssr:stedsnr = 999366: No priority spelling found for lang = no, using alt_name to get "[('no', 'Slapøya')]"
utility_to_osm - ERROR - ssr:stedsnr = 999366. No positions found, skipping
utility_to_osm - WARNING - ssr:stedsnr = 999368: No priority spelling found for lang = no, using alt_name to get "[('no', 'Storengøya')]"
utility_to_osm - WARNING - ssr:stedsnr = 999369: No priority spelling found for lang = no, using alt_name to get "[('no', 'Litlengøya')]"
utility_to_osm - WARNING - ssr:stedsnr = 999370: No priority spelling found for lang = no, using alt_name to get "[('no', 'Sørøya')]"
utility_to_osm - WARNING - ssr:stedsnr = 999372: No priority spelling found for lang = no, using alt_name to get "[('no', 'Helløya')]"
utility_to_osm - WARNING - ssr:stedsnr = 999373: No priority spelling found for lang = no, using alt_name to get "[('no', 'Sandøya')]"
utility_to_osm - WARNING - ssr:stedsnr = 999374: No priority spelling found for lang = no, using alt_name to get "[('no', 'Brattbåtstøøya')]"
utility_to_osm - WARNING - ssr:stedsnr = 999375: No priority spelling found for lang = no, using alt_name to get "[('no', 'Lissløvøya')]"
utility_to_osm - WARNING - ssr:stedsnr = 999376: No priority spelling found for lang = no, using alt_name to get "[('no', 'Kvitmåsøya')]"
utility_to_osm - WARNING - ssr:stedsnr = 999377: No priority spelling found for lang = no, using alt_name to get "[('no', 'Sandholmen')]"
utility_to_osm - WARNING - ssr:stedsnr = 999378: No priority spelling found for lang = no, using alt_name to get "[('no', 'Valstad')]"
utility_to_osm - WARNING - ssr:stedsnr = 999390: No priority spelling found for lang = no, using alt_name to get "[('no', 'Skagasjøen')]"
utility_to_osm - ERROR - ssr:stedsnr = 999390. No positions found, skipping
utility_to_osm - WARNING - ssr:stedsnr = 999566: No priority spelling found for lang = no, using alt_name to get "[('no', 'Hæstadveien')]"
utility_to_osm - ERROR - ssr:stedsnr = 999566. No positions found, skipping
utility_to_osm - WARNING - ssr:stedsnr = 15182 has multiple (3) positions, using the first one!
utility_to_osm - WARNING - ssr:stedsnr = 15053: No priority spelling found for lang = no, using alt_name to get "[('no', 'Ramnøya')]"
utility_to_osm - WARNING - ssr:stedsnr = 15053 has multiple (2) positions, using the first one!
utility_to_osm - WARNING - ssr:stedsnr = 15441 has multiple (2) positions, using the first one!
utility_to_osm - WARNING - ssr:stedsnr = 15942 has multiple (3) positions, using the first one!
utility_to_osm - WARNING - ssr:stedsnr = 15546 has multiple (5) positions, using the first one!
utility_to_osm - WARNING - ssr:stedsnr = 15551: No priority spelling found for lang = no, using alt_name to get "[('no', 'Raudholmen')]"
utility_to_osm - WARNING - ssr:stedsnr = 15558 has multiple (3) positions, using the first one!
utility_to_osm - WARNING - ssr:stedsnr = 15565 has multiple (3) positions, using the first one!
utility_to_osm - WARNING - ssr:stedsnr = 15568 has multiple (4) positions, using the first one!
utility_to_osm - WARNING - ssr:stedsnr = 15597 has multiple (4) positions, using the first one!
utility_to_osm - WARNING - ssr:stedsnr = 15632 has multiple (3) positions, using the first one!
utility_to_osm - WARNING - ssr:stedsnr = 15635 has multiple (3) positions, using the first one!
utility_to_osm - WARNING - ssr:stedsnr = 15638 has multiple (3) positions, using the first one!
utility_to_osm - WARNING - ssr:stedsnr = 15639 has multiple (4) positions, using the first one!
utility_to_osm - WARNING - ssr:stedsnr = 15893: No priority spelling found for lang = no, using alt_name to get "[('no', 'Langskjæret')]"
utility_to_osm - WARNING - ssr:stedsnr = 15953 has multiple (3) positions, using the first one!
utility_to_osm - WARNING - ssr:stedsnr = 15997: No priority spelling found for lang = no, using alt_name to get "[('no', 'Dønnmannen')]"
utility_to_osm - WARNING - ssr:stedsnr = 15997 has multiple (2) positions, using the first one!
utility_to_osm - WARNING - ssr:stedsnr = 16624 has multiple (3) positions, using the first one!
utility_to_osm - WARNING - ssr:stedsnr = 16638 has multiple (3) positions, using the first one!
utility_to_osm - WARNING - ssr:stedsnr = 38883 has multiple (2) positions, using the first one!
utility_to_osm - WARNING - ssr:stedsnr = 45647 has multiple (2) positions, using the first one!
utility_to_osm - WARNING - ssr:stedsnr = 45649 has multiple (2) positions, using the first one!
utility_to_osm - WARNING - ssr:stedsnr = 46382 has multiple (2) positions, using the first one!
utility_to_osm - WARNING - ssr:stedsnr = 46393 has multiple (2) positions, using the first one!
utility_to_osm - WARNING - ssr:stedsnr = 46326 has multiple (2) positions, using the first one!
utility_to_osm - WARNING - ssr:stedsnr = 46353 has multiple (2) positions, using the first one!
utility_to_osm - WARNING - ssr:stedsnr = 46355 has multiple (2) positions, using the first one!
utility_to_osm - WARNING - ssr:stedsnr = 76340 has multiple (2) positions, using the first one!
utility_to_osm - WARNING - ssr:stedsnr = 76413 has multiple (2) positions, using the first one!
utility_to_osm - WARNING - ssr:stedsnr = 76574 has multiple (3) positions, using the first one!
utility_to_osm - WARNING - ssr:stedsnr = 76580 has multiple (3) positions, using the first one!
utility_to_osm - WARNING - ssr:stedsnr = 76595 has multiple (3) positions, using the first one!
utility_to_osm - WARNING - ssr:stedsnr = 76681 has multiple (3) positions, using the first one!
utility_to_osm - WARNING - ssr:stedsnr = 76684 has multiple (3) positions, using the first one!
utility_to_osm - WARNING - ssr:stedsnr = 76527: No priority spelling found for lang = no, using alt_name to get "[('no', 'Nordbuøya')]"
utility_to_osm - WARNING - ssr:stedsnr = 76527 has multiple (3) positions, using the first one!
utility_to_osm - WARNING - ssr:stedsnr = 76634 has multiple (3) positions, using the first one!
utility_to_osm - WARNING - ssr:stedsnr = 76906 has multiple (3) positions, using the first one!
utility_to_osm - WARNING - ssr:stedsnr = 76687 has multiple (2) positions, using the first one!
utility_to_osm - WARNING - ssr:stedsnr = 76878: No priority spelling found for lang = no, using alt_name to get "[('no', 'Lissbukkholmen')]"
utility_to_osm - WARNING - ssr:stedsnr = 76990 has multiple (4) positions, using the first one!
utility_to_osm - WARNING - ssr:stedsnr = 76940 has multiple (2) positions, using the first one!
utility_to_osm - WARNING - ssr:stedsnr = 76944 has multiple (3) positions, using the first one!
utility_to_osm - WARNING - ssr:stedsnr = 76946 has multiple (4) positions, using the first one!
utility_to_osm - WARNING - ssr:stedsnr = 106455 has multiple (2) positions, using the first one!
utility_to_osm - WARNING - ssr:stedsnr = 106251 has multiple (2) positions, using the first one!
utility_to_osm - WARNING - ssr:stedsnr = 106262 has multiple (2) positions, using the first one!
utility_to_osm - WARNING - ssr:stedsnr = 107384 has multiple (2) positions, using the first one!
utility_to_osm - WARNING - ssr:stedsnr = 107386 has multiple (2) positions, using the first one!
utility_to_osm - WARNING - ssr:stedsnr = 107396 has multiple (2) positions, using the first one!
utility_to_osm - WARNING - ssr:stedsnr = 136525 has multiple (2) positions, using the first one!
utility_to_osm - WARNING - ssr:stedsnr = 136531 has multiple (4) positions, using the first one!
utility_to_osm - WARNING - ssr:stedsnr = 136540 has multiple (4) positions, using the first one!
utility_to_osm - WARNING - ssr:stedsnr = 136541 has multiple (2) positions, using the first one!
utility_to_osm - WARNING - ssr:stedsnr = 136542: No priority spelling found for lang = no, using alt_name to get "[('no', 'Burøygrunnen')]"
utility_to_osm - WARNING - ssr:stedsnr = 136622 has multiple (3) positions, using the first one!
utility_to_osm - WARNING - ssr:stedsnr = 136642 has multiple (3) positions, using the first one!
utility_to_osm - WARNING - ssr:stedsnr = 136390 has multiple (2) positions, using the first one!
utility_to_osm - WARNING - ssr:stedsnr = 136578 has multiple (2) positions, using the first one!
utility_to_osm - WARNING - ssr:stedsnr = 136581 has multiple (3) positions, using the first one!
utility_to_osm - WARNING - ssr:stedsnr = 136937: No priority spelling found for lang = no, using alt_name to get "[('no', 'Hølvollen')]"
utility_to_osm - WARNING - ssr:stedsnr = 136937 has multiple (2) positions, using the first one!
utility_to_osm - WARNING - ssr:stedsnr = 136968 has multiple (2) positions, using the first one!
utility_to_osm - WARNING - ssr:stedsnr = 137235 has multiple (2) positions, using the first one!
utility_to_osm - WARNING - ssr:stedsnr = 137557 has multiple (4) positions, using the first one!
utility_to_osm - WARNING - ssr:stedsnr = 146252: No priority spelling found for lang = no, using alt_name to get "[('no', 'Ramnøygrunnen')]"
utility_to_osm - WARNING - ssr:stedsnr = 167335 has multiple (2) positions, using the first one!
utility_to_osm - WARNING - ssr:stedsnr = 167351 has multiple (2) positions, using the first one!
utility_to_osm - WARNING - ssr:stedsnr = 167654 has multiple (2) positions, using the first one!
utility_to_osm - WARNING - ssr:stedsnr = 168385 has multiple (2) positions, using the first one!
utility_to_osm - WARNING - ssr:stedsnr = 197586: No priority spelling found for lang = no, using alt_name to get "[('no', 'Skogrinda')]"
utility_to_osm - WARNING - ssr:stedsnr = 197586 has multiple (2) positions, using the first one!
utility_to_osm - WARNING - ssr:stedsnr = 197391 has multiple (3) positions, using the first one!
utility_to_osm - WARNING - ssr:stedsnr = 197397 has multiple (2) positions, using the first one!
utility_to_osm - WARNING - ssr:stedsnr = 197563: No priority spelling found for lang = no, using alt_name to get "[('no', 'Storburøya')]"
utility_to_osm - WARNING - ssr:stedsnr = 197568: No priority spelling found for lang = no, using alt_name to get "[('no', 'Kopardal')]"
utility_to_osm - WARNING - ssr:stedsnr = 197573 has multiple (3) positions, using the first one!
utility_to_osm - WARNING - ssr:stedsnr = 197617 has multiple (3) positions, using the first one!
utility_to_osm - ERROR - ssr:stedsnr = 197619: Adding multiple names to name tag, this is not OK! name = "Nonsåsen;Våghågjen"
utility_to_osm - WARNING - ssr:stedsnr = 197619 has multiple (2) positions, using the first one!
utility_to_osm - WARNING - ssr:stedsnr = 197742 has multiple (2) positions, using the first one!
utility_to_osm - WARNING - ssr:stedsnr = 197744 has multiple (3) positions, using the first one!
utility_to_osm - WARNING - ssr:stedsnr = 197965 has multiple (3) positions, using the first one!
utility_to_osm - WARNING - ssr:stedsnr = 197976 has multiple (3) positions, using the first one!
utility_to_osm - WARNING - ssr:stedsnr = 197984 has multiple (3) positions, using the first one!
utility_to_osm - WARNING - ssr:stedsnr = 198156 has multiple (3) positions, using the first one!
utility_to_osm - WARNING - ssr:stedsnr = 288221 has multiple (2) positions, using the first one!
utility_to_osm - WARNING - ssr:stedsnr = 288229 has multiple (2) positions, using the first one!
utility_to_osm - WARNING - ssr:stedsnr = 288240 has multiple (2) positions, using the first one!
utility_to_osm - WARNING - ssr:stedsnr = 288260 has multiple (2) positions, using the first one!
utility_to_osm - WARNING - ssr:stedsnr = 288612 has multiple (2) positions, using the first one!
utility_to_osm - WARNING - ssr:stedsnr = 288629 has multiple (2) positions, using the first one!
utility_to_osm - WARNING - ssr:stedsnr = 289357 has multiple (2) positions, using the first one!
utility_to_osm - WARNING - ssr:stedsnr = 289372 has multiple (2) positions, using the first one!
utility_to_osm - WARNING - ssr:stedsnr = 289439 has multiple (2) positions, using the first one!
utility_to_osm - WARNING - ssr:stedsnr = 289392 has multiple (2) positions, using the first one!
utility_to_osm - WARNING - ssr:stedsnr = 318530: No priority spelling found for lang = no, using alt_name to get "[('no', 'Grimsøya')]"
utility_to_osm - WARNING - ssr:stedsnr = 318530 has multiple (3) positions, using the first one!
utility_to_osm - WARNING - ssr:stedsnr = 318622 has multiple (4) positions, using the first one!
utility_to_osm - WARNING - ssr:stedsnr = 318632 has multiple (3) positions, using the first one!
utility_to_osm - WARNING - ssr:stedsnr = 318386 has multiple (2) positions, using the first one!
utility_to_osm - ERROR - ssr:stedsnr = 318561: Adding multiple names to name tag, this is not OK! name = "Skagaklubben;Valstadklubben"
utility_to_osm - WARNING - ssr:stedsnr = 318561 has multiple (2) positions, using the first one!
utility_to_osm - WARNING - ssr:stedsnr = 318562 has multiple (3) positions, using the first one!
utility_to_osm - WARNING - ssr:stedsnr = 318567 has multiple (2) positions, using the first one!
utility_to_osm - WARNING - ssr:stedsnr = 318572 has multiple (2) positions, using the first one!
utility_to_osm - WARNING - ssr:stedsnr = 319671 has multiple (3) positions, using the first one!
utility_to_osm - WARNING - ssr:stedsnr = 319617 has multiple (3) positions, using the first one!
utility_to_osm - WARNING - ssr:stedsnr = 319628 has multiple (2) positions, using the first one!
utility_to_osm - WARNING - ssr:stedsnr = 319903 has multiple (3) positions, using the first one!
utility_to_osm - WARNING - ssr:stedsnr = 319948 has multiple (3) positions, using the first one!
utility_to_osm - ERROR - ssr:stedsnr = 319953: Adding multiple names to name tag, this is not OK! name = "Skardvatnet;Felivatnet"
utility_to_osm - ERROR - ssr:stedsnr = 319954: Adding multiple names to name tag, this is not OK! name = "Stormarka;Kjerkmyrhågjen"
utility_to_osm - WARNING - ssr:stedsnr = 319954 has multiple (2) positions, using the first one!
utility_to_osm - WARNING - ssr:stedsnr = 324554: No priority spelling found for lang = no, using alt_name to get "[('no', 'Naustneset')]"
utility_to_osm - ERROR - ssr:stedsnr = 328837: Adding multiple names to name tag, this is not OK! name = "Liss-Braken;Tvibåan"
utility_to_osm - WARNING - ssr:stedsnr = 328847 has multiple (2) positions, using the first one!
utility_to_osm - WARNING - ssr:stedsnr = 329989 has multiple (3) positions, using the first one!
utility_to_osm - WARNING - ssr:stedsnr = 349380 has multiple (2) positions, using the first one!
utility_to_osm - WARNING - ssr:stedsnr = 349399 has multiple (2) positions, using the first one!
utility_to_osm - WARNING - ssr:stedsnr = 350326 has multiple (2) positions, using the first one!
utility_to_osm - WARNING - ssr:stedsnr = 350341 has multiple (2) positions, using the first one!
utility_to_osm - WARNING - ssr:stedsnr = 379645 has multiple (3) positions, using the first one!
utility_to_osm - WARNING - ssr:stedsnr = 379659: No priority spelling found for lang = no, using alt_name to get "[('no', 'Rølvåg')]"
utility_to_osm - WARNING - ssr:stedsnr = 379054 has multiple (2) positions, using the first one!
utility_to_osm - WARNING - ssr:stedsnr = 379056 has multiple (3) positions, using the first one!
utility_to_osm - WARNING - ssr:stedsnr = 379187: No priority spelling found for lang = no, using alt_name to get "[('no', 'Tysvollen')]"
utility_to_osm - WARNING - ssr:stedsnr = 379187 has multiple (2) positions, using the first one!
utility_to_osm - WARNING - ssr:stedsnr = 379189 has multiple (3) positions, using the first one!
utility_to_osm - WARNING - ssr:stedsnr = 379325 has multiple (2) positions, using the first one!
utility_to_osm - WARNING - ssr:stedsnr = 379343 has multiple (2) positions, using the first one!
utility_to_osm - WARNING - ssr:stedsnr = 379351 has multiple (2) positions, using the first one!
utility_to_osm - WARNING - ssr:stedsnr = 379568: No priority spelling found for lang = no, using alt_name to get "[('no', 'Havstein')]"
utility_to_osm - WARNING - ssr:stedsnr = 379568 has multiple (3) positions, using the first one!
utility_to_osm - WARNING - ssr:stedsnr = 379582 has multiple (3) positions, using the first one!
utility_to_osm - WARNING - ssr:stedsnr = 379543 has multiple (3) positions, using the first one!
utility_to_osm - WARNING - ssr:stedsnr = 379547 has multiple (2) positions, using the first one!
utility_to_osm - WARNING - ssr:stedsnr = 379931 has multiple (3) positions, using the first one!
utility_to_osm - WARNING - ssr:stedsnr = 379956 has multiple (4) positions, using the first one!
utility_to_osm - WARNING - ssr:stedsnr = 380000 has multiple (2) positions, using the first one!
utility_to_osm - WARNING - ssr:stedsnr = 380254 has multiple (2) positions, using the first one!
utility_to_osm - WARNING - ssr:stedsnr = 380255 has multiple (2) positions, using the first one!
utility_to_osm - WARNING - ssr:stedsnr = 409262 has multiple (2) positions, using the first one!
utility_to_osm - WARNING - ssr:stedsnr = 409279 has multiple (2) positions, using the first one!
utility_to_osm - WARNING - ssr:stedsnr = 409469 has multiple (2) positions, using the first one!
utility_to_osm - WARNING - ssr:stedsnr = 410421 has multiple (2) positions, using the first one!
utility_to_osm - WARNING - ssr:stedsnr = 410435 has multiple (2) positions, using the first one!
utility_to_osm - WARNING - ssr:stedsnr = 410698 has multiple (2) positions, using the first one!
utility_to_osm - WARNING - ssr:stedsnr = 411331 has multiple (2) positions, using the first one!
utility_to_osm - WARNING - ssr:stedsnr = 440069 has multiple (3) positions, using the first one!
utility_to_osm - WARNING - ssr:stedsnr = 440078: No priority spelling found for lang = no, using alt_name to get "[('no', 'Storøya')]"
utility_to_osm - WARNING - ssr:stedsnr = 440078 has multiple (2) positions, using the first one!
utility_to_osm - WARNING - ssr:stedsnr = 440625 has multiple (3) positions, using the first one!
utility_to_osm - WARNING - ssr:stedsnr = 440378 has multiple (2) positions, using the first one!
utility_to_osm - WARNING - ssr:stedsnr = 440383 has multiple (4) positions, using the first one!
utility_to_osm - WARNING - ssr:stedsnr = 440583 has multiple (3) positions, using the first one!
utility_to_osm - WARNING - ssr:stedsnr = 440585 has multiple (2) positions, using the first one!
utility_to_osm - WARNING - ssr:stedsnr = 440662 has multiple (2) positions, using the first one!
utility_to_osm - WARNING - ssr:stedsnr = 440664: No priority spelling found for lang = no, using alt_name to get "[('no', 'Sør-Åkvika')]"
utility_to_osm - WARNING - ssr:stedsnr = 440766 has multiple (3) positions, using the first one!
utility_to_osm - WARNING - ssr:stedsnr = 440956: No priority spelling found for lang = no, using alt_name to get "[('no', 'Skagafjorden')]"
utility_to_osm - WARNING - ssr:stedsnr = 440956 has multiple (6) positions, using the first one!
utility_to_osm - WARNING - ssr:stedsnr = 440966: No priority spelling found for lang = no, using alt_name to get "[('no', 'Gjeva')]"
utility_to_osm - WARNING - ssr:stedsnr = 440996: No priority spelling found for lang = no, using alt_name to get "[('no', 'Einvika')]"
utility_to_osm - WARNING - ssr:stedsnr = 500600: No priority spelling found for lang = no, using alt_name to get "[('no', 'Steinskjæran')]"
utility_to_osm - WARNING - ssr:stedsnr = 500463 has multiple (2) positions, using the first one!
utility_to_osm - WARNING - ssr:stedsnr = 500471 has multiple (2) positions, using the first one!
utility_to_osm - WARNING - ssr:stedsnr = 500472 has multiple (2) positions, using the first one!
utility_to_osm - WARNING - ssr:stedsnr = 500476 has multiple (2) positions, using the first one!
utility_to_osm - WARNING - ssr:stedsnr = 500665 has multiple (2) positions, using the first one!
utility_to_osm - WARNING - ssr:stedsnr = 500667: No priority spelling found for lang = no, using alt_name to get "[('no', 'Åmundsskjæret')]"
utility_to_osm - WARNING - ssr:stedsnr = 500668 has multiple (3) positions, using the first one!
utility_to_osm - ERROR - ssr:stedsnr = 500672: Adding multiple names to name tag, this is not OK! name = "Skeisaksla;Urdberget"
utility_to_osm - WARNING - ssr:stedsnr = 501176 has multiple (3) positions, using the first one!
utility_to_osm - WARNING - ssr:stedsnr = 501521 has multiple (5) positions, using the first one!
utility_to_osm - WARNING - ssr:stedsnr = 501523 has multiple (3) positions, using the first one!
utility_to_osm - WARNING - ssr:stedsnr = 501600 has multiple (3) positions, using the first one!
utility_to_osm - WARNING - ssr:stedsnr = 501654 has multiple (2) positions, using the first one!
utility_to_osm - ERROR - ssr:stedsnr = 501858: Adding multiple names to name tag, this is not OK! name = "Åkvikfjellet;Middagsfjellet"
utility_to_osm - WARNING - ssr:stedsnr = 501858 has multiple (4) positions, using the first one!
utility_to_osm - WARNING - ssr:stedsnr = 501860: No priority spelling found for lang = no, using alt_name to get "[('no', 'Nord-Åkvika')]"
utility_to_osm - WARNING - ssr:stedsnr = 501872: No priority spelling found for lang = no, using alt_name to get "[('no', 'Stongholmen')]"
utility_to_osm - WARNING - ssr:stedsnr = 501944 has multiple (3) positions, using the first one!
utility_to_osm - ERROR - ssr:stedsnr = 501947. No positions found, skipping
utility_to_osm - ERROR - ssr:stedsnr = 501952: Adding multiple names to name tag, this is not OK! name = "Finnstranda;Stranden"
utility_to_osm - WARNING - ssr:stedsnr = 501952 has multiple (3) positions, using the first one!
utility_to_osm - WARNING - ssr:stedsnr = 511766: No priority spelling found for lang = se, using alt_name to get "[('no', 'Nordland fylke')]"
utility_to_osm - WARNING - ssr:stedsnr = 511766: No priority spelling found for lang = sma, using alt_name to get "[('no', 'Nordland fylke')]"
utility_to_osm - WARNING - ssr:stedsnr = 511766: No priority spelling found for lang = sma, using alt_name to get "[('no', 'Nordland fylke'), ('smj', 'Nordlánda fylkka')]"
utility_to_osm - WARNING - ssr:stedsnr = 511766 has multiple (14) positions, using the first one!
utility_to_osm - WARNING - ssr:stedsnr = 512751: No priority spelling found for lang = no, using alt_name to get "[('no', 'Lyngøyskolten')]"
utility_to_osm - WARNING - ssr:stedsnr = 521501 has multiple (2) positions, using the first one!
utility_to_osm - WARNING - ssr:stedsnr = 530681 has multiple (2) positions, using the first one!
utility_to_osm - WARNING - ssr:stedsnr = 531264 has multiple (2) positions, using the first one!
utility_to_osm - WARNING - ssr:stedsnr = 532333 has multiple (2) positions, using the first one!
utility_to_osm - WARNING - ssr:stedsnr = 532516 has multiple (2) positions, using the first one!
utility_to_osm - WARNING - ssr:stedsnr = 561049 has multiple (3) positions, using the first one!
utility_to_osm - WARNING - ssr:stedsnr = 561353 has multiple (2) positions, using the first one!
utility_to_osm - WARNING - ssr:stedsnr = 561366: No priority spelling found for lang = no, using alt_name to get "[('no', 'Sengsøya')]"
utility_to_osm - WARNING - ssr:stedsnr = 561507: No priority spelling found for lang = no, using alt_name to get "[('no', 'Lamøyskjæret')]"
utility_to_osm - WARNING - ssr:stedsnr = 561507 has multiple (3) positions, using the first one!
utility_to_osm - WARNING - ssr:stedsnr = 561512 has multiple (4) positions, using the first one!
utility_to_osm - WARNING - ssr:stedsnr = 561515: No priority spelling found for lang = no, using alt_name to get "[('no', 'Garnskjæret')]"
utility_to_osm - WARNING - ssr:stedsnr = 561515 has multiple (3) positions, using the first one!
utility_to_osm - WARNING - ssr:stedsnr = 561521 has multiple (4) positions, using the first one!
utility_to_osm - WARNING - ssr:stedsnr = 561585 has multiple (3) positions, using the first one!
utility_to_osm - WARNING - ssr:stedsnr = 561532 has multiple (3) positions, using the first one!
utility_to_osm - WARNING - ssr:stedsnr = 561538 has multiple (3) positions, using the first one!
utility_to_osm - WARNING - ssr:stedsnr = 561559: No priority spelling found for lang = no, using alt_name to get "[('no', 'Selvågsskjæret')]"
utility_to_osm - ERROR - ssr:stedsnr = 561560: Adding multiple names to name tag, this is not OK! name = "Kleiva;Høgåsen"
utility_to_osm - WARNING - ssr:stedsnr = 561569 has multiple (3) positions, using the first one!
utility_to_osm - WARNING - ssr:stedsnr = 561575: No priority spelling found for lang = no, using alt_name to get "[('no', 'Breivika')]"
utility_to_osm - WARNING - ssr:stedsnr = 561626 has multiple (3) positions, using the first one!
utility_to_osm - WARNING - ssr:stedsnr = 561628 has multiple (3) positions, using the first one!
utility_to_osm - WARNING - ssr:stedsnr = 561634 has multiple (3) positions, using the first one!
utility_to_osm - WARNING - ssr:stedsnr = 561655 has multiple (4) positions, using the first one!
utility_to_osm - WARNING - ssr:stedsnr = 561661 has multiple (2) positions, using the first one!
utility_to_osm - WARNING - ssr:stedsnr = 561673 has multiple (3) positions, using the first one!
utility_to_osm - WARNING - ssr:stedsnr = 561597 has multiple (2) positions, using the first one!
utility_to_osm - WARNING - ssr:stedsnr = 561598 has multiple (2) positions, using the first one!
utility_to_osm - WARNING - ssr:stedsnr = 561613 has multiple (4) positions, using the first one!
utility_to_osm - ERROR - ssr:stedsnr = 561620: Adding multiple names to name tag, this is not OK! name = "Risneset;Skogstad"
utility_to_osm - WARNING - ssr:stedsnr = 561620 has multiple (2) positions, using the first one!
utility_to_osm - WARNING - ssr:stedsnr = 561623 has multiple (3) positions, using the first one!
utility_to_osm - WARNING - ssr:stedsnr = 561678 has multiple (2) positions, using the first one!
utility_to_osm - WARNING - ssr:stedsnr = 561680 has multiple (3) positions, using the first one!
utility_to_osm - WARNING - ssr:stedsnr = 561684 has multiple (3) positions, using the first one!
utility_to_osm - WARNING - ssr:stedsnr = 561694 has multiple (3) positions, using the first one!
utility_to_osm - WARNING - ssr:stedsnr = 561741 has multiple (4) positions, using the first one!
utility_to_osm - WARNING - ssr:stedsnr = 561801 has multiple (3) positions, using the first one!
utility_to_osm - WARNING - ssr:stedsnr = 561878 has multiple (4) positions, using the first one!
utility_to_osm - WARNING - ssr:stedsnr = 561896: No priority spelling found for lang = no, using alt_name to get "[('no', 'Grønnholmen')]"
utility_to_osm - ERROR - ssr:stedsnr = 561935: Adding multiple names to name tag, this is not OK! name = "Flekkan;Almvik"
utility_to_osm - WARNING - ssr:stedsnr = 561935 has multiple (2) positions, using the first one!
utility_to_osm - WARNING - ssr:stedsnr = 561944: No priority spelling found for lang = no, using alt_name to get "[('no', 'Slåttarøyan')]"
utility_to_osm - WARNING - ssr:stedsnr = 561971 has multiple (3) positions, using the first one!
utility_to_osm - WARNING - ssr:stedsnr = 561972 has multiple (3) positions, using the first one!
utility_to_osm - WARNING - ssr:stedsnr = 576280: No priority spelling found for lang = no, using alt_name to get "[('no', 'Hammerneset')]"
utility_to_osm - WARNING - ssr:stedsnr = 591440 has multiple (2) positions, using the first one!
utility_to_osm - WARNING - ssr:stedsnr = 591449 has multiple (2) positions, using the first one!
utility_to_osm - WARNING - ssr:stedsnr = 591276 has multiple (2) positions, using the first one!
utility_to_osm - WARNING - ssr:stedsnr = 591633 has multiple (2) positions, using the first one!
utility_to_osm - WARNING - ssr:stedsnr = 592411 has multiple (2) positions, using the first one!
utility_to_osm - WARNING - ssr:stedsnr = 592416 has multiple (2) positions, using the first one!
utility_to_osm - WARNING - ssr:stedsnr = 592427 has multiple (2) positions, using the first one!
utility_to_osm - WARNING - ssr:stedsnr = 592389 has multiple (2) positions, using the first one!
utility_to_osm - WARNING - ssr:stedsnr = 621426: No priority spelling found for lang = no, using alt_name to get "[('no', 'Åmundsskjæret')]"
utility_to_osm - WARNING - ssr:stedsnr = 621426 has multiple (2) positions, using the first one!
utility_to_osm - WARNING - ssr:stedsnr = 621642 has multiple (3) positions, using the first one!
utility_to_osm - WARNING - ssr:stedsnr = 621664 has multiple (3) positions, using the first one!
utility_to_osm - WARNING - ssr:stedsnr = 622345 has multiple (2) positions, using the first one!
utility_to_osm - WARNING - ssr:stedsnr = 622357 has multiple (2) positions, using the first one!
utility_to_osm - WARNING - ssr:stedsnr = 622361 has multiple (2) positions, using the first one!
utility_to_osm - WARNING - ssr:stedsnr = 622526 has multiple (3) positions, using the first one!
utility_to_osm - WARNING - ssr:stedsnr = 622614 has multiple (3) positions, using the first one!
utility_to_osm - WARNING - ssr:stedsnr = 622977: No priority spelling found for lang = no, using alt_name to get "[('no', 'Hestadtinden')]"
utility_to_osm - WARNING - ssr:stedsnr = 622991 has multiple (3) positions, using the first one!
utility_to_osm - WARNING - ssr:stedsnr = 622950 has multiple (2) positions, using the first one!
utility_to_osm - WARNING - ssr:stedsnr = 652262 has multiple (2) positions, using the first one!
utility_to_osm - WARNING - ssr:stedsnr = 652727 has multiple (2) positions, using the first one!
utility_to_osm - WARNING - ssr:stedsnr = 653180: No priority spelling found for lang = no, using alt_name to get "[('no', 'Revholman')]"
utility_to_osm - ERROR - ssr:stedsnr = 653180. No positions found, skipping
utility_to_osm - WARNING - ssr:stedsnr = 653518 has multiple (2) positions, using the first one!
utility_to_osm - WARNING - ssr:stedsnr = 712459 has multiple (2) positions, using the first one!
utility_to_osm - WARNING - ssr:stedsnr = 714266 has multiple (2) positions, using the first one!
utility_to_osm - WARNING - ssr:stedsnr = 714326 has multiple (2) positions, using the first one!
utility_to_osm - WARNING - ssr:stedsnr = 714362 has multiple (2) positions, using the first one!
utility_to_osm - WARNING - ssr:stedsnr = 743197 has multiple (3) positions, using the first one!
utility_to_osm - WARNING - ssr:stedsnr = 743747: No priority spelling found for lang = no, using alt_name to get "[('no', 'Sengsskjæran')]"
utility_to_osm - WARNING - ssr:stedsnr = 743535 has multiple (3) positions, using the first one!
utility_to_osm - WARNING - ssr:stedsnr = 743544: No priority spelling found for lang = no, using alt_name to get "[('no', 'Breistrandvika')]"
utility_to_osm - WARNING - ssr:stedsnr = 743551 has multiple (4) positions, using the first one!
utility_to_osm - WARNING - ssr:stedsnr = 743642 has multiple (2) positions, using the first one!
utility_to_osm - ERROR - ssr:stedsnr = 743655: Adding multiple names to name tag, this is not OK! name = "Leiholmen;Leiholmskjæret"
utility_to_osm - WARNING - ssr:stedsnr = 743522 has multiple (3) positions, using the first one!
utility_to_osm - ERROR - ssr:stedsnr = 743524: Adding multiple names to name tag, this is not OK! name = "Bryggeskjæret;Heimeskjæret"
utility_to_osm - WARNING - ssr:stedsnr = 743524 has multiple (2) positions, using the first one!
utility_to_osm - WARNING - ssr:stedsnr = 743527 has multiple (4) positions, using the first one!
utility_to_osm - WARNING - ssr:stedsnr = 743621 has multiple (2) positions, using the first one!
utility_to_osm - WARNING - ssr:stedsnr = 743623 has multiple (3) positions, using the first one!
utility_to_osm - WARNING - ssr:stedsnr = 743801 has multiple (2) positions, using the first one!
utility_to_osm - WARNING - ssr:stedsnr = 743802: No priority spelling found for lang = no, using alt_name to get "[('no', 'Sundsstraumen')]"
utility_to_osm - WARNING - ssr:stedsnr = 743802 has multiple (2) positions, using the first one!
utility_to_osm - WARNING - ssr:stedsnr = 743981: No priority spelling found for lang = no, using alt_name to get "[('no', 'Hestad')]"
utility_to_osm - WARNING - ssr:stedsnr = 743955: No priority spelling found for lang = no, using alt_name to get "[('no', 'Breivika')]"
utility_to_osm - WARNING - ssr:stedsnr = 743955 has multiple (2) positions, using the first one!
utility_to_osm - WARNING - ssr:stedsnr = 744212 has multiple (2) positions, using the first one!
utility_to_osm - WARNING - ssr:stedsnr = 744644 has multiple (3) positions, using the first one!
utility_to_osm - WARNING - ssr:stedsnr = 744648 has multiple (3) positions, using the first one!
utility_to_osm - WARNING - ssr:stedsnr = 753434: No priority spelling found for lang = no, using alt_name to get "[('no', 'Solfjellsjøen')]"
utility_to_osm - WARNING - ssr:stedsnr = 755731: No priority spelling found for lang = no, using alt_name to get "[('no', 'Ternskjærgrunnen')]"
utility_to_osm - WARNING - ssr:stedsnr = 773657 has multiple (2) positions, using the first one!
utility_to_osm - WARNING - ssr:stedsnr = 773267: No priority spelling found for lang = no, using alt_name to get "[('no', 'Kopardalsgården')]"
utility_to_osm - WARNING - ssr:stedsnr = 774328 has multiple (2) positions, using the first one!
utility_to_osm - WARNING - ssr:stedsnr = 774331 has multiple (2) positions, using the first one!
utility_to_osm - WARNING - ssr:stedsnr = 775392 has multiple (2) positions, using the first one!
utility_to_osm - WARNING - ssr:stedsnr = 775394 has multiple (2) positions, using the first one!
utility_to_osm - WARNING - ssr:stedsnr = 780791: No priority spelling found for lang = no, using alt_name to get "[('no', 'Slåttskjæran')]"
utility_to_osm - WARNING - ssr:stedsnr = 804867 has multiple (3) positions, using the first one!
utility_to_osm - WARNING - ssr:stedsnr = 804527 has multiple (3) positions, using the first one!
utility_to_osm - WARNING - ssr:stedsnr = 804532 has multiple (3) positions, using the first one!
utility_to_osm - WARNING - ssr:stedsnr = 804549: No priority spelling found for lang = no, using alt_name to get "[('no', 'Lyngøya')]"
utility_to_osm - WARNING - ssr:stedsnr = 804549 has multiple (2) positions, using the first one!
utility_to_osm - WARNING - ssr:stedsnr = 804736: No priority spelling found for lang = no, using alt_name to get "[('no', 'Jomatsaskjæret')]"
utility_to_osm - WARNING - ssr:stedsnr = 804348 has multiple (3) positions, using the first one!
utility_to_osm - WARNING - ssr:stedsnr = 804396 has multiple (2) positions, using the first one!
utility_to_osm - ERROR - ssr:stedsnr = 804401: Adding multiple names to name tag, this is not OK! name = "Søråsværfjorden;Åsværfjorden"
utility_to_osm - WARNING - ssr:stedsnr = 804401 has multiple (6) positions, using the first one!
utility_to_osm - WARNING - ssr:stedsnr = 804564 has multiple (4) positions, using the first one!
utility_to_osm - WARNING - ssr:stedsnr = 804566: No priority spelling found for lang = no, using alt_name to get "[('no', 'Breistrand')]"
utility_to_osm - WARNING - ssr:stedsnr = 804573: No priority spelling found for lang = no, using alt_name to get "[('no', 'Revskjæran')]"
utility_to_osm - WARNING - ssr:stedsnr = 804581: No priority spelling found for lang = no, using alt_name to get "[('no', 'Lissrevholmen')]"
utility_to_osm - WARNING - ssr:stedsnr = 804581 has multiple (2) positions, using the first one!
utility_to_osm - WARNING - ssr:stedsnr = 804582: No priority spelling found for lang = no, using alt_name to get "[('no', 'Sildvikskjæret')]"
utility_to_osm - WARNING - ssr:stedsnr = 804582 has multiple (3) positions, using the first one!
utility_to_osm - WARNING - ssr:stedsnr = 804598 has multiple (2) positions, using the first one!
utility_to_osm - WARNING - ssr:stedsnr = 804600 has multiple (6) positions, using the first one!
utility_to_osm - WARNING - ssr:stedsnr = 804602 has multiple (4) positions, using the first one!
utility_to_osm - WARNING - ssr:stedsnr = 804619: No priority spelling found for lang = no, using alt_name to get "[('no', 'Kopardalsfjellet')]"
utility_to_osm - WARNING - ssr:stedsnr = 804619 has multiple (3) positions, using the first one!
utility_to_osm - WARNING - ssr:stedsnr = 804626 has multiple (3) positions, using the first one!
utility_to_osm - WARNING - ssr:stedsnr = 804631 has multiple (3) positions, using the first one!
utility_to_osm - WARNING - ssr:stedsnr = 804639 has multiple (3) positions, using the first one!
utility_to_osm - WARNING - ssr:stedsnr = 804644 has multiple (4) positions, using the first one!
utility_to_osm - WARNING - ssr:stedsnr = 804697 has multiple (2) positions, using the first one!
utility_to_osm - WARNING - ssr:stedsnr = 804699 has multiple (2) positions, using the first one!
utility_to_osm - WARNING - ssr:stedsnr = 804970: No priority spelling found for lang = no, using alt_name to get "[('no', 'Ternskjæret')]"
utility_to_osm - WARNING - ssr:stedsnr = 804970 has multiple (2) positions, using the first one!
utility_to_osm - WARNING - ssr:stedsnr = 804971: No priority spelling found for lang = no, using alt_name to get "[('no', 'Helløya')]"
utility_to_osm - WARNING - ssr:stedsnr = 804945 has multiple (3) positions, using the first one!
utility_to_osm - WARNING - ssr:stedsnr = 804949: No priority spelling found for lang = no, using alt_name to get "[('no', 'Strauma')]"
utility_to_osm - WARNING - ssr:stedsnr = 834274 has multiple (2) positions, using the first one!
utility_to_osm - WARNING - ssr:stedsnr = 834276 has multiple (2) positions, using the first one!
utility_to_osm - WARNING - ssr:stedsnr = 834304 has multiple (2) positions, using the first one!
utility_to_osm - WARNING - ssr:stedsnr = 834644 has multiple (2) positions, using the first one!
utility_to_osm - WARNING - ssr:stedsnr = 834671 has multiple (2) positions, using the first one!
utility_to_osm - WARNING - ssr:stedsnr = 835254 has multiple (2) positions, using the first one!
utility_to_osm - WARNING - ssr:stedsnr = 835358 has multiple (2) positions, using the first one!
utility_to_osm - WARNING - ssr:stedsnr = 835445 has multiple (2) positions, using the first one!
utility_to_osm - WARNING - ssr:stedsnr = 835725: No priority spelling found for lang = no, using alt_name to get "[('no', 'Koparholmsundet')]"
utility_to_osm - WARNING - ssr:stedsnr = 835725 has multiple (2) positions, using the first one!
utility_to_osm - WARNING - ssr:stedsnr = 836268 has multiple (2) positions, using the first one!
utility_to_osm - WARNING - ssr:stedsnr = 865010 has multiple (3) positions, using the first one!
utility_to_osm - WARNING - ssr:stedsnr = 865011 has multiple (4) positions, using the first one!
utility_to_osm - WARNING - ssr:stedsnr = 865062: No priority spelling found for lang = no, using alt_name to get "[('no', 'Buøya')]"
utility_to_osm - WARNING - ssr:stedsnr = 865062 has multiple (2) positions, using the first one!
utility_to_osm - WARNING - ssr:stedsnr = 865212 has multiple (2) positions, using the first one!
utility_to_osm - WARNING - ssr:stedsnr = 865366 has multiple (2) positions, using the first one!
utility_to_osm - WARNING - ssr:stedsnr = 865367 has multiple (2) positions, using the first one!
utility_to_osm - WARNING - ssr:stedsnr = 865396 has multiple (2) positions, using the first one!
utility_to_osm - WARNING - ssr:stedsnr = 865407 has multiple (2) positions, using the first one!
utility_to_osm - WARNING - ssr:stedsnr = 865436 has multiple (2) positions, using the first one!
utility_to_osm - WARNING - ssr:stedsnr = 865437 has multiple (4) positions, using the first one!
utility_to_osm - WARNING - ssr:stedsnr = 865571: No priority spelling found for lang = no, using alt_name to get "[('no', 'Hoholmskjæret')]"
utility_to_osm - WARNING - ssr:stedsnr = 865571 has multiple (3) positions, using the first one!
utility_to_osm - WARNING - ssr:stedsnr = 865592 has multiple (3) positions, using the first one!
utility_to_osm - WARNING - ssr:stedsnr = 865593 has multiple (3) positions, using the first one!
utility_to_osm - WARNING - ssr:stedsnr = 865604 has multiple (2) positions, using the first one!
utility_to_osm - WARNING - ssr:stedsnr = 865609 has multiple (3) positions, using the first one!
utility_to_osm - WARNING - ssr:stedsnr = 865615 has multiple (3) positions, using the first one!
utility_to_osm - WARNING - ssr:stedsnr = 865688 has multiple (3) positions, using the first one!
utility_to_osm - WARNING - ssr:stedsnr = 865697: No priority spelling found for lang = no, using alt_name to get "[('no', 'Buøya')]"
utility_to_osm - WARNING - ssr:stedsnr = 865523: No priority spelling found for lang = no, using alt_name to get "[('no', 'Gjæsøyskjæran')]"
utility_to_osm - WARNING - ssr:stedsnr = 865528 has multiple (3) positions, using the first one!
utility_to_osm - WARNING - ssr:stedsnr = 865761 has multiple (2) positions, using the first one!
utility_to_osm - WARNING - ssr:stedsnr = 865783 has multiple (4) positions, using the first one!
utility_to_osm - ERROR - ssr:stedsnr = 865882: Adding multiple names to name tag, this is not OK! name = "Storbukkholmen;Bukkholmen"
utility_to_osm - WARNING - ssr:stedsnr = 865938 has multiple (3) positions, using the first one!
utility_to_osm - WARNING - ssr:stedsnr = 865950: No priority spelling found for lang = no, using alt_name to get "[('no', 'Lyngøya')]"
utility_to_osm - WARNING - ssr:stedsnr = 865966 has multiple (2) positions, using the first one!
utility_to_osm - WARNING - ssr:stedsnr = 874861 has multiple (2) positions, using the first one!
utility_to_osm - WARNING - ssr:stedsnr = 875288: No priority spelling found for lang = no, using alt_name to get "[('no', 'Buøyskolten')]"
utility_to_osm - WARNING - ssr:stedsnr = 876744: No priority spelling found for lang = no, using alt_name to get "[('no', 'Nautøygrunnen')]"
utility_to_osm - ERROR - ssr:stedsnr = 941273: Adding multiple names to name tag, this is not OK! name = "Valen;Skagavalen"
utility_to_osm - WARNING - ssr:stedsnr = 941273 has multiple (2) positions, using the first one!
utility_to_osm - WARNING - ssr:stedsnr = 955652 has multiple (2) positions, using the first one!
utility_to_osm - WARNING - ssr:stedsnr = 955675 has multiple (2) positions, using the first one!
utility_to_osm - WARNING - ssr:stedsnr = 955730 has multiple (2) positions, using the first one!
utility_to_osm - WARNING - ssr:stedsnr = 956269 has multiple (2) positions, using the first one!
utility_to_osm - WARNING - ssr:stedsnr = 957374 has multiple (2) positions, using the first one!
utility_to_osm - WARNING - ssr:stedsnr = 957378 has multiple (2) positions, using the first one!
utility_to_osm - WARNING - ssr:stedsnr = 980271: No priority spelling found for lang = no, using alt_name to get "[('no', 'Kopardal')]"
utility_to_osm - WARNING - ssr:stedsnr = 980272: No priority spelling found for lang = no, using alt_name to get "[('no', 'Kopardal')]"
utility_to_osm - WARNING - ssr:stedsnr = 980273: No priority spelling found for lang = no, using alt_name to get "[('no', 'Kopardal')]"
utility_to_osm - WARNING - ssr:stedsnr = 980259: No priority spelling found for lang = no, using alt_name to get "[('no', 'Hestad')]"
utility_to_osm - WARNING - ssr:stedsnr = 980270: No priority spelling found for lang = no, using alt_name to get "[('no', 'Hestad')]"
utility_to_osm - WARNING - ssr:stedsnr = 999345: No priority spelling found for lang = no, using alt_name to get "[('no', 'Langøya')]"
utility_to_osm - WARNING - ssr:stedsnr = 999346: No priority spelling found for lang = no, using alt_name to get "[('no', 'Ormsøya')]"
utility_to_osm - WARNING - ssr:stedsnr = 999348: No priority spelling found for lang = no, using alt_name to get "[('no', 'Æsøya')]"
utility_to_osm - WARNING - ssr:stedsnr = 999349: No priority spelling found for lang = no, using alt_name to get "[('no', 'Kjeøya')]"
utility_to_osm - WARNING - ssr:stedsnr = 999350: No priority spelling found for lang = no, using alt_name to get "[('no', 'Seterbuøya')]"
utility_to_osm - WARNING - ssr:stedsnr = 999352: No priority spelling found for lang = no, using alt_name to get "[('no', 'Utøya')]"
utility_to_osm - WARNING - ssr:stedsnr = 999353: No priority spelling found for lang = no, using alt_name to get "[('no', 'Storøya')]"
utility_to_osm - WARNING - ssr:stedsnr = 999355: No priority spelling found for lang = no, using alt_name to get "[('no', 'Buøya')]"
utility_to_osm - WARNING - ssr:stedsnr = 999357: No priority spelling found for lang = no, using alt_name to get "[('no', 'Havstein')]"
utility_to_osm - WARNING - ssr:stedsnr = 999358: No priority spelling found for lang = no, using alt_name to get "[('no', 'Lissvandve')]"
utility_to_osm - WARNING - ssr:stedsnr = 999359: No priority spelling found for lang = no, using alt_name to get "[('no', 'Skorpa')]"
utility_to_osm - WARNING - ssr:stedsnr = 999360: No priority spelling found for lang = no, using alt_name to get "[('no', 'Løvøya')]"
utility_to_osm - WARNING - ssr:stedsnr = 999361: No priority spelling found for lang = no, using alt_name to get "[('no', 'Varhaugveien')]"
utility_to_osm - ERROR - ssr:stedsnr = 999361. No positions found, skipping
utility_to_osm - WARNING - ssr:stedsnr = 999363: No priority spelling found for lang = no, using alt_name to get "[('no', 'Risnesveien')]"
utility_to_osm - ERROR - ssr:stedsnr = 999363. No positions found, skipping
utility_to_osm - WARNING - ssr:stedsnr = 999443: No priority spelling found for lang = no, using alt_name to get "[('no', 'Skjøråsen')]"
utility_to_osm - ERROR - ssr:stedsnr = 999443. No positions found, skipping
utility_to_osm - WARNING - ssr:stedsnr = 999445: No priority spelling found for lang = no, using alt_name to get "[('no', 'Kaibakken')]"
utility_to_osm - ERROR - ssr:stedsnr = 999445. No positions found, skipping
utility_to_osm - WARNING - ssr:stedsnr = 999447: No priority spelling found for lang = no, using alt_name to get "[('no', 'Karlsholmveien')]"
utility_to_osm - ERROR - ssr:stedsnr = 999447. No positions found, skipping
utility_to_osm - WARNING - ssr:stedsnr = 999450: No priority spelling found for lang = no, using alt_name to get "[('no', 'Hansineveien')]"
utility_to_osm - ERROR - ssr:stedsnr = 999450. No positions found, skipping
utility_to_osm - WARNING - ssr:stedsnr = 999452: No priority spelling found for lang = no, using alt_name to get "[('no', 'Naustveien')]"
utility_to_osm - ERROR - ssr:stedsnr = 999452. No positions found, skipping
utility_to_osm - WARNING - ssr:stedsnr = 999454: No priority spelling found for lang = no, using alt_name to get "[('no', 'Åssletta')]"
utility_to_osm - ERROR - ssr:stedsnr = 999454. No positions found, skipping
utility_to_osm - WARNING - ssr:stedsnr = 999393: No priority spelling found for lang = no, using alt_name to get "[('no', 'Klubbveien')]"
utility_to_osm - ERROR - ssr:stedsnr = 999393. No positions found, skipping
utility_to_osm - WARNING - ssr:stedsnr = 999396: No priority spelling found for lang = no, using alt_name to get "[('no', 'Sørvikaveien')]"
utility_to_osm - ERROR - ssr:stedsnr = 999396. No positions found, skipping
utility_to_osm - WARNING - ssr:stedsnr = 999399: No priority spelling found for lang = no, using alt_name to get "[('no', 'Krunhaugen')]"
utility_to_osm - ERROR - ssr:stedsnr = 999399. No positions found, skipping
utility_to_osm - WARNING - ssr:stedsnr = 999401: No priority spelling found for lang = no, using alt_name to get "[('no', 'Vågsveien')]"
utility_to_osm - ERROR - ssr:stedsnr = 999401. No positions found, skipping
utility_to_osm - WARNING - ssr:stedsnr = 999403: No priority spelling found for lang = no, using alt_name to get "[('no', 'Korsmoveien')]"
utility_to_osm - ERROR - ssr:stedsnr = 999403. No positions found, skipping
utility_to_osm - WARNING - ssr:stedsnr = 999404: No priority spelling found for lang = no, using alt_name to get "[('no', 'Hølaveien')]"
utility_to_osm - ERROR - ssr:stedsnr = 999404. No positions found, skipping
utility_to_osm - WARNING - ssr:stedsnr = 999406: No priority spelling found for lang = no, using alt_name to get "[('no', 'Skagaveien')]"
utility_to_osm - ERROR - ssr:stedsnr = 999406. No positions found, skipping
utility_to_osm - WARNING - ssr:stedsnr = 999410: No priority spelling found for lang = no, using alt_name to get "[('no', 'Kvitbergveien')]"
utility_to_osm - ERROR - ssr:stedsnr = 999410. No positions found, skipping
utility_to_osm - WARNING - ssr:stedsnr = 999413: No priority spelling found for lang = no, using alt_name to get "[('no', 'Jektliveien')]"
utility_to_osm - ERROR - ssr:stedsnr = 999413. No positions found, skipping
utility_to_osm - WARNING - ssr:stedsnr = 999465: No priority spelling found for lang = no, using alt_name to get "[('no', 'Myrveien')]"
utility_to_osm - ERROR - ssr:stedsnr = 999465. No positions found, skipping
utility_to_osm - WARNING - ssr:stedsnr = 999467: No priority spelling found for lang = no, using alt_name to get "[('no', 'Skartunveien')]"
utility_to_osm - ERROR - ssr:stedsnr = 999467. No positions found, skipping
utility_to_osm - WARNING - ssr:stedsnr = 999468: No priority spelling found for lang = no, using alt_name to get "[('no', 'Nordøyveien')]"
utility_to_osm - ERROR - ssr:stedsnr = 999468. No positions found, skipping
utility_to_osm - WARNING - ssr:stedsnr = 999469: No priority spelling found for lang = no, using alt_name to get "[('no', 'Gleinsvågveien')]"
utility_to_osm - ERROR - ssr:stedsnr = 999469. No positions found, skipping
utility_to_osm - WARNING - ssr:stedsnr = 999471: No priority spelling found for lang = no, using alt_name to get "[('no', 'Klæboveien')]"
utility_to_osm - ERROR - ssr:stedsnr = 999471. No positions found, skipping
utility_to_osm - WARNING - ssr:stedsnr = 999474: No priority spelling found for lang = no, using alt_name to get "[('no', 'Dønnesveien')]"
utility_to_osm - ERROR - ssr:stedsnr = 999474. No positions found, skipping
utility_to_osm - WARNING - ssr:stedsnr = 999476: No priority spelling found for lang = no, using alt_name to get "[('no', 'Ole Rølvaags vei')]"
utility_to_osm - ERROR - ssr:stedsnr = 999476. No positions found, skipping
utility_to_osm - WARNING - ssr:stedsnr = 999479: No priority spelling found for lang = no, using alt_name to get "[('no', 'Stavsengveien')]"
utility_to_osm - ERROR - ssr:stedsnr = 999479. No positions found, skipping
utility_to_osm - WARNING - ssr:stedsnr = 999482: No priority spelling found for lang = no, using alt_name to get "[('no', 'Stormyrveien')]"
utility_to_osm - ERROR - ssr:stedsnr = 999482. No positions found, skipping
utility_to_osm - WARNING - ssr:stedsnr = 999485: No priority spelling found for lang = no, using alt_name to get "[('no', 'Volnesveien')]"
utility_to_osm - ERROR - ssr:stedsnr = 999485. No positions found, skipping
utility_to_osm - WARNING - ssr:stedsnr = 999489: No priority spelling found for lang = no, using alt_name to get "[('no', 'Klipaveien')]"
utility_to_osm - ERROR - ssr:stedsnr = 999489. No positions found, skipping
utility_to_osm - WARNING - ssr:stedsnr = 999491: No priority spelling found for lang = no, using alt_name to get "[('no', 'Trettøyveien')]"
utility_to_osm - ERROR - ssr:stedsnr = 999491. No positions found, skipping
utility_to_osm - WARNING - ssr:stedsnr = 999492: No priority spelling found for lang = no, using alt_name to get "[('no', 'Partanveien')]"
utility_to_osm - ERROR - ssr:stedsnr = 999492. No positions found, skipping
utility_to_osm - WARNING - ssr:stedsnr = 999494: No priority spelling found for lang = no, using alt_name to get "[('no', 'Instøyveien')]"
utility_to_osm - ERROR - ssr:stedsnr = 999494. No positions found, skipping
utility_to_osm - WARNING - ssr:stedsnr = 999496: No priority spelling found for lang = no, using alt_name to get "[('no', 'Jektvikveien')]"
utility_to_osm - ERROR - ssr:stedsnr = 999496. No positions found, skipping
utility_to_osm - WARNING - ssr:stedsnr = 999497: No priority spelling found for lang = no, using alt_name to get "[('no', 'Sundsveien')]"
utility_to_osm - ERROR - ssr:stedsnr = 999497. No positions found, skipping
utility_to_osm - WARNING - ssr:stedsnr = 999498: No priority spelling found for lang = no, using alt_name to get "[('no', 'Hovsveien')]"
utility_to_osm - ERROR - ssr:stedsnr = 999498. No positions found, skipping
utility_to_osm - WARNING - ssr:stedsnr = 999500: No priority spelling found for lang = no, using alt_name to get "[('no', 'Kjerkveien')]"
utility_to_osm - ERROR - ssr:stedsnr = 999500. No positions found, skipping
utility_to_osm - WARNING - ssr:stedsnr = 999501: No priority spelling found for lang = no, using alt_name to get "[('no', 'Vandveveien')]"
utility_to_osm - ERROR - ssr:stedsnr = 999501. No positions found, skipping
utility_to_osm - WARNING - ssr:stedsnr = 999502: No priority spelling found for lang = no, using alt_name to get "[('no', 'Vikaveien')]"
utility_to_osm - ERROR - ssr:stedsnr = 999502. No positions found, skipping
utility_to_osm - WARNING - ssr:stedsnr = 999503: No priority spelling found for lang = no, using alt_name to get "[('no', 'Breivikveien')]"
utility_to_osm - ERROR - ssr:stedsnr = 999503. No positions found, skipping
utility_to_osm - WARNING - ssr:stedsnr = 999504: No priority spelling found for lang = no, using alt_name to get "[('no', 'Hornsveien')]"
utility_to_osm - ERROR - ssr:stedsnr = 999504. No positions found, skipping
utility_to_osm - WARNING - ssr:stedsnr = 999507: No priority spelling found for lang = no, using alt_name to get "[('no', 'Båtnesveien')]"
utility_to_osm - ERROR - ssr:stedsnr = 999507. No positions found, skipping
utility_to_osm - WARNING - ssr:stedsnr = 999509: No priority spelling found for lang = no, using alt_name to get "[('no', 'Engevika')]"
utility_to_osm - ERROR - ssr:stedsnr = 999509. No positions found, skipping
utility_to_osm - WARNING - ssr:stedsnr = 999510: No priority spelling found for lang = no, using alt_name to get "[('no', 'Sandstrakveien')]"
utility_to_osm - ERROR - ssr:stedsnr = 999510. No positions found, skipping
utility_to_osm - WARNING - ssr:stedsnr = 999511: No priority spelling found for lang = no, using alt_name to get "[('no', 'Kopardalsveien')]"
utility_to_osm - ERROR - ssr:stedsnr = 999511. No positions found, skipping
utility_to_osm - WARNING - ssr:stedsnr = 999512: No priority spelling found for lang = no, using alt_name to get "[('no', 'Sandåkerveien')]"
utility_to_osm - ERROR - ssr:stedsnr = 999512. No positions found, skipping
utility_to_osm - WARNING - ssr:stedsnr = 999563: No priority spelling found for lang = no, using alt_name to get "[('no', 'Dønnaveien')]"
utility_to_osm - ERROR - ssr:stedsnr = 999563. No positions found, skipping
utility_to_osm - WARNING - ssr:stedsnr = 999456: No priority spelling found for lang = no, using alt_name to get "[('no', 'Snekkaråsen')]"
utility_to_osm - ERROR - ssr:stedsnr = 999456. No positions found, skipping
utility_to_osm - WARNING - ssr:stedsnr = 999458: No priority spelling found for lang = no, using alt_name to get "[('no', 'Sørøyveien')]"
utility_to_osm - ERROR - ssr:stedsnr = 999458. No positions found, skipping
utility_to_osm - WARNING - ssr:stedsnr = 999460: No priority spelling found for lang = no, using alt_name to get "[('no', 'Aksel Storviks vei')]"
utility_to_osm - ERROR - ssr:stedsnr = 999460. No positions found, skipping
utility_to_osm - WARNING - ssr:stedsnr = 999461: No priority spelling found for lang = no, using alt_name to get "[('no', 'Stuåsen')]"
utility_to_osm - ERROR - ssr:stedsnr = 999461. No positions found, skipping
utility_to_osm - WARNING - ssr:stedsnr = 999462: No priority spelling found for lang = no, using alt_name to get "[('no', 'Åkermyrveien')]"
utility_to_osm - ERROR - ssr:stedsnr = 999462. No positions found, skipping
utility_to_osm - WARNING - ssr:stedsnr = 999463: No priority spelling found for lang = no, using alt_name to get "[('no', 'Brandsnesveien')]"
utility_to_osm - ERROR - ssr:stedsnr = 999463. No positions found, skipping
utility_to_osm - WARNING - ssr:stedsnr = 1081574: No priority spelling found for lang = no, using alt_name to get "[('no', 'Åkvika')]"
