utility_to_osm - WARNING - ssr:stedsnr = 4535 has multiple (3) positions, using the first one!
utility_to_osm - WARNING - ssr:stedsnr = 4601 has multiple (2) positions, using the first one!
utility_to_osm - WARNING - ssr:stedsnr = 4673 has multiple (2) positions, using the first one!
utility_to_osm - WARNING - ssr:stedsnr = 5509: No priority spelling found for lang = no, using alt_name to get "[('no', 'Tyrhovdbue')]"
utility_to_osm - WARNING - ssr:stedsnr = 5509 has multiple (2) positions, using the first one!
utility_to_osm - WARNING - ssr:stedsnr = 5514 has multiple (3) positions, using the first one!
utility_to_osm - WARNING - ssr:stedsnr = 5519: No priority spelling found for lang = no, using alt_name to get "[('no', 'Bustadtjønnan')]"
utility_to_osm - WARNING - ssr:stedsnr = 5766 has multiple (2) positions, using the first one!
utility_to_osm - WARNING - ssr:stedsnr = 5771 has multiple (2) positions, using the first one!
utility_to_osm - WARNING - ssr:stedsnr = 5904 has multiple (2) positions, using the first one!
utility_to_osm - WARNING - ssr:stedsnr = 6059: No priority spelling found for lang = no, using alt_name to get "[('no', 'Hæratjønn')]"
utility_to_osm - WARNING - ssr:stedsnr = 6059 has multiple (2) positions, using the first one!
utility_to_osm - WARNING - ssr:stedsnr = 6273 has multiple (2) positions, using the first one!
utility_to_osm - WARNING - ssr:stedsnr = 6472: No priority spelling found for lang = no, using alt_name to get "[('no', 'Gymletjønne')]"
utility_to_osm - WARNING - ssr:stedsnr = 6476 has multiple (3) positions, using the first one!
utility_to_osm - WARNING - ssr:stedsnr = 6493 has multiple (3) positions, using the first one!
utility_to_osm - WARNING - ssr:stedsnr = 6501 has multiple (6) positions, using the first one!
utility_to_osm - ERROR - ssr:stedsnr = 6503: Adding multiple names to name tag, this is not OK! name = "Torsrudseter;Koggestadsetre"
utility_to_osm - WARNING - ssr:stedsnr = 6503 has multiple (3) positions, using the first one!
utility_to_osm - WARNING - ssr:stedsnr = 6506 has multiple (2) positions, using the first one!
utility_to_osm - WARNING - ssr:stedsnr = 6508: No priority spelling found for lang = no, using alt_name to get "[('no', 'Øvre Gvammen')]"
utility_to_osm - WARNING - ssr:stedsnr = 6508 has multiple (2) positions, using the first one!
utility_to_osm - WARNING - ssr:stedsnr = 7206 has multiple (2) positions, using the first one!
utility_to_osm - WARNING - ssr:stedsnr = 237764 has multiple (3) positions, using the first one!
utility_to_osm - WARNING - ssr:stedsnr = 65634 has multiple (2) positions, using the first one!
utility_to_osm - WARNING - ssr:stedsnr = 65636 has multiple (2) positions, using the first one!
utility_to_osm - WARNING - ssr:stedsnr = 65640 has multiple (4) positions, using the first one!
utility_to_osm - WARNING - ssr:stedsnr = 65651 has multiple (2) positions, using the first one!
utility_to_osm - WARNING - ssr:stedsnr = 65539 has multiple (2) positions, using the first one!
utility_to_osm - WARNING - ssr:stedsnr = 65861 has multiple (2) positions, using the first one!
utility_to_osm - WARNING - ssr:stedsnr = 65903 has multiple (2) positions, using the first one!
utility_to_osm - WARNING - ssr:stedsnr = 65920: No priority spelling found for lang = no, using alt_name to get "[('no', 'Vetterhuslie'), ('no', 'Lie')]"
utility_to_osm - ERROR - ssr:stedsnr = 65920: Adding multiple names to name tag, this is not OK! name = "Vetterhuslie;Lie"
utility_to_osm - WARNING - ssr:stedsnr = 65953 has multiple (2) positions, using the first one!
utility_to_osm - WARNING - ssr:stedsnr = 65961: No priority spelling found for lang = no, using alt_name to get "[('no', 'Nutesetre')]"
utility_to_osm - WARNING - ssr:stedsnr = 65961 has multiple (2) positions, using the first one!
utility_to_osm - WARNING - ssr:stedsnr = 66302 has multiple (2) positions, using the first one!
utility_to_osm - WARNING - ssr:stedsnr = 66352 has multiple (3) positions, using the first one!
utility_to_osm - ERROR - invalid name_status = "avslått navnevalg"
utility_to_osm - ERROR - invalid name_status = "avslått navnevalg"
utility_to_osm - ERROR - invalid name_status = "avslått navnevalg"
utility_to_osm - WARNING - ssr:stedsnr = 66362: No priority spelling found for lang = no, using alt_name to get "[('no', 'Nedre Ræpehol')]"
utility_to_osm - WARNING - ssr:stedsnr = 66362 has multiple (2) positions, using the first one!
utility_to_osm - WARNING - ssr:stedsnr = 66048: No priority spelling found for lang = no, using alt_name to get "[('no', 'Halstjønn')]"
utility_to_osm - WARNING - ssr:stedsnr = 66049: No priority spelling found for lang = no, using alt_name to get "[('no', 'Gamleseternuten')]"
utility_to_osm - WARNING - ssr:stedsnr = 66049 has multiple (3) positions, using the first one!
utility_to_osm - WARNING - ssr:stedsnr = 66794 has multiple (3) positions, using the first one!
utility_to_osm - WARNING - ssr:stedsnr = 67050 has multiple (2) positions, using the first one!
utility_to_osm - WARNING - ssr:stedsnr = 67002 has multiple (2) positions, using the first one!
utility_to_osm - ERROR - invalid name_status = "avslått navnevalg"
utility_to_osm - ERROR - invalid name_status = "avslått navnevalg"
utility_to_osm - ERROR - invalid name_status = "avslått navnevalg"
utility_to_osm - WARNING - ssr:stedsnr = 67348: No priority spelling found for lang = no, using alt_name to get "[('no', 'Liaset'), ('no', 'Sundbulisetre')]"
utility_to_osm - ERROR - ssr:stedsnr = 67348: Adding multiple names to name tag, this is not OK! name = "Liaset;Sundbulisetre"
utility_to_osm - WARNING - ssr:stedsnr = 67348 has multiple (2) positions, using the first one!
utility_to_osm - WARNING - ssr:stedsnr = 67519 has multiple (3) positions, using the first one!
utility_to_osm - WARNING - ssr:stedsnr = 81115: No priority spelling found for lang = no, using alt_name to get "[('no', 'Sønstevatn')]"
utility_to_osm - WARNING - ssr:stedsnr = 85109 has multiple (5) positions, using the first one!
utility_to_osm - WARNING - ssr:stedsnr = 247495 has multiple (3) positions, using the first one!
utility_to_osm - WARNING - ssr:stedsnr = 247553 has multiple (4) positions, using the first one!
utility_to_osm - WARNING - ssr:stedsnr = 247554 has multiple (2) positions, using the first one!
utility_to_osm - WARNING - ssr:stedsnr = 247598 has multiple (3) positions, using the first one!
utility_to_osm - WARNING - ssr:stedsnr = 247690 has multiple (3) positions, using the first one!
utility_to_osm - WARNING - ssr:stedsnr = 247739 has multiple (3) positions, using the first one!
utility_to_osm - WARNING - ssr:stedsnr = 247745 has multiple (3) positions, using the first one!
utility_to_osm - ERROR - invalid name_status = "avslått navnevalg"
utility_to_osm - ERROR - invalid name_status = "avslått navnevalg"
utility_to_osm - ERROR - invalid name_status = "avslått navnevalg"
utility_to_osm - WARNING - ssr:stedsnr = 247841: No priority spelling found for lang = no, using alt_name to get "[('no', 'Tjønnset')]"
utility_to_osm - WARNING - ssr:stedsnr = 247841 has multiple (3) positions, using the first one!
utility_to_osm - WARNING - ssr:stedsnr = 247849: No priority spelling found for lang = no, using alt_name to get "[('no', 'Glopphovda')]"
utility_to_osm - WARNING - ssr:stedsnr = 247866: No priority spelling found for lang = no, using alt_name to get "[('no', 'Kårsetmyran')]"
utility_to_osm - ERROR - ssr:stedsnr = 248037: Adding multiple names to name tag, this is not OK! name = "Kløvtjørn;Klovsteintjønne"
utility_to_osm - WARNING - ssr:stedsnr = 248037 has multiple (2) positions, using the first one!
utility_to_osm - WARNING - ssr:stedsnr = 100563: No priority spelling found for lang = no, using alt_name to get "[('no', 'Nybutjønne')]"
utility_to_osm - WARNING - ssr:stedsnr = 100566: No priority spelling found for lang = no, using alt_name to get "[('no', 'Bjørnhaug')]"
utility_to_osm - WARNING - ssr:stedsnr = 100567: No priority spelling found for lang = no, using alt_name to get "[('no', 'Langemyre')]"
utility_to_osm - WARNING - ssr:stedsnr = 248369 has multiple (2) positions, using the first one!
utility_to_osm - ERROR - ssr:stedsnr = 248372: Adding multiple names to name tag, this is not OK! name = "Ljoslistølen;Ljosliseter"
utility_to_osm - WARNING - ssr:stedsnr = 101003: No priority spelling found for lang = no, using alt_name to get "[('no', 'Skardkås')]"
utility_to_osm - WARNING - ssr:stedsnr = 248385 has multiple (3) positions, using the first one!
utility_to_osm - ERROR - invalid name_status = "avslått navnevalg"
utility_to_osm - ERROR - invalid name_status = "avslått navnevalg"
utility_to_osm - ERROR - invalid name_status = "avslått navnevalg"
utility_to_osm - WARNING - ssr:stedsnr = 101362: No priority spelling found for lang = no, using alt_name to get "[('no', 'Nybu')]"
utility_to_osm - WARNING - ssr:stedsnr = 101665: No priority spelling found for lang = no, using alt_name to get "[('no', 'Elgsmyre')]"
utility_to_osm - WARNING - ssr:stedsnr = 102878: No priority spelling found for lang = no, using alt_name to get "[('no', 'Salhovda')]"
utility_to_osm - WARNING - ssr:stedsnr = 102878 has multiple (7) positions, using the first one!
utility_to_osm - WARNING - ssr:stedsnr = 248766 has multiple (2) positions, using the first one!
utility_to_osm - WARNING - ssr:stedsnr = 248827: No priority spelling found for lang = no, using alt_name to get "[('no', 'Selstjønnutan')]"
utility_to_osm - WARNING - ssr:stedsnr = 248827 has multiple (3) positions, using the first one!
utility_to_osm - WARNING - ssr:stedsnr = 248976 has multiple (2) positions, using the first one!
utility_to_osm - WARNING - ssr:stedsnr = 249006: No priority spelling found for lang = no, using alt_name to get "[('no', 'Torestjønne')]"
utility_to_osm - WARNING - ssr:stedsnr = 249006 has multiple (2) positions, using the first one!
utility_to_osm - ERROR - invalid name_status = "avslått navnevalg"
utility_to_osm - ERROR - invalid name_status = "avslått navnevalg"
utility_to_osm - ERROR - invalid name_status = "avslått navnevalg"
utility_to_osm - WARNING - ssr:stedsnr = 249018: No priority spelling found for lang = no, using alt_name to get "[('no', 'Breibu')]"
utility_to_osm - WARNING - ssr:stedsnr = 249018 has multiple (2) positions, using the first one!
utility_to_osm - WARNING - ssr:stedsnr = 249178: No priority spelling found for lang = no, using alt_name to get "[('no', 'Halstjønntind')]"
utility_to_osm - WARNING - ssr:stedsnr = 249178 has multiple (2) positions, using the first one!
utility_to_osm - WARNING - ssr:stedsnr = 249294 has multiple (2) positions, using the first one!
utility_to_osm - WARNING - ssr:stedsnr = 249396 has multiple (2) positions, using the first one!
utility_to_osm - WARNING - ssr:stedsnr = 249380 has multiple (2) positions, using the first one!
utility_to_osm - WARNING - ssr:stedsnr = 249450 has multiple (3) positions, using the first one!
utility_to_osm - WARNING - ssr:stedsnr = 249467 has multiple (2) positions, using the first one!
utility_to_osm - WARNING - ssr:stedsnr = 249407 has multiple (4) positions, using the first one!
utility_to_osm - WARNING - ssr:stedsnr = 249412 has multiple (2) positions, using the first one!
utility_to_osm - WARNING - ssr:stedsnr = 249418 has multiple (2) positions, using the first one!
utility_to_osm - WARNING - ssr:stedsnr = 249426 has multiple (2) positions, using the first one!
utility_to_osm - WARNING - ssr:stedsnr = 249443 has multiple (2) positions, using the first one!
utility_to_osm - WARNING - ssr:stedsnr = 117202: No priority spelling found for lang = no, using alt_name to get "[('no', 'Brennhovdtjønne')]"
utility_to_osm - WARNING - ssr:stedsnr = 120069: No priority spelling found for lang = no, using alt_name to get "[('no', 'Brennattjønnan')]"
utility_to_osm - WARNING - ssr:stedsnr = 126209: No priority spelling found for lang = no, using alt_name to get "[('no', 'Hovdesetre')]"
utility_to_osm - WARNING - ssr:stedsnr = 126209 has multiple (2) positions, using the first one!
utility_to_osm - WARNING - ssr:stedsnr = 126509 has multiple (2) positions, using the first one!
utility_to_osm - WARNING - ssr:stedsnr = 127044: No priority spelling found for lang = no, using alt_name to get "[('no', 'Halldalsåne')]"
utility_to_osm - WARNING - ssr:stedsnr = 127044 has multiple (5) positions, using the first one!
utility_to_osm - WARNING - ssr:stedsnr = 127060: No priority spelling found for lang = no, using alt_name to get "[('no', 'Bollatjønnuten')]"
utility_to_osm - WARNING - ssr:stedsnr = 127060 has multiple (2) positions, using the first one!
utility_to_osm - WARNING - ssr:stedsnr = 127221 has multiple (2) positions, using the first one!
utility_to_osm - WARNING - ssr:stedsnr = 127257: No priority spelling found for lang = no, using alt_name to get "[('no', 'Flåtåsetre')]"
utility_to_osm - WARNING - ssr:stedsnr = 127257 has multiple (3) positions, using the first one!
utility_to_osm - WARNING - ssr:stedsnr = 127115 has multiple (4) positions, using the first one!
utility_to_osm - WARNING - ssr:stedsnr = 127121 has multiple (3) positions, using the first one!
utility_to_osm - WARNING - ssr:stedsnr = 127443 has multiple (2) positions, using the first one!
utility_to_osm - WARNING - ssr:stedsnr = 127459 has multiple (3) positions, using the first one!
utility_to_osm - WARNING - ssr:stedsnr = 127544 has multiple (2) positions, using the first one!
utility_to_osm - ERROR - ssr:stedsnr = 127547: Adding multiple names to name tag, this is not OK! name = "Nåmestølen;Løyteplass"
utility_to_osm - WARNING - ssr:stedsnr = 161574: No priority spelling found for lang = no, using alt_name to get "[('no', 'Glopphovdstulen')]"
utility_to_osm - WARNING - ssr:stedsnr = 163024: No priority spelling found for lang = no, using alt_name to get "[('no', 'Storåsen')]"
utility_to_osm - WARNING - ssr:stedsnr = 186628 has multiple (2) positions, using the first one!
utility_to_osm - WARNING - ssr:stedsnr = 186692 has multiple (3) positions, using the first one!
utility_to_osm - WARNING - ssr:stedsnr = 186693: No priority spelling found for lang = no, using alt_name to get "[('no', 'Tjuvhyttjønne')]"
utility_to_osm - WARNING - ssr:stedsnr = 186693 has multiple (3) positions, using the first one!
utility_to_osm - WARNING - ssr:stedsnr = 186576 has multiple (3) positions, using the first one!
utility_to_osm - WARNING - ssr:stedsnr = 186982 has multiple (3) positions, using the first one!
utility_to_osm - WARNING - ssr:stedsnr = 186893 has multiple (2) positions, using the first one!
utility_to_osm - WARNING - ssr:stedsnr = 186895 has multiple (4) positions, using the first one!
utility_to_osm - WARNING - ssr:stedsnr = 187678: No priority spelling found for lang = no, using alt_name to get "[('no', 'Torjustjønnan')]"
utility_to_osm - WARNING - ssr:stedsnr = 187772 has multiple (3) positions, using the first one!
utility_to_osm - WARNING - ssr:stedsnr = 187912 has multiple (3) positions, using the first one!
utility_to_osm - WARNING - ssr:stedsnr = 188010 has multiple (2) positions, using the first one!
utility_to_osm - WARNING - ssr:stedsnr = 188071: No priority spelling found for lang = no, using alt_name to get "[('no', 'Bollatjønnlægret')]"
utility_to_osm - WARNING - ssr:stedsnr = 188071 has multiple (2) positions, using the first one!
utility_to_osm - WARNING - ssr:stedsnr = 188076 has multiple (2) positions, using the first one!
utility_to_osm - WARNING - ssr:stedsnr = 188093 has multiple (2) positions, using the first one!
utility_to_osm - WARNING - ssr:stedsnr = 188226: No priority spelling found for lang = no, using alt_name to get "[('no', 'Ormetjønnan')]"
utility_to_osm - WARNING - ssr:stedsnr = 188105: No priority spelling found for lang = no, using alt_name to get "[('no', 'Buvatn')]"
utility_to_osm - WARNING - ssr:stedsnr = 188419 has multiple (3) positions, using the first one!
utility_to_osm - WARNING - ssr:stedsnr = 188421 has multiple (2) positions, using the first one!
utility_to_osm - WARNING - ssr:stedsnr = 188427 has multiple (2) positions, using the first one!
utility_to_osm - WARNING - ssr:stedsnr = 188469 has multiple (3) positions, using the first one!
utility_to_osm - ERROR - invalid name_status = "avslått navnevalg"
utility_to_osm - ERROR - invalid name_status = "avslått navnevalg"
utility_to_osm - ERROR - invalid name_status = "avslått navnevalg"
utility_to_osm - WARNING - ssr:stedsnr = 188481: No priority spelling found for lang = no, using alt_name to get "[('no', 'Devegg')]"
utility_to_osm - WARNING - ssr:stedsnr = 188481 has multiple (4) positions, using the first one!
utility_to_osm - WARNING - ssr:stedsnr = 188487 has multiple (2) positions, using the first one!
utility_to_osm - WARNING - ssr:stedsnr = 188511 has multiple (2) positions, using the first one!
utility_to_osm - WARNING - ssr:stedsnr = 188520 has multiple (3) positions, using the first one!
utility_to_osm - WARNING - ssr:stedsnr = 188524 has multiple (3) positions, using the first one!
utility_to_osm - WARNING - ssr:stedsnr = 188809 has multiple (2) positions, using the first one!
utility_to_osm - WARNING - ssr:stedsnr = 267386 has multiple (3) positions, using the first one!
utility_to_osm - WARNING - ssr:stedsnr = 222107: No priority spelling found for lang = no, using alt_name to get "[('no', 'Stevnemyran')]"
utility_to_osm - WARNING - ssr:stedsnr = 222279: No priority spelling found for lang = no, using alt_name to get "[('no', 'Deveggvadet')]"
utility_to_osm - WARNING - ssr:stedsnr = 234383: No priority spelling found for lang = no, using alt_name to get "[('no', 'Rønnegvammen')]"
utility_to_osm - WARNING - ssr:stedsnr = 241036: No priority spelling found for lang = no, using alt_name to get "[('no', 'Søre Hørjusgard')]"
utility_to_osm - WARNING - ssr:stedsnr = 247513 has multiple (2) positions, using the first one!
utility_to_osm - WARNING - ssr:stedsnr = 247566: No priority spelling found for lang = no, using alt_name to get "[('no', 'Melrakktjønne')]"
utility_to_osm - WARNING - ssr:stedsnr = 247566 has multiple (3) positions, using the first one!
utility_to_osm - WARNING - ssr:stedsnr = 247568 has multiple (2) positions, using the first one!
utility_to_osm - WARNING - ssr:stedsnr = 247575 has multiple (2) positions, using the first one!
utility_to_osm - WARNING - ssr:stedsnr = 247959: No priority spelling found for lang = no, using alt_name to get "[('no', 'Kosadalsåe')]"
utility_to_osm - WARNING - ssr:stedsnr = 247959 has multiple (2) positions, using the first one!
utility_to_osm - WARNING - ssr:stedsnr = 248180: No priority spelling found for lang = no, using alt_name to get "[('no', 'Syningtjønne')]"
utility_to_osm - WARNING - ssr:stedsnr = 248180 has multiple (2) positions, using the first one!
utility_to_osm - WARNING - ssr:stedsnr = 248351 has multiple (3) positions, using the first one!
utility_to_osm - WARNING - ssr:stedsnr = 248358 has multiple (2) positions, using the first one!
utility_to_osm - WARNING - ssr:stedsnr = 248819: No priority spelling found for lang = no, using alt_name to get "[('no', 'Midtselstjønndalen')]"
utility_to_osm - WARNING - ssr:stedsnr = 248819 has multiple (2) positions, using the first one!
utility_to_osm - WARNING - ssr:stedsnr = 248824 has multiple (2) positions, using the first one!
utility_to_osm - WARNING - ssr:stedsnr = 249245: No priority spelling found for lang = no, using alt_name to get "[('no', 'Ræpeholberget')]"
utility_to_osm - WARNING - ssr:stedsnr = 249249 has multiple (2) positions, using the first one!
utility_to_osm - WARNING - ssr:stedsnr = 249260 has multiple (2) positions, using the first one!
utility_to_osm - WARNING - ssr:stedsnr = 249266 has multiple (2) positions, using the first one!
utility_to_osm - WARNING - ssr:stedsnr = 282027: No priority spelling found for lang = no, using alt_name to get "[('no', 'Gløttbekken')]"
utility_to_osm - WARNING - ssr:stedsnr = 283512: No priority spelling found for lang = no, using alt_name to get "[('no', 'Røytjønnan')]"
utility_to_osm - WARNING - ssr:stedsnr = 283512 has multiple (4) positions, using the first one!
utility_to_osm - WARNING - ssr:stedsnr = 283907: No priority spelling found for lang = no, using alt_name to get "[('no', 'Nord-Rønnegvammen')]"
utility_to_osm - WARNING - ssr:stedsnr = 300882 has multiple (2) positions, using the first one!
utility_to_osm - WARNING - ssr:stedsnr = 302698: No priority spelling found for lang = no, using alt_name to get "[('no', 'Tjuvenatten')]"
utility_to_osm - WARNING - ssr:stedsnr = 302698 has multiple (5) positions, using the first one!
utility_to_osm - WARNING - ssr:stedsnr = 464589: No priority spelling found for lang = no, using alt_name to get "[('no', 'Ørneberget')]"
utility_to_osm - WARNING - ssr:stedsnr = 464590: No priority spelling found for lang = no, using alt_name to get "[('no', 'Nonsåsen')]"
utility_to_osm - WARNING - ssr:stedsnr = 307597 has multiple (2) positions, using the first one!
utility_to_osm - WARNING - ssr:stedsnr = 307600 has multiple (2) positions, using the first one!
utility_to_osm - WARNING - ssr:stedsnr = 307702 has multiple (3) positions, using the first one!
utility_to_osm - WARNING - ssr:stedsnr = 307945: No priority spelling found for lang = no, using alt_name to get "[('no', 'Skjortesetre')]"
utility_to_osm - WARNING - ssr:stedsnr = 307945 has multiple (5) positions, using the first one!
utility_to_osm - WARNING - ssr:stedsnr = 307964: No priority spelling found for lang = no, using alt_name to get "[('no', 'Gryttjønnleger')]"
utility_to_osm - WARNING - ssr:stedsnr = 465631: No priority spelling found for lang = no, using alt_name to get "[('no', 'Almeliåsen')]"
utility_to_osm - ERROR - ssr:stedsnr = 308493: Adding multiple names to name tag, this is not OK! name = "Øvre Smettbaken;Øvre Smettbakseter"
utility_to_osm - WARNING - ssr:stedsnr = 308493 has multiple (2) positions, using the first one!
utility_to_osm - WARNING - ssr:stedsnr = 308494 has multiple (3) positions, using the first one!
utility_to_osm - WARNING - ssr:stedsnr = 308903: No priority spelling found for lang = no, using alt_name to get "[('no', 'Tusteberget')]"
utility_to_osm - WARNING - ssr:stedsnr = 308907 has multiple (2) positions, using the first one!
utility_to_osm - WARNING - ssr:stedsnr = 308887 has multiple (2) positions, using the first one!
utility_to_osm - WARNING - ssr:stedsnr = 309096 has multiple (2) positions, using the first one!
utility_to_osm - WARNING - ssr:stedsnr = 309435: No priority spelling found for lang = no, using alt_name to get "[('no', 'Ræpevike')]"
utility_to_osm - WARNING - ssr:stedsnr = 309436 has multiple (3) positions, using the first one!
utility_to_osm - WARNING - ssr:stedsnr = 309438 has multiple (3) positions, using the first one!
utility_to_osm - WARNING - ssr:stedsnr = 309444 has multiple (3) positions, using the first one!
utility_to_osm - WARNING - ssr:stedsnr = 309452: No priority spelling found for lang = no, using alt_name to get "[('no', 'Margitstul')]"
utility_to_osm - ERROR - invalid name_status = "avslått navnevalg"
utility_to_osm - ERROR - invalid name_status = "avslått navnevalg"
utility_to_osm - ERROR - invalid name_status = "avslått navnevalg"
utility_to_osm - WARNING - ssr:stedsnr = 309457: No priority spelling found for lang = no, using alt_name to get "[('no', 'Tjønnset')]"
utility_to_osm - WARNING - ssr:stedsnr = 309465 has multiple (3) positions, using the first one!
utility_to_osm - WARNING - ssr:stedsnr = 309471 has multiple (2) positions, using the first one!
utility_to_osm - WARNING - ssr:stedsnr = 309782 has multiple (2) positions, using the first one!
utility_to_osm - WARNING - ssr:stedsnr = 310002: No priority spelling found for lang = no, using alt_name to get "[('no', 'Krukeåe')]"
utility_to_osm - WARNING - ssr:stedsnr = 310002 has multiple (2) positions, using the first one!
utility_to_osm - WARNING - ssr:stedsnr = 310012 has multiple (2) positions, using the first one!
utility_to_osm - WARNING - ssr:stedsnr = 310090 has multiple (3) positions, using the first one!
utility_to_osm - ERROR - invalid name_status = "avslått navnevalg"
utility_to_osm - ERROR - invalid name_status = "avslått navnevalg"
utility_to_osm - ERROR - invalid name_status = "avslått navnevalg"
utility_to_osm - ERROR - invalid name_status = "avslått navnevalg"
utility_to_osm - ERROR - invalid name_status = "avslått navnevalg"
utility_to_osm - ERROR - invalid name_status = "avslått navnevalg"
utility_to_osm - WARNING - ssr:stedsnr = 310178: No priority spelling found for lang = no, using alt_name to get "[('no', 'Sundshovda')]"
utility_to_osm - WARNING - ssr:stedsnr = 310178 has multiple (2) positions, using the first one!
utility_to_osm - WARNING - ssr:stedsnr = 310479 has multiple (2) positions, using the first one!
utility_to_osm - WARNING - ssr:stedsnr = 323024: No priority spelling found for lang = no, using alt_name to get "[('no', 'Falkeberget')]"
utility_to_osm - WARNING - ssr:stedsnr = 323024 has multiple (2) positions, using the first one!
utility_to_osm - WARNING - ssr:stedsnr = 349657 has multiple (2) positions, using the first one!
utility_to_osm - WARNING - ssr:stedsnr = 360327: No priority spelling found for lang = no, using alt_name to get "[('no', 'Ryltestein')]"
utility_to_osm - WARNING - ssr:stedsnr = 366578 has multiple (116) positions, using the first one!
utility_to_osm - WARNING - ssr:stedsnr = 368569 has multiple (2) positions, using the first one!
utility_to_osm - WARNING - ssr:stedsnr = 368622: No priority spelling found for lang = no, using alt_name to get "[('no', 'Eidsjøen')]"
utility_to_osm - WARNING - ssr:stedsnr = 368622 has multiple (4) positions, using the first one!
utility_to_osm - WARNING - ssr:stedsnr = 368627 has multiple (2) positions, using the first one!
utility_to_osm - WARNING - ssr:stedsnr = 369180 has multiple (2) positions, using the first one!
utility_to_osm - WARNING - ssr:stedsnr = 369474: No priority spelling found for lang = no, using alt_name to get "[('no', 'Styggetjønnan')]"
utility_to_osm - WARNING - ssr:stedsnr = 369809 has multiple (2) positions, using the first one!
utility_to_osm - WARNING - ssr:stedsnr = 369764 has multiple (2) positions, using the first one!
utility_to_osm - WARNING - ssr:stedsnr = 369766 has multiple (2) positions, using the first one!
utility_to_osm - ERROR - invalid name_status = "avslått navnevalg"
utility_to_osm - ERROR - invalid name_status = "avslått navnevalg"
utility_to_osm - ERROR - invalid name_status = "avslått navnevalg"
utility_to_osm - WARNING - ssr:stedsnr = 370001: No priority spelling found for lang = no, using alt_name to get "[('no', 'Salhovde')]"
utility_to_osm - WARNING - ssr:stedsnr = 370007: No priority spelling found for lang = no, using alt_name to get "[('no', 'Bakketjønn')]"
utility_to_osm - WARNING - ssr:stedsnr = 370007 has multiple (2) positions, using the first one!
utility_to_osm - WARNING - ssr:stedsnr = 370010 has multiple (5) positions, using the first one!
utility_to_osm - WARNING - ssr:stedsnr = 370017: No priority spelling found for lang = no, using alt_name to get "[('no', 'Bakkebu')]"
utility_to_osm - WARNING - ssr:stedsnr = 370017 has multiple (3) positions, using the first one!
utility_to_osm - WARNING - ssr:stedsnr = 370019 has multiple (2) positions, using the first one!
utility_to_osm - WARNING - ssr:stedsnr = 370030: No priority spelling found for lang = no, using alt_name to get "[('no', 'Solheimstøltjønne')]"
utility_to_osm - WARNING - ssr:stedsnr = 370030 has multiple (2) positions, using the first one!
utility_to_osm - WARNING - ssr:stedsnr = 370033 has multiple (2) positions, using the first one!
utility_to_osm - WARNING - ssr:stedsnr = 370038 has multiple (2) positions, using the first one!
utility_to_osm - WARNING - ssr:stedsnr = 370052 has multiple (3) positions, using the first one!
utility_to_osm - WARNING - ssr:stedsnr = 370067 has multiple (2) positions, using the first one!
utility_to_osm - WARNING - ssr:stedsnr = 370070 has multiple (2) positions, using the first one!
utility_to_osm - WARNING - ssr:stedsnr = 370084: No priority spelling found for lang = no, using alt_name to get "[('no', 'Megarden')]"
utility_to_osm - WARNING - ssr:stedsnr = 370085 has multiple (7) positions, using the first one!
utility_to_osm - WARNING - ssr:stedsnr = 370320 has multiple (3) positions, using the first one!
utility_to_osm - WARNING - ssr:stedsnr = 370269 has multiple (2) positions, using the first one!
utility_to_osm - WARNING - ssr:stedsnr = 370281 has multiple (2) positions, using the first one!
utility_to_osm - WARNING - ssr:stedsnr = 370283 has multiple (2) positions, using the first one!
utility_to_osm - WARNING - ssr:stedsnr = 370289: No priority spelling found for lang = no, using alt_name to get "[('no', 'Tøddøltjønne')]"
utility_to_osm - WARNING - ssr:stedsnr = 370289 has multiple (2) positions, using the first one!
utility_to_osm - WARNING - ssr:stedsnr = 370291: No priority spelling found for lang = no, using alt_name to get "[('no', 'Ræpeholåsen')]"
utility_to_osm - WARNING - ssr:stedsnr = 370472 has multiple (2) positions, using the first one!
utility_to_osm - WARNING - ssr:stedsnr = 370485 has multiple (4) positions, using the first one!
utility_to_osm - WARNING - ssr:stedsnr = 370513 has multiple (2) positions, using the first one!
utility_to_osm - WARNING - ssr:stedsnr = 370514 has multiple (2) positions, using the first one!
utility_to_osm - WARNING - ssr:stedsnr = 482178 has multiple (2) positions, using the first one!
utility_to_osm - WARNING - ssr:stedsnr = 402012 has multiple (2) positions, using the first one!
utility_to_osm - WARNING - ssr:stedsnr = 404124: No priority spelling found for lang = no, using alt_name to get "[('no', 'Stevnemyråsen')]"
utility_to_osm - WARNING - ssr:stedsnr = 404579: No priority spelling found for lang = no, using alt_name to get "[('no', 'Gampedalen')]"
utility_to_osm - WARNING - ssr:stedsnr = 404903: No priority spelling found for lang = no, using alt_name to get "[('no', 'Søre Rønnegvammen')]"
utility_to_osm - WARNING - ssr:stedsnr = 489612 has multiple (3) positions, using the first one!
utility_to_osm - WARNING - ssr:stedsnr = 489615: No priority spelling found for lang = no, using alt_name to get "[('no', 'Nottartjønne')]"
utility_to_osm - WARNING - ssr:stedsnr = 423048: No priority spelling found for lang = no, using alt_name to get "[('no', 'Nord-Hørjusgard')]"
utility_to_osm - WARNING - ssr:stedsnr = 423150: No priority spelling found for lang = no, using alt_name to get "[('no', 'Gvammen')]"
utility_to_osm - WARNING - ssr:stedsnr = 489757 has multiple (5) positions, using the first one!
utility_to_osm - WARNING - ssr:stedsnr = 489963 has multiple (2) positions, using the first one!
utility_to_osm - WARNING - ssr:stedsnr = 491044: No priority spelling found for lang = no, using alt_name to get "[('no', 'Grefsgarddokken')]"
utility_to_osm - WARNING - ssr:stedsnr = 491044 has multiple (2) positions, using the first one!
utility_to_osm - WARNING - ssr:stedsnr = 490548: No priority spelling found for lang = no, using alt_name to get "[('no', 'Sørtjønnhovda')]"
utility_to_osm - WARNING - ssr:stedsnr = 490548 has multiple (3) positions, using the first one!
utility_to_osm - WARNING - ssr:stedsnr = 490567: No priority spelling found for lang = no, using alt_name to get "[('no', 'Øvre Skjerhøltjønn')]"
utility_to_osm - WARNING - ssr:stedsnr = 490701 has multiple (2) positions, using the first one!
utility_to_osm - WARNING - ssr:stedsnr = 490849 has multiple (2) positions, using the first one!
utility_to_osm - WARNING - ssr:stedsnr = 490852 has multiple (2) positions, using the first one!
utility_to_osm - WARNING - ssr:stedsnr = 429554: No priority spelling found for lang = no, using alt_name to get "[('no', 'Vegarhovda')]"
utility_to_osm - WARNING - ssr:stedsnr = 429554 has multiple (2) positions, using the first one!
utility_to_osm - WARNING - ssr:stedsnr = 429559 has multiple (2) positions, using the first one!
utility_to_osm - WARNING - ssr:stedsnr = 429915 has multiple (4) positions, using the first one!
utility_to_osm - WARNING - ssr:stedsnr = 429954 has multiple (2) positions, using the first one!
utility_to_osm - WARNING - ssr:stedsnr = 429961 has multiple (2) positions, using the first one!
utility_to_osm - WARNING - ssr:stedsnr = 429970: No priority spelling found for lang = no, using alt_name to get "[('no', 'Mårtjønne')]"
utility_to_osm - WARNING - ssr:stedsnr = 429970 has multiple (2) positions, using the first one!
utility_to_osm - WARNING - ssr:stedsnr = 491319: No priority spelling found for lang = no, using alt_name to get "[('no', 'Sundbulivatnet')]"
utility_to_osm - WARNING - ssr:stedsnr = 491061: No priority spelling found for lang = no, using alt_name to get "[('no', 'Langetjønne')]"
utility_to_osm - WARNING - ssr:stedsnr = 430795 has multiple (2) positions, using the first one!
utility_to_osm - WARNING - ssr:stedsnr = 431106 has multiple (2) positions, using the first one!
utility_to_osm - WARNING - ssr:stedsnr = 431116 has multiple (2) positions, using the first one!
utility_to_osm - WARNING - ssr:stedsnr = 431053 has multiple (2) positions, using the first one!
utility_to_osm - WARNING - ssr:stedsnr = 431218 has multiple (2) positions, using the first one!
utility_to_osm - WARNING - ssr:stedsnr = 431223 has multiple (3) positions, using the first one!
utility_to_osm - WARNING - ssr:stedsnr = 431249: No priority spelling found for lang = no, using alt_name to get "[('no', 'Skarvsåe')]"
utility_to_osm - WARNING - ssr:stedsnr = 431249 has multiple (2) positions, using the first one!
utility_to_osm - WARNING - ssr:stedsnr = 431253 has multiple (2) positions, using the first one!
utility_to_osm - WARNING - ssr:stedsnr = 431310 has multiple (2) positions, using the first one!
utility_to_osm - WARNING - ssr:stedsnr = 491239: No priority spelling found for lang = no, using alt_name to get "[('no', 'Ormetjønnstølen')]"
utility_to_osm - WARNING - ssr:stedsnr = 491239 has multiple (2) positions, using the first one!
utility_to_osm - WARNING - ssr:stedsnr = 491240 has multiple (2) positions, using the first one!
utility_to_osm - WARNING - ssr:stedsnr = 431406 has multiple (2) positions, using the first one!
utility_to_osm - WARNING - ssr:stedsnr = 431407: No priority spelling found for lang = no, using alt_name to get "[('no', 'Tallåsen')]"
utility_to_osm - WARNING - ssr:stedsnr = 431408 has multiple (2) positions, using the first one!
utility_to_osm - WARNING - ssr:stedsnr = 431440 has multiple (2) positions, using the first one!
utility_to_osm - WARNING - ssr:stedsnr = 431441 has multiple (2) positions, using the first one!
utility_to_osm - WARNING - ssr:stedsnr = 431445 has multiple (2) positions, using the first one!
utility_to_osm - WARNING - ssr:stedsnr = 431487 has multiple (2) positions, using the first one!
utility_to_osm - WARNING - ssr:stedsnr = 431491: No priority spelling found for lang = no, using alt_name to get "[('no', 'Slokuåsen')]"
utility_to_osm - WARNING - ssr:stedsnr = 431500 has multiple (8) positions, using the first one!
utility_to_osm - ERROR - ssr:stedsnr = 431501: Adding multiple names to name tag, this is not OK! name = "Øyen;Øylandet"
utility_to_osm - WARNING - ssr:stedsnr = 431501 has multiple (2) positions, using the first one!
utility_to_osm - WARNING - ssr:stedsnr = 491424 has multiple (2) positions, using the first one!
utility_to_osm - WARNING - ssr:stedsnr = 491432 has multiple (2) positions, using the first one!
utility_to_osm - WARNING - ssr:stedsnr = 491401 has multiple (2) positions, using the first one!
utility_to_osm - ERROR - ssr:stedsnr = 491467. No positions found, skipping
utility_to_osm - WARNING - ssr:stedsnr = 491474 has multiple (5) positions, using the first one!
utility_to_osm - WARNING - ssr:stedsnr = 491766 has multiple (3) positions, using the first one!
utility_to_osm - WARNING - ssr:stedsnr = 491769 has multiple (2) positions, using the first one!
utility_to_osm - WARNING - ssr:stedsnr = 492256 has multiple (2) positions, using the first one!
utility_to_osm - WARNING - ssr:stedsnr = 492355 has multiple (2) positions, using the first one!
utility_to_osm - WARNING - ssr:stedsnr = 445590: No priority spelling found for lang = no, using alt_name to get "[('no', 'Råstugu')]"
utility_to_osm - WARNING - ssr:stedsnr = 445590 has multiple (3) positions, using the first one!
utility_to_osm - WARNING - ssr:stedsnr = 671573 has multiple (3) positions, using the first one!
utility_to_osm - WARNING - ssr:stedsnr = 671578: No priority spelling found for lang = no, using alt_name to get "[('no', 'Kosadalsvatnet')]"
utility_to_osm - WARNING - ssr:stedsnr = 671958: No priority spelling found for lang = no, using alt_name to get "[('no', 'Skjorteåe')]"
utility_to_osm - WARNING - ssr:stedsnr = 671958 has multiple (2) positions, using the first one!
utility_to_osm - WARNING - ssr:stedsnr = 671984: No priority spelling found for lang = no, using alt_name to get "[('no', 'Gryta')]"
utility_to_osm - WARNING - ssr:stedsnr = 671984 has multiple (6) positions, using the first one!
utility_to_osm - WARNING - ssr:stedsnr = 672472: No priority spelling found for lang = no, using alt_name to get "[('no', 'Heggjesetnatten')]"
utility_to_osm - WARNING - ssr:stedsnr = 672573 has multiple (2) positions, using the first one!
utility_to_osm - WARNING - ssr:stedsnr = 672530: No priority spelling found for lang = no, using alt_name to get "[('no', 'Midtre Hvaale')]"
utility_to_osm - WARNING - ssr:stedsnr = 672916 has multiple (3) positions, using the first one!
utility_to_osm - WARNING - ssr:stedsnr = 673061: No priority spelling found for lang = no, using alt_name to get "[('no', 'Gamlesetre')]"
utility_to_osm - WARNING - ssr:stedsnr = 673061 has multiple (3) positions, using the first one!
utility_to_osm - WARNING - ssr:stedsnr = 672918 has multiple (2) positions, using the first one!
utility_to_osm - WARNING - ssr:stedsnr = 672926 has multiple (3) positions, using the first one!
utility_to_osm - WARNING - ssr:stedsnr = 672935 has multiple (2) positions, using the first one!
utility_to_osm - ERROR - ssr:stedsnr = 673042: Adding multiple names to name tag, this is not OK! name = "Bjørnalistølen;Bjørnalie"
utility_to_osm - WARNING - ssr:stedsnr = 673056: No priority spelling found for lang = no, using alt_name to get "[('no', 'Langetjønnfjellet')]"
utility_to_osm - WARNING - ssr:stedsnr = 673056 has multiple (2) positions, using the first one!
utility_to_osm - WARNING - ssr:stedsnr = 673247 has multiple (3) positions, using the first one!
utility_to_osm - WARNING - ssr:stedsnr = 673248: No priority spelling found for lang = no, using alt_name to get "[('no', 'Urhovdtjønne')]"
utility_to_osm - WARNING - ssr:stedsnr = 673248 has multiple (2) positions, using the first one!
utility_to_osm - WARNING - ssr:stedsnr = 673285 has multiple (3) positions, using the first one!
utility_to_osm - WARNING - ssr:stedsnr = 673407 has multiple (4) positions, using the first one!
utility_to_osm - WARNING - ssr:stedsnr = 673420 has multiple (2) positions, using the first one!
utility_to_osm - ERROR - invalid name_status = "avslått navnevalg"
utility_to_osm - ERROR - invalid name_status = "avslått navnevalg"
utility_to_osm - ERROR - invalid name_status = "avslått navnevalg"
utility_to_osm - WARNING - ssr:stedsnr = 673381: No priority spelling found for lang = no, using alt_name to get "[('no', 'Fuglset')]"
utility_to_osm - WARNING - ssr:stedsnr = 673382: No priority spelling found for lang = no, using alt_name to get "[('no', 'Rimskeidtjønne')]"
utility_to_osm - ERROR - invalid name_status = "avslått navnevalg"
utility_to_osm - ERROR - invalid name_status = "avslått navnevalg"
utility_to_osm - ERROR - invalid name_status = "avslått navnevalg"
utility_to_osm - WARNING - ssr:stedsnr = 673387: No priority spelling found for lang = no, using alt_name to get "[('no', 'Øvre Ræpehol')]"
utility_to_osm - WARNING - ssr:stedsnr = 673387 has multiple (2) positions, using the first one!
utility_to_osm - WARNING - ssr:stedsnr = 673497 has multiple (2) positions, using the first one!
utility_to_osm - ERROR - invalid name_status = "avslått navnevalg"
utility_to_osm - ERROR - invalid name_status = "avslått navnevalg"
utility_to_osm - ERROR - invalid name_status = "avslått navnevalg"
utility_to_osm - WARNING - ssr:stedsnr = 673430: No priority spelling found for lang = no, using alt_name to get "[('no', 'Brennhovd')]"
utility_to_osm - WARNING - ssr:stedsnr = 673434 has multiple (2) positions, using the first one!
utility_to_osm - WARNING - ssr:stedsnr = 673749: No priority spelling found for lang = no, using alt_name to get "[('no', 'Kolvetjønnan')]"
utility_to_osm - WARNING - ssr:stedsnr = 673765 has multiple (2) positions, using the first one!
utility_to_osm - WARNING - ssr:stedsnr = 673778 has multiple (2) positions, using the first one!
utility_to_osm - ERROR - ssr:stedsnr = 674445: Adding multiple names to name tag, this is not OK! name = "Solheimfjellet;Grytingfjellet"
utility_to_osm - WARNING - ssr:stedsnr = 674445 has multiple (3) positions, using the first one!
utility_to_osm - WARNING - ssr:stedsnr = 674446 has multiple (2) positions, using the first one!
utility_to_osm - WARNING - ssr:stedsnr = 481070 has multiple (2) positions, using the first one!
utility_to_osm - ERROR - invalid name_status = "avslått navnevalg"
utility_to_osm - ERROR - invalid name_status = "avslått navnevalg"
utility_to_osm - ERROR - invalid name_status = "avslått navnevalg"
utility_to_osm - WARNING - ssr:stedsnr = 481369: No priority spelling found for lang = no, using alt_name to get "[('no', 'Ræpehol')]"
utility_to_osm - ERROR - invalid name_status = "avslått navnevalg"
utility_to_osm - ERROR - invalid name_status = "avslått navnevalg"
utility_to_osm - ERROR - invalid name_status = "avslått navnevalg"
utility_to_osm - WARNING - ssr:stedsnr = 489933: No priority spelling found for lang = no, using alt_name to get "[('no', 'Sjugurdstjønnberget')]"
utility_to_osm - WARNING - ssr:stedsnr = 489933 has multiple (3) positions, using the first one!
utility_to_osm - WARNING - ssr:stedsnr = 490187 has multiple (2) positions, using the first one!
utility_to_osm - WARNING - ssr:stedsnr = 490192: No priority spelling found for lang = no, using alt_name to get "[('no', 'Sessetjønne')]"
utility_to_osm - WARNING - ssr:stedsnr = 490193 has multiple (3) positions, using the first one!
utility_to_osm - WARNING - ssr:stedsnr = 490194: No priority spelling found for lang = no, using alt_name to get "[('no', 'Tjønngrøtjønnan')]"
utility_to_osm - WARNING - ssr:stedsnr = 490610: No priority spelling found for lang = no, using alt_name to get "[('no', 'Storhellertjønne')]"
utility_to_osm - WARNING - ssr:stedsnr = 490610 has multiple (3) positions, using the first one!
utility_to_osm - WARNING - ssr:stedsnr = 490598: No priority spelling found for lang = no, using alt_name to get "[('no', 'Søndre Hvaale'), ('no', 'Nedre Hvåle')]"
utility_to_osm - ERROR - ssr:stedsnr = 490598: Adding multiple names to name tag, this is not OK! name = "Søndre Hvaale;Nedre Hvåle"
utility_to_osm - ERROR - invalid name_status = "avslått navnevalg"
utility_to_osm - ERROR - invalid name_status = "avslått navnevalg"
utility_to_osm - ERROR - invalid name_status = "avslått navnevalg"
utility_to_osm - WARNING - ssr:stedsnr = 490825: No priority spelling found for lang = no, using alt_name to get "[('no', 'Ræpehol')]"
utility_to_osm - WARNING - ssr:stedsnr = 491019 has multiple (3) positions, using the first one!
utility_to_osm - WARNING - ssr:stedsnr = 491021 has multiple (3) positions, using the first one!
utility_to_osm - WARNING - ssr:stedsnr = 490944 has multiple (2) positions, using the first one!
utility_to_osm - WARNING - ssr:stedsnr = 490947 has multiple (2) positions, using the first one!
utility_to_osm - WARNING - ssr:stedsnr = 491196: No priority spelling found for lang = no, using alt_name to get "[('no', 'Grisletjønnan')]"
utility_to_osm - WARNING - ssr:stedsnr = 491196 has multiple (2) positions, using the first one!
utility_to_osm - WARNING - ssr:stedsnr = 491079 has multiple (2) positions, using the first one!
utility_to_osm - WARNING - ssr:stedsnr = 491226 has multiple (2) positions, using the first one!
utility_to_osm - WARNING - ssr:stedsnr = 491233 has multiple (3) positions, using the first one!
utility_to_osm - WARNING - ssr:stedsnr = 491481 has multiple (3) positions, using the first one!
utility_to_osm - WARNING - ssr:stedsnr = 491780: No priority spelling found for lang = no, using alt_name to get "[('no', 'Selstjønnpytten')]"
utility_to_osm - WARNING - ssr:stedsnr = 491780 has multiple (2) positions, using the first one!
utility_to_osm - WARNING - ssr:stedsnr = 491782 has multiple (2) positions, using the first one!
