utility_to_osm - WARNING - ssr:stedsnr = 231275: No priority spelling found for lang = no, using alt_name to get "[('no', 'Rossvoll')]"
utility_to_osm - WARNING - ssr:stedsnr = 12202 has multiple (3) positions, using the first one!
utility_to_osm - WARNING - ssr:stedsnr = 13301 has multiple (2) positions, using the first one!
utility_to_osm - WARNING - ssr:stedsnr = 13309 has multiple (4) positions, using the first one!
utility_to_osm - WARNING - ssr:stedsnr = 13711: No priority spelling found for lang = no, using alt_name to get "[('no', 'Skytjønna')]"
utility_to_osm - WARNING - ssr:stedsnr = 13711 has multiple (3) positions, using the first one!
utility_to_osm - WARNING - ssr:stedsnr = 23107 has multiple (2) positions, using the first one!
utility_to_osm - WARNING - ssr:stedsnr = 24189 has multiple (2) positions, using the first one!
utility_to_osm - WARNING - ssr:stedsnr = 26520: No priority spelling found for lang = no, using alt_name to get "[('no', 'Børskrysset')]"
utility_to_osm - ERROR - ssr:stedsnr = 239151. No positions found, skipping
utility_to_osm - ERROR - ssr:stedsnr = 239160. No positions found, skipping
utility_to_osm - WARNING - ssr:stedsnr = 239169: No priority spelling found for lang = no, using alt_name to get "[('no', 'Svingen')]"
utility_to_osm - ERROR - ssr:stedsnr = 239169. No positions found, skipping
utility_to_osm - WARNING - ssr:stedsnr = 239730: No priority spelling found for lang = no, using alt_name to get "[('no', 'Rossvoll')]"
utility_to_osm - ERROR - ssr:stedsnr = 57109. No positions found, skipping
utility_to_osm - WARNING - ssr:stedsnr = 241116: No priority spelling found for lang = no, using alt_name to get "[('no', 'Anevegen')]"
utility_to_osm - ERROR - ssr:stedsnr = 241116. No positions found, skipping
utility_to_osm - WARNING - ssr:stedsnr = 242243: No priority spelling found for lang = no, using alt_name to get "[('no', 'Snøfugl')]"
utility_to_osm - WARNING - ssr:stedsnr = 242686: No priority spelling found for lang = no, using alt_name to get "[('no', 'Meistad')]"
utility_to_osm - WARNING - ssr:stedsnr = 84300 has multiple (2) positions, using the first one!
utility_to_osm - WARNING - ssr:stedsnr = 84402 has multiple (2) positions, using the first one!
utility_to_osm - WARNING - ssr:stedsnr = 85178 has multiple (3) positions, using the first one!
utility_to_osm - WARNING - ssr:stedsnr = 118113: No priority spelling found for lang = no, using alt_name to get "[('no', 'Skogaromvegen')]"
utility_to_osm - ERROR - ssr:stedsnr = 118113. No positions found, skipping
utility_to_osm - WARNING - ssr:stedsnr = 121727: No priority spelling found for lang = no, using alt_name to get "[('no', 'Stykkjan')]"
utility_to_osm - WARNING - ssr:stedsnr = 134760 has multiple (2) positions, using the first one!
utility_to_osm - WARNING - ssr:stedsnr = 255191 has multiple (3) positions, using the first one!
utility_to_osm - WARNING - ssr:stedsnr = 255291 has multiple (2) positions, using the first one!
utility_to_osm - WARNING - ssr:stedsnr = 255300 has multiple (2) positions, using the first one!
utility_to_osm - WARNING - ssr:stedsnr = 255253 has multiple (2) positions, using the first one!
utility_to_osm - WARNING - ssr:stedsnr = 147717: No priority spelling found for lang = no, using alt_name to get "[('no', 'Rossvollbrua')]"
utility_to_osm - ERROR - ssr:stedsnr = 147717. No positions found, skipping
utility_to_osm - WARNING - ssr:stedsnr = 256135 has multiple (2) positions, using the first one!
utility_to_osm - WARNING - ssr:stedsnr = 256440 has multiple (6) positions, using the first one!
utility_to_osm - WARNING - ssr:stedsnr = 256442 has multiple (3) positions, using the first one!
utility_to_osm - WARNING - ssr:stedsnr = 256443 has multiple (3) positions, using the first one!
utility_to_osm - WARNING - ssr:stedsnr = 195333 has multiple (2) positions, using the first one!
utility_to_osm - WARNING - ssr:stedsnr = 195340 has multiple (2) positions, using the first one!
utility_to_osm - WARNING - ssr:stedsnr = 195711 has multiple (4) positions, using the first one!
utility_to_osm - WARNING - ssr:stedsnr = 266311: No priority spelling found for lang = no, using alt_name to get "[('no', 'Stoan')]"
utility_to_osm - WARNING - ssr:stedsnr = 266311 has multiple (2) positions, using the first one!
utility_to_osm - WARNING - ssr:stedsnr = 196523 has multiple (2) positions, using the first one!
utility_to_osm - WARNING - ssr:stedsnr = 203303: No priority spelling found for lang = no, using alt_name to get "[('no', 'Skrømthølet')]"
utility_to_osm - WARNING - ssr:stedsnr = 205110 has multiple (2) positions, using the first one!
utility_to_osm - WARNING - ssr:stedsnr = 205113: No priority spelling found for lang = no, using alt_name to get "[('no', 'Sjetnan')]"
utility_to_osm - WARNING - ssr:stedsnr = 208115: No priority spelling found for lang = no, using alt_name to get "[('no', 'Ølshøgden')]"
utility_to_osm - WARNING - ssr:stedsnr = 269517: No priority spelling found for lang = no, using alt_name to get "[('no', 'Saltnesbrua')]"
utility_to_osm - ERROR - ssr:stedsnr = 269517. No positions found, skipping
utility_to_osm - WARNING - ssr:stedsnr = 269753: No priority spelling found for lang = no, using alt_name to get "[('no', 'Hammersbrua')]"
utility_to_osm - ERROR - ssr:stedsnr = 269753. No positions found, skipping
utility_to_osm - WARNING - ssr:stedsnr = 449199 has multiple (2) positions, using the first one!
utility_to_osm - ERROR - ssr:stedsnr = 239141. No positions found, skipping
utility_to_osm - WARNING - ssr:stedsnr = 241178: No priority spelling found for lang = no, using alt_name to get "[('no', 'Langekra')]"
utility_to_osm - ERROR - ssr:stedsnr = 241178. No positions found, skipping
utility_to_osm - WARNING - ssr:stedsnr = 255202 has multiple (2) positions, using the first one!
utility_to_osm - WARNING - ssr:stedsnr = 255280 has multiple (2) positions, using the first one!
utility_to_osm - WARNING - ssr:stedsnr = 255281 has multiple (2) positions, using the first one!
utility_to_osm - WARNING - ssr:stedsnr = 256459 has multiple (3) positions, using the first one!
utility_to_osm - WARNING - ssr:stedsnr = 264193: No priority spelling found for lang = no, using alt_name to get "[('no', 'Malenarommet')]"
utility_to_osm - ERROR - ssr:stedsnr = 264193. No positions found, skipping
utility_to_osm - WARNING - ssr:stedsnr = 266002 has multiple (2) positions, using the first one!
utility_to_osm - WARNING - ssr:stedsnr = 266101 has multiple (2) positions, using the first one!
utility_to_osm - WARNING - ssr:stedsnr = 266285 has multiple (2) positions, using the first one!
utility_to_osm - WARNING - ssr:stedsnr = 267110: No priority spelling found for lang = no, using alt_name to get "[('no', 'Mjølhuskjølen')]"
utility_to_osm - WARNING - ssr:stedsnr = 267110 has multiple (2) positions, using the first one!
utility_to_osm - WARNING - ssr:stedsnr = 268509: No priority spelling found for lang = no, using alt_name to get "[('no', 'Storsandtunnelen')]"
utility_to_osm - ERROR - ssr:stedsnr = 268509. No positions found, skipping
utility_to_osm - WARNING - ssr:stedsnr = 298133: No priority spelling found for lang = no, using alt_name to get "[('no', 'Nordabakken')]"
utility_to_osm - ERROR - ssr:stedsnr = 298133. No positions found, skipping
utility_to_osm - ERROR - ssr:stedsnr = 300173. No positions found, skipping
utility_to_osm - ERROR - ssr:stedsnr = 300179. No positions found, skipping
utility_to_osm - WARNING - ssr:stedsnr = 464181: No priority spelling found for lang = no, using alt_name to get "[('no', 'Marjavollen')]"
utility_to_osm - ERROR - ssr:stedsnr = 464181. No positions found, skipping
utility_to_osm - ERROR - ssr:stedsnr = 466146. No positions found, skipping
utility_to_osm - WARNING - ssr:stedsnr = 466151: No priority spelling found for lang = no, using alt_name to get "[('no', 'Tverrvegen')]"
utility_to_osm - ERROR - ssr:stedsnr = 466151. No positions found, skipping
utility_to_osm - WARNING - ssr:stedsnr = 315217 has multiple (3) positions, using the first one!
utility_to_osm - WARNING - ssr:stedsnr = 316297 has multiple (5) positions, using the first one!
utility_to_osm - WARNING - ssr:stedsnr = 316409 has multiple (2) positions, using the first one!
utility_to_osm - WARNING - ssr:stedsnr = 317646 has multiple (2) positions, using the first one!
utility_to_osm - WARNING - ssr:stedsnr = 317650 has multiple (2) positions, using the first one!
utility_to_osm - WARNING - ssr:stedsnr = 326423 has multiple (2) positions, using the first one!
utility_to_osm - WARNING - ssr:stedsnr = 327272: No priority spelling found for lang = no, using alt_name to get "[('no', 'Vinåsmyra')]"
utility_to_osm - WARNING - ssr:stedsnr = 327277: No priority spelling found for lang = no, using alt_name to get "[('no', 'Vinåsen')]"
utility_to_osm - ERROR - ssr:stedsnr = 328561. No positions found, skipping
utility_to_osm - WARNING - ssr:stedsnr = 329521: No priority spelling found for lang = no, using alt_name to get "[('no', 'Mannsfjelltunnelen')]"
utility_to_osm - ERROR - ssr:stedsnr = 329521. No positions found, skipping
utility_to_osm - WARNING - ssr:stedsnr = 376210: No priority spelling found for lang = no, using alt_name to get "[('no', 'Melbysætren')]"
utility_to_osm - WARNING - ssr:stedsnr = 376210 has multiple (2) positions, using the first one!
utility_to_osm - WARNING - ssr:stedsnr = 376231 has multiple (2) positions, using the first one!
utility_to_osm - WARNING - ssr:stedsnr = 482154: No priority spelling found for lang = no, using alt_name to get "[('no', 'Gammelgarden')]"
utility_to_osm - ERROR - ssr:stedsnr = 482154. No positions found, skipping
utility_to_osm - WARNING - ssr:stedsnr = 387106 has multiple (2) positions, using the first one!
utility_to_osm - WARNING - ssr:stedsnr = 388408 has multiple (2) positions, using the first one!
utility_to_osm - WARNING - ssr:stedsnr = 404173: No priority spelling found for lang = no, using alt_name to get "[('no', 'Torevegen')]"
utility_to_osm - ERROR - ssr:stedsnr = 404173. No positions found, skipping
utility_to_osm - ERROR - ssr:stedsnr = 404182. No positions found, skipping
utility_to_osm - ERROR - ssr:stedsnr = 404183. No positions found, skipping
utility_to_osm - WARNING - ssr:stedsnr = 404188: No priority spelling found for lang = no, using alt_name to get "[('no', 'Erkebiskop Øysteins veg')]"
utility_to_osm - ERROR - ssr:stedsnr = 404188. No positions found, skipping
utility_to_osm - WARNING - ssr:stedsnr = 406152: No priority spelling found for lang = no, using alt_name to get "[('no', 'Malenas veg')]"
utility_to_osm - ERROR - ssr:stedsnr = 406152. No positions found, skipping
utility_to_osm - ERROR - ssr:stedsnr = 406155. No positions found, skipping
utility_to_osm - ERROR - ssr:stedsnr = 422148. No positions found, skipping
utility_to_osm - WARNING - ssr:stedsnr = 437250: No priority spelling found for lang = no, using alt_name to get "[('no', 'Vennasætra')]"
utility_to_osm - WARNING - ssr:stedsnr = 437250 has multiple (4) positions, using the first one!
utility_to_osm - WARNING - ssr:stedsnr = 437268 has multiple (2) positions, using the first one!
utility_to_osm - WARNING - ssr:stedsnr = 438299 has multiple (3) positions, using the first one!
utility_to_osm - WARNING - ssr:stedsnr = 449174 has multiple (3) positions, using the first one!
utility_to_osm - WARNING - ssr:stedsnr = 480103: No priority spelling found for lang = no, using alt_name to get "[('no', 'Elvgata')]"
utility_to_osm - ERROR - ssr:stedsnr = 480103. No positions found, skipping
utility_to_osm - WARNING - ssr:stedsnr = 480105: No priority spelling found for lang = no, using alt_name to get "[('no', 'Kirkvegen')]"
utility_to_osm - ERROR - ssr:stedsnr = 480105. No positions found, skipping
utility_to_osm - ERROR - ssr:stedsnr = 484164. No positions found, skipping
utility_to_osm - WARNING - ssr:stedsnr = 680217: No priority spelling found for lang = no, using alt_name to get "[('no', 'Melbykjølen')]"
utility_to_osm - WARNING - ssr:stedsnr = 680217 has multiple (3) positions, using the first one!
utility_to_osm - WARNING - ssr:stedsnr = 680192 has multiple (3) positions, using the first one!
utility_to_osm - WARNING - ssr:stedsnr = 680200: No priority spelling found for lang = no, using alt_name to get "[('no', 'Isåsen')]"
utility_to_osm - WARNING - ssr:stedsnr = 680200 has multiple (3) positions, using the first one!
utility_to_osm - WARNING - ssr:stedsnr = 680281 has multiple (2) positions, using the first one!
utility_to_osm - WARNING - ssr:stedsnr = 680282 has multiple (3) positions, using the first one!
utility_to_osm - WARNING - ssr:stedsnr = 680297 has multiple (2) positions, using the first one!
utility_to_osm - WARNING - ssr:stedsnr = 680237 has multiple (2) positions, using the first one!
utility_to_osm - WARNING - ssr:stedsnr = 680301 has multiple (2) positions, using the first one!
utility_to_osm - WARNING - ssr:stedsnr = 680334 has multiple (2) positions, using the first one!
utility_to_osm - WARNING - ssr:stedsnr = 680335: No priority spelling found for lang = no, using alt_name to get "[('no', 'Melan')]"
utility_to_osm - WARNING - ssr:stedsnr = 680384 has multiple (2) positions, using the first one!
utility_to_osm - WARNING - ssr:stedsnr = 680392 has multiple (3) positions, using the first one!
utility_to_osm - WARNING - ssr:stedsnr = 681312: No priority spelling found for lang = no, using alt_name to get "[('no', 'Mjølhushøgda')]"
utility_to_osm - WARNING - ssr:stedsnr = 498242 has multiple (3) positions, using the first one!
utility_to_osm - WARNING - ssr:stedsnr = 498402 has multiple (3) positions, using the first one!
utility_to_osm - WARNING - ssr:stedsnr = 498390 has multiple (2) positions, using the first one!
utility_to_osm - WARNING - ssr:stedsnr = 498395: No priority spelling found for lang = no, using alt_name to get "[('no', 'Seljhaugen')]"
utility_to_osm - WARNING - ssr:stedsnr = 498395 has multiple (4) positions, using the first one!
utility_to_osm - WARNING - ssr:stedsnr = 498396: No priority spelling found for lang = no, using alt_name to get "[('no', 'Seljkjølen')]"
utility_to_osm - WARNING - ssr:stedsnr = 498396 has multiple (2) positions, using the first one!
utility_to_osm - WARNING - ssr:stedsnr = 498398 has multiple (3) positions, using the first one!
utility_to_osm - WARNING - ssr:stedsnr = 498737 has multiple (3) positions, using the first one!
utility_to_osm - WARNING - ssr:stedsnr = 498751: No priority spelling found for lang = no, using alt_name to get "[('no', 'Husbysætren')]"
utility_to_osm - WARNING - ssr:stedsnr = 498751 has multiple (2) positions, using the first one!
utility_to_osm - WARNING - ssr:stedsnr = 681329 has multiple (2) positions, using the first one!
utility_to_osm - WARNING - ssr:stedsnr = 508096 has multiple (2) positions, using the first one!
utility_to_osm - WARNING - ssr:stedsnr = 508223 has multiple (3) positions, using the first one!
utility_to_osm - WARNING - ssr:stedsnr = 508102 has multiple (2) positions, using the first one!
utility_to_osm - WARNING - ssr:stedsnr = 509211: No priority spelling found for lang = no, using alt_name to get "[('no', 'Sjetnan')]"
utility_to_osm - ERROR - ssr:stedsnr = 543203. No positions found, skipping
utility_to_osm - WARNING - ssr:stedsnr = 543205: No priority spelling found for lang = no, using alt_name to get "[('no', 'Marithaugen')]"
utility_to_osm - ERROR - ssr:stedsnr = 543205. No positions found, skipping
utility_to_osm - ERROR - ssr:stedsnr = 543210. No positions found, skipping
utility_to_osm - ERROR - ssr:stedsnr = 543219. No positions found, skipping
utility_to_osm - ERROR - ssr:stedsnr = 543174. No positions found, skipping
utility_to_osm - ERROR - ssr:stedsnr = 544178. No positions found, skipping
utility_to_osm - WARNING - ssr:stedsnr = 558311: No priority spelling found for lang = no, using alt_name to get "[('no', 'Vinåsvatnet')]"
utility_to_osm - WARNING - ssr:stedsnr = 558311 has multiple (3) positions, using the first one!
utility_to_osm - WARNING - ssr:stedsnr = 558355 has multiple (2) positions, using the first one!
utility_to_osm - WARNING - ssr:stedsnr = 558254 has multiple (2) positions, using the first one!
utility_to_osm - WARNING - ssr:stedsnr = 558260: No priority spelling found for lang = no, using alt_name to get "[('no', 'Børsa prestegard'), ('no', 'Rossvoll')]"
utility_to_osm - ERROR - ssr:stedsnr = 558260: Adding multiple names to name tag, this is not OK! name = "Børsa prestegard;Rossvoll"
utility_to_osm - WARNING - ssr:stedsnr = 558260 has multiple (2) positions, using the first one!
utility_to_osm - ERROR - ssr:stedsnr = 559336: Adding multiple names to name tag, this is not OK! name = "Sætra;Nersætra"
utility_to_osm - WARNING - ssr:stedsnr = 559485 has multiple (2) positions, using the first one!
utility_to_osm - WARNING - ssr:stedsnr = 559739 has multiple (2) positions, using the first one!
utility_to_osm - WARNING - ssr:stedsnr = 559694: No priority spelling found for lang = no, using alt_name to get "[('no', 'Hafsmoen')]"
utility_to_osm - WARNING - ssr:stedsnr = 691345 has multiple (2) positions, using the first one!
utility_to_osm - WARNING - ssr:stedsnr = 692538 has multiple (2) positions, using the first one!
utility_to_osm - WARNING - ssr:stedsnr = 569579: No priority spelling found for lang = no, using alt_name to get "[('no', 'Grønlipynten')]"
utility_to_osm - WARNING - ssr:stedsnr = 599298: No priority spelling found for lang = no, using alt_name to get "[('no', 'Snøfugl')]"
utility_to_osm - ERROR - ssr:stedsnr = 601113. No positions found, skipping
utility_to_osm - WARNING - ssr:stedsnr = 601114: No priority spelling found for lang = no, using alt_name to get "[('no', 'Rådhusvegen')]"
utility_to_osm - ERROR - ssr:stedsnr = 601114. No positions found, skipping
utility_to_osm - WARNING - ssr:stedsnr = 603149: No priority spelling found for lang = no, using alt_name to get "[('no', 'Olvesrommet')]"
utility_to_osm - ERROR - ssr:stedsnr = 603149. No positions found, skipping
utility_to_osm - WARNING - ssr:stedsnr = 603152: No priority spelling found for lang = no, using alt_name to get "[('no', 'Fallet')]"
utility_to_osm - ERROR - ssr:stedsnr = 603152. No positions found, skipping
utility_to_osm - WARNING - ssr:stedsnr = 606310: No priority spelling found for lang = no, using alt_name to get "[('no', 'Venn')]"
utility_to_osm - WARNING - ssr:stedsnr = 619302: No priority spelling found for lang = no, using alt_name to get "[('no', 'Lykkjneset')]"
utility_to_osm - WARNING - ssr:stedsnr = 619302 has multiple (2) positions, using the first one!
utility_to_osm - WARNING - ssr:stedsnr = 619310 has multiple (3) positions, using the first one!
utility_to_osm - WARNING - ssr:stedsnr = 619319 has multiple (2) positions, using the first one!
utility_to_osm - WARNING - ssr:stedsnr = 619327 has multiple (2) positions, using the first one!
utility_to_osm - WARNING - ssr:stedsnr = 619387 has multiple (2) positions, using the first one!
utility_to_osm - WARNING - ssr:stedsnr = 620274 has multiple (3) positions, using the first one!
utility_to_osm - WARNING - ssr:stedsnr = 620277 has multiple (2) positions, using the first one!
utility_to_osm - WARNING - ssr:stedsnr = 629303: No priority spelling found for lang = no, using alt_name to get "[('no', 'Skytjønnbekken')]"
utility_to_osm - WARNING - ssr:stedsnr = 632515: No priority spelling found for lang = no, using alt_name to get "[('no', 'Nausttunnelen')]"
utility_to_osm - ERROR - ssr:stedsnr = 632515. No positions found, skipping
utility_to_osm - WARNING - ssr:stedsnr = 646175: No priority spelling found for lang = no, using alt_name to get "[('no', 'Hammerslia')]"
utility_to_osm - ERROR - ssr:stedsnr = 646175. No positions found, skipping
utility_to_osm - WARNING - ssr:stedsnr = 646176: No priority spelling found for lang = no, using alt_name to get "[('no', 'Lensmannsekra')]"
utility_to_osm - ERROR - ssr:stedsnr = 646176. No positions found, skipping
utility_to_osm - WARNING - ssr:stedsnr = 646179: No priority spelling found for lang = no, using alt_name to get "[('no', 'Tausvegen')]"
utility_to_osm - ERROR - ssr:stedsnr = 646179. No positions found, skipping
utility_to_osm - WARNING - ssr:stedsnr = 707202: No priority spelling found for lang = no, using alt_name to get "[('no', 'Drengvegen')]"
utility_to_osm - ERROR - ssr:stedsnr = 709151. No positions found, skipping
utility_to_osm - WARNING - ssr:stedsnr = 667686: No priority spelling found for lang = no, using alt_name to get "[('no', 'Ljåkle')]"
utility_to_osm - WARNING - ssr:stedsnr = 679211 has multiple (3) positions, using the first one!
utility_to_osm - WARNING - ssr:stedsnr = 680307 has multiple (2) positions, using the first one!
utility_to_osm - WARNING - ssr:stedsnr = 680325 has multiple (2) positions, using the first one!
utility_to_osm - WARNING - ssr:stedsnr = 680734 has multiple (2) positions, using the first one!
utility_to_osm - WARNING - ssr:stedsnr = 680736 has multiple (2) positions, using the first one!
utility_to_osm - WARNING - ssr:stedsnr = 680771 has multiple (3) positions, using the first one!
utility_to_osm - WARNING - ssr:stedsnr = 681469: No priority spelling found for lang = no, using alt_name to get "[('no', 'Tråssåvika')]"
utility_to_osm - WARNING - ssr:stedsnr = 681469 has multiple (2) positions, using the first one!
utility_to_osm - WARNING - ssr:stedsnr = 709905: No priority spelling found for lang = no, using alt_name to get "[('no', 'Ramberga')]"
utility_to_osm - WARNING - ssr:stedsnr = 727904: No priority spelling found for lang = no, using alt_name to get "[('no', 'Refsåsen')]"
utility_to_osm - WARNING - ssr:stedsnr = 728676: No priority spelling found for lang = no, using alt_name to get "[('no', 'Meistad')]"
utility_to_osm - WARNING - ssr:stedsnr = 728720 has multiple (2) positions, using the first one!
utility_to_osm - WARNING - ssr:stedsnr = 740249: No priority spelling found for lang = no, using alt_name to get "[('no', 'Solstadåsen')]"
utility_to_osm - WARNING - ssr:stedsnr = 740249 has multiple (2) positions, using the first one!
utility_to_osm - WARNING - ssr:stedsnr = 740190: No priority spelling found for lang = no, using alt_name to get "[('no', 'Bordalan')]"
utility_to_osm - WARNING - ssr:stedsnr = 740306 has multiple (3) positions, using the first one!
utility_to_osm - WARNING - ssr:stedsnr = 741203: No priority spelling found for lang = no, using alt_name to get "[('no', 'Aunsætren')]"
utility_to_osm - WARNING - ssr:stedsnr = 741203 has multiple (2) positions, using the first one!
utility_to_osm - WARNING - ssr:stedsnr = 741406 has multiple (3) positions, using the first one!
utility_to_osm - WARNING - ssr:stedsnr = 741408 has multiple (2) positions, using the first one!
utility_to_osm - WARNING - ssr:stedsnr = 741409 has multiple (2) positions, using the first one!
utility_to_osm - WARNING - ssr:stedsnr = 741401 has multiple (2) positions, using the first one!
utility_to_osm - WARNING - ssr:stedsnr = 741792 has multiple (3) positions, using the first one!
utility_to_osm - WARNING - ssr:stedsnr = 752303 has multiple (2) positions, using the first one!
utility_to_osm - WARNING - ssr:stedsnr = 752312 has multiple (3) positions, using the first one!
utility_to_osm - ERROR - ssr:stedsnr = 907124. No positions found, skipping
utility_to_osm - WARNING - ssr:stedsnr = 770134: No priority spelling found for lang = no, using alt_name to get "[('no', 'Nedre Skoglykkja')]"
utility_to_osm - ERROR - ssr:stedsnr = 770134. No positions found, skipping
utility_to_osm - WARNING - ssr:stedsnr = 770161: No priority spelling found for lang = no, using alt_name to get "[('no', 'Hammer')]"
utility_to_osm - ERROR - ssr:stedsnr = 908137. No positions found, skipping
utility_to_osm - ERROR - ssr:stedsnr = 908138. No positions found, skipping
utility_to_osm - WARNING - ssr:stedsnr = 783113: No priority spelling found for lang = no, using alt_name to get "[('no', 'Tangflatavegen')]"
utility_to_osm - ERROR - ssr:stedsnr = 783113. No positions found, skipping
utility_to_osm - WARNING - ssr:stedsnr = 910325 has multiple (2) positions, using the first one!
utility_to_osm - ERROR - ssr:stedsnr = 785150. No positions found, skipping
utility_to_osm - ERROR - ssr:stedsnr = 785152. No positions found, skipping
utility_to_osm - WARNING - ssr:stedsnr = 910726: No priority spelling found for lang = no, using alt_name to get "[('no', 'Ljåkle')]"
utility_to_osm - WARNING - ssr:stedsnr = 801206 has multiple (12) positions, using the first one!
utility_to_osm - WARNING - ssr:stedsnr = 801209 has multiple (2) positions, using the first one!
utility_to_osm - WARNING - ssr:stedsnr = 801176: No priority spelling found for lang = no, using alt_name to get "[('no', 'Medskogsvatnet')]"
utility_to_osm - WARNING - ssr:stedsnr = 801176 has multiple (4) positions, using the first one!
utility_to_osm - WARNING - ssr:stedsnr = 802213: No priority spelling found for lang = no, using alt_name to get "[('no', 'Krokstadsætren')]"
utility_to_osm - WARNING - ssr:stedsnr = 802213 has multiple (3) positions, using the first one!
utility_to_osm - WARNING - ssr:stedsnr = 802305: No priority spelling found for lang = no, using alt_name to get "[('no', 'Rossvatnet')]"
utility_to_osm - WARNING - ssr:stedsnr = 802305 has multiple (2) positions, using the first one!
utility_to_osm - WARNING - ssr:stedsnr = 802308: No priority spelling found for lang = no, using alt_name to get "[('no', 'Kloppmyråsen')]"
utility_to_osm - WARNING - ssr:stedsnr = 802308 has multiple (3) positions, using the first one!
utility_to_osm - WARNING - ssr:stedsnr = 802311: No priority spelling found for lang = no, using alt_name to get "[('no', 'Æle')]"
utility_to_osm - WARNING - ssr:stedsnr = 802311 has multiple (3) positions, using the first one!
utility_to_osm - WARNING - ssr:stedsnr = 802317 has multiple (2) positions, using the first one!
utility_to_osm - WARNING - ssr:stedsnr = 802377 has multiple (2) positions, using the first one!
utility_to_osm - WARNING - ssr:stedsnr = 802764: No priority spelling found for lang = no, using alt_name to get "[('no', 'Tjønnmyren')]"
utility_to_osm - WARNING - ssr:stedsnr = 802764 has multiple (3) positions, using the first one!
utility_to_osm - WARNING - ssr:stedsnr = 802778 has multiple (2) positions, using the first one!
utility_to_osm - WARNING - ssr:stedsnr = 812013: No priority spelling found for lang = no, using alt_name to get "[('no', 'Husbytangen')]"
utility_to_osm - WARNING - ssr:stedsnr = 815487: No priority spelling found for lang = no, using alt_name to get "[('no', 'Buvikkrysset')]"
utility_to_osm - WARNING - ssr:stedsnr = 829166: No priority spelling found for lang = no, using alt_name to get "[('no', 'Småtrøan')]"
utility_to_osm - ERROR - ssr:stedsnr = 829166. No positions found, skipping
utility_to_osm - WARNING - ssr:stedsnr = 923301 has multiple (2) positions, using the first one!
utility_to_osm - WARNING - ssr:stedsnr = 923232 has multiple (2) positions, using the first one!
utility_to_osm - WARNING - ssr:stedsnr = 923346 has multiple (3) positions, using the first one!
utility_to_osm - WARNING - ssr:stedsnr = 923352 has multiple (3) positions, using the first one!
utility_to_osm - WARNING - ssr:stedsnr = 923355 has multiple (3) positions, using the first one!
utility_to_osm - WARNING - ssr:stedsnr = 923410 has multiple (2) positions, using the first one!
utility_to_osm - WARNING - ssr:stedsnr = 923740 has multiple (5) positions, using the first one!
utility_to_osm - WARNING - ssr:stedsnr = 923766: No priority spelling found for lang = no, using alt_name to get "[('no', 'Utsikten')]"
utility_to_osm - WARNING - ssr:stedsnr = 923766 has multiple (3) positions, using the first one!
utility_to_osm - WARNING - ssr:stedsnr = 923712 has multiple (3) positions, using the first one!
utility_to_osm - WARNING - ssr:stedsnr = 924455 has multiple (2) positions, using the first one!
utility_to_osm - WARNING - ssr:stedsnr = 924288 has multiple (2) positions, using the first one!
utility_to_osm - WARNING - ssr:stedsnr = 924112 has multiple (2) positions, using the first one!
utility_to_osm - WARNING - ssr:stedsnr = 862207 has multiple (3) positions, using the first one!
utility_to_osm - WARNING - ssr:stedsnr = 862325 has multiple (2) positions, using the first one!
utility_to_osm - WARNING - ssr:stedsnr = 862356 has multiple (3) positions, using the first one!
utility_to_osm - WARNING - ssr:stedsnr = 862298 has multiple (4) positions, using the first one!
utility_to_osm - WARNING - ssr:stedsnr = 863260 has multiple (2) positions, using the first one!
utility_to_osm - WARNING - ssr:stedsnr = 935553 has multiple (2) positions, using the first one!
utility_to_osm - WARNING - ssr:stedsnr = 935565 has multiple (3) positions, using the first one!
utility_to_osm - WARNING - ssr:stedsnr = 934278 has multiple (2) positions, using the first one!
utility_to_osm - WARNING - ssr:stedsnr = 905109: No priority spelling found for lang = no, using alt_name to get "[('no', 'Skrømthølet')]"
utility_to_osm - ERROR - ssr:stedsnr = 905109. No positions found, skipping
utility_to_osm - WARNING - ssr:stedsnr = 923226 has multiple (3) positions, using the first one!
utility_to_osm - WARNING - ssr:stedsnr = 923321: No priority spelling found for lang = no, using alt_name to get "[('no', 'Blekkåsen')]"
utility_to_osm - WARNING - ssr:stedsnr = 923321 has multiple (2) positions, using the first one!
utility_to_osm - WARNING - ssr:stedsnr = 924446 has multiple (2) positions, using the first one!
utility_to_osm - WARNING - ssr:stedsnr = 924682 has multiple (2) positions, using the first one!
utility_to_osm - ERROR - ssr:stedsnr = 934113. No positions found, skipping
utility_to_osm - WARNING - ssr:stedsnr = 934517 has multiple (2) positions, using the first one!
utility_to_osm - WARNING - ssr:stedsnr = 934538: No priority spelling found for lang = no, using alt_name to get "[('no', 'Klumpan')]"
utility_to_osm - ERROR - ssr:stedsnr = 950200. No positions found, skipping
utility_to_osm - WARNING - ssr:stedsnr = 978936: No priority spelling found for lang = no, using alt_name to get "[('no', 'Sjetnan')]"
utility_to_osm - WARNING - ssr:stedsnr = 978937: No priority spelling found for lang = no, using alt_name to get "[('no', 'Høve')]"
utility_to_osm - WARNING - ssr:stedsnr = 980645: No priority spelling found for lang = no, using alt_name to get "[('no', 'Trøndelag fylke')]"
utility_to_osm - WARNING - ssr:stedsnr = 980645: No priority spelling found for lang = sma, using alt_name to get "[('no', 'Trøndelag fylke'), ('sma', 'Trööndelagen fylhke')]"
utility_to_osm - ERROR - ssr:stedsnr = 990833. No positions found, skipping
utility_to_osm - ERROR - ssr:stedsnr = 990834. No positions found, skipping
utility_to_osm - ERROR - ssr:stedsnr = 990835. No positions found, skipping
utility_to_osm - WARNING - ssr:stedsnr = 990836: No priority spelling found for lang = no, using alt_name to get "[('no', 'Gammelvegen')]"
utility_to_osm - ERROR - ssr:stedsnr = 990836. No positions found, skipping
utility_to_osm - ERROR - ssr:stedsnr = 990837. No positions found, skipping
utility_to_osm - ERROR - ssr:stedsnr = 990838. No positions found, skipping
utility_to_osm - WARNING - ssr:stedsnr = 990839: No priority spelling found for lang = no, using alt_name to get "[('no', 'Sjetnvegen')]"
utility_to_osm - ERROR - ssr:stedsnr = 990839. No positions found, skipping
utility_to_osm - ERROR - ssr:stedsnr = 990840. No positions found, skipping
utility_to_osm - ERROR - ssr:stedsnr = 990841. No positions found, skipping
utility_to_osm - ERROR - ssr:stedsnr = 990842. No positions found, skipping
utility_to_osm - ERROR - ssr:stedsnr = 990869. No positions found, skipping
utility_to_osm - ERROR - ssr:stedsnr = 990870. No positions found, skipping
utility_to_osm - ERROR - ssr:stedsnr = 990871. No positions found, skipping
utility_to_osm - ERROR - ssr:stedsnr = 990872. No positions found, skipping
utility_to_osm - ERROR - ssr:stedsnr = 990873. No positions found, skipping
utility_to_osm - WARNING - ssr:stedsnr = 990874: No priority spelling found for lang = no, using alt_name to get "[('no', 'Krokstadsætervegen')]"
utility_to_osm - ERROR - ssr:stedsnr = 990874. No positions found, skipping
utility_to_osm - ERROR - ssr:stedsnr = 990877. No positions found, skipping
utility_to_osm - ERROR - ssr:stedsnr = 990878. No positions found, skipping
utility_to_osm - ERROR - ssr:stedsnr = 990881. No positions found, skipping
utility_to_osm - ERROR - ssr:stedsnr = 990882. No positions found, skipping
utility_to_osm - ERROR - ssr:stedsnr = 990883. No positions found, skipping
utility_to_osm - ERROR - ssr:stedsnr = 990884. No positions found, skipping
utility_to_osm - WARNING - ssr:stedsnr = 990885: No priority spelling found for lang = no, using alt_name to get "[('no', 'Nerjåren')]"
utility_to_osm - ERROR - ssr:stedsnr = 990885. No positions found, skipping
utility_to_osm - ERROR - ssr:stedsnr = 990886. No positions found, skipping
utility_to_osm - ERROR - ssr:stedsnr = 990887. No positions found, skipping
utility_to_osm - ERROR - ssr:stedsnr = 990888. No positions found, skipping
utility_to_osm - ERROR - ssr:stedsnr = 990889. No positions found, skipping
utility_to_osm - ERROR - ssr:stedsnr = 990890. No positions found, skipping
utility_to_osm - WARNING - ssr:stedsnr = 12247 has multiple (2) positions, using the first one!
utility_to_osm - WARNING - ssr:stedsnr = 12306 has multiple (11) positions, using the first one!
utility_to_osm - WARNING - ssr:stedsnr = 12214 has multiple (3) positions, using the first one!
utility_to_osm - WARNING - ssr:stedsnr = 13148 has multiple (2) positions, using the first one!
utility_to_osm - WARNING - ssr:stedsnr = 13327 has multiple (2) positions, using the first one!
utility_to_osm - WARNING - ssr:stedsnr = 13287 has multiple (2) positions, using the first one!
utility_to_osm - WARNING - ssr:stedsnr = 13294 has multiple (2) positions, using the first one!
utility_to_osm - WARNING - ssr:stedsnr = 13300 has multiple (2) positions, using the first one!
utility_to_osm - ERROR - ssr:stedsnr = 13374: Adding multiple names to name tag, this is not OK! name = "Ner Rian;Gammelgarden"
utility_to_osm - WARNING - ssr:stedsnr = 13374 has multiple (3) positions, using the first one!
utility_to_osm - WARNING - ssr:stedsnr = 13740 has multiple (2) positions, using the first one!
utility_to_osm - WARNING - ssr:stedsnr = 23463 has multiple (2) positions, using the first one!
utility_to_osm - ERROR - ssr:stedsnr = 58139. No positions found, skipping
utility_to_osm - ERROR - ssr:stedsnr = 58142. No positions found, skipping
utility_to_osm - WARNING - ssr:stedsnr = 60333: No priority spelling found for lang = no, using alt_name to get "[('no', 'Venn')]"
utility_to_osm - WARNING - ssr:stedsnr = 60333 has multiple (3) positions, using the first one!
utility_to_osm - WARNING - ssr:stedsnr = 73200 has multiple (3) positions, using the first one!
utility_to_osm - WARNING - ssr:stedsnr = 73152 has multiple (3) positions, using the first one!
utility_to_osm - WARNING - ssr:stedsnr = 73228 has multiple (2) positions, using the first one!
utility_to_osm - WARNING - ssr:stedsnr = 73230 has multiple (5) positions, using the first one!
utility_to_osm - WARNING - ssr:stedsnr = 73353 has multiple (2) positions, using the first one!
utility_to_osm - WARNING - ssr:stedsnr = 74279 has multiple (2) positions, using the first one!
utility_to_osm - WARNING - ssr:stedsnr = 74297 has multiple (4) positions, using the first one!
utility_to_osm - WARNING - ssr:stedsnr = 74326 has multiple (2) positions, using the first one!
utility_to_osm - WARNING - ssr:stedsnr = 74343 has multiple (8) positions, using the first one!
utility_to_osm - WARNING - ssr:stedsnr = 74697 has multiple (4) positions, using the first one!
utility_to_osm - WARNING - ssr:stedsnr = 74721 has multiple (2) positions, using the first one!
utility_to_osm - WARNING - ssr:stedsnr = 84057 has multiple (2) positions, using the first one!
utility_to_osm - WARNING - ssr:stedsnr = 84069 has multiple (2) positions, using the first one!
utility_to_osm - WARNING - ssr:stedsnr = 84128 has multiple (2) positions, using the first one!
utility_to_osm - WARNING - ssr:stedsnr = 84269 has multiple (3) positions, using the first one!
utility_to_osm - WARNING - ssr:stedsnr = 85155 has multiple (3) positions, using the first one!
utility_to_osm - WARNING - ssr:stedsnr = 85169: No priority spelling found for lang = no, using alt_name to get "[('no', 'Sjetnbekken')]"
utility_to_osm - ERROR - ssr:stedsnr = 118151. No positions found, skipping
utility_to_osm - WARNING - ssr:stedsnr = 121490: No priority spelling found for lang = no, using alt_name to get "[('no', 'Hammer')]"
utility_to_osm - WARNING - ssr:stedsnr = 134315 has multiple (2) positions, using the first one!
utility_to_osm - WARNING - ssr:stedsnr = 134316 has multiple (2) positions, using the first one!
utility_to_osm - WARNING - ssr:stedsnr = 134301: No priority spelling found for lang = no, using alt_name to get "[('no', 'Hammer')]"
utility_to_osm - ERROR - ssr:stedsnr = 134378: Adding multiple names to name tag, this is not OK! name = "Myra;Nordlykkja"
utility_to_osm - WARNING - ssr:stedsnr = 134713 has multiple (3) positions, using the first one!
utility_to_osm - WARNING - ssr:stedsnr = 134716 has multiple (2) positions, using the first one!
utility_to_osm - WARNING - ssr:stedsnr = 134723 has multiple (3) positions, using the first one!
utility_to_osm - WARNING - ssr:stedsnr = 144438 has multiple (2) positions, using the first one!
utility_to_osm - WARNING - ssr:stedsnr = 145558 has multiple (3) positions, using the first one!
utility_to_osm - ERROR - ssr:stedsnr = 161190. No positions found, skipping
utility_to_osm - ERROR - ssr:stedsnr = 163136. No positions found, skipping
utility_to_osm - ERROR - ssr:stedsnr = 176142. No positions found, skipping
utility_to_osm - WARNING - ssr:stedsnr = 179164: No priority spelling found for lang = no, using alt_name to get "[('no', 'Trøan')]"
utility_to_osm - ERROR - ssr:stedsnr = 179164. No positions found, skipping
utility_to_osm - ERROR - ssr:stedsnr = 179128. No positions found, skipping
utility_to_osm - ERROR - ssr:stedsnr = 180126. No positions found, skipping
utility_to_osm - WARNING - ssr:stedsnr = 181749: No priority spelling found for lang = no, using alt_name to get "[('no', 'Ljåkle')]"
utility_to_osm - WARNING - ssr:stedsnr = 194186: No priority spelling found for lang = no, using alt_name to get "[('no', 'Sakktjønna')]"
utility_to_osm - WARNING - ssr:stedsnr = 194186 has multiple (3) positions, using the first one!
utility_to_osm - WARNING - ssr:stedsnr = 194253 has multiple (3) positions, using the first one!
utility_to_osm - WARNING - ssr:stedsnr = 194268: No priority spelling found for lang = no, using alt_name to get "[('no', 'Hegglien')]"
utility_to_osm - WARNING - ssr:stedsnr = 194268 has multiple (2) positions, using the first one!
utility_to_osm - WARNING - ssr:stedsnr = 194269 has multiple (2) positions, using the first one!
utility_to_osm - WARNING - ssr:stedsnr = 194275 has multiple (2) positions, using the first one!
utility_to_osm - WARNING - ssr:stedsnr = 194214 has multiple (3) positions, using the first one!
utility_to_osm - ERROR - ssr:stedsnr = 194277: Adding multiple names to name tag, this is not OK! name = "Kuvåslykkja;Byåsen"
utility_to_osm - WARNING - ssr:stedsnr = 194277 has multiple (2) positions, using the first one!
utility_to_osm - WARNING - ssr:stedsnr = 195156: No priority spelling found for lang = no, using alt_name to get "[('no', 'Huåsen')]"
utility_to_osm - WARNING - ssr:stedsnr = 195156 has multiple (2) positions, using the first one!
utility_to_osm - WARNING - ssr:stedsnr = 195177 has multiple (2) positions, using the first one!
utility_to_osm - WARNING - ssr:stedsnr = 195193 has multiple (3) positions, using the first one!
utility_to_osm - WARNING - ssr:stedsnr = 195287 has multiple (2) positions, using the first one!
utility_to_osm - WARNING - ssr:stedsnr = 195289 has multiple (2) positions, using the first one!
utility_to_osm - WARNING - ssr:stedsnr = 195303: No priority spelling found for lang = no, using alt_name to get "[('no', 'Renåsen')]"
utility_to_osm - WARNING - ssr:stedsnr = 195303 has multiple (6) positions, using the first one!
utility_to_osm - WARNING - ssr:stedsnr = 195399 has multiple (2) positions, using the first one!
utility_to_osm - WARNING - ssr:stedsnr = 195757 has multiple (2) positions, using the first one!
utility_to_osm - WARNING - ssr:stedsnr = 195758 has multiple (3) positions, using the first one!
utility_to_osm - WARNING - ssr:stedsnr = 205015: No priority spelling found for lang = no, using alt_name to get "[('no', 'Snefugllien')]"
utility_to_osm - WARNING - ssr:stedsnr = 205323 has multiple (2) positions, using the first one!
utility_to_osm - WARNING - ssr:stedsnr = 205633: No priority spelling found for lang = no, using alt_name to get "[('no', 'Sønnøvsætervollen')]"
utility_to_osm - WARNING - ssr:stedsnr = 206534 has multiple (2) positions, using the first one!
utility_to_osm - ERROR - ssr:stedsnr = 224166. No positions found, skipping
utility_to_osm - ERROR - ssr:stedsnr = 224169. No positions found, skipping
utility_to_osm - ERROR - ssr:stedsnr = 226413. No positions found, skipping
utility_to_osm - WARNING - ssr:stedsnr = 283143: No priority spelling found for lang = no, using alt_name to get "[('no', 'Snøfuglstien')]"
utility_to_osm - ERROR - ssr:stedsnr = 283143. No positions found, skipping
utility_to_osm - WARNING - ssr:stedsnr = 284146: No priority spelling found for lang = no, using alt_name to get "[('no', 'Brattbakken')]"
utility_to_osm - ERROR - ssr:stedsnr = 284146. No positions found, skipping
utility_to_osm - ERROR - ssr:stedsnr = 298121. No positions found, skipping
utility_to_osm - ERROR - ssr:stedsnr = 300181. No positions found, skipping
utility_to_osm - WARNING - ssr:stedsnr = 303728: No priority spelling found for lang = no, using alt_name to get "[('no', 'Ljåkle')]"
utility_to_osm - WARNING - ssr:stedsnr = 315230 has multiple (5) positions, using the first one!
utility_to_osm - WARNING - ssr:stedsnr = 316743: No priority spelling found for lang = no, using alt_name to get "[('no', 'Hafsbuan')]"
utility_to_osm - WARNING - ssr:stedsnr = 316177: No priority spelling found for lang = no, using alt_name to get "[('no', 'Svarttjønna')]"
utility_to_osm - WARNING - ssr:stedsnr = 316177 has multiple (2) positions, using the first one!
utility_to_osm - WARNING - ssr:stedsnr = 316282 has multiple (2) positions, using the first one!
utility_to_osm - WARNING - ssr:stedsnr = 316288: No priority spelling found for lang = no, using alt_name to get "[('no', 'Venn')]"
utility_to_osm - WARNING - ssr:stedsnr = 316342: No priority spelling found for lang = no, using alt_name to get "[('no', 'Snøfugl')]"
utility_to_osm - WARNING - ssr:stedsnr = 316541 has multiple (13) positions, using the first one!
utility_to_osm - WARNING - ssr:stedsnr = 316544 has multiple (4) positions, using the first one!
utility_to_osm - WARNING - ssr:stedsnr = 316765 has multiple (4) positions, using the first one!
utility_to_osm - WARNING - ssr:stedsnr = 326345: No priority spelling found for lang = no, using alt_name to get "[('no', 'Bjønnholet')]"
utility_to_osm - WARNING - ssr:stedsnr = 326152 has multiple (2) positions, using the first one!
utility_to_osm - WARNING - ssr:stedsnr = 327040: No priority spelling found for lang = no, using alt_name to get "[('no', 'Seljkammen')]"
utility_to_osm - ERROR - ssr:stedsnr = 327427. No positions found, skipping
utility_to_osm - WARNING - ssr:stedsnr = 343167: No priority spelling found for lang = no, using alt_name to get "[('no', 'Meieriskogen')]"
utility_to_osm - ERROR - ssr:stedsnr = 343167. No positions found, skipping
utility_to_osm - WARNING - ssr:stedsnr = 361185: No priority spelling found for lang = no, using alt_name to get "[('no', 'Tromvegen')]"
utility_to_osm - ERROR - ssr:stedsnr = 361185. No positions found, skipping
utility_to_osm - WARNING - ssr:stedsnr = 363673: No priority spelling found for lang = no, using alt_name to get "[('no', 'Meistad')]"
utility_to_osm - WARNING - ssr:stedsnr = 376155 has multiple (2) positions, using the first one!
utility_to_osm - WARNING - ssr:stedsnr = 376250 has multiple (2) positions, using the first one!
utility_to_osm - WARNING - ssr:stedsnr = 376253 has multiple (2) positions, using the first one!
utility_to_osm - WARNING - ssr:stedsnr = 376259 has multiple (2) positions, using the first one!
utility_to_osm - WARNING - ssr:stedsnr = 376261 has multiple (2) positions, using the first one!
utility_to_osm - WARNING - ssr:stedsnr = 376265: No priority spelling found for lang = no, using alt_name to get "[('no', 'Skjetnteigen'), ('no', 'Sjetnan'), ('no', 'Sjetnteigen')]"
utility_to_osm - ERROR - ssr:stedsnr = 376265: Adding multiple names to name tag, this is not OK! name = "Skjetnteigen;Sjetnan;Sjetnteigen"
utility_to_osm - WARNING - ssr:stedsnr = 376158 has multiple (4) positions, using the first one!
utility_to_osm - WARNING - ssr:stedsnr = 376160: No priority spelling found for lang = no, using alt_name to get "[('no', 'Stentjønna')]"
utility_to_osm - WARNING - ssr:stedsnr = 376160 has multiple (3) positions, using the first one!
utility_to_osm - WARNING - ssr:stedsnr = 376390 has multiple (2) positions, using the first one!
utility_to_osm - WARNING - ssr:stedsnr = 376270 has multiple (3) positions, using the first one!
utility_to_osm - WARNING - ssr:stedsnr = 376351 has multiple (2) positions, using the first one!
utility_to_osm - WARNING - ssr:stedsnr = 377325 has multiple (2) positions, using the first one!
utility_to_osm - WARNING - ssr:stedsnr = 377282: No priority spelling found for lang = no, using alt_name to get "[('no', 'Hammer')]"
utility_to_osm - WARNING - ssr:stedsnr = 377304: No priority spelling found for lang = no, using alt_name to get "[('no', 'Meistad')]"
utility_to_osm - WARNING - ssr:stedsnr = 377340 has multiple (2) positions, using the first one!
utility_to_osm - ERROR - ssr:stedsnr = 377344: Adding multiple names to name tag, this is not OK! name = "Hammertrøa;Øversætra"
utility_to_osm - WARNING - ssr:stedsnr = 377708 has multiple (3) positions, using the first one!
utility_to_osm - WARNING - ssr:stedsnr = 387459: No priority spelling found for lang = no, using alt_name to get "[('no', 'Merket')]"
utility_to_osm - WARNING - ssr:stedsnr = 387467: No priority spelling found for lang = no, using alt_name to get "[('no', 'Høvekleva')]"
utility_to_osm - WARNING - ssr:stedsnr = 388178: No priority spelling found for lang = no, using alt_name to get "[('no', 'Sjetnlykkja')]"
utility_to_osm - WARNING - ssr:stedsnr = 389535: No priority spelling found for lang = no, using alt_name to get "[('no', 'Buviktunnelen')]"
utility_to_osm - ERROR - ssr:stedsnr = 389535. No positions found, skipping
utility_to_osm - WARNING - ssr:stedsnr = 422161: No priority spelling found for lang = no, using alt_name to get "[('no', 'Naustmælen')]"
utility_to_osm - ERROR - ssr:stedsnr = 422161. No positions found, skipping
utility_to_osm - ERROR - ssr:stedsnr = 422177. No positions found, skipping
utility_to_osm - WARNING - ssr:stedsnr = 424455: No priority spelling found for lang = no, using alt_name to get "[('no', 'Hammer')]"
utility_to_osm - WARNING - ssr:stedsnr = 424455 has multiple (2) positions, using the first one!
utility_to_osm - WARNING - ssr:stedsnr = 437195: No priority spelling found for lang = no, using alt_name to get "[('no', 'Esstjønna')]"
utility_to_osm - WARNING - ssr:stedsnr = 437195 has multiple (3) positions, using the first one!
utility_to_osm - WARNING - ssr:stedsnr = 438126 has multiple (2) positions, using the first one!
utility_to_osm - WARNING - ssr:stedsnr = 438283: No priority spelling found for lang = no, using alt_name to get "[('no', 'Kjæremstrøa')]"
utility_to_osm - WARNING - ssr:stedsnr = 438283 has multiple (2) positions, using the first one!
utility_to_osm - WARNING - ssr:stedsnr = 438289 has multiple (5) positions, using the first one!
utility_to_osm - WARNING - ssr:stedsnr = 438306 has multiple (3) positions, using the first one!
utility_to_osm - WARNING - ssr:stedsnr = 438318 has multiple (2) positions, using the first one!
utility_to_osm - WARNING - ssr:stedsnr = 438329 has multiple (2) positions, using the first one!
utility_to_osm - WARNING - ssr:stedsnr = 438729 has multiple (2) positions, using the first one!
utility_to_osm - WARNING - ssr:stedsnr = 448034 has multiple (2) positions, using the first one!
utility_to_osm - WARNING - ssr:stedsnr = 448018: No priority spelling found for lang = no, using alt_name to get "[('no', 'Husbylykkja')]"
utility_to_osm - WARNING - ssr:stedsnr = 497222 has multiple (3) positions, using the first one!
utility_to_osm - WARNING - ssr:stedsnr = 498159 has multiple (6) positions, using the first one!
utility_to_osm - WARNING - ssr:stedsnr = 498306 has multiple (2) positions, using the first one!
utility_to_osm - ERROR - ssr:stedsnr = 498326: Adding multiple names to name tag, this is not OK! name = "Byasætra;Øvre Byasætra"
utility_to_osm - WARNING - ssr:stedsnr = 498326 has multiple (2) positions, using the first one!
utility_to_osm - WARNING - ssr:stedsnr = 498363: No priority spelling found for lang = no, using alt_name to get "[('no', 'Ljåkle')]"
utility_to_osm - WARNING - ssr:stedsnr = 498518 has multiple (2) positions, using the first one!
utility_to_osm - WARNING - ssr:stedsnr = 498520 has multiple (2) positions, using the first one!
utility_to_osm - WARNING - ssr:stedsnr = 498521: No priority spelling found for lang = no, using alt_name to get "[('no', 'Stykkjan')]"
utility_to_osm - WARNING - ssr:stedsnr = 508248 has multiple (3) positions, using the first one!
utility_to_osm - ERROR - ssr:stedsnr = 509248. No positions found, skipping
utility_to_osm - WARNING - ssr:stedsnr = 509372 has multiple (2) positions, using the first one!
utility_to_osm - WARNING - ssr:stedsnr = 511689: No priority spelling found for lang = no, using alt_name to get "[('no', 'Kallfossbrua')]"
utility_to_osm - ERROR - ssr:stedsnr = 511689. No positions found, skipping
utility_to_osm - WARNING - ssr:stedsnr = 511493: No priority spelling found for lang = no, using alt_name to get "[('no', 'Viggjatunnelen')]"
utility_to_osm - ERROR - ssr:stedsnr = 511493. No positions found, skipping
utility_to_osm - WARNING - ssr:stedsnr = 543157: No priority spelling found for lang = no, using alt_name to get "[('no', 'Haffilvegen')]"
utility_to_osm - ERROR - ssr:stedsnr = 543157. No positions found, skipping
utility_to_osm - WARNING - ssr:stedsnr = 545606: No priority spelling found for lang = no, using alt_name to get "[('no', 'Snefugl')]"
utility_to_osm - WARNING - ssr:stedsnr = 545465: No priority spelling found for lang = no, using alt_name to get "[('no', 'Hammer')]"
utility_to_osm - WARNING - ssr:stedsnr = 557136: No priority spelling found for lang = no, using alt_name to get "[('no', 'Ølshøgda')]"
utility_to_osm - WARNING - ssr:stedsnr = 557136 has multiple (8) positions, using the first one!
utility_to_osm - WARNING - ssr:stedsnr = 558277 has multiple (2) positions, using the first one!
utility_to_osm - WARNING - ssr:stedsnr = 558234: No priority spelling found for lang = no, using alt_name to get "[('no', 'Grønneset')]"
utility_to_osm - WARNING - ssr:stedsnr = 558234 has multiple (2) positions, using the first one!
utility_to_osm - WARNING - ssr:stedsnr = 558284 has multiple (2) positions, using the first one!
utility_to_osm - WARNING - ssr:stedsnr = 558287 has multiple (2) positions, using the first one!
utility_to_osm - WARNING - ssr:stedsnr = 559268 has multiple (4) positions, using the first one!
utility_to_osm - WARNING - ssr:stedsnr = 569016: No priority spelling found for lang = no, using alt_name to get "[('no', 'Snøfugl')]"
utility_to_osm - WARNING - ssr:stedsnr = 569293: No priority spelling found for lang = no, using alt_name to get "[('no', 'Hafsmobekken')]"
utility_to_osm - WARNING - ssr:stedsnr = 569045 has multiple (4) positions, using the first one!
utility_to_osm - WARNING - ssr:stedsnr = 570169: No priority spelling found for lang = no, using alt_name to get "[('no', 'Sjetnmyra')]"
utility_to_osm - WARNING - ssr:stedsnr = 570294 has multiple (2) positions, using the first one!
utility_to_osm - WARNING - ssr:stedsnr = 570489 has multiple (2) positions, using the first one!
utility_to_osm - WARNING - ssr:stedsnr = 572085 has multiple (3) positions, using the first one!
utility_to_osm - WARNING - ssr:stedsnr = 572740: No priority spelling found for lang = no, using alt_name to get "[('no', 'Naustbrua')]"
utility_to_osm - WARNING - ssr:stedsnr = 572740 has multiple (2) positions, using the first one!
utility_to_osm - WARNING - ssr:stedsnr = 603146: No priority spelling found for lang = no, using alt_name to get "[('no', 'Reina')]"
utility_to_osm - ERROR - ssr:stedsnr = 603146. No positions found, skipping
utility_to_osm - ERROR - ssr:stedsnr = 603147. No positions found, skipping
utility_to_osm - WARNING - ssr:stedsnr = 619300 has multiple (2) positions, using the first one!
utility_to_osm - WARNING - ssr:stedsnr = 619346 has multiple (2) positions, using the first one!
utility_to_osm - WARNING - ssr:stedsnr = 619756 has multiple (2) positions, using the first one!
utility_to_osm - WARNING - ssr:stedsnr = 619761 has multiple (2) positions, using the first one!
utility_to_osm - WARNING - ssr:stedsnr = 620658 has multiple (2) positions, using the first one!
utility_to_osm - ERROR - ssr:stedsnr = 630016: Adding multiple names to name tag, this is not OK! name = "Øvre Saltnes;Oppigard"
utility_to_osm - WARNING - ssr:stedsnr = 630147 has multiple (2) positions, using the first one!
utility_to_osm - WARNING - ssr:stedsnr = 630131: No priority spelling found for lang = no, using alt_name to get "[('no', 'Børsa kirke')]"
utility_to_osm - ERROR - ssr:stedsnr = 648170. No positions found, skipping
utility_to_osm - ERROR - ssr:stedsnr = 664149. No positions found, skipping
utility_to_osm - ERROR - ssr:stedsnr = 664153. No positions found, skipping
utility_to_osm - WARNING - ssr:stedsnr = 667676: No priority spelling found for lang = no, using alt_name to get "[('no', 'Sjetnan')]"
utility_to_osm - WARNING - ssr:stedsnr = 725154: No priority spelling found for lang = no, using alt_name to get "[('no', 'Klampvegen')]"
utility_to_osm - WARNING - ssr:stedsnr = 740235 has multiple (2) positions, using the first one!
utility_to_osm - WARNING - ssr:stedsnr = 741321: No priority spelling found for lang = no, using alt_name to get "[('no', 'Høve')]"
utility_to_osm - WARNING - ssr:stedsnr = 741342 has multiple (2) positions, using the first one!
utility_to_osm - WARNING - ssr:stedsnr = 741761 has multiple (4) positions, using the first one!
utility_to_osm - WARNING - ssr:stedsnr = 741767 has multiple (3) positions, using the first one!
utility_to_osm - WARNING - ssr:stedsnr = 751042 has multiple (2) positions, using the first one!
utility_to_osm - WARNING - ssr:stedsnr = 751401 has multiple (2) positions, using the first one!
utility_to_osm - WARNING - ssr:stedsnr = 752134 has multiple (2) positions, using the first one!
utility_to_osm - ERROR - ssr:stedsnr = 768168. No positions found, skipping
utility_to_osm - ERROR - ssr:stedsnr = 785135. No positions found, skipping
utility_to_osm - ERROR - ssr:stedsnr = 785142. No positions found, skipping
utility_to_osm - ERROR - ssr:stedsnr = 785143. No positions found, skipping
utility_to_osm - ERROR - ssr:stedsnr = 785145. No positions found, skipping
utility_to_osm - WARNING - ssr:stedsnr = 787182: No priority spelling found for lang = no, using alt_name to get "[('no', 'Snøfugllia')]"
utility_to_osm - ERROR - ssr:stedsnr = 787182. No positions found, skipping
utility_to_osm - WARNING - ssr:stedsnr = 788897: No priority spelling found for lang = no, using alt_name to get "[('no', 'Grønvika')]"
utility_to_osm - WARNING - ssr:stedsnr = 801169 has multiple (3) positions, using the first one!
utility_to_osm - WARNING - ssr:stedsnr = 801230 has multiple (2) positions, using the first one!
utility_to_osm - WARNING - ssr:stedsnr = 801190 has multiple (2) positions, using the first one!
utility_to_osm - WARNING - ssr:stedsnr = 801294 has multiple (2) positions, using the first one!
utility_to_osm - WARNING - ssr:stedsnr = 801239 has multiple (2) positions, using the first one!
utility_to_osm - WARNING - ssr:stedsnr = 801249 has multiple (2) positions, using the first one!
utility_to_osm - WARNING - ssr:stedsnr = 802302 has multiple (3) positions, using the first one!
utility_to_osm - WARNING - ssr:stedsnr = 802383 has multiple (2) positions, using the first one!
utility_to_osm - WARNING - ssr:stedsnr = 802396 has multiple (2) positions, using the first one!
utility_to_osm - WARNING - ssr:stedsnr = 802397 has multiple (2) positions, using the first one!
utility_to_osm - WARNING - ssr:stedsnr = 802354 has multiple (2) positions, using the first one!
utility_to_osm - WARNING - ssr:stedsnr = 802747 has multiple (2) positions, using the first one!
utility_to_osm - WARNING - ssr:stedsnr = 802748 has multiple (4) positions, using the first one!
utility_to_osm - WARNING - ssr:stedsnr = 802761 has multiple (2) positions, using the first one!
utility_to_osm - WARNING - ssr:stedsnr = 812355 has multiple (2) positions, using the first one!
utility_to_osm - WARNING - ssr:stedsnr = 813117 has multiple (2) positions, using the first one!
utility_to_osm - WARNING - ssr:stedsnr = 813175: No priority spelling found for lang = no, using alt_name to get "[('no', 'Sjetnhaugen')]"
utility_to_osm - WARNING - ssr:stedsnr = 814531: No priority spelling found for lang = no, using alt_name to get "[('no', 'Svalnestunnelen')]"
utility_to_osm - ERROR - ssr:stedsnr = 814531. No positions found, skipping
utility_to_osm - WARNING - ssr:stedsnr = 814545: No priority spelling found for lang = no, using alt_name to get "[('no', 'Brekktunnelen')]"
utility_to_osm - ERROR - ssr:stedsnr = 814545. No positions found, skipping
utility_to_osm - ERROR - ssr:stedsnr = 847174. No positions found, skipping
utility_to_osm - ERROR - ssr:stedsnr = 847187. No positions found, skipping
utility_to_osm - WARNING - ssr:stedsnr = 862197 has multiple (2) positions, using the first one!
utility_to_osm - WARNING - ssr:stedsnr = 862262 has multiple (2) positions, using the first one!
utility_to_osm - WARNING - ssr:stedsnr = 862278 has multiple (2) positions, using the first one!
utility_to_osm - WARNING - ssr:stedsnr = 862287: No priority spelling found for lang = no, using alt_name to get "[('no', 'Husby')]"
utility_to_osm - WARNING - ssr:stedsnr = 862288 has multiple (3) positions, using the first one!
utility_to_osm - WARNING - ssr:stedsnr = 862292 has multiple (2) positions, using the first one!
utility_to_osm - WARNING - ssr:stedsnr = 863138 has multiple (2) positions, using the first one!
utility_to_osm - WARNING - ssr:stedsnr = 863305 has multiple (3) positions, using the first one!
utility_to_osm - WARNING - ssr:stedsnr = 863329 has multiple (3) positions, using the first one!
utility_to_osm - WARNING - ssr:stedsnr = 863291 has multiple (2) positions, using the first one!
utility_to_osm - WARNING - ssr:stedsnr = 863723 has multiple (2) positions, using the first one!
utility_to_osm - WARNING - ssr:stedsnr = 863738 has multiple (2) positions, using the first one!
utility_to_osm - ERROR - ssr:stedsnr = 873152: Adding multiple names to name tag, this is not OK! name = "Homyra;Homyren"
utility_to_osm - WARNING - ssr:stedsnr = 873240 has multiple (2) positions, using the first one!
utility_to_osm - WARNING - ssr:stedsnr = 874564 has multiple (2) positions, using the first one!
utility_to_osm - WARNING - ssr:stedsnr = 874573 has multiple (3) positions, using the first one!
utility_to_osm - WARNING - ssr:stedsnr = 875699: No priority spelling found for lang = no, using alt_name to get "[('no', 'Stugardsbrua')]"
utility_to_osm - WARNING - ssr:stedsnr = 875699 has multiple (2) positions, using the first one!
utility_to_osm - ERROR - ssr:stedsnr = 889169. No positions found, skipping
utility_to_osm - WARNING - ssr:stedsnr = 952169: No priority spelling found for lang = no, using alt_name to get "[('no', 'Øvre Skoglykkja')]"
utility_to_osm - ERROR - ssr:stedsnr = 952169. No positions found, skipping
utility_to_osm - ERROR - ssr:stedsnr = 952172. No positions found, skipping
utility_to_osm - WARNING - ssr:stedsnr = 952174: No priority spelling found for lang = no, using alt_name to get "[('no', 'Åkervegen')]"
utility_to_osm - ERROR - ssr:stedsnr = 952174. No positions found, skipping
utility_to_osm - WARNING - ssr:stedsnr = 958583: No priority spelling found for lang = no, using alt_name to get "[('no', 'Øysand')]"
utility_to_osm - WARNING - ssr:stedsnr = 973409: No priority spelling found for lang = no, using alt_name to get "[('no', 'Huseby')]"
utility_to_osm - ERROR - ssr:stedsnr = 990891. No positions found, skipping
utility_to_osm - WARNING - ssr:stedsnr = 990892: No priority spelling found for lang = no, using alt_name to get "[('no', 'Vuddulåsvegen')]"
utility_to_osm - ERROR - ssr:stedsnr = 990892. No positions found, skipping
utility_to_osm - ERROR - ssr:stedsnr = 990893. No positions found, skipping
utility_to_osm - ERROR - ssr:stedsnr = 990894. No positions found, skipping
utility_to_osm - ERROR - ssr:stedsnr = 990895. No positions found, skipping
utility_to_osm - ERROR - ssr:stedsnr = 990896. No positions found, skipping
utility_to_osm - WARNING - ssr:stedsnr = 990897: No priority spelling found for lang = no, using alt_name to get "[('no', 'Vennatunet')]"
utility_to_osm - ERROR - ssr:stedsnr = 990897. No positions found, skipping
utility_to_osm - WARNING - ssr:stedsnr = 990898: No priority spelling found for lang = no, using alt_name to get "[('no', 'Hammerstranda')]"
utility_to_osm - ERROR - ssr:stedsnr = 990898. No positions found, skipping
utility_to_osm - ERROR - ssr:stedsnr = 990843. No positions found, skipping
utility_to_osm - WARNING - ssr:stedsnr = 990844: No priority spelling found for lang = no, using alt_name to get "[('no', 'Åsan')]"
utility_to_osm - ERROR - ssr:stedsnr = 990844. No positions found, skipping
utility_to_osm - ERROR - ssr:stedsnr = 990845. No positions found, skipping
utility_to_osm - ERROR - ssr:stedsnr = 990846. No positions found, skipping
utility_to_osm - WARNING - ssr:stedsnr = 990847: No priority spelling found for lang = no, using alt_name to get "[('no', 'Sandavegen')]"
utility_to_osm - ERROR - ssr:stedsnr = 990847. No positions found, skipping
utility_to_osm - ERROR - ssr:stedsnr = 990848. No positions found, skipping
utility_to_osm - ERROR - ssr:stedsnr = 990849. No positions found, skipping
utility_to_osm - ERROR - ssr:stedsnr = 990850. No positions found, skipping
utility_to_osm - WARNING - ssr:stedsnr = 990851: No priority spelling found for lang = no, using alt_name to get "[('no', 'Mølnbakken')]"
utility_to_osm - ERROR - ssr:stedsnr = 990851. No positions found, skipping
utility_to_osm - ERROR - ssr:stedsnr = 990852. No positions found, skipping
utility_to_osm - WARNING - ssr:stedsnr = 990853: No priority spelling found for lang = no, using alt_name to get "[('no', 'Brautabakken')]"
utility_to_osm - ERROR - ssr:stedsnr = 990853. No positions found, skipping
utility_to_osm - WARNING - ssr:stedsnr = 990854: No priority spelling found for lang = no, using alt_name to get "[('no', 'Hanskleiva')]"
utility_to_osm - ERROR - ssr:stedsnr = 990854. No positions found, skipping
utility_to_osm - ERROR - ssr:stedsnr = 990855. No positions found, skipping
utility_to_osm - ERROR - ssr:stedsnr = 990856. No positions found, skipping
utility_to_osm - ERROR - ssr:stedsnr = 990857. No positions found, skipping
utility_to_osm - WARNING - ssr:stedsnr = 990858: No priority spelling found for lang = no, using alt_name to get "[('no', 'Høvevegen')]"
utility_to_osm - ERROR - ssr:stedsnr = 990858. No positions found, skipping
utility_to_osm - WARNING - ssr:stedsnr = 990859: No priority spelling found for lang = no, using alt_name to get "[('no', 'Høvestien')]"
utility_to_osm - ERROR - ssr:stedsnr = 990859. No positions found, skipping
utility_to_osm - ERROR - ssr:stedsnr = 990860. No positions found, skipping
utility_to_osm - ERROR - ssr:stedsnr = 990861. No positions found, skipping
utility_to_osm - WARNING - ssr:stedsnr = 990862: No priority spelling found for lang = no, using alt_name to get "[('no', 'Solhøgda')]"
utility_to_osm - ERROR - ssr:stedsnr = 990862. No positions found, skipping
utility_to_osm - ERROR - ssr:stedsnr = 990863. No positions found, skipping
utility_to_osm - WARNING - ssr:stedsnr = 990864: No priority spelling found for lang = no, using alt_name to get "[('no', 'Eliløkken')]"
utility_to_osm - ERROR - ssr:stedsnr = 990864. No positions found, skipping
utility_to_osm - WARNING - ssr:stedsnr = 990865: No priority spelling found for lang = no, using alt_name to get "[('no', 'Myravegen')]"
utility_to_osm - ERROR - ssr:stedsnr = 990865. No positions found, skipping
utility_to_osm - WARNING - ssr:stedsnr = 990866: No priority spelling found for lang = no, using alt_name to get "[('no', 'Meistadvegen')]"
utility_to_osm - ERROR - ssr:stedsnr = 990866. No positions found, skipping
utility_to_osm - ERROR - ssr:stedsnr = 990867. No positions found, skipping
utility_to_osm - ERROR - ssr:stedsnr = 990868. No positions found, skipping
utility_to_osm - WARNING - ssr:stedsnr = 990899: No priority spelling found for lang = no, using alt_name to get "[('no', 'Sigurd Ullstrengs veg')]"
utility_to_osm - ERROR - ssr:stedsnr = 990899. No positions found, skipping
utility_to_osm - WARNING - ssr:stedsnr = 990900: No priority spelling found for lang = no, using alt_name to get "[('no', 'Lykkja')]"
utility_to_osm - ERROR - ssr:stedsnr = 990900. No positions found, skipping
utility_to_osm - WARNING - ssr:stedsnr = 990901: No priority spelling found for lang = no, using alt_name to get "[('no', 'Skålvollen')]"
utility_to_osm - ERROR - ssr:stedsnr = 990901. No positions found, skipping
utility_to_osm - WARNING - ssr:stedsnr = 990902: No priority spelling found for lang = no, using alt_name to get "[('no', 'Sagbergsvegen')]"
utility_to_osm - ERROR - ssr:stedsnr = 990902. No positions found, skipping
utility_to_osm - WARNING - ssr:stedsnr = 990903: No priority spelling found for lang = no, using alt_name to get "[('no', 'Nordgrenda')]"
utility_to_osm - ERROR - ssr:stedsnr = 990903. No positions found, skipping
utility_to_osm - WARNING - ssr:stedsnr = 990904: No priority spelling found for lang = no, using alt_name to get "[('no', 'Ulvåsvegen')]"
utility_to_osm - ERROR - ssr:stedsnr = 990904. No positions found, skipping
utility_to_osm - ERROR - ssr:stedsnr = 990905. No positions found, skipping
utility_to_osm - ERROR - ssr:stedsnr = 990906. No positions found, skipping
utility_to_osm - ERROR - ssr:stedsnr = 990907. No positions found, skipping
utility_to_osm - ERROR - ssr:stedsnr = 990908. No positions found, skipping
utility_to_osm - ERROR - ssr:stedsnr = 990909. No positions found, skipping
utility_to_osm - ERROR - ssr:stedsnr = 990910. No positions found, skipping
utility_to_osm - WARNING - ssr:stedsnr = 990914: No priority spelling found for lang = no, using alt_name to get "[('no', 'Snøfuglvegen')]"
utility_to_osm - ERROR - ssr:stedsnr = 990914. No positions found, skipping
utility_to_osm - WARNING - ssr:stedsnr = 1022571: No priority spelling found for lang = no, using alt_name to get "[('no', 'Husbyvegen')]"
utility_to_osm - ERROR - ssr:stedsnr = 1022571. No positions found, skipping
utility_to_osm - WARNING - ssr:stedsnr = 1022583: No priority spelling found for lang = no, using alt_name to get "[('no', 'Jonasflata')]"
utility_to_osm - ERROR - ssr:stedsnr = 1022583. No positions found, skipping
utility_to_osm - WARNING - ssr:stedsnr = 1022603: No priority spelling found for lang = no, using alt_name to get "[('no', 'Husbysætren')]"
utility_to_osm - ERROR - ssr:stedsnr = 1022603. No positions found, skipping
