utility_to_osm - ERROR - ERROR, no ending in ssr2_to_osm_data/data/5404/5404-ssr.xml? Trying to re-download
utility_to_osm - WARNING - ssr:stedsnr = 20595 has multiple (3) positions, using the first one!
utility_to_osm - WARNING - ssr:stedsnr = 20596 has multiple (3) positions, using the first one!
utility_to_osm - WARNING - ssr:stedsnr = 20642 has multiple (2) positions, using the first one!
utility_to_osm - WARNING - ssr:stedsnr = 80507 has multiple (2) positions, using the first one!
utility_to_osm - WARNING - ssr:stedsnr = 87713: No priority spelling found for lang = fkv, using alt_name to get "[('no', 'Vardøya')]"
utility_to_osm - WARNING - ssr:stedsnr = 87713: No priority spelling found for lang = fkv, using alt_name to get "[('no', 'Vardøya')]"
utility_to_osm - WARNING - ssr:stedsnr = 87713 has multiple (7) positions, using the first one!
utility_to_osm - WARNING - ssr:stedsnr = 140938 has multiple (3) positions, using the first one!
utility_to_osm - WARNING - ssr:stedsnr = 141613 has multiple (2) positions, using the first one!
utility_to_osm - WARNING - ssr:stedsnr = 141615: No priority spelling found for lang = no, using alt_name to get "[('no', 'Vårberget')]"
utility_to_osm - WARNING - ssr:stedsnr = 141615 has multiple (2) positions, using the first one!
utility_to_osm - WARNING - ssr:stedsnr = 141620: No priority spelling found for lang = se, using alt_name to get "[('no', 'Grøhøgda'), ('se', 'Stuorravárri')]"
utility_to_osm - WARNING - ssr:stedsnr = 141620 has multiple (5) positions, using the first one!
utility_to_osm - WARNING - ssr:stedsnr = 141581: No priority spelling found for lang = no, using alt_name to get "[('no', 'Østerbardvika')]"
utility_to_osm - WARNING - ssr:stedsnr = 141581 has multiple (3) positions, using the first one!
utility_to_osm - WARNING - ssr:stedsnr = 141601: No priority spelling found for lang = no, using alt_name to get "[('no', 'Grøhøgda')]"
utility_to_osm - WARNING - ssr:stedsnr = 141601 has multiple (3) positions, using the first one!
utility_to_osm - WARNING - ssr:stedsnr = 141579: No priority spelling found for lang = no, using alt_name to get "[('no', 'Blodskythøgda')]"
utility_to_osm - WARNING - ssr:stedsnr = 141579 has multiple (7) positions, using the first one!
utility_to_osm - WARNING - ssr:stedsnr = 262522 has multiple (4) positions, using the first one!
utility_to_osm - WARNING - ssr:stedsnr = 262534 has multiple (7) positions, using the first one!
utility_to_osm - WARNING - ssr:stedsnr = 262586 has multiple (2) positions, using the first one!
utility_to_osm - WARNING - ssr:stedsnr = 262927 has multiple (5) positions, using the first one!
utility_to_osm - WARNING - ssr:stedsnr = 262931 has multiple (3) positions, using the first one!
utility_to_osm - WARNING - ssr:stedsnr = 262939 has multiple (3) positions, using the first one!
utility_to_osm - WARNING - ssr:stedsnr = 263614: No priority spelling found for lang = fkv, using alt_name to get "[('no', 'Vardø'), ('fkv', 'Vuorea')]"
utility_to_osm - WARNING - ssr:stedsnr = 263614: No priority spelling found for lang = fkv, using alt_name to get "[('no', 'Vardø'), ('fkv', 'Vuorea')]"
utility_to_osm - WARNING - ssr:stedsnr = 263614 has multiple (4) positions, using the first one!
utility_to_osm - WARNING - ssr:stedsnr = 202646 has multiple (6) positions, using the first one!
utility_to_osm - ERROR - ssr:stedsnr = 202648: Adding multiple names to name tag, this is not OK! name = "Vestre Langbuelva;Langbuneselva"
utility_to_osm - WARNING - ssr:stedsnr = 202648 has multiple (2) positions, using the first one!
utility_to_osm - WARNING - ssr:stedsnr = 267654: No priority spelling found for lang = no, using alt_name to get "[('no', 'Galjegrunnen')]"
utility_to_osm - WARNING - ssr:stedsnr = 202601 has multiple (2) positions, using the first one!
utility_to_osm - WARNING - ssr:stedsnr = 262945 has multiple (3) positions, using the first one!
utility_to_osm - WARNING - ssr:stedsnr = 263587: No priority spelling found for lang = no, using alt_name to get "[('no', 'Kroknes')]"
utility_to_osm - WARNING - ssr:stedsnr = 263587 has multiple (2) positions, using the first one!
utility_to_osm - WARNING - ssr:stedsnr = 263589 has multiple (2) positions, using the first one!
utility_to_osm - WARNING - ssr:stedsnr = 263594 has multiple (3) positions, using the first one!
utility_to_osm - WARNING - ssr:stedsnr = 263601: No priority spelling found for lang = no, using alt_name to get "[('no', 'Bardvikhøgda')]"
utility_to_osm - WARNING - ssr:stedsnr = 263601 has multiple (3) positions, using the first one!
utility_to_osm - WARNING - ssr:stedsnr = 272822: No priority spelling found for lang = se, using alt_name to get "[('no', 'Vardø kirke')]"
utility_to_osm - WARNING - ssr:stedsnr = 289975 has multiple (2) positions, using the first one!
utility_to_osm - WARNING - ssr:stedsnr = 323572 has multiple (2) positions, using the first one!
utility_to_osm - WARNING - ssr:stedsnr = 323573: No priority spelling found for lang = se, using alt_name to get "[('no', 'Kavringen')]"
utility_to_osm - WARNING - ssr:stedsnr = 323573 has multiple (2) positions, using the first one!
utility_to_osm - WARNING - ssr:stedsnr = 323925 has multiple (3) positions, using the first one!
utility_to_osm - WARNING - ssr:stedsnr = 470945 has multiple (2) positions, using the first one!
utility_to_osm - WARNING - ssr:stedsnr = 383165: No priority spelling found for lang = fkv, using alt_name to get "[('no', 'Varangerfjorden'), ('fkv', 'Varenkinvuono')]"
utility_to_osm - WARNING - ssr:stedsnr = 383165: No priority spelling found for lang = fkv, using alt_name to get "[('no', 'Varangerfjorden'), ('se', 'Várjavuonna'), ('fkv', 'Varenkinvuono')]"
utility_to_osm - WARNING - ssr:stedsnr = 383165 has multiple (71) positions, using the first one!
utility_to_osm - WARNING - ssr:stedsnr = 383914 has multiple (2) positions, using the first one!
utility_to_osm - WARNING - ssr:stedsnr = 383919 has multiple (3) positions, using the first one!
utility_to_osm - WARNING - ssr:stedsnr = 384596: No priority spelling found for lang = se, using alt_name to get "[('no', 'Store Jårboaivi')]"
utility_to_osm - WARNING - ssr:stedsnr = 384596 has multiple (3) positions, using the first one!
utility_to_osm - WARNING - ssr:stedsnr = 384598 has multiple (2) positions, using the first one!
utility_to_osm - WARNING - ssr:stedsnr = 384551 has multiple (2) positions, using the first one!
utility_to_osm - WARNING - ssr:stedsnr = 384609 has multiple (2) positions, using the first one!
utility_to_osm - WARNING - ssr:stedsnr = 388644: No priority spelling found for lang = no, using alt_name to get "[('no', 'Klokkarhaugen')]"
utility_to_osm - WARNING - ssr:stedsnr = 444505 has multiple (2) positions, using the first one!
utility_to_osm - WARNING - ssr:stedsnr = 445529 has multiple (3) positions, using the first one!
utility_to_osm - WARNING - ssr:stedsnr = 445592 has multiple (3) positions, using the first one!
utility_to_osm - WARNING - ssr:stedsnr = 470022 has multiple (2) positions, using the first one!
utility_to_osm - WARNING - ssr:stedsnr = 505507 has multiple (2) positions, using the first one!
utility_to_osm - WARNING - ssr:stedsnr = 505605: No priority spelling found for lang = no, using alt_name to get "[('no', 'Avløysa')]"
utility_to_osm - WARNING - ssr:stedsnr = 505605 has multiple (2) positions, using the first one!
utility_to_osm - WARNING - ssr:stedsnr = 505910: No priority spelling found for lang = fkv, using alt_name to get "[('no', 'Grythaugen'), ('se', 'Stuorra Ruitu'), ('fkv', 'Patatunturi')]"
utility_to_osm - WARNING - ssr:stedsnr = 505910 has multiple (5) positions, using the first one!
utility_to_osm - WARNING - ssr:stedsnr = 510669: No priority spelling found for lang = no, using alt_name to get "[('no', 'Vårbergtåa')]"
utility_to_osm - WARNING - ssr:stedsnr = 526222 has multiple (2) positions, using the first one!
utility_to_osm - WARNING - ssr:stedsnr = 531989 has multiple (2) positions, using the first one!
utility_to_osm - WARNING - ssr:stedsnr = 687920 has multiple (3) positions, using the first one!
utility_to_osm - WARNING - ssr:stedsnr = 688597: No priority spelling found for lang = no, using alt_name to get "[('no', 'Vestervågen')]"
utility_to_osm - WARNING - ssr:stedsnr = 688597 has multiple (3) positions, using the first one!
utility_to_osm - WARNING - ssr:stedsnr = 688609 has multiple (2) positions, using the first one!
utility_to_osm - WARNING - ssr:stedsnr = 688613 has multiple (3) positions, using the first one!
utility_to_osm - WARNING - ssr:stedsnr = 565503 has multiple (2) positions, using the first one!
utility_to_osm - WARNING - ssr:stedsnr = 565913 has multiple (26) positions, using the first one!
utility_to_osm - WARNING - ssr:stedsnr = 692668 has multiple (2) positions, using the first one!
utility_to_osm - WARNING - ssr:stedsnr = 698596 has multiple (2) positions, using the first one!
utility_to_osm - WARNING - ssr:stedsnr = 626605: No priority spelling found for lang = no, using alt_name to get "[('no', 'Barden')]"
utility_to_osm - WARNING - ssr:stedsnr = 626605 has multiple (4) positions, using the first one!
utility_to_osm - WARNING - ssr:stedsnr = 626613: No priority spelling found for lang = no, using alt_name to get "[('no', 'Kistefjellet')]"
utility_to_osm - WARNING - ssr:stedsnr = 626613 has multiple (2) positions, using the first one!
utility_to_osm - WARNING - ssr:stedsnr = 626615 has multiple (6) positions, using the first one!
utility_to_osm - WARNING - ssr:stedsnr = 626601 has multiple (2) positions, using the first one!
utility_to_osm - ERROR - ssr:stedsnr = 627619: Adding multiple names to name tag, this is not OK! name = "Skinnstakkvatnan;Votteskarvatnan"
utility_to_osm - WARNING - ssr:stedsnr = 627619 has multiple (2) positions, using the first one!
utility_to_osm - WARNING - ssr:stedsnr = 632397: No priority spelling found for lang = no, using alt_name to get "[('no', 'Reinøysundet')]"
utility_to_osm - WARNING - ssr:stedsnr = 687603 has multiple (2) positions, using the first one!
utility_to_osm - WARNING - ssr:stedsnr = 687606 has multiple (2) positions, using the first one!
utility_to_osm - WARNING - ssr:stedsnr = 687611: No priority spelling found for lang = no, using alt_name to get "[('no', 'Skyttarelva'), ('no', 'Skyttargamneselva')]"
utility_to_osm - ERROR - ssr:stedsnr = 687611: Adding multiple names to name tag, this is not OK! name = "Skyttarelva;Skyttargamneselva"
utility_to_osm - WARNING - ssr:stedsnr = 687611 has multiple (5) positions, using the first one!
utility_to_osm - ERROR - ssr:stedsnr = 687598: Adding multiple names to name tag, this is not OK! name = "Hestmanhøgda;Hestman"
utility_to_osm - WARNING - ssr:stedsnr = 687598 has multiple (3) positions, using the first one!
utility_to_osm - WARNING - ssr:stedsnr = 895934 has multiple (2) positions, using the first one!
utility_to_osm - WARNING - ssr:stedsnr = 752265: No priority spelling found for lang = no, using alt_name to get "[('no', 'Lille-Molvika')]"
utility_to_osm - WARNING - ssr:stedsnr = 755402 has multiple (3) positions, using the first one!
utility_to_osm - WARNING - ssr:stedsnr = 808489: No priority spelling found for lang = fkv, using alt_name to get "[('no', 'Indre Kiberg')]"
utility_to_osm - WARNING - ssr:stedsnr = 808489 has multiple (2) positions, using the first one!
utility_to_osm - WARNING - ssr:stedsnr = 809606 has multiple (3) positions, using the first one!
utility_to_osm - WARNING - ssr:stedsnr = 809607: No priority spelling found for lang = no, using alt_name to get "[('no', 'Bardvikmyra')]"
utility_to_osm - WARNING - ssr:stedsnr = 809607 has multiple (5) positions, using the first one!
utility_to_osm - WARNING - ssr:stedsnr = 809539 has multiple (3) positions, using the first one!
utility_to_osm - WARNING - ssr:stedsnr = 809541 has multiple (2) positions, using the first one!
utility_to_osm - WARNING - ssr:stedsnr = 930526 has multiple (2) positions, using the first one!
utility_to_osm - WARNING - ssr:stedsnr = 930537 has multiple (3) positions, using the first one!
utility_to_osm - WARNING - ssr:stedsnr = 930541: No priority spelling found for lang = fkv, using alt_name to get "[('no', 'Komagelva'), ('se', 'Stuorrajohka'), ('fkv', 'Kumajoki')]"
utility_to_osm - WARNING - ssr:stedsnr = 930541 has multiple (16) positions, using the first one!
utility_to_osm - WARNING - ssr:stedsnr = 930601: No priority spelling found for lang = no, using alt_name to get "[('no', 'Sprengsneset')]"
utility_to_osm - WARNING - ssr:stedsnr = 930601 has multiple (3) positions, using the first one!
utility_to_osm - WARNING - ssr:stedsnr = 930612: No priority spelling found for lang = no, using alt_name to get "[('no', 'Reinøyskjæret')]"
utility_to_osm - WARNING - ssr:stedsnr = 930634 has multiple (2) positions, using the first one!
utility_to_osm - WARNING - ssr:stedsnr = 930637 has multiple (5) positions, using the first one!
utility_to_osm - WARNING - ssr:stedsnr = 930638 has multiple (2) positions, using the first one!
utility_to_osm - WARNING - ssr:stedsnr = 930641 has multiple (3) positions, using the first one!
utility_to_osm - WARNING - ssr:stedsnr = 930916: No priority spelling found for lang = fkv, using alt_name to get "[('no', 'Første porten'), ('se', 'Stuorra Rohči'), ('fkv', 'Kumajoen portti')]"
utility_to_osm - WARNING - ssr:stedsnr = 930916 has multiple (3) positions, using the first one!
utility_to_osm - WARNING - ssr:stedsnr = 930924 has multiple (3) positions, using the first one!
utility_to_osm - WARNING - ssr:stedsnr = 930926 has multiple (3) positions, using the first one!
utility_to_osm - WARNING - ssr:stedsnr = 930927 has multiple (3) positions, using the first one!
utility_to_osm - WARNING - ssr:stedsnr = 930928 has multiple (3) positions, using the first one!
utility_to_osm - WARNING - ssr:stedsnr = 875982: No priority spelling found for lang = se, using alt_name to get "[('no', 'Urfjellet'), ('se', 'Jiessavárri')]"
utility_to_osm - WARNING - ssr:stedsnr = 875982: No priority spelling found for lang = fkv, using alt_name to get "[('no', 'Urfjellet'), ('se', 'Jiessavárri'), ('fkv', 'Kivitunturi')]"
utility_to_osm - WARNING - ssr:stedsnr = 875982 has multiple (3) positions, using the first one!
utility_to_osm - WARNING - ssr:stedsnr = 896227 has multiple (2) positions, using the first one!
utility_to_osm - WARNING - ssr:stedsnr = 930542: No priority spelling found for lang = no, using alt_name to get "[('no', 'Storskjæret')]"
utility_to_osm - WARNING - ssr:stedsnr = 930542 has multiple (3) positions, using the first one!
utility_to_osm - WARNING - ssr:stedsnr = 930545 has multiple (3) positions, using the first one!
utility_to_osm - WARNING - ssr:stedsnr = 930907 has multiple (2) positions, using the first one!
utility_to_osm - WARNING - ssr:stedsnr = 956991 has multiple (2) positions, using the first one!
utility_to_osm - WARNING - ssr:stedsnr = 20506 has multiple (3) positions, using the first one!
utility_to_osm - WARNING - ssr:stedsnr = 20517 has multiple (4) positions, using the first one!
utility_to_osm - WARNING - ssr:stedsnr = 20524: No priority spelling found for lang = fkv, using alt_name to get "[('no', 'Komagvær'), ('fkv', 'Kumaveri')]"
utility_to_osm - WARNING - ssr:stedsnr = 20524 has multiple (2) positions, using the first one!
utility_to_osm - WARNING - ssr:stedsnr = 20526 has multiple (2) positions, using the first one!
utility_to_osm - WARNING - ssr:stedsnr = 20603: No priority spelling found for lang = no, using alt_name to get "[('no', 'Vesterbardvika')]"
utility_to_osm - WARNING - ssr:stedsnr = 20603 has multiple (3) positions, using the first one!
utility_to_osm - WARNING - ssr:stedsnr = 20920 has multiple (2) positions, using the first one!
utility_to_osm - WARNING - ssr:stedsnr = 20924: No priority spelling found for lang = se, using alt_name to get "[('no', 'Persfjorden'), ('se', 'Biesavuotna')]"
utility_to_osm - WARNING - ssr:stedsnr = 20924 has multiple (9) positions, using the first one!
utility_to_osm - WARNING - ssr:stedsnr = 20931 has multiple (3) positions, using the first one!
utility_to_osm - WARNING - ssr:stedsnr = 20575: No priority spelling found for lang = no, using alt_name to get "[('no', 'Kommagnes')]"
utility_to_osm - WARNING - ssr:stedsnr = 20575 has multiple (3) positions, using the first one!
utility_to_osm - WARNING - ssr:stedsnr = 20648 has multiple (2) positions, using the first one!
utility_to_osm - WARNING - ssr:stedsnr = 20654 has multiple (3) positions, using the first one!
utility_to_osm - WARNING - ssr:stedsnr = 20658 has multiple (2) positions, using the first one!
utility_to_osm - WARNING - ssr:stedsnr = 20631 has multiple (3) positions, using the first one!
utility_to_osm - WARNING - ssr:stedsnr = 20635: No priority spelling found for lang = fkv, using alt_name to get "[('no', 'Bussesundet')]"
utility_to_osm - WARNING - ssr:stedsnr = 20635: No priority spelling found for lang = fkv, using alt_name to get "[('no', 'Bussesundet')]"
utility_to_osm - WARNING - ssr:stedsnr = 20635 has multiple (6) positions, using the first one!
utility_to_osm - WARNING - ssr:stedsnr = 20949 has multiple (3) positions, using the first one!
utility_to_osm - ERROR - ssr:stedsnr = 26747: Adding multiple names to name tag, this is not OK! name = "Skinnstakksvika;Kvannvika"
utility_to_osm - WARNING - ssr:stedsnr = 80574 has multiple (2) positions, using the first one!
utility_to_osm - WARNING - ssr:stedsnr = 80577 has multiple (2) positions, using the first one!
utility_to_osm - WARNING - ssr:stedsnr = 80943 has multiple (3) positions, using the first one!
utility_to_osm - WARNING - ssr:stedsnr = 81617: No priority spelling found for lang = no, using alt_name to get "[('no', 'Laukvika')]"
utility_to_osm - WARNING - ssr:stedsnr = 81617 has multiple (3) positions, using the first one!
utility_to_osm - WARNING - ssr:stedsnr = 81631 has multiple (2) positions, using the first one!
utility_to_osm - WARNING - ssr:stedsnr = 85612: No priority spelling found for lang = no, using alt_name to get "[('no', 'Bardvika')]"
utility_to_osm - WARNING - ssr:stedsnr = 107948 has multiple (2) positions, using the first one!
utility_to_osm - WARNING - ssr:stedsnr = 107959 has multiple (2) positions, using the first one!
utility_to_osm - WARNING - ssr:stedsnr = 140480 has multiple (2) positions, using the first one!
utility_to_osm - WARNING - ssr:stedsnr = 140483 has multiple (2) positions, using the first one!
utility_to_osm - WARNING - ssr:stedsnr = 141902 has multiple (3) positions, using the first one!
utility_to_osm - WARNING - ssr:stedsnr = 141904 has multiple (3) positions, using the first one!
utility_to_osm - WARNING - ssr:stedsnr = 147791 has multiple (2) positions, using the first one!
utility_to_osm - WARNING - ssr:stedsnr = 167944 has multiple (2) positions, using the first one!
utility_to_osm - WARNING - ssr:stedsnr = 167951 has multiple (2) positions, using the first one!
utility_to_osm - WARNING - ssr:stedsnr = 202511 has multiple (2) positions, using the first one!
utility_to_osm - WARNING - ssr:stedsnr = 202512 has multiple (3) positions, using the first one!
utility_to_osm - WARNING - ssr:stedsnr = 202516 has multiple (2) positions, using the first one!
utility_to_osm - WARNING - ssr:stedsnr = 202520: No priority spelling found for lang = fkv, using alt_name to get "[('no', 'Kiberg'), ('fkv', 'Kiiperi')]"
utility_to_osm - WARNING - ssr:stedsnr = 202520 has multiple (2) positions, using the first one!
utility_to_osm - ERROR - ssr:stedsnr = 202523: Adding multiple names to name tag, this is not OK! name = "Kunteskjæret;Sundskjæret"
utility_to_osm - WARNING - ssr:stedsnr = 202523 has multiple (2) positions, using the first one!
utility_to_osm - ERROR - ssr:stedsnr = 202526: Adding multiple names to name tag, this is not OK! name = "Trollbukta;Trollelvbukta"
utility_to_osm - WARNING - ssr:stedsnr = 202526 has multiple (2) positions, using the first one!
utility_to_osm - WARNING - ssr:stedsnr = 202531 has multiple (2) positions, using the first one!
utility_to_osm - WARNING - ssr:stedsnr = 202538 has multiple (3) positions, using the first one!
utility_to_osm - WARNING - ssr:stedsnr = 202619 has multiple (2) positions, using the first one!
utility_to_osm - WARNING - ssr:stedsnr = 202629: No priority spelling found for lang = no, using alt_name to get "[('no', 'Skyttargamnes')]"
utility_to_osm - WARNING - ssr:stedsnr = 202629 has multiple (3) positions, using the first one!
utility_to_osm - WARNING - ssr:stedsnr = 202631: No priority spelling found for lang = no, using alt_name to get "[('no', 'Steglneset')]"
utility_to_osm - WARNING - ssr:stedsnr = 202631 has multiple (3) positions, using the first one!
utility_to_osm - WARNING - ssr:stedsnr = 202638 has multiple (2) positions, using the first one!
utility_to_osm - WARNING - ssr:stedsnr = 202581 has multiple (9) positions, using the first one!
utility_to_osm - WARNING - ssr:stedsnr = 202928: No priority spelling found for lang = se, using alt_name to get "[('no', 'Månelva'), ('no', 'Lilleelva'), ('se', 'Movnnesjohka')]"
utility_to_osm - ERROR - ssr:stedsnr = 202928: Adding multiple names to name tag, this is not OK! name = "Månelva;Lilleelva"
utility_to_osm - WARNING - ssr:stedsnr = 202928 has multiple (8) positions, using the first one!
utility_to_osm - WARNING - ssr:stedsnr = 209463: No priority spelling found for lang = fkv, using alt_name to get "[('no', 'Vardøtunnelen')]"
utility_to_osm - WARNING - ssr:stedsnr = 209463: No priority spelling found for lang = fkv, using alt_name to get "[('no', 'Vardøtunnelen')]"
utility_to_osm - ERROR - ssr:stedsnr = 209463. No positions found, skipping
utility_to_osm - WARNING - ssr:stedsnr = 323515 has multiple (2) positions, using the first one!
utility_to_osm - WARNING - ssr:stedsnr = 323589 has multiple (2) positions, using the first one!
utility_to_osm - WARNING - ssr:stedsnr = 323599: No priority spelling found for lang = no, using alt_name to get "[('no', 'Reinøysundet')]"
utility_to_osm - WARNING - ssr:stedsnr = 323599 has multiple (2) positions, using the first one!
utility_to_osm - WARNING - ssr:stedsnr = 323614 has multiple (3) positions, using the first one!
utility_to_osm - WARNING - ssr:stedsnr = 323626 has multiple (2) positions, using the first one!
utility_to_osm - WARNING - ssr:stedsnr = 323636 has multiple (3) positions, using the first one!
utility_to_osm - WARNING - ssr:stedsnr = 323637: No priority spelling found for lang = no, using alt_name to get "[('no', 'Kibergsfjellet')]"
utility_to_osm - WARNING - ssr:stedsnr = 323637 has multiple (3) positions, using the first one!
utility_to_osm - WARNING - ssr:stedsnr = 323638 has multiple (3) positions, using the first one!
utility_to_osm - WARNING - ssr:stedsnr = 323641 has multiple (2) positions, using the first one!
utility_to_osm - WARNING - ssr:stedsnr = 323890 has multiple (11) positions, using the first one!
utility_to_osm - WARNING - ssr:stedsnr = 383530 has multiple (2) positions, using the first one!
utility_to_osm - WARNING - ssr:stedsnr = 383532 has multiple (2) positions, using the first one!
utility_to_osm - WARNING - ssr:stedsnr = 383536 has multiple (2) positions, using the first one!
utility_to_osm - WARNING - ssr:stedsnr = 383932 has multiple (3) positions, using the first one!
utility_to_osm - WARNING - ssr:stedsnr = 383939 has multiple (3) positions, using the first one!
utility_to_osm - WARNING - ssr:stedsnr = 383944 has multiple (3) positions, using the first one!
utility_to_osm - WARNING - ssr:stedsnr = 384531 has multiple (11) positions, using the first one!
utility_to_osm - WARNING - ssr:stedsnr = 384553: No priority spelling found for lang = no, using alt_name to get "[('no', 'Blodskytodden')]"
utility_to_osm - WARNING - ssr:stedsnr = 384553 has multiple (3) positions, using the first one!
utility_to_osm - WARNING - ssr:stedsnr = 384581 has multiple (2) positions, using the first one!
utility_to_osm - WARNING - ssr:stedsnr = 384586: No priority spelling found for lang = no, using alt_name to get "[('no', 'Svartnesbukta')]"
utility_to_osm - WARNING - ssr:stedsnr = 384586 has multiple (3) positions, using the first one!
utility_to_osm - WARNING - ssr:stedsnr = 384588 has multiple (3) positions, using the first one!
utility_to_osm - WARNING - ssr:stedsnr = 384591 has multiple (2) positions, using the first one!
utility_to_osm - WARNING - ssr:stedsnr = 390357: No priority spelling found for lang = fkv, using alt_name to get "[('no', 'Vardø')]"
utility_to_osm - WARNING - ssr:stedsnr = 390357: No priority spelling found for lang = fkv, using alt_name to get "[('no', 'Vardø')]"
utility_to_osm - WARNING - ssr:stedsnr = 410222 has multiple (2) positions, using the first one!
utility_to_osm - WARNING - ssr:stedsnr = 410930 has multiple (2) positions, using the first one!
utility_to_osm - WARNING - ssr:stedsnr = 444485 has multiple (3) positions, using the first one!
utility_to_osm - WARNING - ssr:stedsnr = 444488: No priority spelling found for lang = no, using alt_name to get "[('no', 'Kibergsneset')]"
utility_to_osm - WARNING - ssr:stedsnr = 444488 has multiple (5) positions, using the first one!
utility_to_osm - WARNING - ssr:stedsnr = 444494 has multiple (5) positions, using the first one!
utility_to_osm - ERROR - ssr:stedsnr = 444600: Adding multiple names to name tag, this is not OK! name = "Olskardhøgda;Olskarheia"
utility_to_osm - WARNING - ssr:stedsnr = 444934 has multiple (3) positions, using the first one!
utility_to_osm - WARNING - ssr:stedsnr = 444937 has multiple (5) positions, using the first one!
utility_to_osm - WARNING - ssr:stedsnr = 445599 has multiple (2) positions, using the first one!
utility_to_osm - WARNING - ssr:stedsnr = 445626 has multiple (3) positions, using the first one!
utility_to_osm - WARNING - ssr:stedsnr = 445923 has multiple (4) positions, using the first one!
utility_to_osm - WARNING - ssr:stedsnr = 505601: No priority spelling found for lang = no, using alt_name to get "[('no', 'Tjuvholmen')]"
utility_to_osm - WARNING - ssr:stedsnr = 505601: No priority spelling found for lang = fkv, using alt_name to get "[('no', 'Tjuvholmen')]"
utility_to_osm - WARNING - ssr:stedsnr = 505601: No priority spelling found for lang = fkv, using alt_name to get "[('no', 'Tjuvholmen')]"
utility_to_osm - WARNING - ssr:stedsnr = 505518 has multiple (2) positions, using the first one!
utility_to_osm - WARNING - ssr:stedsnr = 505618: No priority spelling found for lang = no, using alt_name to get "[('no', 'Østervågen')]"
utility_to_osm - WARNING - ssr:stedsnr = 505618 has multiple (2) positions, using the first one!
utility_to_osm - WARNING - ssr:stedsnr = 505620: No priority spelling found for lang = fkv, using alt_name to get "[('no', 'Vardø lufthavn, Svartnes'), ('fkv', 'Vuorean lentohamina')]"
utility_to_osm - WARNING - ssr:stedsnr = 505620: No priority spelling found for lang = fkv, using alt_name to get "[('no', 'Vardø lufthavn, Svartnes'), ('fkv', 'Vuorean lentohamina')]"
utility_to_osm - WARNING - ssr:stedsnr = 505624 has multiple (4) positions, using the first one!
utility_to_osm - ERROR - ssr:stedsnr = 505625: Adding multiple names to name tag, this is not OK! name = "Nerdomen;Nedre Domen"
utility_to_osm - WARNING - ssr:stedsnr = 505625 has multiple (3) positions, using the first one!
utility_to_osm - WARNING - ssr:stedsnr = 505630 has multiple (3) positions, using the first one!
utility_to_osm - WARNING - ssr:stedsnr = 505635 has multiple (3) positions, using the first one!
utility_to_osm - WARNING - ssr:stedsnr = 505636 has multiple (3) positions, using the first one!
utility_to_osm - WARNING - ssr:stedsnr = 506029: No priority spelling found for lang = fkv, using alt_name to get "[('no', 'Varangerhalvøya'), ('fkv', 'Varenkinniemi')]"
utility_to_osm - WARNING - ssr:stedsnr = 506029: No priority spelling found for lang = fkv, using alt_name to get "[('no', 'Varangerhalvøya'), ('se', 'Várnjárga'), ('fkv', 'Varenkinniemi')]"
utility_to_osm - WARNING - ssr:stedsnr = 506029 has multiple (11) positions, using the first one!
utility_to_osm - WARNING - ssr:stedsnr = 565478 has multiple (3) positions, using the first one!
utility_to_osm - WARNING - ssr:stedsnr = 565487 has multiple (2) positions, using the first one!
utility_to_osm - WARNING - ssr:stedsnr = 565569 has multiple (5) positions, using the first one!
utility_to_osm - WARNING - ssr:stedsnr = 566571 has multiple (2) positions, using the first one!
utility_to_osm - ERROR - ssr:stedsnr = 566573: Adding multiple names to name tag, this is not OK! name = "Oddevatnet;Store Kavringsvatnet"
utility_to_osm - WARNING - ssr:stedsnr = 566573 has multiple (6) positions, using the first one!
utility_to_osm - WARNING - ssr:stedsnr = 566581 has multiple (4) positions, using the first one!
utility_to_osm - WARNING - ssr:stedsnr = 566582: No priority spelling found for lang = no, using alt_name to get "[('no', 'Bardvikvatnet')]"
utility_to_osm - WARNING - ssr:stedsnr = 566582 has multiple (5) positions, using the first one!
utility_to_osm - WARNING - ssr:stedsnr = 566585 has multiple (2) positions, using the first one!
utility_to_osm - WARNING - ssr:stedsnr = 566599: No priority spelling found for lang = fkv, using alt_name to get "[('no', 'Vardøhus')]"
utility_to_osm - WARNING - ssr:stedsnr = 566599: No priority spelling found for lang = fkv, using alt_name to get "[('no', 'Vardøhus')]"
utility_to_osm - WARNING - ssr:stedsnr = 566599 has multiple (3) positions, using the first one!
utility_to_osm - WARNING - ssr:stedsnr = 570250: No priority spelling found for lang = no, using alt_name to get "[('no', 'Kramvika')]"
utility_to_osm - WARNING - ssr:stedsnr = 570250 has multiple (2) positions, using the first one!
utility_to_osm - WARNING - ssr:stedsnr = 577580 has multiple (2) positions, using the first one!
utility_to_osm - WARNING - ssr:stedsnr = 591877 has multiple (2) positions, using the first one!
utility_to_osm - WARNING - ssr:stedsnr = 591983 has multiple (2) positions, using the first one!
utility_to_osm - WARNING - ssr:stedsnr = 626535 has multiple (5) positions, using the first one!
utility_to_osm - WARNING - ssr:stedsnr = 626542 has multiple (2) positions, using the first one!
utility_to_osm - WARNING - ssr:stedsnr = 626617 has multiple (3) positions, using the first one!
utility_to_osm - WARNING - ssr:stedsnr = 626627 has multiple (2) positions, using the first one!
utility_to_osm - ERROR - ssr:stedsnr = 626583: Adding multiple names to name tag, this is not OK! name = "Fjellelva;Storelva"
utility_to_osm - WARNING - ssr:stedsnr = 626583 has multiple (3) positions, using the first one!
utility_to_osm - WARNING - ssr:stedsnr = 626585 has multiple (3) positions, using the first one!
utility_to_osm - ERROR - ssr:stedsnr = 626925: Adding multiple names to name tag, this is not OK! name = "Store Reinkalvvika;Reinkalvvika"
utility_to_osm - WARNING - ssr:stedsnr = 626925 has multiple (3) positions, using the first one!
utility_to_osm - WARNING - ssr:stedsnr = 626934 has multiple (3) positions, using the first one!
utility_to_osm - WARNING - ssr:stedsnr = 626936 has multiple (3) positions, using the first one!
utility_to_osm - WARNING - ssr:stedsnr = 627628 has multiple (3) positions, using the first one!
utility_to_osm - WARNING - ssr:stedsnr = 627633 has multiple (4) positions, using the first one!
utility_to_osm - WARNING - ssr:stedsnr = 632853 has multiple (6) positions, using the first one!
utility_to_osm - WARNING - ssr:stedsnr = 653960 has multiple (2) positions, using the first one!
utility_to_osm - WARNING - ssr:stedsnr = 661041: No priority spelling found for lang = no, using alt_name to get "[('no', 'Ytre Kiberg')]"
utility_to_osm - WARNING - ssr:stedsnr = 663035: No priority spelling found for lang = no, using alt_name to get "[('no', 'Kibergsneset')]"
utility_to_osm - ERROR - ssr:stedsnr = 713043. No positions found, skipping
utility_to_osm - WARNING - ssr:stedsnr = 714922 has multiple (2) positions, using the first one!
utility_to_osm - WARNING - ssr:stedsnr = 747497: No priority spelling found for lang = no, using alt_name to get "[('no', 'Skarvskitan')]"
utility_to_osm - ERROR - ssr:stedsnr = 747614: Adding multiple names to name tag, this is not OK! name = "Store Svenskevatnet;Svenskevatnet"
utility_to_osm - WARNING - ssr:stedsnr = 747614 has multiple (2) positions, using the first one!
utility_to_osm - WARNING - ssr:stedsnr = 747925 has multiple (3) positions, using the first one!
utility_to_osm - WARNING - ssr:stedsnr = 747928 has multiple (3) positions, using the first one!
utility_to_osm - WARNING - ssr:stedsnr = 748531 has multiple (3) positions, using the first one!
utility_to_osm - WARNING - ssr:stedsnr = 748595 has multiple (5) positions, using the first one!
utility_to_osm - WARNING - ssr:stedsnr = 748596 has multiple (3) positions, using the first one!
utility_to_osm - WARNING - ssr:stedsnr = 748600 has multiple (2) positions, using the first one!
utility_to_osm - WARNING - ssr:stedsnr = 748602 has multiple (2) positions, using the first one!
utility_to_osm - WARNING - ssr:stedsnr = 748608 has multiple (3) positions, using the first one!
utility_to_osm - WARNING - ssr:stedsnr = 748611 has multiple (3) positions, using the first one!
utility_to_osm - WARNING - ssr:stedsnr = 748612 has multiple (4) positions, using the first one!
utility_to_osm - WARNING - ssr:stedsnr = 748622: No priority spelling found for lang = no, using alt_name to get "[('no', 'Store Avløysa')]"
utility_to_osm - WARNING - ssr:stedsnr = 748634 has multiple (2) positions, using the first one!
utility_to_osm - WARNING - ssr:stedsnr = 748636 has multiple (3) positions, using the first one!
utility_to_osm - WARNING - ssr:stedsnr = 748637 has multiple (2) positions, using the first one!
utility_to_osm - WARNING - ssr:stedsnr = 748928 has multiple (2) positions, using the first one!
utility_to_osm - WARNING - ssr:stedsnr = 748935 has multiple (3) positions, using the first one!
utility_to_osm - WARNING - ssr:stedsnr = 758589 has multiple (2) positions, using the first one!
utility_to_osm - WARNING - ssr:stedsnr = 773024 has multiple (2) positions, using the first one!
utility_to_osm - WARNING - ssr:stedsnr = 808480 has multiple (2) positions, using the first one!
utility_to_osm - WARNING - ssr:stedsnr = 808616: No priority spelling found for lang = no, using alt_name to get "[('no', 'Molvika')]"
utility_to_osm - WARNING - ssr:stedsnr = 808616 has multiple (3) positions, using the first one!
utility_to_osm - WARNING - ssr:stedsnr = 808885 has multiple (5) positions, using the first one!
utility_to_osm - WARNING - ssr:stedsnr = 809573 has multiple (3) positions, using the first one!
utility_to_osm - WARNING - ssr:stedsnr = 809600 has multiple (3) positions, using the first one!
utility_to_osm - WARNING - ssr:stedsnr = 809580 has multiple (2) positions, using the first one!
utility_to_osm - WARNING - ssr:stedsnr = 809637 has multiple (3) positions, using the first one!
utility_to_osm - WARNING - ssr:stedsnr = 809647: No priority spelling found for lang = fkv, using alt_name to get "[('no', 'Domen')]"
utility_to_osm - WARNING - ssr:stedsnr = 809647: No priority spelling found for lang = fkv, using alt_name to get "[('no', 'Domen')]"
utility_to_osm - WARNING - ssr:stedsnr = 809647 has multiple (4) positions, using the first one!
utility_to_osm - WARNING - ssr:stedsnr = 822489: No priority spelling found for lang = se, using alt_name to get "[('se', 'Várjjat')]"
utility_to_osm - WARNING - ssr:stedsnr = 822489 has multiple (4) positions, using the first one!
utility_to_osm - WARNING - ssr:stedsnr = 835470 has multiple (3) positions, using the first one!
utility_to_osm - WARNING - ssr:stedsnr = 869534 has multiple (3) positions, using the first one!
utility_to_osm - WARNING - ssr:stedsnr = 869538 has multiple (2) positions, using the first one!
utility_to_osm - WARNING - ssr:stedsnr = 869657 has multiple (2) positions, using the first one!
utility_to_osm - WARNING - ssr:stedsnr = 869906 has multiple (3) positions, using the first one!
utility_to_osm - ERROR - ssr:stedsnr = 869909: Adding multiple names to name tag, this is not OK! name = "Kvamholnes;Blåsenberg"
utility_to_osm - WARNING - ssr:stedsnr = 869925 has multiple (5) positions, using the first one!
utility_to_osm - WARNING - ssr:stedsnr = 869928 has multiple (3) positions, using the first one!
utility_to_osm - WARNING - ssr:stedsnr = 870572: No priority spelling found for lang = no, using alt_name to get "[('no', 'Bardvikelva')]"
utility_to_osm - WARNING - ssr:stedsnr = 870572 has multiple (2) positions, using the first one!
utility_to_osm - WARNING - ssr:stedsnr = 870587 has multiple (3) positions, using the first one!
utility_to_osm - WARNING - ssr:stedsnr = 937436 has multiple (3) positions, using the first one!
utility_to_osm - ERROR - ssr:stedsnr = 1057592. No positions found, skipping
utility_to_osm - ERROR - ssr:stedsnr = 1056502. No positions found, skipping
utility_to_osm - ERROR - ssr:stedsnr = 1056510. No positions found, skipping
utility_to_osm - ERROR - ssr:stedsnr = 1056517. No positions found, skipping
utility_to_osm - ERROR - ssr:stedsnr = 1056587. No positions found, skipping
utility_to_osm - ERROR - ssr:stedsnr = 1056544. No positions found, skipping
utility_to_osm - ERROR - ssr:stedsnr = 1056585. No positions found, skipping
utility_to_osm - WARNING - ssr:stedsnr = 1056636: No priority spelling found for lang = no, using alt_name to get "[('no', 'Roald Amundsens gate')]"
utility_to_osm - ERROR - ssr:stedsnr = 1056636. No positions found, skipping
utility_to_osm - WARNING - ssr:stedsnr = 1056637: No priority spelling found for lang = no, using alt_name to get "[('no', 'Tingstugata')]"
utility_to_osm - ERROR - ssr:stedsnr = 1056637. No positions found, skipping
utility_to_osm - WARNING - ssr:stedsnr = 1056638: No priority spelling found for lang = no, using alt_name to get "[('no', 'Vangberggata')]"
utility_to_osm - ERROR - ssr:stedsnr = 1056638. No positions found, skipping
utility_to_osm - WARNING - ssr:stedsnr = 1056639: No priority spelling found for lang = no, using alt_name to get "[('no', 'Esbensens gate')]"
utility_to_osm - ERROR - ssr:stedsnr = 1056639. No positions found, skipping
utility_to_osm - WARNING - ssr:stedsnr = 1056640: No priority spelling found for lang = no, using alt_name to get "[('no', 'Grønvoldgata')]"
utility_to_osm - ERROR - ssr:stedsnr = 1056640. No positions found, skipping
utility_to_osm - WARNING - ssr:stedsnr = 1056641: No priority spelling found for lang = no, using alt_name to get "[('no', 'Båtbyggergata')]"
utility_to_osm - ERROR - ssr:stedsnr = 1056641. No positions found, skipping
utility_to_osm - WARNING - ssr:stedsnr = 1056642: No priority spelling found for lang = no, using alt_name to get "[('no', 'Tandberggata')]"
utility_to_osm - ERROR - ssr:stedsnr = 1056642. No positions found, skipping
utility_to_osm - WARNING - ssr:stedsnr = 1056643: No priority spelling found for lang = no, using alt_name to get "[('no', 'Fiskergata')]"
utility_to_osm - ERROR - ssr:stedsnr = 1056643. No positions found, skipping
utility_to_osm - WARNING - ssr:stedsnr = 1056644: No priority spelling found for lang = no, using alt_name to get "[('no', 'Mads Johnsens gate')]"
utility_to_osm - ERROR - ssr:stedsnr = 1056644. No positions found, skipping
utility_to_osm - ERROR - ssr:stedsnr = 1056648. No positions found, skipping
utility_to_osm - ERROR - ssr:stedsnr = 1056652. No positions found, skipping
utility_to_osm - ERROR - ssr:stedsnr = 1056653. No positions found, skipping
utility_to_osm - ERROR - ssr:stedsnr = 1056657. No positions found, skipping
utility_to_osm - ERROR - ssr:stedsnr = 1056661. No positions found, skipping
utility_to_osm - ERROR - ssr:stedsnr = 1056664. No positions found, skipping
utility_to_osm - ERROR - ssr:stedsnr = 1056591. No positions found, skipping
utility_to_osm - ERROR - ssr:stedsnr = 1056593. No positions found, skipping
utility_to_osm - ERROR - ssr:stedsnr = 1056594. No positions found, skipping
utility_to_osm - ERROR - ssr:stedsnr = 1056595. No positions found, skipping
utility_to_osm - ERROR - ssr:stedsnr = 1056598. No positions found, skipping
utility_to_osm - ERROR - ssr:stedsnr = 1056602. No positions found, skipping
utility_to_osm - ERROR - ssr:stedsnr = 1056603. No positions found, skipping
utility_to_osm - ERROR - ssr:stedsnr = 1056606. No positions found, skipping
utility_to_osm - ERROR - ssr:stedsnr = 1056607. No positions found, skipping
utility_to_osm - ERROR - ssr:stedsnr = 1056610. No positions found, skipping
utility_to_osm - ERROR - ssr:stedsnr = 1056613. No positions found, skipping
utility_to_osm - ERROR - ssr:stedsnr = 1056615. No positions found, skipping
utility_to_osm - ERROR - ssr:stedsnr = 1056616. No positions found, skipping
utility_to_osm - ERROR - ssr:stedsnr = 1056618. No positions found, skipping
utility_to_osm - ERROR - ssr:stedsnr = 1056621. No positions found, skipping
utility_to_osm - ERROR - ssr:stedsnr = 1056624. No positions found, skipping
utility_to_osm - WARNING - ssr:stedsnr = 1056625: No priority spelling found for lang = no, using alt_name to get "[('no', 'Hammerfestgata')]"
utility_to_osm - ERROR - ssr:stedsnr = 1056625. No positions found, skipping
utility_to_osm - WARNING - ssr:stedsnr = 1056626: No priority spelling found for lang = no, using alt_name to get "[('no', 'Kystverngata')]"
utility_to_osm - ERROR - ssr:stedsnr = 1056626. No positions found, skipping
utility_to_osm - WARNING - ssr:stedsnr = 1056627: No priority spelling found for lang = no, using alt_name to get "[('no', 'Ronthibakken')]"
utility_to_osm - ERROR - ssr:stedsnr = 1056627. No positions found, skipping
utility_to_osm - WARNING - ssr:stedsnr = 1056628: No priority spelling found for lang = no, using alt_name to get "[('no', 'Amtmann Sommerfeldts gate')]"
utility_to_osm - ERROR - ssr:stedsnr = 1056628. No positions found, skipping
utility_to_osm - ERROR - ssr:stedsnr = 1056629. No positions found, skipping
utility_to_osm - WARNING - ssr:stedsnr = 1056631: No priority spelling found for lang = no, using alt_name to get "[('no', 'Prinsensgate')]"
utility_to_osm - ERROR - ssr:stedsnr = 1056631. No positions found, skipping
utility_to_osm - ERROR - ssr:stedsnr = 1056632. No positions found, skipping
utility_to_osm - WARNING - ssr:stedsnr = 1056634: No priority spelling found for lang = no, using alt_name to get "[('no', 'Meyergata')]"
utility_to_osm - ERROR - ssr:stedsnr = 1056634. No positions found, skipping
utility_to_osm - WARNING - ssr:stedsnr = 1056635: No priority spelling found for lang = no, using alt_name to get "[('no', 'Holmboegata')]"
utility_to_osm - ERROR - ssr:stedsnr = 1056635. No positions found, skipping
utility_to_osm - ERROR - ssr:stedsnr = 1056697. No positions found, skipping
utility_to_osm - ERROR - ssr:stedsnr = 1056712. No positions found, skipping
utility_to_osm - ERROR - ssr:stedsnr = 1056717. No positions found, skipping
utility_to_osm - ERROR - ssr:stedsnr = 1056733. No positions found, skipping
utility_to_osm - ERROR - ssr:stedsnr = 1056748. No positions found, skipping
utility_to_osm - ERROR - ssr:stedsnr = 1056750. No positions found, skipping
utility_to_osm - ERROR - ssr:stedsnr = 1056762. No positions found, skipping
utility_to_osm - ERROR - ssr:stedsnr = 1056765. No positions found, skipping
utility_to_osm - ERROR - ssr:stedsnr = 1056769. No positions found, skipping
utility_to_osm - ERROR - ssr:stedsnr = 1056815. No positions found, skipping
utility_to_osm - ERROR - ssr:stedsnr = 1056828. No positions found, skipping
utility_to_osm - ERROR - ssr:stedsnr = 1056898. No positions found, skipping
utility_to_osm - ERROR - ssr:stedsnr = 1056908. No positions found, skipping
utility_to_osm - ERROR - ssr:stedsnr = 1056938. No positions found, skipping
utility_to_osm - ERROR - ssr:stedsnr = 1056941. No positions found, skipping
utility_to_osm - ERROR - ssr:stedsnr = 1056962. No positions found, skipping
utility_to_osm - ERROR - ssr:stedsnr = 1057102. No positions found, skipping
utility_to_osm - ERROR - ssr:stedsnr = 1057074. No positions found, skipping
utility_to_osm - ERROR - ssr:stedsnr = 1057290. No positions found, skipping
utility_to_osm - ERROR - ssr:stedsnr = 1057302. No positions found, skipping
utility_to_osm - ERROR - ssr:stedsnr = 1057312. No positions found, skipping
utility_to_osm - ERROR - ssr:stedsnr = 1057322. No positions found, skipping
utility_to_osm - WARNING - ssr:stedsnr = 1057390: No priority spelling found for lang = no, using alt_name to get "[('no', 'Idrettsveien')]"
utility_to_osm - ERROR - ssr:stedsnr = 1057390. No positions found, skipping
utility_to_osm - WARNING - ssr:stedsnr = 1057393: No priority spelling found for lang = no, using alt_name to get "[('no', 'Korshaugen')]"
utility_to_osm - ERROR - ssr:stedsnr = 1057393. No positions found, skipping
utility_to_osm - WARNING - ssr:stedsnr = 1057396: No priority spelling found for lang = no, using alt_name to get "[('no', 'Båtsfjordveien')]"
utility_to_osm - ERROR - ssr:stedsnr = 1057396. No positions found, skipping
utility_to_osm - WARNING - ssr:stedsnr = 1057399: No priority spelling found for lang = no, using alt_name to get "[('no', 'Fiskerveien')]"
utility_to_osm - ERROR - ssr:stedsnr = 1057399. No positions found, skipping
utility_to_osm - WARNING - ssr:stedsnr = 1057401: No priority spelling found for lang = no, using alt_name to get "[('no', 'Fjellveien')]"
utility_to_osm - ERROR - ssr:stedsnr = 1057401. No positions found, skipping
utility_to_osm - ERROR - ssr:stedsnr = 1057404. No positions found, skipping
utility_to_osm - ERROR - ssr:stedsnr = 1057407. No positions found, skipping
utility_to_osm - WARNING - ssr:stedsnr = 1057487: No priority spelling found for lang = no, using alt_name to get "[('no', 'Tangen')]"
utility_to_osm - ERROR - ssr:stedsnr = 1057487. No positions found, skipping
utility_to_osm - WARNING - ssr:stedsnr = 1057488: No priority spelling found for lang = no, using alt_name to get "[('no', 'Smedgata')]"
utility_to_osm - ERROR - ssr:stedsnr = 1057488. No positions found, skipping
utility_to_osm - WARNING - ssr:stedsnr = 1057490: No priority spelling found for lang = no, using alt_name to get "[('no', 'Saunasvingen')]"
utility_to_osm - ERROR - ssr:stedsnr = 1057490. No positions found, skipping
utility_to_osm - WARNING - ssr:stedsnr = 1057492: No priority spelling found for lang = no, using alt_name to get "[('no', 'Partisanveien')]"
utility_to_osm - ERROR - ssr:stedsnr = 1057492. No positions found, skipping
utility_to_osm - WARNING - ssr:stedsnr = 1057503: No priority spelling found for lang = no, using alt_name to get "[('no', 'Havnegata')]"
utility_to_osm - ERROR - ssr:stedsnr = 1057503. No positions found, skipping
utility_to_osm - WARNING - ssr:stedsnr = 1057505: No priority spelling found for lang = no, using alt_name to get "[('no', 'Bergstien')]"
utility_to_osm - ERROR - ssr:stedsnr = 1057505. No positions found, skipping
utility_to_osm - WARNING - ssr:stedsnr = 1057508: No priority spelling found for lang = no, using alt_name to get "[('no', 'Havnestien')]"
utility_to_osm - ERROR - ssr:stedsnr = 1057508. No positions found, skipping
utility_to_osm - WARNING - ssr:stedsnr = 1057512: No priority spelling found for lang = no, using alt_name to get "[('no', 'Bakerigata')]"
utility_to_osm - ERROR - ssr:stedsnr = 1057512. No positions found, skipping
utility_to_osm - WARNING - ssr:stedsnr = 1057479: No priority spelling found for lang = no, using alt_name to get "[('no', 'Abrahamsensgate')]"
utility_to_osm - ERROR - ssr:stedsnr = 1057479. No positions found, skipping
utility_to_osm - WARNING - ssr:stedsnr = 1057481: No priority spelling found for lang = no, using alt_name to get "[('no', 'Vardøveien')]"
utility_to_osm - ERROR - ssr:stedsnr = 1057481. No positions found, skipping
utility_to_osm - WARNING - ssr:stedsnr = 1057482: No priority spelling found for lang = no, using alt_name to get "[('no', 'Strandveien')]"
utility_to_osm - ERROR - ssr:stedsnr = 1057482. No positions found, skipping
utility_to_osm - WARNING - ssr:stedsnr = 1057483: No priority spelling found for lang = no, using alt_name to get "[('no', 'Villaveien')]"
utility_to_osm - ERROR - ssr:stedsnr = 1057483. No positions found, skipping
utility_to_osm - ERROR - ssr:stedsnr = 1072128. No positions found, skipping
utility_to_osm - WARNING - ssr:stedsnr = 1073694: No priority spelling found for lang = no, using alt_name to get "[('no', 'Troms og Finnmark'), ('no', 'Troms og Finnmark fylke')]"
utility_to_osm - WARNING - ssr:stedsnr = 1073694: No priority spelling found for lang = fkv, using alt_name to get "[('no', 'Troms og Finnmark'), ('no', 'Troms og Finnmark fylke'), ('fkv', 'Tromssan ja Finmarkun fylkki')]"
utility_to_osm - WARNING - ssr:stedsnr = 1073694: No priority spelling found for lang = fkv, using alt_name to get "[('no', 'Troms og Finnmark'), ('no', 'Troms og Finnmark fylke'), ('se', 'Romssa ja Finnmárkku fylka'), ('fkv', 'Tromssan ja Finmarkun fylkki')]"
utility_to_osm - ERROR - ssr:stedsnr = 1073694: Adding multiple names to name tag, this is not OK! name = "Troms og Finnmark;Troms og Finnmark fylke"
utility_to_osm - WARNING - ssr:stedsnr = 1075695: No priority spelling found for lang = no, using alt_name to get "[('no', 'Ishavsbyen videregående skole')]"
