utility_to_osm - WARNING - ssr:stedsnr = 3808 has multiple (2) positions, using the first one!
utility_to_osm - WARNING - ssr:stedsnr = 3792 has multiple (2) positions, using the first one!
utility_to_osm - WARNING - ssr:stedsnr = 4776 has multiple (5) positions, using the first one!
utility_to_osm - WARNING - ssr:stedsnr = 37077: No priority spelling found for lang = no, using alt_name to get "[('no', 'Nordre Raunholm')]"
utility_to_osm - WARNING - ssr:stedsnr = 240769: No priority spelling found for lang = no, using alt_name to get "[('no', 'Stora Soløy'), ('no', 'Soløy')]"
utility_to_osm - ERROR - ssr:stedsnr = 240769: Adding multiple names to name tag, this is not OK! name = "Stora Soløy;Soløy"
utility_to_osm - WARNING - ssr:stedsnr = 240769 has multiple (2) positions, using the first one!
utility_to_osm - WARNING - ssr:stedsnr = 64919 has multiple (2) positions, using the first one!
utility_to_osm - WARNING - ssr:stedsnr = 64820 has multiple (2) positions, using the first one!
utility_to_osm - WARNING - ssr:stedsnr = 64825 has multiple (2) positions, using the first one!
utility_to_osm - WARNING - ssr:stedsnr = 64845 has multiple (2) positions, using the first one!
utility_to_osm - WARNING - ssr:stedsnr = 86274 has multiple (2) positions, using the first one!
utility_to_osm - WARNING - ssr:stedsnr = 246179 has multiple (2) positions, using the first one!
utility_to_osm - WARNING - ssr:stedsnr = 246987 has multiple (3) positions, using the first one!
utility_to_osm - WARNING - ssr:stedsnr = 98072: No priority spelling found for lang = no, using alt_name to get "[('no', 'Søre Engjavik'), ('no', 'Sørgard')]"
utility_to_osm - ERROR - ssr:stedsnr = 98072: Adding multiple names to name tag, this is not OK! name = "Søre Engjavik;Sørgard"
utility_to_osm - WARNING - ssr:stedsnr = 99010: No priority spelling found for lang = no, using alt_name to get "[('no', 'Grønevik')]"
utility_to_osm - WARNING - ssr:stedsnr = 125808 has multiple (2) positions, using the first one!
utility_to_osm - WARNING - ssr:stedsnr = 125812: No priority spelling found for lang = no, using alt_name to get "[('no', 'Flatøy')]"
utility_to_osm - WARNING - ssr:stedsnr = 125812 has multiple (2) positions, using the first one!
utility_to_osm - WARNING - ssr:stedsnr = 125814 has multiple (2) positions, using the first one!
utility_to_osm - WARNING - ssr:stedsnr = 186804: No priority spelling found for lang = no, using alt_name to get "[('no', 'Eggøy')]"
utility_to_osm - WARNING - ssr:stedsnr = 267380 has multiple (2) positions, using the first one!
utility_to_osm - WARNING - ssr:stedsnr = 268066 has multiple (2) positions, using the first one!
utility_to_osm - WARNING - ssr:stedsnr = 268258 has multiple (2) positions, using the first one!
utility_to_osm - WARNING - ssr:stedsnr = 246769 has multiple (2) positions, using the first one!
utility_to_osm - WARNING - ssr:stedsnr = 246792 has multiple (2) positions, using the first one!
utility_to_osm - WARNING - ssr:stedsnr = 247760 has multiple (2) positions, using the first one!
utility_to_osm - WARNING - ssr:stedsnr = 307195: No priority spelling found for lang = no, using alt_name to get "[('no', 'Nordre Engjavik')]"
utility_to_osm - WARNING - ssr:stedsnr = 307195 has multiple (3) positions, using the first one!
utility_to_osm - WARNING - ssr:stedsnr = 341446 has multiple (2) positions, using the first one!
utility_to_osm - WARNING - ssr:stedsnr = 341546 has multiple (3) positions, using the first one!
utility_to_osm - WARNING - ssr:stedsnr = 367878 has multiple (2) positions, using the first one!
utility_to_osm - WARNING - ssr:stedsnr = 368592 has multiple (2) positions, using the first one!
utility_to_osm - WARNING - ssr:stedsnr = 401381: No priority spelling found for lang = no, using alt_name to get "[('no', 'Hogsteholmane')]"
utility_to_osm - WARNING - ssr:stedsnr = 489197 has multiple (2) positions, using the first one!
utility_to_osm - WARNING - ssr:stedsnr = 489754 has multiple (2) positions, using the first one!
utility_to_osm - WARNING - ssr:stedsnr = 489763: No priority spelling found for lang = no, using alt_name to get "[('no', 'Torsdagsøy')]"
utility_to_osm - WARNING - ssr:stedsnr = 489763 has multiple (2) positions, using the first one!
utility_to_osm - WARNING - ssr:stedsnr = 489779 has multiple (2) positions, using the first one!
utility_to_osm - WARNING - ssr:stedsnr = 489865 has multiple (2) positions, using the first one!
utility_to_osm - WARNING - ssr:stedsnr = 489882 has multiple (2) positions, using the first one!
utility_to_osm - WARNING - ssr:stedsnr = 490549 has multiple (3) positions, using the first one!
utility_to_osm - WARNING - ssr:stedsnr = 428767 has multiple (2) positions, using the first one!
utility_to_osm - WARNING - ssr:stedsnr = 429153 has multiple (2) positions, using the first one!
utility_to_osm - WARNING - ssr:stedsnr = 429179 has multiple (2) positions, using the first one!
utility_to_osm - WARNING - ssr:stedsnr = 429757: No priority spelling found for lang = no, using alt_name to get "[('no', 'Raunholmselva')]"
utility_to_osm - ERROR - ssr:stedsnr = 429757. No positions found, skipping
utility_to_osm - WARNING - ssr:stedsnr = 429762 has multiple (2) positions, using the first one!
utility_to_osm - WARNING - ssr:stedsnr = 429768: No priority spelling found for lang = no, using alt_name to get "[('no', 'Eidøy')]"
utility_to_osm - WARNING - ssr:stedsnr = 429771 has multiple (2) positions, using the first one!
utility_to_osm - WARNING - ssr:stedsnr = 671148 has multiple (2) positions, using the first one!
utility_to_osm - WARNING - ssr:stedsnr = 671766: No priority spelling found for lang = no, using alt_name to get "[('no', 'Ivarsøy')]"
utility_to_osm - WARNING - ssr:stedsnr = 671768: No priority spelling found for lang = no, using alt_name to get "[('no', 'Storeklubben'), ('no', 'Raunholmklubben')]"
utility_to_osm - ERROR - ssr:stedsnr = 671768: Adding multiple names to name tag, this is not OK! name = "Storeklubben;Raunholmklubben"
utility_to_osm - WARNING - ssr:stedsnr = 671788 has multiple (2) positions, using the first one!
utility_to_osm - WARNING - ssr:stedsnr = 671968 has multiple (2) positions, using the first one!
utility_to_osm - WARNING - ssr:stedsnr = 671974 has multiple (2) positions, using the first one!
utility_to_osm - WARNING - ssr:stedsnr = 489190 has multiple (16) positions, using the first one!
utility_to_osm - WARNING - ssr:stedsnr = 489911: No priority spelling found for lang = no, using alt_name to get "[('no', 'Rødlandselva')]"
utility_to_osm - WARNING - ssr:stedsnr = 489911 has multiple (3) positions, using the first one!
utility_to_osm - WARNING - ssr:stedsnr = 489913 has multiple (2) positions, using the first one!
utility_to_osm - WARNING - ssr:stedsnr = 489803 has multiple (2) positions, using the first one!
utility_to_osm - WARNING - ssr:stedsnr = 489808: No priority spelling found for lang = no, using alt_name to get "[('no', 'Engjavikvågen'), ('no', 'Engjavik')]"
utility_to_osm - ERROR - ssr:stedsnr = 489808: Adding multiple names to name tag, this is not OK! name = "Engjavikvågen;Engjavik"
utility_to_osm - WARNING - ssr:stedsnr = 489890: No priority spelling found for lang = no, using alt_name to get "[('no', 'Rødland')]"
utility_to_osm - WARNING - ssr:stedsnr = 489836 has multiple (2) positions, using the first one!
utility_to_osm - WARNING - ssr:stedsnr = 510041 has multiple (2) positions, using the first one!
utility_to_osm - WARNING - ssr:stedsnr = 549900: No priority spelling found for lang = no, using alt_name to get "[('no', 'Sæterbø')]"
utility_to_osm - WARNING - ssr:stedsnr = 550756: No priority spelling found for lang = no, using alt_name to get "[('no', 'Smedholmen'), ('no', 'Kjeholmen')]"
utility_to_osm - ERROR - ssr:stedsnr = 550756: Adding multiple names to name tag, this is not OK! name = "Smedholmen;Kjeholmen"
utility_to_osm - WARNING - ssr:stedsnr = 571204 has multiple (2) positions, using the first one!
utility_to_osm - WARNING - ssr:stedsnr = 583117 has multiple (2) positions, using the first one!
utility_to_osm - WARNING - ssr:stedsnr = 610803 has multiple (2) positions, using the first one!
utility_to_osm - WARNING - ssr:stedsnr = 610805 has multiple (2) positions, using the first one!
utility_to_osm - WARNING - ssr:stedsnr = 610813 has multiple (2) positions, using the first one!
utility_to_osm - WARNING - ssr:stedsnr = 610815 has multiple (2) positions, using the first one!
utility_to_osm - WARNING - ssr:stedsnr = 610888 has multiple (3) positions, using the first one!
utility_to_osm - WARNING - ssr:stedsnr = 610896: No priority spelling found for lang = no, using alt_name to get "[('no', 'Langøy')]"
utility_to_osm - WARNING - ssr:stedsnr = 610909 has multiple (2) positions, using the first one!
utility_to_osm - WARNING - ssr:stedsnr = 610913 has multiple (2) positions, using the first one!
utility_to_osm - WARNING - ssr:stedsnr = 631185 has multiple (2) positions, using the first one!
utility_to_osm - WARNING - ssr:stedsnr = 643082: No priority spelling found for lang = no, using alt_name to get "[('no', 'Søre Raunholm')]"
utility_to_osm - WARNING - ssr:stedsnr = 709418 has multiple (2) positions, using the first one!
utility_to_osm - WARNING - ssr:stedsnr = 671804 has multiple (2) positions, using the first one!
utility_to_osm - WARNING - ssr:stedsnr = 731854 has multiple (2) positions, using the first one!
utility_to_osm - WARNING - ssr:stedsnr = 732806 has multiple (2) positions, using the first one!
utility_to_osm - WARNING - ssr:stedsnr = 732920 has multiple (2) positions, using the first one!
utility_to_osm - WARNING - ssr:stedsnr = 765411: No priority spelling found for lang = no, using alt_name to get "[('no', 'Ivarsøyneset')]"
utility_to_osm - WARNING - ssr:stedsnr = 792827 has multiple (3) positions, using the first one!
utility_to_osm - WARNING - ssr:stedsnr = 792979 has multiple (4) positions, using the first one!
utility_to_osm - WARNING - ssr:stedsnr = 793772 has multiple (4) positions, using the first one!
utility_to_osm - WARNING - ssr:stedsnr = 793788 has multiple (2) positions, using the first one!
utility_to_osm - WARNING - ssr:stedsnr = 793789 has multiple (2) positions, using the first one!
utility_to_osm - WARNING - ssr:stedsnr = 914794 has multiple (2) positions, using the first one!
utility_to_osm - WARNING - ssr:stedsnr = 914796 has multiple (2) positions, using the first one!
utility_to_osm - WARNING - ssr:stedsnr = 914801 has multiple (2) positions, using the first one!
utility_to_osm - WARNING - ssr:stedsnr = 914802 has multiple (2) positions, using the first one!
utility_to_osm - WARNING - ssr:stedsnr = 914756 has multiple (2) positions, using the first one!
utility_to_osm - WARNING - ssr:stedsnr = 914770 has multiple (2) positions, using the first one!
utility_to_osm - WARNING - ssr:stedsnr = 914884 has multiple (2) positions, using the first one!
utility_to_osm - WARNING - ssr:stedsnr = 914951 has multiple (6) positions, using the first one!
utility_to_osm - WARNING - ssr:stedsnr = 914825 has multiple (2) positions, using the first one!
utility_to_osm - WARNING - ssr:stedsnr = 853756: No priority spelling found for lang = no, using alt_name to get "[('no', 'Teløy')]"
utility_to_osm - WARNING - ssr:stedsnr = 853853 has multiple (2) positions, using the first one!
utility_to_osm - WARNING - ssr:stedsnr = 853861 has multiple (2) positions, using the first one!
utility_to_osm - WARNING - ssr:stedsnr = 935226 has multiple (2) positions, using the first one!
utility_to_osm - WARNING - ssr:stedsnr = 914815 has multiple (4) positions, using the first one!
utility_to_osm - WARNING - ssr:stedsnr = 914934 has multiple (2) positions, using the first one!
utility_to_osm - WARNING - ssr:stedsnr = 948002: No priority spelling found for lang = no, using alt_name to get "[('no', 'Engjavikefossen')]"
utility_to_osm - WARNING - ssr:stedsnr = 956850: No priority spelling found for lang = no, using alt_name to get "[('no', 'Vistvik')]"
utility_to_osm - WARNING - ssr:stedsnr = 3156: No priority spelling found for lang = no, using alt_name to get "[('no', 'Engjavikneset')]"
utility_to_osm - WARNING - ssr:stedsnr = 3860 has multiple (2) positions, using the first one!
utility_to_osm - WARNING - ssr:stedsnr = 4048: No priority spelling found for lang = no, using alt_name to get "[('no', 'Selbjørnsfjorden')]"
utility_to_osm - WARNING - ssr:stedsnr = 4048 has multiple (7) positions, using the first one!
utility_to_osm - WARNING - ssr:stedsnr = 25061 has multiple (2) positions, using the first one!
utility_to_osm - WARNING - ssr:stedsnr = 25779 has multiple (3) positions, using the first one!
utility_to_osm - WARNING - ssr:stedsnr = 46856: No priority spelling found for lang = no, using alt_name to get "[('no', 'Sandvikvåg ferjekai'), ('no', 'Sandvikvåg')]"
utility_to_osm - ERROR - ssr:stedsnr = 46856: Adding multiple names to name tag, this is not OK! name = "Sandvikvåg ferjekai;Sandvikvåg"
utility_to_osm - WARNING - ssr:stedsnr = 37432: No priority spelling found for lang = no, using alt_name to get "[('no', 'Hogstesetret')]"
utility_to_osm - WARNING - ssr:stedsnr = 58767 has multiple (2) positions, using the first one!
utility_to_osm - WARNING - ssr:stedsnr = 65000: No priority spelling found for lang = no, using alt_name to get "[('no', 'Hermannsplass')]"
utility_to_osm - WARNING - ssr:stedsnr = 65000 has multiple (3) positions, using the first one!
utility_to_osm - WARNING - ssr:stedsnr = 64797 has multiple (2) positions, using the first one!
utility_to_osm - WARNING - ssr:stedsnr = 65738 has multiple (2) positions, using the first one!
utility_to_osm - WARNING - ssr:stedsnr = 64949: No priority spelling found for lang = no, using alt_name to get "[('no', 'Hogste')]"
utility_to_osm - WARNING - ssr:stedsnr = 65886 has multiple (2) positions, using the first one!
utility_to_osm - WARNING - ssr:stedsnr = 124823 has multiple (2) positions, using the first one!
utility_to_osm - WARNING - ssr:stedsnr = 125207: No priority spelling found for lang = no, using alt_name to get "[('no', 'Sandvikvågen')]"
utility_to_osm - WARNING - ssr:stedsnr = 125790: No priority spelling found for lang = no, using alt_name to get "[('no', 'Hanøy')]"
utility_to_osm - WARNING - ssr:stedsnr = 125912: No priority spelling found for lang = no, using alt_name to get "[('no', 'Koløy')]"
utility_to_osm - WARNING - ssr:stedsnr = 125912 has multiple (2) positions, using the first one!
utility_to_osm - WARNING - ssr:stedsnr = 125932 has multiple (2) positions, using the first one!
utility_to_osm - WARNING - ssr:stedsnr = 145591 has multiple (3) positions, using the first one!
utility_to_osm - WARNING - ssr:stedsnr = 146064 has multiple (2) positions, using the first one!
utility_to_osm - WARNING - ssr:stedsnr = 185796 has multiple (2) positions, using the first one!
utility_to_osm - WARNING - ssr:stedsnr = 185852 has multiple (2) positions, using the first one!
utility_to_osm - WARNING - ssr:stedsnr = 186872 has multiple (2) positions, using the first one!
utility_to_osm - WARNING - ssr:stedsnr = 207760 has multiple (2) positions, using the first one!
utility_to_osm - WARNING - ssr:stedsnr = 307808 has multiple (2) positions, using the first one!
utility_to_osm - WARNING - ssr:stedsnr = 307784 has multiple (3) positions, using the first one!
utility_to_osm - WARNING - ssr:stedsnr = 307793 has multiple (3) positions, using the first one!
utility_to_osm - WARNING - ssr:stedsnr = 307865 has multiple (4) positions, using the first one!
utility_to_osm - WARNING - ssr:stedsnr = 307821: No priority spelling found for lang = no, using alt_name to get "[('no', 'Natterøy')]"
utility_to_osm - WARNING - ssr:stedsnr = 307821 has multiple (2) positions, using the first one!
utility_to_osm - WARNING - ssr:stedsnr = 307988 has multiple (10) positions, using the first one!
utility_to_osm - WARNING - ssr:stedsnr = 341440: No priority spelling found for lang = no, using alt_name to get "[('no', 'Hogstepresten')]"
utility_to_osm - WARNING - ssr:stedsnr = 367845 has multiple (2) positions, using the first one!
utility_to_osm - WARNING - ssr:stedsnr = 368598 has multiple (2) positions, using the first one!
utility_to_osm - WARNING - ssr:stedsnr = 368834 has multiple (2) positions, using the first one!
utility_to_osm - WARNING - ssr:stedsnr = 368836 has multiple (2) positions, using the first one!
utility_to_osm - WARNING - ssr:stedsnr = 368804 has multiple (2) positions, using the first one!
utility_to_osm - WARNING - ssr:stedsnr = 389059 has multiple (2) positions, using the first one!
utility_to_osm - WARNING - ssr:stedsnr = 402050 has multiple (2) positions, using the first one!
utility_to_osm - WARNING - ssr:stedsnr = 428825 has multiple (2) positions, using the first one!
utility_to_osm - WARNING - ssr:stedsnr = 428797 has multiple (2) positions, using the first one!
utility_to_osm - WARNING - ssr:stedsnr = 428804: No priority spelling found for lang = no, using alt_name to get "[('no', 'Vistvik')]"
utility_to_osm - WARNING - ssr:stedsnr = 429778 has multiple (2) positions, using the first one!
utility_to_osm - WARNING - ssr:stedsnr = 429869 has multiple (2) positions, using the first one!
utility_to_osm - WARNING - ssr:stedsnr = 510081 has multiple (2) positions, using the first one!
utility_to_osm - WARNING - ssr:stedsnr = 549184 has multiple (3) positions, using the first one!
utility_to_osm - WARNING - ssr:stedsnr = 549805 has multiple (3) positions, using the first one!
utility_to_osm - WARNING - ssr:stedsnr = 549796 has multiple (3) positions, using the first one!
utility_to_osm - WARNING - ssr:stedsnr = 550169 has multiple (2) positions, using the first one!
utility_to_osm - WARNING - ssr:stedsnr = 550765 has multiple (2) positions, using the first one!
utility_to_osm - WARNING - ssr:stedsnr = 550864 has multiple (2) positions, using the first one!
utility_to_osm - WARNING - ssr:stedsnr = 550871 has multiple (2) positions, using the first one!
utility_to_osm - WARNING - ssr:stedsnr = 571079 has multiple (2) positions, using the first one!
utility_to_osm - WARNING - ssr:stedsnr = 610174 has multiple (2) positions, using the first one!
utility_to_osm - WARNING - ssr:stedsnr = 610789 has multiple (2) positions, using the first one!
utility_to_osm - WARNING - ssr:stedsnr = 610772 has multiple (3) positions, using the first one!
utility_to_osm - WARNING - ssr:stedsnr = 610898: No priority spelling found for lang = no, using alt_name to get "[('no', 'Litla Eldøy')]"
utility_to_osm - WARNING - ssr:stedsnr = 610899 has multiple (2) positions, using the first one!
utility_to_osm - WARNING - ssr:stedsnr = 610900 has multiple (2) positions, using the first one!
utility_to_osm - WARNING - ssr:stedsnr = 610858 has multiple (2) positions, using the first one!
utility_to_osm - WARNING - ssr:stedsnr = 610944 has multiple (2) positions, using the first one!
utility_to_osm - WARNING - ssr:stedsnr = 631229 has multiple (2) positions, using the first one!
utility_to_osm - WARNING - ssr:stedsnr = 631171 has multiple (2) positions, using the first one!
utility_to_osm - WARNING - ssr:stedsnr = 732790 has multiple (2) positions, using the first one!
utility_to_osm - WARNING - ssr:stedsnr = 732794 has multiple (2) positions, using the first one!
utility_to_osm - WARNING - ssr:stedsnr = 753028: No priority spelling found for lang = no, using alt_name to get "[('no', 'Skålavik')]"
utility_to_osm - WARNING - ssr:stedsnr = 765127: No priority spelling found for lang = no, using alt_name to get "[('no', 'Grønavik')]"
utility_to_osm - WARNING - ssr:stedsnr = 792817 has multiple (3) positions, using the first one!
utility_to_osm - WARNING - ssr:stedsnr = 792822: No priority spelling found for lang = no, using alt_name to get "[('no', 'Tranøy')]"
utility_to_osm - ERROR - ssr:stedsnr = 792757: Adding multiple names to name tag, this is not OK! name = "Sørfonnatangen;Klubben"
utility_to_osm - WARNING - ssr:stedsnr = 792757 has multiple (2) positions, using the first one!
utility_to_osm - WARNING - ssr:stedsnr = 792764 has multiple (2) positions, using the first one!
utility_to_osm - WARNING - ssr:stedsnr = 792769 has multiple (2) positions, using the first one!
utility_to_osm - WARNING - ssr:stedsnr = 792867 has multiple (2) positions, using the first one!
utility_to_osm - WARNING - ssr:stedsnr = 827049 has multiple (2) positions, using the first one!
utility_to_osm - WARNING - ssr:stedsnr = 849920: No priority spelling found for lang = no, using alt_name to get "[('no', 'Engjavik')]"
utility_to_osm - WARNING - ssr:stedsnr = 853143 has multiple (2) positions, using the first one!
utility_to_osm - WARNING - ssr:stedsnr = 853145 has multiple (2) positions, using the first one!
utility_to_osm - WARNING - ssr:stedsnr = 853152 has multiple (2) positions, using the first one!
utility_to_osm - WARNING - ssr:stedsnr = 853843: No priority spelling found for lang = no, using alt_name to get "[('no', 'Straumøy')]"
utility_to_osm - WARNING - ssr:stedsnr = 853780 has multiple (2) positions, using the first one!
utility_to_osm - WARNING - ssr:stedsnr = 853797 has multiple (4) positions, using the first one!
utility_to_osm - WARNING - ssr:stedsnr = 853799 has multiple (2) positions, using the first one!
utility_to_osm - WARNING - ssr:stedsnr = 853862 has multiple (2) positions, using the first one!
utility_to_osm - WARNING - ssr:stedsnr = 853865 has multiple (2) positions, using the first one!
utility_to_osm - WARNING - ssr:stedsnr = 853874: No priority spelling found for lang = no, using alt_name to get "[('no', 'Stora Eldøy')]"
utility_to_osm - WARNING - ssr:stedsnr = 853892 has multiple (5) positions, using the first one!
utility_to_osm - WARNING - ssr:stedsnr = 854165 has multiple (2) positions, using the first one!
utility_to_osm - WARNING - ssr:stedsnr = 854760: No priority spelling found for lang = no, using alt_name to get "[('no', 'Raunholm')]"
utility_to_osm - WARNING - ssr:stedsnr = 854873 has multiple (2) positions, using the first one!
utility_to_osm - WARNING - ssr:stedsnr = 875079 has multiple (2) positions, using the first one!
utility_to_osm - WARNING - ssr:stedsnr = 875100 has multiple (2) positions, using the first one!
utility_to_osm - WARNING - ssr:stedsnr = 887079: No priority spelling found for lang = no, using alt_name to get "[('no', 'Midtre Engjavik'), ('no', 'Tunet')]"
utility_to_osm - ERROR - ssr:stedsnr = 887079: Adding multiple names to name tag, this is not OK! name = "Midtre Engjavik;Tunet"
utility_to_osm - WARNING - ssr:stedsnr = 968778 has multiple (2) positions, using the first one!
utility_to_osm - WARNING - ssr:stedsnr = 989927: No priority spelling found for lang = no, using alt_name to get "[('no', 'Ivarsøy')]"
utility_to_osm - WARNING - ssr:stedsnr = 989928: No priority spelling found for lang = no, using alt_name to get "[('no', 'Langøy')]"
utility_to_osm - WARNING - ssr:stedsnr = 989932: No priority spelling found for lang = no, using alt_name to get "[('no', 'Torsdagsøy')]"
utility_to_osm - WARNING - ssr:stedsnr = 989940: No priority spelling found for lang = no, using alt_name to get "[('no', 'Eggøy'), ('no', 'Austre Eggøy')]"
utility_to_osm - ERROR - ssr:stedsnr = 989940: Adding multiple names to name tag, this is not OK! name = "Eggøy;Austre Eggøy"
utility_to_osm - WARNING - ssr:stedsnr = 989941: No priority spelling found for lang = no, using alt_name to get "[('no', 'Hanøy')]"
utility_to_osm - WARNING - ssr:stedsnr = 989943: No priority spelling found for lang = no, using alt_name to get "[('no', 'Natterøy')]"
utility_to_osm - WARNING - ssr:stedsnr = 989946: No priority spelling found for lang = no, using alt_name to get "[('no', 'Tranøy')]"
utility_to_osm - WARNING - ssr:stedsnr = 989948: No priority spelling found for lang = no, using alt_name to get "[('no', 'Straumøy')]"
utility_to_osm - WARNING - ssr:stedsnr = 989950: No priority spelling found for lang = no, using alt_name to get "[('no', 'Skålavik')]"
utility_to_osm - WARNING - ssr:stedsnr = 1037547: No priority spelling found for lang = no, using alt_name to get "[('no', 'Søre Stølen')]"
utility_to_osm - ERROR - ssr:stedsnr = 1037547. No positions found, skipping
utility_to_osm - WARNING - ssr:stedsnr = 1037550: No priority spelling found for lang = no, using alt_name to get "[('no', 'Rimbareidvegen')]"
utility_to_osm - ERROR - ssr:stedsnr = 1037550. No positions found, skipping
utility_to_osm - WARNING - ssr:stedsnr = 1037553: No priority spelling found for lang = no, using alt_name to get "[('no', 'Rossnesbrotet')]"
utility_to_osm - ERROR - ssr:stedsnr = 1037553. No positions found, skipping
utility_to_osm - WARNING - ssr:stedsnr = 1037556: No priority spelling found for lang = no, using alt_name to get "[('no', 'Storhaugtunet')]"
utility_to_osm - ERROR - ssr:stedsnr = 1037556. No positions found, skipping
utility_to_osm - WARNING - ssr:stedsnr = 1037559: No priority spelling found for lang = no, using alt_name to get "[('no', 'Austre Prestbøvegen')]"
utility_to_osm - ERROR - ssr:stedsnr = 1037559. No positions found, skipping
utility_to_osm - WARNING - ssr:stedsnr = 1037562: No priority spelling found for lang = no, using alt_name to get "[('no', 'Vestre Prestbøvegen')]"
utility_to_osm - ERROR - ssr:stedsnr = 1037562. No positions found, skipping
utility_to_osm - WARNING - ssr:stedsnr = 1037565: No priority spelling found for lang = no, using alt_name to get "[('no', 'Hungersdalen')]"
utility_to_osm - ERROR - ssr:stedsnr = 1037565. No positions found, skipping
utility_to_osm - WARNING - ssr:stedsnr = 1037568: No priority spelling found for lang = no, using alt_name to get "[('no', 'Nygardsvegen')]"
utility_to_osm - ERROR - ssr:stedsnr = 1037568. No positions found, skipping
utility_to_osm - WARNING - ssr:stedsnr = 1037571: No priority spelling found for lang = no, using alt_name to get "[('no', 'Færøysundvegen')]"
utility_to_osm - ERROR - ssr:stedsnr = 1037571. No positions found, skipping
utility_to_osm - WARNING - ssr:stedsnr = 1037572: No priority spelling found for lang = no, using alt_name to get "[('no', 'Tednekleivo')]"
utility_to_osm - ERROR - ssr:stedsnr = 1037572. No positions found, skipping
utility_to_osm - WARNING - ssr:stedsnr = 1037576: No priority spelling found for lang = no, using alt_name to get "[('no', 'Nesevegen')]"
utility_to_osm - ERROR - ssr:stedsnr = 1037576. No positions found, skipping
utility_to_osm - WARNING - ssr:stedsnr = 1037578: No priority spelling found for lang = no, using alt_name to get "[('no', 'Sandvikvegen')]"
utility_to_osm - ERROR - ssr:stedsnr = 1037578. No positions found, skipping
utility_to_osm - WARNING - ssr:stedsnr = 1037584: No priority spelling found for lang = no, using alt_name to get "[('no', 'Ørnavarden')]"
utility_to_osm - ERROR - ssr:stedsnr = 1037584. No positions found, skipping
utility_to_osm - WARNING - ssr:stedsnr = 1037588: No priority spelling found for lang = no, using alt_name to get "[('no', 'Rossnesbakken')]"
utility_to_osm - ERROR - ssr:stedsnr = 1037588. No positions found, skipping
utility_to_osm - WARNING - ssr:stedsnr = 1037591: No priority spelling found for lang = no, using alt_name to get "[('no', 'Rossnessvingen')]"
utility_to_osm - ERROR - ssr:stedsnr = 1037591. No positions found, skipping
utility_to_osm - WARNING - ssr:stedsnr = 1037593: No priority spelling found for lang = no, using alt_name to get "[('no', 'Rossneshagen')]"
utility_to_osm - ERROR - ssr:stedsnr = 1037593. No positions found, skipping
utility_to_osm - WARNING - ssr:stedsnr = 1037596: No priority spelling found for lang = no, using alt_name to get "[('no', 'Dovane')]"
utility_to_osm - ERROR - ssr:stedsnr = 1037596. No positions found, skipping
utility_to_osm - WARNING - ssr:stedsnr = 1037598: No priority spelling found for lang = no, using alt_name to get "[('no', 'Vesthaugane')]"
utility_to_osm - ERROR - ssr:stedsnr = 1037598. No positions found, skipping
utility_to_osm - WARNING - ssr:stedsnr = 1037602: No priority spelling found for lang = no, using alt_name to get "[('no', 'Ilderfaret')]"
utility_to_osm - ERROR - ssr:stedsnr = 1037602. No positions found, skipping
utility_to_osm - WARNING - ssr:stedsnr = 1037604: No priority spelling found for lang = no, using alt_name to get "[('no', 'Litlestraumen')]"
utility_to_osm - ERROR - ssr:stedsnr = 1037604. No positions found, skipping
utility_to_osm - WARNING - ssr:stedsnr = 1037606: No priority spelling found for lang = no, using alt_name to get "[('no', 'Hellandsvegen')]"
utility_to_osm - ERROR - ssr:stedsnr = 1037606. No positions found, skipping
utility_to_osm - WARNING - ssr:stedsnr = 1037608: No priority spelling found for lang = no, using alt_name to get "[('no', 'Sjoarreset')]"
utility_to_osm - ERROR - ssr:stedsnr = 1037608. No positions found, skipping
utility_to_osm - WARNING - ssr:stedsnr = 1037837: No priority spelling found for lang = no, using alt_name to get "[('no', 'Fiskanesvegen')]"
utility_to_osm - ERROR - ssr:stedsnr = 1037837. No positions found, skipping
utility_to_osm - WARNING - ssr:stedsnr = 1037839: No priority spelling found for lang = no, using alt_name to get "[('no', 'Arhaugvegen')]"
utility_to_osm - ERROR - ssr:stedsnr = 1037839. No positions found, skipping
utility_to_osm - WARNING - ssr:stedsnr = 1037842: No priority spelling found for lang = no, using alt_name to get "[('no', 'Sandvikvågvegen')]"
utility_to_osm - ERROR - ssr:stedsnr = 1037842. No positions found, skipping
utility_to_osm - WARNING - ssr:stedsnr = 1037846: No priority spelling found for lang = no, using alt_name to get "[('no', 'Hellandssjøen')]"
utility_to_osm - ERROR - ssr:stedsnr = 1037846. No positions found, skipping
utility_to_osm - WARNING - ssr:stedsnr = 1037848: No priority spelling found for lang = no, using alt_name to get "[('no', 'Kjerelvvegen')]"
utility_to_osm - ERROR - ssr:stedsnr = 1037848. No positions found, skipping
utility_to_osm - WARNING - ssr:stedsnr = 1037850: No priority spelling found for lang = no, using alt_name to get "[('no', 'Osternesvegen')]"
utility_to_osm - ERROR - ssr:stedsnr = 1037850. No positions found, skipping
utility_to_osm - WARNING - ssr:stedsnr = 1037857: No priority spelling found for lang = no, using alt_name to get "[('no', 'Breivikvegen')]"
utility_to_osm - ERROR - ssr:stedsnr = 1037857. No positions found, skipping
utility_to_osm - WARNING - ssr:stedsnr = 1037861: No priority spelling found for lang = no, using alt_name to get "[('no', 'Økland')]"
utility_to_osm - ERROR - ssr:stedsnr = 1037861. No positions found, skipping
utility_to_osm - WARNING - ssr:stedsnr = 1037864: No priority spelling found for lang = no, using alt_name to get "[('no', 'Rabbakleivo')]"
utility_to_osm - ERROR - ssr:stedsnr = 1037864. No positions found, skipping
utility_to_osm - WARNING - ssr:stedsnr = 1037867: No priority spelling found for lang = no, using alt_name to get "[('no', 'Hogstevegen')]"
utility_to_osm - ERROR - ssr:stedsnr = 1037867. No positions found, skipping
utility_to_osm - WARNING - ssr:stedsnr = 1037870: No priority spelling found for lang = no, using alt_name to get "[('no', 'Haugavegen')]"
utility_to_osm - ERROR - ssr:stedsnr = 1037870. No positions found, skipping
utility_to_osm - WARNING - ssr:stedsnr = 1037875: No priority spelling found for lang = no, using alt_name to get "[('no', 'Straumavegen')]"
utility_to_osm - ERROR - ssr:stedsnr = 1037875. No positions found, skipping
utility_to_osm - WARNING - ssr:stedsnr = 1037637: No priority spelling found for lang = no, using alt_name to get "[('no', 'Levåg')]"
utility_to_osm - ERROR - ssr:stedsnr = 1037637. No positions found, skipping
utility_to_osm - WARNING - ssr:stedsnr = 1037639: No priority spelling found for lang = no, using alt_name to get "[('no', 'Sandvikvåg')]"
utility_to_osm - ERROR - ssr:stedsnr = 1037639. No positions found, skipping
utility_to_osm - WARNING - ssr:stedsnr = 1037641: No priority spelling found for lang = no, using alt_name to get "[('no', 'Hovland')]"
utility_to_osm - ERROR - ssr:stedsnr = 1037641. No positions found, skipping
utility_to_osm - WARNING - ssr:stedsnr = 1037643: No priority spelling found for lang = no, using alt_name to get "[('no', 'Engevik')]"
utility_to_osm - ERROR - ssr:stedsnr = 1037643. No positions found, skipping
utility_to_osm - WARNING - ssr:stedsnr = 1037649: No priority spelling found for lang = no, using alt_name to get "[('no', 'Øvra Fiskaneset')]"
utility_to_osm - ERROR - ssr:stedsnr = 1037649. No positions found, skipping
utility_to_osm - WARNING - ssr:stedsnr = 1037651: No priority spelling found for lang = no, using alt_name to get "[('no', 'Skaranesvegen')]"
utility_to_osm - ERROR - ssr:stedsnr = 1037651. No positions found, skipping
utility_to_osm - WARNING - ssr:stedsnr = 1037653: No priority spelling found for lang = no, using alt_name to get "[('no', 'Storavikvegen')]"
utility_to_osm - ERROR - ssr:stedsnr = 1037653. No positions found, skipping
utility_to_osm - WARNING - ssr:stedsnr = 1037655: No priority spelling found for lang = no, using alt_name to get "[('no', 'Koløystø')]"
utility_to_osm - ERROR - ssr:stedsnr = 1037655. No positions found, skipping
utility_to_osm - WARNING - ssr:stedsnr = 1037658: No priority spelling found for lang = no, using alt_name to get "[('no', 'Hageberg')]"
utility_to_osm - ERROR - ssr:stedsnr = 1037658. No positions found, skipping
utility_to_osm - WARNING - ssr:stedsnr = 1037660: No priority spelling found for lang = no, using alt_name to get "[('no', 'Vistvik')]"
utility_to_osm - ERROR - ssr:stedsnr = 1037660. No positions found, skipping
utility_to_osm - WARNING - ssr:stedsnr = 1037662: No priority spelling found for lang = no, using alt_name to get "[('no', 'Eide')]"
utility_to_osm - ERROR - ssr:stedsnr = 1037662. No positions found, skipping
utility_to_osm - WARNING - ssr:stedsnr = 1037664: No priority spelling found for lang = no, using alt_name to get "[('no', 'Raunholm')]"
utility_to_osm - ERROR - ssr:stedsnr = 1037664. No positions found, skipping
utility_to_osm - WARNING - ssr:stedsnr = 1037683: No priority spelling found for lang = no, using alt_name to get "[('no', 'Stølsvegen')]"
utility_to_osm - ERROR - ssr:stedsnr = 1037683. No positions found, skipping
utility_to_osm - WARNING - ssr:stedsnr = 1037739: No priority spelling found for lang = no, using alt_name to get "[('no', 'Sjøsbrekko')]"
utility_to_osm - ERROR - ssr:stedsnr = 1037739. No positions found, skipping
utility_to_osm - WARNING - ssr:stedsnr = 1037743: No priority spelling found for lang = no, using alt_name to get "[('no', 'Austre Bakkavegen')]"
utility_to_osm - ERROR - ssr:stedsnr = 1037743. No positions found, skipping
utility_to_osm - WARNING - ssr:stedsnr = 1037746: No priority spelling found for lang = no, using alt_name to get "[('no', 'Havnahagen')]"
utility_to_osm - ERROR - ssr:stedsnr = 1037746. No positions found, skipping
utility_to_osm - WARNING - ssr:stedsnr = 1037749: No priority spelling found for lang = no, using alt_name to get "[('no', 'Vestre Bakkavegen')]"
utility_to_osm - ERROR - ssr:stedsnr = 1037749. No positions found, skipping
utility_to_osm - WARNING - ssr:stedsnr = 1037753: No priority spelling found for lang = no, using alt_name to get "[('no', 'Varhaugsvegen')]"
utility_to_osm - ERROR - ssr:stedsnr = 1037753. No positions found, skipping
utility_to_osm - WARNING - ssr:stedsnr = 1037759: No priority spelling found for lang = no, using alt_name to get "[('no', 'Leirpollvegen')]"
utility_to_osm - ERROR - ssr:stedsnr = 1037759. No positions found, skipping
utility_to_osm - WARNING - ssr:stedsnr = 1037762: No priority spelling found for lang = no, using alt_name to get "[('no', 'Træsvegen')]"
utility_to_osm - ERROR - ssr:stedsnr = 1037762. No positions found, skipping
utility_to_osm - WARNING - ssr:stedsnr = 1037765: No priority spelling found for lang = no, using alt_name to get "[('no', 'Rossnesvegen')]"
utility_to_osm - ERROR - ssr:stedsnr = 1037765. No positions found, skipping
utility_to_osm - WARNING - ssr:stedsnr = 1037770: No priority spelling found for lang = no, using alt_name to get "[('no', 'Stølen')]"
utility_to_osm - ERROR - ssr:stedsnr = 1037770. No positions found, skipping
utility_to_osm - WARNING - ssr:stedsnr = 1037776: No priority spelling found for lang = no, using alt_name to get "[('no', 'Liarhaugvegen')]"
utility_to_osm - ERROR - ssr:stedsnr = 1037776. No positions found, skipping
utility_to_osm - WARNING - ssr:stedsnr = 1037780: No priority spelling found for lang = no, using alt_name to get "[('no', 'Gamle Havnavegen')]"
utility_to_osm - ERROR - ssr:stedsnr = 1037780. No positions found, skipping
utility_to_osm - WARNING - ssr:stedsnr = 1037784: No priority spelling found for lang = no, using alt_name to get "[('no', 'Elvavegen')]"
utility_to_osm - ERROR - ssr:stedsnr = 1037784. No positions found, skipping
utility_to_osm - WARNING - ssr:stedsnr = 1037610: No priority spelling found for lang = no, using alt_name to get "[('no', 'Straumsreset')]"
utility_to_osm - ERROR - ssr:stedsnr = 1037610. No positions found, skipping
utility_to_osm - WARNING - ssr:stedsnr = 1037612: No priority spelling found for lang = no, using alt_name to get "[('no', 'Litla Kråko')]"
utility_to_osm - ERROR - ssr:stedsnr = 1037612. No positions found, skipping
utility_to_osm - WARNING - ssr:stedsnr = 1037615: No priority spelling found for lang = no, using alt_name to get "[('no', 'Kalvaneset')]"
utility_to_osm - ERROR - ssr:stedsnr = 1037615. No positions found, skipping
utility_to_osm - WARNING - ssr:stedsnr = 1037618: No priority spelling found for lang = no, using alt_name to get "[('no', 'Gamle Vestbøstadvegen')]"
utility_to_osm - ERROR - ssr:stedsnr = 1037618. No positions found, skipping
utility_to_osm - WARNING - ssr:stedsnr = 1037621: No priority spelling found for lang = no, using alt_name to get "[('no', 'Austre Skålavikevegen')]"
utility_to_osm - ERROR - ssr:stedsnr = 1037621. No positions found, skipping
utility_to_osm - WARNING - ssr:stedsnr = 1037624: No priority spelling found for lang = no, using alt_name to get "[('no', 'Vestre Skålavikevegen')]"
utility_to_osm - ERROR - ssr:stedsnr = 1037624. No positions found, skipping
utility_to_osm - WARNING - ssr:stedsnr = 1037626: No priority spelling found for lang = no, using alt_name to get "[('no', 'Hundsryggvegen')]"
utility_to_osm - ERROR - ssr:stedsnr = 1037626. No positions found, skipping
utility_to_osm - WARNING - ssr:stedsnr = 1037629: No priority spelling found for lang = no, using alt_name to get "[('no', 'Skytjenesvegen')]"
utility_to_osm - ERROR - ssr:stedsnr = 1037629. No positions found, skipping
utility_to_osm - WARNING - ssr:stedsnr = 1037632: No priority spelling found for lang = no, using alt_name to get "[('no', 'Kråkevegen')]"
utility_to_osm - ERROR - ssr:stedsnr = 1037632. No positions found, skipping
utility_to_osm - WARNING - ssr:stedsnr = 1037635: No priority spelling found for lang = no, using alt_name to get "[('no', 'Grønavikvegen')]"
utility_to_osm - ERROR - ssr:stedsnr = 1037635. No positions found, skipping
utility_to_osm - WARNING - ssr:stedsnr = 1037687: No priority spelling found for lang = no, using alt_name to get "[('no', 'Fitjargardsvegen')]"
utility_to_osm - ERROR - ssr:stedsnr = 1037687. No positions found, skipping
utility_to_osm - WARNING - ssr:stedsnr = 1037694: No priority spelling found for lang = no, using alt_name to get "[('no', 'Fitjarvegen')]"
utility_to_osm - ERROR - ssr:stedsnr = 1037694. No positions found, skipping
utility_to_osm - WARNING - ssr:stedsnr = 1037698: No priority spelling found for lang = no, using alt_name to get "[('no', 'Botnavegen')]"
utility_to_osm - ERROR - ssr:stedsnr = 1037698. No positions found, skipping
utility_to_osm - WARNING - ssr:stedsnr = 1037702: No priority spelling found for lang = no, using alt_name to get "[('no', 'Steinabrekko')]"
utility_to_osm - ERROR - ssr:stedsnr = 1037702. No positions found, skipping
utility_to_osm - WARNING - ssr:stedsnr = 1037709: No priority spelling found for lang = no, using alt_name to get "[('no', 'Kvednavegen')]"
utility_to_osm - ERROR - ssr:stedsnr = 1037709. No positions found, skipping
utility_to_osm - WARNING - ssr:stedsnr = 1037719: No priority spelling found for lang = no, using alt_name to get "[('no', 'Vikeleitet')]"
utility_to_osm - ERROR - ssr:stedsnr = 1037719. No positions found, skipping
utility_to_osm - WARNING - ssr:stedsnr = 1037724: No priority spelling found for lang = no, using alt_name to get "[('no', 'Nesbøvegen')]"
utility_to_osm - ERROR - ssr:stedsnr = 1037724. No positions found, skipping
utility_to_osm - WARNING - ssr:stedsnr = 1037728: No priority spelling found for lang = no, using alt_name to get "[('no', 'Storhaugvegen')]"
utility_to_osm - ERROR - ssr:stedsnr = 1037728. No positions found, skipping
utility_to_osm - WARNING - ssr:stedsnr = 1037732: No priority spelling found for lang = no, using alt_name to get "[('no', 'Gamlevegen')]"
utility_to_osm - ERROR - ssr:stedsnr = 1037732. No positions found, skipping
utility_to_osm - WARNING - ssr:stedsnr = 1037793: No priority spelling found for lang = no, using alt_name to get "[('no', 'Havnavegen')]"
utility_to_osm - ERROR - ssr:stedsnr = 1037793. No positions found, skipping
utility_to_osm - WARNING - ssr:stedsnr = 1037797: No priority spelling found for lang = no, using alt_name to get "[('no', 'Koløyvegen')]"
utility_to_osm - ERROR - ssr:stedsnr = 1037797. No positions found, skipping
utility_to_osm - WARNING - ssr:stedsnr = 1037800: No priority spelling found for lang = no, using alt_name to get "[('no', 'Bustebrotet')]"
utility_to_osm - ERROR - ssr:stedsnr = 1037800. No positions found, skipping
utility_to_osm - WARNING - ssr:stedsnr = 1037803: No priority spelling found for lang = no, using alt_name to get "[('no', 'Svartasmogvegen')]"
utility_to_osm - ERROR - ssr:stedsnr = 1037803. No positions found, skipping
utility_to_osm - WARNING - ssr:stedsnr = 1037805: No priority spelling found for lang = no, using alt_name to get "[('no', 'Seterbøvegen')]"
utility_to_osm - ERROR - ssr:stedsnr = 1037805. No positions found, skipping
utility_to_osm - WARNING - ssr:stedsnr = 1037808: No priority spelling found for lang = no, using alt_name to get "[('no', 'Korsvikvegen')]"
utility_to_osm - ERROR - ssr:stedsnr = 1037808. No positions found, skipping
utility_to_osm - WARNING - ssr:stedsnr = 1037811: No priority spelling found for lang = no, using alt_name to get "[('no', 'Hellandsneset')]"
utility_to_osm - ERROR - ssr:stedsnr = 1037811. No positions found, skipping
utility_to_osm - WARNING - ssr:stedsnr = 1037814: No priority spelling found for lang = no, using alt_name to get "[('no', 'Lio')]"
utility_to_osm - ERROR - ssr:stedsnr = 1037814. No positions found, skipping
utility_to_osm - WARNING - ssr:stedsnr = 1037817: No priority spelling found for lang = no, using alt_name to get "[('no', 'Bøkjenesvegen')]"
utility_to_osm - ERROR - ssr:stedsnr = 1037817. No positions found, skipping
utility_to_osm - WARNING - ssr:stedsnr = 1037822: No priority spelling found for lang = no, using alt_name to get "[('no', 'Dåfjordvegen')]"
utility_to_osm - ERROR - ssr:stedsnr = 1037822. No positions found, skipping
utility_to_osm - WARNING - ssr:stedsnr = 1037827: No priority spelling found for lang = no, using alt_name to get "[('no', 'Vardavegen')]"
utility_to_osm - ERROR - ssr:stedsnr = 1037827. No positions found, skipping
utility_to_osm - WARNING - ssr:stedsnr = 1037830: No priority spelling found for lang = no, using alt_name to get "[('no', 'Selevikvegen')]"
utility_to_osm - ERROR - ssr:stedsnr = 1037830. No positions found, skipping
utility_to_osm - WARNING - ssr:stedsnr = 1037835: No priority spelling found for lang = no, using alt_name to get "[('no', 'Småvikane')]"
utility_to_osm - ERROR - ssr:stedsnr = 1037835. No positions found, skipping
utility_to_osm - WARNING - ssr:stedsnr = 1038042: No priority spelling found for lang = no, using alt_name to get "[('no', 'Rundamyr')]"
utility_to_osm - ERROR - ssr:stedsnr = 1038042. No positions found, skipping
utility_to_osm - WARNING - ssr:stedsnr = 1038046: No priority spelling found for lang = no, using alt_name to get "[('no', 'Buskabrekko')]"
utility_to_osm - ERROR - ssr:stedsnr = 1038046. No positions found, skipping
utility_to_osm - WARNING - ssr:stedsnr = 1038050: No priority spelling found for lang = no, using alt_name to get "[('no', 'Vestbøstadvegen')]"
utility_to_osm - ERROR - ssr:stedsnr = 1038050. No positions found, skipping
utility_to_osm - WARNING - ssr:stedsnr = 1038054: No priority spelling found for lang = no, using alt_name to get "[('no', 'Valbergvegen')]"
utility_to_osm - ERROR - ssr:stedsnr = 1038054. No positions found, skipping
utility_to_osm - WARNING - ssr:stedsnr = 1038058: No priority spelling found for lang = no, using alt_name to get "[('no', 'Grutle')]"
utility_to_osm - ERROR - ssr:stedsnr = 1038058. No positions found, skipping
utility_to_osm - WARNING - ssr:stedsnr = 1038065: No priority spelling found for lang = no, using alt_name to get "[('no', 'Hegranesvegen')]"
utility_to_osm - ERROR - ssr:stedsnr = 1038065. No positions found, skipping
utility_to_osm - WARNING - ssr:stedsnr = 1038072: No priority spelling found for lang = no, using alt_name to get "[('no', 'Fitjarsjøen')]"
utility_to_osm - ERROR - ssr:stedsnr = 1038072. No positions found, skipping
utility_to_osm - WARNING - ssr:stedsnr = 1038076: No priority spelling found for lang = no, using alt_name to get "[('no', 'Lambatøkje')]"
utility_to_osm - ERROR - ssr:stedsnr = 1038076. No positions found, skipping
utility_to_osm - WARNING - ssr:stedsnr = 1038080: No priority spelling found for lang = no, using alt_name to get "[('no', 'Bakken')]"
utility_to_osm - ERROR - ssr:stedsnr = 1038080. No positions found, skipping
utility_to_osm - WARNING - ssr:stedsnr = 1038083: No priority spelling found for lang = no, using alt_name to get "[('no', 'Slottshaugen')]"
utility_to_osm - ERROR - ssr:stedsnr = 1038083. No positions found, skipping
utility_to_osm - WARNING - ssr:stedsnr = 1038034: No priority spelling found for lang = no, using alt_name to get "[('no', 'Nordresjøvegen')]"
utility_to_osm - ERROR - ssr:stedsnr = 1038034. No positions found, skipping
utility_to_osm - WARNING - ssr:stedsnr = 1038087: No priority spelling found for lang = no, using alt_name to get "[('no', 'Kalveid')]"
utility_to_osm - ERROR - ssr:stedsnr = 1038087. No positions found, skipping
utility_to_osm - WARNING - ssr:stedsnr = 1074408: No priority spelling found for lang = no, using alt_name to get "[('no', 'Vestland fylke')]"
utility_to_osm - WARNING - ssr:stedsnr = 1078156: No priority spelling found for lang = no, using alt_name to get "[('no', 'Eidøy'), ('no', 'Vestre Eggøy')]"
utility_to_osm - ERROR - ssr:stedsnr = 1078156: Adding multiple names to name tag, this is not OK! name = "Eidøy;Vestre Eggøy"
utility_to_osm - WARNING - ssr:stedsnr = 1078171: No priority spelling found for lang = no, using alt_name to get "[('no', 'Haugen'), ('no', 'Hogste')]"
utility_to_osm - ERROR - ssr:stedsnr = 1078171: Adding multiple names to name tag, this is not OK! name = "Haugen;Hogste"
