utility_to_osm - ERROR - ERROR, no ending in ssr2_to_osm_data/data/3017/3017-ssr.xml? Trying to re-download
utility_to_osm - WARNING - ssr:stedsnr = 3601 has multiple (3) positions, using the first one!
utility_to_osm - WARNING - ssr:stedsnr = 238549 has multiple (2) positions, using the first one!
utility_to_osm - WARNING - ssr:stedsnr = 63301 has multiple (2) positions, using the first one!
utility_to_osm - WARNING - ssr:stedsnr = 63316 has multiple (19) positions, using the first one!
utility_to_osm - WARNING - ssr:stedsnr = 245233 has multiple (2) positions, using the first one!
utility_to_osm - WARNING - ssr:stedsnr = 246607: No priority spelling found for lang = no, using alt_name to get "[('no', 'Mellom-Sletter')]"
utility_to_osm - WARNING - ssr:stedsnr = 246607 has multiple (4) positions, using the first one!
utility_to_osm - WARNING - ssr:stedsnr = 123515 has multiple (2) positions, using the first one!
utility_to_osm - WARNING - ssr:stedsnr = 123516 has multiple (2) positions, using the first one!
utility_to_osm - WARNING - ssr:stedsnr = 123520 has multiple (2) positions, using the first one!
utility_to_osm - WARNING - ssr:stedsnr = 184616 has multiple (4) positions, using the first one!
utility_to_osm - WARNING - ssr:stedsnr = 245418 has multiple (2) positions, using the first one!
utility_to_osm - WARNING - ssr:stedsnr = 245449 has multiple (2) positions, using the first one!
utility_to_osm - WARNING - ssr:stedsnr = 305511 has multiple (2) positions, using the first one!
utility_to_osm - WARNING - ssr:stedsnr = 305527 has multiple (2) positions, using the first one!
utility_to_osm - WARNING - ssr:stedsnr = 305532 has multiple (2) positions, using the first one!
utility_to_osm - WARNING - ssr:stedsnr = 487249 has multiple (2) positions, using the first one!
utility_to_osm - WARNING - ssr:stedsnr = 487442 has multiple (2) positions, using the first one!
utility_to_osm - WARNING - ssr:stedsnr = 488254 has multiple (2) positions, using the first one!
utility_to_osm - WARNING - ssr:stedsnr = 488243 has multiple (2) positions, using the first one!
utility_to_osm - WARNING - ssr:stedsnr = 488399 has multiple (2) positions, using the first one!
utility_to_osm - WARNING - ssr:stedsnr = 548305 has multiple (2) positions, using the first one!
utility_to_osm - WARNING - ssr:stedsnr = 548307 has multiple (2) positions, using the first one!
utility_to_osm - WARNING - ssr:stedsnr = 549642 has multiple (3) positions, using the first one!
utility_to_osm - WARNING - ssr:stedsnr = 608406 has multiple (2) positions, using the first one!
utility_to_osm - WARNING - ssr:stedsnr = 608508 has multiple (2) positions, using the first one!
utility_to_osm - WARNING - ssr:stedsnr = 608501 has multiple (2) positions, using the first one!
utility_to_osm - WARNING - ssr:stedsnr = 609292 has multiple (2) positions, using the first one!
utility_to_osm - WARNING - ssr:stedsnr = 609386 has multiple (2) positions, using the first one!
utility_to_osm - WARNING - ssr:stedsnr = 652412 has multiple (3) positions, using the first one!
utility_to_osm - WARNING - ssr:stedsnr = 669428 has multiple (2) positions, using the first one!
utility_to_osm - WARNING - ssr:stedsnr = 669514 has multiple (2) positions, using the first one!
utility_to_osm - WARNING - ssr:stedsnr = 670280 has multiple (2) positions, using the first one!
utility_to_osm - WARNING - ssr:stedsnr = 670400 has multiple (2) positions, using the first one!
utility_to_osm - WARNING - ssr:stedsnr = 730506 has multiple (2) positions, using the first one!
utility_to_osm - WARNING - ssr:stedsnr = 730527 has multiple (2) positions, using the first one!
utility_to_osm - WARNING - ssr:stedsnr = 731234 has multiple (2) positions, using the first one!
utility_to_osm - WARNING - ssr:stedsnr = 754250 has multiple (4) positions, using the first one!
utility_to_osm - WARNING - ssr:stedsnr = 907228 has multiple (2) positions, using the first one!
utility_to_osm - WARNING - ssr:stedsnr = 791260 has multiple (2) positions, using the first one!
utility_to_osm - WARNING - ssr:stedsnr = 791298 has multiple (2) positions, using the first one!
utility_to_osm - WARNING - ssr:stedsnr = 791439 has multiple (2) positions, using the first one!
utility_to_osm - WARNING - ssr:stedsnr = 792386 has multiple (2) positions, using the first one!
utility_to_osm - WARNING - ssr:stedsnr = 913434 has multiple (4) positions, using the first one!
utility_to_osm - WARNING - ssr:stedsnr = 913417 has multiple (3) positions, using the first one!
utility_to_osm - WARNING - ssr:stedsnr = 913431 has multiple (2) positions, using the first one!
utility_to_osm - ERROR - ssr:stedsnr = 817827: Adding multiple names to name tag, this is not OK! name = "Kløfta;Tangen"
utility_to_osm - WARNING - ssr:stedsnr = 852284 has multiple (2) positions, using the first one!
utility_to_osm - WARNING - ssr:stedsnr = 852472 has multiple (2) positions, using the first one!
utility_to_osm - ERROR - ssr:stedsnr = 896548. No positions found, skipping
utility_to_osm - WARNING - ssr:stedsnr = 912505 has multiple (2) positions, using the first one!
utility_to_osm - WARNING - ssr:stedsnr = 912507 has multiple (2) positions, using the first one!
utility_to_osm - WARNING - ssr:stedsnr = 935075 has multiple (2) positions, using the first one!
utility_to_osm - WARNING - ssr:stedsnr = 2518 has multiple (2) positions, using the first one!
utility_to_osm - WARNING - ssr:stedsnr = 2665: No priority spelling found for lang = no, using alt_name to get "[('no', 'Store Sletter')]"
utility_to_osm - WARNING - ssr:stedsnr = 2665 has multiple (2) positions, using the first one!
utility_to_osm - WARNING - ssr:stedsnr = 56552 has multiple (2) positions, using the first one!
utility_to_osm - WARNING - ssr:stedsnr = 63469 has multiple (2) positions, using the first one!
utility_to_osm - WARNING - ssr:stedsnr = 63490 has multiple (2) positions, using the first one!
utility_to_osm - WARNING - ssr:stedsnr = 63455 has multiple (2) positions, using the first one!
utility_to_osm - WARNING - ssr:stedsnr = 63296 has multiple (2) positions, using the first one!
utility_to_osm - WARNING - ssr:stedsnr = 63525 has multiple (2) positions, using the first one!
utility_to_osm - WARNING - ssr:stedsnr = 64638: No priority spelling found for lang = no, using alt_name to get "[('no', 'Søndre Sletter')]"
utility_to_osm - WARNING - ssr:stedsnr = 64638 has multiple (3) positions, using the first one!
utility_to_osm - WARNING - ssr:stedsnr = 123501: No priority spelling found for lang = no, using alt_name to get "[('no', 'Knappholmene')]"
utility_to_osm - WARNING - ssr:stedsnr = 123501 has multiple (3) positions, using the first one!
utility_to_osm - WARNING - ssr:stedsnr = 124227 has multiple (2) positions, using the first one!
utility_to_osm - WARNING - ssr:stedsnr = 124357 has multiple (2) positions, using the first one!
utility_to_osm - WARNING - ssr:stedsnr = 124364 has multiple (2) positions, using the first one!
utility_to_osm - WARNING - ssr:stedsnr = 124385 has multiple (2) positions, using the first one!
utility_to_osm - WARNING - ssr:stedsnr = 184261 has multiple (2) positions, using the first one!
utility_to_osm - WARNING - ssr:stedsnr = 184424 has multiple (2) positions, using the first one!
utility_to_osm - WARNING - ssr:stedsnr = 184658 has multiple (3) positions, using the first one!
utility_to_osm - WARNING - ssr:stedsnr = 185259 has multiple (2) positions, using the first one!
utility_to_osm - WARNING - ssr:stedsnr = 299558: No priority spelling found for lang = no, using alt_name to get "[('no', 'Kråkstadfjorden naturreservat')]"
utility_to_osm - WARNING - ssr:stedsnr = 306245 has multiple (2) positions, using the first one!
utility_to_osm - WARNING - ssr:stedsnr = 306400 has multiple (2) positions, using the first one!
utility_to_osm - WARNING - ssr:stedsnr = 365030 has multiple (36) positions, using the first one!
utility_to_osm - WARNING - ssr:stedsnr = 366245 has multiple (2) positions, using the first one!
utility_to_osm - WARNING - ssr:stedsnr = 366251 has multiple (2) positions, using the first one!
utility_to_osm - WARNING - ssr:stedsnr = 366462: No priority spelling found for lang = no, using alt_name to get "[('no', 'Tomb kirke')]"
utility_to_osm - WARNING - ssr:stedsnr = 366462 has multiple (4) positions, using the first one!
utility_to_osm - WARNING - ssr:stedsnr = 366425 has multiple (2) positions, using the first one!
utility_to_osm - WARNING - ssr:stedsnr = 366514: No priority spelling found for lang = no, using alt_name to get "[('no', 'Råde kirke')]"
utility_to_osm - WARNING - ssr:stedsnr = 366514 has multiple (3) positions, using the first one!
utility_to_osm - WARNING - ssr:stedsnr = 495843 has multiple (2) positions, using the first one!
utility_to_osm - WARNING - ssr:stedsnr = 548438 has multiple (2) positions, using the first one!
utility_to_osm - WARNING - ssr:stedsnr = 548443 has multiple (2) positions, using the first one!
utility_to_osm - WARNING - ssr:stedsnr = 548468 has multiple (2) positions, using the first one!
utility_to_osm - WARNING - ssr:stedsnr = 608236 has multiple (2) positions, using the first one!
utility_to_osm - WARNING - ssr:stedsnr = 608531 has multiple (2) positions, using the first one!
utility_to_osm - WARNING - ssr:stedsnr = 669240 has multiple (2) positions, using the first one!
utility_to_osm - WARNING - ssr:stedsnr = 670257 has multiple (2) positions, using the first one!
utility_to_osm - WARNING - ssr:stedsnr = 670444 has multiple (2) positions, using the first one!
utility_to_osm - WARNING - ssr:stedsnr = 730301 has multiple (2) positions, using the first one!
utility_to_osm - WARNING - ssr:stedsnr = 791626 has multiple (2) positions, using the first one!
utility_to_osm - WARNING - ssr:stedsnr = 852408 has multiple (2) positions, using the first one!
utility_to_osm - WARNING - ssr:stedsnr = 853629: No priority spelling found for lang = no, using alt_name to get "[('no', 'Bråttene')]"
utility_to_osm - WARNING - ssr:stedsnr = 853629 has multiple (2) positions, using the first one!
utility_to_osm - WARNING - ssr:stedsnr = 1062387: No priority spelling found for lang = no, using alt_name to get "[('no', 'Elindveien')]"
utility_to_osm - ERROR - ssr:stedsnr = 1062387. No positions found, skipping
utility_to_osm - WARNING - ssr:stedsnr = 1062389: No priority spelling found for lang = no, using alt_name to get "[('no', 'Reklingsholm')]"
utility_to_osm - ERROR - ssr:stedsnr = 1062389. No positions found, skipping
utility_to_osm - ERROR - ssr:stedsnr = 1060671. No positions found, skipping
utility_to_osm - ERROR - ssr:stedsnr = 1060672. No positions found, skipping
utility_to_osm - ERROR - ssr:stedsnr = 1060673. No positions found, skipping
utility_to_osm - ERROR - ssr:stedsnr = 1060674. No positions found, skipping
utility_to_osm - ERROR - ssr:stedsnr = 1060675. No positions found, skipping
utility_to_osm - ERROR - ssr:stedsnr = 1060676. No positions found, skipping
utility_to_osm - ERROR - ssr:stedsnr = 1060678. No positions found, skipping
utility_to_osm - ERROR - ssr:stedsnr = 1060679. No positions found, skipping
utility_to_osm - ERROR - ssr:stedsnr = 1060680. No positions found, skipping
utility_to_osm - ERROR - ssr:stedsnr = 1060682. No positions found, skipping
utility_to_osm - ERROR - ssr:stedsnr = 1060683. No positions found, skipping
utility_to_osm - ERROR - ssr:stedsnr = 1060684. No positions found, skipping
utility_to_osm - ERROR - ssr:stedsnr = 1060685. No positions found, skipping
utility_to_osm - ERROR - ssr:stedsnr = 1060687. No positions found, skipping
utility_to_osm - ERROR - ssr:stedsnr = 1060688. No positions found, skipping
utility_to_osm - ERROR - ssr:stedsnr = 1060689. No positions found, skipping
utility_to_osm - ERROR - ssr:stedsnr = 1060690. No positions found, skipping
utility_to_osm - ERROR - ssr:stedsnr = 1060692. No positions found, skipping
utility_to_osm - ERROR - ssr:stedsnr = 1060694. No positions found, skipping
utility_to_osm - ERROR - ssr:stedsnr = 1060696. No positions found, skipping
utility_to_osm - ERROR - ssr:stedsnr = 1060699. No positions found, skipping
utility_to_osm - ERROR - ssr:stedsnr = 1060700. No positions found, skipping
utility_to_osm - ERROR - ssr:stedsnr = 1060702. No positions found, skipping
utility_to_osm - ERROR - ssr:stedsnr = 1060704. No positions found, skipping
utility_to_osm - ERROR - ssr:stedsnr = 1060707. No positions found, skipping
utility_to_osm - ERROR - ssr:stedsnr = 1060709. No positions found, skipping
utility_to_osm - WARNING - ssr:stedsnr = 1062437: No priority spelling found for lang = no, using alt_name to get "[('no', 'Gamle Teglverksvei')]"
utility_to_osm - ERROR - ssr:stedsnr = 1062437. No positions found, skipping
utility_to_osm - WARNING - ssr:stedsnr = 1062442: No priority spelling found for lang = no, using alt_name to get "[('no', 'Røtnebakken')]"
utility_to_osm - ERROR - ssr:stedsnr = 1062442. No positions found, skipping
utility_to_osm - WARNING - ssr:stedsnr = 1062444: No priority spelling found for lang = no, using alt_name to get "[('no', 'Andersrødveien')]"
utility_to_osm - ERROR - ssr:stedsnr = 1062444. No positions found, skipping
utility_to_osm - WARNING - ssr:stedsnr = 1062446: No priority spelling found for lang = no, using alt_name to get "[('no', 'Skauen')]"
utility_to_osm - ERROR - ssr:stedsnr = 1062446. No positions found, skipping
utility_to_osm - WARNING - ssr:stedsnr = 1062449: No priority spelling found for lang = no, using alt_name to get "[('no', 'Enerhaugen')]"
utility_to_osm - ERROR - ssr:stedsnr = 1062449. No positions found, skipping
utility_to_osm - WARNING - ssr:stedsnr = 1062452: No priority spelling found for lang = no, using alt_name to get "[('no', 'Rødveien')]"
utility_to_osm - ERROR - ssr:stedsnr = 1062452. No positions found, skipping
utility_to_osm - WARNING - ssr:stedsnr = 1062454: No priority spelling found for lang = no, using alt_name to get "[('no', 'Lundebygata')]"
utility_to_osm - ERROR - ssr:stedsnr = 1062454. No positions found, skipping
utility_to_osm - WARNING - ssr:stedsnr = 1062457: No priority spelling found for lang = no, using alt_name to get "[('no', 'Langøyveien')]"
utility_to_osm - ERROR - ssr:stedsnr = 1062457. No positions found, skipping
utility_to_osm - WARNING - ssr:stedsnr = 1062459: No priority spelling found for lang = no, using alt_name to get "[('no', 'Gamleveien')]"
utility_to_osm - ERROR - ssr:stedsnr = 1062459. No positions found, skipping
utility_to_osm - WARNING - ssr:stedsnr = 1062462: No priority spelling found for lang = no, using alt_name to get "[('no', 'Saltnesveien')]"
utility_to_osm - ERROR - ssr:stedsnr = 1062462. No positions found, skipping
utility_to_osm - WARNING - ssr:stedsnr = 1062466: No priority spelling found for lang = no, using alt_name to get "[('no', 'Hvalfangerveien')]"
utility_to_osm - ERROR - ssr:stedsnr = 1062466. No positions found, skipping
utility_to_osm - WARNING - ssr:stedsnr = 1062469: No priority spelling found for lang = no, using alt_name to get "[('no', 'Åsliveien')]"
utility_to_osm - ERROR - ssr:stedsnr = 1062469. No positions found, skipping
utility_to_osm - WARNING - ssr:stedsnr = 1062471: No priority spelling found for lang = no, using alt_name to get "[('no', 'Nordliveien')]"
utility_to_osm - ERROR - ssr:stedsnr = 1062471. No positions found, skipping
utility_to_osm - WARNING - ssr:stedsnr = 1062473: No priority spelling found for lang = no, using alt_name to get "[('no', 'Bakkeveien')]"
utility_to_osm - ERROR - ssr:stedsnr = 1062473. No positions found, skipping
utility_to_osm - WARNING - ssr:stedsnr = 1062477: No priority spelling found for lang = no, using alt_name to get "[('no', 'Ærfuglveien')]"
utility_to_osm - ERROR - ssr:stedsnr = 1062477. No positions found, skipping
utility_to_osm - WARNING - ssr:stedsnr = 1062479: No priority spelling found for lang = no, using alt_name to get "[('no', 'Skomakerveien')]"
utility_to_osm - ERROR - ssr:stedsnr = 1062479. No positions found, skipping
utility_to_osm - WARNING - ssr:stedsnr = 1062481: No priority spelling found for lang = no, using alt_name to get "[('no', 'Homstvedtlia')]"
utility_to_osm - ERROR - ssr:stedsnr = 1062481. No positions found, skipping
utility_to_osm - WARNING - ssr:stedsnr = 1062484: No priority spelling found for lang = no, using alt_name to get "[('no', 'Borgedalsveien')]"
utility_to_osm - ERROR - ssr:stedsnr = 1062484. No positions found, skipping
utility_to_osm - ERROR - ssr:stedsnr = 1062537. No positions found, skipping
utility_to_osm - ERROR - ssr:stedsnr = 1062538. No positions found, skipping
utility_to_osm - ERROR - ssr:stedsnr = 1062540. No positions found, skipping
utility_to_osm - ERROR - ssr:stedsnr = 1062541. No positions found, skipping
utility_to_osm - ERROR - ssr:stedsnr = 1062542. No positions found, skipping
utility_to_osm - ERROR - ssr:stedsnr = 1062544. No positions found, skipping
utility_to_osm - ERROR - ssr:stedsnr = 1062545. No positions found, skipping
utility_to_osm - ERROR - ssr:stedsnr = 1062546. No positions found, skipping
utility_to_osm - ERROR - ssr:stedsnr = 1062547. No positions found, skipping
utility_to_osm - WARNING - ssr:stedsnr = 1062186: No priority spelling found for lang = no, using alt_name to get "[('no', 'Gjersøgata')]"
utility_to_osm - ERROR - ssr:stedsnr = 1062186. No positions found, skipping
utility_to_osm - WARNING - ssr:stedsnr = 1062136: No priority spelling found for lang = no, using alt_name to get "[('no', 'Elvestad')]"
utility_to_osm - ERROR - ssr:stedsnr = 1062136. No positions found, skipping
utility_to_osm - WARNING - ssr:stedsnr = 1062139: No priority spelling found for lang = no, using alt_name to get "[('no', 'Nordre Eikelund')]"
utility_to_osm - ERROR - ssr:stedsnr = 1062139. No positions found, skipping
utility_to_osm - WARNING - ssr:stedsnr = 1062143: No priority spelling found for lang = no, using alt_name to get "[('no', 'Søndre Eikelund')]"
utility_to_osm - ERROR - ssr:stedsnr = 1062143. No positions found, skipping
utility_to_osm - WARNING - ssr:stedsnr = 1062147: No priority spelling found for lang = no, using alt_name to get "[('no', 'Gullerød')]"
utility_to_osm - ERROR - ssr:stedsnr = 1062147. No positions found, skipping
utility_to_osm - WARNING - ssr:stedsnr = 1062151: No priority spelling found for lang = no, using alt_name to get "[('no', 'Ovensundet')]"
utility_to_osm - ERROR - ssr:stedsnr = 1062151. No positions found, skipping
utility_to_osm - WARNING - ssr:stedsnr = 1062154: No priority spelling found for lang = no, using alt_name to get "[('no', 'Holmen')]"
utility_to_osm - ERROR - ssr:stedsnr = 1062154. No positions found, skipping
utility_to_osm - WARNING - ssr:stedsnr = 1062157: No priority spelling found for lang = no, using alt_name to get "[('no', 'Granholmen')]"
utility_to_osm - ERROR - ssr:stedsnr = 1062157. No positions found, skipping
utility_to_osm - WARNING - ssr:stedsnr = 1062160: No priority spelling found for lang = no, using alt_name to get "[('no', 'Viersholm')]"
utility_to_osm - ERROR - ssr:stedsnr = 1062160. No positions found, skipping
utility_to_osm - WARNING - ssr:stedsnr = 1062163: No priority spelling found for lang = no, using alt_name to get "[('no', 'Østre Tofteberggata')]"
utility_to_osm - ERROR - ssr:stedsnr = 1062163. No positions found, skipping
utility_to_osm - WARNING - ssr:stedsnr = 1062166: No priority spelling found for lang = no, using alt_name to get "[('no', 'Vestre Tofteberggata')]"
utility_to_osm - ERROR - ssr:stedsnr = 1062166. No positions found, skipping
utility_to_osm - WARNING - ssr:stedsnr = 1062169: No priority spelling found for lang = no, using alt_name to get "[('no', 'Solberghøyda')]"
utility_to_osm - ERROR - ssr:stedsnr = 1062169. No positions found, skipping
utility_to_osm - WARNING - ssr:stedsnr = 1062172: No priority spelling found for lang = no, using alt_name to get "[('no', 'Stenebakken')]"
utility_to_osm - ERROR - ssr:stedsnr = 1062172. No positions found, skipping
utility_to_osm - WARNING - ssr:stedsnr = 1062175: No priority spelling found for lang = no, using alt_name to get "[('no', 'Taskentangen')]"
utility_to_osm - ERROR - ssr:stedsnr = 1062175. No positions found, skipping
utility_to_osm - WARNING - ssr:stedsnr = 1062179: No priority spelling found for lang = no, using alt_name to get "[('no', 'Søndre Tasken')]"
utility_to_osm - ERROR - ssr:stedsnr = 1062179. No positions found, skipping
utility_to_osm - WARNING - ssr:stedsnr = 1062182: No priority spelling found for lang = no, using alt_name to get "[('no', 'Nordre Tasken')]"
utility_to_osm - ERROR - ssr:stedsnr = 1062182. No positions found, skipping
utility_to_osm - WARNING - ssr:stedsnr = 1062239: No priority spelling found for lang = no, using alt_name to get "[('no', 'Henestangen')]"
utility_to_osm - ERROR - ssr:stedsnr = 1062239. No positions found, skipping
utility_to_osm - WARNING - ssr:stedsnr = 1062242: No priority spelling found for lang = no, using alt_name to get "[('no', 'Henæs')]"
utility_to_osm - ERROR - ssr:stedsnr = 1062242. No positions found, skipping
utility_to_osm - WARNING - ssr:stedsnr = 1062247: No priority spelling found for lang = no, using alt_name to get "[('no', 'Mathisholmen')]"
utility_to_osm - ERROR - ssr:stedsnr = 1062247. No positions found, skipping
utility_to_osm - WARNING - ssr:stedsnr = 1062250: No priority spelling found for lang = no, using alt_name to get "[('no', 'Halvorsrødfeltet')]"
utility_to_osm - ERROR - ssr:stedsnr = 1062250. No positions found, skipping
utility_to_osm - WARNING - ssr:stedsnr = 1062255: No priority spelling found for lang = no, using alt_name to get "[('no', 'Øvre Hagavei')]"
utility_to_osm - ERROR - ssr:stedsnr = 1062255. No positions found, skipping
utility_to_osm - WARNING - ssr:stedsnr = 1062257: No priority spelling found for lang = no, using alt_name to get "[('no', 'Kreklingveien')]"
utility_to_osm - ERROR - ssr:stedsnr = 1062257. No positions found, skipping
utility_to_osm - WARNING - ssr:stedsnr = 1062260: No priority spelling found for lang = no, using alt_name to get "[('no', 'Ryllikveien')]"
utility_to_osm - ERROR - ssr:stedsnr = 1062260. No positions found, skipping
utility_to_osm - WARNING - ssr:stedsnr = 1062190: No priority spelling found for lang = no, using alt_name to get "[('no', 'Berggata')]"
utility_to_osm - ERROR - ssr:stedsnr = 1062190. No positions found, skipping
utility_to_osm - WARNING - ssr:stedsnr = 1062194: No priority spelling found for lang = no, using alt_name to get "[('no', 'Røtneveien')]"
utility_to_osm - ERROR - ssr:stedsnr = 1062194. No positions found, skipping
utility_to_osm - WARNING - ssr:stedsnr = 1062201: No priority spelling found for lang = no, using alt_name to get "[('no', 'Bjørkå')]"
utility_to_osm - ERROR - ssr:stedsnr = 1062201. No positions found, skipping
utility_to_osm - WARNING - ssr:stedsnr = 1062207: No priority spelling found for lang = no, using alt_name to get "[('no', 'Lunderveien')]"
utility_to_osm - ERROR - ssr:stedsnr = 1062207. No positions found, skipping
utility_to_osm - WARNING - ssr:stedsnr = 1062211: No priority spelling found for lang = no, using alt_name to get "[('no', 'Gamle Kjellerødvei')]"
utility_to_osm - ERROR - ssr:stedsnr = 1062211. No positions found, skipping
utility_to_osm - WARNING - ssr:stedsnr = 1062214: No priority spelling found for lang = no, using alt_name to get "[('no', 'Revhaug')]"
utility_to_osm - ERROR - ssr:stedsnr = 1062214. No positions found, skipping
utility_to_osm - WARNING - ssr:stedsnr = 1062218: No priority spelling found for lang = no, using alt_name to get "[('no', 'Sørby')]"
utility_to_osm - ERROR - ssr:stedsnr = 1062218. No positions found, skipping
utility_to_osm - WARNING - ssr:stedsnr = 1062221: No priority spelling found for lang = no, using alt_name to get "[('no', 'Oksenøya')]"
utility_to_osm - ERROR - ssr:stedsnr = 1062221. No positions found, skipping
utility_to_osm - WARNING - ssr:stedsnr = 1062223: No priority spelling found for lang = no, using alt_name to get "[('no', 'Langøya')]"
utility_to_osm - ERROR - ssr:stedsnr = 1062223. No positions found, skipping
utility_to_osm - WARNING - ssr:stedsnr = 1062226: No priority spelling found for lang = no, using alt_name to get "[('no', 'Lundsholmen')]"
utility_to_osm - WARNING - ssr:stedsnr = 1062231: No priority spelling found for lang = no, using alt_name to get "[('no', 'Haugestenstøa')]"
utility_to_osm - ERROR - ssr:stedsnr = 1062231. No positions found, skipping
utility_to_osm - WARNING - ssr:stedsnr = 1062338: No priority spelling found for lang = no, using alt_name to get "[('no', 'Funkisveien')]"
utility_to_osm - ERROR - ssr:stedsnr = 1062338. No positions found, skipping
utility_to_osm - WARNING - ssr:stedsnr = 1062339: No priority spelling found for lang = no, using alt_name to get "[('no', 'Saltnes Syd')]"
utility_to_osm - ERROR - ssr:stedsnr = 1062339. No positions found, skipping
utility_to_osm - WARNING - ssr:stedsnr = 1062342: No priority spelling found for lang = no, using alt_name to get "[('no', 'Granheimveien')]"
utility_to_osm - ERROR - ssr:stedsnr = 1062342. No positions found, skipping
utility_to_osm - WARNING - ssr:stedsnr = 1062344: No priority spelling found for lang = no, using alt_name to get "[('no', 'Fuglevikstranda')]"
utility_to_osm - ERROR - ssr:stedsnr = 1062344. No positions found, skipping
utility_to_osm - WARNING - ssr:stedsnr = 1062345: No priority spelling found for lang = no, using alt_name to get "[('no', 'Bryggestubben')]"
utility_to_osm - ERROR - ssr:stedsnr = 1062345. No positions found, skipping
utility_to_osm - WARNING - ssr:stedsnr = 1062348: No priority spelling found for lang = no, using alt_name to get "[('no', 'Ravneflaugveien')]"
utility_to_osm - ERROR - ssr:stedsnr = 1062348. No positions found, skipping
utility_to_osm - WARNING - ssr:stedsnr = 1062349: No priority spelling found for lang = no, using alt_name to get "[('no', 'Gamle Steen')]"
utility_to_osm - ERROR - ssr:stedsnr = 1062349. No positions found, skipping
utility_to_osm - WARNING - ssr:stedsnr = 1062350: No priority spelling found for lang = no, using alt_name to get "[('no', 'Akerstubben')]"
utility_to_osm - ERROR - ssr:stedsnr = 1062350. No positions found, skipping
utility_to_osm - WARNING - ssr:stedsnr = 1062352: No priority spelling found for lang = no, using alt_name to get "[('no', 'Holmeskogen')]"
utility_to_osm - ERROR - ssr:stedsnr = 1062352. No positions found, skipping
utility_to_osm - WARNING - ssr:stedsnr = 1062353: No priority spelling found for lang = no, using alt_name to get "[('no', 'Stensrødstubben')]"
utility_to_osm - ERROR - ssr:stedsnr = 1062353. No positions found, skipping
utility_to_osm - WARNING - ssr:stedsnr = 1062355: No priority spelling found for lang = no, using alt_name to get "[('no', 'Gamlestubben')]"
utility_to_osm - ERROR - ssr:stedsnr = 1062355. No positions found, skipping
utility_to_osm - WARNING - ssr:stedsnr = 1062357: No priority spelling found for lang = no, using alt_name to get "[('no', 'Storesandskogen')]"
utility_to_osm - ERROR - ssr:stedsnr = 1062357. No positions found, skipping
utility_to_osm - WARNING - ssr:stedsnr = 1062359: No priority spelling found for lang = no, using alt_name to get "[('no', 'Storesandåsen')]"
utility_to_osm - ERROR - ssr:stedsnr = 1062359. No positions found, skipping
utility_to_osm - WARNING - ssr:stedsnr = 1062360: No priority spelling found for lang = no, using alt_name to get "[('no', 'Saltholmen')]"
utility_to_osm - ERROR - ssr:stedsnr = 1062360. No positions found, skipping
utility_to_osm - WARNING - ssr:stedsnr = 1062361: No priority spelling found for lang = no, using alt_name to get "[('no', 'Stensrødgata')]"
utility_to_osm - ERROR - ssr:stedsnr = 1062361. No positions found, skipping
utility_to_osm - WARNING - ssr:stedsnr = 1062363: No priority spelling found for lang = no, using alt_name to get "[('no', 'Elvestadveien')]"
utility_to_osm - ERROR - ssr:stedsnr = 1062363. No positions found, skipping
utility_to_osm - WARNING - ssr:stedsnr = 1062366: No priority spelling found for lang = no, using alt_name to get "[('no', 'Haug')]"
utility_to_osm - ERROR - ssr:stedsnr = 1062366. No positions found, skipping
utility_to_osm - WARNING - ssr:stedsnr = 1062367: No priority spelling found for lang = no, using alt_name to get "[('no', 'Molvikveien')]"
utility_to_osm - ERROR - ssr:stedsnr = 1062367. No positions found, skipping
utility_to_osm - WARNING - ssr:stedsnr = 1062368: No priority spelling found for lang = no, using alt_name to get "[('no', 'Jonstentoppen')]"
utility_to_osm - ERROR - ssr:stedsnr = 1062368. No positions found, skipping
utility_to_osm - WARNING - ssr:stedsnr = 1062373: No priority spelling found for lang = no, using alt_name to get "[('no', 'Katteskjærveien')]"
utility_to_osm - ERROR - ssr:stedsnr = 1062373. No positions found, skipping
utility_to_osm - WARNING - ssr:stedsnr = 1062374: No priority spelling found for lang = no, using alt_name to get "[('no', 'Torkelstadjordet')]"
utility_to_osm - ERROR - ssr:stedsnr = 1062374. No positions found, skipping
utility_to_osm - WARNING - ssr:stedsnr = 1062376: No priority spelling found for lang = no, using alt_name to get "[('no', 'Sandaker')]"
utility_to_osm - ERROR - ssr:stedsnr = 1062376. No positions found, skipping
utility_to_osm - WARNING - ssr:stedsnr = 1062377: No priority spelling found for lang = no, using alt_name to get "[('no', 'Haugaveien')]"
utility_to_osm - ERROR - ssr:stedsnr = 1062377. No positions found, skipping
utility_to_osm - WARNING - ssr:stedsnr = 1062378: No priority spelling found for lang = no, using alt_name to get "[('no', 'Voldgata')]"
utility_to_osm - ERROR - ssr:stedsnr = 1062378. No positions found, skipping
utility_to_osm - WARNING - ssr:stedsnr = 1062381: No priority spelling found for lang = no, using alt_name to get "[('no', 'Hestevoldveien')]"
utility_to_osm - ERROR - ssr:stedsnr = 1062381. No positions found, skipping
utility_to_osm - WARNING - ssr:stedsnr = 1062382: No priority spelling found for lang = no, using alt_name to get "[('no', 'Hestevoldfeltet')]"
utility_to_osm - ERROR - ssr:stedsnr = 1062382. No positions found, skipping
utility_to_osm - WARNING - ssr:stedsnr = 1062384: No priority spelling found for lang = no, using alt_name to get "[('no', 'Agnesstien')]"
utility_to_osm - ERROR - ssr:stedsnr = 1062384. No positions found, skipping
utility_to_osm - WARNING - ssr:stedsnr = 1062385: No priority spelling found for lang = no, using alt_name to get "[('no', 'Kjelshuset')]"
utility_to_osm - ERROR - ssr:stedsnr = 1062385. No positions found, skipping
utility_to_osm - WARNING - ssr:stedsnr = 1062262: No priority spelling found for lang = no, using alt_name to get "[('no', 'Bjørnemoseveien')]"
utility_to_osm - ERROR - ssr:stedsnr = 1062262. No positions found, skipping
utility_to_osm - WARNING - ssr:stedsnr = 1062264: No priority spelling found for lang = no, using alt_name to get "[('no', 'Sølandgata')]"
utility_to_osm - ERROR - ssr:stedsnr = 1062264. No positions found, skipping
utility_to_osm - WARNING - ssr:stedsnr = 1062265: No priority spelling found for lang = no, using alt_name to get "[('no', 'Frakkestad')]"
utility_to_osm - ERROR - ssr:stedsnr = 1062265. No positions found, skipping
utility_to_osm - WARNING - ssr:stedsnr = 1062269: No priority spelling found for lang = no, using alt_name to get "[('no', 'Nedre Hagavei')]"
utility_to_osm - ERROR - ssr:stedsnr = 1062269. No positions found, skipping
utility_to_osm - WARNING - ssr:stedsnr = 1062272: No priority spelling found for lang = no, using alt_name to get "[('no', 'Torvstikkeren')]"
utility_to_osm - ERROR - ssr:stedsnr = 1062272. No positions found, skipping
utility_to_osm - WARNING - ssr:stedsnr = 1062274: No priority spelling found for lang = no, using alt_name to get "[('no', 'Myrveien')]"
utility_to_osm - ERROR - ssr:stedsnr = 1062274. No positions found, skipping
utility_to_osm - WARNING - ssr:stedsnr = 1062278: No priority spelling found for lang = no, using alt_name to get "[('no', 'Åkebergmosen')]"
utility_to_osm - ERROR - ssr:stedsnr = 1062278. No positions found, skipping
utility_to_osm - WARNING - ssr:stedsnr = 1062281: No priority spelling found for lang = no, using alt_name to get "[('no', 'Baldersvei')]"
utility_to_osm - ERROR - ssr:stedsnr = 1062281. No positions found, skipping
utility_to_osm - WARNING - ssr:stedsnr = 1062284: No priority spelling found for lang = no, using alt_name to get "[('no', 'Røsslyngveien')]"
utility_to_osm - ERROR - ssr:stedsnr = 1062284. No positions found, skipping
utility_to_osm - WARNING - ssr:stedsnr = 1062286: No priority spelling found for lang = no, using alt_name to get "[('no', 'Missingfjellet')]"
utility_to_osm - ERROR - ssr:stedsnr = 1062286. No positions found, skipping
utility_to_osm - WARNING - ssr:stedsnr = 1062289: No priority spelling found for lang = no, using alt_name to get "[('no', 'Myrvollveien')]"
utility_to_osm - ERROR - ssr:stedsnr = 1062289. No positions found, skipping
utility_to_osm - WARNING - ssr:stedsnr = 1062292: No priority spelling found for lang = no, using alt_name to get "[('no', 'Torvbanen')]"
utility_to_osm - ERROR - ssr:stedsnr = 1062292. No positions found, skipping
utility_to_osm - WARNING - ssr:stedsnr = 1062294: No priority spelling found for lang = no, using alt_name to get "[('no', 'Linneaveien')]"
utility_to_osm - ERROR - ssr:stedsnr = 1062294. No positions found, skipping
utility_to_osm - WARNING - ssr:stedsnr = 1062296: No priority spelling found for lang = no, using alt_name to get "[('no', 'Ellingstranda')]"
utility_to_osm - ERROR - ssr:stedsnr = 1062296. No positions found, skipping
utility_to_osm - WARNING - ssr:stedsnr = 1062300: No priority spelling found for lang = no, using alt_name to get "[('no', 'Moreneveien')]"
utility_to_osm - ERROR - ssr:stedsnr = 1062300. No positions found, skipping
utility_to_osm - WARNING - ssr:stedsnr = 1062302: No priority spelling found for lang = no, using alt_name to get "[('no', 'Gneisveien')]"
utility_to_osm - ERROR - ssr:stedsnr = 1062302. No positions found, skipping
utility_to_osm - WARNING - ssr:stedsnr = 1062305: No priority spelling found for lang = no, using alt_name to get "[('no', 'Krogstadåsen')]"
utility_to_osm - ERROR - ssr:stedsnr = 1062305. No positions found, skipping
utility_to_osm - WARNING - ssr:stedsnr = 1062307: No priority spelling found for lang = no, using alt_name to get "[('no', 'Krogstadstien')]"
utility_to_osm - ERROR - ssr:stedsnr = 1062307. No positions found, skipping
utility_to_osm - WARNING - ssr:stedsnr = 1062309: No priority spelling found for lang = no, using alt_name to get "[('no', 'Moltemyra')]"
utility_to_osm - ERROR - ssr:stedsnr = 1062309. No positions found, skipping
utility_to_osm - WARNING - ssr:stedsnr = 1062312: No priority spelling found for lang = no, using alt_name to get "[('no', 'Karlshusjordet')]"
utility_to_osm - ERROR - ssr:stedsnr = 1062312. No positions found, skipping
utility_to_osm - WARNING - ssr:stedsnr = 1062315: No priority spelling found for lang = no, using alt_name to get "[('no', 'Torkildstad')]"
utility_to_osm - ERROR - ssr:stedsnr = 1062315. No positions found, skipping
utility_to_osm - WARNING - ssr:stedsnr = 1062317: No priority spelling found for lang = no, using alt_name to get "[('no', 'Tombdalsveien')]"
utility_to_osm - ERROR - ssr:stedsnr = 1062317. No positions found, skipping
utility_to_osm - WARNING - ssr:stedsnr = 1062320: No priority spelling found for lang = no, using alt_name to get "[('no', 'Tasken')]"
utility_to_osm - ERROR - ssr:stedsnr = 1062320. No positions found, skipping
utility_to_osm - WARNING - ssr:stedsnr = 1062322: No priority spelling found for lang = no, using alt_name to get "[('no', 'Soltunveien')]"
utility_to_osm - ERROR - ssr:stedsnr = 1062322. No positions found, skipping
utility_to_osm - WARNING - ssr:stedsnr = 1062325: No priority spelling found for lang = no, using alt_name to get "[('no', 'Lyngmoveien')]"
utility_to_osm - ERROR - ssr:stedsnr = 1062325. No positions found, skipping
utility_to_osm - WARNING - ssr:stedsnr = 1062327: No priority spelling found for lang = no, using alt_name to get "[('no', 'Finstadgata')]"
utility_to_osm - ERROR - ssr:stedsnr = 1062327. No positions found, skipping
utility_to_osm - WARNING - ssr:stedsnr = 1062330: No priority spelling found for lang = no, using alt_name to get "[('no', 'Saltnes haveby')]"
utility_to_osm - ERROR - ssr:stedsnr = 1062330. No positions found, skipping
utility_to_osm - WARNING - ssr:stedsnr = 1062333: No priority spelling found for lang = no, using alt_name to get "[('no', 'Industriveien')]"
utility_to_osm - ERROR - ssr:stedsnr = 1062333. No positions found, skipping
utility_to_osm - WARNING - ssr:stedsnr = 1062335: No priority spelling found for lang = no, using alt_name to get "[('no', 'Saltnesbekken')]"
utility_to_osm - ERROR - ssr:stedsnr = 1062335. No positions found, skipping
utility_to_osm - WARNING - ssr:stedsnr = 1062390: No priority spelling found for lang = no, using alt_name to get "[('no', 'Isebakktjern')]"
utility_to_osm - ERROR - ssr:stedsnr = 1062390. No positions found, skipping
utility_to_osm - WARNING - ssr:stedsnr = 1062391: No priority spelling found for lang = no, using alt_name to get "[('no', 'Danseplassen')]"
utility_to_osm - ERROR - ssr:stedsnr = 1062391. No positions found, skipping
utility_to_osm - WARNING - ssr:stedsnr = 1062393: No priority spelling found for lang = no, using alt_name to get "[('no', 'Skredderfjellet')]"
utility_to_osm - ERROR - ssr:stedsnr = 1062393. No positions found, skipping
utility_to_osm - WARNING - ssr:stedsnr = 1062394: No priority spelling found for lang = no, using alt_name to get "[('no', 'Pedersvei')]"
utility_to_osm - ERROR - ssr:stedsnr = 1062394. No positions found, skipping
utility_to_osm - WARNING - ssr:stedsnr = 1062397: No priority spelling found for lang = no, using alt_name to get "[('no', 'Millasvingen')]"
utility_to_osm - ERROR - ssr:stedsnr = 1062397. No positions found, skipping
utility_to_osm - WARNING - ssr:stedsnr = 1062398: No priority spelling found for lang = no, using alt_name to get "[('no', 'Østre Holmefjellet')]"
utility_to_osm - ERROR - ssr:stedsnr = 1062398. No positions found, skipping
utility_to_osm - WARNING - ssr:stedsnr = 1062399: No priority spelling found for lang = no, using alt_name to get "[('no', 'Svartskjærtangen')]"
utility_to_osm - ERROR - ssr:stedsnr = 1062399. No positions found, skipping
utility_to_osm - WARNING - ssr:stedsnr = 1062400: No priority spelling found for lang = no, using alt_name to get "[('no', 'Husebystranda')]"
utility_to_osm - ERROR - ssr:stedsnr = 1062400. No positions found, skipping
utility_to_osm - WARNING - ssr:stedsnr = 1062401: No priority spelling found for lang = no, using alt_name to get "[('no', 'Storesandkroken')]"
utility_to_osm - ERROR - ssr:stedsnr = 1062401. No positions found, skipping
utility_to_osm - WARNING - ssr:stedsnr = 1062402: No priority spelling found for lang = no, using alt_name to get "[('no', 'Aagaardveien')]"
utility_to_osm - ERROR - ssr:stedsnr = 1062402. No positions found, skipping
utility_to_osm - WARNING - ssr:stedsnr = 1062403: No priority spelling found for lang = no, using alt_name to get "[('no', 'Gåsholmen')]"
utility_to_osm - ERROR - ssr:stedsnr = 1062403. No positions found, skipping
utility_to_osm - WARNING - ssr:stedsnr = 1062405: No priority spelling found for lang = no, using alt_name to get "[('no', 'Starengholmen')]"
utility_to_osm - WARNING - ssr:stedsnr = 1062406: No priority spelling found for lang = no, using alt_name to get "[('no', 'Vestre Holmefjellet')]"
utility_to_osm - ERROR - ssr:stedsnr = 1062406. No positions found, skipping
utility_to_osm - WARNING - ssr:stedsnr = 1062407: No priority spelling found for lang = no, using alt_name to get "[('no', 'Tomballéen')]"
utility_to_osm - ERROR - ssr:stedsnr = 1062407. No positions found, skipping
utility_to_osm - WARNING - ssr:stedsnr = 1062408: No priority spelling found for lang = no, using alt_name to get "[('no', 'Steen')]"
utility_to_osm - ERROR - ssr:stedsnr = 1062408. No positions found, skipping
utility_to_osm - WARNING - ssr:stedsnr = 1062412: No priority spelling found for lang = no, using alt_name to get "[('no', 'Hellumveien')]"
utility_to_osm - ERROR - ssr:stedsnr = 1062412. No positions found, skipping
utility_to_osm - WARNING - ssr:stedsnr = 1062415: No priority spelling found for lang = no, using alt_name to get "[('no', 'Ovenskogen')]"
utility_to_osm - ERROR - ssr:stedsnr = 1062415. No positions found, skipping
utility_to_osm - WARNING - ssr:stedsnr = 1062417: No priority spelling found for lang = no, using alt_name to get "[('no', 'Oventangen')]"
utility_to_osm - ERROR - ssr:stedsnr = 1062417. No positions found, skipping
utility_to_osm - WARNING - ssr:stedsnr = 1062419: No priority spelling found for lang = no, using alt_name to get "[('no', 'Blåbærstien')]"
utility_to_osm - ERROR - ssr:stedsnr = 1062419. No positions found, skipping
utility_to_osm - WARNING - ssr:stedsnr = 1062420: No priority spelling found for lang = no, using alt_name to get "[('no', 'Galleriveien')]"
utility_to_osm - ERROR - ssr:stedsnr = 1062420. No positions found, skipping
utility_to_osm - WARNING - ssr:stedsnr = 1062421: No priority spelling found for lang = no, using alt_name to get "[('no', 'Strand')]"
utility_to_osm - ERROR - ssr:stedsnr = 1062421. No positions found, skipping
utility_to_osm - WARNING - ssr:stedsnr = 1062423: No priority spelling found for lang = no, using alt_name to get "[('no', 'Makrellrødfjellet')]"
utility_to_osm - ERROR - ssr:stedsnr = 1062423. No positions found, skipping
utility_to_osm - WARNING - ssr:stedsnr = 1062425: No priority spelling found for lang = no, using alt_name to get "[('no', 'Makrellrødkroken')]"
utility_to_osm - ERROR - ssr:stedsnr = 1062425. No positions found, skipping
utility_to_osm - WARNING - ssr:stedsnr = 1062427: No priority spelling found for lang = no, using alt_name to get "[('no', 'Grindholmen')]"
utility_to_osm - ERROR - ssr:stedsnr = 1062427. No positions found, skipping
utility_to_osm - WARNING - ssr:stedsnr = 1062430: No priority spelling found for lang = no, using alt_name to get "[('no', 'Søndre Auberg')]"
utility_to_osm - ERROR - ssr:stedsnr = 1062430. No positions found, skipping
utility_to_osm - WARNING - ssr:stedsnr = 1062433: No priority spelling found for lang = no, using alt_name to get "[('no', 'Lågbu')]"
utility_to_osm - ERROR - ssr:stedsnr = 1062433. No positions found, skipping
utility_to_osm - WARNING - ssr:stedsnr = 1062435: No priority spelling found for lang = no, using alt_name to get "[('no', 'Nordre Akerskogen')]"
utility_to_osm - ERROR - ssr:stedsnr = 1062435. No positions found, skipping
utility_to_osm - WARNING - ssr:stedsnr = 1062487: No priority spelling found for lang = no, using alt_name to get "[('no', 'Løkkebergveien')]"
utility_to_osm - ERROR - ssr:stedsnr = 1062487. No positions found, skipping
utility_to_osm - WARNING - ssr:stedsnr = 1062489: No priority spelling found for lang = no, using alt_name to get "[('no', 'Rubingenveien')]"
utility_to_osm - ERROR - ssr:stedsnr = 1062489. No positions found, skipping
utility_to_osm - WARNING - ssr:stedsnr = 1062492: No priority spelling found for lang = no, using alt_name to get "[('no', 'Saltholmveien')]"
utility_to_osm - ERROR - ssr:stedsnr = 1062492. No positions found, skipping
utility_to_osm - WARNING - ssr:stedsnr = 1062494: No priority spelling found for lang = no, using alt_name to get "[('no', 'Kråkerødveien')]"
utility_to_osm - ERROR - ssr:stedsnr = 1062494. No positions found, skipping
utility_to_osm - WARNING - ssr:stedsnr = 1062496: No priority spelling found for lang = no, using alt_name to get "[('no', 'Batteriveien')]"
utility_to_osm - ERROR - ssr:stedsnr = 1062496. No positions found, skipping
utility_to_osm - WARNING - ssr:stedsnr = 1062498: No priority spelling found for lang = no, using alt_name to get "[('no', 'Saltnesbjørka')]"
utility_to_osm - ERROR - ssr:stedsnr = 1062498. No positions found, skipping
utility_to_osm - ERROR - ssr:stedsnr = 1062499. No positions found, skipping
utility_to_osm - ERROR - ssr:stedsnr = 1062500. No positions found, skipping
utility_to_osm - ERROR - ssr:stedsnr = 1062501. No positions found, skipping
utility_to_osm - WARNING - ssr:stedsnr = 1062503: No priority spelling found for lang = no, using alt_name to get "[('no', 'Missingmyrveien')]"
utility_to_osm - ERROR - ssr:stedsnr = 1062503. No positions found, skipping
utility_to_osm - WARNING - ssr:stedsnr = 1062505: No priority spelling found for lang = no, using alt_name to get "[('no', 'Nordgårdveien')]"
utility_to_osm - ERROR - ssr:stedsnr = 1062505. No positions found, skipping
utility_to_osm - WARNING - ssr:stedsnr = 1062508: No priority spelling found for lang = no, using alt_name to get "[('no', 'Teigeveien')]"
utility_to_osm - ERROR - ssr:stedsnr = 1062508. No positions found, skipping
utility_to_osm - WARNING - ssr:stedsnr = 1062510: No priority spelling found for lang = no, using alt_name to get "[('no', 'Solstadveien')]"
utility_to_osm - ERROR - ssr:stedsnr = 1062510. No positions found, skipping
utility_to_osm - ERROR - ssr:stedsnr = 1062512. No positions found, skipping
utility_to_osm - ERROR - ssr:stedsnr = 1062513. No positions found, skipping
utility_to_osm - ERROR - ssr:stedsnr = 1062514. No positions found, skipping
utility_to_osm - ERROR - ssr:stedsnr = 1062515. No positions found, skipping
utility_to_osm - ERROR - ssr:stedsnr = 1062516. No positions found, skipping
utility_to_osm - ERROR - ssr:stedsnr = 1062518. No positions found, skipping
utility_to_osm - ERROR - ssr:stedsnr = 1062520. No positions found, skipping
utility_to_osm - ERROR - ssr:stedsnr = 1062521. No positions found, skipping
utility_to_osm - ERROR - ssr:stedsnr = 1062522. No positions found, skipping
utility_to_osm - ERROR - ssr:stedsnr = 1062523. No positions found, skipping
utility_to_osm - ERROR - ssr:stedsnr = 1062524. No positions found, skipping
utility_to_osm - ERROR - ssr:stedsnr = 1062525. No positions found, skipping
utility_to_osm - ERROR - ssr:stedsnr = 1062526. No positions found, skipping
utility_to_osm - ERROR - ssr:stedsnr = 1062528. No positions found, skipping
utility_to_osm - ERROR - ssr:stedsnr = 1062529. No positions found, skipping
utility_to_osm - ERROR - ssr:stedsnr = 1062531. No positions found, skipping
utility_to_osm - ERROR - ssr:stedsnr = 1062534. No positions found, skipping
utility_to_osm - ERROR - ssr:stedsnr = 1062535. No positions found, skipping
utility_to_osm - WARNING - ssr:stedsnr = 1062587: No priority spelling found for lang = no, using alt_name to get "[('no', 'Svenskebingen')]"
utility_to_osm - ERROR - ssr:stedsnr = 1062587. No positions found, skipping
utility_to_osm - WARNING - ssr:stedsnr = 1062594: No priority spelling found for lang = no, using alt_name to get "[('no', 'Meumsveien')]"
utility_to_osm - ERROR - ssr:stedsnr = 1062594. No positions found, skipping
utility_to_osm - WARNING - ssr:stedsnr = 1062599: No priority spelling found for lang = no, using alt_name to get "[('no', 'Makrellrødveien')]"
utility_to_osm - ERROR - ssr:stedsnr = 1062599. No positions found, skipping
utility_to_osm - WARNING - ssr:stedsnr = 1062603: No priority spelling found for lang = no, using alt_name to get "[('no', 'Leidalsveien')]"
utility_to_osm - ERROR - ssr:stedsnr = 1062603. No positions found, skipping
utility_to_osm - WARNING - ssr:stedsnr = 1062606: No priority spelling found for lang = no, using alt_name to get "[('no', 'Kolbjørnrødgata')]"
utility_to_osm - ERROR - ssr:stedsnr = 1062606. No positions found, skipping
utility_to_osm - ERROR - ssr:stedsnr = 1062549. No positions found, skipping
utility_to_osm - ERROR - ssr:stedsnr = 1062550. No positions found, skipping
utility_to_osm - ERROR - ssr:stedsnr = 1062553. No positions found, skipping
utility_to_osm - ERROR - ssr:stedsnr = 1062555. No positions found, skipping
utility_to_osm - ERROR - ssr:stedsnr = 1062557. No positions found, skipping
utility_to_osm - WARNING - ssr:stedsnr = 1062558: No priority spelling found for lang = no, using alt_name to get "[('no', 'Strømnesgata')]"
utility_to_osm - ERROR - ssr:stedsnr = 1062558. No positions found, skipping
utility_to_osm - WARNING - ssr:stedsnr = 1062562: No priority spelling found for lang = no, using alt_name to get "[('no', 'Stomnergata')]"
utility_to_osm - ERROR - ssr:stedsnr = 1062562. No positions found, skipping
utility_to_osm - WARNING - ssr:stedsnr = 1062565: No priority spelling found for lang = no, using alt_name to get "[('no', 'Solvanggata')]"
utility_to_osm - ERROR - ssr:stedsnr = 1062565. No positions found, skipping
utility_to_osm - WARNING - ssr:stedsnr = 1062570: No priority spelling found for lang = no, using alt_name to get "[('no', 'Sognsgata')]"
utility_to_osm - ERROR - ssr:stedsnr = 1062570. No positions found, skipping
utility_to_osm - WARNING - ssr:stedsnr = 1062577: No priority spelling found for lang = no, using alt_name to get "[('no', 'Ovenneset')]"
utility_to_osm - ERROR - ssr:stedsnr = 1062577. No positions found, skipping
utility_to_osm - WARNING - ssr:stedsnr = 1062581: No priority spelling found for lang = no, using alt_name to get "[('no', 'Sønsterødgata')]"
utility_to_osm - ERROR - ssr:stedsnr = 1062581. No positions found, skipping
utility_to_osm - WARNING - ssr:stedsnr = 1062640: No priority spelling found for lang = no, using alt_name to get "[('no', 'Hissingbygata')]"
utility_to_osm - ERROR - ssr:stedsnr = 1062640. No positions found, skipping
utility_to_osm - WARNING - ssr:stedsnr = 1062642: No priority spelling found for lang = no, using alt_name to get "[('no', 'Hestevoldbråten')]"
utility_to_osm - ERROR - ssr:stedsnr = 1062642. No positions found, skipping
utility_to_osm - WARNING - ssr:stedsnr = 1062647: No priority spelling found for lang = no, using alt_name to get "[('no', 'Helgerød')]"
utility_to_osm - ERROR - ssr:stedsnr = 1062647. No positions found, skipping
utility_to_osm - WARNING - ssr:stedsnr = 1062652: No priority spelling found for lang = no, using alt_name to get "[('no', 'Akerskogen')]"
utility_to_osm - ERROR - ssr:stedsnr = 1062652. No positions found, skipping
utility_to_osm - WARNING - ssr:stedsnr = 1062657: No priority spelling found for lang = no, using alt_name to get "[('no', 'Løkkeveien')]"
utility_to_osm - ERROR - ssr:stedsnr = 1062657. No positions found, skipping
utility_to_osm - WARNING - ssr:stedsnr = 1062659: No priority spelling found for lang = no, using alt_name to get "[('no', 'Hukebergveien')]"
utility_to_osm - ERROR - ssr:stedsnr = 1062659. No positions found, skipping
utility_to_osm - WARNING - ssr:stedsnr = 1062667: No priority spelling found for lang = no, using alt_name to get "[('no', 'Amundbukta')]"
utility_to_osm - ERROR - ssr:stedsnr = 1062667. No positions found, skipping
utility_to_osm - WARNING - ssr:stedsnr = 1062668: No priority spelling found for lang = no, using alt_name to get "[('no', 'Eggeroa')]"
utility_to_osm - ERROR - ssr:stedsnr = 1062668. No positions found, skipping
utility_to_osm - WARNING - ssr:stedsnr = 1062671: No priority spelling found for lang = no, using alt_name to get "[('no', 'Borgegata')]"
utility_to_osm - ERROR - ssr:stedsnr = 1062671. No positions found, skipping
utility_to_osm - WARNING - ssr:stedsnr = 1062675: No priority spelling found for lang = no, using alt_name to get "[('no', 'Auberggata')]"
utility_to_osm - ERROR - ssr:stedsnr = 1062675. No positions found, skipping
utility_to_osm - WARNING - ssr:stedsnr = 1062679: No priority spelling found for lang = no, using alt_name to get "[('no', 'Andersrødbakken')]"
utility_to_osm - ERROR - ssr:stedsnr = 1062679. No positions found, skipping
utility_to_osm - WARNING - ssr:stedsnr = 1062684: No priority spelling found for lang = no, using alt_name to get "[('no', 'Norveien')]"
utility_to_osm - ERROR - ssr:stedsnr = 1062684. No positions found, skipping
utility_to_osm - WARNING - ssr:stedsnr = 1062738: No priority spelling found for lang = no, using alt_name to get "[('no', 'Sognshøy')]"
utility_to_osm - ERROR - ssr:stedsnr = 1062738. No positions found, skipping
utility_to_osm - WARNING - ssr:stedsnr = 1062741: No priority spelling found for lang = no, using alt_name to get "[('no', 'Nystedveien')]"
utility_to_osm - ERROR - ssr:stedsnr = 1062741. No positions found, skipping
utility_to_osm - WARNING - ssr:stedsnr = 1062745: No priority spelling found for lang = no, using alt_name to get "[('no', 'Ekeliveien')]"
utility_to_osm - ERROR - ssr:stedsnr = 1062745. No positions found, skipping
utility_to_osm - WARNING - ssr:stedsnr = 1062748: No priority spelling found for lang = no, using alt_name to get "[('no', 'Kløfteneveien')]"
utility_to_osm - ERROR - ssr:stedsnr = 1062748. No positions found, skipping
utility_to_osm - WARNING - ssr:stedsnr = 1062751: No priority spelling found for lang = no, using alt_name to get "[('no', 'Slangsvoldveien')]"
utility_to_osm - ERROR - ssr:stedsnr = 1062751. No positions found, skipping
utility_to_osm - WARNING - ssr:stedsnr = 1062755: No priority spelling found for lang = no, using alt_name to get "[('no', 'Trøskenveien')]"
utility_to_osm - ERROR - ssr:stedsnr = 1062755. No positions found, skipping
utility_to_osm - WARNING - ssr:stedsnr = 1062759: No priority spelling found for lang = no, using alt_name to get "[('no', 'Engeneveien')]"
utility_to_osm - ERROR - ssr:stedsnr = 1062759. No positions found, skipping
utility_to_osm - WARNING - ssr:stedsnr = 1062614: No priority spelling found for lang = no, using alt_name to get "[('no', 'Røstad')]"
utility_to_osm - ERROR - ssr:stedsnr = 1062614. No positions found, skipping
utility_to_osm - WARNING - ssr:stedsnr = 1062619: No priority spelling found for lang = no, using alt_name to get "[('no', 'Pukkverkveien')]"
utility_to_osm - ERROR - ssr:stedsnr = 1062619. No positions found, skipping
utility_to_osm - WARNING - ssr:stedsnr = 1062624: No priority spelling found for lang = no, using alt_name to get "[('no', 'Musangengata')]"
utility_to_osm - ERROR - ssr:stedsnr = 1062624. No positions found, skipping
utility_to_osm - WARNING - ssr:stedsnr = 1062627: No priority spelling found for lang = no, using alt_name to get "[('no', 'Gammelsrødveien')]"
utility_to_osm - ERROR - ssr:stedsnr = 1062627. No positions found, skipping
utility_to_osm - WARNING - ssr:stedsnr = 1062633: No priority spelling found for lang = no, using alt_name to get "[('no', 'Hovlandgata')]"
utility_to_osm - ERROR - ssr:stedsnr = 1062633. No positions found, skipping
utility_to_osm - WARNING - ssr:stedsnr = 1062687: No priority spelling found for lang = no, using alt_name to get "[('no', 'Idrettsveien')]"
utility_to_osm - ERROR - ssr:stedsnr = 1062687. No positions found, skipping
utility_to_osm - WARNING - ssr:stedsnr = 1062691: No priority spelling found for lang = no, using alt_name to get "[('no', 'Halvorsrødveien')]"
utility_to_osm - ERROR - ssr:stedsnr = 1062691. No positions found, skipping
utility_to_osm - WARNING - ssr:stedsnr = 1062693: No priority spelling found for lang = no, using alt_name to get "[('no', 'Prestegårdsalléen')]"
utility_to_osm - ERROR - ssr:stedsnr = 1062693. No positions found, skipping
utility_to_osm - WARNING - ssr:stedsnr = 1062696: No priority spelling found for lang = no, using alt_name to get "[('no', 'Båthavnveien')]"
utility_to_osm - ERROR - ssr:stedsnr = 1062696. No positions found, skipping
utility_to_osm - WARNING - ssr:stedsnr = 1062700: No priority spelling found for lang = no, using alt_name to get "[('no', 'Jerndalsveien')]"
utility_to_osm - ERROR - ssr:stedsnr = 1062700. No positions found, skipping
utility_to_osm - WARNING - ssr:stedsnr = 1062702: No priority spelling found for lang = no, using alt_name to get "[('no', 'Hestholmen')]"
utility_to_osm - ERROR - ssr:stedsnr = 1062702. No positions found, skipping
utility_to_osm - WARNING - ssr:stedsnr = 1062705: No priority spelling found for lang = no, using alt_name to get "[('no', 'Storesand')]"
utility_to_osm - ERROR - ssr:stedsnr = 1062705. No positions found, skipping
utility_to_osm - WARNING - ssr:stedsnr = 1062708: No priority spelling found for lang = no, using alt_name to get "[('no', 'Odalsveien')]"
utility_to_osm - ERROR - ssr:stedsnr = 1062708. No positions found, skipping
utility_to_osm - WARNING - ssr:stedsnr = 1062712: No priority spelling found for lang = no, using alt_name to get "[('no', 'Saltnes øst')]"
utility_to_osm - ERROR - ssr:stedsnr = 1062712. No positions found, skipping
utility_to_osm - WARNING - ssr:stedsnr = 1062716: No priority spelling found for lang = no, using alt_name to get "[('no', 'Saltnes kroken')]"
utility_to_osm - ERROR - ssr:stedsnr = 1062716. No positions found, skipping
utility_to_osm - WARNING - ssr:stedsnr = 1062719: No priority spelling found for lang = no, using alt_name to get "[('no', 'Agnesveien')]"
utility_to_osm - ERROR - ssr:stedsnr = 1062719. No positions found, skipping
utility_to_osm - WARNING - ssr:stedsnr = 1062724: No priority spelling found for lang = no, using alt_name to get "[('no', 'Enebekkveien')]"
utility_to_osm - ERROR - ssr:stedsnr = 1062724. No positions found, skipping
utility_to_osm - WARNING - ssr:stedsnr = 1062726: No priority spelling found for lang = no, using alt_name to get "[('no', 'Stoaveien')]"
utility_to_osm - ERROR - ssr:stedsnr = 1062726. No positions found, skipping
utility_to_osm - WARNING - ssr:stedsnr = 1062729: No priority spelling found for lang = no, using alt_name to get "[('no', 'Karlbergveien')]"
utility_to_osm - ERROR - ssr:stedsnr = 1062729. No positions found, skipping
utility_to_osm - WARNING - ssr:stedsnr = 1062732: No priority spelling found for lang = no, using alt_name to get "[('no', 'Rabben')]"
utility_to_osm - ERROR - ssr:stedsnr = 1062732. No positions found, skipping
utility_to_osm - WARNING - ssr:stedsnr = 1062735: No priority spelling found for lang = no, using alt_name to get "[('no', 'Grimstadgata')]"
utility_to_osm - ERROR - ssr:stedsnr = 1062735. No positions found, skipping
utility_to_osm - WARNING - ssr:stedsnr = 1062762: No priority spelling found for lang = no, using alt_name to get "[('no', 'Kihlsveien')]"
utility_to_osm - ERROR - ssr:stedsnr = 1062762. No positions found, skipping
utility_to_osm - WARNING - ssr:stedsnr = 1062766: No priority spelling found for lang = no, using alt_name to get "[('no', 'Kongsrød')]"
utility_to_osm - ERROR - ssr:stedsnr = 1062766. No positions found, skipping
utility_to_osm - WARNING - ssr:stedsnr = 1062769: No priority spelling found for lang = no, using alt_name to get "[('no', 'Tesalaveien')]"
utility_to_osm - ERROR - ssr:stedsnr = 1062769. No positions found, skipping
utility_to_osm - WARNING - ssr:stedsnr = 1062771: No priority spelling found for lang = no, using alt_name to get "[('no', 'Tombveien')]"
utility_to_osm - ERROR - ssr:stedsnr = 1062771. No positions found, skipping
utility_to_osm - WARNING - ssr:stedsnr = 1062773: No priority spelling found for lang = no, using alt_name to get "[('no', 'Krogstadveien')]"
utility_to_osm - ERROR - ssr:stedsnr = 1062773. No positions found, skipping
utility_to_osm - WARNING - ssr:stedsnr = 1062776: No priority spelling found for lang = no, using alt_name to get "[('no', 'Ovenveien')]"
utility_to_osm - ERROR - ssr:stedsnr = 1062776. No positions found, skipping
utility_to_osm - WARNING - ssr:stedsnr = 1062780: No priority spelling found for lang = no, using alt_name to get "[('no', 'Jonstengata')]"
utility_to_osm - ERROR - ssr:stedsnr = 1062780. No positions found, skipping
utility_to_osm - WARNING - ssr:stedsnr = 1062783: No priority spelling found for lang = no, using alt_name to get "[('no', 'Norumlia')]"
utility_to_osm - ERROR - ssr:stedsnr = 1062783. No positions found, skipping
utility_to_osm - WARNING - ssr:stedsnr = 1062896: No priority spelling found for lang = no, using alt_name to get "[('no', 'Aker')]"
utility_to_osm - ERROR - ssr:stedsnr = 1062896. No positions found, skipping
utility_to_osm - WARNING - ssr:stedsnr = 1062898: No priority spelling found for lang = no, using alt_name to get "[('no', 'Burumøya')]"
utility_to_osm - WARNING - ssr:stedsnr = 1062900: No priority spelling found for lang = no, using alt_name to get "[('no', 'Knappholmen')]"
utility_to_osm - WARNING - ssr:stedsnr = 1062903: No priority spelling found for lang = no, using alt_name to get "[('no', 'Råde torg')]"
utility_to_osm - ERROR - ssr:stedsnr = 1062903. No positions found, skipping
utility_to_osm - WARNING - ssr:stedsnr = 1062906: No priority spelling found for lang = no, using alt_name to get "[('no', 'Tangenveien')]"
utility_to_osm - ERROR - ssr:stedsnr = 1062906. No positions found, skipping
utility_to_osm - WARNING - ssr:stedsnr = 1062908: No priority spelling found for lang = no, using alt_name to get "[('no', 'Helgerødåsen')]"
utility_to_osm - ERROR - ssr:stedsnr = 1062908. No positions found, skipping
utility_to_osm - WARNING - ssr:stedsnr = 1062909: No priority spelling found for lang = no, using alt_name to get "[('no', 'Rubingenstranda')]"
utility_to_osm - ERROR - ssr:stedsnr = 1062909. No positions found, skipping
utility_to_osm - WARNING - ssr:stedsnr = 1062913: No priority spelling found for lang = no, using alt_name to get "[('no', 'Grastoveien')]"
utility_to_osm - ERROR - ssr:stedsnr = 1062913. No positions found, skipping
utility_to_osm - WARNING - ssr:stedsnr = 1074403: No priority spelling found for lang = no, using alt_name to get "[('no', 'Viken fylke')]"
