utility_to_osm - WARNING - ssr:stedsnr = 12070: No priority spelling found for lang = no, using alt_name to get "[('no', 'Einskogan')]"
utility_to_osm - WARNING - ssr:stedsnr = 12070 has multiple (2) positions, using the first one!
utility_to_osm - WARNING - ssr:stedsnr = 12075: No priority spelling found for lang = no, using alt_name to get "[('no', 'Gjelsøya')]"
utility_to_osm - WARNING - ssr:stedsnr = 12111 has multiple (2) positions, using the first one!
utility_to_osm - WARNING - ssr:stedsnr = 12115: No priority spelling found for lang = no, using alt_name to get "[('no', 'Åsan')]"
utility_to_osm - WARNING - ssr:stedsnr = 12423 has multiple (3) positions, using the first one!
utility_to_osm - WARNING - ssr:stedsnr = 13014 has multiple (2) positions, using the first one!
utility_to_osm - WARNING - ssr:stedsnr = 13167: No priority spelling found for lang = no, using alt_name to get "[('no', 'Furuholmen')]"
utility_to_osm - WARNING - ssr:stedsnr = 13167 has multiple (4) positions, using the first one!
utility_to_osm - WARNING - ssr:stedsnr = 13169: No priority spelling found for lang = no, using alt_name to get "[('no', 'Monsholmen')]"
utility_to_osm - WARNING - ssr:stedsnr = 13169 has multiple (4) positions, using the first one!
utility_to_osm - WARNING - ssr:stedsnr = 13319 has multiple (4) positions, using the first one!
utility_to_osm - WARNING - ssr:stedsnr = 13402 has multiple (5) positions, using the first one!
utility_to_osm - WARNING - ssr:stedsnr = 13407 has multiple (4) positions, using the first one!
utility_to_osm - WARNING - ssr:stedsnr = 13408 has multiple (5) positions, using the first one!
utility_to_osm - WARNING - ssr:stedsnr = 13416 has multiple (3) positions, using the first one!
utility_to_osm - WARNING - ssr:stedsnr = 13417 has multiple (4) positions, using the first one!
utility_to_osm - WARNING - ssr:stedsnr = 13461: No priority spelling found for lang = no, using alt_name to get "[('no', 'Straum')]"
utility_to_osm - WARNING - ssr:stedsnr = 13471 has multiple (4) positions, using the first one!
utility_to_osm - WARNING - ssr:stedsnr = 13480 has multiple (4) positions, using the first one!
utility_to_osm - WARNING - ssr:stedsnr = 13605 has multiple (3) positions, using the first one!
utility_to_osm - WARNING - ssr:stedsnr = 13607: No priority spelling found for lang = no, using alt_name to get "[('no', 'Kobbholmen')]"
utility_to_osm - WARNING - ssr:stedsnr = 13607 has multiple (3) positions, using the first one!
utility_to_osm - WARNING - ssr:stedsnr = 13612 has multiple (3) positions, using the first one!
utility_to_osm - WARNING - ssr:stedsnr = 13617 has multiple (3) positions, using the first one!
utility_to_osm - WARNING - ssr:stedsnr = 13619 has multiple (4) positions, using the first one!
utility_to_osm - WARNING - ssr:stedsnr = 13620: No priority spelling found for lang = no, using alt_name to get "[('no', 'Edøybussøya')]"
utility_to_osm - WARNING - ssr:stedsnr = 13620 has multiple (4) positions, using the first one!
utility_to_osm - WARNING - ssr:stedsnr = 13364 has multiple (4) positions, using the first one!
utility_to_osm - WARNING - ssr:stedsnr = 13365 has multiple (4) positions, using the first one!
utility_to_osm - WARNING - ssr:stedsnr = 13508 has multiple (4) positions, using the first one!
utility_to_osm - WARNING - ssr:stedsnr = 13517 has multiple (4) positions, using the first one!
utility_to_osm - WARNING - ssr:stedsnr = 13560 has multiple (3) positions, using the first one!
utility_to_osm - WARNING - ssr:stedsnr = 13561 has multiple (3) positions, using the first one!
utility_to_osm - WARNING - ssr:stedsnr = 13567 has multiple (4) positions, using the first one!
utility_to_osm - WARNING - ssr:stedsnr = 13573 has multiple (3) positions, using the first one!
utility_to_osm - WARNING - ssr:stedsnr = 13578 has multiple (4) positions, using the first one!
utility_to_osm - WARNING - ssr:stedsnr = 13580 has multiple (3) positions, using the first one!
utility_to_osm - ERROR - ssr:stedsnr = 13701: Adding multiple names to name tag, this is not OK! name = "Knutshaugskjæra;Seibalskjæra"
utility_to_osm - WARNING - ssr:stedsnr = 13870 has multiple (4) positions, using the first one!
utility_to_osm - WARNING - ssr:stedsnr = 13872 has multiple (3) positions, using the first one!
utility_to_osm - WARNING - ssr:stedsnr = 13875 has multiple (3) positions, using the first one!
utility_to_osm - WARNING - ssr:stedsnr = 13888: No priority spelling found for lang = no, using alt_name to get "[('no', 'Brannøya')]"
utility_to_osm - WARNING - ssr:stedsnr = 13888 has multiple (3) positions, using the first one!
utility_to_osm - WARNING - ssr:stedsnr = 13889: No priority spelling found for lang = no, using alt_name to get "[('no', 'Oterholmen')]"
utility_to_osm - WARNING - ssr:stedsnr = 13889 has multiple (3) positions, using the first one!
utility_to_osm - WARNING - ssr:stedsnr = 13908 has multiple (4) positions, using the first one!
utility_to_osm - WARNING - ssr:stedsnr = 13922 has multiple (3) positions, using the first one!
utility_to_osm - WARNING - ssr:stedsnr = 13924: No priority spelling found for lang = no, using alt_name to get "[('no', 'Singsdraget')]"
utility_to_osm - WARNING - ssr:stedsnr = 13924 has multiple (3) positions, using the first one!
utility_to_osm - WARNING - ssr:stedsnr = 13930 has multiple (3) positions, using the first one!
utility_to_osm - WARNING - ssr:stedsnr = 30068: No priority spelling found for lang = no, using alt_name to get "[('no', 'Tjønnøyholmen')]"
utility_to_osm - WARNING - ssr:stedsnr = 31367 has multiple (2) positions, using the first one!
utility_to_osm - WARNING - ssr:stedsnr = 33710 has multiple (2) positions, using the first one!
utility_to_osm - ERROR - ssr:stedsnr = 60221. No positions found, skipping
utility_to_osm - WARNING - ssr:stedsnr = 60608: No priority spelling found for lang = no, using alt_name to get "[('no', 'Teistskjærøya')]"
utility_to_osm - WARNING - ssr:stedsnr = 60901: No priority spelling found for lang = no, using alt_name to get "[('no', 'Hemnskjelveien')]"
utility_to_osm - ERROR - ssr:stedsnr = 60901. No positions found, skipping
utility_to_osm - WARNING - ssr:stedsnr = 242888: No priority spelling found for lang = no, using alt_name to get "[('no', 'Hagabuktveien')]"
utility_to_osm - ERROR - ssr:stedsnr = 242888. No positions found, skipping
utility_to_osm - WARNING - ssr:stedsnr = 242787: No priority spelling found for lang = no, using alt_name to get "[('no', 'Jektvikveien')]"
utility_to_osm - ERROR - ssr:stedsnr = 242787. No positions found, skipping
utility_to_osm - WARNING - ssr:stedsnr = 242853: No priority spelling found for lang = no, using alt_name to get "[('no', 'Storbåan')]"
utility_to_osm - ERROR - ssr:stedsnr = 242863. No positions found, skipping
utility_to_osm - ERROR - ssr:stedsnr = 242874. No positions found, skipping
utility_to_osm - ERROR - ssr:stedsnr = 242882. No positions found, skipping
utility_to_osm - WARNING - ssr:stedsnr = 73007 has multiple (2) positions, using the first one!
utility_to_osm - WARNING - ssr:stedsnr = 73024 has multiple (2) positions, using the first one!
utility_to_osm - WARNING - ssr:stedsnr = 73112 has multiple (2) positions, using the first one!
utility_to_osm - WARNING - ssr:stedsnr = 73119: No priority spelling found for lang = no, using alt_name to get "[('no', 'Litlbrattåvatnet')]"
utility_to_osm - WARNING - ssr:stedsnr = 73119 has multiple (2) positions, using the first one!
utility_to_osm - WARNING - ssr:stedsnr = 73068 has multiple (6) positions, using the first one!
utility_to_osm - WARNING - ssr:stedsnr = 73361 has multiple (4) positions, using the first one!
utility_to_osm - WARNING - ssr:stedsnr = 73459 has multiple (4) positions, using the first one!
utility_to_osm - WARNING - ssr:stedsnr = 73462 has multiple (4) positions, using the first one!
utility_to_osm - WARNING - ssr:stedsnr = 73465 has multiple (4) positions, using the first one!
utility_to_osm - WARNING - ssr:stedsnr = 73467 has multiple (4) positions, using the first one!
utility_to_osm - WARNING - ssr:stedsnr = 73468 has multiple (3) positions, using the first one!
utility_to_osm - WARNING - ssr:stedsnr = 74037: No priority spelling found for lang = no, using alt_name to get "[('no', 'Flatskjæra')]"
utility_to_osm - WARNING - ssr:stedsnr = 73970 has multiple (4) positions, using the first one!
utility_to_osm - WARNING - ssr:stedsnr = 74274 has multiple (4) positions, using the first one!
utility_to_osm - WARNING - ssr:stedsnr = 74416 has multiple (3) positions, using the first one!
utility_to_osm - ERROR - ssr:stedsnr = 74460: Adding multiple names to name tag, this is not OK! name = "Badstuholmen;Storholmen"
utility_to_osm - WARNING - ssr:stedsnr = 74460 has multiple (4) positions, using the first one!
utility_to_osm - WARNING - ssr:stedsnr = 74463 has multiple (4) positions, using the first one!
utility_to_osm - WARNING - ssr:stedsnr = 74304 has multiple (4) positions, using the first one!
utility_to_osm - WARNING - ssr:stedsnr = 74355 has multiple (2) positions, using the first one!
utility_to_osm - WARNING - ssr:stedsnr = 74368 has multiple (4) positions, using the first one!
utility_to_osm - WARNING - ssr:stedsnr = 74374 has multiple (5) positions, using the first one!
utility_to_osm - WARNING - ssr:stedsnr = 74507: No priority spelling found for lang = no, using alt_name to get "[('no', 'Svankilen')]"
utility_to_osm - WARNING - ssr:stedsnr = 74513 has multiple (4) positions, using the first one!
utility_to_osm - WARNING - ssr:stedsnr = 74518 has multiple (4) positions, using the first one!
utility_to_osm - WARNING - ssr:stedsnr = 74522 has multiple (4) positions, using the first one!
utility_to_osm - WARNING - ssr:stedsnr = 74558 has multiple (4) positions, using the first one!
utility_to_osm - WARNING - ssr:stedsnr = 74575 has multiple (3) positions, using the first one!
utility_to_osm - WARNING - ssr:stedsnr = 74610 has multiple (3) positions, using the first one!
utility_to_osm - WARNING - ssr:stedsnr = 74612 has multiple (4) positions, using the first one!
utility_to_osm - WARNING - ssr:stedsnr = 74614 has multiple (4) positions, using the first one!
utility_to_osm - WARNING - ssr:stedsnr = 74669 has multiple (4) positions, using the first one!
utility_to_osm - WARNING - ssr:stedsnr = 74671 has multiple (3) positions, using the first one!
utility_to_osm - WARNING - ssr:stedsnr = 74959 has multiple (4) positions, using the first one!
utility_to_osm - WARNING - ssr:stedsnr = 74963 has multiple (3) positions, using the first one!
utility_to_osm - WARNING - ssr:stedsnr = 82512: No priority spelling found for lang = no, using alt_name to get "[('no', 'Hitratunnelen')]"
utility_to_osm - ERROR - ssr:stedsnr = 82512. No positions found, skipping
utility_to_osm - WARNING - ssr:stedsnr = 90666: No priority spelling found for lang = no, using alt_name to get "[('no', 'Gjelsøysvaet')]"
utility_to_osm - WARNING - ssr:stedsnr = 91883 has multiple (2) positions, using the first one!
utility_to_osm - WARNING - ssr:stedsnr = 96270: No priority spelling found for lang = no, using alt_name to get "[('no', 'Skalløybugen')]"
utility_to_osm - WARNING - ssr:stedsnr = 96310: No priority spelling found for lang = no, using alt_name to get "[('no', 'Smibelgheia')]"
utility_to_osm - WARNING - ssr:stedsnr = 96670: No priority spelling found for lang = no, using alt_name to get "[('no', 'Paulinatjønna')]"
utility_to_osm - WARNING - ssr:stedsnr = 96673: No priority spelling found for lang = no, using alt_name to get "[('no', 'Haukarvarden')]"
utility_to_osm - WARNING - ssr:stedsnr = 96676: No priority spelling found for lang = no, using alt_name to get "[('no', 'Purka')]"
utility_to_osm - WARNING - ssr:stedsnr = 97277: No priority spelling found for lang = no, using alt_name to get "[('no', 'Bandhaugen')]"
utility_to_osm - WARNING - ssr:stedsnr = 97281: No priority spelling found for lang = no, using alt_name to get "[('no', 'Kalvbukta')]"
utility_to_osm - WARNING - ssr:stedsnr = 104683: No priority spelling found for lang = no, using alt_name to get "[('no', 'Vestre Valslag')]"
utility_to_osm - WARNING - ssr:stedsnr = 120224: No priority spelling found for lang = no, using alt_name to get "[('no', 'Heggen')]"
utility_to_osm - ERROR - ssr:stedsnr = 120881. No positions found, skipping
utility_to_osm - ERROR - ssr:stedsnr = 120882. No positions found, skipping
utility_to_osm - WARNING - ssr:stedsnr = 120884: No priority spelling found for lang = no, using alt_name to get "[('no', 'Vedbergveien')]"
utility_to_osm - ERROR - ssr:stedsnr = 120884. No positions found, skipping
utility_to_osm - ERROR - ssr:stedsnr = 120790. No positions found, skipping
utility_to_osm - WARNING - ssr:stedsnr = 121806 has multiple (2) positions, using the first one!
utility_to_osm - WARNING - ssr:stedsnr = 133112 has multiple (2) positions, using the first one!
utility_to_osm - WARNING - ssr:stedsnr = 133114 has multiple (2) positions, using the first one!
utility_to_osm - WARNING - ssr:stedsnr = 133015: No priority spelling found for lang = no, using alt_name to get "[('no', 'Storturanda')]"
utility_to_osm - WARNING - ssr:stedsnr = 133016: No priority spelling found for lang = no, using alt_name to get "[('no', 'Litltua')]"
utility_to_osm - WARNING - ssr:stedsnr = 133021 has multiple (2) positions, using the first one!
utility_to_osm - WARNING - ssr:stedsnr = 133058: No priority spelling found for lang = no, using alt_name to get "[('no', 'Langnesvatnet')]"
utility_to_osm - WARNING - ssr:stedsnr = 133058 has multiple (2) positions, using the first one!
utility_to_osm - WARNING - ssr:stedsnr = 133062 has multiple (2) positions, using the first one!
utility_to_osm - WARNING - ssr:stedsnr = 133065 has multiple (2) positions, using the first one!
utility_to_osm - WARNING - ssr:stedsnr = 133075 has multiple (4) positions, using the first one!
utility_to_osm - WARNING - ssr:stedsnr = 133407: No priority spelling found for lang = no, using alt_name to get "[('no', 'Terningen')]"
utility_to_osm - WARNING - ssr:stedsnr = 133407 has multiple (2) positions, using the first one!
utility_to_osm - WARNING - ssr:stedsnr = 134055: No priority spelling found for lang = no, using alt_name to get "[('no', 'Værøyan')]"
utility_to_osm - WARNING - ssr:stedsnr = 134068 has multiple (2) positions, using the first one!
utility_to_osm - WARNING - ssr:stedsnr = 134203: No priority spelling found for lang = no, using alt_name to get "[('no', 'Røssvika')]"
utility_to_osm - WARNING - ssr:stedsnr = 134164: No priority spelling found for lang = no, using alt_name to get "[('no', 'Risholmen')]"
utility_to_osm - WARNING - ssr:stedsnr = 134164 has multiple (4) positions, using the first one!
utility_to_osm - WARNING - ssr:stedsnr = 134168 has multiple (4) positions, using the first one!
utility_to_osm - WARNING - ssr:stedsnr = 134174: No priority spelling found for lang = no, using alt_name to get "[('no', 'Storholmen')]"
utility_to_osm - WARNING - ssr:stedsnr = 134174 has multiple (4) positions, using the first one!
utility_to_osm - WARNING - ssr:stedsnr = 134367 has multiple (3) positions, using the first one!
utility_to_osm - WARNING - ssr:stedsnr = 134514: No priority spelling found for lang = no, using alt_name to get "[('no', 'Jøsnøya')]"
utility_to_osm - WARNING - ssr:stedsnr = 134514 has multiple (8) positions, using the first one!
utility_to_osm - WARNING - ssr:stedsnr = 134517 has multiple (4) positions, using the first one!
utility_to_osm - WARNING - ssr:stedsnr = 134605 has multiple (4) positions, using the first one!
utility_to_osm - WARNING - ssr:stedsnr = 134608 has multiple (3) positions, using the first one!
utility_to_osm - WARNING - ssr:stedsnr = 134610 has multiple (3) positions, using the first one!
utility_to_osm - WARNING - ssr:stedsnr = 134615 has multiple (3) positions, using the first one!
utility_to_osm - WARNING - ssr:stedsnr = 134702 has multiple (3) positions, using the first one!
utility_to_osm - WARNING - ssr:stedsnr = 134903 has multiple (3) positions, using the first one!
utility_to_osm - WARNING - ssr:stedsnr = 134905 has multiple (3) positions, using the first one!
utility_to_osm - WARNING - ssr:stedsnr = 134914 has multiple (3) positions, using the first one!
utility_to_osm - WARNING - ssr:stedsnr = 134920 has multiple (2) positions, using the first one!
utility_to_osm - WARNING - ssr:stedsnr = 134922 has multiple (3) positions, using the first one!
utility_to_osm - WARNING - ssr:stedsnr = 134955 has multiple (4) positions, using the first one!
utility_to_osm - WARNING - ssr:stedsnr = 134959: No priority spelling found for lang = no, using alt_name to get "[('no', 'Hjertøya')]"
utility_to_osm - WARNING - ssr:stedsnr = 134959 has multiple (7) positions, using the first one!
utility_to_osm - WARNING - ssr:stedsnr = 134962 has multiple (3) positions, using the first one!
utility_to_osm - WARNING - ssr:stedsnr = 255089 has multiple (2) positions, using the first one!
utility_to_osm - WARNING - ssr:stedsnr = 255091 has multiple (2) positions, using the first one!
utility_to_osm - WARNING - ssr:stedsnr = 255055 has multiple (4) positions, using the first one!
utility_to_osm - WARNING - ssr:stedsnr = 255124: No priority spelling found for lang = no, using alt_name to get "[('no', 'Dyrvikholman')]"
utility_to_osm - WARNING - ssr:stedsnr = 255124 has multiple (2) positions, using the first one!
utility_to_osm - WARNING - ssr:stedsnr = 255131 has multiple (2) positions, using the first one!
utility_to_osm - WARNING - ssr:stedsnr = 255140 has multiple (4) positions, using the first one!
utility_to_osm - WARNING - ssr:stedsnr = 255141 has multiple (2) positions, using the first one!
utility_to_osm - WARNING - ssr:stedsnr = 255353 has multiple (3) positions, using the first one!
utility_to_osm - WARNING - ssr:stedsnr = 255355 has multiple (3) positions, using the first one!
utility_to_osm - WARNING - ssr:stedsnr = 255394 has multiple (5) positions, using the first one!
utility_to_osm - WARNING - ssr:stedsnr = 255488 has multiple (4) positions, using the first one!
utility_to_osm - WARNING - ssr:stedsnr = 255490 has multiple (4) positions, using the first one!
utility_to_osm - WARNING - ssr:stedsnr = 255494 has multiple (4) positions, using the first one!
utility_to_osm - WARNING - ssr:stedsnr = 255432 has multiple (4) positions, using the first one!
utility_to_osm - WARNING - ssr:stedsnr = 255435 has multiple (6) positions, using the first one!
utility_to_osm - WARNING - ssr:stedsnr = 255439: No priority spelling found for lang = no, using alt_name to get "[('no', 'Hemnskjela')]"
utility_to_osm - WARNING - ssr:stedsnr = 255586: No priority spelling found for lang = no, using alt_name to get "[('no', 'Grefsnes')]"
utility_to_osm - WARNING - ssr:stedsnr = 255598 has multiple (3) positions, using the first one!
utility_to_osm - WARNING - ssr:stedsnr = 255633: No priority spelling found for lang = no, using alt_name to get "[('no', 'Skjellandet')]"
utility_to_osm - WARNING - ssr:stedsnr = 255633 has multiple (4) positions, using the first one!
utility_to_osm - WARNING - ssr:stedsnr = 255634 has multiple (3) positions, using the first one!
utility_to_osm - WARNING - ssr:stedsnr = 255641 has multiple (5) positions, using the first one!
utility_to_osm - WARNING - ssr:stedsnr = 255931: No priority spelling found for lang = no, using alt_name to get "[('no', 'Grønnøya')]"
utility_to_osm - WARNING - ssr:stedsnr = 255931 has multiple (4) positions, using the first one!
utility_to_osm - WARNING - ssr:stedsnr = 255937 has multiple (3) positions, using the first one!
utility_to_osm - WARNING - ssr:stedsnr = 255938 has multiple (4) positions, using the first one!
utility_to_osm - WARNING - ssr:stedsnr = 255942: No priority spelling found for lang = no, using alt_name to get "[('no', 'Lyngbrattholmen')]"
utility_to_osm - WARNING - ssr:stedsnr = 255942 has multiple (6) positions, using the first one!
utility_to_osm - WARNING - ssr:stedsnr = 255947 has multiple (4) positions, using the first one!
utility_to_osm - WARNING - ssr:stedsnr = 255985 has multiple (6) positions, using the first one!
utility_to_osm - WARNING - ssr:stedsnr = 255996 has multiple (3) positions, using the first one!
utility_to_osm - WARNING - ssr:stedsnr = 256045 has multiple (2) positions, using the first one!
utility_to_osm - WARNING - ssr:stedsnr = 256158: No priority spelling found for lang = no, using alt_name to get "[('no', 'Vingskottet')]"
utility_to_osm - WARNING - ssr:stedsnr = 256158 has multiple (3) positions, using the first one!
utility_to_osm - WARNING - ssr:stedsnr = 256313 has multiple (4) positions, using the first one!
utility_to_osm - WARNING - ssr:stedsnr = 256379 has multiple (4) positions, using the first one!
utility_to_osm - WARNING - ssr:stedsnr = 256424 has multiple (4) positions, using the first one!
utility_to_osm - WARNING - ssr:stedsnr = 256316 has multiple (3) positions, using the first one!
utility_to_osm - WARNING - ssr:stedsnr = 256317 has multiple (3) positions, using the first one!
utility_to_osm - WARNING - ssr:stedsnr = 256335 has multiple (4) positions, using the first one!
utility_to_osm - WARNING - ssr:stedsnr = 151006 has multiple (2) positions, using the first one!
utility_to_osm - WARNING - ssr:stedsnr = 256351 has multiple (3) positions, using the first one!
utility_to_osm - ERROR - ssr:stedsnr = 151156: Adding multiple names to name tag, this is not OK! name = "Litle Svartoksen;Sandskjæret"
utility_to_osm - WARNING - ssr:stedsnr = 256512 has multiple (3) positions, using the first one!
utility_to_osm - WARNING - ssr:stedsnr = 256492 has multiple (4) positions, using the first one!
utility_to_osm - WARNING - ssr:stedsnr = 256499 has multiple (3) positions, using the first one!
utility_to_osm - WARNING - ssr:stedsnr = 256525 has multiple (4) positions, using the first one!
utility_to_osm - WARNING - ssr:stedsnr = 256537: No priority spelling found for lang = no, using alt_name to get "[('no', 'Blåskykskjæret')]"
utility_to_osm - WARNING - ssr:stedsnr = 151671 has multiple (2) positions, using the first one!
utility_to_osm - WARNING - ssr:stedsnr = 256556 has multiple (4) positions, using the first one!
utility_to_osm - WARNING - ssr:stedsnr = 256589 has multiple (3) positions, using the first one!
utility_to_osm - WARNING - ssr:stedsnr = 256647 has multiple (4) positions, using the first one!
utility_to_osm - WARNING - ssr:stedsnr = 256844 has multiple (3) positions, using the first one!
utility_to_osm - WARNING - ssr:stedsnr = 256850: No priority spelling found for lang = no, using alt_name to get "[('no', 'Teistskjæra')]"
utility_to_osm - WARNING - ssr:stedsnr = 256850 has multiple (3) positions, using the first one!
utility_to_osm - WARNING - ssr:stedsnr = 154326: No priority spelling found for lang = no, using alt_name to get "[('no', 'Sørvågen')]"
utility_to_osm - WARNING - ssr:stedsnr = 154326 has multiple (3) positions, using the first one!
utility_to_osm - WARNING - ssr:stedsnr = 256897 has multiple (3) positions, using the first one!
utility_to_osm - WARNING - ssr:stedsnr = 256928 has multiple (3) positions, using the first one!
utility_to_osm - WARNING - ssr:stedsnr = 256929 has multiple (5) positions, using the first one!
utility_to_osm - WARNING - ssr:stedsnr = 256938 has multiple (4) positions, using the first one!
utility_to_osm - WARNING - ssr:stedsnr = 256949 has multiple (3) positions, using the first one!
utility_to_osm - WARNING - ssr:stedsnr = 157321: No priority spelling found for lang = no, using alt_name to get "[('no', 'Sandbuskjæret')]"
utility_to_osm - WARNING - ssr:stedsnr = 157657: No priority spelling found for lang = no, using alt_name to get "[('no', 'Bukkøysundet')]"
utility_to_osm - WARNING - ssr:stedsnr = 157353: No priority spelling found for lang = no, using alt_name to get "[('no', 'Storballen')]"
utility_to_osm - WARNING - ssr:stedsnr = 157359: No priority spelling found for lang = no, using alt_name to get "[('no', 'Skjettataran')]"
utility_to_osm - WARNING - ssr:stedsnr = 195336 has multiple (3) positions, using the first one!
utility_to_osm - WARNING - ssr:stedsnr = 195344 has multiple (3) positions, using the first one!
utility_to_osm - WARNING - ssr:stedsnr = 195349 has multiple (5) positions, using the first one!
utility_to_osm - WARNING - ssr:stedsnr = 195355 has multiple (4) positions, using the first one!
utility_to_osm - WARNING - ssr:stedsnr = 195361 has multiple (3) positions, using the first one!
utility_to_osm - WARNING - ssr:stedsnr = 195364 has multiple (4) positions, using the first one!
utility_to_osm - WARNING - ssr:stedsnr = 195375 has multiple (4) positions, using the first one!
utility_to_osm - WARNING - ssr:stedsnr = 195502 has multiple (4) positions, using the first one!
utility_to_osm - WARNING - ssr:stedsnr = 195504 has multiple (4) positions, using the first one!
utility_to_osm - WARNING - ssr:stedsnr = 195528 has multiple (2) positions, using the first one!
utility_to_osm - WARNING - ssr:stedsnr = 195435 has multiple (3) positions, using the first one!
utility_to_osm - WARNING - ssr:stedsnr = 195478 has multiple (2) positions, using the first one!
utility_to_osm - ERROR - ssr:stedsnr = 195486: Adding multiple names to name tag, this is not OK! name = "Kroktjørna;Ytre Raudsandtjørna"
utility_to_osm - WARNING - ssr:stedsnr = 195605 has multiple (3) positions, using the first one!
utility_to_osm - WARNING - ssr:stedsnr = 195631 has multiple (3) positions, using the first one!
utility_to_osm - WARNING - ssr:stedsnr = 195883 has multiple (4) positions, using the first one!
utility_to_osm - WARNING - ssr:stedsnr = 195902 has multiple (4) positions, using the first one!
utility_to_osm - WARNING - ssr:stedsnr = 195906 has multiple (4) positions, using the first one!
utility_to_osm - WARNING - ssr:stedsnr = 195910 has multiple (3) positions, using the first one!
utility_to_osm - WARNING - ssr:stedsnr = 212031 has multiple (2) positions, using the first one!
utility_to_osm - WARNING - ssr:stedsnr = 212329 has multiple (2) positions, using the first one!
utility_to_osm - WARNING - ssr:stedsnr = 213110 has multiple (2) positions, using the first one!
utility_to_osm - WARNING - ssr:stedsnr = 218385: No priority spelling found for lang = no, using alt_name to get "[('no', 'Krakaskjæret')]"
utility_to_osm - WARNING - ssr:stedsnr = 218386: No priority spelling found for lang = no, using alt_name to get "[('no', 'Stampen')]"
utility_to_osm - WARNING - ssr:stedsnr = 228890 has multiple (2) positions, using the first one!
utility_to_osm - WARNING - ssr:stedsnr = 455038 has multiple (2) positions, using the first one!
utility_to_osm - WARNING - ssr:stedsnr = 455052: No priority spelling found for lang = no, using alt_name to get "[('no', 'Tjønnøyholmskjæra')]"
utility_to_osm - WARNING - ssr:stedsnr = 455601 has multiple (2) positions, using the first one!
utility_to_osm - WARNING - ssr:stedsnr = 455385 has multiple (2) positions, using the first one!
utility_to_osm - WARNING - ssr:stedsnr = 455656: No priority spelling found for lang = no, using alt_name to get "[('no', 'Hakkbuan')]"
utility_to_osm - WARNING - ssr:stedsnr = 254007: No priority spelling found for lang = no, using alt_name to get "[('no', 'Blåbærvika')]"
utility_to_osm - WARNING - ssr:stedsnr = 254007 has multiple (2) positions, using the first one!
utility_to_osm - WARNING - ssr:stedsnr = 455935: No priority spelling found for lang = no, using alt_name to get "[('no', 'Inner Tjønnøya')]"
utility_to_osm - WARNING - ssr:stedsnr = 255076 has multiple (2) positions, using the first one!
utility_to_osm - WARNING - ssr:stedsnr = 255304 has multiple (4) positions, using the first one!
utility_to_osm - WARNING - ssr:stedsnr = 255305 has multiple (3) positions, using the first one!
utility_to_osm - WARNING - ssr:stedsnr = 255312 has multiple (3) positions, using the first one!
utility_to_osm - WARNING - ssr:stedsnr = 255265 has multiple (5) positions, using the first one!
utility_to_osm - WARNING - ssr:stedsnr = 255471 has multiple (2) positions, using the first one!
utility_to_osm - WARNING - ssr:stedsnr = 255476 has multiple (2) positions, using the first one!
utility_to_osm - WARNING - ssr:stedsnr = 255479 has multiple (2) positions, using the first one!
utility_to_osm - WARNING - ssr:stedsnr = 255704 has multiple (2) positions, using the first one!
utility_to_osm - WARNING - ssr:stedsnr = 256005 has multiple (3) positions, using the first one!
utility_to_osm - WARNING - ssr:stedsnr = 256163: No priority spelling found for lang = no, using alt_name to get "[('no', 'Raudhammarfjellet')]"
utility_to_osm - WARNING - ssr:stedsnr = 256163 has multiple (3) positions, using the first one!
utility_to_osm - WARNING - ssr:stedsnr = 256171 has multiple (5) positions, using the first one!
utility_to_osm - WARNING - ssr:stedsnr = 256303 has multiple (4) positions, using the first one!
utility_to_osm - WARNING - ssr:stedsnr = 256371 has multiple (2) positions, using the first one!
utility_to_osm - WARNING - ssr:stedsnr = 256471 has multiple (3) positions, using the first one!
utility_to_osm - WARNING - ssr:stedsnr = 256474 has multiple (3) positions, using the first one!
utility_to_osm - WARNING - ssr:stedsnr = 256622 has multiple (5) positions, using the first one!
utility_to_osm - WARNING - ssr:stedsnr = 256572 has multiple (4) positions, using the first one!
utility_to_osm - WARNING - ssr:stedsnr = 256576 has multiple (3) positions, using the first one!
utility_to_osm - WARNING - ssr:stedsnr = 256865 has multiple (4) positions, using the first one!
utility_to_osm - WARNING - ssr:stedsnr = 256955 has multiple (4) positions, using the first one!
utility_to_osm - WARNING - ssr:stedsnr = 271311 has multiple (2) positions, using the first one!
utility_to_osm - WARNING - ssr:stedsnr = 272210 has multiple (2) positions, using the first one!
utility_to_osm - WARNING - ssr:stedsnr = 272783: No priority spelling found for lang = no, using alt_name to get "[('no', 'Bøstingkammen')]"
utility_to_osm - WARNING - ssr:stedsnr = 274415 has multiple (2) positions, using the first one!
utility_to_osm - WARNING - ssr:stedsnr = 278279: No priority spelling found for lang = no, using alt_name to get "[('no', 'Kuøytåa')]"
utility_to_osm - WARNING - ssr:stedsnr = 278673: No priority spelling found for lang = no, using alt_name to get "[('no', 'Dalamyra')]"
utility_to_osm - WARNING - ssr:stedsnr = 279287: No priority spelling found for lang = no, using alt_name to get "[('no', 'Navarhaugen')]"
utility_to_osm - WARNING - ssr:stedsnr = 279368: No priority spelling found for lang = no, using alt_name to get "[('no', 'Springhoppfallet')]"
utility_to_osm - WARNING - ssr:stedsnr = 279383: No priority spelling found for lang = no, using alt_name to get "[('no', 'Litlleia')]"
utility_to_osm - WARNING - ssr:stedsnr = 461344: No priority spelling found for lang = no, using alt_name to get "[('no', 'Tibreddskjæret')]"
utility_to_osm - WARNING - ssr:stedsnr = 461348: No priority spelling found for lang = no, using alt_name to get "[('no', 'Austre Ursværet')]"
utility_to_osm - WARNING - ssr:stedsnr = 461353: No priority spelling found for lang = no, using alt_name to get "[('no', 'Tausetvalan')]"
utility_to_osm - WARNING - ssr:stedsnr = 461363: No priority spelling found for lang = no, using alt_name to get "[('no', 'Klubbholmleia')]"
utility_to_osm - ERROR - ssr:stedsnr = 288817: Adding multiple names to name tag, this is not OK! name = "Fillholmen;Storholmen"
utility_to_osm - ERROR - ssr:stedsnr = 302782. No positions found, skipping
utility_to_osm - WARNING - ssr:stedsnr = 315002 has multiple (2) positions, using the first one!
utility_to_osm - WARNING - ssr:stedsnr = 315026 has multiple (3) positions, using the first one!
utility_to_osm - WARNING - ssr:stedsnr = 315898 has multiple (4) positions, using the first one!
utility_to_osm - WARNING - ssr:stedsnr = 316056 has multiple (2) positions, using the first one!
utility_to_osm - WARNING - ssr:stedsnr = 316061: No priority spelling found for lang = no, using alt_name to get "[('no', 'Grønnholmen')]"
utility_to_osm - WARNING - ssr:stedsnr = 316061 has multiple (2) positions, using the first one!
utility_to_osm - WARNING - ssr:stedsnr = 316063 has multiple (2) positions, using the first one!
utility_to_osm - WARNING - ssr:stedsnr = 316102: No priority spelling found for lang = no, using alt_name to get "[('no', 'Kongensbergaksla')]"
utility_to_osm - WARNING - ssr:stedsnr = 316102 has multiple (2) positions, using the first one!
utility_to_osm - WARNING - ssr:stedsnr = 316199: No priority spelling found for lang = no, using alt_name to get "[('no', 'Nesaholmen')]"
utility_to_osm - WARNING - ssr:stedsnr = 316199 has multiple (4) positions, using the first one!
utility_to_osm - WARNING - ssr:stedsnr = 316504 has multiple (3) positions, using the first one!
utility_to_osm - WARNING - ssr:stedsnr = 316507 has multiple (5) positions, using the first one!
utility_to_osm - WARNING - ssr:stedsnr = 316512 has multiple (4) positions, using the first one!
utility_to_osm - WARNING - ssr:stedsnr = 316520 has multiple (4) positions, using the first one!
utility_to_osm - WARNING - ssr:stedsnr = 316497 has multiple (3) positions, using the first one!
utility_to_osm - WARNING - ssr:stedsnr = 316602 has multiple (4) positions, using the first one!
utility_to_osm - WARNING - ssr:stedsnr = 316649 has multiple (4) positions, using the first one!
utility_to_osm - WARNING - ssr:stedsnr = 316700 has multiple (4) positions, using the first one!
utility_to_osm - WARNING - ssr:stedsnr = 316549 has multiple (4) positions, using the first one!
utility_to_osm - WARNING - ssr:stedsnr = 316723 has multiple (2) positions, using the first one!
utility_to_osm - WARNING - ssr:stedsnr = 316724 has multiple (4) positions, using the first one!
utility_to_osm - WARNING - ssr:stedsnr = 316725 has multiple (4) positions, using the first one!
utility_to_osm - WARNING - ssr:stedsnr = 317415 has multiple (4) positions, using the first one!
utility_to_osm - WARNING - ssr:stedsnr = 317918 has multiple (4) positions, using the first one!
utility_to_osm - WARNING - ssr:stedsnr = 317921 has multiple (3) positions, using the first one!
utility_to_osm - WARNING - ssr:stedsnr = 317924 has multiple (3) positions, using the first one!
utility_to_osm - WARNING - ssr:stedsnr = 333947 has multiple (2) positions, using the first one!
utility_to_osm - WARNING - ssr:stedsnr = 339302: No priority spelling found for lang = no, using alt_name to get "[('no', 'Skinkberga')]"
utility_to_osm - WARNING - ssr:stedsnr = 339355: No priority spelling found for lang = no, using alt_name to get "[('no', 'Karifloa')]"
utility_to_osm - WARNING - ssr:stedsnr = 339643: No priority spelling found for lang = no, using alt_name to get "[('no', 'Austre Monsøysvaet')]"
utility_to_osm - ERROR - ssr:stedsnr = 363211. No positions found, skipping
utility_to_osm - ERROR - ssr:stedsnr = 363755. No positions found, skipping
utility_to_osm - WARNING - ssr:stedsnr = 376002: No priority spelling found for lang = no, using alt_name to get "[('no', 'Seteråsen')]"
utility_to_osm - WARNING - ssr:stedsnr = 376006 has multiple (2) positions, using the first one!
utility_to_osm - WARNING - ssr:stedsnr = 376083 has multiple (2) positions, using the first one!
utility_to_osm - WARNING - ssr:stedsnr = 376279 has multiple (3) positions, using the first one!
utility_to_osm - WARNING - ssr:stedsnr = 376282 has multiple (3) positions, using the first one!
utility_to_osm - WARNING - ssr:stedsnr = 376478 has multiple (4) positions, using the first one!
utility_to_osm - WARNING - ssr:stedsnr = 393214 has multiple (2) positions, using the first one!
utility_to_osm - ERROR - ssr:stedsnr = 397229: Adding multiple names to name tag, this is not OK! name = "Skrubbøyholmen;Skrubbøyskjæret"
utility_to_osm - WARNING - ssr:stedsnr = 484730: No priority spelling found for lang = no, using alt_name to get "[('no', 'Vikstrøm')]"
utility_to_osm - ERROR - ssr:stedsnr = 484783. No positions found, skipping
utility_to_osm - ERROR - ssr:stedsnr = 484788. No positions found, skipping
utility_to_osm - WARNING - ssr:stedsnr = 400380: No priority spelling found for lang = no, using alt_name to get "[('no', 'Kjerringa')]"
utility_to_osm - WARNING - ssr:stedsnr = 400387: No priority spelling found for lang = no, using alt_name to get "[('no', 'Kalsbugen')]"
utility_to_osm - WARNING - ssr:stedsnr = 424707: No priority spelling found for lang = no, using alt_name to get "[('no', 'Vikstrøm')]"
utility_to_osm - WARNING - ssr:stedsnr = 424714: No priority spelling found for lang = no, using alt_name to get "[('no', 'Vikstrøm'), ('no', 'Kvernhusvika')]"
utility_to_osm - ERROR - ssr:stedsnr = 424714: Adding multiple names to name tag, this is not OK! name = "Vikstrøm;Kvernhusvika"
utility_to_osm - WARNING - ssr:stedsnr = 425000: No priority spelling found for lang = no, using alt_name to get "[('no', 'Valslagveien')]"
utility_to_osm - ERROR - ssr:stedsnr = 425000. No positions found, skipping
utility_to_osm - WARNING - ssr:stedsnr = 437118: No priority spelling found for lang = no, using alt_name to get "[('no', 'Langskjæret')]"
utility_to_osm - WARNING - ssr:stedsnr = 437118 has multiple (2) positions, using the first one!
utility_to_osm - WARNING - ssr:stedsnr = 437120 has multiple (2) positions, using the first one!
utility_to_osm - WARNING - ssr:stedsnr = 437152 has multiple (2) positions, using the first one!
utility_to_osm - WARNING - ssr:stedsnr = 437467 has multiple (4) positions, using the first one!
utility_to_osm - WARNING - ssr:stedsnr = 438378 has multiple (4) positions, using the first one!
utility_to_osm - WARNING - ssr:stedsnr = 438303 has multiple (5) positions, using the first one!
utility_to_osm - WARNING - ssr:stedsnr = 438386 has multiple (2) positions, using the first one!
utility_to_osm - WARNING - ssr:stedsnr = 438414 has multiple (4) positions, using the first one!
utility_to_osm - WARNING - ssr:stedsnr = 438480 has multiple (2) positions, using the first one!
utility_to_osm - WARNING - ssr:stedsnr = 438482 has multiple (3) positions, using the first one!
utility_to_osm - WARNING - ssr:stedsnr = 438499 has multiple (3) positions, using the first one!
utility_to_osm - WARNING - ssr:stedsnr = 438501 has multiple (3) positions, using the first one!
utility_to_osm - WARNING - ssr:stedsnr = 438606 has multiple (4) positions, using the first one!
utility_to_osm - WARNING - ssr:stedsnr = 438399 has multiple (4) positions, using the first one!
utility_to_osm - WARNING - ssr:stedsnr = 438564 has multiple (3) positions, using the first one!
utility_to_osm - WARNING - ssr:stedsnr = 438902: No priority spelling found for lang = no, using alt_name to get "[('no', 'Arasholmen')]"
utility_to_osm - WARNING - ssr:stedsnr = 438946 has multiple (9) positions, using the first one!
utility_to_osm - WARNING - ssr:stedsnr = 438951 has multiple (3) positions, using the first one!
utility_to_osm - WARNING - ssr:stedsnr = 438954 has multiple (5) positions, using the first one!
utility_to_osm - WARNING - ssr:stedsnr = 438955 has multiple (3) positions, using the first one!
utility_to_osm - WARNING - ssr:stedsnr = 438956 has multiple (3) positions, using the first one!
utility_to_osm - WARNING - ssr:stedsnr = 452662 has multiple (2) positions, using the first one!
utility_to_osm - WARNING - ssr:stedsnr = 461262: No priority spelling found for lang = no, using alt_name to get "[('no', 'Skarvskjærklumpen')]"
utility_to_osm - WARNING - ssr:stedsnr = 675570: No priority spelling found for lang = no, using alt_name to get "[('no', 'Røssvikneset')]"
utility_to_osm - WARNING - ssr:stedsnr = 272248 has multiple (4) positions, using the first one!
utility_to_osm - WARNING - ssr:stedsnr = 679006: No priority spelling found for lang = no, using alt_name to get "[('no', 'Seterlitjørna')]"
utility_to_osm - WARNING - ssr:stedsnr = 679027: No priority spelling found for lang = no, using alt_name to get "[('no', 'Bergulvatnet')]"
utility_to_osm - WARNING - ssr:stedsnr = 679027 has multiple (2) positions, using the first one!
utility_to_osm - WARNING - ssr:stedsnr = 679040 has multiple (2) positions, using the first one!
utility_to_osm - ERROR - ssr:stedsnr = 484212. No positions found, skipping
utility_to_osm - WARNING - ssr:stedsnr = 484217: No priority spelling found for lang = no, using alt_name to get "[('no', 'Øvre Hemnskjelvei')]"
utility_to_osm - ERROR - ssr:stedsnr = 484217. No positions found, skipping
utility_to_osm - WARNING - ssr:stedsnr = 679415: No priority spelling found for lang = no, using alt_name to get "[('no', 'Sundfjellet')]"
utility_to_osm - WARNING - ssr:stedsnr = 679415 has multiple (3) positions, using the first one!
utility_to_osm - WARNING - ssr:stedsnr = 679961 has multiple (4) positions, using the first one!
utility_to_osm - WARNING - ssr:stedsnr = 680126: No priority spelling found for lang = no, using alt_name to get "[('no', 'Grønnholmen')]"
utility_to_osm - WARNING - ssr:stedsnr = 680133 has multiple (2) positions, using the first one!
utility_to_osm - WARNING - ssr:stedsnr = 680079 has multiple (2) positions, using the first one!
utility_to_osm - WARNING - ssr:stedsnr = 680161 has multiple (4) positions, using the first one!
utility_to_osm - WARNING - ssr:stedsnr = 680172 has multiple (3) positions, using the first one!
utility_to_osm - WARNING - ssr:stedsnr = 680182: No priority spelling found for lang = no, using alt_name to get "[('no', 'Gullbrandsvika'), ('no', 'Viken')]"
utility_to_osm - ERROR - ssr:stedsnr = 680182: Adding multiple names to name tag, this is not OK! name = "Gullbrandsvika;Viken"
utility_to_osm - WARNING - ssr:stedsnr = 680185 has multiple (4) positions, using the first one!
utility_to_osm - WARNING - ssr:stedsnr = 680278 has multiple (4) positions, using the first one!
utility_to_osm - WARNING - ssr:stedsnr = 680279 has multiple (4) positions, using the first one!
utility_to_osm - WARNING - ssr:stedsnr = 680286 has multiple (4) positions, using the first one!
utility_to_osm - WARNING - ssr:stedsnr = 680327 has multiple (3) positions, using the first one!
utility_to_osm - WARNING - ssr:stedsnr = 680370 has multiple (4) positions, using the first one!
utility_to_osm - WARNING - ssr:stedsnr = 680371 has multiple (4) positions, using the first one!
utility_to_osm - WARNING - ssr:stedsnr = 680372 has multiple (4) positions, using the first one!
utility_to_osm - WARNING - ssr:stedsnr = 680374 has multiple (4) positions, using the first one!
utility_to_osm - WARNING - ssr:stedsnr = 680386 has multiple (5) positions, using the first one!
utility_to_osm - WARNING - ssr:stedsnr = 680393 has multiple (4) positions, using the first one!
utility_to_osm - WARNING - ssr:stedsnr = 680399 has multiple (2) positions, using the first one!
utility_to_osm - WARNING - ssr:stedsnr = 680352 has multiple (4) positions, using the first one!
utility_to_osm - ERROR - ssr:stedsnr = 680473: Adding multiple names to name tag, this is not OK! name = "Nesaholmen;Purkholmen"
utility_to_osm - WARNING - ssr:stedsnr = 680473 has multiple (4) positions, using the first one!
utility_to_osm - WARNING - ssr:stedsnr = 680482 has multiple (3) positions, using the first one!
utility_to_osm - WARNING - ssr:stedsnr = 680449 has multiple (3) positions, using the first one!
utility_to_osm - WARNING - ssr:stedsnr = 680491 has multiple (4) positions, using the first one!
utility_to_osm - WARNING - ssr:stedsnr = 680492 has multiple (4) positions, using the first one!
utility_to_osm - WARNING - ssr:stedsnr = 680495 has multiple (6) positions, using the first one!
utility_to_osm - WARNING - ssr:stedsnr = 680502 has multiple (5) positions, using the first one!
utility_to_osm - WARNING - ssr:stedsnr = 680559 has multiple (4) positions, using the first one!
utility_to_osm - WARNING - ssr:stedsnr = 680582 has multiple (3) positions, using the first one!
utility_to_osm - WARNING - ssr:stedsnr = 680602 has multiple (3) positions, using the first one!
utility_to_osm - WARNING - ssr:stedsnr = 680637 has multiple (3) positions, using the first one!
utility_to_osm - WARNING - ssr:stedsnr = 680638 has multiple (3) positions, using the first one!
utility_to_osm - WARNING - ssr:stedsnr = 680544 has multiple (2) positions, using the first one!
utility_to_osm - WARNING - ssr:stedsnr = 680557 has multiple (4) positions, using the first one!
utility_to_osm - WARNING - ssr:stedsnr = 681315 has multiple (4) positions, using the first one!
utility_to_osm - WARNING - ssr:stedsnr = 680982 has multiple (3) positions, using the first one!
utility_to_osm - WARNING - ssr:stedsnr = 680909 has multiple (3) positions, using the first one!
utility_to_osm - WARNING - ssr:stedsnr = 680912 has multiple (4) positions, using the first one!
utility_to_osm - WARNING - ssr:stedsnr = 680919 has multiple (4) positions, using the first one!
utility_to_osm - WARNING - ssr:stedsnr = 680920 has multiple (5) positions, using the first one!
utility_to_osm - WARNING - ssr:stedsnr = 680921 has multiple (3) positions, using the first one!
utility_to_osm - WARNING - ssr:stedsnr = 680936: No priority spelling found for lang = no, using alt_name to get "[('no', 'Brannøyskjæret')]"
utility_to_osm - WARNING - ssr:stedsnr = 680936 has multiple (3) positions, using the first one!
utility_to_osm - WARNING - ssr:stedsnr = 680945 has multiple (4) positions, using the first one!
utility_to_osm - WARNING - ssr:stedsnr = 680955 has multiple (4) positions, using the first one!
utility_to_osm - WARNING - ssr:stedsnr = 680988 has multiple (3) positions, using the first one!
utility_to_osm - WARNING - ssr:stedsnr = 497002: No priority spelling found for lang = no, using alt_name to get "[('no', 'Rørtjørnvatnet')]"
utility_to_osm - WARNING - ssr:stedsnr = 497109: No priority spelling found for lang = no, using alt_name to get "[('no', 'Litlbrattåa')]"
utility_to_osm - WARNING - ssr:stedsnr = 497109 has multiple (2) positions, using the first one!
utility_to_osm - WARNING - ssr:stedsnr = 498007 has multiple (3) positions, using the first one!
utility_to_osm - WARNING - ssr:stedsnr = 497947 has multiple (12) positions, using the first one!
utility_to_osm - WARNING - ssr:stedsnr = 498107 has multiple (2) positions, using the first one!
utility_to_osm - WARNING - ssr:stedsnr = 498113: No priority spelling found for lang = no, using alt_name to get "[('no', 'Stortudalen')]"
utility_to_osm - WARNING - ssr:stedsnr = 498139 has multiple (2) positions, using the first one!
utility_to_osm - WARNING - ssr:stedsnr = 498347 has multiple (3) positions, using the first one!
utility_to_osm - WARNING - ssr:stedsnr = 498508 has multiple (4) positions, using the first one!
utility_to_osm - WARNING - ssr:stedsnr = 498515 has multiple (3) positions, using the first one!
utility_to_osm - WARNING - ssr:stedsnr = 498551 has multiple (2) positions, using the first one!
utility_to_osm - WARNING - ssr:stedsnr = 498556 has multiple (4) positions, using the first one!
utility_to_osm - WARNING - ssr:stedsnr = 498560 has multiple (4) positions, using the first one!
utility_to_osm - WARNING - ssr:stedsnr = 498489 has multiple (4) positions, using the first one!
utility_to_osm - WARNING - ssr:stedsnr = 498605 has multiple (3) positions, using the first one!
utility_to_osm - WARNING - ssr:stedsnr = 498669 has multiple (3) positions, using the first one!
utility_to_osm - WARNING - ssr:stedsnr = 498670 has multiple (3) positions, using the first one!
utility_to_osm - WARNING - ssr:stedsnr = 498673 has multiple (4) positions, using the first one!
utility_to_osm - WARNING - ssr:stedsnr = 498757 has multiple (4) positions, using the first one!
utility_to_osm - WARNING - ssr:stedsnr = 498904 has multiple (3) positions, using the first one!
utility_to_osm - WARNING - ssr:stedsnr = 498937 has multiple (3) positions, using the first one!
utility_to_osm - WARNING - ssr:stedsnr = 681296 has multiple (4) positions, using the first one!
utility_to_osm - WARNING - ssr:stedsnr = 498900 has multiple (4) positions, using the first one!
utility_to_osm - WARNING - ssr:stedsnr = 681352 has multiple (3) positions, using the first one!
utility_to_osm - WARNING - ssr:stedsnr = 499687 has multiple (5) positions, using the first one!
utility_to_osm - WARNING - ssr:stedsnr = 499910: No priority spelling found for lang = no, using alt_name to get "[('no', 'Storværsøyskjæret')]"
utility_to_osm - WARNING - ssr:stedsnr = 499910 has multiple (3) positions, using the first one!
utility_to_osm - WARNING - ssr:stedsnr = 681454 has multiple (3) positions, using the first one!
utility_to_osm - WARNING - ssr:stedsnr = 681529 has multiple (3) positions, using the first one!
utility_to_osm - WARNING - ssr:stedsnr = 681576 has multiple (3) positions, using the first one!
utility_to_osm - WARNING - ssr:stedsnr = 681597 has multiple (3) positions, using the first one!
utility_to_osm - WARNING - ssr:stedsnr = 681626 has multiple (3) positions, using the first one!
utility_to_osm - WARNING - ssr:stedsnr = 681627 has multiple (3) positions, using the first one!
utility_to_osm - WARNING - ssr:stedsnr = 681499 has multiple (4) positions, using the first one!
utility_to_osm - WARNING - ssr:stedsnr = 681649 has multiple (3) positions, using the first one!
utility_to_osm - WARNING - ssr:stedsnr = 516414 has multiple (3) positions, using the first one!
utility_to_osm - WARNING - ssr:stedsnr = 516877 has multiple (3) positions, using the first one!
utility_to_osm - WARNING - ssr:stedsnr = 521270: No priority spelling found for lang = no, using alt_name to get "[('no', 'Talerøyklubben')]"
utility_to_osm - WARNING - ssr:stedsnr = 521673: No priority spelling found for lang = no, using alt_name to get "[('no', 'Hundheia')]"
utility_to_osm - WARNING - ssr:stedsnr = 521675: No priority spelling found for lang = no, using alt_name to get "[('no', 'Sveltøysundet')]"
utility_to_osm - WARNING - ssr:stedsnr = 521679: No priority spelling found for lang = no, using alt_name to get "[('no', 'Lamøyskaget')]"
utility_to_osm - WARNING - ssr:stedsnr = 521680: No priority spelling found for lang = no, using alt_name to get "[('no', 'Tangskjæret')]"
utility_to_osm - WARNING - ssr:stedsnr = 522370: No priority spelling found for lang = no, using alt_name to get "[('no', 'Finnsbugen')]"
utility_to_osm - ERROR - ssr:stedsnr = 545885. No positions found, skipping
utility_to_osm - WARNING - ssr:stedsnr = 545774: No priority spelling found for lang = no, using alt_name to get "[('no', 'Fjellværsøyveien')]"
utility_to_osm - ERROR - ssr:stedsnr = 545774. No positions found, skipping
utility_to_osm - WARNING - ssr:stedsnr = 557020 has multiple (2) positions, using the first one!
utility_to_osm - WARNING - ssr:stedsnr = 558103: No priority spelling found for lang = no, using alt_name to get "[('no', 'Hernesstraumen')]"
utility_to_osm - WARNING - ssr:stedsnr = 558115: No priority spelling found for lang = no, using alt_name to get "[('no', 'Gåsholman')]"
utility_to_osm - WARNING - ssr:stedsnr = 558096: No priority spelling found for lang = no, using alt_name to get "[('no', 'Strauman')]"
utility_to_osm - WARNING - ssr:stedsnr = 558096 has multiple (2) positions, using the first one!
utility_to_osm - WARNING - ssr:stedsnr = 558312 has multiple (3) positions, using the first one!
utility_to_osm - WARNING - ssr:stedsnr = 558316 has multiple (5) positions, using the first one!
utility_to_osm - WARNING - ssr:stedsnr = 558345 has multiple (3) positions, using the first one!
utility_to_osm - WARNING - ssr:stedsnr = 558401 has multiple (2) positions, using the first one!
utility_to_osm - WARNING - ssr:stedsnr = 558506 has multiple (2) positions, using the first one!
utility_to_osm - WARNING - ssr:stedsnr = 558516 has multiple (6) positions, using the first one!
utility_to_osm - WARNING - ssr:stedsnr = 558407 has multiple (4) positions, using the first one!
utility_to_osm - WARNING - ssr:stedsnr = 558594 has multiple (4) positions, using the first one!
utility_to_osm - WARNING - ssr:stedsnr = 558597 has multiple (9) positions, using the first one!
utility_to_osm - WARNING - ssr:stedsnr = 558907 has multiple (2) positions, using the first one!
utility_to_osm - WARNING - ssr:stedsnr = 558909 has multiple (4) positions, using the first one!
utility_to_osm - WARNING - ssr:stedsnr = 558911 has multiple (6) positions, using the first one!
utility_to_osm - WARNING - ssr:stedsnr = 559043 has multiple (3) positions, using the first one!
utility_to_osm - WARNING - ssr:stedsnr = 558945: No priority spelling found for lang = no, using alt_name to get "[('no', 'Tosøya')]"
utility_to_osm - WARNING - ssr:stedsnr = 559387 has multiple (3) positions, using the first one!
utility_to_osm - WARNING - ssr:stedsnr = 559389 has multiple (4) positions, using the first one!
utility_to_osm - WARNING - ssr:stedsnr = 559390 has multiple (4) positions, using the first one!
utility_to_osm - WARNING - ssr:stedsnr = 559507 has multiple (3) positions, using the first one!
utility_to_osm - WARNING - ssr:stedsnr = 559510: No priority spelling found for lang = no, using alt_name to get "[('no', 'Gjøssøya')]"
utility_to_osm - WARNING - ssr:stedsnr = 559510 has multiple (6) positions, using the first one!
utility_to_osm - WARNING - ssr:stedsnr = 559545 has multiple (4) positions, using the first one!
utility_to_osm - WARNING - ssr:stedsnr = 559548 has multiple (5) positions, using the first one!
utility_to_osm - WARNING - ssr:stedsnr = 559406 has multiple (3) positions, using the first one!
utility_to_osm - WARNING - ssr:stedsnr = 559605 has multiple (4) positions, using the first one!
utility_to_osm - WARNING - ssr:stedsnr = 566520: No priority spelling found for lang = no, using alt_name to get "[('no', 'Hemnskjelbrua')]"
utility_to_osm - ERROR - ssr:stedsnr = 566520. No positions found, skipping
utility_to_osm - WARNING - ssr:stedsnr = 581289: No priority spelling found for lang = no, using alt_name to get "[('no', 'Jektvollen')]"
utility_to_osm - WARNING - ssr:stedsnr = 582403: No priority spelling found for lang = no, using alt_name to get "[('no', 'Arasholmdraget')]"
utility_to_osm - WARNING - ssr:stedsnr = 582404: No priority spelling found for lang = no, using alt_name to get "[('no', 'Storbukta')]"
utility_to_osm - WARNING - ssr:stedsnr = 582463: No priority spelling found for lang = no, using alt_name to get "[('no', 'Humpan')]"
utility_to_osm - WARNING - ssr:stedsnr = 582463 has multiple (2) positions, using the first one!
utility_to_osm - WARNING - ssr:stedsnr = 582465: No priority spelling found for lang = no, using alt_name to get "[('no', 'Ausa')]"
utility_to_osm - WARNING - ssr:stedsnr = 697055: No priority spelling found for lang = no, using alt_name to get "[('no', 'Grunnsundet')]"
utility_to_osm - ERROR - ssr:stedsnr = 697363. No positions found, skipping
utility_to_osm - WARNING - ssr:stedsnr = 697659: No priority spelling found for lang = no, using alt_name to get "[('no', 'Hakkbuskaget')]"
utility_to_osm - WARNING - ssr:stedsnr = 698354 has multiple (3) positions, using the first one!
utility_to_osm - WARNING - ssr:stedsnr = 698431 has multiple (2) positions, using the first one!
utility_to_osm - WARNING - ssr:stedsnr = 698589 has multiple (2) positions, using the first one!
utility_to_osm - WARNING - ssr:stedsnr = 605803: No priority spelling found for lang = no, using alt_name to get "[('no', 'Kjølsøyveien')]"
utility_to_osm - ERROR - ssr:stedsnr = 605803. No positions found, skipping
utility_to_osm - ERROR - ssr:stedsnr = 605813. No positions found, skipping
utility_to_osm - WARNING - ssr:stedsnr = 618883 has multiple (5) positions, using the first one!
utility_to_osm - WARNING - ssr:stedsnr = 619125: No priority spelling found for lang = no, using alt_name to get "[('no', 'Skarvskjæret')]"
utility_to_osm - WARNING - ssr:stedsnr = 619074 has multiple (2) positions, using the first one!
utility_to_osm - WARNING - ssr:stedsnr = 619079: No priority spelling found for lang = no, using alt_name to get "[('no', 'Setervatnet')]"
utility_to_osm - WARNING - ssr:stedsnr = 619295 has multiple (3) positions, using the first one!
utility_to_osm - WARNING - ssr:stedsnr = 619408 has multiple (2) positions, using the first one!
utility_to_osm - WARNING - ssr:stedsnr = 619315 has multiple (4) positions, using the first one!
utility_to_osm - WARNING - ssr:stedsnr = 619323 has multiple (3) positions, using the first one!
utility_to_osm - WARNING - ssr:stedsnr = 619325 has multiple (3) positions, using the first one!
utility_to_osm - WARNING - ssr:stedsnr = 619330 has multiple (3) positions, using the first one!
utility_to_osm - WARNING - ssr:stedsnr = 619391 has multiple (5) positions, using the first one!
utility_to_osm - ERROR - ssr:stedsnr = 619502: Adding multiple names to name tag, this is not OK! name = "Kvernaskjæret;Storkvernskjæret"
utility_to_osm - WARNING - ssr:stedsnr = 619503 has multiple (4) positions, using the first one!
utility_to_osm - WARNING - ssr:stedsnr = 619509 has multiple (4) positions, using the first one!
utility_to_osm - WARNING - ssr:stedsnr = 619510 has multiple (4) positions, using the first one!
utility_to_osm - WARNING - ssr:stedsnr = 619602 has multiple (4) positions, using the first one!
utility_to_osm - WARNING - ssr:stedsnr = 619612 has multiple (3) positions, using the first one!
utility_to_osm - WARNING - ssr:stedsnr = 619570 has multiple (4) positions, using the first one!
utility_to_osm - WARNING - ssr:stedsnr = 619575 has multiple (3) positions, using the first one!
utility_to_osm - WARNING - ssr:stedsnr = 619576 has multiple (3) positions, using the first one!
utility_to_osm - WARNING - ssr:stedsnr = 619577 has multiple (3) positions, using the first one!
utility_to_osm - WARNING - ssr:stedsnr = 619585 has multiple (3) positions, using the first one!
utility_to_osm - WARNING - ssr:stedsnr = 619913 has multiple (3) positions, using the first one!
utility_to_osm - WARNING - ssr:stedsnr = 619984 has multiple (4) positions, using the first one!
utility_to_osm - WARNING - ssr:stedsnr = 620403 has multiple (5) positions, using the first one!
utility_to_osm - WARNING - ssr:stedsnr = 620504 has multiple (3) positions, using the first one!
utility_to_osm - WARNING - ssr:stedsnr = 620572 has multiple (4) positions, using the first one!
utility_to_osm - WARNING - ssr:stedsnr = 620606 has multiple (4) positions, using the first one!
utility_to_osm - WARNING - ssr:stedsnr = 620607 has multiple (4) positions, using the first one!
utility_to_osm - WARNING - ssr:stedsnr = 620608 has multiple (5) positions, using the first one!
utility_to_osm - WARNING - ssr:stedsnr = 620618 has multiple (4) positions, using the first one!
utility_to_osm - WARNING - ssr:stedsnr = 620867 has multiple (5) positions, using the first one!
utility_to_osm - WARNING - ssr:stedsnr = 620912 has multiple (3) positions, using the first one!
utility_to_osm - WARNING - ssr:stedsnr = 703298: No priority spelling found for lang = no, using alt_name to get "[('no', 'Spiran')]"
utility_to_osm - WARNING - ssr:stedsnr = 703692: No priority spelling found for lang = no, using alt_name to get "[('no', 'Damhaugan')]"
utility_to_osm - WARNING - ssr:stedsnr = 704331: No priority spelling found for lang = no, using alt_name to get "[('no', 'Storhaugen')]"
utility_to_osm - WARNING - ssr:stedsnr = 636187: No priority spelling found for lang = no, using alt_name to get "[('no', 'Herøya')]"
utility_to_osm - WARNING - ssr:stedsnr = 636626: No priority spelling found for lang = no, using alt_name to get "[('no', 'Hopavatnet')]"
utility_to_osm - WARNING - ssr:stedsnr = 637088: No priority spelling found for lang = no, using alt_name to get "[('no', 'Skreddarvika')]"
utility_to_osm - WARNING - ssr:stedsnr = 642381: No priority spelling found for lang = no, using alt_name to get "[('no', 'Værsbugen')]"
utility_to_osm - WARNING - ssr:stedsnr = 643475: No priority spelling found for lang = no, using alt_name to get "[('no', 'Seiballen')]"
utility_to_osm - WARNING - ssr:stedsnr = 666237: No priority spelling found for lang = no, using alt_name to get "[('no', 'Bassengveien')]"
utility_to_osm - ERROR - ssr:stedsnr = 666237. No positions found, skipping
utility_to_osm - ERROR - ssr:stedsnr = 666238. No positions found, skipping
utility_to_osm - ERROR - ssr:stedsnr = 666239. No positions found, skipping
utility_to_osm - ERROR - ssr:stedsnr = 666244. No positions found, skipping
utility_to_osm - WARNING - ssr:stedsnr = 679004 has multiple (2) positions, using the first one!
utility_to_osm - WARNING - ssr:stedsnr = 679089: No priority spelling found for lang = no, using alt_name to get "[('no', 'Risøysundet')]"
utility_to_osm - WARNING - ssr:stedsnr = 680112: No priority spelling found for lang = no, using alt_name to get "[('no', 'Indre Slettvatnet')]"
utility_to_osm - WARNING - ssr:stedsnr = 680403 has multiple (4) positions, using the first one!
utility_to_osm - WARNING - ssr:stedsnr = 680412 has multiple (3) positions, using the first one!
utility_to_osm - WARNING - ssr:stedsnr = 680418 has multiple (4) positions, using the first one!
utility_to_osm - WARNING - ssr:stedsnr = 680424 has multiple (2) positions, using the first one!
utility_to_osm - ERROR - ssr:stedsnr = 680312: Adding multiple names to name tag, this is not OK! name = "Storvarden;Ansnesvarden"
utility_to_osm - WARNING - ssr:stedsnr = 680312 has multiple (5) positions, using the first one!
utility_to_osm - WARNING - ssr:stedsnr = 680635 has multiple (4) positions, using the first one!
utility_to_osm - WARNING - ssr:stedsnr = 680717 has multiple (7) positions, using the first one!
utility_to_osm - WARNING - ssr:stedsnr = 680728 has multiple (3) positions, using the first one!
utility_to_osm - WARNING - ssr:stedsnr = 681306 has multiple (4) positions, using the first one!
utility_to_osm - WARNING - ssr:stedsnr = 681308 has multiple (2) positions, using the first one!
utility_to_osm - WARNING - ssr:stedsnr = 681516 has multiple (4) positions, using the first one!
utility_to_osm - WARNING - ssr:stedsnr = 681522 has multiple (2) positions, using the first one!
utility_to_osm - WARNING - ssr:stedsnr = 681410 has multiple (3) positions, using the first one!
utility_to_osm - WARNING - ssr:stedsnr = 681665 has multiple (4) positions, using the first one!
utility_to_osm - WARNING - ssr:stedsnr = 681674 has multiple (4) positions, using the first one!
utility_to_osm - WARNING - ssr:stedsnr = 681921: No priority spelling found for lang = no, using alt_name to get "[('no', 'Værsøydraga')]"
utility_to_osm - WARNING - ssr:stedsnr = 681921 has multiple (6) positions, using the first one!
utility_to_osm - WARNING - ssr:stedsnr = 694724 has multiple (4) positions, using the first one!
utility_to_osm - WARNING - ssr:stedsnr = 698224 has multiple (2) positions, using the first one!
utility_to_osm - WARNING - ssr:stedsnr = 698310 has multiple (2) positions, using the first one!
utility_to_osm - WARNING - ssr:stedsnr = 698863 has multiple (2) positions, using the first one!
utility_to_osm - WARNING - ssr:stedsnr = 703332: No priority spelling found for lang = no, using alt_name to get "[('no', 'Kuvikheia')]"
utility_to_osm - WARNING - ssr:stedsnr = 703431: No priority spelling found for lang = no, using alt_name to get "[('no', 'Storbåan')]"
utility_to_osm - WARNING - ssr:stedsnr = 703431 has multiple (2) positions, using the first one!
utility_to_osm - WARNING - ssr:stedsnr = 704364: No priority spelling found for lang = no, using alt_name to get "[('no', 'Litlballen')]"
utility_to_osm - WARNING - ssr:stedsnr = 704367: No priority spelling found for lang = no, using alt_name to get "[('no', 'Seisundet')]"
utility_to_osm - ERROR - ssr:stedsnr = 727810. No positions found, skipping
utility_to_osm - ERROR - ssr:stedsnr = 727886. No positions found, skipping
utility_to_osm - WARNING - ssr:stedsnr = 740014: No priority spelling found for lang = no, using alt_name to get "[('no', 'Seterlivatnet')]"
utility_to_osm - WARNING - ssr:stedsnr = 740023 has multiple (3) positions, using the first one!
utility_to_osm - WARNING - ssr:stedsnr = 740106: No priority spelling found for lang = no, using alt_name to get "[('no', 'Indre Nautskjæret')]"
utility_to_osm - WARNING - ssr:stedsnr = 740106 has multiple (2) positions, using the first one!
utility_to_osm - WARNING - ssr:stedsnr = 740122: No priority spelling found for lang = no, using alt_name to get "[('no', 'Andersskogan')]"
utility_to_osm - WARNING - ssr:stedsnr = 740092 has multiple (2) positions, using the first one!
utility_to_osm - WARNING - ssr:stedsnr = 740409 has multiple (3) positions, using the first one!
utility_to_osm - WARNING - ssr:stedsnr = 740440 has multiple (3) positions, using the first one!
utility_to_osm - WARNING - ssr:stedsnr = 740441: No priority spelling found for lang = no, using alt_name to get "[('no', 'Hemnskjela')]"
utility_to_osm - WARNING - ssr:stedsnr = 740441 has multiple (4) positions, using the first one!
utility_to_osm - WARNING - ssr:stedsnr = 740447: No priority spelling found for lang = no, using alt_name to get "[('no', 'Olsvika')]"
utility_to_osm - WARNING - ssr:stedsnr = 740941 has multiple (2) positions, using the first one!
utility_to_osm - WARNING - ssr:stedsnr = 740998 has multiple (4) positions, using the first one!
utility_to_osm - WARNING - ssr:stedsnr = 741407: No priority spelling found for lang = no, using alt_name to get "[('no', 'Bysting')]"
utility_to_osm - WARNING - ssr:stedsnr = 741410 has multiple (4) positions, using the first one!
utility_to_osm - WARNING - ssr:stedsnr = 741435 has multiple (3) positions, using the first one!
utility_to_osm - WARNING - ssr:stedsnr = 741443 has multiple (3) positions, using the first one!
utility_to_osm - WARNING - ssr:stedsnr = 741488 has multiple (5) positions, using the first one!
utility_to_osm - WARNING - ssr:stedsnr = 741490 has multiple (4) positions, using the first one!
utility_to_osm - WARNING - ssr:stedsnr = 741494 has multiple (4) positions, using the first one!
utility_to_osm - WARNING - ssr:stedsnr = 741500 has multiple (4) positions, using the first one!
utility_to_osm - WARNING - ssr:stedsnr = 741397 has multiple (4) positions, using the first one!
utility_to_osm - WARNING - ssr:stedsnr = 741543 has multiple (3) positions, using the first one!
utility_to_osm - WARNING - ssr:stedsnr = 741592 has multiple (3) positions, using the first one!
utility_to_osm - WARNING - ssr:stedsnr = 741593 has multiple (3) positions, using the first one!
utility_to_osm - WARNING - ssr:stedsnr = 741596 has multiple (4) positions, using the first one!
utility_to_osm - WARNING - ssr:stedsnr = 741602 has multiple (5) positions, using the first one!
utility_to_osm - WARNING - ssr:stedsnr = 741703 has multiple (4) positions, using the first one!
utility_to_osm - WARNING - ssr:stedsnr = 741636 has multiple (3) positions, using the first one!
utility_to_osm - WARNING - ssr:stedsnr = 741641 has multiple (4) positions, using the first one!
utility_to_osm - WARNING - ssr:stedsnr = 741685 has multiple (4) positions, using the first one!
utility_to_osm - WARNING - ssr:stedsnr = 741689 has multiple (4) positions, using the first one!
utility_to_osm - WARNING - ssr:stedsnr = 741691 has multiple (4) positions, using the first one!
utility_to_osm - WARNING - ssr:stedsnr = 741692 has multiple (3) positions, using the first one!
utility_to_osm - WARNING - ssr:stedsnr = 741697 has multiple (3) positions, using the first one!
utility_to_osm - WARNING - ssr:stedsnr = 741733 has multiple (3) positions, using the first one!
utility_to_osm - WARNING - ssr:stedsnr = 741737 has multiple (3) positions, using the first one!
utility_to_osm - WARNING - ssr:stedsnr = 741933 has multiple (4) positions, using the first one!
utility_to_osm - WARNING - ssr:stedsnr = 741934 has multiple (4) positions, using the first one!
utility_to_osm - WARNING - ssr:stedsnr = 741940 has multiple (3) positions, using the first one!
utility_to_osm - WARNING - ssr:stedsnr = 758744 has multiple (2) positions, using the first one!
utility_to_osm - WARNING - ssr:stedsnr = 758830 has multiple (2) positions, using the first one!
utility_to_osm - WARNING - ssr:stedsnr = 758801: No priority spelling found for lang = no, using alt_name to get "[('no', 'Bøstingvågen')]"
utility_to_osm - WARNING - ssr:stedsnr = 761241: No priority spelling found for lang = no, using alt_name to get "[('no', 'Sundelva')]"
utility_to_osm - WARNING - ssr:stedsnr = 764246: No priority spelling found for lang = no, using alt_name to get "[('no', 'Kalvstraumen')]"
utility_to_osm - WARNING - ssr:stedsnr = 764390: No priority spelling found for lang = no, using alt_name to get "[('no', 'Værsøytåa')]"
utility_to_osm - WARNING - ssr:stedsnr = 764397: No priority spelling found for lang = no, using alt_name to get "[('no', 'Bussesundet')]"
utility_to_osm - WARNING - ssr:stedsnr = 764398: No priority spelling found for lang = no, using alt_name to get "[('no', 'Olabussøya')]"
utility_to_osm - WARNING - ssr:stedsnr = 764399: No priority spelling found for lang = no, using alt_name to get "[('no', 'Finnsøybrattholmen')]"
utility_to_osm - WARNING - ssr:stedsnr = 764654: No priority spelling found for lang = no, using alt_name to get "[('no', 'Litlskardhaugan')]"
utility_to_osm - ERROR - ssr:stedsnr = 909009. No positions found, skipping
utility_to_osm - ERROR - ssr:stedsnr = 909896. No positions found, skipping
utility_to_osm - WARNING - ssr:stedsnr = 909902: No priority spelling found for lang = no, using alt_name to get "[('no', 'Bølsmyra')]"
utility_to_osm - ERROR - ssr:stedsnr = 909902. No positions found, skipping
utility_to_osm - WARNING - ssr:stedsnr = 801022: No priority spelling found for lang = no, using alt_name to get "[('no', 'Godhamnflua')]"
utility_to_osm - WARNING - ssr:stedsnr = 801081: No priority spelling found for lang = no, using alt_name to get "[('no', 'Seterelva')]"
utility_to_osm - WARNING - ssr:stedsnr = 801093 has multiple (2) positions, using the first one!
utility_to_osm - WARNING - ssr:stedsnr = 801107: No priority spelling found for lang = no, using alt_name to get "[('no', 'Skjelvaløyan')]"
utility_to_osm - WARNING - ssr:stedsnr = 801123: No priority spelling found for lang = no, using alt_name to get "[('no', 'Djupholman')]"
utility_to_osm - WARNING - ssr:stedsnr = 801872 has multiple (5) positions, using the first one!
utility_to_osm - WARNING - ssr:stedsnr = 802003 has multiple (4) positions, using the first one!
utility_to_osm - WARNING - ssr:stedsnr = 802079 has multiple (3) positions, using the first one!
utility_to_osm - WARNING - ssr:stedsnr = 802169 has multiple (3) positions, using the first one!
utility_to_osm - WARNING - ssr:stedsnr = 802176: No priority spelling found for lang = no, using alt_name to get "[('no', 'Kamvika')]"
utility_to_osm - WARNING - ssr:stedsnr = 802405 has multiple (4) positions, using the first one!
utility_to_osm - WARNING - ssr:stedsnr = 802410 has multiple (3) positions, using the first one!
utility_to_osm - WARNING - ssr:stedsnr = 802411 has multiple (4) positions, using the first one!
utility_to_osm - WARNING - ssr:stedsnr = 802415 has multiple (4) positions, using the first one!
utility_to_osm - WARNING - ssr:stedsnr = 802465 has multiple (5) positions, using the first one!
utility_to_osm - WARNING - ssr:stedsnr = 802471 has multiple (4) positions, using the first one!
utility_to_osm - WARNING - ssr:stedsnr = 802476 has multiple (3) positions, using the first one!
utility_to_osm - WARNING - ssr:stedsnr = 802478 has multiple (3) positions, using the first one!
utility_to_osm - WARNING - ssr:stedsnr = 802479 has multiple (5) positions, using the first one!
utility_to_osm - WARNING - ssr:stedsnr = 802612 has multiple (5) positions, using the first one!
utility_to_osm - WARNING - ssr:stedsnr = 802505 has multiple (4) positions, using the first one!
utility_to_osm - WARNING - ssr:stedsnr = 802917 has multiple (4) positions, using the first one!
utility_to_osm - WARNING - ssr:stedsnr = 802919: No priority spelling found for lang = no, using alt_name to get "[('no', 'Stuaholmen')]"
utility_to_osm - WARNING - ssr:stedsnr = 802919 has multiple (3) positions, using the first one!
utility_to_osm - WARNING - ssr:stedsnr = 802976 has multiple (3) positions, using the first one!
utility_to_osm - WARNING - ssr:stedsnr = 819405 has multiple (2) positions, using the first one!
utility_to_osm - WARNING - ssr:stedsnr = 820523 has multiple (2) positions, using the first one!
utility_to_osm - WARNING - ssr:stedsnr = 923147: No priority spelling found for lang = no, using alt_name to get "[('no', 'Markusøya')]"
utility_to_osm - WARNING - ssr:stedsnr = 825307: No priority spelling found for lang = no, using alt_name to get "[('no', 'Indre Burøyvågen')]"
utility_to_osm - WARNING - ssr:stedsnr = 825216: No priority spelling found for lang = no, using alt_name to get "[('no', 'Fjelltåa')]"
utility_to_osm - WARNING - ssr:stedsnr = 922028: No priority spelling found for lang = no, using alt_name to get "[('no', 'Fløvassbugen')]"
utility_to_osm - WARNING - ssr:stedsnr = 922028 has multiple (2) positions, using the first one!
utility_to_osm - WARNING - ssr:stedsnr = 922032 has multiple (2) positions, using the first one!
utility_to_osm - WARNING - ssr:stedsnr = 922439 has multiple (2) positions, using the first one!
utility_to_osm - WARNING - ssr:stedsnr = 923065 has multiple (2) positions, using the first one!
utility_to_osm - WARNING - ssr:stedsnr = 923095: No priority spelling found for lang = no, using alt_name to get "[('no', 'Araholman')]"
utility_to_osm - WARNING - ssr:stedsnr = 923095 has multiple (2) positions, using the first one!
utility_to_osm - WARNING - ssr:stedsnr = 923317 has multiple (2) positions, using the first one!
utility_to_osm - WARNING - ssr:stedsnr = 923948 has multiple (4) positions, using the first one!
utility_to_osm - WARNING - ssr:stedsnr = 923339 has multiple (2) positions, using the first one!
utility_to_osm - WARNING - ssr:stedsnr = 923351 has multiple (3) positions, using the first one!
utility_to_osm - WARNING - ssr:stedsnr = 923357 has multiple (4) positions, using the first one!
utility_to_osm - WARNING - ssr:stedsnr = 923363 has multiple (4) positions, using the first one!
utility_to_osm - WARNING - ssr:stedsnr = 923433 has multiple (2) positions, using the first one!
utility_to_osm - WARNING - ssr:stedsnr = 923435 has multiple (4) positions, using the first one!
utility_to_osm - WARNING - ssr:stedsnr = 923457 has multiple (4) positions, using the first one!
utility_to_osm - WARNING - ssr:stedsnr = 923462 has multiple (3) positions, using the first one!
utility_to_osm - WARNING - ssr:stedsnr = 923535 has multiple (3) positions, using the first one!
utility_to_osm - WARNING - ssr:stedsnr = 923540 has multiple (2) positions, using the first one!
utility_to_osm - WARNING - ssr:stedsnr = 923548 has multiple (2) positions, using the first one!
utility_to_osm - WARNING - ssr:stedsnr = 923555 has multiple (4) positions, using the first one!
utility_to_osm - WARNING - ssr:stedsnr = 923561 has multiple (3) positions, using the first one!
utility_to_osm - WARNING - ssr:stedsnr = 923395 has multiple (4) positions, using the first one!
utility_to_osm - WARNING - ssr:stedsnr = 923484 has multiple (4) positions, using the first one!
utility_to_osm - WARNING - ssr:stedsnr = 923489 has multiple (3) positions, using the first one!
utility_to_osm - WARNING - ssr:stedsnr = 923500 has multiple (2) positions, using the first one!
utility_to_osm - WARNING - ssr:stedsnr = 923512 has multiple (3) positions, using the first one!
utility_to_osm - WARNING - ssr:stedsnr = 923693: No priority spelling found for lang = no, using alt_name to get "[('no', 'Trettskjæra')]"
utility_to_osm - WARNING - ssr:stedsnr = 923693 has multiple (5) positions, using the first one!
utility_to_osm - WARNING - ssr:stedsnr = 923578 has multiple (5) positions, using the first one!
utility_to_osm - WARNING - ssr:stedsnr = 923584 has multiple (3) positions, using the first one!
utility_to_osm - WARNING - ssr:stedsnr = 923586 has multiple (4) positions, using the first one!
utility_to_osm - WARNING - ssr:stedsnr = 923587 has multiple (4) positions, using the first one!
utility_to_osm - WARNING - ssr:stedsnr = 923595 has multiple (5) positions, using the first one!
utility_to_osm - WARNING - ssr:stedsnr = 923601 has multiple (3) positions, using the first one!
utility_to_osm - WARNING - ssr:stedsnr = 923647 has multiple (2) positions, using the first one!
utility_to_osm - WARNING - ssr:stedsnr = 923653 has multiple (2) positions, using the first one!
utility_to_osm - ERROR - ssr:stedsnr = 923654: Adding multiple names to name tag, this is not OK! name = "Kjerbusdalen;Skjærbusdal"
utility_to_osm - WARNING - ssr:stedsnr = 923656 has multiple (2) positions, using the first one!
utility_to_osm - WARNING - ssr:stedsnr = 923658 has multiple (3) positions, using the first one!
utility_to_osm - WARNING - ssr:stedsnr = 923901 has multiple (4) positions, using the first one!
utility_to_osm - WARNING - ssr:stedsnr = 923902 has multiple (3) positions, using the first one!
utility_to_osm - WARNING - ssr:stedsnr = 923971 has multiple (3) positions, using the first one!
utility_to_osm - WARNING - ssr:stedsnr = 923983 has multiple (3) positions, using the first one!
utility_to_osm - WARNING - ssr:stedsnr = 924245 has multiple (3) positions, using the first one!
utility_to_osm - WARNING - ssr:stedsnr = 924500 has multiple (3) positions, using the first one!
utility_to_osm - WARNING - ssr:stedsnr = 924696 has multiple (4) positions, using the first one!
utility_to_osm - WARNING - ssr:stedsnr = 924698 has multiple (3) positions, using the first one!
utility_to_osm - WARNING - ssr:stedsnr = 924939 has multiple (3) positions, using the first one!
utility_to_osm - ERROR - ssr:stedsnr = 849880. No positions found, skipping
utility_to_osm - WARNING - ssr:stedsnr = 862009: No priority spelling found for lang = no, using alt_name to get "[('no', 'Dragskjæret')]"
utility_to_osm - WARNING - ssr:stedsnr = 862020 has multiple (2) positions, using the first one!
utility_to_osm - WARNING - ssr:stedsnr = 862075: No priority spelling found for lang = no, using alt_name to get "[('no', 'Utenga')]"
utility_to_osm - WARNING - ssr:stedsnr = 862086 has multiple (3) positions, using the first one!
utility_to_osm - WARNING - ssr:stedsnr = 862353 has multiple (4) positions, using the first one!
utility_to_osm - WARNING - ssr:stedsnr = 862455 has multiple (3) positions, using the first one!
utility_to_osm - WARNING - ssr:stedsnr = 862464 has multiple (2) positions, using the first one!
utility_to_osm - WARNING - ssr:stedsnr = 862609 has multiple (2) positions, using the first one!
utility_to_osm - WARNING - ssr:stedsnr = 862913: No priority spelling found for lang = no, using alt_name to get "[('no', 'Tennholman')]"
utility_to_osm - WARNING - ssr:stedsnr = 862913 has multiple (7) positions, using the first one!
utility_to_osm - WARNING - ssr:stedsnr = 863003 has multiple (4) positions, using the first one!
utility_to_osm - WARNING - ssr:stedsnr = 863256 has multiple (4) positions, using the first one!
utility_to_osm - WARNING - ssr:stedsnr = 863178: No priority spelling found for lang = no, using alt_name to get "[('no', 'Bruna')]"
utility_to_osm - WARNING - ssr:stedsnr = 863178 has multiple (4) positions, using the first one!
utility_to_osm - WARNING - ssr:stedsnr = 863192: No priority spelling found for lang = no, using alt_name to get "[('no', 'Nedre Vingvatnet')]"
utility_to_osm - WARNING - ssr:stedsnr = 863192 has multiple (4) positions, using the first one!
utility_to_osm - WARNING - ssr:stedsnr = 863193 has multiple (5) positions, using the first one!
utility_to_osm - WARNING - ssr:stedsnr = 863507 has multiple (4) positions, using the first one!
utility_to_osm - WARNING - ssr:stedsnr = 863531 has multiple (4) positions, using the first one!
utility_to_osm - WARNING - ssr:stedsnr = 863548 has multiple (3) positions, using the first one!
utility_to_osm - WARNING - ssr:stedsnr = 863553 has multiple (5) positions, using the first one!
utility_to_osm - WARNING - ssr:stedsnr = 863409 has multiple (4) positions, using the first one!
utility_to_osm - WARNING - ssr:stedsnr = 863410: No priority spelling found for lang = no, using alt_name to get "[('no', 'Nordvika')]"
utility_to_osm - WARNING - ssr:stedsnr = 863410 has multiple (4) positions, using the first one!
utility_to_osm - WARNING - ssr:stedsnr = 863495 has multiple (2) positions, using the first one!
utility_to_osm - WARNING - ssr:stedsnr = 863501 has multiple (3) positions, using the first one!
utility_to_osm - WARNING - ssr:stedsnr = 863604 has multiple (5) positions, using the first one!
utility_to_osm - WARNING - ssr:stedsnr = 863651 has multiple (3) positions, using the first one!
utility_to_osm - WARNING - ssr:stedsnr = 863948 has multiple (3) positions, using the first one!
utility_to_osm - WARNING - ssr:stedsnr = 863950 has multiple (14) positions, using the first one!
utility_to_osm - WARNING - ssr:stedsnr = 863957 has multiple (4) positions, using the first one!
utility_to_osm - WARNING - ssr:stedsnr = 863859 has multiple (4) positions, using the first one!
utility_to_osm - WARNING - ssr:stedsnr = 880137 has multiple (2) positions, using the first one!
utility_to_osm - WARNING - ssr:stedsnr = 880417 has multiple (3) positions, using the first one!
utility_to_osm - WARNING - ssr:stedsnr = 880863: No priority spelling found for lang = no, using alt_name to get "[('no', 'Monsøyskaget'), ('no', 'Skanken')]"
utility_to_osm - ERROR - ssr:stedsnr = 880863: Adding multiple names to name tag, this is not OK! name = "Monsøyskaget;Skanken"
utility_to_osm - WARNING - ssr:stedsnr = 886458: No priority spelling found for lang = no, using alt_name to get "[('no', 'Springhoppen')]"
utility_to_osm - WARNING - ssr:stedsnr = 889311: No priority spelling found for lang = no, using alt_name to get "[('no', 'Valslagtunnelen')]"
utility_to_osm - ERROR - ssr:stedsnr = 889311. No positions found, skipping
utility_to_osm - ERROR - ssr:stedsnr = 909800. No positions found, skipping
utility_to_osm - WARNING - ssr:stedsnr = 922009: No priority spelling found for lang = no, using alt_name to get "[('no', 'Litlvatnet')]"
utility_to_osm - WARNING - ssr:stedsnr = 922095: No priority spelling found for lang = no, using alt_name to get "[('no', 'Indre Leberget')]"
utility_to_osm - WARNING - ssr:stedsnr = 922095 has multiple (2) positions, using the first one!
utility_to_osm - WARNING - ssr:stedsnr = 922425 has multiple (2) positions, using the first one!
utility_to_osm - WARNING - ssr:stedsnr = 922891 has multiple (7) positions, using the first one!
utility_to_osm - WARNING - ssr:stedsnr = 923016: No priority spelling found for lang = no, using alt_name to get "[('no', 'Gandflagdavatnet')]"
utility_to_osm - WARNING - ssr:stedsnr = 923140: No priority spelling found for lang = no, using alt_name to get "[('no', 'Flatfjellet')]"
utility_to_osm - WARNING - ssr:stedsnr = 923288 has multiple (3) positions, using the first one!
utility_to_osm - WARNING - ssr:stedsnr = 923403 has multiple (3) positions, using the first one!
utility_to_osm - WARNING - ssr:stedsnr = 923378 has multiple (4) positions, using the first one!
utility_to_osm - WARNING - ssr:stedsnr = 923523 has multiple (4) positions, using the first one!
utility_to_osm - ERROR - ssr:stedsnr = 923419: Adding multiple names to name tag, this is not OK! name = "Tippheia;Tepptua"
utility_to_osm - WARNING - ssr:stedsnr = 923419 has multiple (4) positions, using the first one!
utility_to_osm - WARNING - ssr:stedsnr = 923477 has multiple (4) positions, using the first one!
utility_to_osm - WARNING - ssr:stedsnr = 923681 has multiple (3) positions, using the first one!
utility_to_osm - WARNING - ssr:stedsnr = 923905: No priority spelling found for lang = no, using alt_name to get "[('no', 'Krumholmen')]"
utility_to_osm - WARNING - ssr:stedsnr = 923905 has multiple (2) positions, using the first one!
utility_to_osm - WARNING - ssr:stedsnr = 923919 has multiple (3) positions, using the first one!
utility_to_osm - WARNING - ssr:stedsnr = 924327 has multiple (3) positions, using the first one!
utility_to_osm - WARNING - ssr:stedsnr = 924504 has multiple (3) positions, using the first one!
utility_to_osm - WARNING - ssr:stedsnr = 924507 has multiple (3) positions, using the first one!
utility_to_osm - WARNING - ssr:stedsnr = 924913 has multiple (3) positions, using the first one!
utility_to_osm - WARNING - ssr:stedsnr = 944179 has multiple (2) positions, using the first one!
utility_to_osm - WARNING - ssr:stedsnr = 946336 has multiple (2) positions, using the first one!
utility_to_osm - WARNING - ssr:stedsnr = 969239: No priority spelling found for lang = no, using alt_name to get "[('no', 'Vardeveien')]"
utility_to_osm - ERROR - ssr:stedsnr = 969239. No positions found, skipping
utility_to_osm - WARNING - ssr:stedsnr = 970979: No priority spelling found for lang = no, using alt_name to get "[('no', 'Vikan')]"
utility_to_osm - WARNING - ssr:stedsnr = 970980: No priority spelling found for lang = no, using alt_name to get "[('no', 'Helsøya')]"
utility_to_osm - WARNING - ssr:stedsnr = 970982: No priority spelling found for lang = no, using alt_name to get "[('no', 'Hakkbuan')]"
utility_to_osm - WARNING - ssr:stedsnr = 970983: No priority spelling found for lang = no, using alt_name to get "[('no', 'Kalven')]"
utility_to_osm - WARNING - ssr:stedsnr = 970968: No priority spelling found for lang = no, using alt_name to get "[('no', 'Aunet med Stadsvik og Bruholmen')]"
utility_to_osm - WARNING - ssr:stedsnr = 970970: No priority spelling found for lang = no, using alt_name to get "[('no', 'Meland')]"
utility_to_osm - WARNING - ssr:stedsnr = 970971: No priority spelling found for lang = no, using alt_name to get "[('no', 'Håvika')]"
utility_to_osm - WARNING - ssr:stedsnr = 970972: No priority spelling found for lang = no, using alt_name to get "[('no', 'Henriksøya')]"
utility_to_osm - WARNING - ssr:stedsnr = 970976: No priority spelling found for lang = no, using alt_name to get "[('no', 'Tosøya')]"
utility_to_osm - WARNING - ssr:stedsnr = 970977: No priority spelling found for lang = no, using alt_name to get "[('no', 'Burøya')]"
utility_to_osm - WARNING - ssr:stedsnr = 970978: No priority spelling found for lang = no, using alt_name to get "[('no', 'Edøya')]"
utility_to_osm - WARNING - ssr:stedsnr = 971118: No priority spelling found for lang = no, using alt_name to get "[('no', 'Utsetøya')]"
utility_to_osm - WARNING - ssr:stedsnr = 971120: No priority spelling found for lang = no, using alt_name to get "[('no', 'Bjørnavågen')]"
utility_to_osm - WARNING - ssr:stedsnr = 974405: No priority spelling found for lang = no, using alt_name to get "[('no', 'Straumfjordsveien')]"
utility_to_osm - ERROR - ssr:stedsnr = 974405. No positions found, skipping
utility_to_osm - ERROR - ssr:stedsnr = 974406. No positions found, skipping
utility_to_osm - ERROR - ssr:stedsnr = 974407. No positions found, skipping
utility_to_osm - WARNING - ssr:stedsnr = 974408: No priority spelling found for lang = no, using alt_name to get "[('no', 'Nedre Straumfjordveien')]"
utility_to_osm - ERROR - ssr:stedsnr = 974408. No positions found, skipping
utility_to_osm - WARNING - ssr:stedsnr = 974409: No priority spelling found for lang = no, using alt_name to get "[('no', 'Murvikveien')]"
utility_to_osm - ERROR - ssr:stedsnr = 974409. No positions found, skipping
utility_to_osm - ERROR - ssr:stedsnr = 974410. No positions found, skipping
utility_to_osm - WARNING - ssr:stedsnr = 974411: No priority spelling found for lang = no, using alt_name to get "[('no', 'Stasjonsveien')]"
utility_to_osm - ERROR - ssr:stedsnr = 974411. No positions found, skipping
utility_to_osm - ERROR - ssr:stedsnr = 974412. No positions found, skipping
utility_to_osm - WARNING - ssr:stedsnr = 974414: No priority spelling found for lang = no, using alt_name to get "[('no', 'Angelsnesveien')]"
utility_to_osm - ERROR - ssr:stedsnr = 974414. No positions found, skipping
utility_to_osm - ERROR - ssr:stedsnr = 990767. No positions found, skipping
utility_to_osm - ERROR - ssr:stedsnr = 990768. No positions found, skipping
utility_to_osm - WARNING - ssr:stedsnr = 990769: No priority spelling found for lang = no, using alt_name to get "[('no', 'Kaaldfeltet')]"
utility_to_osm - ERROR - ssr:stedsnr = 990769. No positions found, skipping
utility_to_osm - WARNING - ssr:stedsnr = 990770: No priority spelling found for lang = no, using alt_name to get "[('no', 'Adriannesset')]"
utility_to_osm - ERROR - ssr:stedsnr = 990770. No positions found, skipping
utility_to_osm - ERROR - ssr:stedsnr = 990771. No positions found, skipping
utility_to_osm - WARNING - ssr:stedsnr = 990772: No priority spelling found for lang = no, using alt_name to get "[('no', 'Sjøvikveien')]"
utility_to_osm - ERROR - ssr:stedsnr = 990772. No positions found, skipping
utility_to_osm - WARNING - ssr:stedsnr = 990773: No priority spelling found for lang = no, using alt_name to get "[('no', 'Oppistuveien')]"
utility_to_osm - ERROR - ssr:stedsnr = 990773. No positions found, skipping
utility_to_osm - ERROR - ssr:stedsnr = 990774. No positions found, skipping
utility_to_osm - WARNING - ssr:stedsnr = 990775: No priority spelling found for lang = no, using alt_name to get "[('no', 'Bankhaugen')]"
utility_to_osm - ERROR - ssr:stedsnr = 990775. No positions found, skipping
utility_to_osm - ERROR - ssr:stedsnr = 990776. No positions found, skipping
utility_to_osm - WARNING - ssr:stedsnr = 990777: No priority spelling found for lang = no, using alt_name to get "[('no', 'Øverliveien')]"
utility_to_osm - ERROR - ssr:stedsnr = 990777. No positions found, skipping
utility_to_osm - ERROR - ssr:stedsnr = 990778. No positions found, skipping
utility_to_osm - WARNING - ssr:stedsnr = 990779: No priority spelling found for lang = no, using alt_name to get "[('no', 'Nordvikveien')]"
utility_to_osm - ERROR - ssr:stedsnr = 990779. No positions found, skipping
utility_to_osm - ERROR - ssr:stedsnr = 990780. No positions found, skipping
utility_to_osm - ERROR - ssr:stedsnr = 990781. No positions found, skipping
utility_to_osm - WARNING - ssr:stedsnr = 12885: No priority spelling found for lang = no, using alt_name to get "[('no', 'Valslag')]"
utility_to_osm - WARNING - ssr:stedsnr = 12024: No priority spelling found for lang = no, using alt_name to get "[('no', 'Stortua')]"
utility_to_osm - WARNING - ssr:stedsnr = 12024 has multiple (3) positions, using the first one!
utility_to_osm - WARNING - ssr:stedsnr = 12099 has multiple (4) positions, using the first one!
utility_to_osm - WARNING - ssr:stedsnr = 12133: No priority spelling found for lang = no, using alt_name to get "[('no', 'Ytre Nautskjæret')]"
utility_to_osm - WARNING - ssr:stedsnr = 12137 has multiple (2) positions, using the first one!
utility_to_osm - WARNING - ssr:stedsnr = 12450 has multiple (3) positions, using the first one!
utility_to_osm - WARNING - ssr:stedsnr = 12457 has multiple (3) positions, using the first one!
utility_to_osm - WARNING - ssr:stedsnr = 12470 has multiple (2) positions, using the first one!
utility_to_osm - WARNING - ssr:stedsnr = 13583 has multiple (3) positions, using the first one!
utility_to_osm - WARNING - ssr:stedsnr = 13584 has multiple (6) positions, using the first one!
utility_to_osm - WARNING - ssr:stedsnr = 13590 has multiple (3) positions, using the first one!
utility_to_osm - WARNING - ssr:stedsnr = 13600 has multiple (4) positions, using the first one!
utility_to_osm - WARNING - ssr:stedsnr = 13184 has multiple (6) positions, using the first one!
utility_to_osm - WARNING - ssr:stedsnr = 13036: No priority spelling found for lang = no, using alt_name to get "[('no', 'Skarvskjæret')]"
utility_to_osm - WARNING - ssr:stedsnr = 13057 has multiple (2) positions, using the first one!
utility_to_osm - WARNING - ssr:stedsnr = 13060 has multiple (2) positions, using the first one!
utility_to_osm - WARNING - ssr:stedsnr = 13153: No priority spelling found for lang = no, using alt_name to get "[('no', 'Kongensvollen')]"
utility_to_osm - WARNING - ssr:stedsnr = 13322 has multiple (4) positions, using the first one!
utility_to_osm - WARNING - ssr:stedsnr = 13325: No priority spelling found for lang = no, using alt_name to get "[('no', 'Sætra')]"
utility_to_osm - WARNING - ssr:stedsnr = 13330 has multiple (4) positions, using the first one!
utility_to_osm - WARNING - ssr:stedsnr = 13339 has multiple (4) positions, using the first one!
utility_to_osm - WARNING - ssr:stedsnr = 13347 has multiple (2) positions, using the first one!
utility_to_osm - WARNING - ssr:stedsnr = 13271: No priority spelling found for lang = no, using alt_name to get "[('no', 'Fjellværsøya')]"
utility_to_osm - WARNING - ssr:stedsnr = 13271 has multiple (8) positions, using the first one!
utility_to_osm - WARNING - ssr:stedsnr = 13273 has multiple (3) positions, using the first one!
utility_to_osm - WARNING - ssr:stedsnr = 13279 has multiple (5) positions, using the first one!
utility_to_osm - WARNING - ssr:stedsnr = 13282 has multiple (3) positions, using the first one!
utility_to_osm - WARNING - ssr:stedsnr = 13289 has multiple (5) positions, using the first one!
utility_to_osm - WARNING - ssr:stedsnr = 13371 has multiple (2) positions, using the first one!
utility_to_osm - WARNING - ssr:stedsnr = 13373 has multiple (2) positions, using the first one!
utility_to_osm - WARNING - ssr:stedsnr = 13377 has multiple (3) positions, using the first one!
utility_to_osm - WARNING - ssr:stedsnr = 13389 has multiple (3) positions, using the first one!
utility_to_osm - WARNING - ssr:stedsnr = 13483: No priority spelling found for lang = no, using alt_name to get "[('no', 'Staurfjellet')]"
utility_to_osm - WARNING - ssr:stedsnr = 13483 has multiple (5) positions, using the first one!
utility_to_osm - WARNING - ssr:stedsnr = 13491 has multiple (2) positions, using the first one!
utility_to_osm - WARNING - ssr:stedsnr = 13496 has multiple (3) positions, using the first one!
utility_to_osm - WARNING - ssr:stedsnr = 13356 has multiple (4) positions, using the first one!
utility_to_osm - WARNING - ssr:stedsnr = 13434 has multiple (3) positions, using the first one!
utility_to_osm - WARNING - ssr:stedsnr = 13438 has multiple (4) positions, using the first one!
utility_to_osm - WARNING - ssr:stedsnr = 13451 has multiple (4) positions, using the first one!
utility_to_osm - WARNING - ssr:stedsnr = 13453 has multiple (3) positions, using the first one!
utility_to_osm - WARNING - ssr:stedsnr = 13457 has multiple (4) positions, using the first one!
utility_to_osm - WARNING - ssr:stedsnr = 13537 has multiple (4) positions, using the first one!
utility_to_osm - WARNING - ssr:stedsnr = 13540 has multiple (3) positions, using the first one!
utility_to_osm - WARNING - ssr:stedsnr = 13548 has multiple (3) positions, using the first one!
utility_to_osm - WARNING - ssr:stedsnr = 13551 has multiple (4) positions, using the first one!
utility_to_osm - WARNING - ssr:stedsnr = 13552 has multiple (3) positions, using the first one!
utility_to_osm - WARNING - ssr:stedsnr = 13553 has multiple (3) positions, using the first one!
utility_to_osm - WARNING - ssr:stedsnr = 13556 has multiple (3) positions, using the first one!
utility_to_osm - WARNING - ssr:stedsnr = 13632 has multiple (5) positions, using the first one!
utility_to_osm - WARNING - ssr:stedsnr = 13648 has multiple (3) positions, using the first one!
utility_to_osm - WARNING - ssr:stedsnr = 13730 has multiple (3) positions, using the first one!
utility_to_osm - WARNING - ssr:stedsnr = 13673 has multiple (4) positions, using the first one!
utility_to_osm - WARNING - ssr:stedsnr = 13682 has multiple (4) positions, using the first one!
utility_to_osm - WARNING - ssr:stedsnr = 13684 has multiple (3) positions, using the first one!
utility_to_osm - WARNING - ssr:stedsnr = 13688 has multiple (3) positions, using the first one!
utility_to_osm - WARNING - ssr:stedsnr = 13689 has multiple (4) positions, using the first one!
utility_to_osm - WARNING - ssr:stedsnr = 13695 has multiple (3) positions, using the first one!
utility_to_osm - WARNING - ssr:stedsnr = 13696: No priority spelling found for lang = no, using alt_name to get "[('no', 'Herøya')]"
utility_to_osm - WARNING - ssr:stedsnr = 13951 has multiple (3) positions, using the first one!
utility_to_osm - WARNING - ssr:stedsnr = 13954 has multiple (4) positions, using the first one!
utility_to_osm - WARNING - ssr:stedsnr = 13896 has multiple (3) positions, using the first one!
utility_to_osm - WARNING - ssr:stedsnr = 13972 has multiple (4) positions, using the first one!
utility_to_osm - WARNING - ssr:stedsnr = 31990 has multiple (2) positions, using the first one!
utility_to_osm - WARNING - ssr:stedsnr = 36363: No priority spelling found for lang = no, using alt_name to get "[('no', 'Stretet')]"
utility_to_osm - WARNING - ssr:stedsnr = 36238: No priority spelling found for lang = no, using alt_name to get "[('no', 'Tjønnauna')]"
utility_to_osm - WARNING - ssr:stedsnr = 36243: No priority spelling found for lang = no, using alt_name to get "[('no', 'Kalvhauet')]"
utility_to_osm - WARNING - ssr:stedsnr = 36431: No priority spelling found for lang = no, using alt_name to get "[('no', 'Indre Kvekkaskjæret')]"
utility_to_osm - WARNING - ssr:stedsnr = 73036 has multiple (3) positions, using the first one!
utility_to_osm - WARNING - ssr:stedsnr = 73125: No priority spelling found for lang = no, using alt_name to get "[('no', 'Setertjørna')]"
utility_to_osm - WARNING - ssr:stedsnr = 73085 has multiple (2) positions, using the first one!
utility_to_osm - WARNING - ssr:stedsnr = 73088 has multiple (17) positions, using the first one!
utility_to_osm - WARNING - ssr:stedsnr = 73091: No priority spelling found for lang = no, using alt_name to get "[('no', 'Hernesstraumen')]"
utility_to_osm - WARNING - ssr:stedsnr = 73091 has multiple (2) positions, using the first one!
