utility_to_osm - WARNING - ssr:stedsnr = 231672 has multiple (2) positions, using the first one!
utility_to_osm - WARNING - ssr:stedsnr = 231695 has multiple (2) positions, using the first one!
utility_to_osm - WARNING - ssr:stedsnr = 231839 has multiple (2) positions, using the first one!
utility_to_osm - WARNING - ssr:stedsnr = 17809 has multiple (2) positions, using the first one!
utility_to_osm - WARNING - ssr:stedsnr = 17958: No priority spelling found for lang = no, using alt_name to get "[('no', 'Mevatnet'), ('no', 'Sandvatnet')]"
utility_to_osm - ERROR - ssr:stedsnr = 17958: Adding multiple names to name tag, this is not OK! name = "Mevatnet;Sandvatnet"
utility_to_osm - WARNING - ssr:stedsnr = 17958 has multiple (3) positions, using the first one!
utility_to_osm - WARNING - ssr:stedsnr = 17959 has multiple (2) positions, using the first one!
utility_to_osm - WARNING - ssr:stedsnr = 17968 has multiple (2) positions, using the first one!
utility_to_osm - WARNING - ssr:stedsnr = 17969 has multiple (3) positions, using the first one!
utility_to_osm - WARNING - ssr:stedsnr = 18208 has multiple (2) positions, using the first one!
utility_to_osm - WARNING - ssr:stedsnr = 21488: No priority spelling found for lang = no, using alt_name to get "[('no', 'Ytter-Å')]"
utility_to_osm - WARNING - ssr:stedsnr = 78756 has multiple (2) positions, using the first one!
utility_to_osm - WARNING - ssr:stedsnr = 78909 has multiple (2) positions, using the first one!
utility_to_osm - WARNING - ssr:stedsnr = 78910: No priority spelling found for lang = no, using alt_name to get "[('no', 'Forsavatnet')]"
utility_to_osm - WARNING - ssr:stedsnr = 78910 has multiple (3) positions, using the first one!
utility_to_osm - WARNING - ssr:stedsnr = 78958 has multiple (2) positions, using the first one!
utility_to_osm - WARNING - ssr:stedsnr = 79202: No priority spelling found for lang = no, using alt_name to get "[('no', 'Matsteinen')]"
utility_to_osm - WARNING - ssr:stedsnr = 79202 has multiple (2) positions, using the first one!
utility_to_osm - WARNING - ssr:stedsnr = 79205: No priority spelling found for lang = no, using alt_name to get "[('no', 'Mulheia')]"
utility_to_osm - WARNING - ssr:stedsnr = 79205 has multiple (2) positions, using the first one!
utility_to_osm - WARNING - ssr:stedsnr = 79198 has multiple (2) positions, using the first one!
utility_to_osm - WARNING - ssr:stedsnr = 82003: No priority spelling found for lang = no, using alt_name to get "[('no', 'Kleiva')]"
utility_to_osm - WARNING - ssr:stedsnr = 82434: No priority spelling found for lang = no, using alt_name to get "[('no', 'Breivika')]"
utility_to_osm - WARNING - ssr:stedsnr = 110073 has multiple (2) positions, using the first one!
utility_to_osm - WARNING - ssr:stedsnr = 139242 has multiple (3) positions, using the first one!
utility_to_osm - WARNING - ssr:stedsnr = 142002: No priority spelling found for lang = no, using alt_name to get "[('no', 'Bergsmulen')]"
utility_to_osm - WARNING - ssr:stedsnr = 142002 has multiple (2) positions, using the first one!
utility_to_osm - WARNING - ssr:stedsnr = 142009: No priority spelling found for lang = no, using alt_name to get "[('no', 'Lia')]"
utility_to_osm - WARNING - ssr:stedsnr = 142009 has multiple (2) positions, using the first one!
utility_to_osm - WARNING - ssr:stedsnr = 142437: No priority spelling found for lang = no, using alt_name to get "[('no', 'Inner-Å')]"
utility_to_osm - WARNING - ssr:stedsnr = 146429 has multiple (3) positions, using the first one!
utility_to_osm - WARNING - ssr:stedsnr = 260235 has multiple (2) positions, using the first one!
utility_to_osm - WARNING - ssr:stedsnr = 260246 has multiple (3) positions, using the first one!
utility_to_osm - WARNING - ssr:stedsnr = 260271 has multiple (2) positions, using the first one!
utility_to_osm - WARNING - ssr:stedsnr = 260277 has multiple (4) positions, using the first one!
utility_to_osm - WARNING - ssr:stedsnr = 260333 has multiple (2) positions, using the first one!
utility_to_osm - WARNING - ssr:stedsnr = 260287: No priority spelling found for lang = no, using alt_name to get "[('no', 'Botntinden')]"
utility_to_osm - WARNING - ssr:stedsnr = 260287 has multiple (2) positions, using the first one!
utility_to_osm - WARNING - ssr:stedsnr = 260288: No priority spelling found for lang = no, using alt_name to get "[('no', 'Klubban')]"
utility_to_osm - WARNING - ssr:stedsnr = 260288 has multiple (3) positions, using the first one!
utility_to_osm - WARNING - ssr:stedsnr = 260289 has multiple (2) positions, using the first one!
utility_to_osm - WARNING - ssr:stedsnr = 260295: No priority spelling found for lang = no, using alt_name to get "[('no', 'Vasskaret')]"
utility_to_osm - WARNING - ssr:stedsnr = 260796 has multiple (2) positions, using the first one!
utility_to_osm - WARNING - ssr:stedsnr = 260965 has multiple (2) positions, using the first one!
utility_to_osm - WARNING - ssr:stedsnr = 260933 has multiple (2) positions, using the first one!
utility_to_osm - WARNING - ssr:stedsnr = 260936: No priority spelling found for lang = no, using alt_name to get "[('no', 'Storelva')]"
utility_to_osm - WARNING - ssr:stedsnr = 260936 has multiple (2) positions, using the first one!
utility_to_osm - WARNING - ssr:stedsnr = 260970 has multiple (2) positions, using the first one!
utility_to_osm - WARNING - ssr:stedsnr = 260975 has multiple (2) positions, using the first one!
utility_to_osm - WARNING - ssr:stedsnr = 260991 has multiple (2) positions, using the first one!
utility_to_osm - WARNING - ssr:stedsnr = 263273 has multiple (2) positions, using the first one!
utility_to_osm - WARNING - ssr:stedsnr = 264068: No priority spelling found for lang = no, using alt_name to get "[('no', 'Mulen')]"
utility_to_osm - WARNING - ssr:stedsnr = 264068 has multiple (2) positions, using the first one!
utility_to_osm - WARNING - ssr:stedsnr = 264148: No priority spelling found for lang = no, using alt_name to get "[('no', 'Tømmeråsvatnet')]"
utility_to_osm - WARNING - ssr:stedsnr = 264148 has multiple (2) positions, using the first one!
utility_to_osm - WARNING - ssr:stedsnr = 264481: No priority spelling found for lang = no, using alt_name to get "[('no', 'Bottolvvikklubben')]"
utility_to_osm - WARNING - ssr:stedsnr = 199211 has multiple (2) positions, using the first one!
utility_to_osm - WARNING - ssr:stedsnr = 200905: No priority spelling found for lang = no, using alt_name to get "[('no', 'Vikeberget')]"
utility_to_osm - WARNING - ssr:stedsnr = 200995 has multiple (2) positions, using the first one!
utility_to_osm - WARNING - ssr:stedsnr = 203008: No priority spelling found for lang = no, using alt_name to get "[('no', 'Storheidalen')]"
utility_to_osm - WARNING - ssr:stedsnr = 203009: No priority spelling found for lang = no, using alt_name to get "[('no', 'Guleberget')]"
utility_to_osm - WARNING - ssr:stedsnr = 454436 has multiple (2) positions, using the first one!
utility_to_osm - WARNING - ssr:stedsnr = 260263: No priority spelling found for lang = no, using alt_name to get "[('no', 'Ristinden')]"
utility_to_osm - WARNING - ssr:stedsnr = 260263 has multiple (2) positions, using the first one!
utility_to_osm - WARNING - ssr:stedsnr = 260269: No priority spelling found for lang = no, using alt_name to get "[('no', 'Kvanntoelva')]"
utility_to_osm - WARNING - ssr:stedsnr = 260269 has multiple (3) positions, using the first one!
utility_to_osm - WARNING - ssr:stedsnr = 260857: No priority spelling found for lang = se, using alt_name to get "[('no', 'Salangen'), ('se', 'Siellakvuotna')]"
utility_to_osm - WARNING - ssr:stedsnr = 260857 has multiple (22) positions, using the first one!
utility_to_osm - WARNING - ssr:stedsnr = 291425 has multiple (2) positions, using the first one!
utility_to_osm - WARNING - ssr:stedsnr = 321876: No priority spelling found for lang = no, using alt_name to get "[('no', 'Rødberget')]"
utility_to_osm - WARNING - ssr:stedsnr = 321876 has multiple (2) positions, using the first one!
utility_to_osm - WARNING - ssr:stedsnr = 321877: No priority spelling found for lang = no, using alt_name to get "[('no', 'Klubben')]"
utility_to_osm - WARNING - ssr:stedsnr = 321877 has multiple (2) positions, using the first one!
utility_to_osm - WARNING - ssr:stedsnr = 324506: No priority spelling found for lang = se, using alt_name to get "[('no', 'Rollnes'), ('se', 'Nuorta-Rállegeahči')]"
utility_to_osm - WARNING - ssr:stedsnr = 325005: No priority spelling found for lang = no, using alt_name to get "[('no', 'Ura')]"
utility_to_osm - WARNING - ssr:stedsnr = 325005 has multiple (2) positions, using the first one!
utility_to_osm - WARNING - ssr:stedsnr = 325636: No priority spelling found for lang = se, using alt_name to get "[('no', 'Mjøsundbrua'), ('se', 'Mesuttiirovvi')]"
utility_to_osm - ERROR - ssr:stedsnr = 325636. No positions found, skipping
utility_to_osm - WARNING - ssr:stedsnr = 381302 has multiple (2) positions, using the first one!
utility_to_osm - WARNING - ssr:stedsnr = 381269: No priority spelling found for lang = no, using alt_name to get "[('no', 'Klåptinden')]"
utility_to_osm - WARNING - ssr:stedsnr = 381269 has multiple (2) positions, using the first one!
utility_to_osm - WARNING - ssr:stedsnr = 381274: No priority spelling found for lang = no, using alt_name to get "[('no', 'Bjørnsteinen')]"
utility_to_osm - WARNING - ssr:stedsnr = 381274 has multiple (2) positions, using the first one!
utility_to_osm - WARNING - ssr:stedsnr = 381965: No priority spelling found for lang = no, using alt_name to get "[('no', 'Stortinden')]"
utility_to_osm - WARNING - ssr:stedsnr = 381965 has multiple (4) positions, using the first one!
utility_to_osm - WARNING - ssr:stedsnr = 382912: No priority spelling found for lang = se, using alt_name to get "[('no', 'Sørrollnes'), ('se', 'Orjješ-Rállegeahči')]"
utility_to_osm - WARNING - ssr:stedsnr = 382912 has multiple (2) positions, using the first one!
utility_to_osm - WARNING - ssr:stedsnr = 385001: No priority spelling found for lang = no, using alt_name to get "[('no', 'Godvika')]"
utility_to_osm - WARNING - ssr:stedsnr = 385003: No priority spelling found for lang = no, using alt_name to get "[('no', 'Skreda')]"
utility_to_osm - WARNING - ssr:stedsnr = 442288 has multiple (2) positions, using the first one!
utility_to_osm - WARNING - ssr:stedsnr = 442794 has multiple (2) positions, using the first one!
utility_to_osm - WARNING - ssr:stedsnr = 442985 has multiple (2) positions, using the first one!
utility_to_osm - WARNING - ssr:stedsnr = 442992 has multiple (2) positions, using the first one!
utility_to_osm - WARNING - ssr:stedsnr = 442996 has multiple (2) positions, using the first one!
utility_to_osm - WARNING - ssr:stedsnr = 507426: No priority spelling found for lang = no, using alt_name to get "[('no', 'Ytter-Å')]"
utility_to_osm - WARNING - ssr:stedsnr = 685131 has multiple (4) positions, using the first one!
utility_to_osm - WARNING - ssr:stedsnr = 685236 has multiple (2) positions, using the first one!
utility_to_osm - WARNING - ssr:stedsnr = 685239: No priority spelling found for lang = no, using alt_name to get "[('no', 'Vikarsgrunnen')]"
utility_to_osm - WARNING - ssr:stedsnr = 685239 has multiple (2) positions, using the first one!
utility_to_osm - WARNING - ssr:stedsnr = 685285 has multiple (2) positions, using the first one!
utility_to_osm - WARNING - ssr:stedsnr = 685915 has multiple (2) positions, using the first one!
utility_to_osm - WARNING - ssr:stedsnr = 685933 has multiple (2) positions, using the first one!
utility_to_osm - WARNING - ssr:stedsnr = 685939 has multiple (2) positions, using the first one!
utility_to_osm - WARNING - ssr:stedsnr = 685993: No priority spelling found for lang = no, using alt_name to get "[('no', 'Skutneset')]"
utility_to_osm - WARNING - ssr:stedsnr = 685965 has multiple (2) positions, using the first one!
utility_to_osm - WARNING - ssr:stedsnr = 685969: No priority spelling found for lang = no, using alt_name to get "[('no', 'Lomvatnet')]"
utility_to_osm - WARNING - ssr:stedsnr = 685969 has multiple (2) positions, using the first one!
utility_to_osm - WARNING - ssr:stedsnr = 535477 has multiple (2) positions, using the first one!
utility_to_osm - WARNING - ssr:stedsnr = 689425: No priority spelling found for lang = no, using alt_name to get "[('no', 'Hammaren')]"
utility_to_osm - WARNING - ssr:stedsnr = 689425 has multiple (2) positions, using the first one!
utility_to_osm - WARNING - ssr:stedsnr = 567009: No priority spelling found for lang = no, using alt_name to get "[('no', 'Liberget')]"
utility_to_osm - ERROR - ssr:stedsnr = 697173: Adding multiple names to name tag, this is not OK! name = "Neset;Ytteråneset"
utility_to_osm - WARNING - ssr:stedsnr = 594813 has multiple (2) positions, using the first one!
utility_to_osm - WARNING - ssr:stedsnr = 627246: No priority spelling found for lang = se, using alt_name to get "[('no', 'Andørja'), ('se', 'Áttir')]"
utility_to_osm - WARNING - ssr:stedsnr = 627246 has multiple (14) positions, using the first one!
utility_to_osm - WARNING - ssr:stedsnr = 627610: No priority spelling found for lang = se, using alt_name to get "[('se', 'Orjješ-Rállegeahči')]"
utility_to_osm - WARNING - ssr:stedsnr = 656706 has multiple (2) positions, using the first one!
utility_to_osm - WARNING - ssr:stedsnr = 685208: No priority spelling found for lang = no, using alt_name to get "[('no', 'Allerhøgstholmen')]"
utility_to_osm - WARNING - ssr:stedsnr = 685208 has multiple (2) positions, using the first one!
utility_to_osm - WARNING - ssr:stedsnr = 685195: No priority spelling found for lang = no, using alt_name to get "[('no', 'Snøtinden')]"
utility_to_osm - WARNING - ssr:stedsnr = 685195 has multiple (4) positions, using the first one!
utility_to_osm - WARNING - ssr:stedsnr = 685847: No priority spelling found for lang = no, using alt_name to get "[('no', 'Kvalvikskaret')]"
utility_to_osm - WARNING - ssr:stedsnr = 685847 has multiple (2) positions, using the first one!
utility_to_osm - WARNING - ssr:stedsnr = 685852 has multiple (3) positions, using the first one!
utility_to_osm - WARNING - ssr:stedsnr = 685913 has multiple (2) positions, using the first one!
utility_to_osm - WARNING - ssr:stedsnr = 689431: No priority spelling found for lang = no, using alt_name to get "[('no', 'Ånstadgrunnen')]"
utility_to_osm - WARNING - ssr:stedsnr = 689431 has multiple (2) positions, using the first one!
utility_to_osm - WARNING - ssr:stedsnr = 689601: No priority spelling found for lang = no, using alt_name to get "[('no', 'Fornes')]"
utility_to_osm - WARNING - ssr:stedsnr = 689601 has multiple (3) positions, using the first one!
utility_to_osm - WARNING - ssr:stedsnr = 899892 has multiple (2) positions, using the first one!
utility_to_osm - WARNING - ssr:stedsnr = 745876 has multiple (2) positions, using the first one!
utility_to_osm - WARNING - ssr:stedsnr = 746207 has multiple (2) positions, using the first one!
utility_to_osm - WARNING - ssr:stedsnr = 749012: No priority spelling found for lang = no, using alt_name to get "[('no', 'Flatebergan')]"
utility_to_osm - WARNING - ssr:stedsnr = 749462: No priority spelling found for lang = no, using alt_name to get "[('no', 'Omnen')]"
utility_to_osm - WARNING - ssr:stedsnr = 749462 has multiple (2) positions, using the first one!
utility_to_osm - WARNING - ssr:stedsnr = 749466: No priority spelling found for lang = no, using alt_name to get "[('no', 'Ånstad')]"
utility_to_osm - WARNING - ssr:stedsnr = 777656 has multiple (2) positions, using the first one!
utility_to_osm - WARNING - ssr:stedsnr = 810493: No priority spelling found for lang = se, using alt_name to get "[('no', 'Ibestad'), ('se', 'Ivvárstádik')]"
utility_to_osm - WARNING - ssr:stedsnr = 928178 has multiple (2) positions, using the first one!
utility_to_osm - WARNING - ssr:stedsnr = 928181: No priority spelling found for lang = no, using alt_name to get "[('no', 'Lielvvatnet')]"
utility_to_osm - WARNING - ssr:stedsnr = 928181 has multiple (2) positions, using the first one!
utility_to_osm - WARNING - ssr:stedsnr = 928184: No priority spelling found for lang = no, using alt_name to get "[('no', 'Mølnhusbrekka')]"
utility_to_osm - WARNING - ssr:stedsnr = 928184 has multiple (3) positions, using the first one!
utility_to_osm - WARNING - ssr:stedsnr = 928190: No priority spelling found for lang = no, using alt_name to get "[('no', 'Ånstadlia')]"
utility_to_osm - WARNING - ssr:stedsnr = 928199: No priority spelling found for lang = no, using alt_name to get "[('no', 'Skjellelva')]"
utility_to_osm - WARNING - ssr:stedsnr = 928199 has multiple (2) positions, using the first one!
utility_to_osm - WARNING - ssr:stedsnr = 928208 has multiple (2) positions, using the first one!
utility_to_osm - WARNING - ssr:stedsnr = 928214 has multiple (2) positions, using the first one!
utility_to_osm - ERROR - ssr:stedsnr = 928216: Adding multiple names to name tag, this is not OK! name = "Isvatnet;Jektevikvatnan"
utility_to_osm - WARNING - ssr:stedsnr = 928916: No priority spelling found for lang = no, using alt_name to get "[('no', 'Brustinden')]"
utility_to_osm - WARNING - ssr:stedsnr = 928916 has multiple (2) positions, using the first one!
utility_to_osm - WARNING - ssr:stedsnr = 928942 has multiple (2) positions, using the first one!
utility_to_osm - WARNING - ssr:stedsnr = 928944 has multiple (2) positions, using the first one!
utility_to_osm - WARNING - ssr:stedsnr = 928988 has multiple (3) positions, using the first one!
utility_to_osm - WARNING - ssr:stedsnr = 928999 has multiple (3) positions, using the first one!
utility_to_osm - WARNING - ssr:stedsnr = 867951 has multiple (2) positions, using the first one!
utility_to_osm - WARNING - ssr:stedsnr = 930477: No priority spelling found for lang = no, using alt_name to get "[('no', 'Ibestadtunnelen')]"
utility_to_osm - ERROR - ssr:stedsnr = 930477. No positions found, skipping
utility_to_osm - WARNING - ssr:stedsnr = 931256 has multiple (2) positions, using the first one!
utility_to_osm - WARNING - ssr:stedsnr = 932439: No priority spelling found for lang = no, using alt_name to get "[('no', 'Bukkelia')]"
utility_to_osm - WARNING - ssr:stedsnr = 932439 has multiple (2) positions, using the first one!
utility_to_osm - WARNING - ssr:stedsnr = 932426: No priority spelling found for lang = no, using alt_name to get "[('no', 'Kroken')]"
utility_to_osm - ERROR - ssr:stedsnr = 894721. No positions found, skipping
utility_to_osm - WARNING - ssr:stedsnr = 899765 has multiple (2) positions, using the first one!
utility_to_osm - WARNING - ssr:stedsnr = 928950 has multiple (2) positions, using the first one!
utility_to_osm - WARNING - ssr:stedsnr = 932013: No priority spelling found for lang = no, using alt_name to get "[('no', 'Rollvatnet')]"
utility_to_osm - WARNING - ssr:stedsnr = 989924: No priority spelling found for lang = se, using alt_name to get "[('no', 'Forså')]"
utility_to_osm - WARNING - ssr:stedsnr = 989929: No priority spelling found for lang = se, using alt_name to get "[('no', 'Indre Forså')]"
utility_to_osm - WARNING - ssr:stedsnr = 18136 has multiple (2) positions, using the first one!
utility_to_osm - WARNING - ssr:stedsnr = 18220: No priority spelling found for lang = no, using alt_name to get "[('no', 'Hesteneset')]"
utility_to_osm - WARNING - ssr:stedsnr = 18220 has multiple (2) positions, using the first one!
utility_to_osm - WARNING - ssr:stedsnr = 18223 has multiple (2) positions, using the first one!
utility_to_osm - WARNING - ssr:stedsnr = 18171 has multiple (2) positions, using the first one!
utility_to_osm - WARNING - ssr:stedsnr = 18184: No priority spelling found for lang = no, using alt_name to get "[('no', 'Åborden')]"
utility_to_osm - WARNING - ssr:stedsnr = 18184 has multiple (2) positions, using the first one!
utility_to_osm - WARNING - ssr:stedsnr = 18264 has multiple (2) positions, using the first one!
utility_to_osm - WARNING - ssr:stedsnr = 18763: No priority spelling found for lang = se, using alt_name to get "[('no', 'Vågsfjorden')]"
utility_to_osm - WARNING - ssr:stedsnr = 18763 has multiple (42) positions, using the first one!
utility_to_osm - WARNING - ssr:stedsnr = 18872: No priority spelling found for lang = no, using alt_name to get "[('no', 'Rolla')]"
utility_to_osm - WARNING - ssr:stedsnr = 18872: No priority spelling found for lang = se, using alt_name to get "[('no', 'Rolla'), ('se', 'Rálli')]"
utility_to_osm - WARNING - ssr:stedsnr = 18872 has multiple (9) positions, using the first one!
utility_to_osm - WARNING - ssr:stedsnr = 18833: No priority spelling found for lang = se, using alt_name to get "[('no', 'Mjøsundet'), ('se', 'Mesuddi')]"
utility_to_osm - WARNING - ssr:stedsnr = 18833 has multiple (7) positions, using the first one!
utility_to_osm - WARNING - ssr:stedsnr = 21023: No priority spelling found for lang = no, using alt_name to get "[('no', 'Silden')]"
utility_to_osm - WARNING - ssr:stedsnr = 21030: No priority spelling found for lang = no, using alt_name to get "[('no', 'Kobbevika')]"
utility_to_osm - WARNING - ssr:stedsnr = 21031: No priority spelling found for lang = no, using alt_name to get "[('no', 'Brenna')]"
utility_to_osm - WARNING - ssr:stedsnr = 21476: No priority spelling found for lang = no, using alt_name to get "[('no', 'Breivoll')]"
utility_to_osm - WARNING - ssr:stedsnr = 49789 has multiple (2) positions, using the first one!
utility_to_osm - WARNING - ssr:stedsnr = 78139 has multiple (2) positions, using the first one!
utility_to_osm - WARNING - ssr:stedsnr = 78211 has multiple (2) positions, using the first one!
utility_to_osm - WARNING - ssr:stedsnr = 78268: No priority spelling found for lang = no, using alt_name to get "[('no', 'Rundtinden')]"
utility_to_osm - WARNING - ssr:stedsnr = 78268 has multiple (2) positions, using the first one!
utility_to_osm - WARNING - ssr:stedsnr = 78273: No priority spelling found for lang = no, using alt_name to get "[('no', 'Vasskartinden')]"
utility_to_osm - WARNING - ssr:stedsnr = 78273 has multiple (4) positions, using the first one!
utility_to_osm - WARNING - ssr:stedsnr = 78998 has multiple (2) positions, using the first one!
utility_to_osm - WARNING - ssr:stedsnr = 78775 has multiple (3) positions, using the first one!
utility_to_osm - WARNING - ssr:stedsnr = 78963 has multiple (2) positions, using the first one!
utility_to_osm - WARNING - ssr:stedsnr = 79190 has multiple (2) positions, using the first one!
utility_to_osm - WARNING - ssr:stedsnr = 79905 has multiple (2) positions, using the first one!
utility_to_osm - WARNING - ssr:stedsnr = 82074: No priority spelling found for lang = no, using alt_name to get "[('no', 'Mangelåsvatnet')]"
utility_to_osm - WARNING - ssr:stedsnr = 82438: No priority spelling found for lang = no, using alt_name to get "[('no', 'Mulan')]"
utility_to_osm - WARNING - ssr:stedsnr = 82439: No priority spelling found for lang = no, using alt_name to get "[('no', 'Ytter-Å')]"
utility_to_osm - WARNING - ssr:stedsnr = 82446: No priority spelling found for lang = no, using alt_name to get "[('no', 'Inner-Å')]"
utility_to_osm - WARNING - ssr:stedsnr = 82449: No priority spelling found for lang = no, using alt_name to get "[('no', 'Inner-Å')]"
utility_to_osm - WARNING - ssr:stedsnr = 110097 has multiple (2) positions, using the first one!
utility_to_osm - WARNING - ssr:stedsnr = 110451 has multiple (2) positions, using the first one!
utility_to_osm - WARNING - ssr:stedsnr = 138269: No priority spelling found for lang = no, using alt_name to get "[('no', 'Årbostadtinden')]"
utility_to_osm - WARNING - ssr:stedsnr = 138269 has multiple (3) positions, using the first one!
utility_to_osm - WARNING - ssr:stedsnr = 138986 has multiple (4) positions, using the first one!
utility_to_osm - WARNING - ssr:stedsnr = 139217 has multiple (2) positions, using the first one!
utility_to_osm - WARNING - ssr:stedsnr = 139223: No priority spelling found for lang = no, using alt_name to get "[('no', 'Kobbeskjæret')]"
utility_to_osm - WARNING - ssr:stedsnr = 139226 has multiple (2) positions, using the first one!
utility_to_osm - WARNING - ssr:stedsnr = 139928 has multiple (2) positions, using the first one!
utility_to_osm - WARNING - ssr:stedsnr = 142426: No priority spelling found for lang = no, using alt_name to get "[('no', 'Brørn')]"
utility_to_osm - WARNING - ssr:stedsnr = 142426 has multiple (2) positions, using the first one!
utility_to_osm - WARNING - ssr:stedsnr = 142429: No priority spelling found for lang = no, using alt_name to get "[('no', 'Ånstad')]"
utility_to_osm - WARNING - ssr:stedsnr = 143142: No priority spelling found for lang = no, using alt_name to get "[('no', 'Tjukkeneset')]"
utility_to_osm - WARNING - ssr:stedsnr = 143142 has multiple (2) positions, using the first one!
utility_to_osm - WARNING - ssr:stedsnr = 176230: No priority spelling found for lang = no, using alt_name to get "[('no', 'Brattåsvatnet')]"
utility_to_osm - WARNING - ssr:stedsnr = 199787 has multiple (2) positions, using the first one!
utility_to_osm - WARNING - ssr:stedsnr = 199946 has multiple (2) positions, using the first one!
utility_to_osm - WARNING - ssr:stedsnr = 199950 has multiple (2) positions, using the first one!
utility_to_osm - WARNING - ssr:stedsnr = 199952 has multiple (2) positions, using the first one!
utility_to_osm - WARNING - ssr:stedsnr = 199998 has multiple (2) positions, using the first one!
utility_to_osm - WARNING - ssr:stedsnr = 200123: No priority spelling found for lang = no, using alt_name to get "[('no', 'Straumen')]"
utility_to_osm - WARNING - ssr:stedsnr = 200123 has multiple (2) positions, using the first one!
utility_to_osm - WARNING - ssr:stedsnr = 200167: No priority spelling found for lang = no, using alt_name to get "[('no', 'Stor-Tømmervika')]"
utility_to_osm - WARNING - ssr:stedsnr = 200167 has multiple (2) positions, using the first one!
utility_to_osm - WARNING - ssr:stedsnr = 200208 has multiple (2) positions, using the first one!
utility_to_osm - WARNING - ssr:stedsnr = 200214 has multiple (2) positions, using the first one!
utility_to_osm - WARNING - ssr:stedsnr = 200219: No priority spelling found for lang = no, using alt_name to get "[('no', 'Brannen')]"
utility_to_osm - WARNING - ssr:stedsnr = 200219 has multiple (2) positions, using the first one!
utility_to_osm - WARNING - ssr:stedsnr = 200222: No priority spelling found for lang = no, using alt_name to get "[('no', 'Jekteberget')]"
utility_to_osm - WARNING - ssr:stedsnr = 200231 has multiple (2) positions, using the first one!
utility_to_osm - WARNING - ssr:stedsnr = 200232 has multiple (6) positions, using the first one!
utility_to_osm - WARNING - ssr:stedsnr = 200884: No priority spelling found for lang = no, using alt_name to get "[('no', 'Haugneset')]"
utility_to_osm - WARNING - ssr:stedsnr = 200985 has multiple (2) positions, using the first one!
utility_to_osm - WARNING - ssr:stedsnr = 200991: No priority spelling found for lang = no, using alt_name to get "[('no', 'Sulmyren')]"
utility_to_osm - WARNING - ssr:stedsnr = 200994 has multiple (2) positions, using the first one!
utility_to_osm - WARNING - ssr:stedsnr = 203468: No priority spelling found for lang = no, using alt_name to get "[('no', 'Svartholvatnet')]"
utility_to_osm - WARNING - ssr:stedsnr = 211998 has multiple (2) positions, using the first one!
utility_to_osm - WARNING - ssr:stedsnr = 320192: No priority spelling found for lang = no, using alt_name to get "[('no', 'Litje-Tømmervika')]"
utility_to_osm - WARNING - ssr:stedsnr = 320192 has multiple (2) positions, using the first one!
utility_to_osm - WARNING - ssr:stedsnr = 320196 has multiple (2) positions, using the first one!
utility_to_osm - WARNING - ssr:stedsnr = 321725 has multiple (2) positions, using the first one!
utility_to_osm - WARNING - ssr:stedsnr = 321117: No priority spelling found for lang = no, using alt_name to get "[('no', 'Klåpskjærvika')]"
utility_to_osm - WARNING - ssr:stedsnr = 321117 has multiple (2) positions, using the first one!
utility_to_osm - WARNING - ssr:stedsnr = 321221 has multiple (2) positions, using the first one!
utility_to_osm - WARNING - ssr:stedsnr = 321223: No priority spelling found for lang = no, using alt_name to get "[('no', 'Vasskaret')]"
utility_to_osm - WARNING - ssr:stedsnr = 321223 has multiple (3) positions, using the first one!
utility_to_osm - WARNING - ssr:stedsnr = 321268: No priority spelling found for lang = no, using alt_name to get "[('no', 'Storholmen')]"
utility_to_osm - WARNING - ssr:stedsnr = 321268 has multiple (2) positions, using the first one!
utility_to_osm - WARNING - ssr:stedsnr = 321946 has multiple (2) positions, using the first one!
utility_to_osm - WARNING - ssr:stedsnr = 325440: No priority spelling found for lang = no, using alt_name to get "[('no', 'Ånstadberget')]"
utility_to_osm - WARNING - ssr:stedsnr = 325441: No priority spelling found for lang = no, using alt_name to get "[('no', 'Ånstad')]"
utility_to_osm - WARNING - ssr:stedsnr = 325442: No priority spelling found for lang = no, using alt_name to get "[('no', 'Inner-Å')]"
utility_to_osm - WARNING - ssr:stedsnr = 325471: No priority spelling found for lang = no, using alt_name to get "[('no', 'Snøfjellvatnet')]"
utility_to_osm - WARNING - ssr:stedsnr = 325471 has multiple (2) positions, using the first one!
utility_to_osm - WARNING - ssr:stedsnr = 352073 has multiple (2) positions, using the first one!
utility_to_osm - WARNING - ssr:stedsnr = 382220 has multiple (4) positions, using the first one!
utility_to_osm - WARNING - ssr:stedsnr = 381224 has multiple (2) positions, using the first one!
utility_to_osm - WARNING - ssr:stedsnr = 381988 has multiple (2) positions, using the first one!
utility_to_osm - WARNING - ssr:stedsnr = 381952 has multiple (2) positions, using the first one!
utility_to_osm - WARNING - ssr:stedsnr = 381953 has multiple (6) positions, using the first one!
utility_to_osm - WARNING - ssr:stedsnr = 382191 has multiple (2) positions, using the first one!
utility_to_osm - WARNING - ssr:stedsnr = 382194 has multiple (2) positions, using the first one!
utility_to_osm - WARNING - ssr:stedsnr = 385454: No priority spelling found for lang = no, using alt_name to get "[('no', 'Ytter-Å')]"
utility_to_osm - WARNING - ssr:stedsnr = 385030: No priority spelling found for lang = no, using alt_name to get "[('no', 'Heimerdalen')]"
utility_to_osm - WARNING - ssr:stedsnr = 385030 has multiple (2) positions, using the first one!
utility_to_osm - WARNING - ssr:stedsnr = 385457: No priority spelling found for lang = no, using alt_name to get "[('no', 'Å-elva')]"
utility_to_osm - WARNING - ssr:stedsnr = 385465: No priority spelling found for lang = no, using alt_name to get "[('no', 'Strupen')]"
utility_to_osm - WARNING - ssr:stedsnr = 413671: No priority spelling found for lang = se, using alt_name to get "[('no', 'Seglsteinberget'), ('se', 'Borjjasgeargi')]"
utility_to_osm - WARNING - ssr:stedsnr = 442326 has multiple (3) positions, using the first one!
utility_to_osm - WARNING - ssr:stedsnr = 442151: No priority spelling found for lang = no, using alt_name to get "[('no', 'Buberget')]"
utility_to_osm - WARNING - ssr:stedsnr = 442158 has multiple (2) positions, using the first one!
utility_to_osm - WARNING - ssr:stedsnr = 442263 has multiple (2) positions, using the first one!
utility_to_osm - WARNING - ssr:stedsnr = 442917: No priority spelling found for lang = no, using alt_name to get "[('no', 'Likberget')]"
utility_to_osm - WARNING - ssr:stedsnr = 442918 has multiple (2) positions, using the first one!
utility_to_osm - WARNING - ssr:stedsnr = 442953: No priority spelling found for lang = no, using alt_name to get "[('no', 'Jovatnet')]"
utility_to_osm - WARNING - ssr:stedsnr = 442953 has multiple (2) positions, using the first one!
utility_to_osm - WARNING - ssr:stedsnr = 442957 has multiple (2) positions, using the first one!
utility_to_osm - WARNING - ssr:stedsnr = 442959: No priority spelling found for lang = no, using alt_name to get "[('no', 'Lågmyra')]"
utility_to_osm - WARNING - ssr:stedsnr = 442959 has multiple (2) positions, using the first one!
utility_to_osm - WARNING - ssr:stedsnr = 443199: No priority spelling found for lang = no, using alt_name to get "[('no', 'Kalkeneset')]"
utility_to_osm - WARNING - ssr:stedsnr = 443199 has multiple (2) positions, using the first one!
utility_to_osm - WARNING - ssr:stedsnr = 443226 has multiple (2) positions, using the first one!
utility_to_osm - WARNING - ssr:stedsnr = 446044: No priority spelling found for lang = no, using alt_name to get "[('no', 'Sandvika')]"
utility_to_osm - WARNING - ssr:stedsnr = 446425: No priority spelling found for lang = no, using alt_name to get "[('no', 'Fornes')]"
utility_to_osm - WARNING - ssr:stedsnr = 446453: No priority spelling found for lang = no, using alt_name to get "[('no', 'Inner-Å')]"
utility_to_osm - WARNING - ssr:stedsnr = 503188: No priority spelling found for lang = no, using alt_name to get "[('no', 'Lineset')]"
utility_to_osm - WARNING - ssr:stedsnr = 503188 has multiple (2) positions, using the first one!
utility_to_osm - WARNING - ssr:stedsnr = 503189: No priority spelling found for lang = se, using alt_name to get "[('se', 'Nuorta-Rállegeahči')]"
utility_to_osm - WARNING - ssr:stedsnr = 503189: No priority spelling found for lang = se, using alt_name to get "[('no', 'Nord-Rollnes'), ('se', 'Nuorta-Rállegeahči')]"
utility_to_osm - WARNING - ssr:stedsnr = 503189 has multiple (2) positions, using the first one!
utility_to_osm - WARNING - ssr:stedsnr = 503197: No priority spelling found for lang = no, using alt_name to get "[('no', 'Kupholman')]"
utility_to_osm - WARNING - ssr:stedsnr = 503197 has multiple (2) positions, using the first one!
utility_to_osm - WARNING - ssr:stedsnr = 503208 has multiple (2) positions, using the first one!
utility_to_osm - WARNING - ssr:stedsnr = 503730: No priority spelling found for lang = no, using alt_name to get "[('no', 'Nordkollen')]"
utility_to_osm - WARNING - ssr:stedsnr = 503730 has multiple (3) positions, using the first one!
utility_to_osm - WARNING - ssr:stedsnr = 503887: No priority spelling found for lang = no, using alt_name to get "[('no', 'Ramnfløya')]"
utility_to_osm - WARNING - ssr:stedsnr = 503951: No priority spelling found for lang = no, using alt_name to get "[('no', 'Mellatinden')]"
utility_to_osm - WARNING - ssr:stedsnr = 503951 has multiple (2) positions, using the first one!
utility_to_osm - WARNING - ssr:stedsnr = 507439: No priority spelling found for lang = no, using alt_name to get "[('no', 'Vassbotn')]"
utility_to_osm - WARNING - ssr:stedsnr = 535574 has multiple (2) positions, using the first one!
utility_to_osm - WARNING - ssr:stedsnr = 563206 has multiple (2) positions, using the first one!
utility_to_osm - WARNING - ssr:stedsnr = 563209: No priority spelling found for lang = no, using alt_name to get "[('no', 'Åtinden')]"
utility_to_osm - WARNING - ssr:stedsnr = 563141 has multiple (2) positions, using the first one!
utility_to_osm - WARNING - ssr:stedsnr = 563231 has multiple (2) positions, using the first one!
utility_to_osm - WARNING - ssr:stedsnr = 563233 has multiple (2) positions, using the first one!
utility_to_osm - WARNING - ssr:stedsnr = 563242: No priority spelling found for lang = no, using alt_name to get "[('no', 'Gongskardalen')]"
utility_to_osm - WARNING - ssr:stedsnr = 563242 has multiple (2) positions, using the first one!
utility_to_osm - WARNING - ssr:stedsnr = 563248 has multiple (2) positions, using the first one!
utility_to_osm - WARNING - ssr:stedsnr = 563252: No priority spelling found for lang = no, using alt_name to get "[('no', 'Skartinden')]"
utility_to_osm - WARNING - ssr:stedsnr = 563252 has multiple (2) positions, using the first one!
utility_to_osm - WARNING - ssr:stedsnr = 563218: No priority spelling found for lang = no, using alt_name to get "[('no', 'Mølnhusvatnet')]"
utility_to_osm - WARNING - ssr:stedsnr = 563218 has multiple (2) positions, using the first one!
utility_to_osm - WARNING - ssr:stedsnr = 563281 has multiple (2) positions, using the first one!
utility_to_osm - WARNING - ssr:stedsnr = 563795 has multiple (2) positions, using the first one!
utility_to_osm - WARNING - ssr:stedsnr = 563925: No priority spelling found for lang = no, using alt_name to get "[('no', 'Lasselitinden')]"
utility_to_osm - WARNING - ssr:stedsnr = 563925 has multiple (2) positions, using the first one!
utility_to_osm - WARNING - ssr:stedsnr = 563915: No priority spelling found for lang = no, using alt_name to get "[('no', 'Rognvika')]"
utility_to_osm - WARNING - ssr:stedsnr = 563915 has multiple (2) positions, using the first one!
utility_to_osm - WARNING - ssr:stedsnr = 563969: No priority spelling found for lang = se, using alt_name to get "[('no', 'Astafjorden')]"
utility_to_osm - WARNING - ssr:stedsnr = 563969 has multiple (23) positions, using the first one!
utility_to_osm - WARNING - ssr:stedsnr = 563971 has multiple (2) positions, using the first one!
utility_to_osm - WARNING - ssr:stedsnr = 563988 has multiple (2) positions, using the first one!
utility_to_osm - WARNING - ssr:stedsnr = 563960 has multiple (3) positions, using the first one!
utility_to_osm - WARNING - ssr:stedsnr = 563961 has multiple (2) positions, using the first one!
utility_to_osm - WARNING - ssr:stedsnr = 563997 has multiple (2) positions, using the first one!
utility_to_osm - WARNING - ssr:stedsnr = 564175 has multiple (2) positions, using the first one!
utility_to_osm - WARNING - ssr:stedsnr = 567441: No priority spelling found for lang = no, using alt_name to get "[('no', 'Snøfjellelva')]"
utility_to_osm - WARNING - ssr:stedsnr = 624229: No priority spelling found for lang = no, using alt_name to get "[('no', 'Ånstadelva')]"
utility_to_osm - WARNING - ssr:stedsnr = 624229 has multiple (2) positions, using the first one!
utility_to_osm - WARNING - ssr:stedsnr = 624232 has multiple (2) positions, using the first one!
utility_to_osm - WARNING - ssr:stedsnr = 624236 has multiple (2) positions, using the first one!
utility_to_osm - WARNING - ssr:stedsnr = 624250: No priority spelling found for lang = no, using alt_name to get "[('no', 'Middagstinden')]"
utility_to_osm - WARNING - ssr:stedsnr = 624250 has multiple (2) positions, using the first one!
utility_to_osm - ERROR - ssr:stedsnr = 624960: Adding multiple names to name tag, this is not OK! name = "Krokvatnet;Store Krokvatnet"
utility_to_osm - WARNING - ssr:stedsnr = 624960 has multiple (5) positions, using the first one!
utility_to_osm - WARNING - ssr:stedsnr = 624954 has multiple (2) positions, using the first one!
utility_to_osm - WARNING - ssr:stedsnr = 628431: No priority spelling found for lang = no, using alt_name to get "[('no', 'Holmen')]"
utility_to_osm - WARNING - ssr:stedsnr = 628431 has multiple (2) positions, using the first one!
utility_to_osm - WARNING - ssr:stedsnr = 656793 has multiple (2) positions, using the first one!
utility_to_osm - WARNING - ssr:stedsnr = 656765: No priority spelling found for lang = no, using alt_name to get "[('no', 'Gongskarelva')]"
utility_to_osm - WARNING - ssr:stedsnr = 656765 has multiple (2) positions, using the first one!
utility_to_osm - WARNING - ssr:stedsnr = 717637 has multiple (2) positions, using the first one!
utility_to_osm - WARNING - ssr:stedsnr = 745161 has multiple (2) positions, using the first one!
utility_to_osm - WARNING - ssr:stedsnr = 745245 has multiple (2) positions, using the first one!
utility_to_osm - WARNING - ssr:stedsnr = 746223: No priority spelling found for lang = no, using alt_name to get "[('no', 'Vasskarvatnet')]"
utility_to_osm - WARNING - ssr:stedsnr = 746223 has multiple (2) positions, using the first one!
utility_to_osm - WARNING - ssr:stedsnr = 749014: No priority spelling found for lang = no, using alt_name to get "[('no', 'Kjerringvika')]"
utility_to_osm - WARNING - ssr:stedsnr = 754087 has multiple (3) positions, using the first one!
utility_to_osm - WARNING - ssr:stedsnr = 758276: No priority spelling found for lang = no, using alt_name to get "[('no', 'Gangvadskjæret')]"
utility_to_osm - WARNING - ssr:stedsnr = 806127 has multiple (2) positions, using the first one!
utility_to_osm - WARNING - ssr:stedsnr = 806199: No priority spelling found for lang = no, using alt_name to get "[('no', 'Ørsteinen')]"
utility_to_osm - WARNING - ssr:stedsnr = 806199 has multiple (2) positions, using the first one!
utility_to_osm - WARNING - ssr:stedsnr = 806225: No priority spelling found for lang = no, using alt_name to get "[('no', 'Bygda')]"
utility_to_osm - WARNING - ssr:stedsnr = 806225: No priority spelling found for lang = se, using alt_name to get "[('no', 'Bygda'), ('se', 'Bikta')]"
utility_to_osm - WARNING - ssr:stedsnr = 806225 has multiple (18) positions, using the first one!
utility_to_osm - WARNING - ssr:stedsnr = 806245: No priority spelling found for lang = no, using alt_name to get "[('no', 'Skjellvikneset')]"
utility_to_osm - WARNING - ssr:stedsnr = 806245 has multiple (2) positions, using the first one!
utility_to_osm - WARNING - ssr:stedsnr = 806248: No priority spelling found for lang = no, using alt_name to get "[('no', 'Nonskarhågen')]"
utility_to_osm - WARNING - ssr:stedsnr = 806248 has multiple (2) positions, using the first one!
utility_to_osm - WARNING - ssr:stedsnr = 806869 has multiple (2) positions, using the first one!
utility_to_osm - WARNING - ssr:stedsnr = 806942 has multiple (4) positions, using the first one!
utility_to_osm - WARNING - ssr:stedsnr = 807200: No priority spelling found for lang = no, using alt_name to get "[('no', 'Skreddalsvatnan')]"
utility_to_osm - WARNING - ssr:stedsnr = 807200 has multiple (2) positions, using the first one!
utility_to_osm - WARNING - ssr:stedsnr = 807209 has multiple (2) positions, using the first one!
utility_to_osm - WARNING - ssr:stedsnr = 807185: No priority spelling found for lang = no, using alt_name to get "[('no', 'Kvanntobotn')]"
utility_to_osm - WARNING - ssr:stedsnr = 838685 has multiple (2) positions, using the first one!
utility_to_osm - WARNING - ssr:stedsnr = 867164 has multiple (2) positions, using the first one!
utility_to_osm - WARNING - ssr:stedsnr = 867170 has multiple (2) positions, using the first one!
utility_to_osm - WARNING - ssr:stedsnr = 867238: No priority spelling found for lang = no, using alt_name to get "[('no', 'Stortinden')]"
utility_to_osm - WARNING - ssr:stedsnr = 867238 has multiple (2) positions, using the first one!
utility_to_osm - WARNING - ssr:stedsnr = 867242 has multiple (2) positions, using the first one!
utility_to_osm - WARNING - ssr:stedsnr = 867260: No priority spelling found for lang = no, using alt_name to get "[('no', 'Laupstadskjæran')]"
utility_to_osm - WARNING - ssr:stedsnr = 867260 has multiple (2) positions, using the first one!
utility_to_osm - WARNING - ssr:stedsnr = 867267: No priority spelling found for lang = no, using alt_name to get "[('no', 'Rundtinden')]"
utility_to_osm - WARNING - ssr:stedsnr = 867267 has multiple (2) positions, using the first one!
utility_to_osm - WARNING - ssr:stedsnr = 867270: No priority spelling found for lang = no, using alt_name to get "[('no', 'Riven')]"
utility_to_osm - WARNING - ssr:stedsnr = 867270 has multiple (2) positions, using the first one!
utility_to_osm - WARNING - ssr:stedsnr = 867275 has multiple (2) positions, using the first one!
utility_to_osm - WARNING - ssr:stedsnr = 867285 has multiple (2) positions, using the first one!
utility_to_osm - WARNING - ssr:stedsnr = 868169 has multiple (2) positions, using the first one!
utility_to_osm - WARNING - ssr:stedsnr = 868194: No priority spelling found for lang = no, using alt_name to get "[('no', 'Stormyra')]"
utility_to_osm - WARNING - ssr:stedsnr = 868194 has multiple (2) positions, using the first one!
utility_to_osm - WARNING - ssr:stedsnr = 871423: No priority spelling found for lang = no, using alt_name to get "[('no', 'Inner-Å')]"
utility_to_osm - WARNING - ssr:stedsnr = 871453: No priority spelling found for lang = no, using alt_name to get "[('no', 'Vasskarura')]"
utility_to_osm - WARNING - ssr:stedsnr = 871453 has multiple (2) positions, using the first one!
utility_to_osm - WARNING - ssr:stedsnr = 871454: No priority spelling found for lang = no, using alt_name to get "[('no', 'Langneset')]"
utility_to_osm - WARNING - ssr:stedsnr = 959632 has multiple (2) positions, using the first one!
utility_to_osm - WARNING - ssr:stedsnr = 989963: No priority spelling found for lang = se, using alt_name to get "[('no', 'Ytre Forså')]"
utility_to_osm - WARNING - ssr:stedsnr = 1009736: No priority spelling found for lang = no, using alt_name to get "[('no', 'Rabbenveien')]"
utility_to_osm - ERROR - ssr:stedsnr = 1009736. No positions found, skipping
utility_to_osm - WARNING - ssr:stedsnr = 1009675: No priority spelling found for lang = no, using alt_name to get "[('no', 'Kalvegarden')]"
utility_to_osm - ERROR - ssr:stedsnr = 1009675. No positions found, skipping
utility_to_osm - WARNING - ssr:stedsnr = 1009676: No priority spelling found for lang = no, using alt_name to get "[('no', 'Parteskjærveien')]"
utility_to_osm - ERROR - ssr:stedsnr = 1009676. No positions found, skipping
utility_to_osm - WARNING - ssr:stedsnr = 1009677: No priority spelling found for lang = no, using alt_name to get "[('no', 'Sørrollnesveien')]"
utility_to_osm - ERROR - ssr:stedsnr = 1009677. No positions found, skipping
utility_to_osm - WARNING - ssr:stedsnr = 1009678: No priority spelling found for lang = no, using alt_name to get "[('no', 'Sør-Forsåveien')]"
utility_to_osm - ERROR - ssr:stedsnr = 1009678. No positions found, skipping
utility_to_osm - WARNING - ssr:stedsnr = 1009679: No priority spelling found for lang = no, using alt_name to get "[('no', 'Sletta')]"
utility_to_osm - ERROR - ssr:stedsnr = 1009679. No positions found, skipping
utility_to_osm - WARNING - ssr:stedsnr = 1009680: No priority spelling found for lang = no, using alt_name to get "[('no', 'Gardsvikdalen')]"
utility_to_osm - ERROR - ssr:stedsnr = 1009680. No positions found, skipping
utility_to_osm - WARNING - ssr:stedsnr = 1009681: No priority spelling found for lang = no, using alt_name to get "[('no', 'Breivollveien')]"
utility_to_osm - ERROR - ssr:stedsnr = 1009681. No positions found, skipping
utility_to_osm - WARNING - ssr:stedsnr = 1009682: No priority spelling found for lang = no, using alt_name to get "[('no', 'Kirkegårdsveien')]"
utility_to_osm - ERROR - ssr:stedsnr = 1009682. No positions found, skipping
utility_to_osm - WARNING - ssr:stedsnr = 1009737: No priority spelling found for lang = no, using alt_name to get "[('no', 'Nøysomheten')]"
utility_to_osm - ERROR - ssr:stedsnr = 1009737. No positions found, skipping
utility_to_osm - WARNING - ssr:stedsnr = 1009701: No priority spelling found for lang = no, using alt_name to get "[('no', 'Kaiveien')]"
utility_to_osm - ERROR - ssr:stedsnr = 1009701. No positions found, skipping
utility_to_osm - WARNING - ssr:stedsnr = 1009702: No priority spelling found for lang = no, using alt_name to get "[('no', 'Furnesveien')]"
utility_to_osm - ERROR - ssr:stedsnr = 1009702. No positions found, skipping
utility_to_osm - WARNING - ssr:stedsnr = 1009703: No priority spelling found for lang = no, using alt_name to get "[('no', 'Håkons vei')]"
utility_to_osm - ERROR - ssr:stedsnr = 1009703. No positions found, skipping
utility_to_osm - WARNING - ssr:stedsnr = 1009704: No priority spelling found for lang = no, using alt_name to get "[('no', 'Andørjaveien')]"
utility_to_osm - ERROR - ssr:stedsnr = 1009704. No positions found, skipping
utility_to_osm - WARNING - ssr:stedsnr = 1009709: No priority spelling found for lang = no, using alt_name to get "[('no', 'Ibestadveien')]"
utility_to_osm - ERROR - ssr:stedsnr = 1009709. No positions found, skipping
utility_to_osm - WARNING - ssr:stedsnr = 1009720: No priority spelling found for lang = no, using alt_name to get "[('no', 'Flaten')]"
utility_to_osm - ERROR - ssr:stedsnr = 1009720. No positions found, skipping
utility_to_osm - WARNING - ssr:stedsnr = 1009721: No priority spelling found for lang = no, using alt_name to get "[('no', 'Klåpskjærvika')]"
utility_to_osm - ERROR - ssr:stedsnr = 1009721. No positions found, skipping
utility_to_osm - WARNING - ssr:stedsnr = 1009722: No priority spelling found for lang = no, using alt_name to get "[('no', 'Fuglebergveien')]"
utility_to_osm - ERROR - ssr:stedsnr = 1009722. No positions found, skipping
utility_to_osm - WARNING - ssr:stedsnr = 1009723: No priority spelling found for lang = no, using alt_name to get "[('no', 'Vasskarveien')]"
utility_to_osm - ERROR - ssr:stedsnr = 1009723. No positions found, skipping
utility_to_osm - WARNING - ssr:stedsnr = 1009725: No priority spelling found for lang = no, using alt_name to get "[('no', 'Langnesveien')]"
utility_to_osm - ERROR - ssr:stedsnr = 1009725. No positions found, skipping
utility_to_osm - WARNING - ssr:stedsnr = 1009726: No priority spelling found for lang = no, using alt_name to get "[('no', 'Solstadveien')]"
utility_to_osm - ERROR - ssr:stedsnr = 1009726. No positions found, skipping
utility_to_osm - WARNING - ssr:stedsnr = 1009727: No priority spelling found for lang = no, using alt_name to get "[('no', 'Straumbotnveien')]"
utility_to_osm - ERROR - ssr:stedsnr = 1009727. No positions found, skipping
utility_to_osm - WARNING - ssr:stedsnr = 1009728: No priority spelling found for lang = no, using alt_name to get "[('no', 'Straumskjærvika')]"
utility_to_osm - ERROR - ssr:stedsnr = 1009728. No positions found, skipping
utility_to_osm - WARNING - ssr:stedsnr = 1009729: No priority spelling found for lang = no, using alt_name to get "[('no', 'Hamneveien')]"
utility_to_osm - ERROR - ssr:stedsnr = 1009729. No positions found, skipping
utility_to_osm - WARNING - ssr:stedsnr = 1009730: No priority spelling found for lang = no, using alt_name to get "[('no', 'Kjerkeveien')]"
utility_to_osm - ERROR - ssr:stedsnr = 1009730. No positions found, skipping
utility_to_osm - WARNING - ssr:stedsnr = 1009731: No priority spelling found for lang = no, using alt_name to get "[('no', 'Nappen')]"
utility_to_osm - ERROR - ssr:stedsnr = 1009731. No positions found, skipping
utility_to_osm - WARNING - ssr:stedsnr = 1009732: No priority spelling found for lang = no, using alt_name to get "[('no', 'Kleiva')]"
utility_to_osm - ERROR - ssr:stedsnr = 1009732. No positions found, skipping
utility_to_osm - WARNING - ssr:stedsnr = 1009733: No priority spelling found for lang = no, using alt_name to get "[('no', 'Brekka')]"
utility_to_osm - ERROR - ssr:stedsnr = 1009733. No positions found, skipping
utility_to_osm - WARNING - ssr:stedsnr = 1009734: No priority spelling found for lang = no, using alt_name to get "[('no', 'Vardhågveien')]"
utility_to_osm - ERROR - ssr:stedsnr = 1009734. No positions found, skipping
utility_to_osm - WARNING - ssr:stedsnr = 1009735: No priority spelling found for lang = no, using alt_name to get "[('no', 'Sjyveien')]"
utility_to_osm - ERROR - ssr:stedsnr = 1009735. No positions found, skipping
utility_to_osm - WARNING - ssr:stedsnr = 1009738: No priority spelling found for lang = no, using alt_name to get "[('no', 'Skarveien')]"
utility_to_osm - ERROR - ssr:stedsnr = 1009738. No positions found, skipping
utility_to_osm - WARNING - ssr:stedsnr = 1009739: No priority spelling found for lang = no, using alt_name to get "[('no', 'Borgveien')]"
utility_to_osm - ERROR - ssr:stedsnr = 1009739. No positions found, skipping
utility_to_osm - WARNING - ssr:stedsnr = 1009741: No priority spelling found for lang = no, using alt_name to get "[('no', 'Åsemurveien')]"
utility_to_osm - ERROR - ssr:stedsnr = 1009741. No positions found, skipping
utility_to_osm - WARNING - ssr:stedsnr = 1009742: No priority spelling found for lang = no, using alt_name to get "[('no', 'Reidulf Arntzens vei')]"
utility_to_osm - ERROR - ssr:stedsnr = 1009742. No positions found, skipping
utility_to_osm - WARNING - ssr:stedsnr = 1009743: No priority spelling found for lang = no, using alt_name to get "[('no', 'Kopparvika')]"
utility_to_osm - ERROR - ssr:stedsnr = 1009743. No positions found, skipping
utility_to_osm - WARNING - ssr:stedsnr = 1009744: No priority spelling found for lang = no, using alt_name to get "[('no', 'Mellomveien')]"
utility_to_osm - ERROR - ssr:stedsnr = 1009744. No positions found, skipping
utility_to_osm - WARNING - ssr:stedsnr = 1009745: No priority spelling found for lang = no, using alt_name to get "[('no', 'Kipertnesveien')]"
utility_to_osm - ERROR - ssr:stedsnr = 1009745. No positions found, skipping
utility_to_osm - WARNING - ssr:stedsnr = 1009746: No priority spelling found for lang = no, using alt_name to get "[('no', 'Årsandveien')]"
utility_to_osm - ERROR - ssr:stedsnr = 1009746. No positions found, skipping
utility_to_osm - WARNING - ssr:stedsnr = 1009747: No priority spelling found for lang = no, using alt_name to get "[('no', 'Årnesveien')]"
utility_to_osm - ERROR - ssr:stedsnr = 1009747. No positions found, skipping
utility_to_osm - WARNING - ssr:stedsnr = 1009748: No priority spelling found for lang = no, using alt_name to get "[('no', 'Lensmannsveien')]"
utility_to_osm - ERROR - ssr:stedsnr = 1009748. No positions found, skipping
utility_to_osm - WARNING - ssr:stedsnr = 1009749: No priority spelling found for lang = no, using alt_name to get "[('no', 'Parkveien')]"
utility_to_osm - ERROR - ssr:stedsnr = 1009749. No positions found, skipping
utility_to_osm - WARNING - ssr:stedsnr = 1009750: No priority spelling found for lang = no, using alt_name to get "[('no', 'Bollaveien')]"
utility_to_osm - ERROR - ssr:stedsnr = 1009750. No positions found, skipping
utility_to_osm - WARNING - ssr:stedsnr = 1009751: No priority spelling found for lang = no, using alt_name to get "[('no', 'Bygdaveien')]"
utility_to_osm - ERROR - ssr:stedsnr = 1009751. No positions found, skipping
utility_to_osm - WARNING - ssr:stedsnr = 1009752: No priority spelling found for lang = no, using alt_name to get "[('no', 'Øver-Vik')]"
utility_to_osm - ERROR - ssr:stedsnr = 1009752. No positions found, skipping
utility_to_osm - WARNING - ssr:stedsnr = 1073694: No priority spelling found for lang = fkv, using alt_name to get "[('fkv', 'Tromssan ja Finmarkun fylkki')]"
utility_to_osm - WARNING - ssr:stedsnr = 1073694: No priority spelling found for lang = fkv, using alt_name to get "[('se', 'Romssa ja Finnmárkku fylka'), ('fkv', 'Tromssan ja Finmarkun fylkki')]"
utility_to_osm - WARNING - ssr:stedsnr = 1073694: No priority spelling found for lang = fkv, using alt_name to get "[('no', 'Troms og Finnmark'), ('no', 'Troms og Finnmark fylke'), ('se', 'Romssa ja Finnmárkku fylka'), ('fkv', 'Tromssan ja Finmarkun fylkki')]"
utility_to_osm - ERROR - ssr:stedsnr = 1073694: Adding multiple names to name tag, this is not OK! name = "Troms og Finnmark;Troms og Finnmark fylke"
utility_to_osm - WARNING - ssr:stedsnr = 1075695: No priority spelling found for lang = no, using alt_name to get "[('no', 'Ishavsbyen videregående skole')]"
utility_to_osm - WARNING - ssr:stedsnr = 1079913: No priority spelling found for lang = no, using alt_name to get "[('no', 'Emma Olsens vei')]"
utility_to_osm - WARNING - ssr:stedsnr = 1082121: No priority spelling found for lang = no, using alt_name to get "[('no', 'Mevassveien')]"
utility_to_osm - WARNING - ssr:stedsnr = 1082122: No priority spelling found for lang = no, using alt_name to get "[('no', 'Heimerdalsveien')]"
utility_to_osm - WARNING - ssr:stedsnr = 1082126: No priority spelling found for lang = no, using alt_name to get "[('no', 'Vassverkveien')]"
utility_to_osm - WARNING - ssr:stedsnr = 1082129: No priority spelling found for lang = no, using alt_name to get "[('no', 'Ramnfløyveien')]"
utility_to_osm - WARNING - ssr:stedsnr = 1082132: No priority spelling found for lang = no, using alt_name to get "[('no', 'Gammanveien')]"
utility_to_osm - WARNING - ssr:stedsnr = 1082397: No priority spelling found for lang = no, using alt_name to get "[('no', 'Otto Borchgrevinks vei')]"
