utility_to_osm - WARNING - ssr:stedsnr = 1037662: No priority spelling found for lang = no, using alt_name to get "[('no', u'Eide')]"
utility_to_osm - ERROR - ssr:stedsnr = 1037662. No positions found, skipping
utility_to_osm - WARNING - ssr:stedsnr = 1037664: No priority spelling found for lang = no, using alt_name to get "[('no', u'Raunholm')]"
utility_to_osm - ERROR - ssr:stedsnr = 1037664. No positions found, skipping
utility_to_osm - WARNING - ssr:stedsnr = 1037547: No priority spelling found for lang = no, using alt_name to get "[('no', u'S\xf8re St\xf8len')]"
utility_to_osm - ERROR - ssr:stedsnr = 1037547. No positions found, skipping
utility_to_osm - WARNING - ssr:stedsnr = 1037550: No priority spelling found for lang = no, using alt_name to get "[('no', u'Rimbareidvegen')]"
utility_to_osm - ERROR - ssr:stedsnr = 1037550. No positions found, skipping
utility_to_osm - WARNING - ssr:stedsnr = 1037553: No priority spelling found for lang = no, using alt_name to get "[('no', u'Rossnesbrotet')]"
utility_to_osm - ERROR - ssr:stedsnr = 1037553. No positions found, skipping
utility_to_osm - WARNING - ssr:stedsnr = 1037556: No priority spelling found for lang = no, using alt_name to get "[('no', u'Storhaugtunet')]"
utility_to_osm - ERROR - ssr:stedsnr = 1037556. No positions found, skipping
utility_to_osm - WARNING - ssr:stedsnr = 1037559: No priority spelling found for lang = no, using alt_name to get "[('no', u'Austre Prestb\xf8vegen')]"
utility_to_osm - ERROR - ssr:stedsnr = 1037559. No positions found, skipping
utility_to_osm - WARNING - ssr:stedsnr = 1037562: No priority spelling found for lang = no, using alt_name to get "[('no', u'Vestre Prestb\xf8vegen')]"
utility_to_osm - ERROR - ssr:stedsnr = 1037562. No positions found, skipping
utility_to_osm - WARNING - ssr:stedsnr = 1037565: No priority spelling found for lang = no, using alt_name to get "[('no', u'Hungersdalen')]"
utility_to_osm - ERROR - ssr:stedsnr = 1037565. No positions found, skipping
utility_to_osm - WARNING - ssr:stedsnr = 1037568: No priority spelling found for lang = no, using alt_name to get "[('no', u'Nygardsvegen')]"
utility_to_osm - ERROR - ssr:stedsnr = 1037568. No positions found, skipping
utility_to_osm - WARNING - ssr:stedsnr = 1037571: No priority spelling found for lang = no, using alt_name to get "[('no', u'F\xe6r\xf8ysundvegen')]"
utility_to_osm - ERROR - ssr:stedsnr = 1037571. No positions found, skipping
utility_to_osm - WARNING - ssr:stedsnr = 1037572: No priority spelling found for lang = no, using alt_name to get "[('no', u'Tednekleivo')]"
utility_to_osm - ERROR - ssr:stedsnr = 1037572. No positions found, skipping
utility_to_osm - WARNING - ssr:stedsnr = 1037576: No priority spelling found for lang = no, using alt_name to get "[('no', u'Nesevegen')]"
utility_to_osm - ERROR - ssr:stedsnr = 1037576. No positions found, skipping
utility_to_osm - WARNING - ssr:stedsnr = 1037578: No priority spelling found for lang = no, using alt_name to get "[('no', u'Sandvikvegen')]"
utility_to_osm - ERROR - ssr:stedsnr = 1037578. No positions found, skipping
utility_to_osm - WARNING - ssr:stedsnr = 1037584: No priority spelling found for lang = no, using alt_name to get "[('no', u'\xd8rnavarden')]"
utility_to_osm - ERROR - ssr:stedsnr = 1037584. No positions found, skipping
utility_to_osm - WARNING - ssr:stedsnr = 1037588: No priority spelling found for lang = no, using alt_name to get "[('no', u'Rossnesbakken')]"
utility_to_osm - ERROR - ssr:stedsnr = 1037588. No positions found, skipping
utility_to_osm - WARNING - ssr:stedsnr = 1037591: No priority spelling found for lang = no, using alt_name to get "[('no', u'Rossnessvingen')]"
utility_to_osm - ERROR - ssr:stedsnr = 1037591. No positions found, skipping
utility_to_osm - WARNING - ssr:stedsnr = 1037593: No priority spelling found for lang = no, using alt_name to get "[('no', u'Rossneshagen')]"
utility_to_osm - ERROR - ssr:stedsnr = 1037593. No positions found, skipping
utility_to_osm - WARNING - ssr:stedsnr = 1037596: No priority spelling found for lang = no, using alt_name to get "[('no', u'Dovane')]"
utility_to_osm - ERROR - ssr:stedsnr = 1037596. No positions found, skipping
utility_to_osm - WARNING - ssr:stedsnr = 1037598: No priority spelling found for lang = no, using alt_name to get "[('no', u'Vesthaugane')]"
utility_to_osm - ERROR - ssr:stedsnr = 1037598. No positions found, skipping
utility_to_osm - WARNING - ssr:stedsnr = 1037602: No priority spelling found for lang = no, using alt_name to get "[('no', u'Ilderfaret')]"
utility_to_osm - ERROR - ssr:stedsnr = 1037602. No positions found, skipping
utility_to_osm - WARNING - ssr:stedsnr = 1037604: No priority spelling found for lang = no, using alt_name to get "[('no', u'Litlestraumen')]"
utility_to_osm - ERROR - ssr:stedsnr = 1037604. No positions found, skipping
utility_to_osm - WARNING - ssr:stedsnr = 1037606: No priority spelling found for lang = no, using alt_name to get "[('no', u'Hellandsvegen')]"
utility_to_osm - ERROR - ssr:stedsnr = 1037606. No positions found, skipping
utility_to_osm - WARNING - ssr:stedsnr = 1037608: No priority spelling found for lang = no, using alt_name to get "[('no', u'Sjoarreset')]"
utility_to_osm - ERROR - ssr:stedsnr = 1037608. No positions found, skipping
utility_to_osm - WARNING - ssr:stedsnr = 1037610: No priority spelling found for lang = no, using alt_name to get "[('no', u'Straumsreset')]"
utility_to_osm - ERROR - ssr:stedsnr = 1037610. No positions found, skipping
utility_to_osm - WARNING - ssr:stedsnr = 1037612: No priority spelling found for lang = no, using alt_name to get "[('no', u'Litla Kr\xe5ko')]"
utility_to_osm - ERROR - ssr:stedsnr = 1037612. No positions found, skipping
utility_to_osm - WARNING - ssr:stedsnr = 1037615: No priority spelling found for lang = no, using alt_name to get "[('no', u'Kalvaneset')]"
utility_to_osm - ERROR - ssr:stedsnr = 1037615. No positions found, skipping
utility_to_osm - WARNING - ssr:stedsnr = 1037618: No priority spelling found for lang = no, using alt_name to get "[('no', u'Gamle Vestb\xf8stadvegen')]"
utility_to_osm - ERROR - ssr:stedsnr = 1037618. No positions found, skipping
utility_to_osm - WARNING - ssr:stedsnr = 1037621: No priority spelling found for lang = no, using alt_name to get "[('no', u'Austre Sk\xe5lavikevegen')]"
utility_to_osm - ERROR - ssr:stedsnr = 1037621. No positions found, skipping
utility_to_osm - WARNING - ssr:stedsnr = 1037624: No priority spelling found for lang = no, using alt_name to get "[('no', u'Vestre Sk\xe5lavikevegen')]"
utility_to_osm - ERROR - ssr:stedsnr = 1037624. No positions found, skipping
utility_to_osm - WARNING - ssr:stedsnr = 1037626: No priority spelling found for lang = no, using alt_name to get "[('no', u'Hundsryggvegen')]"
utility_to_osm - ERROR - ssr:stedsnr = 1037626. No positions found, skipping
utility_to_osm - WARNING - ssr:stedsnr = 1037629: No priority spelling found for lang = no, using alt_name to get "[('no', u'Skytjenesvegen')]"
utility_to_osm - ERROR - ssr:stedsnr = 1037629. No positions found, skipping
utility_to_osm - WARNING - ssr:stedsnr = 1037632: No priority spelling found for lang = no, using alt_name to get "[('no', u'Kr\xe5kevegen')]"
utility_to_osm - ERROR - ssr:stedsnr = 1037632. No positions found, skipping
utility_to_osm - WARNING - ssr:stedsnr = 1037635: No priority spelling found for lang = no, using alt_name to get "[('no', u'Gr\xf8navikvegen')]"
utility_to_osm - ERROR - ssr:stedsnr = 1037635. No positions found, skipping
utility_to_osm - WARNING - ssr:stedsnr = 1037637: No priority spelling found for lang = no, using alt_name to get "[('no', u'Lev\xe5g')]"
utility_to_osm - ERROR - ssr:stedsnr = 1037637. No positions found, skipping
utility_to_osm - WARNING - ssr:stedsnr = 1037639: No priority spelling found for lang = no, using alt_name to get "[('no', u'Sandvikv\xe5g')]"
utility_to_osm - ERROR - ssr:stedsnr = 1037639. No positions found, skipping
utility_to_osm - WARNING - ssr:stedsnr = 1037641: No priority spelling found for lang = no, using alt_name to get "[('no', u'Hovland')]"
utility_to_osm - ERROR - ssr:stedsnr = 1037641. No positions found, skipping
utility_to_osm - WARNING - ssr:stedsnr = 1037643: No priority spelling found for lang = no, using alt_name to get "[('no', u'Engevik')]"
utility_to_osm - ERROR - ssr:stedsnr = 1037643. No positions found, skipping
utility_to_osm - WARNING - ssr:stedsnr = 1037649: No priority spelling found for lang = no, using alt_name to get "[('no', u'\xd8vra Fiskaneset')]"
utility_to_osm - ERROR - ssr:stedsnr = 1037649. No positions found, skipping
utility_to_osm - WARNING - ssr:stedsnr = 1037651: No priority spelling found for lang = no, using alt_name to get "[('no', u'Skaranesvegen')]"
utility_to_osm - ERROR - ssr:stedsnr = 1037651. No positions found, skipping
utility_to_osm - WARNING - ssr:stedsnr = 1037653: No priority spelling found for lang = no, using alt_name to get "[('no', u'Storavikvegen')]"
utility_to_osm - ERROR - ssr:stedsnr = 1037653. No positions found, skipping
utility_to_osm - WARNING - ssr:stedsnr = 1037655: No priority spelling found for lang = no, using alt_name to get "[('no', u'Kol\xf8yst\xf8')]"
utility_to_osm - ERROR - ssr:stedsnr = 1037655. No positions found, skipping
utility_to_osm - WARNING - ssr:stedsnr = 1037658: No priority spelling found for lang = no, using alt_name to get "[('no', u'Hageberg')]"
utility_to_osm - ERROR - ssr:stedsnr = 1037658. No positions found, skipping
utility_to_osm - WARNING - ssr:stedsnr = 1037660: No priority spelling found for lang = no, using alt_name to get "[('no', u'Vistvik')]"
utility_to_osm - ERROR - ssr:stedsnr = 1037660. No positions found, skipping
utility_to_osm - WARNING - ssr:stedsnr = 1037719: No priority spelling found for lang = no, using alt_name to get "[('no', u'Vikeleitet')]"
utility_to_osm - ERROR - ssr:stedsnr = 1037719. No positions found, skipping
utility_to_osm - WARNING - ssr:stedsnr = 1037724: No priority spelling found for lang = no, using alt_name to get "[('no', u'Nesb\xf8vegen')]"
utility_to_osm - ERROR - ssr:stedsnr = 1037724. No positions found, skipping
utility_to_osm - WARNING - ssr:stedsnr = 1037728: No priority spelling found for lang = no, using alt_name to get "[('no', u'Storhaugvegen')]"
utility_to_osm - ERROR - ssr:stedsnr = 1037728. No positions found, skipping
utility_to_osm - WARNING - ssr:stedsnr = 1037683: No priority spelling found for lang = no, using alt_name to get "[('no', u'St\xf8lsvegen')]"
utility_to_osm - ERROR - ssr:stedsnr = 1037683. No positions found, skipping
utility_to_osm - WARNING - ssr:stedsnr = 1037687: No priority spelling found for lang = no, using alt_name to get "[('no', u'Fitjargardsvegen')]"
utility_to_osm - ERROR - ssr:stedsnr = 1037687. No positions found, skipping
utility_to_osm - WARNING - ssr:stedsnr = 1037694: No priority spelling found for lang = no, using alt_name to get "[('no', u'Fitjarvegen')]"
utility_to_osm - ERROR - ssr:stedsnr = 1037694. No positions found, skipping
utility_to_osm - WARNING - ssr:stedsnr = 1037698: No priority spelling found for lang = no, using alt_name to get "[('no', u'Botnavegen')]"
utility_to_osm - ERROR - ssr:stedsnr = 1037698. No positions found, skipping
utility_to_osm - WARNING - ssr:stedsnr = 1037702: No priority spelling found for lang = no, using alt_name to get "[('no', u'Steinabrekko')]"
utility_to_osm - ERROR - ssr:stedsnr = 1037702. No positions found, skipping
utility_to_osm - WARNING - ssr:stedsnr = 1037709: No priority spelling found for lang = no, using alt_name to get "[('no', u'Kvednavegen')]"
utility_to_osm - ERROR - ssr:stedsnr = 1037709. No positions found, skipping
utility_to_osm - WARNING - ssr:stedsnr = 1037732: No priority spelling found for lang = no, using alt_name to get "[('no', u'Gamlevegen')]"
utility_to_osm - ERROR - ssr:stedsnr = 1037732. No positions found, skipping
utility_to_osm - WARNING - ssr:stedsnr = 1037739: No priority spelling found for lang = no, using alt_name to get "[('no', u'Sj\xf8sbrekko')]"
utility_to_osm - ERROR - ssr:stedsnr = 1037739. No positions found, skipping
utility_to_osm - WARNING - ssr:stedsnr = 1037743: No priority spelling found for lang = no, using alt_name to get "[('no', u'Austre Bakkavegen')]"
utility_to_osm - ERROR - ssr:stedsnr = 1037743. No positions found, skipping
utility_to_osm - WARNING - ssr:stedsnr = 1037746: No priority spelling found for lang = no, using alt_name to get "[('no', u'Havnahagen')]"
utility_to_osm - ERROR - ssr:stedsnr = 1037746. No positions found, skipping
utility_to_osm - WARNING - ssr:stedsnr = 1037749: No priority spelling found for lang = no, using alt_name to get "[('no', u'Vestre Bakkavegen')]"
utility_to_osm - ERROR - ssr:stedsnr = 1037749. No positions found, skipping
utility_to_osm - WARNING - ssr:stedsnr = 1037753: No priority spelling found for lang = no, using alt_name to get "[('no', u'Varhaugsvegen')]"
utility_to_osm - ERROR - ssr:stedsnr = 1037753. No positions found, skipping
utility_to_osm - WARNING - ssr:stedsnr = 1037759: No priority spelling found for lang = no, using alt_name to get "[('no', u'Leirpollvegen')]"
utility_to_osm - ERROR - ssr:stedsnr = 1037759. No positions found, skipping
utility_to_osm - WARNING - ssr:stedsnr = 1037762: No priority spelling found for lang = no, using alt_name to get "[('no', u'Tr\xe6svegen')]"
utility_to_osm - ERROR - ssr:stedsnr = 1037762. No positions found, skipping
utility_to_osm - WARNING - ssr:stedsnr = 1037765: No priority spelling found for lang = no, using alt_name to get "[('no', u'Rossnesvegen')]"
utility_to_osm - ERROR - ssr:stedsnr = 1037765. No positions found, skipping
utility_to_osm - WARNING - ssr:stedsnr = 1037770: No priority spelling found for lang = no, using alt_name to get "[('no', u'St\xf8len')]"
utility_to_osm - ERROR - ssr:stedsnr = 1037770. No positions found, skipping
utility_to_osm - WARNING - ssr:stedsnr = 1037776: No priority spelling found for lang = no, using alt_name to get "[('no', u'Liarhaugvegen')]"
utility_to_osm - ERROR - ssr:stedsnr = 1037776. No positions found, skipping
utility_to_osm - WARNING - ssr:stedsnr = 1037780: No priority spelling found for lang = no, using alt_name to get "[('no', u'Gamle Havnavegen')]"
utility_to_osm - ERROR - ssr:stedsnr = 1037780. No positions found, skipping
utility_to_osm - WARNING - ssr:stedsnr = 1037784: No priority spelling found for lang = no, using alt_name to get "[('no', u'Elvavegen')]"
utility_to_osm - ERROR - ssr:stedsnr = 1037784. No positions found, skipping
utility_to_osm - WARNING - ssr:stedsnr = 1037793: No priority spelling found for lang = no, using alt_name to get "[('no', u'Havnavegen')]"
utility_to_osm - ERROR - ssr:stedsnr = 1037793. No positions found, skipping
utility_to_osm - WARNING - ssr:stedsnr = 1037797: No priority spelling found for lang = no, using alt_name to get "[('no', u'Kol\xf8yvegen')]"
utility_to_osm - ERROR - ssr:stedsnr = 1037797. No positions found, skipping
utility_to_osm - WARNING - ssr:stedsnr = 1037800: No priority spelling found for lang = no, using alt_name to get "[('no', u'Bustebrotet')]"
utility_to_osm - ERROR - ssr:stedsnr = 1037800. No positions found, skipping
utility_to_osm - WARNING - ssr:stedsnr = 1037803: No priority spelling found for lang = no, using alt_name to get "[('no', u'Svartasmogvegen')]"
utility_to_osm - ERROR - ssr:stedsnr = 1037803. No positions found, skipping
utility_to_osm - WARNING - ssr:stedsnr = 1037805: No priority spelling found for lang = no, using alt_name to get "[('no', u'Seterb\xf8vegen')]"
utility_to_osm - ERROR - ssr:stedsnr = 1037805. No positions found, skipping
utility_to_osm - WARNING - ssr:stedsnr = 1037808: No priority spelling found for lang = no, using alt_name to get "[('no', u'Korsvikvegen')]"
utility_to_osm - ERROR - ssr:stedsnr = 1037808. No positions found, skipping
utility_to_osm - WARNING - ssr:stedsnr = 1037811: No priority spelling found for lang = no, using alt_name to get "[('no', u'Hellandsneset')]"
utility_to_osm - ERROR - ssr:stedsnr = 1037811. No positions found, skipping
utility_to_osm - WARNING - ssr:stedsnr = 1037814: No priority spelling found for lang = no, using alt_name to get "[('no', u'Lio')]"
utility_to_osm - ERROR - ssr:stedsnr = 1037814. No positions found, skipping
utility_to_osm - WARNING - ssr:stedsnr = 1037817: No priority spelling found for lang = no, using alt_name to get "[('no', u'B\xf8kjenesvegen')]"
utility_to_osm - ERROR - ssr:stedsnr = 1037817. No positions found, skipping
utility_to_osm - WARNING - ssr:stedsnr = 1037822: No priority spelling found for lang = no, using alt_name to get "[('no', u'D\xe5fjordvegen')]"
utility_to_osm - ERROR - ssr:stedsnr = 1037822. No positions found, skipping
utility_to_osm - WARNING - ssr:stedsnr = 1037827: No priority spelling found for lang = no, using alt_name to get "[('no', u'Vardavegen')]"
utility_to_osm - ERROR - ssr:stedsnr = 1037827. No positions found, skipping
utility_to_osm - WARNING - ssr:stedsnr = 1037830: No priority spelling found for lang = no, using alt_name to get "[('no', u'Selevikvegen')]"
utility_to_osm - ERROR - ssr:stedsnr = 1037830. No positions found, skipping
utility_to_osm - WARNING - ssr:stedsnr = 1037835: No priority spelling found for lang = no, using alt_name to get "[('no', u'Sm\xe5vikane')]"
utility_to_osm - ERROR - ssr:stedsnr = 1037835. No positions found, skipping
utility_to_osm - WARNING - ssr:stedsnr = 1037837: No priority spelling found for lang = no, using alt_name to get "[('no', u'Fiskanesvegen')]"
utility_to_osm - ERROR - ssr:stedsnr = 1037837. No positions found, skipping
utility_to_osm - WARNING - ssr:stedsnr = 1037839: No priority spelling found for lang = no, using alt_name to get "[('no', u'Arhaugvegen')]"
utility_to_osm - ERROR - ssr:stedsnr = 1037839. No positions found, skipping
utility_to_osm - WARNING - ssr:stedsnr = 1037842: No priority spelling found for lang = no, using alt_name to get "[('no', u'Sandvikv\xe5gvegen')]"
utility_to_osm - ERROR - ssr:stedsnr = 1037842. No positions found, skipping
utility_to_osm - WARNING - ssr:stedsnr = 1037846: No priority spelling found for lang = no, using alt_name to get "[('no', u'Hellandssj\xf8en')]"
utility_to_osm - ERROR - ssr:stedsnr = 1037846. No positions found, skipping
utility_to_osm - WARNING - ssr:stedsnr = 1037848: No priority spelling found for lang = no, using alt_name to get "[('no', u'Kjerelvvegen')]"
utility_to_osm - ERROR - ssr:stedsnr = 1037848. No positions found, skipping
utility_to_osm - WARNING - ssr:stedsnr = 1037850: No priority spelling found for lang = no, using alt_name to get "[('no', u'Osternesvegen')]"
utility_to_osm - ERROR - ssr:stedsnr = 1037850. No positions found, skipping
utility_to_osm - WARNING - ssr:stedsnr = 1037857: No priority spelling found for lang = no, using alt_name to get "[('no', u'Breivikvegen')]"
utility_to_osm - ERROR - ssr:stedsnr = 1037857. No positions found, skipping
utility_to_osm - WARNING - ssr:stedsnr = 1037861: No priority spelling found for lang = no, using alt_name to get "[('no', u'\xd8kland')]"
utility_to_osm - ERROR - ssr:stedsnr = 1037861. No positions found, skipping
utility_to_osm - WARNING - ssr:stedsnr = 1037864: No priority spelling found for lang = no, using alt_name to get "[('no', u'Rabbakleivo')]"
utility_to_osm - ERROR - ssr:stedsnr = 1037864. No positions found, skipping
utility_to_osm - WARNING - ssr:stedsnr = 1037867: No priority spelling found for lang = no, using alt_name to get "[('no', u'Hogstevegen')]"
utility_to_osm - ERROR - ssr:stedsnr = 1037867. No positions found, skipping
utility_to_osm - WARNING - ssr:stedsnr = 1037870: No priority spelling found for lang = no, using alt_name to get "[('no', u'Haugavegen')]"
utility_to_osm - ERROR - ssr:stedsnr = 1037870. No positions found, skipping
utility_to_osm - WARNING - ssr:stedsnr = 1037875: No priority spelling found for lang = no, using alt_name to get "[('no', u'Straumavegen')]"
utility_to_osm - ERROR - ssr:stedsnr = 1037875. No positions found, skipping
utility_to_osm - WARNING - ssr:stedsnr = 1038034: No priority spelling found for lang = no, using alt_name to get "[('no', u'Nordresj\xf8vegen')]"
utility_to_osm - ERROR - ssr:stedsnr = 1038034. No positions found, skipping
utility_to_osm - WARNING - ssr:stedsnr = 1038042: No priority spelling found for lang = no, using alt_name to get "[('no', u'Rundamyr')]"
utility_to_osm - ERROR - ssr:stedsnr = 1038042. No positions found, skipping
utility_to_osm - WARNING - ssr:stedsnr = 1038046: No priority spelling found for lang = no, using alt_name to get "[('no', u'Buskabrekko')]"
utility_to_osm - ERROR - ssr:stedsnr = 1038046. No positions found, skipping
utility_to_osm - WARNING - ssr:stedsnr = 1038050: No priority spelling found for lang = no, using alt_name to get "[('no', u'Vestb\xf8stadvegen')]"
utility_to_osm - ERROR - ssr:stedsnr = 1038050. No positions found, skipping
utility_to_osm - WARNING - ssr:stedsnr = 1038054: No priority spelling found for lang = no, using alt_name to get "[('no', u'Valbergvegen')]"
utility_to_osm - ERROR - ssr:stedsnr = 1038054. No positions found, skipping
utility_to_osm - WARNING - ssr:stedsnr = 1038058: No priority spelling found for lang = no, using alt_name to get "[('no', u'Grutle')]"
utility_to_osm - ERROR - ssr:stedsnr = 1038058. No positions found, skipping
utility_to_osm - WARNING - ssr:stedsnr = 1038065: No priority spelling found for lang = no, using alt_name to get "[('no', u'Hegranesvegen')]"
utility_to_osm - ERROR - ssr:stedsnr = 1038065. No positions found, skipping
utility_to_osm - WARNING - ssr:stedsnr = 1038072: No priority spelling found for lang = no, using alt_name to get "[('no', u'Fitjarsj\xf8en')]"
utility_to_osm - ERROR - ssr:stedsnr = 1038072. No positions found, skipping
utility_to_osm - WARNING - ssr:stedsnr = 1038076: No priority spelling found for lang = no, using alt_name to get "[('no', u'Lambat\xf8kje')]"
utility_to_osm - ERROR - ssr:stedsnr = 1038076. No positions found, skipping
utility_to_osm - WARNING - ssr:stedsnr = 1038080: No priority spelling found for lang = no, using alt_name to get "[('no', u'Bakken')]"
utility_to_osm - ERROR - ssr:stedsnr = 1038080. No positions found, skipping
utility_to_osm - WARNING - ssr:stedsnr = 1038083: No priority spelling found for lang = no, using alt_name to get "[('no', u'Slottshaugen')]"
utility_to_osm - ERROR - ssr:stedsnr = 1038083. No positions found, skipping
utility_to_osm - WARNING - ssr:stedsnr = 1038087: No priority spelling found for lang = no, using alt_name to get "[('no', u'Kalveid')]"
utility_to_osm - ERROR - ssr:stedsnr = 1038087. No positions found, skipping
utility_to_osm - ERROR - ssr:stedsnr = 280055: No name found
utility_to_osm - ERROR - ssr:stedsnr = 280056: No name found
utility_to_osm - ERROR - ssr:stedsnr = 280058: No name found
utility_to_osm - ERROR - ssr:stedsnr = 280063: No name found
utility_to_osm - ERROR - ssr:stedsnr = 280065: No name found
utility_to_osm - ERROR - ssr:stedsnr = 280066: No name found
utility_to_osm - ERROR - ssr:stedsnr = 280070: No name found
utility_to_osm - ERROR - ssr:stedsnr = 280069: No name found
utility_to_osm - ERROR - ssr:stedsnr = 280073: No name found
utility_to_osm - ERROR - ssr:stedsnr = 280081: No name found
utility_to_osm - ERROR - ssr:stedsnr = 280097: No name found
utility_to_osm - ERROR - ssr:stedsnr = 280367: No name found
utility_to_osm - ERROR - ssr:stedsnr = 280381: No name found
utility_to_osm - ERROR - ssr:stedsnr = 280390: No name found
utility_to_osm - ERROR - ssr:stedsnr = 280418: No name found
utility_to_osm - ERROR - ssr:stedsnr = 280472: No name found
utility_to_osm - ERROR - ssr:stedsnr = 280476: No name found
utility_to_osm - ERROR - ssr:stedsnr = 280504: No name found
utility_to_osm - ERROR - ssr:stedsnr = 280535: No name found
utility_to_osm - ERROR - ssr:stedsnr = 280537: No name found
utility_to_osm - ERROR - ssr:stedsnr = 281001: No name found
utility_to_osm - ERROR - ssr:stedsnr = 281013: No name found
utility_to_osm - ERROR - ssr:stedsnr = 281028: No name found
utility_to_osm - ERROR - ssr:stedsnr = 281029: No name found
utility_to_osm - ERROR - ssr:stedsnr = 289866: No name found
utility_to_osm - ERROR - ssr:stedsnr = 307170: No name found
utility_to_osm - ERROR - ssr:stedsnr = 307188: No name found
utility_to_osm - ERROR - ssr:stedsnr = 307195: No name found
utility_to_osm - WARNING - ssr:stedsnr = 307195 has multiple (3) positions, using the first one!
utility_to_osm - ERROR - ssr:stedsnr = 307764: No name found
utility_to_osm - ERROR - ssr:stedsnr = 307777: No name found
utility_to_osm - ERROR - ssr:stedsnr = 307784: No name found
utility_to_osm - WARNING - ssr:stedsnr = 307784 has multiple (3) positions, using the first one!
utility_to_osm - ERROR - ssr:stedsnr = 307793: No name found
utility_to_osm - WARNING - ssr:stedsnr = 307793 has multiple (3) positions, using the first one!
utility_to_osm - ERROR - ssr:stedsnr = 307799: No name found
utility_to_osm - ERROR - ssr:stedsnr = 307808: No name found
utility_to_osm - WARNING - ssr:stedsnr = 307808 has multiple (2) positions, using the first one!
utility_to_osm - ERROR - ssr:stedsnr = 307821: No name found
utility_to_osm - WARNING - ssr:stedsnr = 307821 has multiple (2) positions, using the first one!
utility_to_osm - ERROR - ssr:stedsnr = 307825: No name found
utility_to_osm - ERROR - ssr:stedsnr = 307835: No name found
utility_to_osm - ERROR - ssr:stedsnr = 307845: No name found
utility_to_osm - ERROR - ssr:stedsnr = 307865: No name found
utility_to_osm - WARNING - ssr:stedsnr = 307865 has multiple (4) positions, using the first one!
utility_to_osm - ERROR - ssr:stedsnr = 307891: No name found
utility_to_osm - ERROR - ssr:stedsnr = 307911: No name found
utility_to_osm - ERROR - ssr:stedsnr = 307929: No name found
utility_to_osm - ERROR - ssr:stedsnr = 307928: No name found
utility_to_osm - ERROR - ssr:stedsnr = 307932: No name found
utility_to_osm - ERROR - ssr:stedsnr = 308545: No name found
utility_to_osm - WARNING - ssr:stedsnr = 308545 has multiple (2) positions, using the first one!
utility_to_osm - ERROR - ssr:stedsnr = 328064: No name found
utility_to_osm - ERROR - ssr:stedsnr = 328066: No name found
utility_to_osm - ERROR - ssr:stedsnr = 328069: No name found
utility_to_osm - ERROR - ssr:stedsnr = 340059: No name found
utility_to_osm - ERROR - ssr:stedsnr = 341010: No name found
utility_to_osm - ERROR - ssr:stedsnr = 341015: No name found
utility_to_osm - ERROR - ssr:stedsnr = 341026: No name found
utility_to_osm - ERROR - ssr:stedsnr = 341033: No name found
utility_to_osm - ERROR - ssr:stedsnr = 341070: No name found
utility_to_osm - ERROR - ssr:stedsnr = 341092: No name found
utility_to_osm - ERROR - ssr:stedsnr = 341106: No name found
utility_to_osm - ERROR - ssr:stedsnr = 341416: No name found
utility_to_osm - ERROR - ssr:stedsnr = 341421: No name found
utility_to_osm - ERROR - ssr:stedsnr = 341423: No name found
utility_to_osm - ERROR - ssr:stedsnr = 341440: No name found
utility_to_osm - ERROR - ssr:stedsnr = 341443: No name found
utility_to_osm - ERROR - ssr:stedsnr = 341444: No name found
utility_to_osm - ERROR - ssr:stedsnr = 341446: No name found
utility_to_osm - WARNING - ssr:stedsnr = 341446 has multiple (2) positions, using the first one!
utility_to_osm - ERROR - ssr:stedsnr = 341506: No name found
utility_to_osm - ERROR - ssr:stedsnr = 341510: No name found
utility_to_osm - ERROR - ssr:stedsnr = 341544: No name found
utility_to_osm - ERROR - ssr:stedsnr = 341546: No name found
utility_to_osm - WARNING - ssr:stedsnr = 341546 has multiple (3) positions, using the first one!
utility_to_osm - ERROR - ssr:stedsnr = 367783: No name found
utility_to_osm - ERROR - ssr:stedsnr = 367801: No name found
utility_to_osm - ERROR - ssr:stedsnr = 367810: No name found
utility_to_osm - ERROR - ssr:stedsnr = 367830: No name found
utility_to_osm - ERROR - ssr:stedsnr = 367845: No name found
utility_to_osm - WARNING - ssr:stedsnr = 367845 has multiple (2) positions, using the first one!
utility_to_osm - ERROR - ssr:stedsnr = 367849: No name found
utility_to_osm - ERROR - ssr:stedsnr = 367869: No name found
utility_to_osm - ERROR - ssr:stedsnr = 367878: No name found
utility_to_osm - WARNING - ssr:stedsnr = 367878 has multiple (2) positions, using the first one!
utility_to_osm - ERROR - ssr:stedsnr = 367926: No name found
utility_to_osm - ERROR - ssr:stedsnr = 368592: No name found
utility_to_osm - WARNING - ssr:stedsnr = 368592 has multiple (2) positions, using the first one!
utility_to_osm - ERROR - ssr:stedsnr = 368598: No name found
utility_to_osm - WARNING - ssr:stedsnr = 368598 has multiple (2) positions, using the first one!
utility_to_osm - ERROR - ssr:stedsnr = 368799: No name found
utility_to_osm - ERROR - ssr:stedsnr = 368804: No name found
utility_to_osm - WARNING - ssr:stedsnr = 368804 has multiple (2) positions, using the first one!
utility_to_osm - ERROR - ssr:stedsnr = 368808: No name found
utility_to_osm - ERROR - ssr:stedsnr = 368828: No name found
utility_to_osm - ERROR - ssr:stedsnr = 368834: No name found
utility_to_osm - WARNING - ssr:stedsnr = 368834 has multiple (2) positions, using the first one!
utility_to_osm - ERROR - ssr:stedsnr = 368836: No name found
utility_to_osm - WARNING - ssr:stedsnr = 368836 has multiple (2) positions, using the first one!
utility_to_osm - ERROR - ssr:stedsnr = 369000: No name found
utility_to_osm - ERROR - ssr:stedsnr = 387466: No name found
utility_to_osm - ERROR - ssr:stedsnr = 389059: No name found
utility_to_osm - WARNING - ssr:stedsnr = 389059 has multiple (2) positions, using the first one!
utility_to_osm - ERROR - ssr:stedsnr = 389233: No name found
utility_to_osm - ERROR - ssr:stedsnr = 389257: No name found
utility_to_osm - ERROR - ssr:stedsnr = 389280: No name found
utility_to_osm - ERROR - ssr:stedsnr = 389760: No name found
utility_to_osm - ERROR - ssr:stedsnr = 401050: No name found
utility_to_osm - ERROR - ssr:stedsnr = 401053: No name found
utility_to_osm - ERROR - ssr:stedsnr = 401071: No name found
utility_to_osm - ERROR - ssr:stedsnr = 401090: No name found
utility_to_osm - ERROR - ssr:stedsnr = 401097: No name found
utility_to_osm - ERROR - ssr:stedsnr = 401102: No name found
utility_to_osm - ERROR - ssr:stedsnr = 401107: No name found
utility_to_osm - ERROR - ssr:stedsnr = 401110: No name found
utility_to_osm - ERROR - ssr:stedsnr = 401124: No name found
utility_to_osm - ERROR - ssr:stedsnr = 401128: No name found
utility_to_osm - ERROR - ssr:stedsnr = 401138: No name found
utility_to_osm - ERROR - ssr:stedsnr = 401140: No name found
utility_to_osm - ERROR - ssr:stedsnr = 401369: No name found
utility_to_osm - ERROR - ssr:stedsnr = 401376: No name found
utility_to_osm - ERROR - ssr:stedsnr = 401381: No name found
utility_to_osm - ERROR - ssr:stedsnr = 401383: No name found
utility_to_osm - ERROR - ssr:stedsnr = 401384: No name found
utility_to_osm - ERROR - ssr:stedsnr = 401391: No name found
utility_to_osm - ERROR - ssr:stedsnr = 401395: No name found
utility_to_osm - ERROR - ssr:stedsnr = 401398: No name found
utility_to_osm - ERROR - ssr:stedsnr = 401400: No name found
utility_to_osm - ERROR - ssr:stedsnr = 401403: No name found
utility_to_osm - ERROR - ssr:stedsnr = 401412: No name found
utility_to_osm - ERROR - ssr:stedsnr = 401413: No name found
utility_to_osm - ERROR - ssr:stedsnr = 401433: No name found
utility_to_osm - ERROR - ssr:stedsnr = 401438: No name found
utility_to_osm - ERROR - ssr:stedsnr = 401450: No name found
utility_to_osm - ERROR - ssr:stedsnr = 402001: No name found
utility_to_osm - ERROR - ssr:stedsnr = 402004: No name found
utility_to_osm - ERROR - ssr:stedsnr = 402021: No name found
utility_to_osm - ERROR - ssr:stedsnr = 402036: No name found
utility_to_osm - ERROR - ssr:stedsnr = 402531: No name found
utility_to_osm - ERROR - ssr:stedsnr = 887524: No name found
utility_to_osm - ERROR - ssr:stedsnr = 887527: No name found
utility_to_osm - ERROR - ssr:stedsnr = 887008: No name found
utility_to_osm - ERROR - ssr:stedsnr = 887027: No name found
utility_to_osm - ERROR - ssr:stedsnr = 887038: No name found
utility_to_osm - ERROR - ssr:stedsnr = 887043: No name found
utility_to_osm - ERROR - ssr:stedsnr = 887048: No name found
utility_to_osm - ERROR - ssr:stedsnr = 887050: No name found
utility_to_osm - ERROR - ssr:stedsnr = 887058: No name found
utility_to_osm - ERROR - ssr:stedsnr = 887072: No name found
utility_to_osm - ERROR - ssr:stedsnr = 887079: No name found
utility_to_osm - ERROR - ssr:stedsnr = 887092: No name found
utility_to_osm - ERROR - ssr:stedsnr = 887098: No name found
utility_to_osm - ERROR - ssr:stedsnr = 887110: No name found
utility_to_osm - ERROR - ssr:stedsnr = 887113: No name found
utility_to_osm - ERROR - ssr:stedsnr = 887120: No name found
utility_to_osm - ERROR - ssr:stedsnr = 887390: No name found
utility_to_osm - ERROR - ssr:stedsnr = 887413: No name found
utility_to_osm - ERROR - ssr:stedsnr = 887420: No name found
utility_to_osm - ERROR - ssr:stedsnr = 887447: No name found
utility_to_osm - ERROR - ssr:stedsnr = 887460: No name found
utility_to_osm - ERROR - ssr:stedsnr = 887469: No name found
utility_to_osm - ERROR - ssr:stedsnr = 887476: No name found
utility_to_osm - ERROR - ssr:stedsnr = 887480: No name found
utility_to_osm - ERROR - ssr:stedsnr = 887482: No name found
utility_to_osm - ERROR - ssr:stedsnr = 887487: No name found
utility_to_osm - ERROR - ssr:stedsnr = 887492: No name found
utility_to_osm - ERROR - ssr:stedsnr = 887493: No name found
utility_to_osm - ERROR - ssr:stedsnr = 887500: No name found
utility_to_osm - ERROR - ssr:stedsnr = 896876: No name found
utility_to_osm - ERROR - ssr:stedsnr = 1073117: No name found
utility_to_osm - ERROR - ssr:stedsnr = 732886: No name found
utility_to_osm - ERROR - ssr:stedsnr = 792900: No name found
utility_to_osm - ERROR - ssr:stedsnr = 981706: No name found
utility_to_osm - ERROR - ssr:stedsnr = 981707: No name found
utility_to_osm - ERROR - ssr:stedsnr = 981708: No name found
utility_to_osm - ERROR - ssr:stedsnr = 981709: No name found
utility_to_osm - ERROR - ssr:stedsnr = 981710: No name found
utility_to_osm - ERROR - ssr:stedsnr = 981714: No name found
utility_to_osm - ERROR - ssr:stedsnr = 981722: No name found
utility_to_osm - ERROR - ssr:stedsnr = 981723: No name found
utility_to_osm - ERROR - ssr:stedsnr = 989923: No name found
utility_to_osm - ERROR - ssr:stedsnr = 989925: No name found
utility_to_osm - ERROR - ssr:stedsnr = 989926: No name found
utility_to_osm - ERROR - ssr:stedsnr = 989927: No name found
utility_to_osm - ERROR - ssr:stedsnr = 989928: No name found
utility_to_osm - ERROR - ssr:stedsnr = 989930: No name found
utility_to_osm - ERROR - ssr:stedsnr = 989931: No name found
utility_to_osm - ERROR - ssr:stedsnr = 989932: No name found
utility_to_osm - ERROR - ssr:stedsnr = 989940: No name found
utility_to_osm - ERROR - ssr:stedsnr = 989941: No name found
utility_to_osm - ERROR - ssr:stedsnr = 989942: No name found
utility_to_osm - ERROR - ssr:stedsnr = 989943: No name found
utility_to_osm - ERROR - ssr:stedsnr = 989946: No name found
utility_to_osm - ERROR - ssr:stedsnr = 989948: No name found
utility_to_osm - ERROR - ssr:stedsnr = 989949: No name found
utility_to_osm - ERROR - ssr:stedsnr = 989950: No name found
utility_to_osm - ERROR - ssr:stedsnr = 989951: No name found
utility_to_osm - ERROR - ssr:stedsnr = 307985: No name found
utility_to_osm - ERROR - ssr:stedsnr = 186980: No name found
utility_to_osm - ERROR - ssr:stedsnr = 990957: No name found
utility_to_osm - ERROR - ssr:stedsnr = 3156: No name found
utility_to_osm - WARNING - ssr:stedsnr = 3156 has multiple (2) positions, using the first one!
utility_to_osm - ERROR - ssr:stedsnr = 3792: No name found
utility_to_osm - WARNING - ssr:stedsnr = 3792 has multiple (2) positions, using the first one!
utility_to_osm - ERROR - ssr:stedsnr = 3795: No name found
utility_to_osm - ERROR - ssr:stedsnr = 3808: No name found
utility_to_osm - WARNING - ssr:stedsnr = 3808 has multiple (2) positions, using the first one!
utility_to_osm - ERROR - ssr:stedsnr = 3811: No name found
utility_to_osm - ERROR - ssr:stedsnr = 3851: No name found
utility_to_osm - ERROR - ssr:stedsnr = 3852: No name found
utility_to_osm - ERROR - ssr:stedsnr = 3860: No name found
utility_to_osm - WARNING - ssr:stedsnr = 3860 has multiple (2) positions, using the first one!
utility_to_osm - ERROR - ssr:stedsnr = 3862: No name found
utility_to_osm - ERROR - ssr:stedsnr = 3879: No name found
utility_to_osm - ERROR - ssr:stedsnr = 3905: No name found
utility_to_osm - ERROR - ssr:stedsnr = 3921: No name found
utility_to_osm - ERROR - ssr:stedsnr = 3925: No name found
utility_to_osm - ERROR - ssr:stedsnr = 3935: No name found
utility_to_osm - ERROR - ssr:stedsnr = 4164: No name found
utility_to_osm - ERROR - ssr:stedsnr = 4181: No name found
utility_to_osm - WARNING - ssr:stedsnr = 4181 has multiple (2) positions, using the first one!
utility_to_osm - ERROR - ssr:stedsnr = 4193: No name found
utility_to_osm - WARNING - ssr:stedsnr = 4193 has multiple (2) positions, using the first one!
utility_to_osm - ERROR - ssr:stedsnr = 4554: No name found
utility_to_osm - ERROR - ssr:stedsnr = 4561: No name found
utility_to_osm - ERROR - ssr:stedsnr = 4776: No name found
utility_to_osm - WARNING - ssr:stedsnr = 4776 has multiple (5) positions, using the first one!
utility_to_osm - ERROR - ssr:stedsnr = 4792: No name found
utility_to_osm - ERROR - ssr:stedsnr = 25061: No name found
utility_to_osm - WARNING - ssr:stedsnr = 25061 has multiple (2) positions, using the first one!
utility_to_osm - ERROR - ssr:stedsnr = 25269: No name found
utility_to_osm - ERROR - ssr:stedsnr = 25779: No name found
utility_to_osm - WARNING - ssr:stedsnr = 25779 has multiple (3) positions, using the first one!
utility_to_osm - ERROR - ssr:stedsnr = 37065: No name found
utility_to_osm - ERROR - ssr:stedsnr = 37077: No name found
utility_to_osm - ERROR - ssr:stedsnr = 37095: No name found
utility_to_osm - ERROR - ssr:stedsnr = 37097: No name found
utility_to_osm - ERROR - ssr:stedsnr = 37100: No name found
utility_to_osm - ERROR - ssr:stedsnr = 37114: No name found
utility_to_osm - ERROR - ssr:stedsnr = 37132: No name found
utility_to_osm - ERROR - ssr:stedsnr = 37140: No name found
utility_to_osm - ERROR - ssr:stedsnr = 37158: No name found
utility_to_osm - ERROR - ssr:stedsnr = 37163: No name found
utility_to_osm - ERROR - ssr:stedsnr = 37406: No name found
utility_to_osm - ERROR - ssr:stedsnr = 37412: No name found
utility_to_osm - ERROR - ssr:stedsnr = 37419: No name found
utility_to_osm - ERROR - ssr:stedsnr = 37432: No name found
utility_to_osm - ERROR - ssr:stedsnr = 37465: No name found
utility_to_osm - ERROR - ssr:stedsnr = 37469: No name found
utility_to_osm - ERROR - ssr:stedsnr = 37471: No name found
utility_to_osm - ERROR - ssr:stedsnr = 37488: No name found
utility_to_osm - ERROR - ssr:stedsnr = 37501: No name found
utility_to_osm - ERROR - ssr:stedsnr = 38003: No name found
utility_to_osm - ERROR - ssr:stedsnr = 38033: No name found
utility_to_osm - ERROR - ssr:stedsnr = 38036: No name found
utility_to_osm - ERROR - ssr:stedsnr = 38279: No name found
utility_to_osm - ERROR - ssr:stedsnr = 38285: No name found
utility_to_osm - ERROR - ssr:stedsnr = 38453: No name found
utility_to_osm - ERROR - ssr:stedsnr = 38497: No name found
utility_to_osm - ERROR - ssr:stedsnr = 46856: No name found
utility_to_osm - ERROR - ssr:stedsnr = 58767: No name found
utility_to_osm - WARNING - ssr:stedsnr = 58767 has multiple (2) positions, using the first one!
utility_to_osm - ERROR - ssr:stedsnr = 64157: No name found
utility_to_osm - ERROR - ssr:stedsnr = 64797: No name found
utility_to_osm - WARNING - ssr:stedsnr = 64797 has multiple (2) positions, using the first one!
utility_to_osm - ERROR - ssr:stedsnr = 64820: No name found
utility_to_osm - WARNING - ssr:stedsnr = 64820 has multiple (2) positions, using the first one!
utility_to_osm - ERROR - ssr:stedsnr = 64825: No name found
utility_to_osm - WARNING - ssr:stedsnr = 64825 has multiple (2) positions, using the first one!
utility_to_osm - ERROR - ssr:stedsnr = 64845: No name found
utility_to_osm - WARNING - ssr:stedsnr = 64845 has multiple (2) positions, using the first one!
utility_to_osm - ERROR - ssr:stedsnr = 64846: No name found
utility_to_osm - ERROR - ssr:stedsnr = 64872: No name found
utility_to_osm - ERROR - ssr:stedsnr = 64876: No name found
utility_to_osm - ERROR - ssr:stedsnr = 64899: No name found
utility_to_osm - ERROR - ssr:stedsnr = 64919: No name found
utility_to_osm - WARNING - ssr:stedsnr = 64919 has multiple (2) positions, using the first one!
utility_to_osm - ERROR - ssr:stedsnr = 64949: No name found
utility_to_osm - ERROR - ssr:stedsnr = 64982: No name found
utility_to_osm - WARNING - ssr:stedsnr = 64982 has multiple (3) positions, using the first one!
utility_to_osm - ERROR - ssr:stedsnr = 65000: No name found
utility_to_osm - WARNING - ssr:stedsnr = 65000 has multiple (3) positions, using the first one!
utility_to_osm - ERROR - ssr:stedsnr = 65187: No name found
utility_to_osm - ERROR - ssr:stedsnr = 65552: No name found
utility_to_osm - ERROR - ssr:stedsnr = 65738: No name found
utility_to_osm - WARNING - ssr:stedsnr = 65738 has multiple (2) positions, using the first one!
utility_to_osm - ERROR - ssr:stedsnr = 65781: No name found
utility_to_osm - ERROR - ssr:stedsnr = 65784: No name found
utility_to_osm - ERROR - ssr:stedsnr = 65790: No name found
utility_to_osm - ERROR - ssr:stedsnr = 65886: No name found
utility_to_osm - WARNING - ssr:stedsnr = 65886 has multiple (2) positions, using the first one!
utility_to_osm - ERROR - ssr:stedsnr = 268066: No name found
utility_to_osm - WARNING - ssr:stedsnr = 268066 has multiple (2) positions, using the first one!
utility_to_osm - ERROR - ssr:stedsnr = 86201: No name found
utility_to_osm - ERROR - ssr:stedsnr = 86274: No name found
utility_to_osm - WARNING - ssr:stedsnr = 86274 has multiple (2) positions, using the first one!
utility_to_osm - ERROR - ssr:stedsnr = 98026: No name found
utility_to_osm - ERROR - ssr:stedsnr = 98072: No name found
utility_to_osm - WARNING - ssr:stedsnr = 98072 has multiple (2) positions, using the first one!
utility_to_osm - ERROR - ssr:stedsnr = 98075: No name found
utility_to_osm - ERROR - ssr:stedsnr = 98077: No name found
utility_to_osm - ERROR - ssr:stedsnr = 98087: No name found
utility_to_osm - ERROR - ssr:stedsnr = 98102: No name found
utility_to_osm - ERROR - ssr:stedsnr = 98109: No name found
utility_to_osm - ERROR - ssr:stedsnr = 98117: No name found
utility_to_osm - ERROR - ssr:stedsnr = 98118: No name found
utility_to_osm - ERROR - ssr:stedsnr = 98122: No name found
utility_to_osm - ERROR - ssr:stedsnr = 98377: No name found
utility_to_osm - ERROR - ssr:stedsnr = 98382: No name found
utility_to_osm - ERROR - ssr:stedsnr = 98388: No name found
utility_to_osm - ERROR - ssr:stedsnr = 98411: No name found
utility_to_osm - ERROR - ssr:stedsnr = 98432: No name found
utility_to_osm - ERROR - ssr:stedsnr = 98444: No name found
utility_to_osm - ERROR - ssr:stedsnr = 98473: No name found
utility_to_osm - ERROR - ssr:stedsnr = 98482: No name found
utility_to_osm - ERROR - ssr:stedsnr = 98490: No name found
utility_to_osm - ERROR - ssr:stedsnr = 98521: No name found
utility_to_osm - ERROR - ssr:stedsnr = 98527: No name found
utility_to_osm - ERROR - ssr:stedsnr = 99006: No name found
utility_to_osm - ERROR - ssr:stedsnr = 99008: No name found
utility_to_osm - ERROR - ssr:stedsnr = 99010: No name found
utility_to_osm - ERROR - ssr:stedsnr = 99022: No name found
utility_to_osm - ERROR - ssr:stedsnr = 99027: No name found
utility_to_osm - ERROR - ssr:stedsnr = 99032: No name found
utility_to_osm - ERROR - ssr:stedsnr = 99036: No name found
utility_to_osm - ERROR - ssr:stedsnr = 99035: No name found
utility_to_osm - ERROR - ssr:stedsnr = 99038: No name found
utility_to_osm - ERROR - ssr:stedsnr = 99041: No name found
utility_to_osm - ERROR - ssr:stedsnr = 124823: No name found
utility_to_osm - WARNING - ssr:stedsnr = 124823 has multiple (2) positions, using the first one!
utility_to_osm - ERROR - ssr:stedsnr = 125168: No name found
utility_to_osm - ERROR - ssr:stedsnr = 125207: No name found
utility_to_osm - ERROR - ssr:stedsnr = 125546: No name found
utility_to_osm - ERROR - ssr:stedsnr = 125808: No name found
utility_to_osm - WARNING - ssr:stedsnr = 125808 has multiple (2) positions, using the first one!
utility_to_osm - ERROR - ssr:stedsnr = 125812: No name found
utility_to_osm - WARNING - ssr:stedsnr = 125812 has multiple (2) positions, using the first one!
utility_to_osm - ERROR - ssr:stedsnr = 125814: No name found
utility_to_osm - WARNING - ssr:stedsnr = 125814 has multiple (2) positions, using the first one!
utility_to_osm - ERROR - ssr:stedsnr = 125828: No name found
utility_to_osm - ERROR - ssr:stedsnr = 125873: No name found
utility_to_osm - ERROR - ssr:stedsnr = 125766: No name found
utility_to_osm - ERROR - ssr:stedsnr = 125776: No name found
utility_to_osm - ERROR - ssr:stedsnr = 125784: No name found
utility_to_osm - ERROR - ssr:stedsnr = 125790: No name found
utility_to_osm - WARNING - ssr:stedsnr = 125790 has multiple (3) positions, using the first one!
utility_to_osm - ERROR - ssr:stedsnr = 125910: No name found
utility_to_osm - ERROR - ssr:stedsnr = 125909: No name found
utility_to_osm - ERROR - ssr:stedsnr = 125912: No name found
utility_to_osm - WARNING - ssr:stedsnr = 125912 has multiple (2) positions, using the first one!
utility_to_osm - ERROR - ssr:stedsnr = 125932: No name found
utility_to_osm - WARNING - ssr:stedsnr = 125932 has multiple (2) positions, using the first one!
utility_to_osm - ERROR - ssr:stedsnr = 125944: No name found
utility_to_osm - ERROR - ssr:stedsnr = 125984: No name found
utility_to_osm - ERROR - ssr:stedsnr = 145591: No name found
utility_to_osm - WARNING - ssr:stedsnr = 145591 has multiple (3) positions, using the first one!
utility_to_osm - ERROR - ssr:stedsnr = 146024: No name found
utility_to_osm - ERROR - ssr:stedsnr = 146043: No name found
utility_to_osm - ERROR - ssr:stedsnr = 146044: No name found
utility_to_osm - WARNING - ssr:stedsnr = 146044 has multiple (2) positions, using the first one!
utility_to_osm - ERROR - ssr:stedsnr = 146064: No name found
utility_to_osm - WARNING - ssr:stedsnr = 146064 has multiple (2) positions, using the first one!
utility_to_osm - ERROR - ssr:stedsnr = 146225: No name found
utility_to_osm - ERROR - ssr:stedsnr = 146248: No name found
utility_to_osm - ERROR - ssr:stedsnr = 158072: No name found
utility_to_osm - ERROR - ssr:stedsnr = 158079: No name found
utility_to_osm - ERROR - ssr:stedsnr = 159017: No name found
utility_to_osm - ERROR - ssr:stedsnr = 159073: No name found
utility_to_osm - ERROR - ssr:stedsnr = 159076: No name found
utility_to_osm - ERROR - ssr:stedsnr = 159086: No name found
utility_to_osm - ERROR - ssr:stedsnr = 159088: No name found
utility_to_osm - ERROR - ssr:stedsnr = 159089: No name found
utility_to_osm - ERROR - ssr:stedsnr = 159109: No name found
utility_to_osm - ERROR - ssr:stedsnr = 159413: No name found
utility_to_osm - ERROR - ssr:stedsnr = 159434: No name found
utility_to_osm - ERROR - ssr:stedsnr = 159453: No name found
utility_to_osm - ERROR - ssr:stedsnr = 159467: No name found
utility_to_osm - ERROR - ssr:stedsnr = 159466: No name found
utility_to_osm - ERROR - ssr:stedsnr = 159474: No name found
utility_to_osm - ERROR - ssr:stedsnr = 159489: No name found
utility_to_osm - ERROR - ssr:stedsnr = 159504: No name found
utility_to_osm - ERROR - ssr:stedsnr = 159508: No name found
utility_to_osm - ERROR - ssr:stedsnr = 159521: No name found
utility_to_osm - ERROR - ssr:stedsnr = 159538: No name found
utility_to_osm - ERROR - ssr:stedsnr = 159541: No name found
utility_to_osm - ERROR - ssr:stedsnr = 159550: No name found
utility_to_osm - ERROR - ssr:stedsnr = 159553: No name found
utility_to_osm - ERROR - ssr:stedsnr = 185796: No name found
utility_to_osm - WARNING - ssr:stedsnr = 185796 has multiple (2) positions, using the first one!
utility_to_osm - ERROR - ssr:stedsnr = 185818: No name found
utility_to_osm - ERROR - ssr:stedsnr = 185832: No name found
utility_to_osm - ERROR - ssr:stedsnr = 185852: No name found
utility_to_osm - WARNING - ssr:stedsnr = 185852 has multiple (2) positions, using the first one!
utility_to_osm - ERROR - ssr:stedsnr = 185920: No name found
utility_to_osm - ERROR - ssr:stedsnr = 186181: No name found
utility_to_osm - ERROR - ssr:stedsnr = 186620: No name found
utility_to_osm - ERROR - ssr:stedsnr = 186804: No name found
utility_to_osm - WARNING - ssr:stedsnr = 186804 has multiple (3) positions, using the first one!
utility_to_osm - ERROR - ssr:stedsnr = 186808: No name found
utility_to_osm - ERROR - ssr:stedsnr = 186760: No name found
utility_to_osm - ERROR - ssr:stedsnr = 186796: No name found
utility_to_osm - ERROR - ssr:stedsnr = 186801: No name found
utility_to_osm - ERROR - ssr:stedsnr = 186919: No name found
utility_to_osm - ERROR - ssr:stedsnr = 186872: No name found
utility_to_osm - WARNING - ssr:stedsnr = 186872 has multiple (2) positions, using the first one!
utility_to_osm - ERROR - ssr:stedsnr = 207021: No name found
utility_to_osm - ERROR - ssr:stedsnr = 207062: No name found
utility_to_osm - ERROR - ssr:stedsnr = 207181: No name found
utility_to_osm - ERROR - ssr:stedsnr = 207247: No name found
utility_to_osm - ERROR - ssr:stedsnr = 207255: No name found
utility_to_osm - ERROR - ssr:stedsnr = 207760: No name found
utility_to_osm - WARNING - ssr:stedsnr = 207760 has multiple (2) positions, using the first one!
utility_to_osm - ERROR - ssr:stedsnr = 208411: No name found
utility_to_osm - ERROR - ssr:stedsnr = 219114: No name found
utility_to_osm - ERROR - ssr:stedsnr = 219043: No name found
utility_to_osm - ERROR - ssr:stedsnr = 219048: No name found
utility_to_osm - ERROR - ssr:stedsnr = 219078: No name found
utility_to_osm - ERROR - ssr:stedsnr = 220507: No name found
utility_to_osm - ERROR - ssr:stedsnr = 220013: No name found
utility_to_osm - ERROR - ssr:stedsnr = 220015: No name found
utility_to_osm - ERROR - ssr:stedsnr = 220040: No name found
utility_to_osm - ERROR - ssr:stedsnr = 220049: No name found
utility_to_osm - ERROR - ssr:stedsnr = 220051: No name found
utility_to_osm - ERROR - ssr:stedsnr = 220102: No name found
utility_to_osm - ERROR - ssr:stedsnr = 220103: No name found
utility_to_osm - ERROR - ssr:stedsnr = 220114: No name found
utility_to_osm - ERROR - ssr:stedsnr = 220113: No name found
utility_to_osm - ERROR - ssr:stedsnr = 220115: No name found
utility_to_osm - ERROR - ssr:stedsnr = 220132: No name found
utility_to_osm - ERROR - ssr:stedsnr = 220291: No name found
utility_to_osm - ERROR - ssr:stedsnr = 220435: No name found
utility_to_osm - ERROR - ssr:stedsnr = 220452: No name found
utility_to_osm - ERROR - ssr:stedsnr = 220462: No name found
utility_to_osm - ERROR - ssr:stedsnr = 220478: No name found
utility_to_osm - ERROR - ssr:stedsnr = 220481: No name found
utility_to_osm - ERROR - ssr:stedsnr = 220487: No name found
utility_to_osm - ERROR - ssr:stedsnr = 220489: No name found
utility_to_osm - ERROR - ssr:stedsnr = 220500: No name found
utility_to_osm - ERROR - ssr:stedsnr = 220521: No name found
utility_to_osm - ERROR - ssr:stedsnr = 220526: No name found
utility_to_osm - ERROR - ssr:stedsnr = 220548: No name found
utility_to_osm - ERROR - ssr:stedsnr = 240769: No name found
utility_to_osm - WARNING - ssr:stedsnr = 240769 has multiple (2) positions, using the first one!
utility_to_osm - ERROR - ssr:stedsnr = 246179: No name found
utility_to_osm - WARNING - ssr:stedsnr = 246179 has multiple (2) positions, using the first one!
utility_to_osm - ERROR - ssr:stedsnr = 246758: No name found
utility_to_osm - ERROR - ssr:stedsnr = 246769: No name found
utility_to_osm - WARNING - ssr:stedsnr = 246769 has multiple (2) positions, using the first one!
utility_to_osm - ERROR - ssr:stedsnr = 246784: No name found
utility_to_osm - ERROR - ssr:stedsnr = 246783: No name found
utility_to_osm - ERROR - ssr:stedsnr = 246792: No name found
utility_to_osm - WARNING - ssr:stedsnr = 246792 has multiple (2) positions, using the first one!
utility_to_osm - ERROR - ssr:stedsnr = 246832: No name found
utility_to_osm - ERROR - ssr:stedsnr = 246846: No name found
utility_to_osm - ERROR - ssr:stedsnr = 246852: No name found
utility_to_osm - ERROR - ssr:stedsnr = 246851: No name found
utility_to_osm - ERROR - ssr:stedsnr = 246925: No name found
utility_to_osm - ERROR - ssr:stedsnr = 246968: No name found
utility_to_osm - ERROR - ssr:stedsnr = 246987: No name found
utility_to_osm - WARNING - ssr:stedsnr = 246987 has multiple (3) positions, using the first one!
utility_to_osm - ERROR - ssr:stedsnr = 247517: No name found
utility_to_osm - ERROR - ssr:stedsnr = 247760: No name found
utility_to_osm - WARNING - ssr:stedsnr = 247760 has multiple (2) positions, using the first one!
utility_to_osm - ERROR - ssr:stedsnr = 267380: No name found
utility_to_osm - WARNING - ssr:stedsnr = 267380 has multiple (2) positions, using the first one!
utility_to_osm - ERROR - ssr:stedsnr = 268035: No name found
utility_to_osm - ERROR - ssr:stedsnr = 268231: No name found
utility_to_osm - ERROR - ssr:stedsnr = 268230: No name found
utility_to_osm - ERROR - ssr:stedsnr = 268246: No name found
utility_to_osm - WARNING - ssr:stedsnr = 268246 has multiple (2) positions, using the first one!
utility_to_osm - ERROR - ssr:stedsnr = 268258: No name found
utility_to_osm - WARNING - ssr:stedsnr = 268258 has multiple (2) positions, using the first one!
utility_to_osm - ERROR - ssr:stedsnr = 428766: No name found
utility_to_osm - ERROR - ssr:stedsnr = 428767: No name found
utility_to_osm - WARNING - ssr:stedsnr = 428767 has multiple (2) positions, using the first one!
utility_to_osm - ERROR - ssr:stedsnr = 428769: No name found
utility_to_osm - ERROR - ssr:stedsnr = 428775: No name found
utility_to_osm - ERROR - ssr:stedsnr = 428797: No name found
utility_to_osm - WARNING - ssr:stedsnr = 428797 has multiple (2) positions, using the first one!
utility_to_osm - ERROR - ssr:stedsnr = 428804: No name found
utility_to_osm - ERROR - ssr:stedsnr = 428811: No name found
utility_to_osm - ERROR - ssr:stedsnr = 428825: No name found
utility_to_osm - WARNING - ssr:stedsnr = 428825 has multiple (2) positions, using the first one!
utility_to_osm - ERROR - ssr:stedsnr = 428834: No name found
utility_to_osm - ERROR - ssr:stedsnr = 428833: No name found
utility_to_osm - ERROR - ssr:stedsnr = 428847: No name found
utility_to_osm - WARNING - ssr:stedsnr = 428847 has multiple (2) positions, using the first one!
utility_to_osm - ERROR - ssr:stedsnr = 428855: No name found
utility_to_osm - ERROR - ssr:stedsnr = 428875: No name found
utility_to_osm - ERROR - ssr:stedsnr = 428913: No name found
utility_to_osm - ERROR - ssr:stedsnr = 429153: No name found
utility_to_osm - WARNING - ssr:stedsnr = 429153 has multiple (2) positions, using the first one!
utility_to_osm - ERROR - ssr:stedsnr = 429179: No name found
utility_to_osm - WARNING - ssr:stedsnr = 429179 has multiple (2) positions, using the first one!
utility_to_osm - ERROR - ssr:stedsnr = 429538: No name found
utility_to_osm - ERROR - ssr:stedsnr = 429540: No name found
utility_to_osm - ERROR - ssr:stedsnr = 429757: No name found
utility_to_osm - ERROR - ssr:stedsnr = 429759: No name found
utility_to_osm - WARNING - ssr:stedsnr = 429759 has multiple (2) positions, using the first one!
utility_to_osm - ERROR - ssr:stedsnr = 429762: No name found
utility_to_osm - WARNING - ssr:stedsnr = 429762 has multiple (2) positions, using the first one!
utility_to_osm - ERROR - ssr:stedsnr = 429768: No name found
utility_to_osm - WARNING - ssr:stedsnr = 429768 has multiple (2) positions, using the first one!
utility_to_osm - ERROR - ssr:stedsnr = 429771: No name found
utility_to_osm - WARNING - ssr:stedsnr = 429771 has multiple (2) positions, using the first one!
utility_to_osm - ERROR - ssr:stedsnr = 429778: No name found
utility_to_osm - WARNING - ssr:stedsnr = 429778 has multiple (2) positions, using the first one!
utility_to_osm - ERROR - ssr:stedsnr = 429869: No name found
utility_to_osm - WARNING - ssr:stedsnr = 429869 has multiple (2) positions, using the first one!
utility_to_osm - ERROR - ssr:stedsnr = 450069: No name found
utility_to_osm - ERROR - ssr:stedsnr = 450228: No name found
utility_to_osm - ERROR - ssr:stedsnr = 450248: No name found
utility_to_osm - ERROR - ssr:stedsnr = 462004: No name found
utility_to_osm - ERROR - ssr:stedsnr = 462032: No name found
utility_to_osm - ERROR - ssr:stedsnr = 462047: No name found
utility_to_osm - ERROR - ssr:stedsnr = 462066: No name found
utility_to_osm - ERROR - ssr:stedsnr = 462072: No name found
utility_to_osm - ERROR - ssr:stedsnr = 462078: No name found
utility_to_osm - ERROR - ssr:stedsnr = 462085: No name found
utility_to_osm - ERROR - ssr:stedsnr = 462092: No name found
utility_to_osm - ERROR - ssr:stedsnr = 462102: No name found
utility_to_osm - ERROR - ssr:stedsnr = 462108: No name found
utility_to_osm - ERROR - ssr:stedsnr = 462112: No name found
utility_to_osm - ERROR - ssr:stedsnr = 462360: No name found
utility_to_osm - ERROR - ssr:stedsnr = 462365: No name found
utility_to_osm - ERROR - ssr:stedsnr = 462388: No name found
utility_to_osm - ERROR - ssr:stedsnr = 462389: No name found
utility_to_osm - ERROR - ssr:stedsnr = 462392: No name found
utility_to_osm - ERROR - ssr:stedsnr = 462397: No name found
utility_to_osm - ERROR - ssr:stedsnr = 462399: No name found
utility_to_osm - ERROR - ssr:stedsnr = 462403: No name found
utility_to_osm - ERROR - ssr:stedsnr = 462406: No name found
utility_to_osm - ERROR - ssr:stedsnr = 462416: No name found
utility_to_osm - ERROR - ssr:stedsnr = 462421: No name found
utility_to_osm - ERROR - ssr:stedsnr = 462425: No name found
utility_to_osm - ERROR - ssr:stedsnr = 462434: No name found
utility_to_osm - ERROR - ssr:stedsnr = 462436: No name found
utility_to_osm - ERROR - ssr:stedsnr = 462444: No name found
utility_to_osm - ERROR - ssr:stedsnr = 462446: No name found
utility_to_osm - ERROR - ssr:stedsnr = 462479: No name found
utility_to_osm - ERROR - ssr:stedsnr = 462489: No name found
utility_to_osm - ERROR - ssr:stedsnr = 462495: No name found
utility_to_osm - ERROR - ssr:stedsnr = 463011: No name found
utility_to_osm - ERROR - ssr:stedsnr = 489178: No name found
utility_to_osm - ERROR - ssr:stedsnr = 489197: No name found
utility_to_osm - WARNING - ssr:stedsnr = 489197 has multiple (2) positions, using the first one!
utility_to_osm - ERROR - ssr:stedsnr = 489754: No name found
utility_to_osm - WARNING - ssr:stedsnr = 489754 has multiple (2) positions, using the first one!
utility_to_osm - ERROR - ssr:stedsnr = 489763: No name found
utility_to_osm - WARNING - ssr:stedsnr = 489763 has multiple (2) positions, using the first one!
utility_to_osm - ERROR - ssr:stedsnr = 489769: No name found
utility_to_osm - ERROR - ssr:stedsnr = 489779: No name found
utility_to_osm - WARNING - ssr:stedsnr = 489779 has multiple (2) positions, using the first one!
utility_to_osm - ERROR - ssr:stedsnr = 489782: No name found
utility_to_osm - WARNING - ssr:stedsnr = 489782 has multiple (2) positions, using the first one!
utility_to_osm - ERROR - ssr:stedsnr = 489803: No name found
utility_to_osm - WARNING - ssr:stedsnr = 489803 has multiple (2) positions, using the first one!
utility_to_osm - ERROR - ssr:stedsnr = 489808: No name found
utility_to_osm - WARNING - ssr:stedsnr = 489808 has multiple (2) positions, using the first one!
utility_to_osm - ERROR - ssr:stedsnr = 489810: No name found
utility_to_osm - ERROR - ssr:stedsnr = 489836: No name found
utility_to_osm - WARNING - ssr:stedsnr = 489836 has multiple (2) positions, using the first one!
utility_to_osm - ERROR - ssr:stedsnr = 489847: No name found
utility_to_osm - ERROR - ssr:stedsnr = 489863: No name found
utility_to_osm - ERROR - ssr:stedsnr = 489865: No name found
utility_to_osm - WARNING - ssr:stedsnr = 489865 has multiple (2) positions, using the first one!
utility_to_osm - ERROR - ssr:stedsnr = 489882: No name found
utility_to_osm - WARNING - ssr:stedsnr = 489882 has multiple (2) positions, using the first one!
utility_to_osm - ERROR - ssr:stedsnr = 489890: No name found
utility_to_osm - ERROR - ssr:stedsnr = 489911: No name found
utility_to_osm - WARNING - ssr:stedsnr = 489911 has multiple (3) positions, using the first one!
utility_to_osm - ERROR - ssr:stedsnr = 489913: No name found
utility_to_osm - WARNING - ssr:stedsnr = 489913 has multiple (2) positions, using the first one!
utility_to_osm - ERROR - ssr:stedsnr = 489915: No name found
utility_to_osm - ERROR - ssr:stedsnr = 489925: No name found
utility_to_osm - ERROR - ssr:stedsnr = 490549: No name found
utility_to_osm - WARNING - ssr:stedsnr = 490549 has multiple (3) positions, using the first one!
utility_to_osm - ERROR - ssr:stedsnr = 510027: No name found
utility_to_osm - ERROR - ssr:stedsnr = 510028: No name found
utility_to_osm - ERROR - ssr:stedsnr = 510040: No name found
utility_to_osm - ERROR - ssr:stedsnr = 510041: No name found
utility_to_osm - WARNING - ssr:stedsnr = 510041 has multiple (2) positions, using the first one!
utility_to_osm - ERROR - ssr:stedsnr = 510075: No name found
utility_to_osm - ERROR - ssr:stedsnr = 510081: No name found
utility_to_osm - WARNING - ssr:stedsnr = 510081 has multiple (2) positions, using the first one!
utility_to_osm - ERROR - ssr:stedsnr = 510178: No name found
utility_to_osm - ERROR - ssr:stedsnr = 510182: No name found
utility_to_osm - ERROR - ssr:stedsnr = 510183: No name found
utility_to_osm - ERROR - ssr:stedsnr = 510246: No name found
utility_to_osm - ERROR - ssr:stedsnr = 523450: No name found
utility_to_osm - ERROR - ssr:stedsnr = 523462: No name found
utility_to_osm - ERROR - ssr:stedsnr = 523475: No name found
utility_to_osm - ERROR - ssr:stedsnr = 523480: No name found
utility_to_osm - ERROR - ssr:stedsnr = 523491: No name found
utility_to_osm - ERROR - ssr:stedsnr = 522064: No name found
utility_to_osm - ERROR - ssr:stedsnr = 523014: No name found
utility_to_osm - ERROR - ssr:stedsnr = 523013: No name found
utility_to_osm - ERROR - ssr:stedsnr = 523036: No name found
utility_to_osm - ERROR - ssr:stedsnr = 523037: No name found
utility_to_osm - ERROR - ssr:stedsnr = 523040: No name found
utility_to_osm - ERROR - ssr:stedsnr = 523042: No name found
utility_to_osm - ERROR - ssr:stedsnr = 523067: No name found
utility_to_osm - ERROR - ssr:stedsnr = 523092: No name found
utility_to_osm - ERROR - ssr:stedsnr = 523100: No name found
utility_to_osm - ERROR - ssr:stedsnr = 523117: No name found
utility_to_osm - ERROR - ssr:stedsnr = 523116: No name found
utility_to_osm - ERROR - ssr:stedsnr = 523504: No name found
utility_to_osm - ERROR - ssr:stedsnr = 523506: No name found
utility_to_osm - ERROR - ssr:stedsnr = 523521: No name found
utility_to_osm - ERROR - ssr:stedsnr = 523526: No name found
utility_to_osm - ERROR - ssr:stedsnr = 523531: No name found
utility_to_osm - ERROR - ssr:stedsnr = 523541: No name found
utility_to_osm - ERROR - ssr:stedsnr = 523548: No name found
utility_to_osm - ERROR - ssr:stedsnr = 523569: No name found
utility_to_osm - ERROR - ssr:stedsnr = 545850: No name found
utility_to_osm - ERROR - ssr:stedsnr = 549178: No name found
utility_to_osm - ERROR - ssr:stedsnr = 549184: No name found
utility_to_osm - WARNING - ssr:stedsnr = 549184 has multiple (3) positions, using the first one!
utility_to_osm - ERROR - ssr:stedsnr = 549757: No name found
utility_to_osm - ERROR - ssr:stedsnr = 549796: No name found
utility_to_osm - WARNING - ssr:stedsnr = 549796 has multiple (3) positions, using the first one!
utility_to_osm - ERROR - ssr:stedsnr = 549797: No name found
utility_to_osm - ERROR - ssr:stedsnr = 549805: No name found
utility_to_osm - WARNING - ssr:stedsnr = 549805 has multiple (3) positions, using the first one!
utility_to_osm - ERROR - ssr:stedsnr = 549845: No name found
utility_to_osm - ERROR - ssr:stedsnr = 549894: No name found
utility_to_osm - ERROR - ssr:stedsnr = 549900: No name found
utility_to_osm - ERROR - ssr:stedsnr = 549915: No name found
utility_to_osm - ERROR - ssr:stedsnr = 549918: No name found
utility_to_osm - ERROR - ssr:stedsnr = 549923: No name found
utility_to_osm - ERROR - ssr:stedsnr = 549928: No name found
utility_to_osm - ERROR - ssr:stedsnr = 549999: No name found
utility_to_osm - ERROR - ssr:stedsnr = 550169: No name found
utility_to_osm - WARNING - ssr:stedsnr = 550169 has multiple (2) positions, using the first one!
utility_to_osm - ERROR - ssr:stedsnr = 550189: No name found
utility_to_osm - WARNING - ssr:stedsnr = 550189 has multiple (2) positions, using the first one!
utility_to_osm - ERROR - ssr:stedsnr = 550522: No name found
utility_to_osm - ERROR - ssr:stedsnr = 550740: No name found
utility_to_osm - ERROR - ssr:stedsnr = 550748: No name found
utility_to_osm - ERROR - ssr:stedsnr = 550756: No name found
utility_to_osm - WARNING - ssr:stedsnr = 550756 has multiple (2) positions, using the first one!
utility_to_osm - ERROR - ssr:stedsnr = 550759: No name found
utility_to_osm - ERROR - ssr:stedsnr = 550765: No name found
utility_to_osm - WARNING - ssr:stedsnr = 550765 has multiple (2) positions, using the first one!
utility_to_osm - ERROR - ssr:stedsnr = 550773: No name found
utility_to_osm - ERROR - ssr:stedsnr = 550864: No name found
utility_to_osm - WARNING - ssr:stedsnr = 550864 has multiple (2) positions, using the first one!
utility_to_osm - ERROR - ssr:stedsnr = 550866: No name found
utility_to_osm - ERROR - ssr:stedsnr = 550871: No name found
utility_to_osm - WARNING - ssr:stedsnr = 550871 has multiple (2) positions, using the first one!
utility_to_osm - ERROR - ssr:stedsnr = 571059: No name found
utility_to_osm - ERROR - ssr:stedsnr = 571067: No name found
utility_to_osm - ERROR - ssr:stedsnr = 571079: No name found
utility_to_osm - WARNING - ssr:stedsnr = 571079 has multiple (2) positions, using the first one!
utility_to_osm - ERROR - ssr:stedsnr = 571190: No name found
utility_to_osm - ERROR - ssr:stedsnr = 571747: No name found
utility_to_osm - ERROR - ssr:stedsnr = 583005: No name found
utility_to_osm - ERROR - ssr:stedsnr = 583029: No name found
utility_to_osm - ERROR - ssr:stedsnr = 583033: No name found
utility_to_osm - ERROR - ssr:stedsnr = 583064: No name found
utility_to_osm - ERROR - ssr:stedsnr = 583067: No name found
utility_to_osm - ERROR - ssr:stedsnr = 583080: No name found
utility_to_osm - ERROR - ssr:stedsnr = 583085: No name found
utility_to_osm - ERROR - ssr:stedsnr = 583088: No name found
utility_to_osm - ERROR - ssr:stedsnr = 583097: No name found
utility_to_osm - ERROR - ssr:stedsnr = 583101: No name found
utility_to_osm - ERROR - ssr:stedsnr = 583105: No name found
utility_to_osm - ERROR - ssr:stedsnr = 583109: No name found
utility_to_osm - ERROR - ssr:stedsnr = 583113: No name found
utility_to_osm - WARNING - ssr:stedsnr = 583113 has multiple (2) positions, using the first one!
utility_to_osm - ERROR - ssr:stedsnr = 583117: No name found
utility_to_osm - WARNING - ssr:stedsnr = 583117 has multiple (2) positions, using the first one!
utility_to_osm - ERROR - ssr:stedsnr = 583372: No name found
utility_to_osm - ERROR - ssr:stedsnr = 583384: No name found
utility_to_osm - ERROR - ssr:stedsnr = 583389: No name found
utility_to_osm - ERROR - ssr:stedsnr = 583399: No name found
utility_to_osm - ERROR - ssr:stedsnr = 583430: No name found
utility_to_osm - ERROR - ssr:stedsnr = 583431: No name found
utility_to_osm - ERROR - ssr:stedsnr = 583442: No name found
utility_to_osm - ERROR - ssr:stedsnr = 583446: No name found
utility_to_osm - ERROR - ssr:stedsnr = 583452: No name found
utility_to_osm - ERROR - ssr:stedsnr = 583507: No name found
utility_to_osm - ERROR - ssr:stedsnr = 584009: No name found
utility_to_osm - ERROR - ssr:stedsnr = 584018: No name found
utility_to_osm - ERROR - ssr:stedsnr = 584027: No name found
utility_to_osm - ERROR - ssr:stedsnr = 584037: No name found
utility_to_osm - ERROR - ssr:stedsnr = 610174: No name found
utility_to_osm - WARNING - ssr:stedsnr = 610174 has multiple (2) positions, using the first one!
utility_to_osm - ERROR - ssr:stedsnr = 610772: No name found
utility_to_osm - WARNING - ssr:stedsnr = 610772 has multiple (3) positions, using the first one!
utility_to_osm - ERROR - ssr:stedsnr = 610789: No name found
utility_to_osm - WARNING - ssr:stedsnr = 610789 has multiple (2) positions, using the first one!
utility_to_osm - ERROR - ssr:stedsnr = 610793: No name found
utility_to_osm - ERROR - ssr:stedsnr = 610803: No name found
utility_to_osm - WARNING - ssr:stedsnr = 610803 has multiple (2) positions, using the first one!
utility_to_osm - ERROR - ssr:stedsnr = 610805: No name found
utility_to_osm - WARNING - ssr:stedsnr = 610805 has multiple (2) positions, using the first one!
utility_to_osm - ERROR - ssr:stedsnr = 610813: No name found
utility_to_osm - WARNING - ssr:stedsnr = 610813 has multiple (2) positions, using the first one!
utility_to_osm - ERROR - ssr:stedsnr = 610815: No name found
utility_to_osm - WARNING - ssr:stedsnr = 610815 has multiple (2) positions, using the first one!
utility_to_osm - ERROR - ssr:stedsnr = 610822: No name found
utility_to_osm - ERROR - ssr:stedsnr = 610827: No name found
utility_to_osm - ERROR - ssr:stedsnr = 610843: No name found
utility_to_osm - ERROR - ssr:stedsnr = 610849: No name found
utility_to_osm - ERROR - ssr:stedsnr = 610858: No name found
utility_to_osm - WARNING - ssr:stedsnr = 610858 has multiple (2) positions, using the first one!
utility_to_osm - ERROR - ssr:stedsnr = 610868: No name found
utility_to_osm - ERROR - ssr:stedsnr = 610888: No name found
utility_to_osm - WARNING - ssr:stedsnr = 610888 has multiple (3) positions, using the first one!
utility_to_osm - ERROR - ssr:stedsnr = 610896: No name found
utility_to_osm - WARNING - ssr:stedsnr = 610896 has multiple (2) positions, using the first one!
utility_to_osm - ERROR - ssr:stedsnr = 610898: No name found
utility_to_osm - ERROR - ssr:stedsnr = 610899: No name found
utility_to_osm - WARNING - ssr:stedsnr = 610899 has multiple (2) positions, using the first one!
utility_to_osm - ERROR - ssr:stedsnr = 610900: No name found
utility_to_osm - WARNING - ssr:stedsnr = 610900 has multiple (2) positions, using the first one!
utility_to_osm - ERROR - ssr:stedsnr = 610909: No name found
utility_to_osm - WARNING - ssr:stedsnr = 610909 has multiple (2) positions, using the first one!
utility_to_osm - ERROR - ssr:stedsnr = 610913: No name found
utility_to_osm - WARNING - ssr:stedsnr = 610913 has multiple (2) positions, using the first one!
utility_to_osm - ERROR - ssr:stedsnr = 610944: No name found
utility_to_osm - WARNING - ssr:stedsnr = 610944 has multiple (2) positions, using the first one!
utility_to_osm - ERROR - ssr:stedsnr = 610950: No name found
utility_to_osm - ERROR - ssr:stedsnr = 611000: No name found
utility_to_osm - ERROR - ssr:stedsnr = 631071: No name found
utility_to_osm - ERROR - ssr:stedsnr = 631171: No name found
utility_to_osm - WARNING - ssr:stedsnr = 631171 has multiple (2) positions, using the first one!
utility_to_osm - ERROR - ssr:stedsnr = 631185: No name found
utility_to_osm - WARNING - ssr:stedsnr = 631185 has multiple (2) positions, using the first one!
utility_to_osm - ERROR - ssr:stedsnr = 631229: No name found
utility_to_osm - WARNING - ssr:stedsnr = 631229 has multiple (2) positions, using the first one!
utility_to_osm - ERROR - ssr:stedsnr = 643064: No name found
utility_to_osm - ERROR - ssr:stedsnr = 643082: No name found
utility_to_osm - ERROR - ssr:stedsnr = 643099: No name found
utility_to_osm - ERROR - ssr:stedsnr = 643101: No name found
utility_to_osm - ERROR - ssr:stedsnr = 644010: No name found
utility_to_osm - ERROR - ssr:stedsnr = 644022: No name found
utility_to_osm - ERROR - ssr:stedsnr = 644034: No name found
utility_to_osm - ERROR - ssr:stedsnr = 644052: No name found
utility_to_osm - ERROR - ssr:stedsnr = 644067: No name found
utility_to_osm - ERROR - ssr:stedsnr = 644074: No name found
utility_to_osm - ERROR - ssr:stedsnr = 644078: No name found
utility_to_osm - ERROR - ssr:stedsnr = 644082: No name found
utility_to_osm - ERROR - ssr:stedsnr = 644086: No name found
utility_to_osm - ERROR - ssr:stedsnr = 644087: No name found
utility_to_osm - ERROR - ssr:stedsnr = 644088: No name found
utility_to_osm - ERROR - ssr:stedsnr = 644090: No name found
utility_to_osm - ERROR - ssr:stedsnr = 644102: No name found
utility_to_osm - ERROR - ssr:stedsnr = 644394: No name found
utility_to_osm - ERROR - ssr:stedsnr = 644410: No name found
utility_to_osm - ERROR - ssr:stedsnr = 644412: No name found
utility_to_osm - ERROR - ssr:stedsnr = 644443: No name found
utility_to_osm - ERROR - ssr:stedsnr = 644448: No name found
utility_to_osm - ERROR - ssr:stedsnr = 644452: No name found
utility_to_osm - ERROR - ssr:stedsnr = 644477: No name found
utility_to_osm - ERROR - ssr:stedsnr = 644481: No name found
utility_to_osm - ERROR - ssr:stedsnr = 644492: No name found
utility_to_osm - ERROR - ssr:stedsnr = 644534: No name found
utility_to_osm - ERROR - ssr:stedsnr = 644533: No name found
utility_to_osm - ERROR - ssr:stedsnr = 671148: No name found
utility_to_osm - WARNING - ssr:stedsnr = 671148 has multiple (2) positions, using the first one!
utility_to_osm - ERROR - ssr:stedsnr = 671162: No name found
utility_to_osm - ERROR - ssr:stedsnr = 671174: No name found
utility_to_osm - ERROR - ssr:stedsnr = 671176: No name found
utility_to_osm - ERROR - ssr:stedsnr = 671184: No name found
utility_to_osm - ERROR - ssr:stedsnr = 671766: No name found
utility_to_osm - WARNING - ssr:stedsnr = 671766 has multiple (3) positions, using the first one!
utility_to_osm - ERROR - ssr:stedsnr = 671768: No name found
utility_to_osm - WARNING - ssr:stedsnr = 671768 has multiple (2) positions, using the first one!
utility_to_osm - ERROR - ssr:stedsnr = 671769: No name found
utility_to_osm - ERROR - ssr:stedsnr = 671788: No name found
utility_to_osm - WARNING - ssr:stedsnr = 671788 has multiple (2) positions, using the first one!
utility_to_osm - ERROR - ssr:stedsnr = 671804: No name found
utility_to_osm - WARNING - ssr:stedsnr = 671804 has multiple (2) positions, using the first one!
utility_to_osm - ERROR - ssr:stedsnr = 671813: No name found
utility_to_osm - ERROR - ssr:stedsnr = 671826: No name found
utility_to_osm - ERROR - ssr:stedsnr = 671830: No name found
utility_to_osm - ERROR - ssr:stedsnr = 671835: No name found
utility_to_osm - ERROR - ssr:stedsnr = 671845: No name found
utility_to_osm - ERROR - ssr:stedsnr = 671930: No name found
utility_to_osm - ERROR - ssr:stedsnr = 671968: No name found
utility_to_osm - WARNING - ssr:stedsnr = 671968 has multiple (2) positions, using the first one!
utility_to_osm - ERROR - ssr:stedsnr = 671974: No name found
utility_to_osm - WARNING - ssr:stedsnr = 671974 has multiple (2) positions, using the first one!
utility_to_osm - ERROR - ssr:stedsnr = 692076: No name found
utility_to_osm - ERROR - ssr:stedsnr = 692222: No name found
utility_to_osm - ERROR - ssr:stedsnr = 705503: No name found
utility_to_osm - ERROR - ssr:stedsnr = 705529: No name found
utility_to_osm - ERROR - ssr:stedsnr = 705008: No name found
utility_to_osm - ERROR - ssr:stedsnr = 705019: No name found
utility_to_osm - ERROR - ssr:stedsnr = 705023: No name found
utility_to_osm - ERROR - ssr:stedsnr = 705027: No name found
utility_to_osm - ERROR - ssr:stedsnr = 705031: No name found
utility_to_osm - ERROR - ssr:stedsnr = 705038: No name found
utility_to_osm - ERROR - ssr:stedsnr = 705058: No name found
utility_to_osm - ERROR - ssr:stedsnr = 705069: No name found
utility_to_osm - ERROR - ssr:stedsnr = 705072: No name found
utility_to_osm - ERROR - ssr:stedsnr = 705074: No name found
utility_to_osm - ERROR - ssr:stedsnr = 705096: No name found
utility_to_osm - ERROR - ssr:stedsnr = 705099: No name found
utility_to_osm - ERROR - ssr:stedsnr = 705134: No name found
utility_to_osm - ERROR - ssr:stedsnr = 705456: No name found
utility_to_osm - ERROR - ssr:stedsnr = 705483: No name found
utility_to_osm - ERROR - ssr:stedsnr = 705485: No name found
utility_to_osm - ERROR - ssr:stedsnr = 705490: No name found
utility_to_osm - ERROR - ssr:stedsnr = 705531: No name found
utility_to_osm - ERROR - ssr:stedsnr = 705537: No name found
utility_to_osm - ERROR - ssr:stedsnr = 705544: No name found
utility_to_osm - ERROR - ssr:stedsnr = 708632: No name found
utility_to_osm - ERROR - ssr:stedsnr = 713853: No name found
utility_to_osm - ERROR - ssr:stedsnr = 713854: No name found
utility_to_osm - ERROR - ssr:stedsnr = 713857: No name found
utility_to_osm - ERROR - ssr:stedsnr = 731854: No name found
utility_to_osm - WARNING - ssr:stedsnr = 731854 has multiple (2) positions, using the first one!
utility_to_osm - ERROR - ssr:stedsnr = 732194: No name found
utility_to_osm - ERROR - ssr:stedsnr = 732757: No name found
utility_to_osm - ERROR - ssr:stedsnr = 732759: No name found
utility_to_osm - ERROR - ssr:stedsnr = 732764: No name found
utility_to_osm - WARNING - ssr:stedsnr = 732764 has multiple (2) positions, using the first one!
utility_to_osm - ERROR - ssr:stedsnr = 732767: No name found
utility_to_osm - ERROR - ssr:stedsnr = 732790: No name found
utility_to_osm - WARNING - ssr:stedsnr = 732790 has multiple (2) positions, using the first one!
utility_to_osm - ERROR - ssr:stedsnr = 732793: No name found
utility_to_osm - ERROR - ssr:stedsnr = 732794: No name found
utility_to_osm - WARNING - ssr:stedsnr = 732794 has multiple (2) positions, using the first one!
utility_to_osm - ERROR - ssr:stedsnr = 732806: No name found
utility_to_osm - WARNING - ssr:stedsnr = 732806 has multiple (2) positions, using the first one!
utility_to_osm - ERROR - ssr:stedsnr = 732836: No name found
utility_to_osm - WARNING - ssr:stedsnr = 732836 has multiple (3) positions, using the first one!
utility_to_osm - ERROR - ssr:stedsnr = 732840: No name found
utility_to_osm - ERROR - ssr:stedsnr = 732850: No name found
utility_to_osm - ERROR - ssr:stedsnr = 732893: No name found
utility_to_osm - ERROR - ssr:stedsnr = 732895: No name found
utility_to_osm - ERROR - ssr:stedsnr = 732913: No name found
utility_to_osm - ERROR - ssr:stedsnr = 732920: No name found
utility_to_osm - WARNING - ssr:stedsnr = 732920 has multiple (2) positions, using the first one!
utility_to_osm - ERROR - ssr:stedsnr = 732998: No name found
utility_to_osm - ERROR - ssr:stedsnr = 753028: No name found
utility_to_osm - ERROR - ssr:stedsnr = 753043: No name found
utility_to_osm - ERROR - ssr:stedsnr = 753051: No name found
utility_to_osm - ERROR - ssr:stedsnr = 753209: No name found
utility_to_osm - WARNING - ssr:stedsnr = 753209 has multiple (2) positions, using the first one!
utility_to_osm - ERROR - ssr:stedsnr = 766507: No name found
utility_to_osm - ERROR - ssr:stedsnr = 765060: No name found
utility_to_osm - ERROR - ssr:stedsnr = 765105: No name found
utility_to_osm - ERROR - ssr:stedsnr = 765108: No name found
utility_to_osm - ERROR - ssr:stedsnr = 765127: No name found
utility_to_osm - ERROR - ssr:stedsnr = 765364: No name found
utility_to_osm - ERROR - ssr:stedsnr = 765374: No name found
utility_to_osm - ERROR - ssr:stedsnr = 765375: No name found
utility_to_osm - ERROR - ssr:stedsnr = 765387: No name found
utility_to_osm - ERROR - ssr:stedsnr = 765402: No name found
utility_to_osm - ERROR - ssr:stedsnr = 765408: No name found
utility_to_osm - ERROR - ssr:stedsnr = 765411: No name found
utility_to_osm - ERROR - ssr:stedsnr = 765416: No name found
utility_to_osm - ERROR - ssr:stedsnr = 765418: No name found
utility_to_osm - ERROR - ssr:stedsnr = 766001: No name found
utility_to_osm - ERROR - ssr:stedsnr = 766014: No name found
utility_to_osm - ERROR - ssr:stedsnr = 766021: No name found
utility_to_osm - ERROR - ssr:stedsnr = 766025: No name found
utility_to_osm - ERROR - ssr:stedsnr = 766032: No name found
utility_to_osm - ERROR - ssr:stedsnr = 766429: No name found
utility_to_osm - ERROR - ssr:stedsnr = 766431: No name found
utility_to_osm - ERROR - ssr:stedsnr = 766430: No name found
utility_to_osm - ERROR - ssr:stedsnr = 766433: No name found
utility_to_osm - ERROR - ssr:stedsnr = 766439: No name found
utility_to_osm - ERROR - ssr:stedsnr = 766440: No name found
utility_to_osm - ERROR - ssr:stedsnr = 766464: No name found
utility_to_osm - ERROR - ssr:stedsnr = 766467: No name found
utility_to_osm - ERROR - ssr:stedsnr = 766490: No name found
utility_to_osm - ERROR - ssr:stedsnr = 766501: No name found
utility_to_osm - ERROR - ssr:stedsnr = 774863: No name found
utility_to_osm - ERROR - ssr:stedsnr = 788967: No name found
utility_to_osm - ERROR - ssr:stedsnr = 792178: No name found
utility_to_osm - ERROR - ssr:stedsnr = 792757: No name found
utility_to_osm - ERROR - ssr:stedsnr = 792757: Adding multiple names to name tag, this is not OK! name = "Klubben;Srfonnatangen"
utility_to_osm - WARNING - ssr:stedsnr = 792757 has multiple (2) positions, using the first one!
utility_to_osm - ERROR - ssr:stedsnr = 792762: No name found
utility_to_osm - ERROR - ssr:stedsnr = 792764: No name found
utility_to_osm - WARNING - ssr:stedsnr = 792764 has multiple (2) positions, using the first one!
utility_to_osm - ERROR - ssr:stedsnr = 792769: No name found
utility_to_osm - WARNING - ssr:stedsnr = 792769 has multiple (2) positions, using the first one!
utility_to_osm - ERROR - ssr:stedsnr = 792770: No name found
utility_to_osm - ERROR - ssr:stedsnr = 792786: No name found
utility_to_osm - ERROR - ssr:stedsnr = 792788: No name found
utility_to_osm - ERROR - ssr:stedsnr = 792817: No name found
utility_to_osm - WARNING - ssr:stedsnr = 792817 has multiple (3) positions, using the first one!
utility_to_osm - ERROR - ssr:stedsnr = 792822: No name found
utility_to_osm - WARNING - ssr:stedsnr = 792822 has multiple (3) positions, using the first one!
utility_to_osm - ERROR - ssr:stedsnr = 792827: No name found
utility_to_osm - WARNING - ssr:stedsnr = 792827 has multiple (3) positions, using the first one!
utility_to_osm - ERROR - ssr:stedsnr = 792837: No name found
utility_to_osm - ERROR - ssr:stedsnr = 792865: No name found
utility_to_osm - ERROR - ssr:stedsnr = 792867: No name found
utility_to_osm - WARNING - ssr:stedsnr = 792867 has multiple (2) positions, using the first one!
utility_to_osm - ERROR - ssr:stedsnr = 792903: No name found
utility_to_osm - ERROR - ssr:stedsnr = 792979: No name found
utility_to_osm - WARNING - ssr:stedsnr = 792979 has multiple (4) positions, using the first one!
utility_to_osm - ERROR - ssr:stedsnr = 793164: No name found
utility_to_osm - ERROR - ssr:stedsnr = 793166: No name found
utility_to_osm - ERROR - ssr:stedsnr = 793179: No name found
utility_to_osm - ERROR - ssr:stedsnr = 793786: No name found
utility_to_osm - ERROR - ssr:stedsnr = 793788: No name found
utility_to_osm - WARNING - ssr:stedsnr = 793788 has multiple (2) positions, using the first one!
utility_to_osm - ERROR - ssr:stedsnr = 793789: No name found
utility_to_osm - WARNING - ssr:stedsnr = 793789 has multiple (2) positions, using the first one!
utility_to_osm - ERROR - ssr:stedsnr = 793881: No name found
utility_to_osm - ERROR - ssr:stedsnr = 814069: No name found
utility_to_osm - ERROR - ssr:stedsnr = 814073: No name found
utility_to_osm - ERROR - ssr:stedsnr = 814081: No name found
utility_to_osm - ERROR - ssr:stedsnr = 814087: No name found
utility_to_osm - ERROR - ssr:stedsnr = 814312: No name found
utility_to_osm - ERROR - ssr:stedsnr = 814775: No name found
utility_to_osm - ERROR - ssr:stedsnr = 826071: No name found
utility_to_osm - ERROR - ssr:stedsnr = 826091: No name found
utility_to_osm - ERROR - ssr:stedsnr = 826102: No name found
utility_to_osm - ERROR - ssr:stedsnr = 826108: No name found
utility_to_osm - ERROR - ssr:stedsnr = 826152: No name found
utility_to_osm - ERROR - ssr:stedsnr = 826385: No name found
utility_to_osm - ERROR - ssr:stedsnr = 826417: No name found
utility_to_osm - ERROR - ssr:stedsnr = 826421: No name found
utility_to_osm - ERROR - ssr:stedsnr = 827016: No name found
utility_to_osm - ERROR - ssr:stedsnr = 827021: No name found
utility_to_osm - ERROR - ssr:stedsnr = 827025: No name found
utility_to_osm - ERROR - ssr:stedsnr = 827034: No name found
utility_to_osm - ERROR - ssr:stedsnr = 827044: No name found
utility_to_osm - ERROR - ssr:stedsnr = 827099: No name found
utility_to_osm - ERROR - ssr:stedsnr = 827276: No name found
utility_to_osm - ERROR - ssr:stedsnr = 827403: No name found
utility_to_osm - ERROR - ssr:stedsnr = 827430: No name found
utility_to_osm - ERROR - ssr:stedsnr = 827462: No name found
utility_to_osm - ERROR - ssr:stedsnr = 827472: No name found
utility_to_osm - ERROR - ssr:stedsnr = 827493: No name found
utility_to_osm - ERROR - ssr:stedsnr = 827497: No name found
utility_to_osm - ERROR - ssr:stedsnr = 827502: No name found
utility_to_osm - ERROR - ssr:stedsnr = 827513: No name found
utility_to_osm - ERROR - ssr:stedsnr = 847579: No name found
utility_to_osm - ERROR - ssr:stedsnr = 849920: No name found
utility_to_osm - WARNING - ssr:stedsnr = 849920 has multiple (3) positions, using the first one!
utility_to_osm - ERROR - ssr:stedsnr = 853140: No name found
utility_to_osm - WARNING - ssr:stedsnr = 853140 has multiple (2) positions, using the first one!
utility_to_osm - ERROR - ssr:stedsnr = 853143: No name found
utility_to_osm - WARNING - ssr:stedsnr = 853143 has multiple (2) positions, using the first one!
utility_to_osm - ERROR - ssr:stedsnr = 853145: No name found
utility_to_osm - WARNING - ssr:stedsnr = 853145 has multiple (2) positions, using the first one!
utility_to_osm - ERROR - ssr:stedsnr = 853152: No name found
utility_to_osm - WARNING - ssr:stedsnr = 853152 has multiple (2) positions, using the first one!
utility_to_osm - ERROR - ssr:stedsnr = 853756: No name found
utility_to_osm - WARNING - ssr:stedsnr = 853756 has multiple (2) positions, using the first one!
utility_to_osm - ERROR - ssr:stedsnr = 853764: No name found
utility_to_osm - ERROR - ssr:stedsnr = 853773: No name found
utility_to_osm - ERROR - ssr:stedsnr = 853780: No name found
utility_to_osm - WARNING - ssr:stedsnr = 853780 has multiple (2) positions, using the first one!
utility_to_osm - ERROR - ssr:stedsnr = 853797: No name found
utility_to_osm - WARNING - ssr:stedsnr = 853797 has multiple (4) positions, using the first one!
utility_to_osm - ERROR - ssr:stedsnr = 853799: No name found
utility_to_osm - WARNING - ssr:stedsnr = 853799 has multiple (2) positions, using the first one!
utility_to_osm - ERROR - ssr:stedsnr = 853830: No name found
utility_to_osm - ERROR - ssr:stedsnr = 853843: No name found
utility_to_osm - WARNING - ssr:stedsnr = 853843 has multiple (2) positions, using the first one!
utility_to_osm - ERROR - ssr:stedsnr = 853847: No name found
utility_to_osm - ERROR - ssr:stedsnr = 853849: No name found
utility_to_osm - ERROR - ssr:stedsnr = 853853: No name found
utility_to_osm - WARNING - ssr:stedsnr = 853853 has multiple (2) positions, using the first one!
utility_to_osm - ERROR - ssr:stedsnr = 853862: No name found
utility_to_osm - WARNING - ssr:stedsnr = 853862 has multiple (2) positions, using the first one!
utility_to_osm - ERROR - ssr:stedsnr = 853861: No name found
utility_to_osm - WARNING - ssr:stedsnr = 853861 has multiple (2) positions, using the first one!
utility_to_osm - ERROR - ssr:stedsnr = 853865: No name found
utility_to_osm - WARNING - ssr:stedsnr = 853865 has multiple (2) positions, using the first one!
utility_to_osm - ERROR - ssr:stedsnr = 853869: No name found
utility_to_osm - ERROR - ssr:stedsnr = 853871: No name found
utility_to_osm - ERROR - ssr:stedsnr = 853874: No name found
utility_to_osm - WARNING - ssr:stedsnr = 853874 has multiple (2) positions, using the first one!
utility_to_osm - ERROR - ssr:stedsnr = 853889: No name found
utility_to_osm - ERROR - ssr:stedsnr = 853892: No name found
utility_to_osm - WARNING - ssr:stedsnr = 853892 has multiple (5) positions, using the first one!
utility_to_osm - ERROR - ssr:stedsnr = 853897: No name found
utility_to_osm - ERROR - ssr:stedsnr = 853915: No name found
utility_to_osm - ERROR - ssr:stedsnr = 854163: No name found
utility_to_osm - WARNING - ssr:stedsnr = 854163 has multiple (2) positions, using the first one!
utility_to_osm - ERROR - ssr:stedsnr = 854165: No name found
utility_to_osm - WARNING - ssr:stedsnr = 854165 has multiple (2) positions, using the first one!
utility_to_osm - ERROR - ssr:stedsnr = 854735: No name found
utility_to_osm - ERROR - ssr:stedsnr = 854742: No name found
utility_to_osm - ERROR - ssr:stedsnr = 854760: No name found
utility_to_osm - ERROR - ssr:stedsnr = 854763: No name found
utility_to_osm - ERROR - ssr:stedsnr = 854873: No name found
utility_to_osm - WARNING - ssr:stedsnr = 854873 has multiple (2) positions, using the first one!
utility_to_osm - ERROR - ssr:stedsnr = 874054: No name found
utility_to_osm - ERROR - ssr:stedsnr = 874251: No name found
utility_to_osm - ERROR - ssr:stedsnr = 875070: No name found
utility_to_osm - ERROR - ssr:stedsnr = 875079: No name found
utility_to_osm - WARNING - ssr:stedsnr = 875079 has multiple (2) positions, using the first one!
utility_to_osm - ERROR - ssr:stedsnr = 875088: No name found
utility_to_osm - ERROR - ssr:stedsnr = 875099: No name found
utility_to_osm - ERROR - ssr:stedsnr = 875100: No name found
utility_to_osm - WARNING - ssr:stedsnr = 875100 has multiple (2) positions, using the first one!
utility_to_osm - ERROR - ssr:stedsnr = 875248: No name found
utility_to_osm - ERROR - ssr:stedsnr = 914192: No name found
utility_to_osm - ERROR - ssr:stedsnr = 914560: No name found
utility_to_osm - ERROR - ssr:stedsnr = 914756: No name found
utility_to_osm - WARNING - ssr:stedsnr = 914756 has multiple (2) positions, using the first one!
utility_to_osm - ERROR - ssr:stedsnr = 914770: No name found
utility_to_osm - WARNING - ssr:stedsnr = 914770 has multiple (2) positions, using the first one!
utility_to_osm - ERROR - ssr:stedsnr = 914783: No name found
utility_to_osm - ERROR - ssr:stedsnr = 914794: No name found
utility_to_osm - WARNING - ssr:stedsnr = 914794 has multiple (2) positions, using the first one!
utility_to_osm - ERROR - ssr:stedsnr = 914796: No name found
utility_to_osm - WARNING - ssr:stedsnr = 914796 has multiple (2) positions, using the first one!
utility_to_osm - ERROR - ssr:stedsnr = 914802: No name found
utility_to_osm - WARNING - ssr:stedsnr = 914802 has multiple (2) positions, using the first one!
utility_to_osm - ERROR - ssr:stedsnr = 914801: No name found
utility_to_osm - WARNING - ssr:stedsnr = 914801 has multiple (2) positions, using the first one!
utility_to_osm - ERROR - ssr:stedsnr = 914825: No name found
utility_to_osm - WARNING - ssr:stedsnr = 914825 has multiple (2) positions, using the first one!
utility_to_osm - ERROR - ssr:stedsnr = 914841: No name found
utility_to_osm - ERROR - ssr:stedsnr = 914884: No name found
utility_to_osm - WARNING - ssr:stedsnr = 914884 has multiple (2) positions, using the first one!
utility_to_osm - ERROR - ssr:stedsnr = 914916: No name found
utility_to_osm - ERROR - ssr:stedsnr = 914919: No name found
utility_to_osm - ERROR - ssr:stedsnr = 914925: No name found
utility_to_osm - WARNING - ssr:stedsnr = 914925 has multiple (2) positions, using the first one!
utility_to_osm - ERROR - ssr:stedsnr = 914926: No name found
utility_to_osm - ERROR - ssr:stedsnr = 914946: No name found
utility_to_osm - ERROR - ssr:stedsnr = 914968: No name found
utility_to_osm - ERROR - ssr:stedsnr = 935083: No name found
utility_to_osm - ERROR - ssr:stedsnr = 935174: No name found
utility_to_osm - ERROR - ssr:stedsnr = 935177: No name found
utility_to_osm - ERROR - ssr:stedsnr = 935226: No name found
utility_to_osm - WARNING - ssr:stedsnr = 935226 has multiple (2) positions, using the first one!
utility_to_osm - ERROR - ssr:stedsnr = 935762: No name found
utility_to_osm - ERROR - ssr:stedsnr = 935764: No name found
utility_to_osm - ERROR - ssr:stedsnr = 948002: No name found
utility_to_osm - ERROR - ssr:stedsnr = 948003: No name found
utility_to_osm - ERROR - ssr:stedsnr = 948006: No name found
utility_to_osm - ERROR - ssr:stedsnr = 948009: No name found
utility_to_osm - ERROR - ssr:stedsnr = 948015: No name found
utility_to_osm - ERROR - ssr:stedsnr = 948020: No name found
utility_to_osm - ERROR - ssr:stedsnr = 948024: No name found
utility_to_osm - ERROR - ssr:stedsnr = 948051: No name found
utility_to_osm - ERROR - ssr:stedsnr = 948107: No name found
utility_to_osm - ERROR - ssr:stedsnr = 948115: No name found
utility_to_osm - ERROR - ssr:stedsnr = 948117: No name found
utility_to_osm - ERROR - ssr:stedsnr = 948125: No name found
utility_to_osm - ERROR - ssr:stedsnr = 948407: No name found
utility_to_osm - ERROR - ssr:stedsnr = 948452: No name found
utility_to_osm - ERROR - ssr:stedsnr = 948468: No name found
utility_to_osm - ERROR - ssr:stedsnr = 948472: No name found
utility_to_osm - ERROR - ssr:stedsnr = 948489: No name found
utility_to_osm - ERROR - ssr:stedsnr = 948491: No name found
utility_to_osm - ERROR - ssr:stedsnr = 948517: No name found
utility_to_osm - ERROR - ssr:stedsnr = 950601: No name found
utility_to_osm - ERROR - ssr:stedsnr = 956850: No name found
utility_to_osm - ERROR - ssr:stedsnr = 968778: No name found
utility_to_osm - WARNING - ssr:stedsnr = 968778 has multiple (2) positions, using the first one!
utility_to_osm - ERROR - ssr:stedsnr = 974777: No name found
utility_to_osm - ERROR - ssr:stedsnr = 65531: No name found
utility_to_osm.ssr2.ssr2_tags - INFO - ssr:type = annenAdministrativInndeling found in conversion table, but without tags
utility_to_osm.ssr2.ssr2_tags - INFO - ssr:type = fyrlykt found in conversion table, but without tags
utility_to_osm.ssr2.ssr2_tags - INFO - ssr:type = fyrlykt found in conversion table, but without tags
utility_to_osm.ssr2.ssr2_tags - INFO - ssr:type = kommune found in conversion table, but without tags
utility_to_osm.ssr2.ssr2_tags - INFO - ssr:type = fyrlykt found in conversion table, but without tags
utility_to_osm - INFO - Done: Kommune = 1222, Duration: 0:00:35.438611
