utility_to_osm - WARNING - ssr:stedsnr = 20392: No priority spelling found for lang = no, using alt_name to get "[('no', 'Bryggaridalen')]"
utility_to_osm - WARNING - ssr:stedsnr = 20392 has multiple (3) positions, using the first one!
utility_to_osm - WARNING - ssr:stedsnr = 20399: No priority spelling found for lang = no, using alt_name to get "[('no', 'Davidsenvannet')]"
utility_to_osm - WARNING - ssr:stedsnr = 20399 has multiple (2) positions, using the first one!
utility_to_osm - ERROR - ssr:stedsnr = 20402: Adding multiple names to name tag, this is not OK! name = "Nedre Kløft-vatnet;Nordre Kløftvatnet"
utility_to_osm - WARNING - ssr:stedsnr = 20402 has multiple (2) positions, using the first one!
utility_to_osm - WARNING - ssr:stedsnr = 20486 has multiple (4) positions, using the first one!
utility_to_osm - WARNING - ssr:stedsnr = 80346: No priority spelling found for lang = se, using alt_name to get "[('no', 'Gulgofjorden'), ('se', 'Vuođavuotna')]"
utility_to_osm - WARNING - ssr:stedsnr = 80346 has multiple (5) positions, using the first one!
utility_to_osm - WARNING - ssr:stedsnr = 81403 has multiple (3) positions, using the first one!
utility_to_osm - WARNING - ssr:stedsnr = 86484 has multiple (8) positions, using the first one!
utility_to_osm - WARNING - ssr:stedsnr = 105906 has multiple (2) positions, using the first one!
utility_to_osm - WARNING - ssr:stedsnr = 140373: No priority spelling found for lang = se, using alt_name to get "[('no', 'Gulgoodden'), ('se', 'Guođggotgeahči')]"
utility_to_osm - WARNING - ssr:stedsnr = 140373 has multiple (3) positions, using the first one!
utility_to_osm - WARNING - ssr:stedsnr = 140376 has multiple (4) positions, using the first one!
utility_to_osm - WARNING - ssr:stedsnr = 141343 has multiple (2) positions, using the first one!
utility_to_osm - WARNING - ssr:stedsnr = 141398 has multiple (2) positions, using the first one!
utility_to_osm - WARNING - ssr:stedsnr = 141409 has multiple (3) positions, using the first one!
utility_to_osm - WARNING - ssr:stedsnr = 141412: No priority spelling found for lang = se, using alt_name to get "[('no', 'Strømmen'), ('se', 'Rivdnji')]"
utility_to_osm - WARNING - ssr:stedsnr = 141412 has multiple (4) positions, using the first one!
utility_to_osm - WARNING - ssr:stedsnr = 141935 has multiple (2) positions, using the first one!
utility_to_osm - WARNING - ssr:stedsnr = 141986 has multiple (2) positions, using the first one!
utility_to_osm - WARNING - ssr:stedsnr = 141987: No priority spelling found for lang = no, using alt_name to get "[('no', 'Nålnesaksla')]"
utility_to_osm - WARNING - ssr:stedsnr = 141987 has multiple (3) positions, using the first one!
utility_to_osm - WARNING - ssr:stedsnr = 141992 has multiple (3) positions, using the first one!
utility_to_osm - WARNING - ssr:stedsnr = 259677 has multiple (3) positions, using the first one!
utility_to_osm - WARNING - ssr:stedsnr = 262422 has multiple (3) positions, using the first one!
utility_to_osm - WARNING - ssr:stedsnr = 262428 has multiple (2) positions, using the first one!
utility_to_osm - WARNING - ssr:stedsnr = 262357 has multiple (4) positions, using the first one!
utility_to_osm - WARNING - ssr:stedsnr = 262434 has multiple (4) positions, using the first one!
utility_to_osm - WARNING - ssr:stedsnr = 262523 has multiple (3) positions, using the first one!
utility_to_osm - WARNING - ssr:stedsnr = 262525: No priority spelling found for lang = se, using alt_name to get "[('no', 'Sandfjorden')]"
utility_to_osm - WARNING - ssr:stedsnr = 262525 has multiple (3) positions, using the first one!
utility_to_osm - WARNING - ssr:stedsnr = 263113: No priority spelling found for lang = se, using alt_name to get "[('no', 'Storelva'), ('se', 'Rákkojohka')]"
utility_to_osm - WARNING - ssr:stedsnr = 263113 has multiple (11) positions, using the first one!
utility_to_osm - WARNING - ssr:stedsnr = 263941 has multiple (2) positions, using the first one!
utility_to_osm - WARNING - ssr:stedsnr = 263948 has multiple (2) positions, using the first one!
utility_to_osm - WARNING - ssr:stedsnr = 263952 has multiple (3) positions, using the first one!
utility_to_osm - WARNING - ssr:stedsnr = 263954 has multiple (2) positions, using the first one!
utility_to_osm - WARNING - ssr:stedsnr = 263955 has multiple (2) positions, using the first one!
utility_to_osm - WARNING - ssr:stedsnr = 263962 has multiple (2) positions, using the first one!
utility_to_osm - WARNING - ssr:stedsnr = 263965 has multiple (3) positions, using the first one!
utility_to_osm - WARNING - ssr:stedsnr = 263966 has multiple (2) positions, using the first one!
utility_to_osm - WARNING - ssr:stedsnr = 263967 has multiple (2) positions, using the first one!
utility_to_osm - WARNING - ssr:stedsnr = 263969 has multiple (3) positions, using the first one!
utility_to_osm - ERROR - ssr:stedsnr = 202343: Adding multiple names to name tag, this is not OK! name = "Gulgofjorden;Trollfjorden"
utility_to_osm - WARNING - ssr:stedsnr = 202347 has multiple (3) positions, using the first one!
utility_to_osm - WARNING - ssr:stedsnr = 202352 has multiple (2) positions, using the first one!
utility_to_osm - WARNING - ssr:stedsnr = 202391 has multiple (3) positions, using the first one!
utility_to_osm - WARNING - ssr:stedsnr = 202506 has multiple (8) positions, using the first one!
utility_to_osm - WARNING - ssr:stedsnr = 202995 has multiple (2) positions, using the first one!
utility_to_osm - WARNING - ssr:stedsnr = 208946 has multiple (3) positions, using the first one!
utility_to_osm - WARNING - ssr:stedsnr = 269500 has multiple (2) positions, using the first one!
utility_to_osm - WARNING - ssr:stedsnr = 262403 has multiple (2) positions, using the first one!
utility_to_osm - WARNING - ssr:stedsnr = 262418 has multiple (2) positions, using the first one!
utility_to_osm - WARNING - ssr:stedsnr = 263409 has multiple (3) positions, using the first one!
utility_to_osm - WARNING - ssr:stedsnr = 263496 has multiple (2) positions, using the first one!
utility_to_osm - WARNING - ssr:stedsnr = 263499: No priority spelling found for lang = no, using alt_name to get "[('no', 'Bjørnviktoppen')]"
utility_to_osm - WARNING - ssr:stedsnr = 263499 has multiple (2) positions, using the first one!
utility_to_osm - WARNING - ssr:stedsnr = 263504: No priority spelling found for lang = no, using alt_name to get "[('no', 'Helløya')]"
utility_to_osm - WARNING - ssr:stedsnr = 263504 has multiple (2) positions, using the first one!
utility_to_osm - WARNING - ssr:stedsnr = 263981: No priority spelling found for lang = no, using alt_name to get "[('no', 'Lillevarden')]"
utility_to_osm - WARNING - ssr:stedsnr = 263981 has multiple (2) positions, using the first one!
utility_to_osm - WARNING - ssr:stedsnr = 263990 has multiple (3) positions, using the first one!
utility_to_osm - WARNING - ssr:stedsnr = 269207: No priority spelling found for lang = no, using alt_name to get "[('no', 'Vester-Styrelva')]"
utility_to_osm - WARNING - ssr:stedsnr = 269207 has multiple (3) positions, using the first one!
utility_to_osm - WARNING - ssr:stedsnr = 269208: No priority spelling found for lang = no, using alt_name to get "[('no', 'Nikko-Per-haugen')]"
utility_to_osm - WARNING - ssr:stedsnr = 323311 has multiple (2) positions, using the first one!
utility_to_osm - WARNING - ssr:stedsnr = 323402: No priority spelling found for lang = se, using alt_name to get "[('no', 'Nikko-Per-vannet'), ('se', 'Nihkopierjávri')]"
utility_to_osm - WARNING - ssr:stedsnr = 323402 has multiple (4) positions, using the first one!
utility_to_osm - WARNING - ssr:stedsnr = 323413: No priority spelling found for lang = no, using alt_name to get "[('no', 'Vester-Risfjordfjellet')]"
utility_to_osm - WARNING - ssr:stedsnr = 323413 has multiple (2) positions, using the first one!
utility_to_osm - WARNING - ssr:stedsnr = 323416 has multiple (3) positions, using the first one!
utility_to_osm - WARNING - ssr:stedsnr = 323417 has multiple (3) positions, using the first one!
utility_to_osm - WARNING - ssr:stedsnr = 323421 has multiple (3) positions, using the first one!
utility_to_osm - WARNING - ssr:stedsnr = 323976: No priority spelling found for lang = se, using alt_name to get "[]"
utility_to_osm - WARNING - ssr:stedsnr = 323976: No priority spelling found for lang = se, using alt_name to get "[('no', 'Kongshamn')]"
utility_to_osm - WARNING - ssr:stedsnr = 323976 has multiple (2) positions, using the first one!
utility_to_osm - WARNING - ssr:stedsnr = 323979 has multiple (2) positions, using the first one!
utility_to_osm - WARNING - ssr:stedsnr = 470557 has multiple (3) positions, using the first one!
utility_to_osm - WARNING - ssr:stedsnr = 471703 has multiple (2) positions, using the first one!
utility_to_osm - WARNING - ssr:stedsnr = 349921 has multiple (4) positions, using the first one!
utility_to_osm - WARNING - ssr:stedsnr = 383453: No priority spelling found for lang = no, using alt_name to get "[('no', 'Vester-Risfjorden')]"
utility_to_osm - WARNING - ssr:stedsnr = 383453 has multiple (3) positions, using the first one!
utility_to_osm - WARNING - ssr:stedsnr = 384950: No priority spelling found for lang = se, using alt_name to get "[('no', 'Svartneset')]"
utility_to_osm - WARNING - ssr:stedsnr = 384950 has multiple (2) positions, using the first one!
utility_to_osm - WARNING - ssr:stedsnr = 384957 has multiple (2) positions, using the first one!
utility_to_osm - WARNING - ssr:stedsnr = 384996 has multiple (2) positions, using the first one!
utility_to_osm - WARNING - ssr:stedsnr = 390211: No priority spelling found for lang = no, using alt_name to get "[('no', 'Vester-Styrelvdalen')]"
utility_to_osm - WARNING - ssr:stedsnr = 390211 has multiple (5) positions, using the first one!
utility_to_osm - WARNING - ssr:stedsnr = 395302: No priority spelling found for lang = se, using alt_name to get "[('no', 'Revneset')]"
utility_to_osm - WARNING - ssr:stedsnr = 410904 has multiple (2) positions, using the first one!
utility_to_osm - WARNING - ssr:stedsnr = 445496 has multiple (3) positions, using the first one!
utility_to_osm - WARNING - ssr:stedsnr = 505970 has multiple (2) positions, using the first one!
utility_to_osm - WARNING - ssr:stedsnr = 506106: No priority spelling found for lang = se, using alt_name to get "[('no', 'Bryggarielva'), ('se', 'Doaresjohka')]"
utility_to_osm - WARNING - ssr:stedsnr = 506106 has multiple (5) positions, using the first one!
utility_to_osm - WARNING - ssr:stedsnr = 510719 has multiple (3) positions, using the first one!
utility_to_osm - WARNING - ssr:stedsnr = 511220: No priority spelling found for lang = no, using alt_name to get "[('no', 'Vesterbakken')]"
utility_to_osm - WARNING - ssr:stedsnr = 531984: No priority spelling found for lang = se, using alt_name to get "[('no', 'Kjølneset')]"
utility_to_osm - WARNING - ssr:stedsnr = 687355 has multiple (2) positions, using the first one!
utility_to_osm - WARNING - ssr:stedsnr = 687360 has multiple (2) positions, using the first one!
utility_to_osm - WARNING - ssr:stedsnr = 687363 has multiple (3) positions, using the first one!
utility_to_osm - WARNING - ssr:stedsnr = 687416: No priority spelling found for lang = se, using alt_name to get "[('no', 'Øster-Risfjordelva'), ('se', 'Loamejohka')]"
utility_to_osm - WARNING - ssr:stedsnr = 687416 has multiple (5) positions, using the first one!
utility_to_osm - WARNING - ssr:stedsnr = 687952: No priority spelling found for lang = fkv, using alt_name to get "[('se', 'Oarddojávri'), ('fkv', 'Ortojärvi')]"
utility_to_osm - WARNING - ssr:stedsnr = 687952 has multiple (4) positions, using the first one!
utility_to_osm - WARNING - ssr:stedsnr = 688484 has multiple (3) positions, using the first one!
utility_to_osm - WARNING - ssr:stedsnr = 688956 has multiple (2) positions, using the first one!
utility_to_osm - WARNING - ssr:stedsnr = 688961 has multiple (2) positions, using the first one!
utility_to_osm - WARNING - ssr:stedsnr = 688481: No priority spelling found for lang = no, using alt_name to get "[('no', 'Skarholmen')]"
utility_to_osm - WARNING - ssr:stedsnr = 688481 has multiple (2) positions, using the first one!
utility_to_osm - WARNING - ssr:stedsnr = 688994 has multiple (2) positions, using the first one!
utility_to_osm - WARNING - ssr:stedsnr = 688968 has multiple (2) positions, using the first one!
utility_to_osm - WARNING - ssr:stedsnr = 566103 has multiple (3) positions, using the first one!
utility_to_osm - WARNING - ssr:stedsnr = 566409 has multiple (2) positions, using the first one!
utility_to_osm - WARNING - ssr:stedsnr = 566411 has multiple (2) positions, using the first one!
utility_to_osm - WARNING - ssr:stedsnr = 566476 has multiple (2) positions, using the first one!
utility_to_osm - WARNING - ssr:stedsnr = 566973: No priority spelling found for lang = no, using alt_name to get "[('no', 'Vargvikdalen')]"
utility_to_osm - WARNING - ssr:stedsnr = 566973 has multiple (3) positions, using the first one!
utility_to_osm - WARNING - ssr:stedsnr = 566975: No priority spelling found for lang = se, using alt_name to get "[('no', 'Veddalselva'), ('se', 'Ákkeljohka')]"
utility_to_osm - WARNING - ssr:stedsnr = 566975 has multiple (7) positions, using the first one!
utility_to_osm - WARNING - ssr:stedsnr = 693498 has multiple (2) positions, using the first one!
utility_to_osm - WARNING - ssr:stedsnr = 571554 has multiple (2) positions, using the first one!
utility_to_osm - WARNING - ssr:stedsnr = 693957 has multiple (2) positions, using the first one!
utility_to_osm - WARNING - ssr:stedsnr = 694034 has multiple (4) positions, using the first one!
utility_to_osm - WARNING - ssr:stedsnr = 694151: No priority spelling found for lang = no, using alt_name to get "[('no', 'Lagmannsbukta')]"
utility_to_osm - WARNING - ssr:stedsnr = 694151 has multiple (2) positions, using the first one!
utility_to_osm - WARNING - ssr:stedsnr = 592953 has multiple (2) positions, using the first one!
utility_to_osm - WARNING - ssr:stedsnr = 626449 has multiple (3) positions, using the first one!
utility_to_osm - WARNING - ssr:stedsnr = 627995 has multiple (2) positions, using the first one!
utility_to_osm - WARNING - ssr:stedsnr = 627999 has multiple (2) positions, using the first one!
utility_to_osm - WARNING - ssr:stedsnr = 687403 has multiple (2) positions, using the first one!
utility_to_osm - WARNING - ssr:stedsnr = 687405 has multiple (5) positions, using the first one!
utility_to_osm - WARNING - ssr:stedsnr = 687387 has multiple (2) positions, using the first one!
utility_to_osm - WARNING - ssr:stedsnr = 687396 has multiple (3) positions, using the first one!
utility_to_osm - WARNING - ssr:stedsnr = 687486 has multiple (3) positions, using the first one!
utility_to_osm - WARNING - ssr:stedsnr = 688983 has multiple (2) positions, using the first one!
utility_to_osm - WARNING - ssr:stedsnr = 694203: No priority spelling found for lang = no, using alt_name to get "[('no', 'Kjølnesbakken')]"
utility_to_osm - WARNING - ssr:stedsnr = 694203 has multiple (4) positions, using the first one!
utility_to_osm - WARNING - ssr:stedsnr = 744076: No priority spelling found for lang = no, using alt_name to get "[('no', 'Nikko-Per-top')]"
utility_to_osm - WARNING - ssr:stedsnr = 744076 has multiple (2) positions, using the first one!
utility_to_osm - WARNING - ssr:stedsnr = 744690 has multiple (2) positions, using the first one!
utility_to_osm - WARNING - ssr:stedsnr = 748417 has multiple (2) positions, using the first one!
utility_to_osm - WARNING - ssr:stedsnr = 748375 has multiple (2) positions, using the first one!
utility_to_osm - WARNING - ssr:stedsnr = 748960 has multiple (4) positions, using the first one!
utility_to_osm - WARNING - ssr:stedsnr = 748964 has multiple (2) positions, using the first one!
utility_to_osm - WARNING - ssr:stedsnr = 748970 has multiple (2) positions, using the first one!
utility_to_osm - WARNING - ssr:stedsnr = 748971: No priority spelling found for lang = no, using alt_name to get "[('no', 'Svanelva')]"
utility_to_osm - WARNING - ssr:stedsnr = 748971 has multiple (3) positions, using the first one!
utility_to_osm - WARNING - ssr:stedsnr = 755317: No priority spelling found for lang = se, using alt_name to get "[('no', 'Berlevåg lufthavn')]"
utility_to_osm - WARNING - ssr:stedsnr = 755317 has multiple (3) positions, using the first one!
utility_to_osm - WARNING - ssr:stedsnr = 774603 has multiple (2) positions, using the first one!
utility_to_osm - WARNING - ssr:stedsnr = 809408 has multiple (2) positions, using the first one!
utility_to_osm - WARNING - ssr:stedsnr = 809409 has multiple (2) positions, using the first one!
utility_to_osm - WARNING - ssr:stedsnr = 809510 has multiple (4) positions, using the first one!
utility_to_osm - WARNING - ssr:stedsnr = 809515 has multiple (3) positions, using the first one!
utility_to_osm - WARNING - ssr:stedsnr = 814948 has multiple (2) positions, using the first one!
utility_to_osm - WARNING - ssr:stedsnr = 815212: No priority spelling found for lang = no, using alt_name to get "[('no', 'Langfjordbakken')]"
utility_to_osm - WARNING - ssr:stedsnr = 815212 has multiple (2) positions, using the first one!
utility_to_osm - WARNING - ssr:stedsnr = 815422 has multiple (3) positions, using the first one!
utility_to_osm - WARNING - ssr:stedsnr = 869434 has multiple (2) positions, using the first one!
utility_to_osm - WARNING - ssr:stedsnr = 869444: No priority spelling found for lang = se, using alt_name to get "[('no', 'Nikko-Per-dalen'), ('se', 'Nihkopierleahki')]"
utility_to_osm - WARNING - ssr:stedsnr = 869444 has multiple (6) positions, using the first one!
utility_to_osm - WARNING - ssr:stedsnr = 869450 has multiple (5) positions, using the first one!
utility_to_osm - WARNING - ssr:stedsnr = 870507 has multiple (2) positions, using the first one!
utility_to_osm - WARNING - ssr:stedsnr = 870508 has multiple (4) positions, using the first one!
utility_to_osm - WARNING - ssr:stedsnr = 870529 has multiple (5) positions, using the first one!
utility_to_osm - WARNING - ssr:stedsnr = 870403 has multiple (2) positions, using the first one!
utility_to_osm - WARNING - ssr:stedsnr = 870920 has multiple (2) positions, using the first one!
utility_to_osm - WARNING - ssr:stedsnr = 930364 has multiple (3) positions, using the first one!
utility_to_osm - WARNING - ssr:stedsnr = 930367 has multiple (2) positions, using the first one!
utility_to_osm - WARNING - ssr:stedsnr = 930371: No priority spelling found for lang = se, using alt_name to get "[('no', 'Gulgoneset'), ('se', 'Vuođavuonnjárga')]"
utility_to_osm - WARNING - ssr:stedsnr = 930371 has multiple (3) positions, using the first one!
utility_to_osm - WARNING - ssr:stedsnr = 930409 has multiple (2) positions, using the first one!
utility_to_osm - WARNING - ssr:stedsnr = 930425 has multiple (3) positions, using the first one!
utility_to_osm - WARNING - ssr:stedsnr = 930437 has multiple (7) positions, using the first one!
utility_to_osm - WARNING - ssr:stedsnr = 930962 has multiple (3) positions, using the first one!
utility_to_osm - WARNING - ssr:stedsnr = 930965 has multiple (2) positions, using the first one!
utility_to_osm - WARNING - ssr:stedsnr = 930972 has multiple (2) positions, using the first one!
utility_to_osm - WARNING - ssr:stedsnr = 930974 has multiple (2) positions, using the first one!
utility_to_osm - WARNING - ssr:stedsnr = 930934: No priority spelling found for lang = no, using alt_name to get "[('no', 'Svandalen')]"
utility_to_osm - WARNING - ssr:stedsnr = 930934 has multiple (5) positions, using the first one!
utility_to_osm - WARNING - ssr:stedsnr = 932000 has multiple (2) positions, using the first one!
utility_to_osm - WARNING - ssr:stedsnr = 896955 has multiple (2) positions, using the first one!
utility_to_osm - WARNING - ssr:stedsnr = 930352 has multiple (8) positions, using the first one!
utility_to_osm - WARNING - ssr:stedsnr = 930353 has multiple (2) positions, using the first one!
utility_to_osm - WARNING - ssr:stedsnr = 930393 has multiple (2) positions, using the first one!
utility_to_osm - WARNING - ssr:stedsnr = 930394 has multiple (3) positions, using the first one!
utility_to_osm - WARNING - ssr:stedsnr = 930396 has multiple (2) positions, using the first one!
utility_to_osm - WARNING - ssr:stedsnr = 930398 has multiple (4) positions, using the first one!
utility_to_osm - WARNING - ssr:stedsnr = 930402 has multiple (3) positions, using the first one!
utility_to_osm - WARNING - ssr:stedsnr = 930405 has multiple (2) positions, using the first one!
utility_to_osm - WARNING - ssr:stedsnr = 931108 has multiple (5) positions, using the first one!
utility_to_osm - WARNING - ssr:stedsnr = 931546: No priority spelling found for lang = se, using alt_name to get "[]"
utility_to_osm - WARNING - ssr:stedsnr = 931546: No priority spelling found for lang = se, using alt_name to get "[('no', 'Nordmannsetneset')]"
utility_to_osm - WARNING - ssr:stedsnr = 931990 has multiple (2) positions, using the first one!
utility_to_osm - WARNING - ssr:stedsnr = 931992 has multiple (2) positions, using the first one!
utility_to_osm - WARNING - ssr:stedsnr = 931999: No priority spelling found for lang = no, using alt_name to get "[('no', 'Kvalvikhøgda')]"
utility_to_osm - WARNING - ssr:stedsnr = 931999 has multiple (5) positions, using the first one!
utility_to_osm - WARNING - ssr:stedsnr = 20404 has multiple (2) positions, using the first one!
utility_to_osm - WARNING - ssr:stedsnr = 20407 has multiple (2) positions, using the first one!
utility_to_osm - WARNING - ssr:stedsnr = 20412 has multiple (3) positions, using the first one!
utility_to_osm - WARNING - ssr:stedsnr = 20419 has multiple (3) positions, using the first one!
utility_to_osm - WARNING - ssr:stedsnr = 20353 has multiple (5) positions, using the first one!
utility_to_osm - WARNING - ssr:stedsnr = 20376 has multiple (2) positions, using the first one!
utility_to_osm - WARNING - ssr:stedsnr = 20382 has multiple (2) positions, using the first one!
utility_to_osm - WARNING - ssr:stedsnr = 20384 has multiple (2) positions, using the first one!
utility_to_osm - WARNING - ssr:stedsnr = 20385 has multiple (4) positions, using the first one!
utility_to_osm - WARNING - ssr:stedsnr = 20479: No priority spelling found for lang = no, using alt_name to get "[('no', 'Rubbedalshøgda')]"
utility_to_osm - WARNING - ssr:stedsnr = 20479 has multiple (3) positions, using the first one!
utility_to_osm - WARNING - ssr:stedsnr = 20955 has multiple (2) positions, using the first one!
utility_to_osm - WARNING - ssr:stedsnr = 20968 has multiple (2) positions, using the first one!
utility_to_osm - WARNING - ssr:stedsnr = 20969 has multiple (2) positions, using the first one!
utility_to_osm - WARNING - ssr:stedsnr = 20972 has multiple (2) positions, using the first one!
utility_to_osm - ERROR - ssr:stedsnr = 20975: Adding multiple names to name tag, this is not OK! name = "Spoadnavika;Skånsvika"
utility_to_osm - WARNING - ssr:stedsnr = 20975 has multiple (2) positions, using the first one!
utility_to_osm - WARNING - ssr:stedsnr = 25919: No priority spelling found for lang = se, using alt_name to get "[('no', 'Kvitnesfjellet'), ('no', 'Molvikfjellet'), ('se', 'Goahtu')]"
utility_to_osm - ERROR - ssr:stedsnr = 25919: Adding multiple names to name tag, this is not OK! name = "Kvitnesfjellet;Molvikfjellet"
utility_to_osm - WARNING - ssr:stedsnr = 25919 has multiple (7) positions, using the first one!
utility_to_osm - WARNING - ssr:stedsnr = 25928 has multiple (2) positions, using the first one!
utility_to_osm - WARNING - ssr:stedsnr = 32219 has multiple (3) positions, using the first one!
utility_to_osm - WARNING - ssr:stedsnr = 46915 has multiple (2) positions, using the first one!
utility_to_osm - WARNING - ssr:stedsnr = 59788 has multiple (2) positions, using the first one!
utility_to_osm - WARNING - ssr:stedsnr = 81988: No priority spelling found for lang = se, using alt_name to get "[('no', 'Sandfjordklubben')]"
utility_to_osm - WARNING - ssr:stedsnr = 81988 has multiple (2) positions, using the first one!
utility_to_osm - WARNING - ssr:stedsnr = 80415 has multiple (3) positions, using the first one!
utility_to_osm - WARNING - ssr:stedsnr = 80422: No priority spelling found for lang = se, using alt_name to get "[('no', 'Kongsfjordfjell'), ('no', 'Kobbkrokhøgda'), ('se', 'Goađáščohkka')]"
utility_to_osm - ERROR - ssr:stedsnr = 80422: Adding multiple names to name tag, this is not OK! name = "Kongsfjordfjell;Kobbkrokhøgda"
utility_to_osm - WARNING - ssr:stedsnr = 80422 has multiple (3) positions, using the first one!
utility_to_osm - WARNING - ssr:stedsnr = 80430 has multiple (3) positions, using the first one!
utility_to_osm - WARNING - ssr:stedsnr = 81415 has multiple (3) positions, using the first one!
utility_to_osm - WARNING - ssr:stedsnr = 81416 has multiple (3) positions, using the first one!
utility_to_osm - WARNING - ssr:stedsnr = 81423 has multiple (2) positions, using the first one!
utility_to_osm - WARNING - ssr:stedsnr = 81429 has multiple (4) positions, using the first one!
utility_to_osm - WARNING - ssr:stedsnr = 81947 has multiple (2) positions, using the first one!
utility_to_osm - WARNING - ssr:stedsnr = 81506 has multiple (2) positions, using the first one!
utility_to_osm - WARNING - ssr:stedsnr = 81508 has multiple (3) positions, using the first one!
utility_to_osm - WARNING - ssr:stedsnr = 81522 has multiple (4) positions, using the first one!
utility_to_osm - WARNING - ssr:stedsnr = 81950 has multiple (2) positions, using the first one!
utility_to_osm - WARNING - ssr:stedsnr = 81968 has multiple (2) positions, using the first one!
utility_to_osm - WARNING - ssr:stedsnr = 81972: No priority spelling found for lang = no, using alt_name to get "[('no', 'Revnesbukta')]"
utility_to_osm - WARNING - ssr:stedsnr = 81972 has multiple (3) positions, using the first one!
utility_to_osm - WARNING - ssr:stedsnr = 81981: No priority spelling found for lang = se, using alt_name to get "[('no', 'Midtfjellet'), ('se', 'Ilis')]"
utility_to_osm - WARNING - ssr:stedsnr = 81981 has multiple (6) positions, using the first one!
utility_to_osm - WARNING - ssr:stedsnr = 87183: No priority spelling found for lang = no, using alt_name to get "[('no', 'Midt-Raggobekken')]"
utility_to_osm - WARNING - ssr:stedsnr = 87183 has multiple (3) positions, using the first one!
utility_to_osm - WARNING - ssr:stedsnr = 87214: No priority spelling found for lang = no, using alt_name to get "[('no', 'Tanasnaget')]"
utility_to_osm - WARNING - ssr:stedsnr = 87214 has multiple (6) positions, using the first one!
utility_to_osm - WARNING - ssr:stedsnr = 87238 has multiple (2) positions, using the first one!
utility_to_osm - WARNING - ssr:stedsnr = 87352 has multiple (2) positions, using the first one!
utility_to_osm - WARNING - ssr:stedsnr = 92291 has multiple (2) positions, using the first one!
utility_to_osm - WARNING - ssr:stedsnr = 108923 has multiple (2) positions, using the first one!
utility_to_osm - WARNING - ssr:stedsnr = 141917 has multiple (2) positions, using the first one!
utility_to_osm - WARNING - ssr:stedsnr = 141927 has multiple (2) positions, using the first one!
utility_to_osm - WARNING - ssr:stedsnr = 141437: No priority spelling found for lang = no, using alt_name to get "[('no', 'Øster-Risfjorddalen')]"
utility_to_osm - WARNING - ssr:stedsnr = 141437 has multiple (4) positions, using the first one!
utility_to_osm - WARNING - ssr:stedsnr = 141424 has multiple (2) positions, using the first one!
utility_to_osm - WARNING - ssr:stedsnr = 141426: No priority spelling found for lang = no, using alt_name to get "[('no', 'Øster-Risfjorden')]"
utility_to_osm - WARNING - ssr:stedsnr = 141426 has multiple (3) positions, using the first one!
utility_to_osm - WARNING - ssr:stedsnr = 141945 has multiple (2) positions, using the first one!
utility_to_osm - WARNING - ssr:stedsnr = 141946 has multiple (2) positions, using the first one!
utility_to_osm - WARNING - ssr:stedsnr = 141948 has multiple (2) positions, using the first one!
utility_to_osm - WARNING - ssr:stedsnr = 141953 has multiple (3) positions, using the first one!
utility_to_osm - WARNING - ssr:stedsnr = 141956 has multiple (3) positions, using the first one!
utility_to_osm - WARNING - ssr:stedsnr = 141959 has multiple (3) positions, using the first one!
utility_to_osm - WARNING - ssr:stedsnr = 141960 has multiple (4) positions, using the first one!
utility_to_osm - WARNING - ssr:stedsnr = 147190: No priority spelling found for lang = no, using alt_name to get "[('no', 'Ner-Raggobekken')]"
utility_to_osm - WARNING - ssr:stedsnr = 147190 has multiple (3) positions, using the first one!
utility_to_osm - WARNING - ssr:stedsnr = 148980 has multiple (2) positions, using the first one!
utility_to_osm - WARNING - ssr:stedsnr = 198697 has multiple (3) positions, using the first one!
utility_to_osm - WARNING - ssr:stedsnr = 202103 has multiple (2) positions, using the first one!
utility_to_osm - WARNING - ssr:stedsnr = 202357 has multiple (2) positions, using the first one!
utility_to_osm - WARNING - ssr:stedsnr = 202389 has multiple (11) positions, using the first one!
utility_to_osm - ERROR - ssr:stedsnr = 202474: Adding multiple names to name tag, this is not OK! name = "Bjørnvikklubben;Klubbeneset"
utility_to_osm - WARNING - ssr:stedsnr = 202474 has multiple (2) positions, using the first one!
utility_to_osm - WARNING - ssr:stedsnr = 202417: No priority spelling found for lang = no, using alt_name to get "[('no', 'Vester-Risfjorddalen')]"
utility_to_osm - WARNING - ssr:stedsnr = 202417 has multiple (4) positions, using the first one!
utility_to_osm - WARNING - ssr:stedsnr = 202507 has multiple (2) positions, using the first one!
utility_to_osm - WARNING - ssr:stedsnr = 202952 has multiple (2) positions, using the first one!
utility_to_osm - WARNING - ssr:stedsnr = 202963 has multiple (2) positions, using the first one!
utility_to_osm - WARNING - ssr:stedsnr = 207501 has multiple (2) positions, using the first one!
utility_to_osm - WARNING - ssr:stedsnr = 208158: No priority spelling found for lang = no, using alt_name to get "[('no', 'Skarveneset')]"
utility_to_osm - WARNING - ssr:stedsnr = 208179: No priority spelling found for lang = no, using alt_name to get "[('no', 'Nikko-Per-elva')]"
utility_to_osm - WARNING - ssr:stedsnr = 208179 has multiple (4) positions, using the first one!
utility_to_osm - WARNING - ssr:stedsnr = 216248: No priority spelling found for lang = no, using alt_name to get "[('no', 'Vardneset')]"
utility_to_osm - WARNING - ssr:stedsnr = 289966 has multiple (2) positions, using the first one!
utility_to_osm - WARNING - ssr:stedsnr = 323379 has multiple (2) positions, using the first one!
utility_to_osm - WARNING - ssr:stedsnr = 323388 has multiple (2) positions, using the first one!
utility_to_osm - WARNING - ssr:stedsnr = 323332 has multiple (2) positions, using the first one!
utility_to_osm - WARNING - ssr:stedsnr = 323353 has multiple (4) positions, using the first one!
utility_to_osm - WARNING - ssr:stedsnr = 323368: No priority spelling found for lang = se, using alt_name to get "[('no', 'Tanafjorden'), ('se', 'Deanuvuotna')]"
utility_to_osm - WARNING - ssr:stedsnr = 323368 has multiple (18) positions, using the first one!
utility_to_osm - WARNING - ssr:stedsnr = 323440 has multiple (2) positions, using the first one!
utility_to_osm - WARNING - ssr:stedsnr = 323495 has multiple (3) positions, using the first one!
utility_to_osm - WARNING - ssr:stedsnr = 323498 has multiple (2) positions, using the first one!
utility_to_osm - WARNING - ssr:stedsnr = 323939 has multiple (2) positions, using the first one!
utility_to_osm - WARNING - ssr:stedsnr = 323957 has multiple (2) positions, using the first one!
utility_to_osm - WARNING - ssr:stedsnr = 323958 has multiple (2) positions, using the first one!
utility_to_osm - WARNING - ssr:stedsnr = 323960 has multiple (2) positions, using the first one!
utility_to_osm - WARNING - ssr:stedsnr = 323988: No priority spelling found for lang = se, using alt_name to get "[('no', 'Storsteinbukta')]"
utility_to_osm - WARNING - ssr:stedsnr = 323988 has multiple (4) positions, using the first one!
utility_to_osm - WARNING - ssr:stedsnr = 323996 has multiple (2) positions, using the first one!
utility_to_osm - WARNING - ssr:stedsnr = 323997: No priority spelling found for lang = no, using alt_name to get "[('no', 'Sløketoppen')]"
utility_to_osm - WARNING - ssr:stedsnr = 323997 has multiple (4) positions, using the first one!
utility_to_osm - WARNING - ssr:stedsnr = 329163: No priority spelling found for lang = no, using alt_name to get "[('no', 'Sebulonbukta')]"
utility_to_osm - WARNING - ssr:stedsnr = 329163 has multiple (3) positions, using the first one!
utility_to_osm - WARNING - ssr:stedsnr = 329189: No priority spelling found for lang = no, using alt_name to get "[('no', 'Styrdalen')]"
utility_to_osm - WARNING - ssr:stedsnr = 329189 has multiple (2) positions, using the first one!
utility_to_osm - WARNING - ssr:stedsnr = 329942: No priority spelling found for lang = no, using alt_name to get "[('no', 'Veidnes')]"
utility_to_osm - ERROR - ssr:stedsnr = 334279. No positions found, skipping
utility_to_osm - WARNING - ssr:stedsnr = 383371 has multiple (2) positions, using the first one!
utility_to_osm - WARNING - ssr:stedsnr = 383429: No priority spelling found for lang = no, using alt_name to get "[('no', 'Vester-Risfjordelva')]"
utility_to_osm - WARNING - ssr:stedsnr = 383429 has multiple (2) positions, using the first one!
utility_to_osm - WARNING - ssr:stedsnr = 383528 has multiple (3) positions, using the first one!
utility_to_osm - WARNING - ssr:stedsnr = 384129 has multiple (2) positions, using the first one!
utility_to_osm - WARNING - ssr:stedsnr = 384360 has multiple (5) positions, using the first one!
utility_to_osm - WARNING - ssr:stedsnr = 384344 has multiple (2) positions, using the first one!
utility_to_osm - WARNING - ssr:stedsnr = 384474: No priority spelling found for lang = no, using alt_name to get "[('no', 'Båtsnæringen')]"
utility_to_osm - WARNING - ssr:stedsnr = 384474 has multiple (6) positions, using the first one!
utility_to_osm - WARNING - ssr:stedsnr = 384935 has multiple (2) positions, using the first one!
utility_to_osm - WARNING - ssr:stedsnr = 384962 has multiple (2) positions, using the first one!
utility_to_osm - WARNING - ssr:stedsnr = 384972 has multiple (7) positions, using the first one!
utility_to_osm - WARNING - ssr:stedsnr = 384981: No priority spelling found for lang = no, using alt_name to get "[('no', 'Storelvdalen')]"
utility_to_osm - WARNING - ssr:stedsnr = 384981 has multiple (8) positions, using the first one!
utility_to_osm - WARNING - ssr:stedsnr = 384988: No priority spelling found for lang = no, using alt_name to get "[('no', 'Veddalen')]"
utility_to_osm - WARNING - ssr:stedsnr = 384988 has multiple (3) positions, using the first one!
utility_to_osm - WARNING - ssr:stedsnr = 384989: No priority spelling found for lang = no, using alt_name to get "[('no', 'Løkvikdalsfjellet')]"
utility_to_osm - WARNING - ssr:stedsnr = 384989 has multiple (5) positions, using the first one!
utility_to_osm - WARNING - ssr:stedsnr = 384993: No priority spelling found for lang = se, using alt_name to get "[('no', 'Løkvikdalselva'), ('se', 'Ruovdajohka')]"
utility_to_osm - WARNING - ssr:stedsnr = 384993 has multiple (8) positions, using the first one!
utility_to_osm - WARNING - ssr:stedsnr = 445397: No priority spelling found for lang = no, using alt_name to get "[('no', 'Strømstinden')]"
utility_to_osm - WARNING - ssr:stedsnr = 445397 has multiple (4) positions, using the first one!
utility_to_osm - WARNING - ssr:stedsnr = 445398 has multiple (3) positions, using the first one!
utility_to_osm - WARNING - ssr:stedsnr = 445404 has multiple (2) positions, using the first one!
utility_to_osm - WARNING - ssr:stedsnr = 445418 has multiple (2) positions, using the first one!
utility_to_osm - WARNING - ssr:stedsnr = 445343 has multiple (2) positions, using the first one!
utility_to_osm - WARNING - ssr:stedsnr = 445345 has multiple (2) positions, using the first one!
utility_to_osm - WARNING - ssr:stedsnr = 445367 has multiple (2) positions, using the first one!
utility_to_osm - WARNING - ssr:stedsnr = 445953 has multiple (2) positions, using the first one!
utility_to_osm - WARNING - ssr:stedsnr = 445964 has multiple (3) positions, using the first one!
utility_to_osm - WARNING - ssr:stedsnr = 445966 has multiple (2) positions, using the first one!
utility_to_osm - WARNING - ssr:stedsnr = 505978: No priority spelling found for lang = no, using alt_name to get "[('no', 'Løkvikdalen')]"
utility_to_osm - WARNING - ssr:stedsnr = 505978 has multiple (6) positions, using the first one!
utility_to_osm - WARNING - ssr:stedsnr = 505979: No priority spelling found for lang = se, using alt_name to get "[('no', 'Styret')]"
utility_to_osm - WARNING - ssr:stedsnr = 505979 has multiple (3) positions, using the first one!
utility_to_osm - WARNING - ssr:stedsnr = 505390 has multiple (2) positions, using the first one!
utility_to_osm - WARNING - ssr:stedsnr = 505394 has multiple (4) positions, using the first one!
utility_to_osm - WARNING - ssr:stedsnr = 505362 has multiple (4) positions, using the first one!
utility_to_osm - WARNING - ssr:stedsnr = 505423: No priority spelling found for lang = se, using alt_name to get "[('no', 'Veidnesodden'), ('se', 'Riššačilanjárga')]"
utility_to_osm - WARNING - ssr:stedsnr = 505400 has multiple (3) positions, using the first one!
utility_to_osm - WARNING - ssr:stedsnr = 505401 has multiple (3) positions, using the first one!
utility_to_osm - WARNING - ssr:stedsnr = 505490 has multiple (6) positions, using the first one!
utility_to_osm - WARNING - ssr:stedsnr = 505443: No priority spelling found for lang = se, using alt_name to get "[('no', 'Risfjorden'), ('se', 'Miennavuotna')]"
utility_to_osm - WARNING - ssr:stedsnr = 505443 has multiple (4) positions, using the first one!
utility_to_osm - WARNING - ssr:stedsnr = 505917 has multiple (2) positions, using the first one!
utility_to_osm - WARNING - ssr:stedsnr = 505920 has multiple (4) positions, using the first one!
utility_to_osm - WARNING - ssr:stedsnr = 505929 has multiple (2) positions, using the first one!
utility_to_osm - WARNING - ssr:stedsnr = 505959 has multiple (2) positions, using the first one!
utility_to_osm - WARNING - ssr:stedsnr = 506029: No priority spelling found for lang = fkv, using alt_name to get "[('no', 'Varangerhalvøya'), ('fkv', 'Varenkinniemi')]"
utility_to_osm - WARNING - ssr:stedsnr = 506029: No priority spelling found for lang = fkv, using alt_name to get "[('no', 'Varangerhalvøya'), ('se', 'Várnjárga'), ('fkv', 'Varenkinniemi')]"
utility_to_osm - WARNING - ssr:stedsnr = 506029 has multiple (11) positions, using the first one!
utility_to_osm - WARNING - ssr:stedsnr = 506983 has multiple (2) positions, using the first one!
utility_to_osm - WARNING - ssr:stedsnr = 506989 has multiple (2) positions, using the first one!
utility_to_osm - WARNING - ssr:stedsnr = 511530 has multiple (2) positions, using the first one!
utility_to_osm - WARNING - ssr:stedsnr = 531914 has multiple (2) positions, using the first one!
utility_to_osm - ERROR - ssr:stedsnr = 562689. No positions found, skipping
utility_to_osm - WARNING - ssr:stedsnr = 565390 has multiple (2) positions, using the first one!
utility_to_osm - WARNING - ssr:stedsnr = 565332 has multiple (2) positions, using the first one!
utility_to_osm - WARNING - ssr:stedsnr = 565349 has multiple (2) positions, using the first one!
utility_to_osm - WARNING - ssr:stedsnr = 566978: No priority spelling found for lang = no, using alt_name to get "[('no', 'Øster-Styrelva')]"
utility_to_osm - WARNING - ssr:stedsnr = 566978 has multiple (4) positions, using the first one!
utility_to_osm - WARNING - ssr:stedsnr = 565913 has multiple (26) positions, using the first one!
utility_to_osm - WARNING - ssr:stedsnr = 566415 has multiple (2) positions, using the first one!
utility_to_osm - WARNING - ssr:stedsnr = 566385 has multiple (4) positions, using the first one!
utility_to_osm - WARNING - ssr:stedsnr = 566394 has multiple (2) positions, using the first one!
utility_to_osm - WARNING - ssr:stedsnr = 566397 has multiple (3) positions, using the first one!
utility_to_osm - WARNING - ssr:stedsnr = 566404: No priority spelling found for lang = no, using alt_name to get "[('no', 'Nikko-Per-fjellet')]"
utility_to_osm - WARNING - ssr:stedsnr = 566404 has multiple (5) positions, using the first one!
utility_to_osm - WARNING - ssr:stedsnr = 566416 has multiple (3) positions, using the first one!
utility_to_osm - WARNING - ssr:stedsnr = 566489 has multiple (2) positions, using the first one!
utility_to_osm - WARNING - ssr:stedsnr = 566495 has multiple (2) positions, using the first one!
utility_to_osm - WARNING - ssr:stedsnr = 566500 has multiple (3) positions, using the first one!
utility_to_osm - WARNING - ssr:stedsnr = 566949 has multiple (2) positions, using the first one!
utility_to_osm - WARNING - ssr:stedsnr = 566990: No priority spelling found for lang = se, using alt_name to get "[]"
utility_to_osm - WARNING - ssr:stedsnr = 566990: No priority spelling found for lang = se, using alt_name to get "[('no', 'Løkvika')]"
utility_to_osm - WARNING - ssr:stedsnr = 566990 has multiple (3) positions, using the first one!
utility_to_osm - WARNING - ssr:stedsnr = 566999 has multiple (3) positions, using the first one!
utility_to_osm - WARNING - ssr:stedsnr = 571537 has multiple (2) positions, using the first one!
utility_to_osm - WARNING - ssr:stedsnr = 572223: No priority spelling found for lang = no, using alt_name to get "[('no', 'Nikko-Per-høgda')]"
utility_to_osm - WARNING - ssr:stedsnr = 572223 has multiple (3) positions, using the first one!
utility_to_osm - WARNING - ssr:stedsnr = 572228: No priority spelling found for lang = no, using alt_name to get "[('no', 'Storvarden')]"
utility_to_osm - WARNING - ssr:stedsnr = 572228 has multiple (2) positions, using the first one!
utility_to_osm - WARNING - ssr:stedsnr = 573173: No priority spelling found for lang = no, using alt_name to get "[('no', 'Helløysteinen')]"
utility_to_osm - WARNING - ssr:stedsnr = 573173 has multiple (2) positions, using the first one!
utility_to_osm - WARNING - ssr:stedsnr = 626518 has multiple (4) positions, using the first one!
utility_to_osm - WARNING - ssr:stedsnr = 626519 has multiple (8) positions, using the first one!
utility_to_osm - WARNING - ssr:stedsnr = 626520 has multiple (4) positions, using the first one!
utility_to_osm - WARNING - ssr:stedsnr = 626528 has multiple (2) positions, using the first one!
utility_to_osm - WARNING - ssr:stedsnr = 626379 has multiple (3) positions, using the first one!
utility_to_osm - WARNING - ssr:stedsnr = 626437 has multiple (5) positions, using the first one!
utility_to_osm - WARNING - ssr:stedsnr = 626445 has multiple (3) positions, using the first one!
utility_to_osm - WARNING - ssr:stedsnr = 626387 has multiple (2) positions, using the first one!
utility_to_osm - WARNING - ssr:stedsnr = 627967 has multiple (2) positions, using the first one!
utility_to_osm - WARNING - ssr:stedsnr = 627977: No priority spelling found for lang = se, using alt_name to get "[('no', 'Berlevåg')]"
utility_to_osm - WARNING - ssr:stedsnr = 627977 has multiple (6) positions, using the first one!
utility_to_osm - WARNING - ssr:stedsnr = 627978: No priority spelling found for lang = no, using alt_name to get "[('no', 'Trønderneset')]"
utility_to_osm - WARNING - ssr:stedsnr = 627978 has multiple (2) positions, using the first one!
utility_to_osm - WARNING - ssr:stedsnr = 627979 has multiple (3) positions, using the first one!
utility_to_osm - WARNING - ssr:stedsnr = 627986: No priority spelling found for lang = no, using alt_name to get "[('no', 'Revnestoppen')]"
utility_to_osm - WARNING - ssr:stedsnr = 627986 has multiple (3) positions, using the first one!
utility_to_osm - WARNING - ssr:stedsnr = 627989 has multiple (2) positions, using the first one!
utility_to_osm - WARNING - ssr:stedsnr = 632184: No priority spelling found for lang = no, using alt_name to get "[('no', 'Astrupbukta')]"
utility_to_osm - WARNING - ssr:stedsnr = 632184 has multiple (3) positions, using the first one!
utility_to_osm - WARNING - ssr:stedsnr = 632186: No priority spelling found for lang = no, using alt_name to get "[('no', 'Veidnesgrunnen')]"
utility_to_osm - WARNING - ssr:stedsnr = 632186 has multiple (2) positions, using the first one!
utility_to_osm - ERROR - ssr:stedsnr = 651355. No positions found, skipping
utility_to_osm - WARNING - ssr:stedsnr = 714920 has multiple (2) positions, using the first one!
utility_to_osm - WARNING - ssr:stedsnr = 748384 has multiple (3) positions, using the first one!
utility_to_osm - WARNING - ssr:stedsnr = 748391 has multiple (2) positions, using the first one!
utility_to_osm - WARNING - ssr:stedsnr = 748493 has multiple (3) positions, using the first one!
utility_to_osm - WARNING - ssr:stedsnr = 748338 has multiple (2) positions, using the first one!
utility_to_osm - WARNING - ssr:stedsnr = 748342 has multiple (2) positions, using the first one!
utility_to_osm - WARNING - ssr:stedsnr = 748958 has multiple (3) positions, using the first one!
utility_to_osm - WARNING - ssr:stedsnr = 748991 has multiple (7) positions, using the first one!
utility_to_osm - WARNING - ssr:stedsnr = 755190 has multiple (2) positions, using the first one!
utility_to_osm - WARNING - ssr:stedsnr = 754226: No priority spelling found for lang = no, using alt_name to get "[('no', 'Øver-Raggobekken')]"
utility_to_osm - WARNING - ssr:stedsnr = 754226 has multiple (2) positions, using the first one!
utility_to_osm - WARNING - ssr:stedsnr = 809986 has multiple (3) positions, using the first one!
utility_to_osm - WARNING - ssr:stedsnr = 809987 has multiple (2) positions, using the first one!
utility_to_osm - WARNING - ssr:stedsnr = 809999: No priority spelling found for lang = se, using alt_name to get "[('no', 'Kvalvika')]"
utility_to_osm - WARNING - ssr:stedsnr = 809999 has multiple (2) positions, using the first one!
utility_to_osm - WARNING - ssr:stedsnr = 809355 has multiple (2) positions, using the first one!
utility_to_osm - WARNING - ssr:stedsnr = 809431 has multiple (4) positions, using the first one!
utility_to_osm - WARNING - ssr:stedsnr = 809518: No priority spelling found for lang = no, using alt_name to get "[('no', 'Vesterneset')]"
utility_to_osm - WARNING - ssr:stedsnr = 809518 has multiple (4) positions, using the first one!
utility_to_osm - WARNING - ssr:stedsnr = 809440 has multiple (3) positions, using the first one!
utility_to_osm - WARNING - ssr:stedsnr = 809445: No priority spelling found for lang = se, using alt_name to get "[('no', 'Kongsfjorden')]"
utility_to_osm - WARNING - ssr:stedsnr = 809445 has multiple (12) positions, using the first one!
utility_to_osm - WARNING - ssr:stedsnr = 809528 has multiple (4) positions, using the first one!
utility_to_osm - WARNING - ssr:stedsnr = 809950 has multiple (2) positions, using the first one!
utility_to_osm - WARNING - ssr:stedsnr = 809974: No priority spelling found for lang = no, using alt_name to get "[('no', 'Vardneset')]"
utility_to_osm - WARNING - ssr:stedsnr = 809974 has multiple (2) positions, using the first one!
utility_to_osm - WARNING - ssr:stedsnr = 815175: No priority spelling found for lang = no, using alt_name to get "[('no', 'Lagmannsneset')]"
utility_to_osm - WARNING - ssr:stedsnr = 815175 has multiple (2) positions, using the first one!
utility_to_osm - WARNING - ssr:stedsnr = 814568 has multiple (2) positions, using the first one!
utility_to_osm - WARNING - ssr:stedsnr = 869366 has multiple (2) positions, using the first one!
utility_to_osm - WARNING - ssr:stedsnr = 869377 has multiple (2) positions, using the first one!
utility_to_osm - WARNING - ssr:stedsnr = 869383 has multiple (2) positions, using the first one!
utility_to_osm - WARNING - ssr:stedsnr = 869391 has multiple (2) positions, using the first one!
utility_to_osm - WARNING - ssr:stedsnr = 869458: No priority spelling found for lang = se, using alt_name to get "[('no', 'Andsjøen'), ('se', 'Goalsejávri')]"
utility_to_osm - WARNING - ssr:stedsnr = 869458 has multiple (3) positions, using the first one!
utility_to_osm - WARNING - ssr:stedsnr = 869463 has multiple (2) positions, using the first one!
utility_to_osm - WARNING - ssr:stedsnr = 869955 has multiple (6) positions, using the first one!
utility_to_osm - WARNING - ssr:stedsnr = 870486 has multiple (2) positions, using the first one!
utility_to_osm - WARNING - ssr:stedsnr = 870490 has multiple (4) positions, using the first one!
utility_to_osm - WARNING - ssr:stedsnr = 870492 has multiple (2) positions, using the first one!
utility_to_osm - WARNING - ssr:stedsnr = 870951 has multiple (2) positions, using the first one!
utility_to_osm - WARNING - ssr:stedsnr = 870968 has multiple (2) positions, using the first one!
utility_to_osm - WARNING - ssr:stedsnr = 870981 has multiple (2) positions, using the first one!
utility_to_osm - WARNING - ssr:stedsnr = 870982 has multiple (3) positions, using the first one!
utility_to_osm - WARNING - ssr:stedsnr = 870996 has multiple (2) positions, using the first one!
utility_to_osm - WARNING - ssr:stedsnr = 870998 has multiple (3) positions, using the first one!
utility_to_osm - WARNING - ssr:stedsnr = 875538 has multiple (2) positions, using the first one!
utility_to_osm - WARNING - ssr:stedsnr = 879924: No priority spelling found for lang = se, using alt_name to get "[('no', 'Berlevåg kirke')]"
utility_to_osm - ERROR - ssr:stedsnr = 882242. No positions found, skipping
utility_to_osm - WARNING - ssr:stedsnr = 936162: No priority spelling found for lang = no, using alt_name to get "[('no', 'Storvarden')]"
utility_to_osm - WARNING - ssr:stedsnr = 936162 has multiple (3) positions, using the first one!
utility_to_osm - WARNING - ssr:stedsnr = 936421 has multiple (11) positions, using the first one!
utility_to_osm - WARNING - ssr:stedsnr = 937313 has multiple (2) positions, using the first one!
utility_to_osm - WARNING - ssr:stedsnr = 939821 has multiple (2) positions, using the first one!
utility_to_osm - WARNING - ssr:stedsnr = 1055196: No priority spelling found for lang = no, using alt_name to get "[('no', 'Fjellveien')]"
utility_to_osm - ERROR - ssr:stedsnr = 1055196. No positions found, skipping
utility_to_osm - WARNING - ssr:stedsnr = 1055197: No priority spelling found for lang = no, using alt_name to get "[('no', 'Granbakken')]"
utility_to_osm - ERROR - ssr:stedsnr = 1055197. No positions found, skipping
utility_to_osm - WARNING - ssr:stedsnr = 1055199: No priority spelling found for lang = no, using alt_name to get "[('no', 'Egils gate')]"
utility_to_osm - ERROR - ssr:stedsnr = 1055199. No positions found, skipping
utility_to_osm - WARNING - ssr:stedsnr = 1055205: No priority spelling found for lang = no, using alt_name to get "[('no', 'Havnegata')]"
utility_to_osm - ERROR - ssr:stedsnr = 1055205. No positions found, skipping
utility_to_osm - WARNING - ssr:stedsnr = 1055207: No priority spelling found for lang = no, using alt_name to get "[('no', 'Idrettsveien')]"
utility_to_osm - ERROR - ssr:stedsnr = 1055207. No positions found, skipping
utility_to_osm - WARNING - ssr:stedsnr = 1055210: No priority spelling found for lang = no, using alt_name to get "[('no', 'W Grundts gate')]"
utility_to_osm - ERROR - ssr:stedsnr = 1055210. No positions found, skipping
utility_to_osm - WARNING - ssr:stedsnr = 1055220: No priority spelling found for lang = no, using alt_name to get "[('no', 'Astrupsgate')]"
utility_to_osm - ERROR - ssr:stedsnr = 1055220. No positions found, skipping
utility_to_osm - WARNING - ssr:stedsnr = 1055223: No priority spelling found for lang = no, using alt_name to get "[('no', 'Driftsjef Kjelstrups vei')]"
utility_to_osm - ERROR - ssr:stedsnr = 1055223. No positions found, skipping
utility_to_osm - ERROR - ssr:stedsnr = 1055225. No positions found, skipping
utility_to_osm - ERROR - ssr:stedsnr = 1055226. No positions found, skipping
utility_to_osm - ERROR - ssr:stedsnr = 1055227. No positions found, skipping
utility_to_osm - WARNING - ssr:stedsnr = 1055289: No priority spelling found for lang = no, using alt_name to get "[('no', 'Samfunnsgata')]"
utility_to_osm - ERROR - ssr:stedsnr = 1055289. No positions found, skipping
utility_to_osm - WARNING - ssr:stedsnr = 1055291: No priority spelling found for lang = no, using alt_name to get "[('no', 'Samvirkegata')]"
utility_to_osm - ERROR - ssr:stedsnr = 1055291. No positions found, skipping
utility_to_osm - WARNING - ssr:stedsnr = 1055293: No priority spelling found for lang = no, using alt_name to get "[('no', 'Skolegata')]"
utility_to_osm - ERROR - ssr:stedsnr = 1055293. No positions found, skipping
utility_to_osm - WARNING - ssr:stedsnr = 1055300: No priority spelling found for lang = no, using alt_name to get "[('no', 'Sandsletta')]"
utility_to_osm - ERROR - ssr:stedsnr = 1055300. No positions found, skipping
utility_to_osm - WARNING - ssr:stedsnr = 1055304: No priority spelling found for lang = no, using alt_name to get "[('no', 'Sjøgata')]"
utility_to_osm - ERROR - ssr:stedsnr = 1055304. No positions found, skipping
utility_to_osm - WARNING - ssr:stedsnr = 1055252: No priority spelling found for lang = no, using alt_name to get "[('no', 'Stensbakken')]"
utility_to_osm - ERROR - ssr:stedsnr = 1055252. No positions found, skipping
utility_to_osm - WARNING - ssr:stedsnr = 1055254: No priority spelling found for lang = no, using alt_name to get "[('no', 'Storgata')]"
utility_to_osm - ERROR - ssr:stedsnr = 1055254. No positions found, skipping
utility_to_osm - WARNING - ssr:stedsnr = 1055258: No priority spelling found for lang = no, using alt_name to get "[('no', 'Skonsvikveien')]"
utility_to_osm - ERROR - ssr:stedsnr = 1055258. No positions found, skipping
utility_to_osm - WARNING - ssr:stedsnr = 1055261: No priority spelling found for lang = no, using alt_name to get "[('no', 'Solhaugveien')]"
utility_to_osm - ERROR - ssr:stedsnr = 1055261. No positions found, skipping
utility_to_osm - WARNING - ssr:stedsnr = 1055264: No priority spelling found for lang = no, using alt_name to get "[('no', 'Torget')]"
utility_to_osm - ERROR - ssr:stedsnr = 1055264. No positions found, skipping
utility_to_osm - WARNING - ssr:stedsnr = 1055266: No priority spelling found for lang = no, using alt_name to get "[('no', 'Vikaveien')]"
utility_to_osm - ERROR - ssr:stedsnr = 1055266. No positions found, skipping
utility_to_osm - WARNING - ssr:stedsnr = 1055272: No priority spelling found for lang = no, using alt_name to get "[('no', 'Søndregate')]"
utility_to_osm - ERROR - ssr:stedsnr = 1055272. No positions found, skipping
utility_to_osm - WARNING - ssr:stedsnr = 1055285: No priority spelling found for lang = no, using alt_name to get "[('no', 'Sandkjeilgata')]"
utility_to_osm - ERROR - ssr:stedsnr = 1055285. No positions found, skipping
utility_to_osm - WARNING - ssr:stedsnr = 1055336: No priority spelling found for lang = no, using alt_name to get "[('no', 'Lensmann Ellilas vei')]"
utility_to_osm - ERROR - ssr:stedsnr = 1055336. No positions found, skipping
utility_to_osm - WARNING - ssr:stedsnr = 1055340: No priority spelling found for lang = no, using alt_name to get "[('no', 'Løberg Larsens gate')]"
utility_to_osm - ERROR - ssr:stedsnr = 1055340. No positions found, skipping
utility_to_osm - WARNING - ssr:stedsnr = 1055306: No priority spelling found for lang = no, using alt_name to get "[('no', 'Olsborgveien')]"
utility_to_osm - ERROR - ssr:stedsnr = 1055306. No positions found, skipping
utility_to_osm - WARNING - ssr:stedsnr = 1055308: No priority spelling found for lang = no, using alt_name to get "[('no', 'Ordfører Jentofts gate')]"
utility_to_osm - ERROR - ssr:stedsnr = 1055308. No positions found, skipping
utility_to_osm - WARNING - ssr:stedsnr = 1055312: No priority spelling found for lang = no, using alt_name to get "[('no', 'Olaf Johnsens vei')]"
utility_to_osm - ERROR - ssr:stedsnr = 1055312. No positions found, skipping
utility_to_osm - WARNING - ssr:stedsnr = 1055313: No priority spelling found for lang = no, using alt_name to get "[('no', 'Nyrudveien')]"
utility_to_osm - ERROR - ssr:stedsnr = 1055313. No positions found, skipping
utility_to_osm - WARNING - ssr:stedsnr = 1055315: No priority spelling found for lang = no, using alt_name to get "[('no', 'Prestegårdsgata')]"
utility_to_osm - ERROR - ssr:stedsnr = 1055315. No positions found, skipping
utility_to_osm - WARNING - ssr:stedsnr = 1055317: No priority spelling found for lang = no, using alt_name to get "[('no', 'Rådhusgata')]"
utility_to_osm - ERROR - ssr:stedsnr = 1055317. No positions found, skipping
utility_to_osm - WARNING - ssr:stedsnr = 1055318: No priority spelling found for lang = no, using alt_name to get "[('no', 'Parkplassen')]"
utility_to_osm - ERROR - ssr:stedsnr = 1055318. No positions found, skipping
utility_to_osm - WARNING - ssr:stedsnr = 1055319: No priority spelling found for lang = no, using alt_name to get "[('no', 'Lagmannsgata')]"
utility_to_osm - ERROR - ssr:stedsnr = 1055319. No positions found, skipping
utility_to_osm - WARNING - ssr:stedsnr = 1055325: No priority spelling found for lang = no, using alt_name to get "[('no', 'Johan Mørks gate')]"
utility_to_osm - ERROR - ssr:stedsnr = 1055325. No positions found, skipping
utility_to_osm - WARNING - ssr:stedsnr = 1055326: No priority spelling found for lang = no, using alt_name to get "[('no', 'Jørgen Lunds gate')]"
utility_to_osm - ERROR - ssr:stedsnr = 1055326. No positions found, skipping
utility_to_osm - WARNING - ssr:stedsnr = 1055332: No priority spelling found for lang = no, using alt_name to get "[('no', 'Marienborgveien')]"
utility_to_osm - ERROR - ssr:stedsnr = 1055332. No positions found, skipping
utility_to_osm - WARNING - ssr:stedsnr = 1055334: No priority spelling found for lang = no, using alt_name to get "[('no', 'Nordregate')]"
utility_to_osm - ERROR - ssr:stedsnr = 1055334. No positions found, skipping
utility_to_osm - WARNING - ssr:stedsnr = 1055486: No priority spelling found for lang = no, using alt_name to get "[('no', 'Østregate')]"
utility_to_osm - ERROR - ssr:stedsnr = 1055486. No positions found, skipping
utility_to_osm - WARNING - ssr:stedsnr = 1055489: No priority spelling found for lang = no, using alt_name to get "[('no', 'Øvreveien')]"
utility_to_osm - ERROR - ssr:stedsnr = 1055489. No positions found, skipping
utility_to_osm - WARNING - ssr:stedsnr = 1055492: No priority spelling found for lang = no, using alt_name to get "[('no', 'J M Withs gate')]"
utility_to_osm - ERROR - ssr:stedsnr = 1055492. No positions found, skipping
utility_to_osm - WARNING - ssr:stedsnr = 1055504: No priority spelling found for lang = no, using alt_name to get "[('no', 'Berlevågveien')]"
utility_to_osm - ERROR - ssr:stedsnr = 1055504. No positions found, skipping
utility_to_osm - WARNING - ssr:stedsnr = 1055466: No priority spelling found for lang = no, using alt_name to get "[('no', 'Kobbekroken')]"
utility_to_osm - ERROR - ssr:stedsnr = 1055466. No positions found, skipping
utility_to_osm - WARNING - ssr:stedsnr = 1055474: No priority spelling found for lang = no, using alt_name to get "[('no', 'Fiskeværsveien')]"
utility_to_osm - ERROR - ssr:stedsnr = 1055474. No positions found, skipping
utility_to_osm - WARNING - ssr:stedsnr = 1055476: No priority spelling found for lang = no, using alt_name to get "[('no', 'Kirkeveien')]"
utility_to_osm - ERROR - ssr:stedsnr = 1055476. No positions found, skipping
utility_to_osm - WARNING - ssr:stedsnr = 1055484: No priority spelling found for lang = no, using alt_name to get "[('no', 'Kongsveien')]"
utility_to_osm - ERROR - ssr:stedsnr = 1055484. No positions found, skipping
utility_to_osm - WARNING - ssr:stedsnr = 1073694: No priority spelling found for lang = fkv, using alt_name to get "[('fkv', 'Tromssan ja Finmarkun fylkki')]"
utility_to_osm - WARNING - ssr:stedsnr = 1073694: No priority spelling found for lang = fkv, using alt_name to get "[('se', 'Romssa ja Finnmárkku fylka'), ('fkv', 'Tromssan ja Finmarkun fylkki')]"
utility_to_osm - WARNING - ssr:stedsnr = 1073694: No priority spelling found for lang = fkv, using alt_name to get "[('no', 'Troms og Finnmark'), ('no', 'Troms og Finnmark fylke'), ('se', 'Romssa ja Finnmárkku fylka'), ('fkv', 'Tromssan ja Finmarkun fylkki')]"
utility_to_osm - ERROR - ssr:stedsnr = 1073694: Adding multiple names to name tag, this is not OK! name = "Troms og Finnmark;Troms og Finnmark fylke"
utility_to_osm - WARNING - ssr:stedsnr = 1075695: No priority spelling found for lang = no, using alt_name to get "[('no', 'Ishavsbyen videregående skole')]"
