utility_to_osm - ERROR - ERROR, no ending in ssr2_to_osm_data/data/5429/5429-ssr.xml? Trying to re-download
utility_to_osm - WARNING - ssr:stedsnr = 230868 has multiple (2) positions, using the first one!
utility_to_osm - WARNING - ssr:stedsnr = 18803 has multiple (3) positions, using the first one!
utility_to_osm - WARNING - ssr:stedsnr = 18810 has multiple (3) positions, using the first one!
utility_to_osm - WARNING - ssr:stedsnr = 18788 has multiple (2) positions, using the first one!
utility_to_osm - WARNING - ssr:stedsnr = 18796 has multiple (3) positions, using the first one!
utility_to_osm - WARNING - ssr:stedsnr = 18798 has multiple (2) positions, using the first one!
utility_to_osm - WARNING - ssr:stedsnr = 19146 has multiple (2) positions, using the first one!
utility_to_osm - WARNING - ssr:stedsnr = 19152 has multiple (2) positions, using the first one!
utility_to_osm - WARNING - ssr:stedsnr = 19101 has multiple (2) positions, using the first one!
utility_to_osm - WARNING - ssr:stedsnr = 19160 has multiple (2) positions, using the first one!
utility_to_osm - WARNING - ssr:stedsnr = 19161 has multiple (4) positions, using the first one!
utility_to_osm - ERROR - invalid name_status = "avslått navnevalg"
utility_to_osm - ERROR - invalid name_status = "avslått navnevalg"
utility_to_osm - ERROR - invalid name_status = "avslått navnevalg"
utility_to_osm - WARNING - ssr:stedsnr = 19007: No priority spelling found for lang = fkv, using alt_name to get "[('fkv', 'Kätkäsenmukka')]"
utility_to_osm - WARNING - ssr:stedsnr = 19007: No priority spelling found for lang = fkv, using alt_name to get "[('se', 'Geahkkánmohkki'), ('fkv', 'Kätkäsenmukka')]"
utility_to_osm - WARNING - ssr:stedsnr = 19007 has multiple (3) positions, using the first one!
utility_to_osm - WARNING - ssr:stedsnr = 19293 has multiple (7) positions, using the first one!
utility_to_osm - WARNING - ssr:stedsnr = 19441 has multiple (2) positions, using the first one!
utility_to_osm - WARNING - ssr:stedsnr = 19445 has multiple (2) positions, using the first one!
utility_to_osm - WARNING - ssr:stedsnr = 19450 has multiple (5) positions, using the first one!
utility_to_osm - WARNING - ssr:stedsnr = 19452 has multiple (2) positions, using the first one!
utility_to_osm - WARNING - ssr:stedsnr = 28584: No priority spelling found for lang = fkv, using alt_name to get "[('no', 'Sekkemo')]"
utility_to_osm - WARNING - ssr:stedsnr = 28584 has multiple (2) positions, using the first one!
utility_to_osm - WARNING - ssr:stedsnr = 236843: No priority spelling found for lang = fkv, using alt_name to get "[('no', 'Bukta'), ('fkv', 'Sisä-Navetan mukka')]"
utility_to_osm - WARNING - ssr:stedsnr = 236843: No priority spelling found for lang = fkv, using alt_name to get "[('no', 'Bukta'), ('se', 'Návetmohkki'), ('fkv', 'Sisä-Navetan mukka')]"
utility_to_osm - WARNING - ssr:stedsnr = 236499 has multiple (2) positions, using the first one!
utility_to_osm - WARNING - ssr:stedsnr = 236575 has multiple (2) positions, using the first one!
utility_to_osm - WARNING - ssr:stedsnr = 45001 has multiple (2) positions, using the first one!
utility_to_osm - WARNING - ssr:stedsnr = 46279 has multiple (2) positions, using the first one!
utility_to_osm - WARNING - ssr:stedsnr = 54570 has multiple (2) positions, using the first one!
utility_to_osm - WARNING - ssr:stedsnr = 54851: No priority spelling found for lang = fkv, using alt_name to get "[('no', 'Navitfjorden'), ('fkv', 'Navetanvuono')]"
utility_to_osm - WARNING - ssr:stedsnr = 54851: No priority spelling found for lang = fkv, using alt_name to get "[('no', 'Navitfjorden'), ('se', 'Návetfávli'), ('fkv', 'Navetanvuono')]"
utility_to_osm - WARNING - ssr:stedsnr = 54851 has multiple (3) positions, using the first one!
utility_to_osm - WARNING - ssr:stedsnr = 80003 has multiple (3) positions, using the first one!
utility_to_osm - WARNING - ssr:stedsnr = 80009: No priority spelling found for lang = fkv, using alt_name to get "[('no', 'Bjørnebuktvannet'), ('fkv', 'Äijäsenjärvi')]"
utility_to_osm - WARNING - ssr:stedsnr = 80009 has multiple (2) positions, using the first one!
utility_to_osm - WARNING - ssr:stedsnr = 80106 has multiple (3) positions, using the first one!
utility_to_osm - WARNING - ssr:stedsnr = 80108 has multiple (2) positions, using the first one!
utility_to_osm - WARNING - ssr:stedsnr = 80126 has multiple (2) positions, using the first one!
utility_to_osm - WARNING - ssr:stedsnr = 80090 has multiple (2) positions, using the first one!
utility_to_osm - WARNING - ssr:stedsnr = 80304 has multiple (5) positions, using the first one!
utility_to_osm - WARNING - ssr:stedsnr = 80308 has multiple (2) positions, using the first one!
utility_to_osm - WARNING - ssr:stedsnr = 80312 has multiple (3) positions, using the first one!
utility_to_osm - WARNING - ssr:stedsnr = 80354 has multiple (4) positions, using the first one!
utility_to_osm - WARNING - ssr:stedsnr = 80440 has multiple (2) positions, using the first one!
utility_to_osm - ERROR - ssr:stedsnr = 80441: Adding multiple names to name tag, this is not OK! name = "Stornappen;Indre Nappen"
utility_to_osm - WARNING - ssr:stedsnr = 80441 has multiple (3) positions, using the first one!
utility_to_osm - WARNING - ssr:stedsnr = 80443 has multiple (3) positions, using the first one!
utility_to_osm - WARNING - ssr:stedsnr = 80492 has multiple (2) positions, using the first one!
utility_to_osm - WARNING - ssr:stedsnr = 80496 has multiple (3) positions, using the first one!
utility_to_osm - WARNING - ssr:stedsnr = 90003: No priority spelling found for lang = no, using alt_name to get "[('no', 'Sørskallen')]"
utility_to_osm - WARNING - ssr:stedsnr = 90003 has multiple (2) positions, using the first one!
utility_to_osm - WARNING - ssr:stedsnr = 115106 has multiple (3) positions, using the first one!
utility_to_osm - WARNING - ssr:stedsnr = 139802 has multiple (2) positions, using the first one!
utility_to_osm - WARNING - ssr:stedsnr = 139886 has multiple (2) positions, using the first one!
utility_to_osm - WARNING - ssr:stedsnr = 140005 has multiple (2) positions, using the first one!
utility_to_osm - WARNING - ssr:stedsnr = 140086 has multiple (2) positions, using the first one!
utility_to_osm - WARNING - ssr:stedsnr = 140094: No priority spelling found for lang = no, using alt_name to get "[('no', 'Svartvatnet')]"
utility_to_osm - WARNING - ssr:stedsnr = 140094: No priority spelling found for lang = fkv, using alt_name to get "[('no', 'Svartvatnet'), ('fkv', 'Mustajärvi')]"
utility_to_osm - WARNING - ssr:stedsnr = 140094: No priority spelling found for lang = fkv, using alt_name to get "[('no', 'Svartvatnet'), ('se', 'Čáhppesjávri'), ('fkv', 'Mustajärvi')]"
utility_to_osm - WARNING - ssr:stedsnr = 140094 has multiple (2) positions, using the first one!
utility_to_osm - WARNING - ssr:stedsnr = 140098 has multiple (2) positions, using the first one!
utility_to_osm - WARNING - ssr:stedsnr = 140468 has multiple (2) positions, using the first one!
utility_to_osm - WARNING - ssr:stedsnr = 147767 has multiple (2) positions, using the first one!
utility_to_osm - WARNING - ssr:stedsnr = 167014 has multiple (2) positions, using the first one!
utility_to_osm - WARNING - ssr:stedsnr = 169886 has multiple (2) positions, using the first one!
utility_to_osm - WARNING - ssr:stedsnr = 262093 has multiple (3) positions, using the first one!
utility_to_osm - WARNING - ssr:stedsnr = 262095 has multiple (2) positions, using the first one!
utility_to_osm - WARNING - ssr:stedsnr = 262123 has multiple (2) positions, using the first one!
utility_to_osm - WARNING - ssr:stedsnr = 261458 has multiple (2) positions, using the first one!
utility_to_osm - WARNING - ssr:stedsnr = 261459 has multiple (5) positions, using the first one!
utility_to_osm - WARNING - ssr:stedsnr = 261768 has multiple (2) positions, using the first one!
utility_to_osm - WARNING - ssr:stedsnr = 261783 has multiple (2) positions, using the first one!
utility_to_osm - WARNING - ssr:stedsnr = 261786 has multiple (2) positions, using the first one!
utility_to_osm - WARNING - ssr:stedsnr = 261802 has multiple (2) positions, using the first one!
utility_to_osm - WARNING - ssr:stedsnr = 261806 has multiple (2) positions, using the first one!
utility_to_osm - WARNING - ssr:stedsnr = 261855 has multiple (3) positions, using the first one!
utility_to_osm - WARNING - ssr:stedsnr = 261811 has multiple (4) positions, using the first one!
utility_to_osm - WARNING - ssr:stedsnr = 261813 has multiple (2) positions, using the first one!
utility_to_osm - WARNING - ssr:stedsnr = 261843 has multiple (2) positions, using the first one!
utility_to_osm - WARNING - ssr:stedsnr = 262058 has multiple (3) positions, using the first one!
utility_to_osm - WARNING - ssr:stedsnr = 262162 has multiple (2) positions, using the first one!
utility_to_osm - WARNING - ssr:stedsnr = 262135 has multiple (2) positions, using the first one!
utility_to_osm - ERROR - ssr:stedsnr = 262137: Adding multiple names to name tag, this is not OK! name = "Lille Dinganeset;Dingalneset"
utility_to_osm - WARNING - ssr:stedsnr = 262082 has multiple (2) positions, using the first one!
utility_to_osm - WARNING - ssr:stedsnr = 262085 has multiple (2) positions, using the first one!
utility_to_osm - WARNING - ssr:stedsnr = 262087 has multiple (2) positions, using the first one!
utility_to_osm - WARNING - ssr:stedsnr = 262091 has multiple (2) positions, using the first one!
utility_to_osm - WARNING - ssr:stedsnr = 262164 has multiple (2) positions, using the first one!
utility_to_osm - WARNING - ssr:stedsnr = 262165 has multiple (2) positions, using the first one!
utility_to_osm - WARNING - ssr:stedsnr = 262166 has multiple (2) positions, using the first one!
utility_to_osm - WARNING - ssr:stedsnr = 262170 has multiple (3) positions, using the first one!
utility_to_osm - WARNING - ssr:stedsnr = 262181 has multiple (2) positions, using the first one!
utility_to_osm - ERROR - ssr:stedsnr = 262235: Adding multiple names to name tag, this is not OK! name = "Klubbodden;Klubben"
utility_to_osm - WARNING - ssr:stedsnr = 262235 has multiple (3) positions, using the first one!
utility_to_osm - WARNING - ssr:stedsnr = 262310 has multiple (2) positions, using the first one!
utility_to_osm - WARNING - ssr:stedsnr = 262317 has multiple (2) positions, using the first one!
utility_to_osm - WARNING - ssr:stedsnr = 262334 has multiple (2) positions, using the first one!
utility_to_osm - WARNING - ssr:stedsnr = 262341 has multiple (2) positions, using the first one!
utility_to_osm - WARNING - ssr:stedsnr = 262274 has multiple (3) positions, using the first one!
utility_to_osm - WARNING - ssr:stedsnr = 262290 has multiple (2) positions, using the first one!
utility_to_osm - WARNING - ssr:stedsnr = 262457 has multiple (2) positions, using the first one!
utility_to_osm - ERROR - invalid name_status = "avslått navnevalg"
utility_to_osm - ERROR - invalid name_status = "avslått navnevalg"
utility_to_osm - ERROR - invalid name_status = "avslått navnevalg"
utility_to_osm - WARNING - ssr:stedsnr = 262462: No priority spelling found for lang = se, using alt_name to get "[('no', 'Storelva'), ('se', 'Burovuonjohka')]"
utility_to_osm - WARNING - ssr:stedsnr = 262462 has multiple (17) positions, using the first one!
utility_to_osm - WARNING - ssr:stedsnr = 262464 has multiple (2) positions, using the first one!
utility_to_osm - WARNING - ssr:stedsnr = 262472 has multiple (2) positions, using the first one!
utility_to_osm - ERROR - ssr:stedsnr = 262473: Adding multiple names to name tag, this is not OK! name = "Gryta;Trollvatnet"
utility_to_osm - WARNING - ssr:stedsnr = 262473 has multiple (2) positions, using the first one!
utility_to_osm - ERROR - ssr:stedsnr = 262478: Adding multiple names to name tag, this is not OK! name = "Langvasselva;Gammelgårdselva"
utility_to_osm - WARNING - ssr:stedsnr = 262478 has multiple (4) positions, using the first one!
utility_to_osm - WARNING - ssr:stedsnr = 262480 has multiple (4) positions, using the first one!
utility_to_osm - WARNING - ssr:stedsnr = 262482 has multiple (4) positions, using the first one!
utility_to_osm - WARNING - ssr:stedsnr = 262484 has multiple (2) positions, using the first one!
utility_to_osm - WARNING - ssr:stedsnr = 262487 has multiple (2) positions, using the first one!
utility_to_osm - WARNING - ssr:stedsnr = 262489 has multiple (4) positions, using the first one!
utility_to_osm - WARNING - ssr:stedsnr = 262490 has multiple (4) positions, using the first one!
utility_to_osm - ERROR - ssr:stedsnr = 262914: Adding multiple names to name tag, this is not OK! name = "Peraksla;Pålsaaksla"
utility_to_osm - WARNING - ssr:stedsnr = 262914 has multiple (2) positions, using the first one!
utility_to_osm - WARNING - ssr:stedsnr = 262873 has multiple (2) positions, using the first one!
utility_to_osm - WARNING - ssr:stedsnr = 200756 has multiple (2) positions, using the first one!
utility_to_osm - WARNING - ssr:stedsnr = 200760 has multiple (2) positions, using the first one!
utility_to_osm - WARNING - ssr:stedsnr = 200801 has multiple (2) positions, using the first one!
utility_to_osm - WARNING - ssr:stedsnr = 201005: No priority spelling found for lang = fkv, using alt_name to get "[('no', 'Mokkonainen'), ('se', 'Muhkkonaš')]"
utility_to_osm - WARNING - ssr:stedsnr = 201005 has multiple (6) positions, using the first one!
utility_to_osm - WARNING - ssr:stedsnr = 201056: No priority spelling found for lang = se, using alt_name to get "[('se', 'Vuommi')]"
utility_to_osm - WARNING - ssr:stedsnr = 201056 has multiple (3) positions, using the first one!
utility_to_osm - WARNING - ssr:stedsnr = 201098: No priority spelling found for lang = se, using alt_name to get "[('no', 'Årøya'), ('no', 'Store Årøya'), ('no', 'Årøya, store'), ('se', 'Vuorri')]"
utility_to_osm - WARNING - ssr:stedsnr = 201098: No priority spelling found for lang = fkv, using alt_name to get "[('no', 'Årøya'), ('no', 'Store Årøya'), ('no', 'Årøya, store'), ('se', 'Vuorri'), ('fkv', 'Iso Vuori'), ('fkv', 'Vuori')]"
utility_to_osm - ERROR - ssr:stedsnr = 201098: Adding multiple names to name tag, this is not OK! name = "Årøya;Store Årøya;Årøya, store"
utility_to_osm - ERROR - ssr:stedsnr = 201098: Adding multiple names to name tag, this is not OK! name = "Iso Vuori;Vuori"
utility_to_osm - WARNING - ssr:stedsnr = 201098 has multiple (5) positions, using the first one!
utility_to_osm - WARNING - ssr:stedsnr = 201100 has multiple (2) positions, using the first one!
utility_to_osm - WARNING - ssr:stedsnr = 201294 has multiple (4) positions, using the first one!
utility_to_osm - WARNING - ssr:stedsnr = 201300 has multiple (2) positions, using the first one!
utility_to_osm - WARNING - ssr:stedsnr = 201301: No priority spelling found for lang = se, using alt_name to get "[('no', 'Reinfjorden'), ('se', 'Boazovuonna')]"
utility_to_osm - WARNING - ssr:stedsnr = 201301 has multiple (4) positions, using the first one!
utility_to_osm - WARNING - ssr:stedsnr = 201446 has multiple (2) positions, using the first one!
utility_to_osm - WARNING - ssr:stedsnr = 201447 has multiple (4) positions, using the first one!
utility_to_osm - WARNING - ssr:stedsnr = 201449 has multiple (3) positions, using the first one!
utility_to_osm - WARNING - ssr:stedsnr = 201450 has multiple (2) positions, using the first one!
utility_to_osm - WARNING - ssr:stedsnr = 201846 has multiple (2) positions, using the first one!
utility_to_osm - WARNING - ssr:stedsnr = 201892 has multiple (2) positions, using the first one!
utility_to_osm - WARNING - ssr:stedsnr = 201893 has multiple (6) positions, using the first one!
utility_to_osm - ERROR - ssr:stedsnr = 201894: Adding multiple names to name tag, this is not OK! name = "Skarvikvannet;Skardvatnet"
utility_to_osm - WARNING - ssr:stedsnr = 201894 has multiple (2) positions, using the first one!
utility_to_osm - WARNING - ssr:stedsnr = 201896: No priority spelling found for lang = no, using alt_name to get "[('no', 'Vannberget')]"
utility_to_osm - WARNING - ssr:stedsnr = 201896 has multiple (2) positions, using the first one!
utility_to_osm - WARNING - ssr:stedsnr = 208985: No priority spelling found for lang = fkv, using alt_name to get "[('no', 'Kjækan')]"
utility_to_osm - WARNING - ssr:stedsnr = 269083 has multiple (2) positions, using the first one!
utility_to_osm - WARNING - ssr:stedsnr = 272638: No priority spelling found for lang = no, using alt_name to get "[('no', 'Torskenesbakken')]"
utility_to_osm - WARNING - ssr:stedsnr = 236827: No priority spelling found for lang = se, using alt_name to get "[('no', 'Holmen'), ('se', 'Návetjohsuolu')]"
utility_to_osm - WARNING - ssr:stedsnr = 261504 has multiple (3) positions, using the first one!
utility_to_osm - WARNING - ssr:stedsnr = 261798 has multiple (2) positions, using the first one!
utility_to_osm - WARNING - ssr:stedsnr = 261799 has multiple (2) positions, using the first one!
utility_to_osm - WARNING - ssr:stedsnr = 262021 has multiple (2) positions, using the first one!
utility_to_osm - WARNING - ssr:stedsnr = 262114 has multiple (2) positions, using the first one!
utility_to_osm - WARNING - ssr:stedsnr = 262144 has multiple (2) positions, using the first one!
utility_to_osm - WARNING - ssr:stedsnr = 262293 has multiple (2) positions, using the first one!
utility_to_osm - WARNING - ssr:stedsnr = 262294 has multiple (5) positions, using the first one!
utility_to_osm - WARNING - ssr:stedsnr = 262297 has multiple (2) positions, using the first one!
utility_to_osm - WARNING - ssr:stedsnr = 262244 has multiple (3) positions, using the first one!
utility_to_osm - WARNING - ssr:stedsnr = 262449 has multiple (4) positions, using the first one!
utility_to_osm - WARNING - ssr:stedsnr = 262450: No priority spelling found for lang = se, using alt_name to get "[('no', 'Jøkelfjorden'), ('se', 'Jiehkkervuonna')]"
utility_to_osm - WARNING - ssr:stedsnr = 262450 has multiple (13) positions, using the first one!
utility_to_osm - WARNING - ssr:stedsnr = 262452 has multiple (3) positions, using the first one!
utility_to_osm - WARNING - ssr:stedsnr = 262454 has multiple (2) positions, using the first one!
utility_to_osm - WARNING - ssr:stedsnr = 262495 has multiple (2) positions, using the first one!
utility_to_osm - WARNING - ssr:stedsnr = 262496 has multiple (3) positions, using the first one!
utility_to_osm - WARNING - ssr:stedsnr = 262498 has multiple (2) positions, using the first one!
utility_to_osm - WARNING - ssr:stedsnr = 262893 has multiple (4) positions, using the first one!
utility_to_osm - WARNING - ssr:stedsnr = 262899 has multiple (2) positions, using the first one!
utility_to_osm - ERROR - ssr:stedsnr = 269874: Adding multiple names to name tag, this is not OK! name = "Stuoragieddi;Storeng"
utility_to_osm - WARNING - ssr:stedsnr = 269874 has multiple (2) positions, using the first one!
utility_to_osm - WARNING - ssr:stedsnr = 270908: No priority spelling found for lang = se, using alt_name to get "[('no', 'Kvænangstindan'), ('se', 'Návuongáissát')]"
utility_to_osm - WARNING - ssr:stedsnr = 270908 has multiple (6) positions, using the first one!
utility_to_osm - WARNING - ssr:stedsnr = 270990 has multiple (3) positions, using the first one!
utility_to_osm - WARNING - ssr:stedsnr = 272006: No priority spelling found for lang = no, using alt_name to get "[('no', 'Bøttnesbåen')]"
utility_to_osm - WARNING - ssr:stedsnr = 272692: No priority spelling found for lang = no, using alt_name to get "[('no', 'Råvasten')]"
utility_to_osm - WARNING - ssr:stedsnr = 272692 has multiple (3) positions, using the first one!
utility_to_osm - WARNING - ssr:stedsnr = 289787 has multiple (2) positions, using the first one!
utility_to_osm - WARNING - ssr:stedsnr = 290731 has multiple (3) positions, using the first one!
utility_to_osm - WARNING - ssr:stedsnr = 290602 has multiple (2) positions, using the first one!
utility_to_osm - WARNING - ssr:stedsnr = 290690 has multiple (2) positions, using the first one!
utility_to_osm - WARNING - ssr:stedsnr = 296108: No priority spelling found for lang = no, using alt_name to get "[('no', 'Rakkeneslia')]"
utility_to_osm - WARNING - ssr:stedsnr = 296832: No priority spelling found for lang = se, using alt_name to get "[('no', 'Ytre Navit'), ('se', 'Olggut Návet')]"
utility_to_osm - WARNING - ssr:stedsnr = 464548: No priority spelling found for lang = se, using alt_name to get "[('no', 'Čohkkápmirelva')]"
utility_to_osm - WARNING - ssr:stedsnr = 464548 has multiple (2) positions, using the first one!
utility_to_osm - WARNING - ssr:stedsnr = 321803 has multiple (4) positions, using the first one!
utility_to_osm - WARNING - ssr:stedsnr = 322279 has multiple (4) positions, using the first one!
utility_to_osm - WARNING - ssr:stedsnr = 322284 has multiple (5) positions, using the first one!
utility_to_osm - WARNING - ssr:stedsnr = 322290 has multiple (2) positions, using the first one!
utility_to_osm - WARNING - ssr:stedsnr = 322130 has multiple (4) positions, using the first one!
utility_to_osm - WARNING - ssr:stedsnr = 322139 has multiple (3) positions, using the first one!
utility_to_osm - WARNING - ssr:stedsnr = 322140 has multiple (2) positions, using the first one!
utility_to_osm - WARNING - ssr:stedsnr = 322824 has multiple (2) positions, using the first one!
utility_to_osm - WARNING - ssr:stedsnr = 322776 has multiple (2) positions, using the first one!
utility_to_osm - WARNING - ssr:stedsnr = 322778 has multiple (2) positions, using the first one!
utility_to_osm - WARNING - ssr:stedsnr = 323475: No priority spelling found for lang = se, using alt_name to get "[('no', 'Flintfjellet'), ('se', 'Dinnuidrášša')]"
utility_to_osm - WARNING - ssr:stedsnr = 323475 has multiple (6) positions, using the first one!
utility_to_osm - WARNING - ssr:stedsnr = 323476 has multiple (3) positions, using the first one!
utility_to_osm - WARNING - ssr:stedsnr = 323484 has multiple (4) positions, using the first one!
utility_to_osm - WARNING - ssr:stedsnr = 323504: No priority spelling found for lang = se, using alt_name to get "[('no', 'Nedre Kavringvatnet')]"
utility_to_osm - WARNING - ssr:stedsnr = 323504 has multiple (2) positions, using the first one!
utility_to_osm - WARNING - ssr:stedsnr = 330307 has multiple (2) positions, using the first one!
utility_to_osm - WARNING - ssr:stedsnr = 333016: No priority spelling found for lang = no, using alt_name to get "[('no', 'Ytterskallen')]"
utility_to_osm - WARNING - ssr:stedsnr = 333016 has multiple (2) positions, using the first one!
utility_to_osm - WARNING - ssr:stedsnr = 471736 has multiple (2) positions, using the first one!
utility_to_osm - WARNING - ssr:stedsnr = 351902 has multiple (2) positions, using the first one!
utility_to_osm - WARNING - ssr:stedsnr = 357507: No priority spelling found for lang = se, using alt_name to get "[('no', 'Sørstraumbrua'), ('se', 'Árressildi')]"
utility_to_osm - ERROR - ssr:stedsnr = 357507. No positions found, skipping
utility_to_osm - WARNING - ssr:stedsnr = 478243 has multiple (2) positions, using the first one!
utility_to_osm - WARNING - ssr:stedsnr = 479731: No priority spelling found for lang = fkv, using alt_name to get "[('no', 'Tangneslandet'), ('fkv', 'Tangasenpoot')]"
utility_to_osm - WARNING - ssr:stedsnr = 382760 has multiple (2) positions, using the first one!
utility_to_osm - WARNING - ssr:stedsnr = 382811 has multiple (3) positions, using the first one!
utility_to_osm - WARNING - ssr:stedsnr = 382816 has multiple (2) positions, using the first one!
utility_to_osm - WARNING - ssr:stedsnr = 382855 has multiple (2) positions, using the first one!
utility_to_osm - WARNING - ssr:stedsnr = 382857 has multiple (2) positions, using the first one!
utility_to_osm - WARNING - ssr:stedsnr = 382866 has multiple (3) positions, using the first one!
utility_to_osm - WARNING - ssr:stedsnr = 382869 has multiple (2) positions, using the first one!
utility_to_osm - WARNING - ssr:stedsnr = 383003: No priority spelling found for lang = fkv, using alt_name to get "[('no', 'Bjørnebukta'), ('fkv', 'Äijäsenmukka')]"
utility_to_osm - WARNING - ssr:stedsnr = 383003 has multiple (2) positions, using the first one!
utility_to_osm - WARNING - ssr:stedsnr = 383005 has multiple (2) positions, using the first one!
utility_to_osm - WARNING - ssr:stedsnr = 383008 has multiple (2) positions, using the first one!
utility_to_osm - WARNING - ssr:stedsnr = 383012: No priority spelling found for lang = se, using alt_name to get "[('no', 'Sappisdalen'), ('se', 'Sáhppevuommi')]"
utility_to_osm - WARNING - ssr:stedsnr = 383012 has multiple (2) positions, using the first one!
utility_to_osm - WARNING - ssr:stedsnr = 383102 has multiple (2) positions, using the first one!
utility_to_osm - WARNING - ssr:stedsnr = 383106: No priority spelling found for lang = se, using alt_name to get "[('no', 'Sørstraumelva'), ('se', 'Árresjohka')]"
utility_to_osm - WARNING - ssr:stedsnr = 383106 has multiple (5) positions, using the first one!
utility_to_osm - WARNING - ssr:stedsnr = 383115 has multiple (3) positions, using the first one!
utility_to_osm - WARNING - ssr:stedsnr = 383161 has multiple (2) positions, using the first one!
utility_to_osm - WARNING - ssr:stedsnr = 383057 has multiple (4) positions, using the first one!
utility_to_osm - WARNING - ssr:stedsnr = 383254 has multiple (3) positions, using the first one!
utility_to_osm - WARNING - ssr:stedsnr = 383257 has multiple (2) positions, using the first one!
utility_to_osm - WARNING - ssr:stedsnr = 383263 has multiple (2) positions, using the first one!
utility_to_osm - WARNING - ssr:stedsnr = 383357 has multiple (3) positions, using the first one!
utility_to_osm - WARNING - ssr:stedsnr = 383508: No priority spelling found for lang = se, using alt_name to get "[('no', 'Alteidet')]"
utility_to_osm - WARNING - ssr:stedsnr = 383508 has multiple (2) positions, using the first one!
utility_to_osm - WARNING - ssr:stedsnr = 383511 has multiple (2) positions, using the first one!
utility_to_osm - WARNING - ssr:stedsnr = 383513 has multiple (2) positions, using the first one!
utility_to_osm - WARNING - ssr:stedsnr = 383514: No priority spelling found for lang = se, using alt_name to get "[('no', 'Knausfjellet')]"
utility_to_osm - WARNING - ssr:stedsnr = 383514 has multiple (2) positions, using the first one!
utility_to_osm - WARNING - ssr:stedsnr = 383458 has multiple (3) positions, using the first one!
utility_to_osm - WARNING - ssr:stedsnr = 383499 has multiple (2) positions, using the first one!
utility_to_osm - WARNING - ssr:stedsnr = 383888 has multiple (3) positions, using the first one!
utility_to_osm - WARNING - ssr:stedsnr = 394309 has multiple (5) positions, using the first one!
utility_to_osm - WARNING - ssr:stedsnr = 443802 has multiple (2) positions, using the first one!
utility_to_osm - WARNING - ssr:stedsnr = 443804 has multiple (2) positions, using the first one!
utility_to_osm - WARNING - ssr:stedsnr = 444003: No priority spelling found for lang = fkv, using alt_name to get "[('no', 'Løkvika'), ('fkv', 'Kesori')]"
utility_to_osm - WARNING - ssr:stedsnr = 444014: No priority spelling found for lang = fkv, using alt_name to get "[('no', 'Tangnesholmen'), ('se', 'Daŋassuolu'), ('fkv', 'Tangasensaari')]"
utility_to_osm - WARNING - ssr:stedsnr = 444014 has multiple (3) positions, using the first one!
utility_to_osm - WARNING - ssr:stedsnr = 444016 has multiple (2) positions, using the first one!
utility_to_osm - WARNING - ssr:stedsnr = 444021 has multiple (2) positions, using the first one!
utility_to_osm - WARNING - ssr:stedsnr = 444113 has multiple (2) positions, using the first one!
utility_to_osm - WARNING - ssr:stedsnr = 444115 has multiple (3) positions, using the first one!
utility_to_osm - WARNING - ssr:stedsnr = 444302 has multiple (3) positions, using the first one!
utility_to_osm - WARNING - ssr:stedsnr = 444309 has multiple (2) positions, using the first one!
utility_to_osm - WARNING - ssr:stedsnr = 444202 has multiple (2) positions, using the first one!
utility_to_osm - WARNING - ssr:stedsnr = 444283 has multiple (2) positions, using the first one!
utility_to_osm - WARNING - ssr:stedsnr = 444285: No priority spelling found for lang = fkv, using alt_name to get "[('no', 'Morsoneset'), ('no', 'Hvalrossneset'), ('se', 'Moršanjárga'), ('fkv', 'Mursuniemi')]"
utility_to_osm - ERROR - ssr:stedsnr = 444285: Adding multiple names to name tag, this is not OK! name = "Morsoneset;Hvalrossneset"
utility_to_osm - WARNING - ssr:stedsnr = 444429 has multiple (2) positions, using the first one!
utility_to_osm - WARNING - ssr:stedsnr = 444435 has multiple (3) positions, using the first one!
utility_to_osm - WARNING - ssr:stedsnr = 444437 has multiple (2) positions, using the first one!
utility_to_osm - WARNING - ssr:stedsnr = 444877 has multiple (2) positions, using the first one!
utility_to_osm - WARNING - ssr:stedsnr = 454002: No priority spelling found for lang = no, using alt_name to get "[('no', 'Vannbergskallen')]"
utility_to_osm - WARNING - ssr:stedsnr = 454002 has multiple (2) positions, using the first one!
utility_to_osm - WARNING - ssr:stedsnr = 470060: No priority spelling found for lang = fkv, using alt_name to get "[('no', 'Badderbotn'), ('fkv', 'Paattarinperä')]"
utility_to_osm - WARNING - ssr:stedsnr = 470060: No priority spelling found for lang = fkv, using alt_name to get "[('no', 'Badderbotn'), ('se', 'Báttárbahta'), ('fkv', 'Paattarinperä')]"
utility_to_osm - WARNING - ssr:stedsnr = 478120 has multiple (2) positions, using the first one!
utility_to_osm - WARNING - ssr:stedsnr = 503807 has multiple (2) positions, using the first one!
utility_to_osm - WARNING - ssr:stedsnr = 503774 has multiple (3) positions, using the first one!
utility_to_osm - WARNING - ssr:stedsnr = 503775 has multiple (2) positions, using the first one!
utility_to_osm - WARNING - ssr:stedsnr = 503777 has multiple (4) positions, using the first one!
utility_to_osm - WARNING - ssr:stedsnr = 503779 has multiple (2) positions, using the first one!
utility_to_osm - WARNING - ssr:stedsnr = 504002: No priority spelling found for lang = fkv, using alt_name to get "[('no', 'Lillestraumen'), ('fkv', 'Pikkuvirta')]"
utility_to_osm - WARNING - ssr:stedsnr = 504002 has multiple (3) positions, using the first one!
utility_to_osm - WARNING - ssr:stedsnr = 504007: No priority spelling found for lang = no, using alt_name to get "[('no', 'Navitfossen'), ('no', 'Fossen')]"
utility_to_osm - WARNING - ssr:stedsnr = 504007: No priority spelling found for lang = fkv, using alt_name to get "[('no', 'Navitfossen'), ('no', 'Fossen'), ('fkv', 'Navetankurkkia')]"
utility_to_osm - WARNING - ssr:stedsnr = 504007: No priority spelling found for lang = fkv, using alt_name to get "[('no', 'Navitfossen'), ('no', 'Fossen'), ('se', 'Návetgorži'), ('fkv', 'Navetankurkkia')]"
utility_to_osm - ERROR - ssr:stedsnr = 504007: Adding multiple names to name tag, this is not OK! name = "Navitfossen;Fossen"
utility_to_osm - WARNING - ssr:stedsnr = 504067 has multiple (2) positions, using the first one!
utility_to_osm - WARNING - ssr:stedsnr = 504069 has multiple (2) positions, using the first one!
utility_to_osm - WARNING - ssr:stedsnr = 504071 has multiple (3) positions, using the first one!
utility_to_osm - WARNING - ssr:stedsnr = 504106 has multiple (3) positions, using the first one!
utility_to_osm - WARNING - ssr:stedsnr = 504121 has multiple (3) positions, using the first one!
utility_to_osm - WARNING - ssr:stedsnr = 504302 has multiple (3) positions, using the first one!
utility_to_osm - WARNING - ssr:stedsnr = 504310 has multiple (2) positions, using the first one!
utility_to_osm - WARNING - ssr:stedsnr = 504471 has multiple (2) positions, using the first one!
utility_to_osm - WARNING - ssr:stedsnr = 504474 has multiple (2) positions, using the first one!
utility_to_osm - WARNING - ssr:stedsnr = 504812 has multiple (2) positions, using the first one!
utility_to_osm - WARNING - ssr:stedsnr = 504904 has multiple (2) positions, using the first one!
utility_to_osm - WARNING - ssr:stedsnr = 504908 has multiple (2) positions, using the first one!
utility_to_osm - WARNING - ssr:stedsnr = 505067: No priority spelling found for lang = fkv, using alt_name to get "[('no', 'Storstraumen'), ('se', 'Stuora Rávdnji'), ('fkv', 'Isovirta')]"
utility_to_osm - WARNING - ssr:stedsnr = 505067 has multiple (3) positions, using the first one!
utility_to_osm - WARNING - ssr:stedsnr = 505476 has multiple (2) positions, using the first one!
utility_to_osm - WARNING - ssr:stedsnr = 505480 has multiple (4) positions, using the first one!
utility_to_osm - WARNING - ssr:stedsnr = 512519: No priority spelling found for lang = se, using alt_name to get "[('no', 'Svartfjellet'), ('se', 'Odcavonacharje'), ('se', 'Riššagáisá')]"
utility_to_osm - ERROR - ssr:stedsnr = 512519: Adding multiple names to name tag, this is not OK! name = "Odcavonacharje;Riššagáisá"
utility_to_osm - WARNING - ssr:stedsnr = 512519 has multiple (5) positions, using the first one!
utility_to_osm - WARNING - ssr:stedsnr = 686006: No priority spelling found for lang = fkv, using alt_name to get "[('no', 'Ytreneset'), ('fkv', 'Pikkuvirranniemi')]"
utility_to_osm - WARNING - ssr:stedsnr = 686006 has multiple (2) positions, using the first one!
utility_to_osm - WARNING - ssr:stedsnr = 686150 has multiple (3) positions, using the first one!
utility_to_osm - WARNING - ssr:stedsnr = 686154 has multiple (2) positions, using the first one!
utility_to_osm - WARNING - ssr:stedsnr = 686026: No priority spelling found for lang = fkv, using alt_name to get "[('se', 'Ruossavárri'), ('fkv', 'Ruossa')]"
utility_to_osm - ERROR - ssr:stedsnr = 686026. No positions found, skipping
utility_to_osm - WARNING - ssr:stedsnr = 686115 has multiple (3) positions, using the first one!
utility_to_osm - WARNING - ssr:stedsnr = 686119 has multiple (2) positions, using the first one!
utility_to_osm - WARNING - ssr:stedsnr = 686124 has multiple (2) positions, using the first one!
utility_to_osm - WARNING - ssr:stedsnr = 686130 has multiple (3) positions, using the first one!
utility_to_osm - WARNING - ssr:stedsnr = 686136 has multiple (2) positions, using the first one!
utility_to_osm - WARNING - ssr:stedsnr = 686179: No priority spelling found for lang = no, using alt_name to get "[('no', 'Storvannet')]"
utility_to_osm - WARNING - ssr:stedsnr = 686179 has multiple (5) positions, using the first one!
utility_to_osm - WARNING - ssr:stedsnr = 686291 has multiple (4) positions, using the first one!
utility_to_osm - WARNING - ssr:stedsnr = 686325 has multiple (2) positions, using the first one!
utility_to_osm - WARNING - ssr:stedsnr = 686272 has multiple (2) positions, using the first one!
utility_to_osm - WARNING - ssr:stedsnr = 686280 has multiple (2) positions, using the first one!
utility_to_osm - WARNING - ssr:stedsnr = 686776 has multiple (3) positions, using the first one!
utility_to_osm - WARNING - ssr:stedsnr = 686785 has multiple (2) positions, using the first one!
utility_to_osm - WARNING - ssr:stedsnr = 686814 has multiple (2) positions, using the first one!
utility_to_osm - WARNING - ssr:stedsnr = 686829: No priority spelling found for lang = fkv, using alt_name to get "[('se', 'Šuoikkátjávri'), ('fkv', 'Hyttysenjärvi')]"
utility_to_osm - WARNING - ssr:stedsnr = 686829 has multiple (5) positions, using the first one!
utility_to_osm - WARNING - ssr:stedsnr = 686866 has multiple (2) positions, using the first one!
utility_to_osm - WARNING - ssr:stedsnr = 686868 has multiple (2) positions, using the first one!
utility_to_osm - WARNING - ssr:stedsnr = 686874 has multiple (2) positions, using the first one!
utility_to_osm - WARNING - ssr:stedsnr = 686879 has multiple (4) positions, using the first one!
utility_to_osm - WARNING - ssr:stedsnr = 687057 has multiple (2) positions, using the first one!
utility_to_osm - WARNING - ssr:stedsnr = 687078 has multiple (4) positions, using the first one!
utility_to_osm - WARNING - ssr:stedsnr = 687083 has multiple (3) positions, using the first one!
utility_to_osm - WARNING - ssr:stedsnr = 687173 has multiple (3) positions, using the first one!
utility_to_osm - WARNING - ssr:stedsnr = 687226 has multiple (4) positions, using the first one!
utility_to_osm - WARNING - ssr:stedsnr = 687233 has multiple (2) positions, using the first one!
utility_to_osm - WARNING - ssr:stedsnr = 687236 has multiple (3) positions, using the first one!
utility_to_osm - ERROR - ssr:stedsnr = 687359: Adding multiple names to name tag, this is not OK! name = "Vapseholmen;Systerholmen"
utility_to_osm - WARNING - ssr:stedsnr = 687359 has multiple (2) positions, using the first one!
utility_to_osm - WARNING - ssr:stedsnr = 687432 has multiple (3) positions, using the first one!
utility_to_osm - WARNING - ssr:stedsnr = 687434 has multiple (4) positions, using the first one!
utility_to_osm - WARNING - ssr:stedsnr = 687445 has multiple (2) positions, using the first one!
utility_to_osm - WARNING - ssr:stedsnr = 687450 has multiple (3) positions, using the first one!
utility_to_osm - WARNING - ssr:stedsnr = 687454 has multiple (3) positions, using the first one!
utility_to_osm - WARNING - ssr:stedsnr = 687462: No priority spelling found for lang = fkv, using alt_name to get "[('no', 'Reisafjorden'), ('se', 'Ráisavuotna'), ('fkv', 'Raisinvuono')]"
utility_to_osm - WARNING - ssr:stedsnr = 687462 has multiple (39) positions, using the first one!
utility_to_osm - WARNING - ssr:stedsnr = 687468 has multiple (3) positions, using the first one!
utility_to_osm - WARNING - ssr:stedsnr = 687473 has multiple (3) positions, using the first one!
utility_to_osm - WARNING - ssr:stedsnr = 687481 has multiple (2) positions, using the first one!
utility_to_osm - WARNING - ssr:stedsnr = 565005 has multiple (2) positions, using the first one!
utility_to_osm - WARNING - ssr:stedsnr = 565077 has multiple (2) positions, using the first one!
utility_to_osm - WARNING - ssr:stedsnr = 565305 has multiple (2) positions, using the first one!
utility_to_osm - WARNING - ssr:stedsnr = 565313 has multiple (2) positions, using the first one!
utility_to_osm - WARNING - ssr:stedsnr = 565464 has multiple (3) positions, using the first one!
utility_to_osm - WARNING - ssr:stedsnr = 565907 has multiple (3) positions, using the first one!
utility_to_osm - WARNING - ssr:stedsnr = 565911 has multiple (2) positions, using the first one!
utility_to_osm - ERROR - ssr:stedsnr = 565912: Adding multiple names to name tag, this is not OK! name = "Laksvasselva;Valabotnelva"
utility_to_osm - WARNING - ssr:stedsnr = 565912 has multiple (3) positions, using the first one!
utility_to_osm - WARNING - ssr:stedsnr = 575003: No priority spelling found for lang = no, using alt_name to get "[('no', 'Inner-Tomasen')]"
utility_to_osm - WARNING - ssr:stedsnr = 575003 has multiple (3) positions, using the first one!
utility_to_osm - WARNING - ssr:stedsnr = 575009: No priority spelling found for lang = no, using alt_name to get "[('no', 'Seglvika')]"
utility_to_osm - WARNING - ssr:stedsnr = 575010: No priority spelling found for lang = no, using alt_name to get "[('no', 'Ramnnesodden')]"
utility_to_osm - WARNING - ssr:stedsnr = 575010 has multiple (3) positions, using the first one!
utility_to_osm - WARNING - ssr:stedsnr = 575208: No priority spelling found for lang = no, using alt_name to get "[('no', 'Larven'), ('no', 'Ryggen')]"
utility_to_osm - ERROR - ssr:stedsnr = 575208: Adding multiple names to name tag, this is not OK! name = "Larven;Ryggen"
utility_to_osm - WARNING - ssr:stedsnr = 575208 has multiple (2) positions, using the first one!
utility_to_osm - WARNING - ssr:stedsnr = 591205: No priority spelling found for lang = no, using alt_name to get "[('no', 'Lille-Brynnilsundet')]"
utility_to_osm - WARNING - ssr:stedsnr = 625161 has multiple (2) positions, using the first one!
utility_to_osm - WARNING - ssr:stedsnr = 625003 has multiple (2) positions, using the first one!
utility_to_osm - WARNING - ssr:stedsnr = 625010 has multiple (3) positions, using the first one!
utility_to_osm - WARNING - ssr:stedsnr = 625461 has multiple (2) positions, using the first one!
utility_to_osm - WARNING - ssr:stedsnr = 625304 has multiple (2) positions, using the first one!
utility_to_osm - WARNING - ssr:stedsnr = 625801 has multiple (2) positions, using the first one!
utility_to_osm - WARNING - ssr:stedsnr = 625904 has multiple (3) positions, using the first one!
utility_to_osm - WARNING - ssr:stedsnr = 626101: No priority spelling found for lang = se, using alt_name to get "[('no', 'Bukta'), ('se', 'Gárbeluotmohkki'), ('se', 'Luokta')]"
utility_to_osm - ERROR - ssr:stedsnr = 626101: Adding multiple names to name tag, this is not OK! name = "Gárbeluotmohkki;Luokta"
utility_to_osm - WARNING - ssr:stedsnr = 626306 has multiple (2) positions, using the first one!
utility_to_osm - WARNING - ssr:stedsnr = 626307 has multiple (2) positions, using the first one!
utility_to_osm - WARNING - ssr:stedsnr = 626308 has multiple (2) positions, using the first one!
utility_to_osm - WARNING - ssr:stedsnr = 626312 has multiple (3) positions, using the first one!
utility_to_osm - WARNING - ssr:stedsnr = 626317 has multiple (2) positions, using the first one!
utility_to_osm - WARNING - ssr:stedsnr = 626320 has multiple (2) positions, using the first one!
utility_to_osm - WARNING - ssr:stedsnr = 626499 has multiple (3) positions, using the first one!
utility_to_osm - WARNING - ssr:stedsnr = 661639: No priority spelling found for lang = no, using alt_name to get "[('no', 'Kenttäberget')]"
utility_to_osm - WARNING - ssr:stedsnr = 661639: No priority spelling found for lang = fkv, using alt_name to get "[('no', 'Kenttäberget'), ('fkv', 'Kenttäpahta')]"
utility_to_osm - WARNING - ssr:stedsnr = 685842: No priority spelling found for lang = fkv, using alt_name to get "[('no', 'Ørretvannet'), ('se', 'Dámmotjávri'), ('fkv', 'Tammukkajärvi')]"
utility_to_osm - WARNING - ssr:stedsnr = 686149 has multiple (2) positions, using the first one!
utility_to_osm - WARNING - ssr:stedsnr = 686454 has multiple (3) positions, using the first one!
utility_to_osm - WARNING - ssr:stedsnr = 686487 has multiple (2) positions, using the first one!
utility_to_osm - WARNING - ssr:stedsnr = 686491 has multiple (6) positions, using the first one!
utility_to_osm - WARNING - ssr:stedsnr = 686805 has multiple (2) positions, using the first one!
utility_to_osm - WARNING - ssr:stedsnr = 687091 has multiple (2) positions, using the first one!
utility_to_osm - WARNING - ssr:stedsnr = 687093 has multiple (2) positions, using the first one!
utility_to_osm - WARNING - ssr:stedsnr = 687289 has multiple (2) positions, using the first one!
utility_to_osm - WARNING - ssr:stedsnr = 687295 has multiple (2) positions, using the first one!
utility_to_osm - WARNING - ssr:stedsnr = 687436 has multiple (2) positions, using the first one!
utility_to_osm - WARNING - ssr:stedsnr = 697067: No priority spelling found for lang = no, using alt_name to get "[('no', 'Ramnnesbakken')]"
utility_to_osm - WARNING - ssr:stedsnr = 697671: No priority spelling found for lang = no, using alt_name to get "[('no', 'Kvænangsdjupet')]"
utility_to_osm - WARNING - ssr:stedsnr = 697671 has multiple (2) positions, using the first one!
utility_to_osm - WARNING - ssr:stedsnr = 897732: No priority spelling found for lang = no, using alt_name to get "[('no', 'Ramnnesbukta')]"
utility_to_osm - WARNING - ssr:stedsnr = 897732 has multiple (3) positions, using the first one!
utility_to_osm - WARNING - ssr:stedsnr = 897993 has multiple (2) positions, using the first one!
utility_to_osm - WARNING - ssr:stedsnr = 715413 has multiple (2) positions, using the first one!
utility_to_osm - WARNING - ssr:stedsnr = 715907 has multiple (2) positions, using the first one!
utility_to_osm - WARNING - ssr:stedsnr = 715924 has multiple (2) positions, using the first one!
utility_to_osm - WARNING - ssr:stedsnr = 721218: No priority spelling found for lang = se, using alt_name to get "[('se', 'Árresnjárga')]"
utility_to_osm - WARNING - ssr:stedsnr = 722706 has multiple (2) positions, using the first one!
utility_to_osm - WARNING - ssr:stedsnr = 746776 has multiple (3) positions, using the first one!
utility_to_osm - WARNING - ssr:stedsnr = 747007 has multiple (2) positions, using the first one!
utility_to_osm - WARNING - ssr:stedsnr = 747013 has multiple (2) positions, using the first one!
utility_to_osm - WARNING - ssr:stedsnr = 747165: No priority spelling found for lang = no, using alt_name to get "[('no', 'Seglvik')]"
utility_to_osm - WARNING - ssr:stedsnr = 747165 has multiple (2) positions, using the first one!
utility_to_osm - WARNING - ssr:stedsnr = 747272 has multiple (2) positions, using the first one!
utility_to_osm - WARNING - ssr:stedsnr = 747275 has multiple (2) positions, using the first one!
utility_to_osm - WARNING - ssr:stedsnr = 747277 has multiple (2) positions, using the first one!
utility_to_osm - WARNING - ssr:stedsnr = 747278 has multiple (2) positions, using the first one!
utility_to_osm - WARNING - ssr:stedsnr = 747466 has multiple (4) positions, using the first one!
utility_to_osm - WARNING - ssr:stedsnr = 752254: No priority spelling found for lang = fkv, using alt_name to get "[('no', 'Navitelva'), ('fkv', 'Navetanjoki')]"
utility_to_osm - WARNING - ssr:stedsnr = 752254: No priority spelling found for lang = fkv, using alt_name to get "[('no', 'Navitelva'), ('se', 'Návetjohka'), ('fkv', 'Navetanjoki')]"
utility_to_osm - ERROR - ssr:stedsnr = 752254. No positions found, skipping
utility_to_osm - WARNING - ssr:stedsnr = 754051 has multiple (6) positions, using the first one!
utility_to_osm - WARNING - ssr:stedsnr = 754612: No priority spelling found for lang = se, using alt_name to get "[('no', 'Kvænangen kommune')]"
utility_to_osm - WARNING - ssr:stedsnr = 754612 has multiple (3) positions, using the first one!
utility_to_osm - WARNING - ssr:stedsnr = 808305 has multiple (5) positions, using the first one!
utility_to_osm - WARNING - ssr:stedsnr = 808306 has multiple (3) positions, using the first one!
utility_to_osm - WARNING - ssr:stedsnr = 808307 has multiple (2) positions, using the first one!
utility_to_osm - ERROR - ssr:stedsnr = 808288: Adding multiple names to name tag, this is not OK! name = "Ramnsteinen;Store Ramnestein"
utility_to_osm - WARNING - ssr:stedsnr = 808288 has multiple (2) positions, using the first one!
utility_to_osm - WARNING - ssr:stedsnr = 808291 has multiple (2) positions, using the first one!
utility_to_osm - WARNING - ssr:stedsnr = 808440 has multiple (2) positions, using the first one!
utility_to_osm - WARNING - ssr:stedsnr = 808443 has multiple (3) positions, using the first one!
utility_to_osm - WARNING - ssr:stedsnr = 808451 has multiple (2) positions, using the first one!
utility_to_osm - WARNING - ssr:stedsnr = 808454 has multiple (5) positions, using the first one!
utility_to_osm - WARNING - ssr:stedsnr = 808844 has multiple (4) positions, using the first one!
utility_to_osm - WARNING - ssr:stedsnr = 808786 has multiple (2) positions, using the first one!
utility_to_osm - WARNING - ssr:stedsnr = 808904 has multiple (2) positions, using the first one!
utility_to_osm - WARNING - ssr:stedsnr = 816482 has multiple (6) positions, using the first one!
