utility_to_osm - ERROR - ERROR, no ending in ssr2_to_osm_data/data/5035/5035-ssr.xml? Trying to re-download "/app:Skrivemåte>
          </app:skrivemåte>
        </app:Stedsnavn>
      </app:stedsnavn>
    </app:Sted>
  </wfs:member"
utility_to_osm - WARNING - ssr:stedsnr = 230645 has multiple (2) positions, using the first one!
utility_to_osm - WARNING - ssr:stedsnr = 13102 has multiple (2) positions, using the first one!
utility_to_osm - WARNING - ssr:stedsnr = 13113: No priority spelling found for lang = no, using alt_name to get "[('no', 'Fullsetbekken')]"
utility_to_osm - WARNING - ssr:stedsnr = 13113 has multiple (3) positions, using the first one!
utility_to_osm - WARNING - ssr:stedsnr = 13164 has multiple (3) positions, using the first one!
utility_to_osm - WARNING - ssr:stedsnr = 13166 has multiple (3) positions, using the first one!
utility_to_osm - WARNING - ssr:stedsnr = 13170: No priority spelling found for lang = no, using alt_name to get "[('no', 'Fordalssveet')]"
utility_to_osm - WARNING - ssr:stedsnr = 13176: No priority spelling found for lang = no, using alt_name to get "[('no', 'Skiftet')]"
utility_to_osm - WARNING - ssr:stedsnr = 13178: No priority spelling found for lang = no, using alt_name to get "[('no', 'Meli')]"
utility_to_osm - WARNING - ssr:stedsnr = 13181 has multiple (2) positions, using the first one!
utility_to_osm - WARNING - ssr:stedsnr = 13318: No priority spelling found for lang = no, using alt_name to get "[('no', 'Flormoen')]"
utility_to_osm - WARNING - ssr:stedsnr = 13414: No priority spelling found for lang = no, using alt_name to get "[('no', 'Østre Sonvatnet')]"
utility_to_osm - WARNING - ssr:stedsnr = 13418 has multiple (3) positions, using the first one!
utility_to_osm - WARNING - ssr:stedsnr = 13468 has multiple (2) positions, using the first one!
utility_to_osm - WARNING - ssr:stedsnr = 13479 has multiple (2) positions, using the first one!
utility_to_osm - WARNING - ssr:stedsnr = 13501 has multiple (3) positions, using the first one!
utility_to_osm - WARNING - ssr:stedsnr = 13506 has multiple (4) positions, using the first one!
utility_to_osm - WARNING - ssr:stedsnr = 13507: No priority spelling found for lang = no, using alt_name to get "[('no', 'Grønfjellet')]"
utility_to_osm - WARNING - ssr:stedsnr = 13507 has multiple (2) positions, using the first one!
utility_to_osm - WARNING - ssr:stedsnr = 13513 has multiple (2) positions, using the first one!
utility_to_osm - WARNING - ssr:stedsnr = 13515 has multiple (3) positions, using the first one!
utility_to_osm - WARNING - ssr:stedsnr = 13521 has multiple (3) positions, using the first one!
utility_to_osm - WARNING - ssr:stedsnr = 13708 has multiple (4) positions, using the first one!
utility_to_osm - WARNING - ssr:stedsnr = 13713 has multiple (3) positions, using the first one!
utility_to_osm - WARNING - ssr:stedsnr = 13714 has multiple (3) positions, using the first one!
utility_to_osm - WARNING - ssr:stedsnr = 73212: No priority spelling found for lang = no, using alt_name to get "[('no', 'Hessjøen')]"
utility_to_osm - WARNING - ssr:stedsnr = 73212 has multiple (5) positions, using the first one!
utility_to_osm - WARNING - ssr:stedsnr = 73410: No priority spelling found for lang = no, using alt_name to get "[('no', 'Hylltjønna')]"
utility_to_osm - WARNING - ssr:stedsnr = 73410 has multiple (3) positions, using the first one!
utility_to_osm - WARNING - ssr:stedsnr = 73411 has multiple (2) positions, using the first one!
utility_to_osm - WARNING - ssr:stedsnr = 73408 has multiple (3) positions, using the first one!
utility_to_osm - ERROR - ssr:stedsnr = 73365: Adding multiple names to name tag, this is not OK! name = "Tyholt;Tyldbakken"
utility_to_osm - WARNING - ssr:stedsnr = 73390: No priority spelling found for lang = no, using alt_name to get "[('no', 'Flensbergtjønna')]"
utility_to_osm - WARNING - ssr:stedsnr = 73390 has multiple (3) positions, using the first one!
utility_to_osm - WARNING - ssr:stedsnr = 73394: No priority spelling found for lang = no, using alt_name to get "[('no', 'Krokåtbekken')]"
utility_to_osm - WARNING - ssr:stedsnr = 73394 has multiple (3) positions, using the first one!
utility_to_osm - WARNING - ssr:stedsnr = 73677 has multiple (2) positions, using the first one!
utility_to_osm - WARNING - ssr:stedsnr = 73703 has multiple (2) positions, using the first one!
utility_to_osm - WARNING - ssr:stedsnr = 74004: No priority spelling found for lang = no, using alt_name to get "[('no', 'Havdalin')]"
utility_to_osm - WARNING - ssr:stedsnr = 74065: No priority spelling found for lang = no, using alt_name to get "[('no', 'Frigården')]"
utility_to_osm - WARNING - ssr:stedsnr = 74070: No priority spelling found for lang = no, using alt_name to get "[('no', 'Melan')]"
utility_to_osm - WARNING - ssr:stedsnr = 74102: No priority spelling found for lang = no, using alt_name to get "[('no', 'Litlmarka')]"
utility_to_osm - WARNING - ssr:stedsnr = 74106: No priority spelling found for lang = no, using alt_name to get "[('no', 'Eidom')]"
utility_to_osm - WARNING - ssr:stedsnr = 74111: No priority spelling found for lang = no, using alt_name to get "[('no', 'Trolltjønna')]"
utility_to_osm - WARNING - ssr:stedsnr = 74157: No priority spelling found for lang = no, using alt_name to get "[('no', 'Trøyta')]"
utility_to_osm - WARNING - ssr:stedsnr = 74158: No priority spelling found for lang = no, using alt_name to get "[('no', 'Bøstad')]"
utility_to_osm - WARNING - ssr:stedsnr = 74272 has multiple (2) positions, using the first one!
utility_to_osm - WARNING - ssr:stedsnr = 74458 has multiple (2) positions, using the first one!
utility_to_osm - WARNING - ssr:stedsnr = 74459 has multiple (3) positions, using the first one!
utility_to_osm - WARNING - ssr:stedsnr = 74461 has multiple (2) positions, using the first one!
utility_to_osm - WARNING - ssr:stedsnr = 74462 has multiple (3) positions, using the first one!
utility_to_osm - WARNING - ssr:stedsnr = 74501 has multiple (2) positions, using the first one!
utility_to_osm - WARNING - ssr:stedsnr = 74703: No priority spelling found for lang = no, using alt_name to get "[('no', 'Kjølhaugan')]"
utility_to_osm - WARNING - ssr:stedsnr = 74703 has multiple (3) positions, using the first one!
utility_to_osm - WARNING - ssr:stedsnr = 88778 has multiple (2) positions, using the first one!
utility_to_osm - WARNING - ssr:stedsnr = 89411 has multiple (3) positions, using the first one!
utility_to_osm - WARNING - ssr:stedsnr = 134071 has multiple (3) positions, using the first one!
utility_to_osm - WARNING - ssr:stedsnr = 134214: No priority spelling found for lang = no, using alt_name to get "[('no', 'Nesitrøa')]"
utility_to_osm - WARNING - ssr:stedsnr = 134214 has multiple (3) positions, using the first one!
utility_to_osm - WARNING - ssr:stedsnr = 134105 has multiple (2) positions, using the first one!
utility_to_osm - WARNING - ssr:stedsnr = 134107 has multiple (2) positions, using the first one!
utility_to_osm - WARNING - ssr:stedsnr = 134116 has multiple (4) positions, using the first one!
utility_to_osm - WARNING - ssr:stedsnr = 134117 has multiple (2) positions, using the first one!
utility_to_osm - WARNING - ssr:stedsnr = 134302: No priority spelling found for lang = no, using alt_name to get "[('no', 'Rollsmyra')]"
utility_to_osm - WARNING - ssr:stedsnr = 134304 has multiple (2) positions, using the first one!
utility_to_osm - WARNING - ssr:stedsnr = 134504 has multiple (2) positions, using the first one!
utility_to_osm - WARNING - ssr:stedsnr = 134510 has multiple (2) positions, using the first one!
utility_to_osm - WARNING - ssr:stedsnr = 134511 has multiple (2) positions, using the first one!
utility_to_osm - WARNING - ssr:stedsnr = 134512 has multiple (2) positions, using the first one!
utility_to_osm - WARNING - ssr:stedsnr = 134753: No priority spelling found for lang = no, using alt_name to get "[('no', 'Litlkleiva')]"
utility_to_osm - WARNING - ssr:stedsnr = 134754: No priority spelling found for lang = no, using alt_name to get "[('no', 'Svartåsen')]"
utility_to_osm - WARNING - ssr:stedsnr = 134754 has multiple (3) positions, using the first one!
utility_to_osm - WARNING - ssr:stedsnr = 134762: No priority spelling found for lang = no, using alt_name to get "[('no', 'Forbordsmyra')]"
utility_to_osm - WARNING - ssr:stedsnr = 134762 has multiple (3) positions, using the first one!
utility_to_osm - WARNING - ssr:stedsnr = 134806 has multiple (14) positions, using the first one!
utility_to_osm - WARNING - ssr:stedsnr = 134808: No priority spelling found for lang = no, using alt_name to get "[('no', 'Fossen')]"
utility_to_osm - WARNING - ssr:stedsnr = 134809 has multiple (3) positions, using the first one!
utility_to_osm - WARNING - ssr:stedsnr = 255228: No priority spelling found for lang = no, using alt_name to get "[('no', 'Gressetet')]"
utility_to_osm - WARNING - ssr:stedsnr = 255228 has multiple (2) positions, using the first one!
utility_to_osm - WARNING - ssr:stedsnr = 255236: No priority spelling found for lang = no, using alt_name to get "[('no', 'Hafsåsen')]"
utility_to_osm - WARNING - ssr:stedsnr = 255236 has multiple (3) positions, using the first one!
utility_to_osm - WARNING - ssr:stedsnr = 142286: No priority spelling found for lang = no, using alt_name to get "[('no', 'Sandfærhusbrua')]"
utility_to_osm - ERROR - ssr:stedsnr = 142286. No positions found, skipping
utility_to_osm - WARNING - ssr:stedsnr = 255092 has multiple (2) positions, using the first one!
utility_to_osm - WARNING - ssr:stedsnr = 255187 has multiple (3) positions, using the first one!
utility_to_osm - WARNING - ssr:stedsnr = 255255 has multiple (3) positions, using the first one!
utility_to_osm - WARNING - ssr:stedsnr = 255332: No priority spelling found for lang = no, using alt_name to get "[('no', 'Røssvollen')]"
utility_to_osm - WARNING - ssr:stedsnr = 255429: No priority spelling found for lang = no, using alt_name to get "[('no', 'Kilneset')]"
utility_to_osm - WARNING - ssr:stedsnr = 255377: No priority spelling found for lang = no, using alt_name to get "[('no', 'Stor-Karåsen')]"
utility_to_osm - WARNING - ssr:stedsnr = 255377 has multiple (3) positions, using the first one!
utility_to_osm - WARNING - ssr:stedsnr = 255388: No priority spelling found for lang = no, using alt_name to get "[('no', 'Støbergsvollen')]"
utility_to_osm - WARNING - ssr:stedsnr = 255395: No priority spelling found for lang = no, using alt_name to get "[('no', 'Klimpan')]"
utility_to_osm - WARNING - ssr:stedsnr = 255395 has multiple (4) positions, using the first one!
utility_to_osm - WARNING - ssr:stedsnr = 255452 has multiple (2) positions, using the first one!
utility_to_osm - WARNING - ssr:stedsnr = 255458: No priority spelling found for lang = no, using alt_name to get "[('no', 'Furuhåmmåren')]"
utility_to_osm - WARNING - ssr:stedsnr = 255458 has multiple (3) positions, using the first one!
utility_to_osm - WARNING - ssr:stedsnr = 255500 has multiple (3) positions, using the first one!
utility_to_osm - WARNING - ssr:stedsnr = 255691 has multiple (3) positions, using the first one!
utility_to_osm - WARNING - ssr:stedsnr = 255779 has multiple (2) positions, using the first one!
utility_to_osm - WARNING - ssr:stedsnr = 255781: No priority spelling found for lang = no, using alt_name to get "[('no', 'Hammermoen')]"
utility_to_osm - WARNING - ssr:stedsnr = 255781 has multiple (3) positions, using the first one!
utility_to_osm - WARNING - ssr:stedsnr = 255826 has multiple (2) positions, using the first one!
utility_to_osm - WARNING - ssr:stedsnr = 255829 has multiple (3) positions, using the first one!
utility_to_osm - WARNING - ssr:stedsnr = 256114: No priority spelling found for lang = no, using alt_name to get "[('no', 'Leira')]"
utility_to_osm - WARNING - ssr:stedsnr = 256088: No priority spelling found for lang = no, using alt_name to get "[('no', 'Litltjønna')]"
utility_to_osm - WARNING - ssr:stedsnr = 256088 has multiple (2) positions, using the first one!
utility_to_osm - WARNING - ssr:stedsnr = 256138 has multiple (2) positions, using the first one!
utility_to_osm - WARNING - ssr:stedsnr = 256143: No priority spelling found for lang = no, using alt_name to get "[('no', 'Fosslia')]"
utility_to_osm - WARNING - ssr:stedsnr = 256155 has multiple (3) positions, using the first one!
utility_to_osm - WARNING - ssr:stedsnr = 149108: No priority spelling found for lang = no, using alt_name to get "[('no', 'Håkkådalen')]"
utility_to_osm - WARNING - ssr:stedsnr = 149108 has multiple (2) positions, using the first one!
utility_to_osm - WARNING - ssr:stedsnr = 256275 has multiple (2) positions, using the first one!
utility_to_osm - WARNING - ssr:stedsnr = 149437: No priority spelling found for lang = no, using alt_name to get "[('no', 'Skjelstadfossen')]"
utility_to_osm - WARNING - ssr:stedsnr = 149439 has multiple (2) positions, using the first one!
utility_to_osm - WARNING - ssr:stedsnr = 149810: No priority spelling found for lang = no, using alt_name to get "[('no', 'Skardshåmmåren')]"
utility_to_osm - WARNING - ssr:stedsnr = 149812: No priority spelling found for lang = no, using alt_name to get "[('no', 'Kleivhåmmåren')]"
utility_to_osm - WARNING - ssr:stedsnr = 149812 has multiple (3) positions, using the first one!
utility_to_osm - WARNING - ssr:stedsnr = 256292 has multiple (2) positions, using the first one!
utility_to_osm - WARNING - ssr:stedsnr = 256295: No priority spelling found for lang = no, using alt_name to get "[('no', 'Meåa')]"
utility_to_osm - WARNING - ssr:stedsnr = 256295 has multiple (3) positions, using the first one!
utility_to_osm - WARNING - ssr:stedsnr = 256429 has multiple (2) positions, using the first one!
utility_to_osm - WARNING - ssr:stedsnr = 256434 has multiple (3) positions, using the first one!
utility_to_osm - WARNING - ssr:stedsnr = 256445: No priority spelling found for lang = no, using alt_name to get "[('no', 'Sautjønna')]"
utility_to_osm - WARNING - ssr:stedsnr = 256445 has multiple (2) positions, using the first one!
utility_to_osm - WARNING - ssr:stedsnr = 256447 has multiple (2) positions, using the first one!
utility_to_osm - WARNING - ssr:stedsnr = 256450: No priority spelling found for lang = no, using alt_name to get "[('no', 'Sørkilmoen')]"
utility_to_osm - WARNING - ssr:stedsnr = 256456 has multiple (2) positions, using the first one!
utility_to_osm - WARNING - ssr:stedsnr = 256678 has multiple (2) positions, using the first one!
utility_to_osm - WARNING - ssr:stedsnr = 256682 has multiple (11) positions, using the first one!
utility_to_osm - WARNING - ssr:stedsnr = 256684: No priority spelling found for lang = no, using alt_name to get "[('no', 'Frigarden')]"
utility_to_osm - WARNING - ssr:stedsnr = 256691: No priority spelling found for lang = no, using alt_name to get "[('no', 'Heggja')]"
utility_to_osm - WARNING - ssr:stedsnr = 256698 has multiple (3) positions, using the first one!
utility_to_osm - WARNING - ssr:stedsnr = 256699 has multiple (3) positions, using the first one!
utility_to_osm - WARNING - ssr:stedsnr = 256717 has multiple (3) positions, using the first one!
utility_to_osm - WARNING - ssr:stedsnr = 256726: No priority spelling found for lang = no, using alt_name to get "[('no', 'Fagerliåsen')]"
utility_to_osm - WARNING - ssr:stedsnr = 256726 has multiple (3) positions, using the first one!
utility_to_osm - WARNING - ssr:stedsnr = 256735 has multiple (2) positions, using the first one!
utility_to_osm - WARNING - ssr:stedsnr = 169712 has multiple (4) positions, using the first one!
utility_to_osm - WARNING - ssr:stedsnr = 172517: No priority spelling found for lang = no, using alt_name to get "[('no', 'Grønfjellpynten')]"
utility_to_osm - WARNING - ssr:stedsnr = 263256: No priority spelling found for lang = no, using alt_name to get "[('no', 'Fossbakken')]"
utility_to_osm - WARNING - ssr:stedsnr = 263256 has multiple (2) positions, using the first one!
utility_to_osm - WARNING - ssr:stedsnr = 263257: No priority spelling found for lang = no, using alt_name to get "[('no', 'Hevlknekten')]"
utility_to_osm - WARNING - ssr:stedsnr = 263257 has multiple (2) positions, using the first one!
utility_to_osm - WARNING - ssr:stedsnr = 263454: No priority spelling found for lang = no, using alt_name to get "[('no', 'Midtkilbekken')]"
utility_to_osm - WARNING - ssr:stedsnr = 195335: No priority spelling found for lang = no, using alt_name to get "[('no', 'Kammen')]"
utility_to_osm - WARNING - ssr:stedsnr = 195335 has multiple (2) positions, using the first one!
utility_to_osm - WARNING - ssr:stedsnr = 195530 has multiple (2) positions, using the first one!
utility_to_osm - WARNING - ssr:stedsnr = 195532 has multiple (3) positions, using the first one!
utility_to_osm - WARNING - ssr:stedsnr = 195706: No priority spelling found for lang = no, using alt_name to get "[('no', 'Berget')]"
utility_to_osm - WARNING - ssr:stedsnr = 195431: No priority spelling found for lang = no, using alt_name to get "[('no', 'Kvitfjellet')]"
utility_to_osm - WARNING - ssr:stedsnr = 195431 has multiple (2) positions, using the first one!
utility_to_osm - WARNING - ssr:stedsnr = 195432 has multiple (2) positions, using the first one!
utility_to_osm - WARNING - ssr:stedsnr = 195483 has multiple (3) positions, using the first one!
utility_to_osm - WARNING - ssr:stedsnr = 195495 has multiple (2) positions, using the first one!
utility_to_osm - WARNING - ssr:stedsnr = 196523 has multiple (2) positions, using the first one!
utility_to_osm - WARNING - ssr:stedsnr = 210916: No priority spelling found for lang = no, using alt_name to get "[('no', 'Nordre Rykkja'), ('no', 'Rykkja')]"
utility_to_osm - ERROR - ssr:stedsnr = 210916: Adding multiple names to name tag, this is not OK! name = "Nordre Rykkja;Rykkja"
utility_to_osm - WARNING - ssr:stedsnr = 226446: No priority spelling found for lang = no, using alt_name to get "[('no', 'Øra')]"
utility_to_osm - WARNING - ssr:stedsnr = 271831: No priority spelling found for lang = no, using alt_name to get "[('no', 'Kverndalen')]"
utility_to_osm - WARNING - ssr:stedsnr = 271843: No priority spelling found for lang = no, using alt_name to get "[('no', 'Velvangsøra')]"
utility_to_osm - WARNING - ssr:stedsnr = 255075: No priority spelling found for lang = no, using alt_name to get "[('no', 'Prestmoen')]"
utility_to_osm - WARNING - ssr:stedsnr = 255075 has multiple (2) positions, using the first one!
utility_to_osm - WARNING - ssr:stedsnr = 255405: No priority spelling found for lang = no, using alt_name to get "[('no', 'Øystre Langlivollen')]"
utility_to_osm - WARNING - ssr:stedsnr = 255405 has multiple (3) positions, using the first one!
utility_to_osm - WARNING - ssr:stedsnr = 255407 has multiple (3) positions, using the first one!
utility_to_osm - WARNING - ssr:stedsnr = 255416 has multiple (3) positions, using the first one!
utility_to_osm - WARNING - ssr:stedsnr = 255418: No priority spelling found for lang = no, using alt_name to get "[('no', 'Ratbuvollen')]"
utility_to_osm - WARNING - ssr:stedsnr = 255418 has multiple (3) positions, using the first one!
utility_to_osm - WARNING - ssr:stedsnr = 255420: No priority spelling found for lang = no, using alt_name to get "[('no', 'Svarttjønna')]"
utility_to_osm - WARNING - ssr:stedsnr = 255420 has multiple (3) positions, using the first one!
utility_to_osm - WARNING - ssr:stedsnr = 255422: No priority spelling found for lang = no, using alt_name to get "[('no', 'Hevlvollen')]"
utility_to_osm - WARNING - ssr:stedsnr = 255422 has multiple (2) positions, using the first one!
utility_to_osm - WARNING - ssr:stedsnr = 255711 has multiple (2) positions, using the first one!
utility_to_osm - WARNING - ssr:stedsnr = 255722 has multiple (2) positions, using the first one!
utility_to_osm - WARNING - ssr:stedsnr = 256004: No priority spelling found for lang = no, using alt_name to get "[('no', 'Furhåmmåren')]"
utility_to_osm - WARNING - ssr:stedsnr = 256004 has multiple (3) positions, using the first one!
utility_to_osm - ERROR - ssr:stedsnr = 256009: Adding multiple names to name tag, this is not OK! name = "Nordhalla;Nordre Dyva"
utility_to_osm - WARNING - ssr:stedsnr = 256260: No priority spelling found for lang = no, using alt_name to get "[('no', 'Hoggåsen')]"
utility_to_osm - WARNING - ssr:stedsnr = 256161 has multiple (3) positions, using the first one!
utility_to_osm - ERROR - ssr:stedsnr = 256363: Adding multiple names to name tag, this is not OK! name = "Kongrosletta;Bakvendtkjølen"
utility_to_osm - WARNING - ssr:stedsnr = 256363 has multiple (2) positions, using the first one!
utility_to_osm - WARNING - ssr:stedsnr = 256410 has multiple (5) positions, using the first one!
utility_to_osm - WARNING - ssr:stedsnr = 256458: No priority spelling found for lang = no, using alt_name to get "[('no', 'Flåtjønna')]"
utility_to_osm - WARNING - ssr:stedsnr = 256458 has multiple (3) positions, using the first one!
utility_to_osm - WARNING - ssr:stedsnr = 457530 has multiple (2) positions, using the first one!
utility_to_osm - WARNING - ssr:stedsnr = 270876: No priority spelling found for lang = no, using alt_name to get "[('no', 'Østre Rykkja')]"
utility_to_osm - WARNING - ssr:stedsnr = 300135: No priority spelling found for lang = no, using alt_name to get "[('no', 'Vestre Rykkja'), ('no', 'Rykkja')]"
utility_to_osm - ERROR - ssr:stedsnr = 300135: Adding multiple names to name tag, this is not OK! name = "Vestre Rykkja;Rykkja"
utility_to_osm - WARNING - ssr:stedsnr = 300135 has multiple (2) positions, using the first one!
utility_to_osm - WARNING - ssr:stedsnr = 466262: No priority spelling found for lang = no, using alt_name to get "[('no', 'Gressetet')]"
utility_to_osm - WARNING - ssr:stedsnr = 316053: No priority spelling found for lang = no, using alt_name to get "[('no', 'Damtjønna')]"
utility_to_osm - WARNING - ssr:stedsnr = 316053 has multiple (2) positions, using the first one!
utility_to_osm - WARNING - ssr:stedsnr = 316058 has multiple (5) positions, using the first one!
utility_to_osm - WARNING - ssr:stedsnr = 316118: No priority spelling found for lang = no, using alt_name to get "[('no', 'Mona')]"
utility_to_osm - WARNING - ssr:stedsnr = 316251: No priority spelling found for lang = no, using alt_name to get "[('no', 'Oppem')]"
utility_to_osm - WARNING - ssr:stedsnr = 316264: No priority spelling found for lang = no, using alt_name to get "[('no', 'Flåtjønna')]"
utility_to_osm - WARNING - ssr:stedsnr = 316264 has multiple (3) positions, using the first one!
utility_to_osm - WARNING - ssr:stedsnr = 316454: No priority spelling found for lang = no, using alt_name to get "[('no', 'Brannvatna')]"
utility_to_osm - WARNING - ssr:stedsnr = 316454 has multiple (3) positions, using the first one!
utility_to_osm - WARNING - ssr:stedsnr = 316458 has multiple (2) positions, using the first one!
utility_to_osm - WARNING - ssr:stedsnr = 316459: No priority spelling found for lang = no, using alt_name to get "[('no', 'Sunndalstjønna')]"
utility_to_osm - WARNING - ssr:stedsnr = 316459 has multiple (3) positions, using the first one!
utility_to_osm - WARNING - ssr:stedsnr = 316198: No priority spelling found for lang = no, using alt_name to get "[('no', 'Forra')]"
utility_to_osm - WARNING - ssr:stedsnr = 316198 has multiple (33) positions, using the first one!
utility_to_osm - WARNING - ssr:stedsnr = 316311: No priority spelling found for lang = no, using alt_name to get "[('no', 'Høyås')]"
utility_to_osm - WARNING - ssr:stedsnr = 316315 has multiple (2) positions, using the first one!
utility_to_osm - WARNING - ssr:stedsnr = 316352: No priority spelling found for lang = no, using alt_name to get "[('no', 'Langtjønna')]"
utility_to_osm - WARNING - ssr:stedsnr = 316352 has multiple (3) positions, using the first one!
utility_to_osm - WARNING - ssr:stedsnr = 316521 has multiple (2) positions, using the first one!
utility_to_osm - WARNING - ssr:stedsnr = 316501 has multiple (2) positions, using the first one!
utility_to_osm - WARNING - ssr:stedsnr = 316811 has multiple (2) positions, using the first one!
utility_to_osm - WARNING - ssr:stedsnr = 316719: No priority spelling found for lang = no, using alt_name to get "[('no', 'Hilberga')]"
utility_to_osm - WARNING - ssr:stedsnr = 316719 has multiple (3) positions, using the first one!
utility_to_osm - WARNING - ssr:stedsnr = 316726 has multiple (3) positions, using the first one!
utility_to_osm - WARNING - ssr:stedsnr = 316749 has multiple (5) positions, using the first one!
utility_to_osm - WARNING - ssr:stedsnr = 317021 has multiple (2) positions, using the first one!
utility_to_osm - WARNING - ssr:stedsnr = 317023: No priority spelling found for lang = no, using alt_name to get "[('no', 'Strætasfjellet')]"
utility_to_osm - WARNING - ssr:stedsnr = 317023 has multiple (3) positions, using the first one!
utility_to_osm - WARNING - ssr:stedsnr = 317649 has multiple (2) positions, using the first one!
utility_to_osm - WARNING - ssr:stedsnr = 317651: No priority spelling found for lang = no, using alt_name to get "[('no', 'Sjursbekken')]"
utility_to_osm - WARNING - ssr:stedsnr = 317651 has multiple (2) positions, using the first one!
utility_to_osm - WARNING - ssr:stedsnr = 469653: No priority spelling found for lang = no, using alt_name to get "[('no', 'Håmmårsbukta')]"
utility_to_osm - WARNING - ssr:stedsnr = 469653 has multiple (3) positions, using the first one!
utility_to_osm - WARNING - ssr:stedsnr = 331711 has multiple (3) positions, using the first one!
utility_to_osm - WARNING - ssr:stedsnr = 473728: No priority spelling found for lang = no, using alt_name to get "[('no', 'Vargåsen')]"
utility_to_osm - WARNING - ssr:stedsnr = 351709 has multiple (8) positions, using the first one!
utility_to_osm - WARNING - ssr:stedsnr = 376182: No priority spelling found for lang = no, using alt_name to get "[('no', 'Ystinesberga')]"
utility_to_osm - WARNING - ssr:stedsnr = 376182 has multiple (2) positions, using the first one!
utility_to_osm - WARNING - ssr:stedsnr = 376407 has multiple (3) positions, using the first one!
utility_to_osm - WARNING - ssr:stedsnr = 376476: No priority spelling found for lang = no, using alt_name to get "[('no', 'Nesimoen')]"
utility_to_osm - WARNING - ssr:stedsnr = 376476 has multiple (2) positions, using the first one!
utility_to_osm - WARNING - ssr:stedsnr = 384256: No priority spelling found for lang = no, using alt_name to get "[('no', 'Sonhaugen')]"
utility_to_osm - WARNING - ssr:stedsnr = 384256 has multiple (2) positions, using the first one!
utility_to_osm - WARNING - ssr:stedsnr = 412505 has multiple (4) positions, using the first one!
utility_to_osm - WARNING - ssr:stedsnr = 417442: No priority spelling found for lang = no, using alt_name to get "[('no', 'Kil')]"
utility_to_osm - WARNING - ssr:stedsnr = 421112: No priority spelling found for lang = no, using alt_name to get "[('no', 'Nordre Rykkja'), ('no', 'Rykkja')]"
utility_to_osm - ERROR - ssr:stedsnr = 421112: Adding multiple names to name tag, this is not OK! name = "Nordre Rykkja;Rykkja"
utility_to_osm - WARNING - ssr:stedsnr = 437404: No priority spelling found for lang = no, using alt_name to get "[('no', 'Kinnartjønna')]"
utility_to_osm - WARNING - ssr:stedsnr = 437404 has multiple (3) positions, using the first one!
utility_to_osm - WARNING - ssr:stedsnr = 437413 has multiple (2) positions, using the first one!
utility_to_osm - WARNING - ssr:stedsnr = 437450 has multiple (3) positions, using the first one!
utility_to_osm - WARNING - ssr:stedsnr = 437456 has multiple (3) positions, using the first one!
utility_to_osm - WARNING - ssr:stedsnr = 437468: No priority spelling found for lang = no, using alt_name to get "[('no', 'Torta')]"
utility_to_osm - WARNING - ssr:stedsnr = 437468 has multiple (2) positions, using the first one!
utility_to_osm - WARNING - ssr:stedsnr = 437399: No priority spelling found for lang = no, using alt_name to get "[('no', 'Damtjønna')]"
utility_to_osm - WARNING - ssr:stedsnr = 437399 has multiple (3) positions, using the first one!
utility_to_osm - WARNING - ssr:stedsnr = 437502 has multiple (3) positions, using the first one!
utility_to_osm - WARNING - ssr:stedsnr = 437515 has multiple (3) positions, using the first one!
utility_to_osm - WARNING - ssr:stedsnr = 437516 has multiple (2) positions, using the first one!
utility_to_osm - WARNING - ssr:stedsnr = 437702 has multiple (3) positions, using the first one!
utility_to_osm - WARNING - ssr:stedsnr = 437802: No priority spelling found for lang = no, using alt_name to get "[('no', 'Heggestjønna')]"
utility_to_osm - WARNING - ssr:stedsnr = 437802 has multiple (3) positions, using the first one!
utility_to_osm - WARNING - ssr:stedsnr = 437805 has multiple (4) positions, using the first one!
utility_to_osm - WARNING - ssr:stedsnr = 438052: No priority spelling found for lang = no, using alt_name to get "[('no', 'Søre Håggån')]"
utility_to_osm - WARNING - ssr:stedsnr = 438052 has multiple (3) positions, using the first one!
utility_to_osm - WARNING - ssr:stedsnr = 438099 has multiple (2) positions, using the first one!
utility_to_osm - WARNING - ssr:stedsnr = 438302: No priority spelling found for lang = no, using alt_name to get "[('no', 'Nesibakkan')]"
utility_to_osm - WARNING - ssr:stedsnr = 438471: No priority spelling found for lang = no, using alt_name to get "[('no', 'Nordre Skeiet')]"
utility_to_osm - WARNING - ssr:stedsnr = 438473 has multiple (3) positions, using the first one!
utility_to_osm - WARNING - ssr:stedsnr = 438707: No priority spelling found for lang = no, using alt_name to get "[('no', 'Skatvalsmyra')]"
utility_to_osm - WARNING - ssr:stedsnr = 438707 has multiple (2) positions, using the first one!
utility_to_osm - WARNING - ssr:stedsnr = 438710: No priority spelling found for lang = no, using alt_name to get "[('no', 'Nedre Rykkja'), ('no', 'Rykkja')]"
utility_to_osm - ERROR - ssr:stedsnr = 438710: Adding multiple names to name tag, this is not OK! name = "Nedre Rykkja;Rykkja"
utility_to_osm - WARNING - ssr:stedsnr = 438754: No priority spelling found for lang = no, using alt_name to get "[('no', 'Litlvatnet')]"
utility_to_osm - WARNING - ssr:stedsnr = 438754 has multiple (3) positions, using the first one!
utility_to_osm - WARNING - ssr:stedsnr = 438755 has multiple (3) positions, using the first one!
utility_to_osm - WARNING - ssr:stedsnr = 438759 has multiple (4) positions, using the first one!
utility_to_osm - WARNING - ssr:stedsnr = 438761: No priority spelling found for lang = no, using alt_name to get "[('no', 'Stamnåstjønna')]"
utility_to_osm - WARNING - ssr:stedsnr = 438761 has multiple (3) positions, using the first one!
utility_to_osm - WARNING - ssr:stedsnr = 438798: No priority spelling found for lang = no, using alt_name to get "[('no', 'Kleppåstjønna')]"
utility_to_osm - WARNING - ssr:stedsnr = 438798 has multiple (2) positions, using the first one!
utility_to_osm - WARNING - ssr:stedsnr = 453513 has multiple (2) positions, using the first one!
utility_to_osm - WARNING - ssr:stedsnr = 453805: No priority spelling found for lang = no, using alt_name to get "[('no', 'Vinnagjardet')]"
utility_to_osm - WARNING - ssr:stedsnr = 453805 has multiple (2) positions, using the first one!
utility_to_osm - WARNING - ssr:stedsnr = 453814: No priority spelling found for lang = no, using alt_name to get "[('no', 'Holmsbekken')]"
utility_to_osm - WARNING - ssr:stedsnr = 453814 has multiple (4) positions, using the first one!
utility_to_osm - WARNING - ssr:stedsnr = 680063 has multiple (2) positions, using the first one!
utility_to_osm - ERROR - ssr:stedsnr = 680065: Adding multiple names to name tag, this is not OK! name = "Brannberget;Litle Hjelset"
utility_to_osm - WARNING - ssr:stedsnr = 680065 has multiple (3) positions, using the first one!
utility_to_osm - WARNING - ssr:stedsnr = 680050 has multiple (3) positions, using the first one!
utility_to_osm - WARNING - ssr:stedsnr = 680059 has multiple (3) positions, using the first one!
utility_to_osm - WARNING - ssr:stedsnr = 680099: No priority spelling found for lang = no, using alt_name to get "[('no', 'Skjervåkeren')]"
utility_to_osm - WARNING - ssr:stedsnr = 680143: No priority spelling found for lang = no, using alt_name to get "[('no', 'Bøstadmyran')]"
utility_to_osm - WARNING - ssr:stedsnr = 680146: No priority spelling found for lang = no, using alt_name to get "[('no', 'Kartan')]"
utility_to_osm - WARNING - ssr:stedsnr = 680164 has multiple (2) positions, using the first one!
utility_to_osm - WARNING - ssr:stedsnr = 680152 has multiple (2) positions, using the first one!
utility_to_osm - WARNING - ssr:stedsnr = 680158 has multiple (2) positions, using the first one!
utility_to_osm - WARNING - ssr:stedsnr = 680272: No priority spelling found for lang = no, using alt_name to get "[('no', 'Melashåggån')]"
utility_to_osm - WARNING - ssr:stedsnr = 680272 has multiple (2) positions, using the first one!
utility_to_osm - WARNING - ssr:stedsnr = 680247 has multiple (3) positions, using the first one!
utility_to_osm - WARNING - ssr:stedsnr = 680381 has multiple (4) positions, using the first one!
utility_to_osm - WARNING - ssr:stedsnr = 680342: No priority spelling found for lang = no, using alt_name to get "[('no', 'Fornesneset'), ('no', 'Neset')]"
utility_to_osm - ERROR - ssr:stedsnr = 680342: Adding multiple names to name tag, this is not OK! name = "Fornesneset;Neset"
utility_to_osm - WARNING - ssr:stedsnr = 680342 has multiple (2) positions, using the first one!
utility_to_osm - WARNING - ssr:stedsnr = 680460 has multiple (3) positions, using the first one!
utility_to_osm - WARNING - ssr:stedsnr = 680467: No priority spelling found for lang = no, using alt_name to get "[('no', 'Svarttjønna')]"
utility_to_osm - WARNING - ssr:stedsnr = 680467 has multiple (3) positions, using the first one!
utility_to_osm - WARNING - ssr:stedsnr = 680469: No priority spelling found for lang = no, using alt_name to get "[('no', 'Barntjønna')]"
utility_to_osm - WARNING - ssr:stedsnr = 680472: No priority spelling found for lang = no, using alt_name to get "[('no', 'Gråvatnet')]"
utility_to_osm - WARNING - ssr:stedsnr = 680472 has multiple (4) positions, using the first one!
utility_to_osm - WARNING - ssr:stedsnr = 680437 has multiple (2) positions, using the first one!
utility_to_osm - WARNING - ssr:stedsnr = 680438 has multiple (3) positions, using the first one!
utility_to_osm - WARNING - ssr:stedsnr = 680446 has multiple (2) positions, using the first one!
utility_to_osm - WARNING - ssr:stedsnr = 680455 has multiple (3) positions, using the first one!
utility_to_osm - WARNING - ssr:stedsnr = 680527: No priority spelling found for lang = no, using alt_name to get "[('no', 'Vestre Hoåsvolltjønna')]"
utility_to_osm - WARNING - ssr:stedsnr = 680527 has multiple (3) positions, using the first one!
utility_to_osm - WARNING - ssr:stedsnr = 680528: No priority spelling found for lang = no, using alt_name to get "[('no', 'Øystre Hoåsvolltjønna')]"
utility_to_osm - WARNING - ssr:stedsnr = 680528 has multiple (3) positions, using the first one!
utility_to_osm - WARNING - ssr:stedsnr = 680497: No priority spelling found for lang = no, using alt_name to get "[('no', 'Tortlia')]"
utility_to_osm - WARNING - ssr:stedsnr = 680538 has multiple (4) positions, using the first one!
utility_to_osm - WARNING - ssr:stedsnr = 680540: No priority spelling found for lang = no, using alt_name to get "[('no', 'Langhølbekken')]"
utility_to_osm - WARNING - ssr:stedsnr = 680540 has multiple (2) positions, using the first one!
utility_to_osm - WARNING - ssr:stedsnr = 680747: No priority spelling found for lang = no, using alt_name to get "[('no', 'Skjelstadmarka')]"
utility_to_osm - WARNING - ssr:stedsnr = 680795 has multiple (2) positions, using the first one!
utility_to_osm - WARNING - ssr:stedsnr = 680839 has multiple (3) positions, using the first one!
utility_to_osm - WARNING - ssr:stedsnr = 680848 has multiple (2) positions, using the first one!
utility_to_osm - WARNING - ssr:stedsnr = 680849: No priority spelling found for lang = no, using alt_name to get "[('no', 'Bulandet')]"
utility_to_osm - WARNING - ssr:stedsnr = 680851 has multiple (4) positions, using the first one!
utility_to_osm - WARNING - ssr:stedsnr = 498005 has multiple (3) positions, using the first one!
utility_to_osm - WARNING - ssr:stedsnr = 498009 has multiple (3) positions, using the first one!
utility_to_osm - WARNING - ssr:stedsnr = 498042: No priority spelling found for lang = no, using alt_name to get "[('no', 'Litlfjellet')]"
utility_to_osm - WARNING - ssr:stedsnr = 498042 has multiple (2) positions, using the first one!
utility_to_osm - WARNING - ssr:stedsnr = 498114 has multiple (3) positions, using the first one!
utility_to_osm - WARNING - ssr:stedsnr = 498115 has multiple (2) positions, using the first one!
utility_to_osm - WARNING - ssr:stedsnr = 498149: No priority spelling found for lang = no, using alt_name to get "[('no', 'Setran')]"
utility_to_osm - WARNING - ssr:stedsnr = 498198: No priority spelling found for lang = no, using alt_name to get "[('no', 'Gressetet')]"
utility_to_osm - WARNING - ssr:stedsnr = 498200 has multiple (2) positions, using the first one!
utility_to_osm - WARNING - ssr:stedsnr = 498201: No priority spelling found for lang = no, using alt_name to get "[('no', 'Hjelsenget')]"
utility_to_osm - WARNING - ssr:stedsnr = 498289 has multiple (2) positions, using the first one!
utility_to_osm - WARNING - ssr:stedsnr = 498412: No priority spelling found for lang = no, using alt_name to get "[('no', 'Vigdenes')]"
utility_to_osm - WARNING - ssr:stedsnr = 498444: No priority spelling found for lang = no, using alt_name to get "[('no', 'Porttjønna')]"
utility_to_osm - WARNING - ssr:stedsnr = 498444 has multiple (3) positions, using the first one!
utility_to_osm - WARNING - ssr:stedsnr = 498445 has multiple (3) positions, using the first one!
utility_to_osm - WARNING - ssr:stedsnr = 498344: No priority spelling found for lang = no, using alt_name to get "[('no', 'Skansbekken')]"
utility_to_osm - WARNING - ssr:stedsnr = 498346: No priority spelling found for lang = no, using alt_name to get "[('no', 'Langfredagsneset')]"
utility_to_osm - WARNING - ssr:stedsnr = 498351: No priority spelling found for lang = no, using alt_name to get "[('no', 'Storflora')]"
utility_to_osm - ERROR - ssr:stedsnr = 498507: Adding multiple names to name tag, this is not OK! name = "Julset;Søre Julset"
utility_to_osm - WARNING - ssr:stedsnr = 498507 has multiple (2) positions, using the first one!
utility_to_osm - WARNING - ssr:stedsnr = 498511: No priority spelling found for lang = no, using alt_name to get "[('no', 'Linkjøldmyra')]"
utility_to_osm - WARNING - ssr:stedsnr = 498513 has multiple (2) positions, using the first one!
utility_to_osm - WARNING - ssr:stedsnr = 498487: No priority spelling found for lang = no, using alt_name to get "[('no', 'Øystre Tverrsona')]"
utility_to_osm - WARNING - ssr:stedsnr = 498487 has multiple (3) positions, using the first one!
utility_to_osm - WARNING - ssr:stedsnr = 498498 has multiple (2) positions, using the first one!
utility_to_osm - WARNING - ssr:stedsnr = 681441 has multiple (3) positions, using the first one!
utility_to_osm - WARNING - ssr:stedsnr = 681286: No priority spelling found for lang = no, using alt_name to get "[('no', 'Storhaugen')]"
utility_to_osm - WARNING - ssr:stedsnr = 681286 has multiple (2) positions, using the first one!
utility_to_osm - WARNING - ssr:stedsnr = 498789: No priority spelling found for lang = no, using alt_name to get "[('no', 'Bakktjønna')]"
utility_to_osm - WARNING - ssr:stedsnr = 498789 has multiple (3) positions, using the first one!
utility_to_osm - WARNING - ssr:stedsnr = 498837 has multiple (2) positions, using the first one!
utility_to_osm - WARNING - ssr:stedsnr = 681398 has multiple (2) positions, using the first one!
utility_to_osm - WARNING - ssr:stedsnr = 681400: No priority spelling found for lang = no, using alt_name to get "[('no', 'Nordfossen')]"
utility_to_osm - WARNING - ssr:stedsnr = 681400 has multiple (2) positions, using the first one!
utility_to_osm - WARNING - ssr:stedsnr = 681478 has multiple (2) positions, using the first one!
utility_to_osm - WARNING - ssr:stedsnr = 681718 has multiple (3) positions, using the first one!
utility_to_osm - WARNING - ssr:stedsnr = 681748 has multiple (2) positions, using the first one!
utility_to_osm - WARNING - ssr:stedsnr = 506265: No priority spelling found for lang = no, using alt_name to get "[('no', 'Slungardsvollen')]"
utility_to_osm - WARNING - ssr:stedsnr = 506265 has multiple (2) positions, using the first one!
utility_to_osm - WARNING - ssr:stedsnr = 513802: No priority spelling found for lang = no, using alt_name to get "[('no', 'Solliknappen')]"
utility_to_osm - WARNING - ssr:stedsnr = 513802 has multiple (2) positions, using the first one!
utility_to_osm - WARNING - ssr:stedsnr = 513810: No priority spelling found for lang = no, using alt_name to get "[('no', 'Kvitgeita')]"
utility_to_osm - WARNING - ssr:stedsnr = 513810 has multiple (2) positions, using the first one!
utility_to_osm - WARNING - ssr:stedsnr = 513815: No priority spelling found for lang = no, using alt_name to get "[('no', 'Branes')]"
utility_to_osm - WARNING - ssr:stedsnr = 513815 has multiple (3) positions, using the first one!
utility_to_osm - WARNING - ssr:stedsnr = 513819: No priority spelling found for lang = no, using alt_name to get "[('no', 'Einberget')]"
utility_to_osm - WARNING - ssr:stedsnr = 531005: No priority spelling found for lang = no, using alt_name to get "[('no', 'Dullumslia')]"
utility_to_osm - ERROR - ssr:stedsnr = 531005. No positions found, skipping
utility_to_osm - WARNING - ssr:stedsnr = 688154: No priority spelling found for lang = no, using alt_name to get "[('no', 'Midtkiløra')]"
utility_to_osm - WARNING - ssr:stedsnr = 558113: No priority spelling found for lang = no, using alt_name to get "[('no', 'Bjørga')]"
utility_to_osm - WARNING - ssr:stedsnr = 558019: No priority spelling found for lang = no, using alt_name to get "[('no', 'Våttåtjønna')]"
utility_to_osm - WARNING - ssr:stedsnr = 558046: No priority spelling found for lang = no, using alt_name to get "[('no', 'Håmmåren')]"
utility_to_osm - WARNING - ssr:stedsnr = 558060 has multiple (3) positions, using the first one!
utility_to_osm - WARNING - ssr:stedsnr = 558346: No priority spelling found for lang = no, using alt_name to get "[('no', 'Tylda')]"
utility_to_osm - WARNING - ssr:stedsnr = 558346 has multiple (6) positions, using the first one!
utility_to_osm - WARNING - ssr:stedsnr = 558350: No priority spelling found for lang = no, using alt_name to get "[('no', 'Ådal')]"
utility_to_osm - WARNING - ssr:stedsnr = 558502: No priority spelling found for lang = no, using alt_name to get "[('no', 'Bårdstjønnin')]"
utility_to_osm - WARNING - ssr:stedsnr = 558502 has multiple (3) positions, using the first one!
utility_to_osm - WARNING - ssr:stedsnr = 558453: No priority spelling found for lang = no, using alt_name to get "[('no', 'Heimtjønna')]"
utility_to_osm - WARNING - ssr:stedsnr = 558453 has multiple (2) positions, using the first one!
utility_to_osm - WARNING - ssr:stedsnr = 558696 has multiple (3) positions, using the first one!
utility_to_osm - WARNING - ssr:stedsnr = 558845 has multiple (2) positions, using the first one!
utility_to_osm - WARNING - ssr:stedsnr = 558703 has multiple (2) positions, using the first one!
utility_to_osm - WARNING - ssr:stedsnr = 559090: No priority spelling found for lang = no, using alt_name to get "[('no', 'Stortjønna')]"
utility_to_osm - WARNING - ssr:stedsnr = 559090 has multiple (2) positions, using the first one!
utility_to_osm - WARNING - ssr:stedsnr = 559098: No priority spelling found for lang = no, using alt_name to get "[('no', 'Hjelsvollen')]"
utility_to_osm - WARNING - ssr:stedsnr = 559239: No priority spelling found for lang = no, using alt_name to get "[('no', 'Melbjørga')]"
utility_to_osm - WARNING - ssr:stedsnr = 559239 has multiple (2) positions, using the first one!
utility_to_osm - WARNING - ssr:stedsnr = 559240: No priority spelling found for lang = no, using alt_name to get "[('no', 'Ådalsbjørga')]"
utility_to_osm - WARNING - ssr:stedsnr = 559240 has multiple (2) positions, using the first one!
utility_to_osm - WARNING - ssr:stedsnr = 559245: No priority spelling found for lang = no, using alt_name to get "[('no', 'Storskardbjørga'), ('no', 'Storskardåsen')]"
utility_to_osm - ERROR - ssr:stedsnr = 559245: Adding multiple names to name tag, this is not OK! name = "Storskardbjørga;Storskardåsen"
utility_to_osm - WARNING - ssr:stedsnr = 559245 has multiple (2) positions, using the first one!
utility_to_osm - WARNING - ssr:stedsnr = 559110 has multiple (3) positions, using the first one!
utility_to_osm - WARNING - ssr:stedsnr = 559194 has multiple (6) positions, using the first one!
utility_to_osm - WARNING - ssr:stedsnr = 559290: No priority spelling found for lang = no, using alt_name to get "[('no', 'Meådal')]"
utility_to_osm - WARNING - ssr:stedsnr = 559292 has multiple (2) positions, using the first one!
utility_to_osm - WARNING - ssr:stedsnr = 559488 has multiple (3) positions, using the first one!
utility_to_osm - WARNING - ssr:stedsnr = 566236: No priority spelling found for lang = no, using alt_name to get "[('no', 'Vollsetvollen')]"
utility_to_osm - WARNING - ssr:stedsnr = 566236 has multiple (2) positions, using the first one!
utility_to_osm - WARNING - ssr:stedsnr = 566240: No priority spelling found for lang = no, using alt_name to get "[('no', 'Øver-Sona')]"
utility_to_osm - WARNING - ssr:stedsnr = 596806: No priority spelling found for lang = no, using alt_name to get "[('no', 'Kvithammarkulverten')]"
utility_to_osm - WARNING - ssr:stedsnr = 596809: No priority spelling found for lang = no, using alt_name to get "[('no', 'Tangkulverten')]"
utility_to_osm - WARNING - ssr:stedsnr = 619113: No priority spelling found for lang = no, using alt_name to get "[('no', 'Øfstidalen')]"
utility_to_osm - WARNING - ssr:stedsnr = 619113 has multiple (3) positions, using the first one!
utility_to_osm - WARNING - ssr:stedsnr = 619115 has multiple (3) positions, using the first one!
utility_to_osm - WARNING - ssr:stedsnr = 619204: No priority spelling found for lang = no, using alt_name to get "[('no', 'Åvelsgard')]"
utility_to_osm - WARNING - ssr:stedsnr = 619420 has multiple (2) positions, using the first one!
utility_to_osm - WARNING - ssr:stedsnr = 619314: No priority spelling found for lang = no, using alt_name to get "[('no', 'Storsteinsfjellet')]"
utility_to_osm - WARNING - ssr:stedsnr = 619314 has multiple (5) positions, using the first one!
utility_to_osm - WARNING - ssr:stedsnr = 619515: No priority spelling found for lang = no, using alt_name to get "[('no', 'Mevollmyra')]"
utility_to_osm - WARNING - ssr:stedsnr = 619515 has multiple (2) positions, using the first one!
utility_to_osm - WARNING - ssr:stedsnr = 619516 has multiple (3) positions, using the first one!
utility_to_osm - WARNING - ssr:stedsnr = 619521: No priority spelling found for lang = no, using alt_name to get "[('no', 'Kvålsåsen')]"
utility_to_osm - WARNING - ssr:stedsnr = 619471: No priority spelling found for lang = no, using alt_name to get "[('no', 'Blisjimyra')]"
utility_to_osm - WARNING - ssr:stedsnr = 619476 has multiple (2) positions, using the first one!
utility_to_osm - WARNING - ssr:stedsnr = 619485: No priority spelling found for lang = no, using alt_name to get "[('no', 'Vollsettjønna')]"
utility_to_osm - WARNING - ssr:stedsnr = 619485 has multiple (3) positions, using the first one!
utility_to_osm - WARNING - ssr:stedsnr = 619804: No priority spelling found for lang = no, using alt_name to get "[('no', 'Rotåstjønna')]"
utility_to_osm - WARNING - ssr:stedsnr = 619804 has multiple (3) positions, using the first one!
utility_to_osm - WARNING - ssr:stedsnr = 619779: No priority spelling found for lang = no, using alt_name to get "[('no', 'Tjurrumyrhaugan')]"
utility_to_osm - WARNING - ssr:stedsnr = 619779 has multiple (3) positions, using the first one!
utility_to_osm - WARNING - ssr:stedsnr = 619783 has multiple (3) positions, using the first one!
utility_to_osm - WARNING - ssr:stedsnr = 620019 has multiple (2) positions, using the first one!
utility_to_osm - ERROR - ssr:stedsnr = 620109: Adding multiple names to name tag, this is not OK! name = "Stubergsmyran;Austre Stuberg"
utility_to_osm - WARNING - ssr:stedsnr = 620114: No priority spelling found for lang = no, using alt_name to get "[('no', 'Røssgjardet')]"
utility_to_osm - WARNING - ssr:stedsnr = 620275 has multiple (2) positions, using the first one!
utility_to_osm - WARNING - ssr:stedsnr = 620276: No priority spelling found for lang = no, using alt_name to get "[('no', 'Mølsknes')]"
utility_to_osm - WARNING - ssr:stedsnr = 620423 has multiple (2) positions, using the first one!
utility_to_osm - WARNING - ssr:stedsnr = 620468 has multiple (16) positions, using the first one!
utility_to_osm - WARNING - ssr:stedsnr = 620471 has multiple (2) positions, using the first one!
utility_to_osm - WARNING - ssr:stedsnr = 620373: No priority spelling found for lang = no, using alt_name to get "[('no', 'Sonfossen')]"
utility_to_osm - WARNING - ssr:stedsnr = 627245: No priority spelling found for lang = no, using alt_name to get "[('no', 'Våtlandet')]"
utility_to_osm - WARNING - ssr:stedsnr = 653211: No priority spelling found for lang = no, using alt_name to get "[('no', 'Industrivegen')]"
utility_to_osm - ERROR - ssr:stedsnr = 653211. No positions found, skipping
utility_to_osm - WARNING - ssr:stedsnr = 657791: No priority spelling found for lang = no, using alt_name to get "[('no', 'Tangtunnelen')]"
utility_to_osm - ERROR - ssr:stedsnr = 657791. No positions found, skipping
utility_to_osm - WARNING - ssr:stedsnr = 891160 has multiple (2) positions, using the first one!
utility_to_osm - WARNING - ssr:stedsnr = 680106: No priority spelling found for lang = no, using alt_name to get "[('no', 'Håmmåren')]"
utility_to_osm - WARNING - ssr:stedsnr = 680503 has multiple (2) positions, using the first one!
utility_to_osm - WARNING - ssr:stedsnr = 680506 has multiple (4) positions, using the first one!
utility_to_osm - WARNING - ssr:stedsnr = 680519 has multiple (3) positions, using the first one!
utility_to_osm - WARNING - ssr:stedsnr = 680522: No priority spelling found for lang = no, using alt_name to get "[('no', 'Litl-Lånkvollen')]"
utility_to_osm - WARNING - ssr:stedsnr = 680813 has multiple (4) positions, using the first one!
utility_to_osm - WARNING - ssr:stedsnr = 680724: No priority spelling found for lang = no, using alt_name to get "[('no', 'Håmmår')]"
utility_to_osm - WARNING - ssr:stedsnr = 680732: No priority spelling found for lang = no, using alt_name to get "[('no', 'Vollselva')]"
utility_to_osm - WARNING - ssr:stedsnr = 680732 has multiple (5) positions, using the first one!
utility_to_osm - WARNING - ssr:stedsnr = 681007 has multiple (3) positions, using the first one!
utility_to_osm - WARNING - ssr:stedsnr = 681106 has multiple (3) positions, using the first one!
utility_to_osm - WARNING - ssr:stedsnr = 681370 has multiple (2) positions, using the first one!
utility_to_osm - WARNING - ssr:stedsnr = 681269 has multiple (2) positions, using the first one!
utility_to_osm - WARNING - ssr:stedsnr = 681277 has multiple (2) positions, using the first one!
utility_to_osm - WARNING - ssr:stedsnr = 681461 has multiple (3) positions, using the first one!
utility_to_osm - WARNING - ssr:stedsnr = 681465 has multiple (2) positions, using the first one!
utility_to_osm - WARNING - ssr:stedsnr = 688144: No priority spelling found for lang = no, using alt_name to get "[('no', 'Spilset')]"
utility_to_osm - WARNING - ssr:stedsnr = 688144 has multiple (3) positions, using the first one!
utility_to_osm - WARNING - ssr:stedsnr = 897746 has multiple (2) positions, using the first one!
utility_to_osm - WARNING - ssr:stedsnr = 724110: No priority spelling found for lang = no, using alt_name to get "[('no', 'Østre Rykkja'), ('no', 'Rykkja')]"
utility_to_osm - ERROR - ssr:stedsnr = 724110: Adding multiple names to name tag, this is not OK! name = "Østre Rykkja;Rykkja"
utility_to_osm - WARNING - ssr:stedsnr = 900822: No priority spelling found for lang = no, using alt_name to get "[('no', 'Kvislabakkulverten')]"
utility_to_osm - WARNING - ssr:stedsnr = 728914 has multiple (2) positions, using the first one!
utility_to_osm - WARNING - ssr:stedsnr = 741010 has multiple (3) positions, using the first one!
utility_to_osm - WARNING - ssr:stedsnr = 741038 has multiple (3) positions, using the first one!
utility_to_osm - WARNING - ssr:stedsnr = 741040: No priority spelling found for lang = no, using alt_name to get "[('no', 'Steintjønna')]"
utility_to_osm - WARNING - ssr:stedsnr = 741040 has multiple (2) positions, using the first one!
utility_to_osm - WARNING - ssr:stedsnr = 741084 has multiple (3) positions, using the first one!
utility_to_osm - WARNING - ssr:stedsnr = 741086: No priority spelling found for lang = no, using alt_name to get "[('no', 'Hemrasbekken')]"
utility_to_osm - WARNING - ssr:stedsnr = 741086 has multiple (2) positions, using the first one!
utility_to_osm - WARNING - ssr:stedsnr = 741204 has multiple (3) positions, using the first one!
utility_to_osm - ERROR - ssr:stedsnr = 741139: Adding multiple names to name tag, this is not OK! name = "Ingstadneskjølen;Storkjølen"
utility_to_osm - WARNING - ssr:stedsnr = 741139 has multiple (3) positions, using the first one!
utility_to_osm - WARNING - ssr:stedsnr = 741140: No priority spelling found for lang = no, using alt_name to get "[('no', 'Gammelvollberget')]"
utility_to_osm - WARNING - ssr:stedsnr = 741140 has multiple (3) positions, using the first one!
utility_to_osm - WARNING - ssr:stedsnr = 741141: No priority spelling found for lang = no, using alt_name to get "[('no', 'Streta')]"
utility_to_osm - WARNING - ssr:stedsnr = 741144: No priority spelling found for lang = no, using alt_name to get "[('no', 'Eidomshaugen')]"
utility_to_osm - WARNING - ssr:stedsnr = 741186 has multiple (3) positions, using the first one!
utility_to_osm - WARNING - ssr:stedsnr = 741311 has multiple (3) positions, using the first one!
utility_to_osm - WARNING - ssr:stedsnr = 741284 has multiple (2) positions, using the first one!
utility_to_osm - WARNING - ssr:stedsnr = 741413: No priority spelling found for lang = no, using alt_name to get "[('no', 'Skolmlia')]"
utility_to_osm - WARNING - ssr:stedsnr = 741510 has multiple (3) positions, using the first one!
utility_to_osm - WARNING - ssr:stedsnr = 741511: No priority spelling found for lang = no, using alt_name to get "[('no', 'Midtkil'), ('no', 'Kil')]"
utility_to_osm - ERROR - ssr:stedsnr = 741511: Adding multiple names to name tag, this is not OK! name = "Midtkil;Kil"
utility_to_osm - WARNING - ssr:stedsnr = 741513 has multiple (3) positions, using the first one!
utility_to_osm - WARNING - ssr:stedsnr = 741535 has multiple (2) positions, using the first one!
utility_to_osm - WARNING - ssr:stedsnr = 741540 has multiple (3) positions, using the first one!
utility_to_osm - WARNING - ssr:stedsnr = 741583 has multiple (2) positions, using the first one!
utility_to_osm - WARNING - ssr:stedsnr = 741803: No priority spelling found for lang = no, using alt_name to get "[('no', 'Krokvika')]"
utility_to_osm - WARNING - ssr:stedsnr = 741803 has multiple (2) positions, using the first one!
utility_to_osm - WARNING - ssr:stedsnr = 741805: No priority spelling found for lang = no, using alt_name to get "[('no', 'Hammerkammen')]"
utility_to_osm - WARNING - ssr:stedsnr = 741805 has multiple (3) positions, using the first one!
utility_to_osm - WARNING - ssr:stedsnr = 741810 has multiple (2) positions, using the first one!
utility_to_osm - ERROR - ssr:stedsnr = 741811: Adding multiple names to name tag, this is not OK! name = "Lauvåsvatnet;Lauvåstjønna"
utility_to_osm - WARNING - ssr:stedsnr = 741811 has multiple (5) positions, using the first one!
utility_to_osm - WARNING - ssr:stedsnr = 741840 has multiple (4) positions, using the first one!
utility_to_osm - WARNING - ssr:stedsnr = 741783 has multiple (3) positions, using the first one!
utility_to_osm - WARNING - ssr:stedsnr = 741791 has multiple (2) positions, using the first one!
utility_to_osm - WARNING - ssr:stedsnr = 741796 has multiple (3) positions, using the first one!
utility_to_osm - WARNING - ssr:stedsnr = 741797 has multiple (5) positions, using the first one!
utility_to_osm - WARNING - ssr:stedsnr = 756750 has multiple (2) positions, using the first one!
utility_to_osm - WARNING - ssr:stedsnr = 756820: No priority spelling found for lang = no, using alt_name to get "[('no', 'Håmmårvollen')]"
utility_to_osm - WARNING - ssr:stedsnr = 756820 has multiple (4) positions, using the first one!
utility_to_osm - WARNING - ssr:stedsnr = 907119: No priority spelling found for lang = no, using alt_name to get "[('no', 'Nedre Rykkja'), ('no', 'Rykkja')]"
utility_to_osm - ERROR - ssr:stedsnr = 907119: Adding multiple names to name tag, this is not OK! name = "Nedre Rykkja;Rykkja"
utility_to_osm - WARNING - ssr:stedsnr = 907119 has multiple (2) positions, using the first one!
utility_to_osm - WARNING - ssr:stedsnr = 802078: No priority spelling found for lang = no, using alt_name to get "[('no', 'Sigertmoen')]"
utility_to_osm - WARNING - ssr:stedsnr = 802080 has multiple (3) positions, using the first one!
utility_to_osm - WARNING - ssr:stedsnr = 802082: No priority spelling found for lang = no, using alt_name to get "[('no', 'Svarttjønna')]"
utility_to_osm - WARNING - ssr:stedsnr = 802082 has multiple (3) positions, using the first one!
utility_to_osm - WARNING - ssr:stedsnr = 802205 has multiple (8) positions, using the first one!
utility_to_osm - WARNING - ssr:stedsnr = 802212 has multiple (4) positions, using the first one!
utility_to_osm - WARNING - ssr:stedsnr = 802103: No priority spelling found for lang = no, using alt_name to get "[('no', 'Grøthåmmåren')]"
utility_to_osm - WARNING - ssr:stedsnr = 802103 has multiple (2) positions, using the first one!
utility_to_osm - WARNING - ssr:stedsnr = 802105 has multiple (3) positions, using the first one!
utility_to_osm - WARNING - ssr:stedsnr = 802108 has multiple (2) positions, using the first one!
utility_to_osm - WARNING - ssr:stedsnr = 802111 has multiple (2) positions, using the first one!
utility_to_osm - WARNING - ssr:stedsnr = 802112 has multiple (3) positions, using the first one!
utility_to_osm - WARNING - ssr:stedsnr = 802174: No priority spelling found for lang = no, using alt_name to get "[('no', 'Medbrua')]"
utility_to_osm - WARNING - ssr:stedsnr = 802178 has multiple (2) positions, using the first one!
utility_to_osm - WARNING - ssr:stedsnr = 802406: No priority spelling found for lang = no, using alt_name to get "[('no', 'Åsbjørga')]"
utility_to_osm - WARNING - ssr:stedsnr = 802406 has multiple (3) positions, using the first one!
utility_to_osm - WARNING - ssr:stedsnr = 802504: No priority spelling found for lang = no, using alt_name to get "[('no', 'Mølska')]"
utility_to_osm - WARNING - ssr:stedsnr = 802504 has multiple (7) positions, using the first one!
utility_to_osm - WARNING - ssr:stedsnr = 802507 has multiple (3) positions, using the first one!
utility_to_osm - WARNING - ssr:stedsnr = 802519: No priority spelling found for lang = no, using alt_name to get "[('no', 'Litlmarka')]"
utility_to_osm - WARNING - ssr:stedsnr = 802520 has multiple (3) positions, using the first one!
utility_to_osm - WARNING - ssr:stedsnr = 802763 has multiple (4) positions, using the first one!
utility_to_osm - WARNING - ssr:stedsnr = 802779 has multiple (3) positions, using the first one!
utility_to_osm - WARNING - ssr:stedsnr = 809234: No priority spelling found for lang = no, using alt_name to get "[('no', 'Øystre Ingstadvollen')]"
utility_to_osm - WARNING - ssr:stedsnr = 816882 has multiple (2) positions, using the first one!
utility_to_osm - WARNING - ssr:stedsnr = 816893 has multiple (4) positions, using the first one!
utility_to_osm - WARNING - ssr:stedsnr = 817111: No priority spelling found for lang = no, using alt_name to get "[('no', 'Kringåsen')]"
utility_to_osm - WARNING - ssr:stedsnr = 817111 has multiple (2) positions, using the first one!
utility_to_osm - WARNING - ssr:stedsnr = 817124: No priority spelling found for lang = no, using alt_name to get "[('no', 'Sørkilsetra')]"
utility_to_osm - WARNING - ssr:stedsnr = 817822: No priority spelling found for lang = no, using alt_name to get "[('no', 'Olderøra')]"
utility_to_osm - WARNING - ssr:stedsnr = 817823: No priority spelling found for lang = no, using alt_name to get "[('no', 'Skjervollsøra')]"
utility_to_osm - WARNING - ssr:stedsnr = 923052 has multiple (3) positions, using the first one!
utility_to_osm - WARNING - ssr:stedsnr = 923057 has multiple (3) positions, using the first one!
utility_to_osm - WARNING - ssr:stedsnr = 923193 has multiple (2) positions, using the first one!
utility_to_osm - WARNING - ssr:stedsnr = 923290 has multiple (2) positions, using the first one!
utility_to_osm - WARNING - ssr:stedsnr = 923152 has multiple (2) positions, using the first one!
utility_to_osm - WARNING - ssr:stedsnr = 923251: No priority spelling found for lang = no, using alt_name to get "[('no', 'Krøyket')]"
utility_to_osm - WARNING - ssr:stedsnr = 923251 has multiple (2) positions, using the first one!
utility_to_osm - WARNING - ssr:stedsnr = 923259 has multiple (2) positions, using the first one!
utility_to_osm - WARNING - ssr:stedsnr = 923343: No priority spelling found for lang = no, using alt_name to get "[('no', 'Brennan')]"
utility_to_osm - WARNING - ssr:stedsnr = 923343 has multiple (2) positions, using the first one!
utility_to_osm - WARNING - ssr:stedsnr = 923350: No priority spelling found for lang = no, using alt_name to get "[('no', 'Stigberget')]"
utility_to_osm - WARNING - ssr:stedsnr = 923353 has multiple (2) positions, using the first one!
utility_to_osm - WARNING - ssr:stedsnr = 923358: No priority spelling found for lang = no, using alt_name to get "[('no', 'Meådalsvollen')]"
utility_to_osm - WARNING - ssr:stedsnr = 923358 has multiple (2) positions, using the first one!
utility_to_osm - WARNING - ssr:stedsnr = 923431: No priority spelling found for lang = no, using alt_name to get "[('no', 'Grønfjellbekken')]"
utility_to_osm - WARNING - ssr:stedsnr = 923431 has multiple (2) positions, using the first one!
utility_to_osm - WARNING - ssr:stedsnr = 923432 has multiple (3) positions, using the first one!
utility_to_osm - WARNING - ssr:stedsnr = 923447 has multiple (3) positions, using the first one!
utility_to_osm - WARNING - ssr:stedsnr = 923465: No priority spelling found for lang = no, using alt_name to get "[('no', 'Sildertjønnin')]"
utility_to_osm - WARNING - ssr:stedsnr = 923465 has multiple (2) positions, using the first one!
utility_to_osm - WARNING - ssr:stedsnr = 923467: No priority spelling found for lang = no, using alt_name to get "[('no', 'Værnestjønna')]"
utility_to_osm - WARNING - ssr:stedsnr = 923467 has multiple (3) positions, using the first one!
utility_to_osm - WARNING - ssr:stedsnr = 923538 has multiple (2) positions, using the first one!
utility_to_osm - WARNING - ssr:stedsnr = 923550 has multiple (2) positions, using the first one!
utility_to_osm - WARNING - ssr:stedsnr = 923417: No priority spelling found for lang = no, using alt_name to get "[('no', 'Ytre Sonvatnet')]"
utility_to_osm - WARNING - ssr:stedsnr = 923485: No priority spelling found for lang = no, using alt_name to get "[('no', 'Elverhåmmåren')]"
utility_to_osm - WARNING - ssr:stedsnr = 923485 has multiple (3) positions, using the first one!
utility_to_osm - WARNING - ssr:stedsnr = 923486: No priority spelling found for lang = no, using alt_name to get "[('no', 'Litlkleiva')]"
utility_to_osm - WARNING - ssr:stedsnr = 923486 has multiple (2) positions, using the first one!
utility_to_osm - WARNING - ssr:stedsnr = 923490: No priority spelling found for lang = no, using alt_name to get "[('no', 'Brottstuggu')]"
utility_to_osm - WARNING - ssr:stedsnr = 923490 has multiple (2) positions, using the first one!
utility_to_osm - WARNING - ssr:stedsnr = 923498 has multiple (3) positions, using the first one!
utility_to_osm - WARNING - ssr:stedsnr = 923501 has multiple (2) positions, using the first one!
utility_to_osm - WARNING - ssr:stedsnr = 923503 has multiple (2) positions, using the first one!
utility_to_osm - WARNING - ssr:stedsnr = 923505 has multiple (2) positions, using the first one!
utility_to_osm - WARNING - ssr:stedsnr = 923508: No priority spelling found for lang = no, using alt_name to get "[('no', 'Granåsen')]"
utility_to_osm - WARNING - ssr:stedsnr = 923509 has multiple (2) positions, using the first one!
utility_to_osm - WARNING - ssr:stedsnr = 923510 has multiple (2) positions, using the first one!
utility_to_osm - WARNING - ssr:stedsnr = 923514: No priority spelling found for lang = no, using alt_name to get "[('no', 'Langtjønna')]"
utility_to_osm - WARNING - ssr:stedsnr = 923514 has multiple (2) positions, using the first one!
utility_to_osm - WARNING - ssr:stedsnr = 923705: No priority spelling found for lang = no, using alt_name to get "[('no', 'Skjelstad')]"
utility_to_osm - WARNING - ssr:stedsnr = 923710: No priority spelling found for lang = no, using alt_name to get "[('no', 'Raudhåmmårbekken')]"
utility_to_osm - WARNING - ssr:stedsnr = 923710 has multiple (4) positions, using the first one!
utility_to_osm - WARNING - ssr:stedsnr = 923760 has multiple (3) positions, using the first one!
utility_to_osm - WARNING - ssr:stedsnr = 923799 has multiple (3) positions, using the first one!
utility_to_osm - WARNING - ssr:stedsnr = 923809 has multiple (3) positions, using the first one!
utility_to_osm - WARNING - ssr:stedsnr = 835234: No priority spelling found for lang = no, using alt_name to get "[('no', 'Ole Vigs gate')]"
utility_to_osm - ERROR - ssr:stedsnr = 835234. No positions found, skipping
utility_to_osm - WARNING - ssr:stedsnr = 924689: No priority spelling found for lang = no, using alt_name to get "[('no', 'Mursetet')]"
utility_to_osm - WARNING - ssr:stedsnr = 862216: No priority spelling found for lang = no, using alt_name to get "[('no', 'Melsneset')]"
utility_to_osm - WARNING - ssr:stedsnr = 862420 has multiple (2) positions, using the first one!
utility_to_osm - WARNING - ssr:stedsnr = 862452 has multiple (3) positions, using the first one!
utility_to_osm - WARNING - ssr:stedsnr = 862664: No priority spelling found for lang = no, using alt_name to get "[('no', 'Auråsen')]"
utility_to_osm - WARNING - ssr:stedsnr = 862664 has multiple (3) positions, using the first one!
utility_to_osm - WARNING - ssr:stedsnr = 863083: No priority spelling found for lang = no, using alt_name to get "[('no', 'Spigilen')]"
utility_to_osm - WARNING - ssr:stedsnr = 863100: No priority spelling found for lang = no, using alt_name to get "[('no', 'Bergssvedjan')]"
utility_to_osm - WARNING - ssr:stedsnr = 863100 has multiple (3) positions, using the first one!
utility_to_osm - WARNING - ssr:stedsnr = 863247: No priority spelling found for lang = no, using alt_name to get "[('no', 'Svarttjønna')]"
utility_to_osm - WARNING - ssr:stedsnr = 863247 has multiple (2) positions, using the first one!
utility_to_osm - WARNING - ssr:stedsnr = 863249: No priority spelling found for lang = no, using alt_name to get "[('no', 'Skoglund')]"
utility_to_osm - WARNING - ssr:stedsnr = 863250: No priority spelling found for lang = no, using alt_name to get "[('no', 'Hisjidalsbekken')]"
utility_to_osm - WARNING - ssr:stedsnr = 863250 has multiple (2) positions, using the first one!
utility_to_osm - WARNING - ssr:stedsnr = 863254 has multiple (2) positions, using the first one!
utility_to_osm - WARNING - ssr:stedsnr = 863258 has multiple (2) positions, using the first one!
utility_to_osm - WARNING - ssr:stedsnr = 863119: No priority spelling found for lang = no, using alt_name to get "[('no', 'Børset')]"
utility_to_osm - WARNING - ssr:stedsnr = 863398: No priority spelling found for lang = no, using alt_name to get "[('no', 'Grønfjellvollen')]"
utility_to_osm - WARNING - ssr:stedsnr = 863398 has multiple (2) positions, using the first one!
utility_to_osm - WARNING - ssr:stedsnr = 863508 has multiple (3) positions, using the first one!
utility_to_osm - WARNING - ssr:stedsnr = 863509 has multiple (2) positions, using the first one!
utility_to_osm - WARNING - ssr:stedsnr = 863448 has multiple (3) positions, using the first one!
utility_to_osm - WARNING - ssr:stedsnr = 863451 has multiple (3) positions, using the first one!
utility_to_osm - WARNING - ssr:stedsnr = 863498 has multiple (3) positions, using the first one!
utility_to_osm - WARNING - ssr:stedsnr = 863500 has multiple (2) positions, using the first one!
utility_to_osm - WARNING - ssr:stedsnr = 863744 has multiple (2) positions, using the first one!
utility_to_osm - WARNING - ssr:stedsnr = 863747 has multiple (3) positions, using the first one!
utility_to_osm - WARNING - ssr:stedsnr = 863749: No priority spelling found for lang = no, using alt_name to get "[('no', 'Arnstadbjørga')]"
utility_to_osm - WARNING - ssr:stedsnr = 863749 has multiple (3) positions, using the first one!
utility_to_osm - WARNING - ssr:stedsnr = 863757 has multiple (3) positions, using the first one!
utility_to_osm - WARNING - ssr:stedsnr = 930786: No priority spelling found for lang = no, using alt_name to get "[('no', 'Hamran')]"
utility_to_osm - WARNING - ssr:stedsnr = 931262: No priority spelling found for lang = no, using alt_name to get "[('no', 'Sildra')]"
utility_to_osm - WARNING - ssr:stedsnr = 931237: No priority spelling found for lang = no, using alt_name to get "[('no', 'Sonvasshaugen')]"
utility_to_osm - WARNING - ssr:stedsnr = 931237 has multiple (2) positions, using the first one!
utility_to_osm - WARNING - ssr:stedsnr = 877921: No priority spelling found for lang = no, using alt_name to get "[('no', 'Håmmår')]"
utility_to_osm - WARNING - ssr:stedsnr = 877921 has multiple (2) positions, using the first one!
utility_to_osm - WARNING - ssr:stedsnr = 897418 has multiple (8) positions, using the first one!
utility_to_osm - WARNING - ssr:stedsnr = 923141 has multiple (2) positions, using the first one!
utility_to_osm - WARNING - ssr:stedsnr = 923177: No priority spelling found for lang = no, using alt_name to get "[('no', 'Husby')]"
utility_to_osm - WARNING - ssr:stedsnr = 923180 has multiple (2) positions, using the first one!
utility_to_osm - WARNING - ssr:stedsnr = 923080 has multiple (3) positions, using the first one!
utility_to_osm - WARNING - ssr:stedsnr = 923205: No priority spelling found for lang = no, using alt_name to get "[('no', 'Håve')]"
utility_to_osm - WARNING - ssr:stedsnr = 923285 has multiple (2) positions, using the first one!
utility_to_osm - WARNING - ssr:stedsnr = 923385: No priority spelling found for lang = no, using alt_name to get "[('no', 'Fosshåmmåren')]"
utility_to_osm - WARNING - ssr:stedsnr = 923385 has multiple (3) positions, using the first one!
utility_to_osm - WARNING - ssr:stedsnr = 923527: No priority spelling found for lang = no, using alt_name to get "[('no', 'Lauvhaugan')]"
utility_to_osm - WARNING - ssr:stedsnr = 923531 has multiple (3) positions, using the first one!
utility_to_osm - WARNING - ssr:stedsnr = 923475: No priority spelling found for lang = no, using alt_name to get "[('no', 'Litlgråvatnet')]"
utility_to_osm - WARNING - ssr:stedsnr = 923475 has multiple (3) positions, using the first one!
utility_to_osm - WARNING - ssr:stedsnr = 923719: No priority spelling found for lang = no, using alt_name to get "[('no', 'Kongshåmmåren')]"
utility_to_osm - WARNING - ssr:stedsnr = 923719 has multiple (3) positions, using the first one!
utility_to_osm - WARNING - ssr:stedsnr = 923726 has multiple (2) positions, using the first one!
utility_to_osm - WARNING - ssr:stedsnr = 923805: No priority spelling found for lang = no, using alt_name to get "[('no', 'Borråstrøa')]"
utility_to_osm - WARNING - ssr:stedsnr = 923805 has multiple (3) positions, using the first one!
utility_to_osm - WARNING - ssr:stedsnr = 924447 has multiple (2) positions, using the first one!
utility_to_osm - WARNING - ssr:stedsnr = 924449 has multiple (2) positions, using the first one!
utility_to_osm - WARNING - ssr:stedsnr = 924709: No priority spelling found for lang = no, using alt_name to get "[('no', 'Fjurruplassen')]"
utility_to_osm - WARNING - ssr:stedsnr = 924709 has multiple (3) positions, using the first one!
utility_to_osm - WARNING - ssr:stedsnr = 924683 has multiple (3) positions, using the first one!
utility_to_osm - WARNING - ssr:stedsnr = 931243: No priority spelling found for lang = no, using alt_name to get "[('no', 'Sonbjørga')]"
utility_to_osm - WARNING - ssr:stedsnr = 931245: No priority spelling found for lang = no, using alt_name to get "[('no', 'Movollen')]"
utility_to_osm - WARNING - ssr:stedsnr = 931245 has multiple (2) positions, using the first one!
utility_to_osm - WARNING - ssr:stedsnr = 938610 has multiple (6) positions, using the first one!
utility_to_osm - WARNING - ssr:stedsnr = 938811: No priority spelling found for lang = no, using alt_name to get "[('no', 'Skeiet')]"
utility_to_osm - WARNING - ssr:stedsnr = 938916: No priority spelling found for lang = no, using alt_name to get "[('no', 'Bakkberget')]"
utility_to_osm - WARNING - ssr:stedsnr = 938936: No priority spelling found for lang = no, using alt_name to get "[('no', 'Gjeving')]"
utility_to_osm - WARNING - ssr:stedsnr = 969637: No priority spelling found for lang = no, using alt_name to get "[('no', 'Håmmår')]"
utility_to_osm - WARNING - ssr:stedsnr = 982721: No priority spelling found for lang = no, using alt_name to get "[('no', 'Hesttrøa')]"
utility_to_osm - ERROR - ssr:stedsnr = 982721. No positions found, skipping
utility_to_osm - WARNING - ssr:stedsnr = 982725: No priority spelling found for lang = no, using alt_name to get "[('no', 'Melanvegen')]"
utility_to_osm - ERROR - ssr:stedsnr = 982725. No positions found, skipping
utility_to_osm - WARNING - ssr:stedsnr = 982726: No priority spelling found for lang = no, using alt_name to get "[('no', 'Odd Håves veg')]"
utility_to_osm - ERROR - ssr:stedsnr = 982726. No positions found, skipping
utility_to_osm - WARNING - ssr:stedsnr = 982727: No priority spelling found for lang = no, using alt_name to get "[('no', 'Martin Åsas veg')]"
utility_to_osm - ERROR - ssr:stedsnr = 982728. No positions found, skipping
utility_to_osm - WARNING - ssr:stedsnr = 982729: No priority spelling found for lang = no, using alt_name to get "[('no', 'Stortjønna')]"
utility_to_osm - ERROR - ssr:stedsnr = 982729. No positions found, skipping
utility_to_osm - WARNING - ssr:stedsnr = 982730: No priority spelling found for lang = no, using alt_name to get "[('no', 'Ingeniørvegen')]"
utility_to_osm - ERROR - ssr:stedsnr = 982730. No positions found, skipping
utility_to_osm - WARNING - ssr:stedsnr = 982731: No priority spelling found for lang = no, using alt_name to get "[('no', 'Håmmårbakken')]"
utility_to_osm - WARNING - ssr:stedsnr = 986106: No priority spelling found for lang = no, using alt_name to get "[('no', 'Sætran Nordre')]"
utility_to_osm - WARNING - ssr:stedsnr = 989131: No priority spelling found for lang = no, using alt_name to get "[('no', 'Kringåsen naturreservat')]"
utility_to_osm - WARNING - ssr:stedsnr = 13087: No priority spelling found for lang = no, using alt_name to get "[('no', 'Tronskodalen')]"
utility_to_osm - WARNING - ssr:stedsnr = 13087 has multiple (3) positions, using the first one!
utility_to_osm - WARNING - ssr:stedsnr = 13033 has multiple (3) positions, using the first one!
utility_to_osm - ERROR - ssr:stedsnr = 13047: Adding multiple names to name tag, this is not OK! name = "Dyva;Søndre Dyva"
utility_to_osm - WARNING - ssr:stedsnr = 13047 has multiple (2) positions, using the first one!
utility_to_osm - WARNING - ssr:stedsnr = 13058: No priority spelling found for lang = no, using alt_name to get "[('no', 'Vessetet')]"
utility_to_osm - WARNING - ssr:stedsnr = 13142 has multiple (3) positions, using the first one!
utility_to_osm - WARNING - ssr:stedsnr = 13154: No priority spelling found for lang = no, using alt_name to get "[('no', 'Velvangan')]"
utility_to_osm - WARNING - ssr:stedsnr = 13159: No priority spelling found for lang = no, using alt_name to get "[('no', 'Bøstad')]"
utility_to_osm - WARNING - ssr:stedsnr = 13159 has multiple (3) positions, using the first one!
utility_to_osm - WARNING - ssr:stedsnr = 13223 has multiple (3) positions, using the first one!
utility_to_osm - WARNING - ssr:stedsnr = 13249: No priority spelling found for lang = no, using alt_name to get "[('no', 'Åltjønna')]"
utility_to_osm - WARNING - ssr:stedsnr = 13249 has multiple (2) positions, using the first one!
utility_to_osm - WARNING - ssr:stedsnr = 13257: No priority spelling found for lang = no, using alt_name to get "[('no', 'Valstadberget')]"
utility_to_osm - WARNING - ssr:stedsnr = 13257 has multiple (2) positions, using the first one!
utility_to_osm - WARNING - ssr:stedsnr = 13324: No priority spelling found for lang = no, using alt_name to get "[('no', 'Øverkil')]"
utility_to_osm - WARNING - ssr:stedsnr = 13262: No priority spelling found for lang = no, using alt_name to get "[('no', 'Møssjødalen')]"
utility_to_osm - WARNING - ssr:stedsnr = 13262 has multiple (2) positions, using the first one!
utility_to_osm - WARNING - ssr:stedsnr = 13277 has multiple (2) positions, using the first one!
utility_to_osm - WARNING - ssr:stedsnr = 13278 has multiple (2) positions, using the first one!
utility_to_osm - WARNING - ssr:stedsnr = 13285: No priority spelling found for lang = no, using alt_name to get "[('no', 'Litlådalsvollen')]"
utility_to_osm - WARNING - ssr:stedsnr = 13285 has multiple (4) positions, using the first one!
utility_to_osm - WARNING - ssr:stedsnr = 13295: No priority spelling found for lang = no, using alt_name to get "[('no', 'Brattsberg')]"
utility_to_osm - WARNING - ssr:stedsnr = 13299 has multiple (2) positions, using the first one!
utility_to_osm - WARNING - ssr:stedsnr = 13383 has multiple (4) positions, using the first one!
utility_to_osm - WARNING - ssr:stedsnr = 13386 has multiple (2) positions, using the first one!
utility_to_osm - WARNING - ssr:stedsnr = 13488: No priority spelling found for lang = no, using alt_name to get "[('no', 'Dravenget')]"
utility_to_osm - WARNING - ssr:stedsnr = 13488 has multiple (4) positions, using the first one!
utility_to_osm - WARNING - ssr:stedsnr = 13489 has multiple (2) positions, using the first one!
utility_to_osm - WARNING - ssr:stedsnr = 13490: No priority spelling found for lang = no, using alt_name to get "[('no', 'Jultrøa')]"
utility_to_osm - WARNING - ssr:stedsnr = 13427: No priority spelling found for lang = no, using alt_name to get "[('no', 'Lomtjønna')]"
utility_to_osm - WARNING - ssr:stedsnr = 13431: No priority spelling found for lang = no, using alt_name to get "[('no', 'Finnkleppen')]"
utility_to_osm - WARNING - ssr:stedsnr = 13431 has multiple (5) positions, using the first one!
utility_to_osm - WARNING - ssr:stedsnr = 13433 has multiple (2) positions, using the first one!
utility_to_osm - WARNING - ssr:stedsnr = 13527 has multiple (2) positions, using the first one!
utility_to_osm - WARNING - ssr:stedsnr = 13499: No priority spelling found for lang = no, using alt_name to get "[('no', 'Refsinghåmmåren')]"
utility_to_osm - WARNING - ssr:stedsnr = 13499 has multiple (3) positions, using the first one!
utility_to_osm - WARNING - ssr:stedsnr = 13727: No priority spelling found for lang = no, using alt_name to get "[('no', 'Rykkja')]"
utility_to_osm - WARNING - ssr:stedsnr = 13728 has multiple (2) positions, using the first one!
utility_to_osm - WARNING - ssr:stedsnr = 13753: No priority spelling found for lang = no, using alt_name to get "[('no', 'Nytrøa')]"
utility_to_osm - WARNING - ssr:stedsnr = 13753 has multiple (2) positions, using the first one!
utility_to_osm - WARNING - ssr:stedsnr = 13761 has multiple (2) positions, using the first one!
utility_to_osm - WARNING - ssr:stedsnr = 13773: No priority spelling found for lang = no, using alt_name to get "[('no', 'Sanktolsbekken')]"
utility_to_osm - WARNING - ssr:stedsnr = 13773 has multiple (3) positions, using the first one!
utility_to_osm - WARNING - ssr:stedsnr = 13775: No priority spelling found for lang = no, using alt_name to get "[('no', 'Stamnåsen')]"
utility_to_osm - WARNING - ssr:stedsnr = 13777: No priority spelling found for lang = no, using alt_name to get "[('no', 'Kattbekken')]"
utility_to_osm - WARNING - ssr:stedsnr = 13777 has multiple (3) positions, using the first one!
utility_to_osm - WARNING - ssr:stedsnr = 21168: No priority spelling found for lang = no, using alt_name to get "[('no', 'Seteråsen')]"
utility_to_osm - WARNING - ssr:stedsnr = 21168 has multiple (2) positions, using the first one!
utility_to_osm - WARNING - ssr:stedsnr = 25831 has multiple (5) positions, using the first one!
utility_to_osm - WARNING - ssr:stedsnr = 27421 has multiple (4) positions, using the first one!
utility_to_osm - WARNING - ssr:stedsnr = 28783 has multiple (2) positions, using the first one!
utility_to_osm - WARNING - ssr:stedsnr = 43126: No priority spelling found for lang = no, using alt_name to get "[('no', 'Hosetbakkan')]"
utility_to_osm - ERROR - ssr:stedsnr = 43126. No positions found, skipping
utility_to_osm - ERROR - ssr:stedsnr = 47448. No positions found, skipping
