utility_to_osm - ERROR - ERROR, no ending in ssr2_to_osm_data/data/4205/4205-ssr.xml? Trying to re-download "/app:Skrivemåte>
          </app:skrivemåte>
        </app:Stedsnavn>
      </app:stedsnavn>
    </app:Sted>
  </wfs:member"
utility_to_osm - WARNING - ssr:stedsnr = 50 has multiple (2) positions, using the first one!
utility_to_osm - WARNING - ssr:stedsnr = 59 has multiple (3) positions, using the first one!
utility_to_osm - WARNING - ssr:stedsnr = 62: No priority spelling found for lang = no, using alt_name to get "[('no', 'Hattholmen fyr')]"
utility_to_osm - WARNING - ssr:stedsnr = 63 has multiple (3) positions, using the first one!
utility_to_osm - WARNING - ssr:stedsnr = 65 has multiple (4) positions, using the first one!
utility_to_osm - WARNING - ssr:stedsnr = 420 has multiple (4) positions, using the first one!
utility_to_osm - WARNING - ssr:stedsnr = 457 has multiple (2) positions, using the first one!
utility_to_osm - WARNING - ssr:stedsnr = 602 has multiple (3) positions, using the first one!
utility_to_osm - WARNING - ssr:stedsnr = 844 has multiple (3) positions, using the first one!
utility_to_osm - WARNING - ssr:stedsnr = 809 has multiple (3) positions, using the first one!
utility_to_osm - WARNING - ssr:stedsnr = 750 has multiple (6) positions, using the first one!
utility_to_osm - WARNING - ssr:stedsnr = 797 has multiple (3) positions, using the first one!
utility_to_osm - WARNING - ssr:stedsnr = 903 has multiple (3) positions, using the first one!
utility_to_osm - WARNING - ssr:stedsnr = 908 has multiple (3) positions, using the first one!
utility_to_osm - WARNING - ssr:stedsnr = 914 has multiple (3) positions, using the first one!
utility_to_osm - WARNING - ssr:stedsnr = 939 has multiple (2) positions, using the first one!
utility_to_osm - WARNING - ssr:stedsnr = 893 has multiple (5) positions, using the first one!
utility_to_osm - WARNING - ssr:stedsnr = 994 has multiple (5) positions, using the first one!
utility_to_osm - WARNING - ssr:stedsnr = 998 has multiple (3) positions, using the first one!
utility_to_osm - WARNING - ssr:stedsnr = 232567: No priority spelling found for lang = no, using alt_name to get "[('no', 'Melhus')]"
utility_to_osm - WARNING - ssr:stedsnr = 22090 has multiple (2) positions, using the first one!
utility_to_osm - WARNING - ssr:stedsnr = 22190 has multiple (2) positions, using the first one!
utility_to_osm - WARNING - ssr:stedsnr = 22389 has multiple (2) positions, using the first one!
utility_to_osm - WARNING - ssr:stedsnr = 22434 has multiple (2) positions, using the first one!
utility_to_osm - WARNING - ssr:stedsnr = 22840 has multiple (2) positions, using the first one!
utility_to_osm - WARNING - ssr:stedsnr = 24702 has multiple (4) positions, using the first one!
utility_to_osm - WARNING - ssr:stedsnr = 24945: No priority spelling found for lang = no, using alt_name to get "[('no', 'Vareholmen')]"
utility_to_osm - WARNING - ssr:stedsnr = 25730 has multiple (2) positions, using the first one!
utility_to_osm - WARNING - ssr:stedsnr = 26621 has multiple (2) positions, using the first one!
utility_to_osm - WARNING - ssr:stedsnr = 26626 has multiple (3) positions, using the first one!
utility_to_osm - WARNING - ssr:stedsnr = 50484: No priority spelling found for lang = no, using alt_name to get "[('no', 'Melhus')]"
utility_to_osm - WARNING - ssr:stedsnr = 50487: No priority spelling found for lang = no, using alt_name to get "[('no', 'Melhus')]"
utility_to_osm - WARNING - ssr:stedsnr = 239759 has multiple (5) positions, using the first one!
utility_to_osm - WARNING - ssr:stedsnr = 57911 has multiple (2) positions, using the first one!
utility_to_osm - WARNING - ssr:stedsnr = 60426 has multiple (3) positions, using the first one!
utility_to_osm - WARNING - ssr:stedsnr = 60472 has multiple (3) positions, using the first one!
utility_to_osm - WARNING - ssr:stedsnr = 60810 has multiple (3) positions, using the first one!
utility_to_osm - WARNING - ssr:stedsnr = 60819 has multiple (4) positions, using the first one!
utility_to_osm - WARNING - ssr:stedsnr = 60576 has multiple (3) positions, using the first one!
utility_to_osm - WARNING - ssr:stedsnr = 60909: No priority spelling found for lang = no, using alt_name to get "[('no', 'Gare')]"
utility_to_osm - WARNING - ssr:stedsnr = 60912: No priority spelling found for lang = no, using alt_name to get "[('no', 'Ytre Eigeland')]"
utility_to_osm - WARNING - ssr:stedsnr = 61011 has multiple (2) positions, using the first one!
utility_to_osm - WARNING - ssr:stedsnr = 60996: No priority spelling found for lang = no, using alt_name to get "[('no', 'Gare')]"
utility_to_osm - WARNING - ssr:stedsnr = 61415 has multiple (2) positions, using the first one!
utility_to_osm - WARNING - ssr:stedsnr = 61472 has multiple (3) positions, using the first one!
utility_to_osm - WARNING - ssr:stedsnr = 61476 has multiple (3) positions, using the first one!
utility_to_osm - WARNING - ssr:stedsnr = 61486 has multiple (3) positions, using the first one!
utility_to_osm - WARNING - ssr:stedsnr = 61615 has multiple (4) positions, using the first one!
utility_to_osm - WARNING - ssr:stedsnr = 61623 has multiple (3) positions, using the first one!
utility_to_osm - WARNING - ssr:stedsnr = 61515 has multiple (3) positions, using the first one!
utility_to_osm - WARNING - ssr:stedsnr = 61722 has multiple (3) positions, using the first one!
utility_to_osm - WARNING - ssr:stedsnr = 61726 has multiple (3) positions, using the first one!
utility_to_osm - WARNING - ssr:stedsnr = 61794 has multiple (3) positions, using the first one!
utility_to_osm - WARNING - ssr:stedsnr = 61931 has multiple (3) positions, using the first one!
utility_to_osm - WARNING - ssr:stedsnr = 61939 has multiple (3) positions, using the first one!
utility_to_osm - WARNING - ssr:stedsnr = 61969 has multiple (3) positions, using the first one!
utility_to_osm - WARNING - ssr:stedsnr = 61691 has multiple (3) positions, using the first one!
utility_to_osm - WARNING - ssr:stedsnr = 61697 has multiple (3) positions, using the first one!
utility_to_osm - WARNING - ssr:stedsnr = 61815 has multiple (3) positions, using the first one!
utility_to_osm - WARNING - ssr:stedsnr = 61886 has multiple (4) positions, using the first one!
utility_to_osm - WARNING - ssr:stedsnr = 61890 has multiple (4) positions, using the first one!
utility_to_osm - WARNING - ssr:stedsnr = 61894 has multiple (3) positions, using the first one!
utility_to_osm - WARNING - ssr:stedsnr = 61897 has multiple (5) positions, using the first one!
utility_to_osm - WARNING - ssr:stedsnr = 242028 has multiple (4) positions, using the first one!
utility_to_osm - WARNING - ssr:stedsnr = 242038 has multiple (3) positions, using the first one!
utility_to_osm - WARNING - ssr:stedsnr = 242562 has multiple (2) positions, using the first one!
utility_to_osm - WARNING - ssr:stedsnr = 242596 has multiple (4) positions, using the first one!
utility_to_osm - WARNING - ssr:stedsnr = 242834 has multiple (3) positions, using the first one!
utility_to_osm - WARNING - ssr:stedsnr = 242843 has multiple (2) positions, using the first one!
utility_to_osm - WARNING - ssr:stedsnr = 242851 has multiple (3) positions, using the first one!
utility_to_osm - WARNING - ssr:stedsnr = 242859: No priority spelling found for lang = no, using alt_name to get "[('no', 'Øvre Abelset')]"
utility_to_osm - WARNING - ssr:stedsnr = 242897: No priority spelling found for lang = no, using alt_name to get "[('no', 'Ytre Eigeland')]"
utility_to_osm - WARNING - ssr:stedsnr = 242901: No priority spelling found for lang = no, using alt_name to get "[('no', 'Sjølingstad')]"
utility_to_osm - WARNING - ssr:stedsnr = 242903: No priority spelling found for lang = no, using alt_name to get "[('no', 'Ytre Eigeland')]"
utility_to_osm - WARNING - ssr:stedsnr = 242922: No priority spelling found for lang = no, using alt_name to get "[('no', 'Oppsal')]"
utility_to_osm - WARNING - ssr:stedsnr = 242929: No priority spelling found for lang = no, using alt_name to get "[('no', 'Østre Reme')]"
utility_to_osm - WARNING - ssr:stedsnr = 243044 has multiple (3) positions, using the first one!
utility_to_osm - WARNING - ssr:stedsnr = 243051 has multiple (3) positions, using the first one!
utility_to_osm - WARNING - ssr:stedsnr = 242995 has multiple (3) positions, using the first one!
utility_to_osm - WARNING - ssr:stedsnr = 243019 has multiple (3) positions, using the first one!
utility_to_osm - WARNING - ssr:stedsnr = 243547 has multiple (4) positions, using the first one!
utility_to_osm - WARNING - ssr:stedsnr = 243570 has multiple (2) positions, using the first one!
utility_to_osm - WARNING - ssr:stedsnr = 243412 has multiple (3) positions, using the first one!
utility_to_osm - WARNING - ssr:stedsnr = 243429 has multiple (21) positions, using the first one!
utility_to_osm - WARNING - ssr:stedsnr = 243477 has multiple (3) positions, using the first one!
utility_to_osm - WARNING - ssr:stedsnr = 243504 has multiple (2) positions, using the first one!
utility_to_osm - WARNING - ssr:stedsnr = 243518 has multiple (3) positions, using the first one!
utility_to_osm - WARNING - ssr:stedsnr = 243578 has multiple (3) positions, using the first one!
utility_to_osm - WARNING - ssr:stedsnr = 243582: No priority spelling found for lang = no, using alt_name to get "[('no', 'Reme')]"
utility_to_osm - WARNING - ssr:stedsnr = 243582 has multiple (2) positions, using the first one!
utility_to_osm - WARNING - ssr:stedsnr = 243658 has multiple (3) positions, using the first one!
utility_to_osm - WARNING - ssr:stedsnr = 243696 has multiple (3) positions, using the first one!
utility_to_osm - WARNING - ssr:stedsnr = 243698 has multiple (4) positions, using the first one!
utility_to_osm - WARNING - ssr:stedsnr = 243712 has multiple (3) positions, using the first one!
utility_to_osm - WARNING - ssr:stedsnr = 243673 has multiple (2) positions, using the first one!
utility_to_osm - WARNING - ssr:stedsnr = 243760: No priority spelling found for lang = no, using alt_name to get "[('no', 'Bjeddan')]"
utility_to_osm - WARNING - ssr:stedsnr = 243720 has multiple (2) positions, using the first one!
utility_to_osm - WARNING - ssr:stedsnr = 243722 has multiple (4) positions, using the first one!
utility_to_osm - WARNING - ssr:stedsnr = 243798 has multiple (4) positions, using the first one!
utility_to_osm - WARNING - ssr:stedsnr = 243801 has multiple (5) positions, using the first one!
utility_to_osm - WARNING - ssr:stedsnr = 243805 has multiple (2) positions, using the first one!
utility_to_osm - WARNING - ssr:stedsnr = 243809 has multiple (4) positions, using the first one!
utility_to_osm - WARNING - ssr:stedsnr = 243812 has multiple (3) positions, using the first one!
utility_to_osm - WARNING - ssr:stedsnr = 243815 has multiple (3) positions, using the first one!
utility_to_osm - WARNING - ssr:stedsnr = 243779 has multiple (2) positions, using the first one!
utility_to_osm - WARNING - ssr:stedsnr = 243852 has multiple (4) positions, using the first one!
utility_to_osm - WARNING - ssr:stedsnr = 243829 has multiple (4) positions, using the first one!
utility_to_osm - WARNING - ssr:stedsnr = 243862 has multiple (3) positions, using the first one!
utility_to_osm - WARNING - ssr:stedsnr = 243875 has multiple (3) positions, using the first one!
utility_to_osm - WARNING - ssr:stedsnr = 243878 has multiple (4) positions, using the first one!
utility_to_osm - WARNING - ssr:stedsnr = 243880 has multiple (3) positions, using the first one!
utility_to_osm - WARNING - ssr:stedsnr = 243951 has multiple (4) positions, using the first one!
utility_to_osm - WARNING - ssr:stedsnr = 243955 has multiple (3) positions, using the first one!
utility_to_osm - WARNING - ssr:stedsnr = 243905 has multiple (3) positions, using the first one!
utility_to_osm - WARNING - ssr:stedsnr = 243908 has multiple (2) positions, using the first one!
utility_to_osm - WARNING - ssr:stedsnr = 243961 has multiple (3) positions, using the first one!
utility_to_osm - WARNING - ssr:stedsnr = 243965 has multiple (3) positions, using the first one!
utility_to_osm - WARNING - ssr:stedsnr = 243972 has multiple (4) positions, using the first one!
utility_to_osm - WARNING - ssr:stedsnr = 243980 has multiple (3) positions, using the first one!
utility_to_osm - WARNING - ssr:stedsnr = 243920 has multiple (3) positions, using the first one!
utility_to_osm - WARNING - ssr:stedsnr = 243925 has multiple (2) positions, using the first one!
utility_to_osm - WARNING - ssr:stedsnr = 243926: No priority spelling found for lang = no, using alt_name to get "[('no', 'Tredal')]"
utility_to_osm - WARNING - ssr:stedsnr = 243929 has multiple (3) positions, using the first one!
utility_to_osm - WARNING - ssr:stedsnr = 82305: No priority spelling found for lang = no, using alt_name to get "[('no', 'Udvåre')]"
utility_to_osm - WARNING - ssr:stedsnr = 83336 has multiple (2) positions, using the first one!
utility_to_osm - WARNING - ssr:stedsnr = 83682 has multiple (2) positions, using the first one!
utility_to_osm - WARNING - ssr:stedsnr = 83695 has multiple (3) positions, using the first one!
utility_to_osm - WARNING - ssr:stedsnr = 83587 has multiple (2) positions, using the first one!
utility_to_osm - WARNING - ssr:stedsnr = 85086 has multiple (4) positions, using the first one!
utility_to_osm - WARNING - ssr:stedsnr = 85089 has multiple (2) positions, using the first one!
utility_to_osm - WARNING - ssr:stedsnr = 85226 has multiple (2) positions, using the first one!
utility_to_osm - ERROR - ssr:stedsnr = 85577: Adding multiple names to name tag, this is not OK! name = "Skiftenesvika;Nodevika"
utility_to_osm - WARNING - ssr:stedsnr = 85577 has multiple (2) positions, using the first one!
utility_to_osm - WARNING - ssr:stedsnr = 85802 has multiple (2) positions, using the first one!
utility_to_osm - WARNING - ssr:stedsnr = 85923: No priority spelling found for lang = no, using alt_name to get "[('no', 'Amiensflua')]"
utility_to_osm - WARNING - ssr:stedsnr = 86432 has multiple (2) positions, using the first one!
utility_to_osm - WARNING - ssr:stedsnr = 87127 has multiple (2) positions, using the first one!
utility_to_osm - WARNING - ssr:stedsnr = 86875 has multiple (2) positions, using the first one!
utility_to_osm - WARNING - ssr:stedsnr = 87691 has multiple (2) positions, using the first one!
utility_to_osm - WARNING - ssr:stedsnr = 303719 has multiple (3) positions, using the first one!
utility_to_osm - WARNING - ssr:stedsnr = 303842 has multiple (3) positions, using the first one!
utility_to_osm - WARNING - ssr:stedsnr = 107517: No priority spelling found for lang = no, using alt_name to get "[('no', 'Sjølingstad bru')]"
utility_to_osm - WARNING - ssr:stedsnr = 303844 has multiple (3) positions, using the first one!
utility_to_osm - WARNING - ssr:stedsnr = 121413 has multiple (3) positions, using the first one!
utility_to_osm - WARNING - ssr:stedsnr = 121511 has multiple (3) positions, using the first one!
utility_to_osm - WARNING - ssr:stedsnr = 121566 has multiple (4) positions, using the first one!
utility_to_osm - WARNING - ssr:stedsnr = 121570 has multiple (3) positions, using the first one!
utility_to_osm - WARNING - ssr:stedsnr = 121574 has multiple (3) positions, using the first one!
utility_to_osm - WARNING - ssr:stedsnr = 121585: No priority spelling found for lang = no, using alt_name to get "[('no', 'Lonestrand')]"
utility_to_osm - WARNING - ssr:stedsnr = 121702 has multiple (3) positions, using the first one!
utility_to_osm - WARNING - ssr:stedsnr = 121705 has multiple (3) positions, using the first one!
utility_to_osm - WARNING - ssr:stedsnr = 121712: No priority spelling found for lang = no, using alt_name to get "[('no', 'Heddelandsmonen')]"
utility_to_osm - WARNING - ssr:stedsnr = 121715 has multiple (3) positions, using the first one!
utility_to_osm - WARNING - ssr:stedsnr = 121720 has multiple (3) positions, using the first one!
utility_to_osm - WARNING - ssr:stedsnr = 121722 has multiple (3) positions, using the first one!
utility_to_osm - WARNING - ssr:stedsnr = 121723 has multiple (3) positions, using the first one!
utility_to_osm - WARNING - ssr:stedsnr = 121625 has multiple (3) positions, using the first one!
utility_to_osm - WARNING - ssr:stedsnr = 121664 has multiple (4) positions, using the first one!
utility_to_osm - WARNING - ssr:stedsnr = 121677 has multiple (3) positions, using the first one!
utility_to_osm - WARNING - ssr:stedsnr = 121826 has multiple (3) positions, using the first one!
utility_to_osm - WARNING - ssr:stedsnr = 121831 has multiple (2) positions, using the first one!
utility_to_osm - WARNING - ssr:stedsnr = 121833 has multiple (3) positions, using the first one!
utility_to_osm - WARNING - ssr:stedsnr = 121905: No priority spelling found for lang = no, using alt_name to get "[('no', 'Ytre Eigeland')]"
utility_to_osm - WARNING - ssr:stedsnr = 121907 has multiple (3) positions, using the first one!
utility_to_osm - WARNING - ssr:stedsnr = 121909 has multiple (3) positions, using the first one!
utility_to_osm - WARNING - ssr:stedsnr = 121916 has multiple (4) positions, using the first one!
utility_to_osm - WARNING - ssr:stedsnr = 121920: No priority spelling found for lang = no, using alt_name to get "[('no', 'Remesvik')]"
utility_to_osm - WARNING - ssr:stedsnr = 121972 has multiple (2) positions, using the first one!
utility_to_osm - WARNING - ssr:stedsnr = 121976 has multiple (3) positions, using the first one!
utility_to_osm - WARNING - ssr:stedsnr = 121978 has multiple (4) positions, using the first one!
utility_to_osm - WARNING - ssr:stedsnr = 121979 has multiple (3) positions, using the first one!
utility_to_osm - WARNING - ssr:stedsnr = 121980 has multiple (8) positions, using the first one!
utility_to_osm - WARNING - ssr:stedsnr = 121987 has multiple (4) positions, using the first one!
utility_to_osm - ERROR - ssr:stedsnr = 121993: Adding multiple names to name tag, this is not OK! name = "Ormestrengen;Ormestreng"
utility_to_osm - WARNING - ssr:stedsnr = 121993 has multiple (3) positions, using the first one!
utility_to_osm - WARNING - ssr:stedsnr = 121873 has multiple (3) positions, using the first one!
utility_to_osm - WARNING - ssr:stedsnr = 121879 has multiple (3) positions, using the first one!
utility_to_osm - WARNING - ssr:stedsnr = 121882 has multiple (3) positions, using the first one!
utility_to_osm - WARNING - ssr:stedsnr = 143319: No priority spelling found for lang = no, using alt_name to get "[('no', 'Vårefjorden')]"
utility_to_osm - WARNING - ssr:stedsnr = 143333 has multiple (2) positions, using the first one!
utility_to_osm - WARNING - ssr:stedsnr = 144769: No priority spelling found for lang = no, using alt_name to get "[('no', 'Timberåsen')]"
