utility_to_osm - ERROR - ssr:stedsnr = 288505: No name found
utility_to_osm - ERROR - ssr:stedsnr = 288509: No name found
utility_to_osm - ERROR - ssr:stedsnr = 294614: No name found
utility_to_osm - ERROR - ssr:stedsnr = 306229: No name found
utility_to_osm - WARNING - ssr:stedsnr = 306229 has multiple (3) positions, using the first one!
utility_to_osm - ERROR - ssr:stedsnr = 306282: No name found
utility_to_osm - WARNING - ssr:stedsnr = 306282 has multiple (4) positions, using the first one!
utility_to_osm - ERROR - ssr:stedsnr = 306352: No name found
utility_to_osm - WARNING - ssr:stedsnr = 306352 has multiple (3) positions, using the first one!
utility_to_osm - ERROR - ssr:stedsnr = 306354: No name found
utility_to_osm - WARNING - ssr:stedsnr = 306354 has multiple (3) positions, using the first one!
utility_to_osm - ERROR - ssr:stedsnr = 307020: No name found
utility_to_osm - WARNING - ssr:stedsnr = 307020 has multiple (3) positions, using the first one!
utility_to_osm - ERROR - ssr:stedsnr = 307066: No name found
utility_to_osm - WARNING - ssr:stedsnr = 307066 has multiple (3) positions, using the first one!
utility_to_osm - ERROR - ssr:stedsnr = 307175: No name found
utility_to_osm - WARNING - ssr:stedsnr = 307175 has multiple (3) positions, using the first one!
utility_to_osm - ERROR - ssr:stedsnr = 307209: No name found
utility_to_osm - WARNING - ssr:stedsnr = 307209 has multiple (4) positions, using the first one!
utility_to_osm - ERROR - ssr:stedsnr = 307229: No name found
utility_to_osm - WARNING - ssr:stedsnr = 307229 has multiple (3) positions, using the first one!
utility_to_osm - ERROR - ssr:stedsnr = 307287: No name found
utility_to_osm - WARNING - ssr:stedsnr = 307287 has multiple (3) positions, using the first one!
utility_to_osm - ERROR - ssr:stedsnr = 307754: No name found
utility_to_osm - WARNING - ssr:stedsnr = 307754 has multiple (2) positions, using the first one!
utility_to_osm - ERROR - ssr:stedsnr = 307780: No name found
utility_to_osm - WARNING - ssr:stedsnr = 307780 has multiple (2) positions, using the first one!
utility_to_osm - ERROR - ssr:stedsnr = 307841: No name found
utility_to_osm - WARNING - ssr:stedsnr = 307841 has multiple (2) positions, using the first one!
utility_to_osm - ERROR - ssr:stedsnr = 325653: No name found
utility_to_osm - ERROR - ssr:stedsnr = 325654: No name found
utility_to_osm - ERROR - ssr:stedsnr = 325656: No name found
utility_to_osm - ERROR - ssr:stedsnr = 325657: No name found
utility_to_osm - ERROR - ssr:stedsnr = 325674: No name found
utility_to_osm - ERROR - ssr:stedsnr = 325684: No name found
utility_to_osm - ERROR - ssr:stedsnr = 325696: No name found
utility_to_osm - ERROR - ssr:stedsnr = 325701: No name found
utility_to_osm - ERROR - ssr:stedsnr = 325706: No name found
utility_to_osm - ERROR - ssr:stedsnr = 325704: No name found
utility_to_osm - ERROR - ssr:stedsnr = 325745: No name found
utility_to_osm - ERROR - ssr:stedsnr = 325757: No name found
utility_to_osm - ERROR - ssr:stedsnr = 325782: No name found
utility_to_osm - ERROR - ssr:stedsnr = 325973: No name found
utility_to_osm - ERROR - ssr:stedsnr = 325999: No name found
utility_to_osm - ERROR - ssr:stedsnr = 348530: No name found
utility_to_osm - ERROR - ssr:stedsnr = 367240: No name found
utility_to_osm - WARNING - ssr:stedsnr = 367240 has multiple (4) positions, using the first one!
utility_to_osm - ERROR - ssr:stedsnr = 367241: No name found
utility_to_osm - WARNING - ssr:stedsnr = 367241 has multiple (3) positions, using the first one!
utility_to_osm - ERROR - ssr:stedsnr = 367303: No name found
utility_to_osm - WARNING - ssr:stedsnr = 367303 has multiple (3) positions, using the first one!
utility_to_osm - ERROR - ssr:stedsnr = 368012: No name found
utility_to_osm - WARNING - ssr:stedsnr = 368012 has multiple (2) positions, using the first one!
utility_to_osm - ERROR - ssr:stedsnr = 368039: No name found
utility_to_osm - WARNING - ssr:stedsnr = 368039 has multiple (3) positions, using the first one!
utility_to_osm - ERROR - ssr:stedsnr = 368040: No name found
utility_to_osm - ERROR - ssr:stedsnr = 368054: No name found
utility_to_osm - WARNING - ssr:stedsnr = 368054 has multiple (3) positions, using the first one!
utility_to_osm - ERROR - ssr:stedsnr = 368146: No name found
utility_to_osm - WARNING - ssr:stedsnr = 368146 has multiple (2) positions, using the first one!
utility_to_osm - ERROR - ssr:stedsnr = 368162: No name found
utility_to_osm - WARNING - ssr:stedsnr = 368162 has multiple (3) positions, using the first one!
utility_to_osm - ERROR - ssr:stedsnr = 368229: No name found
utility_to_osm - WARNING - ssr:stedsnr = 368229 has multiple (4) positions, using the first one!
utility_to_osm - ERROR - ssr:stedsnr = 368246: No name found
utility_to_osm - WARNING - ssr:stedsnr = 368246 has multiple (3) positions, using the first one!
utility_to_osm - ERROR - ssr:stedsnr = 368814: No name found
utility_to_osm - WARNING - ssr:stedsnr = 368814 has multiple (3) positions, using the first one!
utility_to_osm - ERROR - ssr:stedsnr = 368840: No name found
utility_to_osm - WARNING - ssr:stedsnr = 368840 has multiple (2) positions, using the first one!
utility_to_osm - ERROR - ssr:stedsnr = 368985: No name found
utility_to_osm - ERROR - ssr:stedsnr = 368985: Adding multiple names to name tag, this is not OK! name = "Skoro;Nordre Skoro"
utility_to_osm - WARNING - ssr:stedsnr = 368985 has multiple (3) positions, using the first one!
utility_to_osm - ERROR - ssr:stedsnr = 368986: No name found
utility_to_osm - WARNING - ssr:stedsnr = 368986 has multiple (2) positions, using the first one!
utility_to_osm - ERROR - ssr:stedsnr = 385716: No name found
utility_to_osm - ERROR - ssr:stedsnr = 385715: No name found
utility_to_osm - ERROR - ssr:stedsnr = 385734: No name found
utility_to_osm - ERROR - ssr:stedsnr = 385636: No name found
utility_to_osm - ERROR - ssr:stedsnr = 385649: No name found
utility_to_osm - ERROR - ssr:stedsnr = 385666: No name found
utility_to_osm - ERROR - ssr:stedsnr = 385678: No name found
utility_to_osm - ERROR - ssr:stedsnr = 385679: No name found
utility_to_osm - ERROR - ssr:stedsnr = 385683: No name found
utility_to_osm - ERROR - ssr:stedsnr = 385696: No name found
utility_to_osm - ERROR - ssr:stedsnr = 385746: No name found
utility_to_osm - ERROR - ssr:stedsnr = 385760: No name found
utility_to_osm - ERROR - ssr:stedsnr = 385809: No name found
utility_to_osm - ERROR - ssr:stedsnr = 385989: No name found
utility_to_osm - WARNING - ssr:stedsnr = 385989 has multiple (2) positions, using the first one!
utility_to_osm - ERROR - ssr:stedsnr = 385993: No name found
utility_to_osm - ERROR - ssr:stedsnr = 387133: No name found
utility_to_osm - ERROR - ssr:stedsnr = 386934: No name found
utility_to_osm - ERROR - ssr:stedsnr = 386945: No name found
utility_to_osm - ERROR - ssr:stedsnr = 386947: No name found
utility_to_osm - ERROR - ssr:stedsnr = 409540: No name found
utility_to_osm - WARNING - ssr:stedsnr = 1059899: No priority spelling found for lang = no, using alt_name to get "[('no', u'Langlis vei')]"
utility_to_osm - ERROR - ssr:stedsnr = 1059899. No positions found, skipping
utility_to_osm - ERROR - ssr:stedsnr = 1059902: No name found
utility_to_osm - ERROR - ssr:stedsnr = 1059902. No positions found, skipping
utility_to_osm - ERROR - ssr:stedsnr = 1059905: No name found
utility_to_osm - ERROR - ssr:stedsnr = 1059905. No positions found, skipping
utility_to_osm - ERROR - ssr:stedsnr = 1059907: No name found
utility_to_osm - ERROR - ssr:stedsnr = 1059907. No positions found, skipping
utility_to_osm - WARNING - ssr:stedsnr = 1059909: No priority spelling found for lang = no, using alt_name to get "[('no', u'Mor \xc5ses vei')]"
utility_to_osm - ERROR - ssr:stedsnr = 1059909. No positions found, skipping
utility_to_osm - ERROR - ssr:stedsnr = 1059912: No name found
utility_to_osm - ERROR - ssr:stedsnr = 1059912. No positions found, skipping
utility_to_osm - ERROR - ssr:stedsnr = 1059914: No name found
utility_to_osm - ERROR - ssr:stedsnr = 1059914. No positions found, skipping
utility_to_osm - WARNING - ssr:stedsnr = 1059917: No priority spelling found for lang = no, using alt_name to get "[('no', u'Lunds\xe5sveien')]"
utility_to_osm - ERROR - ssr:stedsnr = 1059917. No positions found, skipping
utility_to_osm - ERROR - ssr:stedsnr = 1059919: No name found
utility_to_osm - ERROR - ssr:stedsnr = 1059919. No positions found, skipping
utility_to_osm - ERROR - ssr:stedsnr = 1059922: No name found
utility_to_osm - ERROR - ssr:stedsnr = 1059922. No positions found, skipping
utility_to_osm - ERROR - ssr:stedsnr = 1059925: No name found
utility_to_osm - ERROR - ssr:stedsnr = 1059925. No positions found, skipping
utility_to_osm - WARNING - ssr:stedsnr = 1059928: No priority spelling found for lang = no, using alt_name to get "[('no', u'Kompaniveien')]"
utility_to_osm - ERROR - ssr:stedsnr = 1059928. No positions found, skipping
utility_to_osm - INFO - ssr:stedsnr = 1059931 not active = "relikt". Skipping...
utility_to_osm - ERROR - ssr:stedsnr = 1059934: No name found
utility_to_osm - ERROR - ssr:stedsnr = 1059934. No positions found, skipping
utility_to_osm - ERROR - ssr:stedsnr = 1059936: No name found
utility_to_osm - ERROR - ssr:stedsnr = 1059936. No positions found, skipping
utility_to_osm - ERROR - ssr:stedsnr = 1059939: No name found
utility_to_osm - ERROR - ssr:stedsnr = 1059939. No positions found, skipping
utility_to_osm - ERROR - ssr:stedsnr = 1059941: No name found
utility_to_osm - ERROR - ssr:stedsnr = 1059941. No positions found, skipping
utility_to_osm - WARNING - ssr:stedsnr = 1059944: No priority spelling found for lang = no, using alt_name to get "[('no', u'Aslaks vei')]"
utility_to_osm - ERROR - ssr:stedsnr = 1059944. No positions found, skipping
utility_to_osm - WARNING - ssr:stedsnr = 1059946: No priority spelling found for lang = no, using alt_name to get "[('no', u'Arnoldts vei')]"
utility_to_osm - ERROR - ssr:stedsnr = 1059946. No positions found, skipping
utility_to_osm - INFO - ssr:stedsnr = 1059949 not active = "relikt". Skipping...
utility_to_osm - ERROR - ssr:stedsnr = 1059950: No name found
utility_to_osm - ERROR - ssr:stedsnr = 1059950. No positions found, skipping
utility_to_osm - ERROR - ssr:stedsnr = 1059952: No name found
utility_to_osm - ERROR - ssr:stedsnr = 1059952. No positions found, skipping
utility_to_osm - ERROR - ssr:stedsnr = 1059953: No name found
utility_to_osm - ERROR - ssr:stedsnr = 1059953. No positions found, skipping
utility_to_osm - ERROR - ssr:stedsnr = 1059955: No name found
utility_to_osm - ERROR - ssr:stedsnr = 1059955. No positions found, skipping
utility_to_osm - WARNING - ssr:stedsnr = 1059963: No priority spelling found for lang = no, using alt_name to get "[('no', u'Anitras vei')]"
utility_to_osm - ERROR - ssr:stedsnr = 1059963. No positions found, skipping
utility_to_osm - WARNING - ssr:stedsnr = 1060988: No priority spelling found for lang = no, using alt_name to get "[('no', u'N\xe6ringsveien')]"
utility_to_osm - ERROR - ssr:stedsnr = 1060988. No positions found, skipping
utility_to_osm - WARNING - ssr:stedsnr = 1060950: No priority spelling found for lang = no, using alt_name to get "[('no', u'Hesleveien')]"
utility_to_osm - ERROR - ssr:stedsnr = 1060950. No positions found, skipping
utility_to_osm - WARNING - ssr:stedsnr = 1060952: No priority spelling found for lang = no, using alt_name to get "[('no', u'Ligotveien')]"
utility_to_osm - ERROR - ssr:stedsnr = 1060952. No positions found, skipping
utility_to_osm - WARNING - ssr:stedsnr = 1060956: No priority spelling found for lang = no, using alt_name to get "[('no', u'Karjolkroken')]"
utility_to_osm - ERROR - ssr:stedsnr = 1060956. No positions found, skipping
utility_to_osm - WARNING - ssr:stedsnr = 1060959: No priority spelling found for lang = no, using alt_name to get "[('no', u'Giltvedtveien')]"
utility_to_osm - ERROR - ssr:stedsnr = 1060959. No positions found, skipping
utility_to_osm - WARNING - ssr:stedsnr = 1060965: No priority spelling found for lang = no, using alt_name to get "[('no', u'Heliveien')]"
utility_to_osm - ERROR - ssr:stedsnr = 1060965. No positions found, skipping
utility_to_osm - WARNING - ssr:stedsnr = 1060968: No priority spelling found for lang = no, using alt_name to get "[('no', u'Aasheimkroken')]"
utility_to_osm - ERROR - ssr:stedsnr = 1060968. No positions found, skipping
utility_to_osm - WARNING - ssr:stedsnr = 1060972: No priority spelling found for lang = no, using alt_name to get "[('no', u'Solbergfossveien')]"
utility_to_osm - ERROR - ssr:stedsnr = 1060972. No positions found, skipping
utility_to_osm - WARNING - ssr:stedsnr = 1060974: No priority spelling found for lang = no, using alt_name to get "[('no', u'Knausveien')]"
utility_to_osm - ERROR - ssr:stedsnr = 1060974. No positions found, skipping
utility_to_osm - WARNING - ssr:stedsnr = 1060980: No priority spelling found for lang = no, using alt_name to get "[('no', u'L\xf8kkerudveien')]"
utility_to_osm - ERROR - ssr:stedsnr = 1060980. No positions found, skipping
utility_to_osm - WARNING - ssr:stedsnr = 1060983: No priority spelling found for lang = no, using alt_name to get "[('no', u'Buerveien')]"
utility_to_osm - ERROR - ssr:stedsnr = 1060983. No positions found, skipping
utility_to_osm - WARNING - ssr:stedsnr = 1060993: No priority spelling found for lang = no, using alt_name to get "[('no', u'Skarveien')]"
utility_to_osm - ERROR - ssr:stedsnr = 1060993. No positions found, skipping
utility_to_osm - WARNING - ssr:stedsnr = 1060997: No priority spelling found for lang = no, using alt_name to get "[('no', u'Nordmyrstubben')]"
utility_to_osm - ERROR - ssr:stedsnr = 1060997. No positions found, skipping
utility_to_osm - WARNING - ssr:stedsnr = 1061002: No priority spelling found for lang = no, using alt_name to get "[('no', u'Vidar\xe5sveien')]"
utility_to_osm - ERROR - ssr:stedsnr = 1061002. No positions found, skipping
utility_to_osm - WARNING - ssr:stedsnr = 1061006: No priority spelling found for lang = no, using alt_name to get "[('no', u'Viddaveien')]"
utility_to_osm - ERROR - ssr:stedsnr = 1061006. No positions found, skipping
utility_to_osm - WARNING - ssr:stedsnr = 1061011: No priority spelling found for lang = no, using alt_name to get "[('no', u'Gr\xe5\xe5sveien')]"
utility_to_osm - ERROR - ssr:stedsnr = 1061011. No positions found, skipping
utility_to_osm - WARNING - ssr:stedsnr = 1061013: No priority spelling found for lang = no, using alt_name to get "[('no', u'H\xf8gda')]"
utility_to_osm - ERROR - ssr:stedsnr = 1061013. No positions found, skipping
utility_to_osm - WARNING - ssr:stedsnr = 1061016: No priority spelling found for lang = no, using alt_name to get "[('no', u'Tronstadveien')]"
utility_to_osm - ERROR - ssr:stedsnr = 1061016. No positions found, skipping
utility_to_osm - WARNING - ssr:stedsnr = 1061019: No priority spelling found for lang = no, using alt_name to get "[('no', u'Hyllibakken')]"
utility_to_osm - ERROR - ssr:stedsnr = 1061019. No positions found, skipping
utility_to_osm - WARNING - ssr:stedsnr = 1061022: No priority spelling found for lang = no, using alt_name to get "[('no', u'Br\xe5tanlia')]"
utility_to_osm - ERROR - ssr:stedsnr = 1061022. No positions found, skipping
utility_to_osm - WARNING - ssr:stedsnr = 1061027: No priority spelling found for lang = no, using alt_name to get "[('no', u'R\xf8ysveien')]"
utility_to_osm - ERROR - ssr:stedsnr = 1061027. No positions found, skipping
utility_to_osm - WARNING - ssr:stedsnr = 1061030: No priority spelling found for lang = no, using alt_name to get "[('no', u'L\xf8kenstubben')]"
utility_to_osm - ERROR - ssr:stedsnr = 1061030. No positions found, skipping
utility_to_osm - WARNING - ssr:stedsnr = 1061035: No priority spelling found for lang = no, using alt_name to get "[('no', u'Hushagasvingen')]"
utility_to_osm - ERROR - ssr:stedsnr = 1061035. No positions found, skipping
utility_to_osm - WARNING - ssr:stedsnr = 1061039: No priority spelling found for lang = no, using alt_name to get "[('no', u'Hylliveien')]"
utility_to_osm - ERROR - ssr:stedsnr = 1061039. No positions found, skipping
utility_to_osm - WARNING - ssr:stedsnr = 1061042: No priority spelling found for lang = no, using alt_name to get "[('no', u'Hushagenveien')]"
utility_to_osm - ERROR - ssr:stedsnr = 1061042. No positions found, skipping
utility_to_osm - ERROR - ssr:stedsnr = 1061045: No name found
utility_to_osm - ERROR - ssr:stedsnr = 1061045. No positions found, skipping
utility_to_osm - ERROR - ssr:stedsnr = 1061047: No name found
utility_to_osm - ERROR - ssr:stedsnr = 1061047. No positions found, skipping
utility_to_osm - WARNING - ssr:stedsnr = 1061050: No priority spelling found for lang = no, using alt_name to get "[('no', u'L\xf8vestadveien')]"
utility_to_osm - ERROR - ssr:stedsnr = 1061050. No positions found, skipping
utility_to_osm - WARNING - ssr:stedsnr = 1061053: No priority spelling found for lang = no, using alt_name to get "[('no', u'Nordmyrkroken')]"
utility_to_osm - ERROR - ssr:stedsnr = 1061053. No positions found, skipping
utility_to_osm - WARNING - ssr:stedsnr = 1061056: No priority spelling found for lang = no, using alt_name to get "[('no', u'Vollebekk')]"
utility_to_osm - ERROR - ssr:stedsnr = 1061056. No positions found, skipping
utility_to_osm - WARNING - ssr:stedsnr = 1061059: No priority spelling found for lang = no, using alt_name to get "[('no', u'Hyllikroken')]"
utility_to_osm - ERROR - ssr:stedsnr = 1061059. No positions found, skipping
utility_to_osm - ERROR - ssr:stedsnr = 1061062: No name found
utility_to_osm - ERROR - ssr:stedsnr = 1061062. No positions found, skipping
utility_to_osm - ERROR - ssr:stedsnr = 1061066: No name found
utility_to_osm - ERROR - ssr:stedsnr = 1061066. No positions found, skipping
utility_to_osm - ERROR - ssr:stedsnr = 1061070: No name found
utility_to_osm - ERROR - ssr:stedsnr = 1061070. No positions found, skipping
utility_to_osm - ERROR - ssr:stedsnr = 1061075: No name found
utility_to_osm - ERROR - ssr:stedsnr = 1061075. No positions found, skipping
utility_to_osm - ERROR - ssr:stedsnr = 1061080: No name found
utility_to_osm - ERROR - ssr:stedsnr = 1061080. No positions found, skipping
utility_to_osm - WARNING - ssr:stedsnr = 1061084: No priority spelling found for lang = no, using alt_name to get "[('no', u'Stegenveien')]"
utility_to_osm - ERROR - ssr:stedsnr = 1061084. No positions found, skipping
utility_to_osm - ERROR - ssr:stedsnr = 1061089: No name found
utility_to_osm - ERROR - ssr:stedsnr = 1061089. No positions found, skipping
utility_to_osm - ERROR - ssr:stedsnr = 1061092: No name found
utility_to_osm - ERROR - ssr:stedsnr = 1061092. No positions found, skipping
utility_to_osm - ERROR - ssr:stedsnr = 1061096: No name found
utility_to_osm - ERROR - ssr:stedsnr = 1061096. No positions found, skipping
utility_to_osm - ERROR - ssr:stedsnr = 1061100: No name found
utility_to_osm - ERROR - ssr:stedsnr = 1061100. No positions found, skipping
utility_to_osm - WARNING - ssr:stedsnr = 1061104: No priority spelling found for lang = no, using alt_name to get "[('no', u'Wilses vei')]"
utility_to_osm - ERROR - ssr:stedsnr = 1061104. No positions found, skipping
utility_to_osm - ERROR - ssr:stedsnr = 1061109: No name found
utility_to_osm - ERROR - ssr:stedsnr = 1061109. No positions found, skipping
utility_to_osm - WARNING - ssr:stedsnr = 1061113: No priority spelling found for lang = no, using alt_name to get "[('no', u'D\xe6hliveien')]"
utility_to_osm - ERROR - ssr:stedsnr = 1061113. No positions found, skipping
utility_to_osm - ERROR - ssr:stedsnr = 1061116: No name found
utility_to_osm - ERROR - ssr:stedsnr = 1061116. No positions found, skipping
utility_to_osm - WARNING - ssr:stedsnr = 1061121: No priority spelling found for lang = no, using alt_name to get "[('no', u'Industriveien')]"
utility_to_osm - ERROR - ssr:stedsnr = 1061121. No positions found, skipping
utility_to_osm - WARNING - ssr:stedsnr = 1061126: No priority spelling found for lang = no, using alt_name to get "[('no', u'Grinistubben')]"
utility_to_osm - ERROR - ssr:stedsnr = 1061126. No positions found, skipping
utility_to_osm - WARNING - ssr:stedsnr = 1061129: No priority spelling found for lang = no, using alt_name to get "[('no', u'Stasjonsgata')]"
utility_to_osm - ERROR - ssr:stedsnr = 1061129. No positions found, skipping
utility_to_osm - ERROR - ssr:stedsnr = 1061133: No name found
utility_to_osm - ERROR - ssr:stedsnr = 1061133. No positions found, skipping
utility_to_osm - ERROR - ssr:stedsnr = 1061137: No name found
utility_to_osm - ERROR - ssr:stedsnr = 1061137. No positions found, skipping
utility_to_osm - WARNING - ssr:stedsnr = 1061140: No priority spelling found for lang = no, using alt_name to get "[('no', u'Slettevoldveien')]"
utility_to_osm - ERROR - ssr:stedsnr = 1061140. No positions found, skipping
utility_to_osm - ERROR - ssr:stedsnr = 1061144: No name found
utility_to_osm - ERROR - ssr:stedsnr = 1061144. No positions found, skipping
utility_to_osm - WARNING - ssr:stedsnr = 1061147: No priority spelling found for lang = no, using alt_name to get "[('no', u'Bukkerittet')]"
utility_to_osm - ERROR - ssr:stedsnr = 1061147. No positions found, skipping
utility_to_osm - ERROR - ssr:stedsnr = 1061150: No name found
utility_to_osm - ERROR - ssr:stedsnr = 1061150. No positions found, skipping
utility_to_osm - ERROR - ssr:stedsnr = 1061153: No name found
utility_to_osm - ERROR - ssr:stedsnr = 1061153. No positions found, skipping
utility_to_osm - WARNING - ssr:stedsnr = 1061156: No priority spelling found for lang = no, using alt_name to get "[('no', u'Peer Gynts vei')]"
utility_to_osm - ERROR - ssr:stedsnr = 1061156. No positions found, skipping
utility_to_osm - ERROR - ssr:stedsnr = 1061159: No name found
utility_to_osm - ERROR - ssr:stedsnr = 1061159. No positions found, skipping
utility_to_osm - ERROR - ssr:stedsnr = 1061163: No name found
utility_to_osm - ERROR - ssr:stedsnr = 1061163. No positions found, skipping
utility_to_osm - ERROR - ssr:stedsnr = 1061167: No name found
utility_to_osm - ERROR - ssr:stedsnr = 1061167. No positions found, skipping
utility_to_osm - WARNING - ssr:stedsnr = 1061171: No priority spelling found for lang = no, using alt_name to get "[('no', u'Gartnerl\xf8kka')]"
utility_to_osm - ERROR - ssr:stedsnr = 1061171. No positions found, skipping
utility_to_osm - WARNING - ssr:stedsnr = 1061175: No priority spelling found for lang = no, using alt_name to get "[('no', u'Dovregubbens vei')]"
utility_to_osm - ERROR - ssr:stedsnr = 1061175. No positions found, skipping
utility_to_osm - WARNING - ssr:stedsnr = 1061178: No priority spelling found for lang = no, using alt_name to get "[('no', u'Rolls vei')]"
utility_to_osm - ERROR - ssr:stedsnr = 1061178. No positions found, skipping
utility_to_osm - ERROR - ssr:stedsnr = 1061182: No name found
utility_to_osm - ERROR - ssr:stedsnr = 1061182. No positions found, skipping
utility_to_osm - WARNING - ssr:stedsnr = 1061222: No priority spelling found for lang = no, using alt_name to get "[('no', u'Svarverud')]"
utility_to_osm - ERROR - ssr:stedsnr = 1061222. No positions found, skipping
utility_to_osm - WARNING - ssr:stedsnr = 1061382: No priority spelling found for lang = no, using alt_name to get "[('no', u'Roselundveien')]"
utility_to_osm - ERROR - ssr:stedsnr = 1061382. No positions found, skipping
utility_to_osm - WARNING - ssr:stedsnr = 1061235: No priority spelling found for lang = no, using alt_name to get "[('no', u'Enebakkveien')]"
utility_to_osm - ERROR - ssr:stedsnr = 1061235. No positions found, skipping
utility_to_osm - WARNING - ssr:stedsnr = 1061238: No priority spelling found for lang = no, using alt_name to get "[('no', u'S\xf8lvberg\xe5sen')]"
utility_to_osm - ERROR - ssr:stedsnr = 1061238. No positions found, skipping
utility_to_osm - WARNING - ssr:stedsnr = 1061241: No priority spelling found for lang = no, using alt_name to get "[('no', u'L\xf8ken All\xe9')]"
utility_to_osm - ERROR - ssr:stedsnr = 1061241. No positions found, skipping
utility_to_osm - WARNING - ssr:stedsnr = 1061243: No priority spelling found for lang = no, using alt_name to get "[('no', u'Elgtrekket')]"
utility_to_osm - ERROR - ssr:stedsnr = 1061243. No positions found, skipping
utility_to_osm - WARNING - ssr:stedsnr = 1061247: No priority spelling found for lang = no, using alt_name to get "[('no', u'Amundrud')]"
utility_to_osm - ERROR - ssr:stedsnr = 1061247. No positions found, skipping
utility_to_osm - WARNING - ssr:stedsnr = 1061250: No priority spelling found for lang = no, using alt_name to get "[('no', u'Kauseb\xf8l')]"
utility_to_osm - ERROR - ssr:stedsnr = 1061250. No positions found, skipping
utility_to_osm - WARNING - ssr:stedsnr = 1061253: No priority spelling found for lang = no, using alt_name to get "[('no', u'Holms\xe5sen')]"
utility_to_osm - ERROR - ssr:stedsnr = 1061253. No positions found, skipping
utility_to_osm - WARNING - ssr:stedsnr = 1061257: No priority spelling found for lang = no, using alt_name to get "[('no', u'Torud\xe5sen')]"
utility_to_osm - ERROR - ssr:stedsnr = 1061257. No positions found, skipping
utility_to_osm - WARNING - ssr:stedsnr = 1061258: No priority spelling found for lang = no, using alt_name to get "[('no', u'V\xe5lerveien')]"
utility_to_osm - ERROR - ssr:stedsnr = 1061258. No positions found, skipping
utility_to_osm - WARNING - ssr:stedsnr = 1061263: No priority spelling found for lang = no, using alt_name to get "[('no', u'Trollerudveien')]"
utility_to_osm - ERROR - ssr:stedsnr = 1061263. No positions found, skipping
utility_to_osm - WARNING - ssr:stedsnr = 1061267: No priority spelling found for lang = no, using alt_name to get "[('no', u'Torudveien')]"
utility_to_osm - ERROR - ssr:stedsnr = 1061267. No positions found, skipping
utility_to_osm - WARNING - ssr:stedsnr = 1061272: No priority spelling found for lang = no, using alt_name to get "[('no', u'Svinndalveien')]"
utility_to_osm - ERROR - ssr:stedsnr = 1061272. No positions found, skipping
utility_to_osm - WARNING - ssr:stedsnr = 1061277: No priority spelling found for lang = no, using alt_name to get "[('no', u'Fossumveien')]"
utility_to_osm - ERROR - ssr:stedsnr = 1061277. No positions found, skipping
utility_to_osm - WARNING - ssr:stedsnr = 1061280: No priority spelling found for lang = no, using alt_name to get "[('no', u'Tronstadkroken')]"
utility_to_osm - ERROR - ssr:stedsnr = 1061280. No positions found, skipping
utility_to_osm - WARNING - ssr:stedsnr = 1061284: No priority spelling found for lang = no, using alt_name to get "[('no', u'Sundbyveien')]"
utility_to_osm - ERROR - ssr:stedsnr = 1061284. No positions found, skipping
utility_to_osm - WARNING - ssr:stedsnr = 1061288: No priority spelling found for lang = no, using alt_name to get "[('no', u'Kirkerudveien')]"
utility_to_osm - ERROR - ssr:stedsnr = 1061288. No positions found, skipping
utility_to_osm - WARNING - ssr:stedsnr = 1061293: No priority spelling found for lang = no, using alt_name to get "[('no', u'Hemnesveien')]"
utility_to_osm - ERROR - ssr:stedsnr = 1061293. No positions found, skipping
utility_to_osm - WARNING - ssr:stedsnr = 1061300: No priority spelling found for lang = no, using alt_name to get "[('no', u'Fossumskogen')]"
utility_to_osm - ERROR - ssr:stedsnr = 1061300. No positions found, skipping
utility_to_osm - WARNING - ssr:stedsnr = 1061305: No priority spelling found for lang = no, using alt_name to get "[('no', u'Bjabergveien')]"
utility_to_osm - ERROR - ssr:stedsnr = 1061305. No positions found, skipping
utility_to_osm - WARNING - ssr:stedsnr = 1061308: No priority spelling found for lang = no, using alt_name to get "[('no', u'Svennebyveien')]"
utility_to_osm - ERROR - ssr:stedsnr = 1061308. No positions found, skipping
utility_to_osm - WARNING - ssr:stedsnr = 1061312: No priority spelling found for lang = no, using alt_name to get "[('no', u'M\xf8rkveien')]"
utility_to_osm - ERROR - ssr:stedsnr = 1061312. No positions found, skipping
utility_to_osm - WARNING - ssr:stedsnr = 1061317: No priority spelling found for lang = no, using alt_name to get "[('no', u'Kulaveien')]"
utility_to_osm - ERROR - ssr:stedsnr = 1061317. No positions found, skipping
utility_to_osm - WARNING - ssr:stedsnr = 1061321: No priority spelling found for lang = no, using alt_name to get "[('no', u'Spydebergveien')]"
utility_to_osm - ERROR - ssr:stedsnr = 1061321. No positions found, skipping
utility_to_osm - WARNING - ssr:stedsnr = 1061326: No priority spelling found for lang = no, using alt_name to get "[('no', u'Kvartsveien')]"
utility_to_osm - ERROR - ssr:stedsnr = 1061326. No positions found, skipping
utility_to_osm - WARNING - ssr:stedsnr = 1061329: No priority spelling found for lang = no, using alt_name to get "[('no', u'Granittveien')]"
utility_to_osm - ERROR - ssr:stedsnr = 1061329. No positions found, skipping
utility_to_osm - WARNING - ssr:stedsnr = 1061334: No priority spelling found for lang = no, using alt_name to get "[('no', u'Skiferveien')]"
utility_to_osm - ERROR - ssr:stedsnr = 1061334. No positions found, skipping
utility_to_osm - WARNING - ssr:stedsnr = 1061338: No priority spelling found for lang = no, using alt_name to get "[('no', u'Tueveien')]"
utility_to_osm - ERROR - ssr:stedsnr = 1061338. No positions found, skipping
utility_to_osm - WARNING - ssr:stedsnr = 1061341: No priority spelling found for lang = no, using alt_name to get "[('no', u'Buertoppen')]"
utility_to_osm - ERROR - ssr:stedsnr = 1061341. No positions found, skipping
utility_to_osm - WARNING - ssr:stedsnr = 1061346: No priority spelling found for lang = no, using alt_name to get "[('no', u'Volleneveien')]"
utility_to_osm - ERROR - ssr:stedsnr = 1061346. No positions found, skipping
utility_to_osm - WARNING - ssr:stedsnr = 1061350: No priority spelling found for lang = no, using alt_name to get "[('no', u'Steinhuggerveien')]"
utility_to_osm - ERROR - ssr:stedsnr = 1061350. No positions found, skipping
utility_to_osm - WARNING - ssr:stedsnr = 1061354: No priority spelling found for lang = no, using alt_name to get "[('no', u'Ravineveien')]"
utility_to_osm - ERROR - ssr:stedsnr = 1061354. No positions found, skipping
utility_to_osm - WARNING - ssr:stedsnr = 1061359: No priority spelling found for lang = no, using alt_name to get "[('no', u'\xd8stbuen')]"
utility_to_osm - ERROR - ssr:stedsnr = 1061359. No positions found, skipping
utility_to_osm - WARNING - ssr:stedsnr = 1061365: No priority spelling found for lang = no, using alt_name to get "[('no', u'Myrer skog')]"
utility_to_osm - ERROR - ssr:stedsnr = 1061365. No positions found, skipping
utility_to_osm - WARNING - ssr:stedsnr = 1061370: No priority spelling found for lang = no, using alt_name to get "[('no', u'Karistuveien')]"
utility_to_osm - ERROR - ssr:stedsnr = 1061370. No positions found, skipping
utility_to_osm - WARNING - ssr:stedsnr = 1061373: No priority spelling found for lang = no, using alt_name to get "[('no', u'Vestlundveien')]"
utility_to_osm - ERROR - ssr:stedsnr = 1061373. No positions found, skipping
utility_to_osm - WARNING - ssr:stedsnr = 1061378: No priority spelling found for lang = no, using alt_name to get "[('no', u'L\xf8vlia')]"
utility_to_osm - ERROR - ssr:stedsnr = 1061378. No positions found, skipping
utility_to_osm - ERROR - ssr:stedsnr = 892636: No name found
utility_to_osm - WARNING - ssr:stedsnr = 892636 has multiple (2) positions, using the first one!
utility_to_osm - ERROR - ssr:stedsnr = 895522: No name found
utility_to_osm - ERROR - ssr:stedsnr = 982325: No name found
utility_to_osm - ERROR - ssr:stedsnr = 986160: No name found
utility_to_osm - WARNING - ssr:stedsnr = 989138: No priority spelling found for lang = no, using alt_name to get "[('no', u'Bogen naturreservat')]"
utility_to_osm - WARNING - ssr:stedsnr = 1061296: No priority spelling found for lang = no, using alt_name to get "[('no', u'Haugenveien')]"
utility_to_osm - ERROR - ssr:stedsnr = 1061296. No positions found, skipping
utility_to_osm - ERROR - ssr:stedsnr = 3217: No name found
utility_to_osm - WARNING - ssr:stedsnr = 3217 has multiple (3) positions, using the first one!
utility_to_osm - ERROR - ssr:stedsnr = 3419: No name found
utility_to_osm - WARNING - ssr:stedsnr = 3419 has multiple (4) positions, using the first one!
utility_to_osm - ERROR - ssr:stedsnr = 3717: No name found
utility_to_osm - WARNING - ssr:stedsnr = 3717 has multiple (2) positions, using the first one!
utility_to_osm - ERROR - ssr:stedsnr = 3951: No name found
utility_to_osm - WARNING - ssr:stedsnr = 3951 has multiple (2) positions, using the first one!
utility_to_osm - INFO - ignoring non approved status = "avslått" name = "Hovin"
utility_to_osm - INFO - ignoring non approved status = "avslått" name = "Hovin"
utility_to_osm - INFO - ignoring non approved status = "avslått" name = "Hovin"
utility_to_osm - WARNING - ssr:stedsnr = 3966: No priority spelling found for lang = no, using alt_name to get "[('no', u'Hovin kirke')]"
utility_to_osm - WARNING - ssr:stedsnr = 3966 has multiple (4) positions, using the first one!
utility_to_osm - ERROR - ssr:stedsnr = 4008: No name found
utility_to_osm - WARNING - ssr:stedsnr = 4008 has multiple (3) positions, using the first one!
utility_to_osm - ERROR - ssr:stedsnr = 4010: No name found
utility_to_osm - WARNING - ssr:stedsnr = 4010 has multiple (3) positions, using the first one!
utility_to_osm - ERROR - ssr:stedsnr = 4038: No name found
utility_to_osm - WARNING - ssr:stedsnr = 4038 has multiple (3) positions, using the first one!
utility_to_osm - ERROR - ssr:stedsnr = 4163: No name found
utility_to_osm - WARNING - ssr:stedsnr = 4163 has multiple (3) positions, using the first one!
utility_to_osm - ERROR - ssr:stedsnr = 4224: No name found
utility_to_osm - WARNING - ssr:stedsnr = 4224 has multiple (3) positions, using the first one!
utility_to_osm - ERROR - ssr:stedsnr = 4416: No name found
utility_to_osm - WARNING - ssr:stedsnr = 4416 has multiple (3) positions, using the first one!
utility_to_osm - ERROR - ssr:stedsnr = 4417: No name found
utility_to_osm - WARNING - ssr:stedsnr = 4417 has multiple (3) positions, using the first one!
utility_to_osm - ERROR - ssr:stedsnr = 4528: No name found
utility_to_osm - WARNING - ssr:stedsnr = 4528 has multiple (3) positions, using the first one!
utility_to_osm - ERROR - ssr:stedsnr = 4771: No name found
utility_to_osm - WARNING - ssr:stedsnr = 4771 has multiple (2) positions, using the first one!
utility_to_osm - ERROR - ssr:stedsnr = 4818: No name found
utility_to_osm - WARNING - ssr:stedsnr = 4818 has multiple (2) positions, using the first one!
utility_to_osm - ERROR - ssr:stedsnr = 4829: No name found
utility_to_osm - ERROR - ssr:stedsnr = 4828: No name found
utility_to_osm - WARNING - ssr:stedsnr = 4828 has multiple (3) positions, using the first one!
utility_to_osm - ERROR - ssr:stedsnr = 4832: No name found
utility_to_osm - WARNING - ssr:stedsnr = 4832 has multiple (3) positions, using the first one!
utility_to_osm - ERROR - ssr:stedsnr = 4840: No name found
utility_to_osm - WARNING - ssr:stedsnr = 4840 has multiple (3) positions, using the first one!
utility_to_osm - ERROR - ssr:stedsnr = 4985: No name found
utility_to_osm - WARNING - ssr:stedsnr = 4985 has multiple (2) positions, using the first one!
utility_to_osm - ERROR - ssr:stedsnr = 22635: No name found
utility_to_osm - ERROR - ssr:stedsnr = 22634: No name found
utility_to_osm - ERROR - ssr:stedsnr = 22638: No name found
utility_to_osm - ERROR - ssr:stedsnr = 22650: No name found
utility_to_osm - ERROR - ssr:stedsnr = 22649: No name found
utility_to_osm - ERROR - ssr:stedsnr = 22662: No name found
utility_to_osm - ERROR - ssr:stedsnr = 22689: No name found
utility_to_osm - ERROR - ssr:stedsnr = 22692: No name found
utility_to_osm - ERROR - ssr:stedsnr = 22708: No name found
utility_to_osm - ERROR - ssr:stedsnr = 22770: No name found
utility_to_osm - ERROR - ssr:stedsnr = 22778: No name found
utility_to_osm - ERROR - ssr:stedsnr = 22951: No name found
utility_to_osm - ERROR - ssr:stedsnr = 22998: No name found
utility_to_osm - ERROR - ssr:stedsnr = 54785: No name found
utility_to_osm - WARNING - ssr:stedsnr = 54785 has multiple (3) positions, using the first one!
utility_to_osm - ERROR - ssr:stedsnr = 63497: No name found
utility_to_osm - WARNING - ssr:stedsnr = 63497 has multiple (2) positions, using the first one!
utility_to_osm - ERROR - ssr:stedsnr = 64141: No name found
utility_to_osm - WARNING - ssr:stedsnr = 64141 has multiple (3) positions, using the first one!
utility_to_osm - ERROR - ssr:stedsnr = 64225: No name found
utility_to_osm - WARNING - ssr:stedsnr = 64225 has multiple (3) positions, using the first one!
utility_to_osm - ERROR - ssr:stedsnr = 64360: No name found
utility_to_osm - ERROR - ssr:stedsnr = 64363: No name found
utility_to_osm - WARNING - ssr:stedsnr = 64363 has multiple (3) positions, using the first one!
utility_to_osm - ERROR - ssr:stedsnr = 64803: No name found
utility_to_osm - WARNING - ssr:stedsnr = 64803 has multiple (2) positions, using the first one!
utility_to_osm - ERROR - ssr:stedsnr = 64805: No name found
utility_to_osm - WARNING - ssr:stedsnr = 64805 has multiple (2) positions, using the first one!
utility_to_osm - ERROR - ssr:stedsnr = 65026: No name found
utility_to_osm - WARNING - ssr:stedsnr = 65026 has multiple (3) positions, using the first one!
utility_to_osm - ERROR - ssr:stedsnr = 65051: No name found
utility_to_osm - WARNING - ssr:stedsnr = 65051 has multiple (3) positions, using the first one!
utility_to_osm - ERROR - ssr:stedsnr = 65153: No name found
utility_to_osm - WARNING - ssr:stedsnr = 65153 has multiple (2) positions, using the first one!
utility_to_osm - ERROR - ssr:stedsnr = 65178: No name found
utility_to_osm - WARNING - ssr:stedsnr = 65178 has multiple (4) positions, using the first one!
utility_to_osm - ERROR - ssr:stedsnr = 82643: No name found
utility_to_osm - ERROR - ssr:stedsnr = 82647: No name found
utility_to_osm - ERROR - ssr:stedsnr = 82681: No name found
utility_to_osm - ERROR - ssr:stedsnr = 82683: No name found
utility_to_osm - ERROR - ssr:stedsnr = 82688: No name found
utility_to_osm - ERROR - ssr:stedsnr = 82696: No name found
utility_to_osm - ERROR - ssr:stedsnr = 82700: No name found
utility_to_osm - ERROR - ssr:stedsnr = 82706: No name found
utility_to_osm - ERROR - ssr:stedsnr = 82715: No name found
utility_to_osm - ERROR - ssr:stedsnr = 82720: No name found
utility_to_osm - ERROR - ssr:stedsnr = 82786: No name found
utility_to_osm - ERROR - ssr:stedsnr = 82799: No name found
utility_to_osm - ERROR - ssr:stedsnr = 82931: No name found
utility_to_osm - ERROR - ssr:stedsnr = 82939: No name found
utility_to_osm - ERROR - ssr:stedsnr = 82975: No name found
utility_to_osm - ERROR - ssr:stedsnr = 82976: No name found
utility_to_osm - ERROR - ssr:stedsnr = 84151: No name found
utility_to_osm - ERROR - ssr:stedsnr = 103652: No name found
utility_to_osm - ERROR - ssr:stedsnr = 125447: No name found
utility_to_osm - WARNING - ssr:stedsnr = 125447 has multiple (11) positions, using the first one!
utility_to_osm - ERROR - ssr:stedsnr = 124202: No name found
utility_to_osm - WARNING - ssr:stedsnr = 124202 has multiple (3) positions, using the first one!
utility_to_osm - ERROR - ssr:stedsnr = 124203: No name found
utility_to_osm - WARNING - ssr:stedsnr = 124203 has multiple (3) positions, using the first one!
utility_to_osm - ERROR - ssr:stedsnr = 124205: No name found
utility_to_osm - ERROR - ssr:stedsnr = 125013: No name found
utility_to_osm - WARNING - ssr:stedsnr = 125013 has multiple (4) positions, using the first one!
utility_to_osm - ERROR - ssr:stedsnr = 125032: No name found
utility_to_osm - WARNING - ssr:stedsnr = 125032 has multiple (3) positions, using the first one!
utility_to_osm - ERROR - ssr:stedsnr = 125031: No name found
utility_to_osm - WARNING - ssr:stedsnr = 125031 has multiple (2) positions, using the first one!
utility_to_osm - ERROR - ssr:stedsnr = 125148: No name found
utility_to_osm - WARNING - ssr:stedsnr = 125148 has multiple (3) positions, using the first one!
utility_to_osm - ERROR - ssr:stedsnr = 125186: No name found
utility_to_osm - WARNING - ssr:stedsnr = 125186 has multiple (2) positions, using the first one!
utility_to_osm - ERROR - ssr:stedsnr = 125213: No name found
utility_to_osm - WARNING - ssr:stedsnr = 125213 has multiple (2) positions, using the first one!
utility_to_osm - ERROR - ssr:stedsnr = 125214: No name found
utility_to_osm - WARNING - ssr:stedsnr = 125214 has multiple (3) positions, using the first one!
utility_to_osm - ERROR - ssr:stedsnr = 125262: No name found
utility_to_osm - WARNING - ssr:stedsnr = 125262 has multiple (3) positions, using the first one!
utility_to_osm - ERROR - ssr:stedsnr = 125272: No name found
utility_to_osm - WARNING - ssr:stedsnr = 125272 has multiple (3) positions, using the first one!
utility_to_osm - ERROR - ssr:stedsnr = 125810: No name found
utility_to_osm - WARNING - ssr:stedsnr = 125810 has multiple (2) positions, using the first one!
utility_to_osm - ERROR - ssr:stedsnr = 125999: No name found
utility_to_osm - WARNING - ssr:stedsnr = 125999 has multiple (2) positions, using the first one!
utility_to_osm - ERROR - ssr:stedsnr = 143627: No name found
utility_to_osm - ERROR - ssr:stedsnr = 143639: No name found
utility_to_osm - ERROR - ssr:stedsnr = 143643: No name found
utility_to_osm - ERROR - ssr:stedsnr = 143655: No name found
utility_to_osm - ERROR - ssr:stedsnr = 143658: No name found
utility_to_osm - ERROR - ssr:stedsnr = 143681: No name found
utility_to_osm - ERROR - ssr:stedsnr = 143685: No name found
utility_to_osm - ERROR - ssr:stedsnr = 143691: No name found
utility_to_osm - ERROR - ssr:stedsnr = 143693: No name found
utility_to_osm - ERROR - ssr:stedsnr = 143695: No name found
utility_to_osm - ERROR - ssr:stedsnr = 143698: No name found
utility_to_osm - ERROR - ssr:stedsnr = 143704: No name found
utility_to_osm - ERROR - ssr:stedsnr = 143714: No name found
utility_to_osm - ERROR - ssr:stedsnr = 143762: No name found
utility_to_osm - WARNING - ssr:stedsnr = 143762 has multiple (2) positions, using the first one!
utility_to_osm - ERROR - ssr:stedsnr = 143768: No name found
utility_to_osm - ERROR - ssr:stedsnr = 143933: No name found
utility_to_osm - ERROR - ssr:stedsnr = 143977: No name found
utility_to_osm - ERROR - ssr:stedsnr = 143983: No name found
utility_to_osm - ERROR - ssr:stedsnr = 145400: No name found
utility_to_osm - WARNING - ssr:stedsnr = 145400 has multiple (4) positions, using the first one!
utility_to_osm - ERROR - ssr:stedsnr = 185236: No name found
utility_to_osm - ERROR - ssr:stedsnr = 185258: No name found
utility_to_osm - WARNING - ssr:stedsnr = 185258 has multiple (3) positions, using the first one!
utility_to_osm - ERROR - ssr:stedsnr = 185257: No name found
utility_to_osm - WARNING - ssr:stedsnr = 185257 has multiple (3) positions, using the first one!
utility_to_osm - ERROR - ssr:stedsnr = 185279: No name found
utility_to_osm - WARNING - ssr:stedsnr = 185279 has multiple (3) positions, using the first one!
utility_to_osm - ERROR - ssr:stedsnr = 185341: No name found
utility_to_osm - WARNING - ssr:stedsnr = 185341 has multiple (3) positions, using the first one!
utility_to_osm - ERROR - ssr:stedsnr = 185347: No name found
utility_to_osm - WARNING - ssr:stedsnr = 185347 has multiple (3) positions, using the first one!
utility_to_osm - ERROR - ssr:stedsnr = 185431: No name found
utility_to_osm - ERROR - ssr:stedsnr = 185431: Adding multiple names to name tag, this is not OK! name = "Rudtjernet;Skoletjern"
utility_to_osm - ERROR - ssr:stedsnr = 186029: No name found
utility_to_osm - WARNING - ssr:stedsnr = 186029 has multiple (2) positions, using the first one!
utility_to_osm - ERROR - ssr:stedsnr = 186165: No name found
utility_to_osm - WARNING - ssr:stedsnr = 186165 has multiple (2) positions, using the first one!
utility_to_osm - ERROR - ssr:stedsnr = 186060: No name found
utility_to_osm - WARNING - ssr:stedsnr = 186060 has multiple (3) positions, using the first one!
utility_to_osm - ERROR - ssr:stedsnr = 186061: No name found
utility_to_osm - WARNING - ssr:stedsnr = 186061 has multiple (3) positions, using the first one!
utility_to_osm - ERROR - ssr:stedsnr = 186078: No name found
utility_to_osm - WARNING - ssr:stedsnr = 186078 has multiple (3) positions, using the first one!
utility_to_osm - ERROR - ssr:stedsnr = 186124: No name found
utility_to_osm - WARNING - ssr:stedsnr = 186124 has multiple (3) positions, using the first one!
utility_to_osm - ERROR - ssr:stedsnr = 186205: No name found
utility_to_osm - WARNING - ssr:stedsnr = 186205 has multiple (3) positions, using the first one!
utility_to_osm - ERROR - ssr:stedsnr = 186598: No name found
utility_to_osm - ERROR - ssr:stedsnr = 186810: No name found
utility_to_osm - WARNING - ssr:stedsnr = 186810 has multiple (2) positions, using the first one!
utility_to_osm - ERROR - ssr:stedsnr = 186827: No name found
utility_to_osm - WARNING - ssr:stedsnr = 186827 has multiple (2) positions, using the first one!
utility_to_osm - ERROR - ssr:stedsnr = 186777: No name found
utility_to_osm - WARNING - ssr:stedsnr = 186777 has multiple (2) positions, using the first one!
utility_to_osm - ERROR - ssr:stedsnr = 186778: No name found
utility_to_osm - WARNING - ssr:stedsnr = 186778 has multiple (3) positions, using the first one!
utility_to_osm - ERROR - ssr:stedsnr = 186975: No name found
utility_to_osm - WARNING - ssr:stedsnr = 186975 has multiple (2) positions, using the first one!
utility_to_osm - ERROR - ssr:stedsnr = 186976: No name found
utility_to_osm - ERROR - ssr:stedsnr = 204597: No name found
utility_to_osm - ERROR - ssr:stedsnr = 204613: No name found
utility_to_osm - ERROR - ssr:stedsnr = 204627: No name found
utility_to_osm - ERROR - ssr:stedsnr = 204640: No name found
utility_to_osm - ERROR - ssr:stedsnr = 204649: No name found
utility_to_osm - ERROR - ssr:stedsnr = 204651: No name found
utility_to_osm - ERROR - ssr:stedsnr = 204657: No name found
utility_to_osm - ERROR - ssr:stedsnr = 204667: No name found
utility_to_osm - ERROR - ssr:stedsnr = 204681: No name found
utility_to_osm - ERROR - ssr:stedsnr = 204686: No name found
utility_to_osm - ERROR - ssr:stedsnr = 204767: No name found
utility_to_osm - ERROR - ssr:stedsnr = 204771: No name found
utility_to_osm - ERROR - ssr:stedsnr = 204777: No name found
utility_to_osm - ERROR - ssr:stedsnr = 237328: No name found
utility_to_osm - WARNING - ssr:stedsnr = 237328 has multiple (3) positions, using the first one!
utility_to_osm - ERROR - ssr:stedsnr = 245456: No name found
utility_to_osm - WARNING - ssr:stedsnr = 245456 has multiple (3) positions, using the first one!
utility_to_osm - ERROR - ssr:stedsnr = 246077: No name found
utility_to_osm - WARNING - ssr:stedsnr = 246077 has multiple (3) positions, using the first one!
utility_to_osm - ERROR - ssr:stedsnr = 246086: No name found
utility_to_osm - WARNING - ssr:stedsnr = 246086 has multiple (3) positions, using the first one!
utility_to_osm - ERROR - ssr:stedsnr = 246139: No name found
utility_to_osm - WARNING - ssr:stedsnr = 246139 has multiple (3) positions, using the first one!
utility_to_osm - ERROR - ssr:stedsnr = 246150: No name found
utility_to_osm - WARNING - ssr:stedsnr = 246150 has multiple (3) positions, using the first one!
utility_to_osm - ERROR - ssr:stedsnr = 246149: No name found
utility_to_osm - WARNING - ssr:stedsnr = 246149 has multiple (3) positions, using the first one!
utility_to_osm - ERROR - ssr:stedsnr = 246227: No name found
utility_to_osm - WARNING - ssr:stedsnr = 246227 has multiple (3) positions, using the first one!
utility_to_osm - ERROR - ssr:stedsnr = 246421: No name found
utility_to_osm - WARNING - ssr:stedsnr = 246421 has multiple (3) positions, using the first one!
utility_to_osm - ERROR - ssr:stedsnr = 246483: No name found
utility_to_osm - WARNING - ssr:stedsnr = 246483 has multiple (2) positions, using the first one!
utility_to_osm - ERROR - ssr:stedsnr = 246801: No name found
utility_to_osm - WARNING - ssr:stedsnr = 246801 has multiple (2) positions, using the first one!
utility_to_osm - ERROR - ssr:stedsnr = 246918: No name found
utility_to_osm - WARNING - ssr:stedsnr = 246918 has multiple (2) positions, using the first one!
utility_to_osm - ERROR - ssr:stedsnr = 247020: No name found
utility_to_osm - WARNING - ssr:stedsnr = 247020 has multiple (3) positions, using the first one!
utility_to_osm - ERROR - ssr:stedsnr = 247051: No name found
utility_to_osm - WARNING - ssr:stedsnr = 247051 has multiple (4) positions, using the first one!
utility_to_osm - ERROR - ssr:stedsnr = 247201: No name found
utility_to_osm - WARNING - ssr:stedsnr = 247201 has multiple (3) positions, using the first one!
utility_to_osm - ERROR - ssr:stedsnr = 264605: No name found
utility_to_osm - ERROR - ssr:stedsnr = 264646: No name found
utility_to_osm - ERROR - ssr:stedsnr = 264645: No name found
utility_to_osm - ERROR - ssr:stedsnr = 264650: No name found
utility_to_osm - ERROR - ssr:stedsnr = 264686: No name found
utility_to_osm - ERROR - ssr:stedsnr = 264693: No name found
utility_to_osm - ERROR - ssr:stedsnr = 264703: No name found
utility_to_osm - ERROR - ssr:stedsnr = 264702: No name found
utility_to_osm - ERROR - ssr:stedsnr = 264716: No name found
utility_to_osm - ERROR - ssr:stedsnr = 264726: No name found
utility_to_osm - ERROR - ssr:stedsnr = 264783: No name found
utility_to_osm - ERROR - ssr:stedsnr = 264797: No name found
utility_to_osm - ERROR - ssr:stedsnr = 264945: No name found
utility_to_osm - ERROR - ssr:stedsnr = 264986: No name found
utility_to_osm - ERROR - ssr:stedsnr = 264993: No name found
utility_to_osm - ERROR - ssr:stedsnr = 264995: No name found
utility_to_osm - ERROR - ssr:stedsnr = 264997: No name found
utility_to_osm - WARNING - ssr:stedsnr = 264997 has multiple (2) positions, using the first one!
utility_to_osm - ERROR - ssr:stedsnr = 266103: No name found
utility_to_osm - ERROR - ssr:stedsnr = 429215: No name found
utility_to_osm - WARNING - ssr:stedsnr = 429215 has multiple (3) positions, using the first one!
utility_to_osm - ERROR - ssr:stedsnr = 428082: No name found
utility_to_osm - WARNING - ssr:stedsnr = 428082 has multiple (3) positions, using the first one!
utility_to_osm - ERROR - ssr:stedsnr = 428131: No name found
utility_to_osm - WARNING - ssr:stedsnr = 428131 has multiple (3) positions, using the first one!
utility_to_osm - ERROR - ssr:stedsnr = 428223: No name found
utility_to_osm - WARNING - ssr:stedsnr = 428223 has multiple (3) positions, using the first one!
utility_to_osm - ERROR - ssr:stedsnr = 428318: No name found
utility_to_osm - WARNING - ssr:stedsnr = 428318 has multiple (3) positions, using the first one!
utility_to_osm - ERROR - ssr:stedsnr = 428324: No name found
utility_to_osm - WARNING - ssr:stedsnr = 428324 has multiple (3) positions, using the first one!
utility_to_osm - ERROR - ssr:stedsnr = 429014: No name found
utility_to_osm - WARNING - ssr:stedsnr = 429014 has multiple (3) positions, using the first one!
utility_to_osm - ERROR - ssr:stedsnr = 429019: No name found
utility_to_osm - WARNING - ssr:stedsnr = 429019 has multiple (3) positions, using the first one!
utility_to_osm - INFO - ignoring non approved status = "avslått" name = "Spydeberg"
utility_to_osm - INFO - ignoring non approved status = "avslått" name = "Spydeberg"
utility_to_osm - INFO - ignoring non approved status = "avslått" name = "Spydeberg"
utility_to_osm - WARNING - ssr:stedsnr = 429122: No priority spelling found for lang = no, using alt_name to get "[('no', u'Spydeberg kirke')]"
utility_to_osm - WARNING - ssr:stedsnr = 429122 has multiple (6) positions, using the first one!
utility_to_osm - ERROR - ssr:stedsnr = 429149: No name found
utility_to_osm - WARNING - ssr:stedsnr = 429149 has multiple (4) positions, using the first one!
utility_to_osm - ERROR - ssr:stedsnr = 429166: No name found
utility_to_osm - WARNING - ssr:stedsnr = 429166 has multiple (2) positions, using the first one!
utility_to_osm - ERROR - ssr:stedsnr = 429503: No name found
utility_to_osm - WARNING - ssr:stedsnr = 429503 has multiple (2) positions, using the first one!
utility_to_osm - ERROR - ssr:stedsnr = 429763: No name found
utility_to_osm - ERROR - ssr:stedsnr = 429987: No name found
utility_to_osm - WARNING - ssr:stedsnr = 429987 has multiple (3) positions, using the first one!
utility_to_osm - ERROR - ssr:stedsnr = 446686: No name found
utility_to_osm - ERROR - ssr:stedsnr = 446696: No name found
utility_to_osm - WARNING - ssr:stedsnr = 446696 has multiple (2) positions, using the first one!
utility_to_osm - ERROR - ssr:stedsnr = 446697: No name found
utility_to_osm - ERROR - ssr:stedsnr = 446701: No name found
utility_to_osm - ERROR - ssr:stedsnr = 446719: No name found
utility_to_osm - ERROR - ssr:stedsnr = 446731: No name found
utility_to_osm - ERROR - ssr:stedsnr = 447608: No name found
utility_to_osm - ERROR - ssr:stedsnr = 447627: No name found
utility_to_osm - ERROR - ssr:stedsnr = 447633: No name found
utility_to_osm - ERROR - ssr:stedsnr = 447676: No name found
utility_to_osm - ERROR - ssr:stedsnr = 447682: No name found
utility_to_osm - ERROR - ssr:stedsnr = 447691: No name found
utility_to_osm - ERROR - ssr:stedsnr = 447788: No name found
utility_to_osm - ERROR - ssr:stedsnr = 447794: No name found
utility_to_osm - ERROR - ssr:stedsnr = 447937: No name found
utility_to_osm - ERROR - ssr:stedsnr = 447941: No name found
utility_to_osm - ERROR - ssr:stedsnr = 447977: No name found
utility_to_osm - ERROR - ssr:stedsnr = 447981: No name found
utility_to_osm - ERROR - ssr:stedsnr = 449091: No name found
utility_to_osm - ERROR - ssr:stedsnr = 449096: No name found
utility_to_osm - ERROR - ssr:stedsnr = 449098: No name found
utility_to_osm - ERROR - ssr:stedsnr = 449109: No name found
utility_to_osm - ERROR - ssr:stedsnr = 489002: No name found
utility_to_osm - WARNING - ssr:stedsnr = 489002 has multiple (3) positions, using the first one!
utility_to_osm - ERROR - ssr:stedsnr = 489139: No name found
utility_to_osm - WARNING - ssr:stedsnr = 489139 has multiple (3) positions, using the first one!
utility_to_osm - ERROR - ssr:stedsnr = 489259: No name found
utility_to_osm - WARNING - ssr:stedsnr = 489259 has multiple (2) positions, using the first one!
utility_to_osm - ERROR - ssr:stedsnr = 489261: No name found
utility_to_osm - WARNING - ssr:stedsnr = 489261 has multiple (3) positions, using the first one!
utility_to_osm - ERROR - ssr:stedsnr = 489432: No name found
utility_to_osm - WARNING - ssr:stedsnr = 489432 has multiple (3) positions, using the first one!
utility_to_osm - ERROR - ssr:stedsnr = 489490: No name found
utility_to_osm - WARNING - ssr:stedsnr = 489490 has multiple (4) positions, using the first one!
utility_to_osm - ERROR - ssr:stedsnr = 489525: No name found
utility_to_osm - WARNING - ssr:stedsnr = 489525 has multiple (2) positions, using the first one!
utility_to_osm - ERROR - ssr:stedsnr = 489537: No name found
utility_to_osm - WARNING - ssr:stedsnr = 489537 has multiple (2) positions, using the first one!
utility_to_osm - ERROR - ssr:stedsnr = 489771: No name found
utility_to_osm - ERROR - ssr:stedsnr = 489790: No name found
utility_to_osm - WARNING - ssr:stedsnr = 489790 has multiple (2) positions, using the first one!
utility_to_osm - ERROR - ssr:stedsnr = 489791: No name found
utility_to_osm - ERROR - ssr:stedsnr = 489794: No name found
utility_to_osm - WARNING - ssr:stedsnr = 489794 has multiple (3) positions, using the first one!
utility_to_osm - ERROR - ssr:stedsnr = 489795: No name found
utility_to_osm - WARNING - ssr:stedsnr = 489795 has multiple (2) positions, using the first one!
utility_to_osm - ERROR - ssr:stedsnr = 489826: No name found
utility_to_osm - WARNING - ssr:stedsnr = 489826 has multiple (2) positions, using the first one!
utility_to_osm - ERROR - ssr:stedsnr = 489965: No name found
utility_to_osm - WARNING - ssr:stedsnr = 489965 has multiple (2) positions, using the first one!
utility_to_osm - ERROR - ssr:stedsnr = 489966: No name found
utility_to_osm - WARNING - ssr:stedsnr = 489966 has multiple (2) positions, using the first one!
utility_to_osm - ERROR - ssr:stedsnr = 507652: No name found
utility_to_osm - ERROR - ssr:stedsnr = 507660: No name found
utility_to_osm - ERROR - ssr:stedsnr = 507672: No name found
utility_to_osm - ERROR - ssr:stedsnr = 507697: No name found
utility_to_osm - ERROR - ssr:stedsnr = 507735: No name found
utility_to_osm - ERROR - ssr:stedsnr = 507742: No name found
utility_to_osm - ERROR - ssr:stedsnr = 507783: No name found
utility_to_osm - ERROR - ssr:stedsnr = 507798: No name found
utility_to_osm - ERROR - ssr:stedsnr = 507995: No name found
utility_to_osm - ERROR - ssr:stedsnr = 507999: No name found
utility_to_osm - ERROR - ssr:stedsnr = 508000: No name found
utility_to_osm - ERROR - ssr:stedsnr = 509097: No name found
utility_to_osm - ERROR - ssr:stedsnr = 509102: No name found
utility_to_osm - ERROR - ssr:stedsnr = 509104: No name found
utility_to_osm - ERROR - ssr:stedsnr = 509106: No name found
utility_to_osm - ERROR - ssr:stedsnr = 509117: No name found
utility_to_osm - ERROR - ssr:stedsnr = 529216: No name found
utility_to_osm - WARNING - ssr:stedsnr = 529216 has multiple (2) positions, using the first one!
utility_to_osm - ERROR - ssr:stedsnr = 530446: No name found
utility_to_osm - WARNING - ssr:stedsnr = 530446 has multiple (2) positions, using the first one!
utility_to_osm - ERROR - ssr:stedsnr = 540308: No name found
utility_to_osm - WARNING - ssr:stedsnr = 540308 has multiple (2) positions, using the first one!
utility_to_osm - ERROR - ssr:stedsnr = 549157: No name found
utility_to_osm - WARNING - ssr:stedsnr = 549157 has multiple (3) positions, using the first one!
utility_to_osm - ERROR - ssr:stedsnr = 549353: No name found
utility_to_osm - WARNING - ssr:stedsnr = 549353 has multiple (3) positions, using the first one!
utility_to_osm - ERROR - ssr:stedsnr = 549436: No name found
utility_to_osm - WARNING - ssr:stedsnr = 549436 has multiple (3) positions, using the first one!
utility_to_osm - ERROR - ssr:stedsnr = 549437: No name found
utility_to_osm - WARNING - ssr:stedsnr = 549437 has multiple (3) positions, using the first one!
utility_to_osm - ERROR - ssr:stedsnr = 549943: No name found
utility_to_osm - WARNING - ssr:stedsnr = 549943 has multiple (2) positions, using the first one!
utility_to_osm - ERROR - ssr:stedsnr = 550024: No name found
utility_to_osm - WARNING - ssr:stedsnr = 550024 has multiple (3) positions, using the first one!
utility_to_osm - ERROR - ssr:stedsnr = 550026: No name found
utility_to_osm - WARNING - ssr:stedsnr = 550026 has multiple (3) positions, using the first one!
utility_to_osm - ERROR - ssr:stedsnr = 550232: No name found
utility_to_osm - ERROR - ssr:stedsnr = 550232: Adding multiple names to name tag, this is not OK! name = "Kvarud søndre;Kvarudmyra"
utility_to_osm - WARNING - ssr:stedsnr = 550232 has multiple (2) positions, using the first one!
utility_to_osm - ERROR - ssr:stedsnr = 550774: No name found
utility_to_osm - WARNING - ssr:stedsnr = 550774 has multiple (3) positions, using the first one!
utility_to_osm - ERROR - ssr:stedsnr = 550776: No name found
utility_to_osm - WARNING - ssr:stedsnr = 550776 has multiple (2) positions, using the first one!
utility_to_osm - ERROR - ssr:stedsnr = 550787: No name found
utility_to_osm - WARNING - ssr:stedsnr = 550787 has multiple (2) positions, using the first one!
utility_to_osm - ERROR - ssr:stedsnr = 550809: No name found
utility_to_osm - ERROR - ssr:stedsnr = 550977: No name found
utility_to_osm - WARNING - ssr:stedsnr = 550977 has multiple (3) positions, using the first one!
utility_to_osm - ERROR - ssr:stedsnr = 610213: No name found
utility_to_osm - WARNING - ssr:stedsnr = 610213 has multiple (3) positions, using the first one!
utility_to_osm - ERROR - ssr:stedsnr = 610254: No name found
utility_to_osm - WARNING - ssr:stedsnr = 610254 has multiple (3) positions, using the first one!
utility_to_osm - ERROR - ssr:stedsnr = 610286: No name found
utility_to_osm - WARNING - ssr:stedsnr = 610286 has multiple (3) positions, using the first one!
utility_to_osm - ERROR - ssr:stedsnr = 610292: No name found
utility_to_osm - WARNING - ssr:stedsnr = 610292 has multiple (3) positions, using the first one!
utility_to_osm - ERROR - ssr:stedsnr = 567609: No name found
utility_to_osm - ERROR - ssr:stedsnr = 567627: No name found
utility_to_osm - ERROR - ssr:stedsnr = 567635: No name found
utility_to_osm - ERROR - ssr:stedsnr = 567639: No name found
utility_to_osm - ERROR - ssr:stedsnr = 567655: No name found
utility_to_osm - ERROR - ssr:stedsnr = 567685: No name found
utility_to_osm - ERROR - ssr:stedsnr = 567690: No name found
utility_to_osm - ERROR - ssr:stedsnr = 567708: No name found
utility_to_osm - ERROR - ssr:stedsnr = 567714: No name found
utility_to_osm - ERROR - ssr:stedsnr = 567778: No name found
utility_to_osm - ERROR - ssr:stedsnr = 567788: No name found
utility_to_osm - ERROR - ssr:stedsnr = 567797: No name found
utility_to_osm - WARNING - ssr:stedsnr = 567797 has multiple (2) positions, using the first one!
utility_to_osm - ERROR - ssr:stedsnr = 567810: No name found
utility_to_osm - ERROR - ssr:stedsnr = 567867: No name found
utility_to_osm - ERROR - ssr:stedsnr = 567944: No name found
utility_to_osm - ERROR - ssr:stedsnr = 569123: No name found
utility_to_osm - ERROR - ssr:stedsnr = 569125: No name found
utility_to_osm - ERROR - ssr:stedsnr = 569130: No name found
utility_to_osm - ERROR - ssr:stedsnr = 591540: No name found
utility_to_osm - ERROR - ssr:stedsnr = 609241: No name found
utility_to_osm - WARNING - ssr:stedsnr = 609241 has multiple (2) positions, using the first one!
utility_to_osm - ERROR - ssr:stedsnr = 609257: No name found
utility_to_osm - WARNING - ssr:stedsnr = 609257 has multiple (3) positions, using the first one!
utility_to_osm - ERROR - ssr:stedsnr = 609310: No name found
utility_to_osm - WARNING - ssr:stedsnr = 609310 has multiple (3) positions, using the first one!
utility_to_osm - ERROR - ssr:stedsnr = 610017: No name found
utility_to_osm - WARNING - ssr:stedsnr = 610017 has multiple (4) positions, using the first one!
utility_to_osm - ERROR - ssr:stedsnr = 610024: No name found
utility_to_osm - WARNING - ssr:stedsnr = 610024 has multiple (3) positions, using the first one!
utility_to_osm - ERROR - ssr:stedsnr = 610151: No name found
utility_to_osm - WARNING - ssr:stedsnr = 610151 has multiple (3) positions, using the first one!
utility_to_osm - ERROR - ssr:stedsnr = 610182: No name found
utility_to_osm - ERROR - ssr:stedsnr = 610509: No name found
utility_to_osm - WARNING - ssr:stedsnr = 610509 has multiple (3) positions, using the first one!
utility_to_osm - ERROR - ssr:stedsnr = 610795: No name found
utility_to_osm - WARNING - ssr:stedsnr = 610795 has multiple (2) positions, using the first one!
utility_to_osm - ERROR - ssr:stedsnr = 610809: No name found
utility_to_osm - WARNING - ssr:stedsnr = 610809 has multiple (2) positions, using the first one!
utility_to_osm - ERROR - ssr:stedsnr = 610810: No name found
utility_to_osm - WARNING - ssr:stedsnr = 610810 has multiple (3) positions, using the first one!
utility_to_osm - ERROR - ssr:stedsnr = 610820: No name found
utility_to_osm - WARNING - ssr:stedsnr = 610820 has multiple (2) positions, using the first one!
utility_to_osm - ERROR - ssr:stedsnr = 610835: No name found
utility_to_osm - WARNING - ssr:stedsnr = 610835 has multiple (2) positions, using the first one!
utility_to_osm - ERROR - ssr:stedsnr = 610960: No name found
utility_to_osm - ERROR - ssr:stedsnr = 610999: No name found
utility_to_osm - WARNING - ssr:stedsnr = 610999 has multiple (2) positions, using the first one!
utility_to_osm - ERROR - ssr:stedsnr = 611557: No name found
utility_to_osm - WARNING - ssr:stedsnr = 611557 has multiple (2) positions, using the first one!
utility_to_osm - ERROR - ssr:stedsnr = 628628: No name found
utility_to_osm - ERROR - ssr:stedsnr = 628640: No name found
utility_to_osm - ERROR - ssr:stedsnr = 628643: No name found
utility_to_osm - ERROR - ssr:stedsnr = 628646: No name found
utility_to_osm - ERROR - ssr:stedsnr = 628661: No name found
utility_to_osm - WARNING - ssr:stedsnr = 628661 has multiple (2) positions, using the first one!
utility_to_osm - ERROR - ssr:stedsnr = 628694: No name found
utility_to_osm - ERROR - ssr:stedsnr = 628786: No name found
utility_to_osm - ERROR - ssr:stedsnr = 628932: No name found
utility_to_osm - ERROR - ssr:stedsnr = 628935: No name found
utility_to_osm - ERROR - ssr:stedsnr = 628974: No name found
utility_to_osm - ERROR - ssr:stedsnr = 630121: No name found
utility_to_osm - ERROR - ssr:stedsnr = 632632: No name found
utility_to_osm - WARNING - ssr:stedsnr = 632632 has multiple (2) positions, using the first one!
utility_to_osm - ERROR - ssr:stedsnr = 652543: No name found
utility_to_osm - ERROR - ssr:stedsnr = 666338: No name found
utility_to_osm - ERROR - ssr:stedsnr = 666338. No positions found, skipping
utility_to_osm - ERROR - ssr:stedsnr = 671206: No name found
utility_to_osm - WARNING - ssr:stedsnr = 671206 has multiple (3) positions, using the first one!
utility_to_osm - ERROR - ssr:stedsnr = 671228: No name found
utility_to_osm - WARNING - ssr:stedsnr = 671228 has multiple (3) positions, using the first one!
utility_to_osm - ERROR - ssr:stedsnr = 671250: No name found
utility_to_osm - WARNING - ssr:stedsnr = 671250 has multiple (3) positions, using the first one!
utility_to_osm - ERROR - ssr:stedsnr = 671252: No name found
utility_to_osm - WARNING - ssr:stedsnr = 671252 has multiple (3) positions, using the first one!
utility_to_osm - ERROR - ssr:stedsnr = 671253: No name found
utility_to_osm - WARNING - ssr:stedsnr = 671253 has multiple (4) positions, using the first one!
utility_to_osm - ERROR - ssr:stedsnr = 670289: No name found
utility_to_osm - WARNING - ssr:stedsnr = 670289 has multiple (3) positions, using the first one!
utility_to_osm - ERROR - ssr:stedsnr = 670292: No name found
utility_to_osm - WARNING - ssr:stedsnr = 670292 has multiple (3) positions, using the first one!
utility_to_osm - ERROR - ssr:stedsnr = 670315: No name found
utility_to_osm - WARNING - ssr:stedsnr = 670315 has multiple (3) positions, using the first one!
utility_to_osm - ERROR - ssr:stedsnr = 670346: No name found
utility_to_osm - WARNING - ssr:stedsnr = 670346 has multiple (2) positions, using the first one!
utility_to_osm - ERROR - ssr:stedsnr = 670366: No name found
utility_to_osm - ERROR - ssr:stedsnr = 671021: No name found
utility_to_osm - WARNING - ssr:stedsnr = 671021 has multiple (3) positions, using the first one!
utility_to_osm - ERROR - ssr:stedsnr = 671051: No name found
utility_to_osm - WARNING - ssr:stedsnr = 671051 has multiple (3) positions, using the first one!
utility_to_osm - ERROR - ssr:stedsnr = 671160: No name found
utility_to_osm - WARNING - ssr:stedsnr = 671160 has multiple (3) positions, using the first one!
utility_to_osm - ERROR - ssr:stedsnr = 671744: No name found
utility_to_osm - WARNING - ssr:stedsnr = 671744 has multiple (3) positions, using the first one!
utility_to_osm - ERROR - ssr:stedsnr = 671747: No name found
utility_to_osm - WARNING - ssr:stedsnr = 671747 has multiple (2) positions, using the first one!
utility_to_osm - ERROR - ssr:stedsnr = 671763: No name found
utility_to_osm - WARNING - ssr:stedsnr = 671763 has multiple (2) positions, using the first one!
utility_to_osm - ERROR - ssr:stedsnr = 671782: No name found
utility_to_osm - ERROR - ssr:stedsnr = 671783: No name found
utility_to_osm - WARNING - ssr:stedsnr = 671783 has multiple (2) positions, using the first one!
utility_to_osm - ERROR - ssr:stedsnr = 671902: No name found
utility_to_osm - WARNING - ssr:stedsnr = 671902 has multiple (2) positions, using the first one!
utility_to_osm - ERROR - ssr:stedsnr = 671925: No name found
utility_to_osm - WARNING - ssr:stedsnr = 671925 has multiple (2) positions, using the first one!
utility_to_osm - ERROR - ssr:stedsnr = 671966: No name found
utility_to_osm - WARNING - ssr:stedsnr = 671966 has multiple (2) positions, using the first one!
utility_to_osm - ERROR - ssr:stedsnr = 689581: No name found
utility_to_osm - ERROR - ssr:stedsnr = 689613: No name found
utility_to_osm - ERROR - ssr:stedsnr = 689657: No name found
utility_to_osm - ERROR - ssr:stedsnr = 689659: No name found
utility_to_osm - ERROR - ssr:stedsnr = 689662: No name found
utility_to_osm - ERROR - ssr:stedsnr = 689664: No name found
utility_to_osm - ERROR - ssr:stedsnr = 689678: No name found
utility_to_osm - ERROR - ssr:stedsnr = 689688: No name found
utility_to_osm - ERROR - ssr:stedsnr = 689689: No name found
utility_to_osm - ERROR - ssr:stedsnr = 689699: No name found
utility_to_osm - ERROR - ssr:stedsnr = 689721: No name found
utility_to_osm - ERROR - ssr:stedsnr = 689753: No name found
utility_to_osm - ERROR - ssr:stedsnr = 689771: No name found
utility_to_osm - ERROR - ssr:stedsnr = 689934: No name found
utility_to_osm - ERROR - ssr:stedsnr = 689946: No name found
utility_to_osm - ERROR - ssr:stedsnr = 689952: No name found
utility_to_osm - ERROR - ssr:stedsnr = 689983: No name found
utility_to_osm - ERROR - ssr:stedsnr = 689998: No name found
utility_to_osm - ERROR - ssr:stedsnr = 691132: No name found
utility_to_osm - ERROR - ssr:stedsnr = 691133: No name found
utility_to_osm - ERROR - ssr:stedsnr = 691134: No name found
utility_to_osm - ERROR - ssr:stedsnr = 691138: No name found
utility_to_osm - ERROR - ssr:stedsnr = 713579: No name found
utility_to_osm - ERROR - ssr:stedsnr = 722326: No name found
utility_to_osm - ERROR - ssr:stedsnr = 731297: No name found
utility_to_osm - WARNING - ssr:stedsnr = 731297 has multiple (2) positions, using the first one!
utility_to_osm - ERROR - ssr:stedsnr = 732018: No name found
utility_to_osm - WARNING - ssr:stedsnr = 732018 has multiple (3) positions, using the first one!
utility_to_osm - ERROR - ssr:stedsnr = 732215: No name found
utility_to_osm - WARNING - ssr:stedsnr = 732215 has multiple (3) positions, using the first one!
utility_to_osm - ERROR - ssr:stedsnr = 732222: No name found
utility_to_osm - WARNING - ssr:stedsnr = 732222 has multiple (4) positions, using the first one!
utility_to_osm - ERROR - ssr:stedsnr = 732242: No name found
utility_to_osm - WARNING - ssr:stedsnr = 732242 has multiple (3) positions, using the first one!
utility_to_osm - ERROR - ssr:stedsnr = 732261: No name found
utility_to_osm - ERROR - ssr:stedsnr = 732445: No name found
utility_to_osm - ERROR - ssr:stedsnr = 732543: No name found
utility_to_osm - WARNING - ssr:stedsnr = 732543 has multiple (3) positions, using the first one!
utility_to_osm - INFO - ignoring non approved status = "avslått" name = "Heli"
utility_to_osm - INFO - ignoring non approved status = "avslått" name = "Heli"
utility_to_osm - INFO - ignoring non approved status = "avslått" name = "Heli"
utility_to_osm - WARNING - ssr:stedsnr = 732569: No priority spelling found for lang = no, using alt_name to get "[('no', u'Heli kirke')]"
utility_to_osm - WARNING - ssr:stedsnr = 732569 has multiple (4) positions, using the first one!
utility_to_osm - ERROR - ssr:stedsnr = 732572: No name found
utility_to_osm - WARNING - ssr:stedsnr = 732572 has multiple (2) positions, using the first one!
utility_to_osm - ERROR - ssr:stedsnr = 732778: No name found
utility_to_osm - WARNING - ssr:stedsnr = 732778 has multiple (3) positions, using the first one!
utility_to_osm - ERROR - ssr:stedsnr = 750619: No name found
utility_to_osm - ERROR - ssr:stedsnr = 750632: No name found
utility_to_osm - ERROR - ssr:stedsnr = 750681: No name found
utility_to_osm - ERROR - ssr:stedsnr = 750684: No name found
utility_to_osm - ERROR - ssr:stedsnr = 750691: No name found
utility_to_osm - ERROR - ssr:stedsnr = 750708: No name found
utility_to_osm - ERROR - ssr:stedsnr = 750770: No name found
utility_to_osm - WARNING - ssr:stedsnr = 750770 has multiple (2) positions, using the first one!
utility_to_osm - ERROR - ssr:stedsnr = 750785: No name found
utility_to_osm - ERROR - ssr:stedsnr = 750935: No name found
utility_to_osm - ERROR - ssr:stedsnr = 750974: No name found
utility_to_osm - ERROR - ssr:stedsnr = 750978: No name found
utility_to_osm - ERROR - ssr:stedsnr = 750989: No name found
utility_to_osm - ERROR - ssr:stedsnr = 750997: No name found
utility_to_osm - ERROR - ssr:stedsnr = 751000: No name found
utility_to_osm - ERROR - ssr:stedsnr = 752088: No name found
utility_to_osm - ERROR - ssr:stedsnr = 752090: No name found
utility_to_osm - ERROR - ssr:stedsnr = 752092: No name found
utility_to_osm - ERROR - ssr:stedsnr = 773524: No name found
utility_to_osm - ERROR - ssr:stedsnr = 773528: No name found
utility_to_osm - ERROR - ssr:stedsnr = 773528. No positions found, skipping
utility_to_osm - ERROR - ssr:stedsnr = 792236: No name found
utility_to_osm - WARNING - ssr:stedsnr = 792236 has multiple (3) positions, using the first one!
utility_to_osm - ERROR - ssr:stedsnr = 792292: No name found
utility_to_osm - ERROR - ssr:stedsnr = 792293: No name found
utility_to_osm - WARNING - ssr:stedsnr = 792293 has multiple (3) positions, using the first one!
utility_to_osm - ERROR - ssr:stedsnr = 792500: No name found
utility_to_osm - WARNING - ssr:stedsnr = 792500 has multiple (2) positions, using the first one!
utility_to_osm - ERROR - ssr:stedsnr = 792606: No name found
utility_to_osm - WARNING - ssr:stedsnr = 792606 has multiple (2) positions, using the first one!
utility_to_osm - ERROR - ssr:stedsnr = 792797: No name found
utility_to_osm - WARNING - ssr:stedsnr = 792797 has multiple (2) positions, using the first one!
utility_to_osm - ERROR - ssr:stedsnr = 792910: No name found
utility_to_osm - WARNING - ssr:stedsnr = 792910 has multiple (2) positions, using the first one!
utility_to_osm - ERROR - ssr:stedsnr = 792969: No name found
utility_to_osm - WARNING - ssr:stedsnr = 792969 has multiple (2) positions, using the first one!
utility_to_osm - ERROR - ssr:stedsnr = 793022: No name found
utility_to_osm - WARNING - ssr:stedsnr = 793022 has multiple (3) positions, using the first one!
utility_to_osm - ERROR - ssr:stedsnr = 793222: No name found
utility_to_osm - WARNING - ssr:stedsnr = 793222 has multiple (3) positions, using the first one!
utility_to_osm - ERROR - ssr:stedsnr = 793774: No name found
utility_to_osm - WARNING - ssr:stedsnr = 793774 has multiple (2) positions, using the first one!
utility_to_osm - ERROR - ssr:stedsnr = 793776: No name found
utility_to_osm - ERROR - ssr:stedsnr = 793986: No name found
utility_to_osm - WARNING - ssr:stedsnr = 793986 has multiple (2) positions, using the first one!
utility_to_osm - ERROR - ssr:stedsnr = 810651: No name found
utility_to_osm - ERROR - ssr:stedsnr = 810653: No name found
utility_to_osm - ERROR - ssr:stedsnr = 810657: No name found
utility_to_osm - ERROR - ssr:stedsnr = 810706: No name found
utility_to_osm - ERROR - ssr:stedsnr = 810707: No name found
utility_to_osm - ERROR - ssr:stedsnr = 810732: No name found
utility_to_osm - ERROR - ssr:stedsnr = 811648: No name found
utility_to_osm - ERROR - ssr:stedsnr = 811650: No name found
utility_to_osm - ERROR - ssr:stedsnr = 811702: No name found
utility_to_osm - ERROR - ssr:stedsnr = 811727: No name found
utility_to_osm - ERROR - ssr:stedsnr = 811829: No name found
utility_to_osm - ERROR - ssr:stedsnr = 811937: No name found
utility_to_osm - ERROR - ssr:stedsnr = 811939: No name found
utility_to_osm - ERROR - ssr:stedsnr = 811948: No name found
utility_to_osm - ERROR - ssr:stedsnr = 811981: No name found
utility_to_osm - ERROR - ssr:stedsnr = 811995: No name found
utility_to_osm - ERROR - ssr:stedsnr = 812128: No name found
utility_to_osm - WARNING - ssr:stedsnr = 812128 has multiple (2) positions, using the first one!
utility_to_osm - ERROR - ssr:stedsnr = 812134: No name found
utility_to_osm - ERROR - ssr:stedsnr = 812143: No name found
utility_to_osm - ERROR - ssr:stedsnr = 812147: No name found
utility_to_osm - ERROR - ssr:stedsnr = 834558: No name found
utility_to_osm - ERROR - ssr:stedsnr = 853033: No name found
utility_to_osm - WARNING - ssr:stedsnr = 853033 has multiple (3) positions, using the first one!
utility_to_osm - ERROR - ssr:stedsnr = 853034: No name found
utility_to_osm - WARNING - ssr:stedsnr = 853034 has multiple (3) positions, using the first one!
utility_to_osm - ERROR - ssr:stedsnr = 853203: No name found
utility_to_osm - WARNING - ssr:stedsnr = 853203 has multiple (3) positions, using the first one!
utility_to_osm - ERROR - ssr:stedsnr = 853207: No name found
utility_to_osm - WARNING - ssr:stedsnr = 853207 has multiple (3) positions, using the first one!
utility_to_osm - ERROR - ssr:stedsnr = 853341: No name found
utility_to_osm - WARNING - ssr:stedsnr = 853341 has multiple (3) positions, using the first one!
utility_to_osm - ERROR - ssr:stedsnr = 853363: No name found
utility_to_osm - WARNING - ssr:stedsnr = 853363 has multiple (3) positions, using the first one!
utility_to_osm - ERROR - ssr:stedsnr = 853454: No name found
utility_to_osm - WARNING - ssr:stedsnr = 853454 has multiple (3) positions, using the first one!
utility_to_osm - ERROR - ssr:stedsnr = 853946: No name found
utility_to_osm - WARNING - ssr:stedsnr = 853946 has multiple (2) positions, using the first one!
utility_to_osm - ERROR - ssr:stedsnr = 854024: No name found
utility_to_osm - WARNING - ssr:stedsnr = 854024 has multiple (2) positions, using the first one!
utility_to_osm - ERROR - ssr:stedsnr = 854106: No name found
utility_to_osm - WARNING - ssr:stedsnr = 854106 has multiple (3) positions, using the first one!
utility_to_osm - ERROR - ssr:stedsnr = 854109: No name found
utility_to_osm - WARNING - ssr:stedsnr = 854109 has multiple (2) positions, using the first one!
utility_to_osm - ERROR - ssr:stedsnr = 854111: No name found
utility_to_osm - WARNING - ssr:stedsnr = 854111 has multiple (3) positions, using the first one!
utility_to_osm - ERROR - ssr:stedsnr = 854152: No name found
utility_to_osm - WARNING - ssr:stedsnr = 854152 has multiple (3) positions, using the first one!
utility_to_osm - ERROR - ssr:stedsnr = 854151: No name found
utility_to_osm - WARNING - ssr:stedsnr = 854151 has multiple (3) positions, using the first one!
utility_to_osm - ERROR - ssr:stedsnr = 854509: No name found
utility_to_osm - WARNING - ssr:stedsnr = 854509 has multiple (2) positions, using the first one!
utility_to_osm - ERROR - ssr:stedsnr = 854525: No name found
utility_to_osm - WARNING - ssr:stedsnr = 854525 has multiple (2) positions, using the first one!
utility_to_osm - ERROR - ssr:stedsnr = 854751: No name found
utility_to_osm - WARNING - ssr:stedsnr = 854751 has multiple (2) positions, using the first one!
utility_to_osm - ERROR - ssr:stedsnr = 854772: No name found
utility_to_osm - WARNING - ssr:stedsnr = 854772 has multiple (3) positions, using the first one!
utility_to_osm - ERROR - ssr:stedsnr = 871595: No name found
utility_to_osm - ERROR - ssr:stedsnr = 871601: No name found
utility_to_osm - ERROR - ssr:stedsnr = 871602: No name found
utility_to_osm - ERROR - ssr:stedsnr = 871621: No name found
utility_to_osm - ERROR - ssr:stedsnr = 871638: No name found
utility_to_osm - WARNING - ssr:stedsnr = 871638 has multiple (2) positions, using the first one!
utility_to_osm - ERROR - ssr:stedsnr = 871659: No name found
utility_to_osm - ERROR - ssr:stedsnr = 871661: No name found
utility_to_osm - ERROR - ssr:stedsnr = 871671: No name found
utility_to_osm - WARNING - ssr:stedsnr = 871671 has multiple (2) positions, using the first one!
utility_to_osm - ERROR - ssr:stedsnr = 871689: No name found
utility_to_osm - ERROR - ssr:stedsnr = 871717: No name found
utility_to_osm - WARNING - ssr:stedsnr = 871717 has multiple (2) positions, using the first one!
utility_to_osm - ERROR - ssr:stedsnr = 871942: No name found
utility_to_osm - ERROR - ssr:stedsnr = 871976: No name found
utility_to_osm - ERROR - ssr:stedsnr = 871983: No name found
utility_to_osm - ERROR - ssr:stedsnr = 871987: No name found
utility_to_osm - ERROR - ssr:stedsnr = 871994: No name found
utility_to_osm - ERROR - ssr:stedsnr = 913253: No name found
utility_to_osm - WARNING - ssr:stedsnr = 913253 has multiple (3) positions, using the first one!
utility_to_osm - ERROR - ssr:stedsnr = 913357: No name found
utility_to_osm - WARNING - ssr:stedsnr = 913357 has multiple (3) positions, using the first one!
utility_to_osm - ERROR - ssr:stedsnr = 913356: No name found
utility_to_osm - WARNING - ssr:stedsnr = 913356 has multiple (3) positions, using the first one!
utility_to_osm - ERROR - ssr:stedsnr = 913358: No name found
utility_to_osm - ERROR - ssr:stedsnr = 914022: No name found
utility_to_osm - WARNING - ssr:stedsnr = 914022 has multiple (3) positions, using the first one!
utility_to_osm - ERROR - ssr:stedsnr = 914033: No name found
utility_to_osm - WARNING - ssr:stedsnr = 914033 has multiple (2) positions, using the first one!
utility_to_osm - ERROR - ssr:stedsnr = 914134: No name found
utility_to_osm - WARNING - ssr:stedsnr = 914134 has multiple (3) positions, using the first one!
utility_to_osm - ERROR - ssr:stedsnr = 914160: No name found
utility_to_osm - WARNING - ssr:stedsnr = 914160 has multiple (2) positions, using the first one!
utility_to_osm - ERROR - ssr:stedsnr = 914181: No name found
utility_to_osm - WARNING - ssr:stedsnr = 914181 has multiple (4) positions, using the first one!
utility_to_osm - ERROR - ssr:stedsnr = 914225: No name found
utility_to_osm - WARNING - ssr:stedsnr = 914225 has multiple (2) positions, using the first one!
utility_to_osm - ERROR - ssr:stedsnr = 914529: No name found
utility_to_osm - WARNING - ssr:stedsnr = 914529 has multiple (2) positions, using the first one!
utility_to_osm - ERROR - ssr:stedsnr = 914579: No name found
utility_to_osm - ERROR - ssr:stedsnr = 914816: No name found
utility_to_osm - WARNING - ssr:stedsnr = 914816 has multiple (3) positions, using the first one!
utility_to_osm - ERROR - ssr:stedsnr = 914954: No name found
utility_to_osm - WARNING - ssr:stedsnr = 914954 has multiple (6) positions, using the first one!
utility_to_osm - ERROR - ssr:stedsnr = 914964: No name found
utility_to_osm - WARNING - ssr:stedsnr = 914964 has multiple (3) positions, using the first one!
utility_to_osm - ERROR - ssr:stedsnr = 914963: No name found
utility_to_osm - WARNING - ssr:stedsnr = 914963 has multiple (2) positions, using the first one!
utility_to_osm - ERROR - ssr:stedsnr = 914979: No name found
utility_to_osm - WARNING - ssr:stedsnr = 914979 has multiple (2) positions, using the first one!
utility_to_osm - ERROR - ssr:stedsnr = 932589: No name found
utility_to_osm - ERROR - ssr:stedsnr = 932606: No name found
utility_to_osm - ERROR - ssr:stedsnr = 932622: No name found
utility_to_osm - ERROR - ssr:stedsnr = 932628: No name found
utility_to_osm - ERROR - ssr:stedsnr = 932628. No positions found, skipping
utility_to_osm - ERROR - ssr:stedsnr = 932649: No name found
utility_to_osm - ERROR - ssr:stedsnr = 932651: No name found
utility_to_osm - ERROR - ssr:stedsnr = 932654: No name found
utility_to_osm - ERROR - ssr:stedsnr = 932657: No name found
utility_to_osm - ERROR - ssr:stedsnr = 932661: No name found
utility_to_osm - ERROR - ssr:stedsnr = 932666: No name found
utility_to_osm - ERROR - ssr:stedsnr = 932675: No name found
utility_to_osm - ERROR - ssr:stedsnr = 932678: No name found
utility_to_osm - ERROR - ssr:stedsnr = 932694: No name found
utility_to_osm - ERROR - ssr:stedsnr = 932701: No name found
utility_to_osm - ERROR - ssr:stedsnr = 932744: No name found
utility_to_osm - ERROR - ssr:stedsnr = 932759: No name found
utility_to_osm - ERROR - ssr:stedsnr = 932762: No name found
utility_to_osm - ERROR - ssr:stedsnr = 932769: No name found
utility_to_osm - ERROR - ssr:stedsnr = 932779: No name found
utility_to_osm - ERROR - ssr:stedsnr = 932782: No name found
utility_to_osm - ERROR - ssr:stedsnr = 932940: No name found
utility_to_osm - ERROR - ssr:stedsnr = 932986: No name found
utility_to_osm - ERROR - ssr:stedsnr = 932988: No name found
utility_to_osm - ERROR - ssr:stedsnr = 932991: No name found
utility_to_osm - ERROR - ssr:stedsnr = 934092: No name found
utility_to_osm - WARNING - ssr:stedsnr = 934092 has multiple (3) positions, using the first one!
utility_to_osm - ERROR - ssr:stedsnr = 955555: No name found
utility_to_osm - WARNING - ssr:stedsnr = 955555 has multiple (2) positions, using the first one!
utility_to_osm - ERROR - ssr:stedsnr = 974775: No name found
utility_to_osm - ERROR - ssr:stedsnr = 974775: Adding multiple names to name tag, this is not OK! name = "Austlandet;Østlandet"
utility_to_osm - ERROR - ssr:stedsnr = 976221: No name found
utility_to_osm - ERROR - ssr:stedsnr = 976222: No name found
utility_to_osm.ssr2.ssr2_tags - INFO - ssr:type = annenAdministrativInndeling found in conversion table, but without tags
utility_to_osm.ssr2.ssr2_tags - INFO - ssr:type = kommune found in conversion table, but without tags
