utility_to_osm - ERROR - ERROR, no ending in ssr2_to_osm_data/data/5014/5014-ssr.xml? Trying to re-download "/app:Skrivemåte>
          </app:skrivemåte>
        </app:Stedsnavn>
      </app:stedsnavn>
    </app:Sted>
  </wfs:member"
utility_to_osm - WARNING - ssr:stedsnr = 13078 has multiple (2) positions, using the first one!
utility_to_osm - WARNING - ssr:stedsnr = 13079: No priority spelling found for lang = no, using alt_name to get "[('no', 'Kvalen')]"
utility_to_osm - WARNING - ssr:stedsnr = 13114 has multiple (2) positions, using the first one!
utility_to_osm - WARNING - ssr:stedsnr = 13703 has multiple (4) positions, using the first one!
utility_to_osm - WARNING - ssr:stedsnr = 13704 has multiple (4) positions, using the first one!
utility_to_osm - WARNING - ssr:stedsnr = 13709 has multiple (3) positions, using the first one!
utility_to_osm - WARNING - ssr:stedsnr = 13716: No priority spelling found for lang = no, using alt_name to get "[('no', 'Hammarvika')]"
utility_to_osm - WARNING - ssr:stedsnr = 13808 has multiple (3) positions, using the first one!
utility_to_osm - WARNING - ssr:stedsnr = 13810 has multiple (3) positions, using the first one!
utility_to_osm - WARNING - ssr:stedsnr = 13811 has multiple (2) positions, using the first one!
utility_to_osm - WARNING - ssr:stedsnr = 13817 has multiple (4) positions, using the first one!
utility_to_osm - WARNING - ssr:stedsnr = 13821 has multiple (4) positions, using the first one!
utility_to_osm - WARNING - ssr:stedsnr = 13824 has multiple (2) positions, using the first one!
utility_to_osm - WARNING - ssr:stedsnr = 13873 has multiple (3) positions, using the first one!
utility_to_osm - WARNING - ssr:stedsnr = 13879: No priority spelling found for lang = no, using alt_name to get "[('no', 'Lyngøyskjæret')]"
utility_to_osm - WARNING - ssr:stedsnr = 13880: No priority spelling found for lang = no, using alt_name to get "[('no', 'Håbågan')]"
utility_to_osm - WARNING - ssr:stedsnr = 13901: No priority spelling found for lang = no, using alt_name to get "[('no', 'Kalvøya')]"
utility_to_osm - WARNING - ssr:stedsnr = 13902: No priority spelling found for lang = no, using alt_name to get "[('no', 'Tjønnøytaren')]"
utility_to_osm - WARNING - ssr:stedsnr = 13905: No priority spelling found for lang = no, using alt_name to get "[('no', 'Ilgrynna')]"
utility_to_osm - WARNING - ssr:stedsnr = 13907: No priority spelling found for lang = no, using alt_name to get "[('no', 'Valøya')]"
utility_to_osm - WARNING - ssr:stedsnr = 13907 has multiple (2) positions, using the first one!
utility_to_osm - WARNING - ssr:stedsnr = 13988 has multiple (3) positions, using the first one!
utility_to_osm - WARNING - ssr:stedsnr = 13998: No priority spelling found for lang = no, using alt_name to get "[('no', 'Brannøya')]"
utility_to_osm - WARNING - ssr:stedsnr = 14768 has multiple (3) positions, using the first one!
utility_to_osm - WARNING - ssr:stedsnr = 14866: No priority spelling found for lang = no, using alt_name to get "[('no', 'Bondenget')]"
utility_to_osm - WARNING - ssr:stedsnr = 14869: No priority spelling found for lang = no, using alt_name to get "[('no', 'Tennskjæret')]"
utility_to_osm - WARNING - ssr:stedsnr = 14912 has multiple (2) positions, using the first one!
utility_to_osm - WARNING - ssr:stedsnr = 14955 has multiple (2) positions, using the first one!
utility_to_osm - WARNING - ssr:stedsnr = 14958: No priority spelling found for lang = no, using alt_name to get "[('no', 'Fuglsangen')]"
utility_to_osm - WARNING - ssr:stedsnr = 14958 has multiple (3) positions, using the first one!
utility_to_osm - WARNING - ssr:stedsnr = 14963 has multiple (2) positions, using the first one!
utility_to_osm - WARNING - ssr:stedsnr = 14966: No priority spelling found for lang = no, using alt_name to get "[('no', 'Medflua')]"
utility_to_osm - WARNING - ssr:stedsnr = 14966 has multiple (3) positions, using the first one!
utility_to_osm - WARNING - ssr:stedsnr = 32780 has multiple (2) positions, using the first one!
utility_to_osm - WARNING - ssr:stedsnr = 36203: No priority spelling found for lang = no, using alt_name to get "[('no', 'Bekkastraumen')]"
utility_to_osm - WARNING - ssr:stedsnr = 40660: No priority spelling found for lang = no, using alt_name to get "[('no', 'Hamnahaugen')]"
utility_to_osm - WARNING - ssr:stedsnr = 239454: No priority spelling found for lang = no, using alt_name to get "[('no', 'Myrhaugveien')]"
utility_to_osm - ERROR - ssr:stedsnr = 239454. No positions found, skipping
utility_to_osm - WARNING - ssr:stedsnr = 239458: No priority spelling found for lang = no, using alt_name to get "[('no', 'Tøftinveien')]"
utility_to_osm - ERROR - ssr:stedsnr = 239458. No positions found, skipping
utility_to_osm - WARNING - ssr:stedsnr = 239464: No priority spelling found for lang = no, using alt_name to get "[('no', 'Hakkbuveien')]"
utility_to_osm - ERROR - ssr:stedsnr = 239464. No positions found, skipping
utility_to_osm - WARNING - ssr:stedsnr = 239471: No priority spelling found for lang = no, using alt_name to get "[('no', 'Ytre Bremnesveien')]"
utility_to_osm - ERROR - ssr:stedsnr = 239471. No positions found, skipping
utility_to_osm - WARNING - ssr:stedsnr = 240028: No priority spelling found for lang = no, using alt_name to get "[('no', 'Beinskardet')]"
utility_to_osm - WARNING - ssr:stedsnr = 57474: No priority spelling found for lang = no, using alt_name to get "[('no', 'Avløysveien')]"
utility_to_osm - ERROR - ssr:stedsnr = 57474. No positions found, skipping
utility_to_osm - WARNING - ssr:stedsnr = 59308: No priority spelling found for lang = no, using alt_name to get "[('no', 'Internatbakkan')]"
utility_to_osm - ERROR - ssr:stedsnr = 59308. No positions found, skipping
utility_to_osm - WARNING - ssr:stedsnr = 59313: No priority spelling found for lang = no, using alt_name to get "[('no', 'Siveien')]"
utility_to_osm - ERROR - ssr:stedsnr = 59313. No positions found, skipping
utility_to_osm - WARNING - ssr:stedsnr = 59288: No priority spelling found for lang = no, using alt_name to get "[('no', 'Dyrøyveien')]"
utility_to_osm - ERROR - ssr:stedsnr = 59288. No positions found, skipping
utility_to_osm - WARNING - ssr:stedsnr = 60014: No priority spelling found for lang = no, using alt_name to get "[('no', 'Kapellveien')]"
utility_to_osm - ERROR - ssr:stedsnr = 60014. No positions found, skipping
utility_to_osm - WARNING - ssr:stedsnr = 60387: No priority spelling found for lang = no, using alt_name to get "[('no', 'Staulstraumen')]"
utility_to_osm - ERROR - ssr:stedsnr = 241306. No positions found, skipping
utility_to_osm - ERROR - ssr:stedsnr = 241307. No positions found, skipping
utility_to_osm - WARNING - ssr:stedsnr = 73103 has multiple (2) positions, using the first one!
utility_to_osm - WARNING - ssr:stedsnr = 73760: No priority spelling found for lang = no, using alt_name to get "[('no', 'Likholman')]"
utility_to_osm - WARNING - ssr:stedsnr = 74013: No priority spelling found for lang = no, using alt_name to get "[('no', 'Hornskjæra')]"
utility_to_osm - WARNING - ssr:stedsnr = 74029 has multiple (3) positions, using the first one!
utility_to_osm - WARNING - ssr:stedsnr = 74040: No priority spelling found for lang = no, using alt_name to get "[('no', 'Ringskjæret')]"
utility_to_osm - WARNING - ssr:stedsnr = 74104: No priority spelling found for lang = no, using alt_name to get "[('no', 'Storjamnungen')]"
utility_to_osm - WARNING - ssr:stedsnr = 74801 has multiple (4) positions, using the first one!
utility_to_osm - WARNING - ssr:stedsnr = 74807 has multiple (2) positions, using the first one!
utility_to_osm - WARNING - ssr:stedsnr = 74813 has multiple (4) positions, using the first one!
utility_to_osm - WARNING - ssr:stedsnr = 74814: No priority spelling found for lang = no, using alt_name to get "[('no', 'Grønnskjæra')]"
utility_to_osm - WARNING - ssr:stedsnr = 74814 has multiple (5) positions, using the first one!
utility_to_osm - WARNING - ssr:stedsnr = 74820 has multiple (3) positions, using the first one!
utility_to_osm - WARNING - ssr:stedsnr = 74754 has multiple (4) positions, using the first one!
utility_to_osm - WARNING - ssr:stedsnr = 74760 has multiple (3) positions, using the first one!
utility_to_osm - WARNING - ssr:stedsnr = 74765: No priority spelling found for lang = no, using alt_name to get "[('no', 'Tidbreddklakkan')]"
utility_to_osm - WARNING - ssr:stedsnr = 74767: No priority spelling found for lang = no, using alt_name to get "[('no', 'Synnavindsskjæret')]"
utility_to_osm - WARNING - ssr:stedsnr = 74768 has multiple (4) positions, using the first one!
