utility_to_osm - ERROR - ERROR, no ending in ssr2_to_osm_data/data/5043/5043-ssr.xml? Trying to re-download
utility_to_osm - WARNING - ssr:stedsnr = 229668 has multiple (2) positions, using the first one!
utility_to_osm - WARNING - ssr:stedsnr = 229903: No priority spelling found for lang = no, using alt_name to get "[('no', 'Terskelbrua')]"
utility_to_osm - ERROR - ssr:stedsnr = 229903. No positions found, skipping
utility_to_osm - WARNING - ssr:stedsnr = 229904: No priority spelling found for lang = no, using alt_name to get "[('no', 'Vestre Hovdbrua')]"
utility_to_osm - ERROR - ssr:stedsnr = 229904. No positions found, skipping
utility_to_osm - WARNING - ssr:stedsnr = 14017: No priority spelling found for lang = no, using alt_name to get "[('no', 'Knulen')]"
utility_to_osm - WARNING - ssr:stedsnr = 14017 has multiple (4) positions, using the first one!
utility_to_osm - WARNING - ssr:stedsnr = 14018: No priority spelling found for lang = no, using alt_name to get "[('no', 'Storsteinbekken')]"
utility_to_osm - WARNING - ssr:stedsnr = 14018 has multiple (3) positions, using the first one!
utility_to_osm - WARNING - ssr:stedsnr = 14206: No priority spelling found for lang = no, using alt_name to get "[('no', 'Holmen')]"
utility_to_osm - WARNING - ssr:stedsnr = 14206 has multiple (4) positions, using the first one!
utility_to_osm - WARNING - ssr:stedsnr = 14223: No priority spelling found for lang = no, using alt_name to get "[('no', 'Bukktjønna')]"
utility_to_osm - WARNING - ssr:stedsnr = 14223 has multiple (2) positions, using the first one!
utility_to_osm - WARNING - ssr:stedsnr = 14268: No priority spelling found for lang = no, using alt_name to get "[('no', 'Tjørrudalen')]"
utility_to_osm - WARNING - ssr:stedsnr = 14268 has multiple (2) positions, using the first one!
utility_to_osm - WARNING - ssr:stedsnr = 14304: No priority spelling found for lang = no, using alt_name to get "[('no', 'Sagvika')]"
utility_to_osm - WARNING - ssr:stedsnr = 14304 has multiple (5) positions, using the first one!
utility_to_osm - WARNING - ssr:stedsnr = 14316: No priority spelling found for lang = no, using alt_name to get "[('no', 'Litlklumpen')]"
utility_to_osm - WARNING - ssr:stedsnr = 14316 has multiple (3) positions, using the first one!
utility_to_osm - WARNING - ssr:stedsnr = 14317: No priority spelling found for lang = no, using alt_name to get "[('no', 'Austre Gjersviksætra')]"
utility_to_osm - WARNING - ssr:stedsnr = 14317 has multiple (4) positions, using the first one!
utility_to_osm - WARNING - ssr:stedsnr = 14318: No priority spelling found for lang = sma, using alt_name to get "[('sma', 'Njueniesjaevriennjuenie')]"
utility_to_osm - WARNING - ssr:stedsnr = 14318 has multiple (2) positions, using the first one!
utility_to_osm - WARNING - ssr:stedsnr = 14366: No priority spelling found for lang = no, using alt_name to get "[('no', 'Saksvasskardet')]"
utility_to_osm - WARNING - ssr:stedsnr = 14366 has multiple (3) positions, using the first one!
utility_to_osm - WARNING - ssr:stedsnr = 14760: No priority spelling found for lang = no, using alt_name to get "[('no', 'Lomtjønnin')]"
utility_to_osm - WARNING - ssr:stedsnr = 14760 has multiple (2) positions, using the first one!
utility_to_osm - WARNING - ssr:stedsnr = 14771: No priority spelling found for lang = sma, using alt_name to get "[('sma', 'Vuepertjahke')]"
utility_to_osm - WARNING - ssr:stedsnr = 14771 has multiple (4) positions, using the first one!
utility_to_osm - WARNING - ssr:stedsnr = 15409: No priority spelling found for lang = no, using alt_name to get "[('no', 'Lia')]"
utility_to_osm - WARNING - ssr:stedsnr = 15409 has multiple (2) positions, using the first one!
utility_to_osm - WARNING - ssr:stedsnr = 15302: No priority spelling found for lang = no, using alt_name to get "[('no', 'Grong Gruber')]"
utility_to_osm - WARNING - ssr:stedsnr = 15302 has multiple (5) positions, using the first one!
utility_to_osm - WARNING - ssr:stedsnr = 15303 has multiple (2) positions, using the first one!
utility_to_osm - WARNING - ssr:stedsnr = 15371: No priority spelling found for lang = sma, using alt_name to get "[('sma', 'Tjirrehtse')]"
utility_to_osm - WARNING - ssr:stedsnr = 15372: No priority spelling found for lang = no, using alt_name to get "[('no', 'Blindtarmen')]"
utility_to_osm - WARNING - ssr:stedsnr = 15503: No priority spelling found for lang = no, using alt_name to get "[('no', 'Nytjønna')]"
utility_to_osm - WARNING - ssr:stedsnr = 15503 has multiple (3) positions, using the first one!
utility_to_osm - WARNING - ssr:stedsnr = 15516: No priority spelling found for lang = no, using alt_name to get "[('no', 'Røset')]"
utility_to_osm - WARNING - ssr:stedsnr = 15516 has multiple (3) positions, using the first one!
utility_to_osm - WARNING - ssr:stedsnr = 20258: No priority spelling found for lang = sma, using alt_name to get "[('sma', 'Govre')]"
utility_to_osm - WARNING - ssr:stedsnr = 20258 has multiple (3) positions, using the first one!
utility_to_osm - WARNING - ssr:stedsnr = 21948: No priority spelling found for lang = sma, using alt_name to get "[('sma', 'Govrenjohke')]"
utility_to_osm - WARNING - ssr:stedsnr = 40446: No priority spelling found for lang = no, using alt_name to get "[('no', 'Stallvik-Reinøya')]"
utility_to_osm - WARNING - ssr:stedsnr = 46271 has multiple (2) positions, using the first one!
utility_to_osm - WARNING - ssr:stedsnr = 47909: No priority spelling found for lang = no, using alt_name to get "[('no', 'Storbekkbrua')]"
utility_to_osm - ERROR - ssr:stedsnr = 47909. No positions found, skipping
utility_to_osm - WARNING - ssr:stedsnr = 239840: No priority spelling found for lang = no, using alt_name to get "[('no', 'Myrheimveien')]"
utility_to_osm - ERROR - ssr:stedsnr = 239840. No positions found, skipping
utility_to_osm - WARNING - ssr:stedsnr = 75002: No priority spelling found for lang = no, using alt_name to get "[('no', 'Namsvatnet')]"
utility_to_osm - WARNING - ssr:stedsnr = 75002: No priority spelling found for lang = no, using alt_name to get "[('sma', 'Nååmesjenjaevrie'), ('no', 'Namsvatnet')]"
utility_to_osm - WARNING - ssr:stedsnr = 75002 has multiple (19) positions, using the first one!
utility_to_osm - WARNING - ssr:stedsnr = 75301: No priority spelling found for lang = no, using alt_name to get "[('no', 'Langtarmen')]"
utility_to_osm - WARNING - ssr:stedsnr = 75252: No priority spelling found for lang = no, using alt_name to get "[('no', 'Styggbekken')]"
utility_to_osm - WARNING - ssr:stedsnr = 75252 has multiple (4) positions, using the first one!
utility_to_osm - WARNING - ssr:stedsnr = 75255: No priority spelling found for lang = no, using alt_name to get "[('no', 'Heimly')]"
utility_to_osm - WARNING - ssr:stedsnr = 75255 has multiple (3) positions, using the first one!
utility_to_osm - WARNING - ssr:stedsnr = 75408: No priority spelling found for lang = no, using alt_name to get "[('no', 'Rørviktangen')]"
utility_to_osm - WARNING - ssr:stedsnr = 75408 has multiple (3) positions, using the first one!
utility_to_osm - WARNING - ssr:stedsnr = 75452: No priority spelling found for lang = no, using alt_name to get "[('no', 'Slåttvika')]"
utility_to_osm - WARNING - ssr:stedsnr = 75452 has multiple (6) positions, using the first one!
utility_to_osm - WARNING - ssr:stedsnr = 75456: No priority spelling found for lang = no, using alt_name to get "[('no', 'Kvernbekken')]"
utility_to_osm - WARNING - ssr:stedsnr = 75456 has multiple (4) positions, using the first one!
utility_to_osm - WARNING - ssr:stedsnr = 75457: No priority spelling found for lang = no, using alt_name to get "[('no', 'Oskarstakken')]"
utility_to_osm - WARNING - ssr:stedsnr = 75457 has multiple (2) positions, using the first one!
utility_to_osm - WARNING - ssr:stedsnr = 75906: No priority spelling found for lang = sma, using alt_name to get "[('sma', 'Eallanjohke')]"
utility_to_osm - WARNING - ssr:stedsnr = 75906 has multiple (2) positions, using the first one!
utility_to_osm - WARNING - ssr:stedsnr = 76348: No priority spelling found for lang = no, using alt_name to get "[('no', 'Leikhaugen')]"
utility_to_osm - WARNING - ssr:stedsnr = 76348 has multiple (3) positions, using the first one!
utility_to_osm - WARNING - ssr:stedsnr = 76349: No priority spelling found for lang = no, using alt_name to get "[('no', 'Austre Mykkelvikfjellet')]"
utility_to_osm - WARNING - ssr:stedsnr = 76349 has multiple (3) positions, using the first one!
utility_to_osm - WARNING - ssr:stedsnr = 76350: No priority spelling found for lang = no, using alt_name to get "[('no', 'Nesåflyan')]"
utility_to_osm - WARNING - ssr:stedsnr = 76350: No priority spelling found for lang = no, using alt_name to get "[('sma', 'Åarjel-Balhkohkejaevrie'), ('no', 'Nesåflyan')]"
utility_to_osm - WARNING - ssr:stedsnr = 76350 has multiple (3) positions, using the first one!
utility_to_osm - WARNING - ssr:stedsnr = 76497: No priority spelling found for lang = no, using alt_name to get "[('no', 'Sparfelttangen')]"
utility_to_osm - WARNING - ssr:stedsnr = 76497 has multiple (3) positions, using the first one!
utility_to_osm - WARNING - ssr:stedsnr = 81391: No priority spelling found for lang = no, using alt_name to get "[('no', 'Nursfjellet')]"
utility_to_osm - WARNING - ssr:stedsnr = 81391: No priority spelling found for lang = no, using alt_name to get "[('sma', 'Noeresfiellie'), ('no', 'Nursfjellet')]"
utility_to_osm - WARNING - ssr:stedsnr = 81391 has multiple (6) positions, using the first one!
utility_to_osm - WARNING - ssr:stedsnr = 81906: No priority spelling found for lang = sma, using alt_name to get "[('sma', 'Snuhkie')]"
utility_to_osm - WARNING - ssr:stedsnr = 81906 has multiple (4) positions, using the first one!
utility_to_osm - WARNING - ssr:stedsnr = 82907: No priority spelling found for lang = sma, using alt_name to get "[('sma', 'Goeblenbaahkoe')]"
utility_to_osm - WARNING - ssr:stedsnr = 82907 has multiple (2) positions, using the first one!
utility_to_osm - WARNING - ssr:stedsnr = 105084: No priority spelling found for lang = no, using alt_name to get "[('no', 'Austre Storbekken')]"
utility_to_osm - WARNING - ssr:stedsnr = 105084 has multiple (3) positions, using the first one!
utility_to_osm - WARNING - ssr:stedsnr = 108903: No priority spelling found for lang = no, using alt_name to get "[('no', 'Hudningselvbrua')]"
utility_to_osm - ERROR - ssr:stedsnr = 108903. No positions found, skipping
utility_to_osm - WARNING - ssr:stedsnr = 110878: No priority spelling found for lang = no, using alt_name to get "[('no', 'Sipmekrøysa')]"
utility_to_osm - WARNING - ssr:stedsnr = 118793: No priority spelling found for lang = no, using alt_name to get "[('no', 'Båstangveien')]"
utility_to_osm - ERROR - ssr:stedsnr = 118793. No positions found, skipping
utility_to_osm - WARNING - ssr:stedsnr = 135319: No priority spelling found for lang = no, using alt_name to get "[('no', 'Litlfisktjønna')]"
utility_to_osm - WARNING - ssr:stedsnr = 135319 has multiple (5) positions, using the first one!
utility_to_osm - WARNING - ssr:stedsnr = 135322: No priority spelling found for lang = no, using alt_name to get "[('no', 'Småvasshøgda'), ('no', 'Litlfjellet')]"
utility_to_osm - ERROR - ssr:stedsnr = 135322: Adding multiple names to name tag, this is not OK! name = "Småvasshøgda;Litlfjellet"
utility_to_osm - WARNING - ssr:stedsnr = 135322 has multiple (3) positions, using the first one!
utility_to_osm - WARNING - ssr:stedsnr = 135327: No priority spelling found for lang = no, using alt_name to get "[('no', 'Lauvnes')]"
utility_to_osm - WARNING - ssr:stedsnr = 135327 has multiple (3) positions, using the first one!
utility_to_osm - WARNING - ssr:stedsnr = 135255: No priority spelling found for lang = sma, using alt_name to get "[('sma', 'Gåetbielesdurrie')]"
utility_to_osm - WARNING - ssr:stedsnr = 135256: No priority spelling found for lang = no, using alt_name to get "[('no', 'Seterviktjønna')]"
utility_to_osm - WARNING - ssr:stedsnr = 135256 has multiple (3) positions, using the first one!
utility_to_osm - WARNING - ssr:stedsnr = 135405: No priority spelling found for lang = no, using alt_name to get "[('no', 'Båskrubba')]"
utility_to_osm - WARNING - ssr:stedsnr = 135405 has multiple (2) positions, using the first one!
utility_to_osm - WARNING - ssr:stedsnr = 135409: No priority spelling found for lang = no, using alt_name to get "[('no', 'Gåsvatnet')]"
utility_to_osm - WARNING - ssr:stedsnr = 135409: No priority spelling found for lang = no, using alt_name to get "[('sma', 'Gåasajaevrie'), ('no', 'Gåsvatnet')]"
utility_to_osm - WARNING - ssr:stedsnr = 135409 has multiple (8) positions, using the first one!
utility_to_osm - WARNING - ssr:stedsnr = 136300: No priority spelling found for lang = no, using alt_name to get "[('no', 'Mykkelvika')]"
utility_to_osm - WARNING - ssr:stedsnr = 136459: No priority spelling found for lang = no, using alt_name to get "[('no', 'Brennstakkslætta')]"
utility_to_osm - WARNING - ssr:stedsnr = 136459 has multiple (4) positions, using the first one!
utility_to_osm - WARNING - ssr:stedsnr = 136316: No priority spelling found for lang = no, using alt_name to get "[('no', 'Ornes')]"
utility_to_osm - WARNING - ssr:stedsnr = 136316 has multiple (4) positions, using the first one!
utility_to_osm - WARNING - ssr:stedsnr = 136358: No priority spelling found for lang = no, using alt_name to get "[('no', 'Stallheim')]"
utility_to_osm - WARNING - ssr:stedsnr = 136363: No priority spelling found for lang = no, using alt_name to get "[('no', 'Tverrelva')]"
utility_to_osm - WARNING - ssr:stedsnr = 136363 has multiple (5) positions, using the first one!
utility_to_osm - WARNING - ssr:stedsnr = 136367: No priority spelling found for lang = no, using alt_name to get "[('no', 'Nyvikmoseteren')]"
utility_to_osm - WARNING - ssr:stedsnr = 136367 has multiple (4) positions, using the first one!
utility_to_osm - WARNING - ssr:stedsnr = 136369: No priority spelling found for lang = no, using alt_name to get "[('no', 'Stortjønna')]"
utility_to_osm - WARNING - ssr:stedsnr = 136369 has multiple (4) positions, using the first one!
utility_to_osm - WARNING - ssr:stedsnr = 136370: No priority spelling found for lang = no, using alt_name to get "[('no', 'Tunnsjørørvika')]"
utility_to_osm - WARNING - ssr:stedsnr = 136370 has multiple (3) positions, using the first one!
utility_to_osm - WARNING - ssr:stedsnr = 145510: No priority spelling found for lang = sma, using alt_name to get "[('sma', 'Skaanjehtahke')]"
utility_to_osm - WARNING - ssr:stedsnr = 145510 has multiple (3) positions, using the first one!
utility_to_osm - WARNING - ssr:stedsnr = 257032: No priority spelling found for lang = sma, using alt_name to get "[('sma', 'Saaksenbaarmoenjaevrie')]"
utility_to_osm - WARNING - ssr:stedsnr = 257032 has multiple (2) positions, using the first one!
utility_to_osm - WARNING - ssr:stedsnr = 257041: No priority spelling found for lang = no, using alt_name to get "[('no', 'Heggvoll')]"
utility_to_osm - WARNING - ssr:stedsnr = 257041 has multiple (2) positions, using the first one!
utility_to_osm - WARNING - ssr:stedsnr = 257049: No priority spelling found for lang = no, using alt_name to get "[('no', 'Trolltjønna')]"
utility_to_osm - WARNING - ssr:stedsnr = 257049 has multiple (4) positions, using the first one!
utility_to_osm - WARNING - ssr:stedsnr = 257050: No priority spelling found for lang = no, using alt_name to get "[('no', 'Norheim')]"
utility_to_osm - WARNING - ssr:stedsnr = 257050 has multiple (4) positions, using the first one!
utility_to_osm - WARNING - ssr:stedsnr = 257052: No priority spelling found for lang = no, using alt_name to get "[('no', 'Lomtjønna')]"
utility_to_osm - WARNING - ssr:stedsnr = 257053: No priority spelling found for lang = no, using alt_name to get "[('no', 'Merkesbekken')]"
utility_to_osm - WARNING - ssr:stedsnr = 257053: No priority spelling found for lang = no, using alt_name to get "[('sma', 'Savjenjohke'), ('no', 'Merkesbekken')]"
utility_to_osm - WARNING - ssr:stedsnr = 257053 has multiple (6) positions, using the first one!
utility_to_osm - WARNING - ssr:stedsnr = 257286: No priority spelling found for lang = no, using alt_name to get "[('no', 'Bjørkhaugen')]"
utility_to_osm - WARNING - ssr:stedsnr = 257286 has multiple (3) positions, using the first one!
utility_to_osm - WARNING - ssr:stedsnr = 257298: No priority spelling found for lang = sma, using alt_name to get "[('sma', 'Sjapmenjohke')]"
utility_to_osm - WARNING - ssr:stedsnr = 257298 has multiple (2) positions, using the first one!
utility_to_osm - WARNING - ssr:stedsnr = 257299 has multiple (4) positions, using the first one!
utility_to_osm - WARNING - ssr:stedsnr = 257383 has multiple (4) positions, using the first one!
utility_to_osm - WARNING - ssr:stedsnr = 257388: No priority spelling found for lang = no, using alt_name to get "[('no', 'Brattmyrdalen')]"
utility_to_osm - WARNING - ssr:stedsnr = 257342: No priority spelling found for lang = no, using alt_name to get "[('no', 'Åsheim')]"
utility_to_osm - WARNING - ssr:stedsnr = 257342 has multiple (3) positions, using the first one!
utility_to_osm - WARNING - ssr:stedsnr = 257419: No priority spelling found for lang = no, using alt_name to get "[('no', 'Bustadtangen')]"
utility_to_osm - WARNING - ssr:stedsnr = 257419 has multiple (3) positions, using the first one!
utility_to_osm - WARNING - ssr:stedsnr = 257398: No priority spelling found for lang = no, using alt_name to get "[('no', 'Myrvoll')]"
utility_to_osm - WARNING - ssr:stedsnr = 257398 has multiple (3) positions, using the first one!
utility_to_osm - WARNING - ssr:stedsnr = 257440: No priority spelling found for lang = no, using alt_name to get "[('no', 'Austre Gjersvika')]"
utility_to_osm - WARNING - ssr:stedsnr = 257440 has multiple (4) positions, using the first one!
utility_to_osm - WARNING - ssr:stedsnr = 257443: No priority spelling found for lang = no, using alt_name to get "[('no', 'Setertjønna')]"
utility_to_osm - WARNING - ssr:stedsnr = 257443 has multiple (2) positions, using the first one!
utility_to_osm - WARNING - ssr:stedsnr = 257450: No priority spelling found for lang = no, using alt_name to get "[('no', 'Gjersvika')]"
utility_to_osm - WARNING - ssr:stedsnr = 257450 has multiple (5) positions, using the first one!
utility_to_osm - WARNING - ssr:stedsnr = 257501: No priority spelling found for lang = no, using alt_name to get "[('no', 'Bukta')]"
utility_to_osm - WARNING - ssr:stedsnr = 257501 has multiple (3) positions, using the first one!
utility_to_osm - WARNING - ssr:stedsnr = 257538: No priority spelling found for lang = no, using alt_name to get "[('no', 'Lomtjønnin')]"
utility_to_osm - WARNING - ssr:stedsnr = 257538 has multiple (3) positions, using the first one!
utility_to_osm - WARNING - ssr:stedsnr = 257542: No priority spelling found for lang = no, using alt_name to get "[('no', 'Tjermavatna')]"
utility_to_osm - WARNING - ssr:stedsnr = 257542: No priority spelling found for lang = no, using alt_name to get "[('sma', 'Tjiermejaevrieh'), ('no', 'Tjermavatna')]"
utility_to_osm - WARNING - ssr:stedsnr = 257547: No priority spelling found for lang = no, using alt_name to get "[('no', 'Småtjønnin')]"
utility_to_osm - WARNING - ssr:stedsnr = 257547 has multiple (4) positions, using the first one!
utility_to_osm - WARNING - ssr:stedsnr = 257548: No priority spelling found for lang = no, using alt_name to get "[('no', 'Røyrvik')]"
utility_to_osm - WARNING - ssr:stedsnr = 257548: No priority spelling found for lang = no, using alt_name to get "[('sma', 'Raarvihke'), ('no', 'Røyrvik')]"
utility_to_osm - WARNING - ssr:stedsnr = 257548 has multiple (3) positions, using the first one!
utility_to_osm - WARNING - ssr:stedsnr = 257599 has multiple (3) positions, using the first one!
utility_to_osm - WARNING - ssr:stedsnr = 257601: No priority spelling found for lang = no, using alt_name to get "[('no', 'Storbekken')]"
utility_to_osm - WARNING - ssr:stedsnr = 257601 has multiple (3) positions, using the first one!
utility_to_osm - WARNING - ssr:stedsnr = 257692: No priority spelling found for lang = sma, using alt_name to get "[('sma', 'Ruffie')]"
utility_to_osm - WARNING - ssr:stedsnr = 257881: No priority spelling found for lang = no, using alt_name to get "[('no', 'Jonastjønna')]"
utility_to_osm - WARNING - ssr:stedsnr = 257881 has multiple (2) positions, using the first one!
utility_to_osm - WARNING - ssr:stedsnr = 257893: No priority spelling found for lang = sma, using alt_name to get "[('sma', 'Kaajjenaesie')]"
utility_to_osm - WARNING - ssr:stedsnr = 168914: No priority spelling found for lang = no, using alt_name to get "[('no', 'Storbekkbrua')]"
utility_to_osm - ERROR - ssr:stedsnr = 168914. No positions found, skipping
utility_to_osm - WARNING - ssr:stedsnr = 178803: No priority spelling found for lang = no, using alt_name to get "[('no', 'Saksvassveien')]"
utility_to_osm - ERROR - ssr:stedsnr = 178803. No positions found, skipping
utility_to_osm - ERROR - ssr:stedsnr = 178806. No positions found, skipping
utility_to_osm - ERROR - ssr:stedsnr = 178810. No positions found, skipping
utility_to_osm - WARNING - ssr:stedsnr = 178818: No priority spelling found for lang = no, using alt_name to get "[('no', 'Rørfossveien')]"
utility_to_osm - ERROR - ssr:stedsnr = 178818. No positions found, skipping
utility_to_osm - WARNING - ssr:stedsnr = 178784: No priority spelling found for lang = no, using alt_name to get "[('no', 'Sandtangveien')]"
utility_to_osm - ERROR - ssr:stedsnr = 178784. No positions found, skipping
utility_to_osm - WARNING - ssr:stedsnr = 263953: No priority spelling found for lang = sma, using alt_name to get "[('sma', 'Sjielejaevrie')]"
utility_to_osm - WARNING - ssr:stedsnr = 263953 has multiple (2) positions, using the first one!
utility_to_osm - WARNING - ssr:stedsnr = 196055: No priority spelling found for lang = no, using alt_name to get "[('no', 'Rundvika')]"
utility_to_osm - WARNING - ssr:stedsnr = 196055 has multiple (3) positions, using the first one!
utility_to_osm - WARNING - ssr:stedsnr = 196523 has multiple (2) positions, using the first one!
utility_to_osm - WARNING - ssr:stedsnr = 196802: No priority spelling found for lang = no, using alt_name to get "[('no', 'Litlvasstangen')]"
utility_to_osm - WARNING - ssr:stedsnr = 196802 has multiple (2) positions, using the first one!
utility_to_osm - WARNING - ssr:stedsnr = 196806: No priority spelling found for lang = no, using alt_name to get "[('no', 'Virmadalen')]"
utility_to_osm - WARNING - ssr:stedsnr = 196806: No priority spelling found for lang = no, using alt_name to get "[('sma', 'Viermevuemie'), ('no', 'Virmadalen')]"
utility_to_osm - WARNING - ssr:stedsnr = 196806 has multiple (6) positions, using the first one!
utility_to_osm - WARNING - ssr:stedsnr = 197307: No priority spelling found for lang = no, using alt_name to get "[('no', 'Auster-Vallervatnet')]"
utility_to_osm - WARNING - ssr:stedsnr = 197307: No priority spelling found for lang = no, using alt_name to get "[('sma', 'Luvlie-Vuallerejaevrie'), ('no', 'Auster-Vallervatnet')]"
utility_to_osm - WARNING - ssr:stedsnr = 197307 has multiple (5) positions, using the first one!
utility_to_osm - WARNING - ssr:stedsnr = 197358: No priority spelling found for lang = no, using alt_name to get "[('no', 'Leirbekken')]"
utility_to_osm - WARNING - ssr:stedsnr = 197358 has multiple (2) positions, using the first one!
utility_to_osm - WARNING - ssr:stedsnr = 197368: No priority spelling found for lang = no, using alt_name to get "[('no', 'Høa')]"
utility_to_osm - WARNING - ssr:stedsnr = 197369: No priority spelling found for lang = no, using alt_name to get "[('no', 'Blauthalsen')]"
utility_to_osm - WARNING - ssr:stedsnr = 197369 has multiple (3) positions, using the first one!
utility_to_osm - WARNING - ssr:stedsnr = 197374: No priority spelling found for lang = no, using alt_name to get "[('no', 'Stormyrplutten')]"
utility_to_osm - WARNING - ssr:stedsnr = 197374 has multiple (3) positions, using the first one!
utility_to_osm - WARNING - ssr:stedsnr = 197511: No priority spelling found for lang = no, using alt_name to get "[('no', 'Storholmen')]"
utility_to_osm - WARNING - ssr:stedsnr = 197511 has multiple (3) positions, using the first one!
utility_to_osm - WARNING - ssr:stedsnr = 197512: No priority spelling found for lang = no, using alt_name to get "[('no', 'Tomastjønna')]"
utility_to_osm - WARNING - ssr:stedsnr = 197512 has multiple (3) positions, using the first one!
utility_to_osm - WARNING - ssr:stedsnr = 197458: No priority spelling found for lang = no, using alt_name to get "[('no', 'Gamsetervollen')]"
utility_to_osm - WARNING - ssr:stedsnr = 197458 has multiple (3) positions, using the first one!
utility_to_osm - WARNING - ssr:stedsnr = 197469: No priority spelling found for lang = sma, using alt_name to get "[('sma', 'Guertiesjaevrienjohke')]"
utility_to_osm - WARNING - ssr:stedsnr = 197469 has multiple (2) positions, using the first one!
utility_to_osm - WARNING - ssr:stedsnr = 197476: No priority spelling found for lang = no, using alt_name to get "[('no', 'Storplutten')]"
utility_to_osm - WARNING - ssr:stedsnr = 197476 has multiple (3) positions, using the first one!
utility_to_osm - WARNING - ssr:stedsnr = 197863: No priority spelling found for lang = no, using alt_name to get "[('no', 'Langtjønna')]"
utility_to_osm - WARNING - ssr:stedsnr = 197863: No priority spelling found for lang = no, using alt_name to get "[('sma', 'Guhkiesjaavretje'), ('no', 'Langtjønna')]"
utility_to_osm - WARNING - ssr:stedsnr = 197863 has multiple (4) positions, using the first one!
utility_to_osm - WARNING - ssr:stedsnr = 197871: No priority spelling found for lang = no, using alt_name to get "[('no', 'Langtjønna')]"
utility_to_osm - WARNING - ssr:stedsnr = 197871 has multiple (2) positions, using the first one!
utility_to_osm - WARNING - ssr:stedsnr = 202395: No priority spelling found for lang = no, using alt_name to get "[('no', 'Havdalsfjellet')]"
utility_to_osm - WARNING - ssr:stedsnr = 202395: No priority spelling found for lang = sma, using alt_name to get "[('no', 'Havdalsfjellet'), ('sma', 'Vaellie')]"
utility_to_osm - WARNING - ssr:stedsnr = 202395 has multiple (3) positions, using the first one!
utility_to_osm - WARNING - ssr:stedsnr = 229933: No priority spelling found for lang = no, using alt_name to get "[('no', 'Sagvikmarkbrua')]"
utility_to_osm - WARNING - ssr:stedsnr = 231934: No priority spelling found for lang = no, using alt_name to get "[('no', 'Gåetievartoerøysa')]"
utility_to_osm - WARNING - ssr:stedsnr = 257203 has multiple (3) positions, using the first one!
utility_to_osm - WARNING - ssr:stedsnr = 257403: No priority spelling found for lang = no, using alt_name to get "[('no', 'Sultifiskflyen')]"
utility_to_osm - WARNING - ssr:stedsnr = 257403: No priority spelling found for lang = no, using alt_name to get "[('sma', 'Tjuenjerenjaevrie'), ('no', 'Sultifiskflyen')]"
utility_to_osm - WARNING - ssr:stedsnr = 257403 has multiple (3) positions, using the first one!
utility_to_osm - WARNING - ssr:stedsnr = 257410: No priority spelling found for lang = no, using alt_name to get "[('no', 'Grensebekken')]"
utility_to_osm - WARNING - ssr:stedsnr = 257410 has multiple (3) positions, using the first one!
utility_to_osm - WARNING - ssr:stedsnr = 257305: No priority spelling found for lang = no, using alt_name to get "[('no', 'Sørsundet')]"
utility_to_osm - WARNING - ssr:stedsnr = 257305 has multiple (3) positions, using the first one!
utility_to_osm - WARNING - ssr:stedsnr = 257363: No priority spelling found for lang = no, using alt_name to get "[('no', 'Styggdalsbekken')]"
utility_to_osm - WARNING - ssr:stedsnr = 257363 has multiple (4) positions, using the first one!
utility_to_osm - WARNING - ssr:stedsnr = 257365: No priority spelling found for lang = no, using alt_name to get "[('no', 'Svartberget')]"
utility_to_osm - WARNING - ssr:stedsnr = 257365: No priority spelling found for lang = no, using alt_name to get "[('sma', 'Luvlie-Balhkohke'), ('no', 'Svartberget')]"
utility_to_osm - WARNING - ssr:stedsnr = 257365 has multiple (2) positions, using the first one!
utility_to_osm - WARNING - ssr:stedsnr = 257371: No priority spelling found for lang = no, using alt_name to get "[('no', 'Toklumpen')]"
utility_to_osm - WARNING - ssr:stedsnr = 257371 has multiple (2) positions, using the first one!
utility_to_osm - WARNING - ssr:stedsnr = 257375: No priority spelling found for lang = no, using alt_name to get "[('no', 'Grastjønna')]"
utility_to_osm - WARNING - ssr:stedsnr = 257512: No priority spelling found for lang = no, using alt_name to get "[('no', 'Loddotjønna')]"
utility_to_osm - WARNING - ssr:stedsnr = 257512 has multiple (4) positions, using the first one!
utility_to_osm - WARNING - ssr:stedsnr = 257514: No priority spelling found for lang = no, using alt_name to get "[('no', 'Saksvasselva')]"
utility_to_osm - WARNING - ssr:stedsnr = 257514: No priority spelling found for lang = no, using alt_name to get "[('sma', 'Saaksenjohke'), ('no', 'Saksvasselva')]"
utility_to_osm - WARNING - ssr:stedsnr = 257514 has multiple (3) positions, using the first one!
utility_to_osm - WARNING - ssr:stedsnr = 257523: No priority spelling found for lang = no, using alt_name to get "[('no', 'Tomasseteren')]"
utility_to_osm - WARNING - ssr:stedsnr = 257523 has multiple (4) positions, using the first one!
utility_to_osm - WARNING - ssr:stedsnr = 257458: No priority spelling found for lang = no, using alt_name to get "[('sma', 'Gourre'), ('no', 'Djupdalen')]"
utility_to_osm - WARNING - ssr:stedsnr = 257458 has multiple (3) positions, using the first one!
utility_to_osm - WARNING - ssr:stedsnr = 257460: No priority spelling found for lang = no, using alt_name to get "[('no', 'Seterklumpen')]"
utility_to_osm - WARNING - ssr:stedsnr = 257460: No priority spelling found for lang = no, using alt_name to get "[('sma', 'Faavrehtjahke'), ('no', 'Seterklumpen')]"
utility_to_osm - WARNING - ssr:stedsnr = 257460 has multiple (7) positions, using the first one!
utility_to_osm - WARNING - ssr:stedsnr = 257474: No priority spelling found for lang = no, using alt_name to get "[('no', 'Flatmyra')]"
utility_to_osm - WARNING - ssr:stedsnr = 257474 has multiple (3) positions, using the first one!
utility_to_osm - WARNING - ssr:stedsnr = 257909: No priority spelling found for lang = no, using alt_name to get "[('no', 'Finnbursdalen')]"
utility_to_osm - WARNING - ssr:stedsnr = 263803: No priority spelling found for lang = no, using alt_name to get "[('no', 'Sapmandalen')]"
utility_to_osm - WARNING - ssr:stedsnr = 263803: No priority spelling found for lang = no, using alt_name to get "[('sma', 'Saapmanlåemie'), ('no', 'Sapmandalen')]"
utility_to_osm - WARNING - ssr:stedsnr = 263803 has multiple (4) positions, using the first one!
utility_to_osm - WARNING - ssr:stedsnr = 264887: No priority spelling found for lang = sma, using alt_name to get "[('sma', 'Nåebrienjaevrie')]"
utility_to_osm - WARNING - ssr:stedsnr = 264887 has multiple (2) positions, using the first one!
utility_to_osm - WARNING - ssr:stedsnr = 284677: No priority spelling found for lang = no, using alt_name to get "[('no', 'Sipmektindrøysa')]"
utility_to_osm - WARNING - ssr:stedsnr = 288177 has multiple (2) positions, using the first one!
utility_to_osm - WARNING - ssr:stedsnr = 290127 has multiple (2) positions, using the first one!
utility_to_osm - WARNING - ssr:stedsnr = 290990 has multiple (2) positions, using the first one!
utility_to_osm - WARNING - ssr:stedsnr = 300810: No priority spelling found for lang = no, using alt_name to get "[('no', 'Sommerfjøsveien')]"
utility_to_osm - ERROR - ssr:stedsnr = 300810. No positions found, skipping
utility_to_osm - WARNING - ssr:stedsnr = 300812: No priority spelling found for lang = no, using alt_name to get "[('no', 'Dergaveien')]"
utility_to_osm - ERROR - ssr:stedsnr = 300812. No positions found, skipping
utility_to_osm - WARNING - ssr:stedsnr = 317344: No priority spelling found for lang = no, using alt_name to get "[('no', 'Kvilåsen')]"
utility_to_osm - WARNING - ssr:stedsnr = 317344 has multiple (2) positions, using the first one!
utility_to_osm - WARNING - ssr:stedsnr = 317441: No priority spelling found for lang = no, using alt_name to get "[('no', 'Heggli')]"
utility_to_osm - WARNING - ssr:stedsnr = 317441 has multiple (3) positions, using the first one!
utility_to_osm - WARNING - ssr:stedsnr = 318253: No priority spelling found for lang = no, using alt_name to get "[('no', 'Elgdalen')]"
utility_to_osm - WARNING - ssr:stedsnr = 318253 has multiple (3) positions, using the first one!
utility_to_osm - WARNING - ssr:stedsnr = 318303: No priority spelling found for lang = sma, using alt_name to get "[('sma', 'Gaajsjaevrie')]"
utility_to_osm - WARNING - ssr:stedsnr = 318311: No priority spelling found for lang = no, using alt_name to get "[('no', 'Bergtjønnin, Vestre')]"
utility_to_osm - WARNING - ssr:stedsnr = 318311 has multiple (2) positions, using the first one!
utility_to_osm - WARNING - ssr:stedsnr = 318340: No priority spelling found for lang = no, using alt_name to get "[('no', 'Nordre Mursteinsberget')]"
utility_to_osm - WARNING - ssr:stedsnr = 318340 has multiple (3) positions, using the first one!
utility_to_osm - WARNING - ssr:stedsnr = 318344: No priority spelling found for lang = no, using alt_name to get "[('no', 'Brattbakken')]"
utility_to_osm - WARNING - ssr:stedsnr = 318344 has multiple (2) positions, using the first one!
utility_to_osm - WARNING - ssr:stedsnr = 318406: No priority spelling found for lang = no, using alt_name to get "[('no', 'Bjørkvassfossen')]"
utility_to_osm - WARNING - ssr:stedsnr = 318406 has multiple (2) positions, using the first one!
utility_to_osm - WARNING - ssr:stedsnr = 318442: No priority spelling found for lang = no, using alt_name to get "[('no', 'Digertangen')]"
utility_to_osm - WARNING - ssr:stedsnr = 318442 has multiple (3) positions, using the first one!
utility_to_osm - WARNING - ssr:stedsnr = 318445: No priority spelling found for lang = no, using alt_name to get "[('sma', 'Raavrenjaevrie luspie'), ('no', 'Hovden')]"
utility_to_osm - WARNING - ssr:stedsnr = 318445 has multiple (4) positions, using the first one!
utility_to_osm - WARNING - ssr:stedsnr = 318453: No priority spelling found for lang = no, using alt_name to get "[('sma', 'Saaksen-båvne'), ('no', 'Saksvassruet')]"
utility_to_osm - WARNING - ssr:stedsnr = 318453 has multiple (4) positions, using the first one!
utility_to_osm - WARNING - ssr:stedsnr = 318487: No priority spelling found for lang = no, using alt_name to get "[('no', 'Presttjønnbekken')]"
utility_to_osm - WARNING - ssr:stedsnr = 318487 has multiple (3) positions, using the first one!
utility_to_osm - WARNING - ssr:stedsnr = 318488: No priority spelling found for lang = no, using alt_name to get "[('no', 'Tomashaugen')]"
utility_to_osm - WARNING - ssr:stedsnr = 318488 has multiple (2) positions, using the first one!
utility_to_osm - WARNING - ssr:stedsnr = 318495: No priority spelling found for lang = no, using alt_name to get "[('no', 'Vektarbotn')]"
utility_to_osm - WARNING - ssr:stedsnr = 318495: No priority spelling found for lang = no, using alt_name to get "[('sma', 'Speerregejaevrie'), ('no', 'Vektarbotn')]"
utility_to_osm - WARNING - ssr:stedsnr = 318495 has multiple (6) positions, using the first one!
utility_to_osm - WARNING - ssr:stedsnr = 318496: No priority spelling found for lang = no, using alt_name to get "[('no', 'Rotangen')]"
utility_to_osm - WARNING - ssr:stedsnr = 318496 has multiple (2) positions, using the first one!
utility_to_osm - WARNING - ssr:stedsnr = 318499: No priority spelling found for lang = no, using alt_name to get "[('no', 'Husviktjønnin')]"
utility_to_osm - WARNING - ssr:stedsnr = 318499: No priority spelling found for lang = no, using alt_name to get "[('sma', 'Gåetbielesdurrienjaevrieh'), ('no', 'Husviktjønnin')]"
utility_to_osm - WARNING - ssr:stedsnr = 318499 has multiple (6) positions, using the first one!
utility_to_osm - WARNING - ssr:stedsnr = 318508: No priority spelling found for lang = no, using alt_name to get "[('no', 'Storfloen')]"
utility_to_osm - WARNING - ssr:stedsnr = 318508: No priority spelling found for lang = no, using alt_name to get "[('sma', 'Sjuevnjiesvaegkie'), ('no', 'Storfloen')]"
utility_to_osm - WARNING - ssr:stedsnr = 318508 has multiple (7) positions, using the first one!
utility_to_osm - WARNING - ssr:stedsnr = 318510: No priority spelling found for lang = no, using alt_name to get "[('no', 'Litlfjelltangen')]"
utility_to_osm - WARNING - ssr:stedsnr = 318510 has multiple (2) positions, using the first one!
utility_to_osm - WARNING - ssr:stedsnr = 318513: No priority spelling found for lang = no, using alt_name to get "[('no', 'Tjurudalen')]"
utility_to_osm - WARNING - ssr:stedsnr = 318806: No priority spelling found for lang = no, using alt_name to get "[('no', 'Getsvatnet')]"
utility_to_osm - WARNING - ssr:stedsnr = 318806: No priority spelling found for lang = no, using alt_name to get "[('sma', 'Gaajhtjaevrie'), ('no', 'Getsvatnet')]"
utility_to_osm - WARNING - ssr:stedsnr = 318806 has multiple (4) positions, using the first one!
utility_to_osm - WARNING - ssr:stedsnr = 469230 has multiple (2) positions, using the first one!
utility_to_osm - WARNING - ssr:stedsnr = 324803: No priority spelling found for lang = no, using alt_name to get "[('no', 'Lotterfjellet')]"
utility_to_osm - WARNING - ssr:stedsnr = 324803: No priority spelling found for lang = no, using alt_name to get "[('sma', 'Lohtere'), ('no', 'Lotterfjellet')]"
utility_to_osm - WARNING - ssr:stedsnr = 324803 has multiple (5) positions, using the first one!
utility_to_osm - WARNING - ssr:stedsnr = 471497 has multiple (2) positions, using the first one!
utility_to_osm - WARNING - ssr:stedsnr = 472937 has multiple (2) positions, using the first one!
utility_to_osm - WARNING - ssr:stedsnr = 348203 has multiple (2) positions, using the first one!
utility_to_osm - WARNING - ssr:stedsnr = 350904: No priority spelling found for lang = no, using alt_name to get "[('no', 'Gjersvikbrua')]"
utility_to_osm - WARNING - ssr:stedsnr = 350919: No priority spelling found for lang = no, using alt_name to get "[('no', 'Røyrvikbrua')]"
utility_to_osm - ERROR - ssr:stedsnr = 350919. No positions found, skipping
utility_to_osm - WARNING - ssr:stedsnr = 351654 has multiple (2) positions, using the first one!
utility_to_osm - WARNING - ssr:stedsnr = 351559 has multiple (2) positions, using the first one!
utility_to_osm - WARNING - ssr:stedsnr = 378368: No priority spelling found for lang = no, using alt_name to get "[('no', 'Jakopsundet')]"
utility_to_osm - WARNING - ssr:stedsnr = 378368 has multiple (3) positions, using the first one!
utility_to_osm - WARNING - ssr:stedsnr = 378369: No priority spelling found for lang = no, using alt_name to get "[('no', 'Sandtangen')]"
utility_to_osm - WARNING - ssr:stedsnr = 378369 has multiple (2) positions, using the first one!
utility_to_osm - WARNING - ssr:stedsnr = 378373: No priority spelling found for lang = no, using alt_name to get "[('no', 'Naustbukta')]"
utility_to_osm - WARNING - ssr:stedsnr = 378373 has multiple (2) positions, using the first one!
utility_to_osm - WARNING - ssr:stedsnr = 378267: No priority spelling found for lang = no, using alt_name to get "[('no', 'Setervika')]"
utility_to_osm - WARNING - ssr:stedsnr = 378267 has multiple (3) positions, using the first one!
utility_to_osm - WARNING - ssr:stedsnr = 378272: No priority spelling found for lang = sma, using alt_name to get "[('sma', 'Laagkoenjuenientjonne')]"
utility_to_osm - WARNING - ssr:stedsnr = 378272 has multiple (2) positions, using the first one!
utility_to_osm - WARNING - ssr:stedsnr = 378417: No priority spelling found for lang = no, using alt_name to get "[('no', 'Storbekken')]"
utility_to_osm - WARNING - ssr:stedsnr = 378417 has multiple (3) positions, using the first one!
utility_to_osm - WARNING - ssr:stedsnr = 378481: No priority spelling found for lang = no, using alt_name to get "[('no', 'Rørtangen')]"
utility_to_osm - WARNING - ssr:stedsnr = 378481 has multiple (3) positions, using the first one!
utility_to_osm - WARNING - ssr:stedsnr = 378684: No priority spelling found for lang = no, using alt_name to get "[('no', 'Stordomma')]"
utility_to_osm - WARNING - ssr:stedsnr = 378817: No priority spelling found for lang = sma, using alt_name to get "[('sma', 'Lijkietjåalhte')]"
utility_to_osm - WARNING - ssr:stedsnr = 378817 has multiple (2) positions, using the first one!
utility_to_osm - WARNING - ssr:stedsnr = 481838: No priority spelling found for lang = no, using alt_name to get "[('no', 'Jomaveien')]"
utility_to_osm - ERROR - ssr:stedsnr = 481838. No positions found, skipping
utility_to_osm - WARNING - ssr:stedsnr = 384415: No priority spelling found for lang = no, using alt_name to get "[('no', 'Bjørkvassklumpen')]"
utility_to_osm - WARNING - ssr:stedsnr = 384415: No priority spelling found for lang = no, using alt_name to get "[('sma', 'Lievkiesåajja'), ('no', 'Bjørkvassklumpen')]"
utility_to_osm - WARNING - ssr:stedsnr = 384415 has multiple (4) positions, using the first one!
utility_to_osm - WARNING - ssr:stedsnr = 482789: No priority spelling found for lang = no, using alt_name to get "[('no', 'Nyviktangveien')]"
utility_to_osm - ERROR - ssr:stedsnr = 482789. No positions found, skipping
utility_to_osm - WARNING - ssr:stedsnr = 389390: No priority spelling found for lang = no, using alt_name to get "[('no', 'Skardtjønnin')]"
utility_to_osm - WARNING - ssr:stedsnr = 406298: No priority spelling found for lang = no, using alt_name to get "[('no', 'Gudfjelløya naturreservat')]"
utility_to_osm - WARNING - ssr:stedsnr = 406298: No priority spelling found for lang = sma, using alt_name to get "[('no', 'Gudfjelløya naturreservat'), ('sma', 'Tjåehkere eatnemedajve')]"
utility_to_osm - WARNING - ssr:stedsnr = 411911: No priority spelling found for lang = no, using alt_name to get "[('no', 'Vestre Skånalibrua')]"
utility_to_osm - ERROR - ssr:stedsnr = 411911. No positions found, skipping
utility_to_osm - WARNING - ssr:stedsnr = 411914: No priority spelling found for lang = no, using alt_name to get "[('no', 'Øystre Skånalibrua')]"
utility_to_osm - WARNING - ssr:stedsnr = 421812: No priority spelling found for lang = no, using alt_name to get "[('no', 'Sørsundveien')]"
utility_to_osm - ERROR - ssr:stedsnr = 421812. No positions found, skipping
utility_to_osm - WARNING - ssr:stedsnr = 421824: No priority spelling found for lang = no, using alt_name to get "[('no', 'Rørliveien')]"
utility_to_osm - ERROR - ssr:stedsnr = 421824. No positions found, skipping
utility_to_osm - WARNING - ssr:stedsnr = 439245: No priority spelling found for lang = no, using alt_name to get "[('no', 'Nordre Arnolsa-bekken')]"
utility_to_osm - WARNING - ssr:stedsnr = 439245 has multiple (2) positions, using the first one!
utility_to_osm - WARNING - ssr:stedsnr = 439247: No priority spelling found for lang = no, using alt_name to get "[('sma', 'Giedtie-johke'), ('no', 'Litlelva')]"
utility_to_osm - WARNING - ssr:stedsnr = 439247 has multiple (4) positions, using the first one!
utility_to_osm - WARNING - ssr:stedsnr = 439249: No priority spelling found for lang = no, using alt_name to get "[('no', 'Henrikvatnet')]"
utility_to_osm - WARNING - ssr:stedsnr = 439249: No priority spelling found for lang = no, using alt_name to get "[('sma', 'Guevtelejaevrie'), ('no', 'Henrikvatnet')]"
utility_to_osm - WARNING - ssr:stedsnr = 439249 has multiple (7) positions, using the first one!
utility_to_osm - WARNING - ssr:stedsnr = 439253: No priority spelling found for lang = no, using alt_name to get "[('no', 'Fredøy')]"
utility_to_osm - WARNING - ssr:stedsnr = 439256: No priority spelling found for lang = no, using alt_name to get "[('no', 'Hudningsvatnet')]"
utility_to_osm - WARNING - ssr:stedsnr = 439256: No priority spelling found for lang = no, using alt_name to get "[('sma', 'Hutnegejaevrie'), ('no', 'Hudningsvatnet')]"
utility_to_osm - WARNING - ssr:stedsnr = 439256 has multiple (5) positions, using the first one!
utility_to_osm - WARNING - ssr:stedsnr = 439303: No priority spelling found for lang = no, using alt_name to get "[('no', 'Styggbekken')]"
utility_to_osm - WARNING - ssr:stedsnr = 439303 has multiple (4) positions, using the first one!
utility_to_osm - WARNING - ssr:stedsnr = 439307: No priority spelling found for lang = no, using alt_name to get "[('no', 'Nedsttjønna')]"
utility_to_osm - WARNING - ssr:stedsnr = 439307 has multiple (4) positions, using the first one!
utility_to_osm - WARNING - ssr:stedsnr = 439309: No priority spelling found for lang = no, using alt_name to get "[('no', 'Hitertjønna')]"
utility_to_osm - WARNING - ssr:stedsnr = 439309 has multiple (4) positions, using the first one!
utility_to_osm - WARNING - ssr:stedsnr = 439344: No priority spelling found for lang = no, using alt_name to get "[('no', 'Vertangen')]"
utility_to_osm - WARNING - ssr:stedsnr = 439344 has multiple (3) positions, using the first one!
utility_to_osm - WARNING - ssr:stedsnr = 439354: No priority spelling found for lang = no, using alt_name to get "[('no', 'Berettjønna')]"
utility_to_osm - WARNING - ssr:stedsnr = 439354 has multiple (3) positions, using the first one!
utility_to_osm - WARNING - ssr:stedsnr = 439394: No priority spelling found for lang = no, using alt_name to get "[('no', 'Sørvatnet')]"
utility_to_osm - WARNING - ssr:stedsnr = 439394: No priority spelling found for lang = no, using alt_name to get "[('sma', 'Åarjeljaevrie'), ('no', 'Sørvatnet')]"
utility_to_osm - WARNING - ssr:stedsnr = 439394 has multiple (2) positions, using the first one!
utility_to_osm - WARNING - ssr:stedsnr = 439396: No priority spelling found for lang = no, using alt_name to get "[('no', 'Midtre Havdalstjønna')]"
utility_to_osm - WARNING - ssr:stedsnr = 439396 has multiple (4) positions, using the first one!
utility_to_osm - WARNING - ssr:stedsnr = 439397: No priority spelling found for lang = no, using alt_name to get "[('no', 'Nesbekken')]"
utility_to_osm - WARNING - ssr:stedsnr = 439397 has multiple (3) positions, using the first one!
utility_to_osm - WARNING - ssr:stedsnr = 439399: No priority spelling found for lang = no, using alt_name to get "[('no', 'Nedre Havdalstjønna')]"
utility_to_osm - WARNING - ssr:stedsnr = 439399 has multiple (3) positions, using the first one!
utility_to_osm - WARNING - ssr:stedsnr = 439655: No priority spelling found for lang = no, using alt_name to get "[('no', 'Litltjønna')]"
utility_to_osm - WARNING - ssr:stedsnr = 439655 has multiple (2) positions, using the first one!
utility_to_osm - WARNING - ssr:stedsnr = 439656: No priority spelling found for lang = no, using alt_name to get "[('no', 'Finnhustjønna')]"
utility_to_osm - WARNING - ssr:stedsnr = 439656 has multiple (2) positions, using the first one!
utility_to_osm - WARNING - ssr:stedsnr = 439806: No priority spelling found for lang = no, using alt_name to get "[('no', 'Storøya')]"
utility_to_osm - WARNING - ssr:stedsnr = 439806: No priority spelling found for lang = no, using alt_name to get "[('sma', 'Stoerresååle'), ('no', 'Storøya')]"
utility_to_osm - WARNING - ssr:stedsnr = 439806 has multiple (6) positions, using the first one!
utility_to_osm - WARNING - ssr:stedsnr = 439851: No priority spelling found for lang = no, using alt_name to get "[('no', 'Jonasmotangen')]"
utility_to_osm - WARNING - ssr:stedsnr = 445284: No priority spelling found for lang = sma, using alt_name to get "[('sma', 'Tjaeksienjælla')]"
utility_to_osm - WARNING - ssr:stedsnr = 445284 has multiple (2) positions, using the first one!
utility_to_osm - WARNING - ssr:stedsnr = 445879: No priority spelling found for lang = no, using alt_name to get "[('no', 'Gisen')]"
utility_to_osm - WARNING - ssr:stedsnr = 445879: No priority spelling found for lang = no, using alt_name to get "[('sma', 'Jijse'), ('no', 'Gisen')]"
utility_to_osm - WARNING - ssr:stedsnr = 445879 has multiple (4) positions, using the first one!
utility_to_osm - WARNING - ssr:stedsnr = 446907: No priority spelling found for lang = no, using alt_name to get "[('no', 'Søluberget')]"
utility_to_osm - WARNING - ssr:stedsnr = 446907: No priority spelling found for lang = no, using alt_name to get "[('sma', 'Svaalenjunie'), ('no', 'Søluberget')]"
utility_to_osm - WARNING - ssr:stedsnr = 446896: No priority spelling found for lang = no, using alt_name to get "[('no', 'Geitbergtangen')]"
utility_to_osm - WARNING - ssr:stedsnr = 446896 has multiple (3) positions, using the first one!
utility_to_osm - WARNING - ssr:stedsnr = 472079 has multiple (2) positions, using the first one!
utility_to_osm - WARNING - ssr:stedsnr = 472562 has multiple (2) positions, using the first one!
utility_to_osm - WARNING - ssr:stedsnr = 472920: No priority spelling found for lang = no, using alt_name to get "[('no', 'Sagbekkbrua')]"
utility_to_osm - WARNING - ssr:stedsnr = 482777: No priority spelling found for lang = no, using alt_name to get "[('no', 'Leikhaugveien')]"
utility_to_osm - ERROR - ssr:stedsnr = 482777. No positions found, skipping
utility_to_osm - WARNING - ssr:stedsnr = 482780: No priority spelling found for lang = no, using alt_name to get "[('no', 'Renselvassveien')]"
utility_to_osm - ERROR - ssr:stedsnr = 482780. No positions found, skipping
utility_to_osm - WARNING - ssr:stedsnr = 482802: No priority spelling found for lang = no, using alt_name to get "[('no', 'Åkerveien')]"
utility_to_osm - ERROR - ssr:stedsnr = 482802. No positions found, skipping
utility_to_osm - WARNING - ssr:stedsnr = 482814: No priority spelling found for lang = no, using alt_name to get "[('no', 'Namsvassveien')]"
utility_to_osm - ERROR - ssr:stedsnr = 482814. No positions found, skipping
utility_to_osm - WARNING - ssr:stedsnr = 681055: No priority spelling found for lang = no, using alt_name to get "[('no', 'Godfisktjønna')]"
utility_to_osm - WARNING - ssr:stedsnr = 681055 has multiple (5) positions, using the first one!
utility_to_osm - WARNING - ssr:stedsnr = 681436: No priority spelling found for lang = no, using alt_name to get "[('no', 'Brattbekken')]"
utility_to_osm - WARNING - ssr:stedsnr = 681436: No priority spelling found for lang = no, using alt_name to get "[('sma', 'Dåeriesjohke'), ('no', 'Brattbekken')]"
utility_to_osm - WARNING - ssr:stedsnr = 681436 has multiple (3) positions, using the first one!
utility_to_osm - WARNING - ssr:stedsnr = 681437: No priority spelling found for lang = no, using alt_name to get "[('no', 'Brattbekktangen')]"
utility_to_osm - WARNING - ssr:stedsnr = 681437 has multiple (2) positions, using the first one!
utility_to_osm - WARNING - ssr:stedsnr = 499036: No priority spelling found for lang = no, using alt_name to get "[('no', 'Naustertjønna')]"
utility_to_osm - WARNING - ssr:stedsnr = 499036 has multiple (4) positions, using the first one!
utility_to_osm - WARNING - ssr:stedsnr = 499040: No priority spelling found for lang = no, using alt_name to get "[('no', 'Gollomselva')]"
utility_to_osm - WARNING - ssr:stedsnr = 499040: No priority spelling found for lang = no, using alt_name to get "[('sma', 'Golmesjohke'), ('no', 'Gollomselva')]"
utility_to_osm - WARNING - ssr:stedsnr = 499040 has multiple (4) positions, using the first one!
utility_to_osm - WARNING - ssr:stedsnr = 499290: No priority spelling found for lang = no, using alt_name to get "[('no', 'Setertangen')]"
utility_to_osm - WARNING - ssr:stedsnr = 499290 has multiple (4) positions, using the first one!
utility_to_osm - WARNING - ssr:stedsnr = 681348: No priority spelling found for lang = no, using alt_name to get "[('no', 'Steinhusa')]"
utility_to_osm - WARNING - ssr:stedsnr = 681348 has multiple (3) positions, using the first one!
utility_to_osm - WARNING - ssr:stedsnr = 499307: No priority spelling found for lang = no, using alt_name to get "[('no', 'Grønklumpen')]"
utility_to_osm - WARNING - ssr:stedsnr = 499307: No priority spelling found for lang = no, using alt_name to get "[('sma', 'Tjuenjere'), ('no', 'Grønklumpen')]"
utility_to_osm - WARNING - ssr:stedsnr = 499741: No priority spelling found for lang = sma, using alt_name to get "[('sma', 'Gaske-Seavrije')]"
utility_to_osm - WARNING - ssr:stedsnr = 499741 has multiple (4) positions, using the first one!
utility_to_osm - WARNING - ssr:stedsnr = 499794: No priority spelling found for lang = no, using alt_name to get "[('no', 'Virmafjellet')]"
utility_to_osm - WARNING - ssr:stedsnr = 499794: No priority spelling found for lang = no, using alt_name to get "[('sma', 'Viermetjahke'), ('no', 'Virmafjellet')]"
utility_to_osm - WARNING - ssr:stedsnr = 499794 has multiple (7) positions, using the first one!
utility_to_osm - WARNING - ssr:stedsnr = 500302: No priority spelling found for lang = sma, using alt_name to get "[('sma', 'Mealhkoe')]"
utility_to_osm - WARNING - ssr:stedsnr = 500302 has multiple (4) positions, using the first one!
utility_to_osm - WARNING - ssr:stedsnr = 500306: No priority spelling found for lang = no, using alt_name to get "[('no', 'Fiskløystjønna')]"
utility_to_osm - WARNING - ssr:stedsnr = 500306: No priority spelling found for lang = no, using alt_name to get "[('sma', 'Guelehtsjaevrie'), ('sma', 'Såålejaevrie'), ('no', 'Fiskløystjønna')]"
utility_to_osm - ERROR - ssr:stedsnr = 500306: Adding multiple names to name tag, this is not OK! name = "Guelehtsjaevrie;Såålejaevrie"
utility_to_osm - WARNING - ssr:stedsnr = 500306 has multiple (3) positions, using the first one!
utility_to_osm - WARNING - ssr:stedsnr = 500295: No priority spelling found for lang = no, using alt_name to get "[('no', 'Stormyrbekken')]"
utility_to_osm - WARNING - ssr:stedsnr = 500295 has multiple (4) positions, using the first one!
utility_to_osm - WARNING - ssr:stedsnr = 500296: No priority spelling found for lang = no, using alt_name to get "[('no', 'Setermyra')]"
utility_to_osm - WARNING - ssr:stedsnr = 500296 has multiple (3) positions, using the first one!
utility_to_osm - WARNING - ssr:stedsnr = 500410: No priority spelling found for lang = no, using alt_name to get "[('no', 'Djuptjønna')]"
utility_to_osm - WARNING - ssr:stedsnr = 500410 has multiple (4) positions, using the first one!
utility_to_osm - WARNING - ssr:stedsnr = 500482: No priority spelling found for lang = no, using alt_name to get "[('no', 'Vesterås')]"
utility_to_osm - WARNING - ssr:stedsnr = 500482 has multiple (4) positions, using the first one!
utility_to_osm - WARNING - ssr:stedsnr = 500485: No priority spelling found for lang = sma, using alt_name to get "[('sma', 'Njueniesjaevrienjohke')]"
utility_to_osm - WARNING - ssr:stedsnr = 500485 has multiple (3) positions, using the first one!
utility_to_osm - WARNING - ssr:stedsnr = 500330: No priority spelling found for lang = no, using alt_name to get "[('no', 'Stormyra')]"
utility_to_osm - WARNING - ssr:stedsnr = 500330 has multiple (3) positions, using the first one!
utility_to_osm - WARNING - ssr:stedsnr = 500401: No priority spelling found for lang = no, using alt_name to get "[('no', 'Olatjønna')]"
utility_to_osm - WARNING - ssr:stedsnr = 500401 has multiple (2) positions, using the first one!
utility_to_osm - WARNING - ssr:stedsnr = 500503: No priority spelling found for lang = no, using alt_name to get "[('no', 'Vestre Nyvika'), ('no', 'Vestergården')]"
utility_to_osm - ERROR - ssr:stedsnr = 500503: Adding multiple names to name tag, this is not OK! name = "Vestre Nyvika;Vestergården"
utility_to_osm - WARNING - ssr:stedsnr = 500503 has multiple (4) positions, using the first one!
utility_to_osm - WARNING - ssr:stedsnr = 500506: No priority spelling found for lang = no, using alt_name to get "[('sma', 'Båvne'), ('no', 'Ruet')]"
utility_to_osm - WARNING - ssr:stedsnr = 500509: No priority spelling found for lang = no, using alt_name to get "[('no', 'Litlplutten')]"
utility_to_osm - WARNING - ssr:stedsnr = 500509 has multiple (3) positions, using the first one!
utility_to_osm - WARNING - ssr:stedsnr = 500531: No priority spelling found for lang = no, using alt_name to get "[('no', 'Limyra')]"
utility_to_osm - WARNING - ssr:stedsnr = 500531 has multiple (2) positions, using the first one!
utility_to_osm - WARNING - ssr:stedsnr = 500533 has multiple (3) positions, using the first one!
utility_to_osm - WARNING - ssr:stedsnr = 500536: No priority spelling found for lang = no, using alt_name to get "[('no', 'Sundet')]"
utility_to_osm - WARNING - ssr:stedsnr = 500536 has multiple (2) positions, using the first one!
utility_to_osm - WARNING - ssr:stedsnr = 500632: No priority spelling found for lang = no, using alt_name to get "[('no', 'Steinfjellet')]"
utility_to_osm - WARNING - ssr:stedsnr = 500632: No priority spelling found for lang = no, using alt_name to get "[('sma', 'Stoerrebaertie'), ('no', 'Steinfjellet')]"
utility_to_osm - WARNING - ssr:stedsnr = 500632 has multiple (15) positions, using the first one!
utility_to_osm - WARNING - ssr:stedsnr = 682353: No priority spelling found for lang = no, using alt_name to get "[('no', 'Devikvatnet')]"
utility_to_osm - WARNING - ssr:stedsnr = 682353: No priority spelling found for lang = no, using alt_name to get "[('sma', 'Dievienjaevrie'), ('sma', 'Duvvienjaevrie'), ('no', 'Devikvatnet')]"
utility_to_osm - ERROR - ssr:stedsnr = 682353: Adding multiple names to name tag, this is not OK! name = "Dievienjaevrie;Duvvienjaevrie"
utility_to_osm - WARNING - ssr:stedsnr = 682353 has multiple (7) positions, using the first one!
