utility_to_osm - WARNING - ssr:stedsnr = 8142 has multiple (2) positions, using the first one!
utility_to_osm - WARNING - ssr:stedsnr = 8152 has multiple (2) positions, using the first one!
utility_to_osm - WARNING - ssr:stedsnr = 8155 has multiple (3) positions, using the first one!
utility_to_osm - WARNING - ssr:stedsnr = 8414 has multiple (2) positions, using the first one!
utility_to_osm - WARNING - ssr:stedsnr = 8301 has multiple (2) positions, using the first one!
utility_to_osm - WARNING - ssr:stedsnr = 8305: No priority spelling found for lang = no, using alt_name to get "[('no', 'Rindtjønnet')]"
utility_to_osm - WARNING - ssr:stedsnr = 8305 has multiple (2) positions, using the first one!
utility_to_osm - WARNING - ssr:stedsnr = 8347: No priority spelling found for lang = no, using alt_name to get "[('no', 'Knapptjønnet')]"
utility_to_osm - WARNING - ssr:stedsnr = 8347 has multiple (3) positions, using the first one!
utility_to_osm - WARNING - ssr:stedsnr = 8505 has multiple (2) positions, using the first one!
utility_to_osm - WARNING - ssr:stedsnr = 8516 has multiple (2) positions, using the first one!
utility_to_osm - WARNING - ssr:stedsnr = 8945 has multiple (2) positions, using the first one!
utility_to_osm - WARNING - ssr:stedsnr = 9312 has multiple (3) positions, using the first one!
utility_to_osm - WARNING - ssr:stedsnr = 9333 has multiple (2) positions, using the first one!
utility_to_osm - WARNING - ssr:stedsnr = 39810 has multiple (2) positions, using the first one!
utility_to_osm - WARNING - ssr:stedsnr = 46022 has multiple (2) positions, using the first one!
utility_to_osm - WARNING - ssr:stedsnr = 68503 has multiple (4) positions, using the first one!
utility_to_osm - WARNING - ssr:stedsnr = 68512 has multiple (2) positions, using the first one!
utility_to_osm - WARNING - ssr:stedsnr = 68514 has multiple (4) positions, using the first one!
utility_to_osm - WARNING - ssr:stedsnr = 68500 has multiple (2) positions, using the first one!
utility_to_osm - WARNING - ssr:stedsnr = 68908 has multiple (2) positions, using the first one!
utility_to_osm - WARNING - ssr:stedsnr = 68946 has multiple (2) positions, using the first one!
utility_to_osm - WARNING - ssr:stedsnr = 68947: No priority spelling found for lang = no, using alt_name to get "[('no', 'Kverntjønnet')]"
utility_to_osm - WARNING - ssr:stedsnr = 68989 has multiple (2) positions, using the first one!
utility_to_osm - WARNING - ssr:stedsnr = 69289 has multiple (2) positions, using the first one!
utility_to_osm - WARNING - ssr:stedsnr = 69293 has multiple (2) positions, using the first one!
utility_to_osm - WARNING - ssr:stedsnr = 99704 has multiple (2) positions, using the first one!
utility_to_osm - ERROR - ssr:stedsnr = 107029. No positions found, skipping
utility_to_osm - WARNING - ssr:stedsnr = 250133 has multiple (2) positions, using the first one!
utility_to_osm - WARNING - ssr:stedsnr = 250262 has multiple (2) positions, using the first one!
utility_to_osm - WARNING - ssr:stedsnr = 250273 has multiple (2) positions, using the first one!
utility_to_osm - WARNING - ssr:stedsnr = 250478 has multiple (2) positions, using the first one!
utility_to_osm - WARNING - ssr:stedsnr = 119306: No priority spelling found for lang = no, using alt_name to get "[('no', 'Kaldhol')]"
utility_to_osm - WARNING - ssr:stedsnr = 251338 has multiple (2) positions, using the first one!
utility_to_osm - WARNING - ssr:stedsnr = 251342 has multiple (2) positions, using the first one!
utility_to_osm - WARNING - ssr:stedsnr = 251322 has multiple (2) positions, using the first one!
utility_to_osm - WARNING - ssr:stedsnr = 251325 has multiple (2) positions, using the first one!
utility_to_osm - WARNING - ssr:stedsnr = 251409: No priority spelling found for lang = no, using alt_name to get "[('no', 'Kaldholsætra')]"
utility_to_osm - WARNING - ssr:stedsnr = 251354 has multiple (2) positions, using the first one!
utility_to_osm - WARNING - ssr:stedsnr = 251362: No priority spelling found for lang = no, using alt_name to get "[('no', 'Skardtjønnet')]"
utility_to_osm - WARNING - ssr:stedsnr = 251362 has multiple (3) positions, using the first one!
utility_to_osm - WARNING - ssr:stedsnr = 129421 has multiple (3) positions, using the first one!
utility_to_osm - WARNING - ssr:stedsnr = 129478 has multiple (2) positions, using the first one!
utility_to_osm - WARNING - ssr:stedsnr = 129308 has multiple (2) positions, using the first one!
utility_to_osm - WARNING - ssr:stedsnr = 129311 has multiple (3) positions, using the first one!
utility_to_osm - WARNING - ssr:stedsnr = 129326 has multiple (2) positions, using the first one!
utility_to_osm - WARNING - ssr:stedsnr = 311531 has multiple (2) positions, using the first one!
utility_to_osm - WARNING - ssr:stedsnr = 168004 has multiple (2) positions, using the first one!
utility_to_osm - WARNING - ssr:stedsnr = 189903 has multiple (2) positions, using the first one!
utility_to_osm - WARNING - ssr:stedsnr = 190324: No priority spelling found for lang = no, using alt_name to get "[('no', 'Tromstjønnet')]"
utility_to_osm - WARNING - ssr:stedsnr = 190324 has multiple (3) positions, using the first one!
utility_to_osm - WARNING - ssr:stedsnr = 190262 has multiple (2) positions, using the first one!
utility_to_osm - WARNING - ssr:stedsnr = 190400 has multiple (2) positions, using the first one!
utility_to_osm - WARNING - ssr:stedsnr = 190511 has multiple (2) positions, using the first one!
utility_to_osm - WARNING - ssr:stedsnr = 191307 has multiple (3) positions, using the first one!
utility_to_osm - WARNING - ssr:stedsnr = 451107 has multiple (2) positions, using the first one!
utility_to_osm - WARNING - ssr:stedsnr = 300582 has multiple (3) positions, using the first one!
utility_to_osm - WARNING - ssr:stedsnr = 311311 has multiple (2) positions, using the first one!
utility_to_osm - WARNING - ssr:stedsnr = 311324 has multiple (2) positions, using the first one!
utility_to_osm - WARNING - ssr:stedsnr = 311373 has multiple (2) positions, using the first one!
utility_to_osm - WARNING - ssr:stedsnr = 312273 has multiple (2) positions, using the first one!
utility_to_osm - WARNING - ssr:stedsnr = 312286 has multiple (2) positions, using the first one!
utility_to_osm - WARNING - ssr:stedsnr = 312287: No priority spelling found for lang = no, using alt_name to get "[('no', 'Skåetjønna')]"
utility_to_osm - WARNING - ssr:stedsnr = 312287 has multiple (7) positions, using the first one!
utility_to_osm - WARNING - ssr:stedsnr = 312326 has multiple (2) positions, using the first one!
utility_to_osm - WARNING - ssr:stedsnr = 371464 has multiple (2) positions, using the first one!
utility_to_osm - WARNING - ssr:stedsnr = 372275 has multiple (2) positions, using the first one!
utility_to_osm - WARNING - ssr:stedsnr = 372375 has multiple (2) positions, using the first one!
utility_to_osm - WARNING - ssr:stedsnr = 432135 has multiple (2) positions, using the first one!
utility_to_osm - WARNING - ssr:stedsnr = 433305 has multiple (2) positions, using the first one!
utility_to_osm - WARNING - ssr:stedsnr = 433308 has multiple (2) positions, using the first one!
utility_to_osm - WARNING - ssr:stedsnr = 433312 has multiple (2) positions, using the first one!
utility_to_osm - WARNING - ssr:stedsnr = 433315 has multiple (2) positions, using the first one!
utility_to_osm - WARNING - ssr:stedsnr = 433325 has multiple (2) positions, using the first one!
utility_to_osm - WARNING - ssr:stedsnr = 433274 has multiple (2) positions, using the first one!
utility_to_osm - WARNING - ssr:stedsnr = 433275 has multiple (2) positions, using the first one!
utility_to_osm - WARNING - ssr:stedsnr = 433277 has multiple (2) positions, using the first one!
utility_to_osm - WARNING - ssr:stedsnr = 433285 has multiple (2) positions, using the first one!
utility_to_osm - WARNING - ssr:stedsnr = 433288 has multiple (2) positions, using the first one!
utility_to_osm - WARNING - ssr:stedsnr = 433292 has multiple (2) positions, using the first one!
utility_to_osm - WARNING - ssr:stedsnr = 433476 has multiple (2) positions, using the first one!
utility_to_osm - WARNING - ssr:stedsnr = 493140 has multiple (2) positions, using the first one!
utility_to_osm - WARNING - ssr:stedsnr = 493146 has multiple (2) positions, using the first one!
utility_to_osm - WARNING - ssr:stedsnr = 493284 has multiple (2) positions, using the first one!
utility_to_osm - WARNING - ssr:stedsnr = 493333 has multiple (2) positions, using the first one!
utility_to_osm - WARNING - ssr:stedsnr = 493334 has multiple (2) positions, using the first one!
utility_to_osm - WARNING - ssr:stedsnr = 493313 has multiple (2) positions, using the first one!
utility_to_osm - WARNING - ssr:stedsnr = 493463 has multiple (2) positions, using the first one!
utility_to_osm - WARNING - ssr:stedsnr = 493996 has multiple (2) positions, using the first one!
utility_to_osm - WARNING - ssr:stedsnr = 494252 has multiple (2) positions, using the first one!
utility_to_osm - WARNING - ssr:stedsnr = 494382 has multiple (2) positions, using the first one!
utility_to_osm - WARNING - ssr:stedsnr = 675328 has multiple (2) positions, using the first one!
utility_to_osm - WARNING - ssr:stedsnr = 675955 has multiple (2) positions, using the first one!
utility_to_osm - WARNING - ssr:stedsnr = 676257 has multiple (2) positions, using the first one!
utility_to_osm - WARNING - ssr:stedsnr = 676273 has multiple (2) positions, using the first one!
utility_to_osm - WARNING - ssr:stedsnr = 676278 has multiple (2) positions, using the first one!
utility_to_osm - WARNING - ssr:stedsnr = 676280 has multiple (2) positions, using the first one!
utility_to_osm - WARNING - ssr:stedsnr = 676334: No priority spelling found for lang = no, using alt_name to get "[('no', 'Tautertjønnet')]"
utility_to_osm - WARNING - ssr:stedsnr = 676334 has multiple (2) positions, using the first one!
utility_to_osm - WARNING - ssr:stedsnr = 676350 has multiple (2) positions, using the first one!
utility_to_osm - WARNING - ssr:stedsnr = 676754: No priority spelling found for lang = no, using alt_name to get "[('no', 'Igletjønnet')]"
utility_to_osm - WARNING - ssr:stedsnr = 493170 has multiple (2) positions, using the first one!
utility_to_osm - WARNING - ssr:stedsnr = 493307 has multiple (2) positions, using the first one!
utility_to_osm - WARNING - ssr:stedsnr = 493318: No priority spelling found for lang = no, using alt_name to get "[('no', 'Grotjønnet')]"
utility_to_osm - WARNING - ssr:stedsnr = 493318 has multiple (2) positions, using the first one!
utility_to_osm - WARNING - ssr:stedsnr = 493268 has multiple (2) positions, using the first one!
utility_to_osm - WARNING - ssr:stedsnr = 493269 has multiple (2) positions, using the first one!
utility_to_osm - WARNING - ssr:stedsnr = 493483 has multiple (2) positions, using the first one!
utility_to_osm - WARNING - ssr:stedsnr = 494265 has multiple (2) positions, using the first one!
utility_to_osm - WARNING - ssr:stedsnr = 494268 has multiple (2) positions, using the first one!
utility_to_osm - WARNING - ssr:stedsnr = 510819 has multiple (2) positions, using the first one!
utility_to_osm - WARNING - ssr:stedsnr = 543804 has multiple (2) positions, using the first one!
utility_to_osm - WARNING - ssr:stedsnr = 553886 has multiple (6) positions, using the first one!
utility_to_osm - WARNING - ssr:stedsnr = 554313 has multiple (2) positions, using the first one!
utility_to_osm - WARNING - ssr:stedsnr = 554319 has multiple (2) positions, using the first one!
utility_to_osm - WARNING - ssr:stedsnr = 554325: No priority spelling found for lang = no, using alt_name to get "[('no', 'Goppollåa')]"
utility_to_osm - WARNING - ssr:stedsnr = 554325 has multiple (3) positions, using the first one!
utility_to_osm - WARNING - ssr:stedsnr = 554329 has multiple (2) positions, using the first one!
utility_to_osm - WARNING - ssr:stedsnr = 554330 has multiple (2) positions, using the first one!
utility_to_osm - WARNING - ssr:stedsnr = 554331 has multiple (2) positions, using the first one!
utility_to_osm - WARNING - ssr:stedsnr = 554291 has multiple (2) positions, using the first one!
utility_to_osm - WARNING - ssr:stedsnr = 554294 has multiple (2) positions, using the first one!
utility_to_osm - WARNING - ssr:stedsnr = 554297 has multiple (2) positions, using the first one!
utility_to_osm - WARNING - ssr:stedsnr = 554298 has multiple (2) positions, using the first one!
utility_to_osm - WARNING - ssr:stedsnr = 554299 has multiple (2) positions, using the first one!
utility_to_osm - WARNING - ssr:stedsnr = 554480 has multiple (2) positions, using the first one!
utility_to_osm - WARNING - ssr:stedsnr = 603561 has multiple (2) positions, using the first one!
utility_to_osm - WARNING - ssr:stedsnr = 614259 has multiple (2) positions, using the first one!
utility_to_osm - WARNING - ssr:stedsnr = 614307: No priority spelling found for lang = no, using alt_name to get "[('no', 'Gyritjønnet')]"
utility_to_osm - WARNING - ssr:stedsnr = 614307 has multiple (3) positions, using the first one!
utility_to_osm - WARNING - ssr:stedsnr = 614503 has multiple (2) positions, using the first one!
utility_to_osm - WARNING - ssr:stedsnr = 614750 has multiple (2) positions, using the first one!
utility_to_osm - WARNING - ssr:stedsnr = 615244 has multiple (2) positions, using the first one!
utility_to_osm - WARNING - ssr:stedsnr = 615249 has multiple (2) positions, using the first one!
utility_to_osm - WARNING - ssr:stedsnr = 615254 has multiple (4) positions, using the first one!
utility_to_osm - WARNING - ssr:stedsnr = 615261: No priority spelling found for lang = no, using alt_name to get "[('no', 'Bjørtjønnet')]"
utility_to_osm - WARNING - ssr:stedsnr = 615261 has multiple (2) positions, using the first one!
utility_to_osm - WARNING - ssr:stedsnr = 615308 has multiple (2) positions, using the first one!
utility_to_osm - WARNING - ssr:stedsnr = 615398 has multiple (2) positions, using the first one!
utility_to_osm - ERROR - ssr:stedsnr = 707772. No positions found, skipping
utility_to_osm - WARNING - ssr:stedsnr = 675151 has multiple (2) positions, using the first one!
utility_to_osm - WARNING - ssr:stedsnr = 675349 has multiple (2) positions, using the first one!
utility_to_osm - WARNING - ssr:stedsnr = 675351 has multiple (2) positions, using the first one!
utility_to_osm - WARNING - ssr:stedsnr = 675503 has multiple (2) positions, using the first one!
utility_to_osm - WARNING - ssr:stedsnr = 675514 has multiple (3) positions, using the first one!
utility_to_osm - WARNING - ssr:stedsnr = 675498 has multiple (2) positions, using the first one!
utility_to_osm - WARNING - ssr:stedsnr = 675499 has multiple (2) positions, using the first one!
utility_to_osm - WARNING - ssr:stedsnr = 676292 has multiple (2) positions, using the first one!
utility_to_osm - WARNING - ssr:stedsnr = 676299 has multiple (2) positions, using the first one!
utility_to_osm - WARNING - ssr:stedsnr = 706608 has multiple (2) positions, using the first one!
utility_to_osm - WARNING - ssr:stedsnr = 736294 has multiple (2) positions, using the first one!
utility_to_osm - WARNING - ssr:stedsnr = 736305 has multiple (2) positions, using the first one!
utility_to_osm - WARNING - ssr:stedsnr = 736319 has multiple (2) positions, using the first one!
utility_to_osm - WARNING - ssr:stedsnr = 736321 has multiple (2) positions, using the first one!
utility_to_osm - WARNING - ssr:stedsnr = 736470 has multiple (2) positions, using the first one!
utility_to_osm - WARNING - ssr:stedsnr = 736725 has multiple (42) positions, using the first one!
utility_to_osm - WARNING - ssr:stedsnr = 753815 has multiple (2) positions, using the first one!
utility_to_osm - WARNING - ssr:stedsnr = 767646 has multiple (2) positions, using the first one!
utility_to_osm - WARNING - ssr:stedsnr = 796126 has multiple (2) positions, using the first one!
utility_to_osm - WARNING - ssr:stedsnr = 797300 has multiple (2) positions, using the first one!
utility_to_osm - WARNING - ssr:stedsnr = 798293: No priority spelling found for lang = no, using alt_name to get "[('no', 'Tittertjønna')]"
utility_to_osm - WARNING - ssr:stedsnr = 798293 has multiple (3) positions, using the first one!
utility_to_osm - WARNING - ssr:stedsnr = 799790 has multiple (2) positions, using the first one!
utility_to_osm - WARNING - ssr:stedsnr = 917144 has multiple (2) positions, using the first one!
utility_to_osm - WARNING - ssr:stedsnr = 918141 has multiple (2) positions, using the first one!
utility_to_osm - WARNING - ssr:stedsnr = 918350 has multiple (2) positions, using the first one!
utility_to_osm - WARNING - ssr:stedsnr = 918363 has multiple (3) positions, using the first one!
utility_to_osm - WARNING - ssr:stedsnr = 918364 has multiple (2) positions, using the first one!
utility_to_osm - WARNING - ssr:stedsnr = 918532 has multiple (2) positions, using the first one!
utility_to_osm - WARNING - ssr:stedsnr = 918536 has multiple (2) positions, using the first one!
utility_to_osm - WARNING - ssr:stedsnr = 918537 has multiple (2) positions, using the first one!
utility_to_osm - WARNING - ssr:stedsnr = 918543 has multiple (2) positions, using the first one!
utility_to_osm - WARNING - ssr:stedsnr = 918549 has multiple (2) positions, using the first one!
utility_to_osm - WARNING - ssr:stedsnr = 918972 has multiple (2) positions, using the first one!
utility_to_osm - WARNING - ssr:stedsnr = 919271 has multiple (2) positions, using the first one!
utility_to_osm - WARNING - ssr:stedsnr = 857736 has multiple (2) positions, using the first one!
utility_to_osm - WARNING - ssr:stedsnr = 857993 has multiple (2) positions, using the first one!
utility_to_osm - WARNING - ssr:stedsnr = 858306: No priority spelling found for lang = no, using alt_name to get "[('no', 'Hundtjønna')]"
utility_to_osm - WARNING - ssr:stedsnr = 858306 has multiple (2) positions, using the first one!
utility_to_osm - WARNING - ssr:stedsnr = 858312 has multiple (2) positions, using the first one!
utility_to_osm - WARNING - ssr:stedsnr = 858319 has multiple (2) positions, using the first one!
utility_to_osm - WARNING - ssr:stedsnr = 858325 has multiple (2) positions, using the first one!
utility_to_osm - WARNING - ssr:stedsnr = 858327 has multiple (2) positions, using the first one!
utility_to_osm - WARNING - ssr:stedsnr = 858271 has multiple (2) positions, using the first one!
utility_to_osm - WARNING - ssr:stedsnr = 858275: No priority spelling found for lang = no, using alt_name to get "[('no', 'Svarttjønnet')]"
utility_to_osm - WARNING - ssr:stedsnr = 858275 has multiple (2) positions, using the first one!
utility_to_osm - WARNING - ssr:stedsnr = 858276 has multiple (2) positions, using the first one!
utility_to_osm - WARNING - ssr:stedsnr = 891570 has multiple (2) positions, using the first one!
utility_to_osm - WARNING - ssr:stedsnr = 918161 has multiple (2) positions, using the first one!
utility_to_osm - WARNING - ssr:stedsnr = 918304 has multiple (2) positions, using the first one!
utility_to_osm - WARNING - ssr:stedsnr = 918305 has multiple (2) positions, using the first one!
utility_to_osm - WARNING - ssr:stedsnr = 918307 has multiple (2) positions, using the first one!
utility_to_osm - WARNING - ssr:stedsnr = 918312 has multiple (2) positions, using the first one!
utility_to_osm - WARNING - ssr:stedsnr = 918319 has multiple (2) positions, using the first one!
utility_to_osm - WARNING - ssr:stedsnr = 919317 has multiple (2) positions, using the first one!
utility_to_osm - WARNING - ssr:stedsnr = 7435 has multiple (10) positions, using the first one!
utility_to_osm - WARNING - ssr:stedsnr = 8141 has multiple (2) positions, using the first one!
utility_to_osm - WARNING - ssr:stedsnr = 8338 has multiple (2) positions, using the first one!
utility_to_osm - WARNING - ssr:stedsnr = 8341 has multiple (2) positions, using the first one!
utility_to_osm - WARNING - ssr:stedsnr = 8743 has multiple (2) positions, using the first one!
utility_to_osm - WARNING - ssr:stedsnr = 68123 has multiple (2) positions, using the first one!
utility_to_osm - WARNING - ssr:stedsnr = 69255 has multiple (2) positions, using the first one!
utility_to_osm - WARNING - ssr:stedsnr = 69274: No priority spelling found for lang = no, using alt_name to get "[('no', 'Rulltjønnet')]"
utility_to_osm - WARNING - ssr:stedsnr = 69274 has multiple (2) positions, using the first one!
utility_to_osm - WARNING - ssr:stedsnr = 69343 has multiple (2) positions, using the first one!
utility_to_osm - WARNING - ssr:stedsnr = 69344: No priority spelling found for lang = no, using alt_name to get "[('no', 'Måsåmyrtjønna')]"
utility_to_osm - WARNING - ssr:stedsnr = 69344 has multiple (6) positions, using the first one!
utility_to_osm - WARNING - ssr:stedsnr = 69353: No priority spelling found for lang = no, using alt_name to get "[('no', 'Skardtjønndalen')]"
utility_to_osm - WARNING - ssr:stedsnr = 69353 has multiple (3) positions, using the first one!
utility_to_osm - WARNING - ssr:stedsnr = 69455 has multiple (2) positions, using the first one!
utility_to_osm - WARNING - ssr:stedsnr = 130337 has multiple (2) positions, using the first one!
utility_to_osm - WARNING - ssr:stedsnr = 128917 has multiple (2) positions, using the first one!
utility_to_osm - WARNING - ssr:stedsnr = 129162 has multiple (2) positions, using the first one!
utility_to_osm - WARNING - ssr:stedsnr = 129173 has multiple (114) positions, using the first one!
utility_to_osm - WARNING - ssr:stedsnr = 129177 has multiple (2) positions, using the first one!
utility_to_osm - WARNING - ssr:stedsnr = 129486 has multiple (2) positions, using the first one!
utility_to_osm - WARNING - ssr:stedsnr = 129494 has multiple (2) positions, using the first one!
utility_to_osm - WARNING - ssr:stedsnr = 155631 has multiple (2) positions, using the first one!
utility_to_osm - ERROR - ssr:stedsnr = 181380. No positions found, skipping
utility_to_osm - WARNING - ssr:stedsnr = 190141 has multiple (2) positions, using the first one!
utility_to_osm - WARNING - ssr:stedsnr = 190327 has multiple (2) positions, using the first one!
utility_to_osm - WARNING - ssr:stedsnr = 190270 has multiple (2) positions, using the first one!
utility_to_osm - WARNING - ssr:stedsnr = 190273: No priority spelling found for lang = no, using alt_name to get "[('no', 'Helgetjønnet')]"
utility_to_osm - WARNING - ssr:stedsnr = 190273 has multiple (2) positions, using the first one!
utility_to_osm - WARNING - ssr:stedsnr = 190291 has multiple (3) positions, using the first one!
utility_to_osm - WARNING - ssr:stedsnr = 190348 has multiple (2) positions, using the first one!
utility_to_osm - WARNING - ssr:stedsnr = 190349 has multiple (2) positions, using the first one!
utility_to_osm - WARNING - ssr:stedsnr = 190995 has multiple (10) positions, using the first one!
utility_to_osm - WARNING - ssr:stedsnr = 311161 has multiple (2) positions, using the first one!
utility_to_osm - WARNING - ssr:stedsnr = 311162 has multiple (2) positions, using the first one!
utility_to_osm - WARNING - ssr:stedsnr = 311340 has multiple (2) positions, using the first one!
utility_to_osm - WARNING - ssr:stedsnr = 311360 has multiple (2) positions, using the first one!
utility_to_osm - WARNING - ssr:stedsnr = 312261 has multiple (2) positions, using the first one!
utility_to_osm - WARNING - ssr:stedsnr = 312351: No priority spelling found for lang = no, using alt_name to get "[('no', 'Eldåtjønna')]"
utility_to_osm - WARNING - ssr:stedsnr = 312351 has multiple (2) positions, using the first one!
utility_to_osm - WARNING - ssr:stedsnr = 312361 has multiple (2) positions, using the first one!
utility_to_osm - ERROR - ssr:stedsnr = 342709. No positions found, skipping
utility_to_osm - ERROR - ssr:stedsnr = 344165. No positions found, skipping
utility_to_osm - WARNING - ssr:stedsnr = 371131 has multiple (2) positions, using the first one!
utility_to_osm - WARNING - ssr:stedsnr = 371424 has multiple (3) positions, using the first one!
utility_to_osm - WARNING - ssr:stedsnr = 372282 has multiple (2) positions, using the first one!
utility_to_osm - WARNING - ssr:stedsnr = 372294: No priority spelling found for lang = no, using alt_name to get "[('no', 'Gorrtjønnet')]"
utility_to_osm - WARNING - ssr:stedsnr = 372294 has multiple (2) positions, using the first one!
utility_to_osm - WARNING - ssr:stedsnr = 372314 has multiple (2) positions, using the first one!
utility_to_osm - WARNING - ssr:stedsnr = 372325 has multiple (2) positions, using the first one!
utility_to_osm - WARNING - ssr:stedsnr = 372338: No priority spelling found for lang = no, using alt_name to get "[('no', 'Skjeltjønnet')]"
utility_to_osm - WARNING - ssr:stedsnr = 372338 has multiple (3) positions, using the first one!
utility_to_osm - WARNING - ssr:stedsnr = 372343 has multiple (2) positions, using the first one!
utility_to_osm - WARNING - ssr:stedsnr = 372347: No priority spelling found for lang = no, using alt_name to get "[('no', 'Goppollvatnet')]"
utility_to_osm - WARNING - ssr:stedsnr = 372486 has multiple (2) positions, using the first one!
utility_to_osm - WARNING - ssr:stedsnr = 372491 has multiple (2) positions, using the first one!
utility_to_osm - WARNING - ssr:stedsnr = 372494 has multiple (2) positions, using the first one!
utility_to_osm - WARNING - ssr:stedsnr = 432126 has multiple (2) positions, using the first one!
utility_to_osm - ERROR - ssr:stedsnr = 433166: Adding multiple names to name tag, this is not OK! name = "Bjørgesætra;Høyby"
utility_to_osm - WARNING - ssr:stedsnr = 433166 has multiple (2) positions, using the first one!
utility_to_osm - WARNING - ssr:stedsnr = 433254 has multiple (2) positions, using the first one!
utility_to_osm - WARNING - ssr:stedsnr = 433271 has multiple (2) positions, using the first one!
utility_to_osm - WARNING - ssr:stedsnr = 433371 has multiple (2) positions, using the first one!
utility_to_osm - WARNING - ssr:stedsnr = 433455 has multiple (2) positions, using the first one!
utility_to_osm - WARNING - ssr:stedsnr = 433458 has multiple (2) positions, using the first one!
utility_to_osm - WARNING - ssr:stedsnr = 433967 has multiple (2) positions, using the first one!
utility_to_osm - WARNING - ssr:stedsnr = 553481 has multiple (2) positions, using the first one!
utility_to_osm - WARNING - ssr:stedsnr = 554337 has multiple (2) positions, using the first one!
utility_to_osm - WARNING - ssr:stedsnr = 554350: No priority spelling found for lang = no, using alt_name to get "[('no', 'Gråurdtjønnet')]"
utility_to_osm - WARNING - ssr:stedsnr = 554350 has multiple (3) positions, using the first one!
utility_to_osm - WARNING - ssr:stedsnr = 554369 has multiple (2) positions, using the first one!
utility_to_osm - WARNING - ssr:stedsnr = 553472: No priority spelling found for lang = no, using alt_name to get "[('no', 'Koltjønnet')]"
utility_to_osm - WARNING - ssr:stedsnr = 553472 has multiple (2) positions, using the first one!
utility_to_osm - WARNING - ssr:stedsnr = 554159: No priority spelling found for lang = no, using alt_name to get "[('no', 'Kaldhol')]"
utility_to_osm - WARNING - ssr:stedsnr = 554967 has multiple (5) positions, using the first one!
utility_to_osm - WARNING - ssr:stedsnr = 603413 has multiple (2) positions, using the first one!
utility_to_osm - WARNING - ssr:stedsnr = 614273 has multiple (2) positions, using the first one!
utility_to_osm - WARNING - ssr:stedsnr = 614274 has multiple (2) positions, using the first one!
utility_to_osm - WARNING - ssr:stedsnr = 614479 has multiple (2) positions, using the first one!
utility_to_osm - WARNING - ssr:stedsnr = 614480 has multiple (2) positions, using the first one!
utility_to_osm - WARNING - ssr:stedsnr = 614491 has multiple (2) positions, using the first one!
utility_to_osm - WARNING - ssr:stedsnr = 614746 has multiple (3) positions, using the first one!
utility_to_osm - WARNING - ssr:stedsnr = 614493 has multiple (2) positions, using the first one!
utility_to_osm - WARNING - ssr:stedsnr = 615263 has multiple (2) positions, using the first one!
utility_to_osm - WARNING - ssr:stedsnr = 632752: No priority spelling found for lang = no, using alt_name to get "[('no', 'Goppollfjellet')]"
utility_to_osm - WARNING - ssr:stedsnr = 736139 has multiple (2) positions, using the first one!
utility_to_osm - WARNING - ssr:stedsnr = 736300: No priority spelling found for lang = no, using alt_name to get "[('no', 'Høvrebutjønnet')]"
utility_to_osm - WARNING - ssr:stedsnr = 736300 has multiple (2) positions, using the first one!
utility_to_osm - WARNING - ssr:stedsnr = 736302: No priority spelling found for lang = no, using alt_name to get "[('no', 'Keiktjønnet')]"
utility_to_osm - WARNING - ssr:stedsnr = 736302 has multiple (2) positions, using the first one!
utility_to_osm - WARNING - ssr:stedsnr = 736315: No priority spelling found for lang = no, using alt_name to get "[('no', 'Skardtjønnan')]"
utility_to_osm - WARNING - ssr:stedsnr = 736315 has multiple (3) positions, using the first one!
utility_to_osm - WARNING - ssr:stedsnr = 736263 has multiple (5) positions, using the first one!
utility_to_osm - WARNING - ssr:stedsnr = 736979 has multiple (2) positions, using the first one!
utility_to_osm - WARNING - ssr:stedsnr = 738781 has multiple (2) positions, using the first one!
utility_to_osm - WARNING - ssr:stedsnr = 754886 has multiple (3) positions, using the first one!
utility_to_osm - ERROR - ssr:stedsnr = 787411. No positions found, skipping
utility_to_osm - WARNING - ssr:stedsnr = 796135 has multiple (2) positions, using the first one!
utility_to_osm - WARNING - ssr:stedsnr = 796485 has multiple (2) positions, using the first one!
utility_to_osm - WARNING - ssr:stedsnr = 797243 has multiple (2) positions, using the first one!
utility_to_osm - WARNING - ssr:stedsnr = 797368 has multiple (2) positions, using the first one!
utility_to_osm - WARNING - ssr:stedsnr = 797263 has multiple (2) positions, using the first one!
utility_to_osm - WARNING - ssr:stedsnr = 797285 has multiple (2) positions, using the first one!
utility_to_osm - WARNING - ssr:stedsnr = 797290 has multiple (2) positions, using the first one!
utility_to_osm - WARNING - ssr:stedsnr = 797295 has multiple (2) positions, using the first one!
utility_to_osm - WARNING - ssr:stedsnr = 797326 has multiple (2) positions, using the first one!
utility_to_osm - WARNING - ssr:stedsnr = 797333 has multiple (2) positions, using the first one!
utility_to_osm - WARNING - ssr:stedsnr = 797462 has multiple (2) positions, using the first one!
utility_to_osm - WARNING - ssr:stedsnr = 798838 has multiple (2) positions, using the first one!
utility_to_osm - WARNING - ssr:stedsnr = 814802 has multiple (3) positions, using the first one!
utility_to_osm - WARNING - ssr:stedsnr = 857147 has multiple (2) positions, using the first one!
utility_to_osm - WARNING - ssr:stedsnr = 857163 has multiple (2) positions, using the first one!
utility_to_osm - WARNING - ssr:stedsnr = 857951: No priority spelling found for lang = no, using alt_name to get "[('no', 'Mustjønnet')]"
utility_to_osm - WARNING - ssr:stedsnr = 857951 has multiple (2) positions, using the first one!
utility_to_osm - WARNING - ssr:stedsnr = 857952: No priority spelling found for lang = no, using alt_name to get "[('no', 'Kringletjønnmyra')]"
utility_to_osm - WARNING - ssr:stedsnr = 858251 has multiple (2) positions, using the first one!
utility_to_osm - WARNING - ssr:stedsnr = 858254 has multiple (2) positions, using the first one!
utility_to_osm - WARNING - ssr:stedsnr = 858261: No priority spelling found for lang = no, using alt_name to get "[('no', 'Gravtjønnet')]"
utility_to_osm - WARNING - ssr:stedsnr = 858261 has multiple (2) positions, using the first one!
utility_to_osm - WARNING - ssr:stedsnr = 858348 has multiple (2) positions, using the first one!
utility_to_osm - WARNING - ssr:stedsnr = 858524 has multiple (2) positions, using the first one!
utility_to_osm - WARNING - ssr:stedsnr = 888387 has multiple (2) positions, using the first one!
utility_to_osm - WARNING - ssr:stedsnr = 889036: No priority spelling found for lang = no, using alt_name to get "[('no', 'Solbakken')]"
utility_to_osm - WARNING - ssr:stedsnr = 949725 has multiple (2) positions, using the first one!
utility_to_osm - ERROR - ssr:stedsnr = 1013357. No positions found, skipping
utility_to_osm - ERROR - ssr:stedsnr = 1013365. No positions found, skipping
utility_to_osm - ERROR - ssr:stedsnr = 1013366. No positions found, skipping
utility_to_osm - ERROR - ssr:stedsnr = 1013539. No positions found, skipping
utility_to_osm - ERROR - ssr:stedsnr = 1013549. No positions found, skipping
utility_to_osm - ERROR - ssr:stedsnr = 1013556. No positions found, skipping
utility_to_osm - ERROR - ssr:stedsnr = 1013583. No positions found, skipping
utility_to_osm - ERROR - ssr:stedsnr = 1013716. No positions found, skipping
utility_to_osm - ERROR - ssr:stedsnr = 1013816. No positions found, skipping
utility_to_osm - ERROR - ssr:stedsnr = 1014464. No positions found, skipping
utility_to_osm - ERROR - ssr:stedsnr = 1014539. No positions found, skipping
utility_to_osm - ERROR - ssr:stedsnr = 1014560. No positions found, skipping
utility_to_osm - ERROR - ssr:stedsnr = 1014046. No positions found, skipping
utility_to_osm - ERROR - ssr:stedsnr = 1014080. No positions found, skipping
utility_to_osm - WARNING - ssr:stedsnr = 1014183: No priority spelling found for lang = no, using alt_name to get "[('no', 'Nermoshågån')]"
utility_to_osm - ERROR - ssr:stedsnr = 1014183. No positions found, skipping
utility_to_osm - ERROR - ssr:stedsnr = 1014230. No positions found, skipping
utility_to_osm - WARNING - ssr:stedsnr = 1014120: No priority spelling found for lang = no, using alt_name to get "[('no', 'Nordlia')]"
utility_to_osm - ERROR - ssr:stedsnr = 1014120. No positions found, skipping
utility_to_osm - WARNING - ssr:stedsnr = 1014338: No priority spelling found for lang = no, using alt_name to get "[('no', 'Hjortevegen')]"
utility_to_osm - ERROR - ssr:stedsnr = 1014338. No positions found, skipping
utility_to_osm - ERROR - ssr:stedsnr = 1014359. No positions found, skipping
utility_to_osm - ERROR - ssr:stedsnr = 1014396. No positions found, skipping
utility_to_osm - ERROR - ssr:stedsnr = 1014504. No positions found, skipping
utility_to_osm - ERROR - ssr:stedsnr = 1014514. No positions found, skipping
utility_to_osm - ERROR - ssr:stedsnr = 1014517. No positions found, skipping
utility_to_osm - WARNING - ssr:stedsnr = 1014798: No priority spelling found for lang = no, using alt_name to get "[('no', 'Nymogutua')]"
utility_to_osm - ERROR - ssr:stedsnr = 1014798. No positions found, skipping
utility_to_osm - WARNING - ssr:stedsnr = 1014915: No priority spelling found for lang = no, using alt_name to get "[('no', 'Vedumsvegen')]"
utility_to_osm - ERROR - ssr:stedsnr = 1014915. No positions found, skipping
utility_to_osm - WARNING - ssr:stedsnr = 1014852: No priority spelling found for lang = no, using alt_name to get "[('no', 'Viksvevegen')]"
utility_to_osm - ERROR - ssr:stedsnr = 1014852. No positions found, skipping
utility_to_osm - WARNING - ssr:stedsnr = 1014876: No priority spelling found for lang = no, using alt_name to get "[('no', 'Veltevegen')]"
utility_to_osm - ERROR - ssr:stedsnr = 1014876. No positions found, skipping
utility_to_osm - WARNING - ssr:stedsnr = 1014932: No priority spelling found for lang = no, using alt_name to get "[('no', 'Vestsidevegen')]"
utility_to_osm - ERROR - ssr:stedsnr = 1014932. No positions found, skipping
utility_to_osm - WARNING - ssr:stedsnr = 1014980: No priority spelling found for lang = no, using alt_name to get "[('no', 'Tyttebærskogen')]"
utility_to_osm - ERROR - ssr:stedsnr = 1014980. No positions found, skipping
utility_to_osm - WARNING - ssr:stedsnr = 1014990: No priority spelling found for lang = no, using alt_name to get "[('no', 'Øygardsvegen')]"
utility_to_osm - ERROR - ssr:stedsnr = 1014990. No positions found, skipping
utility_to_osm - ERROR - ssr:stedsnr = 1016050. No positions found, skipping
utility_to_osm - WARNING - ssr:stedsnr = 1016054: No priority spelling found for lang = no, using alt_name to get "[('no', 'Moshushågån')]"
utility_to_osm - ERROR - ssr:stedsnr = 1016054. No positions found, skipping
utility_to_osm - WARNING - ssr:stedsnr = 1016139: No priority spelling found for lang = no, using alt_name to get "[('no', 'Lysengvegen')]"
utility_to_osm - ERROR - ssr:stedsnr = 1016139. No positions found, skipping
utility_to_osm - ERROR - ssr:stedsnr = 1015645. No positions found, skipping
utility_to_osm - WARNING - ssr:stedsnr = 1015627: No priority spelling found for lang = no, using alt_name to get "[('no', 'Sørlia')]"
utility_to_osm - ERROR - ssr:stedsnr = 1015627. No positions found, skipping
utility_to_osm - ERROR - ssr:stedsnr = 1015777. No positions found, skipping
utility_to_osm - ERROR - ssr:stedsnr = 1015919. No positions found, skipping
utility_to_osm - ERROR - ssr:stedsnr = 1015991. No positions found, skipping
utility_to_osm - ERROR - ssr:stedsnr = 1015998. No positions found, skipping
utility_to_osm - ERROR - ssr:stedsnr = 1016010. No positions found, skipping
utility_to_osm - WARNING - ssr:stedsnr = 1016018: No priority spelling found for lang = no, using alt_name to get "[('no', 'Slettmoringen')]"
utility_to_osm - ERROR - ssr:stedsnr = 1016018. No positions found, skipping
utility_to_osm - ERROR - ssr:stedsnr = 1016020. No positions found, skipping
utility_to_osm - ERROR - ssr:stedsnr = 1015957. No positions found, skipping
utility_to_osm - ERROR - ssr:stedsnr = 1015963. No positions found, skipping
utility_to_osm - WARNING - ssr:stedsnr = 1016115: No priority spelling found for lang = no, using alt_name to get "[('no', 'Midtbygdsvegen')]"
utility_to_osm - ERROR - ssr:stedsnr = 1016115. No positions found, skipping
utility_to_osm - ERROR - ssr:stedsnr = 1017429. No positions found, skipping
utility_to_osm - WARNING - ssr:stedsnr = 1016195: No priority spelling found for lang = no, using alt_name to get "[('no', 'Kramprudvegen')]"
utility_to_osm - ERROR - ssr:stedsnr = 1016195. No positions found, skipping
utility_to_osm - WARNING - ssr:stedsnr = 1016220: No priority spelling found for lang = no, using alt_name to get "[('no', 'Kananvegen')]"
utility_to_osm - ERROR - ssr:stedsnr = 1016220. No positions found, skipping
utility_to_osm - WARNING - ssr:stedsnr = 1016235: No priority spelling found for lang = no, using alt_name to get "[('no', 'Hundervegen')]"
utility_to_osm - ERROR - ssr:stedsnr = 1016235. No positions found, skipping
utility_to_osm - WARNING - ssr:stedsnr = 1016295: No priority spelling found for lang = no, using alt_name to get "[('no', 'Gudbrandsdalsvegen')]"
utility_to_osm - ERROR - ssr:stedsnr = 1016295. No positions found, skipping
utility_to_osm - WARNING - ssr:stedsnr = 1016304: No priority spelling found for lang = no, using alt_name to get "[('no', 'Gamle Hundersætervegen')]"
utility_to_osm - ERROR - ssr:stedsnr = 1016304. No positions found, skipping
utility_to_osm - WARNING - ssr:stedsnr = 1016311: No priority spelling found for lang = no, using alt_name to get "[('no', 'Fjellstadvegen')]"
utility_to_osm - ERROR - ssr:stedsnr = 1016311. No positions found, skipping
utility_to_osm - WARNING - ssr:stedsnr = 1016241: No priority spelling found for lang = no, using alt_name to get "[('no', 'Industrivegen')]"
utility_to_osm - ERROR - ssr:stedsnr = 1016241. No positions found, skipping
utility_to_osm - WARNING - ssr:stedsnr = 1016258: No priority spelling found for lang = no, using alt_name to get "[('no', 'Hunderfossvegen')]"
utility_to_osm - ERROR - ssr:stedsnr = 1016258. No positions found, skipping
utility_to_osm - WARNING - ssr:stedsnr = 1016270: No priority spelling found for lang = no, using alt_name to get "[('no', 'Haugsgutua')]"
utility_to_osm - ERROR - ssr:stedsnr = 1016270. No positions found, skipping
utility_to_osm - WARNING - ssr:stedsnr = 1016276: No priority spelling found for lang = no, using alt_name to get "[('no', 'Hornsjøvegen')]"
utility_to_osm - ERROR - ssr:stedsnr = 1016276. No positions found, skipping
utility_to_osm - WARNING - ssr:stedsnr = 1016347: No priority spelling found for lang = no, using alt_name to get "[('no', 'Trovegen')]"
utility_to_osm - ERROR - ssr:stedsnr = 1016347. No positions found, skipping
utility_to_osm - WARNING - ssr:stedsnr = 1016402: No priority spelling found for lang = no, using alt_name to get "[('no', 'Sørbygdsvegen')]"
utility_to_osm - ERROR - ssr:stedsnr = 1016402. No positions found, skipping
utility_to_osm - WARNING - ssr:stedsnr = 1016428: No priority spelling found for lang = no, using alt_name to get "[('no', 'Skåevegen')]"
utility_to_osm - ERROR - ssr:stedsnr = 1016428. No positions found, skipping
utility_to_osm - WARNING - ssr:stedsnr = 1016493: No priority spelling found for lang = no, using alt_name to get "[('no', 'Prestgardshågån')]"
utility_to_osm - WARNING - ssr:stedsnr = 1016450: No priority spelling found for lang = no, using alt_name to get "[('no', 'Rognstadvegen')]"
utility_to_osm - ERROR - ssr:stedsnr = 1016450. No positions found, skipping
utility_to_osm - WARNING - ssr:stedsnr = 1016543: No priority spelling found for lang = no, using alt_name to get "[('no', 'Måkrudgutua')]"
utility_to_osm - ERROR - ssr:stedsnr = 1016543. No positions found, skipping
utility_to_osm - WARNING - ssr:stedsnr = 1016552: No priority spelling found for lang = no, using alt_name to get "[('no', 'Nermosvegen')]"
utility_to_osm - ERROR - ssr:stedsnr = 1016552. No positions found, skipping
utility_to_osm - WARNING - ssr:stedsnr = 1016576: No priority spelling found for lang = no, using alt_name to get "[('no', 'Mosætervegen')]"
utility_to_osm - ERROR - ssr:stedsnr = 1016576. No positions found, skipping
utility_to_osm - WARNING - ssr:stedsnr = 1016519: No priority spelling found for lang = no, using alt_name to get "[('no', 'Ole Stenens veg')]"
utility_to_osm - WARNING - ssr:stedsnr = 1016522: No priority spelling found for lang = no, using alt_name to get "[('no', 'Nordbygdsvegen')]"
utility_to_osm - ERROR - ssr:stedsnr = 1016522. No positions found, skipping
utility_to_osm - ERROR - ssr:stedsnr = 1016629. No positions found, skipping
utility_to_osm - WARNING - ssr:stedsnr = 1016945: No priority spelling found for lang = no, using alt_name to get "[('no', 'Fiskehusvegen')]"
utility_to_osm - ERROR - ssr:stedsnr = 1016945. No positions found, skipping
utility_to_osm - WARNING - ssr:stedsnr = 1017043: No priority spelling found for lang = no, using alt_name to get "[('no', 'Brynsgutua')]"
utility_to_osm - ERROR - ssr:stedsnr = 1017043. No positions found, skipping
utility_to_osm - WARNING - ssr:stedsnr = 1017002: No priority spelling found for lang = no, using alt_name to get "[('no', 'Buttvegen')]"
utility_to_osm - ERROR - ssr:stedsnr = 1017002. No positions found, skipping
utility_to_osm - WARNING - ssr:stedsnr = 1017164: No priority spelling found for lang = no, using alt_name to get "[('no', 'Andersstuguvegen')]"
utility_to_osm - ERROR - ssr:stedsnr = 1017164. No positions found, skipping
utility_to_osm - WARNING - ssr:stedsnr = 1017128: No priority spelling found for lang = no, using alt_name to get "[('no', 'Bagstadvegen')]"
utility_to_osm - ERROR - ssr:stedsnr = 1017128. No positions found, skipping
utility_to_osm - WARNING - ssr:stedsnr = 1017911: No priority spelling found for lang = no, using alt_name to get "[('no', 'Bådstølykkja')]"
utility_to_osm - ERROR - ssr:stedsnr = 1017911. No positions found, skipping
utility_to_osm - WARNING - ssr:stedsnr = 1017474: No priority spelling found for lang = no, using alt_name to get "[('no', 'Fonstadvegen')]"
utility_to_osm - ERROR - ssr:stedsnr = 1017474. No positions found, skipping
utility_to_osm - WARNING - ssr:stedsnr = 1017480: No priority spelling found for lang = no, using alt_name to get "[('no', 'Flåtåmovegen')]"
utility_to_osm - ERROR - ssr:stedsnr = 1017480. No positions found, skipping
utility_to_osm - WARNING - ssr:stedsnr = 1017566: No priority spelling found for lang = no, using alt_name to get "[('no', 'Holmsætervegen')]"
utility_to_osm - ERROR - ssr:stedsnr = 1017566. No positions found, skipping
utility_to_osm - ERROR - ssr:stedsnr = 1017570. No positions found, skipping
utility_to_osm - WARNING - ssr:stedsnr = 1018261: No priority spelling found for lang = no, using alt_name to get "[('no', 'Bjørnstadvegen')]"
utility_to_osm - ERROR - ssr:stedsnr = 1018261. No positions found, skipping
utility_to_osm - ERROR - ssr:stedsnr = 1018296. No positions found, skipping
utility_to_osm - WARNING - ssr:stedsnr = 1018471: No priority spelling found for lang = no, using alt_name to get "[('no', 'Roåkervegen')]"
utility_to_osm - ERROR - ssr:stedsnr = 1018471. No positions found, skipping
utility_to_osm - WARNING - ssr:stedsnr = 1018543: No priority spelling found for lang = no, using alt_name to get "[('no', 'Krukhaugvegen')]"
utility_to_osm - ERROR - ssr:stedsnr = 1018543. No positions found, skipping
utility_to_osm - WARNING - ssr:stedsnr = 1018549: No priority spelling found for lang = no, using alt_name to get "[('no', 'Kråbølstuguvegen')]"
utility_to_osm - ERROR - ssr:stedsnr = 1018549. No positions found, skipping
utility_to_osm - WARNING - ssr:stedsnr = 1018553: No priority spelling found for lang = no, using alt_name to get "[('no', 'Korketrekkeren')]"
utility_to_osm - ERROR - ssr:stedsnr = 1018553. No positions found, skipping
utility_to_osm - ERROR - ssr:stedsnr = 1018562. No positions found, skipping
utility_to_osm - WARNING - ssr:stedsnr = 1018491: No priority spelling found for lang = no, using alt_name to get "[('no', 'Polavegen')]"
utility_to_osm - ERROR - ssr:stedsnr = 1018491. No positions found, skipping
utility_to_osm - WARNING - ssr:stedsnr = 1018506: No priority spelling found for lang = no, using alt_name to get "[('no', 'Nygardsbakkan')]"
utility_to_osm - ERROR - ssr:stedsnr = 1018506. No positions found, skipping
utility_to_osm - WARNING - ssr:stedsnr = 1018513: No priority spelling found for lang = no, using alt_name to get "[('no', 'Nord-Trettenvegen')]"
utility_to_osm - ERROR - ssr:stedsnr = 1018513. No positions found, skipping
utility_to_osm - WARNING - ssr:stedsnr = 1018602: No priority spelling found for lang = no, using alt_name to get "[('no', 'Kjørkjevegen')]"
utility_to_osm - ERROR - ssr:stedsnr = 1018602. No positions found, skipping
utility_to_osm - ERROR - ssr:stedsnr = 1018608. No positions found, skipping
utility_to_osm - WARNING - ssr:stedsnr = 1018571: No priority spelling found for lang = no, using alt_name to get "[('no', 'Kløvsvegen')]"
utility_to_osm - ERROR - ssr:stedsnr = 1018571. No positions found, skipping
utility_to_osm - ERROR - ssr:stedsnr = 1018574. No positions found, skipping
utility_to_osm - ERROR - ssr:stedsnr = 1018646. No positions found, skipping
utility_to_osm - WARNING - ssr:stedsnr = 1018871: No priority spelling found for lang = no, using alt_name to get "[('no', 'Musdalssætervegen')]"
utility_to_osm - ERROR - ssr:stedsnr = 1018871. No positions found, skipping
utility_to_osm - WARNING - ssr:stedsnr = 1018790: No priority spelling found for lang = no, using alt_name to get "[('no', 'Nordmedlia')]"
utility_to_osm - ERROR - ssr:stedsnr = 1018790. No positions found, skipping
utility_to_osm - WARNING - ssr:stedsnr = 1018821: No priority spelling found for lang = no, using alt_name to get "[('no', 'Mågålivegen')]"
utility_to_osm - ERROR - ssr:stedsnr = 1018821. No positions found, skipping
utility_to_osm - ERROR - ssr:stedsnr = 1018834. No positions found, skipping
utility_to_osm - ERROR - ssr:stedsnr = 1018758. No positions found, skipping
utility_to_osm - WARNING - ssr:stedsnr = 1019590: No priority spelling found for lang = no, using alt_name to get "[('no', 'Søre Grønåsvegen')]"
utility_to_osm - ERROR - ssr:stedsnr = 1019590. No positions found, skipping
utility_to_osm - WARNING - ssr:stedsnr = 1019591: No priority spelling found for lang = no, using alt_name to get "[('no', 'Vassrudgutua')]"
utility_to_osm - WARNING - ssr:stedsnr = 1019592: No priority spelling found for lang = no, using alt_name to get "[('no', 'Skybergsgutua')]"
utility_to_osm - WARNING - ssr:stedsnr = 1019593: No priority spelling found for lang = no, using alt_name to get "[('no', 'Auromsgutua')]"
utility_to_osm - WARNING - ssr:stedsnr = 1019595: No priority spelling found for lang = no, using alt_name to get "[('no', 'Djupdalsvegen')]"
utility_to_osm - ERROR - ssr:stedsnr = 1019595. No positions found, skipping
utility_to_osm - WARNING - ssr:stedsnr = 1019597: No priority spelling found for lang = no, using alt_name to get "[('no', 'Åbbortjønnvegen')]"
utility_to_osm - ERROR - ssr:stedsnr = 1019597. No positions found, skipping
utility_to_osm - WARNING - ssr:stedsnr = 1019599: No priority spelling found for lang = no, using alt_name to get "[('no', 'Jutulstadlykkja')]"
utility_to_osm - WARNING - ssr:stedsnr = 1019602: No priority spelling found for lang = no, using alt_name to get "[('no', 'Kolgropa')]"
utility_to_osm - WARNING - ssr:stedsnr = 1019603: No priority spelling found for lang = no, using alt_name to get "[('no', 'Hauganlia')]"
utility_to_osm - WARNING - ssr:stedsnr = 1019604: No priority spelling found for lang = no, using alt_name to get "[('no', 'Hauganbrinken')]"
utility_to_osm - WARNING - ssr:stedsnr = 1019606: No priority spelling found for lang = no, using alt_name to get "[('no', 'Blæsterfalla')]"
utility_to_osm - WARNING - ssr:stedsnr = 1019610: No priority spelling found for lang = no, using alt_name to get "[('no', 'Hemsætervegen')]"
utility_to_osm - ERROR - ssr:stedsnr = 1019610. No positions found, skipping
utility_to_osm - WARNING - ssr:stedsnr = 1019611: No priority spelling found for lang = no, using alt_name to get "[('no', 'Gruvevegen')]"
utility_to_osm - ERROR - ssr:stedsnr = 1019611. No positions found, skipping
utility_to_osm - WARNING - ssr:stedsnr = 1019613: No priority spelling found for lang = no, using alt_name to get "[('no', 'Bjørgefallet')]"
utility_to_osm - ERROR - ssr:stedsnr = 1019613. No positions found, skipping
utility_to_osm - WARNING - ssr:stedsnr = 1019040: No priority spelling found for lang = no, using alt_name to get "[('no', 'Landgårdsvegen')]"
utility_to_osm - ERROR - ssr:stedsnr = 1019040. No positions found, skipping
utility_to_osm - ERROR - ssr:stedsnr = 1019048. No positions found, skipping
utility_to_osm - WARNING - ssr:stedsnr = 1019018: No priority spelling found for lang = no, using alt_name to get "[('no', 'Lassesætervegen')]"
utility_to_osm - ERROR - ssr:stedsnr = 1019018. No positions found, skipping
utility_to_osm - ERROR - ssr:stedsnr = 1019313. No positions found, skipping
utility_to_osm - WARNING - ssr:stedsnr = 1019334: No priority spelling found for lang = no, using alt_name to get "[('no', 'Tårstadvegen')]"
utility_to_osm - ERROR - ssr:stedsnr = 1019334. No positions found, skipping
utility_to_osm - ERROR - ssr:stedsnr = 1019336. No positions found, skipping
utility_to_osm - ERROR - ssr:stedsnr = 1019337. No positions found, skipping
utility_to_osm - ERROR - ssr:stedsnr = 1019339. No positions found, skipping
utility_to_osm - WARNING - ssr:stedsnr = 1019340: No priority spelling found for lang = no, using alt_name to get "[('no', 'Turrmoen')]"
utility_to_osm - ERROR - ssr:stedsnr = 1019340. No positions found, skipping
utility_to_osm - WARNING - ssr:stedsnr = 1019341: No priority spelling found for lang = no, using alt_name to get "[('no', 'Tunevegen')]"
utility_to_osm - ERROR - ssr:stedsnr = 1019341. No positions found, skipping
utility_to_osm - WARNING - ssr:stedsnr = 1019375: No priority spelling found for lang = no, using alt_name to get "[('no', 'Sør-Trettenvegen')]"
utility_to_osm - ERROR - ssr:stedsnr = 1019375. No positions found, skipping
utility_to_osm - WARNING - ssr:stedsnr = 1019380: No priority spelling found for lang = no, using alt_name to get "[('no', 'Sveavegen')]"
utility_to_osm - ERROR - ssr:stedsnr = 1019380. No positions found, skipping
utility_to_osm - ERROR - ssr:stedsnr = 1019381. No positions found, skipping
utility_to_osm - ERROR - ssr:stedsnr = 1019385. No positions found, skipping
utility_to_osm - WARNING - ssr:stedsnr = 1019390: No priority spelling found for lang = no, using alt_name to get "[('no', 'Smørkampvegen')]"
utility_to_osm - ERROR - ssr:stedsnr = 1019396. No positions found, skipping
utility_to_osm - ERROR - ssr:stedsnr = 1019401. No positions found, skipping
utility_to_osm - WARNING - ssr:stedsnr = 1019404: No priority spelling found for lang = no, using alt_name to get "[('no', 'Torsheimsvegen')]"
utility_to_osm - ERROR - ssr:stedsnr = 1019404. No positions found, skipping
utility_to_osm - ERROR - ssr:stedsnr = 1019406. No positions found, skipping
utility_to_osm - WARNING - ssr:stedsnr = 1019687: No priority spelling found for lang = no, using alt_name to get "[('no', 'Vardvegen')]"
utility_to_osm - ERROR - ssr:stedsnr = 1019687. No positions found, skipping
utility_to_osm - WARNING - ssr:stedsnr = 1019695: No priority spelling found for lang = no, using alt_name to get "[('no', 'Lunnstadmyrvegen')]"
utility_to_osm - ERROR - ssr:stedsnr = 1019695. No positions found, skipping
utility_to_osm - WARNING - ssr:stedsnr = 1019702: No priority spelling found for lang = no, using alt_name to get "[('no', 'Kringelåsvegen')]"
utility_to_osm - ERROR - ssr:stedsnr = 1019702. No positions found, skipping
utility_to_osm - WARNING - ssr:stedsnr = 1019704: No priority spelling found for lang = no, using alt_name to get "[('no', 'Stulsvegen')]"
utility_to_osm - ERROR - ssr:stedsnr = 1019704. No positions found, skipping
utility_to_osm - WARNING - ssr:stedsnr = 1019706: No priority spelling found for lang = no, using alt_name to get "[('no', 'Landåsvegen')]"
utility_to_osm - ERROR - ssr:stedsnr = 1019706. No positions found, skipping
utility_to_osm - WARNING - ssr:stedsnr = 1019708: No priority spelling found for lang = no, using alt_name to get "[('no', 'Slåsætervegen')]"
utility_to_osm - ERROR - ssr:stedsnr = 1019708. No positions found, skipping
utility_to_osm - WARNING - ssr:stedsnr = 1019729: No priority spelling found for lang = no, using alt_name to get "[('no', 'Augsætervegen')]"
utility_to_osm - WARNING - ssr:stedsnr = 1019730: No priority spelling found for lang = no, using alt_name to get "[('no', 'Akksjøsætervegen')]"
utility_to_osm - WARNING - ssr:stedsnr = 1019733: No priority spelling found for lang = no, using alt_name to get "[('no', 'Sundråket')]"
utility_to_osm - WARNING - ssr:stedsnr = 1019734: No priority spelling found for lang = no, using alt_name to get "[('no', 'Steinåsen')]"
utility_to_osm - WARNING - ssr:stedsnr = 1019735: No priority spelling found for lang = no, using alt_name to get "[('no', 'Skjennfjellvegen')]"
utility_to_osm - WARNING - ssr:stedsnr = 1019541: No priority spelling found for lang = no, using alt_name to get "[('no', 'Veslesætervegen')]"
utility_to_osm - ERROR - ssr:stedsnr = 1019541. No positions found, skipping
utility_to_osm - WARNING - ssr:stedsnr = 1019548: No priority spelling found for lang = no, using alt_name to get "[('no', 'Gamle Holmsætervegen')]"
utility_to_osm - ERROR - ssr:stedsnr = 1019548. No positions found, skipping
utility_to_osm - WARNING - ssr:stedsnr = 1019551: No priority spelling found for lang = no, using alt_name to get "[('no', 'Slåa')]"
utility_to_osm - ERROR - ssr:stedsnr = 1019551. No positions found, skipping
utility_to_osm - WARNING - ssr:stedsnr = 1019552: No priority spelling found for lang = no, using alt_name to get "[('no', 'Slåttvegen')]"
utility_to_osm - WARNING - ssr:stedsnr = 1019553: No priority spelling found for lang = no, using alt_name to get "[('no', 'Nordre Grønåsvegen')]"
utility_to_osm - ERROR - ssr:stedsnr = 1019553. No positions found, skipping
utility_to_osm - WARNING - ssr:stedsnr = 1019554: No priority spelling found for lang = no, using alt_name to get "[('no', 'Midtgrenda')]"
utility_to_osm - ERROR - ssr:stedsnr = 1019554. No positions found, skipping
utility_to_osm - WARNING - ssr:stedsnr = 1019555: No priority spelling found for lang = no, using alt_name to get "[('no', 'Langmyrvegen')]"
utility_to_osm - ERROR - ssr:stedsnr = 1019555. No positions found, skipping
utility_to_osm - WARNING - ssr:stedsnr = 1019558: No priority spelling found for lang = no, using alt_name to get "[('no', 'Tretteslævegen')]"
utility_to_osm - ERROR - ssr:stedsnr = 1019558. No positions found, skipping
utility_to_osm - WARNING - ssr:stedsnr = 1019559: No priority spelling found for lang = no, using alt_name to get "[('no', 'Blårysjåsvegen')]"
utility_to_osm - ERROR - ssr:stedsnr = 1019559. No positions found, skipping
utility_to_osm - WARNING - ssr:stedsnr = 1019560: No priority spelling found for lang = no, using alt_name to get "[('no', 'Avlingsvegen')]"
utility_to_osm - ERROR - ssr:stedsnr = 1019560. No positions found, skipping
utility_to_osm - WARNING - ssr:stedsnr = 1019562: No priority spelling found for lang = no, using alt_name to get "[('no', 'Nisteinsråket')]"
utility_to_osm - ERROR - ssr:stedsnr = 1019562. No positions found, skipping
utility_to_osm - WARNING - ssr:stedsnr = 1019563: No priority spelling found for lang = no, using alt_name to get "[('no', 'Hundtjønnvegen')]"
utility_to_osm - ERROR - ssr:stedsnr = 1019563. No positions found, skipping
utility_to_osm - WARNING - ssr:stedsnr = 1019564: No priority spelling found for lang = no, using alt_name to get "[('no', 'Hundbergslivegen')]"
utility_to_osm - ERROR - ssr:stedsnr = 1019564. No positions found, skipping
utility_to_osm - WARNING - ssr:stedsnr = 1019566: No priority spelling found for lang = no, using alt_name to get "[('no', 'Skåklevegen')]"
utility_to_osm - ERROR - ssr:stedsnr = 1019566. No positions found, skipping
utility_to_osm - WARNING - ssr:stedsnr = 1019567: No priority spelling found for lang = no, using alt_name to get "[('no', 'Pjeksen')]"
utility_to_osm - ERROR - ssr:stedsnr = 1019567. No positions found, skipping
utility_to_osm - WARNING - ssr:stedsnr = 1019568: No priority spelling found for lang = no, using alt_name to get "[('no', 'Måsåbergvegen')]"
utility_to_osm - WARNING - ssr:stedsnr = 1019570: No priority spelling found for lang = no, using alt_name to get "[('no', 'Moltmyrvegen')]"
utility_to_osm - ERROR - ssr:stedsnr = 1019570. No positions found, skipping
utility_to_osm - WARNING - ssr:stedsnr = 1019573: No priority spelling found for lang = no, using alt_name to get "[('no', 'Sæterberget')]"
utility_to_osm - WARNING - ssr:stedsnr = 1019574: No priority spelling found for lang = no, using alt_name to get "[('no', 'Lyusveknappen')]"
utility_to_osm - WARNING - ssr:stedsnr = 1019575: No priority spelling found for lang = no, using alt_name to get "[('no', 'Høghaugvegen')]"
utility_to_osm - WARNING - ssr:stedsnr = 1019576: No priority spelling found for lang = no, using alt_name to get "[('no', 'Gammellykkja')]"
utility_to_osm - WARNING - ssr:stedsnr = 1019577: No priority spelling found for lang = no, using alt_name to get "[('no', 'Furtholoa')]"
utility_to_osm - WARNING - ssr:stedsnr = 1019580: No priority spelling found for lang = no, using alt_name to get "[('no', 'Stuttingen')]"
utility_to_osm - ERROR - ssr:stedsnr = 1019580. No positions found, skipping
utility_to_osm - WARNING - ssr:stedsnr = 1019582: No priority spelling found for lang = no, using alt_name to get "[('no', 'Storslåvegen')]"
utility_to_osm - ERROR - ssr:stedsnr = 1019582. No positions found, skipping
utility_to_osm - WARNING - ssr:stedsnr = 1019639: No priority spelling found for lang = no, using alt_name to get "[('no', 'Rundmyrvegen')]"
utility_to_osm - ERROR - ssr:stedsnr = 1019639. No positions found, skipping
utility_to_osm - WARNING - ssr:stedsnr = 1019640: No priority spelling found for lang = no, using alt_name to get "[('no', 'Nedre Vesleslåa')]"
utility_to_osm - ERROR - ssr:stedsnr = 1019640. No positions found, skipping
utility_to_osm - WARNING - ssr:stedsnr = 1019641: No priority spelling found for lang = no, using alt_name to get "[('no', 'Øvre Vesleslåa')]"
utility_to_osm - ERROR - ssr:stedsnr = 1019641. No positions found, skipping
utility_to_osm - WARNING - ssr:stedsnr = 1019643: No priority spelling found for lang = no, using alt_name to get "[('no', 'Sæterråket')]"
utility_to_osm - ERROR - ssr:stedsnr = 1019643. No positions found, skipping
utility_to_osm - WARNING - ssr:stedsnr = 1019644: No priority spelling found for lang = no, using alt_name to get "[('no', 'Hortgutua')]"
utility_to_osm - ERROR - ssr:stedsnr = 1019644. No positions found, skipping
utility_to_osm - WARNING - ssr:stedsnr = 1019645: No priority spelling found for lang = no, using alt_name to get "[('no', 'Rekstet')]"
utility_to_osm - ERROR - ssr:stedsnr = 1019645. No positions found, skipping
utility_to_osm - WARNING - ssr:stedsnr = 1019646: No priority spelling found for lang = no, using alt_name to get "[('no', 'Haugaringen')]"
utility_to_osm - ERROR - ssr:stedsnr = 1019646. No positions found, skipping
utility_to_osm - WARNING - ssr:stedsnr = 1019650: No priority spelling found for lang = no, using alt_name to get "[('no', 'Tettgrasvegen')]"
utility_to_osm - ERROR - ssr:stedsnr = 1019650. No positions found, skipping
utility_to_osm - WARNING - ssr:stedsnr = 1019651: No priority spelling found for lang = no, using alt_name to get "[('no', 'Storsteinvegen')]"
utility_to_osm - ERROR - ssr:stedsnr = 1019651. No positions found, skipping
utility_to_osm - WARNING - ssr:stedsnr = 1019652: No priority spelling found for lang = no, using alt_name to get "[('no', 'Kaldsvekroken')]"
utility_to_osm - ERROR - ssr:stedsnr = 1019652. No positions found, skipping
utility_to_osm - WARNING - ssr:stedsnr = 1019653: No priority spelling found for lang = no, using alt_name to get "[('no', 'Geitryggen')]"
utility_to_osm - ERROR - ssr:stedsnr = 1019653. No positions found, skipping
utility_to_osm - WARNING - ssr:stedsnr = 1019655: No priority spelling found for lang = no, using alt_name to get "[('no', 'Lunnstadbrinken')]"
utility_to_osm - ERROR - ssr:stedsnr = 1019655. No positions found, skipping
utility_to_osm - WARNING - ssr:stedsnr = 1019656: No priority spelling found for lang = no, using alt_name to get "[('no', 'Lunnstadlia')]"
utility_to_osm - ERROR - ssr:stedsnr = 1019656. No positions found, skipping
utility_to_osm - WARNING - ssr:stedsnr = 1019666: No priority spelling found for lang = no, using alt_name to get "[('no', 'Nysætervegen')]"
utility_to_osm - ERROR - ssr:stedsnr = 1019666. No positions found, skipping
utility_to_osm - WARNING - ssr:stedsnr = 1019674: No priority spelling found for lang = no, using alt_name to get "[('no', 'Midtåsvegen')]"
utility_to_osm - ERROR - ssr:stedsnr = 1019674. No positions found, skipping
utility_to_osm - WARNING - ssr:stedsnr = 1019615: No priority spelling found for lang = no, using alt_name to get "[('no', 'Hundersætervegen')]"
utility_to_osm - ERROR - ssr:stedsnr = 1019615. No positions found, skipping
utility_to_osm - WARNING - ssr:stedsnr = 1019737: No priority spelling found for lang = no, using alt_name to get "[('no', 'Kjøllåsvegen')]"
utility_to_osm - WARNING - ssr:stedsnr = 1019738: No priority spelling found for lang = no, using alt_name to get "[('no', 'Baullstulvegen')]"
utility_to_osm - WARNING - ssr:stedsnr = 1019760: No priority spelling found for lang = no, using alt_name to get "[('no', 'Østfjellvegen')]"
utility_to_osm - WARNING - ssr:stedsnr = 1073412: No priority spelling found for lang = no, using alt_name to get "[('no', 'Bekkjedalen')]"
utility_to_osm - WARNING - ssr:stedsnr = 1073414: No priority spelling found for lang = no, using alt_name to get "[('no', 'Kronrøysa')]"
utility_to_osm - WARNING - ssr:stedsnr = 1073413: No priority spelling found for lang = no, using alt_name to get "[('no', 'Mellomrøysa')]"
utility_to_osm - WARNING - ssr:stedsnr = 1074406: No priority spelling found for lang = no, using alt_name to get "[('no', 'Innlandet fylke')]"
utility_to_osm - WARNING - ssr:stedsnr = 1077476: No priority spelling found for lang = no, using alt_name to get "[('no', 'Smørlykkja')]"
utility_to_osm - WARNING - ssr:stedsnr = 1081111: No priority spelling found for lang = no, using alt_name to get "[('no', 'Skolldalen naturreservat')]"
utility_to_osm - WARNING - ssr:stedsnr = 1082362: No priority spelling found for lang = no, using alt_name to get "[('no', 'Vintervegen')]"
utility_to_osm - WARNING - ssr:stedsnr = 1082364: No priority spelling found for lang = no, using alt_name to get "[('no', 'Kvimsen')]"
utility_to_osm - WARNING - ssr:stedsnr = 1082363: No priority spelling found for lang = no, using alt_name to get "[('no', 'Skåka')]"
utility_to_osm - WARNING - ssr:stedsnr = 1082466: No priority spelling found for lang = no, using alt_name to get "[('no', 'Døblervegen')]"
utility_to_osm - WARNING - ssr:stedsnr = 1082479: No priority spelling found for lang = no, using alt_name to get "[('no', 'Raubergvegen')]"
utility_to_osm - WARNING - ssr:stedsnr = 1082447: No priority spelling found for lang = no, using alt_name to get "[('no', 'Allmenningsvegen')]"
utility_to_osm - WARNING - ssr:stedsnr = 1082463: No priority spelling found for lang = no, using alt_name to get "[('no', 'Gammelbakkvegen')]"
