utility_to_osm - ERROR - ERROR, no ending in ssr2_to_osm_data/data/4630/4630-ssr.xml? Trying to re-download
utility_to_osm - WARNING - ssr:stedsnr = 6730 has multiple (2) positions, using the first one!
utility_to_osm - WARNING - ssr:stedsnr = 6977 has multiple (2) positions, using the first one!
utility_to_osm - WARNING - ssr:stedsnr = 66017 has multiple (2) positions, using the first one!
utility_to_osm - WARNING - ssr:stedsnr = 87321: No priority spelling found for lang = no, using alt_name to get "[('no', 'Havrå')]"
utility_to_osm - WARNING - ssr:stedsnr = 248987 has multiple (2) positions, using the first one!
utility_to_osm - WARNING - ssr:stedsnr = 104576: No priority spelling found for lang = no, using alt_name to get "[('no', 'Hesttona')]"
utility_to_osm - ERROR - ssr:stedsnr = 104702. No positions found, skipping
utility_to_osm - WARNING - ssr:stedsnr = 249270 has multiple (2) positions, using the first one!
utility_to_osm - WARNING - ssr:stedsnr = 105481: No priority spelling found for lang = no, using alt_name to get "[('no', 'Storavika')]"
utility_to_osm - WARNING - ssr:stedsnr = 249642 has multiple (7) positions, using the first one!
utility_to_osm - WARNING - ssr:stedsnr = 249723 has multiple (3) positions, using the first one!
utility_to_osm - WARNING - ssr:stedsnr = 127002: No priority spelling found for lang = no, using alt_name to get "[('no', 'Mjelddalen')]"
utility_to_osm - WARNING - ssr:stedsnr = 127002 has multiple (2) positions, using the first one!
utility_to_osm - WARNING - ssr:stedsnr = 127445: No priority spelling found for lang = no, using alt_name to get "[('no', 'Hjellvik')]"
utility_to_osm - WARNING - ssr:stedsnr = 127617 has multiple (2) positions, using the first one!
utility_to_osm - WARNING - ssr:stedsnr = 127757 has multiple (2) positions, using the first one!
utility_to_osm - WARNING - ssr:stedsnr = 127943 has multiple (4) positions, using the first one!
utility_to_osm - WARNING - ssr:stedsnr = 127944 has multiple (2) positions, using the first one!
utility_to_osm - WARNING - ssr:stedsnr = 165318 has multiple (3) positions, using the first one!
utility_to_osm - WARNING - ssr:stedsnr = 166407: No priority spelling found for lang = no, using alt_name to get "[('no', 'Heimvika')]"
utility_to_osm - WARNING - ssr:stedsnr = 187031 has multiple (3) positions, using the first one!
utility_to_osm - WARNING - ssr:stedsnr = 187974 has multiple (2) positions, using the first one!
utility_to_osm - WARNING - ssr:stedsnr = 188611: No priority spelling found for lang = no, using alt_name to get "[('no', 'Herlandssetret')]"
utility_to_osm - WARNING - ssr:stedsnr = 188594 has multiple (2) positions, using the first one!
utility_to_osm - WARNING - ssr:stedsnr = 188936: No priority spelling found for lang = no, using alt_name to get "[('no', 'Kårvika')]"
utility_to_osm - WARNING - ssr:stedsnr = 188954 has multiple (2) positions, using the first one!
utility_to_osm - WARNING - ssr:stedsnr = 188961 has multiple (3) positions, using the first one!
utility_to_osm - WARNING - ssr:stedsnr = 227587 has multiple (2) positions, using the first one!
utility_to_osm - WARNING - ssr:stedsnr = 227819: No priority spelling found for lang = no, using alt_name to get "[('no', 'Kuskjeret')]"
utility_to_osm - WARNING - ssr:stedsnr = 227819 has multiple (2) positions, using the first one!
utility_to_osm - WARNING - ssr:stedsnr = 229012 has multiple (2) positions, using the first one!
utility_to_osm - WARNING - ssr:stedsnr = 449943 has multiple (2) positions, using the first one!
utility_to_osm - WARNING - ssr:stedsnr = 451350: No priority spelling found for lang = no, using alt_name to get "[('no', 'Havrå')]"
utility_to_osm - WARNING - ssr:stedsnr = 248014 has multiple (2) positions, using the first one!
utility_to_osm - WARNING - ssr:stedsnr = 248015: No priority spelling found for lang = no, using alt_name to get "[('no', 'Øvste Mjelda')]"
utility_to_osm - WARNING - ssr:stedsnr = 248016 has multiple (2) positions, using the first one!
utility_to_osm - WARNING - ssr:stedsnr = 248018 has multiple (2) positions, using the first one!
utility_to_osm - WARNING - ssr:stedsnr = 248958 has multiple (2) positions, using the first one!
utility_to_osm - WARNING - ssr:stedsnr = 248968 has multiple (2) positions, using the first one!
utility_to_osm - WARNING - ssr:stedsnr = 263791: No priority spelling found for lang = no, using alt_name to get "[('no', 'Sørfjorden')]"
utility_to_osm - WARNING - ssr:stedsnr = 263791 has multiple (22) positions, using the first one!
utility_to_osm - ERROR - ssr:stedsnr = 287332. No positions found, skipping
utility_to_osm - WARNING - ssr:stedsnr = 287836 has multiple (2) positions, using the first one!
utility_to_osm - WARNING - ssr:stedsnr = 303818 has multiple (2) positions, using the first one!
utility_to_osm - WARNING - ssr:stedsnr = 308009 has multiple (2) positions, using the first one!
utility_to_osm - WARNING - ssr:stedsnr = 309001: No priority spelling found for lang = no, using alt_name to get "[('no', 'Midt-Mjelda')]"
utility_to_osm - WARNING - ssr:stedsnr = 309002: No priority spelling found for lang = no, using alt_name to get "[('no', 'Nedste Mjelda')]"
utility_to_osm - WARNING - ssr:stedsnr = 309581: No priority spelling found for lang = no, using alt_name to get "[('no', 'Herlandsfossen kraftverk')]"
utility_to_osm - WARNING - ssr:stedsnr = 330356: No priority spelling found for lang = no, using alt_name to get "[('no', 'Havrå')]"
utility_to_osm - WARNING - ssr:stedsnr = 330358: No priority spelling found for lang = no, using alt_name to get "[('no', 'Havrå')]"
utility_to_osm - WARNING - ssr:stedsnr = 369377: No priority spelling found for lang = no, using alt_name to get "[('no', 'Osterøy')]"
utility_to_osm - WARNING - ssr:stedsnr = 369979 has multiple (2) positions, using the first one!
utility_to_osm - WARNING - ssr:stedsnr = 370741 has multiple (3) positions, using the first one!
utility_to_osm - WARNING - ssr:stedsnr = 370971 has multiple (2) positions, using the first one!
utility_to_osm - WARNING - ssr:stedsnr = 408835: No priority spelling found for lang = no, using alt_name to get "[('no', 'Geitrheim')]"
utility_to_osm - WARNING - ssr:stedsnr = 409807: No priority spelling found for lang = no, using alt_name to get "[('no', 'Votladalen')]"
utility_to_osm - WARNING - ssr:stedsnr = 490024 has multiple (2) positions, using the first one!
utility_to_osm - WARNING - ssr:stedsnr = 490976 has multiple (2) positions, using the first one!
utility_to_osm - WARNING - ssr:stedsnr = 430001: No priority spelling found for lang = no, using alt_name to get "[('no', 'Mjeldavågen')]"
utility_to_osm - WARNING - ssr:stedsnr = 430956 has multiple (2) positions, using the first one!
utility_to_osm - WARNING - ssr:stedsnr = 430963 has multiple (2) positions, using the first one!
utility_to_osm - WARNING - ssr:stedsnr = 491382 has multiple (2) positions, using the first one!
utility_to_osm - WARNING - ssr:stedsnr = 491952 has multiple (2) positions, using the first one!
utility_to_osm - WARNING - ssr:stedsnr = 491956 has multiple (2) positions, using the first one!
utility_to_osm - WARNING - ssr:stedsnr = 491961: No priority spelling found for lang = no, using alt_name to get "[('no', 'Rødlandsfjellet')]"
utility_to_osm - WARNING - ssr:stedsnr = 491961 has multiple (3) positions, using the first one!
utility_to_osm - WARNING - ssr:stedsnr = 491967 has multiple (2) positions, using the first one!
utility_to_osm - WARNING - ssr:stedsnr = 672994 has multiple (2) positions, using the first one!
utility_to_osm - WARNING - ssr:stedsnr = 673656 has multiple (2) positions, using the first one!
utility_to_osm - WARNING - ssr:stedsnr = 673421: No priority spelling found for lang = no, using alt_name to get "[('no', 'Reigstad')]"
utility_to_osm - WARNING - ssr:stedsnr = 673932 has multiple (2) positions, using the first one!
utility_to_osm - WARNING - ssr:stedsnr = 673945 has multiple (2) positions, using the first one!
utility_to_osm - WARNING - ssr:stedsnr = 673995 has multiple (2) positions, using the first one!
utility_to_osm - WARNING - ssr:stedsnr = 491588: No priority spelling found for lang = no, using alt_name to get "[('no', 'Selvika')]"
utility_to_osm - WARNING - ssr:stedsnr = 491499: No priority spelling found for lang = no, using alt_name to get "[('no', 'Skor')]"
utility_to_osm - WARNING - ssr:stedsnr = 530523: No priority spelling found for lang = no, using alt_name to get "[('no', 'Leikneset')]"
utility_to_osm - WARNING - ssr:stedsnr = 530523 has multiple (2) positions, using the first one!
utility_to_osm - WARNING - ssr:stedsnr = 551012 has multiple (2) positions, using the first one!
utility_to_osm - WARNING - ssr:stedsnr = 551533: No priority spelling found for lang = no, using alt_name to get "[('no', 'Herlandsvatnet')]"
utility_to_osm - WARNING - ssr:stedsnr = 551997 has multiple (2) positions, using the first one!
utility_to_osm - WARNING - ssr:stedsnr = 552620: No priority spelling found for lang = no, using alt_name to get "[('no', 'Herlandsnesjane')]"
utility_to_osm - WARNING - ssr:stedsnr = 552620 has multiple (2) positions, using the first one!
utility_to_osm - WARNING - ssr:stedsnr = 552937 has multiple (2) positions, using the first one!
utility_to_osm - WARNING - ssr:stedsnr = 572348: No priority spelling found for lang = no, using alt_name to get "[('no', 'Havrå')]"
utility_to_osm - WARNING - ssr:stedsnr = 597407 has multiple (2) positions, using the first one!
utility_to_osm - WARNING - ssr:stedsnr = 612284 has multiple (3) positions, using the first one!
utility_to_osm - WARNING - ssr:stedsnr = 613426 has multiple (5) positions, using the first one!
utility_to_osm - WARNING - ssr:stedsnr = 650721: No priority spelling found for lang = no, using alt_name to get "[('no', 'Hestahjellen')]"
utility_to_osm - WARNING - ssr:stedsnr = 651603: No priority spelling found for lang = no, using alt_name to get "[('no', 'Båtaleitshaugen')]"
utility_to_osm - WARNING - ssr:stedsnr = 672025 has multiple (2) positions, using the first one!
utility_to_osm - ERROR - ssr:stedsnr = 673559: Adding multiple names to name tag, this is not OK! name = "Grytså;Grøvelselva"
utility_to_osm - WARNING - ssr:stedsnr = 673559 has multiple (3) positions, using the first one!
utility_to_osm - WARNING - ssr:stedsnr = 673965: No priority spelling found for lang = no, using alt_name to get "[('no', 'Rødland')]"
utility_to_osm - WARNING - ssr:stedsnr = 673966 has multiple (4) positions, using the first one!
utility_to_osm - WARNING - ssr:stedsnr = 674508 has multiple (2) positions, using the first one!
utility_to_osm - WARNING - ssr:stedsnr = 893688: No priority spelling found for lang = no, using alt_name to get "[('no', 'Vevleheiane')]"
utility_to_osm - WARNING - ssr:stedsnr = 894843: No priority spelling found for lang = no, using alt_name to get "[('no', 'Sauvikneset')]"
utility_to_osm - WARNING - ssr:stedsnr = 895398: No priority spelling found for lang = no, using alt_name to get "[('no', 'Smedvika')]"
utility_to_osm - WARNING - ssr:stedsnr = 712802: No priority spelling found for lang = no, using alt_name to get "[('no', 'Reigstadfjellet')]"
utility_to_osm - WARNING - ssr:stedsnr = 718617 has multiple (2) positions, using the first one!
utility_to_osm - WARNING - ssr:stedsnr = 733024 has multiple (2) positions, using the first one!
utility_to_osm - WARNING - ssr:stedsnr = 733965 has multiple (2) positions, using the first one!
utility_to_osm - WARNING - ssr:stedsnr = 733973 has multiple (2) positions, using the first one!
utility_to_osm - WARNING - ssr:stedsnr = 734586: No priority spelling found for lang = no, using alt_name to get "[('no', 'Herland')]"
utility_to_osm - WARNING - ssr:stedsnr = 734742 has multiple (2) positions, using the first one!
utility_to_osm - WARNING - ssr:stedsnr = 773487: No priority spelling found for lang = no, using alt_name to get "[('no', 'Nedsterinden')]"
utility_to_osm - WARNING - ssr:stedsnr = 773487 has multiple (2) positions, using the first one!
utility_to_osm - WARNING - ssr:stedsnr = 794004 has multiple (2) positions, using the first one!
utility_to_osm - WARNING - ssr:stedsnr = 794013 has multiple (3) positions, using the first one!
utility_to_osm - WARNING - ssr:stedsnr = 794019 has multiple (2) positions, using the first one!
utility_to_osm - WARNING - ssr:stedsnr = 794971 has multiple (2) positions, using the first one!
utility_to_osm - WARNING - ssr:stedsnr = 916948 has multiple (2) positions, using the first one!
utility_to_osm - WARNING - ssr:stedsnr = 916994 has multiple (2) positions, using the first one!
utility_to_osm - WARNING - ssr:stedsnr = 916951: No priority spelling found for lang = no, using alt_name to get "[('no', 'Geitabotnen')]"
utility_to_osm - WARNING - ssr:stedsnr = 833290 has multiple (3) positions, using the first one!
utility_to_osm - WARNING - ssr:stedsnr = 855983 has multiple (2) positions, using the first one!
utility_to_osm - WARNING - ssr:stedsnr = 855986 has multiple (2) positions, using the first one!
utility_to_osm - WARNING - ssr:stedsnr = 856536: No priority spelling found for lang = no, using alt_name to get "[('no', 'Ellvika')]"
utility_to_osm - WARNING - ssr:stedsnr = 856594 has multiple (2) positions, using the first one!
utility_to_osm - WARNING - ssr:stedsnr = 876329: No priority spelling found for lang = no, using alt_name to get "[('no', 'Havrå')]"
utility_to_osm - ERROR - ssr:stedsnr = 895766. No positions found, skipping
utility_to_osm - WARNING - ssr:stedsnr = 895770: No priority spelling found for lang = no, using alt_name to get "[('no', 'Geitrheimsholmane')]"
utility_to_osm - WARNING - ssr:stedsnr = 895770 has multiple (4) positions, using the first one!
utility_to_osm - WARNING - ssr:stedsnr = 915969 has multiple (2) positions, using the first one!
utility_to_osm - WARNING - ssr:stedsnr = 915976 has multiple (2) positions, using the first one!
utility_to_osm - WARNING - ssr:stedsnr = 915978 has multiple (2) positions, using the first one!
utility_to_osm - WARNING - ssr:stedsnr = 915984 has multiple (2) positions, using the first one!
utility_to_osm - WARNING - ssr:stedsnr = 916520 has multiple (2) positions, using the first one!
utility_to_osm - WARNING - ssr:stedsnr = 916959 has multiple (2) positions, using the first one!
utility_to_osm - WARNING - ssr:stedsnr = 916962 has multiple (2) positions, using the first one!
utility_to_osm - WARNING - ssr:stedsnr = 955594 has multiple (2) positions, using the first one!
utility_to_osm - WARNING - ssr:stedsnr = 970915: No priority spelling found for lang = no, using alt_name to get "[('no', 'Krossneset')]"
utility_to_osm - ERROR - ssr:stedsnr = 971923. No positions found, skipping
utility_to_osm - ERROR - ssr:stedsnr = 971924. No positions found, skipping
utility_to_osm - WARNING - ssr:stedsnr = 971927: No priority spelling found for lang = no, using alt_name to get "[('no', 'Storkjelda')]"
utility_to_osm - ERROR - ssr:stedsnr = 971927. No positions found, skipping
utility_to_osm - WARNING - ssr:stedsnr = 971928: No priority spelling found for lang = no, using alt_name to get "[('no', 'Godversstykket')]"
utility_to_osm - ERROR - ssr:stedsnr = 971928. No positions found, skipping
utility_to_osm - WARNING - ssr:stedsnr = 971929: No priority spelling found for lang = no, using alt_name to get "[('no', 'Nova')]"
utility_to_osm - ERROR - ssr:stedsnr = 971929. No positions found, skipping
utility_to_osm - WARNING - ssr:stedsnr = 971930: No priority spelling found for lang = no, using alt_name to get "[('no', 'Træshaugledet')]"
utility_to_osm - ERROR - ssr:stedsnr = 971932. No positions found, skipping
utility_to_osm - WARNING - ssr:stedsnr = 5549: No priority spelling found for lang = no, using alt_name to get "[('no', 'Votløyna')]"
utility_to_osm - WARNING - ssr:stedsnr = 5943 has multiple (2) positions, using the first one!
utility_to_osm - WARNING - ssr:stedsnr = 5989 has multiple (2) positions, using the first one!
utility_to_osm - WARNING - ssr:stedsnr = 5990 has multiple (2) positions, using the first one!
utility_to_osm - WARNING - ssr:stedsnr = 6738 has multiple (3) positions, using the first one!
utility_to_osm - WARNING - ssr:stedsnr = 26341: No priority spelling found for lang = no, using alt_name to get "[('no', 'Havrå')]"
utility_to_osm - WARNING - ssr:stedsnr = 26342: No priority spelling found for lang = no, using alt_name to get "[('no', 'Havrå')]"
utility_to_osm - WARNING - ssr:stedsnr = 36383: No priority spelling found for lang = no, using alt_name to get "[('no', 'Votløyna lykt')]"
utility_to_osm - WARNING - ssr:stedsnr = 43517 has multiple (2) positions, using the first one!
utility_to_osm - WARNING - ssr:stedsnr = 43721 has multiple (2) positions, using the first one!
utility_to_osm - ERROR - ssr:stedsnr = 44691. No positions found, skipping
utility_to_osm - WARNING - ssr:stedsnr = 44771: No priority spelling found for lang = no, using alt_name to get "[('no', 'Leikneset')]"
utility_to_osm - WARNING - ssr:stedsnr = 66025 has multiple (3) positions, using the first one!
utility_to_osm - WARNING - ssr:stedsnr = 66953 has multiple (2) positions, using the first one!
utility_to_osm - WARNING - ssr:stedsnr = 66987 has multiple (2) positions, using the first one!
utility_to_osm - WARNING - ssr:stedsnr = 66929 has multiple (2) positions, using the first one!
utility_to_osm - WARNING - ssr:stedsnr = 106521 has multiple (2) positions, using the first one!
utility_to_osm - WARNING - ssr:stedsnr = 108045 has multiple (2) positions, using the first one!
utility_to_osm - WARNING - ssr:stedsnr = 120260: No priority spelling found for lang = no, using alt_name to get "[('no', 'Borgatunnelen')]"
utility_to_osm - ERROR - ssr:stedsnr = 120260. No positions found, skipping
utility_to_osm - WARNING - ssr:stedsnr = 126017 has multiple (2) positions, using the first one!
utility_to_osm - WARNING - ssr:stedsnr = 126029 has multiple (2) positions, using the first one!
utility_to_osm - WARNING - ssr:stedsnr = 127380: No priority spelling found for lang = no, using alt_name to get "[('no', 'Heimvika')]"
utility_to_osm - WARNING - ssr:stedsnr = 127536: No priority spelling found for lang = no, using alt_name to get "[('no', 'Skor')]"
utility_to_osm - WARNING - ssr:stedsnr = 127680 has multiple (3) positions, using the first one!
utility_to_osm - WARNING - ssr:stedsnr = 166539: No priority spelling found for lang = no, using alt_name to get "[('no', 'Herlandsneset')]"
utility_to_osm - WARNING - ssr:stedsnr = 166548: No priority spelling found for lang = no, using alt_name to get "[('no', 'Geitrheimssetret')]"
utility_to_osm - WARNING - ssr:stedsnr = 187011 has multiple (3) positions, using the first one!
utility_to_osm - WARNING - ssr:stedsnr = 187988 has multiple (2) positions, using the first one!
utility_to_osm - WARNING - ssr:stedsnr = 187947 has multiple (2) positions, using the first one!
utility_to_osm - WARNING - ssr:stedsnr = 187964 has multiple (2) positions, using the first one!
utility_to_osm - WARNING - ssr:stedsnr = 188553 has multiple (2) positions, using the first one!
utility_to_osm - WARNING - ssr:stedsnr = 188963 has multiple (2) positions, using the first one!
utility_to_osm - WARNING - ssr:stedsnr = 188965 has multiple (2) positions, using the first one!
utility_to_osm - WARNING - ssr:stedsnr = 203465: No priority spelling found for lang = no, using alt_name to get "[('no', 'Kvisti')]"
utility_to_osm - WARNING - ssr:stedsnr = 208324: No priority spelling found for lang = no, using alt_name to get "[('no', 'Havrå')]"
utility_to_osm - WARNING - ssr:stedsnr = 227748 has multiple (2) positions, using the first one!
utility_to_osm - WARNING - ssr:stedsnr = 227763: No priority spelling found for lang = no, using alt_name to get "[('no', 'Reigstaddalen')]"
utility_to_osm - ERROR - ssr:stedsnr = 286725. No positions found, skipping
utility_to_osm - WARNING - ssr:stedsnr = 287710 has multiple (2) positions, using the first one!
utility_to_osm - WARNING - ssr:stedsnr = 290016 has multiple (2) positions, using the first one!
utility_to_osm - WARNING - ssr:stedsnr = 294552 has multiple (2) positions, using the first one!
utility_to_osm - WARNING - ssr:stedsnr = 309083: No priority spelling found for lang = no, using alt_name to get "[('no', 'Sauvika')]"
utility_to_osm - WARNING - ssr:stedsnr = 309619 has multiple (2) positions, using the first one!
utility_to_osm - WARNING - ssr:stedsnr = 309958 has multiple (2) positions, using the first one!
utility_to_osm - WARNING - ssr:stedsnr = 369009 has multiple (2) positions, using the first one!
utility_to_osm - WARNING - ssr:stedsnr = 369944 has multiple (2) positions, using the first one!
utility_to_osm - WARNING - ssr:stedsnr = 390318: No priority spelling found for lang = no, using alt_name to get "[('no', 'Havrå')]"
utility_to_osm - WARNING - ssr:stedsnr = 409590 has multiple (2) positions, using the first one!
utility_to_osm - WARNING - ssr:stedsnr = 409757: No priority spelling found for lang = no, using alt_name to get "[('no', 'Geitryggen')]"
utility_to_osm - WARNING - ssr:stedsnr = 415452 has multiple (2) positions, using the first one!
utility_to_osm - WARNING - ssr:stedsnr = 430028 has multiple (2) positions, using the first one!
utility_to_osm - WARNING - ssr:stedsnr = 431536 has multiple (3) positions, using the first one!
utility_to_osm - WARNING - ssr:stedsnr = 431551: No priority spelling found for lang = no, using alt_name to get "[('no', 'Søre Reigstad')]"
utility_to_osm - WARNING - ssr:stedsnr = 512336: No priority spelling found for lang = no, using alt_name to get "[('no', 'Havrå')]"
utility_to_osm - ERROR - ssr:stedsnr = 529299: Adding multiple names to name tag, this is not OK! name = "Langevatnet;Langetjørna"
utility_to_osm - WARNING - ssr:stedsnr = 529299 has multiple (4) positions, using the first one!
utility_to_osm - WARNING - ssr:stedsnr = 530807 has multiple (2) positions, using the first one!
utility_to_osm - WARNING - ssr:stedsnr = 530655 has multiple (2) positions, using the first one!
utility_to_osm - WARNING - ssr:stedsnr = 533637: No priority spelling found for lang = no, using alt_name to get "[('no', 'Låstadkletten')]"
utility_to_osm - WARNING - ssr:stedsnr = 545961: No priority spelling found for lang = no, using alt_name to get "[('no', 'Havrå')]"
utility_to_osm - WARNING - ssr:stedsnr = 551035: No priority spelling found for lang = no, using alt_name to get "[('no', 'Havrå')]"
utility_to_osm - WARNING - ssr:stedsnr = 551701 has multiple (2) positions, using the first one!
utility_to_osm - WARNING - ssr:stedsnr = 551927: No priority spelling found for lang = no, using alt_name to get "[('no', 'Geitaryggen')]"
utility_to_osm - WARNING - ssr:stedsnr = 551991 has multiple (2) positions, using the first one!
utility_to_osm - WARNING - ssr:stedsnr = 552751: No priority spelling found for lang = no, using alt_name to get "[('no', 'Meltvika')]"
utility_to_osm - WARNING - ssr:stedsnr = 552755 has multiple (2) positions, using the first one!
utility_to_osm - ERROR - ssr:stedsnr = 570470. No positions found, skipping
utility_to_osm - WARNING - ssr:stedsnr = 589510: No priority spelling found for lang = no, using alt_name to get "[('no', 'Votlavika')]"
utility_to_osm - WARNING - ssr:stedsnr = 596786: No priority spelling found for lang = no, using alt_name to get "[('no', 'Skålvika')]"
utility_to_osm - WARNING - ssr:stedsnr = 596786 has multiple (2) positions, using the first one!
utility_to_osm - WARNING - ssr:stedsnr = 611040: No priority spelling found for lang = no, using alt_name to get "[('no', 'Vemmalvik')]"
utility_to_osm - WARNING - ssr:stedsnr = 612597: No priority spelling found for lang = no, using alt_name to get "[('no', 'Herlandsholmen')]"
utility_to_osm - WARNING - ssr:stedsnr = 612967 has multiple (2) positions, using the first one!
utility_to_osm - WARNING - ssr:stedsnr = 612980 has multiple (3) positions, using the first one!
utility_to_osm - WARNING - ssr:stedsnr = 627466: No priority spelling found for lang = no, using alt_name to get "[('no', 'Kvisti')]"
utility_to_osm - WARNING - ssr:stedsnr = 627466 has multiple (2) positions, using the first one!
utility_to_osm - WARNING - ssr:stedsnr = 651675 has multiple (2) positions, using the first one!
utility_to_osm - WARNING - ssr:stedsnr = 651812: No priority spelling found for lang = no, using alt_name to get "[('no', 'Votlakaien')]"
utility_to_osm - WARNING - ssr:stedsnr = 711302 has multiple (2) positions, using the first one!
utility_to_osm - WARNING - ssr:stedsnr = 712854: No priority spelling found for lang = no, using alt_name to get "[('no', 'Votlo')]"
utility_to_osm - WARNING - ssr:stedsnr = 733030 has multiple (2) positions, using the first one!
utility_to_osm - WARNING - ssr:stedsnr = 733383 has multiple (2) positions, using the first one!
utility_to_osm - WARNING - ssr:stedsnr = 734019 has multiple (2) positions, using the first one!
utility_to_osm - WARNING - ssr:stedsnr = 733959 has multiple (2) positions, using the first one!
utility_to_osm - WARNING - ssr:stedsnr = 734925 has multiple (2) positions, using the first one!
utility_to_osm - WARNING - ssr:stedsnr = 734944 has multiple (2) positions, using the first one!
utility_to_osm - WARNING - ssr:stedsnr = 734947 has multiple (2) positions, using the first one!
utility_to_osm - WARNING - ssr:stedsnr = 734959 has multiple (2) positions, using the first one!
utility_to_osm - WARNING - ssr:stedsnr = 734967 has multiple (2) positions, using the first one!
utility_to_osm - WARNING - ssr:stedsnr = 754379: No priority spelling found for lang = no, using alt_name to get "[('no', 'Havrå')]"
utility_to_osm - WARNING - ssr:stedsnr = 773635: No priority spelling found for lang = no, using alt_name to get "[('no', 'Kjørrgrova')]"
utility_to_osm - WARNING - ssr:stedsnr = 788239: No priority spelling found for lang = no, using alt_name to get "[('no', 'Mjelda')]"
utility_to_osm - WARNING - ssr:stedsnr = 794991 has multiple (2) positions, using the first one!
utility_to_osm - WARNING - ssr:stedsnr = 795102 has multiple (29) positions, using the first one!
utility_to_osm - WARNING - ssr:stedsnr = 794527: No priority spelling found for lang = no, using alt_name to get "[('no', 'Votlatveitane')]"
utility_to_osm - WARNING - ssr:stedsnr = 795524: No priority spelling found for lang = no, using alt_name to get "[('no', 'Reigstadåsen')]"
utility_to_osm - WARNING - ssr:stedsnr = 795695: No priority spelling found for lang = no, using alt_name to get "[('no', 'Smedvika')]"
utility_to_osm - WARNING - ssr:stedsnr = 834391: No priority spelling found for lang = no, using alt_name to get "[('no', 'Herlandselva')]"
utility_to_osm - WARNING - ssr:stedsnr = 834502: No priority spelling found for lang = no, using alt_name to get "[('no', 'Søranipa')]"
utility_to_osm - WARNING - ssr:stedsnr = 834536 has multiple (2) positions, using the first one!
utility_to_osm - WARNING - ssr:stedsnr = 856042: No priority spelling found for lang = no, using alt_name to get "[('no', 'Nordre Reigstad')]"
utility_to_osm - WARNING - ssr:stedsnr = 855963 has multiple (4) positions, using the first one!
utility_to_osm - WARNING - ssr:stedsnr = 855979 has multiple (2) positions, using the first one!
utility_to_osm - WARNING - ssr:stedsnr = 955684 has multiple (2) positions, using the first one!
utility_to_osm - WARNING - ssr:stedsnr = 970332: No priority spelling found for lang = no, using alt_name to get "[('no', 'Båtaleitet')]"
utility_to_osm - WARNING - ssr:stedsnr = 984331: No priority spelling found for lang = no, using alt_name to get "[('no', 'Herlandsfossen')]"
utility_to_osm - ERROR - ssr:stedsnr = 989058. No positions found, skipping
utility_to_osm - WARNING - ssr:stedsnr = 1039686: No priority spelling found for lang = no, using alt_name to get "[('no', 'Neskaivegen')]"
utility_to_osm - ERROR - ssr:stedsnr = 1039686. No positions found, skipping
utility_to_osm - WARNING - ssr:stedsnr = 1039687: No priority spelling found for lang = no, using alt_name to get "[('no', 'Båtaleitet')]"
utility_to_osm - ERROR - ssr:stedsnr = 1039687. No positions found, skipping
utility_to_osm - WARNING - ssr:stedsnr = 1039688: No priority spelling found for lang = no, using alt_name to get "[('no', 'Båtaleitshaugen')]"
utility_to_osm - WARNING - ssr:stedsnr = 1039689: No priority spelling found for lang = no, using alt_name to get "[('no', 'Kvernhusrinden')]"
utility_to_osm - ERROR - ssr:stedsnr = 1039689. No positions found, skipping
utility_to_osm - WARNING - ssr:stedsnr = 1039690: No priority spelling found for lang = no, using alt_name to get "[('no', 'Loftåsrinden')]"
utility_to_osm - ERROR - ssr:stedsnr = 1039690. No positions found, skipping
utility_to_osm - WARNING - ssr:stedsnr = 1039691: No priority spelling found for lang = no, using alt_name to get "[('no', 'Loftåsvegen')]"
utility_to_osm - ERROR - ssr:stedsnr = 1039691. No positions found, skipping
utility_to_osm - WARNING - ssr:stedsnr = 1039692: No priority spelling found for lang = no, using alt_name to get "[('no', 'Loftåslia')]"
utility_to_osm - ERROR - ssr:stedsnr = 1039692. No positions found, skipping
utility_to_osm - WARNING - ssr:stedsnr = 1039693: No priority spelling found for lang = no, using alt_name to get "[('no', 'Maurhaugen')]"
utility_to_osm - ERROR - ssr:stedsnr = 1039693. No positions found, skipping
utility_to_osm - WARNING - ssr:stedsnr = 1039694: No priority spelling found for lang = no, using alt_name to get "[('no', 'Nedsterinden')]"
utility_to_osm - ERROR - ssr:stedsnr = 1039694. No positions found, skipping
utility_to_osm - WARNING - ssr:stedsnr = 1039695: No priority spelling found for lang = no, using alt_name to get "[('no', 'Brakvatnevegen')]"
utility_to_osm - ERROR - ssr:stedsnr = 1039695. No positions found, skipping
utility_to_osm - WARNING - ssr:stedsnr = 1039696: No priority spelling found for lang = no, using alt_name to get "[('no', 'Daltveit')]"
utility_to_osm - ERROR - ssr:stedsnr = 1039696. No positions found, skipping
utility_to_osm - WARNING - ssr:stedsnr = 1039698: No priority spelling found for lang = no, using alt_name to get "[('no', 'Follfotvegen')]"
utility_to_osm - ERROR - ssr:stedsnr = 1039698. No positions found, skipping
utility_to_osm - WARNING - ssr:stedsnr = 1039700: No priority spelling found for lang = no, using alt_name to get "[('no', 'Hansdalsvegen')]"
utility_to_osm - ERROR - ssr:stedsnr = 1039700. No positions found, skipping
utility_to_osm - WARNING - ssr:stedsnr = 1039702: No priority spelling found for lang = no, using alt_name to get "[('no', 'Kleivelandsvegen')]"
utility_to_osm - ERROR - ssr:stedsnr = 1039702. No positions found, skipping
utility_to_osm - WARNING - ssr:stedsnr = 1039636: No priority spelling found for lang = no, using alt_name to get "[('no', 'Skålvikvegen')]"
utility_to_osm - ERROR - ssr:stedsnr = 1039636. No positions found, skipping
utility_to_osm - WARNING - ssr:stedsnr = 1039637: No priority spelling found for lang = no, using alt_name to get "[('no', 'Sundlandsvegen')]"
utility_to_osm - ERROR - ssr:stedsnr = 1039637. No positions found, skipping
utility_to_osm - WARNING - ssr:stedsnr = 1039638: No priority spelling found for lang = no, using alt_name to get "[('no', 'Nedre Verkane')]"
utility_to_osm - ERROR - ssr:stedsnr = 1039638. No positions found, skipping
utility_to_osm - WARNING - ssr:stedsnr = 1039639: No priority spelling found for lang = no, using alt_name to get "[('no', 'Åsheimbrekkene')]"
utility_to_osm - ERROR - ssr:stedsnr = 1039639. No positions found, skipping
utility_to_osm - WARNING - ssr:stedsnr = 1039640: No priority spelling found for lang = no, using alt_name to get "[('no', 'Skipahjellen')]"
utility_to_osm - ERROR - ssr:stedsnr = 1039640. No positions found, skipping
utility_to_osm - WARNING - ssr:stedsnr = 1039641: No priority spelling found for lang = no, using alt_name to get "[('no', 'Leiknesflaten')]"
utility_to_osm - ERROR - ssr:stedsnr = 1039641. No positions found, skipping
utility_to_osm - WARNING - ssr:stedsnr = 1039642: No priority spelling found for lang = no, using alt_name to get "[('no', 'Haus')]"
utility_to_osm - ERROR - ssr:stedsnr = 1039642. No positions found, skipping
utility_to_osm - WARNING - ssr:stedsnr = 1039643: No priority spelling found for lang = no, using alt_name to get "[('no', 'Træstallvegen')]"
utility_to_osm - ERROR - ssr:stedsnr = 1039643. No positions found, skipping
utility_to_osm - WARNING - ssr:stedsnr = 1039644: No priority spelling found for lang = no, using alt_name to get "[('no', 'Austadvegen')]"
utility_to_osm - ERROR - ssr:stedsnr = 1039644. No positions found, skipping
utility_to_osm - WARNING - ssr:stedsnr = 1039645: No priority spelling found for lang = no, using alt_name to get "[('no', 'Krossåsen')]"
utility_to_osm - ERROR - ssr:stedsnr = 1039645. No positions found, skipping
utility_to_osm - WARNING - ssr:stedsnr = 1039646: No priority spelling found for lang = no, using alt_name to get "[('no', 'Drangevågen')]"
utility_to_osm - WARNING - ssr:stedsnr = 1039647: No priority spelling found for lang = no, using alt_name to get "[('no', 'Askeland')]"
utility_to_osm - ERROR - ssr:stedsnr = 1039647. No positions found, skipping
utility_to_osm - WARNING - ssr:stedsnr = 1039649: No priority spelling found for lang = no, using alt_name to get "[('no', 'Austre Kleppsvegen')]"
utility_to_osm - ERROR - ssr:stedsnr = 1039649. No positions found, skipping
utility_to_osm - WARNING - ssr:stedsnr = 1039650: No priority spelling found for lang = no, using alt_name to get "[('no', 'Bysheimkleivane')]"
utility_to_osm - ERROR - ssr:stedsnr = 1039650. No positions found, skipping
utility_to_osm - WARNING - ssr:stedsnr = 1039651: No priority spelling found for lang = no, using alt_name to get "[('no', 'Hanstveitvegen')]"
utility_to_osm - ERROR - ssr:stedsnr = 1039651. No positions found, skipping
utility_to_osm - WARNING - ssr:stedsnr = 1039652: No priority spelling found for lang = no, using alt_name to get "[('no', 'Smøyatunvegen')]"
utility_to_osm - ERROR - ssr:stedsnr = 1039652. No positions found, skipping
utility_to_osm - WARNING - ssr:stedsnr = 1039653: No priority spelling found for lang = no, using alt_name to get "[('no', 'Askjelneset')]"
utility_to_osm - WARNING - ssr:stedsnr = 1039654: No priority spelling found for lang = no, using alt_name to get "[('no', 'Lonevågen')]"
utility_to_osm - ERROR - ssr:stedsnr = 1039654. No positions found, skipping
utility_to_osm - WARNING - ssr:stedsnr = 1039656: No priority spelling found for lang = no, using alt_name to get "[('no', 'Geitaryggen')]"
utility_to_osm - ERROR - ssr:stedsnr = 1039656. No positions found, skipping
utility_to_osm - WARNING - ssr:stedsnr = 1039657: No priority spelling found for lang = no, using alt_name to get "[('no', 'Rødlandshaugen')]"
utility_to_osm - ERROR - ssr:stedsnr = 1039657. No positions found, skipping
utility_to_osm - WARNING - ssr:stedsnr = 1039658: No priority spelling found for lang = no, using alt_name to get "[('no', 'Rødlandsflaten')]"
utility_to_osm - ERROR - ssr:stedsnr = 1039658. No positions found, skipping
utility_to_osm - WARNING - ssr:stedsnr = 1039659: No priority spelling found for lang = no, using alt_name to get "[('no', 'Vikno')]"
utility_to_osm - ERROR - ssr:stedsnr = 1039659. No positions found, skipping
utility_to_osm - WARNING - ssr:stedsnr = 1039660: No priority spelling found for lang = no, using alt_name to get "[('no', 'Mjeldavegen')]"
utility_to_osm - ERROR - ssr:stedsnr = 1039660. No positions found, skipping
utility_to_osm - WARNING - ssr:stedsnr = 1039661: No priority spelling found for lang = no, using alt_name to get "[('no', 'Skaftådalen')]"
utility_to_osm - WARNING - ssr:stedsnr = 1039662: No priority spelling found for lang = no, using alt_name to get "[('no', 'Hartveitmarka')]"
utility_to_osm - WARNING - ssr:stedsnr = 1039635: No priority spelling found for lang = no, using alt_name to get "[('no', 'Leiknesfjøra')]"
utility_to_osm - ERROR - ssr:stedsnr = 1039635. No positions found, skipping
utility_to_osm - WARNING - ssr:stedsnr = 1039663: No priority spelling found for lang = no, using alt_name to get "[('no', 'Heimvika')]"
utility_to_osm - WARNING - ssr:stedsnr = 1039664: No priority spelling found for lang = no, using alt_name to get "[('no', 'Kjørrgrova')]"
utility_to_osm - ERROR - ssr:stedsnr = 1039664. No positions found, skipping
utility_to_osm - WARNING - ssr:stedsnr = 1039666: No priority spelling found for lang = no, using alt_name to get "[('no', 'Vågavegen')]"
utility_to_osm - ERROR - ssr:stedsnr = 1039666. No positions found, skipping
utility_to_osm - WARNING - ssr:stedsnr = 1039667: No priority spelling found for lang = no, using alt_name to get "[('no', 'Lonaneset')]"
utility_to_osm - ERROR - ssr:stedsnr = 1039667. No positions found, skipping
utility_to_osm - WARNING - ssr:stedsnr = 1039668: No priority spelling found for lang = no, using alt_name to get "[('no', 'Olsnesøyna')]"
utility_to_osm - ERROR - ssr:stedsnr = 1039668. No positions found, skipping
utility_to_osm - WARNING - ssr:stedsnr = 1039669: No priority spelling found for lang = no, using alt_name to get "[('no', 'Framigarden')]"
utility_to_osm - ERROR - ssr:stedsnr = 1039669. No positions found, skipping
utility_to_osm - WARNING - ssr:stedsnr = 1039670: No priority spelling found for lang = no, using alt_name to get "[('no', 'Vevlevegen')]"
utility_to_osm - ERROR - ssr:stedsnr = 1039670. No positions found, skipping
utility_to_osm - WARNING - ssr:stedsnr = 1039672: No priority spelling found for lang = no, using alt_name to get "[('no', 'Haugo')]"
utility_to_osm - ERROR - ssr:stedsnr = 1039672. No positions found, skipping
utility_to_osm - WARNING - ssr:stedsnr = 1039674: No priority spelling found for lang = no, using alt_name to get "[('no', 'Kårvika')]"
utility_to_osm - ERROR - ssr:stedsnr = 1039674. No positions found, skipping
utility_to_osm - WARNING - ssr:stedsnr = 1039675: No priority spelling found for lang = no, using alt_name to get "[('no', 'Bruleitevegen')]"
utility_to_osm - ERROR - ssr:stedsnr = 1039675. No positions found, skipping
utility_to_osm - WARNING - ssr:stedsnr = 1039676: No priority spelling found for lang = no, using alt_name to get "[('no', 'Geitåna')]"
utility_to_osm - ERROR - ssr:stedsnr = 1039676. No positions found, skipping
utility_to_osm - WARNING - ssr:stedsnr = 1039678: No priority spelling found for lang = no, using alt_name to get "[('no', 'Sluppatjørna')]"
utility_to_osm - ERROR - ssr:stedsnr = 1039678. No positions found, skipping
utility_to_osm - WARNING - ssr:stedsnr = 1039680: No priority spelling found for lang = no, using alt_name to get "[('no', 'Solbjørgsdalen')]"
utility_to_osm - ERROR - ssr:stedsnr = 1039680. No positions found, skipping
utility_to_osm - WARNING - ssr:stedsnr = 1039682: No priority spelling found for lang = no, using alt_name to get "[('no', 'Blomdalsvegen')]"
utility_to_osm - ERROR - ssr:stedsnr = 1039682. No positions found, skipping
utility_to_osm - WARNING - ssr:stedsnr = 1039684: No priority spelling found for lang = no, using alt_name to get "[('no', 'Olsnesvegen')]"
utility_to_osm - ERROR - ssr:stedsnr = 1039684. No positions found, skipping
utility_to_osm - WARNING - ssr:stedsnr = 1039736: No priority spelling found for lang = no, using alt_name to get "[('no', 'Oldrane')]"
utility_to_osm - ERROR - ssr:stedsnr = 1039736. No positions found, skipping
utility_to_osm - WARNING - ssr:stedsnr = 1039737: No priority spelling found for lang = no, using alt_name to get "[('no', 'Hammarsdalen')]"
utility_to_osm - ERROR - ssr:stedsnr = 1039737. No positions found, skipping
utility_to_osm - WARNING - ssr:stedsnr = 1039738: No priority spelling found for lang = no, using alt_name to get "[('no', 'Raknesvågen')]"
utility_to_osm - ERROR - ssr:stedsnr = 1039738. No positions found, skipping
utility_to_osm - WARNING - ssr:stedsnr = 1039739: No priority spelling found for lang = no, using alt_name to get "[('no', 'Lammanesvegen')]"
utility_to_osm - ERROR - ssr:stedsnr = 1039739. No positions found, skipping
utility_to_osm - WARNING - ssr:stedsnr = 1039740: No priority spelling found for lang = no, using alt_name to get "[('no', 'Byrkjelandsvegen')]"
utility_to_osm - ERROR - ssr:stedsnr = 1039740. No positions found, skipping
utility_to_osm - WARNING - ssr:stedsnr = 1039741: No priority spelling found for lang = no, using alt_name to get "[('no', 'Hjellvikåsen')]"
utility_to_osm - ERROR - ssr:stedsnr = 1039741. No positions found, skipping
utility_to_osm - WARNING - ssr:stedsnr = 1039744: No priority spelling found for lang = no, using alt_name to get "[('no', 'Bruvikdalsvegen')]"
utility_to_osm - ERROR - ssr:stedsnr = 1039744. No positions found, skipping
utility_to_osm - WARNING - ssr:stedsnr = 1039748: No priority spelling found for lang = no, using alt_name to get "[('no', 'Votlavegen')]"
utility_to_osm - ERROR - ssr:stedsnr = 1039748. No positions found, skipping
utility_to_osm - WARNING - ssr:stedsnr = 1039750: No priority spelling found for lang = no, using alt_name to get "[('no', 'Mjelddalen')]"
utility_to_osm - ERROR - ssr:stedsnr = 1039750. No positions found, skipping
utility_to_osm - WARNING - ssr:stedsnr = 1039751: No priority spelling found for lang = no, using alt_name to get "[('no', 'Bruvikvegen')]"
utility_to_osm - ERROR - ssr:stedsnr = 1039751. No positions found, skipping
utility_to_osm - WARNING - ssr:stedsnr = 1039753: No priority spelling found for lang = no, using alt_name to get "[('no', 'Hausvegen')]"
utility_to_osm - ERROR - ssr:stedsnr = 1039753. No positions found, skipping
utility_to_osm - WARNING - ssr:stedsnr = 1039761: No priority spelling found for lang = no, using alt_name to get "[('no', 'Sandane')]"
utility_to_osm - ERROR - ssr:stedsnr = 1039761. No positions found, skipping
utility_to_osm - WARNING - ssr:stedsnr = 1039762: No priority spelling found for lang = no, using alt_name to get "[('no', 'Raknesvegen')]"
utility_to_osm - ERROR - ssr:stedsnr = 1039762. No positions found, skipping
utility_to_osm - WARNING - ssr:stedsnr = 1039764: No priority spelling found for lang = no, using alt_name to get "[('no', 'Hamrenesvegen')]"
utility_to_osm - ERROR - ssr:stedsnr = 1039764. No positions found, skipping
utility_to_osm - WARNING - ssr:stedsnr = 1039766: No priority spelling found for lang = no, using alt_name to get "[('no', 'Hjellvikvegen')]"
utility_to_osm - ERROR - ssr:stedsnr = 1039766. No positions found, skipping
utility_to_osm - WARNING - ssr:stedsnr = 1039767: No priority spelling found for lang = no, using alt_name to get "[('no', 'Bernes')]"
utility_to_osm - ERROR - ssr:stedsnr = 1039767. No positions found, skipping
utility_to_osm - WARNING - ssr:stedsnr = 1039768: No priority spelling found for lang = no, using alt_name to get "[('no', 'Osvassvegen')]"
utility_to_osm - ERROR - ssr:stedsnr = 1039768. No positions found, skipping
utility_to_osm - WARNING - ssr:stedsnr = 1039769: No priority spelling found for lang = no, using alt_name to get "[('no', 'Bernesvika')]"
utility_to_osm - ERROR - ssr:stedsnr = 1039769. No positions found, skipping
utility_to_osm - WARNING - ssr:stedsnr = 1039772: No priority spelling found for lang = no, using alt_name to get "[('no', 'Osterøyvegen')]"
utility_to_osm - ERROR - ssr:stedsnr = 1039772. No positions found, skipping
utility_to_osm - WARNING - ssr:stedsnr = 1039774: No priority spelling found for lang = no, using alt_name to get "[('no', 'Valestrandsvegen')]"
utility_to_osm - ERROR - ssr:stedsnr = 1039774. No positions found, skipping
utility_to_osm - WARNING - ssr:stedsnr = 1039776: No priority spelling found for lang = no, using alt_name to get "[('no', 'Revheimsvegen')]"
utility_to_osm - ERROR - ssr:stedsnr = 1039776. No positions found, skipping
utility_to_osm - WARNING - ssr:stedsnr = 1039778: No priority spelling found for lang = no, using alt_name to get "[('no', 'Bernesvegen')]"
utility_to_osm - ERROR - ssr:stedsnr = 1039778. No positions found, skipping
utility_to_osm - WARNING - ssr:stedsnr = 1039780: No priority spelling found for lang = no, using alt_name to get "[('no', 'Fotlandsvegen')]"
utility_to_osm - ERROR - ssr:stedsnr = 1039780. No positions found, skipping
utility_to_osm - WARNING - ssr:stedsnr = 1039782: No priority spelling found for lang = no, using alt_name to get "[('no', 'Gjerstadvegen')]"
utility_to_osm - ERROR - ssr:stedsnr = 1039782. No positions found, skipping
utility_to_osm - WARNING - ssr:stedsnr = 1039783: No priority spelling found for lang = no, using alt_name to get "[('no', 'Fjellskålnesvegen')]"
utility_to_osm - ERROR - ssr:stedsnr = 1039783. No positions found, skipping
utility_to_osm - WARNING - ssr:stedsnr = 1039785: No priority spelling found for lang = no, using alt_name to get "[('no', 'Fjellskål')]"
utility_to_osm - ERROR - ssr:stedsnr = 1039785. No positions found, skipping
utility_to_osm - WARNING - ssr:stedsnr = 1039704: No priority spelling found for lang = no, using alt_name to get "[('no', 'Klubbelivegen')]"
utility_to_osm - ERROR - ssr:stedsnr = 1039704. No positions found, skipping
utility_to_osm - WARNING - ssr:stedsnr = 1039706: No priority spelling found for lang = no, using alt_name to get "[('no', 'Burkelandsvegen')]"
utility_to_osm - ERROR - ssr:stedsnr = 1039706. No positions found, skipping
utility_to_osm - WARNING - ssr:stedsnr = 1039707: No priority spelling found for lang = no, using alt_name to get "[('no', 'Hodlebrautsvegen')]"
utility_to_osm - ERROR - ssr:stedsnr = 1039707. No positions found, skipping
utility_to_osm - WARNING - ssr:stedsnr = 1039709: No priority spelling found for lang = no, using alt_name to get "[('no', 'Osterøytunet')]"
utility_to_osm - ERROR - ssr:stedsnr = 1039709. No positions found, skipping
utility_to_osm - WARNING - ssr:stedsnr = 1039711: No priority spelling found for lang = no, using alt_name to get "[('no', 'Eidsbrekka')]"
utility_to_osm - ERROR - ssr:stedsnr = 1039711. No positions found, skipping
utility_to_osm - WARNING - ssr:stedsnr = 1039712: No priority spelling found for lang = no, using alt_name to get "[('no', 'Lerkhaugen')]"
utility_to_osm - ERROR - ssr:stedsnr = 1039712. No positions found, skipping
utility_to_osm - WARNING - ssr:stedsnr = 1039713: No priority spelling found for lang = no, using alt_name to get "[('no', 'Eide')]"
utility_to_osm - ERROR - ssr:stedsnr = 1039713. No positions found, skipping
utility_to_osm - WARNING - ssr:stedsnr = 1039714: No priority spelling found for lang = no, using alt_name to get "[('no', 'Eidsgotene')]"
utility_to_osm - ERROR - ssr:stedsnr = 1039714. No positions found, skipping
utility_to_osm - WARNING - ssr:stedsnr = 1039715: No priority spelling found for lang = no, using alt_name to get "[('no', 'Eikeland')]"
utility_to_osm - ERROR - ssr:stedsnr = 1039715. No positions found, skipping
utility_to_osm - WARNING - ssr:stedsnr = 1039716: No priority spelling found for lang = no, using alt_name to get "[('no', 'Prestabakken')]"
utility_to_osm - ERROR - ssr:stedsnr = 1039716. No positions found, skipping
utility_to_osm - WARNING - ssr:stedsnr = 1039717: No priority spelling found for lang = no, using alt_name to get "[('no', 'Skorahaugane')]"
utility_to_osm - ERROR - ssr:stedsnr = 1039717. No positions found, skipping
utility_to_osm - WARNING - ssr:stedsnr = 1039718: No priority spelling found for lang = no, using alt_name to get "[('no', 'Skoravegen')]"
utility_to_osm - ERROR - ssr:stedsnr = 1039718. No positions found, skipping
utility_to_osm - WARNING - ssr:stedsnr = 1039719: No priority spelling found for lang = no, using alt_name to get "[('no', 'Reigstadåsen')]"
utility_to_osm - ERROR - ssr:stedsnr = 1039719. No positions found, skipping
utility_to_osm - WARNING - ssr:stedsnr = 1039720: No priority spelling found for lang = no, using alt_name to get "[('no', 'Åsen')]"
utility_to_osm - ERROR - ssr:stedsnr = 1039720. No positions found, skipping
utility_to_osm - WARNING - ssr:stedsnr = 1039721: No priority spelling found for lang = no, using alt_name to get "[('no', 'Vardalsvegen')]"
utility_to_osm - ERROR - ssr:stedsnr = 1039721. No positions found, skipping
utility_to_osm - WARNING - ssr:stedsnr = 1039722: No priority spelling found for lang = no, using alt_name to get "[('no', 'Bullaåsen')]"
utility_to_osm - ERROR - ssr:stedsnr = 1039722. No positions found, skipping
utility_to_osm - WARNING - ssr:stedsnr = 1039723: No priority spelling found for lang = no, using alt_name to get "[('no', 'Bullavegen')]"
utility_to_osm - ERROR - ssr:stedsnr = 1039723. No positions found, skipping
utility_to_osm - WARNING - ssr:stedsnr = 1039724: No priority spelling found for lang = no, using alt_name to get "[('no', 'Eidsbakkane')]"
utility_to_osm - ERROR - ssr:stedsnr = 1039724. No positions found, skipping
utility_to_osm - WARNING - ssr:stedsnr = 1039725: No priority spelling found for lang = no, using alt_name to get "[('no', 'Reigstadflaten')]"
utility_to_osm - ERROR - ssr:stedsnr = 1039725. No positions found, skipping
utility_to_osm - WARNING - ssr:stedsnr = 1039726: No priority spelling found for lang = no, using alt_name to get "[('no', 'Reigstadvegen')]"
utility_to_osm - ERROR - ssr:stedsnr = 1039726. No positions found, skipping
utility_to_osm - WARNING - ssr:stedsnr = 1039727: No priority spelling found for lang = no, using alt_name to get "[('no', 'Raknes')]"
utility_to_osm - ERROR - ssr:stedsnr = 1039727. No positions found, skipping
utility_to_osm - WARNING - ssr:stedsnr = 1039728: No priority spelling found for lang = no, using alt_name to get "[('no', 'Børtveit')]"
utility_to_osm - ERROR - ssr:stedsnr = 1039728. No positions found, skipping
utility_to_osm - WARNING - ssr:stedsnr = 1039729: No priority spelling found for lang = no, using alt_name to get "[('no', 'Eldsnesvegen')]"
utility_to_osm - ERROR - ssr:stedsnr = 1039729. No positions found, skipping
utility_to_osm - WARNING - ssr:stedsnr = 1039730: No priority spelling found for lang = no, using alt_name to get "[('no', 'Steinanesvegen')]"
utility_to_osm - ERROR - ssr:stedsnr = 1039730. No positions found, skipping
utility_to_osm - WARNING - ssr:stedsnr = 1039731: No priority spelling found for lang = no, using alt_name to get "[('no', 'Vedavegen')]"
utility_to_osm - ERROR - ssr:stedsnr = 1039731. No positions found, skipping
utility_to_osm - WARNING - ssr:stedsnr = 1039732: No priority spelling found for lang = no, using alt_name to get "[('no', 'Borgo')]"
utility_to_osm - ERROR - ssr:stedsnr = 1039732. No positions found, skipping
utility_to_osm - WARNING - ssr:stedsnr = 1039733: No priority spelling found for lang = no, using alt_name to get "[('no', 'Gjerstad')]"
utility_to_osm - ERROR - ssr:stedsnr = 1039733. No positions found, skipping
utility_to_osm - WARNING - ssr:stedsnr = 1039734: No priority spelling found for lang = no, using alt_name to get "[('no', 'Kalvtrævegen')]"
utility_to_osm - ERROR - ssr:stedsnr = 1039734. No positions found, skipping
utility_to_osm - WARNING - ssr:stedsnr = 1039735: No priority spelling found for lang = no, using alt_name to get "[('no', 'Horsåsvegen')]"
utility_to_osm - ERROR - ssr:stedsnr = 1039735. No positions found, skipping
utility_to_osm - WARNING - ssr:stedsnr = 1039786: No priority spelling found for lang = no, using alt_name to get "[('no', 'Hoshovde')]"
utility_to_osm - ERROR - ssr:stedsnr = 1039786. No positions found, skipping
utility_to_osm - WARNING - ssr:stedsnr = 1039787: No priority spelling found for lang = no, using alt_name to get "[('no', 'Litland')]"
utility_to_osm - ERROR - ssr:stedsnr = 1039787. No positions found, skipping
utility_to_osm - WARNING - ssr:stedsnr = 1039788: No priority spelling found for lang = no, using alt_name to get "[('no', 'Bysheim')]"
utility_to_osm - ERROR - ssr:stedsnr = 1039788. No positions found, skipping
utility_to_osm - WARNING - ssr:stedsnr = 1039789: No priority spelling found for lang = no, using alt_name to get "[('no', 'Røsslandsvegen')]"
utility_to_osm - ERROR - ssr:stedsnr = 1039789. No positions found, skipping
utility_to_osm - WARNING - ssr:stedsnr = 1039790: No priority spelling found for lang = no, using alt_name to get "[('no', 'Hanstveitmyra')]"
utility_to_osm - ERROR - ssr:stedsnr = 1039790. No positions found, skipping
utility_to_osm - WARNING - ssr:stedsnr = 1039791: No priority spelling found for lang = no, using alt_name to get "[('no', 'Straumane')]"
utility_to_osm - ERROR - ssr:stedsnr = 1039791. No positions found, skipping
utility_to_osm - WARNING - ssr:stedsnr = 1039793: No priority spelling found for lang = no, using alt_name to get "[('no', 'Knuthaugsvegen')]"
utility_to_osm - ERROR - ssr:stedsnr = 1039793. No positions found, skipping
utility_to_osm - WARNING - ssr:stedsnr = 1039794: No priority spelling found for lang = no, using alt_name to get "[('no', 'Stormyrsvegen')]"
utility_to_osm - ERROR - ssr:stedsnr = 1039794. No positions found, skipping
utility_to_osm - WARNING - ssr:stedsnr = 1039795: No priority spelling found for lang = no, using alt_name to get "[('no', 'Varevegen')]"
utility_to_osm - ERROR - ssr:stedsnr = 1039795. No positions found, skipping
utility_to_osm - WARNING - ssr:stedsnr = 1039797: No priority spelling found for lang = no, using alt_name to get "[('no', 'Gatland')]"
utility_to_osm - ERROR - ssr:stedsnr = 1039797. No positions found, skipping
utility_to_osm - WARNING - ssr:stedsnr = 1039798: No priority spelling found for lang = no, using alt_name to get "[('no', 'Vestre Kleppsvegen')]"
utility_to_osm - ERROR - ssr:stedsnr = 1039798. No positions found, skipping
utility_to_osm - WARNING - ssr:stedsnr = 1039799: No priority spelling found for lang = no, using alt_name to get "[('no', 'Herlandsfossen')]"
utility_to_osm - ERROR - ssr:stedsnr = 1039799. No positions found, skipping
utility_to_osm - WARNING - ssr:stedsnr = 1039800: No priority spelling found for lang = no, using alt_name to get "[('no', 'Rambergsstølen')]"
utility_to_osm - ERROR - ssr:stedsnr = 1039800. No positions found, skipping
utility_to_osm - WARNING - ssr:stedsnr = 1039801: No priority spelling found for lang = no, using alt_name to get "[('no', 'Rambergsbrekka')]"
utility_to_osm - ERROR - ssr:stedsnr = 1039801. No positions found, skipping
utility_to_osm - WARNING - ssr:stedsnr = 1039803: No priority spelling found for lang = no, using alt_name to get "[('no', 'Njåstadvegen')]"
utility_to_osm - ERROR - ssr:stedsnr = 1039803. No positions found, skipping
utility_to_osm - WARNING - ssr:stedsnr = 1039805: No priority spelling found for lang = no, using alt_name to get "[('no', 'Rambergsvegen')]"
utility_to_osm - ERROR - ssr:stedsnr = 1039805. No positions found, skipping
utility_to_osm - WARNING - ssr:stedsnr = 1039806: No priority spelling found for lang = no, using alt_name to get "[('no', 'Rymleheia')]"
utility_to_osm - ERROR - ssr:stedsnr = 1039806. No positions found, skipping
utility_to_osm - WARNING - ssr:stedsnr = 1039808: No priority spelling found for lang = no, using alt_name to get "[('no', 'Solbjørg')]"
utility_to_osm - ERROR - ssr:stedsnr = 1039808. No positions found, skipping
utility_to_osm - WARNING - ssr:stedsnr = 1039810: No priority spelling found for lang = no, using alt_name to get "[('no', 'Hagebøvegen')]"
utility_to_osm - ERROR - ssr:stedsnr = 1039810. No positions found, skipping
utility_to_osm - WARNING - ssr:stedsnr = 1039812: No priority spelling found for lang = no, using alt_name to get "[('no', 'Hovdavegen')]"
utility_to_osm - ERROR - ssr:stedsnr = 1039812. No positions found, skipping
utility_to_osm - WARNING - ssr:stedsnr = 1039814: No priority spelling found for lang = no, using alt_name to get "[('no', 'Kossdalsvegen')]"
utility_to_osm - ERROR - ssr:stedsnr = 1039814. No positions found, skipping
utility_to_osm - WARNING - ssr:stedsnr = 1039816: No priority spelling found for lang = no, using alt_name to get "[('no', 'Åsgardane')]"
utility_to_osm - ERROR - ssr:stedsnr = 1039816. No positions found, skipping
utility_to_osm - WARNING - ssr:stedsnr = 1039817: No priority spelling found for lang = no, using alt_name to get "[('no', 'Øvsthusvegen')]"
utility_to_osm - ERROR - ssr:stedsnr = 1039817. No positions found, skipping
utility_to_osm - WARNING - ssr:stedsnr = 1039818: No priority spelling found for lang = no, using alt_name to get "[('no', 'Tveitavegen')]"
utility_to_osm - ERROR - ssr:stedsnr = 1039818. No positions found, skipping
utility_to_osm - WARNING - ssr:stedsnr = 1039819: No priority spelling found for lang = no, using alt_name to get "[('no', 'Langelandsvegen')]"
utility_to_osm - ERROR - ssr:stedsnr = 1039819. No positions found, skipping
utility_to_osm - WARNING - ssr:stedsnr = 1039820: No priority spelling found for lang = no, using alt_name to get "[('no', 'Svenheimsvegen')]"
utility_to_osm - ERROR - ssr:stedsnr = 1039820. No positions found, skipping
utility_to_osm - WARNING - ssr:stedsnr = 1039821: No priority spelling found for lang = no, using alt_name to get "[('no', 'Selvika')]"
utility_to_osm - ERROR - ssr:stedsnr = 1039821. No positions found, skipping
utility_to_osm - WARNING - ssr:stedsnr = 1039822: No priority spelling found for lang = no, using alt_name to get "[('no', 'Kalleklauvvegen')]"
utility_to_osm - ERROR - ssr:stedsnr = 1039822. No positions found, skipping
utility_to_osm - ERROR - ssr:stedsnr = 1072355. No positions found, skipping
utility_to_osm - WARNING - ssr:stedsnr = 1073515: No priority spelling found for lang = no, using alt_name to get "[('no', 'Vevleheiane')]"
utility_to_osm - ERROR - ssr:stedsnr = 1073515. No positions found, skipping
utility_to_osm - WARNING - ssr:stedsnr = 1074408: No priority spelling found for lang = no, using alt_name to get "[('no', 'Vestland fylke')]"
utility_to_osm - ERROR - ssr:stedsnr = 1079363. No positions found, skipping
