utility_to_osm - WARNING - ssr:stedsnr = 548 has multiple (2) positions, using the first one!
utility_to_osm - WARNING - ssr:stedsnr = 551 has multiple (2) positions, using the first one!
utility_to_osm - WARNING - ssr:stedsnr = 552 has multiple (2) positions, using the first one!
utility_to_osm - WARNING - ssr:stedsnr = 257 has multiple (2) positions, using the first one!
utility_to_osm - WARNING - ssr:stedsnr = 259 has multiple (2) positions, using the first one!
utility_to_osm - WARNING - ssr:stedsnr = 1206 has multiple (2) positions, using the first one!
utility_to_osm - WARNING - ssr:stedsnr = 1739 has multiple (3) positions, using the first one!
utility_to_osm - WARNING - ssr:stedsnr = 1680 has multiple (9) positions, using the first one!
utility_to_osm - WARNING - ssr:stedsnr = 1682 has multiple (2) positions, using the first one!
utility_to_osm - WARNING - ssr:stedsnr = 1690 has multiple (3) positions, using the first one!
utility_to_osm - WARNING - ssr:stedsnr = 2533 has multiple (3) positions, using the first one!
utility_to_osm - WARNING - ssr:stedsnr = 2536 has multiple (2) positions, using the first one!
utility_to_osm - WARNING - ssr:stedsnr = 20937: No priority spelling found for lang = no, using alt_name to get "[('no', 'Kalstad')]"
utility_to_osm - WARNING - ssr:stedsnr = 20937 has multiple (2) positions, using the first one!
utility_to_osm - WARNING - ssr:stedsnr = 23342 has multiple (2) positions, using the first one!
utility_to_osm - WARNING - ssr:stedsnr = 24536 has multiple (5) positions, using the first one!
utility_to_osm - WARNING - ssr:stedsnr = 24692 has multiple (2) positions, using the first one!
utility_to_osm - WARNING - ssr:stedsnr = 25690 has multiple (2) positions, using the first one!
utility_to_osm - WARNING - ssr:stedsnr = 25691 has multiple (2) positions, using the first one!
utility_to_osm - WARNING - ssr:stedsnr = 29502 has multiple (2) positions, using the first one!
utility_to_osm - WARNING - ssr:stedsnr = 40017 has multiple (6) positions, using the first one!
utility_to_osm - WARNING - ssr:stedsnr = 60415: No priority spelling found for lang = no, using alt_name to get "[('no', 'Rugbråtveien')]"
utility_to_osm - ERROR - ssr:stedsnr = 60415. No positions found, skipping
utility_to_osm - WARNING - ssr:stedsnr = 60371: No priority spelling found for lang = no, using alt_name to get "[('no', 'Hullvann')]"
utility_to_osm - WARNING - ssr:stedsnr = 61616 has multiple (2) positions, using the first one!
utility_to_osm - WARNING - ssr:stedsnr = 61503 has multiple (2) positions, using the first one!
utility_to_osm - WARNING - ssr:stedsnr = 61507 has multiple (2) positions, using the first one!
utility_to_osm - WARNING - ssr:stedsnr = 61921 has multiple (3) positions, using the first one!
utility_to_osm - WARNING - ssr:stedsnr = 61923 has multiple (4) positions, using the first one!
utility_to_osm - WARNING - ssr:stedsnr = 61936 has multiple (3) positions, using the first one!
utility_to_osm - WARNING - ssr:stedsnr = 61944 has multiple (4) positions, using the first one!
utility_to_osm - WARNING - ssr:stedsnr = 62020 has multiple (3) positions, using the first one!
utility_to_osm - WARNING - ssr:stedsnr = 62101 has multiple (5) positions, using the first one!
utility_to_osm - WARNING - ssr:stedsnr = 62102 has multiple (4) positions, using the first one!
utility_to_osm - WARNING - ssr:stedsnr = 62105 has multiple (2) positions, using the first one!
utility_to_osm - WARNING - ssr:stedsnr = 62201 has multiple (2) positions, using the first one!
utility_to_osm - WARNING - ssr:stedsnr = 62279 has multiple (2) positions, using the first one!
utility_to_osm - WARNING - ssr:stedsnr = 62522 has multiple (3) positions, using the first one!
utility_to_osm - WARNING - ssr:stedsnr = 62701 has multiple (2) positions, using the first one!
utility_to_osm - WARNING - ssr:stedsnr = 62702 has multiple (2) positions, using the first one!
utility_to_osm - ERROR - ssr:stedsnr = 62722: Adding multiple names to name tag, this is not OK! name = "Ekebråten;Eikenes"
utility_to_osm - WARNING - ssr:stedsnr = 62722 has multiple (2) positions, using the first one!
utility_to_osm - WARNING - ssr:stedsnr = 62725: No priority spelling found for lang = no, using alt_name to get "[('no', 'Bærøy')]"
utility_to_osm - WARNING - ssr:stedsnr = 62725 has multiple (4) positions, using the first one!
utility_to_osm - WARNING - ssr:stedsnr = 62676 has multiple (4) positions, using the first one!
utility_to_osm - WARNING - ssr:stedsnr = 62678 has multiple (2) positions, using the first one!
utility_to_osm - WARNING - ssr:stedsnr = 62679: No priority spelling found for lang = no, using alt_name to get "[('no', 'Borteid')]"
utility_to_osm - WARNING - ssr:stedsnr = 62679 has multiple (2) positions, using the first one!
utility_to_osm - WARNING - ssr:stedsnr = 62684 has multiple (2) positions, using the first one!
utility_to_osm - WARNING - ssr:stedsnr = 63562 has multiple (2) positions, using the first one!
utility_to_osm - ERROR - ssr:stedsnr = 241954. No positions found, skipping
utility_to_osm - ERROR - ssr:stedsnr = 242930. No positions found, skipping
utility_to_osm - WARNING - ssr:stedsnr = 243123 has multiple (2) positions, using the first one!
utility_to_osm - WARNING - ssr:stedsnr = 243186 has multiple (2) positions, using the first one!
utility_to_osm - WARNING - ssr:stedsnr = 243221 has multiple (3) positions, using the first one!
utility_to_osm - ERROR - ssr:stedsnr = 243262: Adding multiple names to name tag, this is not OK! name = "Røymyrtjenna;Revtjenn"
utility_to_osm - WARNING - ssr:stedsnr = 243262 has multiple (2) positions, using the first one!
utility_to_osm - WARNING - ssr:stedsnr = 243336 has multiple (2) positions, using the first one!
utility_to_osm - WARNING - ssr:stedsnr = 243338 has multiple (2) positions, using the first one!
utility_to_osm - WARNING - ssr:stedsnr = 243545 has multiple (2) positions, using the first one!
utility_to_osm - WARNING - ssr:stedsnr = 243663 has multiple (6) positions, using the first one!
utility_to_osm - WARNING - ssr:stedsnr = 243943 has multiple (4) positions, using the first one!
utility_to_osm - WARNING - ssr:stedsnr = 243945 has multiple (5) positions, using the first one!
utility_to_osm - WARNING - ssr:stedsnr = 243946 has multiple (2) positions, using the first one!
utility_to_osm - WARNING - ssr:stedsnr = 244214 has multiple (2) positions, using the first one!
utility_to_osm - WARNING - ssr:stedsnr = 244716 has multiple (3) positions, using the first one!
utility_to_osm - WARNING - ssr:stedsnr = 244722 has multiple (2) positions, using the first one!
utility_to_osm - WARNING - ssr:stedsnr = 244537 has multiple (4) positions, using the first one!
utility_to_osm - WARNING - ssr:stedsnr = 244555 has multiple (2) positions, using the first one!
utility_to_osm - WARNING - ssr:stedsnr = 244561 has multiple (2) positions, using the first one!
utility_to_osm - WARNING - ssr:stedsnr = 81934: No priority spelling found for lang = no, using alt_name to get "[('no', 'Åsvikbrygga')]"
utility_to_osm - WARNING - ssr:stedsnr = 81934 has multiple (2) positions, using the first one!
utility_to_osm - WARNING - ssr:stedsnr = 244670 has multiple (2) positions, using the first one!
utility_to_osm - WARNING - ssr:stedsnr = 244672 has multiple (3) positions, using the first one!
utility_to_osm - WARNING - ssr:stedsnr = 244744 has multiple (2) positions, using the first one!
utility_to_osm - WARNING - ssr:stedsnr = 244745 has multiple (3) positions, using the first one!
utility_to_osm - WARNING - ssr:stedsnr = 244747 has multiple (3) positions, using the first one!
utility_to_osm - WARNING - ssr:stedsnr = 244749 has multiple (2) positions, using the first one!
utility_to_osm - WARNING - ssr:stedsnr = 85408 has multiple (2) positions, using the first one!
utility_to_osm - WARNING - ssr:stedsnr = 85578 has multiple (2) positions, using the first one!
utility_to_osm - WARNING - ssr:stedsnr = 85993 has multiple (2) positions, using the first one!
