utility_to_osm - WARNING - ssr:stedsnr = 5006 has multiple (2) positions, using the first one!
utility_to_osm - WARNING - ssr:stedsnr = 5013 has multiple (2) positions, using the first one!
utility_to_osm - WARNING - ssr:stedsnr = 5457 has multiple (3) positions, using the first one!
utility_to_osm - WARNING - ssr:stedsnr = 5459 has multiple (2) positions, using the first one!
utility_to_osm - WARNING - ssr:stedsnr = 5361 has multiple (2) positions, using the first one!
utility_to_osm - WARNING - ssr:stedsnr = 5363 has multiple (2) positions, using the first one!
utility_to_osm - WARNING - ssr:stedsnr = 5910 has multiple (3) positions, using the first one!
utility_to_osm - WARNING - ssr:stedsnr = 24951 has multiple (3) positions, using the first one!
utility_to_osm - ERROR - ssr:stedsnr = 39678. No positions found, skipping
utility_to_osm - ERROR - ssr:stedsnr = 39683. No positions found, skipping
utility_to_osm - ERROR - ssr:stedsnr = 39805. No positions found, skipping
utility_to_osm - WARNING - ssr:stedsnr = 41501 has multiple (2) positions, using the first one!
utility_to_osm - ERROR - ssr:stedsnr = 44440. No positions found, skipping
utility_to_osm - ERROR - ssr:stedsnr = 58821. No positions found, skipping
utility_to_osm - ERROR - ssr:stedsnr = 58774. No positions found, skipping
utility_to_osm - WARNING - ssr:stedsnr = 67804 has multiple (2) positions, using the first one!
utility_to_osm - WARNING - ssr:stedsnr = 67756 has multiple (2) positions, using the first one!
utility_to_osm - WARNING - ssr:stedsnr = 67790 has multiple (2) positions, using the first one!
utility_to_osm - WARNING - ssr:stedsnr = 67793 has multiple (2) positions, using the first one!
utility_to_osm - WARNING - ssr:stedsnr = 67901 has multiple (2) positions, using the first one!
utility_to_osm - WARNING - ssr:stedsnr = 67888 has multiple (2) positions, using the first one!
utility_to_osm - WARNING - ssr:stedsnr = 67894 has multiple (3) positions, using the first one!
utility_to_osm - WARNING - ssr:stedsnr = 248038 has multiple (3) positions, using the first one!
utility_to_osm - WARNING - ssr:stedsnr = 248048 has multiple (2) positions, using the first one!
utility_to_osm - WARNING - ssr:stedsnr = 248431 has multiple (2) positions, using the first one!
utility_to_osm - ERROR - ssr:stedsnr = 100522. No positions found, skipping
utility_to_osm - WARNING - ssr:stedsnr = 248393 has multiple (2) positions, using the first one!
utility_to_osm - WARNING - ssr:stedsnr = 248796 has multiple (3) positions, using the first one!
utility_to_osm - WARNING - ssr:stedsnr = 248874 has multiple (4) positions, using the first one!
utility_to_osm - WARNING - ssr:stedsnr = 249807 has multiple (2) positions, using the first one!
utility_to_osm - WARNING - ssr:stedsnr = 249281 has multiple (2) positions, using the first one!
utility_to_osm - WARNING - ssr:stedsnr = 249754 has multiple (2) positions, using the first one!
utility_to_osm - WARNING - ssr:stedsnr = 249758 has multiple (8) positions, using the first one!
utility_to_osm - WARNING - ssr:stedsnr = 249788 has multiple (2) positions, using the first one!
utility_to_osm - WARNING - ssr:stedsnr = 249790 has multiple (2) positions, using the first one!
utility_to_osm - WARNING - ssr:stedsnr = 249791 has multiple (2) positions, using the first one!
utility_to_osm - WARNING - ssr:stedsnr = 249860 has multiple (2) positions, using the first one!
utility_to_osm - WARNING - ssr:stedsnr = 114410 has multiple (3) positions, using the first one!
utility_to_osm - WARNING - ssr:stedsnr = 126495 has multiple (3) positions, using the first one!
utility_to_osm - WARNING - ssr:stedsnr = 126752 has multiple (4) positions, using the first one!
utility_to_osm - WARNING - ssr:stedsnr = 126819 has multiple (3) positions, using the first one!
utility_to_osm - WARNING - ssr:stedsnr = 127101 has multiple (2) positions, using the first one!
utility_to_osm - WARNING - ssr:stedsnr = 127452 has multiple (3) positions, using the first one!
utility_to_osm - WARNING - ssr:stedsnr = 127892 has multiple (3) positions, using the first one!
utility_to_osm - WARNING - ssr:stedsnr = 127903 has multiple (2) positions, using the first one!
utility_to_osm - ERROR - ssr:stedsnr = 180874. No positions found, skipping
utility_to_osm - WARNING - ssr:stedsnr = 187101 has multiple (2) positions, using the first one!
utility_to_osm - WARNING - ssr:stedsnr = 187430 has multiple (3) positions, using the first one!
utility_to_osm - WARNING - ssr:stedsnr = 187431 has multiple (2) positions, using the first one!
utility_to_osm - WARNING - ssr:stedsnr = 187816 has multiple (3) positions, using the first one!
utility_to_osm - WARNING - ssr:stedsnr = 188411: No priority spelling found for lang = no, using alt_name to get "[('no', 'Snellingsrøysene')]"
utility_to_osm - WARNING - ssr:stedsnr = 188411 has multiple (2) positions, using the first one!
utility_to_osm - ERROR - ssr:stedsnr = 188873: Adding multiple names to name tag, this is not OK! name = "Typografhjemmet;Sæterbråten"
utility_to_osm - WARNING - ssr:stedsnr = 188990 has multiple (3) positions, using the first one!
utility_to_osm - WARNING - ssr:stedsnr = 214280 has multiple (2) positions, using the first one!
utility_to_osm - WARNING - ssr:stedsnr = 248012 has multiple (3) positions, using the first one!
utility_to_osm - WARNING - ssr:stedsnr = 248013 has multiple (3) positions, using the first one!
utility_to_osm - WARNING - ssr:stedsnr = 248464 has multiple (3) positions, using the first one!
utility_to_osm - WARNING - ssr:stedsnr = 248470 has multiple (2) positions, using the first one!
utility_to_osm - WARNING - ssr:stedsnr = 248474 has multiple (4) positions, using the first one!
utility_to_osm - WARNING - ssr:stedsnr = 248863 has multiple (5) positions, using the first one!
utility_to_osm - WARNING - ssr:stedsnr = 248865 has multiple (3) positions, using the first one!
utility_to_osm - WARNING - ssr:stedsnr = 248801 has multiple (2) positions, using the first one!
utility_to_osm - WARNING - ssr:stedsnr = 248950 has multiple (2) positions, using the first one!
utility_to_osm - WARNING - ssr:stedsnr = 248952 has multiple (2) positions, using the first one!
utility_to_osm - WARNING - ssr:stedsnr = 308014 has multiple (2) positions, using the first one!
utility_to_osm - WARNING - ssr:stedsnr = 309050 has multiple (2) positions, using the first one!
utility_to_osm - WARNING - ssr:stedsnr = 309789 has multiple (2) positions, using the first one!
utility_to_osm - WARNING - ssr:stedsnr = 310814 has multiple (3) positions, using the first one!
utility_to_osm - WARNING - ssr:stedsnr = 342695: No priority spelling found for lang = no, using alt_name to get "[('no', 'Snålvegen')]"
utility_to_osm - ERROR - ssr:stedsnr = 342695. No positions found, skipping
utility_to_osm - ERROR - ssr:stedsnr = 347312. No positions found, skipping
utility_to_osm - WARNING - ssr:stedsnr = 369035 has multiple (2) positions, using the first one!
utility_to_osm - WARNING - ssr:stedsnr = 369427 has multiple (2) positions, using the first one!
utility_to_osm - WARNING - ssr:stedsnr = 370378 has multiple (2) positions, using the first one!
utility_to_osm - WARNING - ssr:stedsnr = 370404 has multiple (2) positions, using the first one!
utility_to_osm - WARNING - ssr:stedsnr = 370405 has multiple (2) positions, using the first one!
utility_to_osm - WARNING - ssr:stedsnr = 370418 has multiple (4) positions, using the first one!
utility_to_osm - WARNING - ssr:stedsnr = 370672 has multiple (2) positions, using the first one!
utility_to_osm - WARNING - ssr:stedsnr = 370818 has multiple (2) positions, using the first one!
utility_to_osm - ERROR - ssr:stedsnr = 403732. No positions found, skipping
utility_to_osm - WARNING - ssr:stedsnr = 490021 has multiple (2) positions, using the first one!
utility_to_osm - WARNING - ssr:stedsnr = 430051 has multiple (2) positions, using the first one!
utility_to_osm - WARNING - ssr:stedsnr = 430067 has multiple (5) positions, using the first one!
utility_to_osm - WARNING - ssr:stedsnr = 430425 has multiple (2) positions, using the first one!
utility_to_osm - WARNING - ssr:stedsnr = 430456 has multiple (2) positions, using the first one!
utility_to_osm - WARNING - ssr:stedsnr = 430465 has multiple (2) positions, using the first one!
utility_to_osm - WARNING - ssr:stedsnr = 431793 has multiple (2) positions, using the first one!
utility_to_osm - WARNING - ssr:stedsnr = 491344 has multiple (3) positions, using the first one!
utility_to_osm - WARNING - ssr:stedsnr = 491791 has multiple (2) positions, using the first one!
utility_to_osm - WARNING - ssr:stedsnr = 673833 has multiple (3) positions, using the first one!
utility_to_osm - WARNING - ssr:stedsnr = 673834 has multiple (3) positions, using the first one!
utility_to_osm - WARNING - ssr:stedsnr = 673785 has multiple (4) positions, using the first one!
utility_to_osm - WARNING - ssr:stedsnr = 673802 has multiple (2) positions, using the first one!
utility_to_osm - WARNING - ssr:stedsnr = 464017 has multiple (2) positions, using the first one!
utility_to_osm - WARNING - ssr:stedsnr = 674845 has multiple (2) positions, using the first one!
utility_to_osm - WARNING - ssr:stedsnr = 674895 has multiple (2) positions, using the first one!
utility_to_osm - ERROR - ssr:stedsnr = 471084. No positions found, skipping
utility_to_osm - WARNING - ssr:stedsnr = 272266 has multiple (2) positions, using the first one!
utility_to_osm - ERROR - ssr:stedsnr = 482803. No positions found, skipping
utility_to_osm - WARNING - ssr:stedsnr = 490378 has multiple (2) positions, using the first one!
utility_to_osm - WARNING - ssr:stedsnr = 491327 has multiple (3) positions, using the first one!
utility_to_osm - WARNING - ssr:stedsnr = 491905 has multiple (2) positions, using the first one!
utility_to_osm - WARNING - ssr:stedsnr = 491876 has multiple (2) positions, using the first one!
utility_to_osm - WARNING - ssr:stedsnr = 491897 has multiple (2) positions, using the first one!
utility_to_osm - WARNING - ssr:stedsnr = 524059 has multiple (2) positions, using the first one!
utility_to_osm - ERROR - ssr:stedsnr = 525805. No positions found, skipping
utility_to_osm - WARNING - ssr:stedsnr = 526313 has multiple (2) positions, using the first one!
utility_to_osm - WARNING - ssr:stedsnr = 537911 has multiple (2) positions, using the first one!
utility_to_osm - WARNING - ssr:stedsnr = 551020 has multiple (2) positions, using the first one!
utility_to_osm - WARNING - ssr:stedsnr = 551836 has multiple (3) positions, using the first one!
utility_to_osm - WARNING - ssr:stedsnr = 551839 has multiple (4) positions, using the first one!
utility_to_osm - WARNING - ssr:stedsnr = 552140 has multiple (15) positions, using the first one!
utility_to_osm - WARNING - ssr:stedsnr = 552813 has multiple (4) positions, using the first one!
utility_to_osm - WARNING - ssr:stedsnr = 552816 has multiple (2) positions, using the first one!
utility_to_osm - WARNING - ssr:stedsnr = 552895 has multiple (2) positions, using the first one!
utility_to_osm - WARNING - ssr:stedsnr = 585250 has multiple (2) positions, using the first one!
utility_to_osm - ERROR - ssr:stedsnr = 585788. No positions found, skipping
utility_to_osm - ERROR - ssr:stedsnr = 585798. No positions found, skipping
utility_to_osm - WARNING - ssr:stedsnr = 586555 has multiple (2) positions, using the first one!
utility_to_osm - ERROR - ssr:stedsnr = 609033: Adding multiple names to name tag, this is not OK! name = "Daltjuvhøgda;Daltjuvmana"
utility_to_osm - WARNING - ssr:stedsnr = 609033 has multiple (3) positions, using the first one!
utility_to_osm - WARNING - ssr:stedsnr = 611393 has multiple (2) positions, using the first one!
utility_to_osm - WARNING - ssr:stedsnr = 611728 has multiple (2) positions, using the first one!
utility_to_osm - WARNING - ssr:stedsnr = 612388 has multiple (2) positions, using the first one!
utility_to_osm - WARNING - ssr:stedsnr = 612761 has multiple (3) positions, using the first one!
utility_to_osm - WARNING - ssr:stedsnr = 612769 has multiple (2) positions, using the first one!
utility_to_osm - WARNING - ssr:stedsnr = 612770 has multiple (2) positions, using the first one!
utility_to_osm - WARNING - ssr:stedsnr = 612771 has multiple (2) positions, using the first one!
utility_to_osm - WARNING - ssr:stedsnr = 613807 has multiple (2) positions, using the first one!
utility_to_osm - WARNING - ssr:stedsnr = 613819 has multiple (2) positions, using the first one!
utility_to_osm - WARNING - ssr:stedsnr = 613870 has multiple (2) positions, using the first one!
utility_to_osm - WARNING - ssr:stedsnr = 707753: No priority spelling found for lang = no, using alt_name to get "[('no', 'Teigemyrvegen')]"
utility_to_osm - ERROR - ssr:stedsnr = 707753. No positions found, skipping
utility_to_osm - ERROR - ssr:stedsnr = 665897. No positions found, skipping
utility_to_osm - ERROR - ssr:stedsnr = 671042. No positions found, skipping
utility_to_osm - ERROR - ssr:stedsnr = 890536. No positions found, skipping
utility_to_osm - WARNING - ssr:stedsnr = 673307 has multiple (4) positions, using the first one!
utility_to_osm - WARNING - ssr:stedsnr = 673516 has multiple (2) positions, using the first one!
utility_to_osm - ERROR - ssr:stedsnr = 673906: Adding multiple names to name tag, this is not OK! name = "Kildal;Ødegården"
utility_to_osm - WARNING - ssr:stedsnr = 673917 has multiple (2) positions, using the first one!
utility_to_osm - WARNING - ssr:stedsnr = 698314 has multiple (2) positions, using the first one!
utility_to_osm - WARNING - ssr:stedsnr = 708521 has multiple (2) positions, using the first one!
utility_to_osm - WARNING - ssr:stedsnr = 725786: No priority spelling found for lang = no, using alt_name to get "[('no', 'Mantjernsvegen')]"
utility_to_osm - ERROR - ssr:stedsnr = 725786. No positions found, skipping
utility_to_osm - ERROR - ssr:stedsnr = 726882. No positions found, skipping
utility_to_osm - ERROR - ssr:stedsnr = 726887. No positions found, skipping
utility_to_osm - WARNING - ssr:stedsnr = 733054 has multiple (2) positions, using the first one!
utility_to_osm - WARNING - ssr:stedsnr = 733417 has multiple (2) positions, using the first one!
utility_to_osm - WARNING - ssr:stedsnr = 733534 has multiple (56) positions, using the first one!
utility_to_osm - WARNING - ssr:stedsnr = 734106 has multiple (2) positions, using the first one!
utility_to_osm - WARNING - ssr:stedsnr = 734882 has multiple (3) positions, using the first one!
utility_to_osm - WARNING - ssr:stedsnr = 734908 has multiple (2) positions, using the first one!
utility_to_osm - WARNING - ssr:stedsnr = 760252 has multiple (2) positions, using the first one!
utility_to_osm - WARNING - ssr:stedsnr = 767956 has multiple (2) positions, using the first one!
utility_to_osm - ERROR - ssr:stedsnr = 907772. No positions found, skipping
utility_to_osm - WARNING - ssr:stedsnr = 794104 has multiple (2) positions, using the first one!
utility_to_osm - WARNING - ssr:stedsnr = 794478 has multiple (3) positions, using the first one!
utility_to_osm - WARNING - ssr:stedsnr = 794365 has multiple (2) positions, using the first one!
utility_to_osm - WARNING - ssr:stedsnr = 794714 has multiple (3) positions, using the first one!
utility_to_osm - WARNING - ssr:stedsnr = 794787 has multiple (3) positions, using the first one!
utility_to_osm - WARNING - ssr:stedsnr = 795116 has multiple (2) positions, using the first one!
utility_to_osm - WARNING - ssr:stedsnr = 795877 has multiple (2) positions, using the first one!
utility_to_osm - WARNING - ssr:stedsnr = 795878 has multiple (2) positions, using the first one!
utility_to_osm - WARNING - ssr:stedsnr = 795916 has multiple (2) positions, using the first one!
utility_to_osm - WARNING - ssr:stedsnr = 795921 has multiple (2) positions, using the first one!
utility_to_osm - WARNING - ssr:stedsnr = 915032 has multiple (2) positions, using the first one!
utility_to_osm - WARNING - ssr:stedsnr = 915039 has multiple (3) positions, using the first one!
utility_to_osm - WARNING - ssr:stedsnr = 915462 has multiple (2) positions, using the first one!
utility_to_osm - WARNING - ssr:stedsnr = 916097 has multiple (2) positions, using the first one!
utility_to_osm - WARNING - ssr:stedsnr = 916337 has multiple (2) positions, using the first one!
utility_to_osm - WARNING - ssr:stedsnr = 916298 has multiple (2) positions, using the first one!
utility_to_osm - WARNING - ssr:stedsnr = 916791 has multiple (2) positions, using the first one!
utility_to_osm - WARNING - ssr:stedsnr = 917839 has multiple (2) positions, using the first one!
utility_to_osm - WARNING - ssr:stedsnr = 917898 has multiple (2) positions, using the first one!
utility_to_osm - ERROR - ssr:stedsnr = 847819. No positions found, skipping
utility_to_osm - ERROR - ssr:stedsnr = 847820. No positions found, skipping
utility_to_osm - WARNING - ssr:stedsnr = 855120 has multiple (2) positions, using the first one!
utility_to_osm - WARNING - ssr:stedsnr = 855088: No priority spelling found for lang = no, using alt_name to get "[('no', 'Seterløken')]"
utility_to_osm - WARNING - ssr:stedsnr = 855088 has multiple (2) positions, using the first one!
utility_to_osm - WARNING - ssr:stedsnr = 855393 has multiple (2) positions, using the first one!
utility_to_osm - WARNING - ssr:stedsnr = 855476 has multiple (5) positions, using the first one!
utility_to_osm - WARNING - ssr:stedsnr = 855877 has multiple (3) positions, using the first one!
utility_to_osm - WARNING - ssr:stedsnr = 856397 has multiple (2) positions, using the first one!
utility_to_osm - WARNING - ssr:stedsnr = 856788 has multiple (2) positions, using the first one!
utility_to_osm - WARNING - ssr:stedsnr = 856801 has multiple (2) positions, using the first one!
utility_to_osm - WARNING - ssr:stedsnr = 856839 has multiple (2) positions, using the first one!
utility_to_osm - WARNING - ssr:stedsnr = 890326 has multiple (2) positions, using the first one!
utility_to_osm - ERROR - ssr:stedsnr = 894765. No positions found, skipping
utility_to_osm - ERROR - ssr:stedsnr = 908905. No positions found, skipping
utility_to_osm - WARNING - ssr:stedsnr = 915372 has multiple (2) positions, using the first one!
utility_to_osm - WARNING - ssr:stedsnr = 915374 has multiple (2) positions, using the first one!
utility_to_osm - WARNING - ssr:stedsnr = 916323 has multiple (2) positions, using the first one!
utility_to_osm - WARNING - ssr:stedsnr = 916418 has multiple (2) positions, using the first one!
utility_to_osm - WARNING - ssr:stedsnr = 916776 has multiple (2) positions, using the first one!
utility_to_osm - WARNING - ssr:stedsnr = 916808 has multiple (2) positions, using the first one!
utility_to_osm - WARNING - ssr:stedsnr = 916815 has multiple (2) positions, using the first one!
utility_to_osm - WARNING - ssr:stedsnr = 981235: No priority spelling found for lang = no, using alt_name to get "[('no', 'Styggdalen naturreservat')]"
utility_to_osm - WARNING - ssr:stedsnr = 5026 has multiple (2) positions, using the first one!
utility_to_osm - WARNING - ssr:stedsnr = 5690 has multiple (3) positions, using the first one!
utility_to_osm - WARNING - ssr:stedsnr = 5834 has multiple (3) positions, using the first one!
utility_to_osm - WARNING - ssr:stedsnr = 6832 has multiple (2) positions, using the first one!
utility_to_osm - WARNING - ssr:stedsnr = 6948 has multiple (2) positions, using the first one!
utility_to_osm - WARNING - ssr:stedsnr = 6770 has multiple (2) positions, using the first one!
utility_to_osm - WARNING - ssr:stedsnr = 6772 has multiple (2) positions, using the first one!
utility_to_osm - WARNING - ssr:stedsnr = 34283 has multiple (2) positions, using the first one!
utility_to_osm - ERROR - ssr:stedsnr = 39684. No positions found, skipping
utility_to_osm - ERROR - ssr:stedsnr = 39686. No positions found, skipping
utility_to_osm - ERROR - ssr:stedsnr = 66758: Adding multiple names to name tag, this is not OK! name = "Brannrudsputten;Vestre Monsrudtjernet"
utility_to_osm - WARNING - ssr:stedsnr = 66774 has multiple (5) positions, using the first one!
utility_to_osm - WARNING - ssr:stedsnr = 66776 has multiple (3) positions, using the first one!
utility_to_osm - WARNING - ssr:stedsnr = 67760 has multiple (2) positions, using the first one!
utility_to_osm - WARNING - ssr:stedsnr = 67287 has multiple (2) positions, using the first one!
utility_to_osm - WARNING - ssr:stedsnr = 67336 has multiple (2) positions, using the first one!
utility_to_osm - WARNING - ssr:stedsnr = 67934 has multiple (3) positions, using the first one!
utility_to_osm - WARNING - ssr:stedsnr = 67936 has multiple (2) positions, using the first one!
utility_to_osm - ERROR - ssr:stedsnr = 67961: Adding multiple names to name tag, this is not OK! name = "Ensrudputten;Karussputten"
utility_to_osm - WARNING - ssr:stedsnr = 90343 has multiple (2) positions, using the first one!
utility_to_osm - WARNING - ssr:stedsnr = 112591 has multiple (2) positions, using the first one!
utility_to_osm - ERROR - ssr:stedsnr = 119896. No positions found, skipping
utility_to_osm - WARNING - ssr:stedsnr = 120992: No priority spelling found for lang = no, using alt_name to get "[('no', 'Skotjernfjellet og Snellingsrøysene naturreservat'), ('no', 'Snellingsrøysene naturreservat')]"
utility_to_osm - ERROR - ssr:stedsnr = 120992: Adding multiple names to name tag, this is not OK! name = "Skotjernfjellet og Snellingsrøysene naturreservat;Snellingsrøysene naturreservat"
utility_to_osm - WARNING - ssr:stedsnr = 120992 has multiple (2) positions, using the first one!
utility_to_osm - WARNING - ssr:stedsnr = 126385 has multiple (2) positions, using the first one!
utility_to_osm - WARNING - ssr:stedsnr = 126020 has multiple (2) positions, using the first one!
utility_to_osm - WARNING - ssr:stedsnr = 126736 has multiple (2) positions, using the first one!
utility_to_osm - WARNING - ssr:stedsnr = 127332 has multiple (2) positions, using the first one!
utility_to_osm - WARNING - ssr:stedsnr = 127883 has multiple (2) positions, using the first one!
utility_to_osm - WARNING - ssr:stedsnr = 127830 has multiple (2) positions, using the first one!
utility_to_osm - WARNING - ssr:stedsnr = 147350 has multiple (3) positions, using the first one!
utility_to_osm - WARNING - ssr:stedsnr = 160025 has multiple (2) positions, using the first one!
utility_to_osm - WARNING - ssr:stedsnr = 160639 has multiple (4) positions, using the first one!
utility_to_osm - WARNING - ssr:stedsnr = 187352 has multiple (3) positions, using the first one!
utility_to_osm - ERROR - ssr:stedsnr = 187364: Adding multiple names to name tag, this is not OK! name = "Stormyra;Massemyra"
utility_to_osm - ERROR - ssr:stedsnr = 187365: Adding multiple names to name tag, this is not OK! name = "Mosatjernet;Hosotjernet"
utility_to_osm - WARNING - ssr:stedsnr = 187456 has multiple (3) positions, using the first one!
utility_to_osm - WARNING - ssr:stedsnr = 187743 has multiple (3) positions, using the first one!
utility_to_osm - WARNING - ssr:stedsnr = 188829 has multiple (2) positions, using the first one!
utility_to_osm - WARNING - ssr:stedsnr = 188846 has multiple (2) positions, using the first one!
utility_to_osm - WARNING - ssr:stedsnr = 188362 has multiple (2) positions, using the first one!
utility_to_osm - WARNING - ssr:stedsnr = 188860 has multiple (3) positions, using the first one!
utility_to_osm - WARNING - ssr:stedsnr = 214168 has multiple (3) positions, using the first one!
utility_to_osm - ERROR - ssr:stedsnr = 221697. No positions found, skipping
utility_to_osm - WARNING - ssr:stedsnr = 282466 has multiple (2) positions, using the first one!
utility_to_osm - ERROR - ssr:stedsnr = 282800. No positions found, skipping
utility_to_osm - ERROR - ssr:stedsnr = 301897. No positions found, skipping
utility_to_osm - WARNING - ssr:stedsnr = 308438 has multiple (3) positions, using the first one!
utility_to_osm - WARNING - ssr:stedsnr = 308455 has multiple (2) positions, using the first one!
utility_to_osm - WARNING - ssr:stedsnr = 308698 has multiple (3) positions, using the first one!
utility_to_osm - WARNING - ssr:stedsnr = 308833 has multiple (4) positions, using the first one!
utility_to_osm - WARNING - ssr:stedsnr = 309104 has multiple (3) positions, using the first one!
utility_to_osm - WARNING - ssr:stedsnr = 309819 has multiple (3) positions, using the first one!
utility_to_osm - WARNING - ssr:stedsnr = 309883 has multiple (2) positions, using the first one!
utility_to_osm - WARNING - ssr:stedsnr = 309897 has multiple (2) positions, using the first one!
utility_to_osm - WARNING - ssr:stedsnr = 309750 has multiple (2) positions, using the first one!
utility_to_osm - WARNING - ssr:stedsnr = 309752 has multiple (2) positions, using the first one!
utility_to_osm - WARNING - ssr:stedsnr = 309753 has multiple (2) positions, using the first one!
utility_to_osm - WARNING - ssr:stedsnr = 309853 has multiple (2) positions, using the first one!
utility_to_osm - WARNING - ssr:stedsnr = 309869 has multiple (2) positions, using the first one!
utility_to_osm - WARNING - ssr:stedsnr = 310358 has multiple (2) positions, using the first one!
utility_to_osm - WARNING - ssr:stedsnr = 342081 has multiple (2) positions, using the first one!
utility_to_osm - WARNING - ssr:stedsnr = 357869 has multiple (2) positions, using the first one!
utility_to_osm - ERROR - ssr:stedsnr = 362864. No positions found, skipping
utility_to_osm - ERROR - ssr:stedsnr = 362874. No positions found, skipping
utility_to_osm - WARNING - ssr:stedsnr = 369352 has multiple (2) positions, using the first one!
utility_to_osm - WARNING - ssr:stedsnr = 369431 has multiple (2) positions, using the first one!
utility_to_osm - WARNING - ssr:stedsnr = 369746 has multiple (4) positions, using the first one!
utility_to_osm - WARNING - ssr:stedsnr = 370352 has multiple (2) positions, using the first one!
utility_to_osm - WARNING - ssr:stedsnr = 370888 has multiple (2) positions, using the first one!
utility_to_osm - WARNING - ssr:stedsnr = 405601 has multiple (2) positions, using the first one!
utility_to_osm - WARNING - ssr:stedsnr = 406678 has multiple (2) positions, using the first one!
utility_to_osm - ERROR - ssr:stedsnr = 422766. No positions found, skipping
utility_to_osm - ERROR - ssr:stedsnr = 423876. No positions found, skipping
utility_to_osm - WARNING - ssr:stedsnr = 430027 has multiple (2) positions, using the first one!
utility_to_osm - ERROR - ssr:stedsnr = 430036: Adding multiple names to name tag, this is not OK! name = "Svarttjernet;Båhussvarttjernet"
utility_to_osm - ERROR - ssr:stedsnr = 430471: Adding multiple names to name tag, this is not OK! name = "Svartbekkhytta;Svarttjernshytta"
utility_to_osm - WARNING - ssr:stedsnr = 430438 has multiple (2) positions, using the first one!
utility_to_osm - WARNING - ssr:stedsnr = 430780 has multiple (4) positions, using the first one!
utility_to_osm - WARNING - ssr:stedsnr = 431371 has multiple (2) positions, using the first one!
utility_to_osm - WARNING - ssr:stedsnr = 431771 has multiple (3) positions, using the first one!
utility_to_osm - WARNING - ssr:stedsnr = 431923 has multiple (2) positions, using the first one!
utility_to_osm - ERROR - ssr:stedsnr = 543788. No positions found, skipping
utility_to_osm - WARNING - ssr:stedsnr = 551380 has multiple (2) positions, using the first one!
utility_to_osm - WARNING - ssr:stedsnr = 551457 has multiple (2) positions, using the first one!
utility_to_osm - ERROR - ssr:stedsnr = 551483: Adding multiple names to name tag, this is not OK! name = "Svartbekktjernet;Svarttjernet"
utility_to_osm - WARNING - ssr:stedsnr = 551429 has multiple (3) positions, using the first one!
utility_to_osm - WARNING - ssr:stedsnr = 578355 has multiple (2) positions, using the first one!
utility_to_osm - WARNING - ssr:stedsnr = 582777 has multiple (3) positions, using the first one!
utility_to_osm - ERROR - ssr:stedsnr = 584833. No positions found, skipping
utility_to_osm - ERROR - ssr:stedsnr = 584835. No positions found, skipping
utility_to_osm - WARNING - ssr:stedsnr = 585060 has multiple (2) positions, using the first one!
utility_to_osm - WARNING - ssr:stedsnr = 597937 has multiple (2) positions, using the first one!
utility_to_osm - WARNING - ssr:stedsnr = 611023 has multiple (2) positions, using the first one!
utility_to_osm - WARNING - ssr:stedsnr = 611417 has multiple (3) positions, using the first one!
utility_to_osm - WARNING - ssr:stedsnr = 612030 has multiple (2) positions, using the first one!
utility_to_osm - WARNING - ssr:stedsnr = 612031 has multiple (2) positions, using the first one!
utility_to_osm - ERROR - ssr:stedsnr = 612033: Adding multiple names to name tag, this is not OK! name = "Båhus-Branntjernet;Bekkehogsttjernet"
utility_to_osm - WARNING - ssr:stedsnr = 611940 has multiple (3) positions, using the first one!
utility_to_osm - WARNING - ssr:stedsnr = 612351 has multiple (3) positions, using the first one!
utility_to_osm - WARNING - ssr:stedsnr = 612699 has multiple (3) positions, using the first one!
utility_to_osm - WARNING - ssr:stedsnr = 612741 has multiple (6) positions, using the first one!
utility_to_osm - ERROR - ssr:stedsnr = 645467. No positions found, skipping
utility_to_osm - WARNING - ssr:stedsnr = 647411 has multiple (2) positions, using the first one!
utility_to_osm - WARNING - ssr:stedsnr = 664119: No priority spelling found for lang = no, using alt_name to get "[('no', 'Tranbærtjernsvegen')]"
utility_to_osm - ERROR - ssr:stedsnr = 664119. No positions found, skipping
utility_to_osm - WARNING - ssr:stedsnr = 714081 has multiple (2) positions, using the first one!
utility_to_osm - WARNING - ssr:stedsnr = 714057 has multiple (2) positions, using the first one!
utility_to_osm - WARNING - ssr:stedsnr = 734855 has multiple (2) positions, using the first one!
utility_to_osm - WARNING - ssr:stedsnr = 751192 has multiple (2) positions, using the first one!
utility_to_osm - WARNING - ssr:stedsnr = 751391 has multiple (2) positions, using the first one!
utility_to_osm - WARNING - ssr:stedsnr = 769567 has multiple (2) positions, using the first one!
utility_to_osm - WARNING - ssr:stedsnr = 780894 has multiple (2) positions, using the first one!
utility_to_osm - ERROR - ssr:stedsnr = 787848. No positions found, skipping
utility_to_osm - ERROR - ssr:stedsnr = 787858. No positions found, skipping
utility_to_osm - WARNING - ssr:stedsnr = 794043 has multiple (2) positions, using the first one!
utility_to_osm - WARNING - ssr:stedsnr = 794354 has multiple (3) positions, using the first one!
utility_to_osm - WARNING - ssr:stedsnr = 794363 has multiple (2) positions, using the first one!
utility_to_osm - WARNING - ssr:stedsnr = 794460 has multiple (2) positions, using the first one!
utility_to_osm - WARNING - ssr:stedsnr = 795831 has multiple (2) positions, using the first one!
utility_to_osm - WARNING - ssr:stedsnr = 795834 has multiple (2) positions, using the first one!
utility_to_osm - WARNING - ssr:stedsnr = 795941 has multiple (2) positions, using the first one!
utility_to_osm - WARNING - ssr:stedsnr = 855050 has multiple (2) positions, using the first one!
utility_to_osm - WARNING - ssr:stedsnr = 855438 has multiple (6) positions, using the first one!
utility_to_osm - WARNING - ssr:stedsnr = 855447 has multiple (2) positions, using the first one!
utility_to_osm - WARNING - ssr:stedsnr = 856325 has multiple (2) positions, using the first one!
utility_to_osm - WARNING - ssr:stedsnr = 855718 has multiple (3) positions, using the first one!
utility_to_osm - WARNING - ssr:stedsnr = 855809 has multiple (3) positions, using the first one!
utility_to_osm - WARNING - ssr:stedsnr = 856411 has multiple (2) positions, using the first one!
utility_to_osm - WARNING - ssr:stedsnr = 874528 has multiple (4) positions, using the first one!
utility_to_osm - ERROR - ssr:stedsnr = 949043. No positions found, skipping
utility_to_osm - ERROR - ssr:stedsnr = 950723. No positions found, skipping
utility_to_osm - ERROR - ssr:stedsnr = 950799. No positions found, skipping
utility_to_osm - ERROR - ssr:stedsnr = 969855. No positions found, skipping
utility_to_osm - ERROR - ssr:stedsnr = 969866. No positions found, skipping
utility_to_osm - WARNING - ssr:stedsnr = 985580: No priority spelling found for lang = no, using alt_name to get "[('no', 'Paradiskollen naturreservat')]"
utility_to_osm - WARNING - ssr:stedsnr = 989152: No priority spelling found for lang = no, using alt_name to get "[('no', 'Pipra og Storrsjøhøgda naturreservat')]"
utility_to_osm - WARNING - ssr:stedsnr = 1014460: No priority spelling found for lang = no, using alt_name to get "[('no', 'Kvernhusvegen')]"
utility_to_osm - ERROR - ssr:stedsnr = 1014460. No positions found, skipping
utility_to_osm - WARNING - ssr:stedsnr = 1014462: No priority spelling found for lang = no, using alt_name to get "[('no', 'Stasjonsveien')]"
utility_to_osm - ERROR - ssr:stedsnr = 1014462. No positions found, skipping
utility_to_osm - WARNING - ssr:stedsnr = 1014463: No priority spelling found for lang = no, using alt_name to get "[('no', 'Klemmavegen')]"
utility_to_osm - ERROR - ssr:stedsnr = 1014463. No positions found, skipping
utility_to_osm - WARNING - ssr:stedsnr = 1014466: No priority spelling found for lang = no, using alt_name to get "[('no', 'Vestbygdvegen')]"
utility_to_osm - ERROR - ssr:stedsnr = 1014466. No positions found, skipping
utility_to_osm - ERROR - ssr:stedsnr = 1014467. No positions found, skipping
utility_to_osm - ERROR - ssr:stedsnr = 1014470. No positions found, skipping
utility_to_osm - ERROR - ssr:stedsnr = 1014472. No positions found, skipping
utility_to_osm - ERROR - ssr:stedsnr = 1014473. No positions found, skipping
utility_to_osm - WARNING - ssr:stedsnr = 1014475: No priority spelling found for lang = no, using alt_name to get "[('no', 'Hulderbakken')]"
utility_to_osm - ERROR - ssr:stedsnr = 1014475. No positions found, skipping
utility_to_osm - WARNING - ssr:stedsnr = 1014478: No priority spelling found for lang = no, using alt_name to get "[('no', 'Geiteramsen')]"
utility_to_osm - ERROR - ssr:stedsnr = 1014478. No positions found, skipping
utility_to_osm - WARNING - ssr:stedsnr = 1014480: No priority spelling found for lang = no, using alt_name to get "[('no', 'Furumohaugen')]"
utility_to_osm - ERROR - ssr:stedsnr = 1014480. No positions found, skipping
utility_to_osm - WARNING - ssr:stedsnr = 1014482: No priority spelling found for lang = no, using alt_name to get "[('no', 'Furumoterrasse')]"
utility_to_osm - ERROR - ssr:stedsnr = 1014482. No positions found, skipping
utility_to_osm - WARNING - ssr:stedsnr = 1014484: No priority spelling found for lang = no, using alt_name to get "[('no', 'Utsikten')]"
utility_to_osm - ERROR - ssr:stedsnr = 1014484. No positions found, skipping
utility_to_osm - WARNING - ssr:stedsnr = 1014536: No priority spelling found for lang = no, using alt_name to get "[('no', 'Åstjernsvegen')]"
utility_to_osm - ERROR - ssr:stedsnr = 1014536. No positions found, skipping
utility_to_osm - WARNING - ssr:stedsnr = 1014543: No priority spelling found for lang = no, using alt_name to get "[('no', 'Viubråten')]"
utility_to_osm - ERROR - ssr:stedsnr = 1014543. No positions found, skipping
utility_to_osm - WARNING - ssr:stedsnr = 1014544: No priority spelling found for lang = no, using alt_name to get "[('no', 'Månevegen')]"
utility_to_osm - ERROR - ssr:stedsnr = 1014544. No positions found, skipping
utility_to_osm - WARNING - ssr:stedsnr = 1014547: No priority spelling found for lang = no, using alt_name to get "[('no', 'Kvartsvegen')]"
utility_to_osm - ERROR - ssr:stedsnr = 1014547. No positions found, skipping
utility_to_osm - WARNING - ssr:stedsnr = 1014548: No priority spelling found for lang = no, using alt_name to get "[('no', 'Regnbuevegen')]"
utility_to_osm - ERROR - ssr:stedsnr = 1014548. No positions found, skipping
utility_to_osm - WARNING - ssr:stedsnr = 1014549: No priority spelling found for lang = no, using alt_name to get "[('no', 'Stjernevegen')]"
utility_to_osm - ERROR - ssr:stedsnr = 1014549. No positions found, skipping
utility_to_osm - WARNING - ssr:stedsnr = 1014551: No priority spelling found for lang = no, using alt_name to get "[('no', 'Solvegen')]"
utility_to_osm - ERROR - ssr:stedsnr = 1014551. No positions found, skipping
utility_to_osm - WARNING - ssr:stedsnr = 1014552: No priority spelling found for lang = no, using alt_name to get "[('no', 'Fjellhammervegen')]"
utility_to_osm - ERROR - ssr:stedsnr = 1014552. No positions found, skipping
utility_to_osm - WARNING - ssr:stedsnr = 1014554: No priority spelling found for lang = no, using alt_name to get "[('no', 'Bjørgesetervegen')]"
utility_to_osm - ERROR - ssr:stedsnr = 1014554. No positions found, skipping
utility_to_osm - WARNING - ssr:stedsnr = 1014556: No priority spelling found for lang = no, using alt_name to get "[('no', 'Observatorievegen')]"
utility_to_osm - ERROR - ssr:stedsnr = 1014556. No positions found, skipping
utility_to_osm - WARNING - ssr:stedsnr = 1014557: No priority spelling found for lang = no, using alt_name to get "[('no', 'Stasjonsvika terrasse')]"
utility_to_osm - ERROR - ssr:stedsnr = 1014557. No positions found, skipping
utility_to_osm - WARNING - ssr:stedsnr = 1014559: No priority spelling found for lang = no, using alt_name to get "[('no', 'Hasskaubakken')]"
utility_to_osm - ERROR - ssr:stedsnr = 1014559. No positions found, skipping
utility_to_osm - WARNING - ssr:stedsnr = 1014562: No priority spelling found for lang = no, using alt_name to get "[('no', 'Sørlivegen')]"
utility_to_osm - ERROR - ssr:stedsnr = 1014562. No positions found, skipping
utility_to_osm - WARNING - ssr:stedsnr = 1014564: No priority spelling found for lang = no, using alt_name to get "[('no', 'Strykenenga')]"
utility_to_osm - ERROR - ssr:stedsnr = 1014564. No positions found, skipping
utility_to_osm - WARNING - ssr:stedsnr = 1014565: No priority spelling found for lang = no, using alt_name to get "[('no', 'Haganvegen')]"
utility_to_osm - ERROR - ssr:stedsnr = 1014565. No positions found, skipping
utility_to_osm - WARNING - ssr:stedsnr = 1014566: No priority spelling found for lang = no, using alt_name to get "[('no', 'Kloppavegen')]"
utility_to_osm - ERROR - ssr:stedsnr = 1014566. No positions found, skipping
utility_to_osm - WARNING - ssr:stedsnr = 1014567: No priority spelling found for lang = no, using alt_name to get "[('no', 'Stubbengvegen')]"
utility_to_osm - ERROR - ssr:stedsnr = 1014567. No positions found, skipping
utility_to_osm - WARNING - ssr:stedsnr = 1014569: No priority spelling found for lang = no, using alt_name to get "[('no', 'Tangenvegen')]"
utility_to_osm - ERROR - ssr:stedsnr = 1014569. No positions found, skipping
utility_to_osm - WARNING - ssr:stedsnr = 1014571: No priority spelling found for lang = no, using alt_name to get "[('no', 'Kloppasvingen')]"
utility_to_osm - ERROR - ssr:stedsnr = 1014571. No positions found, skipping
utility_to_osm - WARNING - ssr:stedsnr = 1014572: No priority spelling found for lang = no, using alt_name to get "[('no', 'Myrvollvegen')]"
utility_to_osm - ERROR - ssr:stedsnr = 1014572. No positions found, skipping
utility_to_osm - WARNING - ssr:stedsnr = 1014573: No priority spelling found for lang = no, using alt_name to get "[('no', 'Granittvegen')]"
utility_to_osm - ERROR - ssr:stedsnr = 1014573. No positions found, skipping
utility_to_osm - WARNING - ssr:stedsnr = 1014574: No priority spelling found for lang = no, using alt_name to get "[('no', 'Skolevegen')]"
utility_to_osm - ERROR - ssr:stedsnr = 1014574. No positions found, skipping
utility_to_osm - WARNING - ssr:stedsnr = 1014576: No priority spelling found for lang = no, using alt_name to get "[('no', 'Ormputtvegen')]"
utility_to_osm - ERROR - ssr:stedsnr = 1014576. No positions found, skipping
utility_to_osm - WARNING - ssr:stedsnr = 1014486: No priority spelling found for lang = no, using alt_name to get "[('no', 'Løvstien')]"
utility_to_osm - ERROR - ssr:stedsnr = 1014486. No positions found, skipping
utility_to_osm - WARNING - ssr:stedsnr = 1014488: No priority spelling found for lang = no, using alt_name to get "[('no', 'Tyristubben')]"
utility_to_osm - ERROR - ssr:stedsnr = 1014488. No positions found, skipping
utility_to_osm - WARNING - ssr:stedsnr = 1014491: No priority spelling found for lang = no, using alt_name to get "[('no', 'Tiuråsen')]"
utility_to_osm - ERROR - ssr:stedsnr = 1014491. No positions found, skipping
utility_to_osm - WARNING - ssr:stedsnr = 1014493: No priority spelling found for lang = no, using alt_name to get "[('no', 'Elgtråkket')]"
utility_to_osm - ERROR - ssr:stedsnr = 1014493. No positions found, skipping
utility_to_osm - WARNING - ssr:stedsnr = 1014495: No priority spelling found for lang = no, using alt_name to get "[('no', 'Karimoen')]"
utility_to_osm - ERROR - ssr:stedsnr = 1014495. No positions found, skipping
utility_to_osm - WARNING - ssr:stedsnr = 1014497: No priority spelling found for lang = no, using alt_name to get "[('no', 'Piperveien')]"
utility_to_osm - ERROR - ssr:stedsnr = 1014497. No positions found, skipping
utility_to_osm - WARNING - ssr:stedsnr = 1014499: No priority spelling found for lang = no, using alt_name to get "[('no', 'Moreneveien')]"
utility_to_osm - ERROR - ssr:stedsnr = 1014499. No positions found, skipping
utility_to_osm - ERROR - ssr:stedsnr = 1014501. No positions found, skipping
utility_to_osm - ERROR - ssr:stedsnr = 1014502. No positions found, skipping
utility_to_osm - WARNING - ssr:stedsnr = 1014503: No priority spelling found for lang = no, using alt_name to get "[('no', 'Furuveien')]"
utility_to_osm - ERROR - ssr:stedsnr = 1014503. No positions found, skipping
utility_to_osm - ERROR - ssr:stedsnr = 1014507. No positions found, skipping
utility_to_osm - ERROR - ssr:stedsnr = 1014508. No positions found, skipping
utility_to_osm - ERROR - ssr:stedsnr = 1014509. No positions found, skipping
utility_to_osm - ERROR - ssr:stedsnr = 1014510. No positions found, skipping
utility_to_osm - ERROR - ssr:stedsnr = 1014512. No positions found, skipping
utility_to_osm - WARNING - ssr:stedsnr = 1014528: No priority spelling found for lang = no, using alt_name to get "[('no', 'Vannebos veg')]"
utility_to_osm - ERROR - ssr:stedsnr = 1014528. No positions found, skipping
utility_to_osm - WARNING - ssr:stedsnr = 1014529: No priority spelling found for lang = no, using alt_name to get "[('no', 'Saglunden')]"
utility_to_osm - ERROR - ssr:stedsnr = 1014529. No positions found, skipping
utility_to_osm - WARNING - ssr:stedsnr = 1014534: No priority spelling found for lang = no, using alt_name to get "[('no', 'Monserudvegen')]"
utility_to_osm - ERROR - ssr:stedsnr = 1014534. No positions found, skipping
utility_to_osm - WARNING - ssr:stedsnr = 1016739: No priority spelling found for lang = no, using alt_name to get "[('no', 'Grualia')]"
utility_to_osm - WARNING - ssr:stedsnr = 1016746: No priority spelling found for lang = no, using alt_name to get "[('no', 'Storetjernsveien')]"
utility_to_osm - ERROR - ssr:stedsnr = 1016746. No positions found, skipping
utility_to_osm - WARNING - ssr:stedsnr = 1016751: No priority spelling found for lang = no, using alt_name to get "[('no', 'Åsjøvegen')]"
utility_to_osm - ERROR - ssr:stedsnr = 1016751. No positions found, skipping
utility_to_osm - WARNING - ssr:stedsnr = 1016753: No priority spelling found for lang = no, using alt_name to get "[('no', 'Larmerudvegen')]"
utility_to_osm - ERROR - ssr:stedsnr = 1016753. No positions found, skipping
utility_to_osm - WARNING - ssr:stedsnr = 1016760: No priority spelling found for lang = no, using alt_name to get "[('no', 'Tveitavegen')]"
utility_to_osm - ERROR - ssr:stedsnr = 1016760. No positions found, skipping
utility_to_osm - WARNING - ssr:stedsnr = 1016765: No priority spelling found for lang = no, using alt_name to get "[('no', 'Muttavegen')]"
utility_to_osm - ERROR - ssr:stedsnr = 1016765. No positions found, skipping
utility_to_osm - WARNING - ssr:stedsnr = 1016770: No priority spelling found for lang = no, using alt_name to get "[('no', 'Halvorsrudveien')]"
utility_to_osm - ERROR - ssr:stedsnr = 1016770. No positions found, skipping
utility_to_osm - WARNING - ssr:stedsnr = 1016775: No priority spelling found for lang = no, using alt_name to get "[('no', 'Lognavegen')]"
utility_to_osm - ERROR - ssr:stedsnr = 1016775. No positions found, skipping
utility_to_osm - ERROR - ssr:stedsnr = 1016780. No positions found, skipping
utility_to_osm - WARNING - ssr:stedsnr = 1016785: No priority spelling found for lang = no, using alt_name to get "[('no', 'Voldstadenga')]"
utility_to_osm - ERROR - ssr:stedsnr = 1016785. No positions found, skipping
utility_to_osm - ERROR - ssr:stedsnr = 1016841. No positions found, skipping
utility_to_osm - ERROR - ssr:stedsnr = 1016847. No positions found, skipping
utility_to_osm - WARNING - ssr:stedsnr = 1016733: No priority spelling found for lang = no, using alt_name to get "[('no', 'Bislingvegen')]"
utility_to_osm - ERROR - ssr:stedsnr = 1016733. No positions found, skipping
utility_to_osm - WARNING - ssr:stedsnr = 1016790: No priority spelling found for lang = no, using alt_name to get "[('no', 'Skoleberget')]"
utility_to_osm - ERROR - ssr:stedsnr = 1016790. No positions found, skipping
utility_to_osm - WARNING - ssr:stedsnr = 1016795: No priority spelling found for lang = no, using alt_name to get "[('no', 'Sveavegen')]"
utility_to_osm - ERROR - ssr:stedsnr = 1016795. No positions found, skipping
utility_to_osm - WARNING - ssr:stedsnr = 1016800: No priority spelling found for lang = no, using alt_name to get "[('no', 'Sagvegen')]"
utility_to_osm - ERROR - ssr:stedsnr = 1016800. No positions found, skipping
utility_to_osm - WARNING - ssr:stedsnr = 1016805: No priority spelling found for lang = no, using alt_name to get "[('no', 'Muttastien')]"
utility_to_osm - ERROR - ssr:stedsnr = 1016805. No positions found, skipping
utility_to_osm - ERROR - ssr:stedsnr = 1016812. No positions found, skipping
utility_to_osm - WARNING - ssr:stedsnr = 1016817: No priority spelling found for lang = no, using alt_name to get "[('no', 'Østhagan')]"
utility_to_osm - ERROR - ssr:stedsnr = 1016817. No positions found, skipping
utility_to_osm - WARNING - ssr:stedsnr = 1016823: No priority spelling found for lang = no, using alt_name to get "[('no', 'Nysetervegen')]"
utility_to_osm - ERROR - ssr:stedsnr = 1016823. No positions found, skipping
utility_to_osm - WARNING - ssr:stedsnr = 1016829: No priority spelling found for lang = no, using alt_name to get "[('no', 'Myllavegen')]"
utility_to_osm - ERROR - ssr:stedsnr = 1016829. No positions found, skipping
utility_to_osm - WARNING - ssr:stedsnr = 1016834: No priority spelling found for lang = no, using alt_name to get "[('no', 'Taubanen')]"
utility_to_osm - ERROR - ssr:stedsnr = 1016834. No positions found, skipping
utility_to_osm - ERROR - ssr:stedsnr = 1016857. No positions found, skipping
utility_to_osm - ERROR - ssr:stedsnr = 1016863. No positions found, skipping
utility_to_osm - WARNING - ssr:stedsnr = 1016869: No priority spelling found for lang = no, using alt_name to get "[('no', 'Bjørkealleen')]"
utility_to_osm - ERROR - ssr:stedsnr = 1016869. No positions found, skipping
utility_to_osm - ERROR - ssr:stedsnr = 1016875. No positions found, skipping
utility_to_osm - ERROR - ssr:stedsnr = 1016881. No positions found, skipping
utility_to_osm - ERROR - ssr:stedsnr = 1017699. No positions found, skipping
utility_to_osm - WARNING - ssr:stedsnr = 1017700: No priority spelling found for lang = no, using alt_name to get "[('no', 'Frøisligutua')]"
utility_to_osm - ERROR - ssr:stedsnr = 1017700. No positions found, skipping
utility_to_osm - WARNING - ssr:stedsnr = 1017701: No priority spelling found for lang = no, using alt_name to get "[('no', 'Lisbergvegen')]"
utility_to_osm - ERROR - ssr:stedsnr = 1017701. No positions found, skipping
utility_to_osm - WARNING - ssr:stedsnr = 1017702: No priority spelling found for lang = no, using alt_name to get "[('no', 'Hadelandsvegen')]"
utility_to_osm - ERROR - ssr:stedsnr = 1017702. No positions found, skipping
utility_to_osm - ERROR - ssr:stedsnr = 1017703. No positions found, skipping
utility_to_osm - ERROR - ssr:stedsnr = 1017704. No positions found, skipping
utility_to_osm - WARNING - ssr:stedsnr = 1017705: No priority spelling found for lang = no, using alt_name to get "[('no', 'Oppdalslinna')]"
utility_to_osm - ERROR - ssr:stedsnr = 1017705. No positions found, skipping
utility_to_osm - ERROR - ssr:stedsnr = 1017707. No positions found, skipping
utility_to_osm - ERROR - ssr:stedsnr = 1017708. No positions found, skipping
utility_to_osm - ERROR - ssr:stedsnr = 1017710. No positions found, skipping
utility_to_osm - ERROR - ssr:stedsnr = 1017712. No positions found, skipping
utility_to_osm - ERROR - ssr:stedsnr = 1017713. No positions found, skipping
utility_to_osm - WARNING - ssr:stedsnr = 1018187: No priority spelling found for lang = no, using alt_name to get "[('no', 'Morkagutua')]"
utility_to_osm - ERROR - ssr:stedsnr = 1018187. No positions found, skipping
utility_to_osm - WARNING - ssr:stedsnr = 1018188: No priority spelling found for lang = no, using alt_name to get "[('no', 'Åsvegen')]"
utility_to_osm - ERROR - ssr:stedsnr = 1018188. No positions found, skipping
utility_to_osm - WARNING - ssr:stedsnr = 1018190: No priority spelling found for lang = no, using alt_name to get "[('no', 'Brovollvegen')]"
utility_to_osm - ERROR - ssr:stedsnr = 1018190. No positions found, skipping
utility_to_osm - WARNING - ssr:stedsnr = 1018192: No priority spelling found for lang = no, using alt_name to get "[('no', 'Kilstadgutua')]"
utility_to_osm - ERROR - ssr:stedsnr = 1018192. No positions found, skipping
utility_to_osm - WARNING - ssr:stedsnr = 1018193: No priority spelling found for lang = no, using alt_name to get "[('no', 'Nedre Frøislievegen')]"
utility_to_osm - ERROR - ssr:stedsnr = 1018193. No positions found, skipping
utility_to_osm - WARNING - ssr:stedsnr = 1018196: No priority spelling found for lang = no, using alt_name to get "[('no', 'Rundelsvegen')]"
utility_to_osm - ERROR - ssr:stedsnr = 1018196. No positions found, skipping
utility_to_osm - WARNING - ssr:stedsnr = 1018198: No priority spelling found for lang = no, using alt_name to get "[('no', 'Østengstubben')]"
utility_to_osm - ERROR - ssr:stedsnr = 1018198. No positions found, skipping
utility_to_osm - WARNING - ssr:stedsnr = 1018200: No priority spelling found for lang = no, using alt_name to get "[('no', 'Brennbekkvegen')]"
utility_to_osm - ERROR - ssr:stedsnr = 1018200. No positions found, skipping
utility_to_osm - WARNING - ssr:stedsnr = 1018201: No priority spelling found for lang = no, using alt_name to get "[('no', 'Østenggutua')]"
utility_to_osm - ERROR - ssr:stedsnr = 1018201. No positions found, skipping
utility_to_osm - WARNING - ssr:stedsnr = 1018202: No priority spelling found for lang = no, using alt_name to get "[('no', 'Raastadvegen')]"
utility_to_osm - ERROR - ssr:stedsnr = 1018202. No positions found, skipping
utility_to_osm - WARNING - ssr:stedsnr = 1018205: No priority spelling found for lang = no, using alt_name to get "[('no', 'Munkerudvegen')]"
utility_to_osm - ERROR - ssr:stedsnr = 1018205. No positions found, skipping
utility_to_osm - WARNING - ssr:stedsnr = 1018208: No priority spelling found for lang = no, using alt_name to get "[('no', 'Møllevegen')]"
utility_to_osm - ERROR - ssr:stedsnr = 1018208. No positions found, skipping
utility_to_osm - WARNING - ssr:stedsnr = 1018211: No priority spelling found for lang = no, using alt_name to get "[('no', 'Leikvinvegen')]"
utility_to_osm - ERROR - ssr:stedsnr = 1018211. No positions found, skipping
utility_to_osm - WARNING - ssr:stedsnr = 1018212: No priority spelling found for lang = no, using alt_name to get "[('no', 'Nordre Fegate')]"
utility_to_osm - ERROR - ssr:stedsnr = 1018212. No positions found, skipping
utility_to_osm - WARNING - ssr:stedsnr = 1018213: No priority spelling found for lang = no, using alt_name to get "[('no', 'Maurtvedtgutua')]"
utility_to_osm - ERROR - ssr:stedsnr = 1018213. No positions found, skipping
utility_to_osm - WARNING - ssr:stedsnr = 1018214: No priority spelling found for lang = no, using alt_name to get "[('no', 'Hellerudvegen')]"
utility_to_osm - ERROR - ssr:stedsnr = 1018214. No positions found, skipping
utility_to_osm - WARNING - ssr:stedsnr = 1018146: No priority spelling found for lang = no, using alt_name to get "[('no', 'Gjerdingsvegen')]"
utility_to_osm - ERROR - ssr:stedsnr = 1018146. No positions found, skipping
utility_to_osm - WARNING - ssr:stedsnr = 1018148: No priority spelling found for lang = no, using alt_name to get "[('no', 'Sagbruksvegen')]"
utility_to_osm - ERROR - ssr:stedsnr = 1018148. No positions found, skipping
utility_to_osm - WARNING - ssr:stedsnr = 1018150: No priority spelling found for lang = no, using alt_name to get "[('no', 'Vikavegen')]"
utility_to_osm - ERROR - ssr:stedsnr = 1018150. No positions found, skipping
utility_to_osm - WARNING - ssr:stedsnr = 1018152: No priority spelling found for lang = no, using alt_name to get "[('no', 'Skardbrennvegen')]"
utility_to_osm - ERROR - ssr:stedsnr = 1018152. No positions found, skipping
utility_to_osm - WARNING - ssr:stedsnr = 1018154: No priority spelling found for lang = no, using alt_name to get "[('no', 'Skjervagutua')]"
utility_to_osm - ERROR - ssr:stedsnr = 1018154. No positions found, skipping
utility_to_osm - WARNING - ssr:stedsnr = 1018156: No priority spelling found for lang = no, using alt_name to get "[('no', 'Belternvegen')]"
utility_to_osm - ERROR - ssr:stedsnr = 1018156. No positions found, skipping
utility_to_osm - WARNING - ssr:stedsnr = 1018157: No priority spelling found for lang = no, using alt_name to get "[('no', 'Pankavegen')]"
utility_to_osm - ERROR - ssr:stedsnr = 1018157. No positions found, skipping
utility_to_osm - WARNING - ssr:stedsnr = 1018159: No priority spelling found for lang = no, using alt_name to get "[('no', 'Tangentråkket')]"
utility_to_osm - ERROR - ssr:stedsnr = 1018159. No positions found, skipping
utility_to_osm - WARNING - ssr:stedsnr = 1018160: No priority spelling found for lang = no, using alt_name to get "[('no', 'Kalrastvegen')]"
utility_to_osm - ERROR - ssr:stedsnr = 1018160. No positions found, skipping
utility_to_osm - WARNING - ssr:stedsnr = 1018162: No priority spelling found for lang = no, using alt_name to get "[('no', 'Myllabakken')]"
utility_to_osm - ERROR - ssr:stedsnr = 1018162. No positions found, skipping
utility_to_osm - WARNING - ssr:stedsnr = 1018163: No priority spelling found for lang = no, using alt_name to get "[('no', 'Lensmannsvika')]"
utility_to_osm - ERROR - ssr:stedsnr = 1018163. No positions found, skipping
utility_to_osm - WARNING - ssr:stedsnr = 1018164: No priority spelling found for lang = no, using alt_name to get "[('no', 'Myllagrenda')]"
utility_to_osm - ERROR - ssr:stedsnr = 1018164. No positions found, skipping
utility_to_osm - WARNING - ssr:stedsnr = 1018165: No priority spelling found for lang = no, using alt_name to get "[('no', 'Bratholtvegen')]"
utility_to_osm - ERROR - ssr:stedsnr = 1018165. No positions found, skipping
utility_to_osm - WARNING - ssr:stedsnr = 1018166: No priority spelling found for lang = no, using alt_name to get "[('no', 'Skaugerudlia')]"
utility_to_osm - ERROR - ssr:stedsnr = 1018166. No positions found, skipping
utility_to_osm - WARNING - ssr:stedsnr = 1018167: No priority spelling found for lang = no, using alt_name to get "[('no', 'Viggervegen')]"
utility_to_osm - ERROR - ssr:stedsnr = 1018167. No positions found, skipping
utility_to_osm - WARNING - ssr:stedsnr = 1018168: No priority spelling found for lang = no, using alt_name to get "[('no', 'Jostadvolla')]"
utility_to_osm - ERROR - ssr:stedsnr = 1018168. No positions found, skipping
utility_to_osm - WARNING - ssr:stedsnr = 1018169: No priority spelling found for lang = no, using alt_name to get "[('no', 'Vollabakken')]"
utility_to_osm - ERROR - ssr:stedsnr = 1018169. No positions found, skipping
utility_to_osm - WARNING - ssr:stedsnr = 1018170: No priority spelling found for lang = no, using alt_name to get "[('no', 'Nordstrandkollen')]"
utility_to_osm - ERROR - ssr:stedsnr = 1018170. No positions found, skipping
utility_to_osm - WARNING - ssr:stedsnr = 1018172: No priority spelling found for lang = no, using alt_name to get "[('no', 'Vollavegen')]"
utility_to_osm - ERROR - ssr:stedsnr = 1018172. No positions found, skipping
utility_to_osm - WARNING - ssr:stedsnr = 1018175: No priority spelling found for lang = no, using alt_name to get "[('no', 'Brattlia')]"
utility_to_osm - ERROR - ssr:stedsnr = 1018175. No positions found, skipping
utility_to_osm - WARNING - ssr:stedsnr = 1018177: No priority spelling found for lang = no, using alt_name to get "[('no', 'Sveasvingen')]"
utility_to_osm - ERROR - ssr:stedsnr = 1018177. No positions found, skipping
utility_to_osm - WARNING - ssr:stedsnr = 1018178: No priority spelling found for lang = no, using alt_name to get "[('no', 'Hasselbakken')]"
utility_to_osm - ERROR - ssr:stedsnr = 1018178. No positions found, skipping
utility_to_osm - WARNING - ssr:stedsnr = 1018180: No priority spelling found for lang = no, using alt_name to get "[('no', 'Hagagutua')]"
utility_to_osm - ERROR - ssr:stedsnr = 1018180. No positions found, skipping
utility_to_osm - WARNING - ssr:stedsnr = 1018181: No priority spelling found for lang = no, using alt_name to get "[('no', 'Kongellbakken')]"
utility_to_osm - ERROR - ssr:stedsnr = 1018181. No positions found, skipping
utility_to_osm - WARNING - ssr:stedsnr = 1018183: No priority spelling found for lang = no, using alt_name to get "[('no', 'Husergutua')]"
utility_to_osm - ERROR - ssr:stedsnr = 1018183. No positions found, skipping
utility_to_osm - WARNING - ssr:stedsnr = 1018184: No priority spelling found for lang = no, using alt_name to get "[('no', 'Frågåttvegen')]"
utility_to_osm - ERROR - ssr:stedsnr = 1018184. No positions found, skipping
utility_to_osm - WARNING - ssr:stedsnr = 1018185: No priority spelling found for lang = no, using alt_name to get "[('no', 'Garverivegen')]"
utility_to_osm - ERROR - ssr:stedsnr = 1018185. No positions found, skipping
utility_to_osm - WARNING - ssr:stedsnr = 1018236: No priority spelling found for lang = no, using alt_name to get "[('no', 'Liavegen')]"
utility_to_osm - ERROR - ssr:stedsnr = 1018236. No positions found, skipping
utility_to_osm - WARNING - ssr:stedsnr = 1018216: No priority spelling found for lang = no, using alt_name to get "[('no', 'Bratlievegen')]"
utility_to_osm - ERROR - ssr:stedsnr = 1018216. No positions found, skipping
utility_to_osm - WARNING - ssr:stedsnr = 1018218: No priority spelling found for lang = no, using alt_name to get "[('no', 'Hyttabakken')]"
utility_to_osm - ERROR - ssr:stedsnr = 1018218. No positions found, skipping
utility_to_osm - WARNING - ssr:stedsnr = 1018220: No priority spelling found for lang = no, using alt_name to get "[('no', 'Kapellvegen')]"
utility_to_osm - ERROR - ssr:stedsnr = 1018220. No positions found, skipping
utility_to_osm - WARNING - ssr:stedsnr = 1018221: No priority spelling found for lang = no, using alt_name to get "[('no', 'Blistenvegen')]"
utility_to_osm - ERROR - ssr:stedsnr = 1018221. No positions found, skipping
utility_to_osm - WARNING - ssr:stedsnr = 1018222: No priority spelling found for lang = no, using alt_name to get "[('no', 'Hovlandsvegen')]"
utility_to_osm - ERROR - ssr:stedsnr = 1018222. No positions found, skipping
utility_to_osm - WARNING - ssr:stedsnr = 1018223: No priority spelling found for lang = no, using alt_name to get "[('no', 'Blistentoppen')]"
utility_to_osm - ERROR - ssr:stedsnr = 1018223. No positions found, skipping
utility_to_osm - WARNING - ssr:stedsnr = 1018224: No priority spelling found for lang = no, using alt_name to get "[('no', 'Sollivegen')]"
utility_to_osm - ERROR - ssr:stedsnr = 1018224. No positions found, skipping
utility_to_osm - WARNING - ssr:stedsnr = 1018225: No priority spelling found for lang = no, using alt_name to get "[('no', 'Haakenstadlinna')]"
utility_to_osm - ERROR - ssr:stedsnr = 1018225. No positions found, skipping
utility_to_osm - WARNING - ssr:stedsnr = 1018227: No priority spelling found for lang = no, using alt_name to get "[('no', 'Heierenga')]"
utility_to_osm - ERROR - ssr:stedsnr = 1018227. No positions found, skipping
utility_to_osm - WARNING - ssr:stedsnr = 1018228: No priority spelling found for lang = no, using alt_name to get "[('no', 'Flågenvegen')]"
utility_to_osm - ERROR - ssr:stedsnr = 1018228. No positions found, skipping
utility_to_osm - WARNING - ssr:stedsnr = 1018229: No priority spelling found for lang = no, using alt_name to get "[('no', 'Brokerudvegen')]"
utility_to_osm - ERROR - ssr:stedsnr = 1018229. No positions found, skipping
utility_to_osm - WARNING - ssr:stedsnr = 1018230: No priority spelling found for lang = no, using alt_name to get "[('no', 'Ryavegen')]"
utility_to_osm - ERROR - ssr:stedsnr = 1018230. No positions found, skipping
utility_to_osm - WARNING - ssr:stedsnr = 1018231: No priority spelling found for lang = no, using alt_name to get "[('no', 'Saltsyregutua')]"
utility_to_osm - ERROR - ssr:stedsnr = 1018231. No positions found, skipping
utility_to_osm - WARNING - ssr:stedsnr = 1018232: No priority spelling found for lang = no, using alt_name to get "[('no', 'Råstadbakka')]"
utility_to_osm - ERROR - ssr:stedsnr = 1018232. No positions found, skipping
utility_to_osm - WARNING - ssr:stedsnr = 1018233: No priority spelling found for lang = no, using alt_name to get "[('no', 'Randsfjordlinna')]"
utility_to_osm - ERROR - ssr:stedsnr = 1018233. No positions found, skipping
utility_to_osm - WARNING - ssr:stedsnr = 1018234: No priority spelling found for lang = no, using alt_name to get "[('no', 'Søndre Ålsveg')]"
utility_to_osm - ERROR - ssr:stedsnr = 1018234. No positions found, skipping
utility_to_osm - WARNING - ssr:stedsnr = 1018292: No priority spelling found for lang = no, using alt_name to get "[('no', 'Holtåsveien')]"
utility_to_osm - WARNING - ssr:stedsnr = 1018298: No priority spelling found for lang = no, using alt_name to get "[('no', 'Rv. 4')]"
utility_to_osm - ERROR - ssr:stedsnr = 1018298. No positions found, skipping
utility_to_osm - WARNING - ssr:stedsnr = 1018542: No priority spelling found for lang = no, using alt_name to get "[('no', 'Kalvsjøhagen')]"
utility_to_osm - ERROR - ssr:stedsnr = 1018542. No positions found, skipping
utility_to_osm - WARNING - ssr:stedsnr = 1018545: No priority spelling found for lang = no, using alt_name to get "[('no', 'Flekkbyen')]"
utility_to_osm - ERROR - ssr:stedsnr = 1018545. No positions found, skipping
utility_to_osm - WARNING - ssr:stedsnr = 1018548: No priority spelling found for lang = no, using alt_name to get "[('no', 'Skogheimvegen')]"
utility_to_osm - ERROR - ssr:stedsnr = 1018548. No positions found, skipping
utility_to_osm - WARNING - ssr:stedsnr = 1018551: No priority spelling found for lang = no, using alt_name to get "[('no', 'Øiskoggutua')]"
utility_to_osm - ERROR - ssr:stedsnr = 1018551. No positions found, skipping
utility_to_osm - WARNING - ssr:stedsnr = 1018552: No priority spelling found for lang = no, using alt_name to get "[('no', 'Hallumsvegen')]"
utility_to_osm - ERROR - ssr:stedsnr = 1018552. No positions found, skipping
utility_to_osm - WARNING - ssr:stedsnr = 1018554: No priority spelling found for lang = no, using alt_name to get "[('no', 'Gamle Møllevegen')]"
utility_to_osm - ERROR - ssr:stedsnr = 1018554. No positions found, skipping
utility_to_osm - WARNING - ssr:stedsnr = 1018555: No priority spelling found for lang = no, using alt_name to get "[('no', 'Håvelsrudvegen')]"
utility_to_osm - ERROR - ssr:stedsnr = 1018555. No positions found, skipping
utility_to_osm - WARNING - ssr:stedsnr = 1018556: No priority spelling found for lang = no, using alt_name to get "[('no', 'Askersrudvegen')]"
utility_to_osm - ERROR - ssr:stedsnr = 1018556. No positions found, skipping
utility_to_osm - WARNING - ssr:stedsnr = 1018558: No priority spelling found for lang = no, using alt_name to get "[('no', 'Vangsgutua')]"
utility_to_osm - ERROR - ssr:stedsnr = 1018558. No positions found, skipping
utility_to_osm - WARNING - ssr:stedsnr = 1018560: No priority spelling found for lang = no, using alt_name to get "[('no', 'Dæhlinvegen')]"
utility_to_osm - ERROR - ssr:stedsnr = 1018560. No positions found, skipping
utility_to_osm - WARNING - ssr:stedsnr = 1018561: No priority spelling found for lang = no, using alt_name to get "[('no', 'Myrstugrenda')]"
utility_to_osm - ERROR - ssr:stedsnr = 1018561. No positions found, skipping
utility_to_osm - WARNING - ssr:stedsnr = 1018563: No priority spelling found for lang = no, using alt_name to get "[('no', 'Søndre Skøien veg')]"
utility_to_osm - ERROR - ssr:stedsnr = 1018563. No positions found, skipping
utility_to_osm - WARNING - ssr:stedsnr = 1018564: No priority spelling found for lang = no, using alt_name to get "[('no', 'Helgelandsbråtan')]"
utility_to_osm - ERROR - ssr:stedsnr = 1018564. No positions found, skipping
utility_to_osm - WARNING - ssr:stedsnr = 1018566: No priority spelling found for lang = no, using alt_name to get "[('no', 'Nedre Jernbaneveg')]"
utility_to_osm - ERROR - ssr:stedsnr = 1018566. No positions found, skipping
utility_to_osm - WARNING - ssr:stedsnr = 1018568: No priority spelling found for lang = no, using alt_name to get "[('no', 'Ulvengutua')]"
utility_to_osm - ERROR - ssr:stedsnr = 1018568. No positions found, skipping
utility_to_osm - WARNING - ssr:stedsnr = 1018586: No priority spelling found for lang = no, using alt_name to get "[('no', 'Bakketunvegen')]"
utility_to_osm - ERROR - ssr:stedsnr = 1018586. No positions found, skipping
utility_to_osm - WARNING - ssr:stedsnr = 1018589: No priority spelling found for lang = no, using alt_name to get "[('no', 'Vestre Helgelands veg')]"
utility_to_osm - ERROR - ssr:stedsnr = 1018589. No positions found, skipping
utility_to_osm - WARNING - ssr:stedsnr = 1018591: No priority spelling found for lang = no, using alt_name to get "[('no', 'Sørenggutua')]"
utility_to_osm - ERROR - ssr:stedsnr = 1018591. No positions found, skipping
utility_to_osm - WARNING - ssr:stedsnr = 1018593: No priority spelling found for lang = no, using alt_name to get "[('no', 'Oppenvegen')]"
utility_to_osm - ERROR - ssr:stedsnr = 1018593. No positions found, skipping
utility_to_osm - WARNING - ssr:stedsnr = 1018595: No priority spelling found for lang = no, using alt_name to get "[('no', 'Haugsgutua')]"
utility_to_osm - ERROR - ssr:stedsnr = 1018595. No positions found, skipping
utility_to_osm - WARNING - ssr:stedsnr = 1018597: No priority spelling found for lang = no, using alt_name to get "[('no', 'Bureiservegen')]"
utility_to_osm - ERROR - ssr:stedsnr = 1018597. No positions found, skipping
utility_to_osm - WARNING - ssr:stedsnr = 1018599: No priority spelling found for lang = no, using alt_name to get "[('no', 'Lunnerkollen')]"
utility_to_osm - ERROR - ssr:stedsnr = 1018599. No positions found, skipping
utility_to_osm - WARNING - ssr:stedsnr = 1018600: No priority spelling found for lang = no, using alt_name to get "[('no', 'Korsrudlinna')]"
utility_to_osm - ERROR - ssr:stedsnr = 1018600. No positions found, skipping
utility_to_osm - WARNING - ssr:stedsnr = 1018601: No priority spelling found for lang = no, using alt_name to get "[('no', 'Kongevegen')]"
utility_to_osm - ERROR - ssr:stedsnr = 1018601. No positions found, skipping
utility_to_osm - WARNING - ssr:stedsnr = 1018603: No priority spelling found for lang = no, using alt_name to get "[('no', 'Tomtervegen')]"
utility_to_osm - ERROR - ssr:stedsnr = 1018603. No positions found, skipping
utility_to_osm - WARNING - ssr:stedsnr = 1018604: No priority spelling found for lang = no, using alt_name to get "[('no', 'Rypsekkvegen')]"
utility_to_osm - ERROR - ssr:stedsnr = 1018604. No positions found, skipping
utility_to_osm - WARNING - ssr:stedsnr = 1018605: No priority spelling found for lang = no, using alt_name to get "[('no', 'Lunnerlinna')]"
utility_to_osm - ERROR - ssr:stedsnr = 1018605. No positions found, skipping
utility_to_osm - WARNING - ssr:stedsnr = 1018606: No priority spelling found for lang = no, using alt_name to get "[('no', 'Kjørkevegen')]"
utility_to_osm - ERROR - ssr:stedsnr = 1018606. No positions found, skipping
utility_to_osm - WARNING - ssr:stedsnr = 1018607: No priority spelling found for lang = no, using alt_name to get "[('no', 'Grindvollinna')]"
utility_to_osm - ERROR - ssr:stedsnr = 1018607. No positions found, skipping
utility_to_osm - WARNING - ssr:stedsnr = 1018570: No priority spelling found for lang = no, using alt_name to get "[('no', 'Hagareksla')]"
utility_to_osm - ERROR - ssr:stedsnr = 1018570. No positions found, skipping
utility_to_osm - WARNING - ssr:stedsnr = 1018573: No priority spelling found for lang = no, using alt_name to get "[('no', 'Skøienvegen')]"
utility_to_osm - ERROR - ssr:stedsnr = 1018573. No positions found, skipping
utility_to_osm - WARNING - ssr:stedsnr = 1018576: No priority spelling found for lang = no, using alt_name to get "[('no', 'Skirstadgutua')]"
utility_to_osm - ERROR - ssr:stedsnr = 1018576. No positions found, skipping
utility_to_osm - WARNING - ssr:stedsnr = 1018578: No priority spelling found for lang = no, using alt_name to get "[('no', 'Gamlevegen')]"
utility_to_osm - ERROR - ssr:stedsnr = 1018578. No positions found, skipping
utility_to_osm - WARNING - ssr:stedsnr = 1018580: No priority spelling found for lang = no, using alt_name to get "[('no', 'Maristugutua')]"
utility_to_osm - ERROR - ssr:stedsnr = 1018580. No positions found, skipping
utility_to_osm - WARNING - ssr:stedsnr = 1018582: No priority spelling found for lang = no, using alt_name to get "[('no', 'Lundvegen')]"
utility_to_osm - ERROR - ssr:stedsnr = 1018582. No positions found, skipping
utility_to_osm - WARNING - ssr:stedsnr = 1018584: No priority spelling found for lang = no, using alt_name to get "[('no', 'Bjørgevegen')]"
utility_to_osm - ERROR - ssr:stedsnr = 1018584. No positions found, skipping
utility_to_osm - WARNING - ssr:stedsnr = 1019049: No priority spelling found for lang = no, using alt_name to get "[('no', 'Oslolinna')]"
utility_to_osm - ERROR - ssr:stedsnr = 1019049. No positions found, skipping
utility_to_osm - WARNING - ssr:stedsnr = 1019051: No priority spelling found for lang = no, using alt_name to get "[('no', 'Håvelsrudenga')]"
utility_to_osm - ERROR - ssr:stedsnr = 1019051. No positions found, skipping
utility_to_osm - WARNING - ssr:stedsnr = 1019366: No priority spelling found for lang = no, using alt_name to get "[('no', 'Stasjonsgata')]"
utility_to_osm - ERROR - ssr:stedsnr = 1019366. No positions found, skipping
utility_to_osm - WARNING - ssr:stedsnr = 1019367: No priority spelling found for lang = no, using alt_name to get "[('no', 'Grindvollgata')]"
utility_to_osm - ERROR - ssr:stedsnr = 1019367. No positions found, skipping
utility_to_osm - WARNING - ssr:stedsnr = 1019368: No priority spelling found for lang = no, using alt_name to get "[('no', 'Markatoppen')]"
utility_to_osm - ERROR - ssr:stedsnr = 1019368. No positions found, skipping
utility_to_osm - WARNING - ssr:stedsnr = 1019369: No priority spelling found for lang = no, using alt_name to get "[('no', 'Nedre Ulven veg')]"
utility_to_osm - ERROR - ssr:stedsnr = 1019369. No positions found, skipping
utility_to_osm - WARNING - ssr:stedsnr = 1019370: No priority spelling found for lang = no, using alt_name to get "[('no', 'Kvennvegen')]"
utility_to_osm - ERROR - ssr:stedsnr = 1019370. No positions found, skipping
utility_to_osm - WARNING - ssr:stedsnr = 1019371: No priority spelling found for lang = no, using alt_name to get "[('no', 'Løkengutua')]"
utility_to_osm - ERROR - ssr:stedsnr = 1019371. No positions found, skipping
utility_to_osm - WARNING - ssr:stedsnr = 1019372: No priority spelling found for lang = no, using alt_name to get "[('no', 'Haugenvegen')]"
utility_to_osm - ERROR - ssr:stedsnr = 1019372. No positions found, skipping
utility_to_osm - WARNING - ssr:stedsnr = 1019373: No priority spelling found for lang = no, using alt_name to get "[('no', 'Vaterudsvegen')]"
utility_to_osm - ERROR - ssr:stedsnr = 1019373. No positions found, skipping
utility_to_osm - ERROR - ssr:stedsnr = 1072384. No positions found, skipping
utility_to_osm - WARNING - ssr:stedsnr = 1072385: No priority spelling found for lang = no, using alt_name to get "[('no', 'Stasjonsbakken')]"
utility_to_osm - ERROR - ssr:stedsnr = 1072385. No positions found, skipping
utility_to_osm - ERROR - ssr:stedsnr = 1073774. No positions found, skipping
utility_to_osm - WARNING - ssr:stedsnr = 1074403: No priority spelling found for lang = no, using alt_name to get "[('no', 'Viken fylke')]"
