utility_to_osm - ERROR - ERROR, no ending in ssr2_to_osm_data/data/3419/3419-ssr.xml? Trying to re-download
utility_to_osm - WARNING - ssr:stedsnr = 7266 has multiple (2) positions, using the first one!
utility_to_osm - WARNING - ssr:stedsnr = 7310 has multiple (2) positions, using the first one!
utility_to_osm - WARNING - ssr:stedsnr = 7319 has multiple (3) positions, using the first one!
utility_to_osm - WARNING - ssr:stedsnr = 7800 has multiple (2) positions, using the first one!
utility_to_osm - WARNING - ssr:stedsnr = 9617 has multiple (2) positions, using the first one!
utility_to_osm - WARNING - ssr:stedsnr = 9509: No priority spelling found for lang = no, using alt_name to get "[('no', 'Søndre Fløgen')]"
utility_to_osm - WARNING - ssr:stedsnr = 9509 has multiple (3) positions, using the first one!
utility_to_osm - WARNING - ssr:stedsnr = 9516 has multiple (2) positions, using the first one!
utility_to_osm - WARNING - ssr:stedsnr = 9712 has multiple (2) positions, using the first one!
utility_to_osm - WARNING - ssr:stedsnr = 9714 has multiple (2) positions, using the first one!
utility_to_osm - WARNING - ssr:stedsnr = 9715 has multiple (2) positions, using the first one!
utility_to_osm - WARNING - ssr:stedsnr = 9698 has multiple (2) positions, using the first one!
utility_to_osm - WARNING - ssr:stedsnr = 10583 has multiple (2) positions, using the first one!
utility_to_osm - WARNING - ssr:stedsnr = 20599: No priority spelling found for lang = no, using alt_name to get "[('no', 'Kristensonkoia')]"
utility_to_osm - WARNING - ssr:stedsnr = 67300 has multiple (2) positions, using the first one!
utility_to_osm - WARNING - ssr:stedsnr = 68349 has multiple (3) positions, using the first one!
utility_to_osm - WARNING - ssr:stedsnr = 68897 has multiple (4) positions, using the first one!
utility_to_osm - WARNING - ssr:stedsnr = 69741 has multiple (5) positions, using the first one!
utility_to_osm - WARNING - ssr:stedsnr = 70486 has multiple (3) positions, using the first one!
utility_to_osm - WARNING - ssr:stedsnr = 70630: No priority spelling found for lang = no, using alt_name to get "[('no', 'Gjerda')]"
utility_to_osm - WARNING - ssr:stedsnr = 70630 has multiple (11) positions, using the first one!
utility_to_osm - WARNING - ssr:stedsnr = 70572: No priority spelling found for lang = no, using alt_name to get "[('no', 'Lømyrkoia')]"
utility_to_osm - WARNING - ssr:stedsnr = 70572 has multiple (2) positions, using the first one!
utility_to_osm - WARNING - ssr:stedsnr = 70727 has multiple (2) positions, using the first one!
utility_to_osm - WARNING - ssr:stedsnr = 85088 has multiple (3) positions, using the first one!
utility_to_osm - WARNING - ssr:stedsnr = 249139 has multiple (2) positions, using the first one!
