utility_to_osm - ERROR - ERROR, no ending in ssr2_to_osm_data/data/1160/1160-ssr.xml? Trying to re-download
utility_to_osm - WARNING - ssr:stedsnr = 2325: No priority spelling found for lang = no, using alt_name to get "[('no', 'Hogganvik')]"
utility_to_osm - WARNING - ssr:stedsnr = 2031 has multiple (2) positions, using the first one!
utility_to_osm - WARNING - ssr:stedsnr = 2278 has multiple (2) positions, using the first one!
utility_to_osm - WARNING - ssr:stedsnr = 2811 has multiple (2) positions, using the first one!
utility_to_osm - WARNING - ssr:stedsnr = 3047 has multiple (2) positions, using the first one!
utility_to_osm - WARNING - ssr:stedsnr = 3416 has multiple (3) positions, using the first one!
utility_to_osm - WARNING - ssr:stedsnr = 3381 has multiple (2) positions, using the first one!
utility_to_osm - WARNING - ssr:stedsnr = 31723: No priority spelling found for lang = no, using alt_name to get "[('no', 'Kolltveit')]"
utility_to_osm - WARNING - ssr:stedsnr = 235895 has multiple (2) positions, using the first one!
utility_to_osm - WARNING - ssr:stedsnr = 63684 has multiple (5) positions, using the first one!
utility_to_osm - WARNING - ssr:stedsnr = 63817 has multiple (2) positions, using the first one!
utility_to_osm - WARNING - ssr:stedsnr = 63820 has multiple (2) positions, using the first one!
utility_to_osm - ERROR - ssr:stedsnr = 63823: Adding multiple names to name tag, this is not OK! name = "Paddetjørna;Longalandstjørna"
utility_to_osm - WARNING - ssr:stedsnr = 64365 has multiple (3) positions, using the first one!
utility_to_osm - WARNING - ssr:stedsnr = 64267 has multiple (2) positions, using the first one!
utility_to_osm - WARNING - ssr:stedsnr = 64271 has multiple (2) positions, using the first one!
utility_to_osm - WARNING - ssr:stedsnr = 64921 has multiple (2) positions, using the first one!
utility_to_osm - WARNING - ssr:stedsnr = 65073 has multiple (2) positions, using the first one!
utility_to_osm - WARNING - ssr:stedsnr = 83693 has multiple (2) positions, using the first one!
utility_to_osm - WARNING - ssr:stedsnr = 245281 has multiple (2) positions, using the first one!
utility_to_osm - WARNING - ssr:stedsnr = 245284 has multiple (2) positions, using the first one!
utility_to_osm - WARNING - ssr:stedsnr = 245833 has multiple (4) positions, using the first one!
utility_to_osm - WARNING - ssr:stedsnr = 245865 has multiple (2) positions, using the first one!
utility_to_osm - WARNING - ssr:stedsnr = 245876 has multiple (3) positions, using the first one!
utility_to_osm - WARNING - ssr:stedsnr = 245862 has multiple (2) positions, using the first one!
utility_to_osm - WARNING - ssr:stedsnr = 246344 has multiple (3) positions, using the first one!
utility_to_osm - WARNING - ssr:stedsnr = 246345 has multiple (2) positions, using the first one!
utility_to_osm - WARNING - ssr:stedsnr = 246347 has multiple (2) positions, using the first one!
utility_to_osm - WARNING - ssr:stedsnr = 246539: No priority spelling found for lang = no, using alt_name to get "[('no', 'Helgeland')]"
utility_to_osm - WARNING - ssr:stedsnr = 246552 has multiple (6) positions, using the first one!
utility_to_osm - WARNING - ssr:stedsnr = 246559 has multiple (4) positions, using the first one!
utility_to_osm - WARNING - ssr:stedsnr = 246891 has multiple (2) positions, using the first one!
utility_to_osm - WARNING - ssr:stedsnr = 121235 has multiple (2) positions, using the first one!
utility_to_osm - WARNING - ssr:stedsnr = 123312 has multiple (2) positions, using the first one!
utility_to_osm - WARNING - ssr:stedsnr = 123806 has multiple (2) positions, using the first one!
utility_to_osm - WARNING - ssr:stedsnr = 123812 has multiple (3) positions, using the first one!
utility_to_osm - WARNING - ssr:stedsnr = 123861 has multiple (4) positions, using the first one!
utility_to_osm - WARNING - ssr:stedsnr = 124320 has multiple (2) positions, using the first one!
utility_to_osm - WARNING - ssr:stedsnr = 124263 has multiple (3) positions, using the first one!
utility_to_osm - WARNING - ssr:stedsnr = 124404 has multiple (5) positions, using the first one!
utility_to_osm - WARNING - ssr:stedsnr = 124554 has multiple (2) positions, using the first one!
utility_to_osm - WARNING - ssr:stedsnr = 124568 has multiple (2) positions, using the first one!
utility_to_osm - WARNING - ssr:stedsnr = 124854 has multiple (3) positions, using the first one!
utility_to_osm - WARNING - ssr:stedsnr = 125105 has multiple (2) positions, using the first one!
utility_to_osm - WARNING - ssr:stedsnr = 145128 has multiple (2) positions, using the first one!
utility_to_osm - WARNING - ssr:stedsnr = 146412 has multiple (2) positions, using the first one!
utility_to_osm - WARNING - ssr:stedsnr = 180711: No priority spelling found for lang = no, using alt_name to get "[('no', 'Velde')]"
utility_to_osm - WARNING - ssr:stedsnr = 185033 has multiple (6) positions, using the first one!
utility_to_osm - WARNING - ssr:stedsnr = 185382 has multiple (2) positions, using the first one!
utility_to_osm - WARNING - ssr:stedsnr = 263484: No priority spelling found for lang = no, using alt_name to get "[('no', 'Store Nerheim')]"
utility_to_osm - WARNING - ssr:stedsnr = 265660 has multiple (2) positions, using the first one!
utility_to_osm - WARNING - ssr:stedsnr = 207423 has multiple (2) positions, using the first one!
utility_to_osm - WARNING - ssr:stedsnr = 235937 has multiple (2) positions, using the first one!
utility_to_osm - WARNING - ssr:stedsnr = 245025 has multiple (2) positions, using the first one!
utility_to_osm - WARNING - ssr:stedsnr = 245737 has multiple (2) positions, using the first one!
utility_to_osm - WARNING - ssr:stedsnr = 246267 has multiple (2) positions, using the first one!
utility_to_osm - WARNING - ssr:stedsnr = 246274 has multiple (3) positions, using the first one!
utility_to_osm - WARNING - ssr:stedsnr = 246417 has multiple (2) positions, using the first one!
utility_to_osm - WARNING - ssr:stedsnr = 246315 has multiple (2) positions, using the first one!
utility_to_osm - WARNING - ssr:stedsnr = 246861: No priority spelling found for lang = no, using alt_name to get "[('no', 'Oppsal')]"
utility_to_osm - WARNING - ssr:stedsnr = 246873 has multiple (2) positions, using the first one!
utility_to_osm - WARNING - ssr:stedsnr = 246876 has multiple (6) positions, using the first one!
utility_to_osm - WARNING - ssr:stedsnr = 246882 has multiple (3) positions, using the first one!
utility_to_osm - WARNING - ssr:stedsnr = 247073 has multiple (3) positions, using the first one!
utility_to_osm - WARNING - ssr:stedsnr = 456717: No priority spelling found for lang = no, using alt_name to get "[('no', 'Kolltveit')]"
utility_to_osm - WARNING - ssr:stedsnr = 305028 has multiple (2) positions, using the first one!
utility_to_osm - WARNING - ssr:stedsnr = 305763 has multiple (2) positions, using the first one!
utility_to_osm - WARNING - ssr:stedsnr = 306515 has multiple (2) positions, using the first one!
utility_to_osm - WARNING - ssr:stedsnr = 306526 has multiple (4) positions, using the first one!
utility_to_osm - WARNING - ssr:stedsnr = 306570 has multiple (3) positions, using the first one!
utility_to_osm - WARNING - ssr:stedsnr = 306764 has multiple (2) positions, using the first one!
utility_to_osm - WARNING - ssr:stedsnr = 306769 has multiple (4) positions, using the first one!
utility_to_osm - WARNING - ssr:stedsnr = 306774 has multiple (2) positions, using the first one!
utility_to_osm - WARNING - ssr:stedsnr = 306906 has multiple (2) positions, using the first one!
utility_to_osm - WARNING - ssr:stedsnr = 306854 has multiple (3) positions, using the first one!
utility_to_osm - WARNING - ssr:stedsnr = 306869 has multiple (2) positions, using the first one!
utility_to_osm - WARNING - ssr:stedsnr = 306870 has multiple (4) positions, using the first one!
utility_to_osm - WARNING - ssr:stedsnr = 307652 has multiple (2) positions, using the first one!
utility_to_osm - WARNING - ssr:stedsnr = 307664 has multiple (3) positions, using the first one!
utility_to_osm - WARNING - ssr:stedsnr = 359051 has multiple (2) positions, using the first one!
utility_to_osm - WARNING - ssr:stedsnr = 366812 has multiple (3) positions, using the first one!
utility_to_osm - WARNING - ssr:stedsnr = 367077 has multiple (2) positions, using the first one!
utility_to_osm - WARNING - ssr:stedsnr = 367079 has multiple (2) positions, using the first one!
utility_to_osm - WARNING - ssr:stedsnr = 367379 has multiple (2) positions, using the first one!
utility_to_osm - WARNING - ssr:stedsnr = 367385 has multiple (2) positions, using the first one!
utility_to_osm - WARNING - ssr:stedsnr = 367391 has multiple (2) positions, using the first one!
utility_to_osm - WARNING - ssr:stedsnr = 367513 has multiple (2) positions, using the first one!
utility_to_osm - WARNING - ssr:stedsnr = 367427 has multiple (2) positions, using the first one!
utility_to_osm - ERROR - ssr:stedsnr = 367605: Adding multiple names to name tag, this is not OK! name = "Hovåsen;Hågåsen"
utility_to_osm - WARNING - ssr:stedsnr = 367587 has multiple (4) positions, using the first one!
utility_to_osm - WARNING - ssr:stedsnr = 482282 has multiple (2) positions, using the first one!
utility_to_osm - WARNING - ssr:stedsnr = 482909 has multiple (2) positions, using the first one!
utility_to_osm - ERROR - ssr:stedsnr = 408298. No positions found, skipping
utility_to_osm - WARNING - ssr:stedsnr = 487809 has multiple (3) positions, using the first one!
utility_to_osm - WARNING - ssr:stedsnr = 487847 has multiple (3) positions, using the first one!
utility_to_osm - WARNING - ssr:stedsnr = 488015 has multiple (3) positions, using the first one!
utility_to_osm - WARNING - ssr:stedsnr = 488250 has multiple (2) positions, using the first one!
utility_to_osm - WARNING - ssr:stedsnr = 488270 has multiple (2) positions, using the first one!
utility_to_osm - WARNING - ssr:stedsnr = 488281 has multiple (2) positions, using the first one!
utility_to_osm - WARNING - ssr:stedsnr = 488394 has multiple (2) positions, using the first one!
utility_to_osm - WARNING - ssr:stedsnr = 488561 has multiple (2) positions, using the first one!
utility_to_osm - WARNING - ssr:stedsnr = 488586 has multiple (2) positions, using the first one!
utility_to_osm - WARNING - ssr:stedsnr = 488624 has multiple (3) positions, using the first one!
utility_to_osm - WARNING - ssr:stedsnr = 488784 has multiple (3) positions, using the first one!
utility_to_osm - WARNING - ssr:stedsnr = 488837 has multiple (3) positions, using the first one!
utility_to_osm - WARNING - ssr:stedsnr = 488932 has multiple (2) positions, using the first one!
utility_to_osm - WARNING - ssr:stedsnr = 488933 has multiple (4) positions, using the first one!
utility_to_osm - WARNING - ssr:stedsnr = 488883 has multiple (3) positions, using the first one!
utility_to_osm - WARNING - ssr:stedsnr = 489488 has multiple (2) positions, using the first one!
utility_to_osm - WARNING - ssr:stedsnr = 489658 has multiple (2) positions, using the first one!
utility_to_osm - WARNING - ssr:stedsnr = 489691 has multiple (2) positions, using the first one!
utility_to_osm - WARNING - ssr:stedsnr = 489667 has multiple (2) positions, using the first one!
utility_to_osm - ERROR - ssr:stedsnr = 427776: Adding multiple names to name tag, this is not OK! name = "Stemmetjørna;Kalvalandsstemmen"
utility_to_osm - WARNING - ssr:stedsnr = 427780 has multiple (3) positions, using the first one!
utility_to_osm - WARNING - ssr:stedsnr = 427809 has multiple (15) positions, using the first one!
utility_to_osm - WARNING - ssr:stedsnr = 428005 has multiple (19) positions, using the first one!
utility_to_osm - WARNING - ssr:stedsnr = 428268 has multiple (2) positions, using the first one!
utility_to_osm - WARNING - ssr:stedsnr = 428525 has multiple (2) positions, using the first one!
utility_to_osm - WARNING - ssr:stedsnr = 428620 has multiple (3) positions, using the first one!
utility_to_osm - WARNING - ssr:stedsnr = 445476: No priority spelling found for lang = no, using alt_name to get "[('no', 'Store Nerheim')]"
utility_to_osm - WARNING - ssr:stedsnr = 445476 has multiple (2) positions, using the first one!
utility_to_osm - WARNING - ssr:stedsnr = 445477: No priority spelling found for lang = no, using alt_name to get "[('no', 'Litle Nerheim')]"
utility_to_osm - WARNING - ssr:stedsnr = 445479: No priority spelling found for lang = no, using alt_name to get "[('no', 'Store Nerheim')]"
utility_to_osm - WARNING - ssr:stedsnr = 671100 has multiple (3) positions, using the first one!
utility_to_osm - WARNING - ssr:stedsnr = 671336 has multiple (3) positions, using the first one!
utility_to_osm - WARNING - ssr:stedsnr = 671396 has multiple (2) positions, using the first one!
utility_to_osm - WARNING - ssr:stedsnr = 461880: No priority spelling found for lang = no, using alt_name to get "[('no', 'Fatland')]"
utility_to_osm - WARNING - ssr:stedsnr = 487270: No priority spelling found for lang = no, using alt_name to get "[('no', 'Oppsalsholmen')]"
utility_to_osm - WARNING - ssr:stedsnr = 487270 has multiple (2) positions, using the first one!
utility_to_osm - WARNING - ssr:stedsnr = 487858 has multiple (2) positions, using the first one!
utility_to_osm - WARNING - ssr:stedsnr = 488326 has multiple (3) positions, using the first one!
utility_to_osm - WARNING - ssr:stedsnr = 488354 has multiple (3) positions, using the first one!
utility_to_osm - WARNING - ssr:stedsnr = 488599 has multiple (2) positions, using the first one!
utility_to_osm - WARNING - ssr:stedsnr = 488903 has multiple (2) positions, using the first one!
utility_to_osm - WARNING - ssr:stedsnr = 489049 has multiple (3) positions, using the first one!
utility_to_osm - WARNING - ssr:stedsnr = 543318 has multiple (2) positions, using the first one!
utility_to_osm - WARNING - ssr:stedsnr = 544884 has multiple (2) positions, using the first one!
utility_to_osm - WARNING - ssr:stedsnr = 548017 has multiple (2) positions, using the first one!
utility_to_osm - WARNING - ssr:stedsnr = 548812 has multiple (2) positions, using the first one!
utility_to_osm - WARNING - ssr:stedsnr = 548819 has multiple (2) positions, using the first one!
utility_to_osm - WARNING - ssr:stedsnr = 548756: No priority spelling found for lang = no, using alt_name to get "[('no', 'Eikanes')]"
utility_to_osm - WARNING - ssr:stedsnr = 548756 has multiple (2) positions, using the first one!
utility_to_osm - WARNING - ssr:stedsnr = 548770 has multiple (2) positions, using the first one!
utility_to_osm - WARNING - ssr:stedsnr = 549126 has multiple (3) positions, using the first one!
utility_to_osm - WARNING - ssr:stedsnr = 549902 has multiple (3) positions, using the first one!
utility_to_osm - WARNING - ssr:stedsnr = 549866 has multiple (2) positions, using the first one!
utility_to_osm - WARNING - ssr:stedsnr = 688466: No priority spelling found for lang = no, using alt_name to get "[('no', 'Store Nerheim')]"
utility_to_osm - WARNING - ssr:stedsnr = 688974: No priority spelling found for lang = no, using alt_name to get "[('no', 'Bala')]"
utility_to_osm - WARNING - ssr:stedsnr = 609309 has multiple (3) positions, using the first one!
utility_to_osm - WARNING - ssr:stedsnr = 609287 has multiple (2) positions, using the first one!
utility_to_osm - WARNING - ssr:stedsnr = 609291 has multiple (3) positions, using the first one!
utility_to_osm - WARNING - ssr:stedsnr = 609296 has multiple (2) positions, using the first one!
utility_to_osm - WARNING - ssr:stedsnr = 609297 has multiple (2) positions, using the first one!
utility_to_osm - WARNING - ssr:stedsnr = 609554 has multiple (2) positions, using the first one!
utility_to_osm - WARNING - ssr:stedsnr = 609558 has multiple (2) positions, using the first one!
utility_to_osm - WARNING - ssr:stedsnr = 609582 has multiple (2) positions, using the first one!
utility_to_osm - WARNING - ssr:stedsnr = 609842 has multiple (5) positions, using the first one!
utility_to_osm - WARNING - ssr:stedsnr = 610103 has multiple (3) positions, using the first one!
utility_to_osm - WARNING - ssr:stedsnr = 610108 has multiple (5) positions, using the first one!
utility_to_osm - WARNING - ssr:stedsnr = 663031 has multiple (2) positions, using the first one!
utility_to_osm - WARNING - ssr:stedsnr = 669822 has multiple (2) positions, using the first one!
utility_to_osm - WARNING - ssr:stedsnr = 670276 has multiple (2) positions, using the first one!
utility_to_osm - WARNING - ssr:stedsnr = 670288 has multiple (2) positions, using the first one!
utility_to_osm - WARNING - ssr:stedsnr = 670291: No priority spelling found for lang = no, using alt_name to get "[('no', 'Velle')]"
utility_to_osm - WARNING - ssr:stedsnr = 671423 has multiple (2) positions, using the first one!
utility_to_osm - WARNING - ssr:stedsnr = 671665 has multiple (5) positions, using the first one!
utility_to_osm - WARNING - ssr:stedsnr = 691789 has multiple (2) positions, using the first one!
utility_to_osm - ERROR - ssr:stedsnr = 894751. No positions found, skipping
utility_to_osm - WARNING - ssr:stedsnr = 725777 has multiple (2) positions, using the first one!
utility_to_osm - WARNING - ssr:stedsnr = 731208 has multiple (2) positions, using the first one!
utility_to_osm - WARNING - ssr:stedsnr = 731224 has multiple (4) positions, using the first one!
utility_to_osm - WARNING - ssr:stedsnr = 731276 has multiple (2) positions, using the first one!
utility_to_osm - WARNING - ssr:stedsnr = 731306 has multiple (3) positions, using the first one!
utility_to_osm - WARNING - ssr:stedsnr = 731577 has multiple (2) positions, using the first one!
utility_to_osm - WARNING - ssr:stedsnr = 781805 has multiple (4) positions, using the first one!
utility_to_osm - WARNING - ssr:stedsnr = 791021 has multiple (2) positions, using the first one!
utility_to_osm - WARNING - ssr:stedsnr = 791307 has multiple (2) positions, using the first one!
utility_to_osm - WARNING - ssr:stedsnr = 791810 has multiple (2) positions, using the first one!
utility_to_osm - WARNING - ssr:stedsnr = 792034 has multiple (2) positions, using the first one!
utility_to_osm - WARNING - ssr:stedsnr = 792240 has multiple (2) positions, using the first one!
utility_to_osm - WARNING - ssr:stedsnr = 792403 has multiple (5) positions, using the first one!
utility_to_osm - WARNING - ssr:stedsnr = 792320 has multiple (2) positions, using the first one!
utility_to_osm - WARNING - ssr:stedsnr = 792324 has multiple (2) positions, using the first one!
utility_to_osm - WARNING - ssr:stedsnr = 792341 has multiple (2) positions, using the first one!
utility_to_osm - WARNING - ssr:stedsnr = 792387 has multiple (3) positions, using the first one!
utility_to_osm - WARNING - ssr:stedsnr = 792607 has multiple (2) positions, using the first one!
utility_to_osm - WARNING - ssr:stedsnr = 792539 has multiple (3) positions, using the first one!
utility_to_osm - WARNING - ssr:stedsnr = 792598 has multiple (3) positions, using the first one!
utility_to_osm - WARNING - ssr:stedsnr = 912291 has multiple (2) positions, using the first one!
utility_to_osm - WARNING - ssr:stedsnr = 912859: No priority spelling found for lang = no, using alt_name to get "[('no', 'Kjøltveit')]"
utility_to_osm - WARNING - ssr:stedsnr = 913270 has multiple (2) positions, using the first one!
utility_to_osm - WARNING - ssr:stedsnr = 913302 has multiple (2) positions, using the first one!
utility_to_osm - WARNING - ssr:stedsnr = 913312 has multiple (19) positions, using the first one!
utility_to_osm - WARNING - ssr:stedsnr = 913366 has multiple (2) positions, using the first one!
utility_to_osm - WARNING - ssr:stedsnr = 913553 has multiple (2) positions, using the first one!
utility_to_osm - WARNING - ssr:stedsnr = 913564 has multiple (2) positions, using the first one!
utility_to_osm - WARNING - ssr:stedsnr = 913565 has multiple (4) positions, using the first one!
utility_to_osm - WARNING - ssr:stedsnr = 913576 has multiple (3) positions, using the first one!
utility_to_osm - WARNING - ssr:stedsnr = 913577: No priority spelling found for lang = no, using alt_name to get "[('no', 'Hundseid')]"
utility_to_osm - WARNING - ssr:stedsnr = 913663 has multiple (4) positions, using the first one!
utility_to_osm - WARNING - ssr:stedsnr = 913769 has multiple (3) positions, using the first one!
utility_to_osm - WARNING - ssr:stedsnr = 913859 has multiple (2) positions, using the first one!
utility_to_osm - WARNING - ssr:stedsnr = 913876 has multiple (2) positions, using the first one!
utility_to_osm - WARNING - ssr:stedsnr = 914270 has multiple (2) positions, using the first one!
utility_to_osm - WARNING - ssr:stedsnr = 812716 has multiple (2) positions, using the first one!
utility_to_osm - WARNING - ssr:stedsnr = 847325 has multiple (3) positions, using the first one!
utility_to_osm - WARNING - ssr:stedsnr = 848716: No priority spelling found for lang = no, using alt_name to get "[('no', 'Velde')]"
utility_to_osm - WARNING - ssr:stedsnr = 852074 has multiple (2) positions, using the first one!
utility_to_osm - WARNING - ssr:stedsnr = 852281 has multiple (3) positions, using the first one!
utility_to_osm - WARNING - ssr:stedsnr = 852769 has multiple (2) positions, using the first one!
utility_to_osm - WARNING - ssr:stedsnr = 852773 has multiple (2) positions, using the first one!
utility_to_osm - WARNING - ssr:stedsnr = 852777 has multiple (2) positions, using the first one!
utility_to_osm - WARNING - ssr:stedsnr = 852808 has multiple (2) positions, using the first one!
utility_to_osm - WARNING - ssr:stedsnr = 852813 has multiple (2) positions, using the first one!
utility_to_osm - WARNING - ssr:stedsnr = 853264 has multiple (2) positions, using the first one!
utility_to_osm - WARNING - ssr:stedsnr = 853270 has multiple (2) positions, using the first one!
utility_to_osm - WARNING - ssr:stedsnr = 853428 has multiple (2) positions, using the first one!
utility_to_osm - WARNING - ssr:stedsnr = 853553 has multiple (2) positions, using the first one!
utility_to_osm - WARNING - ssr:stedsnr = 853910: No priority spelling found for lang = no, using alt_name to get "[('no', 'Strand')]"
utility_to_osm - WARNING - ssr:stedsnr = 854066 has multiple (2) positions, using the first one!
utility_to_osm - WARNING - ssr:stedsnr = 912843 has multiple (2) positions, using the first one!
utility_to_osm - WARNING - ssr:stedsnr = 913240 has multiple (3) positions, using the first one!
utility_to_osm - WARNING - ssr:stedsnr = 913781 has multiple (3) positions, using the first one!
utility_to_osm - WARNING - ssr:stedsnr = 913796 has multiple (3) positions, using the first one!
utility_to_osm - WARNING - ssr:stedsnr = 913899 has multiple (2) positions, using the first one!
utility_to_osm - WARNING - ssr:stedsnr = 913900 has multiple (2) positions, using the first one!
utility_to_osm - WARNING - ssr:stedsnr = 914325 has multiple (4) positions, using the first one!
utility_to_osm - ERROR - ssr:stedsnr = 972709. No positions found, skipping
utility_to_osm - WARNING - ssr:stedsnr = 973340: No priority spelling found for lang = no, using alt_name to get "[('no', 'Spreng')]"
utility_to_osm - WARNING - ssr:stedsnr = 973342: No priority spelling found for lang = no, using alt_name to get "[('no', 'Pøyla')]"
utility_to_osm - WARNING - ssr:stedsnr = 974694: No priority spelling found for lang = no, using alt_name to get "[('no', 'Eggjafjellet')]"
utility_to_osm - ERROR - ssr:stedsnr = 974904. No positions found, skipping
utility_to_osm - ERROR - ssr:stedsnr = 974905. No positions found, skipping
utility_to_osm - ERROR - ssr:stedsnr = 974906. No positions found, skipping
utility_to_osm - WARNING - ssr:stedsnr = 1641 has multiple (11) positions, using the first one!
utility_to_osm - WARNING - ssr:stedsnr = 2762 has multiple (2) positions, using the first one!
utility_to_osm - WARNING - ssr:stedsnr = 3282 has multiple (3) positions, using the first one!
utility_to_osm - WARNING - ssr:stedsnr = 2021 has multiple (2) positions, using the first one!
utility_to_osm - WARNING - ssr:stedsnr = 2023 has multiple (2) positions, using the first one!
utility_to_osm - WARNING - ssr:stedsnr = 2789 has multiple (2) positions, using the first one!
utility_to_osm - WARNING - ssr:stedsnr = 2815 has multiple (2) positions, using the first one!
utility_to_osm - WARNING - ssr:stedsnr = 2826 has multiple (4) positions, using the first one!
utility_to_osm - WARNING - ssr:stedsnr = 2831 has multiple (2) positions, using the first one!
utility_to_osm - WARNING - ssr:stedsnr = 3222 has multiple (2) positions, using the first one!
utility_to_osm - WARNING - ssr:stedsnr = 3327 has multiple (3) positions, using the first one!
utility_to_osm - WARNING - ssr:stedsnr = 3340 has multiple (2) positions, using the first one!
utility_to_osm - WARNING - ssr:stedsnr = 3361 has multiple (2) positions, using the first one!
utility_to_osm - WARNING - ssr:stedsnr = 3528 has multiple (4) positions, using the first one!
utility_to_osm - WARNING - ssr:stedsnr = 3542 has multiple (2) positions, using the first one!
utility_to_osm - WARNING - ssr:stedsnr = 3558 has multiple (2) positions, using the first one!
utility_to_osm - WARNING - ssr:stedsnr = 3583 has multiple (2) positions, using the first one!
utility_to_osm - WARNING - ssr:stedsnr = 23678 has multiple (2) positions, using the first one!
utility_to_osm - ERROR - ssr:stedsnr = 44071. No positions found, skipping
utility_to_osm - WARNING - ssr:stedsnr = 56892 has multiple (2) positions, using the first one!
utility_to_osm - WARNING - ssr:stedsnr = 64339 has multiple (2) positions, using the first one!
utility_to_osm - WARNING - ssr:stedsnr = 64354 has multiple (2) positions, using the first one!
utility_to_osm - ERROR - ssr:stedsnr = 63483: Adding multiple names to name tag, this is not OK! name = "Øvrabø;Øvrebø"
utility_to_osm - WARNING - ssr:stedsnr = 63038 has multiple (3) positions, using the first one!
utility_to_osm - WARNING - ssr:stedsnr = 63337 has multiple (2) positions, using the first one!
utility_to_osm - WARNING - ssr:stedsnr = 63338 has multiple (2) positions, using the first one!
utility_to_osm - WARNING - ssr:stedsnr = 63345 has multiple (2) positions, using the first one!
utility_to_osm - WARNING - ssr:stedsnr = 64300 has multiple (2) positions, using the first one!
utility_to_osm - WARNING - ssr:stedsnr = 64419 has multiple (2) positions, using the first one!
utility_to_osm - WARNING - ssr:stedsnr = 64594 has multiple (3) positions, using the first one!
utility_to_osm - WARNING - ssr:stedsnr = 64622 has multiple (2) positions, using the first one!
utility_to_osm - WARNING - ssr:stedsnr = 64633 has multiple (2) positions, using the first one!
utility_to_osm - WARNING - ssr:stedsnr = 81487: No priority spelling found for lang = no, using alt_name to get "[('no', 'Litle Nerheim')]"
utility_to_osm - WARNING - ssr:stedsnr = 117255 has multiple (2) positions, using the first one!
utility_to_osm - WARNING - ssr:stedsnr = 123836 has multiple (2) positions, using the first one!
utility_to_osm - WARNING - ssr:stedsnr = 123799: No priority spelling found for lang = no, using alt_name to get "[('no', 'Stokka')]"
utility_to_osm - WARNING - ssr:stedsnr = 124499 has multiple (2) positions, using the first one!
utility_to_osm - WARNING - ssr:stedsnr = 124218 has multiple (2) positions, using the first one!
utility_to_osm - WARNING - ssr:stedsnr = 124350 has multiple (2) positions, using the first one!
utility_to_osm - WARNING - ssr:stedsnr = 124587 has multiple (2) positions, using the first one!
utility_to_osm - WARNING - ssr:stedsnr = 124836 has multiple (4) positions, using the first one!
utility_to_osm - WARNING - ssr:stedsnr = 124840 has multiple (2) positions, using the first one!
utility_to_osm - WARNING - ssr:stedsnr = 124847 has multiple (2) positions, using the first one!
utility_to_osm - WARNING - ssr:stedsnr = 124930 has multiple (3) positions, using the first one!
utility_to_osm - WARNING - ssr:stedsnr = 124873 has multiple (2) positions, using the first one!
utility_to_osm - WARNING - ssr:stedsnr = 124875 has multiple (2) positions, using the first one!
utility_to_osm - WARNING - ssr:stedsnr = 124879 has multiple (2) positions, using the first one!
utility_to_osm - WARNING - ssr:stedsnr = 124881 has multiple (3) positions, using the first one!
utility_to_osm - WARNING - ssr:stedsnr = 144689 has multiple (2) positions, using the first one!
utility_to_osm - WARNING - ssr:stedsnr = 174928 has multiple (2) positions, using the first one!
utility_to_osm - WARNING - ssr:stedsnr = 184297 has multiple (2) positions, using the first one!
utility_to_osm - WARNING - ssr:stedsnr = 184818 has multiple (2) positions, using the first one!
utility_to_osm - WARNING - ssr:stedsnr = 184823 has multiple (2) positions, using the first one!
utility_to_osm - WARNING - ssr:stedsnr = 184757 has multiple (3) positions, using the first one!
utility_to_osm - WARNING - ssr:stedsnr = 184771 has multiple (2) positions, using the first one!
utility_to_osm - WARNING - ssr:stedsnr = 184778 has multiple (2) positions, using the first one!
utility_to_osm - WARNING - ssr:stedsnr = 185029 has multiple (2) positions, using the first one!
utility_to_osm - WARNING - ssr:stedsnr = 185272 has multiple (2) positions, using the first one!
utility_to_osm - WARNING - ssr:stedsnr = 185280 has multiple (2) positions, using the first one!
utility_to_osm - WARNING - ssr:stedsnr = 185297 has multiple (2) positions, using the first one!
utility_to_osm - WARNING - ssr:stedsnr = 185357 has multiple (2) positions, using the first one!
utility_to_osm - WARNING - ssr:stedsnr = 185367 has multiple (2) positions, using the first one!
utility_to_osm - WARNING - ssr:stedsnr = 185371 has multiple (2) positions, using the first one!
utility_to_osm - WARNING - ssr:stedsnr = 185545: No priority spelling found for lang = no, using alt_name to get "[('no', 'Vestbø')]"
utility_to_osm - WARNING - ssr:stedsnr = 185562 has multiple (2) positions, using the first one!
utility_to_osm - WARNING - ssr:stedsnr = 203475: No priority spelling found for lang = no, using alt_name to get "[('no', 'Store Nerheim')]"
utility_to_osm - WARNING - ssr:stedsnr = 205680 has multiple (2) positions, using the first one!
utility_to_osm - WARNING - ssr:stedsnr = 282139 has multiple (2) positions, using the first one!
utility_to_osm - ERROR - ssr:stedsnr = 290958: Adding multiple names to name tag, this is not OK! name = "Vaka;Vake"
utility_to_osm - WARNING - ssr:stedsnr = 300410 has multiple (2) positions, using the first one!
utility_to_osm - WARNING - ssr:stedsnr = 306232 has multiple (3) positions, using the first one!
utility_to_osm - WARNING - ssr:stedsnr = 305827 has multiple (3) positions, using the first one!
utility_to_osm - WARNING - ssr:stedsnr = 305848 has multiple (2) positions, using the first one!
utility_to_osm - WARNING - ssr:stedsnr = 306274 has multiple (2) positions, using the first one!
utility_to_osm - WARNING - ssr:stedsnr = 306371 has multiple (2) positions, using the first one!
utility_to_osm - ERROR - ssr:stedsnr = 307491: Adding multiple names to name tag, this is not OK! name = "Mækjevika;Kjellasvik"
utility_to_osm - WARNING - ssr:stedsnr = 324462: No priority spelling found for lang = no, using alt_name to get "[('no', 'Litle Nerheim')]"
utility_to_osm - WARNING - ssr:stedsnr = 324462 has multiple (2) positions, using the first one!
utility_to_osm - WARNING - ssr:stedsnr = 324952: No priority spelling found for lang = no, using alt_name to get "[('no', 'Nygård')]"
utility_to_osm - WARNING - ssr:stedsnr = 324956: No priority spelling found for lang = no, using alt_name to get "[('no', 'Raunes')]"
utility_to_osm - WARNING - ssr:stedsnr = 328445 has multiple (2) positions, using the first one!
utility_to_osm - ERROR - ssr:stedsnr = 367020: Adding multiple names to name tag, this is not OK! name = "Glopsøya;Nautøy"
utility_to_osm - WARNING - ssr:stedsnr = 366040 has multiple (2) positions, using the first one!
utility_to_osm - WARNING - ssr:stedsnr = 366271 has multiple (2) positions, using the first one!
utility_to_osm - WARNING - ssr:stedsnr = 366794 has multiple (2) positions, using the first one!
utility_to_osm - WARNING - ssr:stedsnr = 366822: No priority spelling found for lang = no, using alt_name to get "[('no', 'Kårhus')]"
utility_to_osm - WARNING - ssr:stedsnr = 366829 has multiple (10) positions, using the first one!
utility_to_osm - WARNING - ssr:stedsnr = 367267 has multiple (2) positions, using the first one!
utility_to_osm - WARNING - ssr:stedsnr = 367290 has multiple (3) positions, using the first one!
utility_to_osm - WARNING - ssr:stedsnr = 367294 has multiple (2) positions, using the first one!
utility_to_osm - WARNING - ssr:stedsnr = 367301 has multiple (2) positions, using the first one!
utility_to_osm - WARNING - ssr:stedsnr = 367305 has multiple (2) positions, using the first one!
utility_to_osm - WARNING - ssr:stedsnr = 367314 has multiple (2) positions, using the first one!
utility_to_osm - WARNING - ssr:stedsnr = 367315 has multiple (2) positions, using the first one!
utility_to_osm - WARNING - ssr:stedsnr = 367528 has multiple (4) positions, using the first one!
utility_to_osm - WARNING - ssr:stedsnr = 367538 has multiple (3) positions, using the first one!
utility_to_osm - WARNING - ssr:stedsnr = 367900 has multiple (2) positions, using the first one!
utility_to_osm - WARNING - ssr:stedsnr = 367860 has multiple (2) positions, using the first one!
utility_to_osm - WARNING - ssr:stedsnr = 368109 has multiple (2) positions, using the first one!
utility_to_osm - WARNING - ssr:stedsnr = 386666 has multiple (2) positions, using the first one!
utility_to_osm - WARNING - ssr:stedsnr = 390731 has multiple (2) positions, using the first one!
utility_to_osm - WARNING - ssr:stedsnr = 427011 has multiple (2) positions, using the first one!
utility_to_osm - WARNING - ssr:stedsnr = 427832 has multiple (2) positions, using the first one!
utility_to_osm - WARNING - ssr:stedsnr = 428532 has multiple (2) positions, using the first one!
utility_to_osm - WARNING - ssr:stedsnr = 428329 has multiple (2) positions, using the first one!
utility_to_osm - WARNING - ssr:stedsnr = 429081 has multiple (2) positions, using the first one!
utility_to_osm - WARNING - ssr:stedsnr = 428233 has multiple (2) positions, using the first one!
utility_to_osm - WARNING - ssr:stedsnr = 428235 has multiple (2) positions, using the first one!
utility_to_osm - WARNING - ssr:stedsnr = 428545 has multiple (2) positions, using the first one!
utility_to_osm - WARNING - ssr:stedsnr = 428550 has multiple (2) positions, using the first one!
utility_to_osm - WARNING - ssr:stedsnr = 428580 has multiple (2) positions, using the first one!
utility_to_osm - WARNING - ssr:stedsnr = 428582: No priority spelling found for lang = no, using alt_name to get "[('no', 'Fatland')]"
utility_to_osm - WARNING - ssr:stedsnr = 428586 has multiple (2) positions, using the first one!
utility_to_osm - WARNING - ssr:stedsnr = 428594 has multiple (3) positions, using the first one!
utility_to_osm - WARNING - ssr:stedsnr = 428886 has multiple (2) positions, using the first one!
utility_to_osm - WARNING - ssr:stedsnr = 428895 has multiple (2) positions, using the first one!
utility_to_osm - WARNING - ssr:stedsnr = 445956: No priority spelling found for lang = no, using alt_name to get "[('no', 'Beita')]"
utility_to_osm - WARNING - ssr:stedsnr = 448695 has multiple (2) positions, using the first one!
utility_to_osm - WARNING - ssr:stedsnr = 670790 has multiple (5) positions, using the first one!
utility_to_osm - WARNING - ssr:stedsnr = 511115 has multiple (10) positions, using the first one!
utility_to_osm - WARNING - ssr:stedsnr = 542446 has multiple (2) positions, using the first one!
utility_to_osm - WARNING - ssr:stedsnr = 549590 has multiple (2) positions, using the first one!
utility_to_osm - WARNING - ssr:stedsnr = 548740 has multiple (2) positions, using the first one!
utility_to_osm - WARNING - ssr:stedsnr = 548749 has multiple (2) positions, using the first one!
utility_to_osm - WARNING - ssr:stedsnr = 548834 has multiple (2) positions, using the first one!
utility_to_osm - WARNING - ssr:stedsnr = 548839 has multiple (4) positions, using the first one!
utility_to_osm - WARNING - ssr:stedsnr = 548845: No priority spelling found for lang = no, using alt_name to get "[('no', 'Eide')]"
utility_to_osm - WARNING - ssr:stedsnr = 548865 has multiple (2) positions, using the first one!
utility_to_osm - WARNING - ssr:stedsnr = 549027 has multiple (2) positions, using the first one!
utility_to_osm - WARNING - ssr:stedsnr = 549267 has multiple (3) positions, using the first one!
utility_to_osm - ERROR - ssr:stedsnr = 549319: Adding multiple names to name tag, this is not OK! name = "Bårefjellet;Bårefjell"
utility_to_osm - WARNING - ssr:stedsnr = 549324 has multiple (2) positions, using the first one!
utility_to_osm - WARNING - ssr:stedsnr = 549430 has multiple (2) positions, using the first one!
utility_to_osm - WARNING - ssr:stedsnr = 566286 has multiple (2) positions, using the first one!
utility_to_osm - WARNING - ssr:stedsnr = 568672 has multiple (2) positions, using the first one!
utility_to_osm - WARNING - ssr:stedsnr = 577751: No priority spelling found for lang = no, using alt_name to get "[('no', 'Kolltveit')]"
utility_to_osm - WARNING - ssr:stedsnr = 600788 has multiple (2) positions, using the first one!
utility_to_osm - WARNING - ssr:stedsnr = 602540 has multiple (2) positions, using the first one!
utility_to_osm - WARNING - ssr:stedsnr = 608800 has multiple (2) positions, using the first one!
utility_to_osm - WARNING - ssr:stedsnr = 608867: No priority spelling found for lang = no, using alt_name to get "[('no', 'Åm')]"
utility_to_osm - WARNING - ssr:stedsnr = 608875: No priority spelling found for lang = no, using alt_name to get "[('no', 'Vatne')]"
utility_to_osm - WARNING - ssr:stedsnr = 608879 has multiple (2) positions, using the first one!
utility_to_osm - WARNING - ssr:stedsnr = 608884: No priority spelling found for lang = no, using alt_name to get "[('no', 'Kolltveit')]"
utility_to_osm - WARNING - ssr:stedsnr = 609245 has multiple (2) positions, using the first one!
utility_to_osm - WARNING - ssr:stedsnr = 609253 has multiple (2) positions, using the first one!
utility_to_osm - WARNING - ssr:stedsnr = 609255 has multiple (2) positions, using the first one!
utility_to_osm - WARNING - ssr:stedsnr = 609265 has multiple (3) positions, using the first one!
utility_to_osm - WARNING - ssr:stedsnr = 609268 has multiple (2) positions, using the first one!
utility_to_osm - WARNING - ssr:stedsnr = 609271 has multiple (2) positions, using the first one!
utility_to_osm - WARNING - ssr:stedsnr = 609561 has multiple (2) positions, using the first one!
utility_to_osm - WARNING - ssr:stedsnr = 609578 has multiple (2) positions, using the first one!
utility_to_osm - WARNING - ssr:stedsnr = 609580 has multiple (3) positions, using the first one!
utility_to_osm - WARNING - ssr:stedsnr = 609860 has multiple (4) positions, using the first one!
utility_to_osm - WARNING - ssr:stedsnr = 609870: No priority spelling found for lang = no, using alt_name to get "[('no', 'Ørnes')]"
utility_to_osm - WARNING - ssr:stedsnr = 609872 has multiple (3) positions, using the first one!
utility_to_osm - WARNING - ssr:stedsnr = 609880 has multiple (2) positions, using the first one!
utility_to_osm - WARNING - ssr:stedsnr = 609763 has multiple (3) positions, using the first one!
utility_to_osm - WARNING - ssr:stedsnr = 610644 has multiple (2) positions, using the first one!
utility_to_osm - WARNING - ssr:stedsnr = 610661 has multiple (2) positions, using the first one!
utility_to_osm - WARNING - ssr:stedsnr = 610438 has multiple (2) positions, using the first one!
utility_to_osm - ERROR - ssr:stedsnr = 610370: Adding multiple names to name tag, this is not OK! name = "Vika;Holtengårdsvika"
utility_to_osm - WARNING - ssr:stedsnr = 610443 has multiple (2) positions, using the first one!
utility_to_osm - WARNING - ssr:stedsnr = 631430 has multiple (2) positions, using the first one!
utility_to_osm - WARNING - ssr:stedsnr = 631685 has multiple (2) positions, using the first one!
utility_to_osm - WARNING - ssr:stedsnr = 663510 has multiple (2) positions, using the first one!
utility_to_osm - WARNING - ssr:stedsnr = 664389 has multiple (3) positions, using the first one!
utility_to_osm - WARNING - ssr:stedsnr = 670756 has multiple (5) positions, using the first one!
utility_to_osm - WARNING - ssr:stedsnr = 670765 has multiple (2) positions, using the first one!
utility_to_osm - WARNING - ssr:stedsnr = 670876 has multiple (2) positions, using the first one!
utility_to_osm - WARNING - ssr:stedsnr = 669836 has multiple (2) positions, using the first one!
utility_to_osm - WARNING - ssr:stedsnr = 669840 has multiple (2) positions, using the first one!
utility_to_osm - WARNING - ssr:stedsnr = 670254 has multiple (2) positions, using the first one!
utility_to_osm - WARNING - ssr:stedsnr = 670258 has multiple (3) positions, using the first one!
utility_to_osm - WARNING - ssr:stedsnr = 670261 has multiple (3) positions, using the first one!
utility_to_osm - WARNING - ssr:stedsnr = 670598 has multiple (2) positions, using the first one!
utility_to_osm - WARNING - ssr:stedsnr = 670527 has multiple (2) positions, using the first one!
utility_to_osm - WARNING - ssr:stedsnr = 670543 has multiple (4) positions, using the first one!
utility_to_osm - WARNING - ssr:stedsnr = 727712: No priority spelling found for lang = no, using alt_name to get "[('no', 'Velle')]"
utility_to_osm - WARNING - ssr:stedsnr = 730275 has multiple (3) positions, using the first one!
utility_to_osm - WARNING - ssr:stedsnr = 730279 has multiple (2) positions, using the first one!
utility_to_osm - WARNING - ssr:stedsnr = 730293 has multiple (2) positions, using the first one!
utility_to_osm - WARNING - ssr:stedsnr = 730855: No priority spelling found for lang = no, using alt_name to get "[('no', 'Tørsdal')]"
utility_to_osm - WARNING - ssr:stedsnr = 731231 has multiple (2) positions, using the first one!
utility_to_osm - WARNING - ssr:stedsnr = 731235 has multiple (5) positions, using the first one!
utility_to_osm - WARNING - ssr:stedsnr = 731198 has multiple (2) positions, using the first one!
utility_to_osm - WARNING - ssr:stedsnr = 731200 has multiple (2) positions, using the first one!
utility_to_osm - WARNING - ssr:stedsnr = 731260 has multiple (2) positions, using the first one!
utility_to_osm - WARNING - ssr:stedsnr = 731294 has multiple (2) positions, using the first one!
utility_to_osm - WARNING - ssr:stedsnr = 731362 has multiple (2) positions, using the first one!
utility_to_osm - WARNING - ssr:stedsnr = 731346 has multiple (2) positions, using the first one!
utility_to_osm - WARNING - ssr:stedsnr = 731537 has multiple (2) positions, using the first one!
utility_to_osm - WARNING - ssr:stedsnr = 731538 has multiple (2) positions, using the first one!
utility_to_osm - WARNING - ssr:stedsnr = 731878 has multiple (2) positions, using the first one!
utility_to_osm - WARNING - ssr:stedsnr = 786589 has multiple (3) positions, using the first one!
utility_to_osm - WARNING - ssr:stedsnr = 786693 has multiple (3) positions, using the first one!
utility_to_osm - WARNING - ssr:stedsnr = 787716: No priority spelling found for lang = no, using alt_name to get "[('no', 'Velle')]"
utility_to_osm - WARNING - ssr:stedsnr = 791872 has multiple (5) positions, using the first one!
utility_to_osm - WARNING - ssr:stedsnr = 791064 has multiple (2) positions, using the first one!
utility_to_osm - WARNING - ssr:stedsnr = 791067 has multiple (2) positions, using the first one!
utility_to_osm - WARNING - ssr:stedsnr = 791265: No priority spelling found for lang = no, using alt_name to get "[('no', 'Oppsalsneset')]"
utility_to_osm - WARNING - ssr:stedsnr = 791282 has multiple (2) positions, using the first one!
utility_to_osm - ERROR - ssr:stedsnr = 791802: Adding multiple names to name tag, this is not OK! name = "Svinakleivtjørna;Breiviktjørna"
utility_to_osm - WARNING - ssr:stedsnr = 792552 has multiple (3) positions, using the first one!
utility_to_osm - WARNING - ssr:stedsnr = 792559 has multiple (2) positions, using the first one!
utility_to_osm - WARNING - ssr:stedsnr = 792264 has multiple (3) positions, using the first one!
utility_to_osm - WARNING - ssr:stedsnr = 793087 has multiple (3) positions, using the first one!
utility_to_osm - WARNING - ssr:stedsnr = 809481: No priority spelling found for lang = no, using alt_name to get "[('no', 'Litle Nerheim')]"
utility_to_osm - WARNING - ssr:stedsnr = 809954: No priority spelling found for lang = no, using alt_name to get "[('no', 'Skeie')]"
utility_to_osm - WARNING - ssr:stedsnr = 809956: No priority spelling found for lang = no, using alt_name to get "[('no', 'Østbø')]"
utility_to_osm - WARNING - ssr:stedsnr = 812643 has multiple (2) positions, using the first one!
utility_to_osm - WARNING - ssr:stedsnr = 830536: No priority spelling found for lang = no, using alt_name to get "[('no', 'Oppsalsholmen lanterne')]"
utility_to_osm - WARNING - ssr:stedsnr = 842870 has multiple (3) positions, using the first one!
utility_to_osm - WARNING - ssr:stedsnr = 852029 has multiple (10) positions, using the first one!
utility_to_osm - WARNING - ssr:stedsnr = 852062 has multiple (2) positions, using the first one!
utility_to_osm - WARNING - ssr:stedsnr = 852321 has multiple (2) positions, using the first one!
utility_to_osm - WARNING - ssr:stedsnr = 852787 has multiple (2) positions, using the first one!
utility_to_osm - WARNING - ssr:stedsnr = 852629 has multiple (2) positions, using the first one!
utility_to_osm - WARNING - ssr:stedsnr = 852753 has multiple (2) positions, using the first one!
utility_to_osm - WARNING - ssr:stedsnr = 853243 has multiple (2) positions, using the first one!
utility_to_osm - WARNING - ssr:stedsnr = 853250 has multiple (2) positions, using the first one!
utility_to_osm - ERROR - ssr:stedsnr = 853333: Adding multiple names to name tag, this is not OK! name = "Vikabekken;Holtengårdselva;Ulvebneelva"
utility_to_osm - WARNING - ssr:stedsnr = 853333 has multiple (3) positions, using the first one!
utility_to_osm - WARNING - ssr:stedsnr = 853441 has multiple (2) positions, using the first one!
utility_to_osm - WARNING - ssr:stedsnr = 853539 has multiple (6) positions, using the first one!
utility_to_osm - WARNING - ssr:stedsnr = 853591 has multiple (3) positions, using the first one!
utility_to_osm - WARNING - ssr:stedsnr = 853598 has multiple (2) positions, using the first one!
utility_to_osm - WARNING - ssr:stedsnr = 853640 has multiple (3) positions, using the first one!
utility_to_osm - WARNING - ssr:stedsnr = 870470: No priority spelling found for lang = no, using alt_name to get "[('no', 'Store Nerheim')]"
utility_to_osm - WARNING - ssr:stedsnr = 935700 has multiple (3) positions, using the first one!
utility_to_osm - WARNING - ssr:stedsnr = 968078 has multiple (2) positions, using the first one!
utility_to_osm - WARNING - ssr:stedsnr = 969925 has multiple (2) positions, using the first one!
utility_to_osm - WARNING - ssr:stedsnr = 973223: No priority spelling found for lang = no, using alt_name to get "[('no', 'Smørklompen')]"
utility_to_osm - WARNING - ssr:stedsnr = 972946: No priority spelling found for lang = no, using alt_name to get "[('no', 'Indre Lasvik')]"
utility_to_osm - WARNING - ssr:stedsnr = 973080: No priority spelling found for lang = no, using alt_name to get "[('no', 'Kråkevikneset')]"
utility_to_osm - WARNING - ssr:stedsnr = 974445: No priority spelling found for lang = no, using alt_name to get "[('no', 'Skogtun')]"
utility_to_osm - WARNING - ssr:stedsnr = 989190: No priority spelling found for lang = no, using alt_name to get "[('no', 'Stråtveit naturreservat')]"
utility_to_osm - WARNING - ssr:stedsnr = 1030686: No priority spelling found for lang = no, using alt_name to get "[('no', 'Kyrkjehumpen')]"
utility_to_osm - ERROR - ssr:stedsnr = 1030686. No positions found, skipping
utility_to_osm - WARNING - ssr:stedsnr = 1030687: No priority spelling found for lang = no, using alt_name to get "[('no', 'Nerheimsvegen')]"
utility_to_osm - ERROR - ssr:stedsnr = 1030687. No positions found, skipping
utility_to_osm - WARNING - ssr:stedsnr = 1030688: No priority spelling found for lang = no, using alt_name to get "[('no', 'Dørheimsvegen')]"
utility_to_osm - ERROR - ssr:stedsnr = 1030688. No positions found, skipping
utility_to_osm - WARNING - ssr:stedsnr = 1030689: No priority spelling found for lang = no, using alt_name to get "[('no', 'Steinbruvegen')]"
utility_to_osm - ERROR - ssr:stedsnr = 1030689. No positions found, skipping
utility_to_osm - WARNING - ssr:stedsnr = 1030691: No priority spelling found for lang = no, using alt_name to get "[('no', 'Olalivegen')]"
utility_to_osm - ERROR - ssr:stedsnr = 1030691. No positions found, skipping
utility_to_osm - WARNING - ssr:stedsnr = 1030692: No priority spelling found for lang = no, using alt_name to get "[('no', 'Hiksdalsvegen')]"
utility_to_osm - ERROR - ssr:stedsnr = 1030692. No positions found, skipping
utility_to_osm - WARNING - ssr:stedsnr = 1030694: No priority spelling found for lang = no, using alt_name to get "[('no', 'Frønsdalsvegen')]"
utility_to_osm - ERROR - ssr:stedsnr = 1030694. No positions found, skipping
utility_to_osm - WARNING - ssr:stedsnr = 1030695: No priority spelling found for lang = no, using alt_name to get "[('no', 'Dreganesvegen')]"
utility_to_osm - ERROR - ssr:stedsnr = 1030695. No positions found, skipping
utility_to_osm - WARNING - ssr:stedsnr = 1030696: No priority spelling found for lang = no, using alt_name to get "[('no', 'Aurdalsvegen')]"
utility_to_osm - ERROR - ssr:stedsnr = 1030696. No positions found, skipping
utility_to_osm - WARNING - ssr:stedsnr = 1030697: No priority spelling found for lang = no, using alt_name to get "[('no', 'Favnabøvegen')]"
utility_to_osm - ERROR - ssr:stedsnr = 1030697. No positions found, skipping
utility_to_osm - WARNING - ssr:stedsnr = 1030698: No priority spelling found for lang = no, using alt_name to get "[('no', 'Roatoppen')]"
utility_to_osm - ERROR - ssr:stedsnr = 1030698. No positions found, skipping
utility_to_osm - WARNING - ssr:stedsnr = 1030699: No priority spelling found for lang = no, using alt_name to get "[('no', 'Roastrandvegen')]"
utility_to_osm - ERROR - ssr:stedsnr = 1030699. No positions found, skipping
utility_to_osm - WARNING - ssr:stedsnr = 1030701: No priority spelling found for lang = no, using alt_name to get "[('no', 'Øvrehagen')]"
utility_to_osm - ERROR - ssr:stedsnr = 1030701. No positions found, skipping
utility_to_osm - WARNING - ssr:stedsnr = 1030702: No priority spelling found for lang = no, using alt_name to get "[('no', 'Epleskogen')]"
utility_to_osm - ERROR - ssr:stedsnr = 1030702. No positions found, skipping
utility_to_osm - WARNING - ssr:stedsnr = 1030703: No priority spelling found for lang = no, using alt_name to get "[('no', 'Målhaugvegen')]"
utility_to_osm - ERROR - ssr:stedsnr = 1030703. No positions found, skipping
utility_to_osm - WARNING - ssr:stedsnr = 1030704: No priority spelling found for lang = no, using alt_name to get "[('no', 'Kvassteinsvegen')]"
utility_to_osm - ERROR - ssr:stedsnr = 1030704. No positions found, skipping
utility_to_osm - WARNING - ssr:stedsnr = 1030706: No priority spelling found for lang = no, using alt_name to get "[('no', 'Heggjavegen')]"
utility_to_osm - ERROR - ssr:stedsnr = 1030706. No positions found, skipping
utility_to_osm - WARNING - ssr:stedsnr = 1030707: No priority spelling found for lang = no, using alt_name to get "[('no', 'Hellevadvegen')]"
utility_to_osm - ERROR - ssr:stedsnr = 1030707. No positions found, skipping
utility_to_osm - WARNING - ssr:stedsnr = 1030708: No priority spelling found for lang = no, using alt_name to get "[('no', 'Vilandsvegen')]"
utility_to_osm - ERROR - ssr:stedsnr = 1030708. No positions found, skipping
utility_to_osm - WARNING - ssr:stedsnr = 1030709: No priority spelling found for lang = no, using alt_name to get "[('no', 'Heievegen')]"
utility_to_osm - ERROR - ssr:stedsnr = 1030709. No positions found, skipping
utility_to_osm - WARNING - ssr:stedsnr = 1030710: No priority spelling found for lang = no, using alt_name to get "[('no', 'Haukelivegen')]"
utility_to_osm - ERROR - ssr:stedsnr = 1030710. No positions found, skipping
utility_to_osm - WARNING - ssr:stedsnr = 1030711: No priority spelling found for lang = no, using alt_name to get "[('no', 'Øygardsvegen')]"
utility_to_osm - ERROR - ssr:stedsnr = 1030711. No positions found, skipping
utility_to_osm - WARNING - ssr:stedsnr = 1030712: No priority spelling found for lang = no, using alt_name to get "[('no', 'Melandsvegen')]"
utility_to_osm - ERROR - ssr:stedsnr = 1030712. No positions found, skipping
utility_to_osm - WARNING - ssr:stedsnr = 1030713: No priority spelling found for lang = no, using alt_name to get "[('no', 'Saghaugen')]"
utility_to_osm - ERROR - ssr:stedsnr = 1030713. No positions found, skipping
utility_to_osm - WARNING - ssr:stedsnr = 1030714: No priority spelling found for lang = no, using alt_name to get "[('no', 'Totlandshaugen')]"
utility_to_osm - ERROR - ssr:stedsnr = 1030714. No positions found, skipping
utility_to_osm - WARNING - ssr:stedsnr = 1030716: No priority spelling found for lang = no, using alt_name to get "[('no', 'Sjostølsvegen')]"
utility_to_osm - ERROR - ssr:stedsnr = 1030716. No positions found, skipping
utility_to_osm - WARNING - ssr:stedsnr = 1030717: No priority spelling found for lang = no, using alt_name to get "[('no', 'Århaugen')]"
utility_to_osm - ERROR - ssr:stedsnr = 1030717. No positions found, skipping
utility_to_osm - WARNING - ssr:stedsnr = 1030718: No priority spelling found for lang = no, using alt_name to get "[('no', 'Eikesdalsvegen')]"
utility_to_osm - ERROR - ssr:stedsnr = 1030718. No positions found, skipping
utility_to_osm - WARNING - ssr:stedsnr = 1030719: No priority spelling found for lang = no, using alt_name to get "[('no', 'Movegen')]"
utility_to_osm - ERROR - ssr:stedsnr = 1030719. No positions found, skipping
utility_to_osm - WARNING - ssr:stedsnr = 1030721: No priority spelling found for lang = no, using alt_name to get "[('no', 'Fjellgardsvegen')]"
utility_to_osm - ERROR - ssr:stedsnr = 1030721. No positions found, skipping
utility_to_osm - WARNING - ssr:stedsnr = 1030722: No priority spelling found for lang = no, using alt_name to get "[('no', 'Eikelandsvegen')]"
utility_to_osm - ERROR - ssr:stedsnr = 1030722. No positions found, skipping
utility_to_osm - WARNING - ssr:stedsnr = 1030723: No priority spelling found for lang = no, using alt_name to get "[('no', 'Knapphusvegen')]"
utility_to_osm - ERROR - ssr:stedsnr = 1030723. No positions found, skipping
utility_to_osm - WARNING - ssr:stedsnr = 1030724: No priority spelling found for lang = no, using alt_name to get "[('no', 'Saudavegen')]"
utility_to_osm - ERROR - ssr:stedsnr = 1030724. No positions found, skipping
utility_to_osm - WARNING - ssr:stedsnr = 1030725: No priority spelling found for lang = no, using alt_name to get "[('no', 'Litla-Romsa')]"
utility_to_osm - ERROR - ssr:stedsnr = 1030725. No positions found, skipping
utility_to_osm - WARNING - ssr:stedsnr = 1030726: No priority spelling found for lang = no, using alt_name to get "[('no', 'Herøya')]"
utility_to_osm - ERROR - ssr:stedsnr = 1030726. No positions found, skipping
utility_to_osm - WARNING - ssr:stedsnr = 1030727: No priority spelling found for lang = no, using alt_name to get "[('no', 'Tolløya')]"
utility_to_osm - ERROR - ssr:stedsnr = 1030727. No positions found, skipping
utility_to_osm - WARNING - ssr:stedsnr = 1030728: No priority spelling found for lang = no, using alt_name to get "[('no', 'Vikane')]"
utility_to_osm - ERROR - ssr:stedsnr = 1030728. No positions found, skipping
utility_to_osm - WARNING - ssr:stedsnr = 1030730: No priority spelling found for lang = no, using alt_name to get "[('no', 'Revabåshaugen')]"
utility_to_osm - ERROR - ssr:stedsnr = 1030730. No positions found, skipping
utility_to_osm - WARNING - ssr:stedsnr = 1030732: No priority spelling found for lang = no, using alt_name to get "[('no', 'Røyrvegen')]"
utility_to_osm - ERROR - ssr:stedsnr = 1030732. No positions found, skipping
utility_to_osm - WARNING - ssr:stedsnr = 1030733: No priority spelling found for lang = no, using alt_name to get "[('no', 'Liatoppen')]"
utility_to_osm - ERROR - ssr:stedsnr = 1030733. No positions found, skipping
utility_to_osm - WARNING - ssr:stedsnr = 1030671: No priority spelling found for lang = no, using alt_name to get "[('no', 'Sjoargata')]"
utility_to_osm - ERROR - ssr:stedsnr = 1030671. No positions found, skipping
utility_to_osm - WARNING - ssr:stedsnr = 1030672: No priority spelling found for lang = no, using alt_name to get "[('no', 'Mulagata')]"
utility_to_osm - ERROR - ssr:stedsnr = 1030672. No positions found, skipping
utility_to_osm - WARNING - ssr:stedsnr = 1030673: No priority spelling found for lang = no, using alt_name to get "[('no', 'Eiabakken')]"
utility_to_osm - ERROR - ssr:stedsnr = 1030673. No positions found, skipping
utility_to_osm - WARNING - ssr:stedsnr = 1030675: No priority spelling found for lang = no, using alt_name to get "[('no', 'Rådhusplassen')]"
utility_to_osm - ERROR - ssr:stedsnr = 1030675. No positions found, skipping
utility_to_osm - WARNING - ssr:stedsnr = 1030676: No priority spelling found for lang = no, using alt_name to get "[('no', 'Gartnerihagen')]"
utility_to_osm - ERROR - ssr:stedsnr = 1030676. No positions found, skipping
utility_to_osm - WARNING - ssr:stedsnr = 1030677: No priority spelling found for lang = no, using alt_name to get "[('no', 'Litlehagen')]"
utility_to_osm - ERROR - ssr:stedsnr = 1030677. No positions found, skipping
utility_to_osm - WARNING - ssr:stedsnr = 1030678: No priority spelling found for lang = no, using alt_name to get "[('no', 'Osen')]"
utility_to_osm - ERROR - ssr:stedsnr = 1030678. No positions found, skipping
utility_to_osm - WARNING - ssr:stedsnr = 1030679: No priority spelling found for lang = no, using alt_name to get "[('no', 'Haugane')]"
utility_to_osm - ERROR - ssr:stedsnr = 1030679. No positions found, skipping
utility_to_osm - WARNING - ssr:stedsnr = 1030680: No priority spelling found for lang = no, using alt_name to get "[('no', 'Snørshaugen')]"
utility_to_osm - ERROR - ssr:stedsnr = 1030680. No positions found, skipping
utility_to_osm - WARNING - ssr:stedsnr = 1030681: No priority spelling found for lang = no, using alt_name to get "[('no', 'Vågshagen')]"
utility_to_osm - ERROR - ssr:stedsnr = 1030681. No positions found, skipping
utility_to_osm - WARNING - ssr:stedsnr = 1030682: No priority spelling found for lang = no, using alt_name to get "[('no', 'Fuglarhaug')]"
utility_to_osm - ERROR - ssr:stedsnr = 1030682. No positions found, skipping
utility_to_osm - WARNING - ssr:stedsnr = 1030683: No priority spelling found for lang = no, using alt_name to get "[('no', 'Salsteinstien')]"
utility_to_osm - ERROR - ssr:stedsnr = 1030683. No positions found, skipping
utility_to_osm - WARNING - ssr:stedsnr = 1030684: No priority spelling found for lang = no, using alt_name to get "[('no', 'Gjerdevikvegen')]"
utility_to_osm - ERROR - ssr:stedsnr = 1030684. No positions found, skipping
utility_to_osm - WARNING - ssr:stedsnr = 1030786: No priority spelling found for lang = no, using alt_name to get "[('no', 'Skjoldavikvegen')]"
utility_to_osm - ERROR - ssr:stedsnr = 1030786. No positions found, skipping
utility_to_osm - WARNING - ssr:stedsnr = 1030787: No priority spelling found for lang = no, using alt_name to get "[('no', 'Kleivavegen')]"
utility_to_osm - ERROR - ssr:stedsnr = 1030787. No positions found, skipping
utility_to_osm - WARNING - ssr:stedsnr = 1030788: No priority spelling found for lang = no, using alt_name to get "[('no', 'Rossabøvegen')]"
utility_to_osm - ERROR - ssr:stedsnr = 1030788. No positions found, skipping
utility_to_osm - WARNING - ssr:stedsnr = 1030789: No priority spelling found for lang = no, using alt_name to get "[('no', 'Krakkavegen')]"
utility_to_osm - ERROR - ssr:stedsnr = 1030789. No positions found, skipping
utility_to_osm - WARNING - ssr:stedsnr = 1030791: No priority spelling found for lang = no, using alt_name to get "[('no', 'Nedre Austreimsvegen')]"
utility_to_osm - ERROR - ssr:stedsnr = 1030791. No positions found, skipping
utility_to_osm - WARNING - ssr:stedsnr = 1030792: No priority spelling found for lang = no, using alt_name to get "[('no', 'Tveitvegen')]"
utility_to_osm - ERROR - ssr:stedsnr = 1030792. No positions found, skipping
utility_to_osm - WARNING - ssr:stedsnr = 1030793: No priority spelling found for lang = no, using alt_name to get "[('no', 'Valåsvegen')]"
utility_to_osm - ERROR - ssr:stedsnr = 1030793. No positions found, skipping
utility_to_osm - WARNING - ssr:stedsnr = 1030794: No priority spelling found for lang = no, using alt_name to get "[('no', 'Smedsvikvegen')]"
utility_to_osm - ERROR - ssr:stedsnr = 1030794. No positions found, skipping
utility_to_osm - WARNING - ssr:stedsnr = 1030795: No priority spelling found for lang = no, using alt_name to get "[('no', 'Prestagardsvegen')]"
utility_to_osm - ERROR - ssr:stedsnr = 1030795. No positions found, skipping
utility_to_osm - WARNING - ssr:stedsnr = 1030796: No priority spelling found for lang = no, using alt_name to get "[('no', 'Kyrkjevikvegen')]"
utility_to_osm - ERROR - ssr:stedsnr = 1030796. No positions found, skipping
utility_to_osm - WARNING - ssr:stedsnr = 1030797: No priority spelling found for lang = no, using alt_name to get "[('no', 'Svinakleivvegen')]"
utility_to_osm - ERROR - ssr:stedsnr = 1030797. No positions found, skipping
utility_to_osm - WARNING - ssr:stedsnr = 1030798: No priority spelling found for lang = no, using alt_name to get "[('no', 'Erslandsvegen')]"
utility_to_osm - ERROR - ssr:stedsnr = 1030798. No positions found, skipping
utility_to_osm - WARNING - ssr:stedsnr = 1030799: No priority spelling found for lang = no, using alt_name to get "[('no', 'Breivikvegen')]"
utility_to_osm - ERROR - ssr:stedsnr = 1030799. No positions found, skipping
utility_to_osm - WARNING - ssr:stedsnr = 1030801: No priority spelling found for lang = no, using alt_name to get "[('no', 'Vestrevegen')]"
utility_to_osm - ERROR - ssr:stedsnr = 1030801. No positions found, skipping
utility_to_osm - WARNING - ssr:stedsnr = 1030803: No priority spelling found for lang = no, using alt_name to get "[('no', 'Strandvikvegen')]"
utility_to_osm - ERROR - ssr:stedsnr = 1030803. No positions found, skipping
utility_to_osm - WARNING - ssr:stedsnr = 1030734: No priority spelling found for lang = no, using alt_name to get "[('no', 'Oppsalsneset')]"
utility_to_osm - ERROR - ssr:stedsnr = 1030734. No positions found, skipping
utility_to_osm - WARNING - ssr:stedsnr = 1030735: No priority spelling found for lang = no, using alt_name to get "[('no', 'Vindfinnvegen')]"
utility_to_osm - ERROR - ssr:stedsnr = 1030735. No positions found, skipping
utility_to_osm - WARNING - ssr:stedsnr = 1030736: No priority spelling found for lang = no, using alt_name to get "[('no', 'Liabakken')]"
utility_to_osm - ERROR - ssr:stedsnr = 1030736. No positions found, skipping
utility_to_osm - WARNING - ssr:stedsnr = 1030737: No priority spelling found for lang = no, using alt_name to get "[('no', 'Torbjørn Sandviks veg')]"
utility_to_osm - ERROR - ssr:stedsnr = 1030737. No positions found, skipping
utility_to_osm - WARNING - ssr:stedsnr = 1030738: No priority spelling found for lang = no, using alt_name to get "[('no', 'Rasmus Vilands veg')]"
utility_to_osm - ERROR - ssr:stedsnr = 1030738. No positions found, skipping
utility_to_osm - WARNING - ssr:stedsnr = 1030739: No priority spelling found for lang = no, using alt_name to get "[('no', 'Søre Ilholmen')]"
utility_to_osm - ERROR - ssr:stedsnr = 1030739. No positions found, skipping
utility_to_osm - WARNING - ssr:stedsnr = 1030740: No priority spelling found for lang = no, using alt_name to get "[('no', 'Nausthaugen')]"
utility_to_osm - ERROR - ssr:stedsnr = 1030740. No positions found, skipping
utility_to_osm - WARNING - ssr:stedsnr = 1030741: No priority spelling found for lang = no, using alt_name to get "[('no', 'Bjørkelunden')]"
utility_to_osm - ERROR - ssr:stedsnr = 1030741. No positions found, skipping
utility_to_osm - WARNING - ssr:stedsnr = 1030742: No priority spelling found for lang = no, using alt_name to get "[('no', 'Synebergvegen')]"
utility_to_osm - ERROR - ssr:stedsnr = 1030742. No positions found, skipping
utility_to_osm - WARNING - ssr:stedsnr = 1030744: No priority spelling found for lang = no, using alt_name to get "[('no', 'Hogganvikvegen')]"
utility_to_osm - ERROR - ssr:stedsnr = 1030744. No positions found, skipping
utility_to_osm - WARNING - ssr:stedsnr = 1030746: No priority spelling found for lang = no, using alt_name to get "[('no', 'Sønnanåneset')]"
utility_to_osm - ERROR - ssr:stedsnr = 1030746. No positions found, skipping
utility_to_osm - WARNING - ssr:stedsnr = 1030747: No priority spelling found for lang = no, using alt_name to get "[('no', 'Ilstveitvegen')]"
utility_to_osm - ERROR - ssr:stedsnr = 1030747. No positions found, skipping
utility_to_osm - WARNING - ssr:stedsnr = 1030748: No priority spelling found for lang = no, using alt_name to get "[('no', 'Sigleskarvegen')]"
utility_to_osm - ERROR - ssr:stedsnr = 1030748. No positions found, skipping
utility_to_osm - WARNING - ssr:stedsnr = 1030749: No priority spelling found for lang = no, using alt_name to get "[('no', 'Imslandssjøen')]"
utility_to_osm - ERROR - ssr:stedsnr = 1030749. No positions found, skipping
utility_to_osm - WARNING - ssr:stedsnr = 1030750: No priority spelling found for lang = no, using alt_name to get "[('no', 'Ølmedalsvegen')]"
utility_to_osm - ERROR - ssr:stedsnr = 1030750. No positions found, skipping
utility_to_osm - WARNING - ssr:stedsnr = 1030751: No priority spelling found for lang = no, using alt_name to get "[('no', 'Kyrkjehølsvegen')]"
utility_to_osm - ERROR - ssr:stedsnr = 1030751. No positions found, skipping
utility_to_osm - WARNING - ssr:stedsnr = 1030752: No priority spelling found for lang = no, using alt_name to get "[('no', 'Holmen')]"
utility_to_osm - ERROR - ssr:stedsnr = 1030752. No positions found, skipping
utility_to_osm - WARNING - ssr:stedsnr = 1030753: No priority spelling found for lang = no, using alt_name to get "[('no', 'Kyrkjevegen')]"
utility_to_osm - ERROR - ssr:stedsnr = 1030753. No positions found, skipping
utility_to_osm - WARNING - ssr:stedsnr = 1030754: No priority spelling found for lang = no, using alt_name to get "[('no', 'Urabø')]"
utility_to_osm - ERROR - ssr:stedsnr = 1030754. No positions found, skipping
utility_to_osm - WARNING - ssr:stedsnr = 1030755: No priority spelling found for lang = no, using alt_name to get "[('no', 'Eikebakken')]"
utility_to_osm - ERROR - ssr:stedsnr = 1030755. No positions found, skipping
utility_to_osm - WARNING - ssr:stedsnr = 1030756: No priority spelling found for lang = no, using alt_name to get "[('no', 'Kristtornvegen')]"
utility_to_osm - ERROR - ssr:stedsnr = 1030756. No positions found, skipping
utility_to_osm - WARNING - ssr:stedsnr = 1030758: No priority spelling found for lang = no, using alt_name to get "[('no', 'Steinhoggarvegen')]"
utility_to_osm - ERROR - ssr:stedsnr = 1030758. No positions found, skipping
utility_to_osm - WARNING - ssr:stedsnr = 1030759: No priority spelling found for lang = no, using alt_name to get "[('no', 'Granittvegen')]"
utility_to_osm - ERROR - ssr:stedsnr = 1030759. No positions found, skipping
utility_to_osm - WARNING - ssr:stedsnr = 1030760: No priority spelling found for lang = no, using alt_name to get "[('no', 'Rønnevikvegen')]"
utility_to_osm - ERROR - ssr:stedsnr = 1030760. No positions found, skipping
utility_to_osm - WARNING - ssr:stedsnr = 1030762: No priority spelling found for lang = no, using alt_name to get "[('no', 'Hustoftvegen')]"
utility_to_osm - ERROR - ssr:stedsnr = 1030762. No positions found, skipping
utility_to_osm - WARNING - ssr:stedsnr = 1030763: No priority spelling found for lang = no, using alt_name to get "[('no', 'Solheimsvegen')]"
utility_to_osm - ERROR - ssr:stedsnr = 1030763. No positions found, skipping
utility_to_osm - WARNING - ssr:stedsnr = 1030764: No priority spelling found for lang = no, using alt_name to get "[('no', 'Skipavågvegen')]"
utility_to_osm - ERROR - ssr:stedsnr = 1030764. No positions found, skipping
utility_to_osm - WARNING - ssr:stedsnr = 1030766: No priority spelling found for lang = no, using alt_name to get "[('no', 'Longalandsvegen')]"
utility_to_osm - ERROR - ssr:stedsnr = 1030766. No positions found, skipping
utility_to_osm - WARNING - ssr:stedsnr = 1030767: No priority spelling found for lang = no, using alt_name to get "[('no', 'Otertongvegen')]"
utility_to_osm - ERROR - ssr:stedsnr = 1030767. No positions found, skipping
utility_to_osm - WARNING - ssr:stedsnr = 1030768: No priority spelling found for lang = no, using alt_name to get "[('no', 'Dalavikvegen')]"
utility_to_osm - ERROR - ssr:stedsnr = 1030768. No positions found, skipping
utility_to_osm - WARNING - ssr:stedsnr = 1030769: No priority spelling found for lang = no, using alt_name to get "[('no', 'Ørevikvegen')]"
utility_to_osm - ERROR - ssr:stedsnr = 1030769. No positions found, skipping
utility_to_osm - WARNING - ssr:stedsnr = 1030770: No priority spelling found for lang = no, using alt_name to get "[('no', 'Lindvikvegen')]"
utility_to_osm - ERROR - ssr:stedsnr = 1030770. No positions found, skipping
utility_to_osm - WARNING - ssr:stedsnr = 1030771: No priority spelling found for lang = no, using alt_name to get "[('no', 'Kvaløyvågen')]"
utility_to_osm - ERROR - ssr:stedsnr = 1030771. No positions found, skipping
utility_to_osm - WARNING - ssr:stedsnr = 1030772: No priority spelling found for lang = no, using alt_name to get "[('no', 'Kvaløyvegen')]"
utility_to_osm - ERROR - ssr:stedsnr = 1030772. No positions found, skipping
utility_to_osm - WARNING - ssr:stedsnr = 1030773: No priority spelling found for lang = no, using alt_name to get "[('no', 'Storøyvegen')]"
utility_to_osm - ERROR - ssr:stedsnr = 1030773. No positions found, skipping
utility_to_osm - WARNING - ssr:stedsnr = 1030774: No priority spelling found for lang = no, using alt_name to get "[('no', 'Løyningsneset')]"
utility_to_osm - ERROR - ssr:stedsnr = 1030774. No positions found, skipping
utility_to_osm - WARNING - ssr:stedsnr = 1030775: No priority spelling found for lang = no, using alt_name to get "[('no', 'Vågafossvegen')]"
utility_to_osm - ERROR - ssr:stedsnr = 1030775. No positions found, skipping
utility_to_osm - WARNING - ssr:stedsnr = 1030776: No priority spelling found for lang = no, using alt_name to get "[('no', 'Liabøvegen')]"
utility_to_osm - ERROR - ssr:stedsnr = 1030776. No positions found, skipping
utility_to_osm - WARNING - ssr:stedsnr = 1030777: No priority spelling found for lang = no, using alt_name to get "[('no', 'Bisparhaugvegen')]"
utility_to_osm - ERROR - ssr:stedsnr = 1030777. No positions found, skipping
utility_to_osm - WARNING - ssr:stedsnr = 1030778: No priority spelling found for lang = no, using alt_name to get "[('no', 'Skjoldalivegen')]"
utility_to_osm - ERROR - ssr:stedsnr = 1030778. No positions found, skipping
utility_to_osm - WARNING - ssr:stedsnr = 1030780: No priority spelling found for lang = no, using alt_name to get "[('no', 'Røsslyngvegen')]"
utility_to_osm - ERROR - ssr:stedsnr = 1030780. No positions found, skipping
utility_to_osm - WARNING - ssr:stedsnr = 1030781: No priority spelling found for lang = no, using alt_name to get "[('no', 'Vikanesvegen')]"
utility_to_osm - ERROR - ssr:stedsnr = 1030781. No positions found, skipping
utility_to_osm - WARNING - ssr:stedsnr = 1030782: No priority spelling found for lang = no, using alt_name to get "[('no', 'Torvmyrvegen')]"
utility_to_osm - ERROR - ssr:stedsnr = 1030782. No positions found, skipping
utility_to_osm - WARNING - ssr:stedsnr = 1030784: No priority spelling found for lang = no, using alt_name to get "[('no', 'Myrullvegen')]"
utility_to_osm - ERROR - ssr:stedsnr = 1030784. No positions found, skipping
utility_to_osm - WARNING - ssr:stedsnr = 1030836: No priority spelling found for lang = no, using alt_name to get "[('no', 'Forehaugvegen')]"
utility_to_osm - ERROR - ssr:stedsnr = 1030836. No positions found, skipping
utility_to_osm - WARNING - ssr:stedsnr = 1030838: No priority spelling found for lang = no, using alt_name to get "[('no', 'Stoplevegen')]"
utility_to_osm - ERROR - ssr:stedsnr = 1030838. No positions found, skipping
utility_to_osm - WARNING - ssr:stedsnr = 1030839: No priority spelling found for lang = no, using alt_name to get "[('no', 'Helgelandsvegen')]"
utility_to_osm - ERROR - ssr:stedsnr = 1030839. No positions found, skipping
utility_to_osm - WARNING - ssr:stedsnr = 1030840: No priority spelling found for lang = no, using alt_name to get "[('no', 'Skeievegen')]"
utility_to_osm - ERROR - ssr:stedsnr = 1030840. No positions found, skipping
utility_to_osm - WARNING - ssr:stedsnr = 1030841: No priority spelling found for lang = no, using alt_name to get "[('no', 'Balahaugen')]"
utility_to_osm - ERROR - ssr:stedsnr = 1030841. No positions found, skipping
utility_to_osm - WARNING - ssr:stedsnr = 1030842: No priority spelling found for lang = no, using alt_name to get "[('no', 'Fjellstølsvegen')]"
utility_to_osm - ERROR - ssr:stedsnr = 1030842. No positions found, skipping
utility_to_osm - WARNING - ssr:stedsnr = 1030844: No priority spelling found for lang = no, using alt_name to get "[('no', 'Blikravegen')]"
utility_to_osm - ERROR - ssr:stedsnr = 1030844. No positions found, skipping
utility_to_osm - WARNING - ssr:stedsnr = 1030845: No priority spelling found for lang = no, using alt_name to get "[('no', 'Sandeidvegen')]"
utility_to_osm - ERROR - ssr:stedsnr = 1030845. No positions found, skipping
utility_to_osm - WARNING - ssr:stedsnr = 1030846: No priority spelling found for lang = no, using alt_name to get "[('no', 'Heiabøvegen')]"
utility_to_osm - ERROR - ssr:stedsnr = 1030846. No positions found, skipping
utility_to_osm - WARNING - ssr:stedsnr = 1030847: No priority spelling found for lang = no, using alt_name to get "[('no', 'Øklandsvegen')]"
utility_to_osm - ERROR - ssr:stedsnr = 1030847. No positions found, skipping
utility_to_osm - WARNING - ssr:stedsnr = 1030848: No priority spelling found for lang = no, using alt_name to get "[('no', 'Løkjelsmyrvegen')]"
utility_to_osm - ERROR - ssr:stedsnr = 1030848. No positions found, skipping
utility_to_osm - WARNING - ssr:stedsnr = 1030849: No priority spelling found for lang = no, using alt_name to get "[('no', 'Raunesvegen')]"
utility_to_osm - ERROR - ssr:stedsnr = 1030849. No positions found, skipping
utility_to_osm - WARNING - ssr:stedsnr = 1030850: No priority spelling found for lang = no, using alt_name to get "[('no', 'Stokkastrandvegen')]"
utility_to_osm - ERROR - ssr:stedsnr = 1030850. No positions found, skipping
utility_to_osm - WARNING - ssr:stedsnr = 1030851: No priority spelling found for lang = no, using alt_name to get "[('no', 'Koltveitvegen')]"
utility_to_osm - ERROR - ssr:stedsnr = 1030851. No positions found, skipping
utility_to_osm - WARNING - ssr:stedsnr = 1030852: No priority spelling found for lang = no, using alt_name to get "[('no', 'Tørsdalsvegen')]"
utility_to_osm - ERROR - ssr:stedsnr = 1030852. No positions found, skipping
utility_to_osm - WARNING - ssr:stedsnr = 1030853: No priority spelling found for lang = no, using alt_name to get "[('no', 'Ilsvågkaien')]"
utility_to_osm - ERROR - ssr:stedsnr = 1030853. No positions found, skipping
utility_to_osm - WARNING - ssr:stedsnr = 1030854: No priority spelling found for lang = no, using alt_name to get "[('no', 'Skigelstrandvegen')]"
utility_to_osm - ERROR - ssr:stedsnr = 1030854. No positions found, skipping
utility_to_osm - WARNING - ssr:stedsnr = 1030856: No priority spelling found for lang = no, using alt_name to get "[('no', 'Vestbøvegen')]"
utility_to_osm - ERROR - ssr:stedsnr = 1030856. No positions found, skipping
utility_to_osm - WARNING - ssr:stedsnr = 1030857: No priority spelling found for lang = no, using alt_name to get "[('no', 'Årakvegen')]"
utility_to_osm - ERROR - ssr:stedsnr = 1030857. No positions found, skipping
utility_to_osm - WARNING - ssr:stedsnr = 1030858: No priority spelling found for lang = no, using alt_name to get "[('no', 'Tinghaugvegen')]"
utility_to_osm - ERROR - ssr:stedsnr = 1030858. No positions found, skipping
utility_to_osm - WARNING - ssr:stedsnr = 1030859: No priority spelling found for lang = no, using alt_name to get "[('no', 'Kårhusvegen')]"
utility_to_osm - ERROR - ssr:stedsnr = 1030859. No positions found, skipping
utility_to_osm - WARNING - ssr:stedsnr = 1030860: No priority spelling found for lang = no, using alt_name to get "[('no', 'Sørbøvegen')]"
utility_to_osm - ERROR - ssr:stedsnr = 1030860. No positions found, skipping
utility_to_osm - WARNING - ssr:stedsnr = 1030861: No priority spelling found for lang = no, using alt_name to get "[('no', 'Eidevegen')]"
utility_to_osm - ERROR - ssr:stedsnr = 1030861. No positions found, skipping
utility_to_osm - WARNING - ssr:stedsnr = 1030862: No priority spelling found for lang = no, using alt_name to get "[('no', 'Stokkadalsvegen')]"
utility_to_osm - ERROR - ssr:stedsnr = 1030862. No positions found, skipping
utility_to_osm - WARNING - ssr:stedsnr = 1030863: No priority spelling found for lang = no, using alt_name to get "[('no', 'Åmsvegen')]"
utility_to_osm - ERROR - ssr:stedsnr = 1030863. No positions found, skipping
utility_to_osm - WARNING - ssr:stedsnr = 1030864: No priority spelling found for lang = no, using alt_name to get "[('no', 'Stråtveitvegen')]"
utility_to_osm - ERROR - ssr:stedsnr = 1030864. No positions found, skipping
utility_to_osm - WARNING - ssr:stedsnr = 1030865: No priority spelling found for lang = no, using alt_name to get "[('no', 'Eikanesvegen')]"
utility_to_osm - ERROR - ssr:stedsnr = 1030865. No positions found, skipping
utility_to_osm - WARNING - ssr:stedsnr = 1030866: No priority spelling found for lang = no, using alt_name to get "[('no', 'Strandsvegen')]"
utility_to_osm - ERROR - ssr:stedsnr = 1030866. No positions found, skipping
utility_to_osm - WARNING - ssr:stedsnr = 1030867: No priority spelling found for lang = no, using alt_name to get "[('no', 'Stølsvegen')]"
utility_to_osm - ERROR - ssr:stedsnr = 1030867. No positions found, skipping
utility_to_osm - WARNING - ssr:stedsnr = 1030868: No priority spelling found for lang = no, using alt_name to get "[('no', 'Kvitareina')]"
utility_to_osm - ERROR - ssr:stedsnr = 1030868. No positions found, skipping
utility_to_osm - WARNING - ssr:stedsnr = 1030869: No priority spelling found for lang = no, using alt_name to get "[('no', 'Haukakvamsvegen')]"
utility_to_osm - ERROR - ssr:stedsnr = 1030869. No positions found, skipping
utility_to_osm - WARNING - ssr:stedsnr = 1030870: No priority spelling found for lang = no, using alt_name to get "[('no', 'Solstrandvegen')]"
utility_to_osm - ERROR - ssr:stedsnr = 1030870. No positions found, skipping
utility_to_osm - WARNING - ssr:stedsnr = 1030871: No priority spelling found for lang = no, using alt_name to get "[('no', 'Oppsalsvegen')]"
utility_to_osm - ERROR - ssr:stedsnr = 1030871. No positions found, skipping
utility_to_osm - WARNING - ssr:stedsnr = 1030872: No priority spelling found for lang = no, using alt_name to get "[('no', 'Solbakken')]"
utility_to_osm - ERROR - ssr:stedsnr = 1030872. No positions found, skipping
utility_to_osm - WARNING - ssr:stedsnr = 1030875: No priority spelling found for lang = no, using alt_name to get "[('no', 'Østbøvegen')]"
utility_to_osm - ERROR - ssr:stedsnr = 1030875. No positions found, skipping
utility_to_osm - WARNING - ssr:stedsnr = 1030876: No priority spelling found for lang = no, using alt_name to get "[('no', 'Bakken')]"
utility_to_osm - ERROR - ssr:stedsnr = 1030876. No positions found, skipping
utility_to_osm - WARNING - ssr:stedsnr = 1030877: No priority spelling found for lang = no, using alt_name to get "[('no', 'Sandeidsjøen')]"
utility_to_osm - ERROR - ssr:stedsnr = 1030877. No positions found, skipping
utility_to_osm - WARNING - ssr:stedsnr = 1030878: No priority spelling found for lang = no, using alt_name to get "[('no', 'Honningberget')]"
utility_to_osm - ERROR - ssr:stedsnr = 1030878. No positions found, skipping
utility_to_osm - WARNING - ssr:stedsnr = 1030880: No priority spelling found for lang = no, using alt_name to get "[('no', 'Lysenutvegen')]"
utility_to_osm - ERROR - ssr:stedsnr = 1030880. No positions found, skipping
utility_to_osm - WARNING - ssr:stedsnr = 1030884: No priority spelling found for lang = no, using alt_name to get "[('no', 'Hjartakervegen')]"
utility_to_osm - ERROR - ssr:stedsnr = 1030884. No positions found, skipping
utility_to_osm - WARNING - ssr:stedsnr = 1030936: No priority spelling found for lang = no, using alt_name to get "[('no', 'Naustvikvegen')]"
utility_to_osm - ERROR - ssr:stedsnr = 1030936. No positions found, skipping
utility_to_osm - WARNING - ssr:stedsnr = 1030938: No priority spelling found for lang = no, using alt_name to get "[('no', 'Sjurahagen')]"
utility_to_osm - ERROR - ssr:stedsnr = 1030938. No positions found, skipping
utility_to_osm - WARNING - ssr:stedsnr = 1030939: No priority spelling found for lang = no, using alt_name to get "[('no', 'Kvamsvegen')]"
utility_to_osm - ERROR - ssr:stedsnr = 1030939. No positions found, skipping
utility_to_osm - WARNING - ssr:stedsnr = 1030940: No priority spelling found for lang = no, using alt_name to get "[('no', 'Alnavegen')]"
utility_to_osm - ERROR - ssr:stedsnr = 1030940. No positions found, skipping
utility_to_osm - WARNING - ssr:stedsnr = 1030804: No priority spelling found for lang = no, using alt_name to get "[('no', 'Vågslia')]"
utility_to_osm - ERROR - ssr:stedsnr = 1030804. No positions found, skipping
utility_to_osm - WARNING - ssr:stedsnr = 1030805: No priority spelling found for lang = no, using alt_name to get "[('no', 'Håvikvegen')]"
utility_to_osm - ERROR - ssr:stedsnr = 1030805. No positions found, skipping
utility_to_osm - WARNING - ssr:stedsnr = 1030806: No priority spelling found for lang = no, using alt_name to get "[('no', 'Kroavegen')]"
utility_to_osm - ERROR - ssr:stedsnr = 1030806. No positions found, skipping
utility_to_osm - WARNING - ssr:stedsnr = 1030807: No priority spelling found for lang = no, using alt_name to get "[('no', 'Tosvollvegen')]"
utility_to_osm - ERROR - ssr:stedsnr = 1030807. No positions found, skipping
utility_to_osm - WARNING - ssr:stedsnr = 1030808: No priority spelling found for lang = no, using alt_name to get "[('no', 'Haganesvegen')]"
utility_to_osm - ERROR - ssr:stedsnr = 1030808. No positions found, skipping
utility_to_osm - WARNING - ssr:stedsnr = 1030809: No priority spelling found for lang = no, using alt_name to get "[('no', 'Lyngdalen')]"
utility_to_osm - ERROR - ssr:stedsnr = 1030809. No positions found, skipping
utility_to_osm - WARNING - ssr:stedsnr = 1030810: No priority spelling found for lang = no, using alt_name to get "[('no', 'Urhaugvegen')]"
utility_to_osm - ERROR - ssr:stedsnr = 1030810. No positions found, skipping
utility_to_osm - WARNING - ssr:stedsnr = 1030811: No priority spelling found for lang = no, using alt_name to get "[('no', 'Livegen')]"
utility_to_osm - ERROR - ssr:stedsnr = 1030811. No positions found, skipping
utility_to_osm - WARNING - ssr:stedsnr = 1030812: No priority spelling found for lang = no, using alt_name to get "[('no', 'Fjellheimsvegen')]"
utility_to_osm - ERROR - ssr:stedsnr = 1030812. No positions found, skipping
utility_to_osm - WARNING - ssr:stedsnr = 1030813: No priority spelling found for lang = no, using alt_name to get "[('no', 'Ørlandsvegen')]"
utility_to_osm - ERROR - ssr:stedsnr = 1030813. No positions found, skipping
utility_to_osm - WARNING - ssr:stedsnr = 1030814: No priority spelling found for lang = no, using alt_name to get "[('no', 'Bergshagen')]"
utility_to_osm - ERROR - ssr:stedsnr = 1030814. No positions found, skipping
utility_to_osm - WARNING - ssr:stedsnr = 1030815: No priority spelling found for lang = no, using alt_name to get "[('no', 'Vågssvingen')]"
utility_to_osm - ERROR - ssr:stedsnr = 1030815. No positions found, skipping
utility_to_osm - WARNING - ssr:stedsnr = 1030816: No priority spelling found for lang = no, using alt_name to get "[('no', 'Duelandsvegen')]"
utility_to_osm - ERROR - ssr:stedsnr = 1030816. No positions found, skipping
utility_to_osm - WARNING - ssr:stedsnr = 1030817: No priority spelling found for lang = no, using alt_name to get "[('no', 'Vikevegen')]"
utility_to_osm - ERROR - ssr:stedsnr = 1030817. No positions found, skipping
utility_to_osm - WARNING - ssr:stedsnr = 1030818: No priority spelling found for lang = no, using alt_name to get "[('no', 'Kvassanesvegen')]"
utility_to_osm - ERROR - ssr:stedsnr = 1030818. No positions found, skipping
utility_to_osm - WARNING - ssr:stedsnr = 1030821: No priority spelling found for lang = no, using alt_name to get "[('no', 'Bjoravegen')]"
utility_to_osm - ERROR - ssr:stedsnr = 1030821. No positions found, skipping
utility_to_osm - WARNING - ssr:stedsnr = 1030822: No priority spelling found for lang = no, using alt_name to get "[('no', 'Bjoavegen')]"
utility_to_osm - ERROR - ssr:stedsnr = 1030822. No positions found, skipping
utility_to_osm - WARNING - ssr:stedsnr = 1030824: No priority spelling found for lang = no, using alt_name to get "[('no', 'Nathaugvegen')]"
utility_to_osm - ERROR - ssr:stedsnr = 1030824. No positions found, skipping
utility_to_osm - WARNING - ssr:stedsnr = 1030825: No priority spelling found for lang = no, using alt_name to get "[('no', 'Stavanesvegen')]"
utility_to_osm - ERROR - ssr:stedsnr = 1030825. No positions found, skipping
utility_to_osm - WARNING - ssr:stedsnr = 1030826: No priority spelling found for lang = no, using alt_name to get "[('no', 'Nautaskjersvegen')]"
utility_to_osm - ERROR - ssr:stedsnr = 1030826. No positions found, skipping
utility_to_osm - WARNING - ssr:stedsnr = 1030827: No priority spelling found for lang = no, using alt_name to get "[('no', 'Vakavegen')]"
utility_to_osm - ERROR - ssr:stedsnr = 1030827. No positions found, skipping
utility_to_osm - WARNING - ssr:stedsnr = 1030829: No priority spelling found for lang = no, using alt_name to get "[('no', 'Kråkedalsvegen')]"
utility_to_osm - ERROR - ssr:stedsnr = 1030829. No positions found, skipping
utility_to_osm - WARNING - ssr:stedsnr = 1030830: No priority spelling found for lang = no, using alt_name to get "[('no', 'Lundanesvegen')]"
utility_to_osm - ERROR - ssr:stedsnr = 1030830. No positions found, skipping
utility_to_osm - WARNING - ssr:stedsnr = 1030832: No priority spelling found for lang = no, using alt_name to get "[('no', 'Bergsvegen')]"
utility_to_osm - ERROR - ssr:stedsnr = 1030832. No positions found, skipping
utility_to_osm - WARNING - ssr:stedsnr = 1030833: No priority spelling found for lang = no, using alt_name to get "[('no', 'Jektevikvegen')]"
utility_to_osm - ERROR - ssr:stedsnr = 1030833. No positions found, skipping
utility_to_osm - WARNING - ssr:stedsnr = 1030888: No priority spelling found for lang = no, using alt_name to get "[('no', 'Hetlandsvegen')]"
utility_to_osm - ERROR - ssr:stedsnr = 1030888. No positions found, skipping
utility_to_osm - WARNING - ssr:stedsnr = 1030889: No priority spelling found for lang = no, using alt_name to get "[('no', 'Apalviklia')]"
utility_to_osm - ERROR - ssr:stedsnr = 1030889. No positions found, skipping
utility_to_osm - WARNING - ssr:stedsnr = 1030890: No priority spelling found for lang = no, using alt_name to get "[('no', 'Sveinavikvegen')]"
utility_to_osm - ERROR - ssr:stedsnr = 1030890. No positions found, skipping
utility_to_osm - WARNING - ssr:stedsnr = 1030891: No priority spelling found for lang = no, using alt_name to get "[('no', 'Grunnavågvegen')]"
utility_to_osm - ERROR - ssr:stedsnr = 1030891. No positions found, skipping
utility_to_osm - WARNING - ssr:stedsnr = 1030892: No priority spelling found for lang = no, using alt_name to get "[('no', 'Hagebyvegen')]"
utility_to_osm - ERROR - ssr:stedsnr = 1030892. No positions found, skipping
utility_to_osm - WARNING - ssr:stedsnr = 1030893: No priority spelling found for lang = no, using alt_name to get "[('no', 'Isvikvegen')]"
utility_to_osm - ERROR - ssr:stedsnr = 1030893. No positions found, skipping
utility_to_osm - WARNING - ssr:stedsnr = 1030895: No priority spelling found for lang = no, using alt_name to get "[('no', 'Steinhaugvegen')]"
utility_to_osm - ERROR - ssr:stedsnr = 1030895. No positions found, skipping
utility_to_osm - WARNING - ssr:stedsnr = 1030896: No priority spelling found for lang = no, using alt_name to get "[('no', 'Håkullvegen')]"
utility_to_osm - ERROR - ssr:stedsnr = 1030896. No positions found, skipping
utility_to_osm - WARNING - ssr:stedsnr = 1030897: No priority spelling found for lang = no, using alt_name to get "[('no', 'Buavegen')]"
utility_to_osm - ERROR - ssr:stedsnr = 1030897. No positions found, skipping
utility_to_osm - WARNING - ssr:stedsnr = 1030898: No priority spelling found for lang = no, using alt_name to get "[('no', 'Grønevikvegen')]"
utility_to_osm - ERROR - ssr:stedsnr = 1030898. No positions found, skipping
utility_to_osm - WARNING - ssr:stedsnr = 1030899: No priority spelling found for lang = no, using alt_name to get "[('no', 'Eikåsvegen')]"
utility_to_osm - ERROR - ssr:stedsnr = 1030899. No positions found, skipping
utility_to_osm - WARNING - ssr:stedsnr = 1030900: No priority spelling found for lang = no, using alt_name to get "[('no', 'Nygårdsvegen')]"
utility_to_osm - ERROR - ssr:stedsnr = 1030900. No positions found, skipping
utility_to_osm - WARNING - ssr:stedsnr = 1030902: No priority spelling found for lang = no, using alt_name to get "[('no', 'Dalsbrukvegen')]"
utility_to_osm - ERROR - ssr:stedsnr = 1030902. No positions found, skipping
utility_to_osm - WARNING - ssr:stedsnr = 1030904: No priority spelling found for lang = no, using alt_name to get "[('no', 'Steinslandsvegen')]"
utility_to_osm - ERROR - ssr:stedsnr = 1030904. No positions found, skipping
utility_to_osm - WARNING - ssr:stedsnr = 1030905: No priority spelling found for lang = no, using alt_name to get "[('no', 'Molovegen')]"
utility_to_osm - ERROR - ssr:stedsnr = 1030905. No positions found, skipping
utility_to_osm - WARNING - ssr:stedsnr = 1030906: No priority spelling found for lang = no, using alt_name to get "[('no', 'Apalvikvegen')]"
utility_to_osm - ERROR - ssr:stedsnr = 1030906. No positions found, skipping
utility_to_osm - WARNING - ssr:stedsnr = 1030907: No priority spelling found for lang = no, using alt_name to get "[('no', 'Krekavegen')]"
utility_to_osm - ERROR - ssr:stedsnr = 1030907. No positions found, skipping
utility_to_osm - WARNING - ssr:stedsnr = 1030908: No priority spelling found for lang = no, using alt_name to get "[('no', 'Trovågvegen')]"
utility_to_osm - ERROR - ssr:stedsnr = 1030908. No positions found, skipping
utility_to_osm - WARNING - ssr:stedsnr = 1030909: No priority spelling found for lang = no, using alt_name to get "[('no', 'Svendsbøvegen')]"
utility_to_osm - ERROR - ssr:stedsnr = 1030909. No positions found, skipping
utility_to_osm - WARNING - ssr:stedsnr = 1030910: No priority spelling found for lang = no, using alt_name to get "[('no', 'Bjordalsvegen')]"
utility_to_osm - ERROR - ssr:stedsnr = 1030910. No positions found, skipping
utility_to_osm - WARNING - ssr:stedsnr = 1030911: No priority spelling found for lang = no, using alt_name to get "[('no', 'Skjeljavikvegen')]"
utility_to_osm - ERROR - ssr:stedsnr = 1030911. No positions found, skipping
utility_to_osm - WARNING - ssr:stedsnr = 1030912: No priority spelling found for lang = no, using alt_name to get "[('no', 'Ulvebneneset')]"
utility_to_osm - ERROR - ssr:stedsnr = 1030912. No positions found, skipping
utility_to_osm - WARNING - ssr:stedsnr = 1030913: No priority spelling found for lang = no, using alt_name to get "[('no', 'Leirhammarvegen')]"
utility_to_osm - ERROR - ssr:stedsnr = 1030913. No positions found, skipping
utility_to_osm - WARNING - ssr:stedsnr = 1030914: No priority spelling found for lang = no, using alt_name to get "[('no', 'Kolthaugvegen')]"
utility_to_osm - ERROR - ssr:stedsnr = 1030914. No positions found, skipping
utility_to_osm - WARNING - ssr:stedsnr = 1030915: No priority spelling found for lang = no, using alt_name to get "[('no', 'Lensmannsvegen')]"
utility_to_osm - ERROR - ssr:stedsnr = 1030915. No positions found, skipping
utility_to_osm - WARNING - ssr:stedsnr = 1030916: No priority spelling found for lang = no, using alt_name to get "[('no', 'Nadalsvegen')]"
utility_to_osm - ERROR - ssr:stedsnr = 1030916. No positions found, skipping
utility_to_osm - WARNING - ssr:stedsnr = 1030917: No priority spelling found for lang = no, using alt_name to get "[('no', 'Malasetvegen')]"
utility_to_osm - ERROR - ssr:stedsnr = 1030917. No positions found, skipping
utility_to_osm - WARNING - ssr:stedsnr = 1030918: No priority spelling found for lang = no, using alt_name to get "[('no', 'Risangervegen')]"
utility_to_osm - ERROR - ssr:stedsnr = 1030918. No positions found, skipping
utility_to_osm - WARNING - ssr:stedsnr = 1030919: No priority spelling found for lang = no, using alt_name to get "[('no', 'Øyna')]"
utility_to_osm - ERROR - ssr:stedsnr = 1030919. No positions found, skipping
utility_to_osm - WARNING - ssr:stedsnr = 1030920: No priority spelling found for lang = no, using alt_name to get "[('no', 'Haraldseidvågen')]"
utility_to_osm - ERROR - ssr:stedsnr = 1030920. No positions found, skipping
utility_to_osm - WARNING - ssr:stedsnr = 1030922: No priority spelling found for lang = no, using alt_name to get "[('no', 'Klovaberget')]"
utility_to_osm - ERROR - ssr:stedsnr = 1030922. No positions found, skipping
utility_to_osm - WARNING - ssr:stedsnr = 1030924: No priority spelling found for lang = no, using alt_name to get "[('no', 'Søljevegen')]"
utility_to_osm - ERROR - ssr:stedsnr = 1030924. No positions found, skipping
utility_to_osm - WARNING - ssr:stedsnr = 1030925: No priority spelling found for lang = no, using alt_name to get "[('no', 'Åsbøvegen')]"
utility_to_osm - ERROR - ssr:stedsnr = 1030925. No positions found, skipping
utility_to_osm - WARNING - ssr:stedsnr = 1030927: No priority spelling found for lang = no, using alt_name to get "[('no', 'Sandviknesvegen')]"
utility_to_osm - ERROR - ssr:stedsnr = 1030927. No positions found, skipping
utility_to_osm - WARNING - ssr:stedsnr = 1030928: No priority spelling found for lang = no, using alt_name to get "[('no', 'Bautavegen')]"
utility_to_osm - ERROR - ssr:stedsnr = 1030928. No positions found, skipping
utility_to_osm - WARNING - ssr:stedsnr = 1030929: No priority spelling found for lang = no, using alt_name to get "[('no', 'Toadalsvegen')]"
utility_to_osm - ERROR - ssr:stedsnr = 1030929. No positions found, skipping
utility_to_osm - WARNING - ssr:stedsnr = 1030930: No priority spelling found for lang = no, using alt_name to get "[('no', 'Liasandvegen')]"
utility_to_osm - ERROR - ssr:stedsnr = 1030930. No positions found, skipping
utility_to_osm - WARNING - ssr:stedsnr = 1030931: No priority spelling found for lang = no, using alt_name to get "[('no', 'Saltnesvegen')]"
utility_to_osm - ERROR - ssr:stedsnr = 1030931. No positions found, skipping
utility_to_osm - WARNING - ssr:stedsnr = 1030932: No priority spelling found for lang = no, using alt_name to get "[('no', 'Kjellasvikvegen')]"
utility_to_osm - ERROR - ssr:stedsnr = 1030932. No positions found, skipping
utility_to_osm - WARNING - ssr:stedsnr = 1030933: No priority spelling found for lang = no, using alt_name to get "[('no', 'Haugsvegen')]"
utility_to_osm - ERROR - ssr:stedsnr = 1030933. No positions found, skipping
utility_to_osm - WARNING - ssr:stedsnr = 1030934: No priority spelling found for lang = no, using alt_name to get "[('no', 'Plassavegen')]"
utility_to_osm - ERROR - ssr:stedsnr = 1030934. No positions found, skipping
utility_to_osm - WARNING - ssr:stedsnr = 1030935: No priority spelling found for lang = no, using alt_name to get "[('no', 'Dommersnesvegen')]"
utility_to_osm - ERROR - ssr:stedsnr = 1030935. No positions found, skipping
utility_to_osm - WARNING - ssr:stedsnr = 1030942: No priority spelling found for lang = no, using alt_name to get "[('no', 'Gangstøvegen')]"
utility_to_osm - ERROR - ssr:stedsnr = 1030942. No positions found, skipping
utility_to_osm - WARNING - ssr:stedsnr = 1030943: No priority spelling found for lang = no, using alt_name to get "[('no', 'Årvikvegen')]"
utility_to_osm - ERROR - ssr:stedsnr = 1030943. No positions found, skipping
utility_to_osm - ERROR - ssr:stedsnr = 1078916. No positions found, skipping
utility_to_osm - ERROR - ssr:stedsnr = 1078917. No positions found, skipping
