utility_to_osm - WARNING - ssr:stedsnr = 4662 has multiple (2) positions, using the first one!
utility_to_osm - WARNING - ssr:stedsnr = 4664 has multiple (2) positions, using the first one!
utility_to_osm - WARNING - ssr:stedsnr = 4811 has multiple (3) positions, using the first one!
utility_to_osm - WARNING - ssr:stedsnr = 60818: No priority spelling found for lang = no, using alt_name to get "[('no', 'Bakkeløkka')]"
utility_to_osm - ERROR - ssr:stedsnr = 60818. No positions found, skipping
utility_to_osm - WARNING - ssr:stedsnr = 64828 has multiple (2) positions, using the first one!
utility_to_osm - WARNING - ssr:stedsnr = 65642 has multiple (6) positions, using the first one!
utility_to_osm - WARNING - ssr:stedsnr = 65644 has multiple (2) positions, using the first one!
utility_to_osm - WARNING - ssr:stedsnr = 65804 has multiple (2) positions, using the first one!
utility_to_osm - WARNING - ssr:stedsnr = 242246: No priority spelling found for lang = no, using alt_name to get "[('no', 'Åslia')]"
utility_to_osm - WARNING - ssr:stedsnr = 247587 has multiple (2) positions, using the first one!
utility_to_osm - WARNING - ssr:stedsnr = 247637 has multiple (3) positions, using the first one!
utility_to_osm - WARNING - ssr:stedsnr = 124965: No priority spelling found for lang = no, using alt_name to get "[('no', 'Ødegaarden')]"
utility_to_osm - WARNING - ssr:stedsnr = 124965 has multiple (3) positions, using the first one!
utility_to_osm - WARNING - ssr:stedsnr = 126654 has multiple (2) positions, using the first one!
utility_to_osm - WARNING - ssr:stedsnr = 126655 has multiple (2) positions, using the first one!
utility_to_osm - WARNING - ssr:stedsnr = 185817 has multiple (3) positions, using the first one!
utility_to_osm - WARNING - ssr:stedsnr = 186690 has multiple (3) positions, using the first one!
utility_to_osm - WARNING - ssr:stedsnr = 186806 has multiple (2) positions, using the first one!
utility_to_osm - WARNING - ssr:stedsnr = 266227 has multiple (2) positions, using the first one!
utility_to_osm - WARNING - ssr:stedsnr = 267868 has multiple (9) positions, using the first one!
utility_to_osm - WARNING - ssr:stedsnr = 247614 has multiple (2) positions, using the first one!
utility_to_osm - WARNING - ssr:stedsnr = 464051 has multiple (2) positions, using the first one!
utility_to_osm - WARNING - ssr:stedsnr = 307712 has multiple (3) positions, using the first one!
utility_to_osm - WARNING - ssr:stedsnr = 307718: No priority spelling found for lang = no, using alt_name to get "[('no', 'Ommen')]"
utility_to_osm - WARNING - ssr:stedsnr = 307718 has multiple (6) positions, using the first one!
utility_to_osm - WARNING - ssr:stedsnr = 308738 has multiple (3) positions, using the first one!
utility_to_osm - WARNING - ssr:stedsnr = 368220 has multiple (3) positions, using the first one!
utility_to_osm - WARNING - ssr:stedsnr = 369573 has multiple (2) positions, using the first one!
utility_to_osm - WARNING - ssr:stedsnr = 488471: No priority spelling found for lang = no, using alt_name to get "[('no', 'Bunnefjorden')]"
utility_to_osm - WARNING - ssr:stedsnr = 488471 has multiple (21) positions, using the first one!
utility_to_osm - WARNING - ssr:stedsnr = 424259: No priority spelling found for lang = no, using alt_name to get "[('no', 'Strandlia')]"
utility_to_osm - ERROR - ssr:stedsnr = 424259. No positions found, skipping
utility_to_osm - WARNING - ssr:stedsnr = 489787 has multiple (2) positions, using the first one!
utility_to_osm - WARNING - ssr:stedsnr = 490691 has multiple (2) positions, using the first one!
utility_to_osm - WARNING - ssr:stedsnr = 490692 has multiple (2) positions, using the first one!
utility_to_osm - WARNING - ssr:stedsnr = 490651 has multiple (2) positions, using the first one!
utility_to_osm - WARNING - ssr:stedsnr = 490671: No priority spelling found for lang = no, using alt_name to get "[('no', 'Bomansvik')]"
utility_to_osm - WARNING - ssr:stedsnr = 429657 has multiple (3) positions, using the first one!
utility_to_osm - WARNING - ssr:stedsnr = 429808 has multiple (3) positions, using the first one!
utility_to_osm - WARNING - ssr:stedsnr = 429801 has multiple (3) positions, using the first one!
utility_to_osm - WARNING - ssr:stedsnr = 430724: No priority spelling found for lang = no, using alt_name to get "[('no', 'Torvvik')]"
utility_to_osm - WARNING - ssr:stedsnr = 430727 has multiple (2) positions, using the first one!
utility_to_osm - WARNING - ssr:stedsnr = 670941 has multiple (3) positions, using the first one!
utility_to_osm - WARNING - ssr:stedsnr = 670958 has multiple (2) positions, using the first one!
utility_to_osm - WARNING - ssr:stedsnr = 672684 has multiple (3) positions, using the first one!
utility_to_osm - WARNING - ssr:stedsnr = 672584 has multiple (2) positions, using the first one!
utility_to_osm - WARNING - ssr:stedsnr = 672628 has multiple (2) positions, using the first one!
utility_to_osm - WARNING - ssr:stedsnr = 672629 has multiple (2) positions, using the first one!
utility_to_osm - WARNING - ssr:stedsnr = 672642 has multiple (3) positions, using the first one!
utility_to_osm - WARNING - ssr:stedsnr = 672689 has multiple (3) positions, using the first one!
utility_to_osm - WARNING - ssr:stedsnr = 461872: No priority spelling found for lang = no, using alt_name to get "[('no', 'Åsenveien')]"
utility_to_osm - ERROR - ssr:stedsnr = 461872. No positions found, skipping
utility_to_osm - WARNING - ssr:stedsnr = 463320 has multiple (2) positions, using the first one!
utility_to_osm - WARNING - ssr:stedsnr = 489741 has multiple (3) positions, using the first one!
utility_to_osm - WARNING - ssr:stedsnr = 489784: No priority spelling found for lang = no, using alt_name to get "[('no', 'Ildjernsflua')]"
utility_to_osm - WARNING - ssr:stedsnr = 489784 has multiple (3) positions, using the first one!
utility_to_osm - WARNING - ssr:stedsnr = 490615 has multiple (3) positions, using the first one!
utility_to_osm - WARNING - ssr:stedsnr = 490727 has multiple (3) positions, using the first one!
utility_to_osm - WARNING - ssr:stedsnr = 510323 has multiple (2) positions, using the first one!
utility_to_osm - WARNING - ssr:stedsnr = 570319 has multiple (2) positions, using the first one!
utility_to_osm - WARNING - ssr:stedsnr = 693541 has multiple (3) positions, using the first one!
utility_to_osm - WARNING - ssr:stedsnr = 693843: No priority spelling found for lang = no, using alt_name to get "[('no', 'Berger idrettspark østre')]"
utility_to_osm - WARNING - ssr:stedsnr = 611710 has multiple (2) positions, using the first one!
utility_to_osm - WARNING - ssr:stedsnr = 611770 has multiple (2) positions, using the first one!
utility_to_osm - WARNING - ssr:stedsnr = 611771 has multiple (2) positions, using the first one!
utility_to_osm - WARNING - ssr:stedsnr = 647429: No priority spelling found for lang = no, using alt_name to get "[('no', 'Kvistemyrdammen naturreservat')]"
utility_to_osm - WARNING - ssr:stedsnr = 708486: No priority spelling found for lang = no, using alt_name to get "[('no', 'Søndre Skjælholmen naturreservat')]"
utility_to_osm - WARNING - ssr:stedsnr = 891497: No priority spelling found for lang = no, using alt_name to get "[('no', 'Husbergøya naturreservat')]"
utility_to_osm - WARNING - ssr:stedsnr = 733690 has multiple (2) positions, using the first one!
utility_to_osm - WARNING - ssr:stedsnr = 913972 has multiple (2) positions, using the first one!
utility_to_osm - WARNING - ssr:stedsnr = 914800 has multiple (2) positions, using the first one!
utility_to_osm - WARNING - ssr:stedsnr = 915640 has multiple (2) positions, using the first one!
utility_to_osm - WARNING - ssr:stedsnr = 915642 has multiple (2) positions, using the first one!
utility_to_osm - WARNING - ssr:stedsnr = 915685 has multiple (2) positions, using the first one!
utility_to_osm - WARNING - ssr:stedsnr = 915687 has multiple (2) positions, using the first one!
utility_to_osm - WARNING - ssr:stedsnr = 915756 has multiple (2) positions, using the first one!
utility_to_osm - WARNING - ssr:stedsnr = 854606 has multiple (2) positions, using the first one!
utility_to_osm - WARNING - ssr:stedsnr = 854650 has multiple (2) positions, using the first one!
utility_to_osm - WARNING - ssr:stedsnr = 915724 has multiple (2) positions, using the first one!
utility_to_osm - WARNING - ssr:stedsnr = 951480: No priority spelling found for lang = no, using alt_name to get "[('no', 'Nordre Skjælholmen naturreservat')]"
utility_to_osm - ERROR - ssr:stedsnr = 968705. No positions found, skipping
utility_to_osm - WARNING - ssr:stedsnr = 968692 has multiple (2) positions, using the first one!
utility_to_osm - WARNING - ssr:stedsnr = 4661 has multiple (3) positions, using the first one!
utility_to_osm - WARNING - ssr:stedsnr = 5721 has multiple (2) positions, using the first one!
utility_to_osm - WARNING - ssr:stedsnr = 5697 has multiple (4) positions, using the first one!
utility_to_osm - WARNING - ssr:stedsnr = 5742 has multiple (2) positions, using the first one!
utility_to_osm - WARNING - ssr:stedsnr = 64955 has multiple (3) positions, using the first one!
utility_to_osm - WARNING - ssr:stedsnr = 65707 has multiple (2) positions, using the first one!
utility_to_osm - WARNING - ssr:stedsnr = 65736 has multiple (3) positions, using the first one!
utility_to_osm - WARNING - ssr:stedsnr = 65654 has multiple (2) positions, using the first one!
utility_to_osm - WARNING - ssr:stedsnr = 65666 has multiple (2) positions, using the first one!
utility_to_osm - WARNING - ssr:stedsnr = 65682 has multiple (2) positions, using the first one!
utility_to_osm - WARNING - ssr:stedsnr = 66637 has multiple (2) positions, using the first one!
utility_to_osm - WARNING - ssr:stedsnr = 126622 has multiple (2) positions, using the first one!
utility_to_osm - WARNING - ssr:stedsnr = 126628 has multiple (3) positions, using the first one!
utility_to_osm - WARNING - ssr:stedsnr = 126707 has multiple (3) positions, using the first one!
utility_to_osm - WARNING - ssr:stedsnr = 187651 has multiple (5) positions, using the first one!
utility_to_osm - ERROR - ssr:stedsnr = 187657: Adding multiple names to name tag, this is not OK! name = "Blekslitjernet;Bråtetjernet"
utility_to_osm - WARNING - ssr:stedsnr = 187658 has multiple (2) positions, using the first one!
utility_to_osm - WARNING - ssr:stedsnr = 221748: No priority spelling found for lang = no, using alt_name to get "[('no', 'Fyrsteilene naturreservat')]"
utility_to_osm - WARNING - ssr:stedsnr = 221941 has multiple (2) positions, using the first one!
utility_to_osm - WARNING - ssr:stedsnr = 308626 has multiple (4) positions, using the first one!
utility_to_osm - WARNING - ssr:stedsnr = 308644 has multiple (2) positions, using the first one!
utility_to_osm - WARNING - ssr:stedsnr = 308722 has multiple (2) positions, using the first one!
utility_to_osm - WARNING - ssr:stedsnr = 354046 has multiple (2) positions, using the first one!
utility_to_osm - WARNING - ssr:stedsnr = 365030 has multiple (36) positions, using the first one!
utility_to_osm - WARNING - ssr:stedsnr = 368549 has multiple (3) positions, using the first one!
utility_to_osm - WARNING - ssr:stedsnr = 368664 has multiple (2) positions, using the first one!
utility_to_osm - WARNING - ssr:stedsnr = 368715 has multiple (4) positions, using the first one!
utility_to_osm - WARNING - ssr:stedsnr = 369594 has multiple (2) positions, using the first one!
utility_to_osm - WARNING - ssr:stedsnr = 368806 has multiple (2) positions, using the first one!
utility_to_osm - WARNING - ssr:stedsnr = 369640 has multiple (2) positions, using the first one!
utility_to_osm - WARNING - ssr:stedsnr = 405422: No priority spelling found for lang = no, using alt_name to get "[('no', 'Blylagsdammen naturreservat')]"
utility_to_osm - WARNING - ssr:stedsnr = 429792 has multiple (2) positions, using the first one!
utility_to_osm - WARNING - ssr:stedsnr = 429715 has multiple (3) positions, using the first one!
utility_to_osm - WARNING - ssr:stedsnr = 430679 has multiple (2) positions, using the first one!
utility_to_osm - WARNING - ssr:stedsnr = 445658: No priority spelling found for lang = no, using alt_name to get "[('no', 'Skjælholmene')]"
utility_to_osm - WARNING - ssr:stedsnr = 506630: No priority spelling found for lang = no, using alt_name to get "[('no', 'Suteren')]"
utility_to_osm - WARNING - ssr:stedsnr = 550771 has multiple (3) positions, using the first one!
utility_to_osm - WARNING - ssr:stedsnr = 550786 has multiple (2) positions, using the first one!
utility_to_osm - WARNING - ssr:stedsnr = 585621: No priority spelling found for lang = no, using alt_name to get "[('no', 'Ildjernet naturreservat')]"
utility_to_osm - WARNING - ssr:stedsnr = 609956 has multiple (2) positions, using the first one!
utility_to_osm - WARNING - ssr:stedsnr = 611637 has multiple (2) positions, using the first one!
utility_to_osm - WARNING - ssr:stedsnr = 611642 has multiple (2) positions, using the first one!
utility_to_osm - WARNING - ssr:stedsnr = 611645 has multiple (2) positions, using the first one!
utility_to_osm - WARNING - ssr:stedsnr = 611663 has multiple (2) positions, using the first one!
utility_to_osm - WARNING - ssr:stedsnr = 611793 has multiple (2) positions, using the first one!
utility_to_osm - WARNING - ssr:stedsnr = 663070: No priority spelling found for lang = no, using alt_name to get "[('no', 'Berger idrettspark')]"
utility_to_osm - WARNING - ssr:stedsnr = 733601 has multiple (2) positions, using the first one!
utility_to_osm - WARNING - ssr:stedsnr = 733602 has multiple (3) positions, using the first one!
utility_to_osm - WARNING - ssr:stedsnr = 733749: No priority spelling found for lang = no, using alt_name to get "[('no', 'Ildjernet')]"
utility_to_osm - WARNING - ssr:stedsnr = 753136 has multiple (2) positions, using the first one!
utility_to_osm - WARNING - ssr:stedsnr = 753294 has multiple (3) positions, using the first one!
utility_to_osm - WARNING - ssr:stedsnr = 793732 has multiple (2) positions, using the first one!
utility_to_osm - WARNING - ssr:stedsnr = 794743 has multiple (2) positions, using the first one!
utility_to_osm - WARNING - ssr:stedsnr = 830489: No priority spelling found for lang = no, using alt_name to get "[('no', 'Hellvik gamle brygge naturreservat')]"
utility_to_osm - WARNING - ssr:stedsnr = 889874 has multiple (2) positions, using the first one!
utility_to_osm - ERROR - ssr:stedsnr = 846477. No positions found, skipping
utility_to_osm - WARNING - ssr:stedsnr = 854623 has multiple (2) positions, using the first one!
utility_to_osm - WARNING - ssr:stedsnr = 854624 has multiple (2) positions, using the first one!
utility_to_osm - WARNING - ssr:stedsnr = 854783 has multiple (2) positions, using the first one!
utility_to_osm - WARNING - ssr:stedsnr = 855756: No priority spelling found for lang = no, using alt_name to get "[('no', 'Alværn')]"
utility_to_osm - WARNING - ssr:stedsnr = 855756 has multiple (2) positions, using the first one!
utility_to_osm - WARNING - ssr:stedsnr = 873227 has multiple (2) positions, using the first one!
utility_to_osm - WARNING - ssr:stedsnr = 873228 has multiple (2) positions, using the first one!
utility_to_osm - WARNING - ssr:stedsnr = 888132 has multiple (2) positions, using the first one!
utility_to_osm - WARNING - ssr:stedsnr = 966061: No priority spelling found for lang = no, using alt_name to get "[('no', 'Berger idrettspark vestre')]"
utility_to_osm - WARNING - ssr:stedsnr = 967401: No priority spelling found for lang = no, using alt_name to get "[('no', 'Søndre Follo prosti')]"
utility_to_osm - WARNING - ssr:stedsnr = 967401 has multiple (6) positions, using the first one!
utility_to_osm - ERROR - ssr:stedsnr = 1067536. No positions found, skipping
utility_to_osm - ERROR - ssr:stedsnr = 1067541. No positions found, skipping
utility_to_osm - ERROR - ssr:stedsnr = 1067542. No positions found, skipping
utility_to_osm - ERROR - ssr:stedsnr = 1067543. No positions found, skipping
utility_to_osm - ERROR - ssr:stedsnr = 1067570. No positions found, skipping
utility_to_osm - ERROR - ssr:stedsnr = 1067573. No positions found, skipping
utility_to_osm - ERROR - ssr:stedsnr = 1067636. No positions found, skipping
utility_to_osm - ERROR - ssr:stedsnr = 1067642. No positions found, skipping
utility_to_osm - ERROR - ssr:stedsnr = 1067654. No positions found, skipping
utility_to_osm - ERROR - ssr:stedsnr = 1067671. No positions found, skipping
utility_to_osm - ERROR - ssr:stedsnr = 1067738. No positions found, skipping
utility_to_osm - ERROR - ssr:stedsnr = 1067742. No positions found, skipping
utility_to_osm - ERROR - ssr:stedsnr = 1066445. No positions found, skipping
utility_to_osm - WARNING - ssr:stedsnr = 1066451: No priority spelling found for lang = no, using alt_name to get "[('no', 'Eikåsveien')]"
utility_to_osm - ERROR - ssr:stedsnr = 1066451. No positions found, skipping
utility_to_osm - ERROR - ssr:stedsnr = 1066454. No positions found, skipping
utility_to_osm - ERROR - ssr:stedsnr = 1066391. No positions found, skipping
utility_to_osm - ERROR - ssr:stedsnr = 1066398. No positions found, skipping
utility_to_osm - ERROR - ssr:stedsnr = 1066403. No positions found, skipping
utility_to_osm - ERROR - ssr:stedsnr = 1066404. No positions found, skipping
utility_to_osm - ERROR - ssr:stedsnr = 1066405. No positions found, skipping
utility_to_osm - ERROR - ssr:stedsnr = 1066418. No positions found, skipping
utility_to_osm - ERROR - ssr:stedsnr = 1066424. No positions found, skipping
utility_to_osm - ERROR - ssr:stedsnr = 1066486. No positions found, skipping
utility_to_osm - ERROR - ssr:stedsnr = 1066487. No positions found, skipping
utility_to_osm - ERROR - ssr:stedsnr = 1066489. No positions found, skipping
utility_to_osm - ERROR - ssr:stedsnr = 1066491. No positions found, skipping
utility_to_osm - ERROR - ssr:stedsnr = 1066522. No positions found, skipping
utility_to_osm - ERROR - ssr:stedsnr = 1066524. No positions found, skipping
utility_to_osm - ERROR - ssr:stedsnr = 1066595. No positions found, skipping
utility_to_osm - ERROR - ssr:stedsnr = 1066456. No positions found, skipping
utility_to_osm - ERROR - ssr:stedsnr = 1066462. No positions found, skipping
utility_to_osm - ERROR - ssr:stedsnr = 1066463. No positions found, skipping
utility_to_osm - ERROR - ssr:stedsnr = 1066467. No positions found, skipping
utility_to_osm - ERROR - ssr:stedsnr = 1066476. No positions found, skipping
utility_to_osm - ERROR - ssr:stedsnr = 1066537. No positions found, skipping
utility_to_osm - ERROR - ssr:stedsnr = 1066562. No positions found, skipping
utility_to_osm - ERROR - ssr:stedsnr = 1066579. No positions found, skipping
utility_to_osm - ERROR - ssr:stedsnr = 1066641. No positions found, skipping
utility_to_osm - ERROR - ssr:stedsnr = 1066653. No positions found, skipping
utility_to_osm - ERROR - ssr:stedsnr = 1066656. No positions found, skipping
utility_to_osm - ERROR - ssr:stedsnr = 1066668. No positions found, skipping
utility_to_osm - ERROR - ssr:stedsnr = 1066599. No positions found, skipping
utility_to_osm - ERROR - ssr:stedsnr = 1066618. No positions found, skipping
utility_to_osm - ERROR - ssr:stedsnr = 1066686. No positions found, skipping
utility_to_osm - ERROR - ssr:stedsnr = 1066691. No positions found, skipping
utility_to_osm - ERROR - ssr:stedsnr = 1066700. No positions found, skipping
utility_to_osm - ERROR - ssr:stedsnr = 1066709. No positions found, skipping
utility_to_osm - ERROR - ssr:stedsnr = 1066711. No positions found, skipping
utility_to_osm - ERROR - ssr:stedsnr = 1066717. No positions found, skipping
utility_to_osm - ERROR - ssr:stedsnr = 1066727. No positions found, skipping
utility_to_osm - ERROR - ssr:stedsnr = 1066729. No positions found, skipping
utility_to_osm - ERROR - ssr:stedsnr = 1066791. No positions found, skipping
utility_to_osm - ERROR - ssr:stedsnr = 1066804. No positions found, skipping
utility_to_osm - ERROR - ssr:stedsnr = 1066806. No positions found, skipping
utility_to_osm - ERROR - ssr:stedsnr = 1066680. No positions found, skipping
utility_to_osm - ERROR - ssr:stedsnr = 1066681. No positions found, skipping
utility_to_osm - ERROR - ssr:stedsnr = 1066773. No positions found, skipping
utility_to_osm - ERROR - ssr:stedsnr = 1066777. No positions found, skipping
utility_to_osm - ERROR - ssr:stedsnr = 1066939. No positions found, skipping
utility_to_osm - ERROR - ssr:stedsnr = 1066949. No positions found, skipping
utility_to_osm - WARNING - ssr:stedsnr = 1066952: No priority spelling found for lang = no, using alt_name to get "[('no', 'Gamle Alværnvei')]"
utility_to_osm - ERROR - ssr:stedsnr = 1066952. No positions found, skipping
utility_to_osm - ERROR - ssr:stedsnr = 1066961. No positions found, skipping
utility_to_osm - ERROR - ssr:stedsnr = 1066962. No positions found, skipping
utility_to_osm - ERROR - ssr:stedsnr = 1066963. No positions found, skipping
utility_to_osm - ERROR - ssr:stedsnr = 1066964. No positions found, skipping
utility_to_osm - ERROR - ssr:stedsnr = 1066965. No positions found, skipping
utility_to_osm - ERROR - ssr:stedsnr = 1066968. No positions found, skipping
utility_to_osm - ERROR - ssr:stedsnr = 1066969. No positions found, skipping
utility_to_osm - ERROR - ssr:stedsnr = 1066971. No positions found, skipping
utility_to_osm - ERROR - ssr:stedsnr = 1066973. No positions found, skipping
utility_to_osm - ERROR - ssr:stedsnr = 1066974. No positions found, skipping
utility_to_osm - ERROR - ssr:stedsnr = 1066975. No positions found, skipping
utility_to_osm - ERROR - ssr:stedsnr = 1066976. No positions found, skipping
utility_to_osm - WARNING - ssr:stedsnr = 1066977: No priority spelling found for lang = no, using alt_name to get "[('no', 'Alværnveien')]"
utility_to_osm - ERROR - ssr:stedsnr = 1066977. No positions found, skipping
utility_to_osm - ERROR - ssr:stedsnr = 1066978. No positions found, skipping
utility_to_osm - ERROR - ssr:stedsnr = 1066980. No positions found, skipping
utility_to_osm - WARNING - ssr:stedsnr = 1066983: No priority spelling found for lang = no, using alt_name to get "[('no', 'Alværnbukta')]"
utility_to_osm - ERROR - ssr:stedsnr = 1066983. No positions found, skipping
utility_to_osm - ERROR - ssr:stedsnr = 1066984. No positions found, skipping
utility_to_osm - ERROR - ssr:stedsnr = 1066985. No positions found, skipping
utility_to_osm - ERROR - ssr:stedsnr = 1066819. No positions found, skipping
utility_to_osm - ERROR - ssr:stedsnr = 1066821. No positions found, skipping
utility_to_osm - ERROR - ssr:stedsnr = 1066828. No positions found, skipping
utility_to_osm - ERROR - ssr:stedsnr = 1066839. No positions found, skipping
utility_to_osm - ERROR - ssr:stedsnr = 1066840. No positions found, skipping
utility_to_osm - ERROR - ssr:stedsnr = 1066849. No positions found, skipping
utility_to_osm - ERROR - ssr:stedsnr = 1066851. No positions found, skipping
utility_to_osm - ERROR - ssr:stedsnr = 1066852. No positions found, skipping
utility_to_osm - ERROR - ssr:stedsnr = 1066855. No positions found, skipping
utility_to_osm - ERROR - ssr:stedsnr = 1066857. No positions found, skipping
utility_to_osm - ERROR - ssr:stedsnr = 1066858. No positions found, skipping
utility_to_osm - ERROR - ssr:stedsnr = 1066860. No positions found, skipping
utility_to_osm - ERROR - ssr:stedsnr = 1066861. No positions found, skipping
utility_to_osm - WARNING - ssr:stedsnr = 1066863: No priority spelling found for lang = no, using alt_name to get "[('no', 'Flafjellet')]"
utility_to_osm - ERROR - ssr:stedsnr = 1066863. No positions found, skipping
utility_to_osm - ERROR - ssr:stedsnr = 1066885. No positions found, skipping
utility_to_osm - ERROR - ssr:stedsnr = 1066899. No positions found, skipping
utility_to_osm - ERROR - ssr:stedsnr = 1066904. No positions found, skipping
utility_to_osm - ERROR - ssr:stedsnr = 1066916. No positions found, skipping
utility_to_osm - ERROR - ssr:stedsnr = 1067044. No positions found, skipping
utility_to_osm - ERROR - ssr:stedsnr = 1067075. No positions found, skipping
utility_to_osm - ERROR - ssr:stedsnr = 1067091. No positions found, skipping
utility_to_osm - ERROR - ssr:stedsnr = 1067094. No positions found, skipping
utility_to_osm - ERROR - ssr:stedsnr = 1067106. No positions found, skipping
utility_to_osm - ERROR - ssr:stedsnr = 1067121. No positions found, skipping
utility_to_osm - ERROR - ssr:stedsnr = 1067186. No positions found, skipping
utility_to_osm - WARNING - ssr:stedsnr = 1067197: No priority spelling found for lang = no, using alt_name to get "[('no', 'Sagstubben')]"
utility_to_osm - ERROR - ssr:stedsnr = 1067197. No positions found, skipping
utility_to_osm - WARNING - ssr:stedsnr = 1067198: No priority spelling found for lang = no, using alt_name to get "[('no', 'Skoklefallsletta')]"
utility_to_osm - ERROR - ssr:stedsnr = 1067198. No positions found, skipping
utility_to_osm - WARNING - ssr:stedsnr = 1067199: No priority spelling found for lang = no, using alt_name to get "[('no', 'Skoklefaldsvingen')]"
utility_to_osm - ERROR - ssr:stedsnr = 1067199. No positions found, skipping
utility_to_osm - ERROR - ssr:stedsnr = 1067201. No positions found, skipping
utility_to_osm - ERROR - ssr:stedsnr = 1067202. No positions found, skipping
utility_to_osm - ERROR - ssr:stedsnr = 1067203. No positions found, skipping
utility_to_osm - WARNING - ssr:stedsnr = 1067205: No priority spelling found for lang = no, using alt_name to get "[('no', 'Baes vei')]"
utility_to_osm - ERROR - ssr:stedsnr = 1067205. No positions found, skipping
utility_to_osm - WARNING - ssr:stedsnr = 1067206: No priority spelling found for lang = no, using alt_name to get "[('no', 'Richard Baches vei')]"
utility_to_osm - ERROR - ssr:stedsnr = 1067206. No positions found, skipping
utility_to_osm - WARNING - ssr:stedsnr = 1067207: No priority spelling found for lang = no, using alt_name to get "[('no', 'Flaskekroken')]"
utility_to_osm - ERROR - ssr:stedsnr = 1067207. No positions found, skipping
utility_to_osm - WARNING - ssr:stedsnr = 1067209: No priority spelling found for lang = no, using alt_name to get "[('no', 'Solstua terrasse')]"
utility_to_osm - ERROR - ssr:stedsnr = 1067209. No positions found, skipping
utility_to_osm - WARNING - ssr:stedsnr = 1067210: No priority spelling found for lang = no, using alt_name to get "[('no', 'Kringsjåstubben')]"
utility_to_osm - ERROR - ssr:stedsnr = 1067210. No positions found, skipping
utility_to_osm - ERROR - ssr:stedsnr = 1067211. No positions found, skipping
utility_to_osm - ERROR - ssr:stedsnr = 1066987. No positions found, skipping
utility_to_osm - ERROR - ssr:stedsnr = 1067012. No positions found, skipping
utility_to_osm - ERROR - ssr:stedsnr = 1067027. No positions found, skipping
utility_to_osm - ERROR - ssr:stedsnr = 1067030. No positions found, skipping
utility_to_osm - ERROR - ssr:stedsnr = 1067144. No positions found, skipping
utility_to_osm - ERROR - ssr:stedsnr = 1067146. No positions found, skipping
utility_to_osm - ERROR - ssr:stedsnr = 1067162. No positions found, skipping
utility_to_osm - ERROR - ssr:stedsnr = 1067165. No positions found, skipping
utility_to_osm - ERROR - ssr:stedsnr = 1067179. No positions found, skipping
utility_to_osm - ERROR - ssr:stedsnr = 1067236. No positions found, skipping
utility_to_osm - ERROR - ssr:stedsnr = 1067237. No positions found, skipping
utility_to_osm - ERROR - ssr:stedsnr = 1067240. No positions found, skipping
utility_to_osm - ERROR - ssr:stedsnr = 1067241. No positions found, skipping
utility_to_osm - ERROR - ssr:stedsnr = 1067242. No positions found, skipping
utility_to_osm - ERROR - ssr:stedsnr = 1067243. No positions found, skipping
utility_to_osm - ERROR - ssr:stedsnr = 1067244. No positions found, skipping
utility_to_osm - ERROR - ssr:stedsnr = 1067245. No positions found, skipping
utility_to_osm - ERROR - ssr:stedsnr = 1067247. No positions found, skipping
utility_to_osm - ERROR - ssr:stedsnr = 1067248. No positions found, skipping
utility_to_osm - ERROR - ssr:stedsnr = 1067249. No positions found, skipping
utility_to_osm - ERROR - ssr:stedsnr = 1067252. No positions found, skipping
utility_to_osm - ERROR - ssr:stedsnr = 1067253. No positions found, skipping
utility_to_osm - ERROR - ssr:stedsnr = 1067254. No positions found, skipping
utility_to_osm - ERROR - ssr:stedsnr = 1067212. No positions found, skipping
utility_to_osm - ERROR - ssr:stedsnr = 1067213. No positions found, skipping
utility_to_osm - ERROR - ssr:stedsnr = 1067214. No positions found, skipping
utility_to_osm - ERROR - ssr:stedsnr = 1067215. No positions found, skipping
utility_to_osm - ERROR - ssr:stedsnr = 1067216. No positions found, skipping
utility_to_osm - ERROR - ssr:stedsnr = 1067217. No positions found, skipping
utility_to_osm - ERROR - ssr:stedsnr = 1067218. No positions found, skipping
utility_to_osm - WARNING - ssr:stedsnr = 1067219: No priority spelling found for lang = no, using alt_name to get "[('no', 'Alværnkroken')]"
utility_to_osm - ERROR - ssr:stedsnr = 1067219. No positions found, skipping
utility_to_osm - ERROR - ssr:stedsnr = 1067220. No positions found, skipping
utility_to_osm - ERROR - ssr:stedsnr = 1067221. No positions found, skipping
utility_to_osm - ERROR - ssr:stedsnr = 1067223. No positions found, skipping
utility_to_osm - ERROR - ssr:stedsnr = 1067224. No positions found, skipping
utility_to_osm - ERROR - ssr:stedsnr = 1067225. No positions found, skipping
utility_to_osm - ERROR - ssr:stedsnr = 1067227. No positions found, skipping
utility_to_osm - ERROR - ssr:stedsnr = 1067228. No positions found, skipping
utility_to_osm - ERROR - ssr:stedsnr = 1067229. No positions found, skipping
utility_to_osm - ERROR - ssr:stedsnr = 1067230. No positions found, skipping
utility_to_osm - ERROR - ssr:stedsnr = 1067231. No positions found, skipping
utility_to_osm - ERROR - ssr:stedsnr = 1067232. No positions found, skipping
utility_to_osm - ERROR - ssr:stedsnr = 1067233. No positions found, skipping
utility_to_osm - ERROR - ssr:stedsnr = 1067299. No positions found, skipping
utility_to_osm - ERROR - ssr:stedsnr = 1067315. No positions found, skipping
utility_to_osm - ERROR - ssr:stedsnr = 1067319. No positions found, skipping
utility_to_osm - ERROR - ssr:stedsnr = 1067335. No positions found, skipping
utility_to_osm - WARNING - ssr:stedsnr = 1067394: No priority spelling found for lang = no, using alt_name to get "[('no', 'Persilengskogen')]"
utility_to_osm - ERROR - ssr:stedsnr = 1067394. No positions found, skipping
utility_to_osm - ERROR - ssr:stedsnr = 1067397. No positions found, skipping
utility_to_osm - ERROR - ssr:stedsnr = 1067415. No positions found, skipping
utility_to_osm - ERROR - ssr:stedsnr = 1067256. No positions found, skipping
utility_to_osm - ERROR - ssr:stedsnr = 1067257. No positions found, skipping
utility_to_osm - WARNING - ssr:stedsnr = 1067259: No priority spelling found for lang = no, using alt_name to get "[('no', 'Alværnlia')]"
utility_to_osm - ERROR - ssr:stedsnr = 1067259. No positions found, skipping
utility_to_osm - ERROR - ssr:stedsnr = 1067260. No positions found, skipping
utility_to_osm - ERROR - ssr:stedsnr = 1067261. No positions found, skipping
utility_to_osm - ERROR - ssr:stedsnr = 1067262. No positions found, skipping
utility_to_osm - ERROR - ssr:stedsnr = 1067264. No positions found, skipping
utility_to_osm - ERROR - ssr:stedsnr = 1067265. No positions found, skipping
utility_to_osm - ERROR - ssr:stedsnr = 1067266. No positions found, skipping
utility_to_osm - ERROR - ssr:stedsnr = 1067267. No positions found, skipping
utility_to_osm - ERROR - ssr:stedsnr = 1067272. No positions found, skipping
utility_to_osm - ERROR - ssr:stedsnr = 1067340. No positions found, skipping
utility_to_osm - ERROR - ssr:stedsnr = 1067361. No positions found, skipping
utility_to_osm - WARNING - ssr:stedsnr = 1067370: No priority spelling found for lang = no, using alt_name to get "[('no', 'Pinnsvinveien')]"
utility_to_osm - ERROR - ssr:stedsnr = 1067370. No positions found, skipping
utility_to_osm - ERROR - ssr:stedsnr = 1067374. No positions found, skipping
utility_to_osm - ERROR - ssr:stedsnr = 1067376. No positions found, skipping
utility_to_osm - ERROR - ssr:stedsnr = 1067379. No positions found, skipping
utility_to_osm - ERROR - ssr:stedsnr = 1067444. No positions found, skipping
utility_to_osm - ERROR - ssr:stedsnr = 1067447. No positions found, skipping
utility_to_osm - ERROR - ssr:stedsnr = 1067471. No positions found, skipping
utility_to_osm - ERROR - ssr:stedsnr = 1067475. No positions found, skipping
utility_to_osm - ERROR - ssr:stedsnr = 1067787. No positions found, skipping
utility_to_osm - ERROR - ssr:stedsnr = 1067794. No positions found, skipping
utility_to_osm - ERROR - ssr:stedsnr = 1067798. No positions found, skipping
utility_to_osm - ERROR - ssr:stedsnr = 1067799. No positions found, skipping
utility_to_osm - ERROR - ssr:stedsnr = 1067800. No positions found, skipping
utility_to_osm - ERROR - ssr:stedsnr = 1067802. No positions found, skipping
utility_to_osm - ERROR - ssr:stedsnr = 1067806. No positions found, skipping
utility_to_osm - ERROR - ssr:stedsnr = 1067809. No positions found, skipping
utility_to_osm - ERROR - ssr:stedsnr = 1067810. No positions found, skipping
utility_to_osm - ERROR - ssr:stedsnr = 1067811. No positions found, skipping
utility_to_osm - ERROR - ssr:stedsnr = 1067814. No positions found, skipping
utility_to_osm - ERROR - ssr:stedsnr = 1067820. No positions found, skipping
utility_to_osm - ERROR - ssr:stedsnr = 1067823. No positions found, skipping
utility_to_osm - ERROR - ssr:stedsnr = 1067826. No positions found, skipping
utility_to_osm - ERROR - ssr:stedsnr = 1067827. No positions found, skipping
utility_to_osm - ERROR - ssr:stedsnr = 1067831. No positions found, skipping
utility_to_osm - ERROR - ssr:stedsnr = 1067834. No positions found, skipping
utility_to_osm - ERROR - ssr:stedsnr = 1067835. No positions found, skipping
utility_to_osm - ERROR - ssr:stedsnr = 1067489. No positions found, skipping
utility_to_osm - ERROR - ssr:stedsnr = 1067504. No positions found, skipping
utility_to_osm - ERROR - ssr:stedsnr = 1067523. No positions found, skipping
utility_to_osm - ERROR - ssr:stedsnr = 1067534. No positions found, skipping
utility_to_osm - ERROR - ssr:stedsnr = 1067588. No positions found, skipping
utility_to_osm - ERROR - ssr:stedsnr = 1067591. No positions found, skipping
utility_to_osm - ERROR - ssr:stedsnr = 1067593. No positions found, skipping
utility_to_osm - ERROR - ssr:stedsnr = 1067599. No positions found, skipping
utility_to_osm - ERROR - ssr:stedsnr = 1067633. No positions found, skipping
utility_to_osm - ERROR - ssr:stedsnr = 1067702. No positions found, skipping
utility_to_osm - ERROR - ssr:stedsnr = 1067714. No positions found, skipping
utility_to_osm - ERROR - ssr:stedsnr = 1067837. No positions found, skipping
utility_to_osm - ERROR - ssr:stedsnr = 1067856. No positions found, skipping
utility_to_osm - ERROR - ssr:stedsnr = 1067874. No positions found, skipping
utility_to_osm - ERROR - ssr:stedsnr = 1067877. No positions found, skipping
utility_to_osm - ERROR - ssr:stedsnr = 1067950. No positions found, skipping
utility_to_osm - ERROR - ssr:stedsnr = 1067961. No positions found, skipping
utility_to_osm - ERROR - ssr:stedsnr = 1067963. No positions found, skipping
utility_to_osm - WARNING - ssr:stedsnr = 1067758: No priority spelling found for lang = no, using alt_name to get "[('no', 'Nordhagaveien')]"
utility_to_osm - ERROR - ssr:stedsnr = 1067758. No positions found, skipping
utility_to_osm - ERROR - ssr:stedsnr = 1067760. No positions found, skipping
utility_to_osm - ERROR - ssr:stedsnr = 1067785. No positions found, skipping
utility_to_osm - ERROR - ssr:stedsnr = 1067889. No positions found, skipping
utility_to_osm - ERROR - ssr:stedsnr = 1067898. No positions found, skipping
utility_to_osm - ERROR - ssr:stedsnr = 1067900. No positions found, skipping
utility_to_osm - ERROR - ssr:stedsnr = 1067912. No positions found, skipping
utility_to_osm - ERROR - ssr:stedsnr = 1067916. No positions found, skipping
utility_to_osm - ERROR - ssr:stedsnr = 1067918. No positions found, skipping
utility_to_osm - ERROR - ssr:stedsnr = 1067932. No positions found, skipping
utility_to_osm - ERROR - ssr:stedsnr = 1067934. No positions found, skipping
utility_to_osm - ERROR - ssr:stedsnr = 1068046. No positions found, skipping
utility_to_osm - ERROR - ssr:stedsnr = 1068066. No positions found, skipping
utility_to_osm - ERROR - ssr:stedsnr = 1067971. No positions found, skipping
utility_to_osm - ERROR - ssr:stedsnr = 1068010. No positions found, skipping
utility_to_osm - ERROR - ssr:stedsnr = 1068104. No positions found, skipping
utility_to_osm - ERROR - ssr:stedsnr = 1068128. No positions found, skipping
utility_to_osm - ERROR - ssr:stedsnr = 1068070. No positions found, skipping
utility_to_osm - ERROR - ssr:stedsnr = 1068075. No positions found, skipping
utility_to_osm - ERROR - ssr:stedsnr = 1068169. No positions found, skipping
utility_to_osm - ERROR - ssr:stedsnr = 1068277. No positions found, skipping
utility_to_osm - ERROR - ssr:stedsnr = 1068281. No positions found, skipping
utility_to_osm - ERROR - ssr:stedsnr = 1068212. No positions found, skipping
utility_to_osm - ERROR - ssr:stedsnr = 1068323. No positions found, skipping
utility_to_osm - ERROR - ssr:stedsnr = 1068330. No positions found, skipping
utility_to_osm - ERROR - ssr:stedsnr = 1068368. No positions found, skipping
utility_to_osm - ERROR - ssr:stedsnr = 1068437. No positions found, skipping
utility_to_osm - ERROR - ssr:stedsnr = 1068468. No positions found, skipping
utility_to_osm - ERROR - ssr:stedsnr = 1068544. No positions found, skipping
utility_to_osm - ERROR - ssr:stedsnr = 1068395. No positions found, skipping
utility_to_osm - ERROR - ssr:stedsnr = 1068405. No positions found, skipping
utility_to_osm - WARNING - ssr:stedsnr = 1068413: No priority spelling found for lang = no, using alt_name to get "[('no', 'Høybråteveien')]"
utility_to_osm - ERROR - ssr:stedsnr = 1068413. No positions found, skipping
utility_to_osm - ERROR - ssr:stedsnr = 1068417. No positions found, skipping
utility_to_osm - ERROR - ssr:stedsnr = 1068425. No positions found, skipping
utility_to_osm - ERROR - ssr:stedsnr = 1068489. No positions found, skipping
utility_to_osm - ERROR - ssr:stedsnr = 1068492. No positions found, skipping
utility_to_osm - ERROR - ssr:stedsnr = 1068495. No positions found, skipping
utility_to_osm - ERROR - ssr:stedsnr = 1068514. No positions found, skipping
utility_to_osm - ERROR - ssr:stedsnr = 1068525. No positions found, skipping
utility_to_osm - ERROR - ssr:stedsnr = 1068606. No positions found, skipping
utility_to_osm - ERROR - ssr:stedsnr = 1068610. No positions found, skipping
utility_to_osm - ERROR - ssr:stedsnr = 1068585. No positions found, skipping
utility_to_osm - ERROR - ssr:stedsnr = 1068636. No positions found, skipping
utility_to_osm - ERROR - ssr:stedsnr = 1068638. No positions found, skipping
utility_to_osm - ERROR - ssr:stedsnr = 1068671. No positions found, skipping
utility_to_osm - ERROR - ssr:stedsnr = 1068841. No positions found, skipping
utility_to_osm - ERROR - ssr:stedsnr = 1068613. No positions found, skipping
utility_to_osm - ERROR - ssr:stedsnr = 1068625. No positions found, skipping
utility_to_osm - ERROR - ssr:stedsnr = 1068628. No positions found, skipping
utility_to_osm - ERROR - ssr:stedsnr = 1068634. No positions found, skipping
utility_to_osm - ERROR - ssr:stedsnr = 1068712. No positions found, skipping
utility_to_osm - ERROR - ssr:stedsnr = 1068786. No positions found, skipping
utility_to_osm - ERROR - ssr:stedsnr = 1068833. No positions found, skipping
utility_to_osm - ERROR - ssr:stedsnr = 1069007. No positions found, skipping
utility_to_osm - ERROR - ssr:stedsnr = 1069016. No positions found, skipping
utility_to_osm - ERROR - ssr:stedsnr = 1068970. No positions found, skipping
utility_to_osm - ERROR - ssr:stedsnr = 1069053. No positions found, skipping
utility_to_osm - ERROR - ssr:stedsnr = 1069061. No positions found, skipping
utility_to_osm - ERROR - ssr:stedsnr = 1069168. No positions found, skipping
utility_to_osm - ERROR - ssr:stedsnr = 1069278. No positions found, skipping
utility_to_osm - ERROR - ssr:stedsnr = 1069116. No positions found, skipping
utility_to_osm - ERROR - ssr:stedsnr = 1069121. No positions found, skipping
utility_to_osm - ERROR - ssr:stedsnr = 1069188. No positions found, skipping
utility_to_osm - ERROR - ssr:stedsnr = 1069195. No positions found, skipping
utility_to_osm - ERROR - ssr:stedsnr = 1069319. No positions found, skipping
utility_to_osm - ERROR - ssr:stedsnr = 1069324. No positions found, skipping
utility_to_osm - ERROR - ssr:stedsnr = 1069329. No positions found, skipping
utility_to_osm - ERROR - ssr:stedsnr = 1069426. No positions found, skipping
utility_to_osm - ERROR - ssr:stedsnr = 1069502. No positions found, skipping
utility_to_osm - ERROR - ssr:stedsnr = 1069512. No positions found, skipping
utility_to_osm - ERROR - ssr:stedsnr = 1069367. No positions found, skipping
utility_to_osm - ERROR - ssr:stedsnr = 1069457. No positions found, skipping
utility_to_osm - ERROR - ssr:stedsnr = 1069550. No positions found, skipping
utility_to_osm - ERROR - ssr:stedsnr = 1069554. No positions found, skipping
utility_to_osm - ERROR - ssr:stedsnr = 1069527. No positions found, skipping
utility_to_osm - ERROR - ssr:stedsnr = 1069633. No positions found, skipping
utility_to_osm - ERROR - ssr:stedsnr = 1069559. No positions found, skipping
utility_to_osm - ERROR - ssr:stedsnr = 1069716. No positions found, skipping
utility_to_osm - ERROR - ssr:stedsnr = 1069673. No positions found, skipping
utility_to_osm - ERROR - ssr:stedsnr = 1069679. No positions found, skipping
utility_to_osm - ERROR - ssr:stedsnr = 1069684. No positions found, skipping
utility_to_osm - ERROR - ssr:stedsnr = 1070240. No positions found, skipping
utility_to_osm - ERROR - ssr:stedsnr = 1070255. No positions found, skipping
utility_to_osm - ERROR - ssr:stedsnr = 1070262. No positions found, skipping
utility_to_osm - ERROR - ssr:stedsnr = 1070263. No positions found, skipping
utility_to_osm - ERROR - ssr:stedsnr = 1070267. No positions found, skipping
utility_to_osm - ERROR - ssr:stedsnr = 1070270. No positions found, skipping
utility_to_osm - WARNING - ssr:stedsnr = 1070274: No priority spelling found for lang = no, using alt_name to get "[('no', 'Øvre Solåsen')]"
utility_to_osm - ERROR - ssr:stedsnr = 1070274. No positions found, skipping
utility_to_osm - ERROR - ssr:stedsnr = 1070283. No positions found, skipping
utility_to_osm - ERROR - ssr:stedsnr = 1070336. No positions found, skipping
utility_to_osm - ERROR - ssr:stedsnr = 1070342. No positions found, skipping
utility_to_osm - ERROR - ssr:stedsnr = 1070343. No positions found, skipping
utility_to_osm - ERROR - ssr:stedsnr = 1070344. No positions found, skipping
utility_to_osm - ERROR - ssr:stedsnr = 1070346. No positions found, skipping
utility_to_osm - ERROR - ssr:stedsnr = 1070347. No positions found, skipping
utility_to_osm - ERROR - ssr:stedsnr = 1070040. No positions found, skipping
utility_to_osm - ERROR - ssr:stedsnr = 1069995. No positions found, skipping
utility_to_osm - ERROR - ssr:stedsnr = 1069996. No positions found, skipping
utility_to_osm - ERROR - ssr:stedsnr = 1070006. No positions found, skipping
utility_to_osm - ERROR - ssr:stedsnr = 1070091. No positions found, skipping
utility_to_osm - ERROR - ssr:stedsnr = 1070106. No positions found, skipping
utility_to_osm - ERROR - ssr:stedsnr = 1070107. No positions found, skipping
utility_to_osm - ERROR - ssr:stedsnr = 1070113. No positions found, skipping
utility_to_osm - ERROR - ssr:stedsnr = 1070120. No positions found, skipping
utility_to_osm - ERROR - ssr:stedsnr = 1070122. No positions found, skipping
utility_to_osm - ERROR - ssr:stedsnr = 1070199. No positions found, skipping
utility_to_osm - ERROR - ssr:stedsnr = 1070203. No positions found, skipping
utility_to_osm - ERROR - ssr:stedsnr = 1070217. No positions found, skipping
utility_to_osm - ERROR - ssr:stedsnr = 1070287. No positions found, skipping
utility_to_osm - ERROR - ssr:stedsnr = 1070293. No positions found, skipping
utility_to_osm - ERROR - ssr:stedsnr = 1070294. No positions found, skipping
utility_to_osm - ERROR - ssr:stedsnr = 1070297. No positions found, skipping
utility_to_osm - WARNING - ssr:stedsnr = 1070300: No priority spelling found for lang = no, using alt_name to get "[('no', 'Vårveien')]"
utility_to_osm - ERROR - ssr:stedsnr = 1070300. No positions found, skipping
utility_to_osm - WARNING - ssr:stedsnr = 1070058: No priority spelling found for lang = no, using alt_name to get "[('no', 'Tajbråtveien')]"
utility_to_osm - ERROR - ssr:stedsnr = 1070058. No positions found, skipping
utility_to_osm - ERROR - ssr:stedsnr = 1070061. No positions found, skipping
utility_to_osm - ERROR - ssr:stedsnr = 1070064. No positions found, skipping
utility_to_osm - ERROR - ssr:stedsnr = 1070068. No positions found, skipping
utility_to_osm - ERROR - ssr:stedsnr = 1070080. No positions found, skipping
utility_to_osm - ERROR - ssr:stedsnr = 1070136. No positions found, skipping
utility_to_osm - ERROR - ssr:stedsnr = 1070155. No positions found, skipping
utility_to_osm - WARNING - ssr:stedsnr = 1070159: No priority spelling found for lang = no, using alt_name to get "[('no', 'Sjøstrandkroken')]"
utility_to_osm - ERROR - ssr:stedsnr = 1070159. No positions found, skipping
utility_to_osm - ERROR - ssr:stedsnr = 1070160. No positions found, skipping
utility_to_osm - ERROR - ssr:stedsnr = 1070162. No positions found, skipping
utility_to_osm - ERROR - ssr:stedsnr = 1070163. No positions found, skipping
utility_to_osm - ERROR - ssr:stedsnr = 1070183. No positions found, skipping
utility_to_osm - ERROR - ssr:stedsnr = 1070185. No positions found, skipping
utility_to_osm - ERROR - ssr:stedsnr = 1070301. No positions found, skipping
utility_to_osm - ERROR - ssr:stedsnr = 1070302. No positions found, skipping
utility_to_osm - ERROR - ssr:stedsnr = 1070304. No positions found, skipping
utility_to_osm - ERROR - ssr:stedsnr = 1070327. No positions found, skipping
utility_to_osm - WARNING - ssr:stedsnr = 1070334: No priority spelling found for lang = no, using alt_name to get "[('no', 'Terrassestien')]"
utility_to_osm - ERROR - ssr:stedsnr = 1070334. No positions found, skipping
utility_to_osm - ERROR - ssr:stedsnr = 1070411. No positions found, skipping
utility_to_osm - ERROR - ssr:stedsnr = 1070427. No positions found, skipping
utility_to_osm - ERROR - ssr:stedsnr = 1070430. No positions found, skipping
utility_to_osm - ERROR - ssr:stedsnr = 1070353. No positions found, skipping
utility_to_osm - ERROR - ssr:stedsnr = 1070363. No positions found, skipping
utility_to_osm - ERROR - ssr:stedsnr = 1070376. No positions found, skipping
utility_to_osm - ERROR - ssr:stedsnr = 1070447. No positions found, skipping
utility_to_osm - WARNING - ssr:stedsnr = 1071774: No priority spelling found for lang = no, using alt_name to get "[('no', 'Gullerudveien')]"
utility_to_osm - ERROR - ssr:stedsnr = 1071774. No positions found, skipping
utility_to_osm - WARNING - ssr:stedsnr = 1074403: No priority spelling found for lang = no, using alt_name to get "[('no', 'Viken fylke')]"
utility_to_osm - WARNING - ssr:stedsnr = 1074755: No priority spelling found for lang = no, using alt_name to get "[('no', 'Sørbyskogen naturreservat')]"
utility_to_osm - WARNING - ssr:stedsnr = 1075068: No priority spelling found for lang = no, using alt_name to get "[('no', 'Korketrekkeren')]"
utility_to_osm - ERROR - ssr:stedsnr = 1075068. No positions found, skipping
utility_to_osm - WARNING - ssr:stedsnr = 1079455: No priority spelling found for lang = no, using alt_name to get "[('no', 'Smalsundet')]"
utility_to_osm - WARNING - ssr:stedsnr = 1079165: No priority spelling found for lang = no, using alt_name to get "[('no', "Torborg Nedreaas' vei")]"
utility_to_osm - WARNING - ssr:stedsnr = 1081450: No priority spelling found for lang = no, using alt_name to get "[('no', 'Ildjernet')]"
utility_to_osm - WARNING - ssr:stedsnr = 1081453: No priority spelling found for lang = no, using alt_name to get "[('no', 'Suteren')]"
utility_to_osm - WARNING - ssr:stedsnr = 1081454: No priority spelling found for lang = no, using alt_name to get "[('no', 'Søndre Suteren')]"
