utility_to_osm - ERROR - ssr:stedsnr = 274322: No name found
utility_to_osm - ERROR - ssr:stedsnr = 274328: No name found
utility_to_osm - ERROR - ssr:stedsnr = 274332: No name found
utility_to_osm - ERROR - ssr:stedsnr = 274343: No name found
utility_to_osm - ERROR - ssr:stedsnr = 274350: No name found
utility_to_osm - ERROR - ssr:stedsnr = 274356: No name found
utility_to_osm - ERROR - ssr:stedsnr = 274370: No name found
utility_to_osm - ERROR - ssr:stedsnr = 274377: No name found
utility_to_osm - ERROR - ssr:stedsnr = 274379: No name found
utility_to_osm - ERROR - ssr:stedsnr = 274405: No name found
utility_to_osm - ERROR - ssr:stedsnr = 275224: No name found
utility_to_osm - ERROR - ssr:stedsnr = 275230: No name found
utility_to_osm - ERROR - ssr:stedsnr = 275235: No name found
utility_to_osm - ERROR - ssr:stedsnr = 275238: No name found
utility_to_osm - ERROR - ssr:stedsnr = 275248: No name found
utility_to_osm - ERROR - ssr:stedsnr = 275265: No name found
utility_to_osm - ERROR - ssr:stedsnr = 275269: No name found
utility_to_osm - ERROR - ssr:stedsnr = 275273: No name found
utility_to_osm - ERROR - ssr:stedsnr = 275277: No name found
utility_to_osm - ERROR - ssr:stedsnr = 275284: No name found
utility_to_osm - ERROR - ssr:stedsnr = 275296: No name found
utility_to_osm - ERROR - ssr:stedsnr = 275302: No name found
utility_to_osm - ERROR - ssr:stedsnr = 275325: No name found
utility_to_osm - ERROR - ssr:stedsnr = 275332: No name found
utility_to_osm - ERROR - ssr:stedsnr = 275340: No name found
utility_to_osm - ERROR - ssr:stedsnr = 290656: No name found
utility_to_osm - ERROR - ssr:stedsnr = 290657: No name found
utility_to_osm - ERROR - ssr:stedsnr = 313915: No name found
utility_to_osm - WARNING - ssr:stedsnr = 313915 has multiple (2) positions, using the first one!
utility_to_osm - INFO - ignoring non approved status = "avslått" name = "Kyrkhornsdalen"
utility_to_osm - INFO - ignoring non approved status = "avslått" name = "Kyrkhornsdalen"
utility_to_osm - INFO - ignoring non approved status = "avslått" name = "Kyrkhornsdalen"
utility_to_osm - WARNING - ssr:stedsnr = 313919: No priority spelling found for lang = no, using alt_name to get "[('no', u'Kyrkjhornsdalen')]"
utility_to_osm - WARNING - ssr:stedsnr = 313919 has multiple (3) positions, using the first one!
utility_to_osm - ERROR - ssr:stedsnr = 313918: No name found
utility_to_osm - WARNING - ssr:stedsnr = 313918 has multiple (3) positions, using the first one!
utility_to_osm - INFO - ignoring non approved status = "avslått" name = "Jutdal"
utility_to_osm - INFO - ignoring non approved status = "avslått" name = "Jutdal"
utility_to_osm - INFO - ignoring non approved status = "avslått" name = "Jutdal"
utility_to_osm - WARNING - ssr:stedsnr = 313925: No priority spelling found for lang = no, using alt_name to get "[('no', u'Jutdalen')]"
utility_to_osm - WARNING - ssr:stedsnr = 313944: No priority spelling found for lang = no, using alt_name to get "[('no', u'Kj\xf8s')]"
utility_to_osm - WARNING - ssr:stedsnr = 313944 has multiple (3) positions, using the first one!
utility_to_osm - ERROR - ssr:stedsnr = 313840: No name found
utility_to_osm - WARNING - ssr:stedsnr = 313840 has multiple (2) positions, using the first one!
utility_to_osm - ERROR - ssr:stedsnr = 313841: No name found
utility_to_osm - WARNING - ssr:stedsnr = 313841 has multiple (2) positions, using the first one!
utility_to_osm - INFO - ignoring non approved status = "avslått" name = "Kyrkhorne"
utility_to_osm - INFO - ignoring non approved status = "avslått" name = "Kyrkhorne"
utility_to_osm - INFO - ignoring non approved status = "avslått" name = "Kyrkhorne"
utility_to_osm - WARNING - ssr:stedsnr = 313875: No priority spelling found for lang = no, using alt_name to get "[('no', u'Kyrkjhorne')]"
utility_to_osm - INFO - ignoring non approved status = "avslått" name = "Ottredal"
utility_to_osm - INFO - ignoring non approved status = "avslått" name = "Otredal"
utility_to_osm - INFO - ignoring non approved status = "avslått" name = "Ottredal"
utility_to_osm - INFO - ignoring non approved status = "avslått" name = "Otredal"
utility_to_osm - INFO - ignoring non approved status = "avslått" name = "Ottredal"
utility_to_osm - INFO - ignoring non approved status = "avslått" name = "Otredal"
utility_to_osm - WARNING - ssr:stedsnr = 313891: No priority spelling found for lang = no, using alt_name to get "[('no', u'Otterdal')]"
utility_to_osm - ERROR - ssr:stedsnr = 314246: No name found
utility_to_osm - WARNING - ssr:stedsnr = 314246 has multiple (2) positions, using the first one!
utility_to_osm - ERROR - ssr:stedsnr = 314257: No name found
utility_to_osm - WARNING - ssr:stedsnr = 314257 has multiple (4) positions, using the first one!
utility_to_osm - ERROR - ssr:stedsnr = 314258: No name found
utility_to_osm - WARNING - ssr:stedsnr = 314258 has multiple (2) positions, using the first one!
utility_to_osm - INFO - ignoring non approved status = "avslått" name = "Blåbrehornet"
utility_to_osm - INFO - ignoring non approved status = "avslått" name = "Blåbrehornet"
utility_to_osm - INFO - ignoring non approved status = "avslått" name = "Blåbrehornet"
utility_to_osm - WARNING - ssr:stedsnr = 314714: No priority spelling found for lang = no, using alt_name to get "[('no', u'Bl\xe5bredhornet')]"
utility_to_osm - WARNING - ssr:stedsnr = 314714 has multiple (4) positions, using the first one!
utility_to_osm - INFO - ignoring non approved status = "avslått" name = "Luka, litle"
utility_to_osm - INFO - ignoring non approved status = "avslått" name = "Luka, l"
utility_to_osm - INFO - ignoring non approved status = "avslått" name = "Luka, litle"
utility_to_osm - INFO - ignoring non approved status = "avslått" name = "Luka, l"
utility_to_osm - INFO - ignoring non approved status = "avslått" name = "Luka, litle"
utility_to_osm - INFO - ignoring non approved status = "avslått" name = "Luka, l"
utility_to_osm - WARNING - ssr:stedsnr = 314716: No priority spelling found for lang = no, using alt_name to get "[('no', u'Litle Luka')]"
utility_to_osm - WARNING - ssr:stedsnr = 314716 has multiple (3) positions, using the first one!
utility_to_osm - ERROR - ssr:stedsnr = 328097: No name found
utility_to_osm - WARNING - ssr:stedsnr = 328097 has multiple (2) positions, using the first one!
utility_to_osm - ERROR - ssr:stedsnr = 335238: No name found
utility_to_osm - ERROR - ssr:stedsnr = 335250: No name found
utility_to_osm - ERROR - ssr:stedsnr = 335257: No name found
utility_to_osm - ERROR - ssr:stedsnr = 335256: No name found
utility_to_osm - ERROR - ssr:stedsnr = 335261: No name found
utility_to_osm - ERROR - ssr:stedsnr = 335267: No name found
utility_to_osm - ERROR - ssr:stedsnr = 335285: No name found
utility_to_osm - ERROR - ssr:stedsnr = 335296: No name found
utility_to_osm - ERROR - ssr:stedsnr = 335307: No name found
utility_to_osm - ERROR - ssr:stedsnr = 335321: No name found
utility_to_osm - ERROR - ssr:stedsnr = 335330: No name found
utility_to_osm - ERROR - ssr:stedsnr = 335333: No name found
utility_to_osm - ERROR - ssr:stedsnr = 335347: No name found
utility_to_osm - ERROR - ssr:stedsnr = 335350: No name found
utility_to_osm - ERROR - ssr:stedsnr = 335353: No name found
utility_to_osm - ERROR - ssr:stedsnr = 335378: No name found
utility_to_osm - ERROR - ssr:stedsnr = 335393: No name found
utility_to_osm - ERROR - ssr:stedsnr = 335396: No name found
utility_to_osm - ERROR - ssr:stedsnr = 335400: No name found
utility_to_osm - ERROR - ssr:stedsnr = 335412: No name found
utility_to_osm - ERROR - ssr:stedsnr = 335432: No name found
utility_to_osm - ERROR - ssr:stedsnr = 335446: No name found
utility_to_osm - ERROR - ssr:stedsnr = 373182: No name found
utility_to_osm - WARNING - ssr:stedsnr = 373182 has multiple (3) positions, using the first one!
utility_to_osm - INFO - ignoring non approved status = "avslått" name = "Geitskardet"
utility_to_osm - INFO - ignoring non approved status = "avslått" name = "Geitskardet"
utility_to_osm - INFO - ignoring non approved status = "avslått" name = "Geitskardet"
utility_to_osm - WARNING - ssr:stedsnr = 373878: No priority spelling found for lang = no, using alt_name to get "[('no', u'Geitskaret')]"
utility_to_osm - WARNING - ssr:stedsnr = 373878 has multiple (2) positions, using the first one!
utility_to_osm - ERROR - ssr:stedsnr = 373881: No name found
utility_to_osm - WARNING - ssr:stedsnr = 373881 has multiple (4) positions, using the first one!
utility_to_osm - ERROR - ssr:stedsnr = 374264: No name found
utility_to_osm - WARNING - ssr:stedsnr = 374264 has multiple (2) positions, using the first one!
utility_to_osm - ERROR - ssr:stedsnr = 374265: No name found
utility_to_osm - INFO - ignoring non approved status = "avslått" name = "Liafjellet"
utility_to_osm - INFO - ignoring non approved status = "avslått" name = "Liafjellet"
utility_to_osm - INFO - ignoring non approved status = "avslått" name = "Liafjellet"
utility_to_osm - WARNING - ssr:stedsnr = 374716: No priority spelling found for lang = no, using alt_name to get "[('no', u'Lidafjellet')]"
utility_to_osm - ERROR - ssr:stedsnr = 374883: No name found
utility_to_osm - WARNING - ssr:stedsnr = 374883 has multiple (2) positions, using the first one!
utility_to_osm - INFO - ignoring non approved status = "avslått" name = "Grødes"
utility_to_osm - INFO - ignoring non approved status = "avslått" name = "Grødes"
utility_to_osm - INFO - ignoring non approved status = "avslått" name = "Grødes"
utility_to_osm - WARNING - ssr:stedsnr = 374907: No priority spelling found for lang = no, using alt_name to get "[('no', u'Grod\xe5s')]"
utility_to_osm - ERROR - ssr:stedsnr = 374940: No name found
utility_to_osm - WARNING - ssr:stedsnr = 374940 has multiple (2) positions, using the first one!
utility_to_osm - ERROR - ssr:stedsnr = 375672: No name found
utility_to_osm - WARNING - ssr:stedsnr = 375672 has multiple (3) positions, using the first one!
utility_to_osm - WARNING - ssr:stedsnr = 1053476: No priority spelling found for lang = no, using alt_name to get "[('no', u'Skomakarvegen')]"
utility_to_osm - WARNING - ssr:stedsnr = 1053479: No priority spelling found for lang = no, using alt_name to get "[('no', u'Otterdalsvegen')]"
utility_to_osm - ERROR - ssr:stedsnr = 1053479. No positions found, skipping
utility_to_osm - WARNING - ssr:stedsnr = 1053427: No priority spelling found for lang = no, using alt_name to get "[('no', u'S\xe6tren')]"
utility_to_osm - WARNING - ssr:stedsnr = 1053429: No priority spelling found for lang = no, using alt_name to get "[('no', u'Taraldsetvegen')]"
utility_to_osm - ERROR - ssr:stedsnr = 1053429. No positions found, skipping
utility_to_osm - WARNING - ssr:stedsnr = 1053431: No priority spelling found for lang = no, using alt_name to get "[('no', u'Tomasgardvegen')]"
utility_to_osm - ERROR - ssr:stedsnr = 1053431. No positions found, skipping
utility_to_osm - WARNING - ssr:stedsnr = 1053435: No priority spelling found for lang = no, using alt_name to get "[('no', u'Muldsvorvegen')]"
utility_to_osm - ERROR - ssr:stedsnr = 1053435. No positions found, skipping
utility_to_osm - WARNING - ssr:stedsnr = 1053439: No priority spelling found for lang = no, using alt_name to get "[('no', u'Seljesetvegen')]"
utility_to_osm - ERROR - ssr:stedsnr = 1053439. No positions found, skipping
utility_to_osm - WARNING - ssr:stedsnr = 1053442: No priority spelling found for lang = no, using alt_name to get "[('no', u'Sanden')]"
utility_to_osm - ERROR - ssr:stedsnr = 1053442. No positions found, skipping
utility_to_osm - WARNING - ssr:stedsnr = 1053444: No priority spelling found for lang = no, using alt_name to get "[('no', u'Grothaugvegen')]"
utility_to_osm - ERROR - ssr:stedsnr = 1053444. No positions found, skipping
utility_to_osm - WARNING - ssr:stedsnr = 1053445: No priority spelling found for lang = no, using alt_name to get "[('no', u'Kj\xf8sastranda')]"
utility_to_osm - ERROR - ssr:stedsnr = 1053445. No positions found, skipping
utility_to_osm - WARNING - ssr:stedsnr = 1053446: No priority spelling found for lang = no, using alt_name to get "[('no', u'Svorastranda')]"
utility_to_osm - ERROR - ssr:stedsnr = 1053446. No positions found, skipping
utility_to_osm - INFO - ssr:stedsnr = 1053450 not active = "relikt". Skipping...
utility_to_osm - WARNING - ssr:stedsnr = 1053451: No priority spelling found for lang = no, using alt_name to get "[('no', u'Prestegardsvegen')]"
utility_to_osm - ERROR - ssr:stedsnr = 1053451. No positions found, skipping
utility_to_osm - WARNING - ssr:stedsnr = 1053454: No priority spelling found for lang = no, using alt_name to get "[('no', u'Hornindalslida')]"
utility_to_osm - ERROR - ssr:stedsnr = 1053454. No positions found, skipping
utility_to_osm - WARNING - ssr:stedsnr = 1053456: No priority spelling found for lang = no, using alt_name to get "[('no', u'Ytrehornsvegen')]"
utility_to_osm - ERROR - ssr:stedsnr = 1053456. No positions found, skipping
utility_to_osm - WARNING - ssr:stedsnr = 1053465: No priority spelling found for lang = no, using alt_name to get "[('no', u'Beitevegen')]"
utility_to_osm - WARNING - ssr:stedsnr = 1053470: No priority spelling found for lang = no, using alt_name to get "[('no', u'Engane')]"
utility_to_osm - ERROR - ssr:stedsnr = 1053470. No positions found, skipping
utility_to_osm - WARNING - ssr:stedsnr = 1053498: No priority spelling found for lang = no, using alt_name to get "[('no', u'Otterdalss\xe6tra')]"
utility_to_osm - WARNING - ssr:stedsnr = 1053531: No priority spelling found for lang = no, using alt_name to get "[('no', u'Ospesletta')]"
utility_to_osm - ERROR - ssr:stedsnr = 1053531. No positions found, skipping
utility_to_osm - WARNING - ssr:stedsnr = 1053533: No priority spelling found for lang = no, using alt_name to get "[('no', u'Gr\xf8ddesvegen')]"
utility_to_osm - ERROR - ssr:stedsnr = 1053533. No positions found, skipping
utility_to_osm - WARNING - ssr:stedsnr = 1053534: No priority spelling found for lang = no, using alt_name to get "[('no', u'Kj\xf8sapollen')]"
utility_to_osm - ERROR - ssr:stedsnr = 1053534. No positions found, skipping
utility_to_osm - WARNING - ssr:stedsnr = 1053535: No priority spelling found for lang = no, using alt_name to get "[('no', u'Kj\xf8savegen')]"
utility_to_osm - ERROR - ssr:stedsnr = 1053535. No positions found, skipping
utility_to_osm - WARNING - ssr:stedsnr = 1053536: No priority spelling found for lang = no, using alt_name to get "[('no', u'Jutdalsvegen')]"
utility_to_osm - ERROR - ssr:stedsnr = 1053536. No positions found, skipping
utility_to_osm - WARNING - ssr:stedsnr = 1053538: No priority spelling found for lang = no, using alt_name to get "[('no', u'Nordfjordvegen')]"
utility_to_osm - ERROR - ssr:stedsnr = 1053538. No positions found, skipping
utility_to_osm - WARNING - ssr:stedsnr = 1053727: No priority spelling found for lang = no, using alt_name to get "[('no', u'Kvivsvegen')]"
utility_to_osm - WARNING - ssr:stedsnr = 392198: No priority spelling found for lang = no, using alt_name to get "[('no', u'Nakken')]"
utility_to_osm - WARNING - ssr:stedsnr = 392198 has multiple (2) positions, using the first one!
utility_to_osm - ERROR - ssr:stedsnr = 396206: No name found
utility_to_osm - ERROR - ssr:stedsnr = 396216: No name found
utility_to_osm - ERROR - ssr:stedsnr = 396222: No name found
utility_to_osm - ERROR - ssr:stedsnr = 396235: No name found
utility_to_osm - ERROR - ssr:stedsnr = 396281: No name found
utility_to_osm - ERROR - ssr:stedsnr = 396289: No name found
utility_to_osm - ERROR - ssr:stedsnr = 396291: No name found
utility_to_osm - ERROR - ssr:stedsnr = 396296: No name found
utility_to_osm - ERROR - ssr:stedsnr = 396298: No name found
utility_to_osm - ERROR - ssr:stedsnr = 396315: No name found
utility_to_osm - ERROR - ssr:stedsnr = 396323: No name found
utility_to_osm - ERROR - ssr:stedsnr = 396345: No name found
utility_to_osm - ERROR - ssr:stedsnr = 396354: No name found
utility_to_osm - ERROR - ssr:stedsnr = 396358: No name found
utility_to_osm - ERROR - ssr:stedsnr = 396380: No name found
utility_to_osm - ERROR - ssr:stedsnr = 396388: No name found
utility_to_osm - ERROR - ssr:stedsnr = 396395: No name found
utility_to_osm - ERROR - ssr:stedsnr = 396396: No name found
utility_to_osm - ERROR - ssr:stedsnr = 396402: No name found
utility_to_osm - ERROR - ssr:stedsnr = 396406: No name found
utility_to_osm - ERROR - ssr:stedsnr = 396423: No name found
utility_to_osm - ERROR - ssr:stedsnr = 396425: No name found
utility_to_osm - ERROR - ssr:stedsnr = 396426: No name found
utility_to_osm - ERROR - ssr:stedsnr = 396428: No name found
utility_to_osm - ERROR - ssr:stedsnr = 396612: No name found
utility_to_osm - ERROR - ssr:stedsnr = 882223: No name found
utility_to_osm - ERROR - ssr:stedsnr = 882245: No name found
utility_to_osm - ERROR - ssr:stedsnr = 882244: No name found
utility_to_osm - ERROR - ssr:stedsnr = 882253: No name found
utility_to_osm - ERROR - ssr:stedsnr = 882259: No name found
utility_to_osm - ERROR - ssr:stedsnr = 882268: No name found
utility_to_osm - ERROR - ssr:stedsnr = 882270: No name found
utility_to_osm - ERROR - ssr:stedsnr = 882275: No name found
utility_to_osm - ERROR - ssr:stedsnr = 882277: No name found
utility_to_osm - ERROR - ssr:stedsnr = 882285: No name found
utility_to_osm - ERROR - ssr:stedsnr = 882290: No name found
utility_to_osm - ERROR - ssr:stedsnr = 882295: No name found
utility_to_osm - ERROR - ssr:stedsnr = 882301: No name found
utility_to_osm - ERROR - ssr:stedsnr = 882314: No name found
utility_to_osm - ERROR - ssr:stedsnr = 882561: No name found
utility_to_osm - ERROR - ssr:stedsnr = 882561. No positions found, skipping
utility_to_osm - ERROR - ssr:stedsnr = 897678: No name found
utility_to_osm - ERROR - ssr:stedsnr = 897681: No name found
utility_to_osm - ERROR - ssr:stedsnr = 1073912: No name found
utility_to_osm - ERROR - ssr:stedsnr = 1073913: No name found
utility_to_osm - ERROR - ssr:stedsnr = 1073915: No name found
utility_to_osm - ERROR - ssr:stedsnr = 1073916: No name found
utility_to_osm - ERROR - ssr:stedsnr = 617735: No name found
utility_to_osm - ERROR - ssr:stedsnr = 214796: No name found
utility_to_osm - ERROR - ssr:stedsnr = 985058: No name found
utility_to_osm - ERROR - ssr:stedsnr = 373172: No name found
utility_to_osm - ERROR - ssr:stedsnr = 985059: No name found
utility_to_osm - ERROR - ssr:stedsnr = 985060: No name found
utility_to_osm - INFO - ignoring non approved status = "avslått" name = "Seljesetskardet"
utility_to_osm - INFO - ignoring non approved status = "avslått" name = "Seljesetskardet"
utility_to_osm - INFO - ignoring non approved status = "avslått" name = "Seljesetskardet"
utility_to_osm - WARNING - ssr:stedsnr = 70168: No priority spelling found for lang = no, using alt_name to get "[('no', u'Seljesetskaret')]"
utility_to_osm - WARNING - ssr:stedsnr = 989364: No priority spelling found for lang = no, using alt_name to get "[('no', u'S\xe6trenibba')]"
utility_to_osm - WARNING - ssr:stedsnr = 989366: No priority spelling found for lang = no, using alt_name to get "[('no', u'S\xe6treskaret')]"
utility_to_osm - ERROR - ssr:stedsnr = 990082: No name found
utility_to_osm - ERROR - ssr:stedsnr = 10227: No name found
utility_to_osm - WARNING - ssr:stedsnr = 10227 has multiple (2) positions, using the first one!
utility_to_osm - ERROR - ssr:stedsnr = 10243: No name found
utility_to_osm - WARNING - ssr:stedsnr = 10243 has multiple (4) positions, using the first one!
utility_to_osm - WARNING - ssr:stedsnr = 10854: No priority spelling found for lang = no, using alt_name to get "[('no', u'Otredalsbukta')]"
utility_to_osm - WARNING - ssr:stedsnr = 10854 has multiple (3) positions, using the first one!
utility_to_osm - ERROR - ssr:stedsnr = 10859: No name found
utility_to_osm - WARNING - ssr:stedsnr = 10859 has multiple (3) positions, using the first one!
utility_to_osm - ERROR - ssr:stedsnr = 10893: No name found
utility_to_osm - WARNING - ssr:stedsnr = 10893 has multiple (2) positions, using the first one!
utility_to_osm - INFO - ignoring non approved status = "avslått" name = "Grødes"
utility_to_osm - INFO - ignoring non approved status = "avslått" name = "Grødes"
utility_to_osm - INFO - ignoring non approved status = "avslått" name = "Grødes"
utility_to_osm - WARNING - ssr:stedsnr = 10911: No priority spelling found for lang = no, using alt_name to get "[('no', u'Grod\xe5s')]"
utility_to_osm - INFO - ignoring non approved status = "avslått" name = "Moldsvor"
utility_to_osm - INFO - ignoring non approved status = "avslått" name = "Moldsvor"
utility_to_osm - INFO - ignoring non approved status = "avslått" name = "Moldsvor"
utility_to_osm - WARNING - ssr:stedsnr = 11254: No priority spelling found for lang = no, using alt_name to get "[('no', u'Muldsvor')]"
utility_to_osm - INFO - ignoring non approved status = "avslått" name = "Aksla, indre"
utility_to_osm - INFO - ignoring non approved status = "avslått" name = "Aksla, indre"
utility_to_osm - INFO - ignoring non approved status = "avslått" name = "Aksla, indre"
utility_to_osm - WARNING - ssr:stedsnr = 11701: No priority spelling found for lang = no, using alt_name to get "[('no', u'Indre Aksla')]"
utility_to_osm - WARNING - ssr:stedsnr = 11701 has multiple (2) positions, using the first one!
utility_to_osm - ERROR - ssr:stedsnr = 11710: No name found
utility_to_osm - WARNING - ssr:stedsnr = 25219: No priority spelling found for lang = no, using alt_name to get "[('no', u'Urdene')]"
utility_to_osm - ERROR - ssr:stedsnr = 25219. No positions found, skipping
utility_to_osm - INFO - ssr:stedsnr = 24188 not active = "relikt". Skipping...
utility_to_osm - WARNING - ssr:stedsnr = 24190: No priority spelling found for lang = no, using alt_name to get "[('no', u'Toppen')]"
utility_to_osm - ERROR - ssr:stedsnr = 24190. No positions found, skipping
utility_to_osm - ERROR - ssr:stedsnr = 32202: No name found
utility_to_osm - ERROR - ssr:stedsnr = 32214: No name found
utility_to_osm - ERROR - ssr:stedsnr = 32217: No name found
utility_to_osm - ERROR - ssr:stedsnr = 32241: No name found
utility_to_osm - ERROR - ssr:stedsnr = 32243: No name found
utility_to_osm - ERROR - ssr:stedsnr = 32248: No name found
utility_to_osm - ERROR - ssr:stedsnr = 32249: No name found
utility_to_osm - ERROR - ssr:stedsnr = 32262: No name found
utility_to_osm - ERROR - ssr:stedsnr = 32270: No name found
utility_to_osm - ERROR - ssr:stedsnr = 32275: No name found
utility_to_osm - ERROR - ssr:stedsnr = 32284: No name found
utility_to_osm - ERROR - ssr:stedsnr = 32290: No name found
utility_to_osm - ERROR - ssr:stedsnr = 32292: No name found
utility_to_osm - ERROR - ssr:stedsnr = 32299: No name found
utility_to_osm - ERROR - ssr:stedsnr = 32314: No name found
utility_to_osm - ERROR - ssr:stedsnr = 32317: No name found
utility_to_osm - ERROR - ssr:stedsnr = 32325: No name found
utility_to_osm - ERROR - ssr:stedsnr = 32332: No name found
utility_to_osm - ERROR - ssr:stedsnr = 32333: No name found
utility_to_osm - ERROR - ssr:stedsnr = 32340: No name found
utility_to_osm - ERROR - ssr:stedsnr = 32344: No name found
utility_to_osm - ERROR - ssr:stedsnr = 32352: No name found
utility_to_osm - ERROR - ssr:stedsnr = 32359: No name found
utility_to_osm - ERROR - ssr:stedsnr = 32361: No name found
utility_to_osm - ERROR - ssr:stedsnr = 32366: No name found
utility_to_osm - ERROR - ssr:stedsnr = 32368: No name found
utility_to_osm - ERROR - ssr:stedsnr = 32402: No name found
utility_to_osm - ERROR - ssr:stedsnr = 53457: No name found
utility_to_osm - INFO - ignoring non approved status = "avslått" name = "Knutsdalsskardet"
utility_to_osm - INFO - ignoring non approved status = "avslått" name = "Knutsdalsskardet"
utility_to_osm - INFO - ignoring non approved status = "avslått" name = "Knutsdalsskardet"
utility_to_osm - WARNING - ssr:stedsnr = 70175: No priority spelling found for lang = no, using alt_name to get "[('no', u'Knutsdalsskaret')]"
utility_to_osm - WARNING - ssr:stedsnr = 70175 has multiple (2) positions, using the first one!
utility_to_osm - INFO - ignoring non approved status = "avslått" name = "Holskardet"
utility_to_osm - INFO - ignoring non approved status = "avslått" name = "Holskardet"
utility_to_osm - INFO - ignoring non approved status = "avslått" name = "Holskardet"
utility_to_osm - WARNING - ssr:stedsnr = 70178: No priority spelling found for lang = no, using alt_name to get "[('no', u'Holskaret')]"
utility_to_osm - WARNING - ssr:stedsnr = 70178 has multiple (2) positions, using the first one!
utility_to_osm - INFO - ignoring non approved status = "avslått" name = "Svorsætra"
utility_to_osm - INFO - ignoring non approved status = "avslått" name = "Svorsætra"
utility_to_osm - INFO - ignoring non approved status = "avslått" name = "Svorsætra"
utility_to_osm - WARNING - ssr:stedsnr = 70859: No priority spelling found for lang = no, using alt_name to get "[('no', u'Svoras\xe6tra')]"
utility_to_osm - WARNING - ssr:stedsnr = 70859 has multiple (3) positions, using the first one!
utility_to_osm - INFO - ignoring non approved status = "avslått" name = "Lia"
utility_to_osm - INFO - ignoring non approved status = "avslått" name = "Lien"
utility_to_osm - INFO - ignoring non approved status = "avslått" name = "Lia"
utility_to_osm - INFO - ignoring non approved status = "avslått" name = "Lien"
utility_to_osm - INFO - ignoring non approved status = "avslått" name = "Lia"
utility_to_osm - INFO - ignoring non approved status = "avslått" name = "Lien"
utility_to_osm - WARNING - ssr:stedsnr = 70876: No priority spelling found for lang = no, using alt_name to get "[('no', u'Lida')]"
utility_to_osm - WARNING - ssr:stedsnr = 70878: No priority spelling found for lang = no, using alt_name to get "[('no', u'Vikas\xe6tra')]"
utility_to_osm - WARNING - ssr:stedsnr = 70878 has multiple (3) positions, using the first one!
utility_to_osm - WARNING - ssr:stedsnr = 71499: No priority spelling found for lang = no, using alt_name to get "[('no', u'Terdalss\xe6tra')]"
utility_to_osm - WARNING - ssr:stedsnr = 71499 has multiple (3) positions, using the first one!
utility_to_osm - INFO - ignoring non approved status = "avslått" name = "Luka, store"
utility_to_osm - INFO - ignoring non approved status = "avslått" name = "Luka, store"
utility_to_osm - INFO - ignoring non approved status = "avslått" name = "Luka, store"
utility_to_osm - WARNING - ssr:stedsnr = 71744: No priority spelling found for lang = no, using alt_name to get "[('no', u'Store Luka')]"
utility_to_osm - WARNING - ssr:stedsnr = 71744 has multiple (3) positions, using the first one!
utility_to_osm - ERROR - ssr:stedsnr = 71837: No name found
utility_to_osm - ERROR - ssr:stedsnr = 71840: No name found
utility_to_osm - INFO - ignoring non approved status = "avslått" name = "Kyrkhornsætra"
utility_to_osm - INFO - ignoring non approved status = "avslått" name = "Kyrkhornsætra"
utility_to_osm - INFO - ignoring non approved status = "avslått" name = "Kyrkhornsætra"
utility_to_osm - WARNING - ssr:stedsnr = 71919: No priority spelling found for lang = no, using alt_name to get "[('no', u'Kyrkjhornss\xe6tra')]"
utility_to_osm - WARNING - ssr:stedsnr = 71919 has multiple (3) positions, using the first one!
utility_to_osm - ERROR - ssr:stedsnr = 71950: No name found
utility_to_osm - WARNING - ssr:stedsnr = 71950 has multiple (2) positions, using the first one!
utility_to_osm - INFO - ignoring non approved status = "avslått" name = "Hornindalsætra"
utility_to_osm - INFO - ignoring non approved status = "avslått" name = "Hornindalsætra"
utility_to_osm - INFO - ignoring non approved status = "avslått" name = "Hornindalsætra"
utility_to_osm - WARNING - ssr:stedsnr = 72667: No priority spelling found for lang = no, using alt_name to get "[('no', u'Hornindalss\xe6tra')]"
utility_to_osm - WARNING - ssr:stedsnr = 72667 has multiple (5) positions, using the first one!
utility_to_osm - WARNING - ssr:stedsnr = 86224: No priority spelling found for lang = no, using alt_name to get "[('no', u'Skj\xf8la')]"
utility_to_osm - ERROR - ssr:stedsnr = 86224. No positions found, skipping
utility_to_osm - WARNING - ssr:stedsnr = 88135: No priority spelling found for lang = no, using alt_name to get "[('no', u'Postvegen')]"
utility_to_osm - WARNING - ssr:stedsnr = 88135 has multiple (2) positions, using the first one!
utility_to_osm - ERROR - ssr:stedsnr = 92242: No name found
utility_to_osm - ERROR - ssr:stedsnr = 92243: No name found
utility_to_osm - ERROR - ssr:stedsnr = 92251: No name found
utility_to_osm - ERROR - ssr:stedsnr = 92253: No name found
utility_to_osm - ERROR - ssr:stedsnr = 92264: No name found
utility_to_osm - ERROR - ssr:stedsnr = 92285: No name found
utility_to_osm - ERROR - ssr:stedsnr = 92297: No name found
utility_to_osm - ERROR - ssr:stedsnr = 92310: No name found
utility_to_osm - ERROR - ssr:stedsnr = 92319: No name found
utility_to_osm - ERROR - ssr:stedsnr = 92334: No name found
utility_to_osm - ERROR - ssr:stedsnr = 92351: No name found
utility_to_osm - ERROR - ssr:stedsnr = 92372: No name found
utility_to_osm - ERROR - ssr:stedsnr = 92374: No name found
utility_to_osm - ERROR - ssr:stedsnr = 92385: No name found
utility_to_osm - ERROR - ssr:stedsnr = 92386: No name found
utility_to_osm - ERROR - ssr:stedsnr = 92410: No name found
utility_to_osm - ERROR - ssr:stedsnr = 92427: No name found
utility_to_osm - ERROR - ssr:stedsnr = 92430: No name found
utility_to_osm - ERROR - ssr:stedsnr = 92447: No name found
utility_to_osm - ERROR - ssr:stedsnr = 92652: No name found
utility_to_osm - ERROR - ssr:stedsnr = 93209: No name found
utility_to_osm - ERROR - ssr:stedsnr = 93273: No name found
utility_to_osm - ERROR - ssr:stedsnr = 93275: No name found
utility_to_osm - ERROR - ssr:stedsnr = 93293: No name found
utility_to_osm - ERROR - ssr:stedsnr = 131183: No name found
utility_to_osm - WARNING - ssr:stedsnr = 131183 has multiple (2) positions, using the first one!
utility_to_osm - WARNING - ssr:stedsnr = 131187: No priority spelling found for lang = no, using alt_name to get "[('no', u'Botnavatnet')]"
utility_to_osm - WARNING - ssr:stedsnr = 131187 has multiple (2) positions, using the first one!
utility_to_osm - ERROR - ssr:stedsnr = 131214: No name found
utility_to_osm - ERROR - ssr:stedsnr = 131216: No name found
utility_to_osm - ERROR - ssr:stedsnr = 131227: No name found
utility_to_osm - WARNING - ssr:stedsnr = 131227 has multiple (2) positions, using the first one!
utility_to_osm - ERROR - ssr:stedsnr = 131864: No name found
utility_to_osm - ERROR - ssr:stedsnr = 131927: No name found
utility_to_osm - WARNING - ssr:stedsnr = 131927 has multiple (2) positions, using the first one!
utility_to_osm - ERROR - ssr:stedsnr = 131928: No name found
utility_to_osm - WARNING - ssr:stedsnr = 131928 has multiple (2) positions, using the first one!
utility_to_osm - ERROR - ssr:stedsnr = 132243: No name found
utility_to_osm - WARNING - ssr:stedsnr = 132243 has multiple (2) positions, using the first one!
utility_to_osm - ERROR - ssr:stedsnr = 132245: No name found
utility_to_osm - WARNING - ssr:stedsnr = 132245 has multiple (3) positions, using the first one!
utility_to_osm - WARNING - ssr:stedsnr = 146197: No priority spelling found for lang = no, using alt_name to get "[('no', u'Verslavegen')]"
utility_to_osm - ERROR - ssr:stedsnr = 146197. No positions found, skipping
utility_to_osm - ERROR - ssr:stedsnr = 153653: No name found
utility_to_osm - ERROR - ssr:stedsnr = 153259: No name found
utility_to_osm - ERROR - ssr:stedsnr = 153295: No name found
utility_to_osm - ERROR - ssr:stedsnr = 153303: No name found
utility_to_osm - ERROR - ssr:stedsnr = 153311: No name found
utility_to_osm - ERROR - ssr:stedsnr = 153313: No name found
utility_to_osm - ERROR - ssr:stedsnr = 153329: No name found
utility_to_osm - ERROR - ssr:stedsnr = 153330: No name found
utility_to_osm - ERROR - ssr:stedsnr = 153341: No name found
utility_to_osm - ERROR - ssr:stedsnr = 153348: No name found
utility_to_osm - ERROR - ssr:stedsnr = 153354: No name found
utility_to_osm - ERROR - ssr:stedsnr = 153356: No name found
utility_to_osm - ERROR - ssr:stedsnr = 153358: No name found
utility_to_osm - ERROR - ssr:stedsnr = 153387: No name found
utility_to_osm - ERROR - ssr:stedsnr = 153388: No name found
utility_to_osm - ERROR - ssr:stedsnr = 153392: No name found
utility_to_osm - ERROR - ssr:stedsnr = 153393: No name found
utility_to_osm - ERROR - ssr:stedsnr = 153415: No name found
utility_to_osm - ERROR - ssr:stedsnr = 153422: No name found
utility_to_osm - ERROR - ssr:stedsnr = 153425: No name found
utility_to_osm - ERROR - ssr:stedsnr = 153433: No name found
utility_to_osm - ERROR - ssr:stedsnr = 153444: No name found
utility_to_osm - ERROR - ssr:stedsnr = 153446: No name found
utility_to_osm - ERROR - ssr:stedsnr = 153447: No name found
utility_to_osm - WARNING - ssr:stedsnr = 161843: No priority spelling found for lang = no, using alt_name to get "[('no', u'Kj\xf8s')]"
utility_to_osm - INFO - ignoring non approved status = "avslått" name = "Holskardhornet"
utility_to_osm - INFO - ignoring non approved status = "avslått" name = "Holskardhornet"
utility_to_osm - INFO - ignoring non approved status = "avslått" name = "Holskardhornet"
utility_to_osm - WARNING - ssr:stedsnr = 192223: No priority spelling found for lang = no, using alt_name to get "[('no', u'Holskarhornet')]"
utility_to_osm - WARNING - ssr:stedsnr = 192223 has multiple (2) positions, using the first one!
utility_to_osm - ERROR - ssr:stedsnr = 192241: No name found
utility_to_osm - ERROR - ssr:stedsnr = 192258: No name found
utility_to_osm - ERROR - ssr:stedsnr = 192265: No name found
utility_to_osm - WARNING - ssr:stedsnr = 192265 has multiple (2) positions, using the first one!
utility_to_osm - INFO - ignoring non approved status = "avslått" name = "Setergrova"
utility_to_osm - INFO - ignoring non approved status = "avslått" name = "Setergrova"
utility_to_osm - INFO - ignoring non approved status = "avslått" name = "Setergrova"
utility_to_osm - WARNING - ssr:stedsnr = 192271: No priority spelling found for lang = no, using alt_name to get "[('no', u'S\xe6tregrova')]"
utility_to_osm - WARNING - ssr:stedsnr = 192271 has multiple (2) positions, using the first one!
utility_to_osm - ERROR - ssr:stedsnr = 192884: No name found
utility_to_osm - WARNING - ssr:stedsnr = 192884 has multiple (2) positions, using the first one!
utility_to_osm - ERROR - ssr:stedsnr = 192892: No name found
utility_to_osm - WARNING - ssr:stedsnr = 192892 has multiple (2) positions, using the first one!
utility_to_osm - WARNING - ssr:stedsnr = 192900: No priority spelling found for lang = no, using alt_name to get "[('no', u'Kongsviks\xe6tra')]"
utility_to_osm - WARNING - ssr:stedsnr = 192900 has multiple (3) positions, using the first one!
utility_to_osm - ERROR - ssr:stedsnr = 192909: No name found
utility_to_osm - INFO - ignoring non approved status = "avslått" name = "Haugen"
utility_to_osm - INFO - ignoring non approved status = "avslått" name = "Haugen"
utility_to_osm - INFO - ignoring non approved status = "avslått" name = "Haugen"
utility_to_osm - WARNING - ssr:stedsnr = 193247: No priority spelling found for lang = no, using alt_name to get "[('no', u'Indre Haugen')]"
utility_to_osm - ERROR - ssr:stedsnr = 193674: No name found
utility_to_osm - ERROR - ssr:stedsnr = 193686: No name found
utility_to_osm - ERROR - ssr:stedsnr = 206210: No name found
utility_to_osm - ERROR - ssr:stedsnr = 206210. No positions found, skipping
utility_to_osm - ERROR - ssr:stedsnr = 214235: No name found
utility_to_osm - ERROR - ssr:stedsnr = 214253: No name found
utility_to_osm - ERROR - ssr:stedsnr = 214255: No name found
utility_to_osm - ERROR - ssr:stedsnr = 214258: No name found
utility_to_osm - ERROR - ssr:stedsnr = 214297: No name found
utility_to_osm - ERROR - ssr:stedsnr = 214298: No name found
utility_to_osm - ERROR - ssr:stedsnr = 214309: No name found
utility_to_osm - ERROR - ssr:stedsnr = 214311: No name found
utility_to_osm - ERROR - ssr:stedsnr = 214319: No name found
utility_to_osm - ERROR - ssr:stedsnr = 214323: No name found
utility_to_osm - ERROR - ssr:stedsnr = 214345: No name found
utility_to_osm - ERROR - ssr:stedsnr = 214355: No name found
utility_to_osm - ERROR - ssr:stedsnr = 214377: No name found
utility_to_osm - ERROR - ssr:stedsnr = 214381: No name found
utility_to_osm - WARNING - ssr:stedsnr = 214381 has multiple (2) positions, using the first one!
utility_to_osm - ERROR - ssr:stedsnr = 214397: No name found
utility_to_osm - ERROR - ssr:stedsnr = 214399: No name found
utility_to_osm - ERROR - ssr:stedsnr = 214412: No name found
utility_to_osm - ERROR - ssr:stedsnr = 214414: No name found
utility_to_osm - ERROR - ssr:stedsnr = 214423: No name found
utility_to_osm - ERROR - ssr:stedsnr = 214437: No name found
utility_to_osm - ERROR - ssr:stedsnr = 226306: No name found
utility_to_osm - WARNING - ssr:stedsnr = 226306 has multiple (2) positions, using the first one!
utility_to_osm - ERROR - ssr:stedsnr = 252876: No name found
utility_to_osm - WARNING - ssr:stedsnr = 252876 has multiple (2) positions, using the first one!
utility_to_osm - WARNING - ssr:stedsnr = 253260: No priority spelling found for lang = no, using alt_name to get "[('no', u'Seljeset')]"
utility_to_osm - ERROR - ssr:stedsnr = 253700: No name found
utility_to_osm - WARNING - ssr:stedsnr = 253700 has multiple (2) positions, using the first one!
utility_to_osm - ERROR - ssr:stedsnr = 253719: No name found
utility_to_osm - WARNING - ssr:stedsnr = 253719 has multiple (2) positions, using the first one!
utility_to_osm - INFO - ignoring non approved status = "avslått" name = "Sæterhornet"
utility_to_osm - INFO - ignoring non approved status = "avslått" name = "Sæterhornet"
utility_to_osm - INFO - ignoring non approved status = "avslått" name = "Sæterhornet"
utility_to_osm - WARNING - ssr:stedsnr = 253870: No priority spelling found for lang = no, using alt_name to get "[('no', u'S\xe6trehornet')]"
utility_to_osm - WARNING - ssr:stedsnr = 253870 has multiple (2) positions, using the first one!
utility_to_osm - INFO - ignoring non approved status = "avslått" name = "Lødhornsætra"
utility_to_osm - INFO - ignoring non approved status = "avslått" name = "Lodøensetra"
utility_to_osm - INFO - ignoring non approved status = "avslått" name = "Lødhornsætra"
utility_to_osm - INFO - ignoring non approved status = "avslått" name = "Lodøensetra"
utility_to_osm - INFO - ignoring non approved status = "avslått" name = "Lødhornsætra"
utility_to_osm - INFO - ignoring non approved status = "avslått" name = "Lodøensetra"
utility_to_osm - WARNING - ssr:stedsnr = 253869: No priority spelling found for lang = no, using alt_name to get "[('no', u'L\xf8nnss\xe6tra')]"
utility_to_osm - WARNING - ssr:stedsnr = 253869 has multiple (3) positions, using the first one!
utility_to_osm - ERROR - ssr:stedsnr = 253871: No name found
utility_to_osm - WARNING - ssr:stedsnr = 253871 has multiple (2) positions, using the first one!
utility_to_osm - ERROR - ssr:stedsnr = 253904: No name found
utility_to_osm - WARNING - ssr:stedsnr = 253904 has multiple (3) positions, using the first one!
utility_to_osm - INFO - ignoring non approved status = "avslått" name = "Blåbreen"
utility_to_osm - INFO - ignoring non approved status = "avslått" name = "Blåbreen"
utility_to_osm - INFO - ignoring non approved status = "avslått" name = "Blåbreen"
utility_to_osm - WARNING - ssr:stedsnr = 254681: No priority spelling found for lang = no, using alt_name to get "[('no', u'Bl\xe5breden')]"
utility_to_osm - WARNING - ssr:stedsnr = 254681 has multiple (3) positions, using the first one!
utility_to_osm - ERROR - ssr:stedsnr = 254682: No name found
utility_to_osm - ERROR - ssr:stedsnr = 268209: No name found
utility_to_osm - ERROR - ssr:stedsnr = 268209. No positions found, skipping
utility_to_osm - ERROR - ssr:stedsnr = 434852: No name found
utility_to_osm - WARNING - ssr:stedsnr = 434852 has multiple (2) positions, using the first one!
utility_to_osm - ERROR - ssr:stedsnr = 434874: No name found
utility_to_osm - ERROR - ssr:stedsnr = 434876: No name found
utility_to_osm - WARNING - ssr:stedsnr = 434876 has multiple (2) positions, using the first one!
utility_to_osm - ERROR - ssr:stedsnr = 435734: No name found
utility_to_osm - WARNING - ssr:stedsnr = 435734 has multiple (2) positions, using the first one!
utility_to_osm - INFO - ignoring non approved status = "avslått" name = "Hjellbakk"
utility_to_osm - INFO - ignoring non approved status = "avslått" name = "Hjellbakk"
utility_to_osm - INFO - ignoring non approved status = "avslått" name = "Hjellbakk"
utility_to_osm - WARNING - ssr:stedsnr = 435845: No priority spelling found for lang = no, using alt_name to get "[('no', u'Hjellbakkane')]"
utility_to_osm - ERROR - ssr:stedsnr = 435876: No name found
utility_to_osm - WARNING - ssr:stedsnr = 435876 has multiple (2) positions, using the first one!
utility_to_osm - INFO - ignoring non approved status = "avslått" name = "Tomasgard"
utility_to_osm - INFO - ignoring non approved status = "avslått" name = "Tomasgard"
utility_to_osm - INFO - ignoring non approved status = "avslått" name = "Tomasgard"
utility_to_osm - WARNING - ssr:stedsnr = 435890: No priority spelling found for lang = no, using alt_name to get "[('no', u'Tomasgarden')]"
utility_to_osm - ERROR - ssr:stedsnr = 435935: No name found
utility_to_osm - ERROR - ssr:stedsnr = 435943: No name found
utility_to_osm - WARNING - ssr:stedsnr = 435943 has multiple (2) positions, using the first one!
utility_to_osm - ERROR - ssr:stedsnr = 436679: No name found
utility_to_osm - INFO - ssr:stedsnr = 449213 not active = "relikt". Skipping...
utility_to_osm - ERROR - ssr:stedsnr = 457214: No name found
utility_to_osm - ERROR - ssr:stedsnr = 457219: No name found
utility_to_osm - ERROR - ssr:stedsnr = 457243: No name found
utility_to_osm - ERROR - ssr:stedsnr = 457252: No name found
utility_to_osm - ERROR - ssr:stedsnr = 457260: No name found
utility_to_osm - ERROR - ssr:stedsnr = 457269: No name found
utility_to_osm - ERROR - ssr:stedsnr = 457280: No name found
utility_to_osm - ERROR - ssr:stedsnr = 457282: No name found
utility_to_osm - ERROR - ssr:stedsnr = 457286: No name found
utility_to_osm - ERROR - ssr:stedsnr = 457308: No name found
utility_to_osm - ERROR - ssr:stedsnr = 457317: No name found
utility_to_osm - ERROR - ssr:stedsnr = 457319: No name found
utility_to_osm - ERROR - ssr:stedsnr = 457320: No name found
utility_to_osm - ERROR - ssr:stedsnr = 457334: No name found
utility_to_osm - ERROR - ssr:stedsnr = 457338: No name found
utility_to_osm - ERROR - ssr:stedsnr = 457342: No name found
utility_to_osm - ERROR - ssr:stedsnr = 457351: No name found
utility_to_osm - ERROR - ssr:stedsnr = 457353: No name found
utility_to_osm - ERROR - ssr:stedsnr = 457358: No name found
utility_to_osm - ERROR - ssr:stedsnr = 457366: No name found
utility_to_osm - ERROR - ssr:stedsnr = 457373: No name found
utility_to_osm - ERROR - ssr:stedsnr = 457384: No name found
utility_to_osm - ERROR - ssr:stedsnr = 457387: No name found
utility_to_osm - ERROR - ssr:stedsnr = 457388: No name found
utility_to_osm - ERROR - ssr:stedsnr = 457396: No name found
utility_to_osm - WARNING - ssr:stedsnr = 457396 has multiple (2) positions, using the first one!
utility_to_osm - ERROR - ssr:stedsnr = 457399: No name found
utility_to_osm - ERROR - ssr:stedsnr = 457409: No name found
utility_to_osm - ERROR - ssr:stedsnr = 457419: No name found
utility_to_osm - ERROR - ssr:stedsnr = 457615: No name found
utility_to_osm - ERROR - ssr:stedsnr = 457615. No positions found, skipping
utility_to_osm - ERROR - ssr:stedsnr = 483887: No name found
utility_to_osm - ERROR - ssr:stedsnr = 484905: No name found
utility_to_osm - ERROR - ssr:stedsnr = 495209: No name found
utility_to_osm - WARNING - ssr:stedsnr = 495209 has multiple (2) positions, using the first one!
utility_to_osm - ERROR - ssr:stedsnr = 495247: No name found
utility_to_osm - INFO - ignoring non approved status = "avslått" name = "Holskardsætra"
utility_to_osm - INFO - ignoring non approved status = "avslått" name = "Holskarsetra"
utility_to_osm - INFO - ignoring non approved status = "avslått" name = "Holskardsætra"
utility_to_osm - INFO - ignoring non approved status = "avslått" name = "Holskarsetra"
utility_to_osm - INFO - ignoring non approved status = "avslått" name = "Holskardsætra"
utility_to_osm - INFO - ignoring non approved status = "avslått" name = "Holskarsetra"
utility_to_osm - WARNING - ssr:stedsnr = 495256: No priority spelling found for lang = no, using alt_name to get "[('no', u'Holskars\xe6tra')]"
utility_to_osm - WARNING - ssr:stedsnr = 495256 has multiple (2) positions, using the first one!
utility_to_osm - ERROR - ssr:stedsnr = 495841: No name found
utility_to_osm - WARNING - ssr:stedsnr = 495841 has multiple (3) positions, using the first one!
utility_to_osm - ERROR - ssr:stedsnr = 495862: No name found
utility_to_osm - WARNING - ssr:stedsnr = 495862 has multiple (2) positions, using the first one!
utility_to_osm - INFO - ignoring non approved status = "avslått" name = "Hornsætra, yt"
utility_to_osm - INFO - ignoring non approved status = "avslått" name = "Hornsætra, yt"
utility_to_osm - INFO - ignoring non approved status = "avslått" name = "Hornsætra, yt"
utility_to_osm - WARNING - ssr:stedsnr = 495863: No priority spelling found for lang = no, using alt_name to get "[('no', u'Ytrehornss\xe6tra')]"
utility_to_osm - WARNING - ssr:stedsnr = 495863 has multiple (3) positions, using the first one!
utility_to_osm - ERROR - ssr:stedsnr = 495865: No name found
utility_to_osm - ERROR - ssr:stedsnr = 495889: No name found
utility_to_osm - WARNING - ssr:stedsnr = 495889 has multiple (3) positions, using the first one!
utility_to_osm - ERROR - ssr:stedsnr = 495892: No name found
utility_to_osm - ERROR - ssr:stedsnr = 495900: No name found
utility_to_osm - WARNING - ssr:stedsnr = 495907: No priority spelling found for lang = no, using alt_name to get "[('no', u'Vikaelva'), ('no', u'\xc5resvora')]"
utility_to_osm - ERROR - ssr:stedsnr = 495907: Adding multiple names to name tag, this is not OK! name = "Vikaelva;Åresvora"
utility_to_osm - WARNING - ssr:stedsnr = 495907 has multiple (5) positions, using the first one!
utility_to_osm - INFO - ignoring non approved status = "avslått" name = "Storhaugen"
utility_to_osm - INFO - ignoring non approved status = "avslått" name = "Storhaugen"
utility_to_osm - INFO - ignoring non approved status = "avslått" name = "Storhaugen"
utility_to_osm - WARNING - ssr:stedsnr = 495924: No priority spelling found for lang = no, using alt_name to get "[('no', u'Storehaugen')]"
utility_to_osm - WARNING - ssr:stedsnr = 495924 has multiple (2) positions, using the first one!
utility_to_osm - WARNING - ssr:stedsnr = 496697: No priority spelling found for lang = no, using alt_name to get "[('no', u'Stores\xe6tra')]"
utility_to_osm - WARNING - ssr:stedsnr = 496697 has multiple (4) positions, using the first one!
utility_to_osm - ERROR - ssr:stedsnr = 496701: No name found
utility_to_osm - WARNING - ssr:stedsnr = 496701 has multiple (2) positions, using the first one!
utility_to_osm - INFO - ignoring non approved status = "avslått" name = "Aksla, ytre"
utility_to_osm - INFO - ignoring non approved status = "avslått" name = "Aksla, ytre"
utility_to_osm - INFO - ignoring non approved status = "avslått" name = "Aksla, ytre"
utility_to_osm - WARNING - ssr:stedsnr = 496706: No priority spelling found for lang = no, using alt_name to get "[('no', u'Ytre Aksla')]"
utility_to_osm - WARNING - ssr:stedsnr = 496706 has multiple (3) positions, using the first one!
utility_to_osm - INFO - ignoring non approved status = "avslått" name = "Blåbredalen"
utility_to_osm - INFO - ignoring non approved status = "avslått" name = "Blåbredalen"
utility_to_osm - INFO - ignoring non approved status = "avslått" name = "Blåbredalen"
utility_to_osm - WARNING - ssr:stedsnr = 496711: No priority spelling found for lang = no, using alt_name to get "[('no', u'Bl\xe5breddalen')]"
utility_to_osm - WARNING - ssr:stedsnr = 496711 has multiple (2) positions, using the first one!
utility_to_osm - WARNING - ssr:stedsnr = 510204: No priority spelling found for lang = no, using alt_name to get "[('no', u'Utsikten')]"
utility_to_osm - ERROR - ssr:stedsnr = 510204. No positions found, skipping
utility_to_osm - ERROR - ssr:stedsnr = 517252: No name found
utility_to_osm - ERROR - ssr:stedsnr = 517257: No name found
utility_to_osm - ERROR - ssr:stedsnr = 517267: No name found
utility_to_osm - ERROR - ssr:stedsnr = 517301: No name found
utility_to_osm - ERROR - ssr:stedsnr = 517308: No name found
utility_to_osm - ERROR - ssr:stedsnr = 517314: No name found
utility_to_osm - ERROR - ssr:stedsnr = 517317: No name found
utility_to_osm - ERROR - ssr:stedsnr = 517333: No name found
utility_to_osm - ERROR - ssr:stedsnr = 517334: No name found
utility_to_osm - ERROR - ssr:stedsnr = 517345: No name found
utility_to_osm - ERROR - ssr:stedsnr = 517347: No name found
utility_to_osm - ERROR - ssr:stedsnr = 517349: No name found
utility_to_osm - ERROR - ssr:stedsnr = 517353: No name found
utility_to_osm - ERROR - ssr:stedsnr = 517391: No name found
utility_to_osm - ERROR - ssr:stedsnr = 517397: No name found
utility_to_osm - ERROR - ssr:stedsnr = 517401: No name found
utility_to_osm - ERROR - ssr:stedsnr = 517403: No name found
utility_to_osm - ERROR - ssr:stedsnr = 517412: No name found
utility_to_osm - ERROR - ssr:stedsnr = 517416: No name found
utility_to_osm - ERROR - ssr:stedsnr = 533724: No name found
utility_to_osm - ERROR - ssr:stedsnr = 544598: No name found
utility_to_osm - WARNING - ssr:stedsnr = 544598 has multiple (2) positions, using the first one!
utility_to_osm - ERROR - ssr:stedsnr = 555154: No name found
utility_to_osm - WARNING - ssr:stedsnr = 555154 has multiple (2) positions, using the first one!
utility_to_osm - ERROR - ssr:stedsnr = 555194: No name found
utility_to_osm - WARNING - ssr:stedsnr = 555194 has multiple (2) positions, using the first one!
utility_to_osm - ERROR - ssr:stedsnr = 555860: No name found
utility_to_osm - WARNING - ssr:stedsnr = 555860 has multiple (2) positions, using the first one!
utility_to_osm - INFO - ignoring non approved status = "avslått" name = "Jutdalstjørna"
utility_to_osm - INFO - ignoring non approved status = "avslått" name = "Jutdalstjørna"
utility_to_osm - INFO - ignoring non approved status = "avslått" name = "Jutdalstjørna"
utility_to_osm - WARNING - ssr:stedsnr = 555891: No priority spelling found for lang = no, using alt_name to get "[('no', u'Jutdalstj\xf8nna')]"
utility_to_osm - WARNING - ssr:stedsnr = 555891 has multiple (2) positions, using the first one!
utility_to_osm - INFO - ignoring non approved status = "avslått" name = "Holen"
utility_to_osm - INFO - ignoring non approved status = "avslått" name = "Holen"
utility_to_osm - INFO - ignoring non approved status = "avslått" name = "Holen"
utility_to_osm - WARNING - ssr:stedsnr = 555908: No priority spelling found for lang = no, using alt_name to get "[('no', u'Hola')]"
utility_to_osm - ERROR - ssr:stedsnr = 556292: No name found
utility_to_osm - WARNING - ssr:stedsnr = 556292 has multiple (2) positions, using the first one!
utility_to_osm - ERROR - ssr:stedsnr = 556300: No name found
utility_to_osm - WARNING - ssr:stedsnr = 556300 has multiple (2) positions, using the first one!
utility_to_osm - ERROR - ssr:stedsnr = 556299: No name found
utility_to_osm - WARNING - ssr:stedsnr = 556299 has multiple (2) positions, using the first one!
utility_to_osm - ERROR - ssr:stedsnr = 556315: No name found
utility_to_osm - WARNING - ssr:stedsnr = 556315 has multiple (2) positions, using the first one!
utility_to_osm - INFO - ignoring non approved status = "avslått" name = "Sæterelva"
utility_to_osm - INFO - ignoring non approved status = "avslått" name = "Sæterelva"
utility_to_osm - INFO - ignoring non approved status = "avslått" name = "Sæterelva"
utility_to_osm - WARNING - ssr:stedsnr = 556714: No priority spelling found for lang = no, using alt_name to get "[('no', u'S\xe6treelva')]"
utility_to_osm - WARNING - ssr:stedsnr = 556714 has multiple (4) positions, using the first one!
utility_to_osm - ERROR - ssr:stedsnr = 556717: No name found
utility_to_osm - WARNING - ssr:stedsnr = 556717 has multiple (3) positions, using the first one!
utility_to_osm - ERROR - ssr:stedsnr = 556827: No name found
utility_to_osm - WARNING - ssr:stedsnr = 556827 has multiple (2) positions, using the first one!
utility_to_osm - ERROR - ssr:stedsnr = 556858: No name found
utility_to_osm - WARNING - ssr:stedsnr = 556858 has multiple (5) positions, using the first one!
utility_to_osm - INFO - ignoring non approved status = "avslått" name = "Jutdalslia"
utility_to_osm - INFO - ignoring non approved status = "avslått" name = "Jutdalslia"
utility_to_osm - INFO - ignoring non approved status = "avslått" name = "Jutdalslia"
utility_to_osm - WARNING - ssr:stedsnr = 556973: No priority spelling found for lang = no, using alt_name to get "[('no', u'Jutdalslida')]"
utility_to_osm - WARNING - ssr:stedsnr = 556973 has multiple (2) positions, using the first one!
utility_to_osm - ERROR - ssr:stedsnr = 570170: No name found
utility_to_osm - ERROR - ssr:stedsnr = 570170. No positions found, skipping
utility_to_osm - ERROR - ssr:stedsnr = 570173: No name found
utility_to_osm - ERROR - ssr:stedsnr = 570173. No positions found, skipping
utility_to_osm - ERROR - ssr:stedsnr = 571213: No name found
utility_to_osm - ERROR - ssr:stedsnr = 571213. No positions found, skipping
utility_to_osm - WARNING - ssr:stedsnr = 573163: No priority spelling found for lang = no, using alt_name to get "[('no', u'Novene')]"
utility_to_osm - WARNING - ssr:stedsnr = 573163 has multiple (2) positions, using the first one!
utility_to_osm - WARNING - ssr:stedsnr = 573165: No priority spelling found for lang = no, using alt_name to get "[('no', u'Skavika')]"
utility_to_osm - WARNING - ssr:stedsnr = 573165 has multiple (2) positions, using the first one!
utility_to_osm - INFO - ignoring non approved status = "avslått" name = "Horndalslia"
utility_to_osm - INFO - ignoring non approved status = "avslått" name = "Horndalslia"
utility_to_osm - INFO - ignoring non approved status = "avslått" name = "Horndalslia"
utility_to_osm - WARNING - ssr:stedsnr = 576033: No priority spelling found for lang = no, using alt_name to get "[('no', u'Hornindalslida')]"
utility_to_osm - ERROR - ssr:stedsnr = 577359: No name found
utility_to_osm - ERROR - ssr:stedsnr = 577392: No name found
utility_to_osm - ERROR - ssr:stedsnr = 577394: No name found
utility_to_osm - ERROR - ssr:stedsnr = 577403: No name found
utility_to_osm - ERROR - ssr:stedsnr = 577432: No name found
utility_to_osm - ERROR - ssr:stedsnr = 577431: No name found
utility_to_osm - ERROR - ssr:stedsnr = 577439: No name found
utility_to_osm - ERROR - ssr:stedsnr = 577452: No name found
utility_to_osm - ERROR - ssr:stedsnr = 578218: No name found
utility_to_osm - ERROR - ssr:stedsnr = 578225: No name found
utility_to_osm - ERROR - ssr:stedsnr = 578234: No name found
utility_to_osm - ERROR - ssr:stedsnr = 578252: No name found
utility_to_osm - ERROR - ssr:stedsnr = 578265: No name found
utility_to_osm - WARNING - ssr:stedsnr = 578265 has multiple (2) positions, using the first one!
utility_to_osm - ERROR - ssr:stedsnr = 578274: No name found
utility_to_osm - ERROR - ssr:stedsnr = 578293: No name found
utility_to_osm - ERROR - ssr:stedsnr = 578307: No name found
utility_to_osm - ERROR - ssr:stedsnr = 578318: No name found
utility_to_osm - ERROR - ssr:stedsnr = 578327: No name found
utility_to_osm - ERROR - ssr:stedsnr = 578385: No name found
utility_to_osm - ERROR - ssr:stedsnr = 578389: No name found
utility_to_osm - ERROR - ssr:stedsnr = 578390: No name found
utility_to_osm - ERROR - ssr:stedsnr = 593655: No name found
utility_to_osm - ERROR - ssr:stedsnr = 593658: No name found
utility_to_osm - INFO - ignoring non approved status = "avslått" name = "Holskardvatnet"
utility_to_osm - INFO - ignoring non approved status = "avslått" name = "Holskardvatnet"
utility_to_osm - INFO - ignoring non approved status = "avslått" name = "Holskardvatnet"
utility_to_osm - WARNING - ssr:stedsnr = 616172: No priority spelling found for lang = no, using alt_name to get "[('no', u'Holskarvatnet')]"
utility_to_osm - WARNING - ssr:stedsnr = 616172 has multiple (2) positions, using the first one!
utility_to_osm - INFO - ignoring non approved status = "avslått" name = "Espe"
utility_to_osm - INFO - ignoring non approved status = "avslått" name = "Espe"
utility_to_osm - INFO - ignoring non approved status = "avslått" name = "Espe"
utility_to_osm - WARNING - ssr:stedsnr = 616840: No priority spelling found for lang = no, using alt_name to get "[('no', u'Espen')]"
utility_to_osm - ERROR - ssr:stedsnr = 616846: No name found
utility_to_osm - WARNING - ssr:stedsnr = 616878: No priority spelling found for lang = no, using alt_name to get "[('no', u'Litlest\xf8ylen')]"
utility_to_osm - WARNING - ssr:stedsnr = 616886: No priority spelling found for lang = no, using alt_name to get "[('no', u'Hornd\xf8la')]"
utility_to_osm - WARNING - ssr:stedsnr = 616886 has multiple (5) positions, using the first one!
utility_to_osm - ERROR - ssr:stedsnr = 616895: No name found
utility_to_osm - ERROR - ssr:stedsnr = 616895: Adding multiple names to name tag, this is not OK! name = "Middagsfjellet;Øyenibba"
utility_to_osm - WARNING - ssr:stedsnr = 616895 has multiple (4) positions, using the first one!
utility_to_osm - ERROR - ssr:stedsnr = 616897: No name found
utility_to_osm - INFO - ignoring non approved status = "avslått" name = "Skjereneset"
utility_to_osm - INFO - ignoring non approved status = "avslått" name = "Skjereneset"
utility_to_osm - INFO - ignoring non approved status = "avslått" name = "Skjereneset"
utility_to_osm - WARNING - ssr:stedsnr = 616899: No priority spelling found for lang = no, using alt_name to get "[('no', u'Skjerneset')]"
utility_to_osm - WARNING - ssr:stedsnr = 616899 has multiple (4) positions, using the first one!
utility_to_osm - ERROR - ssr:stedsnr = 616971: No name found
utility_to_osm - WARNING - ssr:stedsnr = 616971 has multiple (3) positions, using the first one!
utility_to_osm - INFO - ignoring non approved status = "avslått" name = "Litlestølen"
utility_to_osm - INFO - ignoring non approved status = "avslått" name = "Litlestølen"
utility_to_osm - INFO - ignoring non approved status = "avslått" name = "Litlestølen"
utility_to_osm - WARNING - ssr:stedsnr = 617262: No priority spelling found for lang = no, using alt_name to get "[('no', u'Litlest\xf8ylen')]"
utility_to_osm - INFO - ignoring non approved status = "avslått" name = "Otredalsskardet"
utility_to_osm - INFO - ignoring non approved status = "avslått" name = "Otredalsskardet"
utility_to_osm - INFO - ignoring non approved status = "avslått" name = "Otredalsskardet"
utility_to_osm - WARNING - ssr:stedsnr = 617292: No priority spelling found for lang = no, using alt_name to get "[('no', u'Otredalsskaret')]"
utility_to_osm - WARNING - ssr:stedsnr = 617292 has multiple (2) positions, using the first one!
utility_to_osm - INFO - ignoring non approved status = "avslått" name = "Kringedalen"
utility_to_osm - INFO - ignoring non approved status = "avslått" name = "Kringedalen"
utility_to_osm - INFO - ignoring non approved status = "avslått" name = "Kringedalen"
utility_to_osm - WARNING - ssr:stedsnr = 617708: No priority spelling found for lang = no, using alt_name to get "[('no', u'Kringdalen')]"
utility_to_osm - WARNING - ssr:stedsnr = 617708 has multiple (2) positions, using the first one!
utility_to_osm - INFO - ignoring non approved status = "avslått" name = "Sæterdalen"
utility_to_osm - INFO - ignoring non approved status = "avslått" name = "Sæterdalen"
utility_to_osm - INFO - ignoring non approved status = "avslått" name = "Sæterdalen"
utility_to_osm - WARNING - ssr:stedsnr = 617710: No priority spelling found for lang = no, using alt_name to get "[('no', u'S\xe6tredalen')]"
utility_to_osm - WARNING - ssr:stedsnr = 617710 has multiple (3) positions, using the first one!
utility_to_osm - INFO - ignoring non approved status = "avslått" name = "Tusseholten"
utility_to_osm - INFO - ignoring non approved status = "avslått" name = "Tusseholten"
utility_to_osm - INFO - ignoring non approved status = "avslått" name = "Tusseholten"
utility_to_osm - WARNING - ssr:stedsnr = 617741: No priority spelling found for lang = no, using alt_name to get "[('no', u'Tysseholten')]"
utility_to_osm - WARNING - ssr:stedsnr = 617741 has multiple (3) positions, using the first one!
utility_to_osm - ERROR - ssr:stedsnr = 617759: No name found
utility_to_osm - WARNING - ssr:stedsnr = 617759 has multiple (2) positions, using the first one!
utility_to_osm - INFO - ignoring non approved status = "avslått" name = "Storhaugen"
utility_to_osm - INFO - ignoring non approved status = "avslått" name = "Storhaugen"
utility_to_osm - INFO - ignoring non approved status = "avslått" name = "Storhaugen"
utility_to_osm - WARNING - ssr:stedsnr = 617830: No priority spelling found for lang = no, using alt_name to get "[('no', u'Storehaugen')]"
utility_to_osm - WARNING - ssr:stedsnr = 617830 has multiple (3) positions, using the first one!
utility_to_osm - INFO - ignoring non approved status = "avslått" name = "Otredalen"
utility_to_osm - INFO - ignoring non approved status = "avslått" name = "Otredalen"
utility_to_osm - INFO - ignoring non approved status = "avslått" name = "Otredalen"
utility_to_osm - WARNING - ssr:stedsnr = 617831: No priority spelling found for lang = no, using alt_name to get "[('no', u'Otterdal')]"
utility_to_osm - WARNING - ssr:stedsnr = 617831 has multiple (4) positions, using the first one!
utility_to_osm - WARNING - ssr:stedsnr = 631194: No priority spelling found for lang = no, using alt_name to get "[('no', u'Nyland')]"
utility_to_osm - ERROR - ssr:stedsnr = 631194. No positions found, skipping
utility_to_osm - ERROR - ssr:stedsnr = 638219: No name found
utility_to_osm - ERROR - ssr:stedsnr = 638241: No name found
utility_to_osm - ERROR - ssr:stedsnr = 638245: No name found
utility_to_osm - ERROR - ssr:stedsnr = 638254: No name found
utility_to_osm - ERROR - ssr:stedsnr = 638282: No name found
utility_to_osm - ERROR - ssr:stedsnr = 638285: No name found
utility_to_osm - ERROR - ssr:stedsnr = 638288: No name found
utility_to_osm - ERROR - ssr:stedsnr = 638291: No name found
utility_to_osm - ERROR - ssr:stedsnr = 638297: No name found
utility_to_osm - ERROR - ssr:stedsnr = 638313: No name found
utility_to_osm - ERROR - ssr:stedsnr = 638316: No name found
utility_to_osm - ERROR - ssr:stedsnr = 638321: No name found
utility_to_osm - ERROR - ssr:stedsnr = 638327: No name found
utility_to_osm - ERROR - ssr:stedsnr = 638343: No name found
utility_to_osm - ERROR - ssr:stedsnr = 638345: No name found
utility_to_osm - ERROR - ssr:stedsnr = 638346: No name found
utility_to_osm - ERROR - ssr:stedsnr = 638347: No name found
utility_to_osm - ERROR - ssr:stedsnr = 638351: No name found
utility_to_osm - ERROR - ssr:stedsnr = 638356: No name found
utility_to_osm - ERROR - ssr:stedsnr = 638361: No name found
utility_to_osm - ERROR - ssr:stedsnr = 638364: No name found
utility_to_osm - ERROR - ssr:stedsnr = 638373: No name found
utility_to_osm - ERROR - ssr:stedsnr = 638376: No name found
utility_to_osm - ERROR - ssr:stedsnr = 638382: No name found
utility_to_osm - ERROR - ssr:stedsnr = 638395: No name found
utility_to_osm - ERROR - ssr:stedsnr = 638405: No name found
utility_to_osm - ERROR - ssr:stedsnr = 638624: No name found
utility_to_osm - ERROR - ssr:stedsnr = 638626: No name found
utility_to_osm - ERROR - ssr:stedsnr = 638627: No name found
utility_to_osm - WARNING - ssr:stedsnr = 646846: No priority spelling found for lang = no, using alt_name to get "[('no', u'Kirkhornsbakkane')]"
utility_to_osm - ERROR - ssr:stedsnr = 677185: No name found
utility_to_osm - ERROR - ssr:stedsnr = 677219: No name found
utility_to_osm - WARNING - ssr:stedsnr = 677219 has multiple (3) positions, using the first one!
utility_to_osm - INFO - ignoring non approved status = "avslått" name = "Grødessætra"
utility_to_osm - INFO - ignoring non approved status = "avslått" name = "Grøddessetra"
utility_to_osm - INFO - ignoring non approved status = "avslått" name = "Grødessætra"
utility_to_osm - INFO - ignoring non approved status = "avslått" name = "Grøddessetra"
utility_to_osm - INFO - ignoring non approved status = "avslått" name = "Grødessætra"
utility_to_osm - INFO - ignoring non approved status = "avslått" name = "Grøddessetra"
utility_to_osm - WARNING - ssr:stedsnr = 677889: No priority spelling found for lang = no, using alt_name to get "[('no', u'Grod\xe5ss\xe6tra')]"
utility_to_osm - WARNING - ssr:stedsnr = 677889 has multiple (3) positions, using the first one!
utility_to_osm - INFO - ignoring non approved status = "avslått" name = "Grøthaugsætra"
utility_to_osm - INFO - ignoring non approved status = "avslått" name = "Grøthaugsætra"
utility_to_osm - INFO - ignoring non approved status = "avslått" name = "Grøthaugsætra"
utility_to_osm - WARNING - ssr:stedsnr = 677900: No priority spelling found for lang = no, using alt_name to get "[('no', u'Grothaugs\xe6tra')]"
utility_to_osm - WARNING - ssr:stedsnr = 677900 has multiple (3) positions, using the first one!
utility_to_osm - INFO - ignoring non approved status = "avslått" name = "Grøthaugen"
utility_to_osm - INFO - ignoring non approved status = "avslått" name = "Grøthaugen"
utility_to_osm - INFO - ignoring non approved status = "avslått" name = "Grøthaugen"
utility_to_osm - WARNING - ssr:stedsnr = 677901: No priority spelling found for lang = no, using alt_name to get "[('no', u'Grothaugen')]"
utility_to_osm - ERROR - ssr:stedsnr = 677921: No name found
utility_to_osm - WARNING - ssr:stedsnr = 677921 has multiple (2) positions, using the first one!
utility_to_osm - WARNING - ssr:stedsnr = 677942: No priority spelling found for lang = no, using alt_name to get "[('no', u'Kj\xf8s')]"
utility_to_osm - WARNING - ssr:stedsnr = 677942 has multiple (2) positions, using the first one!
utility_to_osm - INFO - ignoring non approved status = "avslått" name = "Kyrkhorne"
utility_to_osm - INFO - ignoring non approved status = "avslått" name = "Kyrkhorne"
utility_to_osm - INFO - ignoring non approved status = "avslått" name = "Kyrkhorne"
utility_to_osm - WARNING - ssr:stedsnr = 678252: No priority spelling found for lang = no, using alt_name to get "[('no', u'Kyrkjhorne')]"
utility_to_osm - ERROR - ssr:stedsnr = 678253: No name found
utility_to_osm - ERROR - ssr:stedsnr = 678270: No name found
utility_to_osm - WARNING - ssr:stedsnr = 678270 has multiple (3) positions, using the first one!
utility_to_osm - ERROR - ssr:stedsnr = 678688: No name found
utility_to_osm - WARNING - ssr:stedsnr = 678688 has multiple (3) positions, using the first one!
utility_to_osm - ERROR - ssr:stedsnr = 678808: No name found
utility_to_osm - WARNING - ssr:stedsnr = 678808 has multiple (3) positions, using the first one!
utility_to_osm - WARNING - ssr:stedsnr = 692189: No priority spelling found for lang = no, using alt_name to get "[('no', u'Tyteb\xe6rhaugen')]"
utility_to_osm - ERROR - ssr:stedsnr = 692189. No positions found, skipping
utility_to_osm - ERROR - ssr:stedsnr = 699231: No name found
utility_to_osm - ERROR - ssr:stedsnr = 699242: No name found
utility_to_osm - ERROR - ssr:stedsnr = 699253: No name found
utility_to_osm - ERROR - ssr:stedsnr = 699270: No name found
utility_to_osm - ERROR - ssr:stedsnr = 699278: No name found
utility_to_osm - ERROR - ssr:stedsnr = 699280: No name found
utility_to_osm - ERROR - ssr:stedsnr = 699282: No name found
utility_to_osm - ERROR - ssr:stedsnr = 699287: No name found
utility_to_osm - ERROR - ssr:stedsnr = 699313: No name found
utility_to_osm - ERROR - ssr:stedsnr = 699315: No name found
utility_to_osm - ERROR - ssr:stedsnr = 699316: No name found
utility_to_osm - ERROR - ssr:stedsnr = 699321: No name found
utility_to_osm - ERROR - ssr:stedsnr = 699324: No name found
utility_to_osm - ERROR - ssr:stedsnr = 699326: No name found
utility_to_osm - ERROR - ssr:stedsnr = 699335: No name found
utility_to_osm - ERROR - ssr:stedsnr = 699345: No name found
utility_to_osm - ERROR - ssr:stedsnr = 699347: No name found
utility_to_osm - ERROR - ssr:stedsnr = 699360: No name found
utility_to_osm - ERROR - ssr:stedsnr = 699373: No name found
utility_to_osm - ERROR - ssr:stedsnr = 699381: No name found
utility_to_osm - ERROR - ssr:stedsnr = 699393: No name found
utility_to_osm - ERROR - ssr:stedsnr = 699394: No name found
utility_to_osm - ERROR - ssr:stedsnr = 699402: No name found
utility_to_osm - WARNING - ssr:stedsnr = 699402 has multiple (3) positions, using the first one!
utility_to_osm - ERROR - ssr:stedsnr = 699409: No name found
utility_to_osm - ERROR - ssr:stedsnr = 699417: No name found
utility_to_osm - ERROR - ssr:stedsnr = 707858: No name found
utility_to_osm - WARNING - ssr:stedsnr = 709233: No priority spelling found for lang = no, using alt_name to get "[('no', u'Urdene')]"
utility_to_osm - WARNING - ssr:stedsnr = 726995: No priority spelling found for lang = no, using alt_name to get "[('no', u'Kvivsbrua')]"
utility_to_osm - ERROR - ssr:stedsnr = 726995. No positions found, skipping
utility_to_osm - ERROR - ssr:stedsnr = 738232: No name found
utility_to_osm - WARNING - ssr:stedsnr = 738232 has multiple (2) positions, using the first one!
utility_to_osm - ERROR - ssr:stedsnr = 738245: No name found
utility_to_osm - WARNING - ssr:stedsnr = 738245 has multiple (2) positions, using the first one!
utility_to_osm - WARNING - ssr:stedsnr = 738896: No priority spelling found for lang = no, using alt_name to get "[('no', u'S\xe6tra')]"
utility_to_osm - INFO - ignoring non approved status = "avslått" name = "Kjos"
utility_to_osm - INFO - ignoring non approved status = "avslått" name = "Kjos"
utility_to_osm - INFO - ignoring non approved status = "avslått" name = "Kjos"
utility_to_osm - WARNING - ssr:stedsnr = 738942: No priority spelling found for lang = no, using alt_name to get "[('no', u'Kj\xf8s')]"
utility_to_osm - WARNING - ssr:stedsnr = 739242: No priority spelling found for lang = no, using alt_name to get "[('no', u'Bruas\xe6tra')]"
utility_to_osm - WARNING - ssr:stedsnr = 739242 has multiple (3) positions, using the first one!
utility_to_osm - ERROR - ssr:stedsnr = 739244: No name found
utility_to_osm - WARNING - ssr:stedsnr = 739244 has multiple (3) positions, using the first one!
utility_to_osm - ERROR - ssr:stedsnr = 739725: No name found
utility_to_osm - WARNING - ssr:stedsnr = 739725 has multiple (2) positions, using the first one!
utility_to_osm - WARNING - ssr:stedsnr = 756161: No priority spelling found for lang = no, using alt_name to get "[('no', u'Brattegj\xf8lfossen')]"
utility_to_osm - WARNING - ssr:stedsnr = 756851: No priority spelling found for lang = no, using alt_name to get "[('no', u'Otterdal')]"
utility_to_osm - ERROR - ssr:stedsnr = 759662: No name found
utility_to_osm - ERROR - ssr:stedsnr = 760245: No name found
utility_to_osm - ERROR - ssr:stedsnr = 760251: No name found
utility_to_osm - ERROR - ssr:stedsnr = 760273: No name found
utility_to_osm - ERROR - ssr:stedsnr = 760274: No name found
utility_to_osm - ERROR - ssr:stedsnr = 760281: No name found
utility_to_osm - ERROR - ssr:stedsnr = 760289: No name found
utility_to_osm - ERROR - ssr:stedsnr = 760291: No name found
utility_to_osm - ERROR - ssr:stedsnr = 760303: No name found
utility_to_osm - ERROR - ssr:stedsnr = 760312: No name found
utility_to_osm - ERROR - ssr:stedsnr = 760327: No name found
utility_to_osm - ERROR - ssr:stedsnr = 760364: No name found
utility_to_osm - ERROR - ssr:stedsnr = 760367: No name found
utility_to_osm - ERROR - ssr:stedsnr = 760383: No name found
utility_to_osm - ERROR - ssr:stedsnr = 760391: No name found
utility_to_osm - ERROR - ssr:stedsnr = 760395: No name found
utility_to_osm - ERROR - ssr:stedsnr = 760396: No name found
utility_to_osm - ERROR - ssr:stedsnr = 760436: No name found
utility_to_osm - ERROR - ssr:stedsnr = 760644: No name found
utility_to_osm - ERROR - ssr:stedsnr = 760646: No name found
utility_to_osm - ERROR - ssr:stedsnr = 760646. No positions found, skipping
utility_to_osm - ERROR - ssr:stedsnr = 781744: No name found
utility_to_osm - WARNING - ssr:stedsnr = 781744 has multiple (2) positions, using the first one!
utility_to_osm - ERROR - ssr:stedsnr = 799196: No name found
utility_to_osm - WARNING - ssr:stedsnr = 799196 has multiple (3) positions, using the first one!
utility_to_osm - ERROR - ssr:stedsnr = 799236: No name found
utility_to_osm - WARNING - ssr:stedsnr = 799236 has multiple (2) positions, using the first one!
utility_to_osm - ERROR - ssr:stedsnr = 799242: No name found
utility_to_osm - WARNING - ssr:stedsnr = 799242 has multiple (2) positions, using the first one!
utility_to_osm - INFO - ignoring non approved status = "avslått" name = "Nysætra"
utility_to_osm - INFO - ignoring non approved status = "avslått" name = "Nyesetra"
utility_to_osm - INFO - ignoring non approved status = "avslått" name = "Nysætra"
utility_to_osm - INFO - ignoring non approved status = "avslått" name = "Nyesetra"
utility_to_osm - INFO - ignoring non approved status = "avslått" name = "Nysætra"
utility_to_osm - INFO - ignoring non approved status = "avslått" name = "Nyesetra"
utility_to_osm - WARNING - ssr:stedsnr = 799257: No priority spelling found for lang = no, using alt_name to get "[('no', u'Nyes\xe6tra')]"
utility_to_osm - WARNING - ssr:stedsnr = 799257 has multiple (3) positions, using the first one!
utility_to_osm - WARNING - ssr:stedsnr = 799875: No priority spelling found for lang = no, using alt_name to get "[('no', u'Otredalsnakken'), ('no', u'Nakken')]"
utility_to_osm - ERROR - ssr:stedsnr = 799875: Adding multiple names to name tag, this is not OK! name = "Otredalsnakken;Nakken"
utility_to_osm - WARNING - ssr:stedsnr = 799875 has multiple (5) positions, using the first one!
utility_to_osm - ERROR - ssr:stedsnr = 799894: No name found
utility_to_osm - INFO - ignoring non approved status = "avslått" name = "Lønne"
utility_to_osm - INFO - ignoring non approved status = "avslått" name = "Lønne"
utility_to_osm - INFO - ignoring non approved status = "avslått" name = "Lønne"
utility_to_osm - WARNING - ssr:stedsnr = 799896: No priority spelling found for lang = no, using alt_name to get "[('no', u'L\xf8d\xf8en')]"
utility_to_osm - ERROR - ssr:stedsnr = 799899: No name found
utility_to_osm - ERROR - ssr:stedsnr = 799922: No name found
utility_to_osm - INFO - ignoring non approved status = "avslått" name = "Bakketjørna"
utility_to_osm - INFO - ignoring non approved status = "avslått" name = "Bakketjørna"
utility_to_osm - INFO - ignoring non approved status = "avslått" name = "Bakketjørna"
utility_to_osm - WARNING - ssr:stedsnr = 799973: No priority spelling found for lang = no, using alt_name to get "[('no', u'Bakketj\xf8nna')]"
utility_to_osm - WARNING - ssr:stedsnr = 799973 has multiple (3) positions, using the first one!
utility_to_osm - ERROR - ssr:stedsnr = 800674: No name found
utility_to_osm - WARNING - ssr:stedsnr = 800674 has multiple (3) positions, using the first one!
utility_to_osm - WARNING - ssr:stedsnr = 814264: No priority spelling found for lang = no, using alt_name to get "[('no', u'Lisefura')]"
utility_to_osm - ERROR - ssr:stedsnr = 814264. No positions found, skipping
utility_to_osm - ERROR - ssr:stedsnr = 821229: No name found
utility_to_osm - ERROR - ssr:stedsnr = 821238: No name found
utility_to_osm - ERROR - ssr:stedsnr = 821239: No name found
utility_to_osm - ERROR - ssr:stedsnr = 821246: No name found
utility_to_osm - ERROR - ssr:stedsnr = 821251: No name found
utility_to_osm - ERROR - ssr:stedsnr = 821253: No name found
utility_to_osm - ERROR - ssr:stedsnr = 821278: No name found
utility_to_osm - ERROR - ssr:stedsnr = 821281: No name found
utility_to_osm - ERROR - ssr:stedsnr = 821286: No name found
utility_to_osm - ERROR - ssr:stedsnr = 821291: No name found
utility_to_osm - ERROR - ssr:stedsnr = 821299: No name found
utility_to_osm - ERROR - ssr:stedsnr = 821301: No name found
utility_to_osm - ERROR - ssr:stedsnr = 821304: No name found
utility_to_osm - ERROR - ssr:stedsnr = 821306: No name found
utility_to_osm - ERROR - ssr:stedsnr = 821310: No name found
utility_to_osm - ERROR - ssr:stedsnr = 821317: No name found
utility_to_osm - ERROR - ssr:stedsnr = 821320: No name found
utility_to_osm - ERROR - ssr:stedsnr = 821328: No name found
utility_to_osm - ERROR - ssr:stedsnr = 821330: No name found
utility_to_osm - ERROR - ssr:stedsnr = 821339: No name found
utility_to_osm - ERROR - ssr:stedsnr = 821348: No name found
utility_to_osm - ERROR - ssr:stedsnr = 821362: No name found
utility_to_osm - ERROR - ssr:stedsnr = 821386: No name found
utility_to_osm - ERROR - ssr:stedsnr = 821391: No name found
utility_to_osm - ERROR - ssr:stedsnr = 821407: No name found
utility_to_osm - ERROR - ssr:stedsnr = 821406: No name found
utility_to_osm - ERROR - ssr:stedsnr = 821416: No name found
utility_to_osm - ERROR - ssr:stedsnr = 821419: No name found
utility_to_osm - ERROR - ssr:stedsnr = 821422: No name found
utility_to_osm - ERROR - ssr:stedsnr = 821429: No name found
utility_to_osm - ERROR - ssr:stedsnr = 821432: No name found
utility_to_osm - ERROR - ssr:stedsnr = 821435: No name found
utility_to_osm - ERROR - ssr:stedsnr = 821446: No name found
utility_to_osm - ERROR - ssr:stedsnr = 821645: No name found
utility_to_osm - WARNING - ssr:stedsnr = 829868: No priority spelling found for lang = no, using alt_name to get "[('no', u'Tyteb\xe6rhaugen')]"
utility_to_osm - ERROR - ssr:stedsnr = 859863: No name found
utility_to_osm - WARNING - ssr:stedsnr = 859863 has multiple (3) positions, using the first one!
utility_to_osm - ERROR - ssr:stedsnr = 859908: No name found
utility_to_osm - WARNING - ssr:stedsnr = 859908 has multiple (2) positions, using the first one!
utility_to_osm - ERROR - ssr:stedsnr = 859910: No name found
utility_to_osm - WARNING - ssr:stedsnr = 859910 has multiple (2) positions, using the first one!
utility_to_osm - INFO - ignoring non approved status = "avslått" name = "Holskardelva"
utility_to_osm - INFO - ignoring non approved status = "avslått" name = "Holskardelva"
utility_to_osm - INFO - ignoring non approved status = "avslått" name = "Holskardelva"
utility_to_osm - WARNING - ssr:stedsnr = 860260: No priority spelling found for lang = no, using alt_name to get "[('no', u'Holskarelva')]"
utility_to_osm - WARNING - ssr:stedsnr = 860260 has multiple (4) positions, using the first one!
utility_to_osm - ERROR - ssr:stedsnr = 860265: No name found
utility_to_osm - WARNING - ssr:stedsnr = 860265 has multiple (2) positions, using the first one!
utility_to_osm - ERROR - ssr:stedsnr = 860285: No name found
utility_to_osm - WARNING - ssr:stedsnr = 860285 has multiple (2) positions, using the first one!
utility_to_osm - WARNING - ssr:stedsnr = 860286: No priority spelling found for lang = no, using alt_name to get "[('no', u'Knutsdalen')]"
utility_to_osm - WARNING - ssr:stedsnr = 860286 has multiple (3) positions, using the first one!
utility_to_osm - INFO - ignoring non approved status = "avslått" name = "Tirdalen"
utility_to_osm - INFO - ignoring non approved status = "avslått" name = "Tirdalen"
utility_to_osm - INFO - ignoring non approved status = "avslått" name = "Tirdalen"
utility_to_osm - WARNING - ssr:stedsnr = 860511: No priority spelling found for lang = no, using alt_name to get "[('no', u'Terdalen')]"
utility_to_osm - WARNING - ssr:stedsnr = 860511 has multiple (5) positions, using the first one!
utility_to_osm - INFO - ignoring non approved status = "avslått" name = "Gjura"
utility_to_osm - INFO - ignoring non approved status = "avslått" name = "Gjura"
utility_to_osm - INFO - ignoring non approved status = "avslått" name = "Gjura"
utility_to_osm - WARNING - ssr:stedsnr = 860735: No priority spelling found for lang = no, using alt_name to get "[('no', u'Gjugra')]"
utility_to_osm - WARNING - ssr:stedsnr = 860735 has multiple (3) positions, using the first one!
utility_to_osm - ERROR - ssr:stedsnr = 860908: No name found
utility_to_osm - ERROR - ssr:stedsnr = 861222: No name found
utility_to_osm - WARNING - ssr:stedsnr = 861222 has multiple (3) positions, using the first one!
utility_to_osm - WARNING - ssr:stedsnr = 861226: No priority spelling found for lang = no, using alt_name to get "[('no', u'Lyngvoll')]"
utility_to_osm - WARNING - ssr:stedsnr = 874226: No priority spelling found for lang = no, using alt_name to get "[('no', u'Fagrebakken')]"
utility_to_osm - ERROR - ssr:stedsnr = 874226. No positions found, skipping
utility_to_osm - INFO - ignoring non approved status = "avslått" name = "Ytrehorn"
utility_to_osm - INFO - ignoring non approved status = "avslått" name = "Horne, yt"
utility_to_osm - INFO - ignoring non approved status = "avslått" name = "Ytrehorn"
utility_to_osm - INFO - ignoring non approved status = "avslått" name = "Horne, yt"
utility_to_osm - INFO - ignoring non approved status = "avslått" name = "Ytrehorn"
utility_to_osm - INFO - ignoring non approved status = "avslått" name = "Horne, yt"
utility_to_osm - WARNING - ssr:stedsnr = 875163: No priority spelling found for lang = no, using alt_name to get "[('no', u'Ytrehorne')]"
utility_to_osm - ERROR - ssr:stedsnr = 875218: No name found
utility_to_osm - ERROR - ssr:stedsnr = 875218. No positions found, skipping
utility_to_osm - WARNING - ssr:stedsnr = 875222: No priority spelling found for lang = no, using alt_name to get "[('no', u'Nyvoll')]"
utility_to_osm - ERROR - ssr:stedsnr = 875222. No positions found, skipping
utility_to_osm - ERROR - ssr:stedsnr = 881347: No name found
utility_to_osm - ERROR - ssr:stedsnr = 881372: No name found
utility_to_osm - ERROR - ssr:stedsnr = 881398: No name found
utility_to_osm - ERROR - ssr:stedsnr = 881401: No name found
utility_to_osm - ERROR - ssr:stedsnr = 881406: No name found
utility_to_osm - ERROR - ssr:stedsnr = 881408: No name found
utility_to_osm - ERROR - ssr:stedsnr = 881413: No name found
utility_to_osm - ERROR - ssr:stedsnr = 920181: No name found
utility_to_osm - ERROR - ssr:stedsnr = 920205: No name found
utility_to_osm - WARNING - ssr:stedsnr = 920205 has multiple (2) positions, using the first one!
utility_to_osm - INFO - ignoring non approved status = "avslått" name = "Tirdalsvatnet"
utility_to_osm - INFO - ignoring non approved status = "avslått" name = "Tirdalsvatnet"
utility_to_osm - INFO - ignoring non approved status = "avslått" name = "Tirdalsvatnet"
utility_to_osm - WARNING - ssr:stedsnr = 920207: No priority spelling found for lang = no, using alt_name to get "[('no', u'Terdalsvatnet')]"
utility_to_osm - WARNING - ssr:stedsnr = 920207 has multiple (2) positions, using the first one!
utility_to_osm - ERROR - ssr:stedsnr = 920213: No name found
utility_to_osm - ERROR - ssr:stedsnr = 920228: No name found
utility_to_osm - ERROR - ssr:stedsnr = 920228: Adding multiple names to name tag, this is not OK! name = "Blåfjellet;Holtafjellet"
utility_to_osm - WARNING - ssr:stedsnr = 920228 has multiple (3) positions, using the first one!
utility_to_osm - WARNING - ssr:stedsnr = 920829: No priority spelling found for lang = no, using alt_name to get "[('no', u'Otredalss\xe6tra')]"
utility_to_osm - WARNING - ssr:stedsnr = 920829 has multiple (3) positions, using the first one!
utility_to_osm - ERROR - ssr:stedsnr = 920834: No name found
utility_to_osm - WARNING - ssr:stedsnr = 920834 has multiple (5) positions, using the first one!
utility_to_osm - ERROR - ssr:stedsnr = 920866: No name found
utility_to_osm - WARNING - ssr:stedsnr = 920866 has multiple (2) positions, using the first one!
utility_to_osm - ERROR - ssr:stedsnr = 920885: No name found
utility_to_osm - WARNING - ssr:stedsnr = 920885 has multiple (2) positions, using the first one!
utility_to_osm - ERROR - ssr:stedsnr = 920902: No name found
utility_to_osm - WARNING - ssr:stedsnr = 920902 has multiple (2) positions, using the first one!
utility_to_osm - ERROR - ssr:stedsnr = 920919: No name found
utility_to_osm - WARNING - ssr:stedsnr = 920933: No priority spelling found for lang = no, using alt_name to get "[('no', u'Kj\xf8sapollen')]"
utility_to_osm - WARNING - ssr:stedsnr = 920933 has multiple (3) positions, using the first one!
utility_to_osm - INFO - ignoring non approved status = "avslått" name = "Hjortedalsætra"
utility_to_osm - INFO - ignoring non approved status = "avslått" name = "Hjortedalsætra"
utility_to_osm - INFO - ignoring non approved status = "avslått" name = "Hjortedalsætra"
utility_to_osm - WARNING - ssr:stedsnr = 921257: No priority spelling found for lang = no, using alt_name to get "[('no', u'Hjortedalss\xe6tra')]"
utility_to_osm - WARNING - ssr:stedsnr = 921257 has multiple (3) positions, using the first one!
utility_to_osm - WARNING - ssr:stedsnr = 921264: No priority spelling found for lang = no, using alt_name to get "[('no', u'Otredalsfjellet')]"
utility_to_osm - WARNING - ssr:stedsnr = 921264 has multiple (2) positions, using the first one!
utility_to_osm - INFO - ignoring non approved status = "avslått" name = "Ratevollen"
utility_to_osm - INFO - ignoring non approved status = "avslått" name = "Raftevoll"
utility_to_osm - INFO - ignoring non approved status = "avslått" name = "Raftevold"
utility_to_osm - INFO - ignoring non approved status = "avslått" name = "Ratevollen"
utility_to_osm - INFO - ignoring non approved status = "avslått" name = "Raftevoll"
utility_to_osm - INFO - ignoring non approved status = "avslått" name = "Raftevold"
utility_to_osm - INFO - ignoring non approved status = "avslått" name = "Ratevollen"
utility_to_osm - INFO - ignoring non approved status = "avslått" name = "Raftevoll"
utility_to_osm - INFO - ignoring non approved status = "avslått" name = "Raftevold"
utility_to_osm - WARNING - ssr:stedsnr = 921266: No priority spelling found for lang = no, using alt_name to get "[('no', u'Raftevollen')]"
utility_to_osm - INFO - ignoring non approved status = "avslått" name = "Moldsvorhornet"
utility_to_osm - INFO - ignoring non approved status = "avslått" name = "Moldsvorhornet"
utility_to_osm - INFO - ignoring non approved status = "avslått" name = "Moldsvorhornet"
utility_to_osm - WARNING - ssr:stedsnr = 921268: No priority spelling found for lang = no, using alt_name to get "[('no', u'Muldsvorhornet')]"
utility_to_osm - WARNING - ssr:stedsnr = 921506: No priority spelling found for lang = no, using alt_name to get "[('no', u'Terd\xf8la')]"
utility_to_osm - WARNING - ssr:stedsnr = 921506 has multiple (3) positions, using the first one!
utility_to_osm - ERROR - ssr:stedsnr = 921714: No name found
utility_to_osm - WARNING - ssr:stedsnr = 921714 has multiple (4) positions, using the first one!
utility_to_osm - WARNING - ssr:stedsnr = 938267: No priority spelling found for lang = no, using alt_name to get "[('no', u'Hamnen')]"
utility_to_osm - ERROR - ssr:stedsnr = 942225: No name found
utility_to_osm - ERROR - ssr:stedsnr = 942224: No name found
utility_to_osm - ERROR - ssr:stedsnr = 942234: No name found
utility_to_osm - ERROR - ssr:stedsnr = 942237: No name found
utility_to_osm - ERROR - ssr:stedsnr = 942245: No name found
utility_to_osm - ERROR - ssr:stedsnr = 942264: No name found
utility_to_osm - ERROR - ssr:stedsnr = 942292: No name found
utility_to_osm - ERROR - ssr:stedsnr = 942295: No name found
utility_to_osm - ERROR - ssr:stedsnr = 942312: No name found
utility_to_osm - ERROR - ssr:stedsnr = 942315: No name found
utility_to_osm - ERROR - ssr:stedsnr = 942325: No name found
utility_to_osm - ERROR - ssr:stedsnr = 942331: No name found
utility_to_osm - ERROR - ssr:stedsnr = 942338: No name found
utility_to_osm - ERROR - ssr:stedsnr = 942341: No name found
utility_to_osm - ERROR - ssr:stedsnr = 942350: No name found
utility_to_osm - ERROR - ssr:stedsnr = 942385: No name found
utility_to_osm - ERROR - ssr:stedsnr = 942402: No name found
utility_to_osm - ERROR - ssr:stedsnr = 942416: No name found
utility_to_osm - ERROR - ssr:stedsnr = 942420: No name found
utility_to_osm - WARNING - ssr:stedsnr = 950848: No priority spelling found for lang = no, using alt_name to get "[('no', u'Nyland')]"
utility_to_osm - ERROR - ssr:stedsnr = 974777: No name found
utility_to_osm - ERROR - ssr:stedsnr = 976749: No name found
utility_to_osm - ERROR - ssr:stedsnr = 978087: No name found
utility_to_osm.ssr2.ssr2_tags - INFO - ssr:type = annenAdministrativInndeling found in conversion table, but without tags
utility_to_osm.ssr2.ssr2_tags - INFO - ssr:type = adressenavn found in conversion table, but without tags
utility_to_osm.ssr2.ssr2_tags - INFO - ssr:type = adressenavn found in conversion table, but without tags
utility_to_osm.ssr2.ssr2_tags - INFO - ssr:type = adressenavn found in conversion table, but without tags
utility_to_osm.ssr2.ssr2_tags - INFO - ssr:type = adressenavn found in conversion table, but without tags
utility_to_osm.ssr2.ssr2_tags - INFO - ssr:type = adressenavn found in conversion table, but without tags
utility_to_osm.ssr2.ssr2_tags - INFO - ssr:type = kommune found in conversion table, but without tags
utility_to_osm - INFO - Done: Kommune = 1444, Duration: 0:00:26.525880
