utility_to_osm - ERROR - ERROR, no ending in ssr2_to_osm_data/data/1866/1866-ssr.xml? Trying to re-download
utility_to_osm - WARNING - ssr:stedsnr = 17202 has multiple (2) positions, using the first one!
utility_to_osm - WARNING - ssr:stedsnr = 17500 has multiple (2) positions, using the first one!
utility_to_osm - WARNING - ssr:stedsnr = 17603 has multiple (2) positions, using the first one!
utility_to_osm - WARNING - ssr:stedsnr = 17653 has multiple (2) positions, using the first one!
utility_to_osm - WARNING - ssr:stedsnr = 17732 has multiple (2) positions, using the first one!
utility_to_osm - WARNING - ssr:stedsnr = 17805 has multiple (2) positions, using the first one!
utility_to_osm - WARNING - ssr:stedsnr = 17808 has multiple (2) positions, using the first one!
utility_to_osm - WARNING - ssr:stedsnr = 17851 has multiple (2) positions, using the first one!
utility_to_osm - ERROR - ssr:stedsnr = 17960: Adding multiple names to name tag, this is not OK! name = "Storongstadvatnet;Storvatnet"
utility_to_osm - WARNING - ssr:stedsnr = 18000 has multiple (2) positions, using the first one!
utility_to_osm - ERROR - ssr:stedsnr = 18114: Adding multiple names to name tag, this is not OK! name = "Fiskfjordvatnet;Andre Fiskefjordvatn"
utility_to_osm - WARNING - ssr:stedsnr = 18114 has multiple (3) positions, using the first one!
utility_to_osm - WARNING - ssr:stedsnr = 18119 has multiple (2) positions, using the first one!
utility_to_osm - WARNING - ssr:stedsnr = 18348 has multiple (2) positions, using the first one!
utility_to_osm - ERROR - ssr:stedsnr = 238566. No positions found, skipping
utility_to_osm - WARNING - ssr:stedsnr = 59003 has multiple (2) positions, using the first one!
utility_to_osm - ERROR - ssr:stedsnr = 77169: Adding multiple names to name tag, this is not OK! name = "Gullstadholmen;Gulstadøya"
utility_to_osm - WARNING - ssr:stedsnr = 77801 has multiple (3) positions, using the first one!
utility_to_osm - WARNING - ssr:stedsnr = 77909 has multiple (2) positions, using the first one!
utility_to_osm - WARNING - ssr:stedsnr = 78004 has multiple (2) positions, using the first one!
utility_to_osm - WARNING - ssr:stedsnr = 78005 has multiple (3) positions, using the first one!
utility_to_osm - WARNING - ssr:stedsnr = 78050 has multiple (2) positions, using the first one!
utility_to_osm - WARNING - ssr:stedsnr = 78109 has multiple (2) positions, using the first one!
utility_to_osm - ERROR - ssr:stedsnr = 78456: Adding multiple names to name tag, this is not OK! name = "Medmorratinden;Blåtinden"
utility_to_osm - ERROR - ssr:stedsnr = 78506: Adding multiple names to name tag, this is not OK! name = "Kvannkista;Kvannkistvatnet"
utility_to_osm - WARNING - ssr:stedsnr = 78705 has multiple (3) positions, using the first one!
utility_to_osm - WARNING - ssr:stedsnr = 78707 has multiple (2) positions, using the first one!
utility_to_osm - WARNING - ssr:stedsnr = 78709 has multiple (2) positions, using the first one!
utility_to_osm - WARNING - ssr:stedsnr = 78700 has multiple (2) positions, using the first one!
utility_to_osm - WARNING - ssr:stedsnr = 78818 has multiple (2) positions, using the first one!
utility_to_osm - WARNING - ssr:stedsnr = 78852 has multiple (2) positions, using the first one!
utility_to_osm - WARNING - ssr:stedsnr = 78955 has multiple (2) positions, using the first one!
utility_to_osm - WARNING - ssr:stedsnr = 78992 has multiple (2) positions, using the first one!
utility_to_osm - ERROR - ssr:stedsnr = 79693: Adding multiple names to name tag, this is not OK! name = "Nordholmen;Innerholmen"
utility_to_osm - WARNING - ssr:stedsnr = 79890 has multiple (2) positions, using the first one!
utility_to_osm - WARNING - ssr:stedsnr = 116578 has multiple (2) positions, using the first one!
utility_to_osm - WARNING - ssr:stedsnr = 137126 has multiple (2) positions, using the first one!
utility_to_osm - ERROR - ssr:stedsnr = 137130: Adding multiple names to name tag, this is not OK! name = "Indre Haugnesodden;Ytrehaugnesan"
utility_to_osm - WARNING - ssr:stedsnr = 137226 has multiple (2) positions, using the first one!
utility_to_osm - WARNING - ssr:stedsnr = 138113 has multiple (3) positions, using the first one!
utility_to_osm - WARNING - ssr:stedsnr = 138311 has multiple (2) positions, using the first one!
utility_to_osm - ERROR - ssr:stedsnr = 138653. No positions found, skipping
utility_to_osm - WARNING - ssr:stedsnr = 138841 has multiple (3) positions, using the first one!
utility_to_osm - WARNING - ssr:stedsnr = 138748 has multiple (2) positions, using the first one!
utility_to_osm - WARNING - ssr:stedsnr = 138794 has multiple (2) positions, using the first one!
utility_to_osm - ERROR - ssr:stedsnr = 155108: Adding multiple names to name tag, this is not OK! name = "Nordnes;Bukkholmen"
utility_to_osm - WARNING - ssr:stedsnr = 260414 has multiple (2) positions, using the first one!
utility_to_osm - WARNING - ssr:stedsnr = 260416 has multiple (3) positions, using the first one!
utility_to_osm - WARNING - ssr:stedsnr = 260417 has multiple (3) positions, using the first one!
utility_to_osm - WARNING - ssr:stedsnr = 259627 has multiple (4) positions, using the first one!
utility_to_osm - WARNING - ssr:stedsnr = 259751 has multiple (2) positions, using the first one!
utility_to_osm - ERROR - ssr:stedsnr = 259756: Adding multiple names to name tag, this is not OK! name = "Tuvberget;Tuva"
utility_to_osm - WARNING - ssr:stedsnr = 259776 has multiple (2) positions, using the first one!
utility_to_osm - WARNING - ssr:stedsnr = 259779 has multiple (2) positions, using the first one!
utility_to_osm - WARNING - ssr:stedsnr = 259787 has multiple (2) positions, using the first one!
utility_to_osm - WARNING - ssr:stedsnr = 259800 has multiple (2) positions, using the first one!
utility_to_osm - WARNING - ssr:stedsnr = 259890 has multiple (2) positions, using the first one!
utility_to_osm - WARNING - ssr:stedsnr = 260021 has multiple (3) positions, using the first one!
utility_to_osm - WARNING - ssr:stedsnr = 260032 has multiple (2) positions, using the first one!
utility_to_osm - ERROR - ssr:stedsnr = 165426. No positions found, skipping
utility_to_osm - WARNING - ssr:stedsnr = 260140 has multiple (2) positions, using the first one!
utility_to_osm - WARNING - ssr:stedsnr = 260291 has multiple (2) positions, using the first one!
utility_to_osm - WARNING - ssr:stedsnr = 260425 has multiple (2) positions, using the first one!
utility_to_osm - WARNING - ssr:stedsnr = 260436 has multiple (3) positions, using the first one!
utility_to_osm - WARNING - ssr:stedsnr = 260720 has multiple (2) positions, using the first one!
utility_to_osm - WARNING - ssr:stedsnr = 260753 has multiple (2) positions, using the first one!
utility_to_osm - WARNING - ssr:stedsnr = 260755 has multiple (2) positions, using the first one!
utility_to_osm - WARNING - ssr:stedsnr = 260758 has multiple (2) positions, using the first one!
utility_to_osm - WARNING - ssr:stedsnr = 260894 has multiple (3) positions, using the first one!
utility_to_osm - WARNING - ssr:stedsnr = 260978 has multiple (2) positions, using the first one!
utility_to_osm - WARNING - ssr:stedsnr = 261524 has multiple (2) positions, using the first one!
utility_to_osm - WARNING - ssr:stedsnr = 181758 has multiple (2) positions, using the first one!
utility_to_osm - WARNING - ssr:stedsnr = 199006 has multiple (2) positions, using the first one!
utility_to_osm - WARNING - ssr:stedsnr = 199357 has multiple (3) positions, using the first one!
utility_to_osm - ERROR - ssr:stedsnr = 199377: Adding multiple names to name tag, this is not OK! name = "Seljeskogtjørna;Selskogtjønna"
utility_to_osm - WARNING - ssr:stedsnr = 199276 has multiple (2) positions, using the first one!
utility_to_osm - WARNING - ssr:stedsnr = 199408 has multiple (2) positions, using the first one!
utility_to_osm - WARNING - ssr:stedsnr = 199566 has multiple (2) positions, using the first one!
utility_to_osm - WARNING - ssr:stedsnr = 199711 has multiple (2) positions, using the first one!
utility_to_osm - WARNING - ssr:stedsnr = 199459 has multiple (2) positions, using the first one!
utility_to_osm - WARNING - ssr:stedsnr = 199619 has multiple (3) positions, using the first one!
utility_to_osm - WARNING - ssr:stedsnr = 199667: No priority spelling found for lang = se, using alt_name to get "[('no', 'Ingelsfjorden'), ('se', 'Gáivuotna')]"
utility_to_osm - WARNING - ssr:stedsnr = 199667 has multiple (6) positions, using the first one!
utility_to_osm - WARNING - ssr:stedsnr = 199806 has multiple (2) positions, using the first one!
utility_to_osm - WARNING - ssr:stedsnr = 199812 has multiple (2) positions, using the first one!
utility_to_osm - WARNING - ssr:stedsnr = 199813 has multiple (2) positions, using the first one!
utility_to_osm - WARNING - ssr:stedsnr = 200005 has multiple (2) positions, using the first one!
utility_to_osm - WARNING - ssr:stedsnr = 213305 has multiple (2) positions, using the first one!
utility_to_osm - WARNING - ssr:stedsnr = 222983 has multiple (2) positions, using the first one!
utility_to_osm - WARNING - ssr:stedsnr = 450792 has multiple (4) positions, using the first one!
utility_to_osm - WARNING - ssr:stedsnr = 259327 has multiple (2) positions, using the first one!
utility_to_osm - ERROR - ssr:stedsnr = 259162: Adding multiple names to name tag, this is not OK! name = "Nippneset;Nepparneset"
utility_to_osm - WARNING - ssr:stedsnr = 259916 has multiple (2) positions, using the first one!
utility_to_osm - WARNING - ssr:stedsnr = 259879 has multiple (2) positions, using the first one!
utility_to_osm - WARNING - ssr:stedsnr = 260001 has multiple (4) positions, using the first one!
utility_to_osm - WARNING - ssr:stedsnr = 260562: No priority spelling found for lang = no, using alt_name to get "[('no', 'Fleinnesvika')]"
utility_to_osm - WARNING - ssr:stedsnr = 260572 has multiple (2) positions, using the first one!
utility_to_osm - WARNING - ssr:stedsnr = 260797 has multiple (2) positions, using the first one!
utility_to_osm - WARNING - ssr:stedsnr = 260956: No priority spelling found for lang = se, using alt_name to get "[('no', 'Stokmarknes')]"
utility_to_osm - WARNING - ssr:stedsnr = 260962 has multiple (2) positions, using the first one!
utility_to_osm - WARNING - ssr:stedsnr = 260964 has multiple (2) positions, using the first one!
utility_to_osm - WARNING - ssr:stedsnr = 458693 has multiple (2) positions, using the first one!
utility_to_osm - WARNING - ssr:stedsnr = 283924: No priority spelling found for lang = se, using alt_name to get "[('no', 'Kongsmark')]"
utility_to_osm - WARNING - ssr:stedsnr = 283924 has multiple (2) positions, using the first one!
utility_to_osm - ERROR - ssr:stedsnr = 310906. No positions found, skipping
utility_to_osm - WARNING - ssr:stedsnr = 320017 has multiple (3) positions, using the first one!
utility_to_osm - WARNING - ssr:stedsnr = 320306 has multiple (2) positions, using the first one!
utility_to_osm - WARNING - ssr:stedsnr = 320438 has multiple (2) positions, using the first one!
utility_to_osm - WARNING - ssr:stedsnr = 320743 has multiple (3) positions, using the first one!
utility_to_osm - WARNING - ssr:stedsnr = 320785 has multiple (2) positions, using the first one!
utility_to_osm - ERROR - ssr:stedsnr = 321207: Adding multiple names to name tag, this is not OK! name = "Storelva;Bogelva"
utility_to_osm - WARNING - ssr:stedsnr = 321207 has multiple (2) positions, using the first one!
utility_to_osm - WARNING - ssr:stedsnr = 321191 has multiple (2) positions, using the first one!
utility_to_osm - WARNING - ssr:stedsnr = 321533 has multiple (2) positions, using the first one!
utility_to_osm - ERROR - ssr:stedsnr = 321887: Adding multiple names to name tag, this is not OK! name = "Bergvikvatnet;Bervikvatnet"
utility_to_osm - ERROR - ssr:stedsnr = 469501. No positions found, skipping
utility_to_osm - WARNING - ssr:stedsnr = 343999 has multiple (2) positions, using the first one!
utility_to_osm - WARNING - ssr:stedsnr = 358615 has multiple (2) positions, using the first one!
utility_to_osm - ERROR - ssr:stedsnr = 380169: Adding multiple names to name tag, this is not OK! name = "Røvingen;Haugneset"
utility_to_osm - WARNING - ssr:stedsnr = 380172 has multiple (2) positions, using the first one!
utility_to_osm - WARNING - ssr:stedsnr = 380405 has multiple (2) positions, using the first one!
utility_to_osm - WARNING - ssr:stedsnr = 380802 has multiple (2) positions, using the first one!
utility_to_osm - WARNING - ssr:stedsnr = 380803 has multiple (2) positions, using the first one!
utility_to_osm - WARNING - ssr:stedsnr = 380805 has multiple (2) positions, using the first one!
utility_to_osm - ERROR - ssr:stedsnr = 380807: Adding multiple names to name tag, this is not OK! name = "Varmvatnet;Vardvatnet"
utility_to_osm - WARNING - ssr:stedsnr = 381009 has multiple (3) positions, using the first one!
utility_to_osm - WARNING - ssr:stedsnr = 381018 has multiple (2) positions, using the first one!
utility_to_osm - WARNING - ssr:stedsnr = 381277 has multiple (2) positions, using the first one!
utility_to_osm - WARNING - ssr:stedsnr = 381715 has multiple (2) positions, using the first one!
utility_to_osm - WARNING - ssr:stedsnr = 381604 has multiple (3) positions, using the first one!
utility_to_osm - WARNING - ssr:stedsnr = 381905 has multiple (3) positions, using the first one!
utility_to_osm - WARNING - ssr:stedsnr = 381961 has multiple (2) positions, using the first one!
utility_to_osm - WARNING - ssr:stedsnr = 397784 has multiple (2) positions, using the first one!
utility_to_osm - ERROR - ssr:stedsnr = 400639. No positions found, skipping
utility_to_osm - WARNING - ssr:stedsnr = 441338 has multiple (2) positions, using the first one!
utility_to_osm - WARNING - ssr:stedsnr = 441344 has multiple (2) positions, using the first one!
utility_to_osm - WARNING - ssr:stedsnr = 441817 has multiple (2) positions, using the first one!
utility_to_osm - WARNING - ssr:stedsnr = 442104 has multiple (2) positions, using the first one!
utility_to_osm - WARNING - ssr:stedsnr = 442093 has multiple (2) positions, using the first one!
utility_to_osm - WARNING - ssr:stedsnr = 442198 has multiple (2) positions, using the first one!
utility_to_osm - WARNING - ssr:stedsnr = 442405 has multiple (3) positions, using the first one!
utility_to_osm - WARNING - ssr:stedsnr = 442445 has multiple (2) positions, using the first one!
utility_to_osm - WARNING - ssr:stedsnr = 442498 has multiple (3) positions, using the first one!
utility_to_osm - WARNING - ssr:stedsnr = 442899 has multiple (2) positions, using the first one!
utility_to_osm - WARNING - ssr:stedsnr = 442939 has multiple (3) positions, using the first one!
utility_to_osm - WARNING - ssr:stedsnr = 442940 has multiple (2) positions, using the first one!
utility_to_osm - WARNING - ssr:stedsnr = 442987 has multiple (2) positions, using the first one!
utility_to_osm - WARNING - ssr:stedsnr = 458260 has multiple (2) positions, using the first one!
utility_to_osm - WARNING - ssr:stedsnr = 502024 has multiple (3) positions, using the first one!
utility_to_osm - WARNING - ssr:stedsnr = 502025 has multiple (3) positions, using the first one!
utility_to_osm - WARNING - ssr:stedsnr = 502178 has multiple (2) positions, using the first one!
utility_to_osm - WARNING - ssr:stedsnr = 502317 has multiple (2) positions, using the first one!
utility_to_osm - WARNING - ssr:stedsnr = 502804 has multiple (2) positions, using the first one!
utility_to_osm - ERROR - ssr:stedsnr = 502807: Adding multiple names to name tag, this is not OK! name = "Nålauget;Nålaugeholmen"
utility_to_osm - WARNING - ssr:stedsnr = 502807 has multiple (2) positions, using the first one!
utility_to_osm - WARNING - ssr:stedsnr = 502785 has multiple (4) positions, using the first one!
utility_to_osm - WARNING - ssr:stedsnr = 503527: No priority spelling found for lang = no, using alt_name to get "[('no', 'Skaga'), ('no', 'Fleinnesskaga')]"
utility_to_osm - ERROR - ssr:stedsnr = 503527: Adding multiple names to name tag, this is not OK! name = "Skaga;Fleinnesskaga"
utility_to_osm - WARNING - ssr:stedsnr = 503527 has multiple (2) positions, using the first one!
utility_to_osm - WARNING - ssr:stedsnr = 503471 has multiple (2) positions, using the first one!
utility_to_osm - WARNING - ssr:stedsnr = 503914 has multiple (2) positions, using the first one!
utility_to_osm - WARNING - ssr:stedsnr = 684048 has multiple (2) positions, using the first one!
utility_to_osm - ERROR - ssr:stedsnr = 684278: Adding multiple names to name tag, this is not OK! name = "Storvatnet;Fiskebølvatnet"
utility_to_osm - WARNING - ssr:stedsnr = 684278 has multiple (2) positions, using the first one!
utility_to_osm - WARNING - ssr:stedsnr = 684377 has multiple (18) positions, using the first one!
utility_to_osm - ERROR - ssr:stedsnr = 684487: Adding multiple names to name tag, this is not OK! name = "Durmålstinden;Pilan"
utility_to_osm - WARNING - ssr:stedsnr = 684487 has multiple (2) positions, using the first one!
utility_to_osm - ERROR - ssr:stedsnr = 684567: Adding multiple names to name tag, this is not OK! name = "Øyklubben;Klubben"
utility_to_osm - ERROR - ssr:stedsnr = 684676: Adding multiple names to name tag, this is not OK! name = "Juvikkollen;Stabben"
utility_to_osm - WARNING - ssr:stedsnr = 684680 has multiple (3) positions, using the first one!
utility_to_osm - WARNING - ssr:stedsnr = 684729 has multiple (2) positions, using the first one!
utility_to_osm - WARNING - ssr:stedsnr = 684691 has multiple (2) positions, using the first one!
utility_to_osm - WARNING - ssr:stedsnr = 519472 has multiple (2) positions, using the first one!
utility_to_osm - WARNING - ssr:stedsnr = 685072 has multiple (2) positions, using the first one!
utility_to_osm - WARNING - ssr:stedsnr = 685359 has multiple (2) positions, using the first one!
utility_to_osm - WARNING - ssr:stedsnr = 685470 has multiple (25) positions, using the first one!
utility_to_osm - WARNING - ssr:stedsnr = 685383 has multiple (2) positions, using the first one!
utility_to_osm - WARNING - ssr:stedsnr = 685572 has multiple (3) positions, using the first one!
utility_to_osm - WARNING - ssr:stedsnr = 685787 has multiple (4) positions, using the first one!
utility_to_osm - WARNING - ssr:stedsnr = 685882 has multiple (3) positions, using the first one!
utility_to_osm - WARNING - ssr:stedsnr = 685902 has multiple (2) positions, using the first one!
utility_to_osm - WARNING - ssr:stedsnr = 685978 has multiple (2) positions, using the first one!
utility_to_osm - WARNING - ssr:stedsnr = 685982 has multiple (3) positions, using the first one!
utility_to_osm - WARNING - ssr:stedsnr = 545209: No priority spelling found for lang = no, using alt_name to get "[('no', 'Ytre Fleinnes')]"
utility_to_osm - WARNING - ssr:stedsnr = 564982 has multiple (3) positions, using the first one!
utility_to_osm - WARNING - ssr:stedsnr = 564985 has multiple (2) positions, using the first one!
utility_to_osm - ERROR - ssr:stedsnr = 601429. No positions found, skipping
utility_to_osm - ERROR - ssr:stedsnr = 623265: Adding multiple names to name tag, this is not OK! name = "Sandsmelen;Melskollen"
utility_to_osm - WARNING - ssr:stedsnr = 623272 has multiple (2) positions, using the first one!
utility_to_osm - ERROR - ssr:stedsnr = 623322: Adding multiple names to name tag, this is not OK! name = "Skjørholmen;Øya"
utility_to_osm - WARNING - ssr:stedsnr = 623712 has multiple (2) positions, using the first one!
utility_to_osm - WARNING - ssr:stedsnr = 623714 has multiple (2) positions, using the first one!
utility_to_osm - WARNING - ssr:stedsnr = 623725 has multiple (3) positions, using the first one!
utility_to_osm - WARNING - ssr:stedsnr = 623807 has multiple (2) positions, using the first one!
utility_to_osm - WARNING - ssr:stedsnr = 623810 has multiple (3) positions, using the first one!
utility_to_osm - WARNING - ssr:stedsnr = 623874 has multiple (2) positions, using the first one!
utility_to_osm - WARNING - ssr:stedsnr = 623757 has multiple (2) positions, using the first one!
utility_to_osm - WARNING - ssr:stedsnr = 623958 has multiple (2) positions, using the first one!
utility_to_osm - WARNING - ssr:stedsnr = 624413 has multiple (2) positions, using the first one!
utility_to_osm - ERROR - ssr:stedsnr = 624907: Adding multiple names to name tag, this is not OK! name = "Stålberget;Stålet"
utility_to_osm - WARNING - ssr:stedsnr = 640326 has multiple (2) positions, using the first one!
utility_to_osm - WARNING - ssr:stedsnr = 709917: No priority spelling found for lang = no, using alt_name to get "[('no', 'Trongstraumen')]"
utility_to_osm - WARNING - ssr:stedsnr = 709917: No priority spelling found for lang = se, using alt_name to get "[('no', 'Trongstraumen'), ('se', 'Ráktastrávvi')]"
utility_to_osm - WARNING - ssr:stedsnr = 890927 has multiple (2) positions, using the first one!
utility_to_osm - WARNING - ssr:stedsnr = 684012 has multiple (2) positions, using the first one!
utility_to_osm - WARNING - ssr:stedsnr = 684301 has multiple (2) positions, using the first one!
utility_to_osm - ERROR - ssr:stedsnr = 684370: Adding multiple names to name tag, this is not OK! name = "Kløvningan;Lillekløvningen"
utility_to_osm - WARNING - ssr:stedsnr = 684709 has multiple (2) positions, using the first one!
utility_to_osm - WARNING - ssr:stedsnr = 684754 has multiple (2) positions, using the first one!
utility_to_osm - WARNING - ssr:stedsnr = 684801 has multiple (2) positions, using the first one!
utility_to_osm - WARNING - ssr:stedsnr = 685096 has multiple (2) positions, using the first one!
utility_to_osm - WARNING - ssr:stedsnr = 685100 has multiple (3) positions, using the first one!
utility_to_osm - WARNING - ssr:stedsnr = 685800 has multiple (2) positions, using the first one!
utility_to_osm - WARNING - ssr:stedsnr = 701317 has multiple (2) positions, using the first one!
utility_to_osm - WARNING - ssr:stedsnr = 702610 has multiple (2) positions, using the first one!
utility_to_osm - WARNING - ssr:stedsnr = 744113 has multiple (3) positions, using the first one!
utility_to_osm - WARNING - ssr:stedsnr = 745072 has multiple (2) positions, using the first one!
utility_to_osm - WARNING - ssr:stedsnr = 745223 has multiple (2) positions, using the first one!
utility_to_osm - WARNING - ssr:stedsnr = 745105 has multiple (2) positions, using the first one!
utility_to_osm - WARNING - ssr:stedsnr = 745106 has multiple (2) positions, using the first one!
utility_to_osm - WARNING - ssr:stedsnr = 745125 has multiple (2) positions, using the first one!
utility_to_osm - WARNING - ssr:stedsnr = 745409 has multiple (2) positions, using the first one!
utility_to_osm - WARNING - ssr:stedsnr = 745415 has multiple (2) positions, using the first one!
utility_to_osm - WARNING - ssr:stedsnr = 745488: No priority spelling found for lang = no, using alt_name to get "[('no', 'Stauren')]"
utility_to_osm - WARNING - ssr:stedsnr = 745377 has multiple (2) positions, using the first one!
utility_to_osm - WARNING - ssr:stedsnr = 745806: No priority spelling found for lang = se, using alt_name to get "[('no', 'Kongsmarka'), ('se', 'Gonga')]"
utility_to_osm - WARNING - ssr:stedsnr = 745816 has multiple (2) positions, using the first one!
utility_to_osm - WARNING - ssr:stedsnr = 745769 has multiple (2) positions, using the first one!
utility_to_osm - WARNING - ssr:stedsnr = 745779 has multiple (2) positions, using the first one!
utility_to_osm - WARNING - ssr:stedsnr = 745903 has multiple (2) positions, using the first one!
utility_to_osm - WARNING - ssr:stedsnr = 745904 has multiple (2) positions, using the first one!
utility_to_osm - WARNING - ssr:stedsnr = 745906 has multiple (2) positions, using the first one!
utility_to_osm - WARNING - ssr:stedsnr = 746604: No priority spelling found for lang = se, using alt_name to get "[('no', 'Eidsfjorden')]"
utility_to_osm - WARNING - ssr:stedsnr = 746604 has multiple (16) positions, using the first one!
utility_to_osm - ERROR - ssr:stedsnr = 746917: Adding multiple names to name tag, this is not OK! name = "Mangsteinodden;Bergvikodden"
utility_to_osm - WARNING - ssr:stedsnr = 746919 has multiple (2) positions, using the first one!
utility_to_osm - WARNING - ssr:stedsnr = 761248 has multiple (2) positions, using the first one!
utility_to_osm - WARNING - ssr:stedsnr = 761793 has multiple (2) positions, using the first one!
utility_to_osm - ERROR - ssr:stedsnr = 916930. No positions found, skipping
utility_to_osm - WARNING - ssr:stedsnr = 844616 has multiple (2) positions, using the first one!
utility_to_osm - WARNING - ssr:stedsnr = 927246 has multiple (3) positions, using the first one!
utility_to_osm - ERROR - ssr:stedsnr = 927192: Adding multiple names to name tag, this is not OK! name = "Kalven;Seløykalven"
utility_to_osm - WARNING - ssr:stedsnr = 927195 has multiple (2) positions, using the first one!
utility_to_osm - WARNING - ssr:stedsnr = 927646 has multiple (2) positions, using the first one!
utility_to_osm - WARNING - ssr:stedsnr = 927704 has multiple (2) positions, using the first one!
utility_to_osm - WARNING - ssr:stedsnr = 927808 has multiple (2) positions, using the first one!
utility_to_osm - WARNING - ssr:stedsnr = 927785 has multiple (2) positions, using the first one!
utility_to_osm - WARNING - ssr:stedsnr = 928032 has multiple (3) positions, using the first one!
utility_to_osm - WARNING - ssr:stedsnr = 928033 has multiple (2) positions, using the first one!
utility_to_osm - WARNING - ssr:stedsnr = 928177 has multiple (3) positions, using the first one!
utility_to_osm - WARNING - ssr:stedsnr = 928538 has multiple (2) positions, using the first one!
utility_to_osm - WARNING - ssr:stedsnr = 928677 has multiple (2) positions, using the first one!
utility_to_osm - ERROR - ssr:stedsnr = 928870: Adding multiple names to name tag, this is not OK! name = "Tanipa;Taennyken"
utility_to_osm - WARNING - ssr:stedsnr = 928879 has multiple (3) positions, using the first one!
utility_to_osm - WARNING - ssr:stedsnr = 928908 has multiple (3) positions, using the first one!
utility_to_osm - ERROR - ssr:stedsnr = 928910: Adding multiple names to name tag, this is not OK! name = "Jordvatnet;Bakre Teiganvatn"
utility_to_osm - ERROR - ssr:stedsnr = 928922: Adding multiple names to name tag, this is not OK! name = "Middagstinden;Setertinden"
utility_to_osm - WARNING - ssr:stedsnr = 928922 has multiple (2) positions, using the first one!
utility_to_osm - WARNING - ssr:stedsnr = 928984 has multiple (2) positions, using the first one!
utility_to_osm - WARNING - ssr:stedsnr = 867945 has multiple (2) positions, using the first one!
utility_to_osm - WARNING - ssr:stedsnr = 868970 has multiple (3) positions, using the first one!
utility_to_osm - WARNING - ssr:stedsnr = 909242: No priority spelling found for lang = no, using alt_name to get "[('no', 'Pollen')]"
utility_to_osm - WARNING - ssr:stedsnr = 927025 has multiple (2) positions, using the first one!
utility_to_osm - WARNING - ssr:stedsnr = 927103 has multiple (3) positions, using the first one!
utility_to_osm - WARNING - ssr:stedsnr = 927176: No priority spelling found for lang = se, using alt_name to get "[('no', 'Hadseløya')]"
utility_to_osm - WARNING - ssr:stedsnr = 927364 has multiple (2) positions, using the first one!
utility_to_osm - WARNING - ssr:stedsnr = 927502: No priority spelling found for lang = no, using alt_name to get "[('no', 'Morfjordskaret')]"
utility_to_osm - WARNING - ssr:stedsnr = 927502 has multiple (2) positions, using the first one!
utility_to_osm - WARNING - ssr:stedsnr = 927757 has multiple (2) positions, using the first one!
utility_to_osm - WARNING - ssr:stedsnr = 927961 has multiple (2) positions, using the first one!
utility_to_osm - ERROR - ssr:stedsnr = 928457: Adding multiple names to name tag, this is not OK! name = "Melen;Melkollen"
utility_to_osm - ERROR - ssr:stedsnr = 928657: Adding multiple names to name tag, this is not OK! name = "Kvalsøynova;Novtoppen"
utility_to_osm - WARNING - ssr:stedsnr = 957290 has multiple (2) positions, using the first one!
utility_to_osm - WARNING - ssr:stedsnr = 1002014: No priority spelling found for lang = no, using alt_name to get "[('no', 'Midnattsolveien')]"
utility_to_osm - ERROR - ssr:stedsnr = 1002014. No positions found, skipping
utility_to_osm - WARNING - ssr:stedsnr = 1002215: No priority spelling found for lang = no, using alt_name to get "[('no', 'Grunnførfjordveien')]"
utility_to_osm - ERROR - ssr:stedsnr = 1002215. No positions found, skipping
utility_to_osm - WARNING - ssr:stedsnr = 17109 has multiple (2) positions, using the first one!
utility_to_osm - WARNING - ssr:stedsnr = 17125 has multiple (2) positions, using the first one!
utility_to_osm - WARNING - ssr:stedsnr = 17004 has multiple (2) positions, using the first one!
utility_to_osm - WARNING - ssr:stedsnr = 17025 has multiple (3) positions, using the first one!
utility_to_osm - WARNING - ssr:stedsnr = 17370 has multiple (2) positions, using the first one!
utility_to_osm - ERROR - ssr:stedsnr = 17378: Adding multiple names to name tag, this is not OK! name = "Nessan;Tuva"
utility_to_osm - WARNING - ssr:stedsnr = 17383 has multiple (2) positions, using the first one!
utility_to_osm - WARNING - ssr:stedsnr = 17833 has multiple (2) positions, using the first one!
utility_to_osm - ERROR - ssr:stedsnr = 17938: Adding multiple names to name tag, this is not OK! name = "Bervikskjeran;Bergvikskjeran"
utility_to_osm - WARNING - ssr:stedsnr = 17945 has multiple (2) positions, using the first one!
utility_to_osm - ERROR - ssr:stedsnr = 17409: Adding multiple names to name tag, this is not OK! name = "Bollholmen;Bollen"
utility_to_osm - WARNING - ssr:stedsnr = 17415 has multiple (3) positions, using the first one!
utility_to_osm - WARNING - ssr:stedsnr = 17427 has multiple (3) positions, using the first one!
utility_to_osm - WARNING - ssr:stedsnr = 17648 has multiple (2) positions, using the first one!
utility_to_osm - WARNING - ssr:stedsnr = 17685 has multiple (3) positions, using the first one!
utility_to_osm - WARNING - ssr:stedsnr = 17874 has multiple (2) positions, using the first one!
utility_to_osm - ERROR - ssr:stedsnr = 17876: Adding multiple names to name tag, this is not OK! name = "Raftstranda;Nordre Raftstranda"
utility_to_osm - WARNING - ssr:stedsnr = 17888 has multiple (2) positions, using the first one!
utility_to_osm - WARNING - ssr:stedsnr = 17789 has multiple (2) positions, using the first one!
utility_to_osm - WARNING - ssr:stedsnr = 18044 has multiple (2) positions, using the first one!
utility_to_osm - WARNING - ssr:stedsnr = 18479 has multiple (2) positions, using the first one!
utility_to_osm - WARNING - ssr:stedsnr = 18878 has multiple (3) positions, using the first one!
utility_to_osm - WARNING - ssr:stedsnr = 18915 has multiple (2) positions, using the first one!
utility_to_osm - WARNING - ssr:stedsnr = 18919 has multiple (2) positions, using the first one!
utility_to_osm - WARNING - ssr:stedsnr = 18933 has multiple (2) positions, using the first one!
utility_to_osm - WARNING - ssr:stedsnr = 18941 has multiple (2) positions, using the first one!
utility_to_osm - WARNING - ssr:stedsnr = 33240 has multiple (2) positions, using the first one!
utility_to_osm - WARNING - ssr:stedsnr = 78475 has multiple (2) positions, using the first one!
utility_to_osm - WARNING - ssr:stedsnr = 77793 has multiple (2) positions, using the first one!
utility_to_osm - WARNING - ssr:stedsnr = 77886 has multiple (2) positions, using the first one!
utility_to_osm - WARNING - ssr:stedsnr = 78218 has multiple (2) positions, using the first one!
utility_to_osm - WARNING - ssr:stedsnr = 78090 has multiple (2) positions, using the first one!
utility_to_osm - WARNING - ssr:stedsnr = 78270: No priority spelling found for lang = se, using alt_name to get "[('no', 'Sortlandsundet'), ('se', 'Suorttánuorri')]"
utility_to_osm - WARNING - ssr:stedsnr = 78270 has multiple (23) positions, using the first one!
utility_to_osm - WARNING - ssr:stedsnr = 78278 has multiple (4) positions, using the first one!
utility_to_osm - WARNING - ssr:stedsnr = 78346 has multiple (2) positions, using the first one!
utility_to_osm - WARNING - ssr:stedsnr = 78341: No priority spelling found for lang = no, using alt_name to get "[('no', 'Pollhågen')]"
utility_to_osm - WARNING - ssr:stedsnr = 78364 has multiple (2) positions, using the first one!
utility_to_osm - WARNING - ssr:stedsnr = 78376 has multiple (3) positions, using the first one!
utility_to_osm - WARNING - ssr:stedsnr = 78381 has multiple (3) positions, using the first one!
utility_to_osm - WARNING - ssr:stedsnr = 78537 has multiple (2) positions, using the first one!
utility_to_osm - WARNING - ssr:stedsnr = 78610 has multiple (2) positions, using the first one!
utility_to_osm - WARNING - ssr:stedsnr = 78819 has multiple (2) positions, using the first one!
utility_to_osm - WARNING - ssr:stedsnr = 78759 has multiple (2) positions, using the first one!
utility_to_osm - WARNING - ssr:stedsnr = 78764 has multiple (2) positions, using the first one!
utility_to_osm - WARNING - ssr:stedsnr = 78875 has multiple (2) positions, using the first one!
utility_to_osm - WARNING - ssr:stedsnr = 78888 has multiple (2) positions, using the first one!
utility_to_osm - WARNING - ssr:stedsnr = 78960 has multiple (2) positions, using the first one!
utility_to_osm - WARNING - ssr:stedsnr = 78973 has multiple (4) positions, using the first one!
utility_to_osm - WARNING - ssr:stedsnr = 78934 has multiple (3) positions, using the first one!
utility_to_osm - WARNING - ssr:stedsnr = 79884 has multiple (2) positions, using the first one!
utility_to_osm - ERROR - ssr:stedsnr = 79977: Adding multiple names to name tag, this is not OK! name = "Hadselåsryggen;Loftkanten"
utility_to_osm - WARNING - ssr:stedsnr = 95369 has multiple (2) positions, using the first one!
utility_to_osm - ERROR - ssr:stedsnr = 105744. No positions found, skipping
utility_to_osm - WARNING - ssr:stedsnr = 138257 has multiple (4) positions, using the first one!
utility_to_osm - WARNING - ssr:stedsnr = 138258 has multiple (2) positions, using the first one!
utility_to_osm - WARNING - ssr:stedsnr = 138260 has multiple (3) positions, using the first one!
utility_to_osm - WARNING - ssr:stedsnr = 138386 has multiple (3) positions, using the first one!
utility_to_osm - WARNING - ssr:stedsnr = 138472 has multiple (2) positions, using the first one!
utility_to_osm - WARNING - ssr:stedsnr = 138474 has multiple (4) positions, using the first one!
utility_to_osm - WARNING - ssr:stedsnr = 138328 has multiple (2) positions, using the first one!
utility_to_osm - WARNING - ssr:stedsnr = 138546 has multiple (2) positions, using the first one!
utility_to_osm - WARNING - ssr:stedsnr = 138658 has multiple (2) positions, using the first one!
utility_to_osm - WARNING - ssr:stedsnr = 138663 has multiple (2) positions, using the first one!
utility_to_osm - WARNING - ssr:stedsnr = 138581 has multiple (3) positions, using the first one!
utility_to_osm - WARNING - ssr:stedsnr = 138720: No priority spelling found for lang = se, using alt_name to get "[('no', 'Storå'), ('se', 'Stuorrovvi')]"
utility_to_osm - WARNING - ssr:stedsnr = 138723 has multiple (2) positions, using the first one!
utility_to_osm - WARNING - ssr:stedsnr = 138728 has multiple (2) positions, using the first one!
utility_to_osm - WARNING - ssr:stedsnr = 138730 has multiple (2) positions, using the first one!
utility_to_osm - WARNING - ssr:stedsnr = 138766 has multiple (2) positions, using the first one!
utility_to_osm - WARNING - ssr:stedsnr = 138786 has multiple (2) positions, using the first one!
utility_to_osm - WARNING - ssr:stedsnr = 138824 has multiple (2) positions, using the first one!
utility_to_osm - WARNING - ssr:stedsnr = 138995 has multiple (2) positions, using the first one!
utility_to_osm - WARNING - ssr:stedsnr = 139869: No priority spelling found for lang = se, using alt_name to get "[('no', 'Børøysundet')]"
utility_to_osm - WARNING - ssr:stedsnr = 139984 has multiple (2) positions, using the first one!
utility_to_osm - ERROR - ssr:stedsnr = 174933. No positions found, skipping
utility_to_osm - WARNING - ssr:stedsnr = 181228: No priority spelling found for lang = no, using alt_name to get "[('no', 'Øvre Fleinnes')]"
utility_to_osm - WARNING - ssr:stedsnr = 181373 has multiple (2) positions, using the first one!
utility_to_osm - WARNING - ssr:stedsnr = 198146 has multiple (28) positions, using the first one!
utility_to_osm - WARNING - ssr:stedsnr = 199884 has multiple (3) positions, using the first one!
utility_to_osm - WARNING - ssr:stedsnr = 199989 has multiple (2) positions, using the first one!
utility_to_osm - WARNING - ssr:stedsnr = 199993 has multiple (2) positions, using the first one!
utility_to_osm - WARNING - ssr:stedsnr = 199139 has multiple (4) positions, using the first one!
utility_to_osm - WARNING - ssr:stedsnr = 199288 has multiple (3) positions, using the first one!
utility_to_osm - WARNING - ssr:stedsnr = 199397 has multiple (2) positions, using the first one!
utility_to_osm - WARNING - ssr:stedsnr = 199734 has multiple (2) positions, using the first one!
utility_to_osm - ERROR - ssr:stedsnr = 199579: Adding multiple names to name tag, this is not OK! name = "Råbugen;Bogen"
utility_to_osm - WARNING - ssr:stedsnr = 199785 has multiple (2) positions, using the first one!
utility_to_osm - WARNING - ssr:stedsnr = 199836 has multiple (3) positions, using the first one!
utility_to_osm - WARNING - ssr:stedsnr = 199837 has multiple (2) positions, using the first one!
utility_to_osm - WARNING - ssr:stedsnr = 199924 has multiple (2) positions, using the first one!
utility_to_osm - WARNING - ssr:stedsnr = 199941 has multiple (2) positions, using the first one!
utility_to_osm - ERROR - ssr:stedsnr = 200000: Adding multiple names to name tag, this is not OK! name = "Ånnstaddalen;Åndstadskjørdalen"
utility_to_osm - WARNING - ssr:stedsnr = 200000 has multiple (2) positions, using the first one!
utility_to_osm - WARNING - ssr:stedsnr = 200861 has multiple (2) positions, using the first one!
utility_to_osm - ERROR - ssr:stedsnr = 200890: Adding multiple names to name tag, this is not OK! name = "Sukkertoppen;Tuva"
utility_to_osm - WARNING - ssr:stedsnr = 216258 has multiple (2) positions, using the first one!
utility_to_osm - WARNING - ssr:stedsnr = 222999 has multiple (2) positions, using the first one!
utility_to_osm - WARNING - ssr:stedsnr = 298500 has multiple (2) positions, using the first one!
utility_to_osm - WARNING - ssr:stedsnr = 300799: No priority spelling found for lang = se, using alt_name to get "[('no', 'Storå')]"
utility_to_osm - WARNING - ssr:stedsnr = 300799 has multiple (4) positions, using the first one!
utility_to_osm - WARNING - ssr:stedsnr = 320032 has multiple (3) positions, using the first one!
utility_to_osm - WARNING - ssr:stedsnr = 320217 has multiple (2) positions, using the first one!
utility_to_osm - ERROR - ssr:stedsnr = 320176: Adding multiple names to name tag, this is not OK! name = "Seløya;Storseløya"
utility_to_osm - WARNING - ssr:stedsnr = 320251 has multiple (3) positions, using the first one!
utility_to_osm - WARNING - ssr:stedsnr = 320568 has multiple (2) positions, using the first one!
utility_to_osm - WARNING - ssr:stedsnr = 320752 has multiple (2) positions, using the first one!
utility_to_osm - WARNING - ssr:stedsnr = 320762 has multiple (2) positions, using the first one!
utility_to_osm - ERROR - ssr:stedsnr = 320717: Adding multiple names to name tag, this is not OK! name = "Næverfjellet;Neverfjellet"
utility_to_osm - WARNING - ssr:stedsnr = 320717 has multiple (2) positions, using the first one!
utility_to_osm - WARNING - ssr:stedsnr = 320731 has multiple (2) positions, using the first one!
utility_to_osm - WARNING - ssr:stedsnr = 320823 has multiple (2) positions, using the first one!
utility_to_osm - WARNING - ssr:stedsnr = 321030 has multiple (3) positions, using the first one!
utility_to_osm - WARNING - ssr:stedsnr = 320868 has multiple (2) positions, using the first one!
utility_to_osm - WARNING - ssr:stedsnr = 320869 has multiple (2) positions, using the first one!
utility_to_osm - WARNING - ssr:stedsnr = 321356 has multiple (2) positions, using the first one!
utility_to_osm - WARNING - ssr:stedsnr = 321382 has multiple (4) positions, using the first one!
utility_to_osm - WARNING - ssr:stedsnr = 321860 has multiple (2) positions, using the first one!
utility_to_osm - WARNING - ssr:stedsnr = 321908 has multiple (2) positions, using the first one!
utility_to_osm - WARNING - ssr:stedsnr = 321921: No priority spelling found for lang = se, using alt_name to get "[('no', 'Børøya')]"
utility_to_osm - WARNING - ssr:stedsnr = 321874 has multiple (2) positions, using the first one!
utility_to_osm - WARNING - ssr:stedsnr = 330376 has multiple (3) positions, using the first one!
utility_to_osm - WARNING - ssr:stedsnr = 380649 has multiple (2) positions, using the first one!
utility_to_osm - WARNING - ssr:stedsnr = 380793 has multiple (2) positions, using the first one!
utility_to_osm - WARNING - ssr:stedsnr = 381123 has multiple (2) positions, using the first one!
utility_to_osm - WARNING - ssr:stedsnr = 381363 has multiple (2) positions, using the first one!
utility_to_osm - WARNING - ssr:stedsnr = 381386 has multiple (2) positions, using the first one!
utility_to_osm - WARNING - ssr:stedsnr = 381387 has multiple (3) positions, using the first one!
utility_to_osm - WARNING - ssr:stedsnr = 381390 has multiple (3) positions, using the first one!
utility_to_osm - WARNING - ssr:stedsnr = 381391 has multiple (3) positions, using the first one!
utility_to_osm - WARNING - ssr:stedsnr = 381395 has multiple (3) positions, using the first one!
utility_to_osm - WARNING - ssr:stedsnr = 381398 has multiple (2) positions, using the first one!
utility_to_osm - WARNING - ssr:stedsnr = 381449 has multiple (2) positions, using the first one!
utility_to_osm - WARNING - ssr:stedsnr = 381567 has multiple (2) positions, using the first one!
utility_to_osm - WARNING - ssr:stedsnr = 381569 has multiple (2) positions, using the first one!
utility_to_osm - WARNING - ssr:stedsnr = 381830 has multiple (2) positions, using the first one!
utility_to_osm - WARNING - ssr:stedsnr = 381831 has multiple (2) positions, using the first one!
utility_to_osm - WARNING - ssr:stedsnr = 381832 has multiple (2) positions, using the first one!
utility_to_osm - WARNING - ssr:stedsnr = 381833 has multiple (2) positions, using the first one!
utility_to_osm - ERROR - ssr:stedsnr = 381835: Adding multiple names to name tag, this is not OK! name = "Vikskardet;Svartskardet"
utility_to_osm - WARNING - ssr:stedsnr = 381835 has multiple (3) positions, using the first one!
utility_to_osm - WARNING - ssr:stedsnr = 381838 has multiple (2) positions, using the first one!
utility_to_osm - WARNING - ssr:stedsnr = 381851 has multiple (2) positions, using the first one!
utility_to_osm - WARNING - ssr:stedsnr = 381777 has multiple (2) positions, using the first one!
utility_to_osm - WARNING - ssr:stedsnr = 381779 has multiple (3) positions, using the first one!
utility_to_osm - WARNING - ssr:stedsnr = 381784 has multiple (2) positions, using the first one!
utility_to_osm - ERROR - ssr:stedsnr = 381891: Adding multiple names to name tag, this is not OK! name = "Moldfokbakkvatnet;Tengelfjordvatnet"
utility_to_osm - WARNING - ssr:stedsnr = 381891 has multiple (2) positions, using the first one!
utility_to_osm - ERROR - ssr:stedsnr = 381958: Adding multiple names to name tag, this is not OK! name = "Lilleongstadvatnet;Litlvatnet"
utility_to_osm - WARNING - ssr:stedsnr = 381935 has multiple (2) positions, using the first one!
utility_to_osm - WARNING - ssr:stedsnr = 382201 has multiple (2) positions, using the first one!
utility_to_osm - WARNING - ssr:stedsnr = 382897 has multiple (3) positions, using the first one!
utility_to_osm - WARNING - ssr:stedsnr = 382980 has multiple (4) positions, using the first one!
utility_to_osm - WARNING - ssr:stedsnr = 382982 has multiple (2) positions, using the first one!
utility_to_osm - WARNING - ssr:stedsnr = 398253 has multiple (2) positions, using the first one!
utility_to_osm - WARNING - ssr:stedsnr = 404976 has multiple (2) positions, using the first one!
utility_to_osm - WARNING - ssr:stedsnr = 441165 has multiple (2) positions, using the first one!
utility_to_osm - WARNING - ssr:stedsnr = 441182 has multiple (2) positions, using the first one!
utility_to_osm - ERROR - ssr:stedsnr = 441183: Adding multiple names to name tag, this is not OK! name = "Flesa;Stor Flesa"
utility_to_osm - WARNING - ssr:stedsnr = 441607 has multiple (2) positions, using the first one!
utility_to_osm - WARNING - ssr:stedsnr = 441651 has multiple (2) positions, using the first one!
utility_to_osm - WARNING - ssr:stedsnr = 441892 has multiple (2) positions, using the first one!
utility_to_osm - WARNING - ssr:stedsnr = 442019 has multiple (3) positions, using the first one!
utility_to_osm - ERROR - ssr:stedsnr = 442323: Adding multiple names to name tag, this is not OK! name = "Gårdsvatnet;Sløvervatnet"
utility_to_osm - WARNING - ssr:stedsnr = 442362 has multiple (2) positions, using the first one!
utility_to_osm - ERROR - invalid name_status = "avslått navnevalg"
utility_to_osm - ERROR - invalid name_status = "avslått navnevalg"
utility_to_osm - ERROR - invalid name_status = "avslått navnevalg"
utility_to_osm - WARNING - ssr:stedsnr = 442549: No priority spelling found for lang = no, using alt_name to get "[('no', 'Fleinnesfjellet'), ('no', 'Heia')]"
utility_to_osm - ERROR - ssr:stedsnr = 442549: Adding multiple names to name tag, this is not OK! name = "Fleinnesfjellet;Heia"
utility_to_osm - WARNING - ssr:stedsnr = 442715 has multiple (2) positions, using the first one!
utility_to_osm - WARNING - ssr:stedsnr = 442722 has multiple (2) positions, using the first one!
utility_to_osm - WARNING - ssr:stedsnr = 442580 has multiple (2) positions, using the first one!
utility_to_osm - ERROR - ssr:stedsnr = 442775: Adding multiple names to name tag, this is not OK! name = "Pollen;Indre Pollen"
utility_to_osm - WARNING - ssr:stedsnr = 442954 has multiple (2) positions, using the first one!
utility_to_osm - WARNING - ssr:stedsnr = 443210 has multiple (2) positions, using the first one!
utility_to_osm - WARNING - ssr:stedsnr = 443986 has multiple (2) positions, using the first one!
utility_to_osm - WARNING - ssr:stedsnr = 502084 has multiple (2) positions, using the first one!
utility_to_osm - WARNING - ssr:stedsnr = 502096 has multiple (3) positions, using the first one!
utility_to_osm - WARNING - ssr:stedsnr = 502068 has multiple (3) positions, using the first one!
utility_to_osm - WARNING - ssr:stedsnr = 502741 has multiple (2) positions, using the first one!
utility_to_osm - WARNING - ssr:stedsnr = 502151 has multiple (2) positions, using the first one!
utility_to_osm - WARNING - ssr:stedsnr = 502158 has multiple (2) positions, using the first one!
utility_to_osm - WARNING - ssr:stedsnr = 502264 has multiple (2) positions, using the first one!
utility_to_osm - ERROR - ssr:stedsnr = 502336: Adding multiple names to name tag, this is not OK! name = "Litlholmen;Holmen"
utility_to_osm - WARNING - ssr:stedsnr = 502338 has multiple (2) positions, using the first one!
utility_to_osm - WARNING - ssr:stedsnr = 502650 has multiple (3) positions, using the first one!
utility_to_osm - WARNING - ssr:stedsnr = 502793 has multiple (2) positions, using the first one!
utility_to_osm - WARNING - ssr:stedsnr = 502656 has multiple (2) positions, using the first one!
utility_to_osm - WARNING - ssr:stedsnr = 502829 has multiple (2) positions, using the first one!
utility_to_osm - WARNING - ssr:stedsnr = 502866 has multiple (3) positions, using the first one!
utility_to_osm - WARNING - ssr:stedsnr = 503119: No priority spelling found for lang = no, using alt_name to get "[('no', 'Ytterfjorden')]"
utility_to_osm - WARNING - ssr:stedsnr = 503119 has multiple (2) positions, using the first one!
utility_to_osm - ERROR - ssr:stedsnr = 503575: Adding multiple names to name tag, this is not OK! name = "Kallsnesvågen;Yttervågen"
utility_to_osm - WARNING - ssr:stedsnr = 503645 has multiple (2) positions, using the first one!
utility_to_osm - WARNING - ssr:stedsnr = 503838 has multiple (3) positions, using the first one!
utility_to_osm - WARNING - ssr:stedsnr = 503956 has multiple (2) positions, using the first one!
utility_to_osm - WARNING - ssr:stedsnr = 511766: No priority spelling found for lang = smj, using alt_name to get "[('no', 'Nordland fylke'), ('smj', 'Nordlánda fylkka')]"
utility_to_osm - WARNING - ssr:stedsnr = 511766: No priority spelling found for lang = sma, using alt_name to get "[('no', 'Nordland fylke'), ('smj', 'Nordlánda fylkka')]"
utility_to_osm - WARNING - ssr:stedsnr = 511766: No priority spelling found for lang = sma, using alt_name to get "[('no', 'Nordland fylke'), ('smj', 'Nordlánda fylkka')]"
utility_to_osm - WARNING - ssr:stedsnr = 511766 has multiple (14) positions, using the first one!
utility_to_osm - WARNING - ssr:stedsnr = 545140: No priority spelling found for lang = no, using alt_name to get "[('no', 'Elvosen')]"
utility_to_osm - WARNING - ssr:stedsnr = 563380 has multiple (2) positions, using the first one!
utility_to_osm - ERROR - ssr:stedsnr = 562313: Adding multiple names to name tag, this is not OK! name = "Nippen;Ressmålstinden"
utility_to_osm - WARNING - ssr:stedsnr = 562315 has multiple (2) positions, using the first one!
utility_to_osm - WARNING - ssr:stedsnr = 562268 has multiple (2) positions, using the first one!
utility_to_osm - WARNING - ssr:stedsnr = 562461 has multiple (2) positions, using the first one!
utility_to_osm - WARNING - ssr:stedsnr = 562591 has multiple (2) positions, using the first one!
utility_to_osm - WARNING - ssr:stedsnr = 562728 has multiple (2) positions, using the first one!
utility_to_osm - WARNING - ssr:stedsnr = 562739 has multiple (2) positions, using the first one!
utility_to_osm - WARNING - ssr:stedsnr = 562707 has multiple (2) positions, using the first one!
utility_to_osm - ERROR - ssr:stedsnr = 562798: Adding multiple names to name tag, this is not OK! name = "Myrlandsfjordelva;Stordalselva;Fjordelva"
utility_to_osm - WARNING - ssr:stedsnr = 562798 has multiple (2) positions, using the first one!
utility_to_osm - WARNING - ssr:stedsnr = 562882 has multiple (2) positions, using the first one!
utility_to_osm - WARNING - ssr:stedsnr = 562991 has multiple (2) positions, using the first one!
utility_to_osm - WARNING - ssr:stedsnr = 563077 has multiple (2) positions, using the first one!
utility_to_osm - WARNING - ssr:stedsnr = 563078 has multiple (2) positions, using the first one!
utility_to_osm - WARNING - ssr:stedsnr = 563107 has multiple (2) positions, using the first one!
utility_to_osm - WARNING - ssr:stedsnr = 563108 has multiple (2) positions, using the first one!
utility_to_osm - WARNING - ssr:stedsnr = 563117 has multiple (3) positions, using the first one!
utility_to_osm - WARNING - ssr:stedsnr = 563120 has multiple (3) positions, using the first one!
utility_to_osm - WARNING - ssr:stedsnr = 563239 has multiple (2) positions, using the first one!
utility_to_osm - WARNING - ssr:stedsnr = 563367 has multiple (3) positions, using the first one!
utility_to_osm - WARNING - ssr:stedsnr = 563369 has multiple (3) positions, using the first one!
utility_to_osm - WARNING - ssr:stedsnr = 563632: No priority spelling found for lang = se, using alt_name to get "[('no', 'Lonkanfjorden'), ('se', 'Luŋkavuotna')]"
utility_to_osm - WARNING - ssr:stedsnr = 563632 has multiple (5) positions, using the first one!
utility_to_osm - WARNING - ssr:stedsnr = 563820 has multiple (2) positions, using the first one!
utility_to_osm - WARNING - ssr:stedsnr = 563926 has multiple (3) positions, using the first one!
utility_to_osm - WARNING - ssr:stedsnr = 563885 has multiple (2) positions, using the first one!
utility_to_osm - WARNING - ssr:stedsnr = 563890 has multiple (2) positions, using the first one!
utility_to_osm - WARNING - ssr:stedsnr = 563906 has multiple (2) positions, using the first one!
utility_to_osm - WARNING - ssr:stedsnr = 563990 has multiple (2) positions, using the first one!
utility_to_osm - ERROR - ssr:stedsnr = 563942: Adding multiple names to name tag, this is not OK! name = "Flatsetskjeran;Tennholmen"
utility_to_osm - ERROR - ssr:stedsnr = 564200: Adding multiple names to name tag, this is not OK! name = "Haugheia;Vardheia"
utility_to_osm - ERROR - ssr:stedsnr = 564882: Adding multiple names to name tag, this is not OK! name = "Brattåsen;Hadselåsen"
utility_to_osm - WARNING - ssr:stedsnr = 580355 has multiple (2) positions, using the first one!
utility_to_osm - ERROR - ssr:stedsnr = 590344. No positions found, skipping
utility_to_osm - WARNING - ssr:stedsnr = 623020 has multiple (3) positions, using the first one!
utility_to_osm - WARNING - ssr:stedsnr = 623025 has multiple (2) positions, using the first one!
utility_to_osm - WARNING - ssr:stedsnr = 623594 has multiple (2) positions, using the first one!
utility_to_osm - WARNING - ssr:stedsnr = 624087 has multiple (3) positions, using the first one!
utility_to_osm - WARNING - ssr:stedsnr = 624565 has multiple (2) positions, using the first one!
utility_to_osm - WARNING - ssr:stedsnr = 624127 has multiple (2) positions, using the first one!
utility_to_osm - WARNING - ssr:stedsnr = 624129 has multiple (3) positions, using the first one!
utility_to_osm - WARNING - ssr:stedsnr = 624431 has multiple (2) positions, using the first one!
utility_to_osm - WARNING - ssr:stedsnr = 624391 has multiple (3) positions, using the first one!
utility_to_osm - ERROR - ssr:stedsnr = 624402: Adding multiple names to name tag, this is not OK! name = "Risholmen;Riskholmen"
utility_to_osm - ERROR - ssr:stedsnr = 624920: Adding multiple names to name tag, this is not OK! name = "Nesåsen;Grønåsen"
utility_to_osm - ERROR - ssr:stedsnr = 624926: Adding multiple names to name tag, this is not OK! name = "Bervikbugen;Bervika;Bergvikbogen"
utility_to_osm - WARNING - ssr:stedsnr = 624951 has multiple (4) positions, using the first one!
utility_to_osm - WARNING - ssr:stedsnr = 624896 has multiple (3) positions, using the first one!
utility_to_osm - WARNING - ssr:stedsnr = 646313 has multiple (3) positions, using the first one!
utility_to_osm - WARNING - ssr:stedsnr = 663802 has multiple (2) positions, using the first one!
utility_to_osm - ERROR - ssr:stedsnr = 724030. No positions found, skipping
utility_to_osm - WARNING - ssr:stedsnr = 745002 has multiple (2) positions, using the first one!
utility_to_osm - WARNING - ssr:stedsnr = 745019 has multiple (2) positions, using the first one!
utility_to_osm - WARNING - ssr:stedsnr = 745050 has multiple (2) positions, using the first one!
utility_to_osm - WARNING - ssr:stedsnr = 745144 has multiple (2) positions, using the first one!
utility_to_osm - WARNING - ssr:stedsnr = 745256 has multiple (2) positions, using the first one!
utility_to_osm - WARNING - ssr:stedsnr = 745354 has multiple (2) positions, using the first one!
utility_to_osm - WARNING - ssr:stedsnr = 745401 has multiple (2) positions, using the first one!
utility_to_osm - WARNING - ssr:stedsnr = 745599 has multiple (3) positions, using the first one!
utility_to_osm - WARNING - ssr:stedsnr = 745618 has multiple (2) positions, using the first one!
utility_to_osm - ERROR - ssr:stedsnr = 745459: Adding multiple names to name tag, this is not OK! name = "Wallentind;Isvasstinden"
utility_to_osm - WARNING - ssr:stedsnr = 745461 has multiple (2) positions, using the first one!
utility_to_osm - ERROR - ssr:stedsnr = 745567: Adding multiple names to name tag, this is not OK! name = "Elvvika;Tægvika"
utility_to_osm - WARNING - ssr:stedsnr = 745630 has multiple (2) positions, using the first one!
utility_to_osm - WARNING - ssr:stedsnr = 745745 has multiple (2) positions, using the first one!
utility_to_osm - WARNING - ssr:stedsnr = 745748 has multiple (2) positions, using the first one!
utility_to_osm - WARNING - ssr:stedsnr = 745750: No priority spelling found for lang = se, using alt_name to get "[('no', 'Kvalsøya')]"
utility_to_osm - WARNING - ssr:stedsnr = 745750 has multiple (2) positions, using the first one!
utility_to_osm - WARNING - ssr:stedsnr = 745757 has multiple (2) positions, using the first one!
utility_to_osm - WARNING - ssr:stedsnr = 745762 has multiple (2) positions, using the first one!
utility_to_osm - WARNING - ssr:stedsnr = 745889: No priority spelling found for lang = se, using alt_name to get "[('no', 'Raftsundet'), ('se', 'Ráktanuorri')]"
utility_to_osm - WARNING - ssr:stedsnr = 745889 has multiple (12) positions, using the first one!
utility_to_osm - WARNING - ssr:stedsnr = 745964 has multiple (2) positions, using the first one!
utility_to_osm - WARNING - ssr:stedsnr = 746921 has multiple (2) positions, using the first one!
utility_to_osm - WARNING - ssr:stedsnr = 787014: No priority spelling found for lang = se, using alt_name to get "[('no', 'Kongselva'), ('se', 'Gongajohka')]"
utility_to_osm - WARNING - ssr:stedsnr = 787014 has multiple (2) positions, using the first one!
utility_to_osm - ERROR - ssr:stedsnr = 805131: Adding multiple names to name tag, this is not OK! name = "Ytre Haugnesodden;Indrehaugnesan"
utility_to_osm - WARNING - ssr:stedsnr = 805286 has multiple (2) positions, using the first one!
utility_to_osm - WARNING - ssr:stedsnr = 805289 has multiple (6) positions, using the first one!
utility_to_osm - WARNING - ssr:stedsnr = 805639 has multiple (3) positions, using the first one!
utility_to_osm - WARNING - ssr:stedsnr = 805716 has multiple (2) positions, using the first one!
utility_to_osm - WARNING - ssr:stedsnr = 805779 has multiple (2) positions, using the first one!
utility_to_osm - WARNING - ssr:stedsnr = 805783 has multiple (2) positions, using the first one!
utility_to_osm - WARNING - ssr:stedsnr = 805883 has multiple (3) positions, using the first one!
utility_to_osm - WARNING - ssr:stedsnr = 806019 has multiple (2) positions, using the first one!
utility_to_osm - WARNING - ssr:stedsnr = 806061 has multiple (2) positions, using the first one!
utility_to_osm - WARNING - ssr:stedsnr = 806066 has multiple (2) positions, using the first one!
utility_to_osm - WARNING - ssr:stedsnr = 806760 has multiple (2) positions, using the first one!
utility_to_osm - WARNING - ssr:stedsnr = 806243 has multiple (2) positions, using the first one!
utility_to_osm - WARNING - ssr:stedsnr = 806277 has multiple (2) positions, using the first one!
utility_to_osm - WARNING - ssr:stedsnr = 806369 has multiple (3) positions, using the first one!
utility_to_osm - WARNING - ssr:stedsnr = 806323 has multiple (2) positions, using the first one!
utility_to_osm - WARNING - ssr:stedsnr = 806334 has multiple (2) positions, using the first one!
utility_to_osm - WARNING - ssr:stedsnr = 806335 has multiple (9) positions, using the first one!
utility_to_osm - WARNING - ssr:stedsnr = 806949 has multiple (2) positions, using the first one!
utility_to_osm - WARNING - ssr:stedsnr = 806543: No priority spelling found for lang = no, using alt_name to get "[('no', 'Kvalsøyvatnet'), ('no', 'Fleinnesvatnet')]"
utility_to_osm - ERROR - ssr:stedsnr = 806543: Adding multiple names to name tag, this is not OK! name = "Kvalsøyvatnet;Fleinnesvatnet"
utility_to_osm - WARNING - ssr:stedsnr = 806544 has multiple (2) positions, using the first one!
utility_to_osm - WARNING - ssr:stedsnr = 806715 has multiple (2) positions, using the first one!
utility_to_osm - WARNING - ssr:stedsnr = 806865 has multiple (2) positions, using the first one!
utility_to_osm - WARNING - ssr:stedsnr = 806870 has multiple (2) positions, using the first one!
utility_to_osm - WARNING - ssr:stedsnr = 806816 has multiple (2) positions, using the first one!
utility_to_osm - WARNING - ssr:stedsnr = 806920 has multiple (2) positions, using the first one!
utility_to_osm - WARNING - ssr:stedsnr = 806993 has multiple (3) positions, using the first one!
utility_to_osm - WARNING - ssr:stedsnr = 807044 has multiple (2) positions, using the first one!
utility_to_osm - ERROR - ssr:stedsnr = 807974: Adding multiple names to name tag, this is not OK! name = "Nyken;Nyktuva"
utility_to_osm - WARNING - ssr:stedsnr = 807974 has multiple (2) positions, using the first one!
utility_to_osm - WARNING - ssr:stedsnr = 807983 has multiple (2) positions, using the first one!
utility_to_osm - WARNING - ssr:stedsnr = 823262 has multiple (2) positions, using the first one!
utility_to_osm - WARNING - ssr:stedsnr = 825548 has multiple (2) positions, using the first one!
utility_to_osm - WARNING - ssr:stedsnr = 866151 has multiple (2) positions, using the first one!
utility_to_osm - WARNING - ssr:stedsnr = 866160 has multiple (2) positions, using the first one!
utility_to_osm - WARNING - ssr:stedsnr = 866167 has multiple (2) positions, using the first one!
utility_to_osm - ERROR - ssr:stedsnr = 866285: Adding multiple names to name tag, this is not OK! name = "Indrevågen;Vågen"
utility_to_osm - WARNING - ssr:stedsnr = 866285 has multiple (2) positions, using the first one!
utility_to_osm - ERROR - ssr:stedsnr = 866318: Adding multiple names to name tag, this is not OK! name = "Storholmen;Holmen"
utility_to_osm - WARNING - ssr:stedsnr = 866318 has multiple (2) positions, using the first one!
utility_to_osm - WARNING - ssr:stedsnr = 866567 has multiple (2) positions, using the first one!
utility_to_osm - WARNING - ssr:stedsnr = 866761 has multiple (2) positions, using the first one!
utility_to_osm - WARNING - ssr:stedsnr = 866762 has multiple (2) positions, using the first one!
utility_to_osm - WARNING - ssr:stedsnr = 866772 has multiple (2) positions, using the first one!
utility_to_osm - WARNING - ssr:stedsnr = 867024 has multiple (2) positions, using the first one!
utility_to_osm - WARNING - ssr:stedsnr = 867130 has multiple (2) positions, using the first one!
utility_to_osm - WARNING - ssr:stedsnr = 867133 has multiple (3) positions, using the first one!
utility_to_osm - WARNING - ssr:stedsnr = 867891 has multiple (2) positions, using the first one!
utility_to_osm - WARNING - ssr:stedsnr = 867897 has multiple (2) positions, using the first one!
utility_to_osm - WARNING - ssr:stedsnr = 867992 has multiple (2) positions, using the first one!
utility_to_osm - WARNING - ssr:stedsnr = 867996 has multiple (2) positions, using the first one!
utility_to_osm - WARNING - ssr:stedsnr = 867998 has multiple (2) positions, using the first one!
utility_to_osm - WARNING - ssr:stedsnr = 867271 has multiple (2) positions, using the first one!
utility_to_osm - WARNING - ssr:stedsnr = 867397 has multiple (3) positions, using the first one!
utility_to_osm - WARNING - ssr:stedsnr = 867427 has multiple (2) positions, using the first one!
utility_to_osm - WARNING - ssr:stedsnr = 867429 has multiple (2) positions, using the first one!
utility_to_osm - WARNING - ssr:stedsnr = 867568: No priority spelling found for lang = se, using alt_name to get "[('no', 'Hinnøya'), ('se', 'Iinnasuolu')]"
utility_to_osm - WARNING - ssr:stedsnr = 867568 has multiple (42) positions, using the first one!
utility_to_osm - WARNING - ssr:stedsnr = 867708 has multiple (2) positions, using the first one!
utility_to_osm - WARNING - ssr:stedsnr = 867829 has multiple (2) positions, using the first one!
utility_to_osm - WARNING - ssr:stedsnr = 867830 has multiple (2) positions, using the first one!
utility_to_osm - WARNING - ssr:stedsnr = 868097 has multiple (3) positions, using the first one!
utility_to_osm - ERROR - ssr:stedsnr = 885679: Adding multiple names to name tag, this is not OK! name = "Votten;Vottskjeret"
utility_to_osm - WARNING - ssr:stedsnr = 889094 has multiple (2) positions, using the first one!
utility_to_osm - WARNING - ssr:stedsnr = 938157: No priority spelling found for lang = no, using alt_name to get "[('no', 'Salen')]"
utility_to_osm - WARNING - ssr:stedsnr = 965600 has multiple (2) positions, using the first one!
utility_to_osm - WARNING - ssr:stedsnr = 1002187: No priority spelling found for lang = no, using alt_name to get "[('no', 'Holdøyveien')]"
utility_to_osm - ERROR - ssr:stedsnr = 1002187. No positions found, skipping
utility_to_osm - WARNING - ssr:stedsnr = 1002190: No priority spelling found for lang = no, using alt_name to get "[('no', 'Myrlandsveien')]"
utility_to_osm - ERROR - ssr:stedsnr = 1002190. No positions found, skipping
utility_to_osm - WARNING - ssr:stedsnr = 1002192: No priority spelling found for lang = no, using alt_name to get "[('no', 'Hanøyveien')]"
utility_to_osm - ERROR - ssr:stedsnr = 1002192. No positions found, skipping
utility_to_osm - WARNING - ssr:stedsnr = 1002197: No priority spelling found for lang = no, using alt_name to get "[('no', 'Fiskebølveien')]"
utility_to_osm - ERROR - ssr:stedsnr = 1002197. No positions found, skipping
utility_to_osm - WARNING - ssr:stedsnr = 1002201: No priority spelling found for lang = no, using alt_name to get "[('no', 'Pollveien')]"
utility_to_osm - ERROR - ssr:stedsnr = 1002201. No positions found, skipping
utility_to_osm - WARNING - ssr:stedsnr = 1002204: No priority spelling found for lang = no, using alt_name to get "[('no', 'Higravfjordveien')]"
utility_to_osm - ERROR - ssr:stedsnr = 1002204. No positions found, skipping
utility_to_osm - WARNING - ssr:stedsnr = 1002207: No priority spelling found for lang = no, using alt_name to get "[('no', 'Finnskarveien')]"
utility_to_osm - ERROR - ssr:stedsnr = 1002207. No positions found, skipping
utility_to_osm - ERROR - ssr:stedsnr = 1002365. No positions found, skipping
utility_to_osm - ERROR - ssr:stedsnr = 1002371. No positions found, skipping
utility_to_osm - ERROR - ssr:stedsnr = 1002375. No positions found, skipping
utility_to_osm - ERROR - ssr:stedsnr = 1002380. No positions found, skipping
utility_to_osm - ERROR - ssr:stedsnr = 1002395. No positions found, skipping
utility_to_osm - WARNING - ssr:stedsnr = 1002438: No priority spelling found for lang = no, using alt_name to get "[('no', 'Linerleveien')]"
utility_to_osm - ERROR - ssr:stedsnr = 1002438. No positions found, skipping
utility_to_osm - WARNING - ssr:stedsnr = 1002442: No priority spelling found for lang = no, using alt_name to get "[('no', 'Rådmann Ribsskogs vei')]"
utility_to_osm - ERROR - ssr:stedsnr = 1002442. No positions found, skipping
utility_to_osm - WARNING - ssr:stedsnr = 1002446: No priority spelling found for lang = no, using alt_name to get "[('no', 'Lerkeveien')]"
utility_to_osm - ERROR - ssr:stedsnr = 1002446. No positions found, skipping
utility_to_osm - ERROR - ssr:stedsnr = 1002452. No positions found, skipping
utility_to_osm - ERROR - ssr:stedsnr = 1002457. No positions found, skipping
utility_to_osm - ERROR - ssr:stedsnr = 1002466. No positions found, skipping
utility_to_osm - ERROR - ssr:stedsnr = 1002471. No positions found, skipping
utility_to_osm - ERROR - ssr:stedsnr = 1002476. No positions found, skipping
utility_to_osm - ERROR - ssr:stedsnr = 1002481. No positions found, skipping
utility_to_osm - ERROR - ssr:stedsnr = 1002973. No positions found, skipping
utility_to_osm - WARNING - ssr:stedsnr = 1002980: No priority spelling found for lang = no, using alt_name to get "[('no', 'Ingegjerd Solums vei')]"
utility_to_osm - ERROR - ssr:stedsnr = 1002980. No positions found, skipping
utility_to_osm - ERROR - ssr:stedsnr = 1002985. No positions found, skipping
utility_to_osm - ERROR - ssr:stedsnr = 1003038. No positions found, skipping
utility_to_osm - ERROR - ssr:stedsnr = 1003041. No positions found, skipping
utility_to_osm - WARNING - ssr:stedsnr = 1003044: No priority spelling found for lang = no, using alt_name to get "[('no', 'Storhaugen')]"
utility_to_osm - ERROR - ssr:stedsnr = 1003044. No positions found, skipping
utility_to_osm - ERROR - ssr:stedsnr = 1003052. No positions found, skipping
utility_to_osm - ERROR - ssr:stedsnr = 1002988. No positions found, skipping
utility_to_osm - ERROR - ssr:stedsnr = 1002992. No positions found, skipping
utility_to_osm - WARNING - ssr:stedsnr = 1002997: No priority spelling found for lang = no, using alt_name to get "[('no', "Olga Elvenes' vei")]"
utility_to_osm - ERROR - ssr:stedsnr = 1002997. No positions found, skipping
utility_to_osm - ERROR - ssr:stedsnr = 1003001. No positions found, skipping
utility_to_osm - WARNING - ssr:stedsnr = 1003003: No priority spelling found for lang = no, using alt_name to get "[('no', 'Solveig Kobberstads vei')]"
utility_to_osm - ERROR - ssr:stedsnr = 1003003. No positions found, skipping
utility_to_osm - ERROR - ssr:stedsnr = 1003008. No positions found, skipping
utility_to_osm - ERROR - ssr:stedsnr = 1003011. No positions found, skipping
utility_to_osm - ERROR - ssr:stedsnr = 1003013. No positions found, skipping
utility_to_osm - WARNING - ssr:stedsnr = 1003021: No priority spelling found for lang = no, using alt_name to get "[('no', 'Alvildes vei')]"
utility_to_osm - ERROR - ssr:stedsnr = 1003021. No positions found, skipping
utility_to_osm - WARNING - ssr:stedsnr = 1003023: No priority spelling found for lang = no, using alt_name to get "[('no', 'Esther Pettersens vei')]"
utility_to_osm - ERROR - ssr:stedsnr = 1003023. No positions found, skipping
utility_to_osm - WARNING - ssr:stedsnr = 1003028: No priority spelling found for lang = no, using alt_name to get "[('no', 'Løvetannveien')]"
utility_to_osm - ERROR - ssr:stedsnr = 1003028. No positions found, skipping
utility_to_osm - ERROR - ssr:stedsnr = 1003034. No positions found, skipping
utility_to_osm - ERROR - ssr:stedsnr = 1003056. No positions found, skipping
utility_to_osm - ERROR - ssr:stedsnr = 1003061. No positions found, skipping
utility_to_osm - ERROR - ssr:stedsnr = 1003064. No positions found, skipping
utility_to_osm - ERROR - ssr:stedsnr = 1003067. No positions found, skipping
utility_to_osm - ERROR - ssr:stedsnr = 1003071. No positions found, skipping
utility_to_osm - WARNING - ssr:stedsnr = 1003637: No priority spelling found for lang = no, using alt_name to get "[('no', 'Verkstedbakken')]"
utility_to_osm - ERROR - ssr:stedsnr = 1003637. No positions found, skipping
utility_to_osm - ERROR - ssr:stedsnr = 1003646. No positions found, skipping
utility_to_osm - ERROR - ssr:stedsnr = 1003648. No positions found, skipping
utility_to_osm - WARNING - ssr:stedsnr = 1003650: No priority spelling found for lang = no, using alt_name to get "[('no', 'Grønnåsen')]"
utility_to_osm - ERROR - ssr:stedsnr = 1003650. No positions found, skipping
utility_to_osm - WARNING - ssr:stedsnr = 1003654: No priority spelling found for lang = no, using alt_name to get "[('no', 'Hjellbergveien')]"
utility_to_osm - ERROR - ssr:stedsnr = 1003654. No positions found, skipping
utility_to_osm - ERROR - ssr:stedsnr = 1003752. No positions found, skipping
utility_to_osm - WARNING - ssr:stedsnr = 1003767: No priority spelling found for lang = no, using alt_name to get "[('no', 'John Giævers vei')]"
utility_to_osm - ERROR - ssr:stedsnr = 1003767. No positions found, skipping
utility_to_osm - ERROR - ssr:stedsnr = 1003769. No positions found, skipping
utility_to_osm - ERROR - ssr:stedsnr = 1003770. No positions found, skipping
utility_to_osm - ERROR - ssr:stedsnr = 1003771. No positions found, skipping
utility_to_osm - WARNING - ssr:stedsnr = 1003772: No priority spelling found for lang = no, using alt_name to get "[('no', 'Kirsten Thodes gate')]"
utility_to_osm - ERROR - ssr:stedsnr = 1003772. No positions found, skipping
utility_to_osm - WARNING - ssr:stedsnr = 1003773: No priority spelling found for lang = no, using alt_name to get "[('no', "Eline Reinsnes' vei")]"
utility_to_osm - ERROR - ssr:stedsnr = 1003773. No positions found, skipping
utility_to_osm - WARNING - ssr:stedsnr = 1003774: No priority spelling found for lang = no, using alt_name to get "[('no', 'Ivar Bergsmos gate')]"
utility_to_osm - ERROR - ssr:stedsnr = 1003774. No positions found, skipping
utility_to_osm - ERROR - ssr:stedsnr = 1003776. No positions found, skipping
utility_to_osm - ERROR - ssr:stedsnr = 1003777. No positions found, skipping
utility_to_osm - ERROR - ssr:stedsnr = 1003778. No positions found, skipping
utility_to_osm - ERROR - ssr:stedsnr = 1003779. No positions found, skipping
utility_to_osm - ERROR - ssr:stedsnr = 1003780. No positions found, skipping
utility_to_osm - ERROR - ssr:stedsnr = 1003781. No positions found, skipping
utility_to_osm - ERROR - ssr:stedsnr = 1003783. No positions found, skipping
utility_to_osm - ERROR - ssr:stedsnr = 1003784. No positions found, skipping
utility_to_osm - ERROR - ssr:stedsnr = 1003786. No positions found, skipping
utility_to_osm - WARNING - ssr:stedsnr = 1003787: No priority spelling found for lang = no, using alt_name to get "[('no', 'Red. Stavems gate')]"
utility_to_osm - ERROR - ssr:stedsnr = 1003787. No positions found, skipping
utility_to_osm - WARNING - ssr:stedsnr = 1003788: No priority spelling found for lang = no, using alt_name to get "[('no', 'Richard Withs gate')]"
utility_to_osm - ERROR - ssr:stedsnr = 1003788. No positions found, skipping
utility_to_osm - ERROR - ssr:stedsnr = 1003789. No positions found, skipping
utility_to_osm - ERROR - ssr:stedsnr = 1003791. No positions found, skipping
utility_to_osm - ERROR - ssr:stedsnr = 1003792. No positions found, skipping
utility_to_osm - ERROR - ssr:stedsnr = 1003794. No positions found, skipping
utility_to_osm - ERROR - ssr:stedsnr = 1003796. No positions found, skipping
utility_to_osm - ERROR - ssr:stedsnr = 1003797. No positions found, skipping
utility_to_osm - ERROR - ssr:stedsnr = 1003798. No positions found, skipping
utility_to_osm - ERROR - ssr:stedsnr = 1003800. No positions found, skipping
utility_to_osm - ERROR - ssr:stedsnr = 1003801. No positions found, skipping
utility_to_osm - ERROR - ssr:stedsnr = 1003802. No positions found, skipping
utility_to_osm - ERROR - ssr:stedsnr = 1003803. No positions found, skipping
utility_to_osm - ERROR - ssr:stedsnr = 1003804. No positions found, skipping
utility_to_osm - ERROR - ssr:stedsnr = 1003805. No positions found, skipping
utility_to_osm - WARNING - ssr:stedsnr = 1003806: No priority spelling found for lang = no, using alt_name to get "[('no', 'Los Holtes vei')]"
utility_to_osm - ERROR - ssr:stedsnr = 1003806. No positions found, skipping
utility_to_osm - WARNING - ssr:stedsnr = 1003807: No priority spelling found for lang = no, using alt_name to get "[('no', 'Regine Normanns vei')]"
utility_to_osm - ERROR - ssr:stedsnr = 1003807. No positions found, skipping
utility_to_osm - ERROR - ssr:stedsnr = 1003808. No positions found, skipping
utility_to_osm - ERROR - ssr:stedsnr = 1003809. No positions found, skipping
utility_to_osm - ERROR - ssr:stedsnr = 1003811. No positions found, skipping
utility_to_osm - ERROR - ssr:stedsnr = 1003812. No positions found, skipping
utility_to_osm - ERROR - ssr:stedsnr = 1003814. No positions found, skipping
utility_to_osm - ERROR - ssr:stedsnr = 1003816. No positions found, skipping
utility_to_osm - ERROR - ssr:stedsnr = 1003817. No positions found, skipping
utility_to_osm - ERROR - ssr:stedsnr = 1003818. No positions found, skipping
utility_to_osm - WARNING - ssr:stedsnr = 1003820: No priority spelling found for lang = no, using alt_name to get "[('no', 'Søndre gate')]"
utility_to_osm - ERROR - ssr:stedsnr = 1003820. No positions found, skipping
utility_to_osm - ERROR - ssr:stedsnr = 1003821. No positions found, skipping
utility_to_osm - ERROR - ssr:stedsnr = 1003822. No positions found, skipping
utility_to_osm - ERROR - ssr:stedsnr = 1003824. No positions found, skipping
utility_to_osm - WARNING - ssr:stedsnr = 1003825: No priority spelling found for lang = no, using alt_name to get "[('no', 'Anna Nords vei')]"
utility_to_osm - ERROR - ssr:stedsnr = 1003825. No positions found, skipping
utility_to_osm - ERROR - ssr:stedsnr = 1003827. No positions found, skipping
utility_to_osm - ERROR - ssr:stedsnr = 1003828. No positions found, skipping
utility_to_osm - ERROR - ssr:stedsnr = 1005189. No positions found, skipping
utility_to_osm - ERROR - ssr:stedsnr = 1005191. No positions found, skipping
utility_to_osm - ERROR - ssr:stedsnr = 1005194. No positions found, skipping
utility_to_osm - ERROR - ssr:stedsnr = 1005196. No positions found, skipping
utility_to_osm - ERROR - ssr:stedsnr = 1005197. No positions found, skipping
utility_to_osm - ERROR - ssr:stedsnr = 1005200. No positions found, skipping
utility_to_osm - ERROR - ssr:stedsnr = 1005202. No positions found, skipping
utility_to_osm - WARNING - ssr:stedsnr = 1005203: No priority spelling found for lang = no, using alt_name to get "[('no', 'Mary Pettersens vei')]"
utility_to_osm - ERROR - ssr:stedsnr = 1005203. No positions found, skipping
utility_to_osm - WARNING - ssr:stedsnr = 1005206: No priority spelling found for lang = no, using alt_name to get "[('no', 'Ingeborg Holdøs vei')]"
utility_to_osm - ERROR - ssr:stedsnr = 1005206. No positions found, skipping
utility_to_osm - ERROR - ssr:stedsnr = 1005207. No positions found, skipping
utility_to_osm - ERROR - ssr:stedsnr = 1005209. No positions found, skipping
utility_to_osm - ERROR - ssr:stedsnr = 1005212. No positions found, skipping
utility_to_osm - ERROR - ssr:stedsnr = 1005214. No positions found, skipping
utility_to_osm - WARNING - ssr:stedsnr = 1005216: No priority spelling found for lang = no, using alt_name to get "[('no', 'M. Frederiksens alle')]"
utility_to_osm - ERROR - ssr:stedsnr = 1005216. No positions found, skipping
utility_to_osm - ERROR - ssr:stedsnr = 1005218. No positions found, skipping
utility_to_osm - ERROR - ssr:stedsnr = 1005220. No positions found, skipping
utility_to_osm - WARNING - ssr:stedsnr = 1005228: No priority spelling found for lang = no, using alt_name to get "[('no', 'Haugveien')]"
utility_to_osm - ERROR - ssr:stedsnr = 1005228. No positions found, skipping
utility_to_osm - WARNING - ssr:stedsnr = 1005230: No priority spelling found for lang = no, using alt_name to get "[('no', 'Heggveien')]"
utility_to_osm - ERROR - ssr:stedsnr = 1005230. No positions found, skipping
utility_to_osm - WARNING - ssr:stedsnr = 1005232: No priority spelling found for lang = no, using alt_name to get "[('no', 'Bryggegata')]"
utility_to_osm - ERROR - ssr:stedsnr = 1005232. No positions found, skipping
utility_to_osm - WARNING - ssr:stedsnr = 1005235: No priority spelling found for lang = no, using alt_name to get "[('no', 'Vikaveien')]"
utility_to_osm - ERROR - ssr:stedsnr = 1005235. No positions found, skipping
utility_to_osm - WARNING - ssr:stedsnr = 1005001: No priority spelling found for lang = no, using alt_name to get "[('no', 'Gulstadveien')]"
utility_to_osm - ERROR - ssr:stedsnr = 1005001. No positions found, skipping
utility_to_osm - WARNING - ssr:stedsnr = 1005005: No priority spelling found for lang = no, using alt_name to get "[('no', 'Torvhaugveien')]"
utility_to_osm - ERROR - ssr:stedsnr = 1005005. No positions found, skipping
utility_to_osm - WARNING - ssr:stedsnr = 1005009: No priority spelling found for lang = no, using alt_name to get "[('no', 'Hanna Davidsens gate')]"
utility_to_osm - ERROR - ssr:stedsnr = 1005009. No positions found, skipping
utility_to_osm - WARNING - ssr:stedsnr = 1005013: No priority spelling found for lang = no, using alt_name to get "[('no', 'Brattbakken')]"
utility_to_osm - ERROR - ssr:stedsnr = 1005013. No positions found, skipping
utility_to_osm - WARNING - ssr:stedsnr = 1005018: No priority spelling found for lang = no, using alt_name to get "[('no', 'Knausenveien')]"
utility_to_osm - ERROR - ssr:stedsnr = 1005018. No positions found, skipping
utility_to_osm - WARNING - ssr:stedsnr = 1005025: No priority spelling found for lang = no, using alt_name to get "[('no', 'Knausenfaret')]"
utility_to_osm - ERROR - ssr:stedsnr = 1005025. No positions found, skipping
utility_to_osm - WARNING - ssr:stedsnr = 1005028: No priority spelling found for lang = no, using alt_name to get "[('no', 'Hilda Bakkens vei')]"
utility_to_osm - ERROR - ssr:stedsnr = 1005028. No positions found, skipping
utility_to_osm - WARNING - ssr:stedsnr = 1005032: No priority spelling found for lang = no, using alt_name to get "[('no', 'Frida Svendsens vei')]"
utility_to_osm - ERROR - ssr:stedsnr = 1005032. No positions found, skipping
utility_to_osm - WARNING - ssr:stedsnr = 1005045: No priority spelling found for lang = no, using alt_name to get "[('no', 'Øyenveien')]"
utility_to_osm - ERROR - ssr:stedsnr = 1005045. No positions found, skipping
utility_to_osm - WARNING - ssr:stedsnr = 1005081: No priority spelling found for lang = no, using alt_name to get "[('no', 'Husbyveien')]"
utility_to_osm - ERROR - ssr:stedsnr = 1005081. No positions found, skipping
utility_to_osm - WARNING - ssr:stedsnr = 1005095: No priority spelling found for lang = no, using alt_name to get "[('no', 'Skolebakken')]"
utility_to_osm - ERROR - ssr:stedsnr = 1005095. No positions found, skipping
utility_to_osm - WARNING - ssr:stedsnr = 1005099: No priority spelling found for lang = no, using alt_name to get "[('no', 'Sjøhaugen')]"
utility_to_osm - ERROR - ssr:stedsnr = 1005099. No positions found, skipping
utility_to_osm - WARNING - ssr:stedsnr = 1005104: No priority spelling found for lang = no, using alt_name to get "[('no', 'Hestneset')]"
utility_to_osm - ERROR - ssr:stedsnr = 1005104. No positions found, skipping
utility_to_osm - WARNING - ssr:stedsnr = 1005109: No priority spelling found for lang = no, using alt_name to get "[('no', 'Buskhaugen')]"
utility_to_osm - ERROR - ssr:stedsnr = 1005109. No positions found, skipping
utility_to_osm - WARNING - ssr:stedsnr = 1005113: No priority spelling found for lang = no, using alt_name to get "[('no', 'Strandbakken')]"
utility_to_osm - ERROR - ssr:stedsnr = 1005113. No positions found, skipping
utility_to_osm - WARNING - ssr:stedsnr = 1005117: No priority spelling found for lang = no, using alt_name to get "[('no', 'Ingaveien')]"
utility_to_osm - ERROR - ssr:stedsnr = 1005117. No positions found, skipping
utility_to_osm - WARNING - ssr:stedsnr = 1005122: No priority spelling found for lang = no, using alt_name to get "[('no', 'Spinneribakken')]"
utility_to_osm - ERROR - ssr:stedsnr = 1005122. No positions found, skipping
utility_to_osm - WARNING - ssr:stedsnr = 1005129: No priority spelling found for lang = no, using alt_name to get "[('no', 'Røaveien')]"
utility_to_osm - ERROR - ssr:stedsnr = 1005129. No positions found, skipping
utility_to_osm - ERROR - ssr:stedsnr = 1005387. No positions found, skipping
utility_to_osm - ERROR - ssr:stedsnr = 1005390. No positions found, skipping
utility_to_osm - WARNING - ssr:stedsnr = 1005395: No priority spelling found for lang = no, using alt_name to get "[('no', 'Esther H. Iversens vei')]"
utility_to_osm - ERROR - ssr:stedsnr = 1005395. No positions found, skipping
utility_to_osm - ERROR - ssr:stedsnr = 1005399. No positions found, skipping
utility_to_osm - ERROR - ssr:stedsnr = 1005402. No positions found, skipping
utility_to_osm - ERROR - ssr:stedsnr = 1005405. No positions found, skipping
utility_to_osm - ERROR - ssr:stedsnr = 1005408. No positions found, skipping
utility_to_osm - ERROR - ssr:stedsnr = 1005411. No positions found, skipping
utility_to_osm - ERROR - ssr:stedsnr = 1005415. No positions found, skipping
utility_to_osm - WARNING - ssr:stedsnr = 1005418: No priority spelling found for lang = no, using alt_name to get "[('no', 'Chr. Frederiksens gate')]"
utility_to_osm - ERROR - ssr:stedsnr = 1005418. No positions found, skipping
utility_to_osm - ERROR - ssr:stedsnr = 1005421. No positions found, skipping
utility_to_osm - ERROR - ssr:stedsnr = 1005428. No positions found, skipping
utility_to_osm - WARNING - ssr:stedsnr = 1005237: No priority spelling found for lang = no, using alt_name to get "[('no', 'Riarhaugen')]"
utility_to_osm - ERROR - ssr:stedsnr = 1005237. No positions found, skipping
utility_to_osm - WARNING - ssr:stedsnr = 1005239: No priority spelling found for lang = no, using alt_name to get "[('no', 'Solstien')]"
utility_to_osm - ERROR - ssr:stedsnr = 1005239. No positions found, skipping
utility_to_osm - ERROR - ssr:stedsnr = 1005241. No positions found, skipping
utility_to_osm - WARNING - ssr:stedsnr = 1005242: No priority spelling found for lang = no, using alt_name to get "[('no', 'Bergveien')]"
utility_to_osm - ERROR - ssr:stedsnr = 1005242. No positions found, skipping
utility_to_osm - ERROR - ssr:stedsnr = 1005244. No positions found, skipping
utility_to_osm - ERROR - ssr:stedsnr = 1005247. No positions found, skipping
utility_to_osm - WARNING - ssr:stedsnr = 1005964: No priority spelling found for lang = no, using alt_name to get "[('no', 'Hadselfjordveien')]"
utility_to_osm - ERROR - ssr:stedsnr = 1005964. No positions found, skipping
utility_to_osm - WARNING - ssr:stedsnr = 1005967: No priority spelling found for lang = no, using alt_name to get "[('no', 'Yttersida')]"
utility_to_osm - ERROR - ssr:stedsnr = 1005967. No positions found, skipping
utility_to_osm - WARNING - ssr:stedsnr = 1005970: No priority spelling found for lang = no, using alt_name to get "[('no', 'Vatndalsveien')]"
utility_to_osm - ERROR - ssr:stedsnr = 1005970. No positions found, skipping
utility_to_osm - WARNING - ssr:stedsnr = 1005978: No priority spelling found for lang = no, using alt_name to get "[('no', 'Lekangveien')]"
utility_to_osm - ERROR - ssr:stedsnr = 1005978. No positions found, skipping
utility_to_osm - WARNING - ssr:stedsnr = 1006289: No priority spelling found for lang = no, using alt_name to get "[('no', 'Haukenes')]"
utility_to_osm - ERROR - ssr:stedsnr = 1006289. No positions found, skipping
utility_to_osm - WARNING - ssr:stedsnr = 1006291: No priority spelling found for lang = no, using alt_name to get "[('no', 'Grytting')]"
utility_to_osm - ERROR - ssr:stedsnr = 1006291. No positions found, skipping
utility_to_osm - WARNING - ssr:stedsnr = 1006293: No priority spelling found for lang = no, using alt_name to get "[('no', 'Gjerstad')]"
utility_to_osm - ERROR - ssr:stedsnr = 1006293. No positions found, skipping
utility_to_osm - WARNING - ssr:stedsnr = 1006295: No priority spelling found for lang = no, using alt_name to get "[('no', 'Gjerstadveien')]"
utility_to_osm - ERROR - ssr:stedsnr = 1006295. No positions found, skipping
utility_to_osm - WARNING - ssr:stedsnr = 1006300: No priority spelling found for lang = no, using alt_name to get "[('no', 'Eidsfjordveien')]"
utility_to_osm - ERROR - ssr:stedsnr = 1006300. No positions found, skipping
utility_to_osm - WARNING - ssr:stedsnr = 1006301: No priority spelling found for lang = no, using alt_name to get "[('no', 'Skagen')]"
utility_to_osm - ERROR - ssr:stedsnr = 1006301. No positions found, skipping
utility_to_osm - WARNING - ssr:stedsnr = 1006336: No priority spelling found for lang = no, using alt_name to get "[('no', 'Sørliveien')]"
utility_to_osm - ERROR - ssr:stedsnr = 1006336. No positions found, skipping
utility_to_osm - WARNING - ssr:stedsnr = 1006338: No priority spelling found for lang = no, using alt_name to get "[('no', 'Nordliveien')]"
utility_to_osm - ERROR - ssr:stedsnr = 1006338. No positions found, skipping
utility_to_osm - WARNING - ssr:stedsnr = 1006340: No priority spelling found for lang = no, using alt_name to get "[('no', 'Nedre Skagen')]"
utility_to_osm - ERROR - ssr:stedsnr = 1006340. No positions found, skipping
utility_to_osm - WARNING - ssr:stedsnr = 1006356: No priority spelling found for lang = no, using alt_name to get "[('no', 'Moveien')]"
utility_to_osm - ERROR - ssr:stedsnr = 1006356. No positions found, skipping
utility_to_osm - WARNING - ssr:stedsnr = 1006357: No priority spelling found for lang = no, using alt_name to get "[('no', 'Kjørstadveien')]"
utility_to_osm - ERROR - ssr:stedsnr = 1006357. No positions found, skipping
utility_to_osm - WARNING - ssr:stedsnr = 1006316: No priority spelling found for lang = no, using alt_name to get "[('no', 'Fleinesskaga')]"
utility_to_osm - ERROR - ssr:stedsnr = 1006316. No positions found, skipping
utility_to_osm - WARNING - ssr:stedsnr = 1006318: No priority spelling found for lang = no, using alt_name to get "[('no', 'Kvalsøyveien')]"
utility_to_osm - ERROR - ssr:stedsnr = 1006318. No positions found, skipping
utility_to_osm - WARNING - ssr:stedsnr = 1006329: No priority spelling found for lang = no, using alt_name to get "[('no', 'Markmarka')]"
utility_to_osm - ERROR - ssr:stedsnr = 1006329. No positions found, skipping
utility_to_osm - WARNING - ssr:stedsnr = 1006334: No priority spelling found for lang = no, using alt_name to get "[('no', 'Skogelvbakken')]"
utility_to_osm - ERROR - ssr:stedsnr = 1006334. No positions found, skipping
utility_to_osm - WARNING - ssr:stedsnr = 1006496: No priority spelling found for lang = no, using alt_name to get "[('no', 'Bitterstadveien')]"
utility_to_osm - ERROR - ssr:stedsnr = 1006496. No positions found, skipping
utility_to_osm - WARNING - ssr:stedsnr = 1006498: No priority spelling found for lang = no, using alt_name to get "[('no', 'Bjønnåsen')]"
utility_to_osm - ERROR - ssr:stedsnr = 1006498. No positions found, skipping
utility_to_osm - WARNING - ssr:stedsnr = 1006500: No priority spelling found for lang = no, using alt_name to get "[('no', 'Sandnesåsen')]"
utility_to_osm - ERROR - ssr:stedsnr = 1006500. No positions found, skipping
utility_to_osm - WARNING - ssr:stedsnr = 1006501: No priority spelling found for lang = no, using alt_name to get "[('no', 'Gangaråsen')]"
utility_to_osm - ERROR - ssr:stedsnr = 1006501. No positions found, skipping
utility_to_osm - WARNING - ssr:stedsnr = 1006502: No priority spelling found for lang = no, using alt_name to get "[('no', 'Sjyveien')]"
utility_to_osm - ERROR - ssr:stedsnr = 1006502. No positions found, skipping
utility_to_osm - WARNING - ssr:stedsnr = 1006503: No priority spelling found for lang = no, using alt_name to get "[('no', 'Åsendveien')]"
utility_to_osm - ERROR - ssr:stedsnr = 1006503. No positions found, skipping
utility_to_osm - WARNING - ssr:stedsnr = 1006511: No priority spelling found for lang = no, using alt_name to get "[('no', 'Holmsnesveien')]"
utility_to_osm - ERROR - ssr:stedsnr = 1006511. No positions found, skipping
utility_to_osm - WARNING - ssr:stedsnr = 1006512: No priority spelling found for lang = no, using alt_name to get "[('no', 'Solbakken')]"
utility_to_osm - ERROR - ssr:stedsnr = 1006512. No positions found, skipping
utility_to_osm - WARNING - ssr:stedsnr = 1006515: No priority spelling found for lang = no, using alt_name to get "[('no', 'Aspåsen')]"
utility_to_osm - ERROR - ssr:stedsnr = 1006515. No positions found, skipping
utility_to_osm - WARNING - ssr:stedsnr = 1006516: No priority spelling found for lang = no, using alt_name to get "[('no', 'Sandnesveien')]"
utility_to_osm - ERROR - ssr:stedsnr = 1006516. No positions found, skipping
utility_to_osm - WARNING - ssr:stedsnr = 1006517: No priority spelling found for lang = no, using alt_name to get "[('no', 'Øver-Holmsnes')]"
utility_to_osm - ERROR - ssr:stedsnr = 1006517. No positions found, skipping
utility_to_osm - ERROR - ssr:stedsnr = 1006540. No positions found, skipping
utility_to_osm - WARNING - ssr:stedsnr = 1006518: No priority spelling found for lang = no, using alt_name to get "[('no', 'Bjørnhaugen')]"
utility_to_osm - ERROR - ssr:stedsnr = 1006518. No positions found, skipping
utility_to_osm - ERROR - ssr:stedsnr = 1006529. No positions found, skipping
utility_to_osm - WARNING - ssr:stedsnr = 1006793: No priority spelling found for lang = no, using alt_name to get "[('no', 'Nipveien')]"
utility_to_osm - ERROR - ssr:stedsnr = 1006793. No positions found, skipping
utility_to_osm - WARNING - ssr:stedsnr = 1006795: No priority spelling found for lang = no, using alt_name to get "[('no', 'Sæterveien')]"
utility_to_osm - ERROR - ssr:stedsnr = 1006795. No positions found, skipping
utility_to_osm - WARNING - ssr:stedsnr = 1006800: No priority spelling found for lang = no, using alt_name to get "[('no', 'Brottøya')]"
utility_to_osm - ERROR - ssr:stedsnr = 1006800. No positions found, skipping
utility_to_osm - WARNING - ssr:stedsnr = 1006809: No priority spelling found for lang = no, using alt_name to get "[('no', 'Kongsmarkveien')]"
utility_to_osm - ERROR - ssr:stedsnr = 1006809. No positions found, skipping
utility_to_osm - WARNING - ssr:stedsnr = 1006811: No priority spelling found for lang = no, using alt_name to get "[('no', 'Fløvassveien')]"
utility_to_osm - ERROR - ssr:stedsnr = 1006811. No positions found, skipping
utility_to_osm - WARNING - ssr:stedsnr = 1006812: No priority spelling found for lang = no, using alt_name to get "[('no', 'Raftsundveien')]"
utility_to_osm - ERROR - ssr:stedsnr = 1006812. No positions found, skipping
utility_to_osm - WARNING - ssr:stedsnr = 1006813: No priority spelling found for lang = no, using alt_name to get "[('no', 'Møysalveien')]"
utility_to_osm - ERROR - ssr:stedsnr = 1006813. No positions found, skipping
utility_to_osm - WARNING - ssr:stedsnr = 1073728: No priority spelling found for lang = no, using alt_name to get "[('no', 'Havelleveien')]"
utility_to_osm - WARNING - ssr:stedsnr = 1073729: No priority spelling found for lang = no, using alt_name to get "[('no', 'Stærveien')]"
utility_to_osm - WARNING - ssr:stedsnr = 1073731: No priority spelling found for lang = no, using alt_name to get "[('no', 'Myrsnipesvingen')]"
utility_to_osm - WARNING - ssr:stedsnr = 1079767: No priority spelling found for lang = no, using alt_name to get "[('no', 'Vei 6170')]"
utility_to_osm - WARNING - ssr:stedsnr = 1080742: No priority spelling found for lang = no, using alt_name to get "[('no', 'Elvosen')]"
utility_to_osm - WARNING - ssr:stedsnr = 1080743: No priority spelling found for lang = no, using alt_name to get "[('no', 'Vei 1009')]"
utility_to_osm - ERROR - ssr:stedsnr = 1080475. No positions found, skipping
utility_to_osm - WARNING - ssr:stedsnr = 1080503: No priority spelling found for lang = no, using alt_name to get "[('no', 'Møysalen statsgrunn')]"
utility_to_osm - ERROR - ssr:stedsnr = 1080503. No positions found, skipping
utility_to_osm - WARNING - ssr:stedsnr = 1081129: No priority spelling found for lang = no, using alt_name to get "[('no', 'Vei 5224')]"
utility_to_osm - WARNING - ssr:stedsnr = 1082099: No priority spelling found for lang = no, using alt_name to get "[('no', 'Sjyveien')]"
utility_to_osm - WARNING - ssr:stedsnr = 1082101: No priority spelling found for lang = no, using alt_name to get "[('no', 'Sjyveien')]"
