utility_to_osm - ERROR - ERROR, no ending in ssr2_to_osm_data/data/1547/1547-ssr.xml? Trying to re-download
utility_to_osm - WARNING - ssr:stedsnr = 229742: No priority spelling found for lang = no, using alt_name to get "[('no', 'Landmeden')]"
utility_to_osm - WARNING - ssr:stedsnr = 229742 has multiple (3) positions, using the first one!
utility_to_osm - WARNING - ssr:stedsnr = 11138: No priority spelling found for lang = no, using alt_name to get "[('no', 'Orsholmen')]"
utility_to_osm - WARNING - ssr:stedsnr = 11138 has multiple (3) positions, using the first one!
utility_to_osm - WARNING - ssr:stedsnr = 11300 has multiple (2) positions, using the first one!
utility_to_osm - WARNING - ssr:stedsnr = 11400 has multiple (2) positions, using the first one!
utility_to_osm - WARNING - ssr:stedsnr = 11804: No priority spelling found for lang = no, using alt_name to get "[('no', 'Buktin')]"
utility_to_osm - WARNING - ssr:stedsnr = 11804 has multiple (2) positions, using the first one!
utility_to_osm - WARNING - ssr:stedsnr = 11805 has multiple (2) positions, using the first one!
utility_to_osm - WARNING - ssr:stedsnr = 11823 has multiple (2) positions, using the first one!
utility_to_osm - WARNING - ssr:stedsnr = 11775: No priority spelling found for lang = no, using alt_name to get "[('no', 'Nerbøen')]"
utility_to_osm - WARNING - ssr:stedsnr = 11779 has multiple (12) positions, using the first one!
utility_to_osm - WARNING - ssr:stedsnr = 12208: No priority spelling found for lang = no, using alt_name to get "[('no', 'Utheim')]"
utility_to_osm - WARNING - ssr:stedsnr = 12208 has multiple (2) positions, using the first one!
utility_to_osm - WARNING - ssr:stedsnr = 12820: No priority spelling found for lang = no, using alt_name to get "[('no', 'Småsundholman')]"
utility_to_osm - WARNING - ssr:stedsnr = 12820 has multiple (2) positions, using the first one!
utility_to_osm - WARNING - ssr:stedsnr = 20452: No priority spelling found for lang = no, using alt_name to get "[('no', 'Torhaugmyra')]"
utility_to_osm - WARNING - ssr:stedsnr = 25871 has multiple (3) positions, using the first one!
utility_to_osm - WARNING - ssr:stedsnr = 29217: No priority spelling found for lang = no, using alt_name to get "[('no', 'Fangholbrua')]"
utility_to_osm - WARNING - ssr:stedsnr = 42592: No priority spelling found for lang = no, using alt_name to get "[('no', 'Vollan'), ('no', 'Medvoll')]"
utility_to_osm - ERROR - ssr:stedsnr = 42592: Adding multiple names to name tag, this is not OK! name = "Vollan;Medvoll"
utility_to_osm - WARNING - ssr:stedsnr = 47604: No priority spelling found for lang = no, using alt_name to get "[('no', 'Sandskjærflua')]"
utility_to_osm - ERROR - ssr:stedsnr = 59519. No positions found, skipping
utility_to_osm - ERROR - ssr:stedsnr = 241496. No positions found, skipping
utility_to_osm - WARNING - ssr:stedsnr = 72218 has multiple (2) positions, using the first one!
utility_to_osm - WARNING - ssr:stedsnr = 72221 has multiple (2) positions, using the first one!
utility_to_osm - WARNING - ssr:stedsnr = 72224 has multiple (2) positions, using the first one!
utility_to_osm - WARNING - ssr:stedsnr = 72733: No priority spelling found for lang = no, using alt_name to get "[('no', 'Teistholmen')]"
utility_to_osm - WARNING - ssr:stedsnr = 72733 has multiple (2) positions, using the first one!
utility_to_osm - WARNING - ssr:stedsnr = 72818: No priority spelling found for lang = no, using alt_name to get "[('no', 'Korsvika')]"
utility_to_osm - WARNING - ssr:stedsnr = 72818 has multiple (2) positions, using the first one!
utility_to_osm - WARNING - ssr:stedsnr = 101360: No priority spelling found for lang = no, using alt_name to get "[('no', 'Sørsidevegen')]"
utility_to_osm - ERROR - ssr:stedsnr = 102404. No positions found, skipping
utility_to_osm - WARNING - ssr:stedsnr = 132302: No priority spelling found for lang = no, using alt_name to get "[('no', 'Kippen')]"
utility_to_osm - WARNING - ssr:stedsnr = 132302 has multiple (2) positions, using the first one!
utility_to_osm - WARNING - ssr:stedsnr = 132206: No priority spelling found for lang = no, using alt_name to get "[('no', 'Løvika')]"
utility_to_osm - WARNING - ssr:stedsnr = 132753: No priority spelling found for lang = no, using alt_name to get "[('no', 'Rødabukta')]"
utility_to_osm - WARNING - ssr:stedsnr = 132753 has multiple (5) positions, using the first one!
utility_to_osm - WARNING - ssr:stedsnr = 133824 has multiple (2) positions, using the first one!
utility_to_osm - WARNING - ssr:stedsnr = 254194: No priority spelling found for lang = no, using alt_name to get "[('no', 'Dyrholmen')]"
utility_to_osm - WARNING - ssr:stedsnr = 254194 has multiple (2) positions, using the first one!
utility_to_osm - WARNING - ssr:stedsnr = 254196 has multiple (2) positions, using the first one!
utility_to_osm - WARNING - ssr:stedsnr = 254198: No priority spelling found for lang = no, using alt_name to get "[('no', 'Kalvskjæra')]"
utility_to_osm - WARNING - ssr:stedsnr = 254198 has multiple (3) positions, using the first one!
utility_to_osm - WARNING - ssr:stedsnr = 254348: No priority spelling found for lang = no, using alt_name to get "[('no', 'Leikufluna')]"
utility_to_osm - WARNING - ssr:stedsnr = 254348 has multiple (2) positions, using the first one!
utility_to_osm - WARNING - ssr:stedsnr = 254773: No priority spelling found for lang = no, using alt_name to get "[('no', 'Falkhytta')]"
utility_to_osm - WARNING - ssr:stedsnr = 254773 has multiple (4) positions, using the first one!
utility_to_osm - WARNING - ssr:stedsnr = 254786: No priority spelling found for lang = no, using alt_name to get "[('no', 'Hamneskjæra')]"
utility_to_osm - WARNING - ssr:stedsnr = 254786 has multiple (2) positions, using the first one!
utility_to_osm - WARNING - ssr:stedsnr = 254842: No priority spelling found for lang = no, using alt_name to get "[('no', 'Krabbetjønnholmen')]"
utility_to_osm - WARNING - ssr:stedsnr = 254842 has multiple (3) positions, using the first one!
utility_to_osm - WARNING - ssr:stedsnr = 145533 has multiple (3) positions, using the first one!
utility_to_osm - WARNING - ssr:stedsnr = 255890 has multiple (2) positions, using the first one!
utility_to_osm - WARNING - ssr:stedsnr = 227545: No priority spelling found for lang = no, using alt_name to get "[('no', 'Kattskjæret')]"
utility_to_osm - ERROR - ssr:stedsnr = 241507. No positions found, skipping
utility_to_osm - WARNING - ssr:stedsnr = 254105: No priority spelling found for lang = no, using alt_name to get "[('no', 'Sandskjæret')]"
utility_to_osm - WARNING - ssr:stedsnr = 254105 has multiple (2) positions, using the first one!
utility_to_osm - WARNING - ssr:stedsnr = 254291: No priority spelling found for lang = no, using alt_name to get "[('no', 'Galderskjæra')]"
utility_to_osm - WARNING - ssr:stedsnr = 254291 has multiple (2) positions, using the first one!
utility_to_osm - WARNING - ssr:stedsnr = 254299 has multiple (2) positions, using the first one!
utility_to_osm - WARNING - ssr:stedsnr = 254404 has multiple (2) positions, using the first one!
utility_to_osm - WARNING - ssr:stedsnr = 254414 has multiple (2) positions, using the first one!
utility_to_osm - WARNING - ssr:stedsnr = 255865 has multiple (4) positions, using the first one!
utility_to_osm - WARNING - ssr:stedsnr = 255869 has multiple (2) positions, using the first one!
utility_to_osm - WARNING - ssr:stedsnr = 460427: No priority spelling found for lang = no, using alt_name to get "[('no', 'Årgårdsvika')]"
utility_to_osm - WARNING - ssr:stedsnr = 460439 has multiple (2) positions, using the first one!
utility_to_osm - WARNING - ssr:stedsnr = 460742 has multiple (2) positions, using the first one!
utility_to_osm - WARNING - ssr:stedsnr = 288492: No priority spelling found for lang = no, using alt_name to get "[('no', 'Kivskjæret')]"
utility_to_osm - WARNING - ssr:stedsnr = 290530: No priority spelling found for lang = no, using alt_name to get "[('no', 'Solskjærfluin')]"
utility_to_osm - WARNING - ssr:stedsnr = 302517: No priority spelling found for lang = no, using alt_name to get "[('no', 'Stongnesvegen')]"
utility_to_osm - ERROR - ssr:stedsnr = 302517. No positions found, skipping
utility_to_osm - ERROR - ssr:stedsnr = 465374. No positions found, skipping
utility_to_osm - WARNING - ssr:stedsnr = 466356: No priority spelling found for lang = no, using alt_name to get "[('no', 'Hollingsetervegen')]"
utility_to_osm - ERROR - ssr:stedsnr = 466356. No positions found, skipping
utility_to_osm - WARNING - ssr:stedsnr = 314824: No priority spelling found for lang = no, using alt_name to get "[('no', 'Midtfjordskjæra')]"
utility_to_osm - WARNING - ssr:stedsnr = 315208 has multiple (2) positions, using the first one!
utility_to_osm - WARNING - ssr:stedsnr = 315220: No priority spelling found for lang = no, using alt_name to get "[('no', 'Sjursholmen')]"
utility_to_osm - WARNING - ssr:stedsnr = 315220 has multiple (2) positions, using the first one!
utility_to_osm - WARNING - ssr:stedsnr = 315223: No priority spelling found for lang = no, using alt_name to get "[('no', 'Langøyan')]"
utility_to_osm - WARNING - ssr:stedsnr = 315223 has multiple (2) positions, using the first one!
utility_to_osm - WARNING - ssr:stedsnr = 315802: No priority spelling found for lang = no, using alt_name to get "[('no', 'Nørdre Helløya')]"
utility_to_osm - WARNING - ssr:stedsnr = 315802 has multiple (3) positions, using the first one!
utility_to_osm - WARNING - ssr:stedsnr = 315803: No priority spelling found for lang = no, using alt_name to get "[('no', 'Vetholmen')]"
utility_to_osm - WARNING - ssr:stedsnr = 315803 has multiple (2) positions, using the first one!
utility_to_osm - WARNING - ssr:stedsnr = 333251: No priority spelling found for lang = no, using alt_name to get "[('no', 'Karlsholmbrua')]"
utility_to_osm - WARNING - ssr:stedsnr = 471696: No priority spelling found for lang = no, using alt_name to get "[('no', 'Grunnstøin')]"
utility_to_osm - ERROR - ssr:stedsnr = 344346. No positions found, skipping
utility_to_osm - WARNING - ssr:stedsnr = 350582: No priority spelling found for lang = no, using alt_name to get "[('no', 'Småholman')]"
utility_to_osm - WARNING - ssr:stedsnr = 350582 has multiple (2) positions, using the first one!
utility_to_osm - WARNING - ssr:stedsnr = 375102: No priority spelling found for lang = no, using alt_name to get "[('no', 'Søre Orholmskjæret')]"
utility_to_osm - WARNING - ssr:stedsnr = 375182: No priority spelling found for lang = no, using alt_name to get "[('no', 'Store Kjølingen')]"
utility_to_osm - WARNING - ssr:stedsnr = 375182 has multiple (3) positions, using the first one!
utility_to_osm - WARNING - ssr:stedsnr = 375404: No priority spelling found for lang = no, using alt_name to get "[('no', 'Svartskjeret')]"
utility_to_osm - WARNING - ssr:stedsnr = 375404 has multiple (2) positions, using the first one!
utility_to_osm - WARNING - ssr:stedsnr = 375408: No priority spelling found for lang = no, using alt_name to get "[('no', 'Ærholmen')]"
utility_to_osm - WARNING - ssr:stedsnr = 375408 has multiple (2) positions, using the first one!
utility_to_osm - WARNING - ssr:stedsnr = 375435 has multiple (2) positions, using the first one!
utility_to_osm - WARNING - ssr:stedsnr = 375729: No priority spelling found for lang = no, using alt_name to get "[('no', 'Ragnhildholmskjæra')]"
utility_to_osm - WARNING - ssr:stedsnr = 375729 has multiple (2) positions, using the first one!
utility_to_osm - WARNING - ssr:stedsnr = 375738 has multiple (2) positions, using the first one!
utility_to_osm - WARNING - ssr:stedsnr = 375740: No priority spelling found for lang = no, using alt_name to get "[('no', 'Buholman')]"
utility_to_osm - WARNING - ssr:stedsnr = 375740 has multiple (2) positions, using the first one!
utility_to_osm - WARNING - ssr:stedsnr = 375785: No priority spelling found for lang = no, using alt_name to get "[('no', 'Storedroga')]"
utility_to_osm - WARNING - ssr:stedsnr = 375785 has multiple (2) positions, using the first one!
utility_to_osm - ERROR - ssr:stedsnr = 483556. No positions found, skipping
utility_to_osm - ERROR - ssr:stedsnr = 404383. No positions found, skipping
utility_to_osm - ERROR - ssr:stedsnr = 405331. No positions found, skipping
utility_to_osm - ERROR - ssr:stedsnr = 405341. No positions found, skipping
utility_to_osm - WARNING - ssr:stedsnr = 409515: No priority spelling found for lang = no, using alt_name to get "[('no', 'Kobbeskjærflua')]"
utility_to_osm - WARNING - ssr:stedsnr = 436123: No priority spelling found for lang = no, using alt_name to get "[('no', 'Solskjæret')]"
utility_to_osm - WARNING - ssr:stedsnr = 436123 has multiple (2) positions, using the first one!
utility_to_osm - WARNING - ssr:stedsnr = 436211: No priority spelling found for lang = no, using alt_name to get "[('no', 'Flatholmen')]"
utility_to_osm - WARNING - ssr:stedsnr = 436211 has multiple (2) positions, using the first one!
utility_to_osm - WARNING - ssr:stedsnr = 436219: No priority spelling found for lang = no, using alt_name to get "[('no', 'Tvenitla')]"
utility_to_osm - WARNING - ssr:stedsnr = 436219 has multiple (2) positions, using the first one!
utility_to_osm - WARNING - ssr:stedsnr = 436807 has multiple (2) positions, using the first one!
utility_to_osm - WARNING - ssr:stedsnr = 436762: No priority spelling found for lang = no, using alt_name to get "[('no', 'Røssøya')]"
utility_to_osm - WARNING - ssr:stedsnr = 436762 has multiple (3) positions, using the first one!
utility_to_osm - WARNING - ssr:stedsnr = 436768: No priority spelling found for lang = no, using alt_name to get "[('no', 'Nerbøberget')]"
utility_to_osm - WARNING - ssr:stedsnr = 436768 has multiple (3) positions, using the first one!
utility_to_osm - WARNING - ssr:stedsnr = 436801: No priority spelling found for lang = no, using alt_name to get "[('no', 'Kvalvågen')]"
utility_to_osm - WARNING - ssr:stedsnr = 436801 has multiple (2) positions, using the first one!
utility_to_osm - WARNING - ssr:stedsnr = 437119 has multiple (2) positions, using the first one!
utility_to_osm - WARNING - ssr:stedsnr = 437848: No priority spelling found for lang = no, using alt_name to get "[('no', 'Vollan'), ('no', 'Medvoll')]"
utility_to_osm - ERROR - ssr:stedsnr = 437848: Adding multiple names to name tag, this is not OK! name = "Vollan;Medvoll"
utility_to_osm - ERROR - ssr:stedsnr = 466366. No positions found, skipping
utility_to_osm - WARNING - ssr:stedsnr = 466368: No priority spelling found for lang = no, using alt_name to get "[('no', 'Røsslyngvegen')]"
utility_to_osm - ERROR - ssr:stedsnr = 466368. No positions found, skipping
utility_to_osm - WARNING - ssr:stedsnr = 469566: No priority spelling found for lang = no, using alt_name to get "[('no', 'Grøningssundet')]"
utility_to_osm - WARNING - ssr:stedsnr = 678839: No priority spelling found for lang = no, using alt_name to get "[('no', 'Småtjørnin')]"
utility_to_osm - WARNING - ssr:stedsnr = 678839 has multiple (2) positions, using the first one!
utility_to_osm - WARNING - ssr:stedsnr = 483562: No priority spelling found for lang = no, using alt_name to get "[('no', 'Nerbøvegen')]"
utility_to_osm - ERROR - ssr:stedsnr = 483562. No positions found, skipping
utility_to_osm - WARNING - ssr:stedsnr = 679127: No priority spelling found for lang = no, using alt_name to get "[('no', 'Landsholmen')]"
utility_to_osm - WARNING - ssr:stedsnr = 679127 has multiple (2) positions, using the first one!
utility_to_osm - WARNING - ssr:stedsnr = 679200 has multiple (2) positions, using the first one!
utility_to_osm - WARNING - ssr:stedsnr = 679736: No priority spelling found for lang = no, using alt_name to get "[('no', 'Hogsneset')]"
utility_to_osm - WARNING - ssr:stedsnr = 679768: No priority spelling found for lang = no, using alt_name to get "[('no', 'Buøya')]"
utility_to_osm - WARNING - ssr:stedsnr = 679768 has multiple (2) positions, using the first one!
utility_to_osm - WARNING - ssr:stedsnr = 679770: No priority spelling found for lang = no, using alt_name to get "[('no', 'Skipholmen')]"
utility_to_osm - WARNING - ssr:stedsnr = 679770 has multiple (2) positions, using the first one!
utility_to_osm - WARNING - ssr:stedsnr = 679827: No priority spelling found for lang = no, using alt_name to get "[('no', 'Landholmen')]"
utility_to_osm - WARNING - ssr:stedsnr = 679827 has multiple (2) positions, using the first one!
utility_to_osm - WARNING - ssr:stedsnr = 679855: No priority spelling found for lang = no, using alt_name to get "[('no', 'Fangholsetra')]"
utility_to_osm - WARNING - ssr:stedsnr = 679855 has multiple (2) positions, using the first one!
utility_to_osm - WARNING - ssr:stedsnr = 496348 has multiple (2) positions, using the first one!
utility_to_osm - WARNING - ssr:stedsnr = 496504 has multiple (2) positions, using the first one!
utility_to_osm - WARNING - ssr:stedsnr = 496799: No priority spelling found for lang = no, using alt_name to get "[('no', 'Stongneset')]"
utility_to_osm - WARNING - ssr:stedsnr = 496799 has multiple (2) positions, using the first one!
utility_to_osm - WARNING - ssr:stedsnr = 521329 has multiple (2) positions, using the first one!
utility_to_osm - ERROR - ssr:stedsnr = 521839. No positions found, skipping
utility_to_osm - WARNING - ssr:stedsnr = 525409: No priority spelling found for lang = no, using alt_name to get "[('no', 'Tyttebærvegen')]"
utility_to_osm - ERROR - ssr:stedsnr = 525409. No positions found, skipping
utility_to_osm - WARNING - ssr:stedsnr = 530573: No priority spelling found for lang = no, using alt_name to get "[('no', 'Grøneskjæret')]"
utility_to_osm - WARNING - ssr:stedsnr = 530573 has multiple (2) positions, using the first one!
utility_to_osm - WARNING - ssr:stedsnr = 532610: No priority spelling found for lang = no, using alt_name to get "[('no', 'Skjærflua')]"
utility_to_osm - WARNING - ssr:stedsnr = 535816 has multiple (2) positions, using the first one!
utility_to_osm - WARNING - ssr:stedsnr = 545386: No priority spelling found for lang = no, using alt_name to get "[('no', 'Mækjevegen')]"
utility_to_osm - ERROR - ssr:stedsnr = 545386. No positions found, skipping
utility_to_osm - WARNING - ssr:stedsnr = 545388: No priority spelling found for lang = no, using alt_name to get "[('no', 'Sjøvegen')]"
utility_to_osm - ERROR - ssr:stedsnr = 545388. No positions found, skipping
utility_to_osm - WARNING - ssr:stedsnr = 557415 has multiple (2) positions, using the first one!
utility_to_osm - WARNING - ssr:stedsnr = 557453 has multiple (2) positions, using the first one!
utility_to_osm - WARNING - ssr:stedsnr = 557801: No priority spelling found for lang = no, using alt_name to get "[('no', 'Orholman')]"
utility_to_osm - WARNING - ssr:stedsnr = 557801 has multiple (2) positions, using the first one!
utility_to_osm - WARNING - ssr:stedsnr = 558891: No priority spelling found for lang = no, using alt_name to get "[('no', 'Peklauva')]"
utility_to_osm - WARNING - ssr:stedsnr = 558891 has multiple (2) positions, using the first one!
utility_to_osm - WARNING - ssr:stedsnr = 581056 has multiple (2) positions, using the first one!
utility_to_osm - WARNING - ssr:stedsnr = 581393: No priority spelling found for lang = no, using alt_name to get "[('no', 'Årgårdshaugen')]"
utility_to_osm - WARNING - ssr:stedsnr = 591526: No priority spelling found for lang = no, using alt_name to get "[('no', 'Hyseskjæra')]"
utility_to_osm - WARNING - ssr:stedsnr = 618177 has multiple (2) positions, using the first one!
utility_to_osm - WARNING - ssr:stedsnr = 618376: No priority spelling found for lang = no, using alt_name to get "[('no', 'Nørdsteøya')]"
utility_to_osm - WARNING - ssr:stedsnr = 618376 has multiple (2) positions, using the first one!
utility_to_osm - WARNING - ssr:stedsnr = 618729 has multiple (2) positions, using the first one!
utility_to_osm - WARNING - ssr:stedsnr = 702160 has multiple (2) positions, using the first one!
utility_to_osm - WARNING - ssr:stedsnr = 627451: No priority spelling found for lang = no, using alt_name to get "[('no', 'Aukrabukta')]"
utility_to_osm - WARNING - ssr:stedsnr = 627451 has multiple (2) positions, using the first one!
utility_to_osm - WARNING - ssr:stedsnr = 653642: No priority spelling found for lang = no, using alt_name to get "[('no', 'Risøydroga')]"
utility_to_osm - ERROR - ssr:stedsnr = 665589. No positions found, skipping
utility_to_osm - ERROR - ssr:stedsnr = 665590. No positions found, skipping
utility_to_osm - WARNING - ssr:stedsnr = 678811 has multiple (2) positions, using the first one!
utility_to_osm - WARNING - ssr:stedsnr = 679175 has multiple (2) positions, using the first one!
utility_to_osm - WARNING - ssr:stedsnr = 679184: No priority spelling found for lang = no, using alt_name to get "[('no', 'Vike')]"
utility_to_osm - WARNING - ssr:stedsnr = 679184 has multiple (2) positions, using the first one!
utility_to_osm - WARNING - ssr:stedsnr = 679193: No priority spelling found for lang = no, using alt_name to get "[('no', 'Røyrvika')]"
utility_to_osm - WARNING - ssr:stedsnr = 679193 has multiple (2) positions, using the first one!
utility_to_osm - WARNING - ssr:stedsnr = 679194 has multiple (2) positions, using the first one!
utility_to_osm - WARNING - ssr:stedsnr = 679408: No priority spelling found for lang = no, using alt_name to get "[('no', 'Orta')]"
utility_to_osm - WARNING - ssr:stedsnr = 679408 has multiple (6) positions, using the first one!
utility_to_osm - WARNING - ssr:stedsnr = 679861: No priority spelling found for lang = no, using alt_name to get "[('no', 'Hollingsetra')]"
utility_to_osm - WARNING - ssr:stedsnr = 679866 has multiple (2) positions, using the first one!
utility_to_osm - WARNING - ssr:stedsnr = 693679: No priority spelling found for lang = no, using alt_name to get "[('no', 'Løvika')]"
utility_to_osm - WARNING - ssr:stedsnr = 708216 has multiple (4) positions, using the first one!
utility_to_osm - ERROR - ssr:stedsnr = 708422. No positions found, skipping
utility_to_osm - WARNING - ssr:stedsnr = 708387: No priority spelling found for lang = no, using alt_name to get "[('no', 'Mevoldvegen')]"
utility_to_osm - ERROR - ssr:stedsnr = 708387. No positions found, skipping
utility_to_osm - WARNING - ssr:stedsnr = 712533: No priority spelling found for lang = no, using alt_name to get "[('no', 'Austre Midtfjordskjæret')]"
utility_to_osm - WARNING - ssr:stedsnr = 714580: No priority spelling found for lang = no, using alt_name to get "[('no', 'Selnesskjæret')]"
utility_to_osm - WARNING - ssr:stedsnr = 739213: No priority spelling found for lang = no, using alt_name to get "[('no', 'Hestholmen')]"
utility_to_osm - WARNING - ssr:stedsnr = 739216: No priority spelling found for lang = no, using alt_name to get "[('no', 'Setervika')]"
utility_to_osm - WARNING - ssr:stedsnr = 739216 has multiple (2) positions, using the first one!
utility_to_osm - WARNING - ssr:stedsnr = 739225: No priority spelling found for lang = no, using alt_name to get "[('no', 'Futvika')]"
utility_to_osm - WARNING - ssr:stedsnr = 739225 has multiple (3) positions, using the first one!
utility_to_osm - WARNING - ssr:stedsnr = 739843 has multiple (2) positions, using the first one!
utility_to_osm - WARNING - ssr:stedsnr = 740808: No priority spelling found for lang = no, using alt_name to get "[('no', 'Aukrasanden')]"
utility_to_osm - WARNING - ssr:stedsnr = 741107 has multiple (2) positions, using the first one!
utility_to_osm - WARNING - ssr:stedsnr = 757157: No priority spelling found for lang = no, using alt_name to get "[('no', 'Røssøyvågbrua')]"
utility_to_osm - WARNING - ssr:stedsnr = 757212: No priority spelling found for lang = no, using alt_name to get "[('no', 'Bakkebrua')]"
utility_to_osm - WARNING - ssr:stedsnr = 764249 has multiple (2) positions, using the first one!
utility_to_osm - WARNING - ssr:stedsnr = 773515: No priority spelling found for lang = no, using alt_name to get "[('no', 'Hjellskjæret')]"
utility_to_osm - WARNING - ssr:stedsnr = 787546: No priority spelling found for lang = no, using alt_name to get "[('no', 'Hjertvikvegen')]"
utility_to_osm - ERROR - ssr:stedsnr = 787546. No positions found, skipping
utility_to_osm - WARNING - ssr:stedsnr = 787549: No priority spelling found for lang = no, using alt_name to get "[('no', 'Rødavegen')]"
utility_to_osm - ERROR - ssr:stedsnr = 787549. No positions found, skipping
utility_to_osm - WARNING - ssr:stedsnr = 787550: No priority spelling found for lang = no, using alt_name to get "[('no', 'Løvikvegen')]"
utility_to_osm - ERROR - ssr:stedsnr = 787550. No positions found, skipping
utility_to_osm - WARNING - ssr:stedsnr = 787551: No priority spelling found for lang = no, using alt_name to get "[('no', 'Tverrvegen')]"
utility_to_osm - ERROR - ssr:stedsnr = 787551. No positions found, skipping
utility_to_osm - WARNING - ssr:stedsnr = 800308 has multiple (2) positions, using the first one!
utility_to_osm - WARNING - ssr:stedsnr = 800316 has multiple (2) positions, using the first one!
utility_to_osm - WARNING - ssr:stedsnr = 800317 has multiple (2) positions, using the first one!
utility_to_osm - WARNING - ssr:stedsnr = 800728 has multiple (2) positions, using the first one!
utility_to_osm - WARNING - ssr:stedsnr = 800732 has multiple (2) positions, using the first one!
utility_to_osm - WARNING - ssr:stedsnr = 800782 has multiple (2) positions, using the first one!
utility_to_osm - WARNING - ssr:stedsnr = 800783 has multiple (2) positions, using the first one!
utility_to_osm - WARNING - ssr:stedsnr = 801179 has multiple (2) positions, using the first one!
utility_to_osm - WARNING - ssr:stedsnr = 801417: No priority spelling found for lang = no, using alt_name to get "[('no', 'Våpenskjeret')]"
utility_to_osm - WARNING - ssr:stedsnr = 801417 has multiple (2) positions, using the first one!
utility_to_osm - WARNING - ssr:stedsnr = 801796: No priority spelling found for lang = no, using alt_name to get "[('no', 'Ospholmen')]"
utility_to_osm - WARNING - ssr:stedsnr = 801796 has multiple (2) positions, using the first one!
utility_to_osm - WARNING - ssr:stedsnr = 801812 has multiple (2) positions, using the first one!
utility_to_osm - WARNING - ssr:stedsnr = 813332 has multiple (2) positions, using the first one!
utility_to_osm - WARNING - ssr:stedsnr = 818226: No priority spelling found for lang = no, using alt_name to get "[('no', 'Hollingsbrua')]"
utility_to_osm - WARNING - ssr:stedsnr = 921126: No priority spelling found for lang = no, using alt_name to get "[('no', 'Sessholmen')]"
utility_to_osm - WARNING - ssr:stedsnr = 921126 has multiple (2) positions, using the first one!
utility_to_osm - WARNING - ssr:stedsnr = 921177: No priority spelling found for lang = no, using alt_name to get "[('no', 'Saltsteinsleia')]"
utility_to_osm - WARNING - ssr:stedsnr = 921177 has multiple (6) positions, using the first one!
utility_to_osm - WARNING - ssr:stedsnr = 921178: No priority spelling found for lang = no, using alt_name to get "[('no', 'Orholmbogan')]"
utility_to_osm - WARNING - ssr:stedsnr = 921178 has multiple (2) positions, using the first one!
utility_to_osm - WARNING - ssr:stedsnr = 921328 has multiple (2) positions, using the first one!
utility_to_osm - WARNING - ssr:stedsnr = 921833 has multiple (2) positions, using the first one!
utility_to_osm - WARNING - ssr:stedsnr = 921857 has multiple (3) positions, using the first one!
utility_to_osm - WARNING - ssr:stedsnr = 922358: No priority spelling found for lang = no, using alt_name to get "[('no', 'Hyseskjertaren')]"
utility_to_osm - WARNING - ssr:stedsnr = 922358 has multiple (2) positions, using the first one!
utility_to_osm - WARNING - ssr:stedsnr = 922748: No priority spelling found for lang = no, using alt_name to get "[('no', 'Kjølingen')]"
utility_to_osm - WARNING - ssr:stedsnr = 922748 has multiple (2) positions, using the first one!
utility_to_osm - WARNING - ssr:stedsnr = 922753 has multiple (2) positions, using the first one!
utility_to_osm - WARNING - ssr:stedsnr = 922754: No priority spelling found for lang = no, using alt_name to get "[('no', 'Nerbøvågen')]"
utility_to_osm - WARNING - ssr:stedsnr = 922754 has multiple (2) positions, using the first one!
utility_to_osm - WARNING - ssr:stedsnr = 922764: No priority spelling found for lang = no, using alt_name to get "[('no', 'Nørdholmen')]"
utility_to_osm - WARNING - ssr:stedsnr = 922764 has multiple (3) positions, using the first one!
utility_to_osm - WARNING - ssr:stedsnr = 835623: No priority spelling found for lang = no, using alt_name to get "[('no', 'Orholmskjæra')]"
utility_to_osm - WARNING - ssr:stedsnr = 861170: No priority spelling found for lang = no, using alt_name to get "[('no', 'Skarset')]"
utility_to_osm - WARNING - ssr:stedsnr = 861170 has multiple (2) positions, using the first one!
utility_to_osm - WARNING - ssr:stedsnr = 861372: No priority spelling found for lang = no, using alt_name to get "[('no', 'Ytsteøya')]"
utility_to_osm - WARNING - ssr:stedsnr = 861372 has multiple (2) positions, using the first one!
utility_to_osm - WARNING - ssr:stedsnr = 861205: No priority spelling found for lang = no, using alt_name to get "[('no', 'Landholmen')]"
utility_to_osm - WARNING - ssr:stedsnr = 861205 has multiple (2) positions, using the first one!
utility_to_osm - WARNING - ssr:stedsnr = 861206: No priority spelling found for lang = no, using alt_name to get "[('no', 'Vedaholmen')]"
utility_to_osm - WARNING - ssr:stedsnr = 861206 has multiple (2) positions, using the first one!
utility_to_osm - WARNING - ssr:stedsnr = 861807 has multiple (2) positions, using the first one!
utility_to_osm - WARNING - ssr:stedsnr = 861829: No priority spelling found for lang = no, using alt_name to get "[('no', 'Småsundet')]"
utility_to_osm - WARNING - ssr:stedsnr = 861829 has multiple (3) positions, using the first one!
utility_to_osm - WARNING - ssr:stedsnr = 862869 has multiple (2) positions, using the first one!
utility_to_osm - WARNING - ssr:stedsnr = 862870: No priority spelling found for lang = no, using alt_name to get "[('no', 'Eiskrem')]"
utility_to_osm - WARNING - ssr:stedsnr = 879151: No priority spelling found for lang = no, using alt_name to get "[('no', 'Seterelvbrua')]"
utility_to_osm - WARNING - ssr:stedsnr = 885602 has multiple (2) positions, using the first one!
utility_to_osm - WARNING - ssr:stedsnr = 890413: No priority spelling found for lang = no, using alt_name to get "[('no', 'Digernesvegen')]"
utility_to_osm - ERROR - ssr:stedsnr = 891372. No positions found, skipping
utility_to_osm - WARNING - ssr:stedsnr = 895530: No priority spelling found for lang = no, using alt_name to get "[('no', 'Bollfluin')]"
utility_to_osm - WARNING - ssr:stedsnr = 897560: No priority spelling found for lang = no, using alt_name to get "[('no', 'Seterneset')]"
utility_to_osm - WARNING - ssr:stedsnr = 908565: No priority spelling found for lang = no, using alt_name to get "[('no', 'Frænvegen')]"
utility_to_osm - ERROR - ssr:stedsnr = 908565. No positions found, skipping
utility_to_osm - WARNING - ssr:stedsnr = 921243: No priority spelling found for lang = no, using alt_name to get "[('no', 'Lyngholmen')]"
utility_to_osm - WARNING - ssr:stedsnr = 921243 has multiple (3) positions, using the first one!
utility_to_osm - WARNING - ssr:stedsnr = 921133: No priority spelling found for lang = no, using alt_name to get "[('no', 'Litle Grøningen'), ('no', 'Litle Orsholmen')]"
utility_to_osm - ERROR - ssr:stedsnr = 921133: Adding multiple names to name tag, this is not OK! name = "Litle Grøningen;Litle Orsholmen"
utility_to_osm - WARNING - ssr:stedsnr = 922209: No priority spelling found for lang = no, using alt_name to get "[('no', 'Heilohaugan')]"
utility_to_osm - WARNING - ssr:stedsnr = 922209 has multiple (2) positions, using the first one!
utility_to_osm - WARNING - ssr:stedsnr = 922214: No priority spelling found for lang = no, using alt_name to get "[('no', 'Ørnehaugen')]"
utility_to_osm - WARNING - ssr:stedsnr = 922185 has multiple (2) positions, using the first one!
utility_to_osm - WARNING - ssr:stedsnr = 922187: No priority spelling found for lang = no, using alt_name to get "[('no', 'Løvikhaugen')]"
utility_to_osm - WARNING - ssr:stedsnr = 922187 has multiple (2) positions, using the first one!
utility_to_osm - WARNING - ssr:stedsnr = 922383 has multiple (2) positions, using the first one!
utility_to_osm - WARNING - ssr:stedsnr = 922803 has multiple (3) positions, using the first one!
utility_to_osm - WARNING - ssr:stedsnr = 922804: No priority spelling found for lang = no, using alt_name to get "[('no', 'Hukkelberget')]"
utility_to_osm - WARNING - ssr:stedsnr = 922804 has multiple (2) positions, using the first one!
utility_to_osm - WARNING - ssr:stedsnr = 922806: No priority spelling found for lang = no, using alt_name to get "[('no', 'Austre Risøya')]"
utility_to_osm - WARNING - ssr:stedsnr = 922808: No priority spelling found for lang = no, using alt_name to get "[('no', 'Søre Helløya')]"
utility_to_osm - WARNING - ssr:stedsnr = 922808 has multiple (2) positions, using the first one!
utility_to_osm - WARNING - ssr:stedsnr = 922826 has multiple (2) positions, using the first one!
utility_to_osm - WARNING - ssr:stedsnr = 945131: No priority spelling found for lang = no, using alt_name to get "[('no', 'Medvollelva')]"
utility_to_osm - WARNING - ssr:stedsnr = 946030 has multiple (2) positions, using the first one!
utility_to_osm - WARNING - ssr:stedsnr = 951332: No priority spelling found for lang = no, using alt_name to get "[('no', 'Årgårdsvika')]"
utility_to_osm - ERROR - ssr:stedsnr = 951332. No positions found, skipping
utility_to_osm - WARNING - ssr:stedsnr = 956631: No priority spelling found for lang = no, using alt_name to get "[('no', 'Ytre Svartskjærflua')]"
utility_to_osm - WARNING - ssr:stedsnr = 956632: No priority spelling found for lang = no, using alt_name to get "[('no', 'Økseskaftet')]"
utility_to_osm - WARNING - ssr:stedsnr = 957592: No priority spelling found for lang = no, using alt_name to get "[('no', 'Skarveskjæret')]"
utility_to_osm - WARNING - ssr:stedsnr = 969538: No priority spelling found for lang = no, using alt_name to get "[('no', 'Røssøyvågvegen')]"
utility_to_osm - ERROR - ssr:stedsnr = 969538. No positions found, skipping
utility_to_osm - WARNING - ssr:stedsnr = 969541: No priority spelling found for lang = no, using alt_name to get "[('no', 'Skolevegen')]"
utility_to_osm - ERROR - ssr:stedsnr = 969541. No positions found, skipping
utility_to_osm - ERROR - ssr:stedsnr = 969542. No positions found, skipping
utility_to_osm - ERROR - ssr:stedsnr = 969543. No positions found, skipping
utility_to_osm - WARNING - ssr:stedsnr = 969544: No priority spelling found for lang = no, using alt_name to get "[('no', 'Vassdalsvegen')]"
utility_to_osm - ERROR - ssr:stedsnr = 969544. No positions found, skipping
utility_to_osm - WARNING - ssr:stedsnr = 11210: No priority spelling found for lang = no, using alt_name to get "[('no', 'Rindarøya')]"
utility_to_osm - WARNING - ssr:stedsnr = 11210 has multiple (4) positions, using the first one!
utility_to_osm - WARNING - ssr:stedsnr = 11219: No priority spelling found for lang = no, using alt_name to get "[('no', 'Seter')]"
utility_to_osm - WARNING - ssr:stedsnr = 11304 has multiple (2) positions, using the first one!
utility_to_osm - WARNING - ssr:stedsnr = 11306 has multiple (2) positions, using the first one!
utility_to_osm - WARNING - ssr:stedsnr = 11495: No priority spelling found for lang = no, using alt_name to get "[('no', 'Sandholmane')]"
utility_to_osm - WARNING - ssr:stedsnr = 11495 has multiple (2) positions, using the first one!
utility_to_osm - WARNING - ssr:stedsnr = 11799 has multiple (2) positions, using the first one!
utility_to_osm - WARNING - ssr:stedsnr = 11754: No priority spelling found for lang = no, using alt_name to get "[('no', 'Trollholmen')]"
utility_to_osm - WARNING - ssr:stedsnr = 11754 has multiple (2) positions, using the first one!
utility_to_osm - WARNING - ssr:stedsnr = 11766 has multiple (3) positions, using the first one!
utility_to_osm - WARNING - ssr:stedsnr = 12217 has multiple (2) positions, using the first one!
utility_to_osm - WARNING - ssr:stedsnr = 46638: No priority spelling found for lang = no, using alt_name to get "[('no', 'Vadbeinskjæra')]"
utility_to_osm - WARNING - ssr:stedsnr = 46667: No priority spelling found for lang = no, using alt_name to get "[('no', 'Tolleivan')]"
utility_to_osm - WARNING - ssr:stedsnr = 72771: No priority spelling found for lang = no, using alt_name to get "[('no', 'Blomsneset')]"
utility_to_osm - WARNING - ssr:stedsnr = 72771 has multiple (4) positions, using the first one!
utility_to_osm - WARNING - ssr:stedsnr = 72125 has multiple (2) positions, using the first one!
utility_to_osm - WARNING - ssr:stedsnr = 72147: No priority spelling found for lang = no, using alt_name to get "[('no', 'Djupsundsholman')]"
utility_to_osm - WARNING - ssr:stedsnr = 72147 has multiple (2) positions, using the first one!
utility_to_osm - WARNING - ssr:stedsnr = 72225 has multiple (2) positions, using the first one!
utility_to_osm - WARNING - ssr:stedsnr = 72234: No priority spelling found for lang = no, using alt_name to get "[('no', 'Kjeholmen')]"
utility_to_osm - WARNING - ssr:stedsnr = 72234 has multiple (2) positions, using the first one!
utility_to_osm - WARNING - ssr:stedsnr = 72235: No priority spelling found for lang = no, using alt_name to get "[('no', 'Selnesknubban')]"
utility_to_osm - WARNING - ssr:stedsnr = 72235 has multiple (4) positions, using the first one!
utility_to_osm - WARNING - ssr:stedsnr = 72413: No priority spelling found for lang = no, using alt_name to get "[('no', 'Fleseskjera')]"
utility_to_osm - WARNING - ssr:stedsnr = 72413 has multiple (2) positions, using the first one!
utility_to_osm - WARNING - ssr:stedsnr = 72451: No priority spelling found for lang = no, using alt_name to get "[('no', 'Lyngværet')]"
utility_to_osm - WARNING - ssr:stedsnr = 72837 has multiple (2) positions, using the first one!
utility_to_osm - WARNING - ssr:stedsnr = 72839: No priority spelling found for lang = no, using alt_name to get "[('no', 'Hjellvika')]"
utility_to_osm - WARNING - ssr:stedsnr = 72839 has multiple (2) positions, using the first one!
utility_to_osm - WARNING - ssr:stedsnr = 73860 has multiple (3) positions, using the first one!
utility_to_osm - WARNING - ssr:stedsnr = 73862 has multiple (4) positions, using the first one!
utility_to_osm - WARNING - ssr:stedsnr = 90183: No priority spelling found for lang = no, using alt_name to get "[('no', 'Nørdre Røssøyvågbrua')]"
utility_to_osm - WARNING - ssr:stedsnr = 96043 has multiple (2) positions, using the first one!
utility_to_osm - WARNING - ssr:stedsnr = 96055 has multiple (2) positions, using the first one!
utility_to_osm - WARNING - ssr:stedsnr = 106525: No priority spelling found for lang = no, using alt_name to get "[('no', 'Håskjæret')]"
utility_to_osm - WARNING - ssr:stedsnr = 106526: No priority spelling found for lang = no, using alt_name to get "[('no', 'Indre Svartskjærflua')]"
utility_to_osm - WARNING - ssr:stedsnr = 133395: No priority spelling found for lang = no, using alt_name to get "[('no', 'Orta')]"
utility_to_osm - WARNING - ssr:stedsnr = 132107: No priority spelling found for lang = no, using alt_name to get "[('no', 'Storværa')]"
utility_to_osm - WARNING - ssr:stedsnr = 132107 has multiple (2) positions, using the first one!
utility_to_osm - WARNING - ssr:stedsnr = 132146 has multiple (2) positions, using the first one!
utility_to_osm - WARNING - ssr:stedsnr = 132297 has multiple (2) positions, using the first one!
utility_to_osm - WARNING - ssr:stedsnr = 132299 has multiple (2) positions, using the first one!
utility_to_osm - WARNING - ssr:stedsnr = 132765: No priority spelling found for lang = no, using alt_name to get "[('no', 'Nerbøvika')]"
utility_to_osm - WARNING - ssr:stedsnr = 132765 has multiple (2) positions, using the first one!
utility_to_osm - WARNING - ssr:stedsnr = 132766 has multiple (2) positions, using the first one!
utility_to_osm - WARNING - ssr:stedsnr = 157732 has multiple (2) positions, using the first one!
utility_to_osm - WARNING - ssr:stedsnr = 168586: No priority spelling found for lang = no, using alt_name to get "[('no', 'Ura')]"
utility_to_osm - WARNING - ssr:stedsnr = 172798: No priority spelling found for lang = no, using alt_name to get "[('no', 'Søre Orholmskjæret'), ('no', 'Inste Orholmskjæret')]"
utility_to_osm - ERROR - ssr:stedsnr = 172798: Adding multiple names to name tag, this is not OK! name = "Søre Orholmskjæret;Inste Orholmskjæret"
utility_to_osm - WARNING - ssr:stedsnr = 180515: No priority spelling found for lang = no, using alt_name to get "[('no', 'Nautnesvegen')]"
utility_to_osm - ERROR - ssr:stedsnr = 180515. No positions found, skipping
utility_to_osm - WARNING - ssr:stedsnr = 180518: No priority spelling found for lang = no, using alt_name to get "[('no', 'Nyjordvegen')]"
utility_to_osm - ERROR - ssr:stedsnr = 180518. No positions found, skipping
utility_to_osm - WARNING - ssr:stedsnr = 193124 has multiple (3) positions, using the first one!
utility_to_osm - WARNING - ssr:stedsnr = 193131: No priority spelling found for lang = no, using alt_name to get "[('no', 'Orholmen')]"
utility_to_osm - WARNING - ssr:stedsnr = 193131 has multiple (2) positions, using the first one!
utility_to_osm - WARNING - ssr:stedsnr = 193158: No priority spelling found for lang = no, using alt_name to get "[('no', 'Tennskjæret')]"
utility_to_osm - WARNING - ssr:stedsnr = 193158 has multiple (2) positions, using the first one!
utility_to_osm - WARNING - ssr:stedsnr = 193226: No priority spelling found for lang = no, using alt_name to get "[('no', 'Selneset')]"
utility_to_osm - WARNING - ssr:stedsnr = 193226 has multiple (2) positions, using the first one!
utility_to_osm - WARNING - ssr:stedsnr = 193325 has multiple (2) positions, using the first one!
utility_to_osm - WARNING - ssr:stedsnr = 193331: No priority spelling found for lang = no, using alt_name to get "[('no', 'Straumskjæret')]"
utility_to_osm - WARNING - ssr:stedsnr = 193331 has multiple (2) positions, using the first one!
utility_to_osm - WARNING - ssr:stedsnr = 193457 has multiple (2) positions, using the first one!
utility_to_osm - WARNING - ssr:stedsnr = 193490: No priority spelling found for lang = no, using alt_name to get "[('no', 'Stongholmen')]"
utility_to_osm - WARNING - ssr:stedsnr = 193490 has multiple (2) positions, using the first one!
utility_to_osm - WARNING - ssr:stedsnr = 193731: No priority spelling found for lang = no, using alt_name to get "[('no', 'Grøholmen')]"
utility_to_osm - WARNING - ssr:stedsnr = 193731 has multiple (2) positions, using the first one!
utility_to_osm - WARNING - ssr:stedsnr = 193737 has multiple (2) positions, using the first one!
utility_to_osm - WARNING - ssr:stedsnr = 193742 has multiple (2) positions, using the first one!
utility_to_osm - WARNING - ssr:stedsnr = 193751: No priority spelling found for lang = no, using alt_name to get "[('no', 'Jærmannburet')]"
utility_to_osm - WARNING - ssr:stedsnr = 193751 has multiple (2) positions, using the first one!
utility_to_osm - WARNING - ssr:stedsnr = 193764 has multiple (2) positions, using the first one!
utility_to_osm - WARNING - ssr:stedsnr = 193779 has multiple (2) positions, using the first one!
utility_to_osm - WARNING - ssr:stedsnr = 193785: No priority spelling found for lang = no, using alt_name to get "[('no', 'Tahaugen')]"
utility_to_osm - WARNING - ssr:stedsnr = 193785 has multiple (2) positions, using the first one!
utility_to_osm - WARNING - ssr:stedsnr = 193857: No priority spelling found for lang = no, using alt_name to get "[('no', 'Trollvika')]"
utility_to_osm - WARNING - ssr:stedsnr = 193857 has multiple (2) positions, using the first one!
utility_to_osm - WARNING - ssr:stedsnr = 193791 has multiple (2) positions, using the first one!
utility_to_osm - WARNING - ssr:stedsnr = 193804 has multiple (2) positions, using the first one!
utility_to_osm - WARNING - ssr:stedsnr = 193812 has multiple (2) positions, using the first one!
utility_to_osm - WARNING - ssr:stedsnr = 194350 has multiple (3) positions, using the first one!
utility_to_osm - WARNING - ssr:stedsnr = 194835: No priority spelling found for lang = no, using alt_name to get "[('no', 'Harøyfjorden')]"
utility_to_osm - WARNING - ssr:stedsnr = 194835 has multiple (5) positions, using the first one!
utility_to_osm - WARNING - ssr:stedsnr = 194825: No priority spelling found for lang = no, using alt_name to get "[('no', 'Smedbakken')]"
utility_to_osm - WARNING - ssr:stedsnr = 194825 has multiple (2) positions, using the first one!
utility_to_osm - ERROR - ssr:stedsnr = 222380. No positions found, skipping
utility_to_osm - WARNING - ssr:stedsnr = 223344: No priority spelling found for lang = no, using alt_name to get "[('no', 'Skolebakken')]"
utility_to_osm - ERROR - ssr:stedsnr = 223344. No positions found, skipping
utility_to_osm - WARNING - ssr:stedsnr = 223352: No priority spelling found for lang = no, using alt_name to get "[('no', 'Kyrkjebakken')]"
utility_to_osm - ERROR - ssr:stedsnr = 223352. No positions found, skipping
utility_to_osm - ERROR - ssr:stedsnr = 223356. No positions found, skipping
utility_to_osm - WARNING - ssr:stedsnr = 223358: No priority spelling found for lang = no, using alt_name to get "[('no', 'Hermetikkvegen')]"
utility_to_osm - ERROR - ssr:stedsnr = 223358. No positions found, skipping
utility_to_osm - WARNING - ssr:stedsnr = 278141: No priority spelling found for lang = no, using alt_name to get "[('no', 'Ytre Orholmskjæret')]"
utility_to_osm - WARNING - ssr:stedsnr = 284341: No priority spelling found for lang = no, using alt_name to get "[('no', 'Kornbakken')]"
utility_to_osm - ERROR - ssr:stedsnr = 284343. No positions found, skipping
utility_to_osm - WARNING - ssr:stedsnr = 289638: No priority spelling found for lang = no, using alt_name to get "[('no', 'Vindgjeva')]"
utility_to_osm - WARNING - ssr:stedsnr = 289656: No priority spelling found for lang = no, using alt_name to get "[('no', 'Tvenitla')]"
utility_to_osm - WARNING - ssr:stedsnr = 302523: No priority spelling found for lang = no, using alt_name to get "[('no', 'Setervegen')]"
utility_to_osm - ERROR - ssr:stedsnr = 302523. No positions found, skipping
utility_to_osm - ERROR - ssr:stedsnr = 302526. No positions found, skipping
utility_to_osm - WARNING - ssr:stedsnr = 314343 has multiple (2) positions, using the first one!
utility_to_osm - WARNING - ssr:stedsnr = 314526 has multiple (2) positions, using the first one!
utility_to_osm - WARNING - ssr:stedsnr = 315127: No priority spelling found for lang = no, using alt_name to get "[('no', 'Djupsundholman')]"
utility_to_osm - WARNING - ssr:stedsnr = 315127 has multiple (2) positions, using the first one!
utility_to_osm - WARNING - ssr:stedsnr = 315418 has multiple (2) positions, using the first one!
utility_to_osm - WARNING - ssr:stedsnr = 315446: No priority spelling found for lang = no, using alt_name to get "[('no', 'Håskjeret')]"
utility_to_osm - WARNING - ssr:stedsnr = 315446 has multiple (2) positions, using the first one!
utility_to_osm - WARNING - ssr:stedsnr = 315823: No priority spelling found for lang = no, using alt_name to get "[('no', 'Aukraholmen')]"
utility_to_osm - WARNING - ssr:stedsnr = 315823 has multiple (4) positions, using the first one!
utility_to_osm - WARNING - ssr:stedsnr = 315779: No priority spelling found for lang = no, using alt_name to get "[('no', 'Landholman')]"
utility_to_osm - WARNING - ssr:stedsnr = 315779 has multiple (2) positions, using the first one!
utility_to_osm - WARNING - ssr:stedsnr = 315871: No priority spelling found for lang = no, using alt_name to get "[('no', 'Kjerringholmen')]"
utility_to_osm - WARNING - ssr:stedsnr = 315871 has multiple (2) positions, using the first one!
utility_to_osm - WARNING - ssr:stedsnr = 328533 has multiple (2) positions, using the first one!
utility_to_osm - WARNING - ssr:stedsnr = 343368: No priority spelling found for lang = no, using alt_name to get "[('no', 'Myrullvegen')]"
utility_to_osm - ERROR - ssr:stedsnr = 343368. No positions found, skipping
utility_to_osm - WARNING - ssr:stedsnr = 348521: No priority spelling found for lang = no, using alt_name to get "[('no', 'Galderskjærsøyla')]"
utility_to_osm - WARNING - ssr:stedsnr = 375101 has multiple (2) positions, using the first one!
utility_to_osm - WARNING - ssr:stedsnr = 375189 has multiple (2) positions, using the first one!
utility_to_osm - WARNING - ssr:stedsnr = 375193: No priority spelling found for lang = no, using alt_name to get "[('no', 'Engholman')]"
utility_to_osm - WARNING - ssr:stedsnr = 375193 has multiple (2) positions, using the first one!
utility_to_osm - WARNING - ssr:stedsnr = 375194: No priority spelling found for lang = no, using alt_name to get "[('no', 'Flatruta')]"
utility_to_osm - WARNING - ssr:stedsnr = 375194 has multiple (2) positions, using the first one!
utility_to_osm - WARNING - ssr:stedsnr = 375155 has multiple (2) positions, using the first one!
utility_to_osm - WARNING - ssr:stedsnr = 375175: No priority spelling found for lang = no, using alt_name to get "[('no', 'Bytingsvika')]"
utility_to_osm - WARNING - ssr:stedsnr = 375175 has multiple (3) positions, using the first one!
utility_to_osm - WARNING - ssr:stedsnr = 375774: No priority spelling found for lang = no, using alt_name to get "[('no', 'Dalen')]"
utility_to_osm - WARNING - ssr:stedsnr = 375774 has multiple (3) positions, using the first one!
utility_to_osm - WARNING - ssr:stedsnr = 375815: No priority spelling found for lang = no, using alt_name to get "[('no', 'Harøyfjorden')]"
utility_to_osm - WARNING - ssr:stedsnr = 375815 has multiple (7) positions, using the first one!
utility_to_osm - WARNING - ssr:stedsnr = 384461: No priority spelling found for lang = no, using alt_name to get "[('no', 'Sandabukta')]"
utility_to_osm - WARNING - ssr:stedsnr = 384467: No priority spelling found for lang = no, using alt_name to get "[('no', 'Kisthaugmyra')]"
utility_to_osm - WARNING - ssr:stedsnr = 384467 has multiple (3) positions, using the first one!
utility_to_osm - WARNING - ssr:stedsnr = 388531 has multiple (4) positions, using the first one!
utility_to_osm - WARNING - ssr:stedsnr = 409531: No priority spelling found for lang = no, using alt_name to get "[('no', 'Kalvtrøa')]"
utility_to_osm - WARNING - ssr:stedsnr = 411593: No priority spelling found for lang = no, using alt_name to get "[('no', 'Steinskjæret')]"
utility_to_osm - WARNING - ssr:stedsnr = 411575: No priority spelling found for lang = no, using alt_name to get "[('no', 'Søreggfluin')]"
utility_to_osm - ERROR - ssr:stedsnr = 423565. No positions found, skipping
utility_to_osm - WARNING - ssr:stedsnr = 436464 has multiple (2) positions, using the first one!
utility_to_osm - WARNING - ssr:stedsnr = 436450: No priority spelling found for lang = no, using alt_name to get "[('no', 'Ortebardane')]"
utility_to_osm - WARNING - ssr:stedsnr = 436450 has multiple (3) positions, using the first one!
utility_to_osm - WARNING - ssr:stedsnr = 436780 has multiple (2) positions, using the first one!
utility_to_osm - WARNING - ssr:stedsnr = 436784: No priority spelling found for lang = no, using alt_name to get "[('no', 'Smågevatnet')]"
utility_to_osm - WARNING - ssr:stedsnr = 436784 has multiple (2) positions, using the first one!
utility_to_osm - WARNING - ssr:stedsnr = 436837 has multiple (3) positions, using the first one!
utility_to_osm - WARNING - ssr:stedsnr = 436840: No priority spelling found for lang = no, using alt_name to get "[('no', 'Matberget')]"
utility_to_osm - WARNING - ssr:stedsnr = 436841 has multiple (2) positions, using the first one!
utility_to_osm - WARNING - ssr:stedsnr = 496124: No priority spelling found for lang = no, using alt_name to get "[('no', 'Ånnholmen')]"
utility_to_osm - WARNING - ssr:stedsnr = 496124 has multiple (2) positions, using the first one!
utility_to_osm - WARNING - ssr:stedsnr = 496778: No priority spelling found for lang = no, using alt_name to get "[('no', 'Hogsneset')]"
utility_to_osm - WARNING - ssr:stedsnr = 496788: No priority spelling found for lang = no, using alt_name to get "[('no', 'Gossa')]"
utility_to_osm - WARNING - ssr:stedsnr = 496788 has multiple (7) positions, using the first one!
utility_to_osm - WARNING - ssr:stedsnr = 497228 has multiple (2) positions, using the first one!
utility_to_osm - WARNING - ssr:stedsnr = 497229: No priority spelling found for lang = no, using alt_name to get "[('no', 'Buholmen')]"
utility_to_osm - WARNING - ssr:stedsnr = 497229 has multiple (2) positions, using the first one!
utility_to_osm - WARNING - ssr:stedsnr = 497812 has multiple (3) positions, using the first one!
utility_to_osm - WARNING - ssr:stedsnr = 497421 has multiple (2) positions, using the first one!
utility_to_osm - WARNING - ssr:stedsnr = 497864: No priority spelling found for lang = no, using alt_name to get "[('no', 'Storklauva')]"
utility_to_osm - WARNING - ssr:stedsnr = 497864 has multiple (2) positions, using the first one!
utility_to_osm - WARNING - ssr:stedsnr = 497871 has multiple (2) positions, using the first one!
utility_to_osm - WARNING - ssr:stedsnr = 498091: No priority spelling found for lang = no, using alt_name to get "[('no', 'Budadjupet')]"
utility_to_osm - WARNING - ssr:stedsnr = 498091 has multiple (5) positions, using the first one!
utility_to_osm - WARNING - ssr:stedsnr = 532577: No priority spelling found for lang = no, using alt_name to get "[('no', 'Orsholmflua')]"
utility_to_osm - ERROR - ssr:stedsnr = 544535. No positions found, skipping
utility_to_osm - ERROR - ssr:stedsnr = 544538. No positions found, skipping
utility_to_osm - WARNING - ssr:stedsnr = 557466: No priority spelling found for lang = no, using alt_name to get "[('no', 'Svartskjæret')]"
utility_to_osm - WARNING - ssr:stedsnr = 557466 has multiple (2) positions, using the first one!
utility_to_osm - WARNING - ssr:stedsnr = 557469: No priority spelling found for lang = no, using alt_name to get "[('no', 'Kobbeskjera')]"
utility_to_osm - WARNING - ssr:stedsnr = 557469 has multiple (2) positions, using the first one!
utility_to_osm - WARNING - ssr:stedsnr = 557393 has multiple (2) positions, using the first one!
utility_to_osm - WARNING - ssr:stedsnr = 557731 has multiple (3) positions, using the first one!
utility_to_osm - WARNING - ssr:stedsnr = 557736: No priority spelling found for lang = no, using alt_name to get "[('no', 'Naustholmen')]"
utility_to_osm - WARNING - ssr:stedsnr = 557736 has multiple (2) positions, using the first one!
utility_to_osm - WARNING - ssr:stedsnr = 557829: No priority spelling found for lang = no, using alt_name to get "[('no', 'Hjertviksteinen')]"
utility_to_osm - WARNING - ssr:stedsnr = 557829 has multiple (2) positions, using the first one!
utility_to_osm - WARNING - ssr:stedsnr = 557789 has multiple (2) positions, using the first one!
utility_to_osm - WARNING - ssr:stedsnr = 570493 has multiple (2) positions, using the first one!
utility_to_osm - WARNING - ssr:stedsnr = 591535: No priority spelling found for lang = no, using alt_name to get "[('no', 'Grøningsfluin')]"
utility_to_osm - WARNING - ssr:stedsnr = 592631: No priority spelling found for lang = no, using alt_name to get "[('no', 'Orholmskjæra')]"
utility_to_osm - WARNING - ssr:stedsnr = 592643: No priority spelling found for lang = no, using alt_name to get "[('no', 'Tjuvholmen')]"
utility_to_osm - WARNING - ssr:stedsnr = 592643 has multiple (2) positions, using the first one!
utility_to_osm - WARNING - ssr:stedsnr = 593466: No priority spelling found for lang = no, using alt_name to get "[('no', 'Lefseskjærtaran')]"
utility_to_osm - WARNING - ssr:stedsnr = 593548: No priority spelling found for lang = no, using alt_name to get "[('no', 'Svarteskjæret')]"
utility_to_osm - WARNING - ssr:stedsnr = 618414 has multiple (2) positions, using the first one!
utility_to_osm - WARNING - ssr:stedsnr = 618121: No priority spelling found for lang = no, using alt_name to get "[('no', 'Stokkholman')]"
utility_to_osm - WARNING - ssr:stedsnr = 618121 has multiple (2) positions, using the first one!
utility_to_osm - WARNING - ssr:stedsnr = 618361 has multiple (3) positions, using the first one!
utility_to_osm - WARNING - ssr:stedsnr = 618777: No priority spelling found for lang = no, using alt_name to get "[('no', 'Litledroga')]"
utility_to_osm - WARNING - ssr:stedsnr = 618777 has multiple (2) positions, using the first one!
utility_to_osm - WARNING - ssr:stedsnr = 618783: No priority spelling found for lang = no, using alt_name to get "[('no', 'Vestre Risøya')]"
utility_to_osm - WARNING - ssr:stedsnr = 618783 has multiple (2) positions, using the first one!
utility_to_osm - WARNING - ssr:stedsnr = 618796: No priority spelling found for lang = no, using alt_name to get "[('no', 'Hjertvika')]"
utility_to_osm - WARNING - ssr:stedsnr = 618800: No priority spelling found for lang = no, using alt_name to get "[('no', 'Matløysdjupet')]"
utility_to_osm - WARNING - ssr:stedsnr = 618800 has multiple (5) positions, using the first one!
utility_to_osm - WARNING - ssr:stedsnr = 618732: No priority spelling found for lang = no, using alt_name to get "[('no', 'Kråkneset')]"
utility_to_osm - WARNING - ssr:stedsnr = 618732 has multiple (2) positions, using the first one!
utility_to_osm - WARNING - ssr:stedsnr = 618735 has multiple (2) positions, using the first one!
utility_to_osm - WARNING - ssr:stedsnr = 618838: No priority spelling found for lang = no, using alt_name to get "[('no', 'Hollingen')]"
utility_to_osm - WARNING - ssr:stedsnr = 618840: No priority spelling found for lang = no, using alt_name to get "[('no', 'Forholmen')]"
utility_to_osm - WARNING - ssr:stedsnr = 618840 has multiple (2) positions, using the first one!
utility_to_osm - WARNING - ssr:stedsnr = 642387 has multiple (2) positions, using the first one!
utility_to_osm - WARNING - ssr:stedsnr = 647361: No priority spelling found for lang = no, using alt_name to get "[('no', 'Paul Oberts veg')]"
utility_to_osm - ERROR - ssr:stedsnr = 647361. No positions found, skipping
utility_to_osm - WARNING - ssr:stedsnr = 647363: No priority spelling found for lang = no, using alt_name to get "[('no', 'Smågetoppen')]"
utility_to_osm - ERROR - ssr:stedsnr = 647363. No positions found, skipping
utility_to_osm - ERROR - ssr:stedsnr = 648365. No positions found, skipping
utility_to_osm - WARNING - ssr:stedsnr = 651566: No priority spelling found for lang = no, using alt_name to get "[('no', 'Kålskjæra')]"
utility_to_osm - WARNING - ssr:stedsnr = 665569: No priority spelling found for lang = no, using alt_name to get "[('no', 'Rindarøyvegen')]"
utility_to_osm - ERROR - ssr:stedsnr = 665569. No positions found, skipping
utility_to_osm - WARNING - ssr:stedsnr = 665571: No priority spelling found for lang = no, using alt_name to get "[('no', 'Smågevegen')]"
utility_to_osm - ERROR - ssr:stedsnr = 665571. No positions found, skipping
utility_to_osm - ERROR - ssr:stedsnr = 665572. No positions found, skipping
utility_to_osm - WARNING - ssr:stedsnr = 665574: No priority spelling found for lang = no, using alt_name to get "[('no', 'Aukraringen')]"
utility_to_osm - ERROR - ssr:stedsnr = 665574. No positions found, skipping
utility_to_osm - WARNING - ssr:stedsnr = 712513: No priority spelling found for lang = no, using alt_name to get "[('no', 'Knutskjæret')]"
utility_to_osm - WARNING - ssr:stedsnr = 714538: No priority spelling found for lang = no, using alt_name to get "[('no', 'Orsholmsundet')]"
utility_to_osm - WARNING - ssr:stedsnr = 739432: No priority spelling found for lang = no, using alt_name to get "[('no', 'Hestholmen')]"
utility_to_osm - WARNING - ssr:stedsnr = 739432 has multiple (2) positions, using the first one!
utility_to_osm - WARNING - ssr:stedsnr = 739817 has multiple (3) positions, using the first one!
utility_to_osm - WARNING - ssr:stedsnr = 739819 has multiple (2) positions, using the first one!
utility_to_osm - WARNING - ssr:stedsnr = 740199: No priority spelling found for lang = no, using alt_name to get "[('no', 'Sandskjæret')]"
utility_to_osm - WARNING - ssr:stedsnr = 740199 has multiple (2) positions, using the first one!
utility_to_osm - WARNING - ssr:stedsnr = 740854: No priority spelling found for lang = no, using alt_name to get "[('no', 'Fangholen')]"
utility_to_osm - WARNING - ssr:stedsnr = 763080: No priority spelling found for lang = no, using alt_name to get "[('no', 'Hogsneset')]"
utility_to_osm - WARNING - ssr:stedsnr = 769331: No priority spelling found for lang = no, using alt_name to get "[('no', 'Solbakken')]"
utility_to_osm - ERROR - ssr:stedsnr = 769331. No positions found, skipping
utility_to_osm - WARNING - ssr:stedsnr = 774637: No priority spelling found for lang = no, using alt_name to get "[('no', 'Årholmskjæret')]"
utility_to_osm - WARNING - ssr:stedsnr = 775479: No priority spelling found for lang = no, using alt_name to get "[('no', 'Matskjæret')]"
utility_to_osm - WARNING - ssr:stedsnr = 775494: No priority spelling found for lang = no, using alt_name to get "[('no', 'Landholmskjæra')]"
utility_to_osm - WARNING - ssr:stedsnr = 800231: No priority spelling found for lang = no, using alt_name to get "[('no', 'Kongsholmen')]"
utility_to_osm - WARNING - ssr:stedsnr = 800231 has multiple (4) positions, using the first one!
utility_to_osm - WARNING - ssr:stedsnr = 800750 has multiple (2) positions, using the first one!
utility_to_osm - WARNING - ssr:stedsnr = 800751: No priority spelling found for lang = no, using alt_name to get "[('no', 'Bakkemyra')]"
utility_to_osm - WARNING - ssr:stedsnr = 800751 has multiple (3) positions, using the first one!
utility_to_osm - WARNING - ssr:stedsnr = 800771: No priority spelling found for lang = no, using alt_name to get "[('no', 'Nautneset')]"
utility_to_osm - WARNING - ssr:stedsnr = 800771 has multiple (2) positions, using the first one!
utility_to_osm - WARNING - ssr:stedsnr = 800773: No priority spelling found for lang = no, using alt_name to get "[('no', 'Halsan')]"
utility_to_osm - WARNING - ssr:stedsnr = 800773 has multiple (2) positions, using the first one!
utility_to_osm - WARNING - ssr:stedsnr = 800820: No priority spelling found for lang = no, using alt_name to get "[('no', 'Breivika')]"
utility_to_osm - WARNING - ssr:stedsnr = 800820 has multiple (3) positions, using the first one!
utility_to_osm - WARNING - ssr:stedsnr = 800838 has multiple (2) positions, using the first one!
utility_to_osm - WARNING - ssr:stedsnr = 800839 has multiple (2) positions, using the first one!
utility_to_osm - WARNING - ssr:stedsnr = 801435 has multiple (2) positions, using the first one!
utility_to_osm - WARNING - ssr:stedsnr = 801439 has multiple (2) positions, using the first one!
utility_to_osm - ERROR - ssr:stedsnr = 830316. No positions found, skipping
utility_to_osm - WARNING - ssr:stedsnr = 835187: No priority spelling found for lang = no, using alt_name to get "[('no', 'Budagrunnen')]"
utility_to_osm - WARNING - ssr:stedsnr = 848539: No priority spelling found for lang = no, using alt_name to get "[('no', 'Torhaugvegen')]"
utility_to_osm - ERROR - ssr:stedsnr = 848539. No positions found, skipping
utility_to_osm - WARNING - ssr:stedsnr = 848552: No priority spelling found for lang = no, using alt_name to get "[('no', 'Hogsneset')]"
utility_to_osm - ERROR - ssr:stedsnr = 848552. No positions found, skipping
utility_to_osm - WARNING - ssr:stedsnr = 861198 has multiple (2) positions, using the first one!
utility_to_osm - WARNING - ssr:stedsnr = 861199: No priority spelling found for lang = no, using alt_name to get "[('no', 'Vassdalen')]"
utility_to_osm - WARNING - ssr:stedsnr = 861199 has multiple (3) positions, using the first one!
utility_to_osm - WARNING - ssr:stedsnr = 861463: No priority spelling found for lang = no, using alt_name to get "[('no', 'Småskjera')]"
utility_to_osm - WARNING - ssr:stedsnr = 861463 has multiple (2) positions, using the first one!
utility_to_osm - WARNING - ssr:stedsnr = 861763: No priority spelling found for lang = no, using alt_name to get "[('no', 'Røssøyvågen')]"
utility_to_osm - WARNING - ssr:stedsnr = 861764 has multiple (2) positions, using the first one!
utility_to_osm - WARNING - ssr:stedsnr = 861782: No priority spelling found for lang = no, using alt_name to get "[('no', 'Kvitskjæra')]"
utility_to_osm - WARNING - ssr:stedsnr = 861782 has multiple (2) positions, using the first one!
utility_to_osm - WARNING - ssr:stedsnr = 861786: No priority spelling found for lang = no, using alt_name to get "[('no', 'Bekkerholmen')]"
utility_to_osm - WARNING - ssr:stedsnr = 861786 has multiple (2) positions, using the first one!
utility_to_osm - WARNING - ssr:stedsnr = 861856: No priority spelling found for lang = no, using alt_name to get "[('no', 'Bergetippen')]"
utility_to_osm - WARNING - ssr:stedsnr = 861856 has multiple (2) positions, using the first one!
utility_to_osm - WARNING - ssr:stedsnr = 861847: No priority spelling found for lang = no, using alt_name to get "[('no', 'Halingshaugen')]"
utility_to_osm - WARNING - ssr:stedsnr = 861847 has multiple (2) positions, using the first one!
utility_to_osm - WARNING - ssr:stedsnr = 861863: No priority spelling found for lang = no, using alt_name to get "[('no', 'Hollingsholmen')]"
utility_to_osm - WARNING - ssr:stedsnr = 861863 has multiple (2) positions, using the first one!
utility_to_osm - WARNING - ssr:stedsnr = 870476: No priority spelling found for lang = no, using alt_name to get "[('no', 'Nerbøstranda')]"
utility_to_osm - WARNING - ssr:stedsnr = 870479: No priority spelling found for lang = no, using alt_name to get "[('no', 'Landruta')]"
utility_to_osm - WARNING - ssr:stedsnr = 874386 has multiple (2) positions, using the first one!
utility_to_osm - WARNING - ssr:stedsnr = 885391 has multiple (2) positions, using the first one!
utility_to_osm - WARNING - ssr:stedsnr = 947844 has multiple (2) positions, using the first one!
utility_to_osm - WARNING - ssr:stedsnr = 957582: No priority spelling found for lang = no, using alt_name to get "[('no', 'Seterbukta')]"
utility_to_osm - WARNING - ssr:stedsnr = 969530: No priority spelling found for lang = no, using alt_name to get "[('no', 'Hukkelberget')]"
utility_to_osm - ERROR - ssr:stedsnr = 969530. No positions found, skipping
utility_to_osm - WARNING - ssr:stedsnr = 993073: No priority spelling found for lang = no, using alt_name to get "[('no', 'Lyngværet')]"
utility_to_osm - WARNING - ssr:stedsnr = 993074: No priority spelling found for lang = no, using alt_name to get "[('no', 'Flatflesa')]"
utility_to_osm - WARNING - ssr:stedsnr = 1058558: No priority spelling found for lang = no, using alt_name to get "[('no', 'Stormyra')]"
utility_to_osm - ERROR - ssr:stedsnr = 1058558. No positions found, skipping
utility_to_osm - ERROR - ssr:stedsnr = 1058559. No positions found, skipping
utility_to_osm - ERROR - ssr:stedsnr = 1058560. No positions found, skipping
utility_to_osm - ERROR - ssr:stedsnr = 1058561. No positions found, skipping
utility_to_osm - WARNING - ssr:stedsnr = 1058562: No priority spelling found for lang = no, using alt_name to get "[('no', 'Strandavegen')]"
utility_to_osm - ERROR - ssr:stedsnr = 1058562. No positions found, skipping
utility_to_osm - WARNING - ssr:stedsnr = 1058563: No priority spelling found for lang = no, using alt_name to get "[('no', 'Svingen')]"
utility_to_osm - ERROR - ssr:stedsnr = 1058563. No positions found, skipping
utility_to_osm - WARNING - ssr:stedsnr = 1058564: No priority spelling found for lang = no, using alt_name to get "[('no', 'Nyhagen')]"
utility_to_osm - ERROR - ssr:stedsnr = 1058564. No positions found, skipping
utility_to_osm - WARNING - ssr:stedsnr = 1058565: No priority spelling found for lang = no, using alt_name to get "[('no', 'Furuhaugen')]"
utility_to_osm - ERROR - ssr:stedsnr = 1058565. No positions found, skipping
utility_to_osm - ERROR - ssr:stedsnr = 1058567. No positions found, skipping
utility_to_osm - ERROR - ssr:stedsnr = 1058569. No positions found, skipping
utility_to_osm - ERROR - ssr:stedsnr = 1058570. No positions found, skipping
utility_to_osm - ERROR - ssr:stedsnr = 1058571. No positions found, skipping
utility_to_osm - ERROR - ssr:stedsnr = 1058572. No positions found, skipping
utility_to_osm - ERROR - ssr:stedsnr = 1058573. No positions found, skipping
utility_to_osm - WARNING - ssr:stedsnr = 1058574: No priority spelling found for lang = no, using alt_name to get "[('no', 'Myra')]"
utility_to_osm - ERROR - ssr:stedsnr = 1058574. No positions found, skipping
utility_to_osm - WARNING - ssr:stedsnr = 1058575: No priority spelling found for lang = no, using alt_name to get "[('no', 'Røssgardbakken')]"
utility_to_osm - ERROR - ssr:stedsnr = 1058575. No positions found, skipping
utility_to_osm - WARNING - ssr:stedsnr = 1058576: No priority spelling found for lang = no, using alt_name to get "[('no', 'Skomakarvegen')]"
utility_to_osm - ERROR - ssr:stedsnr = 1058576. No positions found, skipping
utility_to_osm - WARNING - ssr:stedsnr = 1058577: No priority spelling found for lang = no, using alt_name to get "[('no', 'Eindalen')]"
utility_to_osm - ERROR - ssr:stedsnr = 1058577. No positions found, skipping
utility_to_osm - WARNING - ssr:stedsnr = 1058578: No priority spelling found for lang = no, using alt_name to get "[('no', 'Vollskaret')]"
utility_to_osm - ERROR - ssr:stedsnr = 1058578. No positions found, skipping
utility_to_osm - WARNING - ssr:stedsnr = 1058579: No priority spelling found for lang = no, using alt_name to get "[('no', 'Gamlevegen')]"
utility_to_osm - ERROR - ssr:stedsnr = 1058579. No positions found, skipping
utility_to_osm - WARNING - ssr:stedsnr = 1058580: No priority spelling found for lang = no, using alt_name to get "[('no', 'Berglandsvegen')]"
utility_to_osm - ERROR - ssr:stedsnr = 1058580. No positions found, skipping
utility_to_osm - WARNING - ssr:stedsnr = 1058581: No priority spelling found for lang = no, using alt_name to get "[('no', 'Røra')]"
utility_to_osm - ERROR - ssr:stedsnr = 1058581. No positions found, skipping
utility_to_osm - WARNING - ssr:stedsnr = 1058582: No priority spelling found for lang = no, using alt_name to get "[('no', 'Berglia')]"
utility_to_osm - ERROR - ssr:stedsnr = 1058582. No positions found, skipping
utility_to_osm - WARNING - ssr:stedsnr = 1058583: No priority spelling found for lang = no, using alt_name to get "[('no', 'Hjertvikberget')]"
utility_to_osm - ERROR - ssr:stedsnr = 1058583. No positions found, skipping
utility_to_osm - WARNING - ssr:stedsnr = 1058584: No priority spelling found for lang = no, using alt_name to get "[('no', 'Jermannvegen')]"
utility_to_osm - ERROR - ssr:stedsnr = 1058584. No positions found, skipping
utility_to_osm - ERROR - ssr:stedsnr = 1058585. No positions found, skipping
utility_to_osm - WARNING - ssr:stedsnr = 1058586: No priority spelling found for lang = no, using alt_name to get "[('no', 'Steghaugen')]"
utility_to_osm - ERROR - ssr:stedsnr = 1058586. No positions found, skipping
utility_to_osm - WARNING - ssr:stedsnr = 1058587: No priority spelling found for lang = no, using alt_name to get "[('no', 'Bergvegen')]"
utility_to_osm - ERROR - ssr:stedsnr = 1058587. No positions found, skipping
utility_to_osm - WARNING - ssr:stedsnr = 1058588: No priority spelling found for lang = no, using alt_name to get "[('no', 'Stubben')]"
utility_to_osm - ERROR - ssr:stedsnr = 1058588. No positions found, skipping
utility_to_osm - WARNING - ssr:stedsnr = 1058749: No priority spelling found for lang = no, using alt_name to get "[('no', 'Eikrem')]"
utility_to_osm - ERROR - ssr:stedsnr = 1058749. No positions found, skipping
utility_to_osm - WARNING - ssr:stedsnr = 1058750: No priority spelling found for lang = no, using alt_name to get "[('no', 'Ingeborgs veg')]"
utility_to_osm - ERROR - ssr:stedsnr = 1058750. No positions found, skipping
utility_to_osm - WARNING - ssr:stedsnr = 1058751: No priority spelling found for lang = no, using alt_name to get "[('no', 'Julsundet')]"
utility_to_osm - ERROR - ssr:stedsnr = 1058751. No positions found, skipping
utility_to_osm - WARNING - ssr:stedsnr = 1058752: No priority spelling found for lang = no, using alt_name to get "[('no', 'Hollingsbukta')]"
utility_to_osm - ERROR - ssr:stedsnr = 1058752. No positions found, skipping
utility_to_osm - WARNING - ssr:stedsnr = 1058754: No priority spelling found for lang = no, using alt_name to get "[('no', 'Aukravegen')]"
utility_to_osm - ERROR - ssr:stedsnr = 1058754. No positions found, skipping
utility_to_osm - WARNING - ssr:stedsnr = 1058755: No priority spelling found for lang = no, using alt_name to get "[('no', 'Tangevegen')]"
utility_to_osm - ERROR - ssr:stedsnr = 1058755. No positions found, skipping
utility_to_osm - WARNING - ssr:stedsnr = 1058756: No priority spelling found for lang = no, using alt_name to get "[('no', 'Skogvegen')]"
utility_to_osm - ERROR - ssr:stedsnr = 1058756. No positions found, skipping
utility_to_osm - WARNING - ssr:stedsnr = 1058757: No priority spelling found for lang = no, using alt_name to get "[('no', 'Holemarka')]"
utility_to_osm - ERROR - ssr:stedsnr = 1058757. No positions found, skipping
utility_to_osm - WARNING - ssr:stedsnr = 1058758: No priority spelling found for lang = no, using alt_name to get "[('no', 'Kaltrøa')]"
utility_to_osm - ERROR - ssr:stedsnr = 1058758. No positions found, skipping
utility_to_osm - WARNING - ssr:stedsnr = 1058759: No priority spelling found for lang = no, using alt_name to get "[('no', 'Holmesundet')]"
utility_to_osm - ERROR - ssr:stedsnr = 1058759. No positions found, skipping
utility_to_osm - WARNING - ssr:stedsnr = 1058760: No priority spelling found for lang = no, using alt_name to get "[('no', 'Flatå')]"
utility_to_osm - ERROR - ssr:stedsnr = 1058760. No positions found, skipping
utility_to_osm - WARNING - ssr:stedsnr = 1058761: No priority spelling found for lang = no, using alt_name to get "[('no', 'Falkhyttrøra')]"
utility_to_osm - ERROR - ssr:stedsnr = 1058761. No positions found, skipping
utility_to_osm - WARNING - ssr:stedsnr = 1058762: No priority spelling found for lang = no, using alt_name to get "[('no', 'Kyrkjevegen')]"
utility_to_osm - ERROR - ssr:stedsnr = 1058762. No positions found, skipping
utility_to_osm - WARNING - ssr:stedsnr = 1058763: No priority spelling found for lang = no, using alt_name to get "[('no', 'Prestemarka')]"
utility_to_osm - ERROR - ssr:stedsnr = 1058763. No positions found, skipping
utility_to_osm - WARNING - ssr:stedsnr = 1058721: No priority spelling found for lang = no, using alt_name to get "[('no', 'Langnesvegen')]"
utility_to_osm - ERROR - ssr:stedsnr = 1058721. No positions found, skipping
