utility_to_osm - WARNING - ssr:stedsnr = 8564 has multiple (3) positions, using the first one!
utility_to_osm - WARNING - ssr:stedsnr = 8565 has multiple (3) positions, using the first one!
utility_to_osm - WARNING - ssr:stedsnr = 9206 has multiple (2) positions, using the first one!
utility_to_osm - WARNING - ssr:stedsnr = 9240 has multiple (4) positions, using the first one!
utility_to_osm - WARNING - ssr:stedsnr = 9138 has multiple (3) positions, using the first one!
utility_to_osm - WARNING - ssr:stedsnr = 9144 has multiple (3) positions, using the first one!
utility_to_osm - WARNING - ssr:stedsnr = 9321 has multiple (4) positions, using the first one!
utility_to_osm - WARNING - ssr:stedsnr = 9334 has multiple (2) positions, using the first one!
utility_to_osm - WARNING - ssr:stedsnr = 9290 has multiple (2) positions, using the first one!
utility_to_osm - WARNING - ssr:stedsnr = 9293: No priority spelling found for lang = no, using alt_name to get "[('no', 'Eidsvika')]"
utility_to_osm - WARNING - ssr:stedsnr = 9293 has multiple (3) positions, using the first one!
utility_to_osm - WARNING - ssr:stedsnr = 9450 has multiple (3) positions, using the first one!
utility_to_osm - WARNING - ssr:stedsnr = 9846 has multiple (2) positions, using the first one!
utility_to_osm - WARNING - ssr:stedsnr = 9897: No priority spelling found for lang = no, using alt_name to get "[('no', 'Buskøygavlen lykt')]"
utility_to_osm - WARNING - ssr:stedsnr = 9916 has multiple (2) positions, using the first one!
utility_to_osm - WARNING - ssr:stedsnr = 9943 has multiple (3) positions, using the first one!
utility_to_osm - WARNING - ssr:stedsnr = 26000 has multiple (2) positions, using the first one!
utility_to_osm - WARNING - ssr:stedsnr = 43189: No priority spelling found for lang = no, using alt_name to get "[('no', 'Oldresundet')]"
utility_to_osm - WARNING - ssr:stedsnr = 52370 has multiple (2) positions, using the first one!
utility_to_osm - WARNING - ssr:stedsnr = 52272 has multiple (3) positions, using the first one!
utility_to_osm - WARNING - ssr:stedsnr = 52415 has multiple (3) positions, using the first one!
utility_to_osm - WARNING - ssr:stedsnr = 68543 has multiple (3) positions, using the first one!
utility_to_osm - ERROR - ssr:stedsnr = 69583: Adding multiple names to name tag, this is not OK! name = "Elvaneset;Saueneset"
utility_to_osm - WARNING - ssr:stedsnr = 69583 has multiple (3) positions, using the first one!
utility_to_osm - WARNING - ssr:stedsnr = 69836 has multiple (3) positions, using the first one!
utility_to_osm - ERROR - ssr:stedsnr = 70102: Adding multiple names to name tag, this is not OK! name = "Lauvholmane;Kråkeholmane"
utility_to_osm - WARNING - ssr:stedsnr = 70102 has multiple (3) positions, using the first one!
utility_to_osm - WARNING - ssr:stedsnr = 70106 has multiple (3) positions, using the first one!
utility_to_osm - WARNING - ssr:stedsnr = 70112 has multiple (2) positions, using the first one!
utility_to_osm - WARNING - ssr:stedsnr = 70127 has multiple (3) positions, using the first one!
utility_to_osm - WARNING - ssr:stedsnr = 70133 has multiple (3) positions, using the first one!
utility_to_osm - WARNING - ssr:stedsnr = 70135 has multiple (2) positions, using the first one!
utility_to_osm - WARNING - ssr:stedsnr = 70181 has multiple (2) positions, using the first one!
utility_to_osm - WARNING - ssr:stedsnr = 70191 has multiple (3) positions, using the first one!
utility_to_osm - WARNING - ssr:stedsnr = 70193 has multiple (3) positions, using the first one!
utility_to_osm - WARNING - ssr:stedsnr = 70194 has multiple (2) positions, using the first one!
utility_to_osm - WARNING - ssr:stedsnr = 70301 has multiple (2) positions, using the first one!
utility_to_osm - WARNING - ssr:stedsnr = 70306 has multiple (3) positions, using the first one!
utility_to_osm - WARNING - ssr:stedsnr = 70315 has multiple (5) positions, using the first one!
utility_to_osm - WARNING - ssr:stedsnr = 70324 has multiple (3) positions, using the first one!
utility_to_osm - WARNING - ssr:stedsnr = 70091 has multiple (3) positions, using the first one!
utility_to_osm - WARNING - ssr:stedsnr = 70207 has multiple (3) positions, using the first one!
utility_to_osm - WARNING - ssr:stedsnr = 70210 has multiple (2) positions, using the first one!
utility_to_osm - WARNING - ssr:stedsnr = 70224 has multiple (3) positions, using the first one!
utility_to_osm - WARNING - ssr:stedsnr = 70225 has multiple (5) positions, using the first one!
utility_to_osm - WARNING - ssr:stedsnr = 70275 has multiple (3) positions, using the first one!
utility_to_osm - WARNING - ssr:stedsnr = 70280 has multiple (3) positions, using the first one!
utility_to_osm - ERROR - ssr:stedsnr = 70282: Adding multiple names to name tag, this is not OK! name = "Daløyna;Rånøyna"
utility_to_osm - WARNING - ssr:stedsnr = 70282 has multiple (5) positions, using the first one!
utility_to_osm - WARNING - ssr:stedsnr = 70429 has multiple (3) positions, using the first one!
utility_to_osm - WARNING - ssr:stedsnr = 70820 has multiple (2) positions, using the first one!
utility_to_osm - WARNING - ssr:stedsnr = 70883 has multiple (3) positions, using the first one!
utility_to_osm - WARNING - ssr:stedsnr = 70896 has multiple (2) positions, using the first one!
utility_to_osm - WARNING - ssr:stedsnr = 70777 has multiple (3) positions, using the first one!
utility_to_osm - WARNING - ssr:stedsnr = 70905 has multiple (2) positions, using the first one!
utility_to_osm - WARNING - ssr:stedsnr = 70925 has multiple (3) positions, using the first one!
utility_to_osm - WARNING - ssr:stedsnr = 70927 has multiple (3) positions, using the first one!
utility_to_osm - WARNING - ssr:stedsnr = 70970 has multiple (3) positions, using the first one!
utility_to_osm - WARNING - ssr:stedsnr = 85104 has multiple (2) positions, using the first one!
utility_to_osm - WARNING - ssr:stedsnr = 86185: No priority spelling found for lang = no, using alt_name to get "[('no', 'Nordrevågen')]"
utility_to_osm - WARNING - ssr:stedsnr = 88614 has multiple (2) positions, using the first one!
utility_to_osm - WARNING - ssr:stedsnr = 107421: No priority spelling found for lang = no, using alt_name to get "[('no', 'Nåra ferjekai')]"
utility_to_osm - WARNING - ssr:stedsnr = 107422 has multiple (2) positions, using the first one!
utility_to_osm - WARNING - ssr:stedsnr = 249649 has multiple (2) positions, using the first one!
utility_to_osm - WARNING - ssr:stedsnr = 249660 has multiple (5) positions, using the first one!
utility_to_osm - WARNING - ssr:stedsnr = 250518 has multiple (3) positions, using the first one!
utility_to_osm - WARNING - ssr:stedsnr = 250530 has multiple (6) positions, using the first one!
utility_to_osm - WARNING - ssr:stedsnr = 250663 has multiple (2) positions, using the first one!
utility_to_osm - WARNING - ssr:stedsnr = 250666 has multiple (2) positions, using the first one!
utility_to_osm - WARNING - ssr:stedsnr = 251016 has multiple (3) positions, using the first one!
utility_to_osm - WARNING - ssr:stedsnr = 251018 has multiple (3) positions, using the first one!
utility_to_osm - WARNING - ssr:stedsnr = 251020: No priority spelling found for lang = no, using alt_name to get "[('no', 'Lågøyholmane')]"
utility_to_osm - WARNING - ssr:stedsnr = 251020 has multiple (3) positions, using the first one!
utility_to_osm - WARNING - ssr:stedsnr = 251034 has multiple (2) positions, using the first one!
utility_to_osm - WARNING - ssr:stedsnr = 251129 has multiple (3) positions, using the first one!
utility_to_osm - WARNING - ssr:stedsnr = 251177 has multiple (3) positions, using the first one!
utility_to_osm - WARNING - ssr:stedsnr = 251219 has multiple (3) positions, using the first one!
utility_to_osm - WARNING - ssr:stedsnr = 251834 has multiple (4) positions, using the first one!
utility_to_osm - ERROR - ssr:stedsnr = 251827: Adding multiple names to name tag, this is not OK! name = "Djupvikvatnet;Grastjørna"
utility_to_osm - WARNING - ssr:stedsnr = 251827 has multiple (3) positions, using the first one!
utility_to_osm - WARNING - ssr:stedsnr = 251845 has multiple (3) positions, using the first one!
utility_to_osm - WARNING - ssr:stedsnr = 251875 has multiple (4) positions, using the first one!
utility_to_osm - ERROR - ssr:stedsnr = 251923: Adding multiple names to name tag, this is not OK! name = "Kvalholmen;Nordre Svarteskjeret"
utility_to_osm - WARNING - ssr:stedsnr = 251923 has multiple (3) positions, using the first one!
utility_to_osm - WARNING - ssr:stedsnr = 251987 has multiple (2) positions, using the first one!
utility_to_osm - WARNING - ssr:stedsnr = 252006 has multiple (2) positions, using the first one!
utility_to_osm - WARNING - ssr:stedsnr = 252013 has multiple (3) positions, using the first one!
utility_to_osm - WARNING - ssr:stedsnr = 252090 has multiple (3) positions, using the first one!
utility_to_osm - WARNING - ssr:stedsnr = 252091 has multiple (2) positions, using the first one!
utility_to_osm - WARNING - ssr:stedsnr = 252092 has multiple (3) positions, using the first one!
utility_to_osm - WARNING - ssr:stedsnr = 252095 has multiple (4) positions, using the first one!
utility_to_osm - WARNING - ssr:stedsnr = 252036 has multiple (2) positions, using the first one!
utility_to_osm - WARNING - ssr:stedsnr = 252040 has multiple (3) positions, using the first one!
utility_to_osm - WARNING - ssr:stedsnr = 252042 has multiple (3) positions, using the first one!
utility_to_osm - WARNING - ssr:stedsnr = 252052 has multiple (3) positions, using the first one!
utility_to_osm - WARNING - ssr:stedsnr = 252065 has multiple (3) positions, using the first one!
utility_to_osm - WARNING - ssr:stedsnr = 252072 has multiple (3) positions, using the first one!
utility_to_osm - WARNING - ssr:stedsnr = 252076: No priority spelling found for lang = no, using alt_name to get "[('no', 'Lågøyfjorden')]"
utility_to_osm - WARNING - ssr:stedsnr = 252076 has multiple (6) positions, using the first one!
utility_to_osm - WARNING - ssr:stedsnr = 252078 has multiple (3) positions, using the first one!
utility_to_osm - WARNING - ssr:stedsnr = 252115 has multiple (2) positions, using the first one!
utility_to_osm - WARNING - ssr:stedsnr = 252124 has multiple (3) positions, using the first one!
utility_to_osm - WARNING - ssr:stedsnr = 252126 has multiple (3) positions, using the first one!
utility_to_osm - WARNING - ssr:stedsnr = 252184 has multiple (2) positions, using the first one!
utility_to_osm - WARNING - ssr:stedsnr = 252186: No priority spelling found for lang = no, using alt_name to get "[('no', 'Lågøyna')]"
utility_to_osm - WARNING - ssr:stedsnr = 252187 has multiple (3) positions, using the first one!
utility_to_osm - WARNING - ssr:stedsnr = 252188 has multiple (3) positions, using the first one!
utility_to_osm - WARNING - ssr:stedsnr = 252191 has multiple (3) positions, using the first one!
utility_to_osm - WARNING - ssr:stedsnr = 252154 has multiple (3) positions, using the first one!
utility_to_osm - WARNING - ssr:stedsnr = 252177 has multiple (3) positions, using the first one!
utility_to_osm - WARNING - ssr:stedsnr = 252178 has multiple (3) positions, using the first one!
utility_to_osm - WARNING - ssr:stedsnr = 252211 has multiple (4) positions, using the first one!
utility_to_osm - WARNING - ssr:stedsnr = 252228 has multiple (2) positions, using the first one!
utility_to_osm - WARNING - ssr:stedsnr = 252229 has multiple (3) positions, using the first one!
utility_to_osm - WARNING - ssr:stedsnr = 252285 has multiple (3) positions, using the first one!
utility_to_osm - WARNING - ssr:stedsnr = 252244 has multiple (3) positions, using the first one!
utility_to_osm - WARNING - ssr:stedsnr = 252248 has multiple (2) positions, using the first one!
utility_to_osm - WARNING - ssr:stedsnr = 252257 has multiple (4) positions, using the first one!
utility_to_osm - WARNING - ssr:stedsnr = 252268 has multiple (4) positions, using the first one!
utility_to_osm - WARNING - ssr:stedsnr = 252274 has multiple (3) positions, using the first one!
utility_to_osm - WARNING - ssr:stedsnr = 252278 has multiple (3) positions, using the first one!
utility_to_osm - WARNING - ssr:stedsnr = 252332 has multiple (3) positions, using the first one!
utility_to_osm - WARNING - ssr:stedsnr = 252333 has multiple (3) positions, using the first one!
utility_to_osm - WARNING - ssr:stedsnr = 252335 has multiple (2) positions, using the first one!
utility_to_osm - WARNING - ssr:stedsnr = 252338 has multiple (3) positions, using the first one!
utility_to_osm - WARNING - ssr:stedsnr = 252339 has multiple (3) positions, using the first one!
utility_to_osm - WARNING - ssr:stedsnr = 252342 has multiple (3) positions, using the first one!
utility_to_osm - WARNING - ssr:stedsnr = 252291 has multiple (3) positions, using the first one!
utility_to_osm - WARNING - ssr:stedsnr = 252294 has multiple (3) positions, using the first one!
utility_to_osm - WARNING - ssr:stedsnr = 252309 has multiple (3) positions, using the first one!
utility_to_osm - WARNING - ssr:stedsnr = 252314 has multiple (3) positions, using the first one!
utility_to_osm - WARNING - ssr:stedsnr = 252315 has multiple (3) positions, using the first one!
utility_to_osm - WARNING - ssr:stedsnr = 252317 has multiple (3) positions, using the first one!
utility_to_osm - WARNING - ssr:stedsnr = 252325 has multiple (2) positions, using the first one!
utility_to_osm - WARNING - ssr:stedsnr = 252328 has multiple (3) positions, using the first one!
utility_to_osm - WARNING - ssr:stedsnr = 252343 has multiple (3) positions, using the first one!
utility_to_osm - WARNING - ssr:stedsnr = 252344 has multiple (4) positions, using the first one!
utility_to_osm - WARNING - ssr:stedsnr = 128660 has multiple (3) positions, using the first one!
utility_to_osm - WARNING - ssr:stedsnr = 252433 has multiple (3) positions, using the first one!
utility_to_osm - WARNING - ssr:stedsnr = 252421: No priority spelling found for lang = no, using alt_name to get "[('no', 'Nårøyna')]"
utility_to_osm - WARNING - ssr:stedsnr = 252421 has multiple (3) positions, using the first one!
utility_to_osm - WARNING - ssr:stedsnr = 252428 has multiple (2) positions, using the first one!
utility_to_osm - ERROR - ssr:stedsnr = 252443: Adding multiple names to name tag, this is not OK! name = "Ytre Humlevågneset;Anderssvar"
utility_to_osm - WARNING - ssr:stedsnr = 252443 has multiple (3) positions, using the first one!
utility_to_osm - WARNING - ssr:stedsnr = 252448 has multiple (3) positions, using the first one!
utility_to_osm - WARNING - ssr:stedsnr = 252464 has multiple (3) positions, using the first one!
utility_to_osm - WARNING - ssr:stedsnr = 252465 has multiple (3) positions, using the first one!
utility_to_osm - WARNING - ssr:stedsnr = 130109 has multiple (3) positions, using the first one!
utility_to_osm - WARNING - ssr:stedsnr = 130117 has multiple (3) positions, using the first one!
utility_to_osm - WARNING - ssr:stedsnr = 130023 has multiple (3) positions, using the first one!
utility_to_osm - WARNING - ssr:stedsnr = 130028 has multiple (3) positions, using the first one!
utility_to_osm - WARNING - ssr:stedsnr = 130208 has multiple (2) positions, using the first one!
utility_to_osm - WARNING - ssr:stedsnr = 130231 has multiple (3) positions, using the first one!
utility_to_osm - WARNING - ssr:stedsnr = 130321 has multiple (3) positions, using the first one!
utility_to_osm - WARNING - ssr:stedsnr = 130395 has multiple (3) positions, using the first one!
utility_to_osm - WARNING - ssr:stedsnr = 130403 has multiple (3) positions, using the first one!
utility_to_osm - WARNING - ssr:stedsnr = 130409 has multiple (3) positions, using the first one!
utility_to_osm - WARNING - ssr:stedsnr = 130429 has multiple (3) positions, using the first one!
utility_to_osm - WARNING - ssr:stedsnr = 130713: No priority spelling found for lang = no, using alt_name to get "[('no', 'Storøyna')]"
utility_to_osm - WARNING - ssr:stedsnr = 130726 has multiple (3) positions, using the first one!
utility_to_osm - WARNING - ssr:stedsnr = 130728 has multiple (3) positions, using the first one!
utility_to_osm - WARNING - ssr:stedsnr = 130791 has multiple (2) positions, using the first one!
utility_to_osm - WARNING - ssr:stedsnr = 130795 has multiple (3) positions, using the first one!
utility_to_osm - WARNING - ssr:stedsnr = 130920 has multiple (3) positions, using the first one!
utility_to_osm - WARNING - ssr:stedsnr = 130925 has multiple (3) positions, using the first one!
utility_to_osm - WARNING - ssr:stedsnr = 130927 has multiple (3) positions, using the first one!
utility_to_osm - WARNING - ssr:stedsnr = 130805 has multiple (3) positions, using the first one!
utility_to_osm - WARNING - ssr:stedsnr = 130811 has multiple (2) positions, using the first one!
utility_to_osm - WARNING - ssr:stedsnr = 130812 has multiple (3) positions, using the first one!
utility_to_osm - WARNING - ssr:stedsnr = 130815 has multiple (3) positions, using the first one!
utility_to_osm - WARNING - ssr:stedsnr = 130818 has multiple (3) positions, using the first one!
utility_to_osm - WARNING - ssr:stedsnr = 130832 has multiple (3) positions, using the first one!
utility_to_osm - WARNING - ssr:stedsnr = 130871 has multiple (3) positions, using the first one!
utility_to_osm - WARNING - ssr:stedsnr = 130881 has multiple (2) positions, using the first one!
utility_to_osm - WARNING - ssr:stedsnr = 130884 has multiple (2) positions, using the first one!
utility_to_osm - WARNING - ssr:stedsnr = 131182 has multiple (4) positions, using the first one!
utility_to_osm - WARNING - ssr:stedsnr = 252741 has multiple (3) positions, using the first one!
utility_to_osm - WARNING - ssr:stedsnr = 252771 has multiple (3) positions, using the first one!
utility_to_osm - WARNING - ssr:stedsnr = 252826 has multiple (3) positions, using the first one!
utility_to_osm - WARNING - ssr:stedsnr = 252835 has multiple (3) positions, using the first one!
utility_to_osm - WARNING - ssr:stedsnr = 252821 has multiple (4) positions, using the first one!
utility_to_osm - WARNING - ssr:stedsnr = 252823 has multiple (2) positions, using the first one!
utility_to_osm - WARNING - ssr:stedsnr = 252856 has multiple (2) positions, using the first one!
utility_to_osm - WARNING - ssr:stedsnr = 252942 has multiple (3) positions, using the first one!
utility_to_osm - WARNING - ssr:stedsnr = 252898 has multiple (3) positions, using the first one!
utility_to_osm - WARNING - ssr:stedsnr = 252984 has multiple (3) positions, using the first one!
utility_to_osm - WARNING - ssr:stedsnr = 252949 has multiple (3) positions, using the first one!
utility_to_osm - WARNING - ssr:stedsnr = 252952 has multiple (3) positions, using the first one!
utility_to_osm - WARNING - ssr:stedsnr = 252957 has multiple (4) positions, using the first one!
utility_to_osm - WARNING - ssr:stedsnr = 252966 has multiple (3) positions, using the first one!
utility_to_osm - WARNING - ssr:stedsnr = 252968 has multiple (3) positions, using the first one!
utility_to_osm - WARNING - ssr:stedsnr = 252974 has multiple (3) positions, using the first one!
utility_to_osm - WARNING - ssr:stedsnr = 146092 has multiple (2) positions, using the first one!
utility_to_osm - WARNING - ssr:stedsnr = 146165: No priority spelling found for lang = no, using alt_name to get "[('no', 'Sørevågen')]"
utility_to_osm - WARNING - ssr:stedsnr = 146165 has multiple (2) positions, using the first one!
utility_to_osm - WARNING - ssr:stedsnr = 313036 has multiple (3) positions, using the first one!
utility_to_osm - WARNING - ssr:stedsnr = 189617 has multiple (2) positions, using the first one!
utility_to_osm - WARNING - ssr:stedsnr = 191006 has multiple (3) positions, using the first one!
utility_to_osm - WARNING - ssr:stedsnr = 191157 has multiple (3) positions, using the first one!
utility_to_osm - WARNING - ssr:stedsnr = 191176 has multiple (3) positions, using the first one!
utility_to_osm - WARNING - ssr:stedsnr = 191177 has multiple (3) positions, using the first one!
utility_to_osm - WARNING - ssr:stedsnr = 191325 has multiple (3) positions, using the first one!
utility_to_osm - WARNING - ssr:stedsnr = 191054 has multiple (3) positions, using the first one!
utility_to_osm - WARNING - ssr:stedsnr = 191055 has multiple (3) positions, using the first one!
utility_to_osm - WARNING - ssr:stedsnr = 191060 has multiple (2) positions, using the first one!
utility_to_osm - WARNING - ssr:stedsnr = 191061 has multiple (3) positions, using the first one!
utility_to_osm - WARNING - ssr:stedsnr = 191204 has multiple (3) positions, using the first one!
utility_to_osm - WARNING - ssr:stedsnr = 191207 has multiple (2) positions, using the first one!
utility_to_osm - WARNING - ssr:stedsnr = 191211: No priority spelling found for lang = no, using alt_name to get "[('no', 'Lågøyna')]"
utility_to_osm - WARNING - ssr:stedsnr = 191252 has multiple (3) positions, using the first one!
utility_to_osm - WARNING - ssr:stedsnr = 191472 has multiple (3) positions, using the first one!
utility_to_osm - WARNING - ssr:stedsnr = 191710 has multiple (2) positions, using the first one!
utility_to_osm - WARNING - ssr:stedsnr = 191713 has multiple (3) positions, using the first one!
utility_to_osm - WARNING - ssr:stedsnr = 191723 has multiple (3) positions, using the first one!
utility_to_osm - WARNING - ssr:stedsnr = 191748: No priority spelling found for lang = no, using alt_name to get "[('no', 'Utvær')]"
utility_to_osm - WARNING - ssr:stedsnr = 191748 has multiple (5) positions, using the first one!
utility_to_osm - WARNING - ssr:stedsnr = 191753 has multiple (2) positions, using the first one!
utility_to_osm - WARNING - ssr:stedsnr = 191755 has multiple (5) positions, using the first one!
utility_to_osm - WARNING - ssr:stedsnr = 191871 has multiple (3) positions, using the first one!
utility_to_osm - WARNING - ssr:stedsnr = 191872 has multiple (3) positions, using the first one!
utility_to_osm - WARNING - ssr:stedsnr = 191898 has multiple (4) positions, using the first one!
utility_to_osm - WARNING - ssr:stedsnr = 191900 has multiple (3) positions, using the first one!
utility_to_osm - WARNING - ssr:stedsnr = 191915 has multiple (3) positions, using the first one!
utility_to_osm - WARNING - ssr:stedsnr = 191916 has multiple (3) positions, using the first one!
utility_to_osm - WARNING - ssr:stedsnr = 191919 has multiple (3) positions, using the first one!
utility_to_osm - WARNING - ssr:stedsnr = 191921 has multiple (2) positions, using the first one!
utility_to_osm - WARNING - ssr:stedsnr = 209679 has multiple (2) positions, using the first one!
utility_to_osm - WARNING - ssr:stedsnr = 226835: No priority spelling found for lang = no, using alt_name to get "[('no', 'Nordre Nåresundet')]"
utility_to_osm - WARNING - ssr:stedsnr = 449863 has multiple (2) positions, using the first one!
utility_to_osm - WARNING - ssr:stedsnr = 495348 has multiple (3) positions, using the first one!
utility_to_osm - WARNING - ssr:stedsnr = 234005 has multiple (3) positions, using the first one!
utility_to_osm - WARNING - ssr:stedsnr = 234180 has multiple (3) positions, using the first one!
utility_to_osm - WARNING - ssr:stedsnr = 450095 has multiple (2) positions, using the first one!
utility_to_osm - WARNING - ssr:stedsnr = 450097 has multiple (2) positions, using the first one!
utility_to_osm - WARNING - ssr:stedsnr = 494778 has multiple (3) positions, using the first one!
utility_to_osm - WARNING - ssr:stedsnr = 252918 has multiple (3) positions, using the first one!
utility_to_osm - WARNING - ssr:stedsnr = 252921 has multiple (3) positions, using the first one!
utility_to_osm - WARNING - ssr:stedsnr = 252925 has multiple (3) positions, using the first one!
utility_to_osm - WARNING - ssr:stedsnr = 268107 has multiple (2) positions, using the first one!
