utility_to_osm - WARNING - ssr:stedsnr = 5579 has multiple (11) positions, using the first one!
utility_to_osm - WARNING - ssr:stedsnr = 6488 has multiple (2) positions, using the first one!
utility_to_osm - WARNING - ssr:stedsnr = 51407 has multiple (2) positions, using the first one!
utility_to_osm - WARNING - ssr:stedsnr = 67753 has multiple (2) positions, using the first one!
utility_to_osm - WARNING - ssr:stedsnr = 67798 has multiple (2) positions, using the first one!
utility_to_osm - WARNING - ssr:stedsnr = 67799 has multiple (3) positions, using the first one!
utility_to_osm - WARNING - ssr:stedsnr = 67800 has multiple (2) positions, using the first one!
utility_to_osm - WARNING - ssr:stedsnr = 248364 has multiple (55) positions, using the first one!
utility_to_osm - WARNING - ssr:stedsnr = 248884 has multiple (2) positions, using the first one!
utility_to_osm - WARNING - ssr:stedsnr = 127489 has multiple (2) positions, using the first one!
utility_to_osm - WARNING - ssr:stedsnr = 127493 has multiple (2) positions, using the first one!
utility_to_osm - WARNING - ssr:stedsnr = 127622 has multiple (2) positions, using the first one!
utility_to_osm - WARNING - ssr:stedsnr = 127694 has multiple (2) positions, using the first one!
utility_to_osm - WARNING - ssr:stedsnr = 127905 has multiple (2) positions, using the first one!
utility_to_osm - WARNING - ssr:stedsnr = 188810 has multiple (2) positions, using the first one!
utility_to_osm - WARNING - ssr:stedsnr = 216673 has multiple (2) positions, using the first one!
utility_to_osm - ERROR - ssr:stedsnr = 248359: Adding multiple names to name tag, this is not OK! name = "Furumyra;Rundhaugmyra"
utility_to_osm - WARNING - ssr:stedsnr = 249310 has multiple (3) positions, using the first one!
utility_to_osm - WARNING - ssr:stedsnr = 309440 has multiple (2) positions, using the first one!
utility_to_osm - WARNING - ssr:stedsnr = 309451 has multiple (2) positions, using the first one!
utility_to_osm - WARNING - ssr:stedsnr = 309638 has multiple (2) positions, using the first one!
utility_to_osm - WARNING - ssr:stedsnr = 310904 has multiple (2) positions, using the first one!
utility_to_osm - WARNING - ssr:stedsnr = 369407 has multiple (2) positions, using the first one!
utility_to_osm - WARNING - ssr:stedsnr = 370823 has multiple (4) positions, using the first one!
utility_to_osm - WARNING - ssr:stedsnr = 490053 has multiple (2) positions, using the first one!
utility_to_osm - WARNING - ssr:stedsnr = 490988 has multiple (2) positions, using the first one!
utility_to_osm - WARNING - ssr:stedsnr = 431807 has multiple (2) positions, using the first one!
utility_to_osm - WARNING - ssr:stedsnr = 491431 has multiple (2) positions, using the first one!
utility_to_osm - WARNING - ssr:stedsnr = 672552 has multiple (2) positions, using the first one!
utility_to_osm - WARNING - ssr:stedsnr = 673481 has multiple (2) positions, using the first one!
utility_to_osm - ERROR - ssr:stedsnr = 673500: Adding multiple names to name tag, this is not OK! name = "Kavlebruhøgda;Kavlebruhaugen"
utility_to_osm - WARNING - ssr:stedsnr = 673588 has multiple (2) positions, using the first one!
utility_to_osm - WARNING - ssr:stedsnr = 491283 has multiple (5) positions, using the first one!
utility_to_osm - WARNING - ssr:stedsnr = 491596 has multiple (2) positions, using the first one!
utility_to_osm - WARNING - ssr:stedsnr = 551449 has multiple (2) positions, using the first one!
utility_to_osm - WARNING - ssr:stedsnr = 551608 has multiple (2) positions, using the first one!
utility_to_osm - WARNING - ssr:stedsnr = 551614 has multiple (3) positions, using the first one!
utility_to_osm - WARNING - ssr:stedsnr = 552541 has multiple (2) positions, using the first one!
utility_to_osm - WARNING - ssr:stedsnr = 552812 has multiple (2) positions, using the first one!
utility_to_osm - WARNING - ssr:stedsnr = 579000 has multiple (2) positions, using the first one!
utility_to_osm - WARNING - ssr:stedsnr = 597975 has multiple (2) positions, using the first one!
utility_to_osm - WARNING - ssr:stedsnr = 611607 has multiple (3) positions, using the first one!
utility_to_osm - WARNING - ssr:stedsnr = 611611 has multiple (2) positions, using the first one!
utility_to_osm - WARNING - ssr:stedsnr = 613068 has multiple (2) positions, using the first one!
utility_to_osm - WARNING - ssr:stedsnr = 673457 has multiple (2) positions, using the first one!
utility_to_osm - WARNING - ssr:stedsnr = 673461 has multiple (2) positions, using the first one!
utility_to_osm - WARNING - ssr:stedsnr = 673518: No priority spelling found for lang = no, using alt_name to get "[('no', 'Nordre Vælsvatnet')]"
utility_to_osm - WARNING - ssr:stedsnr = 674401 has multiple (2) positions, using the first one!
utility_to_osm - WARNING - ssr:stedsnr = 719587 has multiple (2) positions, using the first one!
utility_to_osm - WARNING - ssr:stedsnr = 733441 has multiple (7) positions, using the first one!
utility_to_osm - WARNING - ssr:stedsnr = 734619 has multiple (2) positions, using the first one!
utility_to_osm - WARNING - ssr:stedsnr = 734530 has multiple (3) positions, using the first one!
utility_to_osm - WARNING - ssr:stedsnr = 906839 has multiple (2) positions, using the first one!
utility_to_osm - WARNING - ssr:stedsnr = 908489 has multiple (2) positions, using the first one!
utility_to_osm - WARNING - ssr:stedsnr = 909485: No priority spelling found for lang = no, using alt_name to get "[('no', 'Samsjøberga naturreservat')]"
utility_to_osm - ERROR - ssr:stedsnr = 795867: Adding multiple names to name tag, this is not OK! name = "Løykebråtån;Østre Hvaterud"
utility_to_osm - WARNING - ssr:stedsnr = 795913 has multiple (2) positions, using the first one!
utility_to_osm - WARNING - ssr:stedsnr = 915562 has multiple (6) positions, using the first one!
utility_to_osm - WARNING - ssr:stedsnr = 916887 has multiple (2) positions, using the first one!
utility_to_osm - WARNING - ssr:stedsnr = 916601 has multiple (2) positions, using the first one!
utility_to_osm - WARNING - ssr:stedsnr = 855489 has multiple (3) positions, using the first one!
utility_to_osm - WARNING - ssr:stedsnr = 855594 has multiple (2) positions, using the first one!
utility_to_osm - WARNING - ssr:stedsnr = 855993: No priority spelling found for lang = no, using alt_name to get "[('no', 'Kniptjern')]"
utility_to_osm - WARNING - ssr:stedsnr = 883705 has multiple (2) positions, using the first one!
utility_to_osm - WARNING - ssr:stedsnr = 889920 has multiple (2) positions, using the first one!
utility_to_osm - WARNING - ssr:stedsnr = 915594 has multiple (2) positions, using the first one!
utility_to_osm - WARNING - ssr:stedsnr = 916105 has multiple (2) positions, using the first one!
utility_to_osm - WARNING - ssr:stedsnr = 916477 has multiple (2) positions, using the first one!
utility_to_osm - WARNING - ssr:stedsnr = 916523 has multiple (2) positions, using the first one!
utility_to_osm - WARNING - ssr:stedsnr = 916534 has multiple (4) positions, using the first one!
utility_to_osm - WARNING - ssr:stedsnr = 917258 has multiple (3) positions, using the first one!
utility_to_osm - WARNING - ssr:stedsnr = 917905 has multiple (2) positions, using the first one!
utility_to_osm - WARNING - ssr:stedsnr = 971441: No priority spelling found for lang = no, using alt_name to get "[('no', 'Langvassbrenna naturreservat')]"
utility_to_osm - WARNING - ssr:stedsnr = 978099: No priority spelling found for lang = no, using alt_name to get "[('no', 'Vælsvatna')]"
utility_to_osm - WARNING - ssr:stedsnr = 5589 has multiple (2) positions, using the first one!
utility_to_osm - WARNING - ssr:stedsnr = 6842 has multiple (2) positions, using the first one!
utility_to_osm - WARNING - ssr:stedsnr = 34283 has multiple (2) positions, using the first one!
utility_to_osm - ERROR - ssr:stedsnr = 52664. No positions found, skipping
utility_to_osm - WARNING - ssr:stedsnr = 66036 has multiple (2) positions, using the first one!
utility_to_osm - WARNING - ssr:stedsnr = 105384: No priority spelling found for lang = no, using alt_name to get "[('no', 'Olumshagatunnelen')]"
utility_to_osm - ERROR - ssr:stedsnr = 105384. No positions found, skipping
utility_to_osm - WARNING - ssr:stedsnr = 127658 has multiple (2) positions, using the first one!
utility_to_osm - WARNING - ssr:stedsnr = 127530 has multiple (2) positions, using the first one!
utility_to_osm - WARNING - ssr:stedsnr = 146335 has multiple (2) positions, using the first one!
utility_to_osm - WARNING - ssr:stedsnr = 168086 has multiple (2) positions, using the first one!
utility_to_osm - WARNING - ssr:stedsnr = 187551 has multiple (2) positions, using the first one!
utility_to_osm - WARNING - ssr:stedsnr = 188846 has multiple (2) positions, using the first one!
utility_to_osm - WARNING - ssr:stedsnr = 188864 has multiple (2) positions, using the first one!
utility_to_osm - WARNING - ssr:stedsnr = 188911 has multiple (2) positions, using the first one!
utility_to_osm - WARNING - ssr:stedsnr = 207348 has multiple (2) positions, using the first one!
utility_to_osm - WARNING - ssr:stedsnr = 214979 has multiple (2) positions, using the first one!
utility_to_osm - WARNING - ssr:stedsnr = 308577 has multiple (2) positions, using the first one!
utility_to_osm - WARNING - ssr:stedsnr = 308587 has multiple (2) positions, using the first one!
utility_to_osm - WARNING - ssr:stedsnr = 308431 has multiple (2) positions, using the first one!
utility_to_osm - WARNING - ssr:stedsnr = 309763 has multiple (2) positions, using the first one!
utility_to_osm - WARNING - ssr:stedsnr = 330881 has multiple (3) positions, using the first one!
utility_to_osm - WARNING - ssr:stedsnr = 337382 has multiple (2) positions, using the first one!
utility_to_osm - WARNING - ssr:stedsnr = 361179 has multiple (2) positions, using the first one!
utility_to_osm - WARNING - ssr:stedsnr = 369531 has multiple (2) positions, using the first one!
utility_to_osm - WARNING - ssr:stedsnr = 369533 has multiple (3) positions, using the first one!
utility_to_osm - WARNING - ssr:stedsnr = 369537 has multiple (2) positions, using the first one!
utility_to_osm - WARNING - ssr:stedsnr = 370118 has multiple (2) positions, using the first one!
utility_to_osm - ERROR - ssr:stedsnr = 370895: Adding multiple names to name tag, this is not OK! name = "Rustad;Nedre Rustad"
utility_to_osm - ERROR - ssr:stedsnr = 396923. No positions found, skipping
utility_to_osm - WARNING - ssr:stedsnr = 430043 has multiple (2) positions, using the first one!
utility_to_osm - WARNING - ssr:stedsnr = 431410 has multiple (2) positions, using the first one!
utility_to_osm - WARNING - ssr:stedsnr = 511795 has multiple (5) positions, using the first one!
utility_to_osm - WARNING - ssr:stedsnr = 539461 has multiple (2) positions, using the first one!
utility_to_osm - WARNING - ssr:stedsnr = 551386 has multiple (2) positions, using the first one!
utility_to_osm - WARNING - ssr:stedsnr = 551575 has multiple (2) positions, using the first one!
utility_to_osm - WARNING - ssr:stedsnr = 551582 has multiple (2) positions, using the first one!
utility_to_osm - WARNING - ssr:stedsnr = 551436 has multiple (3) positions, using the first one!
utility_to_osm - WARNING - ssr:stedsnr = 612470 has multiple (2) positions, using the first one!
utility_to_osm - WARNING - ssr:stedsnr = 733067 has multiple (2) positions, using the first one!
utility_to_osm - WARNING - ssr:stedsnr = 733069 has multiple (2) positions, using the first one!
utility_to_osm - WARNING - ssr:stedsnr = 734563 has multiple (2) positions, using the first one!
utility_to_osm - WARNING - ssr:stedsnr = 734564 has multiple (2) positions, using the first one!
utility_to_osm - WARNING - ssr:stedsnr = 752926 has multiple (2) positions, using the first one!
utility_to_osm - WARNING - ssr:stedsnr = 752931 has multiple (3) positions, using the first one!
utility_to_osm - WARNING - ssr:stedsnr = 781473 has multiple (2) positions, using the first one!
utility_to_osm - WARNING - ssr:stedsnr = 794048 has multiple (3) positions, using the first one!
utility_to_osm - WARNING - ssr:stedsnr = 794601 has multiple (2) positions, using the first one!
utility_to_osm - WARNING - ssr:stedsnr = 855627 has multiple (2) positions, using the first one!
utility_to_osm - WARNING - ssr:stedsnr = 856523 has multiple (2) positions, using the first one!
utility_to_osm - WARNING - ssr:stedsnr = 874528 has multiple (4) positions, using the first one!
utility_to_osm - WARNING - ssr:stedsnr = 944316 has multiple (2) positions, using the first one!
utility_to_osm - ERROR - ssr:stedsnr = 989046: Adding multiple names to name tag, this is not OK! name = "Rustad;Øvre Rustad"
utility_to_osm - ERROR - ssr:stedsnr = 1016027. No positions found, skipping
utility_to_osm - ERROR - ssr:stedsnr = 1016028. No positions found, skipping
utility_to_osm - ERROR - ssr:stedsnr = 1013990. No positions found, skipping
utility_to_osm - ERROR - ssr:stedsnr = 1014002. No positions found, skipping
utility_to_osm - ERROR - ssr:stedsnr = 1014452. No positions found, skipping
utility_to_osm - ERROR - ssr:stedsnr = 1014037. No positions found, skipping
utility_to_osm - ERROR - ssr:stedsnr = 1014222. No positions found, skipping
utility_to_osm - ERROR - ssr:stedsnr = 1014232. No positions found, skipping
utility_to_osm - ERROR - ssr:stedsnr = 1014125. No positions found, skipping
utility_to_osm - ERROR - ssr:stedsnr = 1014240. No positions found, skipping
utility_to_osm - ERROR - ssr:stedsnr = 1014265. No positions found, skipping
utility_to_osm - ERROR - ssr:stedsnr = 1014379. No positions found, skipping
utility_to_osm - ERROR - ssr:stedsnr = 1014404. No positions found, skipping
utility_to_osm - ERROR - ssr:stedsnr = 1014535. No positions found, skipping
utility_to_osm - ERROR - ssr:stedsnr = 1016036. No positions found, skipping
utility_to_osm - ERROR - ssr:stedsnr = 1016038. No positions found, skipping
utility_to_osm - ERROR - ssr:stedsnr = 1016039. No positions found, skipping
utility_to_osm - ERROR - ssr:stedsnr = 1016040. No positions found, skipping
utility_to_osm - ERROR - ssr:stedsnr = 1016042. No positions found, skipping
utility_to_osm - ERROR - ssr:stedsnr = 1016044. No positions found, skipping
utility_to_osm - ERROR - ssr:stedsnr = 1016045. No positions found, skipping
utility_to_osm - ERROR - ssr:stedsnr = 1016046. No positions found, skipping
utility_to_osm - ERROR - ssr:stedsnr = 1016048. No positions found, skipping
utility_to_osm - WARNING - ssr:stedsnr = 1016049: No priority spelling found for lang = no, using alt_name to get "[('no', 'Hestehovsbakken')]"
utility_to_osm - ERROR - ssr:stedsnr = 1016049. No positions found, skipping
utility_to_osm - ERROR - ssr:stedsnr = 1016051. No positions found, skipping
utility_to_osm - ERROR - ssr:stedsnr = 1016052. No positions found, skipping
utility_to_osm - ERROR - ssr:stedsnr = 1016053. No positions found, skipping
utility_to_osm - WARNING - ssr:stedsnr = 1015512: No priority spelling found for lang = no, using alt_name to get "[('no', 'Halvorsbøleveien')]"
utility_to_osm - ERROR - ssr:stedsnr = 1015512. No positions found, skipping
utility_to_osm - WARNING - ssr:stedsnr = 1015515: No priority spelling found for lang = no, using alt_name to get "[('no', 'Hensrudveien')]"
utility_to_osm - ERROR - ssr:stedsnr = 1015515. No positions found, skipping
utility_to_osm - WARNING - ssr:stedsnr = 1015518: No priority spelling found for lang = no, using alt_name to get "[('no', 'Brekkeveien')]"
utility_to_osm - ERROR - ssr:stedsnr = 1015518. No positions found, skipping
utility_to_osm - WARNING - ssr:stedsnr = 1015521: No priority spelling found for lang = no, using alt_name to get "[('no', 'Kingeveien')]"
utility_to_osm - ERROR - ssr:stedsnr = 1015521. No positions found, skipping
utility_to_osm - WARNING - ssr:stedsnr = 1015524: No priority spelling found for lang = no, using alt_name to get "[('no', 'Blåbærveien')]"
utility_to_osm - ERROR - ssr:stedsnr = 1015524. No positions found, skipping
utility_to_osm - WARNING - ssr:stedsnr = 1015528: No priority spelling found for lang = no, using alt_name to get "[('no', 'Einebærveien')]"
utility_to_osm - ERROR - ssr:stedsnr = 1015528. No positions found, skipping
utility_to_osm - WARNING - ssr:stedsnr = 1015531: No priority spelling found for lang = no, using alt_name to get "[('no', 'Halvorsrudveien')]"
utility_to_osm - ERROR - ssr:stedsnr = 1015531. No positions found, skipping
utility_to_osm - WARNING - ssr:stedsnr = 1015534: No priority spelling found for lang = no, using alt_name to get "[('no', 'Loftbergveien')]"
utility_to_osm - ERROR - ssr:stedsnr = 1015534. No positions found, skipping
utility_to_osm - WARNING - ssr:stedsnr = 1015588: No priority spelling found for lang = no, using alt_name to get "[('no', 'Dampsagveien')]"
utility_to_osm - ERROR - ssr:stedsnr = 1015588. No positions found, skipping
utility_to_osm - WARNING - ssr:stedsnr = 1015590: No priority spelling found for lang = no, using alt_name to get "[('no', 'Hovsstubben')]"
utility_to_osm - ERROR - ssr:stedsnr = 1015590. No positions found, skipping
utility_to_osm - WARNING - ssr:stedsnr = 1015592: No priority spelling found for lang = no, using alt_name to get "[('no', 'Brøttetveien')]"
utility_to_osm - ERROR - ssr:stedsnr = 1015592. No positions found, skipping
utility_to_osm - WARNING - ssr:stedsnr = 1015594: No priority spelling found for lang = no, using alt_name to get "[('no', 'Musmyrveien')]"
utility_to_osm - ERROR - ssr:stedsnr = 1015594. No positions found, skipping
utility_to_osm - WARNING - ssr:stedsnr = 1015596: No priority spelling found for lang = no, using alt_name to get "[('no', 'Industrivegen')]"
utility_to_osm - ERROR - ssr:stedsnr = 1015596. No positions found, skipping
utility_to_osm - WARNING - ssr:stedsnr = 1015598: No priority spelling found for lang = no, using alt_name to get "[('no', 'Torshovveien')]"
utility_to_osm - ERROR - ssr:stedsnr = 1015598. No positions found, skipping
utility_to_osm - WARNING - ssr:stedsnr = 1015601: No priority spelling found for lang = no, using alt_name to get "[('no', 'Hovsbakken')]"
utility_to_osm - ERROR - ssr:stedsnr = 1015601. No positions found, skipping
utility_to_osm - WARNING - ssr:stedsnr = 1015603: No priority spelling found for lang = no, using alt_name to get "[('no', 'Tosobakken')]"
utility_to_osm - ERROR - ssr:stedsnr = 1015603. No positions found, skipping
utility_to_osm - WARNING - ssr:stedsnr = 1015537: No priority spelling found for lang = no, using alt_name to get "[('no', 'Trollbærveien')]"
utility_to_osm - ERROR - ssr:stedsnr = 1015537. No positions found, skipping
utility_to_osm - WARNING - ssr:stedsnr = 1015540: No priority spelling found for lang = no, using alt_name to get "[('no', 'Bringebærveien')]"
utility_to_osm - ERROR - ssr:stedsnr = 1015540. No positions found, skipping
utility_to_osm - WARNING - ssr:stedsnr = 1015543: No priority spelling found for lang = no, using alt_name to get "[('no', 'Tyttebærveien')]"
utility_to_osm - ERROR - ssr:stedsnr = 1015543. No positions found, skipping
utility_to_osm - WARNING - ssr:stedsnr = 1015546: No priority spelling found for lang = no, using alt_name to get "[('no', 'Kreklingveien')]"
utility_to_osm - ERROR - ssr:stedsnr = 1015546. No positions found, skipping
utility_to_osm - WARNING - ssr:stedsnr = 1015549: No priority spelling found for lang = no, using alt_name to get "[('no', 'Vaterudsvegen')]"
utility_to_osm - ERROR - ssr:stedsnr = 1015549. No positions found, skipping
utility_to_osm - WARNING - ssr:stedsnr = 1015551: No priority spelling found for lang = no, using alt_name to get "[('no', 'Brørbystubben')]"
utility_to_osm - ERROR - ssr:stedsnr = 1015551. No positions found, skipping
utility_to_osm - WARNING - ssr:stedsnr = 1015553: No priority spelling found for lang = no, using alt_name to get "[('no', 'Klebersteinsveien')]"
utility_to_osm - ERROR - ssr:stedsnr = 1015553. No positions found, skipping
utility_to_osm - WARNING - ssr:stedsnr = 1015555: No priority spelling found for lang = no, using alt_name to get "[('no', 'Hermanstien')]"
utility_to_osm - ERROR - ssr:stedsnr = 1015555. No positions found, skipping
utility_to_osm - WARNING - ssr:stedsnr = 1015559: No priority spelling found for lang = no, using alt_name to get "[('no', 'Fundinveien')]"
utility_to_osm - ERROR - ssr:stedsnr = 1015559. No positions found, skipping
utility_to_osm - WARNING - ssr:stedsnr = 1015561: No priority spelling found for lang = no, using alt_name to get "[('no', 'Bergerbakkroken')]"
utility_to_osm - ERROR - ssr:stedsnr = 1015561. No positions found, skipping
utility_to_osm - WARNING - ssr:stedsnr = 1015565: No priority spelling found for lang = no, using alt_name to get "[('no', 'Nattfiolveien')]"
utility_to_osm - ERROR - ssr:stedsnr = 1015565. No positions found, skipping
utility_to_osm - WARNING - ssr:stedsnr = 1015567: No priority spelling found for lang = no, using alt_name to get "[('no', 'Skogstjerneveien')]"
utility_to_osm - ERROR - ssr:stedsnr = 1015567. No positions found, skipping
utility_to_osm - WARNING - ssr:stedsnr = 1015569: No priority spelling found for lang = no, using alt_name to get "[('no', 'Snappinveien')]"
utility_to_osm - ERROR - ssr:stedsnr = 1015569. No positions found, skipping
utility_to_osm - WARNING - ssr:stedsnr = 1015572: No priority spelling found for lang = no, using alt_name to get "[('no', 'Klokkerengveien')]"
utility_to_osm - ERROR - ssr:stedsnr = 1015572. No positions found, skipping
utility_to_osm - WARNING - ssr:stedsnr = 1015574: No priority spelling found for lang = no, using alt_name to get "[('no', 'Hovsmarkveien')]"
utility_to_osm - ERROR - ssr:stedsnr = 1015574. No positions found, skipping
utility_to_osm - WARNING - ssr:stedsnr = 1015576: No priority spelling found for lang = no, using alt_name to get "[('no', 'Anviseren')]"
utility_to_osm - ERROR - ssr:stedsnr = 1015576. No positions found, skipping
utility_to_osm - WARNING - ssr:stedsnr = 1015578: No priority spelling found for lang = no, using alt_name to get "[('no', 'Brennasletta')]"
utility_to_osm - ERROR - ssr:stedsnr = 1015578. No positions found, skipping
utility_to_osm - WARNING - ssr:stedsnr = 1015580: No priority spelling found for lang = no, using alt_name to get "[('no', 'Brennaveien')]"
utility_to_osm - ERROR - ssr:stedsnr = 1015580. No positions found, skipping
utility_to_osm - WARNING - ssr:stedsnr = 1015583: No priority spelling found for lang = no, using alt_name to get "[('no', 'Bjønnputtvegen')]"
utility_to_osm - ERROR - ssr:stedsnr = 1015583. No positions found, skipping
utility_to_osm - WARNING - ssr:stedsnr = 1015585: No priority spelling found for lang = no, using alt_name to get "[('no', 'Standplassen')]"
utility_to_osm - ERROR - ssr:stedsnr = 1015585. No positions found, skipping
utility_to_osm - WARNING - ssr:stedsnr = 1015639: No priority spelling found for lang = no, using alt_name to get "[('no', 'Stensvollvegen')]"
utility_to_osm - ERROR - ssr:stedsnr = 1015639. No positions found, skipping
utility_to_osm - WARNING - ssr:stedsnr = 1015641: No priority spelling found for lang = no, using alt_name to get "[('no', 'Graverengvegen')]"
utility_to_osm - ERROR - ssr:stedsnr = 1015641. No positions found, skipping
utility_to_osm - WARNING - ssr:stedsnr = 1015642: No priority spelling found for lang = no, using alt_name to get "[('no', 'Rensevegen')]"
utility_to_osm - ERROR - ssr:stedsnr = 1015642. No positions found, skipping
utility_to_osm - WARNING - ssr:stedsnr = 1015643: No priority spelling found for lang = no, using alt_name to get "[('no', 'Frydenlundstaje')]"
utility_to_osm - ERROR - ssr:stedsnr = 1015643. No positions found, skipping
utility_to_osm - WARNING - ssr:stedsnr = 1015644: No priority spelling found for lang = no, using alt_name to get "[('no', 'Østgata')]"
utility_to_osm - ERROR - ssr:stedsnr = 1015644. No positions found, skipping
utility_to_osm - WARNING - ssr:stedsnr = 1015648: No priority spelling found for lang = no, using alt_name to get "[('no', 'Glimtstubben')]"
utility_to_osm - ERROR - ssr:stedsnr = 1015648. No positions found, skipping
utility_to_osm - WARNING - ssr:stedsnr = 1015649: No priority spelling found for lang = no, using alt_name to get "[('no', 'Furukollen')]"
utility_to_osm - ERROR - ssr:stedsnr = 1015649. No positions found, skipping
utility_to_osm - WARNING - ssr:stedsnr = 1015651: No priority spelling found for lang = no, using alt_name to get "[('no', 'Dølerudvegen')]"
utility_to_osm - ERROR - ssr:stedsnr = 1015651. No positions found, skipping
utility_to_osm - WARNING - ssr:stedsnr = 1015652: No priority spelling found for lang = no, using alt_name to get "[('no', 'Peder Nordbys veg')]"
utility_to_osm - ERROR - ssr:stedsnr = 1015652. No positions found, skipping
utility_to_osm - WARNING - ssr:stedsnr = 1015653: No priority spelling found for lang = no, using alt_name to get "[('no', 'Klokkerbakken')]"
utility_to_osm - ERROR - ssr:stedsnr = 1015653. No positions found, skipping
utility_to_osm - WARNING - ssr:stedsnr = 1015606: No priority spelling found for lang = no, using alt_name to get "[('no', 'Vangskroken')]"
utility_to_osm - ERROR - ssr:stedsnr = 1015606. No positions found, skipping
utility_to_osm - WARNING - ssr:stedsnr = 1015608: No priority spelling found for lang = no, using alt_name to get "[('no', 'Bekkevegen')]"
utility_to_osm - ERROR - ssr:stedsnr = 1015608. No positions found, skipping
utility_to_osm - WARNING - ssr:stedsnr = 1015610: No priority spelling found for lang = no, using alt_name to get "[('no', 'Lundsgata')]"
utility_to_osm - ERROR - ssr:stedsnr = 1015610. No positions found, skipping
utility_to_osm - WARNING - ssr:stedsnr = 1015612: No priority spelling found for lang = no, using alt_name to get "[('no', 'Tosokroken')]"
utility_to_osm - ERROR - ssr:stedsnr = 1015612. No positions found, skipping
utility_to_osm - WARNING - ssr:stedsnr = 1015614: No priority spelling found for lang = no, using alt_name to get "[('no', 'Lekestien')]"
utility_to_osm - ERROR - ssr:stedsnr = 1015614. No positions found, skipping
utility_to_osm - WARNING - ssr:stedsnr = 1015616: No priority spelling found for lang = no, using alt_name to get "[('no', 'Feldbergkroken')]"
utility_to_osm - ERROR - ssr:stedsnr = 1015616. No positions found, skipping
utility_to_osm - WARNING - ssr:stedsnr = 1015618: No priority spelling found for lang = no, using alt_name to get "[('no', 'Lemvigvegen')]"
utility_to_osm - ERROR - ssr:stedsnr = 1015618. No positions found, skipping
utility_to_osm - WARNING - ssr:stedsnr = 1015620: No priority spelling found for lang = no, using alt_name to get "[('no', 'Betelgata')]"
utility_to_osm - ERROR - ssr:stedsnr = 1015620. No positions found, skipping
utility_to_osm - WARNING - ssr:stedsnr = 1015622: No priority spelling found for lang = no, using alt_name to get "[('no', 'Nybrovegen')]"
utility_to_osm - ERROR - ssr:stedsnr = 1015622. No positions found, skipping
utility_to_osm - WARNING - ssr:stedsnr = 1015624: No priority spelling found for lang = no, using alt_name to get "[('no', 'Wangsvegen')]"
utility_to_osm - ERROR - ssr:stedsnr = 1015624. No positions found, skipping
utility_to_osm - WARNING - ssr:stedsnr = 1015626: No priority spelling found for lang = no, using alt_name to get "[('no', 'Haugergata')]"
utility_to_osm - ERROR - ssr:stedsnr = 1015626. No positions found, skipping
utility_to_osm - WARNING - ssr:stedsnr = 1015630: No priority spelling found for lang = no, using alt_name to get "[('no', 'Midtlivegen')]"
utility_to_osm - ERROR - ssr:stedsnr = 1015630. No positions found, skipping
utility_to_osm - WARNING - ssr:stedsnr = 1015632: No priority spelling found for lang = no, using alt_name to get "[('no', 'Tosogata')]"
utility_to_osm - ERROR - ssr:stedsnr = 1015632. No positions found, skipping
utility_to_osm - WARNING - ssr:stedsnr = 1015635: No priority spelling found for lang = no, using alt_name to get "[('no', 'Opperudgata')]"
utility_to_osm - ERROR - ssr:stedsnr = 1015635. No positions found, skipping
utility_to_osm - WARNING - ssr:stedsnr = 1015696: No priority spelling found for lang = no, using alt_name to get "[('no', 'Finnerudseterveien')]"
utility_to_osm - WARNING - ssr:stedsnr = 1015719: No priority spelling found for lang = no, using alt_name to get "[('no', 'Sandbekkveien')]"
utility_to_osm - WARNING - ssr:stedsnr = 1015728: No priority spelling found for lang = no, using alt_name to get "[('no', 'Bergermotunet')]"
utility_to_osm - WARNING - ssr:stedsnr = 1015733: No priority spelling found for lang = no, using alt_name to get "[('no', 'Fuglesangveien')]"
utility_to_osm - WARNING - ssr:stedsnr = 1015786: No priority spelling found for lang = no, using alt_name to get "[('no', 'Kanadaveien')]"
utility_to_osm - ERROR - ssr:stedsnr = 1015786. No positions found, skipping
utility_to_osm - WARNING - ssr:stedsnr = 1015790: No priority spelling found for lang = no, using alt_name to get "[('no', 'Åserudveien')]"
utility_to_osm - ERROR - ssr:stedsnr = 1015790. No positions found, skipping
utility_to_osm - WARNING - ssr:stedsnr = 1015794: No priority spelling found for lang = no, using alt_name to get "[('no', 'Karlsrudveien')]"
utility_to_osm - WARNING - ssr:stedsnr = 1015798: No priority spelling found for lang = no, using alt_name to get "[('no', 'Haugsveien')]"
utility_to_osm - WARNING - ssr:stedsnr = 1015802: No priority spelling found for lang = no, using alt_name to get "[('no', 'Trantjernveien')]"
utility_to_osm - ERROR - ssr:stedsnr = 1015802. No positions found, skipping
utility_to_osm - WARNING - ssr:stedsnr = 1015807: No priority spelling found for lang = no, using alt_name to get "[('no', 'Steinhusveien')]"
utility_to_osm - WARNING - ssr:stedsnr = 1015813: No priority spelling found for lang = no, using alt_name to get "[('no', 'Holoaveien')]"
utility_to_osm - ERROR - ssr:stedsnr = 1015813. No positions found, skipping
utility_to_osm - WARNING - ssr:stedsnr = 1015676: No priority spelling found for lang = no, using alt_name to get "[('no', 'Flåtjernsveien')]"
utility_to_osm - WARNING - ssr:stedsnr = 1015742: No priority spelling found for lang = no, using alt_name to get "[('no', 'Energiveien')]"
utility_to_osm - WARNING - ssr:stedsnr = 1015747: No priority spelling found for lang = no, using alt_name to get "[('no', 'Øvre Hovsbakken')]"
utility_to_osm - WARNING - ssr:stedsnr = 1015752: No priority spelling found for lang = no, using alt_name to get "[('no', 'Langdalen')]"
utility_to_osm - WARNING - ssr:stedsnr = 1015757: No priority spelling found for lang = no, using alt_name to get "[('no', 'Fikerudveien')]"
utility_to_osm - WARNING - ssr:stedsnr = 1015762: No priority spelling found for lang = no, using alt_name to get "[('no', 'Galtedalstjern')]"
utility_to_osm - WARNING - ssr:stedsnr = 1015767: No priority spelling found for lang = no, using alt_name to get "[('no', 'Sognsbakka')]"
utility_to_osm - WARNING - ssr:stedsnr = 1015771: No priority spelling found for lang = no, using alt_name to get "[('no', 'Hadelandsveien')]"
utility_to_osm - ERROR - ssr:stedsnr = 1015771. No positions found, skipping
utility_to_osm - WARNING - ssr:stedsnr = 1015776: No priority spelling found for lang = no, using alt_name to get "[('no', 'Øvre Vangsvei')]"
utility_to_osm - WARNING - ssr:stedsnr = 1015782: No priority spelling found for lang = no, using alt_name to get "[('no', 'Holåsveien')]"
utility_to_osm - WARNING - ssr:stedsnr = 1015836: No priority spelling found for lang = no, using alt_name to get "[('no', 'Gjerdingsveien')]"
utility_to_osm - ERROR - ssr:stedsnr = 1015836. No positions found, skipping
utility_to_osm - WARNING - ssr:stedsnr = 1015840: No priority spelling found for lang = no, using alt_name to get "[('no', 'Myllalia')]"
utility_to_osm - ERROR - ssr:stedsnr = 1015840. No positions found, skipping
utility_to_osm - WARNING - ssr:stedsnr = 1015844: No priority spelling found for lang = no, using alt_name to get "[('no', 'Prestensrudveien')]"
utility_to_osm - WARNING - ssr:stedsnr = 1015849: No priority spelling found for lang = no, using alt_name to get "[('no', 'Fjordlinna')]"
utility_to_osm - WARNING - ssr:stedsnr = 1015855: No priority spelling found for lang = no, using alt_name to get "[('no', 'Olumslinna')]"
utility_to_osm - WARNING - ssr:stedsnr = 1015858: No priority spelling found for lang = no, using alt_name to get "[('no', 'Vestsidevegen')]"
utility_to_osm - WARNING - ssr:stedsnr = 1015865: No priority spelling found for lang = no, using alt_name to get "[('no', 'Bratvalsveien')]"
utility_to_osm - ERROR - ssr:stedsnr = 1015865. No positions found, skipping
utility_to_osm - WARNING - ssr:stedsnr = 1015869: No priority spelling found for lang = no, using alt_name to get "[('no', 'Engerveien')]"
utility_to_osm - ERROR - ssr:stedsnr = 1015869. No positions found, skipping
utility_to_osm - WARNING - ssr:stedsnr = 1015817: No priority spelling found for lang = no, using alt_name to get "[('no', 'Sinderdalsveien')]"
utility_to_osm - ERROR - ssr:stedsnr = 1015817. No positions found, skipping
utility_to_osm - WARNING - ssr:stedsnr = 1015821: No priority spelling found for lang = no, using alt_name to get "[('no', 'Feldbergveien')]"
utility_to_osm - WARNING - ssr:stedsnr = 1015825: No priority spelling found for lang = no, using alt_name to get "[('no', 'Veloveien')]"
utility_to_osm - WARNING - ssr:stedsnr = 1015829: No priority spelling found for lang = no, using alt_name to get "[('no', 'Sandvikslandet')]"
utility_to_osm - WARNING - ssr:stedsnr = 1015833: No priority spelling found for lang = no, using alt_name to get "[('no', 'Fallaveien')]"
utility_to_osm - WARNING - ssr:stedsnr = 1015893: No priority spelling found for lang = no, using alt_name to get "[('no', 'Sognsveien')]"
utility_to_osm - ERROR - ssr:stedsnr = 1015893. No positions found, skipping
utility_to_osm - WARNING - ssr:stedsnr = 1015896: No priority spelling found for lang = no, using alt_name to get "[('no', 'Fossholmveien')]"
utility_to_osm - ERROR - ssr:stedsnr = 1015896. No positions found, skipping
utility_to_osm - WARNING - ssr:stedsnr = 1015899: No priority spelling found for lang = no, using alt_name to get "[('no', 'Greftegreffveien')]"
utility_to_osm - ERROR - ssr:stedsnr = 1015899. No positions found, skipping
utility_to_osm - WARNING - ssr:stedsnr = 1015903: No priority spelling found for lang = no, using alt_name to get "[('no', 'Sagengveien')]"
utility_to_osm - ERROR - ssr:stedsnr = 1015903. No positions found, skipping
utility_to_osm - WARNING - ssr:stedsnr = 1015906: No priority spelling found for lang = no, using alt_name to get "[('no', 'Nerengveien')]"
utility_to_osm - ERROR - ssr:stedsnr = 1015906. No positions found, skipping
utility_to_osm - WARNING - ssr:stedsnr = 1015910: No priority spelling found for lang = no, using alt_name to get "[('no', 'Rønnerudsvingen')]"
utility_to_osm - ERROR - ssr:stedsnr = 1015910. No positions found, skipping
utility_to_osm - WARNING - ssr:stedsnr = 1015913: No priority spelling found for lang = no, using alt_name to get "[('no', 'Sørhagan')]"
utility_to_osm - ERROR - ssr:stedsnr = 1015913. No positions found, skipping
utility_to_osm - WARNING - ssr:stedsnr = 1015916: No priority spelling found for lang = no, using alt_name to get "[('no', 'Gullenbråtaveien')]"
utility_to_osm - ERROR - ssr:stedsnr = 1015916. No positions found, skipping
utility_to_osm - WARNING - ssr:stedsnr = 1015921: No priority spelling found for lang = no, using alt_name to get "[('no', 'Østbyveien')]"
utility_to_osm - ERROR - ssr:stedsnr = 1015921. No positions found, skipping
utility_to_osm - ERROR - ssr:stedsnr = 1015924. No positions found, skipping
utility_to_osm - ERROR - ssr:stedsnr = 1015925. No positions found, skipping
utility_to_osm - ERROR - ssr:stedsnr = 1015926. No positions found, skipping
utility_to_osm - ERROR - ssr:stedsnr = 1015928. No positions found, skipping
utility_to_osm - ERROR - ssr:stedsnr = 1015929. No positions found, skipping
utility_to_osm - ERROR - ssr:stedsnr = 1015930. No positions found, skipping
utility_to_osm - ERROR - ssr:stedsnr = 1015931. No positions found, skipping
utility_to_osm - ERROR - ssr:stedsnr = 1015932. No positions found, skipping
utility_to_osm - ERROR - ssr:stedsnr = 1015933. No positions found, skipping
utility_to_osm - ERROR - ssr:stedsnr = 1015934. No positions found, skipping
utility_to_osm - ERROR - ssr:stedsnr = 1015935. No positions found, skipping
utility_to_osm - ERROR - ssr:stedsnr = 1015986. No positions found, skipping
utility_to_osm - ERROR - ssr:stedsnr = 1015987. No positions found, skipping
utility_to_osm - ERROR - ssr:stedsnr = 1015989. No positions found, skipping
utility_to_osm - ERROR - ssr:stedsnr = 1015990. No positions found, skipping
utility_to_osm - ERROR - ssr:stedsnr = 1015993. No positions found, skipping
utility_to_osm - ERROR - ssr:stedsnr = 1015994. No positions found, skipping
utility_to_osm - ERROR - ssr:stedsnr = 1015995. No positions found, skipping
utility_to_osm - ERROR - ssr:stedsnr = 1015996. No positions found, skipping
utility_to_osm - ERROR - ssr:stedsnr = 1015997. No positions found, skipping
utility_to_osm - ERROR - ssr:stedsnr = 1015999. No positions found, skipping
utility_to_osm - ERROR - ssr:stedsnr = 1016001. No positions found, skipping
utility_to_osm - ERROR - ssr:stedsnr = 1016002. No positions found, skipping
utility_to_osm - ERROR - ssr:stedsnr = 1016003. No positions found, skipping
utility_to_osm - ERROR - ssr:stedsnr = 1016004. No positions found, skipping
utility_to_osm - ERROR - ssr:stedsnr = 1016005. No positions found, skipping
utility_to_osm - ERROR - ssr:stedsnr = 1016007. No positions found, skipping
utility_to_osm - ERROR - ssr:stedsnr = 1016008. No positions found, skipping
utility_to_osm - ERROR - ssr:stedsnr = 1016009. No positions found, skipping
utility_to_osm - ERROR - ssr:stedsnr = 1016012. No positions found, skipping
utility_to_osm - ERROR - ssr:stedsnr = 1016013. No positions found, skipping
utility_to_osm - ERROR - ssr:stedsnr = 1016015. No positions found, skipping
utility_to_osm - ERROR - ssr:stedsnr = 1016016. No positions found, skipping
utility_to_osm - ERROR - ssr:stedsnr = 1016017. No positions found, skipping
utility_to_osm - ERROR - ssr:stedsnr = 1016019. No positions found, skipping
utility_to_osm - ERROR - ssr:stedsnr = 1016021. No positions found, skipping
utility_to_osm - ERROR - ssr:stedsnr = 1016023. No positions found, skipping
utility_to_osm - ERROR - ssr:stedsnr = 1016024. No positions found, skipping
utility_to_osm - ERROR - ssr:stedsnr = 1016025. No positions found, skipping
utility_to_osm - WARNING - ssr:stedsnr = 1015873: No priority spelling found for lang = no, using alt_name to get "[('no', 'Klinkenbergveien')]"
utility_to_osm - ERROR - ssr:stedsnr = 1015873. No positions found, skipping
utility_to_osm - WARNING - ssr:stedsnr = 1015877: No priority spelling found for lang = no, using alt_name to get "[('no', 'Storetjernsveien')]"
utility_to_osm - ERROR - ssr:stedsnr = 1015877. No positions found, skipping
utility_to_osm - WARNING - ssr:stedsnr = 1015881: No priority spelling found for lang = no, using alt_name to get "[('no', 'Grindvollinna')]"
utility_to_osm - ERROR - ssr:stedsnr = 1015881. No positions found, skipping
utility_to_osm - WARNING - ssr:stedsnr = 1015885: No priority spelling found for lang = no, using alt_name to get "[('no', 'Grindvollgata')]"
utility_to_osm - ERROR - ssr:stedsnr = 1015885. No positions found, skipping
utility_to_osm - ERROR - ssr:stedsnr = 1015937. No positions found, skipping
utility_to_osm - ERROR - ssr:stedsnr = 1015938. No positions found, skipping
utility_to_osm - ERROR - ssr:stedsnr = 1015939. No positions found, skipping
utility_to_osm - ERROR - ssr:stedsnr = 1015940. No positions found, skipping
utility_to_osm - ERROR - ssr:stedsnr = 1015941. No positions found, skipping
utility_to_osm - ERROR - ssr:stedsnr = 1015942. No positions found, skipping
utility_to_osm - ERROR - ssr:stedsnr = 1015943. No positions found, skipping
utility_to_osm - ERROR - ssr:stedsnr = 1015944. No positions found, skipping
utility_to_osm - ERROR - ssr:stedsnr = 1015945. No positions found, skipping
utility_to_osm - ERROR - ssr:stedsnr = 1015946. No positions found, skipping
utility_to_osm - ERROR - ssr:stedsnr = 1015948. No positions found, skipping
utility_to_osm - ERROR - ssr:stedsnr = 1015950. No positions found, skipping
utility_to_osm - ERROR - ssr:stedsnr = 1015951. No positions found, skipping
utility_to_osm - ERROR - ssr:stedsnr = 1015952. No positions found, skipping
utility_to_osm - ERROR - ssr:stedsnr = 1015954. No positions found, skipping
utility_to_osm - WARNING - ssr:stedsnr = 1015962: No priority spelling found for lang = no, using alt_name to get "[('no', 'Nøklebygata')]"
utility_to_osm - ERROR - ssr:stedsnr = 1015962. No positions found, skipping
utility_to_osm - WARNING - ssr:stedsnr = 1015964: No priority spelling found for lang = no, using alt_name to get "[('no', 'Dr. Hvattums veg')]"
utility_to_osm - ERROR - ssr:stedsnr = 1015964. No positions found, skipping
utility_to_osm - WARNING - ssr:stedsnr = 1015965: No priority spelling found for lang = no, using alt_name to get "[('no', 'Rabbavegen')]"
utility_to_osm - ERROR - ssr:stedsnr = 1015965. No positions found, skipping
utility_to_osm - WARNING - ssr:stedsnr = 1015966: No priority spelling found for lang = no, using alt_name to get "[('no', 'Sigurd Dahls veg')]"
utility_to_osm - ERROR - ssr:stedsnr = 1015966. No positions found, skipping
utility_to_osm - WARNING - ssr:stedsnr = 1015967: No priority spelling found for lang = no, using alt_name to get "[('no', 'Bakkavegen')]"
utility_to_osm - ERROR - ssr:stedsnr = 1015967. No positions found, skipping
utility_to_osm - WARNING - ssr:stedsnr = 1015969: No priority spelling found for lang = no, using alt_name to get "[('no', 'Linneasvingen')]"
utility_to_osm - ERROR - ssr:stedsnr = 1015969. No positions found, skipping
utility_to_osm - WARNING - ssr:stedsnr = 1015971: No priority spelling found for lang = no, using alt_name to get "[('no', 'Jørgen Jahrens veg')]"
utility_to_osm - ERROR - ssr:stedsnr = 1015971. No positions found, skipping
utility_to_osm - WARNING - ssr:stedsnr = 1015974: No priority spelling found for lang = no, using alt_name to get "[('no', 'Nøklebystubben')]"
utility_to_osm - ERROR - ssr:stedsnr = 1015974. No positions found, skipping
utility_to_osm - WARNING - ssr:stedsnr = 1015975: No priority spelling found for lang = no, using alt_name to get "[('no', 'Møllevegen')]"
utility_to_osm - ERROR - ssr:stedsnr = 1015975. No positions found, skipping
utility_to_osm - WARNING - ssr:stedsnr = 1015976: No priority spelling found for lang = no, using alt_name to get "[('no', 'Strandvegen')]"
utility_to_osm - ERROR - ssr:stedsnr = 1015976. No positions found, skipping
utility_to_osm - WARNING - ssr:stedsnr = 1015977: No priority spelling found for lang = no, using alt_name to get "[('no', 'Mofivelkroken')]"
utility_to_osm - ERROR - ssr:stedsnr = 1015977. No positions found, skipping
utility_to_osm - WARNING - ssr:stedsnr = 1015978: No priority spelling found for lang = no, using alt_name to get "[('no', 'Grindasvingen')]"
utility_to_osm - ERROR - ssr:stedsnr = 1015978. No positions found, skipping
utility_to_osm - ERROR - ssr:stedsnr = 1015980. No positions found, skipping
utility_to_osm - ERROR - ssr:stedsnr = 1015981. No positions found, skipping
utility_to_osm - ERROR - ssr:stedsnr = 1015982. No positions found, skipping
utility_to_osm - ERROR - ssr:stedsnr = 1015984. No positions found, skipping
utility_to_osm - ERROR - ssr:stedsnr = 1015985. No positions found, skipping
utility_to_osm - ERROR - ssr:stedsnr = 1016030. No positions found, skipping
utility_to_osm - ERROR - ssr:stedsnr = 1016031. No positions found, skipping
utility_to_osm - ERROR - ssr:stedsnr = 1016033. No positions found, skipping
utility_to_osm - ERROR - ssr:stedsnr = 1016035. No positions found, skipping
utility_to_osm - WARNING - ssr:stedsnr = 1074403: No priority spelling found for lang = no, using alt_name to get "[('no', 'Viken fylke')]"
utility_to_osm - WARNING - ssr:stedsnr = 1076674: No priority spelling found for lang = no, using alt_name to get "[('no', 'Igulsrud naturreservat')]"
utility_to_osm - WARNING - ssr:stedsnr = 1079140: No priority spelling found for lang = no, using alt_name to get "[('no', 'Bergermoveien')]"
utility_to_osm - WARNING - ssr:stedsnr = 1079139: No priority spelling found for lang = no, using alt_name to get "[('no', 'Berthe Blybergs vei')]"
utility_to_osm - WARNING - ssr:stedsnr = 1079141: No priority spelling found for lang = no, using alt_name to get "[('no', 'Karl Blybergs vei')]"
utility_to_osm - WARNING - ssr:stedsnr = 1079143: No priority spelling found for lang = no, using alt_name to get "[('no', 'Kantarellveien')]"
utility_to_osm - WARNING - ssr:stedsnr = 1079142: No priority spelling found for lang = no, using alt_name to get "[('no', 'Lyngveien')]"
utility_to_osm - WARNING - ssr:stedsnr = 1079537: No priority spelling found for lang = no, using alt_name to get "[('no', 'Dælen naturreservat')]"
utility_to_osm - WARNING - ssr:stedsnr = 1079877: No priority spelling found for lang = no, using alt_name to get "[('no', 'Elgkollen')]"
utility_to_osm - WARNING - ssr:stedsnr = 1082704: No priority spelling found for lang = no, using alt_name to get "[('no', 'Terminalen')]"
