utility_to_osm - WARNING - ssr:stedsnr = 1608: No priority spelling found for lang = no, using alt_name to get "[('no', 'Førre')]"
utility_to_osm - WARNING - ssr:stedsnr = 1626 has multiple (3) positions, using the first one!
utility_to_osm - WARNING - ssr:stedsnr = 1509 has multiple (4) positions, using the first one!
utility_to_osm - WARNING - ssr:stedsnr = 1511 has multiple (3) positions, using the first one!
utility_to_osm - WARNING - ssr:stedsnr = 2104 has multiple (2) positions, using the first one!
utility_to_osm - WARNING - ssr:stedsnr = 2128 has multiple (2) positions, using the first one!
utility_to_osm - WARNING - ssr:stedsnr = 2077 has multiple (2) positions, using the first one!
utility_to_osm - WARNING - ssr:stedsnr = 2208 has multiple (2) positions, using the first one!
utility_to_osm - WARNING - ssr:stedsnr = 2209 has multiple (2) positions, using the first one!
utility_to_osm - WARNING - ssr:stedsnr = 2221 has multiple (2) positions, using the first one!
utility_to_osm - WARNING - ssr:stedsnr = 2230: No priority spelling found for lang = no, using alt_name to get "[('no', 'Frekasundet')]"
utility_to_osm - WARNING - ssr:stedsnr = 2230 has multiple (5) positions, using the first one!
utility_to_osm - WARNING - ssr:stedsnr = 235507 has multiple (2) positions, using the first one!
utility_to_osm - WARNING - ssr:stedsnr = 53081 has multiple (3) positions, using the first one!
utility_to_osm - WARNING - ssr:stedsnr = 53701 has multiple (3) positions, using the first one!
utility_to_osm - WARNING - ssr:stedsnr = 53811 has multiple (2) positions, using the first one!
utility_to_osm - WARNING - ssr:stedsnr = 62515 has multiple (3) positions, using the first one!
utility_to_osm - WARNING - ssr:stedsnr = 62592 has multiple (2) positions, using the first one!
utility_to_osm - WARNING - ssr:stedsnr = 63002 has multiple (2) positions, using the first one!
utility_to_osm - WARNING - ssr:stedsnr = 63109 has multiple (2) positions, using the first one!
utility_to_osm - WARNING - ssr:stedsnr = 63216 has multiple (2) positions, using the first one!
utility_to_osm - WARNING - ssr:stedsnr = 63265 has multiple (5) positions, using the first one!
utility_to_osm - WARNING - ssr:stedsnr = 63281 has multiple (3) positions, using the first one!
utility_to_osm - WARNING - ssr:stedsnr = 63180 has multiple (2) positions, using the first one!
utility_to_osm - WARNING - ssr:stedsnr = 63664 has multiple (2) positions, using the first one!
utility_to_osm - WARNING - ssr:stedsnr = 63670 has multiple (8) positions, using the first one!
utility_to_osm - WARNING - ssr:stedsnr = 63684 has multiple (5) positions, using the first one!
utility_to_osm - WARNING - ssr:stedsnr = 63685 has multiple (4) positions, using the first one!
utility_to_osm - WARNING - ssr:stedsnr = 63812 has multiple (2) positions, using the first one!
utility_to_osm - WARNING - ssr:stedsnr = 245132 has multiple (2) positions, using the first one!
utility_to_osm - WARNING - ssr:stedsnr = 244456 has multiple (2) positions, using the first one!
utility_to_osm - WARNING - ssr:stedsnr = 244621 has multiple (2) positions, using the first one!
utility_to_osm - WARNING - ssr:stedsnr = 244554 has multiple (2) positions, using the first one!
utility_to_osm - WARNING - ssr:stedsnr = 244654 has multiple (3) positions, using the first one!
utility_to_osm - WARNING - ssr:stedsnr = 244668 has multiple (2) positions, using the first one!
utility_to_osm - WARNING - ssr:stedsnr = 245060 has multiple (2) positions, using the first one!
utility_to_osm - WARNING - ssr:stedsnr = 245065 has multiple (2) positions, using the first one!
utility_to_osm - WARNING - ssr:stedsnr = 245175 has multiple (2) positions, using the first one!
utility_to_osm - WARNING - ssr:stedsnr = 245182 has multiple (2) positions, using the first one!
utility_to_osm - WARNING - ssr:stedsnr = 245184 has multiple (2) positions, using the first one!
utility_to_osm - WARNING - ssr:stedsnr = 245192 has multiple (2) positions, using the first one!
utility_to_osm - WARNING - ssr:stedsnr = 245212 has multiple (2) positions, using the first one!
utility_to_osm - WARNING - ssr:stedsnr = 85431 has multiple (2) positions, using the first one!
utility_to_osm - WARNING - ssr:stedsnr = 245672 has multiple (2) positions, using the first one!
utility_to_osm - WARNING - ssr:stedsnr = 245686 has multiple (2) positions, using the first one!
utility_to_osm - WARNING - ssr:stedsnr = 245799 has multiple (2) positions, using the first one!
utility_to_osm - WARNING - ssr:stedsnr = 246609 has multiple (2) positions, using the first one!
utility_to_osm - WARNING - ssr:stedsnr = 114005 has multiple (4) positions, using the first one!
utility_to_osm - WARNING - ssr:stedsnr = 123072 has multiple (2) positions, using the first one!
utility_to_osm - WARNING - ssr:stedsnr = 123209 has multiple (2) positions, using the first one!
utility_to_osm - WARNING - ssr:stedsnr = 123210 has multiple (3) positions, using the first one!
utility_to_osm - WARNING - ssr:stedsnr = 123222 has multiple (4) positions, using the first one!
utility_to_osm - WARNING - ssr:stedsnr = 123108 has multiple (2) positions, using the first one!
utility_to_osm - WARNING - ssr:stedsnr = 123112 has multiple (2) positions, using the first one!
utility_to_osm - WARNING - ssr:stedsnr = 123122 has multiple (2) positions, using the first one!
utility_to_osm - WARNING - ssr:stedsnr = 123176 has multiple (2) positions, using the first one!
utility_to_osm - WARNING - ssr:stedsnr = 123181 has multiple (4) positions, using the first one!
utility_to_osm - WARNING - ssr:stedsnr = 123564 has multiple (2) positions, using the first one!
utility_to_osm - WARNING - ssr:stedsnr = 123607 has multiple (2) positions, using the first one!
utility_to_osm - WARNING - ssr:stedsnr = 123774 has multiple (2) positions, using the first one!
utility_to_osm - WARNING - ssr:stedsnr = 123777 has multiple (2) positions, using the first one!
utility_to_osm - WARNING - ssr:stedsnr = 123812 has multiple (3) positions, using the first one!
utility_to_osm - WARNING - ssr:stedsnr = 124607 has multiple (2) positions, using the first one!
utility_to_osm - WARNING - ssr:stedsnr = 174135 has multiple (3) positions, using the first one!
utility_to_osm - WARNING - ssr:stedsnr = 174520 has multiple (3) positions, using the first one!
utility_to_osm - WARNING - ssr:stedsnr = 175013 has multiple (2) positions, using the first one!
utility_to_osm - WARNING - ssr:stedsnr = 183638 has multiple (3) positions, using the first one!
utility_to_osm - WARNING - ssr:stedsnr = 183642 has multiple (2) positions, using the first one!
utility_to_osm - WARNING - ssr:stedsnr = 184046 has multiple (2) positions, using the first one!
utility_to_osm - WARNING - ssr:stedsnr = 184053 has multiple (2) positions, using the first one!
utility_to_osm - WARNING - ssr:stedsnr = 184217 has multiple (2) positions, using the first one!
utility_to_osm - WARNING - ssr:stedsnr = 184232 has multiple (2) positions, using the first one!
utility_to_osm - WARNING - ssr:stedsnr = 184235 has multiple (2) positions, using the first one!
utility_to_osm - WARNING - ssr:stedsnr = 184236 has multiple (2) positions, using the first one!
utility_to_osm - WARNING - ssr:stedsnr = 184237 has multiple (2) positions, using the first one!
utility_to_osm - WARNING - ssr:stedsnr = 184116 has multiple (3) positions, using the first one!
utility_to_osm - WARNING - ssr:stedsnr = 184121 has multiple (3) positions, using the first one!
utility_to_osm - WARNING - ssr:stedsnr = 184133 has multiple (2) positions, using the first one!
utility_to_osm - WARNING - ssr:stedsnr = 184135 has multiple (2) positions, using the first one!
utility_to_osm - WARNING - ssr:stedsnr = 184136 has multiple (2) positions, using the first one!
utility_to_osm - WARNING - ssr:stedsnr = 184143 has multiple (2) positions, using the first one!
utility_to_osm - WARNING - ssr:stedsnr = 184147 has multiple (2) positions, using the first one!
utility_to_osm - WARNING - ssr:stedsnr = 184519 has multiple (5) positions, using the first one!
utility_to_osm - WARNING - ssr:stedsnr = 184523 has multiple (3) positions, using the first one!
utility_to_osm - WARNING - ssr:stedsnr = 184743 has multiple (2) positions, using the first one!
utility_to_osm - WARNING - ssr:stedsnr = 184690 has multiple (2) positions, using the first one!
utility_to_osm - WARNING - ssr:stedsnr = 185583 has multiple (2) positions, using the first one!
utility_to_osm - WARNING - ssr:stedsnr = 185585 has multiple (2) positions, using the first one!
utility_to_osm - WARNING - ssr:stedsnr = 266891 has multiple (2) positions, using the first one!
utility_to_osm - WARNING - ssr:stedsnr = 267965 has multiple (2) positions, using the first one!
utility_to_osm - WARNING - ssr:stedsnr = 269645 has multiple (2) positions, using the first one!
utility_to_osm - WARNING - ssr:stedsnr = 449698: No priority spelling found for lang = no, using alt_name to get "[('no', 'Skåtavika')]"
utility_to_osm - WARNING - ssr:stedsnr = 449698 has multiple (2) positions, using the first one!
utility_to_osm - WARNING - ssr:stedsnr = 235002 has multiple (2) positions, using the first one!
utility_to_osm - WARNING - ssr:stedsnr = 235012 has multiple (3) positions, using the first one!
utility_to_osm - WARNING - ssr:stedsnr = 235097 has multiple (3) positions, using the first one!
utility_to_osm - WARNING - ssr:stedsnr = 236906 has multiple (3) positions, using the first one!
utility_to_osm - WARNING - ssr:stedsnr = 451648 has multiple (2) positions, using the first one!
utility_to_osm - WARNING - ssr:stedsnr = 244612 has multiple (3) positions, using the first one!
utility_to_osm - WARNING - ssr:stedsnr = 244580 has multiple (2) positions, using the first one!
utility_to_osm - WARNING - ssr:stedsnr = 244583 has multiple (4) positions, using the first one!
utility_to_osm - WARNING - ssr:stedsnr = 244708 has multiple (2) positions, using the first one!
utility_to_osm - WARNING - ssr:stedsnr = 245016 has multiple (2) positions, using the first one!
utility_to_osm - WARNING - ssr:stedsnr = 245075 has multiple (2) positions, using the first one!
utility_to_osm - WARNING - ssr:stedsnr = 245083 has multiple (2) positions, using the first one!
utility_to_osm - WARNING - ssr:stedsnr = 245202 has multiple (2) positions, using the first one!
utility_to_osm - WARNING - ssr:stedsnr = 245103 has multiple (3) positions, using the first one!
utility_to_osm - WARNING - ssr:stedsnr = 245122 has multiple (2) positions, using the first one!
utility_to_osm - WARNING - ssr:stedsnr = 245631 has multiple (2) positions, using the first one!
utility_to_osm - WARNING - ssr:stedsnr = 245749 has multiple (2) positions, using the first one!
utility_to_osm - WARNING - ssr:stedsnr = 269690 has multiple (2) positions, using the first one!
utility_to_osm - WARNING - ssr:stedsnr = 295473 has multiple (2) positions, using the first one!
utility_to_osm - WARNING - ssr:stedsnr = 295383 has multiple (2) positions, using the first one!
utility_to_osm - WARNING - ssr:stedsnr = 305165 has multiple (2) positions, using the first one!
utility_to_osm - WARNING - ssr:stedsnr = 305167 has multiple (2) positions, using the first one!
utility_to_osm - WARNING - ssr:stedsnr = 305447 has multiple (2) positions, using the first one!
utility_to_osm - WARNING - ssr:stedsnr = 305475 has multiple (2) positions, using the first one!
utility_to_osm - WARNING - ssr:stedsnr = 305569 has multiple (9) positions, using the first one!
utility_to_osm - WARNING - ssr:stedsnr = 305705 has multiple (2) positions, using the first one!
utility_to_osm - WARNING - ssr:stedsnr = 306206 has multiple (2) positions, using the first one!
utility_to_osm - WARNING - ssr:stedsnr = 306226 has multiple (2) positions, using the first one!
utility_to_osm - WARNING - ssr:stedsnr = 306617 has multiple (2) positions, using the first one!
utility_to_osm - WARNING - ssr:stedsnr = 306780 has multiple (2) positions, using the first one!
utility_to_osm - WARNING - ssr:stedsnr = 306907 has multiple (3) positions, using the first one!
utility_to_osm - WARNING - ssr:stedsnr = 306960 has multiple (3) positions, using the first one!
utility_to_osm - WARNING - ssr:stedsnr = 328455: No priority spelling found for lang = no, using alt_name to get "[('no', 'Store Bjelland')]"
utility_to_osm - WARNING - ssr:stedsnr = 328457: No priority spelling found for lang = no, using alt_name to get "[('no', 'Litle Bjelland')]"
utility_to_osm - WARNING - ssr:stedsnr = 356962 has multiple (2) positions, using the first one!
utility_to_osm - WARNING - ssr:stedsnr = 478199 has multiple (3) positions, using the first one!
utility_to_osm - WARNING - ssr:stedsnr = 365508: No priority spelling found for lang = no, using alt_name to get "[('no', 'Førresfjorden')]"
utility_to_osm - WARNING - ssr:stedsnr = 365508 has multiple (14) positions, using the first one!
utility_to_osm - WARNING - ssr:stedsnr = 365588 has multiple (2) positions, using the first one!
utility_to_osm - WARNING - ssr:stedsnr = 365687 has multiple (2) positions, using the first one!
utility_to_osm - WARNING - ssr:stedsnr = 365688 has multiple (2) positions, using the first one!
utility_to_osm - WARNING - ssr:stedsnr = 366205 has multiple (2) positions, using the first one!
utility_to_osm - WARNING - ssr:stedsnr = 366211 has multiple (2) positions, using the first one!
utility_to_osm - WARNING - ssr:stedsnr = 366218 has multiple (2) positions, using the first one!
utility_to_osm - WARNING - ssr:stedsnr = 366185 has multiple (2) positions, using the first one!
utility_to_osm - WARNING - ssr:stedsnr = 366233 has multiple (2) positions, using the first one!
utility_to_osm - WARNING - ssr:stedsnr = 366904 has multiple (3) positions, using the first one!
utility_to_osm - WARNING - ssr:stedsnr = 366982 has multiple (3) positions, using the first one!
utility_to_osm - WARNING - ssr:stedsnr = 366984 has multiple (3) positions, using the first one!
utility_to_osm - WARNING - ssr:stedsnr = 485762 has multiple (3) positions, using the first one!
utility_to_osm - WARNING - ssr:stedsnr = 487063 has multiple (5) positions, using the first one!
utility_to_osm - WARNING - ssr:stedsnr = 486647 has multiple (2) positions, using the first one!
utility_to_osm - WARNING - ssr:stedsnr = 487121 has multiple (2) positions, using the first one!
utility_to_osm - WARNING - ssr:stedsnr = 487250 has multiple (2) positions, using the first one!
utility_to_osm - WARNING - ssr:stedsnr = 487562 has multiple (3) positions, using the first one!
utility_to_osm - WARNING - ssr:stedsnr = 487661 has multiple (2) positions, using the first one!
utility_to_osm - WARNING - ssr:stedsnr = 487663 has multiple (6) positions, using the first one!
utility_to_osm - WARNING - ssr:stedsnr = 487984 has multiple (2) positions, using the first one!
utility_to_osm - WARNING - ssr:stedsnr = 488081 has multiple (2) positions, using the first one!
utility_to_osm - WARNING - ssr:stedsnr = 488130 has multiple (2) positions, using the first one!
utility_to_osm - WARNING - ssr:stedsnr = 488131 has multiple (2) positions, using the first one!
utility_to_osm - WARNING - ssr:stedsnr = 488163 has multiple (2) positions, using the first one!
utility_to_osm - WARNING - ssr:stedsnr = 417637 has multiple (3) positions, using the first one!
utility_to_osm - WARNING - ssr:stedsnr = 418300 has multiple (2) positions, using the first one!
utility_to_osm - WARNING - ssr:stedsnr = 488619 has multiple (2) positions, using the first one!
utility_to_osm - WARNING - ssr:stedsnr = 488638 has multiple (2) positions, using the first one!
utility_to_osm - WARNING - ssr:stedsnr = 488667 has multiple (2) positions, using the first one!
utility_to_osm - WARNING - ssr:stedsnr = 488668 has multiple (3) positions, using the first one!
utility_to_osm - WARNING - ssr:stedsnr = 488792 has multiple (3) positions, using the first one!
utility_to_osm - WARNING - ssr:stedsnr = 488970 has multiple (4) positions, using the first one!
utility_to_osm - WARNING - ssr:stedsnr = 426630 has multiple (2) positions, using the first one!
utility_to_osm - WARNING - ssr:stedsnr = 426684 has multiple (2) positions, using the first one!
utility_to_osm - WARNING - ssr:stedsnr = 427115 has multiple (2) positions, using the first one!
utility_to_osm - WARNING - ssr:stedsnr = 427074 has multiple (2) positions, using the first one!
utility_to_osm - WARNING - ssr:stedsnr = 427232 has multiple (2) positions, using the first one!
utility_to_osm - WARNING - ssr:stedsnr = 427185 has multiple (2) positions, using the first one!
utility_to_osm - WARNING - ssr:stedsnr = 427192 has multiple (2) positions, using the first one!
utility_to_osm - WARNING - ssr:stedsnr = 427503 has multiple (2) positions, using the first one!
utility_to_osm - WARNING - ssr:stedsnr = 427775 has multiple (3) positions, using the first one!
utility_to_osm - WARNING - ssr:stedsnr = 427809 has multiple (15) positions, using the first one!
utility_to_osm - WARNING - ssr:stedsnr = 428005 has multiple (19) positions, using the first one!
utility_to_osm - WARNING - ssr:stedsnr = 670964 has multiple (2) positions, using the first one!
utility_to_osm - WARNING - ssr:stedsnr = 449785 has multiple (2) positions, using the first one!
utility_to_osm - WARNING - ssr:stedsnr = 460064: No priority spelling found for lang = no, using alt_name to get "[('no', 'Floget')]"
utility_to_osm - WARNING - ssr:stedsnr = 487013 has multiple (2) positions, using the first one!
utility_to_osm - WARNING - ssr:stedsnr = 487103 has multiple (4) positions, using the first one!
utility_to_osm - WARNING - ssr:stedsnr = 487163 has multiple (2) positions, using the first one!
utility_to_osm - WARNING - ssr:stedsnr = 487207 has multiple (2) positions, using the first one!
utility_to_osm - WARNING - ssr:stedsnr = 487209 has multiple (3) positions, using the first one!
utility_to_osm - WARNING - ssr:stedsnr = 487217 has multiple (2) positions, using the first one!
utility_to_osm - WARNING - ssr:stedsnr = 487259 has multiple (2) positions, using the first one!
utility_to_osm - WARNING - ssr:stedsnr = 487608 has multiple (2) positions, using the first one!
utility_to_osm - WARNING - ssr:stedsnr = 487610 has multiple (2) positions, using the first one!
utility_to_osm - WARNING - ssr:stedsnr = 487687: No priority spelling found for lang = no, using alt_name to get "[('no', 'Førre kyrkje')]"
utility_to_osm - WARNING - ssr:stedsnr = 487918 has multiple (3) positions, using the first one!
utility_to_osm - WARNING - ssr:stedsnr = 488047 has multiple (2) positions, using the first one!
utility_to_osm - WARNING - ssr:stedsnr = 488048 has multiple (2) positions, using the first one!
utility_to_osm - WARNING - ssr:stedsnr = 488199 has multiple (3) positions, using the first one!
utility_to_osm - WARNING - ssr:stedsnr = 488956 has multiple (5) positions, using the first one!
utility_to_osm - WARNING - ssr:stedsnr = 506278: No priority spelling found for lang = no, using alt_name to get "[('no', 'Førre')]"
utility_to_osm - WARNING - ssr:stedsnr = 506278 has multiple (6) positions, using the first one!
utility_to_osm - WARNING - ssr:stedsnr = 511307 has multiple (3) positions, using the first one!
utility_to_osm - WARNING - ssr:stedsnr = 521402 has multiple (2) positions, using the first one!
utility_to_osm - ERROR - ssr:stedsnr = 529416. No positions found, skipping
utility_to_osm - WARNING - ssr:stedsnr = 538567 has multiple (2) positions, using the first one!
utility_to_osm - WARNING - ssr:stedsnr = 539174 has multiple (3) positions, using the first one!
utility_to_osm - WARNING - ssr:stedsnr = 547709 has multiple (2) positions, using the first one!
utility_to_osm - WARNING - ssr:stedsnr = 548108 has multiple (3) positions, using the first one!
utility_to_osm - WARNING - ssr:stedsnr = 548118 has multiple (2) positions, using the first one!
utility_to_osm - WARNING - ssr:stedsnr = 548202 has multiple (2) positions, using the first one!
utility_to_osm - WARNING - ssr:stedsnr = 548262 has multiple (2) positions, using the first one!
utility_to_osm - WARNING - ssr:stedsnr = 548195 has multiple (2) positions, using the first one!
utility_to_osm - WARNING - ssr:stedsnr = 548902 has multiple (2) positions, using the first one!
utility_to_osm - WARNING - ssr:stedsnr = 692645 has multiple (2) positions, using the first one!
utility_to_osm - WARNING - ssr:stedsnr = 570557 has multiple (3) positions, using the first one!
utility_to_osm - WARNING - ssr:stedsnr = 598464 has multiple (3) positions, using the first one!
utility_to_osm - WARNING - ssr:stedsnr = 599906 has multiple (3) positions, using the first one!
utility_to_osm - WARNING - ssr:stedsnr = 606743: No priority spelling found for lang = no, using alt_name to get "[('no', 'Bjelland')]"
utility_to_osm - WARNING - ssr:stedsnr = 606766: No priority spelling found for lang = no, using alt_name to get "[('no', 'Toftøy')]"
utility_to_osm - WARNING - ssr:stedsnr = 608003 has multiple (2) positions, using the first one!
utility_to_osm - WARNING - ssr:stedsnr = 608108 has multiple (3) positions, using the first one!
utility_to_osm - WARNING - ssr:stedsnr = 608150 has multiple (2) positions, using the first one!
utility_to_osm - WARNING - ssr:stedsnr = 608151 has multiple (3) positions, using the first one!
utility_to_osm - WARNING - ssr:stedsnr = 608543 has multiple (2) positions, using the first one!
utility_to_osm - WARNING - ssr:stedsnr = 608549 has multiple (2) positions, using the first one!
utility_to_osm - WARNING - ssr:stedsnr = 608957 has multiple (2) positions, using the first one!
utility_to_osm - WARNING - ssr:stedsnr = 609027 has multiple (2) positions, using the first one!
utility_to_osm - WARNING - ssr:stedsnr = 609031 has multiple (2) positions, using the first one!
utility_to_osm - WARNING - ssr:stedsnr = 609138 has multiple (3) positions, using the first one!
utility_to_osm - WARNING - ssr:stedsnr = 609145 has multiple (2) positions, using the first one!
utility_to_osm - WARNING - ssr:stedsnr = 609409 has multiple (2) positions, using the first one!
utility_to_osm - WARNING - ssr:stedsnr = 659793 has multiple (2) positions, using the first one!
utility_to_osm - WARNING - ssr:stedsnr = 660400 has multiple (3) positions, using the first one!
utility_to_osm - WARNING - ssr:stedsnr = 669098 has multiple (2) positions, using the first one!
utility_to_osm - WARNING - ssr:stedsnr = 669235: No priority spelling found for lang = no, using alt_name to get "[('no', 'Toftøy')]"
utility_to_osm - WARNING - ssr:stedsnr = 669235 has multiple (4) positions, using the first one!
utility_to_osm - WARNING - ssr:stedsnr = 669612 has multiple (2) positions, using the first one!
utility_to_osm - WARNING - ssr:stedsnr = 669530 has multiple (2) positions, using the first one!
utility_to_osm - WARNING - ssr:stedsnr = 669974 has multiple (2) positions, using the first one!
utility_to_osm - WARNING - ssr:stedsnr = 669995 has multiple (2) positions, using the first one!
utility_to_osm - WARNING - ssr:stedsnr = 670204 has multiple (2) positions, using the first one!
utility_to_osm - WARNING - ssr:stedsnr = 670207 has multiple (3) positions, using the first one!
utility_to_osm - WARNING - ssr:stedsnr = 670215 has multiple (2) positions, using the first one!
utility_to_osm - WARNING - ssr:stedsnr = 670220 has multiple (2) positions, using the first one!
utility_to_osm - WARNING - ssr:stedsnr = 670221 has multiple (4) positions, using the first one!
utility_to_osm - WARNING - ssr:stedsnr = 670623 has multiple (3) positions, using the first one!
utility_to_osm - WARNING - ssr:stedsnr = 670983 has multiple (3) positions, using the first one!
utility_to_osm - WARNING - ssr:stedsnr = 720171 has multiple (3) positions, using the first one!
utility_to_osm - WARNING - ssr:stedsnr = 720488 has multiple (2) positions, using the first one!
utility_to_osm - WARNING - ssr:stedsnr = 721007 has multiple (2) positions, using the first one!
utility_to_osm - WARNING - ssr:stedsnr = 728772: No priority spelling found for lang = no, using alt_name to get "[('no', 'Førre')]"
utility_to_osm - WARNING - ssr:stedsnr = 728772 has multiple (2) positions, using the first one!
utility_to_osm - WARNING - ssr:stedsnr = 730020 has multiple (3) positions, using the first one!
utility_to_osm - WARNING - ssr:stedsnr = 730219 has multiple (2) positions, using the first one!
utility_to_osm - WARNING - ssr:stedsnr = 730163 has multiple (2) positions, using the first one!
utility_to_osm - WARNING - ssr:stedsnr = 730182 has multiple (2) positions, using the first one!
utility_to_osm - WARNING - ssr:stedsnr = 730608 has multiple (2) positions, using the first one!
utility_to_osm - WARNING - ssr:stedsnr = 730728 has multiple (5) positions, using the first one!
utility_to_osm - WARNING - ssr:stedsnr = 730983 has multiple (3) positions, using the first one!
utility_to_osm - WARNING - ssr:stedsnr = 730987 has multiple (3) positions, using the first one!
utility_to_osm - WARNING - ssr:stedsnr = 731112 has multiple (2) positions, using the first one!
utility_to_osm - WARNING - ssr:stedsnr = 731072 has multiple (2) positions, using the first one!
utility_to_osm - WARNING - ssr:stedsnr = 731623 has multiple (2) positions, using the first one!
utility_to_osm - WARNING - ssr:stedsnr = 731754 has multiple (2) positions, using the first one!
utility_to_osm - WARNING - ssr:stedsnr = 902341 has multiple (3) positions, using the first one!
utility_to_osm - WARNING - ssr:stedsnr = 903064 has multiple (3) positions, using the first one!
utility_to_osm - WARNING - ssr:stedsnr = 903793 has multiple (3) positions, using the first one!
utility_to_osm - WARNING - ssr:stedsnr = 780486 has multiple (3) positions, using the first one!
utility_to_osm - WARNING - ssr:stedsnr = 910788 has multiple (2) positions, using the first one!
utility_to_osm - WARNING - ssr:stedsnr = 790624 has multiple (2) positions, using the first one!
utility_to_osm - WARNING - ssr:stedsnr = 791006 has multiple (2) positions, using the first one!
utility_to_osm - WARNING - ssr:stedsnr = 791092 has multiple (2) positions, using the first one!
utility_to_osm - WARNING - ssr:stedsnr = 791097 has multiple (2) positions, using the first one!
utility_to_osm - WARNING - ssr:stedsnr = 791242 has multiple (10) positions, using the first one!
utility_to_osm - WARNING - ssr:stedsnr = 791244 has multiple (2) positions, using the first one!
utility_to_osm - WARNING - ssr:stedsnr = 791249 has multiple (3) positions, using the first one!
utility_to_osm - WARNING - ssr:stedsnr = 791251 has multiple (3) positions, using the first one!
utility_to_osm - WARNING - ssr:stedsnr = 791911 has multiple (3) positions, using the first one!
utility_to_osm - WARNING - ssr:stedsnr = 912073 has multiple (3) positions, using the first one!
utility_to_osm - WARNING - ssr:stedsnr = 912173 has multiple (5) positions, using the first one!
utility_to_osm - WARNING - ssr:stedsnr = 912176 has multiple (2) positions, using the first one!
utility_to_osm - WARNING - ssr:stedsnr = 912177 has multiple (2) positions, using the first one!
utility_to_osm - WARNING - ssr:stedsnr = 912572 has multiple (2) positions, using the first one!
utility_to_osm - WARNING - ssr:stedsnr = 912649 has multiple (3) positions, using the first one!
utility_to_osm - WARNING - ssr:stedsnr = 912754 has multiple (2) positions, using the first one!
utility_to_osm - WARNING - ssr:stedsnr = 912657 has multiple (6) positions, using the first one!
utility_to_osm - WARNING - ssr:stedsnr = 912660 has multiple (2) positions, using the first one!
utility_to_osm - WARNING - ssr:stedsnr = 913043 has multiple (3) positions, using the first one!
utility_to_osm - WARNING - ssr:stedsnr = 913055 has multiple (2) positions, using the first one!
utility_to_osm - WARNING - ssr:stedsnr = 913061 has multiple (3) positions, using the first one!
utility_to_osm - WARNING - ssr:stedsnr = 913197 has multiple (2) positions, using the first one!
utility_to_osm - WARNING - ssr:stedsnr = 913312 has multiple (19) positions, using the first one!
utility_to_osm - WARNING - ssr:stedsnr = 852005 has multiple (2) positions, using the first one!
utility_to_osm - WARNING - ssr:stedsnr = 852119 has multiple (2) positions, using the first one!
utility_to_osm - WARNING - ssr:stedsnr = 852174 has multiple (2) positions, using the first one!
utility_to_osm - WARNING - ssr:stedsnr = 852204 has multiple (4) positions, using the first one!
utility_to_osm - WARNING - ssr:stedsnr = 903004 has multiple (2) positions, using the first one!
utility_to_osm - WARNING - ssr:stedsnr = 902810 has multiple (3) positions, using the first one!
utility_to_osm - WARNING - ssr:stedsnr = 902821 has multiple (2) positions, using the first one!
utility_to_osm - WARNING - ssr:stedsnr = 903270 has multiple (3) positions, using the first one!
utility_to_osm - WARNING - ssr:stedsnr = 912003 has multiple (3) positions, using the first one!
utility_to_osm - WARNING - ssr:stedsnr = 912015 has multiple (2) positions, using the first one!
utility_to_osm - WARNING - ssr:stedsnr = 912591 has multiple (3) positions, using the first one!
utility_to_osm - WARNING - ssr:stedsnr = 912990 has multiple (2) positions, using the first one!
utility_to_osm - WARNING - ssr:stedsnr = 912995 has multiple (3) positions, using the first one!
utility_to_osm - WARNING - ssr:stedsnr = 913228 has multiple (2) positions, using the first one!
utility_to_osm - WARNING - ssr:stedsnr = 913626 has multiple (2) positions, using the first one!
utility_to_osm - WARNING - ssr:stedsnr = 913735 has multiple (2) positions, using the first one!
utility_to_osm - WARNING - ssr:stedsnr = 936690 has multiple (2) positions, using the first one!
utility_to_osm - WARNING - ssr:stedsnr = 979600: No priority spelling found for lang = no, using alt_name to get "[('no', 'Skarpaneset')]"
utility_to_osm - WARNING - ssr:stedsnr = 979611: No priority spelling found for lang = no, using alt_name to get "[('no', 'Leirgro')]"
utility_to_osm - WARNING - ssr:stedsnr = 1529 has multiple (2) positions, using the first one!
utility_to_osm - WARNING - ssr:stedsnr = 1641 has multiple (11) positions, using the first one!
utility_to_osm - WARNING - ssr:stedsnr = 2175 has multiple (2) positions, using the first one!
utility_to_osm - WARNING - ssr:stedsnr = 2188 has multiple (2) positions, using the first one!
utility_to_osm - WARNING - ssr:stedsnr = 2192 has multiple (3) positions, using the first one!
utility_to_osm - WARNING - ssr:stedsnr = 2139 has multiple (2) positions, using the first one!
utility_to_osm - WARNING - ssr:stedsnr = 2162 has multiple (2) positions, using the first one!
utility_to_osm - WARNING - ssr:stedsnr = 2238 has multiple (2) positions, using the first one!
utility_to_osm - WARNING - ssr:stedsnr = 2240 has multiple (2) positions, using the first one!
utility_to_osm - WARNING - ssr:stedsnr = 2267 has multiple (4) positions, using the first one!
utility_to_osm - WARNING - ssr:stedsnr = 2271 has multiple (3) positions, using the first one!
utility_to_osm - WARNING - ssr:stedsnr = 2449 has multiple (2) positions, using the first one!
utility_to_osm - WARNING - ssr:stedsnr = 2946 has multiple (3) positions, using the first one!
utility_to_osm - WARNING - ssr:stedsnr = 24728 has multiple (2) positions, using the first one!
utility_to_osm - WARNING - ssr:stedsnr = 26668 has multiple (3) positions, using the first one!
utility_to_osm - WARNING - ssr:stedsnr = 54498 has multiple (2) positions, using the first one!
utility_to_osm - WARNING - ssr:stedsnr = 53129 has multiple (3) positions, using the first one!
utility_to_osm - WARNING - ssr:stedsnr = 63198 has multiple (2) positions, using the first one!
utility_to_osm - WARNING - ssr:stedsnr = 62562 has multiple (2) positions, using the first one!
utility_to_osm - WARNING - ssr:stedsnr = 62637 has multiple (3) positions, using the first one!
utility_to_osm - WARNING - ssr:stedsnr = 62652 has multiple (3) positions, using the first one!
utility_to_osm - WARNING - ssr:stedsnr = 63043 has multiple (2) positions, using the first one!
utility_to_osm - WARNING - ssr:stedsnr = 63052 has multiple (2) positions, using the first one!
utility_to_osm - WARNING - ssr:stedsnr = 63255 has multiple (2) positions, using the first one!
utility_to_osm - WARNING - ssr:stedsnr = 63257 has multiple (4) positions, using the first one!
utility_to_osm - WARNING - ssr:stedsnr = 63864 has multiple (2) positions, using the first one!
utility_to_osm - WARNING - ssr:stedsnr = 63910 has multiple (4) positions, using the first one!
utility_to_osm - WARNING - ssr:stedsnr = 64625 has multiple (2) positions, using the first one!
utility_to_osm - WARNING - ssr:stedsnr = 84740: No priority spelling found for lang = no, using alt_name to get "[('no', 'Mjåsundbrua')]"
utility_to_osm - ERROR - ssr:stedsnr = 84740. No positions found, skipping
utility_to_osm - WARNING - ssr:stedsnr = 84744: No priority spelling found for lang = no, using alt_name to get "[('no', 'Frekasundbrua')]"
utility_to_osm - ERROR - ssr:stedsnr = 84744. No positions found, skipping
utility_to_osm - WARNING - ssr:stedsnr = 113096 has multiple (3) positions, using the first one!
utility_to_osm - WARNING - ssr:stedsnr = 120475: No priority spelling found for lang = no, using alt_name to get "[('no', 'Tveitaneset naturreservat')]"
utility_to_osm - WARNING - ssr:stedsnr = 122633 has multiple (3) positions, using the first one!
utility_to_osm - WARNING - ssr:stedsnr = 122664 has multiple (2) positions, using the first one!
utility_to_osm - WARNING - ssr:stedsnr = 123277 has multiple (2) positions, using the first one!
utility_to_osm - WARNING - ssr:stedsnr = 123032 has multiple (2) positions, using the first one!
utility_to_osm - WARNING - ssr:stedsnr = 123055 has multiple (2) positions, using the first one!
utility_to_osm - WARNING - ssr:stedsnr = 123057 has multiple (3) positions, using the first one!
utility_to_osm - WARNING - ssr:stedsnr = 123062 has multiple (2) positions, using the first one!
utility_to_osm - WARNING - ssr:stedsnr = 123063 has multiple (2) positions, using the first one!
utility_to_osm - WARNING - ssr:stedsnr = 123469 has multiple (3) positions, using the first one!
utility_to_osm - WARNING - ssr:stedsnr = 123478 has multiple (2) positions, using the first one!
utility_to_osm - WARNING - ssr:stedsnr = 123552 has multiple (2) positions, using the first one!
utility_to_osm - WARNING - ssr:stedsnr = 123591 has multiple (2) positions, using the first one!
utility_to_osm - WARNING - ssr:stedsnr = 124122 has multiple (4) positions, using the first one!
utility_to_osm - WARNING - ssr:stedsnr = 123982 has multiple (3) positions, using the first one!
utility_to_osm - WARNING - ssr:stedsnr = 124195 has multiple (2) positions, using the first one!
utility_to_osm - WARNING - ssr:stedsnr = 124124 has multiple (2) positions, using the first one!
utility_to_osm - WARNING - ssr:stedsnr = 124125 has multiple (2) positions, using the first one!
utility_to_osm - WARNING - ssr:stedsnr = 124128 has multiple (2) positions, using the first one!
utility_to_osm - WARNING - ssr:stedsnr = 124140: No priority spelling found for lang = no, using alt_name to get "[('no', 'Store Bjelland')]"
utility_to_osm - WARNING - ssr:stedsnr = 147280 has multiple (2) positions, using the first one!
utility_to_osm - WARNING - ssr:stedsnr = 172346 has multiple (3) positions, using the first one!
utility_to_osm - WARNING - ssr:stedsnr = 174084 has multiple (5) positions, using the first one!
utility_to_osm - WARNING - ssr:stedsnr = 174382 has multiple (3) positions, using the first one!
utility_to_osm - WARNING - ssr:stedsnr = 174178 has multiple (3) positions, using the first one!
utility_to_osm - WARNING - ssr:stedsnr = 183620 has multiple (2) positions, using the first one!
utility_to_osm - WARNING - ssr:stedsnr = 184013 has multiple (2) positions, using the first one!
utility_to_osm - WARNING - ssr:stedsnr = 184180 has multiple (3) positions, using the first one!
utility_to_osm - WARNING - ssr:stedsnr = 184061 has multiple (3) positions, using the first one!
utility_to_osm - WARNING - ssr:stedsnr = 184243 has multiple (3) positions, using the first one!
utility_to_osm - WARNING - ssr:stedsnr = 184250 has multiple (2) positions, using the first one!
utility_to_osm - WARNING - ssr:stedsnr = 184564 has multiple (2) positions, using the first one!
utility_to_osm - WARNING - ssr:stedsnr = 184573 has multiple (2) positions, using the first one!
utility_to_osm - WARNING - ssr:stedsnr = 184712 has multiple (2) positions, using the first one!
utility_to_osm - WARNING - ssr:stedsnr = 184927 has multiple (4) positions, using the first one!
utility_to_osm - WARNING - ssr:stedsnr = 185758 has multiple (2) positions, using the first one!
utility_to_osm - WARNING - ssr:stedsnr = 278058: No priority spelling found for lang = no, using alt_name to get "[('no', 'Litla Floget')]"
utility_to_osm - WARNING - ssr:stedsnr = 296309 has multiple (3) positions, using the first one!
utility_to_osm - WARNING - ssr:stedsnr = 305014 has multiple (2) positions, using the first one!
utility_to_osm - WARNING - ssr:stedsnr = 305224 has multiple (2) positions, using the first one!
utility_to_osm - WARNING - ssr:stedsnr = 305235 has multiple (2) positions, using the first one!
utility_to_osm - WARNING - ssr:stedsnr = 305133 has multiple (2) positions, using the first one!
utility_to_osm - WARNING - ssr:stedsnr = 305178 has multiple (2) positions, using the first one!
utility_to_osm - WARNING - ssr:stedsnr = 305534 has multiple (2) positions, using the first one!
utility_to_osm - WARNING - ssr:stedsnr = 305549 has multiple (2) positions, using the first one!
utility_to_osm - WARNING - ssr:stedsnr = 305553 has multiple (2) positions, using the first one!
utility_to_osm - WARNING - ssr:stedsnr = 305618 has multiple (3) positions, using the first one!
utility_to_osm - WARNING - ssr:stedsnr = 305631 has multiple (3) positions, using the first one!
utility_to_osm - WARNING - ssr:stedsnr = 305753: No priority spelling found for lang = no, using alt_name to get "[('no', 'Erland')]"
utility_to_osm - WARNING - ssr:stedsnr = 306195 has multiple (2) positions, using the first one!
utility_to_osm - WARNING - ssr:stedsnr = 306435 has multiple (2) positions, using the first one!
utility_to_osm - WARNING - ssr:stedsnr = 306593 has multiple (2) positions, using the first one!
utility_to_osm - WARNING - ssr:stedsnr = 306656 has multiple (2) positions, using the first one!
utility_to_osm - WARNING - ssr:stedsnr = 306696 has multiple (2) positions, using the first one!
utility_to_osm - WARNING - ssr:stedsnr = 306733 has multiple (3) positions, using the first one!
utility_to_osm - WARNING - ssr:stedsnr = 306753 has multiple (2) positions, using the first one!
utility_to_osm - WARNING - ssr:stedsnr = 356200 has multiple (2) positions, using the first one!
utility_to_osm - WARNING - ssr:stedsnr = 356641 has multiple (3) positions, using the first one!
utility_to_osm - WARNING - ssr:stedsnr = 356785 has multiple (3) positions, using the first one!
utility_to_osm - WARNING - ssr:stedsnr = 365618: No priority spelling found for lang = no, using alt_name to get "[('no', 'Førrestjørna')]"
utility_to_osm - WARNING - ssr:stedsnr = 365618 has multiple (2) positions, using the first one!
utility_to_osm - WARNING - ssr:stedsnr = 365634 has multiple (7) positions, using the first one!
utility_to_osm - WARNING - ssr:stedsnr = 366065 has multiple (2) positions, using the first one!
utility_to_osm - WARNING - ssr:stedsnr = 366001 has multiple (2) positions, using the first one!
utility_to_osm - WARNING - ssr:stedsnr = 366088 has multiple (4) positions, using the first one!
utility_to_osm - WARNING - ssr:stedsnr = 366089 has multiple (2) positions, using the first one!
utility_to_osm - WARNING - ssr:stedsnr = 366098 has multiple (2) positions, using the first one!
utility_to_osm - WARNING - ssr:stedsnr = 366114 has multiple (2) positions, using the first one!
utility_to_osm - WARNING - ssr:stedsnr = 366135 has multiple (5) positions, using the first one!
utility_to_osm - WARNING - ssr:stedsnr = 366147 has multiple (2) positions, using the first one!
utility_to_osm - WARNING - ssr:stedsnr = 366150 has multiple (2) positions, using the first one!
utility_to_osm - WARNING - ssr:stedsnr = 366174 has multiple (2) positions, using the first one!
utility_to_osm - WARNING - ssr:stedsnr = 366664 has multiple (3) positions, using the first one!
utility_to_osm - WARNING - ssr:stedsnr = 366750 has multiple (2) positions, using the first one!
utility_to_osm - WARNING - ssr:stedsnr = 366751 has multiple (2) positions, using the first one!
utility_to_osm - WARNING - ssr:stedsnr = 366765 has multiple (2) positions, using the first one!
utility_to_osm - WARNING - ssr:stedsnr = 366825 has multiple (2) positions, using the first one!
utility_to_osm - WARNING - ssr:stedsnr = 366922 has multiple (3) positions, using the first one!
utility_to_osm - WARNING - ssr:stedsnr = 366923 has multiple (4) positions, using the first one!
utility_to_osm - WARNING - ssr:stedsnr = 390682 has multiple (2) positions, using the first one!
utility_to_osm - WARNING - ssr:stedsnr = 426525 has multiple (2) positions, using the first one!
utility_to_osm - WARNING - ssr:stedsnr = 427921 has multiple (3) positions, using the first one!
utility_to_osm - WARNING - ssr:stedsnr = 427922 has multiple (2) positions, using the first one!
utility_to_osm - WARNING - ssr:stedsnr = 426573 has multiple (2) positions, using the first one!
utility_to_osm - WARNING - ssr:stedsnr = 426644 has multiple (3) positions, using the first one!
utility_to_osm - WARNING - ssr:stedsnr = 427009 has multiple (3) positions, using the first one!
utility_to_osm - WARNING - ssr:stedsnr = 427022 has multiple (3) positions, using the first one!
utility_to_osm - WARNING - ssr:stedsnr = 427218 has multiple (2) positions, using the first one!
utility_to_osm - WARNING - ssr:stedsnr = 427418 has multiple (3) positions, using the first one!
utility_to_osm - WARNING - ssr:stedsnr = 427049 has multiple (2) positions, using the first one!
utility_to_osm - WARNING - ssr:stedsnr = 427059 has multiple (2) positions, using the first one!
utility_to_osm - WARNING - ssr:stedsnr = 427071 has multiple (2) positions, using the first one!
utility_to_osm - WARNING - ssr:stedsnr = 427126 has multiple (2) positions, using the first one!
utility_to_osm - WARNING - ssr:stedsnr = 427162 has multiple (2) positions, using the first one!
utility_to_osm - WARNING - ssr:stedsnr = 427241 has multiple (2) positions, using the first one!
utility_to_osm - WARNING - ssr:stedsnr = 427243 has multiple (2) positions, using the first one!
utility_to_osm - WARNING - ssr:stedsnr = 427248 has multiple (2) positions, using the first one!
utility_to_osm - WARNING - ssr:stedsnr = 427251 has multiple (2) positions, using the first one!
utility_to_osm - WARNING - ssr:stedsnr = 427658 has multiple (3) positions, using the first one!
utility_to_osm - WARNING - ssr:stedsnr = 670641 has multiple (2) positions, using the first one!
utility_to_osm - WARNING - ssr:stedsnr = 670659 has multiple (3) positions, using the first one!
utility_to_osm - WARNING - ssr:stedsnr = 511115 has multiple (10) positions, using the first one!
utility_to_osm - WARNING - ssr:stedsnr = 535844: No priority spelling found for lang = no, using alt_name to get "[('no', 'Karmøytunnelen')]"
utility_to_osm - ERROR - ssr:stedsnr = 535844. No positions found, skipping
utility_to_osm - WARNING - ssr:stedsnr = 538339 has multiple (2) positions, using the first one!
utility_to_osm - WARNING - ssr:stedsnr = 538631 has multiple (2) positions, using the first one!
utility_to_osm - WARNING - ssr:stedsnr = 548147 has multiple (2) positions, using the first one!
utility_to_osm - ERROR - ssr:stedsnr = 547544: Adding multiple names to name tag, this is not OK! name = "Haugeholmane;Høyeholmane"
utility_to_osm - WARNING - ssr:stedsnr = 547557 has multiple (2) positions, using the first one!
utility_to_osm - WARNING - ssr:stedsnr = 547637 has multiple (2) positions, using the first one!
utility_to_osm - WARNING - ssr:stedsnr = 548091 has multiple (2) positions, using the first one!
utility_to_osm - WARNING - ssr:stedsnr = 548101 has multiple (2) positions, using the first one!
utility_to_osm - WARNING - ssr:stedsnr = 548167 has multiple (2) positions, using the first one!
utility_to_osm - WARNING - ssr:stedsnr = 548178 has multiple (4) positions, using the first one!
utility_to_osm - WARNING - ssr:stedsnr = 548183 has multiple (3) positions, using the first one!
utility_to_osm - WARNING - ssr:stedsnr = 548184 has multiple (2) positions, using the first one!
utility_to_osm - WARNING - ssr:stedsnr = 548221 has multiple (2) positions, using the first one!
utility_to_osm - WARNING - ssr:stedsnr = 548236 has multiple (2) positions, using the first one!
utility_to_osm - WARNING - ssr:stedsnr = 548740 has multiple (2) positions, using the first one!
utility_to_osm - WARNING - ssr:stedsnr = 548691 has multiple (2) positions, using the first one!
utility_to_osm - WARNING - ssr:stedsnr = 548784 has multiple (2) positions, using the first one!
utility_to_osm - WARNING - ssr:stedsnr = 548796 has multiple (2) positions, using the first one!
utility_to_osm - WARNING - ssr:stedsnr = 548798 has multiple (3) positions, using the first one!
utility_to_osm - WARNING - ssr:stedsnr = 670905 has multiple (3) positions, using the first one!
utility_to_osm - WARNING - ssr:stedsnr = 571499: No priority spelling found for lang = no, using alt_name to get "[('no', 'Store Bjelland')]"
utility_to_osm - WARNING - ssr:stedsnr = 598369 has multiple (3) positions, using the first one!
utility_to_osm - WARNING - ssr:stedsnr = 598589 has multiple (2) positions, using the first one!
utility_to_osm - WARNING - ssr:stedsnr = 598886 has multiple (2) positions, using the first one!
utility_to_osm - WARNING - ssr:stedsnr = 599494 has multiple (3) positions, using the first one!
utility_to_osm - WARNING - ssr:stedsnr = 599639 has multiple (3) positions, using the first one!
utility_to_osm - WARNING - ssr:stedsnr = 599744 has multiple (2) positions, using the first one!
utility_to_osm - WARNING - ssr:stedsnr = 608126 has multiple (2) positions, using the first one!
utility_to_osm - WARNING - ssr:stedsnr = 608129 has multiple (2) positions, using the first one!
utility_to_osm - WARNING - ssr:stedsnr = 608132 has multiple (2) positions, using the first one!
utility_to_osm - WARNING - ssr:stedsnr = 608161 has multiple (4) positions, using the first one!
utility_to_osm - WARNING - ssr:stedsnr = 608162 has multiple (2) positions, using the first one!
utility_to_osm - WARNING - ssr:stedsnr = 608467 has multiple (2) positions, using the first one!
utility_to_osm - WARNING - ssr:stedsnr = 608468 has multiple (4) positions, using the first one!
utility_to_osm - WARNING - ssr:stedsnr = 608522 has multiple (2) positions, using the first one!
utility_to_osm - WARNING - ssr:stedsnr = 608663 has multiple (2) positions, using the first one!
utility_to_osm - WARNING - ssr:stedsnr = 608664 has multiple (2) positions, using the first one!
utility_to_osm - WARNING - ssr:stedsnr = 608678 has multiple (3) positions, using the first one!
utility_to_osm - WARNING - ssr:stedsnr = 608679 has multiple (2) positions, using the first one!
utility_to_osm - WARNING - ssr:stedsnr = 609979 has multiple (2) positions, using the first one!
utility_to_osm - WARNING - ssr:stedsnr = 609047 has multiple (2) positions, using the first one!
utility_to_osm - WARNING - ssr:stedsnr = 609051 has multiple (2) positions, using the first one!
utility_to_osm - WARNING - ssr:stedsnr = 609231 has multiple (2) positions, using the first one!
utility_to_osm - WARNING - ssr:stedsnr = 609596 has multiple (2) positions, using the first one!
utility_to_osm - WARNING - ssr:stedsnr = 609757 has multiple (2) positions, using the first one!
utility_to_osm - WARNING - ssr:stedsnr = 632329 has multiple (2) positions, using the first one!
utility_to_osm - WARNING - ssr:stedsnr = 660362 has multiple (3) positions, using the first one!
utility_to_osm - WARNING - ssr:stedsnr = 669642 has multiple (6) positions, using the first one!
utility_to_osm - WARNING - ssr:stedsnr = 669057 has multiple (3) positions, using the first one!
utility_to_osm - WARNING - ssr:stedsnr = 669464 has multiple (2) positions, using the first one!
utility_to_osm - WARNING - ssr:stedsnr = 669997 has multiple (4) positions, using the first one!
utility_to_osm - WARNING - ssr:stedsnr = 670094 has multiple (2) positions, using the first one!
utility_to_osm - WARNING - ssr:stedsnr = 670196 has multiple (3) positions, using the first one!
utility_to_osm - WARNING - ssr:stedsnr = 670197 has multiple (2) positions, using the first one!
utility_to_osm - WARNING - ssr:stedsnr = 669940 has multiple (2) positions, using the first one!
utility_to_osm - WARNING - ssr:stedsnr = 669943 has multiple (3) positions, using the first one!
utility_to_osm - WARNING - ssr:stedsnr = 670040 has multiple (3) positions, using the first one!
utility_to_osm - WARNING - ssr:stedsnr = 670042 has multiple (4) positions, using the first one!
utility_to_osm - WARNING - ssr:stedsnr = 670047 has multiple (2) positions, using the first one!
utility_to_osm - WARNING - ssr:stedsnr = 670150 has multiple (2) positions, using the first one!
utility_to_osm - WARNING - ssr:stedsnr = 670151 has multiple (2) positions, using the first one!
utility_to_osm - WARNING - ssr:stedsnr = 670228 has multiple (4) positions, using the first one!
utility_to_osm - WARNING - ssr:stedsnr = 670236 has multiple (3) positions, using the first one!
utility_to_osm - WARNING - ssr:stedsnr = 670238 has multiple (18) positions, using the first one!
utility_to_osm - WARNING - ssr:stedsnr = 670441 has multiple (2) positions, using the first one!
utility_to_osm - WARNING - ssr:stedsnr = 729653 has multiple (2) positions, using the first one!
utility_to_osm - WARNING - ssr:stedsnr = 730188 has multiple (2) positions, using the first one!
utility_to_osm - WARNING - ssr:stedsnr = 730190 has multiple (2) positions, using the first one!
utility_to_osm - WARNING - ssr:stedsnr = 730191 has multiple (3) positions, using the first one!
utility_to_osm - WARNING - ssr:stedsnr = 730551 has multiple (2) positions, using the first one!
utility_to_osm - WARNING - ssr:stedsnr = 730634 has multiple (2) positions, using the first one!
utility_to_osm - WARNING - ssr:stedsnr = 730730 has multiple (3) positions, using the first one!
utility_to_osm - WARNING - ssr:stedsnr = 731087 has multiple (2) positions, using the first one!
utility_to_osm - WARNING - ssr:stedsnr = 731189 has multiple (2) positions, using the first one!
utility_to_osm - WARNING - ssr:stedsnr = 731426 has multiple (2) positions, using the first one!
utility_to_osm - WARNING - ssr:stedsnr = 731588 has multiple (2) positions, using the first one!
utility_to_osm - WARNING - ssr:stedsnr = 731599 has multiple (3) positions, using the first one!
utility_to_osm - WARNING - ssr:stedsnr = 780474 has multiple (4) positions, using the first one!
utility_to_osm - WARNING - ssr:stedsnr = 781680 has multiple (3) positions, using the first one!
utility_to_osm - WARNING - ssr:stedsnr = 781763 has multiple (2) positions, using the first one!
utility_to_osm - WARNING - ssr:stedsnr = 781774 has multiple (4) positions, using the first one!
utility_to_osm - WARNING - ssr:stedsnr = 781969 has multiple (2) positions, using the first one!
utility_to_osm - WARNING - ssr:stedsnr = 782886 has multiple (3) positions, using the first one!
utility_to_osm - WARNING - ssr:stedsnr = 791125 has multiple (2) positions, using the first one!
utility_to_osm - WARNING - ssr:stedsnr = 790587 has multiple (2) positions, using the first one!
utility_to_osm - WARNING - ssr:stedsnr = 790631 has multiple (4) positions, using the first one!
utility_to_osm - WARNING - ssr:stedsnr = 790672 has multiple (2) positions, using the first one!
utility_to_osm - WARNING - ssr:stedsnr = 791425 has multiple (2) positions, using the first one!
utility_to_osm - WARNING - ssr:stedsnr = 791873 has multiple (2) positions, using the first one!
utility_to_osm - WARNING - ssr:stedsnr = 790990 has multiple (3) positions, using the first one!
utility_to_osm - WARNING - ssr:stedsnr = 791054 has multiple (2) positions, using the first one!
utility_to_osm - WARNING - ssr:stedsnr = 791055 has multiple (2) positions, using the first one!
utility_to_osm - WARNING - ssr:stedsnr = 791056 has multiple (2) positions, using the first one!
utility_to_osm - WARNING - ssr:stedsnr = 791059 has multiple (2) positions, using the first one!
utility_to_osm - WARNING - ssr:stedsnr = 791147 has multiple (2) positions, using the first one!
utility_to_osm - WARNING - ssr:stedsnr = 791230 has multiple (2) positions, using the first one!
utility_to_osm - WARNING - ssr:stedsnr = 791232 has multiple (2) positions, using the first one!
utility_to_osm - WARNING - ssr:stedsnr = 791665 has multiple (3) positions, using the first one!
utility_to_osm - WARNING - ssr:stedsnr = 791792 has multiple (2) positions, using the first one!
utility_to_osm - WARNING - ssr:stedsnr = 791814 has multiple (2) positions, using the first one!
utility_to_osm - WARNING - ssr:stedsnr = 791964 has multiple (2) positions, using the first one!
utility_to_osm - WARNING - ssr:stedsnr = 791928 has multiple (2) positions, using the first one!
utility_to_osm - WARNING - ssr:stedsnr = 791966 has multiple (3) positions, using the first one!
utility_to_osm - WARNING - ssr:stedsnr = 791970 has multiple (2) positions, using the first one!
utility_to_osm - WARNING - ssr:stedsnr = 791975: No priority spelling found for lang = no, using alt_name to get "[('no', 'Mjåsundet')]"
utility_to_osm - WARNING - ssr:stedsnr = 791975 has multiple (4) positions, using the first one!
utility_to_osm - WARNING - ssr:stedsnr = 814522: No priority spelling found for lang = no, using alt_name to get "[('no', 'Litle Bjelland')]"
utility_to_osm - WARNING - ssr:stedsnr = 815661 has multiple (2) positions, using the first one!
utility_to_osm - WARNING - ssr:stedsnr = 815696 has multiple (2) positions, using the first one!
utility_to_osm - WARNING - ssr:stedsnr = 842716 has multiple (2) positions, using the first one!
utility_to_osm - WARNING - ssr:stedsnr = 842549 has multiple (3) positions, using the first one!
utility_to_osm - WARNING - ssr:stedsnr = 842810 has multiple (2) positions, using the first one!
utility_to_osm - WARNING - ssr:stedsnr = 851559 has multiple (2) positions, using the first one!
utility_to_osm - WARNING - ssr:stedsnr = 852091 has multiple (2) positions, using the first one!
utility_to_osm - WARNING - ssr:stedsnr = 852029 has multiple (10) positions, using the first one!
utility_to_osm - WARNING - ssr:stedsnr = 852039 has multiple (4) positions, using the first one!
utility_to_osm - WARNING - ssr:stedsnr = 852133 has multiple (2) positions, using the first one!
utility_to_osm - WARNING - ssr:stedsnr = 852245 has multiple (2) positions, using the first one!
utility_to_osm - WARNING - ssr:stedsnr = 852249 has multiple (2) positions, using the first one!
utility_to_osm - WARNING - ssr:stedsnr = 852253 has multiple (2) positions, using the first one!
utility_to_osm - WARNING - ssr:stedsnr = 852636 has multiple (3) positions, using the first one!
utility_to_osm - WARNING - ssr:stedsnr = 852642 has multiple (4) positions, using the first one!
utility_to_osm - WARNING - ssr:stedsnr = 852643 has multiple (2) positions, using the first one!
utility_to_osm - WARNING - ssr:stedsnr = 852719 has multiple (2) positions, using the first one!
utility_to_osm - WARNING - ssr:stedsnr = 852902 has multiple (2) positions, using the first one!
utility_to_osm - WARNING - ssr:stedsnr = 852929 has multiple (2) positions, using the first one!
utility_to_osm - WARNING - ssr:stedsnr = 935493: No priority spelling found for lang = no, using alt_name to get "[('no', 'Skåtaholmen')]"
utility_to_osm - WARNING - ssr:stedsnr = 963179 has multiple (3) positions, using the first one!
utility_to_osm - WARNING - ssr:stedsnr = 963630 has multiple (3) positions, using the first one!
utility_to_osm - WARNING - ssr:stedsnr = 979566: No priority spelling found for lang = no, using alt_name to get "[('no', 'Notaberget')]"
utility_to_osm - WARNING - ssr:stedsnr = 979618: No priority spelling found for lang = no, using alt_name to get "[('no', 'Solstrand')]"
utility_to_osm - WARNING - ssr:stedsnr = 979620: No priority spelling found for lang = no, using alt_name to get "[('no', 'Stranda')]"
utility_to_osm - WARNING - ssr:stedsnr = 979831: No priority spelling found for lang = no, using alt_name to get "[('no', 'Stuvvika')]"
utility_to_osm - WARNING - ssr:stedsnr = 979833: No priority spelling found for lang = no, using alt_name to get "[('no', 'Djupakastet')]"
utility_to_osm - WARNING - ssr:stedsnr = 979834: No priority spelling found for lang = no, using alt_name to get "[('no', 'Kjetlet')]"
utility_to_osm - WARNING - ssr:stedsnr = 989183: No priority spelling found for lang = no, using alt_name to get "[('no', 'Hellebrekkene naturreservat')]"
utility_to_osm - WARNING - ssr:stedsnr = 1028736: No priority spelling found for lang = no, using alt_name to get "[('no', 'Veimshaugen')]"
utility_to_osm - ERROR - ssr:stedsnr = 1028736. No positions found, skipping
utility_to_osm - WARNING - ssr:stedsnr = 1028739: No priority spelling found for lang = no, using alt_name to get "[('no', 'Hålandsvegen')]"
utility_to_osm - ERROR - ssr:stedsnr = 1028739. No positions found, skipping
utility_to_osm - WARNING - ssr:stedsnr = 1028744: No priority spelling found for lang = no, using alt_name to get "[('no', 'Bjørkebakkane')]"
utility_to_osm - ERROR - ssr:stedsnr = 1028744. No positions found, skipping
utility_to_osm - WARNING - ssr:stedsnr = 1028747: No priority spelling found for lang = no, using alt_name to get "[('no', 'Ospeskar')]"
utility_to_osm - ERROR - ssr:stedsnr = 1028747. No positions found, skipping
utility_to_osm - WARNING - ssr:stedsnr = 1028750: No priority spelling found for lang = no, using alt_name to get "[('no', 'Eikeskogvegen')]"
utility_to_osm - ERROR - ssr:stedsnr = 1028750. No positions found, skipping
utility_to_osm - WARNING - ssr:stedsnr = 1028751: No priority spelling found for lang = no, using alt_name to get "[('no', 'Fjellhaug')]"
utility_to_osm - ERROR - ssr:stedsnr = 1028751. No positions found, skipping
utility_to_osm - WARNING - ssr:stedsnr = 1028752: No priority spelling found for lang = no, using alt_name to get "[('no', 'Hamrane')]"
utility_to_osm - ERROR - ssr:stedsnr = 1028752. No positions found, skipping
utility_to_osm - WARNING - ssr:stedsnr = 1028753: No priority spelling found for lang = no, using alt_name to get "[('no', 'Lyngvegen')]"
utility_to_osm - ERROR - ssr:stedsnr = 1028753. No positions found, skipping
utility_to_osm - WARNING - ssr:stedsnr = 1028754: No priority spelling found for lang = no, using alt_name to get "[('no', 'Granlivegen')]"
utility_to_osm - ERROR - ssr:stedsnr = 1028754. No positions found, skipping
utility_to_osm - WARNING - ssr:stedsnr = 1028755: No priority spelling found for lang = no, using alt_name to get "[('no', 'Furuvegen')]"
utility_to_osm - ERROR - ssr:stedsnr = 1028755. No positions found, skipping
utility_to_osm - WARNING - ssr:stedsnr = 1028756: No priority spelling found for lang = no, using alt_name to get "[('no', 'Einervegen')]"
utility_to_osm - ERROR - ssr:stedsnr = 1028756. No positions found, skipping
utility_to_osm - WARNING - ssr:stedsnr = 1028757: No priority spelling found for lang = no, using alt_name to get "[('no', 'Høgenapvegen')]"
utility_to_osm - ERROR - ssr:stedsnr = 1028757. No positions found, skipping
utility_to_osm - WARNING - ssr:stedsnr = 1028759: No priority spelling found for lang = no, using alt_name to get "[('no', 'Fjellvegen')]"
utility_to_osm - ERROR - ssr:stedsnr = 1028759. No positions found, skipping
utility_to_osm - WARNING - ssr:stedsnr = 1028768: No priority spelling found for lang = no, using alt_name to get "[('no', 'Grendatunvegen')]"
utility_to_osm - ERROR - ssr:stedsnr = 1028768. No positions found, skipping
utility_to_osm - WARNING - ssr:stedsnr = 1028769: No priority spelling found for lang = no, using alt_name to get "[('no', 'Alvanutvegen')]"
utility_to_osm - ERROR - ssr:stedsnr = 1028769. No positions found, skipping
utility_to_osm - WARNING - ssr:stedsnr = 1028770: No priority spelling found for lang = no, using alt_name to get "[('no', 'Stølen')]"
utility_to_osm - ERROR - ssr:stedsnr = 1028770. No positions found, skipping
utility_to_osm - WARNING - ssr:stedsnr = 1028772: No priority spelling found for lang = no, using alt_name to get "[('no', 'Grovamyr')]"
utility_to_osm - ERROR - ssr:stedsnr = 1028772. No positions found, skipping
utility_to_osm - WARNING - ssr:stedsnr = 1028773: No priority spelling found for lang = no, using alt_name to get "[('no', 'Kophaug')]"
utility_to_osm - ERROR - ssr:stedsnr = 1028773. No positions found, skipping
utility_to_osm - WARNING - ssr:stedsnr = 1028774: No priority spelling found for lang = no, using alt_name to get "[('no', 'Smalamyr')]"
utility_to_osm - ERROR - ssr:stedsnr = 1028774. No positions found, skipping
utility_to_osm - WARNING - ssr:stedsnr = 1028775: No priority spelling found for lang = no, using alt_name to get "[('no', 'Padlane')]"
utility_to_osm - ERROR - ssr:stedsnr = 1028775. No positions found, skipping
utility_to_osm - WARNING - ssr:stedsnr = 1028777: No priority spelling found for lang = no, using alt_name to get "[('no', 'Kodlekleiv')]"
utility_to_osm - ERROR - ssr:stedsnr = 1028777. No positions found, skipping
utility_to_osm - WARNING - ssr:stedsnr = 1028779: No priority spelling found for lang = no, using alt_name to get "[('no', 'Stølsvegen')]"
utility_to_osm - ERROR - ssr:stedsnr = 1028779. No positions found, skipping
utility_to_osm - WARNING - ssr:stedsnr = 1028781: No priority spelling found for lang = no, using alt_name to get "[('no', 'Markavegen')]"
utility_to_osm - ERROR - ssr:stedsnr = 1028781. No positions found, skipping
utility_to_osm - WARNING - ssr:stedsnr = 1028782: No priority spelling found for lang = no, using alt_name to get "[('no', 'Bakkevegen')]"
utility_to_osm - ERROR - ssr:stedsnr = 1028782. No positions found, skipping
utility_to_osm - WARNING - ssr:stedsnr = 1028783: No priority spelling found for lang = no, using alt_name to get "[('no', 'Tunvegen')]"
utility_to_osm - ERROR - ssr:stedsnr = 1028783. No positions found, skipping
utility_to_osm - WARNING - ssr:stedsnr = 1028785: No priority spelling found for lang = no, using alt_name to get "[('no', 'Aksdalsvegen')]"
utility_to_osm - ERROR - ssr:stedsnr = 1028785. No positions found, skipping
utility_to_osm - WARNING - ssr:stedsnr = 1028488: No priority spelling found for lang = no, using alt_name to get "[('no', 'Hervikneset')]"
utility_to_osm - ERROR - ssr:stedsnr = 1028488. No positions found, skipping
utility_to_osm - WARNING - ssr:stedsnr = 1028490: No priority spelling found for lang = no, using alt_name to get "[('no', 'Forevegen')]"
utility_to_osm - ERROR - ssr:stedsnr = 1028490. No positions found, skipping
utility_to_osm - WARNING - ssr:stedsnr = 1028492: No priority spelling found for lang = no, using alt_name to get "[('no', 'Espevik')]"
utility_to_osm - ERROR - ssr:stedsnr = 1028492. No positions found, skipping
utility_to_osm - WARNING - ssr:stedsnr = 1028494: No priority spelling found for lang = no, using alt_name to get "[('no', 'Førresfjordvegen')]"
utility_to_osm - ERROR - ssr:stedsnr = 1028494. No positions found, skipping
utility_to_osm - WARNING - ssr:stedsnr = 1028496: No priority spelling found for lang = no, using alt_name to get "[('no', 'Yrkjesvegen')]"
utility_to_osm - ERROR - ssr:stedsnr = 1028496. No positions found, skipping
utility_to_osm - WARNING - ssr:stedsnr = 1028498: No priority spelling found for lang = no, using alt_name to get "[('no', 'Nessavegen')]"
utility_to_osm - ERROR - ssr:stedsnr = 1028498. No positions found, skipping
utility_to_osm - WARNING - ssr:stedsnr = 1028502: No priority spelling found for lang = no, using alt_name to get "[('no', 'Akslandsvegen')]"
utility_to_osm - ERROR - ssr:stedsnr = 1028502. No positions found, skipping
utility_to_osm - WARNING - ssr:stedsnr = 1028505: No priority spelling found for lang = no, using alt_name to get "[('no', 'Dalvavegen')]"
utility_to_osm - ERROR - ssr:stedsnr = 1028505. No positions found, skipping
utility_to_osm - WARNING - ssr:stedsnr = 1028507: No priority spelling found for lang = no, using alt_name to get "[('no', 'Muslandsvåg')]"
utility_to_osm - ERROR - ssr:stedsnr = 1028507. No positions found, skipping
utility_to_osm - WARNING - ssr:stedsnr = 1028509: No priority spelling found for lang = no, using alt_name to get "[('no', 'Stuvikneset')]"
utility_to_osm - ERROR - ssr:stedsnr = 1028509. No positions found, skipping
utility_to_osm - WARNING - ssr:stedsnr = 1028513: No priority spelling found for lang = no, using alt_name to get "[('no', 'Førlandsvegen')]"
utility_to_osm - ERROR - ssr:stedsnr = 1028513. No positions found, skipping
utility_to_osm - WARNING - ssr:stedsnr = 1028514: No priority spelling found for lang = no, using alt_name to get "[('no', 'Borgøy')]"
utility_to_osm - ERROR - ssr:stedsnr = 1028514. No positions found, skipping
utility_to_osm - WARNING - ssr:stedsnr = 1028517: No priority spelling found for lang = no, using alt_name to get "[('no', 'Tysværvågvegen')]"
utility_to_osm - ERROR - ssr:stedsnr = 1028517. No positions found, skipping
utility_to_osm - WARNING - ssr:stedsnr = 1028519: No priority spelling found for lang = no, using alt_name to get "[('no', 'Falkeidvegen')]"
utility_to_osm - ERROR - ssr:stedsnr = 1028519. No positions found, skipping
utility_to_osm - WARNING - ssr:stedsnr = 1028522: No priority spelling found for lang = no, using alt_name to get "[('no', 'Hetland')]"
utility_to_osm - ERROR - ssr:stedsnr = 1028522. No positions found, skipping
utility_to_osm - WARNING - ssr:stedsnr = 1028524: No priority spelling found for lang = no, using alt_name to get "[('no', 'Hersdalsvegen')]"
utility_to_osm - ERROR - ssr:stedsnr = 1028524. No positions found, skipping
utility_to_osm - WARNING - ssr:stedsnr = 1028527: No priority spelling found for lang = no, using alt_name to get "[('no', 'Årvikvegen')]"
utility_to_osm - ERROR - ssr:stedsnr = 1028527. No positions found, skipping
utility_to_osm - WARNING - ssr:stedsnr = 1028530: No priority spelling found for lang = no, using alt_name to get "[('no', 'Eikje')]"
utility_to_osm - ERROR - ssr:stedsnr = 1028530. No positions found, skipping
utility_to_osm - WARNING - ssr:stedsnr = 1028533: No priority spelling found for lang = no, using alt_name to get "[('no', 'Havnavegen')]"
utility_to_osm - ERROR - ssr:stedsnr = 1028533. No positions found, skipping
utility_to_osm - WARNING - ssr:stedsnr = 1028606: No priority spelling found for lang = no, using alt_name to get "[('no', 'Laupen')]"
utility_to_osm - WARNING - ssr:stedsnr = 1028608: No priority spelling found for lang = no, using alt_name to get "[('no', 'Melkevikleitet')]"
utility_to_osm - WARNING - ssr:stedsnr = 1028623: No priority spelling found for lang = no, using alt_name to get "[('no', 'Stølsberg')]"
utility_to_osm - ERROR - ssr:stedsnr = 1028623. No positions found, skipping
utility_to_osm - WARNING - ssr:stedsnr = 1028625: No priority spelling found for lang = no, using alt_name to get "[('no', 'Helgelandsvegen')]"
utility_to_osm - ERROR - ssr:stedsnr = 1028625. No positions found, skipping
utility_to_osm - WARNING - ssr:stedsnr = 1028626: No priority spelling found for lang = no, using alt_name to get "[('no', 'Førresfjorden brygge')]"
utility_to_osm - ERROR - ssr:stedsnr = 1028626. No positions found, skipping
utility_to_osm - WARNING - ssr:stedsnr = 1028627: No priority spelling found for lang = no, using alt_name to get "[('no', 'Rindane')]"
utility_to_osm - ERROR - ssr:stedsnr = 1028627. No positions found, skipping
utility_to_osm - WARNING - ssr:stedsnr = 1028629: No priority spelling found for lang = no, using alt_name to get "[('no', 'Skrestien')]"
utility_to_osm - ERROR - ssr:stedsnr = 1028629. No positions found, skipping
utility_to_osm - WARNING - ssr:stedsnr = 1028631: No priority spelling found for lang = no, using alt_name to get "[('no', 'Skrevegen')]"
utility_to_osm - ERROR - ssr:stedsnr = 1028631. No positions found, skipping
utility_to_osm - WARNING - ssr:stedsnr = 1028632: No priority spelling found for lang = no, using alt_name to get "[('no', 'Gardsvikvegen')]"
utility_to_osm - ERROR - ssr:stedsnr = 1028632. No positions found, skipping
utility_to_osm - WARNING - ssr:stedsnr = 1028634: No priority spelling found for lang = no, using alt_name to get "[('no', 'Førresvegen')]"
utility_to_osm - ERROR - ssr:stedsnr = 1028634. No positions found, skipping
utility_to_osm - WARNING - ssr:stedsnr = 1028635: No priority spelling found for lang = no, using alt_name to get "[('no', 'Rundhaug')]"
utility_to_osm - ERROR - ssr:stedsnr = 1028635. No positions found, skipping
utility_to_osm - WARNING - ssr:stedsnr = 1028686: No priority spelling found for lang = no, using alt_name to get "[('no', 'Silgjerdsdalen')]"
utility_to_osm - ERROR - ssr:stedsnr = 1028686. No positions found, skipping
utility_to_osm - WARNING - ssr:stedsnr = 1028688: No priority spelling found for lang = no, using alt_name to get "[('no', 'Erlandsvegen')]"
utility_to_osm - ERROR - ssr:stedsnr = 1028688. No positions found, skipping
utility_to_osm - WARNING - ssr:stedsnr = 1028690: No priority spelling found for lang = no, using alt_name to get "[('no', 'Leiråvegen')]"
utility_to_osm - ERROR - ssr:stedsnr = 1028690. No positions found, skipping
utility_to_osm - WARNING - ssr:stedsnr = 1028473: No priority spelling found for lang = no, using alt_name to get "[('no', 'Vassendvikvegen')]"
utility_to_osm - ERROR - ssr:stedsnr = 1028473. No positions found, skipping
utility_to_osm - WARNING - ssr:stedsnr = 1028475: No priority spelling found for lang = no, using alt_name to get "[('no', 'Stranda')]"
utility_to_osm - ERROR - ssr:stedsnr = 1028475. No positions found, skipping
utility_to_osm - WARNING - ssr:stedsnr = 1028478: No priority spelling found for lang = no, using alt_name to get "[('no', 'Ringjavegen')]"
utility_to_osm - ERROR - ssr:stedsnr = 1028478. No positions found, skipping
utility_to_osm - WARNING - ssr:stedsnr = 1028481: No priority spelling found for lang = no, using alt_name to get "[('no', 'Hinderåvåg')]"
utility_to_osm - ERROR - ssr:stedsnr = 1028481. No positions found, skipping
utility_to_osm - WARNING - ssr:stedsnr = 1028483: No priority spelling found for lang = no, using alt_name to get "[('no', 'Skogøyvegen')]"
utility_to_osm - ERROR - ssr:stedsnr = 1028483. No positions found, skipping
utility_to_osm - WARNING - ssr:stedsnr = 1028485: No priority spelling found for lang = no, using alt_name to get "[('no', 'Hundsnesvegen')]"
utility_to_osm - ERROR - ssr:stedsnr = 1028485. No positions found, skipping
utility_to_osm - WARNING - ssr:stedsnr = 1028536: No priority spelling found for lang = no, using alt_name to get "[('no', 'Småje')]"
utility_to_osm - ERROR - ssr:stedsnr = 1028536. No positions found, skipping
utility_to_osm - WARNING - ssr:stedsnr = 1028538: No priority spelling found for lang = no, using alt_name to get "[('no', 'Hervikvegen')]"
utility_to_osm - ERROR - ssr:stedsnr = 1028538. No positions found, skipping
utility_to_osm - WARNING - ssr:stedsnr = 1028540: No priority spelling found for lang = no, using alt_name to get "[('no', 'Myrvegen')]"
utility_to_osm - ERROR - ssr:stedsnr = 1028540. No positions found, skipping
utility_to_osm - WARNING - ssr:stedsnr = 1028543: No priority spelling found for lang = no, using alt_name to get "[('no', 'Sagbakkevegen')]"
utility_to_osm - ERROR - ssr:stedsnr = 1028543. No positions found, skipping
utility_to_osm - WARNING - ssr:stedsnr = 1028545: No priority spelling found for lang = no, using alt_name to get "[('no', 'Evjevegen')]"
utility_to_osm - ERROR - ssr:stedsnr = 1028545. No positions found, skipping
utility_to_osm - WARNING - ssr:stedsnr = 1028547: No priority spelling found for lang = no, using alt_name to get "[('no', 'Lønningsvegen')]"
utility_to_osm - ERROR - ssr:stedsnr = 1028547. No positions found, skipping
utility_to_osm - WARNING - ssr:stedsnr = 1028548: No priority spelling found for lang = no, using alt_name to get "[('no', 'Heskjadalen')]"
utility_to_osm - ERROR - ssr:stedsnr = 1028548. No positions found, skipping
utility_to_osm - WARNING - ssr:stedsnr = 1028550: No priority spelling found for lang = no, using alt_name to get "[('no', 'Hetlandsvågen')]"
utility_to_osm - WARNING - ssr:stedsnr = 1028552: No priority spelling found for lang = no, using alt_name to get "[('no', 'Breivika')]"
utility_to_osm - WARNING - ssr:stedsnr = 1028554: No priority spelling found for lang = no, using alt_name to get "[('no', 'Skoglandsvegen')]"
utility_to_osm - ERROR - ssr:stedsnr = 1028554. No positions found, skipping
utility_to_osm - WARNING - ssr:stedsnr = 1028556: No priority spelling found for lang = no, using alt_name to get "[('no', 'Sandbekken')]"
utility_to_osm - ERROR - ssr:stedsnr = 1028556. No positions found, skipping
utility_to_osm - WARNING - ssr:stedsnr = 1028560: No priority spelling found for lang = no, using alt_name to get "[('no', 'Førreparken')]"
utility_to_osm - WARNING - ssr:stedsnr = 1028562: No priority spelling found for lang = no, using alt_name to get "[('no', 'Rådhusvegen')]"
utility_to_osm - ERROR - ssr:stedsnr = 1028562. No positions found, skipping
utility_to_osm - WARNING - ssr:stedsnr = 1028565: No priority spelling found for lang = no, using alt_name to get "[('no', 'Litlaskogvegen')]"
utility_to_osm - WARNING - ssr:stedsnr = 1028567: No priority spelling found for lang = no, using alt_name to get "[('no', 'Padlehaugen')]"
utility_to_osm - ERROR - ssr:stedsnr = 1028567. No positions found, skipping
utility_to_osm - WARNING - ssr:stedsnr = 1028569: No priority spelling found for lang = no, using alt_name to get "[('no', 'Tysværvegen')]"
utility_to_osm - ERROR - ssr:stedsnr = 1028569. No positions found, skipping
utility_to_osm - WARNING - ssr:stedsnr = 1028570: No priority spelling found for lang = no, using alt_name to get "[('no', 'Slåttevikvegen')]"
utility_to_osm - ERROR - ssr:stedsnr = 1028570. No positions found, skipping
utility_to_osm - WARNING - ssr:stedsnr = 1028571: No priority spelling found for lang = no, using alt_name to get "[('no', 'Gismarvikvegen')]"
utility_to_osm - ERROR - ssr:stedsnr = 1028571. No positions found, skipping
utility_to_osm - WARNING - ssr:stedsnr = 1028573: No priority spelling found for lang = no, using alt_name to get "[('no', 'Krabbatveitvegen')]"
utility_to_osm - ERROR - ssr:stedsnr = 1028573. No positions found, skipping
utility_to_osm - WARNING - ssr:stedsnr = 1028576: No priority spelling found for lang = no, using alt_name to get "[('no', 'Halsaneset')]"
utility_to_osm - ERROR - ssr:stedsnr = 1028576. No positions found, skipping
utility_to_osm - WARNING - ssr:stedsnr = 1028577: No priority spelling found for lang = no, using alt_name to get "[('no', 'Odlandsvegen')]"
utility_to_osm - ERROR - ssr:stedsnr = 1028577. No positions found, skipping
utility_to_osm - WARNING - ssr:stedsnr = 1028579: No priority spelling found for lang = no, using alt_name to get "[('no', 'Kårstøvegen')]"
utility_to_osm - ERROR - ssr:stedsnr = 1028579. No positions found, skipping
utility_to_osm - WARNING - ssr:stedsnr = 1028582: No priority spelling found for lang = no, using alt_name to get "[('no', 'Leirvollvegen')]"
utility_to_osm - ERROR - ssr:stedsnr = 1028582. No positions found, skipping
utility_to_osm - WARNING - ssr:stedsnr = 1028638: No priority spelling found for lang = no, using alt_name to get "[('no', 'Øvredalsvegen')]"
utility_to_osm - ERROR - ssr:stedsnr = 1028638. No positions found, skipping
utility_to_osm - WARNING - ssr:stedsnr = 1028641: No priority spelling found for lang = no, using alt_name to get "[('no', 'Stølsvikvegen')]"
utility_to_osm - ERROR - ssr:stedsnr = 1028641. No positions found, skipping
utility_to_osm - WARNING - ssr:stedsnr = 1028643: No priority spelling found for lang = no, using alt_name to get "[('no', 'Askelandsvegen')]"
utility_to_osm - ERROR - ssr:stedsnr = 1028643. No positions found, skipping
utility_to_osm - WARNING - ssr:stedsnr = 1028646: No priority spelling found for lang = no, using alt_name to get "[('no', 'Bratthammarvegen')]"
utility_to_osm - ERROR - ssr:stedsnr = 1028646. No positions found, skipping
utility_to_osm - WARNING - ssr:stedsnr = 1028648: No priority spelling found for lang = no, using alt_name to get "[('no', 'Amdalsvegen')]"
utility_to_osm - ERROR - ssr:stedsnr = 1028648. No positions found, skipping
utility_to_osm - WARNING - ssr:stedsnr = 1028649: No priority spelling found for lang = no, using alt_name to get "[('no', 'Frakkagjerdvegen')]"
utility_to_osm - ERROR - ssr:stedsnr = 1028649. No positions found, skipping
utility_to_osm - WARNING - ssr:stedsnr = 1028650: No priority spelling found for lang = no, using alt_name to get "[('no', 'Aksdalsbrekka')]"
utility_to_osm - ERROR - ssr:stedsnr = 1028650. No positions found, skipping
utility_to_osm - WARNING - ssr:stedsnr = 1028651: No priority spelling found for lang = no, using alt_name to get "[('no', 'Alvanutlia')]"
utility_to_osm - ERROR - ssr:stedsnr = 1028651. No positions found, skipping
utility_to_osm - WARNING - ssr:stedsnr = 1028652: No priority spelling found for lang = no, using alt_name to get "[('no', 'Hestaberg')]"
utility_to_osm - ERROR - ssr:stedsnr = 1028652. No positions found, skipping
utility_to_osm - WARNING - ssr:stedsnr = 1028653: No priority spelling found for lang = no, using alt_name to get "[('no', 'Nappatjørn')]"
utility_to_osm - ERROR - ssr:stedsnr = 1028653. No positions found, skipping
utility_to_osm - WARNING - ssr:stedsnr = 1028654: No priority spelling found for lang = no, using alt_name to get "[('no', 'Høgahaug')]"
utility_to_osm - ERROR - ssr:stedsnr = 1028654. No positions found, skipping
utility_to_osm - WARNING - ssr:stedsnr = 1028657: No priority spelling found for lang = no, using alt_name to get "[('no', 'Nesmarka')]"
utility_to_osm - ERROR - ssr:stedsnr = 1028657. No positions found, skipping
utility_to_osm - WARNING - ssr:stedsnr = 1028658: No priority spelling found for lang = no, using alt_name to get "[('no', 'Førreneset')]"
utility_to_osm - ERROR - ssr:stedsnr = 1028658. No positions found, skipping
utility_to_osm - WARNING - ssr:stedsnr = 1028659: No priority spelling found for lang = no, using alt_name to get "[('no', 'Melkevikvegen')]"
utility_to_osm - ERROR - ssr:stedsnr = 1028659. No positions found, skipping
utility_to_osm - WARNING - ssr:stedsnr = 1028660: No priority spelling found for lang = no, using alt_name to get "[('no', 'Eikelund')]"
utility_to_osm - ERROR - ssr:stedsnr = 1028660. No positions found, skipping
utility_to_osm - WARNING - ssr:stedsnr = 1028661: No priority spelling found for lang = no, using alt_name to get "[('no', 'Nesheimsvegen')]"
utility_to_osm - ERROR - ssr:stedsnr = 1028661. No positions found, skipping
utility_to_osm - WARNING - ssr:stedsnr = 1028662: No priority spelling found for lang = no, using alt_name to get "[('no', 'Stakkestadvegen')]"
utility_to_osm - ERROR - ssr:stedsnr = 1028662. No positions found, skipping
utility_to_osm - WARNING - ssr:stedsnr = 1028664: No priority spelling found for lang = no, using alt_name to get "[('no', 'Sjonarvegen')]"
utility_to_osm - ERROR - ssr:stedsnr = 1028664. No positions found, skipping
utility_to_osm - WARNING - ssr:stedsnr = 1028666: No priority spelling found for lang = no, using alt_name to get "[('no', 'Høievegen')]"
utility_to_osm - ERROR - ssr:stedsnr = 1028666. No positions found, skipping
utility_to_osm - WARNING - ssr:stedsnr = 1028667: No priority spelling found for lang = no, using alt_name to get "[('no', 'Nånesvegen')]"
utility_to_osm - ERROR - ssr:stedsnr = 1028667. No positions found, skipping
utility_to_osm - WARNING - ssr:stedsnr = 1028669: No priority spelling found for lang = no, using alt_name to get "[('no', 'Asparsletta')]"
utility_to_osm - ERROR - ssr:stedsnr = 1028669. No positions found, skipping
utility_to_osm - WARNING - ssr:stedsnr = 1028670: No priority spelling found for lang = no, using alt_name to get "[('no', 'Asparhaugvegen')]"
utility_to_osm - ERROR - ssr:stedsnr = 1028670. No positions found, skipping
utility_to_osm - WARNING - ssr:stedsnr = 1028671: No priority spelling found for lang = no, using alt_name to get "[('no', 'Kallevikvegen')]"
utility_to_osm - ERROR - ssr:stedsnr = 1028671. No positions found, skipping
utility_to_osm - WARNING - ssr:stedsnr = 1028673: No priority spelling found for lang = no, using alt_name to get "[('no', 'Sundførvågen')]"
utility_to_osm - ERROR - ssr:stedsnr = 1028673. No positions found, skipping
utility_to_osm - WARNING - ssr:stedsnr = 1028675: No priority spelling found for lang = no, using alt_name to get "[('no', 'Sundførvegen')]"
utility_to_osm - ERROR - ssr:stedsnr = 1028675. No positions found, skipping
utility_to_osm - WARNING - ssr:stedsnr = 1028677: No priority spelling found for lang = no, using alt_name to get "[('no', 'Straumsvegen')]"
utility_to_osm - ERROR - ssr:stedsnr = 1028677. No positions found, skipping
utility_to_osm - WARNING - ssr:stedsnr = 1028680: No priority spelling found for lang = no, using alt_name to get "[('no', 'Skjoldastraumsvegen')]"
utility_to_osm - ERROR - ssr:stedsnr = 1028680. No positions found, skipping
utility_to_osm - WARNING - ssr:stedsnr = 1028682: No priority spelling found for lang = no, using alt_name to get "[('no', 'Fikstveitvegen')]"
utility_to_osm - ERROR - ssr:stedsnr = 1028682. No positions found, skipping
utility_to_osm - WARNING - ssr:stedsnr = 1028684: No priority spelling found for lang = no, using alt_name to get "[('no', 'Nesvegen')]"
utility_to_osm - ERROR - ssr:stedsnr = 1028684. No positions found, skipping
utility_to_osm - WARNING - ssr:stedsnr = 1028692: No priority spelling found for lang = no, using alt_name to get "[('no', 'Øverland')]"
utility_to_osm - ERROR - ssr:stedsnr = 1028692. No positions found, skipping
utility_to_osm - WARNING - ssr:stedsnr = 1028694: No priority spelling found for lang = no, using alt_name to get "[('no', 'Våg')]"
utility_to_osm - ERROR - ssr:stedsnr = 1028694. No positions found, skipping
utility_to_osm - WARNING - ssr:stedsnr = 1028695: No priority spelling found for lang = no, using alt_name to get "[('no', 'Kvithaugvegen')]"
utility_to_osm - ERROR - ssr:stedsnr = 1028695. No positions found, skipping
utility_to_osm - WARNING - ssr:stedsnr = 1028697: No priority spelling found for lang = no, using alt_name to get "[('no', 'Kvednanesvegen')]"
utility_to_osm - ERROR - ssr:stedsnr = 1028697. No positions found, skipping
utility_to_osm - WARNING - ssr:stedsnr = 1028698: No priority spelling found for lang = no, using alt_name to get "[('no', 'Årek')]"
utility_to_osm - ERROR - ssr:stedsnr = 1028698. No positions found, skipping
utility_to_osm - WARNING - ssr:stedsnr = 1028703: No priority spelling found for lang = no, using alt_name to get "[('no', 'Romsalandsvegen')]"
utility_to_osm - ERROR - ssr:stedsnr = 1028703. No positions found, skipping
utility_to_osm - WARNING - ssr:stedsnr = 1028705: No priority spelling found for lang = no, using alt_name to get "[('no', 'Grindafjordvegen')]"
utility_to_osm - ERROR - ssr:stedsnr = 1028705. No positions found, skipping
utility_to_osm - WARNING - ssr:stedsnr = 1028707: No priority spelling found for lang = no, using alt_name to get "[('no', 'Dalbygda')]"
utility_to_osm - ERROR - ssr:stedsnr = 1028707. No positions found, skipping
utility_to_osm - WARNING - ssr:stedsnr = 1028710: No priority spelling found for lang = no, using alt_name to get "[('no', 'Toftøysundvegen')]"
utility_to_osm - ERROR - ssr:stedsnr = 1028710. No positions found, skipping
utility_to_osm - WARNING - ssr:stedsnr = 1028713: No priority spelling found for lang = no, using alt_name to get "[('no', 'Bjellandsvegen')]"
utility_to_osm - ERROR - ssr:stedsnr = 1028713. No positions found, skipping
utility_to_osm - WARNING - ssr:stedsnr = 1028715: No priority spelling found for lang = no, using alt_name to get "[('no', 'Nedstrandsvegen')]"
utility_to_osm - ERROR - ssr:stedsnr = 1028715. No positions found, skipping
utility_to_osm - WARNING - ssr:stedsnr = 1028718: No priority spelling found for lang = no, using alt_name to get "[('no', 'Sandviklia')]"
utility_to_osm - ERROR - ssr:stedsnr = 1028718. No positions found, skipping
utility_to_osm - WARNING - ssr:stedsnr = 1028720: No priority spelling found for lang = no, using alt_name to get "[('no', 'Lindanger')]"
utility_to_osm - ERROR - ssr:stedsnr = 1028720. No positions found, skipping
utility_to_osm - WARNING - ssr:stedsnr = 1028722: No priority spelling found for lang = no, using alt_name to get "[('no', 'Baustadvegen')]"
utility_to_osm - ERROR - ssr:stedsnr = 1028722. No positions found, skipping
utility_to_osm - WARNING - ssr:stedsnr = 1028724: No priority spelling found for lang = no, using alt_name to get "[('no', 'Grindevegen')]"
utility_to_osm - ERROR - ssr:stedsnr = 1028724. No positions found, skipping
utility_to_osm - WARNING - ssr:stedsnr = 1028728: No priority spelling found for lang = no, using alt_name to get "[('no', 'Espeviklia')]"
utility_to_osm - ERROR - ssr:stedsnr = 1028728. No positions found, skipping
utility_to_osm - WARNING - ssr:stedsnr = 1028730: No priority spelling found for lang = no, using alt_name to get "[('no', 'Solheimsvegen')]"
utility_to_osm - ERROR - ssr:stedsnr = 1028730. No positions found, skipping
utility_to_osm - WARNING - ssr:stedsnr = 1028731: No priority spelling found for lang = no, using alt_name to get "[('no', 'Liarvågvegen')]"
utility_to_osm - ERROR - ssr:stedsnr = 1028731. No positions found, skipping
utility_to_osm - WARNING - ssr:stedsnr = 1028786: No priority spelling found for lang = no, using alt_name to get "[('no', 'Grasmyrvegen')]"
utility_to_osm - ERROR - ssr:stedsnr = 1028786. No positions found, skipping
utility_to_osm - WARNING - ssr:stedsnr = 1028788: No priority spelling found for lang = no, using alt_name to get "[('no', 'Asparhaug')]"
utility_to_osm - ERROR - ssr:stedsnr = 1028788. No positions found, skipping
utility_to_osm - WARNING - ssr:stedsnr = 1028790: No priority spelling found for lang = no, using alt_name to get "[('no', 'Buhaugvegen')]"
utility_to_osm - ERROR - ssr:stedsnr = 1028790. No positions found, skipping
utility_to_osm - WARNING - ssr:stedsnr = 1028791: No priority spelling found for lang = no, using alt_name to get "[('no', 'Gudbrandsvegen')]"
utility_to_osm - ERROR - ssr:stedsnr = 1028791. No positions found, skipping
utility_to_osm - WARNING - ssr:stedsnr = 1028792: No priority spelling found for lang = no, using alt_name to get "[('no', 'Lynghaug')]"
utility_to_osm - ERROR - ssr:stedsnr = 1028792. No positions found, skipping
utility_to_osm - WARNING - ssr:stedsnr = 1028794: No priority spelling found for lang = no, using alt_name to get "[('no', 'Myrbakken')]"
utility_to_osm - ERROR - ssr:stedsnr = 1028794. No positions found, skipping
utility_to_osm - WARNING - ssr:stedsnr = 1028795: No priority spelling found for lang = no, using alt_name to get "[('no', 'Førresdalen')]"
utility_to_osm - ERROR - ssr:stedsnr = 1028795. No positions found, skipping
utility_to_osm - WARNING - ssr:stedsnr = 1028796: No priority spelling found for lang = no, using alt_name to get "[('no', 'Mjåsund')]"
utility_to_osm - ERROR - ssr:stedsnr = 1028796. No positions found, skipping
utility_to_osm - WARNING - ssr:stedsnr = 1028797: No priority spelling found for lang = no, using alt_name to get "[('no', 'Tjordal')]"
utility_to_osm - ERROR - ssr:stedsnr = 1028797. No positions found, skipping
utility_to_osm - WARNING - ssr:stedsnr = 1028798: No priority spelling found for lang = no, using alt_name to get "[('no', 'Klovsteinvegen')]"
utility_to_osm - ERROR - ssr:stedsnr = 1028798. No positions found, skipping
utility_to_osm - WARNING - ssr:stedsnr = 1028799: No priority spelling found for lang = no, using alt_name to get "[('no', 'Saltvikvegen')]"
utility_to_osm - ERROR - ssr:stedsnr = 1028799. No positions found, skipping
utility_to_osm - WARNING - ssr:stedsnr = 1028800: No priority spelling found for lang = no, using alt_name to get "[('no', 'Susortvegen')]"
utility_to_osm - ERROR - ssr:stedsnr = 1028800. No positions found, skipping
utility_to_osm - WARNING - ssr:stedsnr = 1028801: No priority spelling found for lang = no, using alt_name to get "[('no', 'Svartmyrvegen')]"
utility_to_osm - ERROR - ssr:stedsnr = 1028801. No positions found, skipping
utility_to_osm - WARNING - ssr:stedsnr = 1028802: No priority spelling found for lang = no, using alt_name to get "[('no', 'Lervikvegen')]"
utility_to_osm - ERROR - ssr:stedsnr = 1028802. No positions found, skipping
utility_to_osm - WARNING - ssr:stedsnr = 1028803: No priority spelling found for lang = no, using alt_name to get "[('no', 'Bjørnsvikleitet')]"
utility_to_osm - ERROR - ssr:stedsnr = 1028803. No positions found, skipping
utility_to_osm - WARNING - ssr:stedsnr = 1028805: No priority spelling found for lang = no, using alt_name to get "[('no', 'Kalvatreet')]"
utility_to_osm - ERROR - ssr:stedsnr = 1028805. No positions found, skipping
utility_to_osm - WARNING - ssr:stedsnr = 1028808: No priority spelling found for lang = no, using alt_name to get "[('no', 'Haugen')]"
utility_to_osm - ERROR - ssr:stedsnr = 1028808. No positions found, skipping
utility_to_osm - WARNING - ssr:stedsnr = 1028809: No priority spelling found for lang = no, using alt_name to get "[('no', 'Stuvikleite')]"
utility_to_osm - ERROR - ssr:stedsnr = 1028809. No positions found, skipping
utility_to_osm - WARNING - ssr:stedsnr = 1028810: No priority spelling found for lang = no, using alt_name to get "[('no', 'Østenstadvegen')]"
utility_to_osm - ERROR - ssr:stedsnr = 1028810. No positions found, skipping
utility_to_osm - WARNING - ssr:stedsnr = 1028813: No priority spelling found for lang = no, using alt_name to get "[('no', 'Bådsvikvegen')]"
utility_to_osm - ERROR - ssr:stedsnr = 1028813. No positions found, skipping
utility_to_osm - WARNING - ssr:stedsnr = 1028814: No priority spelling found for lang = no, using alt_name to get "[('no', 'Urnesvegen')]"
utility_to_osm - ERROR - ssr:stedsnr = 1028814. No positions found, skipping
utility_to_osm - WARNING - ssr:stedsnr = 1028815: No priority spelling found for lang = no, using alt_name to get "[('no', 'Tømmeråsvegen')]"
utility_to_osm - ERROR - ssr:stedsnr = 1028815. No positions found, skipping
utility_to_osm - WARNING - ssr:stedsnr = 1028817: No priority spelling found for lang = no, using alt_name to get "[('no', 'Nuntunvegen')]"
utility_to_osm - ERROR - ssr:stedsnr = 1028817. No positions found, skipping
utility_to_osm - WARNING - ssr:stedsnr = 1028819: No priority spelling found for lang = no, using alt_name to get "[('no', 'Dalanesvegen')]"
utility_to_osm - ERROR - ssr:stedsnr = 1028819. No positions found, skipping
utility_to_osm - WARNING - ssr:stedsnr = 1028821: No priority spelling found for lang = no, using alt_name to get "[('no', 'Førresbrekka')]"
utility_to_osm - ERROR - ssr:stedsnr = 1028821. No positions found, skipping
utility_to_osm - WARNING - ssr:stedsnr = 1028822: No priority spelling found for lang = no, using alt_name to get "[('no', 'Vestli')]"
utility_to_osm - ERROR - ssr:stedsnr = 1028822. No positions found, skipping
utility_to_osm - WARNING - ssr:stedsnr = 1028824: No priority spelling found for lang = no, using alt_name to get "[('no', 'Førreåsen')]"
utility_to_osm - ERROR - ssr:stedsnr = 1028824. No positions found, skipping
utility_to_osm - WARNING - ssr:stedsnr = 1028825: No priority spelling found for lang = no, using alt_name to get "[('no', 'Gamlevegen')]"
utility_to_osm - ERROR - ssr:stedsnr = 1028825. No positions found, skipping
utility_to_osm - WARNING - ssr:stedsnr = 1028827: No priority spelling found for lang = no, using alt_name to get "[('no', 'Bjørkeli')]"
utility_to_osm - ERROR - ssr:stedsnr = 1028827. No positions found, skipping
utility_to_osm - WARNING - ssr:stedsnr = 1028828: No priority spelling found for lang = no, using alt_name to get "[('no', 'Frakkagjerddalen')]"
utility_to_osm - ERROR - ssr:stedsnr = 1028828. No positions found, skipping
utility_to_osm - WARNING - ssr:stedsnr = 1028829: No priority spelling found for lang = no, using alt_name to get "[('no', 'Stuvik')]"
utility_to_osm - ERROR - ssr:stedsnr = 1028829. No positions found, skipping
utility_to_osm - WARNING - ssr:stedsnr = 1028830: No priority spelling found for lang = no, using alt_name to get "[('no', 'Nypedalen')]"
utility_to_osm - ERROR - ssr:stedsnr = 1028830. No positions found, skipping
utility_to_osm - WARNING - ssr:stedsnr = 1075351: No priority spelling found for lang = no, using alt_name to get "[('no', 'Torvvegen')]"
