utility_to_osm - WARNING - ssr:stedsnr = 10541 has multiple (2) positions, using the first one!
utility_to_osm - WARNING - ssr:stedsnr = 10546 has multiple (3) positions, using the first one!
utility_to_osm - WARNING - ssr:stedsnr = 11526 has multiple (2) positions, using the first one!
utility_to_osm - WARNING - ssr:stedsnr = 11591 has multiple (3) positions, using the first one!
utility_to_osm - WARNING - ssr:stedsnr = 71586 has multiple (2) positions, using the first one!
utility_to_osm - WARNING - ssr:stedsnr = 71589 has multiple (3) positions, using the first one!
utility_to_osm - WARNING - ssr:stedsnr = 71620 has multiple (2) positions, using the first one!
utility_to_osm - WARNING - ssr:stedsnr = 71669: No priority spelling found for lang = no, using alt_name to get "[('no', 'Steinfluda')]"
utility_to_osm - WARNING - ssr:stedsnr = 71669 has multiple (2) positions, using the first one!
utility_to_osm - WARNING - ssr:stedsnr = 71671 has multiple (3) positions, using the first one!
utility_to_osm - WARNING - ssr:stedsnr = 72177 has multiple (3) positions, using the first one!
utility_to_osm - WARNING - ssr:stedsnr = 72528 has multiple (3) positions, using the first one!
utility_to_osm - WARNING - ssr:stedsnr = 72563 has multiple (3) positions, using the first one!
utility_to_osm - WARNING - ssr:stedsnr = 132559 has multiple (4) positions, using the first one!
utility_to_osm - WARNING - ssr:stedsnr = 132562 has multiple (3) positions, using the first one!
utility_to_osm - WARNING - ssr:stedsnr = 132610 has multiple (3) positions, using the first one!
utility_to_osm - WARNING - ssr:stedsnr = 132617 has multiple (3) positions, using the first one!
utility_to_osm - WARNING - ssr:stedsnr = 132619 has multiple (3) positions, using the first one!
utility_to_osm - WARNING - ssr:stedsnr = 253195 has multiple (3) positions, using the first one!
utility_to_osm - WARNING - ssr:stedsnr = 253665 has multiple (2) positions, using the first one!
utility_to_osm - WARNING - ssr:stedsnr = 253582 has multiple (4) positions, using the first one!
utility_to_osm - WARNING - ssr:stedsnr = 253593 has multiple (2) positions, using the first one!
utility_to_osm - WARNING - ssr:stedsnr = 253545 has multiple (2) positions, using the first one!
utility_to_osm - WARNING - ssr:stedsnr = 253562 has multiple (2) positions, using the first one!
utility_to_osm - WARNING - ssr:stedsnr = 253572 has multiple (2) positions, using the first one!
utility_to_osm - WARNING - ssr:stedsnr = 253574 has multiple (5) positions, using the first one!
utility_to_osm - WARNING - ssr:stedsnr = 254957 has multiple (3) positions, using the first one!
utility_to_osm - WARNING - ssr:stedsnr = 253604 has multiple (3) positions, using the first one!
utility_to_osm - WARNING - ssr:stedsnr = 253625 has multiple (6) positions, using the first one!
utility_to_osm - WARNING - ssr:stedsnr = 253637 has multiple (3) positions, using the first one!
utility_to_osm - WARNING - ssr:stedsnr = 279006 has multiple (2) positions, using the first one!
utility_to_osm - WARNING - ssr:stedsnr = 280004 has multiple (2) positions, using the first one!
utility_to_osm - WARNING - ssr:stedsnr = 314611 has multiple (2) positions, using the first one!
utility_to_osm - WARNING - ssr:stedsnr = 314614: No priority spelling found for lang = no, using alt_name to get "[('no', 'Skjerbodane')]"
utility_to_osm - WARNING - ssr:stedsnr = 314614 has multiple (3) positions, using the first one!
utility_to_osm - WARNING - ssr:stedsnr = 314617 has multiple (3) positions, using the first one!
utility_to_osm - WARNING - ssr:stedsnr = 314555 has multiple (2) positions, using the first one!
utility_to_osm - WARNING - ssr:stedsnr = 324311: No priority spelling found for lang = no, using alt_name to get "[('no', 'Saudeholmen')]"
utility_to_osm - WARNING - ssr:stedsnr = 324311 has multiple (4) positions, using the first one!
utility_to_osm - WARNING - ssr:stedsnr = 354617 has multiple (2) positions, using the first one!
utility_to_osm - WARNING - ssr:stedsnr = 374641 has multiple (3) positions, using the first one!
utility_to_osm - WARNING - ssr:stedsnr = 374646 has multiple (4) positions, using the first one!
utility_to_osm - WARNING - ssr:stedsnr = 436558 has multiple (3) positions, using the first one!
utility_to_osm - WARNING - ssr:stedsnr = 462165 has multiple (2) positions, using the first one!
utility_to_osm - WARNING - ssr:stedsnr = 678521 has multiple (3) positions, using the first one!
utility_to_osm - WARNING - ssr:stedsnr = 678539 has multiple (3) positions, using the first one!
utility_to_osm - WARNING - ssr:stedsnr = 678545 has multiple (2) positions, using the first one!
utility_to_osm - WARNING - ssr:stedsnr = 678554 has multiple (3) positions, using the first one!
utility_to_osm - WARNING - ssr:stedsnr = 678558 has multiple (3) positions, using the first one!
utility_to_osm - WARNING - ssr:stedsnr = 678568 has multiple (3) positions, using the first one!
utility_to_osm - WARNING - ssr:stedsnr = 496066 has multiple (2) positions, using the first one!
utility_to_osm - WARNING - ssr:stedsnr = 496619: No priority spelling found for lang = no, using alt_name to get "[('no', 'Midtfjordfludene')]"
utility_to_osm - WARNING - ssr:stedsnr = 496619 has multiple (2) positions, using the first one!
utility_to_osm - WARNING - ssr:stedsnr = 496621: No priority spelling found for lang = no, using alt_name to get "[('no', 'Ristesundet')]"
utility_to_osm - WARNING - ssr:stedsnr = 496621 has multiple (3) positions, using the first one!
utility_to_osm - WARNING - ssr:stedsnr = 496569 has multiple (2) positions, using the first one!
utility_to_osm - WARNING - ssr:stedsnr = 556626 has multiple (3) positions, using the first one!
utility_to_osm - WARNING - ssr:stedsnr = 556632 has multiple (2) positions, using the first one!
utility_to_osm - WARNING - ssr:stedsnr = 556562 has multiple (2) positions, using the first one!
utility_to_osm - WARNING - ssr:stedsnr = 556563 has multiple (3) positions, using the first one!
utility_to_osm - WARNING - ssr:stedsnr = 556569 has multiple (3) positions, using the first one!
utility_to_osm - WARNING - ssr:stedsnr = 617607 has multiple (4) positions, using the first one!
utility_to_osm - WARNING - ssr:stedsnr = 617609 has multiple (2) positions, using the first one!
utility_to_osm - WARNING - ssr:stedsnr = 617612 has multiple (3) positions, using the first one!
utility_to_osm - WARNING - ssr:stedsnr = 617586 has multiple (3) positions, using the first one!
utility_to_osm - WARNING - ssr:stedsnr = 617631 has multiple (4) positions, using the first one!
utility_to_osm - WARNING - ssr:stedsnr = 678617 has multiple (3) positions, using the first one!
utility_to_osm - WARNING - ssr:stedsnr = 678622 has multiple (2) positions, using the first one!
utility_to_osm - WARNING - ssr:stedsnr = 678504 has multiple (2) positions, using the first one!
utility_to_osm - WARNING - ssr:stedsnr = 678511 has multiple (5) positions, using the first one!
utility_to_osm - WARNING - ssr:stedsnr = 678512 has multiple (3) positions, using the first one!
utility_to_osm - WARNING - ssr:stedsnr = 678529 has multiple (2) positions, using the first one!
utility_to_osm - WARNING - ssr:stedsnr = 678580 has multiple (3) positions, using the first one!
utility_to_osm - WARNING - ssr:stedsnr = 678585: No priority spelling found for lang = no, using alt_name to get "[('no', 'Risteholmen')]"
utility_to_osm - WARNING - ssr:stedsnr = 678585 has multiple (3) positions, using the first one!
utility_to_osm - WARNING - ssr:stedsnr = 739499 has multiple (2) positions, using the first one!
utility_to_osm - WARNING - ssr:stedsnr = 739605 has multiple (4) positions, using the first one!
utility_to_osm - WARNING - ssr:stedsnr = 739616 has multiple (3) positions, using the first one!
utility_to_osm - WARNING - ssr:stedsnr = 739624 has multiple (5) positions, using the first one!
utility_to_osm - WARNING - ssr:stedsnr = 799642 has multiple (3) positions, using the first one!
utility_to_osm - WARNING - ssr:stedsnr = 800503 has multiple (3) positions, using the first one!
utility_to_osm - WARNING - ssr:stedsnr = 800506 has multiple (3) positions, using the first one!
utility_to_osm - WARNING - ssr:stedsnr = 800511 has multiple (3) positions, using the first one!
utility_to_osm - WARNING - ssr:stedsnr = 800524 has multiple (2) positions, using the first one!
utility_to_osm - WARNING - ssr:stedsnr = 800592 has multiple (3) positions, using the first one!
utility_to_osm - WARNING - ssr:stedsnr = 816387: No priority spelling found for lang = no, using alt_name to get "[('no', 'Vågsbrua')]"
utility_to_osm - WARNING - ssr:stedsnr = 921522 has multiple (3) positions, using the first one!
utility_to_osm - WARNING - ssr:stedsnr = 921621 has multiple (3) positions, using the first one!
utility_to_osm - WARNING - ssr:stedsnr = 921556 has multiple (2) positions, using the first one!
utility_to_osm - WARNING - ssr:stedsnr = 921557 has multiple (3) positions, using the first one!
utility_to_osm - WARNING - ssr:stedsnr = 921960 has multiple (3) positions, using the first one!
utility_to_osm - WARNING - ssr:stedsnr = 860611 has multiple (3) positions, using the first one!
utility_to_osm - WARNING - ssr:stedsnr = 860659 has multiple (4) positions, using the first one!
utility_to_osm - WARNING - ssr:stedsnr = 860662 has multiple (4) positions, using the first one!
utility_to_osm - WARNING - ssr:stedsnr = 860674 has multiple (2) positions, using the first one!
utility_to_osm - ERROR - ssr:stedsnr = 920535: Adding multiple names to name tag, this is not OK! name = "Veten;Saudehornet"
utility_to_osm - WARNING - ssr:stedsnr = 920535 has multiple (3) positions, using the first one!
utility_to_osm - WARNING - ssr:stedsnr = 920602 has multiple (3) positions, using the first one!
utility_to_osm - WARNING - ssr:stedsnr = 920646 has multiple (2) positions, using the first one!
utility_to_osm - WARNING - ssr:stedsnr = 921532 has multiple (2) positions, using the first one!
utility_to_osm - WARNING - ssr:stedsnr = 921535 has multiple (2) positions, using the first one!
utility_to_osm - WARNING - ssr:stedsnr = 921539 has multiple (3) positions, using the first one!
utility_to_osm - WARNING - ssr:stedsnr = 921633 has multiple (3) positions, using the first one!
utility_to_osm - WARNING - ssr:stedsnr = 921636 has multiple (3) positions, using the first one!
utility_to_osm - WARNING - ssr:stedsnr = 931310: No priority spelling found for lang = no, using alt_name to get "[('no', 'Terneskjerfluda')]"
utility_to_osm - WARNING - ssr:stedsnr = 948136 has multiple (2) positions, using the first one!
utility_to_osm - WARNING - ssr:stedsnr = 10662: No priority spelling found for lang = no, using alt_name to get "[('no', 'Tareboden')]"
utility_to_osm - WARNING - ssr:stedsnr = 10662 has multiple (2) positions, using the first one!
utility_to_osm - WARNING - ssr:stedsnr = 10663 has multiple (3) positions, using the first one!
utility_to_osm - WARNING - ssr:stedsnr = 10629: No priority spelling found for lang = no, using alt_name to get "[('no', 'Ristesundet')]"
utility_to_osm - WARNING - ssr:stedsnr = 11533 has multiple (3) positions, using the first one!
utility_to_osm - WARNING - ssr:stedsnr = 11539 has multiple (3) positions, using the first one!
utility_to_osm - WARNING - ssr:stedsnr = 11545 has multiple (3) positions, using the first one!
utility_to_osm - WARNING - ssr:stedsnr = 11569 has multiple (3) positions, using the first one!
utility_to_osm - WARNING - ssr:stedsnr = 11572 has multiple (2) positions, using the first one!
utility_to_osm - WARNING - ssr:stedsnr = 11624 has multiple (2) positions, using the first one!
utility_to_osm - WARNING - ssr:stedsnr = 11523 has multiple (4) positions, using the first one!
utility_to_osm - WARNING - ssr:stedsnr = 11620 has multiple (3) positions, using the first one!
utility_to_osm - WARNING - ssr:stedsnr = 71644 has multiple (4) positions, using the first one!
utility_to_osm - WARNING - ssr:stedsnr = 71645 has multiple (3) positions, using the first one!
utility_to_osm - WARNING - ssr:stedsnr = 71661 has multiple (2) positions, using the first one!
utility_to_osm - WARNING - ssr:stedsnr = 71664 has multiple (3) positions, using the first one!
utility_to_osm - WARNING - ssr:stedsnr = 131530 has multiple (2) positions, using the first one!
utility_to_osm - WARNING - ssr:stedsnr = 132496: No priority spelling found for lang = no, using alt_name to get "[('no', 'Storesundet')]"
utility_to_osm - WARNING - ssr:stedsnr = 132496 has multiple (3) positions, using the first one!
utility_to_osm - WARNING - ssr:stedsnr = 132499 has multiple (3) positions, using the first one!
utility_to_osm - WARNING - ssr:stedsnr = 132500 has multiple (2) positions, using the first one!
utility_to_osm - WARNING - ssr:stedsnr = 132570 has multiple (2) positions, using the first one!
utility_to_osm - WARNING - ssr:stedsnr = 132582 has multiple (3) positions, using the first one!
utility_to_osm - WARNING - ssr:stedsnr = 132583 has multiple (3) positions, using the first one!
utility_to_osm - WARNING - ssr:stedsnr = 132518 has multiple (3) positions, using the first one!
utility_to_osm - WARNING - ssr:stedsnr = 132520 has multiple (2) positions, using the first one!
utility_to_osm - WARNING - ssr:stedsnr = 132526 has multiple (3) positions, using the first one!
utility_to_osm - WARNING - ssr:stedsnr = 132531 has multiple (3) positions, using the first one!
utility_to_osm - WARNING - ssr:stedsnr = 148388: No priority spelling found for lang = no, using alt_name to get "[('no', 'Myrebrua')]"
utility_to_osm - WARNING - ssr:stedsnr = 192580: No priority spelling found for lang = no, using alt_name to get "[('no', 'Breivika')]"
utility_to_osm - WARNING - ssr:stedsnr = 192584 has multiple (3) positions, using the first one!
utility_to_osm - WARNING - ssr:stedsnr = 192529: No priority spelling found for lang = no, using alt_name to get "[('no', 'Støylane')]"
utility_to_osm - WARNING - ssr:stedsnr = 192543 has multiple (3) positions, using the first one!
utility_to_osm - WARNING - ssr:stedsnr = 192621 has multiple (3) positions, using the first one!
utility_to_osm - WARNING - ssr:stedsnr = 192625 has multiple (3) positions, using the first one!
utility_to_osm - WARNING - ssr:stedsnr = 192626 has multiple (2) positions, using the first one!
utility_to_osm - WARNING - ssr:stedsnr = 192633: No priority spelling found for lang = no, using alt_name to get "[('no', 'Gurskøya')]"
utility_to_osm - WARNING - ssr:stedsnr = 192633 has multiple (9) positions, using the first one!
utility_to_osm - WARNING - ssr:stedsnr = 192635 has multiple (3) positions, using the first one!
utility_to_osm - WARNING - ssr:stedsnr = 192662 has multiple (2) positions, using the first one!
utility_to_osm - WARNING - ssr:stedsnr = 192683 has multiple (3) positions, using the first one!
utility_to_osm - WARNING - ssr:stedsnr = 192592 has multiple (2) positions, using the first one!
utility_to_osm - WARNING - ssr:stedsnr = 193516 has multiple (3) positions, using the first one!
utility_to_osm - WARNING - ssr:stedsnr = 193528 has multiple (3) positions, using the first one!
utility_to_osm - WARNING - ssr:stedsnr = 193545 has multiple (3) positions, using the first one!
utility_to_osm - WARNING - ssr:stedsnr = 193546 has multiple (3) positions, using the first one!
utility_to_osm - WARNING - ssr:stedsnr = 193554 has multiple (5) positions, using the first one!
utility_to_osm - WARNING - ssr:stedsnr = 193587 has multiple (3) positions, using the first one!
utility_to_osm - WARNING - ssr:stedsnr = 193590 has multiple (3) positions, using the first one!
utility_to_osm - WARNING - ssr:stedsnr = 193592 has multiple (3) positions, using the first one!
utility_to_osm - WARNING - ssr:stedsnr = 193620 has multiple (4) positions, using the first one!
utility_to_osm - ERROR - ssr:stedsnr = 193962: Adding multiple names to name tag, this is not OK! name = "Sædalsvatnet;Storevatnet"
utility_to_osm - WARNING - ssr:stedsnr = 193962 has multiple (5) positions, using the first one!
utility_to_osm - WARNING - ssr:stedsnr = 209384: No priority spelling found for lang = no, using alt_name to get "[('no', 'Sandangerbrua')]"
utility_to_osm - WARNING - ssr:stedsnr = 314085 has multiple (3) positions, using the first one!
utility_to_osm - WARNING - ssr:stedsnr = 314582 has multiple (3) positions, using the first one!
utility_to_osm - WARNING - ssr:stedsnr = 314583 has multiple (3) positions, using the first one!
utility_to_osm - WARNING - ssr:stedsnr = 314598: No priority spelling found for lang = no, using alt_name to get "[('no', 'Nonshornet')]"
utility_to_osm - WARNING - ssr:stedsnr = 314598 has multiple (2) positions, using the first one!
utility_to_osm - WARNING - ssr:stedsnr = 314627 has multiple (2) positions, using the first one!
utility_to_osm - WARNING - ssr:stedsnr = 314642 has multiple (3) positions, using the first one!
utility_to_osm - WARNING - ssr:stedsnr = 314543 has multiple (3) positions, using the first one!
utility_to_osm - WARNING - ssr:stedsnr = 314548 has multiple (3) positions, using the first one!
utility_to_osm - WARNING - ssr:stedsnr = 330385: No priority spelling found for lang = no, using alt_name to get "[('no', 'Hidsbrua')]"
utility_to_osm - WARNING - ssr:stedsnr = 330389: No priority spelling found for lang = no, using alt_name to get "[('no', 'Storebrua')]"
utility_to_osm - WARNING - ssr:stedsnr = 330400: No priority spelling found for lang = no, using alt_name to get "[('no', 'Vågsosbrua')]"
utility_to_osm - WARNING - ssr:stedsnr = 374589: No priority spelling found for lang = no, using alt_name to get "[('no', 'Skorpefluda')]"
utility_to_osm - WARNING - ssr:stedsnr = 374589 has multiple (2) positions, using the first one!
utility_to_osm - WARNING - ssr:stedsnr = 374590 has multiple (2) positions, using the first one!
utility_to_osm - WARNING - ssr:stedsnr = 374596 has multiple (4) positions, using the first one!
utility_to_osm - WARNING - ssr:stedsnr = 374606 has multiple (3) positions, using the first one!
utility_to_osm - WARNING - ssr:stedsnr = 374560 has multiple (3) positions, using the first one!
utility_to_osm - WARNING - ssr:stedsnr = 374561: No priority spelling found for lang = no, using alt_name to get "[('no', 'Drageskaret')]"
utility_to_osm - WARNING - ssr:stedsnr = 374561 has multiple (3) positions, using the first one!
utility_to_osm - WARNING - ssr:stedsnr = 374574 has multiple (5) positions, using the first one!
utility_to_osm - WARNING - ssr:stedsnr = 375466 has multiple (2) positions, using the first one!
utility_to_osm - WARNING - ssr:stedsnr = 375547 has multiple (3) positions, using the first one!
utility_to_osm - WARNING - ssr:stedsnr = 375659 has multiple (2) positions, using the first one!
utility_to_osm - WARNING - ssr:stedsnr = 402015 has multiple (2) positions, using the first one!
utility_to_osm - WARNING - ssr:stedsnr = 435537 has multiple (14) positions, using the first one!
utility_to_osm - WARNING - ssr:stedsnr = 435585 has multiple (3) positions, using the first one!
utility_to_osm - WARNING - ssr:stedsnr = 435673 has multiple (3) positions, using the first one!
utility_to_osm - WARNING - ssr:stedsnr = 436545 has multiple (3) positions, using the first one!
utility_to_osm - WARNING - ssr:stedsnr = 436552: No priority spelling found for lang = no, using alt_name to get "[('no', 'Kvamsøya')]"
utility_to_osm - WARNING - ssr:stedsnr = 436552 has multiple (6) positions, using the first one!
utility_to_osm - WARNING - ssr:stedsnr = 495488: No priority spelling found for lang = no, using alt_name to get "[('no', 'Årvika')]"
utility_to_osm - WARNING - ssr:stedsnr = 496572 has multiple (3) positions, using the first one!
utility_to_osm - WARNING - ssr:stedsnr = 496523 has multiple (3) positions, using the first one!
utility_to_osm - WARNING - ssr:stedsnr = 496529 has multiple (2) positions, using the first one!
utility_to_osm - WARNING - ssr:stedsnr = 496531 has multiple (2) positions, using the first one!
utility_to_osm - WARNING - ssr:stedsnr = 496545 has multiple (2) positions, using the first one!
utility_to_osm - WARNING - ssr:stedsnr = 496590: No priority spelling found for lang = no, using alt_name to get "[('no', 'Medhaugnabben')]"
utility_to_osm - WARNING - ssr:stedsnr = 496590 has multiple (2) positions, using the first one!
utility_to_osm - WARNING - ssr:stedsnr = 510495 has multiple (3) positions, using the first one!
utility_to_osm - WARNING - ssr:stedsnr = 556677: No priority spelling found for lang = no, using alt_name to get "[('no', 'Steinboden')]"
utility_to_osm - WARNING - ssr:stedsnr = 556677 has multiple (2) positions, using the first one!
utility_to_osm - WARNING - ssr:stedsnr = 556074 has multiple (3) positions, using the first one!
utility_to_osm - WARNING - ssr:stedsnr = 556589 has multiple (3) positions, using the first one!
utility_to_osm - WARNING - ssr:stedsnr = 556592 has multiple (3) positions, using the first one!
utility_to_osm - WARNING - ssr:stedsnr = 556598: No priority spelling found for lang = no, using alt_name to get "[('no', 'Urene')]"
utility_to_osm - WARNING - ssr:stedsnr = 556598 has multiple (3) positions, using the first one!
utility_to_osm - WARNING - ssr:stedsnr = 556601 has multiple (4) positions, using the first one!
utility_to_osm - WARNING - ssr:stedsnr = 556644 has multiple (3) positions, using the first one!
utility_to_osm - WARNING - ssr:stedsnr = 556541 has multiple (2) positions, using the first one!
utility_to_osm - WARNING - ssr:stedsnr = 556552 has multiple (2) positions, using the first one!
utility_to_osm - WARNING - ssr:stedsnr = 557174 has multiple (3) positions, using the first one!
utility_to_osm - WARNING - ssr:stedsnr = 557527 has multiple (5) positions, using the first one!
utility_to_osm - WARNING - ssr:stedsnr = 573357: No priority spelling found for lang = no, using alt_name to get "[('no', 'Myklebustbrua')]"
utility_to_osm - WARNING - ssr:stedsnr = 573367: No priority spelling found for lang = no, using alt_name to get "[('no', 'Hønebrua')]"
utility_to_osm - WARNING - ssr:stedsnr = 617554 has multiple (5) positions, using the first one!
utility_to_osm - WARNING - ssr:stedsnr = 617555 has multiple (3) positions, using the first one!
utility_to_osm - WARNING - ssr:stedsnr = 617524 has multiple (3) positions, using the first one!
utility_to_osm - WARNING - ssr:stedsnr = 617666: No priority spelling found for lang = no, using alt_name to get "[('no', 'Sandsøya')]"
utility_to_osm - WARNING - ssr:stedsnr = 617666 has multiple (6) positions, using the first one!
utility_to_osm - WARNING - ssr:stedsnr = 617973 has multiple (2) positions, using the first one!
utility_to_osm - WARNING - ssr:stedsnr = 644246 has multiple (2) positions, using the first one!
utility_to_osm - WARNING - ssr:stedsnr = 738585: No priority spelling found for lang = no, using alt_name to get "[('no', 'Nørdbergsheida')]"
utility_to_osm - WARNING - ssr:stedsnr = 738585 has multiple (4) positions, using the first one!
utility_to_osm - WARNING - ssr:stedsnr = 738587 has multiple (3) positions, using the first one!
utility_to_osm - WARNING - ssr:stedsnr = 738650 has multiple (2) positions, using the first one!
utility_to_osm - WARNING - ssr:stedsnr = 738661: No priority spelling found for lang = no, using alt_name to get "[('no', 'Nystøylfluda')]"
utility_to_osm - WARNING - ssr:stedsnr = 738661 has multiple (2) positions, using the first one!
utility_to_osm - WARNING - ssr:stedsnr = 739166 has multiple (3) positions, using the first one!
utility_to_osm - WARNING - ssr:stedsnr = 739516 has multiple (2) positions, using the first one!
utility_to_osm - WARNING - ssr:stedsnr = 739517: No priority spelling found for lang = no, using alt_name to get "[('no', 'Saudane')]"
utility_to_osm - WARNING - ssr:stedsnr = 739520 has multiple (3) positions, using the first one!
utility_to_osm - WARNING - ssr:stedsnr = 739585 has multiple (2) positions, using the first one!
utility_to_osm - WARNING - ssr:stedsnr = 739591 has multiple (3) positions, using the first one!
utility_to_osm - WARNING - ssr:stedsnr = 799564 has multiple (2) positions, using the first one!
utility_to_osm - WARNING - ssr:stedsnr = 799571 has multiple (3) positions, using the first one!
utility_to_osm - WARNING - ssr:stedsnr = 799576 has multiple (3) positions, using the first one!
utility_to_osm - WARNING - ssr:stedsnr = 799674 has multiple (3) positions, using the first one!
utility_to_osm - WARNING - ssr:stedsnr = 799087 has multiple (4) positions, using the first one!
utility_to_osm - WARNING - ssr:stedsnr = 799688 has multiple (2) positions, using the first one!
utility_to_osm - WARNING - ssr:stedsnr = 800492 has multiple (3) positions, using the first one!
utility_to_osm - WARNING - ssr:stedsnr = 800493 has multiple (4) positions, using the first one!
utility_to_osm - WARNING - ssr:stedsnr = 800568 has multiple (4) positions, using the first one!
utility_to_osm - WARNING - ssr:stedsnr = 800569 has multiple (2) positions, using the first one!
utility_to_osm - WARNING - ssr:stedsnr = 827091 has multiple (2) positions, using the first one!
utility_to_osm - WARNING - ssr:stedsnr = 860652 has multiple (3) positions, using the first one!
utility_to_osm - WARNING - ssr:stedsnr = 860533 has multiple (2) positions, using the first one!
utility_to_osm - WARNING - ssr:stedsnr = 860588 has multiple (2) positions, using the first one!
utility_to_osm - WARNING - ssr:stedsnr = 860593 has multiple (3) positions, using the first one!
utility_to_osm - WARNING - ssr:stedsnr = 861565 has multiple (3) positions, using the first one!
utility_to_osm - WARNING - ssr:stedsnr = 877383: No priority spelling found for lang = no, using alt_name to get "[('no', 'Vikebrua')]"
utility_to_osm - WARNING - ssr:stedsnr = 1064436: No priority spelling found for lang = no, using alt_name to get "[('no', 'Vardane')]"
utility_to_osm - ERROR - ssr:stedsnr = 1064436. No positions found, skipping
utility_to_osm - WARNING - ssr:stedsnr = 1064437: No priority spelling found for lang = no, using alt_name to get "[('no', 'Garden')]"
utility_to_osm - ERROR - ssr:stedsnr = 1064437. No positions found, skipping
utility_to_osm - WARNING - ssr:stedsnr = 1064438: No priority spelling found for lang = no, using alt_name to get "[('no', 'Larsnesbryggja')]"
utility_to_osm - WARNING - ssr:stedsnr = 1064439: No priority spelling found for lang = no, using alt_name to get "[('no', 'Øvre Hallelia')]"
utility_to_osm - ERROR - ssr:stedsnr = 1064439. No positions found, skipping
utility_to_osm - WARNING - ssr:stedsnr = 1064440: No priority spelling found for lang = no, using alt_name to get "[('no', 'Saudane')]"
utility_to_osm - ERROR - ssr:stedsnr = 1064440. No positions found, skipping
utility_to_osm - WARNING - ssr:stedsnr = 1064441: No priority spelling found for lang = no, using alt_name to get "[('no', 'Mikkelholmen')]"
utility_to_osm - ERROR - ssr:stedsnr = 1064441. No positions found, skipping
utility_to_osm - WARNING - ssr:stedsnr = 1064442: No priority spelling found for lang = no, using alt_name to get "[('no', 'Søre Voksa')]"
utility_to_osm - ERROR - ssr:stedsnr = 1064442. No positions found, skipping
utility_to_osm - WARNING - ssr:stedsnr = 1064443: No priority spelling found for lang = no, using alt_name to get "[('no', 'Skare')]"
utility_to_osm - ERROR - ssr:stedsnr = 1064443. No positions found, skipping
utility_to_osm - WARNING - ssr:stedsnr = 1064444: No priority spelling found for lang = no, using alt_name to get "[('no', 'Kyrkjesande')]"
utility_to_osm - ERROR - ssr:stedsnr = 1064444. No positions found, skipping
utility_to_osm - WARNING - ssr:stedsnr = 1064445: No priority spelling found for lang = no, using alt_name to get "[('no', 'Bringsinghaug')]"
utility_to_osm - ERROR - ssr:stedsnr = 1064445. No positions found, skipping
utility_to_osm - WARNING - ssr:stedsnr = 1064446: No priority spelling found for lang = no, using alt_name to get "[('no', 'Rada')]"
utility_to_osm - ERROR - ssr:stedsnr = 1064446. No positions found, skipping
utility_to_osm - WARNING - ssr:stedsnr = 1064447: No priority spelling found for lang = no, using alt_name to get "[('no', 'Ristesundvegen')]"
utility_to_osm - ERROR - ssr:stedsnr = 1064447. No positions found, skipping
utility_to_osm - WARNING - ssr:stedsnr = 1064449: No priority spelling found for lang = no, using alt_name to get "[('no', 'Kvamsvegen')]"
utility_to_osm - ERROR - ssr:stedsnr = 1064449. No positions found, skipping
utility_to_osm - WARNING - ssr:stedsnr = 1064450: No priority spelling found for lang = no, using alt_name to get "[('no', 'Sandshamna')]"
utility_to_osm - ERROR - ssr:stedsnr = 1064450. No positions found, skipping
utility_to_osm - WARNING - ssr:stedsnr = 1064452: No priority spelling found for lang = no, using alt_name to get "[('no', 'Nøresande')]"
utility_to_osm - ERROR - ssr:stedsnr = 1064452. No positions found, skipping
utility_to_osm - WARNING - ssr:stedsnr = 1064453: No priority spelling found for lang = no, using alt_name to get "[('no', 'Våge - Helland')]"
utility_to_osm - ERROR - ssr:stedsnr = 1064453. No positions found, skipping
utility_to_osm - WARNING - ssr:stedsnr = 1064454: No priority spelling found for lang = no, using alt_name to get "[('no', 'Sandsvågen')]"
utility_to_osm - ERROR - ssr:stedsnr = 1064454. No positions found, skipping
utility_to_osm - WARNING - ssr:stedsnr = 1064456: No priority spelling found for lang = no, using alt_name to get "[('no', 'Kongsvollen')]"
utility_to_osm - ERROR - ssr:stedsnr = 1064456. No positions found, skipping
utility_to_osm - WARNING - ssr:stedsnr = 1064457: No priority spelling found for lang = no, using alt_name to get "[('no', 'Sandsbakken')]"
utility_to_osm - ERROR - ssr:stedsnr = 1064457. No positions found, skipping
utility_to_osm - WARNING - ssr:stedsnr = 1064458: No priority spelling found for lang = no, using alt_name to get "[('no', 'Leina')]"
utility_to_osm - ERROR - ssr:stedsnr = 1064458. No positions found, skipping
utility_to_osm - WARNING - ssr:stedsnr = 1064459: No priority spelling found for lang = no, using alt_name to get "[('no', 'Haugevegen')]"
utility_to_osm - ERROR - ssr:stedsnr = 1064459. No positions found, skipping
utility_to_osm - WARNING - ssr:stedsnr = 1064461: No priority spelling found for lang = no, using alt_name to get "[('no', 'Gjerdsvikvegen')]"
utility_to_osm - ERROR - ssr:stedsnr = 1064461. No positions found, skipping
utility_to_osm - WARNING - ssr:stedsnr = 1064462: No priority spelling found for lang = no, using alt_name to get "[('no', 'Leirhola')]"
utility_to_osm - ERROR - ssr:stedsnr = 1064462. No positions found, skipping
utility_to_osm - WARNING - ssr:stedsnr = 1064463: No priority spelling found for lang = no, using alt_name to get "[('no', 'Gotevegen')]"
utility_to_osm - ERROR - ssr:stedsnr = 1064463. No positions found, skipping
utility_to_osm - WARNING - ssr:stedsnr = 1064464: No priority spelling found for lang = no, using alt_name to get "[('no', 'Goteneset')]"
utility_to_osm - ERROR - ssr:stedsnr = 1064464. No positions found, skipping
utility_to_osm - WARNING - ssr:stedsnr = 1064465: No priority spelling found for lang = no, using alt_name to get "[('no', 'Hidsvegen')]"
utility_to_osm - ERROR - ssr:stedsnr = 1064465. No positions found, skipping
utility_to_osm - WARNING - ssr:stedsnr = 1064467: No priority spelling found for lang = no, using alt_name to get "[('no', 'Brungot')]"
utility_to_osm - WARNING - ssr:stedsnr = 1064468: No priority spelling found for lang = no, using alt_name to get "[('no', 'Hauen')]"
utility_to_osm - WARNING - ssr:stedsnr = 1064469: No priority spelling found for lang = no, using alt_name to get "[('no', 'Øvre Bakkane')]"
utility_to_osm - ERROR - ssr:stedsnr = 1064469. No positions found, skipping
utility_to_osm - WARNING - ssr:stedsnr = 1064470: No priority spelling found for lang = no, using alt_name to get "[('no', 'Nedre Bakkane')]"
utility_to_osm - ERROR - ssr:stedsnr = 1064470. No positions found, skipping
utility_to_osm - WARNING - ssr:stedsnr = 1064471: No priority spelling found for lang = no, using alt_name to get "[('no', 'Dekkeringen')]"
utility_to_osm - ERROR - ssr:stedsnr = 1064471. No positions found, skipping
utility_to_osm - WARNING - ssr:stedsnr = 1064472: No priority spelling found for lang = no, using alt_name to get "[('no', 'Øvre Dekkene')]"
utility_to_osm - ERROR - ssr:stedsnr = 1064472. No positions found, skipping
utility_to_osm - WARNING - ssr:stedsnr = 1064473: No priority spelling found for lang = no, using alt_name to get "[('no', 'Indre Rågot')]"
utility_to_osm - ERROR - ssr:stedsnr = 1064473. No positions found, skipping
utility_to_osm - WARNING - ssr:stedsnr = 1064474: No priority spelling found for lang = no, using alt_name to get "[('no', 'Ytre Rågot')]"
utility_to_osm - ERROR - ssr:stedsnr = 1064474. No positions found, skipping
utility_to_osm - WARNING - ssr:stedsnr = 1064475: No priority spelling found for lang = no, using alt_name to get "[('no', 'Risevegen')]"
utility_to_osm - ERROR - ssr:stedsnr = 1064475. No positions found, skipping
utility_to_osm - WARNING - ssr:stedsnr = 1064476: No priority spelling found for lang = no, using alt_name to get "[('no', 'Dekkevegen')]"
utility_to_osm - ERROR - ssr:stedsnr = 1064476. No positions found, skipping
utility_to_osm - WARNING - ssr:stedsnr = 1064477: No priority spelling found for lang = no, using alt_name to get "[('no', 'Moljevegen')]"
utility_to_osm - ERROR - ssr:stedsnr = 1064477. No positions found, skipping
utility_to_osm - WARNING - ssr:stedsnr = 1064478: No priority spelling found for lang = no, using alt_name to get "[('no', 'Legura')]"
utility_to_osm - ERROR - ssr:stedsnr = 1064478. No positions found, skipping
utility_to_osm - WARNING - ssr:stedsnr = 1064479: No priority spelling found for lang = no, using alt_name to get "[('no', 'Gyljane')]"
utility_to_osm - ERROR - ssr:stedsnr = 1064479. No positions found, skipping
utility_to_osm - WARNING - ssr:stedsnr = 1064481: No priority spelling found for lang = no, using alt_name to get "[('no', 'Rågot')]"
utility_to_osm - ERROR - ssr:stedsnr = 1064481. No positions found, skipping
utility_to_osm - WARNING - ssr:stedsnr = 1064482: No priority spelling found for lang = no, using alt_name to get "[('no', 'Sædalsvegen')]"
utility_to_osm - ERROR - ssr:stedsnr = 1064482. No positions found, skipping
utility_to_osm - WARNING - ssr:stedsnr = 1064483: No priority spelling found for lang = no, using alt_name to get "[('no', 'Myrane')]"
utility_to_osm - ERROR - ssr:stedsnr = 1064483. No positions found, skipping
utility_to_osm - WARNING - ssr:stedsnr = 1064484: No priority spelling found for lang = no, using alt_name to get "[('no', 'Vågen')]"
utility_to_osm - ERROR - ssr:stedsnr = 1064484. No positions found, skipping
utility_to_osm - WARNING - ssr:stedsnr = 1064485: No priority spelling found for lang = no, using alt_name to get "[('no', 'Brekkane')]"
utility_to_osm - ERROR - ssr:stedsnr = 1064485. No positions found, skipping
utility_to_osm - WARNING - ssr:stedsnr = 1064372: No priority spelling found for lang = no, using alt_name to get "[('no', 'Kvamsbakken')]"
utility_to_osm - ERROR - ssr:stedsnr = 1064372. No positions found, skipping
utility_to_osm - WARNING - ssr:stedsnr = 1064373: No priority spelling found for lang = no, using alt_name to get "[('no', 'Hatlebrekke')]"
utility_to_osm - ERROR - ssr:stedsnr = 1064373. No positions found, skipping
utility_to_osm - WARNING - ssr:stedsnr = 1064374: No priority spelling found for lang = no, using alt_name to get "[('no', 'Myrdalen')]"
utility_to_osm - ERROR - ssr:stedsnr = 1064374. No positions found, skipping
utility_to_osm - WARNING - ssr:stedsnr = 1064375: No priority spelling found for lang = no, using alt_name to get "[('no', 'Hamna')]"
utility_to_osm - ERROR - ssr:stedsnr = 1064375. No positions found, skipping
utility_to_osm - WARNING - ssr:stedsnr = 1064390: No priority spelling found for lang = no, using alt_name to get "[('no', 'Kvalen')]"
utility_to_osm - ERROR - ssr:stedsnr = 1064390. No positions found, skipping
utility_to_osm - WARNING - ssr:stedsnr = 1064391: No priority spelling found for lang = no, using alt_name to get "[('no', 'Dalen')]"
utility_to_osm - ERROR - ssr:stedsnr = 1064391. No positions found, skipping
utility_to_osm - WARNING - ssr:stedsnr = 1064392: No priority spelling found for lang = no, using alt_name to get "[('no', 'Gjerdehøgda')]"
utility_to_osm - ERROR - ssr:stedsnr = 1064392. No positions found, skipping
utility_to_osm - WARNING - ssr:stedsnr = 1064393: No priority spelling found for lang = no, using alt_name to get "[('no', 'Rønnebergplassen')]"
utility_to_osm - ERROR - ssr:stedsnr = 1064393. No positions found, skipping
utility_to_osm - WARNING - ssr:stedsnr = 1064395: No priority spelling found for lang = no, using alt_name to get "[('no', 'Råkja')]"
utility_to_osm - ERROR - ssr:stedsnr = 1064395. No positions found, skipping
utility_to_osm - WARNING - ssr:stedsnr = 1064397: No priority spelling found for lang = no, using alt_name to get "[('no', 'Elvebakken')]"
utility_to_osm - ERROR - ssr:stedsnr = 1064397. No positions found, skipping
utility_to_osm - WARNING - ssr:stedsnr = 1064398: No priority spelling found for lang = no, using alt_name to get "[('no', 'Prestegardsvegen')]"
utility_to_osm - ERROR - ssr:stedsnr = 1064398. No positions found, skipping
utility_to_osm - WARNING - ssr:stedsnr = 1064399: No priority spelling found for lang = no, using alt_name to get "[('no', 'Vasstranda')]"
utility_to_osm - ERROR - ssr:stedsnr = 1064399. No positions found, skipping
utility_to_osm - WARNING - ssr:stedsnr = 1064400: No priority spelling found for lang = no, using alt_name to get "[('no', 'Skredestranda')]"
utility_to_osm - ERROR - ssr:stedsnr = 1064400. No positions found, skipping
utility_to_osm - WARNING - ssr:stedsnr = 1064401: No priority spelling found for lang = no, using alt_name to get "[('no', 'Larsnesvegen')]"
utility_to_osm - ERROR - ssr:stedsnr = 1064401. No positions found, skipping
utility_to_osm - WARNING - ssr:stedsnr = 1064402: No priority spelling found for lang = no, using alt_name to get "[('no', 'Sandvikstranda')]"
utility_to_osm - ERROR - ssr:stedsnr = 1064402. No positions found, skipping
utility_to_osm - WARNING - ssr:stedsnr = 1064403: No priority spelling found for lang = no, using alt_name to get "[('no', 'Drageskaret')]"
utility_to_osm - ERROR - ssr:stedsnr = 1064403. No positions found, skipping
utility_to_osm - WARNING - ssr:stedsnr = 1064404: No priority spelling found for lang = no, using alt_name to get "[('no', 'Grønnevika')]"
utility_to_osm - ERROR - ssr:stedsnr = 1064404. No positions found, skipping
utility_to_osm - WARNING - ssr:stedsnr = 1064405: No priority spelling found for lang = no, using alt_name to get "[('no', 'Breivikneset')]"
utility_to_osm - ERROR - ssr:stedsnr = 1064405. No positions found, skipping
utility_to_osm - WARNING - ssr:stedsnr = 1064406: No priority spelling found for lang = no, using alt_name to get "[('no', 'Breivika')]"
utility_to_osm - ERROR - ssr:stedsnr = 1064406. No positions found, skipping
utility_to_osm - WARNING - ssr:stedsnr = 1064407: No priority spelling found for lang = no, using alt_name to get "[('no', 'Rustene')]"
utility_to_osm - ERROR - ssr:stedsnr = 1064407. No positions found, skipping
utility_to_osm - WARNING - ssr:stedsnr = 1064409: No priority spelling found for lang = no, using alt_name to get "[('no', 'Steingardsvegen')]"
utility_to_osm - ERROR - ssr:stedsnr = 1064409. No positions found, skipping
utility_to_osm - WARNING - ssr:stedsnr = 1064410: No priority spelling found for lang = no, using alt_name to get "[('no', 'Borghildvegen')]"
utility_to_osm - ERROR - ssr:stedsnr = 1064410. No positions found, skipping
utility_to_osm - WARNING - ssr:stedsnr = 1064411: No priority spelling found for lang = no, using alt_name to get "[('no', 'Nygardsvegen')]"
utility_to_osm - ERROR - ssr:stedsnr = 1064411. No positions found, skipping
utility_to_osm - WARNING - ssr:stedsnr = 1064413: No priority spelling found for lang = no, using alt_name to get "[('no', 'Legevegen')]"
utility_to_osm - ERROR - ssr:stedsnr = 1064413. No positions found, skipping
utility_to_osm - WARNING - ssr:stedsnr = 1064414: No priority spelling found for lang = no, using alt_name to get "[('no', 'Smalebakken')]"
utility_to_osm - ERROR - ssr:stedsnr = 1064414. No positions found, skipping
utility_to_osm - WARNING - ssr:stedsnr = 1064415: No priority spelling found for lang = no, using alt_name to get "[('no', 'Liset')]"
utility_to_osm - ERROR - ssr:stedsnr = 1064415. No positions found, skipping
utility_to_osm - WARNING - ssr:stedsnr = 1064416: No priority spelling found for lang = no, using alt_name to get "[('no', 'Nygarden')]"
utility_to_osm - WARNING - ssr:stedsnr = 1064417: No priority spelling found for lang = no, using alt_name to get "[('no', 'Tinghaugvegen')]"
utility_to_osm - ERROR - ssr:stedsnr = 1064417. No positions found, skipping
utility_to_osm - WARNING - ssr:stedsnr = 1064418: No priority spelling found for lang = no, using alt_name to get "[('no', 'Hallebygda')]"
utility_to_osm - ERROR - ssr:stedsnr = 1064418. No positions found, skipping
utility_to_osm - WARNING - ssr:stedsnr = 1064419: No priority spelling found for lang = no, using alt_name to get "[('no', 'Bjørkevegen')]"
utility_to_osm - ERROR - ssr:stedsnr = 1064419. No positions found, skipping
utility_to_osm - WARNING - ssr:stedsnr = 1064420: No priority spelling found for lang = no, using alt_name to get "[('no', 'Storehaugen')]"
utility_to_osm - ERROR - ssr:stedsnr = 1064420. No positions found, skipping
utility_to_osm - WARNING - ssr:stedsnr = 1064421: No priority spelling found for lang = no, using alt_name to get "[('no', 'Haugen')]"
utility_to_osm - ERROR - ssr:stedsnr = 1064421. No positions found, skipping
utility_to_osm - WARNING - ssr:stedsnr = 1064422: No priority spelling found for lang = no, using alt_name to get "[('no', 'Lyngen')]"
utility_to_osm - ERROR - ssr:stedsnr = 1064422. No positions found, skipping
utility_to_osm - WARNING - ssr:stedsnr = 1064423: No priority spelling found for lang = no, using alt_name to get "[('no', 'Legene')]"
utility_to_osm - ERROR - ssr:stedsnr = 1064423. No positions found, skipping
utility_to_osm - WARNING - ssr:stedsnr = 1064424: No priority spelling found for lang = no, using alt_name to get "[('no', 'Nedre Hallelia')]"
utility_to_osm - ERROR - ssr:stedsnr = 1064424. No positions found, skipping
utility_to_osm - WARNING - ssr:stedsnr = 1064425: No priority spelling found for lang = no, using alt_name to get "[('no', 'Tippen')]"
utility_to_osm - ERROR - ssr:stedsnr = 1064425. No positions found, skipping
utility_to_osm - WARNING - ssr:stedsnr = 1064426: No priority spelling found for lang = no, using alt_name to get "[('no', 'Voren')]"
utility_to_osm - ERROR - ssr:stedsnr = 1064426. No positions found, skipping
utility_to_osm - WARNING - ssr:stedsnr = 1064427: No priority spelling found for lang = no, using alt_name to get "[('no', 'Myrevegen')]"
utility_to_osm - ERROR - ssr:stedsnr = 1064427. No positions found, skipping
utility_to_osm - WARNING - ssr:stedsnr = 1064428: No priority spelling found for lang = no, using alt_name to get "[('no', 'Voksa')]"
utility_to_osm - ERROR - ssr:stedsnr = 1064428. No positions found, skipping
utility_to_osm - WARNING - ssr:stedsnr = 1064429: No priority spelling found for lang = no, using alt_name to get "[('no', 'Voksevegen')]"
utility_to_osm - ERROR - ssr:stedsnr = 1064429. No positions found, skipping
utility_to_osm - WARNING - ssr:stedsnr = 1064430: No priority spelling found for lang = no, using alt_name to get "[('no', 'Bringsvorvegen')]"
utility_to_osm - ERROR - ssr:stedsnr = 1064430. No positions found, skipping
utility_to_osm - WARNING - ssr:stedsnr = 1064431: No priority spelling found for lang = no, using alt_name to get "[('no', 'Støyle')]"
utility_to_osm - ERROR - ssr:stedsnr = 1064431. No positions found, skipping
utility_to_osm - WARNING - ssr:stedsnr = 1064432: No priority spelling found for lang = no, using alt_name to get "[('no', 'Strømsnes')]"
utility_to_osm - ERROR - ssr:stedsnr = 1064432. No positions found, skipping
utility_to_osm - WARNING - ssr:stedsnr = 1064433: No priority spelling found for lang = no, using alt_name to get "[('no', 'Fløda')]"
utility_to_osm - ERROR - ssr:stedsnr = 1064433. No positions found, skipping
utility_to_osm - WARNING - ssr:stedsnr = 1064434: No priority spelling found for lang = no, using alt_name to get "[('no', 'Kvennhusdalen')]"
utility_to_osm - ERROR - ssr:stedsnr = 1064434. No positions found, skipping
utility_to_osm - WARNING - ssr:stedsnr = 1064435: No priority spelling found for lang = no, using alt_name to get "[('no', 'Legebakken')]"
utility_to_osm - WARNING - ssr:stedsnr = 1064486: No priority spelling found for lang = no, using alt_name to get "[('no', 'Myklebust')]"
utility_to_osm - ERROR - ssr:stedsnr = 1064486. No positions found, skipping
utility_to_osm - WARNING - ssr:stedsnr = 1064487: No priority spelling found for lang = no, using alt_name to get "[('no', 'Sætre')]"
utility_to_osm - ERROR - ssr:stedsnr = 1064487. No positions found, skipping
utility_to_osm - WARNING - ssr:stedsnr = 1064488: No priority spelling found for lang = no, using alt_name to get "[('no', 'Sjølyst')]"
utility_to_osm - ERROR - ssr:stedsnr = 1064488. No positions found, skipping
utility_to_osm - WARNING - ssr:stedsnr = 1064489: No priority spelling found for lang = no, using alt_name to get "[('no', 'Øvre knotten')]"
utility_to_osm - ERROR - ssr:stedsnr = 1064489. No positions found, skipping
utility_to_osm - WARNING - ssr:stedsnr = 1064491: No priority spelling found for lang = no, using alt_name to get "[('no', 'Knotten')]"
utility_to_osm - ERROR - ssr:stedsnr = 1064491. No positions found, skipping
utility_to_osm - WARNING - ssr:stedsnr = 1064492: No priority spelling found for lang = no, using alt_name to get "[('no', 'Gurskedalen')]"
utility_to_osm - ERROR - ssr:stedsnr = 1064492. No positions found, skipping
utility_to_osm - WARNING - ssr:stedsnr = 1064493: No priority spelling found for lang = no, using alt_name to get "[('no', 'Røyset')]"
utility_to_osm - ERROR - ssr:stedsnr = 1064493. No positions found, skipping
utility_to_osm - WARNING - ssr:stedsnr = 1064494: No priority spelling found for lang = no, using alt_name to get "[('no', 'Gurskevegen')]"
utility_to_osm - ERROR - ssr:stedsnr = 1064494. No positions found, skipping
utility_to_osm - WARNING - ssr:stedsnr = 1064495: No priority spelling found for lang = no, using alt_name to get "[('no', 'Øvre Risevegen')]"
utility_to_osm - ERROR - ssr:stedsnr = 1064495. No positions found, skipping
utility_to_osm - WARNING - ssr:stedsnr = 1064496: No priority spelling found for lang = no, using alt_name to get "[('no', 'Haugsbygda')]"
utility_to_osm - ERROR - ssr:stedsnr = 1064496. No positions found, skipping
utility_to_osm - WARNING - ssr:stedsnr = 1064497: No priority spelling found for lang = no, using alt_name to get "[('no', 'Haugelia')]"
utility_to_osm - ERROR - ssr:stedsnr = 1064497. No positions found, skipping
utility_to_osm - WARNING - ssr:stedsnr = 1064498: No priority spelling found for lang = no, using alt_name to get "[('no', 'Sørengarden')]"
utility_to_osm - ERROR - ssr:stedsnr = 1064498. No positions found, skipping
utility_to_osm - WARNING - ssr:stedsnr = 1064499: No priority spelling found for lang = no, using alt_name to get "[('no', 'Budavegen')]"
utility_to_osm - ERROR - ssr:stedsnr = 1064499. No positions found, skipping
utility_to_osm - WARNING - ssr:stedsnr = 1064500: No priority spelling found for lang = no, using alt_name to get "[('no', 'Almestad')]"
utility_to_osm - ERROR - ssr:stedsnr = 1064500. No positions found, skipping
utility_to_osm - WARNING - ssr:stedsnr = 1064501: No priority spelling found for lang = no, using alt_name to get "[('no', 'Holtane')]"
utility_to_osm - ERROR - ssr:stedsnr = 1064501. No positions found, skipping
utility_to_osm - WARNING - ssr:stedsnr = 1064502: No priority spelling found for lang = no, using alt_name to get "[('no', 'Skogsvegen')]"
utility_to_osm - ERROR - ssr:stedsnr = 1064502. No positions found, skipping
utility_to_osm - WARNING - ssr:stedsnr = 1064503: No priority spelling found for lang = no, using alt_name to get "[('no', 'Gustavvegen')]"
utility_to_osm - ERROR - ssr:stedsnr = 1064503. No positions found, skipping
utility_to_osm - WARNING - ssr:stedsnr = 1064504: No priority spelling found for lang = no, using alt_name to get "[('no', 'Aurvoll')]"
utility_to_osm - ERROR - ssr:stedsnr = 1064504. No positions found, skipping
utility_to_osm - WARNING - ssr:stedsnr = 1064505: No priority spelling found for lang = no, using alt_name to get "[('no', 'Sandvika')]"
utility_to_osm - ERROR - ssr:stedsnr = 1064505. No positions found, skipping
utility_to_osm - WARNING - ssr:stedsnr = 1064506: No priority spelling found for lang = no, using alt_name to get "[('no', 'Saure')]"
utility_to_osm - ERROR - ssr:stedsnr = 1064506. No positions found, skipping
utility_to_osm - WARNING - ssr:stedsnr = 1064507: No priority spelling found for lang = no, using alt_name to get "[('no', 'Kjelsvika')]"
utility_to_osm - ERROR - ssr:stedsnr = 1064507. No positions found, skipping
utility_to_osm - WARNING - ssr:stedsnr = 1064508: No priority spelling found for lang = no, using alt_name to get "[('no', 'Høgestien')]"
utility_to_osm - ERROR - ssr:stedsnr = 1064508. No positions found, skipping
utility_to_osm - WARNING - ssr:stedsnr = 1064509: No priority spelling found for lang = no, using alt_name to get "[('no', 'Sandvikmyrane')]"
utility_to_osm - ERROR - ssr:stedsnr = 1064509. No positions found, skipping
utility_to_osm - WARNING - ssr:stedsnr = 1064510: No priority spelling found for lang = no, using alt_name to get "[('no', 'Instegardsfjøra')]"
utility_to_osm - ERROR - ssr:stedsnr = 1064510. No positions found, skipping
utility_to_osm - WARNING - ssr:stedsnr = 1064511: No priority spelling found for lang = no, using alt_name to get "[('no', 'Storeskjeret')]"
utility_to_osm - ERROR - ssr:stedsnr = 1064511. No positions found, skipping
utility_to_osm - WARNING - ssr:stedsnr = 1064512: No priority spelling found for lang = no, using alt_name to get "[('no', 'Haugselva')]"
utility_to_osm - ERROR - ssr:stedsnr = 1064512. No positions found, skipping
utility_to_osm - WARNING - ssr:stedsnr = 1064513: No priority spelling found for lang = no, using alt_name to get "[('no', 'Joskogen')]"
utility_to_osm - ERROR - ssr:stedsnr = 1064513. No positions found, skipping
utility_to_osm - WARNING - ssr:stedsnr = 1064514: No priority spelling found for lang = no, using alt_name to get "[('no', 'Aretua')]"
utility_to_osm - ERROR - ssr:stedsnr = 1064514. No positions found, skipping
utility_to_osm - WARNING - ssr:stedsnr = 1064515: No priority spelling found for lang = no, using alt_name to get "[('no', 'Kilda')]"
utility_to_osm - ERROR - ssr:stedsnr = 1064515. No positions found, skipping
utility_to_osm - WARNING - ssr:stedsnr = 1073508: No priority spelling found for lang = no, using alt_name to get "[('no', 'Sjukeheimsvegen')]"
