utility_to_osm - WARNING - ssr:stedsnr = 231449 has multiple (2) positions, using the first one!
utility_to_osm - WARNING - ssr:stedsnr = 9892: No priority spelling found for lang = no, using alt_name to get "[('no', 'Ådalssvea')]"
utility_to_osm - WARNING - ssr:stedsnr = 9899: No priority spelling found for lang = no, using alt_name to get "[('no', 'Torelykkja')]"
utility_to_osm - WARNING - ssr:stedsnr = 9899 has multiple (2) positions, using the first one!
utility_to_osm - WARNING - ssr:stedsnr = 9740 has multiple (2) positions, using the first one!
utility_to_osm - WARNING - ssr:stedsnr = 9743: No priority spelling found for lang = no, using alt_name to get "[('no', 'Hovin')]"
utility_to_osm - WARNING - ssr:stedsnr = 40308: No priority spelling found for lang = no, using alt_name to get "[('no', 'Røya')]"
utility_to_osm - ERROR - ssr:stedsnr = 40308. No positions found, skipping
utility_to_osm - ERROR - ssr:stedsnr = 46677. No positions found, skipping
utility_to_osm - WARNING - ssr:stedsnr = 57822: No priority spelling found for lang = no, using alt_name to get "[('no', 'Klevbakken')]"
utility_to_osm - ERROR - ssr:stedsnr = 57822. No positions found, skipping
utility_to_osm - ERROR - ssr:stedsnr = 57825. No positions found, skipping
utility_to_osm - ERROR - ssr:stedsnr = 57879. No positions found, skipping
utility_to_osm - WARNING - ssr:stedsnr = 242022: No priority spelling found for lang = no, using alt_name to get "[('no', 'Svea')]"
utility_to_osm - WARNING - ssr:stedsnr = 68484: No priority spelling found for lang = no, using alt_name to get "[('no', 'Totberget')]"
utility_to_osm - WARNING - ssr:stedsnr = 70626: No priority spelling found for lang = no, using alt_name to get "[('no', 'Smedstad')]"
utility_to_osm - WARNING - ssr:stedsnr = 70626 has multiple (2) positions, using the first one!
utility_to_osm - WARNING - ssr:stedsnr = 70892 has multiple (2) positions, using the first one!
utility_to_osm - WARNING - ssr:stedsnr = 99164: No priority spelling found for lang = no, using alt_name to get "[('no', 'Orrhanatjenna')]"
utility_to_osm - WARNING - ssr:stedsnr = 249280: No priority spelling found for lang = no, using alt_name to get "[('no', 'Stensåsstua')]"
utility_to_osm - WARNING - ssr:stedsnr = 250266 has multiple (2) positions, using the first one!
utility_to_osm - ERROR - ssr:stedsnr = 118777. No positions found, skipping
utility_to_osm - WARNING - ssr:stedsnr = 251616 has multiple (2) positions, using the first one!
utility_to_osm - WARNING - ssr:stedsnr = 251617: No priority spelling found for lang = no, using alt_name to get "[('no', 'Kakkhella')]"
utility_to_osm - WARNING - ssr:stedsnr = 251617 has multiple (10) positions, using the first one!
utility_to_osm - WARNING - ssr:stedsnr = 251622 has multiple (2) positions, using the first one!
utility_to_osm - WARNING - ssr:stedsnr = 251646: No priority spelling found for lang = no, using alt_name to get "[('no', 'Værelsvolla')]"
utility_to_osm - WARNING - ssr:stedsnr = 252313 has multiple (2) positions, using the first one!
utility_to_osm - WARNING - ssr:stedsnr = 252549: No priority spelling found for lang = no, using alt_name to get "[('no', 'Svaen')]"
utility_to_osm - WARNING - ssr:stedsnr = 252549 has multiple (2) positions, using the first one!
utility_to_osm - WARNING - ssr:stedsnr = 130322 has multiple (2) positions, using the first one!
utility_to_osm - WARNING - ssr:stedsnr = 130506 has multiple (3) positions, using the first one!
utility_to_osm - WARNING - ssr:stedsnr = 130831: No priority spelling found for lang = no, using alt_name to get "[('no', 'Finnstadsvea')]"
utility_to_osm - WARNING - ssr:stedsnr = 130831 has multiple (2) positions, using the first one!
utility_to_osm - WARNING - ssr:stedsnr = 130874 has multiple (2) positions, using the first one!
utility_to_osm - WARNING - ssr:stedsnr = 252595: No priority spelling found for lang = no, using alt_name to get "[('no', 'Løbakk')]"
utility_to_osm - WARNING - ssr:stedsnr = 131607 has multiple (3) positions, using the first one!
utility_to_osm - WARNING - ssr:stedsnr = 252648: No priority spelling found for lang = no, using alt_name to get "[('no', 'Slagsvea')]"
utility_to_osm - WARNING - ssr:stedsnr = 252820: No priority spelling found for lang = no, using alt_name to get "[('no', 'Korilstad')]"
utility_to_osm - WARNING - ssr:stedsnr = 252853: No priority spelling found for lang = no, using alt_name to get "[('no', 'Bekkenga')]"
utility_to_osm - WARNING - ssr:stedsnr = 252869: No priority spelling found for lang = no, using alt_name to get "[('no', 'Klæpa bruk')]"
utility_to_osm - ERROR - ssr:stedsnr = 163318. No positions found, skipping
utility_to_osm - ERROR - ssr:stedsnr = 163322. No positions found, skipping
utility_to_osm - ERROR - ssr:stedsnr = 177021. No positions found, skipping
utility_to_osm - WARNING - ssr:stedsnr = 178812: No priority spelling found for lang = no, using alt_name to get "[('no', 'Gudbrand Akers veg')]"
utility_to_osm - ERROR - ssr:stedsnr = 178812. No positions found, skipping
utility_to_osm - WARNING - ssr:stedsnr = 189274: No priority spelling found for lang = no, using alt_name to get "[('no', 'Vellumstadbråten')]"
utility_to_osm - WARNING - ssr:stedsnr = 263160: No priority spelling found for lang = no, using alt_name to get "[('no', 'Doksrudsætra')]"
utility_to_osm - WARNING - ssr:stedsnr = 263160 has multiple (2) positions, using the first one!
utility_to_osm - WARNING - ssr:stedsnr = 263325: No priority spelling found for lang = no, using alt_name to get "[('no', 'Yksnsjøen')]"
utility_to_osm - WARNING - ssr:stedsnr = 191800: No priority spelling found for lang = no, using alt_name to get "[('no', 'Skøyen')]"
utility_to_osm - WARNING - ssr:stedsnr = 494776: No priority spelling found for lang = no, using alt_name to get "[('no', 'Øgrøholt')]"
utility_to_osm - WARNING - ssr:stedsnr = 237236: No priority spelling found for lang = no, using alt_name to get "[('no', 'Elgen')]"
utility_to_osm - ERROR - ssr:stedsnr = 237236. No positions found, skipping
utility_to_osm - WARNING - ssr:stedsnr = 237237: No priority spelling found for lang = no, using alt_name to get "[('no', 'Gaupa')]"
utility_to_osm - ERROR - ssr:stedsnr = 237237. No positions found, skipping
utility_to_osm - ERROR - ssr:stedsnr = 239819. No positions found, skipping
utility_to_osm - WARNING - ssr:stedsnr = 252928 has multiple (4) positions, using the first one!
utility_to_osm - ERROR - ssr:stedsnr = 301277. No positions found, skipping
utility_to_osm - WARNING - ssr:stedsnr = 303835: No priority spelling found for lang = no, using alt_name to get "[('no', 'Sveen Vestre')]"
utility_to_osm - ERROR - ssr:stedsnr = 464327. No positions found, skipping
utility_to_osm - WARNING - ssr:stedsnr = 464329: No priority spelling found for lang = no, using alt_name to get "[('no', 'Magnhild Landheims veg')]"
utility_to_osm - ERROR - ssr:stedsnr = 464329. No positions found, skipping
utility_to_osm - WARNING - ssr:stedsnr = 465301: No priority spelling found for lang = no, using alt_name to get "[('no', 'Nattergalen')]"
utility_to_osm - ERROR - ssr:stedsnr = 465301. No positions found, skipping
utility_to_osm - WARNING - ssr:stedsnr = 312413 has multiple (2) positions, using the first one!
utility_to_osm - WARNING - ssr:stedsnr = 312320 has multiple (3) positions, using the first one!
utility_to_osm - WARNING - ssr:stedsnr = 312616 has multiple (2) positions, using the first one!
utility_to_osm - WARNING - ssr:stedsnr = 313665 has multiple (2) positions, using the first one!
utility_to_osm - WARNING - ssr:stedsnr = 313805: No priority spelling found for lang = no, using alt_name to get "[('no', 'Kroksti')]"
utility_to_osm - WARNING - ssr:stedsnr = 313910: No priority spelling found for lang = no, using alt_name to get "[('no', 'Englaug')]"
utility_to_osm - WARNING - ssr:stedsnr = 313913: No priority spelling found for lang = no, using alt_name to get "[('no', 'Vollmo')]"
utility_to_osm - WARNING - ssr:stedsnr = 470599 has multiple (2) positions, using the first one!
utility_to_osm - ERROR - ssr:stedsnr = 343296. No positions found, skipping
utility_to_osm - WARNING - ssr:stedsnr = 344957 has multiple (2) positions, using the first one!
utility_to_osm - ERROR - ssr:stedsnr = 349664. No positions found, skipping
utility_to_osm - WARNING - ssr:stedsnr = 351969 has multiple (2) positions, using the first one!
utility_to_osm - WARNING - ssr:stedsnr = 358253: No priority spelling found for lang = no, using alt_name to get "[('no', 'Jerven')]"
utility_to_osm - ERROR - ssr:stedsnr = 358253. No positions found, skipping
utility_to_osm - WARNING - ssr:stedsnr = 358255: No priority spelling found for lang = no, using alt_name to get "[('no', 'Nordlyset')]"
utility_to_osm - ERROR - ssr:stedsnr = 358255. No positions found, skipping
utility_to_osm - WARNING - ssr:stedsnr = 358259: No priority spelling found for lang = no, using alt_name to get "[('no', 'Nøtteskrika')]"
utility_to_osm - ERROR - ssr:stedsnr = 358259. No positions found, skipping
utility_to_osm - WARNING - ssr:stedsnr = 373346 has multiple (2) positions, using the first one!
utility_to_osm - WARNING - ssr:stedsnr = 373604: No priority spelling found for lang = no, using alt_name to get "[('no', 'Øysætra')]"
utility_to_osm - WARNING - ssr:stedsnr = 373819 has multiple (4) positions, using the first one!
utility_to_osm - WARNING - ssr:stedsnr = 373918: No priority spelling found for lang = no, using alt_name to get "[('no', 'Kollset')]"
utility_to_osm - WARNING - ssr:stedsnr = 373958: No priority spelling found for lang = no, using alt_name to get "[('no', 'Grønsvea')]"
utility_to_osm - ERROR - ssr:stedsnr = 480036. No positions found, skipping
utility_to_osm - WARNING - ssr:stedsnr = 480229: No priority spelling found for lang = no, using alt_name to get "[('no', 'Nattravnen')]"
utility_to_osm - ERROR - ssr:stedsnr = 480229. No positions found, skipping
utility_to_osm - WARNING - ssr:stedsnr = 480234: No priority spelling found for lang = no, using alt_name to get "[('no', 'Lavskrika')]"
utility_to_osm - ERROR - ssr:stedsnr = 480234. No positions found, skipping
utility_to_osm - WARNING - ssr:stedsnr = 384450: No priority spelling found for lang = no, using alt_name to get "[('no', 'Hedmarken')]"
utility_to_osm - WARNING - ssr:stedsnr = 384450 has multiple (2) positions, using the first one!
utility_to_osm - WARNING - ssr:stedsnr = 494882: No priority spelling found for lang = no, using alt_name to get "[('no', 'Haukstad')]"
utility_to_osm - WARNING - ssr:stedsnr = 406353: No priority spelling found for lang = no, using alt_name to get "[('no', 'Engemogutua')]"
utility_to_osm - ERROR - ssr:stedsnr = 406353. No positions found, skipping
utility_to_osm - WARNING - ssr:stedsnr = 413504 has multiple (2) positions, using the first one!
utility_to_osm - ERROR - ssr:stedsnr = 419443. No positions found, skipping
utility_to_osm - WARNING - ssr:stedsnr = 419444: No priority spelling found for lang = no, using alt_name to get "[('no', 'Spangenvegen')]"
utility_to_osm - ERROR - ssr:stedsnr = 419444. No positions found, skipping
utility_to_osm - WARNING - ssr:stedsnr = 421828: No priority spelling found for lang = no, using alt_name to get "[('no', 'Soplimkroken')]"
utility_to_osm - ERROR - ssr:stedsnr = 421828. No positions found, skipping
utility_to_osm - WARNING - ssr:stedsnr = 434329: No priority spelling found for lang = no, using alt_name to get "[('no', 'Sagen')]"
utility_to_osm - WARNING - ssr:stedsnr = 434329 has multiple (2) positions, using the first one!
utility_to_osm - WARNING - ssr:stedsnr = 494509 has multiple (3) positions, using the first one!
utility_to_osm - WARNING - ssr:stedsnr = 494586 has multiple (2) positions, using the first one!
utility_to_osm - WARNING - ssr:stedsnr = 494601: No priority spelling found for lang = no, using alt_name to get "[('no', 'Rødmoen')]"
utility_to_osm - ERROR - ssr:stedsnr = 494614: Adding multiple names to name tag, this is not OK! name = "Karlsmyra;Karlstad"
utility_to_osm - WARNING - ssr:stedsnr = 494650: No priority spelling found for lang = no, using alt_name to get "[('no', 'Brennholsslåtten')]"
utility_to_osm - WARNING - ssr:stedsnr = 494825: No priority spelling found for lang = no, using alt_name to get "[('no', 'Hølingstad')]"
utility_to_osm - WARNING - ssr:stedsnr = 674292 has multiple (2) positions, using the first one!
utility_to_osm - WARNING - ssr:stedsnr = 674423: No priority spelling found for lang = no, using alt_name to get "[('no', 'Dyrgåstjennet')]"
utility_to_osm - WARNING - ssr:stedsnr = 674739: No priority spelling found for lang = no, using alt_name to get "[('no', 'Gjetholmsjøen')]"
utility_to_osm - WARNING - ssr:stedsnr = 466381: No priority spelling found for lang = no, using alt_name to get "[('no', 'Østrovegen')]"
utility_to_osm - ERROR - ssr:stedsnr = 466381. No positions found, skipping
utility_to_osm - ERROR - ssr:stedsnr = 676267: Adding multiple names to name tag, this is not OK! name = "Gardsmyrbekken;Haverbekkbekken"
utility_to_osm - WARNING - ssr:stedsnr = 676267 has multiple (3) positions, using the first one!
utility_to_osm - WARNING - ssr:stedsnr = 473717 has multiple (2) positions, using the first one!
utility_to_osm - WARNING - ssr:stedsnr = 677887 has multiple (2) positions, using the first one!
utility_to_osm - WARNING - ssr:stedsnr = 677893: No priority spelling found for lang = no, using alt_name to get "[('no', 'Hammaren')]"
utility_to_osm - WARNING - ssr:stedsnr = 677522 has multiple (3) positions, using the first one!
utility_to_osm - WARNING - ssr:stedsnr = 677655 has multiple (3) positions, using the first one!
utility_to_osm - WARNING - ssr:stedsnr = 677658: No priority spelling found for lang = no, using alt_name to get "[('no', 'Kavlediket')]"
utility_to_osm - WARNING - ssr:stedsnr = 480206: No priority spelling found for lang = no, using alt_name to get "[('no', 'Dompapen')]"
utility_to_osm - ERROR - ssr:stedsnr = 480206. No positions found, skipping
utility_to_osm - WARNING - ssr:stedsnr = 482407: No priority spelling found for lang = no, using alt_name to get "[('no', 'Kvæstadgutua')]"
utility_to_osm - ERROR - ssr:stedsnr = 482407. No positions found, skipping
utility_to_osm - ERROR - ssr:stedsnr = 482409. No positions found, skipping
utility_to_osm - ERROR - ssr:stedsnr = 494167: Adding multiple names to name tag, this is not OK! name = "Elgslemyra;Olamyra"
utility_to_osm - WARNING - ssr:stedsnr = 494167 has multiple (2) positions, using the first one!
utility_to_osm - WARNING - ssr:stedsnr = 494516 has multiple (2) positions, using the first one!
utility_to_osm - ERROR - ssr:stedsnr = 495955: Adding multiple names to name tag, this is not OK! name = "Baståsen;Grønsvekampen"
utility_to_osm - WARNING - ssr:stedsnr = 495955 has multiple (2) positions, using the first one!
utility_to_osm - WARNING - ssr:stedsnr = 525425: No priority spelling found for lang = no, using alt_name to get "[('no', 'Nordbygdvegen')]"
utility_to_osm - ERROR - ssr:stedsnr = 525425. No positions found, skipping
utility_to_osm - WARNING - ssr:stedsnr = 534423 has multiple (2) positions, using the first one!
utility_to_osm - ERROR - ssr:stedsnr = 541031. No positions found, skipping
utility_to_osm - ERROR - ssr:stedsnr = 542826. No positions found, skipping
utility_to_osm - WARNING - ssr:stedsnr = 544277: No priority spelling found for lang = no, using alt_name to get "[('no', 'Kvennvegen')]"
utility_to_osm - ERROR - ssr:stedsnr = 544277. No positions found, skipping
utility_to_osm - ERROR - ssr:stedsnr = 544304. No positions found, skipping
utility_to_osm - WARNING - ssr:stedsnr = 555505 has multiple (2) positions, using the first one!
utility_to_osm - WARNING - ssr:stedsnr = 555563 has multiple (5) positions, using the first one!
utility_to_osm - WARNING - ssr:stedsnr = 555482 has multiple (3) positions, using the first one!
utility_to_osm - WARNING - ssr:stedsnr = 555617 has multiple (11) positions, using the first one!
utility_to_osm - WARNING - ssr:stedsnr = 555711 has multiple (2) positions, using the first one!
utility_to_osm - WARNING - ssr:stedsnr = 555912: No priority spelling found for lang = no, using alt_name to get "[('no', 'Slåttsvea')]"
utility_to_osm - WARNING - ssr:stedsnr = 555943: No priority spelling found for lang = no, using alt_name to get "[('no', 'Bekkevoll')]"
utility_to_osm - WARNING - ssr:stedsnr = 555950: No priority spelling found for lang = no, using alt_name to get "[('no', 'Bekkevoll')]"
utility_to_osm - WARNING - ssr:stedsnr = 555804 has multiple (2) positions, using the first one!
utility_to_osm - WARNING - ssr:stedsnr = 555866: No priority spelling found for lang = no, using alt_name to get "[('no', 'Birkely')]"
utility_to_osm - WARNING - ssr:stedsnr = 555866 has multiple (2) positions, using the first one!
utility_to_osm - WARNING - ssr:stedsnr = 613367 has multiple (3) positions, using the first one!
utility_to_osm - WARNING - ssr:stedsnr = 615251 has multiple (4) positions, using the first one!
utility_to_osm - WARNING - ssr:stedsnr = 615725 has multiple (2) positions, using the first one!
utility_to_osm - WARNING - ssr:stedsnr = 615729: No priority spelling found for lang = no, using alt_name to get "[('no', 'Kvæstad')]"
utility_to_osm - WARNING - ssr:stedsnr = 616297: No priority spelling found for lang = no, using alt_name to get "[('no', 'Stålsætra')]"
utility_to_osm - WARNING - ssr:stedsnr = 616297 has multiple (2) positions, using the first one!
utility_to_osm - WARNING - ssr:stedsnr = 616639 has multiple (3) positions, using the first one!
utility_to_osm - WARNING - ssr:stedsnr = 646292: No priority spelling found for lang = no, using alt_name to get "[('no', 'Gjøken')]"
utility_to_osm - ERROR - ssr:stedsnr = 646292. No positions found, skipping
utility_to_osm - ERROR - ssr:stedsnr = 707338. No positions found, skipping
utility_to_osm - ERROR - ssr:stedsnr = 707342. No positions found, skipping
utility_to_osm - WARNING - ssr:stedsnr = 664816: No priority spelling found for lang = no, using alt_name to get "[('no', 'Vestbygdvegen')]"
utility_to_osm - ERROR - ssr:stedsnr = 664816. No positions found, skipping
utility_to_osm - WARNING - ssr:stedsnr = 676638: No priority spelling found for lang = no, using alt_name to get "[('no', 'Løvlia')]"
utility_to_osm - WARNING - ssr:stedsnr = 676691: No priority spelling found for lang = no, using alt_name to get "[('no', 'Grylling')]"
utility_to_osm - WARNING - ssr:stedsnr = 676814: No priority spelling found for lang = no, using alt_name to get "[('no', 'Gauksletta')]"
utility_to_osm - WARNING - ssr:stedsnr = 677528 has multiple (2) positions, using the first one!
utility_to_osm - WARNING - ssr:stedsnr = 694791: No priority spelling found for lang = no, using alt_name to get "[('no', 'Alv Kjøsveg')]"
utility_to_osm - ERROR - ssr:stedsnr = 694791. No positions found, skipping
utility_to_osm - WARNING - ssr:stedsnr = 716311 has multiple (2) positions, using the first one!
utility_to_osm - WARNING - ssr:stedsnr = 735313: No priority spelling found for lang = no, using alt_name to get "[('no', 'Sørsveen')]"
utility_to_osm - WARNING - ssr:stedsnr = 735313 has multiple (2) positions, using the first one!
utility_to_osm - WARNING - ssr:stedsnr = 737517: No priority spelling found for lang = no, using alt_name to get "[('no', 'Størigarden')]"
utility_to_osm - WARNING - ssr:stedsnr = 737559 has multiple (4) positions, using the first one!
utility_to_osm - WARNING - ssr:stedsnr = 737804 has multiple (2) positions, using the first one!
utility_to_osm - ERROR - ssr:stedsnr = 737826: Adding multiple names to name tag, this is not OK! name = "Veabekken;Gauksletbekken"
utility_to_osm - WARNING - ssr:stedsnr = 737826 has multiple (4) positions, using the first one!
utility_to_osm - WARNING - ssr:stedsnr = 905259: No priority spelling found for lang = no, using alt_name to get "[('no', 'Oteren')]"
utility_to_osm - ERROR - ssr:stedsnr = 905259. No positions found, skipping
utility_to_osm - WARNING - ssr:stedsnr = 905233: No priority spelling found for lang = no, using alt_name to get "[('no', 'Fjellreven')]"
utility_to_osm - ERROR - ssr:stedsnr = 905233. No positions found, skipping
utility_to_osm - WARNING - ssr:stedsnr = 768249: No priority spelling found for lang = no, using alt_name to get "[('no', 'Linerla')]"
utility_to_osm - ERROR - ssr:stedsnr = 768249. No positions found, skipping
utility_to_osm - ERROR - ssr:stedsnr = 907771. No positions found, skipping
utility_to_osm - WARNING - ssr:stedsnr = 783215: No priority spelling found for lang = no, using alt_name to get "[('no', 'Ulven')]"
utility_to_osm - ERROR - ssr:stedsnr = 783215. No positions found, skipping
utility_to_osm - ERROR - ssr:stedsnr = 783447. No positions found, skipping
utility_to_osm - WARNING - ssr:stedsnr = 785809: No priority spelling found for lang = no, using alt_name to get "[('no', 'Sigurd Tomters veg')]"
utility_to_osm - ERROR - ssr:stedsnr = 785809. No positions found, skipping
utility_to_osm - WARNING - ssr:stedsnr = 796275: No priority spelling found for lang = no, using alt_name to get "[('no', 'Synnersvekoia')]"
utility_to_osm - WARNING - ssr:stedsnr = 796454 has multiple (2) positions, using the first one!
utility_to_osm - WARNING - ssr:stedsnr = 798297 has multiple (2) positions, using the first one!
utility_to_osm - WARNING - ssr:stedsnr = 798618 has multiple (2) positions, using the first one!
utility_to_osm - WARNING - ssr:stedsnr = 798620: No priority spelling found for lang = no, using alt_name to get "[('no', 'Domkjørkja')]"
utility_to_osm - WARNING - ssr:stedsnr = 798620 has multiple (2) positions, using the first one!
utility_to_osm - WARNING - ssr:stedsnr = 798655 has multiple (2) positions, using the first one!
utility_to_osm - WARNING - ssr:stedsnr = 798804: No priority spelling found for lang = no, using alt_name to get "[('no', 'Høingstad'), ('no', 'Nedre Høingstad')]"
utility_to_osm - ERROR - ssr:stedsnr = 798804: Adding multiple names to name tag, this is not OK! name = "Høingstad;Nedre Høingstad"
utility_to_osm - WARNING - ssr:stedsnr = 798860: No priority spelling found for lang = no, using alt_name to get "[('no', 'Høgvoll')]"
utility_to_osm - WARNING - ssr:stedsnr = 919850: No priority spelling found for lang = no, using alt_name to get "[('no', 'Brattli')]"
utility_to_osm - WARNING - ssr:stedsnr = 919436 has multiple (2) positions, using the first one!
utility_to_osm - WARNING - ssr:stedsnr = 919883: No priority spelling found for lang = no, using alt_name to get "[('no', 'Fjælgard')]"
utility_to_osm - WARNING - ssr:stedsnr = 920951: No priority spelling found for lang = no, using alt_name to get "[('no', 'Kvækakoia')]"
utility_to_osm - WARNING - ssr:stedsnr = 920951 has multiple (2) positions, using the first one!
utility_to_osm - WARNING - ssr:stedsnr = 920964 has multiple (2) positions, using the first one!
utility_to_osm - ERROR - ssr:stedsnr = 835622. No positions found, skipping
utility_to_osm - ERROR - ssr:stedsnr = 835628. No positions found, skipping
utility_to_osm - ERROR - ssr:stedsnr = 835652. No positions found, skipping
utility_to_osm - ERROR - ssr:stedsnr = 846806. No positions found, skipping
utility_to_osm - WARNING - ssr:stedsnr = 846876: No priority spelling found for lang = no, using alt_name to get "[('no', 'Møllevegen')]"
utility_to_osm - ERROR - ssr:stedsnr = 846876. No positions found, skipping
utility_to_osm - WARNING - ssr:stedsnr = 859764 has multiple (2) positions, using the first one!
utility_to_osm - WARNING - ssr:stedsnr = 859882: No priority spelling found for lang = no, using alt_name to get "[('no', 'Løvmo')]"
utility_to_osm - WARNING - ssr:stedsnr = 859882 has multiple (2) positions, using the first one!
utility_to_osm - WARNING - ssr:stedsnr = 888506: No priority spelling found for lang = no, using alt_name to get "[('no', 'Sørsveen')]"
utility_to_osm - WARNING - ssr:stedsnr = 890314: No priority spelling found for lang = no, using alt_name to get "[('no', 'Bokfinken')]"
utility_to_osm - ERROR - ssr:stedsnr = 890314. No positions found, skipping
utility_to_osm - WARNING - ssr:stedsnr = 899497 has multiple (2) positions, using the first one!
utility_to_osm - WARNING - ssr:stedsnr = 919410 has multiple (2) positions, using the first one!
utility_to_osm - WARNING - ssr:stedsnr = 919546 has multiple (2) positions, using the first one!
utility_to_osm - WARNING - ssr:stedsnr = 919559: No priority spelling found for lang = no, using alt_name to get "[('no', 'Øksna')]"
utility_to_osm - WARNING - ssr:stedsnr = 919559 has multiple (17) positions, using the first one!
utility_to_osm - WARNING - ssr:stedsnr = 919658 has multiple (3) positions, using the first one!
utility_to_osm - WARNING - ssr:stedsnr = 931161: No priority spelling found for lang = no, using alt_name to get "[('no', 'Livasætra')]"
utility_to_osm - WARNING - ssr:stedsnr = 931161 has multiple (3) positions, using the first one!
utility_to_osm - WARNING - ssr:stedsnr = 950308: No priority spelling found for lang = no, using alt_name to get "[('no', 'Måltrosten')]"
utility_to_osm - ERROR - ssr:stedsnr = 950308. No positions found, skipping
utility_to_osm - ERROR - ssr:stedsnr = 956659. No positions found, skipping
utility_to_osm - ERROR - ssr:stedsnr = 965124. No positions found, skipping
utility_to_osm - WARNING - ssr:stedsnr = 965287: No priority spelling found for lang = no, using alt_name to get "[('no', 'Bjørnen')]"
utility_to_osm - ERROR - ssr:stedsnr = 965287. No positions found, skipping
utility_to_osm - WARNING - ssr:stedsnr = 7283: No priority spelling found for lang = no, using alt_name to get "[('no', 'Stor-Bronken')]"
utility_to_osm - WARNING - ssr:stedsnr = 9570 has multiple (2) positions, using the first one!
utility_to_osm - WARNING - ssr:stedsnr = 9582: No priority spelling found for lang = no, using alt_name to get "[('no', 'Svaen-Øksna')]"
utility_to_osm - WARNING - ssr:stedsnr = 9582 has multiple (4) positions, using the first one!
utility_to_osm - WARNING - ssr:stedsnr = 9584 has multiple (3) positions, using the first one!
utility_to_osm - WARNING - ssr:stedsnr = 9669 has multiple (2) positions, using the first one!
utility_to_osm - WARNING - ssr:stedsnr = 40274: No priority spelling found for lang = no, using alt_name to get "[('no', 'Svarttrosten')]"
utility_to_osm - ERROR - ssr:stedsnr = 40274. No positions found, skipping
utility_to_osm - WARNING - ssr:stedsnr = 49449 has multiple (2) positions, using the first one!
utility_to_osm - WARNING - ssr:stedsnr = 49591 has multiple (2) positions, using the first one!
utility_to_osm - ERROR - ssr:stedsnr = 55433. No positions found, skipping
utility_to_osm - WARNING - ssr:stedsnr = 68254: No priority spelling found for lang = no, using alt_name to get "[('no', 'Skallberget')]"
utility_to_osm - WARNING - ssr:stedsnr = 68254 has multiple (4) positions, using the first one!
utility_to_osm - WARNING - ssr:stedsnr = 68255: No priority spelling found for lang = no, using alt_name to get "[('no', 'Messundstadtjennet')]"
utility_to_osm - WARNING - ssr:stedsnr = 68255 has multiple (2) positions, using the first one!
utility_to_osm - WARNING - ssr:stedsnr = 68263 has multiple (2) positions, using the first one!
utility_to_osm - WARNING - ssr:stedsnr = 68271 has multiple (3) positions, using the first one!
utility_to_osm - ERROR - ssr:stedsnr = 70385: Adding multiple names to name tag, this is not OK! name = "Sagelva;Dalselva"
utility_to_osm - WARNING - ssr:stedsnr = 70670 has multiple (2) positions, using the first one!
utility_to_osm - WARNING - ssr:stedsnr = 70599 has multiple (2) positions, using the first one!
utility_to_osm - WARNING - ssr:stedsnr = 70600: No priority spelling found for lang = no, using alt_name to get "[('no', 'Bårdsætra')]"
utility_to_osm - WARNING - ssr:stedsnr = 70607: No priority spelling found for lang = no, using alt_name to get "[('no', 'Sloken')]"
utility_to_osm - WARNING - ssr:stedsnr = 70607 has multiple (2) positions, using the first one!
utility_to_osm - WARNING - ssr:stedsnr = 101288: No priority spelling found for lang = no, using alt_name to get "[('no', 'Kongeørna')]"
utility_to_osm - ERROR - ssr:stedsnr = 101288. No positions found, skipping
utility_to_osm - ERROR - ssr:stedsnr = 116061. No positions found, skipping
utility_to_osm - WARNING - ssr:stedsnr = 116257: No priority spelling found for lang = no, using alt_name to get "[('no', 'Haren')]"
utility_to_osm - ERROR - ssr:stedsnr = 116257. No positions found, skipping
utility_to_osm - WARNING - ssr:stedsnr = 118795: No priority spelling found for lang = no, using alt_name to get "[('no', 'Åsbygdvegen')]"
utility_to_osm - ERROR - ssr:stedsnr = 118795. No positions found, skipping
utility_to_osm - WARNING - ssr:stedsnr = 119341: No priority spelling found for lang = no, using alt_name to get "[('no', 'Tiuren')]"
utility_to_osm - ERROR - ssr:stedsnr = 119341. No positions found, skipping
utility_to_osm - WARNING - ssr:stedsnr = 128228: No priority spelling found for lang = no, using alt_name to get "[('no', 'Skallbergsætra')]"
utility_to_osm - WARNING - ssr:stedsnr = 128228 has multiple (3) positions, using the first one!
utility_to_osm - WARNING - ssr:stedsnr = 128264: No priority spelling found for lang = no, using alt_name to get "[('no', 'Skallbergselva')]"
utility_to_osm - WARNING - ssr:stedsnr = 128264 has multiple (7) positions, using the first one!
utility_to_osm - WARNING - ssr:stedsnr = 128430: No priority spelling found for lang = no, using alt_name to get "[('no', 'Hanakne')]"
utility_to_osm - WARNING - ssr:stedsnr = 130564 has multiple (2) positions, using the first one!
utility_to_osm - WARNING - ssr:stedsnr = 130631: No priority spelling found for lang = no, using alt_name to get "[('no', 'Kvernenga')]"
utility_to_osm - WARNING - ssr:stedsnr = 130855 has multiple (5) positions, using the first one!
utility_to_osm - WARNING - ssr:stedsnr = 131548 has multiple (2) positions, using the first one!
utility_to_osm - WARNING - ssr:stedsnr = 131559 has multiple (4) positions, using the first one!
utility_to_osm - WARNING - ssr:stedsnr = 161311: No priority spelling found for lang = no, using alt_name to get "[('no', 'Hønsehauken')]"
utility_to_osm - ERROR - ssr:stedsnr = 161311. No positions found, skipping
utility_to_osm - WARNING - ssr:stedsnr = 161270: No priority spelling found for lang = no, using alt_name to get "[('no', 'Jerpa')]"
utility_to_osm - ERROR - ssr:stedsnr = 161270. No positions found, skipping
utility_to_osm - WARNING - ssr:stedsnr = 180287: No priority spelling found for lang = no, using alt_name to get "[('no', 'Størigardsvegen')]"
utility_to_osm - ERROR - ssr:stedsnr = 180287. No positions found, skipping
utility_to_osm - ERROR - ssr:stedsnr = 167644. No positions found, skipping
utility_to_osm - ERROR - ssr:stedsnr = 167645. No positions found, skipping
utility_to_osm - WARNING - ssr:stedsnr = 178392: No priority spelling found for lang = no, using alt_name to get "[('no', 'Alderslystvegen')]"
utility_to_osm - ERROR - ssr:stedsnr = 178392. No positions found, skipping
utility_to_osm - ERROR - ssr:stedsnr = 178857. No positions found, skipping
utility_to_osm - ERROR - ssr:stedsnr = 178859. No positions found, skipping
utility_to_osm - WARNING - ssr:stedsnr = 178822: No priority spelling found for lang = no, using alt_name to get "[('no', 'Brennerivegen')]"
utility_to_osm - ERROR - ssr:stedsnr = 178822. No positions found, skipping
utility_to_osm - WARNING - ssr:stedsnr = 189430: No priority spelling found for lang = no, using alt_name to get "[('no', 'Bekkevoll')]"
utility_to_osm - WARNING - ssr:stedsnr = 191596 has multiple (2) positions, using the first one!
utility_to_osm - WARNING - ssr:stedsnr = 191520 has multiple (2) positions, using the first one!
utility_to_osm - WARNING - ssr:stedsnr = 191524 has multiple (2) positions, using the first one!
utility_to_osm - WARNING - ssr:stedsnr = 191764: No priority spelling found for lang = no, using alt_name to get "[('no', 'Løvhaugen')]"
utility_to_osm - ERROR - ssr:stedsnr = 222247. No positions found, skipping
utility_to_osm - ERROR - ssr:stedsnr = 223644: Adding multiple names to name tag, this is not OK! name = "Nyværelset;Akselstad"
utility_to_osm - WARNING - ssr:stedsnr = 223644 has multiple (2) positions, using the first one!
utility_to_osm - ERROR - ssr:stedsnr = 224327. No positions found, skipping
utility_to_osm - ERROR - ssr:stedsnr = 298031. No positions found, skipping
utility_to_osm - WARNING - ssr:stedsnr = 301311: No priority spelling found for lang = no, using alt_name to get "[('no', 'Vendehalsen')]"
utility_to_osm - ERROR - ssr:stedsnr = 301311. No positions found, skipping
utility_to_osm - ERROR - ssr:stedsnr = 301247. No positions found, skipping
utility_to_osm - ERROR - ssr:stedsnr = 310470: Adding multiple names to name tag, this is not OK! name = "Lykkja;Solbergløkken"
utility_to_osm - WARNING - ssr:stedsnr = 310472: No priority spelling found for lang = no, using alt_name to get "[('no', 'Stenberg')]"
utility_to_osm - WARNING - ssr:stedsnr = 310472 has multiple (2) positions, using the first one!
utility_to_osm - WARNING - ssr:stedsnr = 312850 has multiple (21) positions, using the first one!
utility_to_osm - WARNING - ssr:stedsnr = 312260 has multiple (2) positions, using the first one!
utility_to_osm - WARNING - ssr:stedsnr = 312344 has multiple (2) positions, using the first one!
utility_to_osm - WARNING - ssr:stedsnr = 312547 has multiple (2) positions, using the first one!
utility_to_osm - WARNING - ssr:stedsnr = 312778 has multiple (2) positions, using the first one!
utility_to_osm - WARNING - ssr:stedsnr = 313566 has multiple (2) positions, using the first one!
utility_to_osm - WARNING - ssr:stedsnr = 313607: No priority spelling found for lang = no, using alt_name to get "[('no', 'Korperud')]"
utility_to_osm - WARNING - ssr:stedsnr = 345332: No priority spelling found for lang = no, using alt_name to get "[('no', 'Hammardamvegen')]"
utility_to_osm - ERROR - ssr:stedsnr = 345332. No positions found, skipping
utility_to_osm - ERROR - ssr:stedsnr = 345337. No positions found, skipping
utility_to_osm - ERROR - ssr:stedsnr = 345349. No positions found, skipping
utility_to_osm - WARNING - ssr:stedsnr = 352435 has multiple (2) positions, using the first one!
utility_to_osm - ERROR - ssr:stedsnr = 358130. No positions found, skipping
utility_to_osm - WARNING - ssr:stedsnr = 360802: No priority spelling found for lang = no, using alt_name to get "[('no', 'Langgutua')]"
utility_to_osm - ERROR - ssr:stedsnr = 360802. No positions found, skipping
utility_to_osm - WARNING - ssr:stedsnr = 360804: No priority spelling found for lang = no, using alt_name to get "[('no', 'Brynsvegen')]"
utility_to_osm - ERROR - ssr:stedsnr = 360804. No positions found, skipping
utility_to_osm - ERROR - ssr:stedsnr = 362300. No positions found, skipping
utility_to_osm - ERROR - ssr:stedsnr = 362311. No positions found, skipping
utility_to_osm - WARNING - ssr:stedsnr = 362337: No priority spelling found for lang = no, using alt_name to get "[('no', 'Fjellrypa')]"
utility_to_osm - ERROR - ssr:stedsnr = 362337. No positions found, skipping
utility_to_osm - WARNING - ssr:stedsnr = 362286: No priority spelling found for lang = no, using alt_name to get "[('no', 'Nybrukvegen')]"
utility_to_osm - ERROR - ssr:stedsnr = 362286. No positions found, skipping
utility_to_osm - WARNING - ssr:stedsnr = 371276 has multiple (2) positions, using the first one!
utility_to_osm - WARNING - ssr:stedsnr = 371287 has multiple (2) positions, using the first one!
utility_to_osm - WARNING - ssr:stedsnr = 371291: No priority spelling found for lang = no, using alt_name to get "[('no', 'Mikkelslykkjeberget')]"
utility_to_osm - WARNING - ssr:stedsnr = 373664 has multiple (2) positions, using the first one!
utility_to_osm - WARNING - ssr:stedsnr = 373790: No priority spelling found for lang = no, using alt_name to get "[('no', 'Svea')]"
utility_to_osm - WARNING - ssr:stedsnr = 373888: No priority spelling found for lang = no, using alt_name to get "[('no', 'Bekkelund')]"
utility_to_osm - WARNING - ssr:stedsnr = 494845 has multiple (2) positions, using the first one!
utility_to_osm - WARNING - ssr:stedsnr = 404259: No priority spelling found for lang = no, using alt_name to get "[('no', 'Stæren')]"
utility_to_osm - ERROR - ssr:stedsnr = 404259. No positions found, skipping
utility_to_osm - WARNING - ssr:stedsnr = 413530 has multiple (2) positions, using the first one!
utility_to_osm - WARNING - ssr:stedsnr = 419061: No priority spelling found for lang = no, using alt_name to get "[('no', 'Trettebergstugutua')]"
utility_to_osm - ERROR - ssr:stedsnr = 419061. No positions found, skipping
utility_to_osm - WARNING - ssr:stedsnr = 419075: No priority spelling found for lang = no, using alt_name to get "[('no', 'Mostuevegen')]"
utility_to_osm - ERROR - ssr:stedsnr = 419075. No positions found, skipping
utility_to_osm - ERROR - ssr:stedsnr = 419247. No positions found, skipping
utility_to_osm - WARNING - ssr:stedsnr = 419248: No priority spelling found for lang = no, using alt_name to get "[('no', 'Abboren')]"
utility_to_osm - ERROR - ssr:stedsnr = 419248. No positions found, skipping
utility_to_osm - ERROR - ssr:stedsnr = 419253. No positions found, skipping
utility_to_osm - WARNING - ssr:stedsnr = 419274: No priority spelling found for lang = no, using alt_name to get "[('no', 'Måren')]"
utility_to_osm - ERROR - ssr:stedsnr = 419274. No positions found, skipping
utility_to_osm - WARNING - ssr:stedsnr = 419275: No priority spelling found for lang = no, using alt_name to get "[('no', 'Lemenet')]"
utility_to_osm - ERROR - ssr:stedsnr = 419275. No positions found, skipping
utility_to_osm - ERROR - ssr:stedsnr = 419277. No positions found, skipping
utility_to_osm - WARNING - ssr:stedsnr = 432259: No priority spelling found for lang = no, using alt_name to get "[('no', 'Stensåsen')]"
utility_to_osm - WARNING - ssr:stedsnr = 432261: No priority spelling found for lang = no, using alt_name to get "[('no', 'Stenset')]"
utility_to_osm - WARNING - ssr:stedsnr = 432261 has multiple (2) positions, using the first one!
utility_to_osm - WARNING - ssr:stedsnr = 434739 has multiple (2) positions, using the first one!
utility_to_osm - WARNING - ssr:stedsnr = 434373 has multiple (2) positions, using the first one!
utility_to_osm - WARNING - ssr:stedsnr = 434374 has multiple (2) positions, using the first one!
utility_to_osm - WARNING - ssr:stedsnr = 434848: No priority spelling found for lang = no, using alt_name to get "[('no', 'Løvstad')]"
utility_to_osm - WARNING - ssr:stedsnr = 434848 has multiple (2) positions, using the first one!
utility_to_osm - WARNING - ssr:stedsnr = 434862: No priority spelling found for lang = no, using alt_name to get "[('no', 'Brattås')]"
utility_to_osm - WARNING - ssr:stedsnr = 446185: No priority spelling found for lang = no, using alt_name to get "[('no', 'Rondanestien')]"
utility_to_osm - WARNING - ssr:stedsnr = 446185 has multiple (17) positions, using the first one!
utility_to_osm - WARNING - ssr:stedsnr = 506085: No priority spelling found for lang = no, using alt_name to get "[('no', 'Finnstad')]"
utility_to_osm - WARNING - ssr:stedsnr = 522588: No priority spelling found for lang = no, using alt_name to get "[('no', 'Grylling')]"
utility_to_osm - WARNING - ssr:stedsnr = 524584: No priority spelling found for lang = no, using alt_name to get "[('no', 'Kløvmyrkjølen')]"
utility_to_osm - WARNING - ssr:stedsnr = 524584 has multiple (2) positions, using the first one!
utility_to_osm - WARNING - ssr:stedsnr = 525287: No priority spelling found for lang = no, using alt_name to get "[('no', 'Myrsnipa')]"
utility_to_osm - ERROR - ssr:stedsnr = 525287. No positions found, skipping
utility_to_osm - ERROR - ssr:stedsnr = 531630. No positions found, skipping
utility_to_osm - WARNING - ssr:stedsnr = 534626 has multiple (2) positions, using the first one!
utility_to_osm - WARNING - ssr:stedsnr = 553242: No priority spelling found for lang = no, using alt_name to get "[('no', 'Nybuåsen')]"
utility_to_osm - WARNING - ssr:stedsnr = 553244: No priority spelling found for lang = no, using alt_name to get "[('no', 'Kløvmyrtjenna')]"
utility_to_osm - WARNING - ssr:stedsnr = 553244 has multiple (2) positions, using the first one!
utility_to_osm - WARNING - ssr:stedsnr = 553453 has multiple (7) positions, using the first one!
utility_to_osm - WARNING - ssr:stedsnr = 555591: No priority spelling found for lang = no, using alt_name to get "[('no', 'Opphus')]"
utility_to_osm - WARNING - ssr:stedsnr = 555887: No priority spelling found for lang = no, using alt_name to get "[('no', 'Sjurstua')]"
utility_to_osm - WARNING - ssr:stedsnr = 555895 has multiple (21) positions, using the first one!
utility_to_osm - WARNING - ssr:stedsnr = 566911: No priority spelling found for lang = no, using alt_name to get "[('no', 'Klevbakken')]"
utility_to_osm - WARNING - ssr:stedsnr = 566911 has multiple (2) positions, using the first one!
utility_to_osm - WARNING - ssr:stedsnr = 568998 has multiple (2) positions, using the first one!
utility_to_osm - WARNING - ssr:stedsnr = 594774 has multiple (2) positions, using the first one!
utility_to_osm - WARNING - ssr:stedsnr = 613479: No priority spelling found for lang = no, using alt_name to get "[('no', 'Olohusa')]"
utility_to_osm - WARNING - ssr:stedsnr = 613719 has multiple (2) positions, using the first one!
utility_to_osm - WARNING - ssr:stedsnr = 615799: No priority spelling found for lang = no, using alt_name to get "[('no', 'Tønset')]"
utility_to_osm - WARNING - ssr:stedsnr = 615776: No priority spelling found for lang = no, using alt_name to get "[('no', 'Jevnaker')]"
utility_to_osm - WARNING - ssr:stedsnr = 615783: No priority spelling found for lang = no, using alt_name to get "[('no', 'Nysvea')]"
utility_to_osm - WARNING - ssr:stedsnr = 615830 has multiple (2) positions, using the first one!
utility_to_osm - WARNING - ssr:stedsnr = 616562 has multiple (2) positions, using the first one!
utility_to_osm - WARNING - ssr:stedsnr = 616564: No priority spelling found for lang = no, using alt_name to get "[('no', 'Stensæterdalen')]"
utility_to_osm - WARNING - ssr:stedsnr = 616925: No priority spelling found for lang = no, using alt_name to get "[('no', 'Sønstevoll')]"
utility_to_osm - WARNING - ssr:stedsnr = 616925 has multiple (2) positions, using the first one!
utility_to_osm - WARNING - ssr:stedsnr = 627233: No priority spelling found for lang = no, using alt_name to get "[('no', 'Kjølstadkoia')]"
utility_to_osm - WARNING - ssr:stedsnr = 628858 has multiple (2) positions, using the first one!
utility_to_osm - ERROR - ssr:stedsnr = 648385. No positions found, skipping
utility_to_osm - ERROR - ssr:stedsnr = 652583. No positions found, skipping
utility_to_osm - WARNING - ssr:stedsnr = 655864 has multiple (2) positions, using the first one!
utility_to_osm - WARNING - ssr:stedsnr = 662227: No priority spelling found for lang = no, using alt_name to get "[('no', 'Gamlevegen')]"
utility_to_osm - ERROR - ssr:stedsnr = 662227. No positions found, skipping
utility_to_osm - ERROR - ssr:stedsnr = 664393. No positions found, skipping
utility_to_osm - ERROR - ssr:stedsnr = 665344. No positions found, skipping
utility_to_osm - ERROR - ssr:stedsnr = 722261. No positions found, skipping
utility_to_osm - WARNING - ssr:stedsnr = 722264: No priority spelling found for lang = no, using alt_name to get "[('no', 'Løkka')]"
utility_to_osm - ERROR - ssr:stedsnr = 722264. No positions found, skipping
utility_to_osm - ERROR - ssr:stedsnr = 723022. No positions found, skipping
utility_to_osm - WARNING - ssr:stedsnr = 725755: No priority spelling found for lang = no, using alt_name to get "[('no', 'Chausseen')]"
utility_to_osm - ERROR - ssr:stedsnr = 725755. No positions found, skipping
utility_to_osm - WARNING - ssr:stedsnr = 737584 has multiple (2) positions, using the first one!
utility_to_osm - WARNING - ssr:stedsnr = 737328 has multiple (3) positions, using the first one!
utility_to_osm - WARNING - ssr:stedsnr = 737749: No priority spelling found for lang = no, using alt_name to get "[('no', 'Brannvoll')]"
utility_to_osm - WARNING - ssr:stedsnr = 737749 has multiple (3) positions, using the first one!
utility_to_osm - WARNING - ssr:stedsnr = 770324: No priority spelling found for lang = no, using alt_name to get "[('no', 'Vestre Skogbygdveg')]"
utility_to_osm - ERROR - ssr:stedsnr = 770324. No positions found, skipping
utility_to_osm - WARNING - ssr:stedsnr = 770327: No priority spelling found for lang = no, using alt_name to get "[('no', 'Østre Skogbygdveg')]"
utility_to_osm - ERROR - ssr:stedsnr = 770327. No positions found, skipping
utility_to_osm - ERROR - ssr:stedsnr = 772400. No positions found, skipping
utility_to_osm - ERROR - ssr:stedsnr = 777275. No positions found, skipping
utility_to_osm - WARNING - ssr:stedsnr = 777280 has multiple (2) positions, using the first one!
utility_to_osm - WARNING - ssr:stedsnr = 785866: No priority spelling found for lang = no, using alt_name to get "[('no', 'Arnsetvegen')]"
utility_to_osm - ERROR - ssr:stedsnr = 785866. No positions found, skipping
utility_to_osm - WARNING - ssr:stedsnr = 796254: No priority spelling found for lang = no, using alt_name to get "[('no', 'Velt-Bronken')]"
utility_to_osm - WARNING - ssr:stedsnr = 798638 has multiple (2) positions, using the first one!
utility_to_osm - WARNING - ssr:stedsnr = 798732: No priority spelling found for lang = no, using alt_name to get "[('no', 'Spangen')]"
utility_to_osm - WARNING - ssr:stedsnr = 798733: No priority spelling found for lang = no, using alt_name to get "[('no', 'Gjærlu')]"
utility_to_osm - WARNING - ssr:stedsnr = 798590: No priority spelling found for lang = no, using alt_name to get "[('no', 'Kvernhuslykkja')]"
utility_to_osm - WARNING - ssr:stedsnr = 798669: No priority spelling found for lang = no, using alt_name to get "[('no', 'Tomte')]"
utility_to_osm - WARNING - ssr:stedsnr = 814001 has multiple (3) positions, using the first one!
utility_to_osm - ERROR - ssr:stedsnr = 829337. No positions found, skipping
utility_to_osm - WARNING - ssr:stedsnr = 844241: No priority spelling found for lang = no, using alt_name to get "[('no', 'Kuvegen')]"
utility_to_osm - ERROR - ssr:stedsnr = 844241. No positions found, skipping
utility_to_osm - WARNING - ssr:stedsnr = 846861: No priority spelling found for lang = no, using alt_name to get "[('no', 'Kirkevegen')]"
utility_to_osm - ERROR - ssr:stedsnr = 846861. No positions found, skipping
utility_to_osm - ERROR - ssr:stedsnr = 859302: Adding multiple names to name tag, this is not OK! name = "Solbergsvea;Sveen"
utility_to_osm - WARNING - ssr:stedsnr = 859302 has multiple (2) positions, using the first one!
utility_to_osm - WARNING - ssr:stedsnr = 859494: No priority spelling found for lang = no, using alt_name to get "[('no', 'Målifjellet')]"
utility_to_osm - WARNING - ssr:stedsnr = 859563 has multiple (5) positions, using the first one!
utility_to_osm - WARNING - ssr:stedsnr = 859564: No priority spelling found for lang = no, using alt_name to get "[('no', 'Vesl-Svaen')]"
utility_to_osm - WARNING - ssr:stedsnr = 859564 has multiple (2) positions, using the first one!
utility_to_osm - WARNING - ssr:stedsnr = 859570 has multiple (2) positions, using the first one!
utility_to_osm - WARNING - ssr:stedsnr = 859585 has multiple (2) positions, using the first one!
utility_to_osm - WARNING - ssr:stedsnr = 859888: No priority spelling found for lang = no, using alt_name to get "[('no', 'Vesle Benningstad')]"
utility_to_osm - WARNING - ssr:stedsnr = 886633: No priority spelling found for lang = no, using alt_name to get "[('no', 'Løvlia')]"
utility_to_osm - WARNING - ssr:stedsnr = 948625: No priority spelling found for lang = no, using alt_name to get "[('no', 'Rotveltkoia')]"
utility_to_osm - WARNING - ssr:stedsnr = 951954 has multiple (2) positions, using the first one!
utility_to_osm - WARNING - ssr:stedsnr = 952362: No priority spelling found for lang = no, using alt_name to get "[('no', 'Flyplassvegen')]"
utility_to_osm - ERROR - ssr:stedsnr = 952362. No positions found, skipping
utility_to_osm - ERROR - ssr:stedsnr = 965470. No positions found, skipping
utility_to_osm - ERROR - ssr:stedsnr = 965266. No positions found, skipping
utility_to_osm - WARNING - ssr:stedsnr = 965270: No priority spelling found for lang = no, using alt_name to get "[('no', 'Reinlavvegen')]"
utility_to_osm - ERROR - ssr:stedsnr = 965270. No positions found, skipping
utility_to_osm - WARNING - ssr:stedsnr = 969323: No priority spelling found for lang = no, using alt_name to get "[('no', 'Svanen')]"
utility_to_osm - ERROR - ssr:stedsnr = 969323. No positions found, skipping
utility_to_osm - ERROR - ssr:stedsnr = 1002637. No positions found, skipping
utility_to_osm - ERROR - ssr:stedsnr = 1002939. No positions found, skipping
utility_to_osm - ERROR - ssr:stedsnr = 1003085. No positions found, skipping
utility_to_osm - ERROR - ssr:stedsnr = 1003140. No positions found, skipping
utility_to_osm - WARNING - ssr:stedsnr = 1003403: No priority spelling found for lang = no, using alt_name to get "[('no', 'Dr. Wefringsveg')]"
utility_to_osm - ERROR - ssr:stedsnr = 1003403. No positions found, skipping
utility_to_osm - ERROR - ssr:stedsnr = 1003225. No positions found, skipping
utility_to_osm - WARNING - ssr:stedsnr = 1003348: No priority spelling found for lang = no, using alt_name to get "[('no', 'Byhagan')]"
utility_to_osm - ERROR - ssr:stedsnr = 1003348. No positions found, skipping
utility_to_osm - ERROR - ssr:stedsnr = 1003470. No positions found, skipping
utility_to_osm - ERROR - ssr:stedsnr = 1003945. No positions found, skipping
utility_to_osm - ERROR - ssr:stedsnr = 1003997. No positions found, skipping
utility_to_osm - ERROR - ssr:stedsnr = 1004073. No positions found, skipping
utility_to_osm - WARNING - ssr:stedsnr = 1004357: No priority spelling found for lang = no, using alt_name to get "[('no', 'Kjernemakervegen')]"
utility_to_osm - ERROR - ssr:stedsnr = 1004357. No positions found, skipping
utility_to_osm - ERROR - ssr:stedsnr = 1004328. No positions found, skipping
utility_to_osm - WARNING - ssr:stedsnr = 1004387: No priority spelling found for lang = no, using alt_name to get "[('no', 'Kristian Stubberuds veg')]"
utility_to_osm - ERROR - ssr:stedsnr = 1004387. No positions found, skipping
utility_to_osm - WARNING - ssr:stedsnr = 1004389: No priority spelling found for lang = no, using alt_name to get "[('no', 'Kongsvegen')]"
utility_to_osm - ERROR - ssr:stedsnr = 1004389. No positions found, skipping
utility_to_osm - WARNING - ssr:stedsnr = 1004409: No priority spelling found for lang = no, using alt_name to get "[('no', 'Kjøsøgardsvegen')]"
utility_to_osm - ERROR - ssr:stedsnr = 1004409. No positions found, skipping
utility_to_osm - WARNING - ssr:stedsnr = 1004412: No priority spelling found for lang = no, using alt_name to get "[('no', 'Kjøstadvegen')]"
utility_to_osm - ERROR - ssr:stedsnr = 1004412. No positions found, skipping
utility_to_osm - WARNING - ssr:stedsnr = 1004424: No priority spelling found for lang = no, using alt_name to get "[('no', 'Jønsrudvegen')]"
utility_to_osm - ERROR - ssr:stedsnr = 1004424. No positions found, skipping
utility_to_osm - ERROR - ssr:stedsnr = 1004373. No positions found, skipping
utility_to_osm - ERROR - ssr:stedsnr = 1004601. No positions found, skipping
utility_to_osm - ERROR - ssr:stedsnr = 1004609. No positions found, skipping
utility_to_osm - ERROR - ssr:stedsnr = 1004448. No positions found, skipping
utility_to_osm - ERROR - ssr:stedsnr = 1004460. No positions found, skipping
utility_to_osm - WARNING - ssr:stedsnr = 1005211: No priority spelling found for lang = no, using alt_name to get "[('no', 'Hilda Løvliensveg')]"
utility_to_osm - ERROR - ssr:stedsnr = 1005211. No positions found, skipping
utility_to_osm - WARNING - ssr:stedsnr = 1004541: No priority spelling found for lang = no, using alt_name to get "[('no', 'Fjælgardsroa')]"
utility_to_osm - ERROR - ssr:stedsnr = 1004541. No positions found, skipping
utility_to_osm - ERROR - ssr:stedsnr = 1004668. No positions found, skipping
utility_to_osm - ERROR - ssr:stedsnr = 1004682. No positions found, skipping
utility_to_osm - ERROR - ssr:stedsnr = 1004631. No positions found, skipping
utility_to_osm - ERROR - ssr:stedsnr = 1004710. No positions found, skipping
utility_to_osm - WARNING - ssr:stedsnr = 1004728: No priority spelling found for lang = no, using alt_name to get "[('no', 'Englaugshagan')]"
utility_to_osm - ERROR - ssr:stedsnr = 1004728. No positions found, skipping
utility_to_osm - ERROR - ssr:stedsnr = 1004731. No positions found, skipping
utility_to_osm - WARNING - ssr:stedsnr = 1004735: No priority spelling found for lang = no, using alt_name to get "[('no', 'Englaugsgutua')]"
utility_to_osm - ERROR - ssr:stedsnr = 1004735. No positions found, skipping
utility_to_osm - ERROR - ssr:stedsnr = 1004787. No positions found, skipping
utility_to_osm - WARNING - ssr:stedsnr = 1004739: No priority spelling found for lang = no, using alt_name to get "[('no', 'Enga')]"
utility_to_osm - ERROR - ssr:stedsnr = 1004739. No positions found, skipping
utility_to_osm - ERROR - ssr:stedsnr = 1004775. No positions found, skipping
utility_to_osm - ERROR - ssr:stedsnr = 1004848. No positions found, skipping
utility_to_osm - ERROR - ssr:stedsnr = 1004891. No positions found, skipping
utility_to_osm - ERROR - ssr:stedsnr = 1005016. No positions found, skipping
utility_to_osm - WARNING - ssr:stedsnr = 1005023: No priority spelling found for lang = no, using alt_name to get "[('no', 'Halmstubben')]"
utility_to_osm - ERROR - ssr:stedsnr = 1005023. No positions found, skipping
utility_to_osm - ERROR - ssr:stedsnr = 1004965. No positions found, skipping
utility_to_osm - WARNING - ssr:stedsnr = 1004982: No priority spelling found for lang = no, using alt_name to get "[('no', 'Haukstadvegen')]"
utility_to_osm - ERROR - ssr:stedsnr = 1004982. No positions found, skipping
utility_to_osm - ERROR - ssr:stedsnr = 1005040. No positions found, skipping
utility_to_osm - ERROR - ssr:stedsnr = 1005044. No positions found, skipping
utility_to_osm - ERROR - ssr:stedsnr = 1005498. No positions found, skipping
utility_to_osm - ERROR - ssr:stedsnr = 1005505. No positions found, skipping
utility_to_osm - ERROR - ssr:stedsnr = 1005258. No positions found, skipping
utility_to_osm - ERROR - ssr:stedsnr = 1005328. No positions found, skipping
utility_to_osm - ERROR - ssr:stedsnr = 1006087. No positions found, skipping
utility_to_osm - ERROR - ssr:stedsnr = 1006098. No positions found, skipping
utility_to_osm - WARNING - ssr:stedsnr = 1006119: No priority spelling found for lang = no, using alt_name to get "[('no', 'Ådalsbrukvegen')]"
utility_to_osm - ERROR - ssr:stedsnr = 1006119. No positions found, skipping
utility_to_osm - ERROR - ssr:stedsnr = 1006120. No positions found, skipping
utility_to_osm - ERROR - ssr:stedsnr = 1006247. No positions found, skipping
utility_to_osm - ERROR - ssr:stedsnr = 1005441. No positions found, skipping
utility_to_osm - WARNING - ssr:stedsnr = 1005449: No priority spelling found for lang = no, using alt_name to get "[('no', 'Næringsvegen')]"
utility_to_osm - ERROR - ssr:stedsnr = 1005449. No positions found, skipping
utility_to_osm - ERROR - ssr:stedsnr = 1005452. No positions found, skipping
utility_to_osm - WARNING - ssr:stedsnr = 1005454: No priority spelling found for lang = no, using alt_name to get "[('no', 'Nordre Kongstadveg')]"
utility_to_osm - ERROR - ssr:stedsnr = 1005454. No positions found, skipping
utility_to_osm - WARNING - ssr:stedsnr = 1005455: No priority spelling found for lang = no, using alt_name to get "[('no', 'Vibergvegen')]"
utility_to_osm - ERROR - ssr:stedsnr = 1005455. No positions found, skipping
utility_to_osm - ERROR - ssr:stedsnr = 1005539. No positions found, skipping
utility_to_osm - ERROR - ssr:stedsnr = 1005548. No positions found, skipping
utility_to_osm - WARNING - ssr:stedsnr = 1005563: No priority spelling found for lang = no, using alt_name to get "[('no', 'Sandåsvegen')]"
utility_to_osm - ERROR - ssr:stedsnr = 1005563. No positions found, skipping
utility_to_osm - ERROR - ssr:stedsnr = 1005607. No positions found, skipping
utility_to_osm - WARNING - ssr:stedsnr = 1005634: No priority spelling found for lang = no, using alt_name to get "[('no', 'Ommangsgutua')]"
utility_to_osm - ERROR - ssr:stedsnr = 1005634. No positions found, skipping
utility_to_osm - ERROR - ssr:stedsnr = 1005703. No positions found, skipping
utility_to_osm - ERROR - ssr:stedsnr = 1005724. No positions found, skipping
utility_to_osm - ERROR - ssr:stedsnr = 1005574. No positions found, skipping
utility_to_osm - ERROR - ssr:stedsnr = 1005643. No positions found, skipping
utility_to_osm - ERROR - ssr:stedsnr = 1005741. No positions found, skipping
utility_to_osm - ERROR - ssr:stedsnr = 1005759. No positions found, skipping
utility_to_osm - ERROR - ssr:stedsnr = 1005772. No positions found, skipping
utility_to_osm - ERROR - ssr:stedsnr = 1005806. No positions found, skipping
utility_to_osm - ERROR - ssr:stedsnr = 1005819. No positions found, skipping
utility_to_osm - ERROR - ssr:stedsnr = 1005896. No positions found, skipping
utility_to_osm - WARNING - ssr:stedsnr = 1005920: No priority spelling found for lang = no, using alt_name to get "[('no', 'Løkjavegen')]"
utility_to_osm - ERROR - ssr:stedsnr = 1005920. No positions found, skipping
utility_to_osm - ERROR - ssr:stedsnr = 1005781. No positions found, skipping
utility_to_osm - ERROR - ssr:stedsnr = 1005860. No positions found, skipping
utility_to_osm - ERROR - ssr:stedsnr = 1005876. No positions found, skipping
utility_to_osm - ERROR - ssr:stedsnr = 1005975. No positions found, skipping
utility_to_osm - WARNING - ssr:stedsnr = 1006010: No priority spelling found for lang = no, using alt_name to get "[('no', 'Mathias Weideborgs veg')]"
utility_to_osm - ERROR - ssr:stedsnr = 1006010. No positions found, skipping
utility_to_osm - ERROR - ssr:stedsnr = 1006195. No positions found, skipping
utility_to_osm - ERROR - ssr:stedsnr = 1006218. No positions found, skipping
utility_to_osm - ERROR - ssr:stedsnr = 1006222. No positions found, skipping
utility_to_osm - WARNING - ssr:stedsnr = 1006056: No priority spelling found for lang = no, using alt_name to get "[('no', 'Venslivegen')]"
utility_to_osm - ERROR - ssr:stedsnr = 1006056. No positions found, skipping
utility_to_osm - ERROR - ssr:stedsnr = 1006076. No positions found, skipping
utility_to_osm - ERROR - ssr:stedsnr = 1006145. No positions found, skipping
utility_to_osm - ERROR - ssr:stedsnr = 1006180. No positions found, skipping
utility_to_osm - ERROR - ssr:stedsnr = 1006261. No positions found, skipping
utility_to_osm - WARNING - ssr:stedsnr = 1006343: No priority spelling found for lang = no, using alt_name to get "[('no', 'Søndre Kongstadveg')]"
utility_to_osm - ERROR - ssr:stedsnr = 1006343. No positions found, skipping
utility_to_osm - ERROR - ssr:stedsnr = 1006374. No positions found, skipping
utility_to_osm - ERROR - ssr:stedsnr = 1006495. No positions found, skipping
utility_to_osm - ERROR - ssr:stedsnr = 1006513. No positions found, skipping
utility_to_osm - ERROR - ssr:stedsnr = 1006472. No positions found, skipping
utility_to_osm - ERROR - ssr:stedsnr = 1006552. No positions found, skipping
utility_to_osm - ERROR - ssr:stedsnr = 1006559. No positions found, skipping
utility_to_osm - ERROR - ssr:stedsnr = 1006579. No positions found, skipping
utility_to_osm - ERROR - ssr:stedsnr = 1006583. No positions found, skipping
utility_to_osm - WARNING - ssr:stedsnr = 1006601: No priority spelling found for lang = no, using alt_name to get "[('no', 'Smiuvegen')]"
utility_to_osm - ERROR - ssr:stedsnr = 1006601. No positions found, skipping
utility_to_osm - WARNING - ssr:stedsnr = 1006694: No priority spelling found for lang = no, using alt_name to get "[('no', 'Mathilde Haugesveg')]"
utility_to_osm - ERROR - ssr:stedsnr = 1006694. No positions found, skipping
utility_to_osm - WARNING - ssr:stedsnr = 1006722: No priority spelling found for lang = no, using alt_name to get "[('no', 'Åsgardsvegen')]"
utility_to_osm - ERROR - ssr:stedsnr = 1006722. No positions found, skipping
utility_to_osm - WARNING - ssr:stedsnr = 1006724: No priority spelling found for lang = no, using alt_name to get "[('no', 'Ullermyrvegen')]"
utility_to_osm - ERROR - ssr:stedsnr = 1006724. No positions found, skipping
utility_to_osm - WARNING - ssr:stedsnr = 1006728: No priority spelling found for lang = no, using alt_name to get "[('no', 'Torvvegen')]"
utility_to_osm - ERROR - ssr:stedsnr = 1006728. No positions found, skipping
utility_to_osm - ERROR - ssr:stedsnr = 1006736. No positions found, skipping
utility_to_osm - ERROR - ssr:stedsnr = 1006745. No positions found, skipping
utility_to_osm - ERROR - ssr:stedsnr = 1006748. No positions found, skipping
utility_to_osm - WARNING - ssr:stedsnr = 1006766: No priority spelling found for lang = no, using alt_name to get "[('no', 'Ånestadvegen')]"
utility_to_osm - ERROR - ssr:stedsnr = 1006766. No positions found, skipping
utility_to_osm - ERROR - ssr:stedsnr = 1006773. No positions found, skipping
utility_to_osm - WARNING - ssr:stedsnr = 1006822: No priority spelling found for lang = no, using alt_name to get "[('no', 'Heggvegen')]"
utility_to_osm - ERROR - ssr:stedsnr = 1006822. No positions found, skipping
utility_to_osm - WARNING - ssr:stedsnr = 1006823: No priority spelling found for lang = no, using alt_name to get "[('no', 'Bjørkvegen')]"
utility_to_osm - ERROR - ssr:stedsnr = 1006823. No positions found, skipping
utility_to_osm - WARNING - ssr:stedsnr = 1006824: No priority spelling found for lang = no, using alt_name to get "[('no', 'Kjelsrudvegen')]"
utility_to_osm - ERROR - ssr:stedsnr = 1006824. No positions found, skipping
utility_to_osm - WARNING - ssr:stedsnr = 1006825: No priority spelling found for lang = no, using alt_name to get "[('no', 'Tunemyra')]"
utility_to_osm - ERROR - ssr:stedsnr = 1006825. No positions found, skipping
utility_to_osm - WARNING - ssr:stedsnr = 1006826: No priority spelling found for lang = no, using alt_name to get "[('no', 'Furasvingen')]"
utility_to_osm - ERROR - ssr:stedsnr = 1006826. No positions found, skipping
utility_to_osm - WARNING - ssr:stedsnr = 1006827: No priority spelling found for lang = no, using alt_name to get "[('no', 'Seljevegen')]"
utility_to_osm - ERROR - ssr:stedsnr = 1006827. No positions found, skipping
utility_to_osm - WARNING - ssr:stedsnr = 1006828: No priority spelling found for lang = no, using alt_name to get "[('no', 'Rognvegen')]"
utility_to_osm - ERROR - ssr:stedsnr = 1006828. No positions found, skipping
utility_to_osm - WARNING - ssr:stedsnr = 1006832: No priority spelling found for lang = no, using alt_name to get "[('no', 'Ole Dyrengsveg')]"
utility_to_osm - ERROR - ssr:stedsnr = 1006832. No positions found, skipping
utility_to_osm - WARNING - ssr:stedsnr = 1006891: No priority spelling found for lang = no, using alt_name to get "[('no', 'Sagenvegen')]"
utility_to_osm - ERROR - ssr:stedsnr = 1006891. No positions found, skipping
utility_to_osm - WARNING - ssr:stedsnr = 1006992: No priority spelling found for lang = no, using alt_name to get "[('no', 'Sørsvevegen')]"
utility_to_osm - ERROR - ssr:stedsnr = 1006992. No positions found, skipping
utility_to_osm - WARNING - ssr:stedsnr = 1006993: No priority spelling found for lang = no, using alt_name to get "[('no', 'Damvegen')]"
utility_to_osm - ERROR - ssr:stedsnr = 1006993. No positions found, skipping
utility_to_osm - WARNING - ssr:stedsnr = 1006995: No priority spelling found for lang = no, using alt_name to get "[('no', 'Sjøvegen')]"
utility_to_osm - ERROR - ssr:stedsnr = 1006995. No positions found, skipping
utility_to_osm - WARNING - ssr:stedsnr = 1006996: No priority spelling found for lang = no, using alt_name to get "[('no', 'Finnstadhagan')]"
utility_to_osm - ERROR - ssr:stedsnr = 1006996. No positions found, skipping
utility_to_osm - WARNING - ssr:stedsnr = 1007586: No priority spelling found for lang = no, using alt_name to get "[('no', 'Mary Westlies veg')]"
utility_to_osm - WARNING - ssr:stedsnr = 1007540: No priority spelling found for lang = no, using alt_name to get "[('no', 'Lirypa')]"
utility_to_osm - ERROR - ssr:stedsnr = 1007540. No positions found, skipping
utility_to_osm - WARNING - ssr:stedsnr = 1007543: No priority spelling found for lang = no, using alt_name to get "[('no', 'Orrhanen')]"
utility_to_osm - ERROR - ssr:stedsnr = 1007543. No positions found, skipping
utility_to_osm - WARNING - ssr:stedsnr = 1007547: No priority spelling found for lang = no, using alt_name to get "[('no', 'Fjellvåken')]"
utility_to_osm - ERROR - ssr:stedsnr = 1007547. No positions found, skipping
utility_to_osm - WARNING - ssr:stedsnr = 1007585: No priority spelling found for lang = no, using alt_name to get "[('no', 'Vestre Norderhovskogen')]"
utility_to_osm - ERROR - ssr:stedsnr = 1007585. No positions found, skipping
utility_to_osm - WARNING - ssr:stedsnr = 1007643: No priority spelling found for lang = no, using alt_name to get "[('no', 'Gråspetten')]"
utility_to_osm - ERROR - ssr:stedsnr = 1007643. No positions found, skipping
utility_to_osm - WARNING - ssr:stedsnr = 1007644: No priority spelling found for lang = no, using alt_name to get "[('no', 'Tårnfalken')]"
utility_to_osm - ERROR - ssr:stedsnr = 1007644. No positions found, skipping
utility_to_osm - WARNING - ssr:stedsnr = 1007645: No priority spelling found for lang = no, using alt_name to get "[('no', 'Pultostvegen')]"
utility_to_osm - WARNING - ssr:stedsnr = 1007646: No priority spelling found for lang = no, using alt_name to get "[('no', 'Møssmørlia')]"
utility_to_osm - WARNING - ssr:stedsnr = 1007648: No priority spelling found for lang = no, using alt_name to get "[('no', 'Duetrosten')]"
utility_to_osm - ERROR - ssr:stedsnr = 1007648. No positions found, skipping
utility_to_osm - WARNING - ssr:stedsnr = 1007649: No priority spelling found for lang = no, using alt_name to get "[('no', 'Tretåspetten')]"
utility_to_osm - ERROR - ssr:stedsnr = 1007649. No positions found, skipping
utility_to_osm - WARNING - ssr:stedsnr = 1007650: No priority spelling found for lang = no, using alt_name to get "[('no', 'Haukugla')]"
utility_to_osm - ERROR - ssr:stedsnr = 1007650. No positions found, skipping
utility_to_osm - WARNING - ssr:stedsnr = 1007651: No priority spelling found for lang = no, using alt_name to get "[('no', 'Løvsangeren')]"
utility_to_osm - ERROR - ssr:stedsnr = 1007651. No positions found, skipping
utility_to_osm - WARNING - ssr:stedsnr = 1007652: No priority spelling found for lang = no, using alt_name to get "[('no', 'Gamle Øysætervegen')]"
utility_to_osm - ERROR - ssr:stedsnr = 1007652. No positions found, skipping
utility_to_osm - WARNING - ssr:stedsnr = 1007599: No priority spelling found for lang = no, using alt_name to get "[('no', 'Østre Norderhovskogen')]"
utility_to_osm - ERROR - ssr:stedsnr = 1007599. No positions found, skipping
utility_to_osm - WARNING - ssr:stedsnr = 1007607: No priority spelling found for lang = no, using alt_name to get "[('no', 'Harastien')]"
utility_to_osm - ERROR - ssr:stedsnr = 1007607. No positions found, skipping
utility_to_osm - WARNING - ssr:stedsnr = 1007634: No priority spelling found for lang = no, using alt_name to get "[('no', 'Østre Fjellvegen')]"
utility_to_osm - ERROR - ssr:stedsnr = 1007634. No positions found, skipping
utility_to_osm - WARNING - ssr:stedsnr = 1074406: No priority spelling found for lang = no, using alt_name to get "[('no', 'Innlandet fylke')]"
utility_to_osm - WARNING - ssr:stedsnr = 1075379: No priority spelling found for lang = no, using alt_name to get "[('no', 'Raspitholtet')]"
utility_to_osm - WARNING - ssr:stedsnr = 1078161: No priority spelling found for lang = no, using alt_name to get "[('no', 'Oline Fløtholens veg')]"
utility_to_osm - WARNING - ssr:stedsnr = 1078162: No priority spelling found for lang = no, using alt_name to get "[('no', 'Kildetunet')]"
