utility_to_osm - WARNING - ssr:stedsnr = 6177: No priority spelling found for lang = no, using alt_name to get "[('no', 'Verpelstad')]"
utility_to_osm - WARNING - ssr:stedsnr = 6306 has multiple (3) positions, using the first one!
utility_to_osm - WARNING - ssr:stedsnr = 6968 has multiple (2) positions, using the first one!
utility_to_osm - WARNING - ssr:stedsnr = 6969 has multiple (2) positions, using the first one!
utility_to_osm - WARNING - ssr:stedsnr = 9193 has multiple (2) positions, using the first one!
utility_to_osm - WARNING - ssr:stedsnr = 20836: No priority spelling found for lang = no, using alt_name to get "[('no', 'Naustbakken')]"
utility_to_osm - WARNING - ssr:stedsnr = 21940: No priority spelling found for lang = no, using alt_name to get "[('no', 'Rustabrekkene')]"
utility_to_osm - ERROR - ssr:stedsnr = 44301. No positions found, skipping
utility_to_osm - WARNING - ssr:stedsnr = 45005 has multiple (2) positions, using the first one!
utility_to_osm - WARNING - ssr:stedsnr = 66021: No priority spelling found for lang = no, using alt_name to get "[('no', 'Bogadalen')]"
utility_to_osm - WARNING - ssr:stedsnr = 66021 has multiple (2) positions, using the first one!
utility_to_osm - WARNING - ssr:stedsnr = 66943 has multiple (2) positions, using the first one!
utility_to_osm - WARNING - ssr:stedsnr = 67603 has multiple (2) positions, using the first one!
utility_to_osm - WARNING - ssr:stedsnr = 67987 has multiple (2) positions, using the first one!
utility_to_osm - WARNING - ssr:stedsnr = 67991 has multiple (2) positions, using the first one!
utility_to_osm - WARNING - ssr:stedsnr = 81884: No priority spelling found for lang = no, using alt_name to get "[('no', 'Tjørnabotsvatnet')]"
utility_to_osm - WARNING - ssr:stedsnr = 248238: No priority spelling found for lang = no, using alt_name to get "[('no', 'Såta')]"
utility_to_osm - WARNING - ssr:stedsnr = 248238 has multiple (3) positions, using the first one!
utility_to_osm - WARNING - ssr:stedsnr = 248596 has multiple (2) positions, using the first one!
utility_to_osm - WARNING - ssr:stedsnr = 102676: No priority spelling found for lang = no, using alt_name to get "[('no', 'Sætravegen')]"
utility_to_osm - ERROR - ssr:stedsnr = 102676. No positions found, skipping
utility_to_osm - WARNING - ssr:stedsnr = 102684 has multiple (2) positions, using the first one!
utility_to_osm - ERROR - ssr:stedsnr = 105430. No positions found, skipping
utility_to_osm - WARNING - ssr:stedsnr = 249389 has multiple (3) positions, using the first one!
utility_to_osm - WARNING - ssr:stedsnr = 249642 has multiple (7) positions, using the first one!
utility_to_osm - WARNING - ssr:stedsnr = 249711: No priority spelling found for lang = no, using alt_name to get "[('no', 'Tyssebruhaugen')]"
utility_to_osm - WARNING - ssr:stedsnr = 249711 has multiple (2) positions, using the first one!
utility_to_osm - WARNING - ssr:stedsnr = 251741 has multiple (3) positions, using the first one!
utility_to_osm - WARNING - ssr:stedsnr = 127349 has multiple (2) positions, using the first one!
utility_to_osm - WARNING - ssr:stedsnr = 127550 has multiple (2) positions, using the first one!
utility_to_osm - WARNING - ssr:stedsnr = 127805 has multiple (3) positions, using the first one!
utility_to_osm - WARNING - ssr:stedsnr = 129724 has multiple (2) positions, using the first one!
utility_to_osm - ERROR - ssr:stedsnr = 163584. No positions found, skipping
utility_to_osm - WARNING - ssr:stedsnr = 164677 has multiple (2) positions, using the first one!
utility_to_osm - WARNING - ssr:stedsnr = 165091 has multiple (2) positions, using the first one!
utility_to_osm - WARNING - ssr:stedsnr = 166605 has multiple (2) positions, using the first one!
utility_to_osm - WARNING - ssr:stedsnr = 172920 has multiple (2) positions, using the first one!
utility_to_osm - WARNING - ssr:stedsnr = 263929: No priority spelling found for lang = no, using alt_name to get "[('no', 'Driva')]"
utility_to_osm - WARNING - ssr:stedsnr = 187024 has multiple (2) positions, using the first one!
utility_to_osm - WARNING - ssr:stedsnr = 188005 has multiple (2) positions, using the first one!
utility_to_osm - WARNING - ssr:stedsnr = 188009: No priority spelling found for lang = no, using alt_name to get "[('no', 'Bogastølen')]"
utility_to_osm - WARNING - ssr:stedsnr = 188009 has multiple (3) positions, using the first one!
utility_to_osm - WARNING - ssr:stedsnr = 188594 has multiple (2) positions, using the first one!
utility_to_osm - WARNING - ssr:stedsnr = 188866 has multiple (2) positions, using the first one!
utility_to_osm - WARNING - ssr:stedsnr = 188887 has multiple (2) positions, using the first one!
utility_to_osm - WARNING - ssr:stedsnr = 188900 has multiple (2) positions, using the first one!
utility_to_osm - WARNING - ssr:stedsnr = 190757 has multiple (2) positions, using the first one!
utility_to_osm - WARNING - ssr:stedsnr = 263876: No priority spelling found for lang = no, using alt_name to get "[('no', 'Bakken')]"
utility_to_osm - WARNING - ssr:stedsnr = 263956: No priority spelling found for lang = no, using alt_name to get "[('no', 'Naustbakken')]"
utility_to_osm - WARNING - ssr:stedsnr = 248009 has multiple (2) positions, using the first one!
utility_to_osm - WARNING - ssr:stedsnr = 248924 has multiple (2) positions, using the first one!
utility_to_osm - WARNING - ssr:stedsnr = 248961 has multiple (2) positions, using the first one!
utility_to_osm - WARNING - ssr:stedsnr = 263791: No priority spelling found for lang = no, using alt_name to get "[('no', 'Sørfjorden')]"
utility_to_osm - WARNING - ssr:stedsnr = 263791 has multiple (22) positions, using the first one!
utility_to_osm - ERROR - ssr:stedsnr = 284625. No positions found, skipping
utility_to_osm - ERROR - ssr:stedsnr = 301587. No positions found, skipping
utility_to_osm - WARNING - ssr:stedsnr = 308007 has multiple (3) positions, using the first one!
utility_to_osm - WARNING - ssr:stedsnr = 309341 has multiple (2) positions, using the first one!
utility_to_osm - WARNING - ssr:stedsnr = 309645 has multiple (2) positions, using the first one!
utility_to_osm - WARNING - ssr:stedsnr = 309588 has multiple (2) positions, using the first one!
utility_to_osm - WARNING - ssr:stedsnr = 309783 has multiple (2) positions, using the first one!
utility_to_osm - WARNING - ssr:stedsnr = 309784 has multiple (2) positions, using the first one!
utility_to_osm - WARNING - ssr:stedsnr = 324620: No priority spelling found for lang = no, using alt_name to get "[('no', 'Gufsekrossvatnet')]"
utility_to_osm - WARNING - ssr:stedsnr = 469022 has multiple (4) positions, using the first one!
utility_to_osm - WARNING - ssr:stedsnr = 324826: No priority spelling found for lang = no, using alt_name to get "[('no', 'Huldahaugen')]"
utility_to_osm - ERROR - ssr:stedsnr = 469520. No positions found, skipping
utility_to_osm - ERROR - ssr:stedsnr = 469740. No positions found, skipping
utility_to_osm - WARNING - ssr:stedsnr = 369015 has multiple (2) positions, using the first one!
utility_to_osm - WARNING - ssr:stedsnr = 369016 has multiple (2) positions, using the first one!
utility_to_osm - WARNING - ssr:stedsnr = 369961 has multiple (2) positions, using the first one!
utility_to_osm - WARNING - ssr:stedsnr = 369973 has multiple (2) positions, using the first one!
utility_to_osm - WARNING - ssr:stedsnr = 370382 has multiple (2) positions, using the first one!
utility_to_osm - WARNING - ssr:stedsnr = 370721: No priority spelling found for lang = no, using alt_name to get "[('no', 'Tjørnabotnen')]"
utility_to_osm - WARNING - ssr:stedsnr = 370721 has multiple (2) positions, using the first one!
utility_to_osm - WARNING - ssr:stedsnr = 370966 has multiple (2) positions, using the first one!
utility_to_osm - WARNING - ssr:stedsnr = 372563 has multiple (8) positions, using the first one!
utility_to_osm - ERROR - ssr:stedsnr = 483610. No positions found, skipping
utility_to_osm - WARNING - ssr:stedsnr = 406612: No priority spelling found for lang = no, using alt_name to get "[('no', 'Bogavegen')]"
utility_to_osm - ERROR - ssr:stedsnr = 406612. No positions found, skipping
utility_to_osm - ERROR - ssr:stedsnr = 408394. No positions found, skipping
utility_to_osm - WARNING - ssr:stedsnr = 408905 has multiple (2) positions, using the first one!
utility_to_osm - WARNING - ssr:stedsnr = 490981 has multiple (4) positions, using the first one!
utility_to_osm - WARNING - ssr:stedsnr = 430952 has multiple (4) positions, using the first one!
utility_to_osm - WARNING - ssr:stedsnr = 431622 has multiple (2) positions, using the first one!
utility_to_osm - WARNING - ssr:stedsnr = 431639 has multiple (2) positions, using the first one!
utility_to_osm - WARNING - ssr:stedsnr = 491261 has multiple (2) positions, using the first one!
utility_to_osm - WARNING - ssr:stedsnr = 431843 has multiple (2) positions, using the first one!
utility_to_osm - WARNING - ssr:stedsnr = 431951 has multiple (2) positions, using the first one!
utility_to_osm - WARNING - ssr:stedsnr = 431989 has multiple (2) positions, using the first one!
utility_to_osm - WARNING - ssr:stedsnr = 434203 has multiple (2) positions, using the first one!
utility_to_osm - WARNING - ssr:stedsnr = 491950 has multiple (2) positions, using the first one!
utility_to_osm - WARNING - ssr:stedsnr = 673791 has multiple (2) positions, using the first one!
utility_to_osm - ERROR - ssr:stedsnr = 466643. No positions found, skipping
utility_to_osm - ERROR - ssr:stedsnr = 466647. No positions found, skipping
utility_to_osm - WARNING - ssr:stedsnr = 468084 has multiple (2) positions, using the first one!
utility_to_osm - WARNING - ssr:stedsnr = 468678 has multiple (2) positions, using the first one!
utility_to_osm - ERROR - ssr:stedsnr = 481003. No positions found, skipping
utility_to_osm - WARNING - ssr:stedsnr = 490044 has multiple (2) positions, using the first one!
utility_to_osm - WARNING - ssr:stedsnr = 491008: No priority spelling found for lang = no, using alt_name to get "[('no', 'Bogafjellet')]"
utility_to_osm - WARNING - ssr:stedsnr = 491008 has multiple (2) positions, using the first one!
utility_to_osm - WARNING - ssr:stedsnr = 491580 has multiple (4) positions, using the first one!
utility_to_osm - WARNING - ssr:stedsnr = 491829 has multiple (3) positions, using the first one!
utility_to_osm - WARNING - ssr:stedsnr = 492006: No priority spelling found for lang = no, using alt_name to get "[('no', 'Husafjellet')]"
utility_to_osm - WARNING - ssr:stedsnr = 492006 has multiple (2) positions, using the first one!
utility_to_osm - WARNING - ssr:stedsnr = 492820 has multiple (2) positions, using the first one!
utility_to_osm - WARNING - ssr:stedsnr = 494203 has multiple (2) positions, using the first one!
utility_to_osm - WARNING - ssr:stedsnr = 513806 has multiple (2) positions, using the first one!
utility_to_osm - WARNING - ssr:stedsnr = 527624: No priority spelling found for lang = no, using alt_name to get "[('no', 'Vikavegen')]"
utility_to_osm - ERROR - ssr:stedsnr = 527624. No positions found, skipping
utility_to_osm - WARNING - ssr:stedsnr = 529940 has multiple (2) positions, using the first one!
utility_to_osm - WARNING - ssr:stedsnr = 551009 has multiple (2) positions, using the first one!
utility_to_osm - WARNING - ssr:stedsnr = 551939 has multiple (2) positions, using the first one!
utility_to_osm - WARNING - ssr:stedsnr = 552409 has multiple (5) positions, using the first one!
utility_to_osm - WARNING - ssr:stedsnr = 552635 has multiple (3) positions, using the first one!
utility_to_osm - WARNING - ssr:stedsnr = 552651 has multiple (2) positions, using the first one!
utility_to_osm - WARNING - ssr:stedsnr = 552704 has multiple (3) positions, using the first one!
utility_to_osm - WARNING - ssr:stedsnr = 552782 has multiple (2) positions, using the first one!
utility_to_osm - WARNING - ssr:stedsnr = 688228: No priority spelling found for lang = no, using alt_name to get "[('no', 'Kluftafjellet')]"
utility_to_osm - WARNING - ssr:stedsnr = 688228 has multiple (3) positions, using the first one!
utility_to_osm - WARNING - ssr:stedsnr = 688965: No priority spelling found for lang = no, using alt_name to get "[('no', 'Hamrane')]"
utility_to_osm - WARNING - ssr:stedsnr = 587655: No priority spelling found for lang = no, using alt_name to get "[('no', 'Verpelstadvegen')]"
utility_to_osm - ERROR - ssr:stedsnr = 587655. No positions found, skipping
utility_to_osm - WARNING - ssr:stedsnr = 589916 has multiple (2) positions, using the first one!
utility_to_osm - WARNING - ssr:stedsnr = 605553: No priority spelling found for lang = no, using alt_name to get "[('no', 'Militærvegen')]"
utility_to_osm - ERROR - ssr:stedsnr = 605553. No positions found, skipping
utility_to_osm - WARNING - ssr:stedsnr = 612302 has multiple (3) positions, using the first one!
utility_to_osm - WARNING - ssr:stedsnr = 612615 has multiple (2) positions, using the first one!
utility_to_osm - WARNING - ssr:stedsnr = 612923 has multiple (2) positions, using the first one!
utility_to_osm - WARNING - ssr:stedsnr = 613820 has multiple (3) positions, using the first one!
utility_to_osm - WARNING - ssr:stedsnr = 613973 has multiple (2) positions, using the first one!
utility_to_osm - WARNING - ssr:stedsnr = 615047 has multiple (2) positions, using the first one!
utility_to_osm - WARNING - ssr:stedsnr = 615207 has multiple (2) positions, using the first one!
utility_to_osm - WARNING - ssr:stedsnr = 615148 has multiple (2) positions, using the first one!
utility_to_osm - ERROR - ssr:stedsnr = 648627. No positions found, skipping
utility_to_osm - WARNING - ssr:stedsnr = 648628: No priority spelling found for lang = no, using alt_name to get "[('no', 'Øvre Bogavegen')]"
utility_to_osm - ERROR - ssr:stedsnr = 648628. No positions found, skipping
utility_to_osm - ERROR - ssr:stedsnr = 648645. No positions found, skipping
utility_to_osm - ERROR - ssr:stedsnr = 650620. No positions found, skipping
utility_to_osm - WARNING - ssr:stedsnr = 650886 has multiple (2) positions, using the first one!
utility_to_osm - WARNING - ssr:stedsnr = 650897 has multiple (2) positions, using the first one!
utility_to_osm - ERROR - ssr:stedsnr = 651304. No positions found, skipping
utility_to_osm - WARNING - ssr:stedsnr = 654343 has multiple (2) positions, using the first one!
utility_to_osm - ERROR - ssr:stedsnr = 709622. No positions found, skipping
utility_to_osm - WARNING - ssr:stedsnr = 673007 has multiple (2) positions, using the first one!
utility_to_osm - WARNING - ssr:stedsnr = 673222: No priority spelling found for lang = no, using alt_name to get "[('no', 'Trollkona')]"
utility_to_osm - WARNING - ssr:stedsnr = 673222 has multiple (3) positions, using the first one!
utility_to_osm - ERROR - ssr:stedsnr = 673559: Adding multiple names to name tag, this is not OK! name = "Grytså;Grøvelselva"
utility_to_osm - WARNING - ssr:stedsnr = 673559 has multiple (3) positions, using the first one!
utility_to_osm - WARNING - ssr:stedsnr = 673717 has multiple (2) positions, using the first one!
utility_to_osm - WARNING - ssr:stedsnr = 673813 has multiple (3) positions, using the first one!
utility_to_osm - ERROR - ssr:stedsnr = 891646. No positions found, skipping
utility_to_osm - ERROR - ssr:stedsnr = 894539. No positions found, skipping
utility_to_osm - WARNING - ssr:stedsnr = 711603 has multiple (2) positions, using the first one!
utility_to_osm - WARNING - ssr:stedsnr = 733042 has multiple (2) positions, using the first one!
utility_to_osm - WARNING - ssr:stedsnr = 734223: No priority spelling found for lang = no, using alt_name to get "[('no', 'Skarka')]"
utility_to_osm - WARNING - ssr:stedsnr = 734223 has multiple (3) positions, using the first one!
utility_to_osm - WARNING - ssr:stedsnr = 734233: No priority spelling found for lang = no, using alt_name to get "[('no', 'Stallane')]"
utility_to_osm - WARNING - ssr:stedsnr = 734233 has multiple (2) positions, using the first one!
utility_to_osm - WARNING - ssr:stedsnr = 734145 has multiple (2) positions, using the first one!
utility_to_osm - WARNING - ssr:stedsnr = 734705: No priority spelling found for lang = no, using alt_name to get "[('no', 'Dyviki')]"
utility_to_osm - ERROR - ssr:stedsnr = 734880. No positions found, skipping
utility_to_osm - WARNING - ssr:stedsnr = 734998 has multiple (2) positions, using the first one!
utility_to_osm - WARNING - ssr:stedsnr = 773193 has multiple (2) positions, using the first one!
utility_to_osm - ERROR - ssr:stedsnr = 908623. No positions found, skipping
utility_to_osm - ERROR - ssr:stedsnr = 786611. No positions found, skipping
utility_to_osm - WARNING - ssr:stedsnr = 795307 has multiple (2) positions, using the first one!
utility_to_osm - WARNING - ssr:stedsnr = 797750 has multiple (3) positions, using the first one!
utility_to_osm - WARNING - ssr:stedsnr = 797814 has multiple (2) positions, using the first one!
utility_to_osm - WARNING - ssr:stedsnr = 916954 has multiple (2) positions, using the first one!
utility_to_osm - WARNING - ssr:stedsnr = 810955: No priority spelling found for lang = no, using alt_name to get "[('no', 'Bjørnetørne')]"
utility_to_osm - ERROR - ssr:stedsnr = 833409. No positions found, skipping
utility_to_osm - WARNING - ssr:stedsnr = 870818: No priority spelling found for lang = no, using alt_name to get "[('no', 'Ospestallen')]"
utility_to_osm - WARNING - ssr:stedsnr = 870821: No priority spelling found for lang = no, using alt_name to get "[('no', 'Rinden')]"
utility_to_osm - ERROR - ssr:stedsnr = 909538. No positions found, skipping
utility_to_osm - WARNING - ssr:stedsnr = 916529 has multiple (2) positions, using the first one!
utility_to_osm - WARNING - ssr:stedsnr = 916966 has multiple (2) positions, using the first one!
utility_to_osm - WARNING - ssr:stedsnr = 918239: No priority spelling found for lang = no, using alt_name to get "[('no', 'Horndalen')]"
utility_to_osm - WARNING - ssr:stedsnr = 918802: No priority spelling found for lang = no, using alt_name to get "[('no', 'Eksingedalen')]"
utility_to_osm - WARNING - ssr:stedsnr = 918802 has multiple (4) positions, using the first one!
utility_to_osm - WARNING - ssr:stedsnr = 955206 has multiple (2) positions, using the first one!
utility_to_osm - WARNING - ssr:stedsnr = 955620: No priority spelling found for lang = no, using alt_name to get "[('no', 'Horndalshaugen')]"
utility_to_osm - WARNING - ssr:stedsnr = 969545: No priority spelling found for lang = no, using alt_name to get "[('no', 'Grupevegen')]"
utility_to_osm - ERROR - ssr:stedsnr = 969545. No positions found, skipping
utility_to_osm - WARNING - ssr:stedsnr = 6224: No priority spelling found for lang = no, using alt_name to get "[('no', 'Stallabekken')]"
utility_to_osm - WARNING - ssr:stedsnr = 6224 has multiple (2) positions, using the first one!
utility_to_osm - WARNING - ssr:stedsnr = 6244 has multiple (3) positions, using the first one!
utility_to_osm - WARNING - ssr:stedsnr = 6567 has multiple (2) positions, using the first one!
utility_to_osm - WARNING - ssr:stedsnr = 6823 has multiple (2) positions, using the first one!
utility_to_osm - WARNING - ssr:stedsnr = 6825 has multiple (2) positions, using the first one!
utility_to_osm - WARNING - ssr:stedsnr = 6796 has multiple (2) positions, using the first one!
utility_to_osm - WARNING - ssr:stedsnr = 6950 has multiple (3) positions, using the first one!
utility_to_osm - WARNING - ssr:stedsnr = 8270 has multiple (2) positions, using the first one!
utility_to_osm - WARNING - ssr:stedsnr = 8218: No priority spelling found for lang = no, using alt_name to get "[('no', 'Bolstadfjorden')]"
utility_to_osm - WARNING - ssr:stedsnr = 8485 has multiple (3) positions, using the first one!
utility_to_osm - WARNING - ssr:stedsnr = 20832: No priority spelling found for lang = no, using alt_name to get "[('no', 'Karisteinen')]"
utility_to_osm - WARNING - ssr:stedsnr = 20870: No priority spelling found for lang = no, using alt_name to get "[('no', 'Botnen')]"
utility_to_osm - WARNING - ssr:stedsnr = 24127 has multiple (2) positions, using the first one!
utility_to_osm - ERROR - ssr:stedsnr = 41617. No positions found, skipping
utility_to_osm - ERROR - ssr:stedsnr = 44274. No positions found, skipping
utility_to_osm - WARNING - ssr:stedsnr = 44361 has multiple (2) positions, using the first one!
utility_to_osm - WARNING - ssr:stedsnr = 47037 has multiple (2) positions, using the first one!
utility_to_osm - WARNING - ssr:stedsnr = 47042 has multiple (2) positions, using the first one!
utility_to_osm - ERROR - ssr:stedsnr = 66543. No positions found, skipping
utility_to_osm - WARNING - ssr:stedsnr = 66955 has multiple (2) positions, using the first one!
utility_to_osm - WARNING - ssr:stedsnr = 66956 has multiple (2) positions, using the first one!
utility_to_osm - WARNING - ssr:stedsnr = 66978 has multiple (2) positions, using the first one!
utility_to_osm - WARNING - ssr:stedsnr = 66936 has multiple (2) positions, using the first one!
utility_to_osm - WARNING - ssr:stedsnr = 67767 has multiple (2) positions, using the first one!
utility_to_osm - WARNING - ssr:stedsnr = 67782 has multiple (2) positions, using the first one!
utility_to_osm - WARNING - ssr:stedsnr = 67555 has multiple (2) positions, using the first one!
utility_to_osm - WARNING - ssr:stedsnr = 67582 has multiple (2) positions, using the first one!
utility_to_osm - WARNING - ssr:stedsnr = 67912 has multiple (3) positions, using the first one!
utility_to_osm - WARNING - ssr:stedsnr = 69758 has multiple (2) positions, using the first one!
utility_to_osm - ERROR - ssr:stedsnr = 105348. No positions found, skipping
utility_to_osm - ERROR - ssr:stedsnr = 105101. No positions found, skipping
utility_to_osm - WARNING - ssr:stedsnr = 126021: No priority spelling found for lang = no, using alt_name to get "[('no', 'Stabben')]"
utility_to_osm - WARNING - ssr:stedsnr = 126021 has multiple (2) positions, using the first one!
utility_to_osm - WARNING - ssr:stedsnr = 127368 has multiple (3) positions, using the first one!
utility_to_osm - WARNING - ssr:stedsnr = 127785 has multiple (2) positions, using the first one!
utility_to_osm - WARNING - ssr:stedsnr = 127882 has multiple (4) positions, using the first one!
utility_to_osm - ERROR - ssr:stedsnr = 163591. No positions found, skipping
utility_to_osm - WARNING - ssr:stedsnr = 187042: No priority spelling found for lang = no, using alt_name to get "[('no', 'Raudnipa'), ('no', 'Trollabotsvarden')]"
utility_to_osm - ERROR - ssr:stedsnr = 187042: Adding multiple names to name tag, this is not OK! name = "Raudnipa;Trollabotsvarden"
utility_to_osm - WARNING - ssr:stedsnr = 187042 has multiple (2) positions, using the first one!
utility_to_osm - WARNING - ssr:stedsnr = 187932 has multiple (2) positions, using the first one!
utility_to_osm - WARNING - ssr:stedsnr = 187962 has multiple (2) positions, using the first one!
utility_to_osm - WARNING - ssr:stedsnr = 188347 has multiple (2) positions, using the first one!
utility_to_osm - WARNING - ssr:stedsnr = 188992 has multiple (2) positions, using the first one!
utility_to_osm - WARNING - ssr:stedsnr = 188849 has multiple (3) positions, using the first one!
utility_to_osm - WARNING - ssr:stedsnr = 188857 has multiple (2) positions, using the first one!
utility_to_osm - WARNING - ssr:stedsnr = 191191 has multiple (2) positions, using the first one!
utility_to_osm - ERROR - ssr:stedsnr = 224595. No positions found, skipping
utility_to_osm - ERROR - ssr:stedsnr = 224599. No positions found, skipping
utility_to_osm - WARNING - ssr:stedsnr = 226956 has multiple (2) positions, using the first one!
utility_to_osm - WARNING - ssr:stedsnr = 227228 has multiple (2) positions, using the first one!
utility_to_osm - ERROR - ssr:stedsnr = 284648. No positions found, skipping
utility_to_osm - WARNING - ssr:stedsnr = 287668 has multiple (2) positions, using the first one!
utility_to_osm - WARNING - ssr:stedsnr = 288063 has multiple (2) positions, using the first one!
utility_to_osm - WARNING - ssr:stedsnr = 309198 has multiple (2) positions, using the first one!
utility_to_osm - WARNING - ssr:stedsnr = 309417 has multiple (3) positions, using the first one!
utility_to_osm - WARNING - ssr:stedsnr = 309423 has multiple (3) positions, using the first one!
utility_to_osm - WARNING - ssr:stedsnr = 309326 has multiple (2) positions, using the first one!
utility_to_osm - WARNING - ssr:stedsnr = 310019 has multiple (3) positions, using the first one!
utility_to_osm - WARNING - ssr:stedsnr = 309759 has multiple (2) positions, using the first one!
utility_to_osm - WARNING - ssr:stedsnr = 309966 has multiple (2) positions, using the first one!
utility_to_osm - WARNING - ssr:stedsnr = 310460 has multiple (2) positions, using the first one!
utility_to_osm - WARNING - ssr:stedsnr = 324863: No priority spelling found for lang = no, using alt_name to get "[('no', 'Smådalane')]"
utility_to_osm - WARNING - ssr:stedsnr = 345585 has multiple (4) positions, using the first one!
utility_to_osm - ERROR - ssr:stedsnr = 345587. No positions found, skipping
utility_to_osm - WARNING - ssr:stedsnr = 345601 has multiple (4) positions, using the first one!
utility_to_osm - WARNING - ssr:stedsnr = 350038 has multiple (2) positions, using the first one!
utility_to_osm - ERROR - ssr:stedsnr = 362583. No positions found, skipping
utility_to_osm - ERROR - ssr:stedsnr = 362607. No positions found, skipping
utility_to_osm - WARNING - ssr:stedsnr = 370746: No priority spelling found for lang = no, using alt_name to get "[('no', 'Tyssebruni')]"
utility_to_osm - WARNING - ssr:stedsnr = 370746 has multiple (3) positions, using the first one!
utility_to_osm - WARNING - ssr:stedsnr = 370550 has multiple (2) positions, using the first one!
utility_to_osm - WARNING - ssr:stedsnr = 370618 has multiple (2) positions, using the first one!
utility_to_osm - WARNING - ssr:stedsnr = 370870 has multiple (2) positions, using the first one!
utility_to_osm - WARNING - ssr:stedsnr = 370850 has multiple (2) positions, using the first one!
utility_to_osm - WARNING - ssr:stedsnr = 370939 has multiple (2) positions, using the first one!
utility_to_osm - WARNING - ssr:stedsnr = 373133 has multiple (2) positions, using the first one!
utility_to_osm - ERROR - ssr:stedsnr = 390975. No positions found, skipping
utility_to_osm - ERROR - ssr:stedsnr = 408308. No positions found, skipping
utility_to_osm - ERROR - ssr:stedsnr = 408269. No positions found, skipping
