utility_to_osm - ERROR - ERROR, no ending in ssr2_to_osm_data/data/3823/3823-ssr.xml? Trying to re-download
utility_to_osm - WARNING - ssr:stedsnr = 229752 has multiple (2) positions, using the first one!
utility_to_osm - WARNING - ssr:stedsnr = 861 has multiple (2) positions, using the first one!
utility_to_osm - WARNING - ssr:stedsnr = 1009 has multiple (2) positions, using the first one!
utility_to_osm - WARNING - ssr:stedsnr = 1115 has multiple (3) positions, using the first one!
utility_to_osm - WARNING - ssr:stedsnr = 1310 has multiple (2) positions, using the first one!
utility_to_osm - WARNING - ssr:stedsnr = 1317 has multiple (2) positions, using the first one!
utility_to_osm - WARNING - ssr:stedsnr = 1404 has multiple (4) positions, using the first one!
utility_to_osm - WARNING - ssr:stedsnr = 1406 has multiple (3) positions, using the first one!
utility_to_osm - WARNING - ssr:stedsnr = 1413 has multiple (6) positions, using the first one!
utility_to_osm - WARNING - ssr:stedsnr = 1491 has multiple (3) positions, using the first one!
utility_to_osm - WARNING - ssr:stedsnr = 1602 has multiple (3) positions, using the first one!
utility_to_osm - WARNING - ssr:stedsnr = 1387 has multiple (2) positions, using the first one!
utility_to_osm - WARNING - ssr:stedsnr = 1397 has multiple (2) positions, using the first one!
utility_to_osm - WARNING - ssr:stedsnr = 1400 has multiple (4) positions, using the first one!
utility_to_osm - WARNING - ssr:stedsnr = 2136 has multiple (2) positions, using the first one!
utility_to_osm - WARNING - ssr:stedsnr = 2351 has multiple (2) positions, using the first one!
utility_to_osm - WARNING - ssr:stedsnr = 2216 has multiple (2) positions, using the first one!
utility_to_osm - WARNING - ssr:stedsnr = 2227 has multiple (2) positions, using the first one!
utility_to_osm - WARNING - ssr:stedsnr = 2231 has multiple (2) positions, using the first one!
utility_to_osm - WARNING - ssr:stedsnr = 2234 has multiple (2) positions, using the first one!
utility_to_osm - WARNING - ssr:stedsnr = 2478 has multiple (4) positions, using the first one!
utility_to_osm - WARNING - ssr:stedsnr = 2703 has multiple (6) positions, using the first one!
utility_to_osm - WARNING - ssr:stedsnr = 2906 has multiple (3) positions, using the first one!
utility_to_osm - WARNING - ssr:stedsnr = 2913 has multiple (4) positions, using the first one!
utility_to_osm - WARNING - ssr:stedsnr = 2977 has multiple (2) positions, using the first one!
utility_to_osm - WARNING - ssr:stedsnr = 2978 has multiple (2) positions, using the first one!
utility_to_osm - WARNING - ssr:stedsnr = 2988 has multiple (3) positions, using the first one!
utility_to_osm - WARNING - ssr:stedsnr = 2991 has multiple (2) positions, using the first one!
utility_to_osm - WARNING - ssr:stedsnr = 2993 has multiple (3) positions, using the first one!
utility_to_osm - WARNING - ssr:stedsnr = 3000 has multiple (3) positions, using the first one!
utility_to_osm - WARNING - ssr:stedsnr = 230873 has multiple (2) positions, using the first one!
utility_to_osm - WARNING - ssr:stedsnr = 27515 has multiple (3) positions, using the first one!
utility_to_osm - WARNING - ssr:stedsnr = 27482 has multiple (3) positions, using the first one!
utility_to_osm - WARNING - ssr:stedsnr = 27484 has multiple (2) positions, using the first one!
utility_to_osm - WARNING - ssr:stedsnr = 27488 has multiple (2) positions, using the first one!
utility_to_osm - WARNING - ssr:stedsnr = 28029 has multiple (3) positions, using the first one!
utility_to_osm - WARNING - ssr:stedsnr = 28035 has multiple (2) positions, using the first one!
utility_to_osm - WARNING - ssr:stedsnr = 28070 has multiple (3) positions, using the first one!
utility_to_osm - ERROR - ssr:stedsnr = 41970. No positions found, skipping
utility_to_osm - WARNING - ssr:stedsnr = 237546: No priority spelling found for lang = no, using alt_name to get "[('no', 'Lønnegravsvegen')]"
utility_to_osm - ERROR - ssr:stedsnr = 237546. No positions found, skipping
utility_to_osm - ERROR - ssr:stedsnr = 237553. No positions found, skipping
utility_to_osm - ERROR - ssr:stedsnr = 237556. No positions found, skipping
utility_to_osm - ERROR - ssr:stedsnr = 237562. No positions found, skipping
utility_to_osm - WARNING - ssr:stedsnr = 47511 has multiple (2) positions, using the first one!
utility_to_osm - ERROR - ssr:stedsnr = 58705. No positions found, skipping
utility_to_osm - ERROR - ssr:stedsnr = 59983. No positions found, skipping
utility_to_osm - ERROR - ssr:stedsnr = 59874. No positions found, skipping
utility_to_osm - ERROR - ssr:stedsnr = 59882. No positions found, skipping
utility_to_osm - WARNING - ssr:stedsnr = 62017 has multiple (6) positions, using the first one!
utility_to_osm - WARNING - ssr:stedsnr = 62313 has multiple (3) positions, using the first one!
utility_to_osm - WARNING - ssr:stedsnr = 62315 has multiple (3) positions, using the first one!
utility_to_osm - WARNING - ssr:stedsnr = 62324 has multiple (3) positions, using the first one!
utility_to_osm - WARNING - ssr:stedsnr = 62325 has multiple (4) positions, using the first one!
utility_to_osm - WARNING - ssr:stedsnr = 62070 has multiple (3) positions, using the first one!
utility_to_osm - WARNING - ssr:stedsnr = 62071 has multiple (3) positions, using the first one!
utility_to_osm - WARNING - ssr:stedsnr = 62078 has multiple (4) positions, using the first one!
utility_to_osm - WARNING - ssr:stedsnr = 62081 has multiple (3) positions, using the first one!
utility_to_osm - WARNING - ssr:stedsnr = 62286 has multiple (3) positions, using the first one!
utility_to_osm - WARNING - ssr:stedsnr = 62469 has multiple (3) positions, using the first one!
utility_to_osm - WARNING - ssr:stedsnr = 62620 has multiple (2) positions, using the first one!
utility_to_osm - WARNING - ssr:stedsnr = 62920 has multiple (2) positions, using the first one!
utility_to_osm - WARNING - ssr:stedsnr = 62985 has multiple (3) positions, using the first one!
utility_to_osm - WARNING - ssr:stedsnr = 62991 has multiple (3) positions, using the first one!
utility_to_osm - WARNING - ssr:stedsnr = 63210 has multiple (3) positions, using the first one!
utility_to_osm - WARNING - ssr:stedsnr = 63212 has multiple (3) positions, using the first one!
utility_to_osm - WARNING - ssr:stedsnr = 63214 has multiple (5) positions, using the first one!
utility_to_osm - WARNING - ssr:stedsnr = 63220 has multiple (3) positions, using the first one!
utility_to_osm - WARNING - ssr:stedsnr = 63222 has multiple (3) positions, using the first one!
utility_to_osm - WARNING - ssr:stedsnr = 63905 has multiple (3) positions, using the first one!
utility_to_osm - WARNING - ssr:stedsnr = 243918 has multiple (2) positions, using the first one!
utility_to_osm - WARNING - ssr:stedsnr = 244061 has multiple (2) positions, using the first one!
utility_to_osm - WARNING - ssr:stedsnr = 244065 has multiple (2) positions, using the first one!
utility_to_osm - WARNING - ssr:stedsnr = 244067 has multiple (3) positions, using the first one!
utility_to_osm - WARNING - ssr:stedsnr = 244069 has multiple (3) positions, using the first one!
utility_to_osm - WARNING - ssr:stedsnr = 244076 has multiple (4) positions, using the first one!
utility_to_osm - WARNING - ssr:stedsnr = 244119 has multiple (4) positions, using the first one!
utility_to_osm - WARNING - ssr:stedsnr = 244018 has multiple (2) positions, using the first one!
utility_to_osm - WARNING - ssr:stedsnr = 244029 has multiple (3) positions, using the first one!
utility_to_osm - WARNING - ssr:stedsnr = 244158 has multiple (3) positions, using the first one!
utility_to_osm - WARNING - ssr:stedsnr = 244128 has multiple (3) positions, using the first one!
utility_to_osm - WARNING - ssr:stedsnr = 244180 has multiple (3) positions, using the first one!
utility_to_osm - WARNING - ssr:stedsnr = 244212 has multiple (3) positions, using the first one!
utility_to_osm - WARNING - ssr:stedsnr = 244226 has multiple (3) positions, using the first one!
utility_to_osm - WARNING - ssr:stedsnr = 244228 has multiple (3) positions, using the first one!
utility_to_osm - WARNING - ssr:stedsnr = 244421 has multiple (5) positions, using the first one!
utility_to_osm - WARNING - ssr:stedsnr = 244356 has multiple (2) positions, using the first one!
utility_to_osm - WARNING - ssr:stedsnr = 244361 has multiple (3) positions, using the first one!
utility_to_osm - WARNING - ssr:stedsnr = 244364 has multiple (3) positions, using the first one!
utility_to_osm - WARNING - ssr:stedsnr = 244371 has multiple (3) positions, using the first one!
utility_to_osm - WARNING - ssr:stedsnr = 244439 has multiple (2) positions, using the first one!
utility_to_osm - WARNING - ssr:stedsnr = 244462 has multiple (5) positions, using the first one!
utility_to_osm - WARNING - ssr:stedsnr = 244860 has multiple (3) positions, using the first one!
utility_to_osm - WARNING - ssr:stedsnr = 244869 has multiple (2) positions, using the first one!
utility_to_osm - WARNING - ssr:stedsnr = 244872 has multiple (3) positions, using the first one!
utility_to_osm - WARNING - ssr:stedsnr = 244950 has multiple (3) positions, using the first one!
utility_to_osm - WARNING - ssr:stedsnr = 245174 has multiple (3) positions, using the first one!
utility_to_osm - WARNING - ssr:stedsnr = 245160 has multiple (2) positions, using the first one!
utility_to_osm - WARNING - ssr:stedsnr = 245193 has multiple (3) positions, using the first one!
utility_to_osm - WARNING - ssr:stedsnr = 245208 has multiple (2) positions, using the first one!
utility_to_osm - WARNING - ssr:stedsnr = 245231 has multiple (2) positions, using the first one!
utility_to_osm - WARNING - ssr:stedsnr = 245317 has multiple (3) positions, using the first one!
utility_to_osm - WARNING - ssr:stedsnr = 87342 has multiple (2) positions, using the first one!
utility_to_osm - WARNING - ssr:stedsnr = 88003 has multiple (2) positions, using the first one!
utility_to_osm - WARNING - ssr:stedsnr = 88005 has multiple (2) positions, using the first one!
utility_to_osm - WARNING - ssr:stedsnr = 88024 has multiple (2) positions, using the first one!
utility_to_osm - WARNING - ssr:stedsnr = 88303 has multiple (3) positions, using the first one!
utility_to_osm - WARNING - ssr:stedsnr = 88304 has multiple (3) positions, using the first one!
utility_to_osm - WARNING - ssr:stedsnr = 88409 has multiple (2) positions, using the first one!
utility_to_osm - WARNING - ssr:stedsnr = 88378 has multiple (3) positions, using the first one!
utility_to_osm - WARNING - ssr:stedsnr = 88382 has multiple (2) positions, using the first one!
utility_to_osm - WARNING - ssr:stedsnr = 245993 has multiple (4) positions, using the first one!
utility_to_osm - WARNING - ssr:stedsnr = 246000 has multiple (3) positions, using the first one!
utility_to_osm - WARNING - ssr:stedsnr = 245943 has multiple (3) positions, using the first one!
utility_to_osm - WARNING - ssr:stedsnr = 245961 has multiple (3) positions, using the first one!
utility_to_osm - WARNING - ssr:stedsnr = 94945 has multiple (2) positions, using the first one!
utility_to_osm - WARNING - ssr:stedsnr = 96617 has multiple (2) positions, using the first one!
utility_to_osm - WARNING - ssr:stedsnr = 96659 has multiple (2) positions, using the first one!
utility_to_osm - ERROR - ssr:stedsnr = 119847. No positions found, skipping
utility_to_osm - ERROR - ssr:stedsnr = 119869. No positions found, skipping
utility_to_osm - ERROR - ssr:stedsnr = 120876. No positions found, skipping
utility_to_osm - WARNING - ssr:stedsnr = 122127 has multiple (3) positions, using the first one!
utility_to_osm - WARNING - ssr:stedsnr = 122076 has multiple (3) positions, using the first one!
utility_to_osm - WARNING - ssr:stedsnr = 122080 has multiple (2) positions, using the first one!
utility_to_osm - WARNING - ssr:stedsnr = 122083 has multiple (4) positions, using the first one!
utility_to_osm - WARNING - ssr:stedsnr = 122086 has multiple (3) positions, using the first one!
utility_to_osm - WARNING - ssr:stedsnr = 122087 has multiple (2) positions, using the first one!
utility_to_osm - WARNING - ssr:stedsnr = 122312 has multiple (2) positions, using the first one!
utility_to_osm - WARNING - ssr:stedsnr = 122320 has multiple (2) positions, using the first one!
utility_to_osm - WARNING - ssr:stedsnr = 123017 has multiple (3) positions, using the first one!
utility_to_osm - WARNING - ssr:stedsnr = 123018 has multiple (2) positions, using the first one!
utility_to_osm - WARNING - ssr:stedsnr = 123068 has multiple (4) positions, using the first one!
utility_to_osm - WARNING - ssr:stedsnr = 123073 has multiple (2) positions, using the first one!
utility_to_osm - WARNING - ssr:stedsnr = 123079 has multiple (3) positions, using the first one!
utility_to_osm - WARNING - ssr:stedsnr = 123208 has multiple (2) positions, using the first one!
utility_to_osm - WARNING - ssr:stedsnr = 123118 has multiple (3) positions, using the first one!
utility_to_osm - WARNING - ssr:stedsnr = 123126 has multiple (2) positions, using the first one!
utility_to_osm - WARNING - ssr:stedsnr = 123140 has multiple (2) positions, using the first one!
utility_to_osm - WARNING - ssr:stedsnr = 123142 has multiple (3) positions, using the first one!
utility_to_osm - WARNING - ssr:stedsnr = 123174 has multiple (2) positions, using the first one!
utility_to_osm - WARNING - ssr:stedsnr = 124909 has multiple (3) positions, using the first one!
utility_to_osm - WARNING - ssr:stedsnr = 124919 has multiple (2) positions, using the first one!
utility_to_osm - WARNING - ssr:stedsnr = 144602 has multiple (6) positions, using the first one!
utility_to_osm - WARNING - ssr:stedsnr = 148371 has multiple (3) positions, using the first one!
utility_to_osm - WARNING - ssr:stedsnr = 148455 has multiple (2) positions, using the first one!
utility_to_osm - WARNING - ssr:stedsnr = 149007 has multiple (2) positions, using the first one!
utility_to_osm - WARNING - ssr:stedsnr = 149014 has multiple (3) positions, using the first one!
utility_to_osm - WARNING - ssr:stedsnr = 156161 has multiple (2) positions, using the first one!
utility_to_osm - WARNING - ssr:stedsnr = 157630 has multiple (2) positions, using the first one!
utility_to_osm - WARNING - ssr:stedsnr = 169109 has multiple (2) positions, using the first one!
utility_to_osm - ERROR - ssr:stedsnr = 180564. No positions found, skipping
utility_to_osm - WARNING - ssr:stedsnr = 183217 has multiple (3) positions, using the first one!
utility_to_osm - WARNING - ssr:stedsnr = 183224 has multiple (3) positions, using the first one!
utility_to_osm - WARNING - ssr:stedsnr = 183225 has multiple (4) positions, using the first one!
utility_to_osm - WARNING - ssr:stedsnr = 183231 has multiple (3) positions, using the first one!
utility_to_osm - WARNING - ssr:stedsnr = 183191 has multiple (5) positions, using the first one!
utility_to_osm - WARNING - ssr:stedsnr = 183193 has multiple (3) positions, using the first one!
utility_to_osm - WARNING - ssr:stedsnr = 183195 has multiple (3) positions, using the first one!
utility_to_osm - WARNING - ssr:stedsnr = 183303 has multiple (3) positions, using the first one!
utility_to_osm - WARNING - ssr:stedsnr = 183351 has multiple (5) positions, using the first one!
utility_to_osm - WARNING - ssr:stedsnr = 183356 has multiple (4) positions, using the first one!
utility_to_osm - WARNING - ssr:stedsnr = 183293 has multiple (2) positions, using the first one!
utility_to_osm - WARNING - ssr:stedsnr = 183440 has multiple (3) positions, using the first one!
utility_to_osm - WARNING - ssr:stedsnr = 183442 has multiple (7) positions, using the first one!
utility_to_osm - WARNING - ssr:stedsnr = 184034 has multiple (2) positions, using the first one!
utility_to_osm - WARNING - ssr:stedsnr = 184085 has multiple (3) positions, using the first one!
utility_to_osm - WARNING - ssr:stedsnr = 184095 has multiple (3) positions, using the first one!
utility_to_osm - WARNING - ssr:stedsnr = 184221 has multiple (3) positions, using the first one!
utility_to_osm - WARNING - ssr:stedsnr = 184227 has multiple (3) positions, using the first one!
utility_to_osm - WARNING - ssr:stedsnr = 184188 has multiple (3) positions, using the first one!
utility_to_osm - WARNING - ssr:stedsnr = 184192 has multiple (2) positions, using the first one!
utility_to_osm - WARNING - ssr:stedsnr = 184432 has multiple (2) positions, using the first one!
utility_to_osm - WARNING - ssr:stedsnr = 184442 has multiple (4) positions, using the first one!
utility_to_osm - WARNING - ssr:stedsnr = 184908 has multiple (3) positions, using the first one!
utility_to_osm - WARNING - ssr:stedsnr = 184887 has multiple (3) positions, using the first one!
utility_to_osm - WARNING - ssr:stedsnr = 184981 has multiple (3) positions, using the first one!
utility_to_osm - WARNING - ssr:stedsnr = 184982 has multiple (3) positions, using the first one!
utility_to_osm - WARNING - ssr:stedsnr = 185199 has multiple (3) positions, using the first one!
utility_to_osm - WARNING - ssr:stedsnr = 209447 has multiple (3) positions, using the first one!
utility_to_osm - ERROR - ssr:stedsnr = 210015: Adding multiple names to name tag, this is not OK! name = "Einangsfossen;Einang"
utility_to_osm - WARNING - ssr:stedsnr = 210015 has multiple (3) positions, using the first one!
utility_to_osm - WARNING - ssr:stedsnr = 270389 has multiple (2) positions, using the first one!
utility_to_osm - WARNING - ssr:stedsnr = 270395 has multiple (3) positions, using the first one!
utility_to_osm - WARNING - ssr:stedsnr = 270019 has multiple (3) positions, using the first one!
utility_to_osm - WARNING - ssr:stedsnr = 270044 has multiple (3) positions, using the first one!
utility_to_osm - WARNING - ssr:stedsnr = 217389 has multiple (2) positions, using the first one!
utility_to_osm - WARNING - ssr:stedsnr = 270435 has multiple (3) positions, using the first one!
utility_to_osm - WARNING - ssr:stedsnr = 270439 has multiple (2) positions, using the first one!
utility_to_osm - WARNING - ssr:stedsnr = 270449 has multiple (3) positions, using the first one!
utility_to_osm - WARNING - ssr:stedsnr = 270356 has multiple (3) positions, using the first one!
utility_to_osm - WARNING - ssr:stedsnr = 270358 has multiple (3) positions, using the first one!
utility_to_osm - WARNING - ssr:stedsnr = 270364 has multiple (2) positions, using the first one!
utility_to_osm - WARNING - ssr:stedsnr = 270368 has multiple (2) positions, using the first one!
utility_to_osm - WARNING - ssr:stedsnr = 270519 has multiple (3) positions, using the first one!
utility_to_osm - WARNING - ssr:stedsnr = 229484 has multiple (2) positions, using the first one!
utility_to_osm - WARNING - ssr:stedsnr = 229938 has multiple (2) positions, using the first one!
utility_to_osm - WARNING - ssr:stedsnr = 230092 has multiple (2) positions, using the first one!
utility_to_osm - WARNING - ssr:stedsnr = 230810 has multiple (2) positions, using the first one!
utility_to_osm - ERROR - ssr:stedsnr = 241908. No positions found, skipping
utility_to_osm - WARNING - ssr:stedsnr = 243604 has multiple (2) positions, using the first one!
utility_to_osm - WARNING - ssr:stedsnr = 452006 has multiple (2) positions, using the first one!
utility_to_osm - WARNING - ssr:stedsnr = 243888 has multiple (2) positions, using the first one!
utility_to_osm - WARNING - ssr:stedsnr = 243891 has multiple (3) positions, using the first one!
utility_to_osm - WARNING - ssr:stedsnr = 244049 has multiple (2) positions, using the first one!
utility_to_osm - WARNING - ssr:stedsnr = 244087 has multiple (3) positions, using the first one!
utility_to_osm - WARNING - ssr:stedsnr = 244089 has multiple (2) positions, using the first one!
utility_to_osm - WARNING - ssr:stedsnr = 244090 has multiple (4) positions, using the first one!
utility_to_osm - WARNING - ssr:stedsnr = 244237 has multiple (3) positions, using the first one!
utility_to_osm - WARNING - ssr:stedsnr = 244240 has multiple (3) positions, using the first one!
utility_to_osm - WARNING - ssr:stedsnr = 244243 has multiple (2) positions, using the first one!
utility_to_osm - WARNING - ssr:stedsnr = 244405 has multiple (2) positions, using the first one!
utility_to_osm - WARNING - ssr:stedsnr = 244427 has multiple (3) positions, using the first one!
utility_to_osm - WARNING - ssr:stedsnr = 244436 has multiple (3) positions, using the first one!
utility_to_osm - WARNING - ssr:stedsnr = 452037 has multiple (3) positions, using the first one!
utility_to_osm - WARNING - ssr:stedsnr = 452045 has multiple (2) positions, using the first one!
utility_to_osm - WARNING - ssr:stedsnr = 244185 has multiple (4) positions, using the first one!
utility_to_osm - WARNING - ssr:stedsnr = 244186 has multiple (3) positions, using the first one!
utility_to_osm - WARNING - ssr:stedsnr = 244338 has multiple (4) positions, using the first one!
utility_to_osm - WARNING - ssr:stedsnr = 244380 has multiple (2) positions, using the first one!
utility_to_osm - WARNING - ssr:stedsnr = 244391 has multiple (5) positions, using the first one!
utility_to_osm - WARNING - ssr:stedsnr = 244393 has multiple (3) positions, using the first one!
utility_to_osm - WARNING - ssr:stedsnr = 452055 has multiple (5) positions, using the first one!
utility_to_osm - WARNING - ssr:stedsnr = 244899 has multiple (2) positions, using the first one!
utility_to_osm - WARNING - ssr:stedsnr = 244975 has multiple (4) positions, using the first one!
utility_to_osm - WARNING - ssr:stedsnr = 244979 has multiple (3) positions, using the first one!
utility_to_osm - WARNING - ssr:stedsnr = 452261 has multiple (3) positions, using the first one!
utility_to_osm - WARNING - ssr:stedsnr = 452351 has multiple (2) positions, using the first one!
utility_to_osm - WARNING - ssr:stedsnr = 452384 has multiple (3) positions, using the first one!
utility_to_osm - WARNING - ssr:stedsnr = 452390 has multiple (3) positions, using the first one!
utility_to_osm - WARNING - ssr:stedsnr = 245908 has multiple (2) positions, using the first one!
utility_to_osm - WARNING - ssr:stedsnr = 452438 has multiple (2) positions, using the first one!
utility_to_osm - WARNING - ssr:stedsnr = 270007 has multiple (2) positions, using the first one!
utility_to_osm - WARNING - ssr:stedsnr = 270021 has multiple (4) positions, using the first one!
utility_to_osm - WARNING - ssr:stedsnr = 270433 has multiple (3) positions, using the first one!
utility_to_osm - WARNING - ssr:stedsnr = 270488 has multiple (2) positions, using the first one!
utility_to_osm - WARNING - ssr:stedsnr = 270495 has multiple (2) positions, using the first one!
utility_to_osm - WARNING - ssr:stedsnr = 270501 has multiple (2) positions, using the first one!
utility_to_osm - WARNING - ssr:stedsnr = 270380 has multiple (3) positions, using the first one!
utility_to_osm - WARNING - ssr:stedsnr = 270383 has multiple (3) positions, using the first one!
utility_to_osm - WARNING - ssr:stedsnr = 460084 has multiple (2) positions, using the first one!
utility_to_osm - WARNING - ssr:stedsnr = 460241 has multiple (2) positions, using the first one!
utility_to_osm - WARNING - ssr:stedsnr = 460540 has multiple (2) positions, using the first one!
utility_to_osm - ERROR - ssr:stedsnr = 282776. No positions found, skipping
utility_to_osm - WARNING - ssr:stedsnr = 302878: No priority spelling found for lang = no, using alt_name to get "[('no', 'Fjøddvegen')]"
utility_to_osm - ERROR - ssr:stedsnr = 302878. No positions found, skipping
utility_to_osm - WARNING - ssr:stedsnr = 304174 has multiple (2) positions, using the first one!
utility_to_osm - WARNING - ssr:stedsnr = 304189 has multiple (3) positions, using the first one!
utility_to_osm - WARNING - ssr:stedsnr = 304307 has multiple (2) positions, using the first one!
utility_to_osm - WARNING - ssr:stedsnr = 304376 has multiple (2) positions, using the first one!
utility_to_osm - WARNING - ssr:stedsnr = 304381 has multiple (5) positions, using the first one!
utility_to_osm - WARNING - ssr:stedsnr = 304609 has multiple (3) positions, using the first one!
utility_to_osm - WARNING - ssr:stedsnr = 304906 has multiple (2) positions, using the first one!
utility_to_osm - WARNING - ssr:stedsnr = 304920 has multiple (2) positions, using the first one!
utility_to_osm - WARNING - ssr:stedsnr = 305108 has multiple (3) positions, using the first one!
utility_to_osm - WARNING - ssr:stedsnr = 304870 has multiple (2) positions, using the first one!
utility_to_osm - WARNING - ssr:stedsnr = 304871 has multiple (2) positions, using the first one!
utility_to_osm - WARNING - ssr:stedsnr = 305019 has multiple (2) positions, using the first one!
utility_to_osm - WARNING - ssr:stedsnr = 305021 has multiple (3) positions, using the first one!
utility_to_osm - WARNING - ssr:stedsnr = 305023 has multiple (3) positions, using the first one!
utility_to_osm - WARNING - ssr:stedsnr = 305025 has multiple (3) positions, using the first one!
utility_to_osm - WARNING - ssr:stedsnr = 305029 has multiple (3) positions, using the first one!
utility_to_osm - WARNING - ssr:stedsnr = 305526 has multiple (2) positions, using the first one!
utility_to_osm - WARNING - ssr:stedsnr = 305411 has multiple (3) positions, using the first one!
utility_to_osm - WARNING - ssr:stedsnr = 305419 has multiple (2) positions, using the first one!
utility_to_osm - WARNING - ssr:stedsnr = 305434 has multiple (2) positions, using the first one!
utility_to_osm - WARNING - ssr:stedsnr = 305435 has multiple (3) positions, using the first one!
utility_to_osm - WARNING - ssr:stedsnr = 305457 has multiple (4) positions, using the first one!
utility_to_osm - WARNING - ssr:stedsnr = 305463 has multiple (3) positions, using the first one!
utility_to_osm - WARNING - ssr:stedsnr = 305478 has multiple (2) positions, using the first one!
utility_to_osm - WARNING - ssr:stedsnr = 305973 has multiple (3) positions, using the first one!
utility_to_osm - WARNING - ssr:stedsnr = 305976 has multiple (3) positions, using the first one!
utility_to_osm - WARNING - ssr:stedsnr = 305978 has multiple (3) positions, using the first one!
utility_to_osm - WARNING - ssr:stedsnr = 306912 has multiple (3) positions, using the first one!
utility_to_osm - WARNING - ssr:stedsnr = 306958 has multiple (3) positions, using the first one!
utility_to_osm - WARNING - ssr:stedsnr = 326179: No priority spelling found for lang = no, using alt_name to get "[('no', 'Heiane')]"
utility_to_osm - WARNING - ssr:stedsnr = 326179 has multiple (17) positions, using the first one!
utility_to_osm - WARNING - ssr:stedsnr = 330479 has multiple (4) positions, using the first one!
utility_to_osm - WARNING - ssr:stedsnr = 330483 has multiple (3) positions, using the first one!
utility_to_osm - WARNING - ssr:stedsnr = 330494 has multiple (3) positions, using the first one!
utility_to_osm - WARNING - ssr:stedsnr = 330504 has multiple (3) positions, using the first one!
utility_to_osm - WARNING - ssr:stedsnr = 330514 has multiple (3) positions, using the first one!
utility_to_osm - WARNING - ssr:stedsnr = 330519 has multiple (2) positions, using the first one!
utility_to_osm - WARNING - ssr:stedsnr = 331007 has multiple (2) positions, using the first one!
utility_to_osm - WARNING - ssr:stedsnr = 331010 has multiple (2) positions, using the first one!
utility_to_osm - WARNING - ssr:stedsnr = 331018 has multiple (3) positions, using the first one!
utility_to_osm - WARNING - ssr:stedsnr = 331354 has multiple (4) positions, using the first one!
utility_to_osm - WARNING - ssr:stedsnr = 331359 has multiple (3) positions, using the first one!
utility_to_osm - WARNING - ssr:stedsnr = 331493 has multiple (4) positions, using the first one!
utility_to_osm - WARNING - ssr:stedsnr = 339118 has multiple (2) positions, using the first one!
utility_to_osm - WARNING - ssr:stedsnr = 472153 has multiple (2) positions, using the first one!
utility_to_osm - WARNING - ssr:stedsnr = 339711 has multiple (2) positions, using the first one!
utility_to_osm - ERROR - ssr:stedsnr = 343814. No positions found, skipping
utility_to_osm - ERROR - ssr:stedsnr = 344969. No positions found, skipping
utility_to_osm - WARNING - ssr:stedsnr = 344978: No priority spelling found for lang = no, using alt_name to get "[('no', 'Bjørnstadvegen')]"
utility_to_osm - ERROR - ssr:stedsnr = 344978. No positions found, skipping
utility_to_osm - WARNING - ssr:stedsnr = 351214 has multiple (2) positions, using the first one!
utility_to_osm - WARNING - ssr:stedsnr = 352816 has multiple (2) positions, using the first one!
utility_to_osm - ERROR - ssr:stedsnr = 358748. No positions found, skipping
utility_to_osm - WARNING - ssr:stedsnr = 364938 has multiple (3) positions, using the first one!
utility_to_osm - WARNING - ssr:stedsnr = 364899 has multiple (2) positions, using the first one!
utility_to_osm - WARNING - ssr:stedsnr = 365018 has multiple (3) positions, using the first one!
utility_to_osm - WARNING - ssr:stedsnr = 365308 has multiple (2) positions, using the first one!
utility_to_osm - WARNING - ssr:stedsnr = 365207 has multiple (3) positions, using the first one!
utility_to_osm - WARNING - ssr:stedsnr = 365240 has multiple (3) positions, using the first one!
utility_to_osm - WARNING - ssr:stedsnr = 365247 has multiple (3) positions, using the first one!
utility_to_osm - WARNING - ssr:stedsnr = 365249 has multiple (3) positions, using the first one!
utility_to_osm - WARNING - ssr:stedsnr = 365408 has multiple (3) positions, using the first one!
utility_to_osm - WARNING - ssr:stedsnr = 365417 has multiple (3) positions, using the first one!
utility_to_osm - WARNING - ssr:stedsnr = 365399 has multiple (2) positions, using the first one!
utility_to_osm - WARNING - ssr:stedsnr = 365502 has multiple (4) positions, using the first one!
utility_to_osm - WARNING - ssr:stedsnr = 365506 has multiple (3) positions, using the first one!
utility_to_osm - WARNING - ssr:stedsnr = 365494 has multiple (3) positions, using the first one!
utility_to_osm - WARNING - ssr:stedsnr = 365608 has multiple (6) positions, using the first one!
utility_to_osm - WARNING - ssr:stedsnr = 366220 has multiple (2) positions, using the first one!
utility_to_osm - WARNING - ssr:stedsnr = 366333 has multiple (2) positions, using the first one!
utility_to_osm - WARNING - ssr:stedsnr = 366344 has multiple (2) positions, using the first one!
utility_to_osm - WARNING - ssr:stedsnr = 366441 has multiple (3) positions, using the first one!
utility_to_osm - WARNING - ssr:stedsnr = 366906 has multiple (7) positions, using the first one!
utility_to_osm - WARNING - ssr:stedsnr = 366976 has multiple (3) positions, using the first one!
utility_to_osm - ERROR - ssr:stedsnr = 480529. No positions found, skipping
utility_to_osm - WARNING - ssr:stedsnr = 391403 has multiple (3) positions, using the first one!
utility_to_osm - WARNING - ssr:stedsnr = 391410 has multiple (2) positions, using the first one!
utility_to_osm - WARNING - ssr:stedsnr = 391385 has multiple (2) positions, using the first one!
utility_to_osm - WARNING - ssr:stedsnr = 391387 has multiple (2) positions, using the first one!
utility_to_osm - WARNING - ssr:stedsnr = 391494 has multiple (2) positions, using the first one!
utility_to_osm - WARNING - ssr:stedsnr = 484843: No priority spelling found for lang = no, using alt_name to get "[('no', 'Grythe søndre')]"
utility_to_osm - WARNING - ssr:stedsnr = 399835 has multiple (2) positions, using the first one!
utility_to_osm - ERROR - ssr:stedsnr = 484874. No positions found, skipping
utility_to_osm - ERROR - ssr:stedsnr = 484889. No positions found, skipping
utility_to_osm - WARNING - ssr:stedsnr = 486065 has multiple (2) positions, using the first one!
utility_to_osm - WARNING - ssr:stedsnr = 486073 has multiple (3) positions, using the first one!
utility_to_osm - ERROR - ssr:stedsnr = 405839. No positions found, skipping
utility_to_osm - WARNING - ssr:stedsnr = 486097 has multiple (3) positions, using the first one!
utility_to_osm - WARNING - ssr:stedsnr = 486099 has multiple (3) positions, using the first one!
utility_to_osm - WARNING - ssr:stedsnr = 486173 has multiple (4) positions, using the first one!
utility_to_osm - WARNING - ssr:stedsnr = 486182 has multiple (3) positions, using the first one!
utility_to_osm - WARNING - ssr:stedsnr = 486370 has multiple (3) positions, using the first one!
utility_to_osm - WARNING - ssr:stedsnr = 486321 has multiple (2) positions, using the first one!
utility_to_osm - WARNING - ssr:stedsnr = 486342 has multiple (2) positions, using the first one!
utility_to_osm - WARNING - ssr:stedsnr = 486343 has multiple (3) positions, using the first one!
utility_to_osm - WARNING - ssr:stedsnr = 486346 has multiple (2) positions, using the first one!
utility_to_osm - WARNING - ssr:stedsnr = 486386 has multiple (3) positions, using the first one!
utility_to_osm - WARNING - ssr:stedsnr = 486389 has multiple (4) positions, using the first one!
utility_to_osm - WARNING - ssr:stedsnr = 486398 has multiple (4) positions, using the first one!
utility_to_osm - WARNING - ssr:stedsnr = 486350 has multiple (2) positions, using the first one!
utility_to_osm - WARNING - ssr:stedsnr = 486898 has multiple (2) positions, using the first one!
utility_to_osm - WARNING - ssr:stedsnr = 486850 has multiple (2) positions, using the first one!
utility_to_osm - WARNING - ssr:stedsnr = 486900 has multiple (2) positions, using the first one!
utility_to_osm - WARNING - ssr:stedsnr = 487037 has multiple (2) positions, using the first one!
utility_to_osm - WARNING - ssr:stedsnr = 487041 has multiple (2) positions, using the first one!
utility_to_osm - WARNING - ssr:stedsnr = 487047 has multiple (3) positions, using the first one!
utility_to_osm - WARNING - ssr:stedsnr = 487087 has multiple (4) positions, using the first one!
utility_to_osm - WARNING - ssr:stedsnr = 487089 has multiple (3) positions, using the first one!
utility_to_osm - WARNING - ssr:stedsnr = 487093 has multiple (3) positions, using the first one!
utility_to_osm - WARNING - ssr:stedsnr = 487094 has multiple (3) positions, using the first one!
utility_to_osm - WARNING - ssr:stedsnr = 487184 has multiple (2) positions, using the first one!
utility_to_osm - WARNING - ssr:stedsnr = 487185 has multiple (2) positions, using the first one!
utility_to_osm - WARNING - ssr:stedsnr = 487200 has multiple (3) positions, using the first one!
utility_to_osm - WARNING - ssr:stedsnr = 487123 has multiple (3) positions, using the first one!
utility_to_osm - WARNING - ssr:stedsnr = 487135 has multiple (3) positions, using the first one!
utility_to_osm - WARNING - ssr:stedsnr = 487137 has multiple (2) positions, using the first one!
utility_to_osm - WARNING - ssr:stedsnr = 487141 has multiple (4) positions, using the first one!
utility_to_osm - WARNING - ssr:stedsnr = 487146 has multiple (2) positions, using the first one!
utility_to_osm - WARNING - ssr:stedsnr = 487148 has multiple (3) positions, using the first one!
utility_to_osm - WARNING - ssr:stedsnr = 487228 has multiple (3) positions, using the first one!
utility_to_osm - WARNING - ssr:stedsnr = 487230 has multiple (2) positions, using the first one!
utility_to_osm - WARNING - ssr:stedsnr = 487233 has multiple (5) positions, using the first one!
utility_to_osm - WARNING - ssr:stedsnr = 487234 has multiple (3) positions, using the first one!
utility_to_osm - WARNING - ssr:stedsnr = 487359 has multiple (2) positions, using the first one!
utility_to_osm - WARNING - ssr:stedsnr = 487360 has multiple (2) positions, using the first one!
utility_to_osm - WARNING - ssr:stedsnr = 487374 has multiple (2) positions, using the first one!
utility_to_osm - WARNING - ssr:stedsnr = 487379 has multiple (2) positions, using the first one!
utility_to_osm - WARNING - ssr:stedsnr = 487346 has multiple (2) positions, using the first one!
utility_to_osm - WARNING - ssr:stedsnr = 487439 has multiple (3) positions, using the first one!
utility_to_osm - WARNING - ssr:stedsnr = 487530 has multiple (2) positions, using the first one!
utility_to_osm - WARNING - ssr:stedsnr = 487546 has multiple (3) positions, using the first one!
utility_to_osm - WARNING - ssr:stedsnr = 487773 has multiple (3) positions, using the first one!
utility_to_osm - WARNING - ssr:stedsnr = 487890 has multiple (3) positions, using the first one!
utility_to_osm - WARNING - ssr:stedsnr = 487929 has multiple (3) positions, using the first one!
utility_to_osm - WARNING - ssr:stedsnr = 487941 has multiple (3) positions, using the first one!
utility_to_osm - WARNING - ssr:stedsnr = 487943 has multiple (3) positions, using the first one!
utility_to_osm - WARNING - ssr:stedsnr = 487947 has multiple (3) positions, using the first one!
utility_to_osm - WARNING - ssr:stedsnr = 488154 has multiple (2) positions, using the first one!
utility_to_osm - WARNING - ssr:stedsnr = 487980 has multiple (3) positions, using the first one!
utility_to_osm - WARNING - ssr:stedsnr = 487987 has multiple (3) positions, using the first one!
utility_to_osm - WARNING - ssr:stedsnr = 487995 has multiple (2) positions, using the first one!
utility_to_osm - WARNING - ssr:stedsnr = 488207 has multiple (4) positions, using the first one!
utility_to_osm - WARNING - ssr:stedsnr = 488907 has multiple (2) positions, using the first one!
utility_to_osm - WARNING - ssr:stedsnr = 488908 has multiple (2) positions, using the first one!
utility_to_osm - WARNING - ssr:stedsnr = 488927 has multiple (2) positions, using the first one!
utility_to_osm - ERROR - ssr:stedsnr = 423841. No positions found, skipping
utility_to_osm - WARNING - ssr:stedsnr = 425898 has multiple (2) positions, using the first one!
utility_to_osm - WARNING - ssr:stedsnr = 426208 has multiple (4) positions, using the first one!
utility_to_osm - WARNING - ssr:stedsnr = 426217 has multiple (3) positions, using the first one!
utility_to_osm - WARNING - ssr:stedsnr = 426116 has multiple (3) positions, using the first one!
utility_to_osm - WARNING - ssr:stedsnr = 426147 has multiple (3) positions, using the first one!
utility_to_osm - WARNING - ssr:stedsnr = 426307 has multiple (3) positions, using the first one!
utility_to_osm - WARNING - ssr:stedsnr = 426318 has multiple (2) positions, using the first one!
utility_to_osm - WARNING - ssr:stedsnr = 426334 has multiple (3) positions, using the first one!
utility_to_osm - WARNING - ssr:stedsnr = 426403 has multiple (3) positions, using the first one!
utility_to_osm - WARNING - ssr:stedsnr = 426380 has multiple (3) positions, using the first one!
utility_to_osm - WARNING - ssr:stedsnr = 426387 has multiple (2) positions, using the first one!
utility_to_osm - WARNING - ssr:stedsnr = 426874 has multiple (3) positions, using the first one!
utility_to_osm - WARNING - ssr:stedsnr = 426927 has multiple (3) positions, using the first one!
utility_to_osm - WARNING - ssr:stedsnr = 427112 has multiple (3) positions, using the first one!
utility_to_osm - WARNING - ssr:stedsnr = 427210 has multiple (2) positions, using the first one!
utility_to_osm - WARNING - ssr:stedsnr = 427180 has multiple (3) positions, using the first one!
utility_to_osm - WARNING - ssr:stedsnr = 427183 has multiple (3) positions, using the first one!
utility_to_osm - WARNING - ssr:stedsnr = 427186 has multiple (2) positions, using the first one!
utility_to_osm - WARNING - ssr:stedsnr = 427187 has multiple (3) positions, using the first one!
utility_to_osm - WARNING - ssr:stedsnr = 427376 has multiple (3) positions, using the first one!
utility_to_osm - WARNING - ssr:stedsnr = 427384 has multiple (2) positions, using the first one!
utility_to_osm - WARNING - ssr:stedsnr = 427473 has multiple (3) positions, using the first one!
utility_to_osm - WARNING - ssr:stedsnr = 427902 has multiple (3) positions, using the first one!
utility_to_osm - WARNING - ssr:stedsnr = 427904 has multiple (2) positions, using the first one!
utility_to_osm - WARNING - ssr:stedsnr = 427909 has multiple (4) positions, using the first one!
utility_to_osm - WARNING - ssr:stedsnr = 427967 has multiple (4) positions, using the first one!
utility_to_osm - WARNING - ssr:stedsnr = 670932 has multiple (4) positions, using the first one!
utility_to_osm - WARNING - ssr:stedsnr = 670961 has multiple (2) positions, using the first one!
utility_to_osm - WARNING - ssr:stedsnr = 670967 has multiple (3) positions, using the first one!
utility_to_osm - WARNING - ssr:stedsnr = 452475 has multiple (3) positions, using the first one!
utility_to_osm - WARNING - ssr:stedsnr = 452507 has multiple (3) positions, using the first one!
utility_to_osm - WARNING - ssr:stedsnr = 453807 has multiple (3) positions, using the first one!
utility_to_osm - WARNING - ssr:stedsnr = 459177 has multiple (2) positions, using the first one!
utility_to_osm - WARNING - ssr:stedsnr = 460011 has multiple (2) positions, using the first one!
utility_to_osm - WARNING - ssr:stedsnr = 471560 has multiple (2) positions, using the first one!
utility_to_osm - WARNING - ssr:stedsnr = 472314 has multiple (2) positions, using the first one!
utility_to_osm - ERROR - ssr:stedsnr = 480757. No positions found, skipping
utility_to_osm - WARNING - ssr:stedsnr = 486207 has multiple (2) positions, using the first one!
utility_to_osm - WARNING - ssr:stedsnr = 486402 has multiple (2) positions, using the first one!
utility_to_osm - WARNING - ssr:stedsnr = 486403 has multiple (3) positions, using the first one!
utility_to_osm - WARNING - ssr:stedsnr = 486409 has multiple (3) positions, using the first one!
utility_to_osm - WARNING - ssr:stedsnr = 486414 has multiple (4) positions, using the first one!
utility_to_osm - WARNING - ssr:stedsnr = 486631 has multiple (2) positions, using the first one!
utility_to_osm - WARNING - ssr:stedsnr = 486856 has multiple (3) positions, using the first one!
utility_to_osm - WARNING - ssr:stedsnr = 487010 has multiple (2) positions, using the first one!
utility_to_osm - WARNING - ssr:stedsnr = 487014 has multiple (2) positions, using the first one!
utility_to_osm - WARNING - ssr:stedsnr = 487021 has multiple (3) positions, using the first one!
utility_to_osm - WARNING - ssr:stedsnr = 487104 has multiple (3) positions, using the first one!
utility_to_osm - WARNING - ssr:stedsnr = 487177 has multiple (3) positions, using the first one!
utility_to_osm - WARNING - ssr:stedsnr = 487352 has multiple (4) positions, using the first one!
utility_to_osm - WARNING - ssr:stedsnr = 487356 has multiple (2) positions, using the first one!
utility_to_osm - WARNING - ssr:stedsnr = 487357 has multiple (2) positions, using the first one!
utility_to_osm - WARNING - ssr:stedsnr = 487358 has multiple (2) positions, using the first one!
utility_to_osm - WARNING - ssr:stedsnr = 487204 has multiple (2) positions, using the first one!
utility_to_osm - WARNING - ssr:stedsnr = 487206 has multiple (4) positions, using the first one!
utility_to_osm - WARNING - ssr:stedsnr = 487220 has multiple (2) positions, using the first one!
utility_to_osm - WARNING - ssr:stedsnr = 487480 has multiple (3) positions, using the first one!
utility_to_osm - WARNING - ssr:stedsnr = 487956 has multiple (3) positions, using the first one!
utility_to_osm - WARNING - ssr:stedsnr = 487958 has multiple (3) positions, using the first one!
utility_to_osm - WARNING - ssr:stedsnr = 487970 has multiple (3) positions, using the first one!
utility_to_osm - WARNING - ssr:stedsnr = 487999 has multiple (3) positions, using the first one!
utility_to_osm - WARNING - ssr:stedsnr = 488187 has multiple (2) positions, using the first one!
utility_to_osm - WARNING - ssr:stedsnr = 488189 has multiple (2) positions, using the first one!
utility_to_osm - WARNING - ssr:stedsnr = 512473 has multiple (2) positions, using the first one!
utility_to_osm - WARNING - ssr:stedsnr = 513024 has multiple (3) positions, using the first one!
utility_to_osm - WARNING - ssr:stedsnr = 513030 has multiple (2) positions, using the first one!
utility_to_osm - WARNING - ssr:stedsnr = 513404 has multiple (3) positions, using the first one!
utility_to_osm - WARNING - ssr:stedsnr = 513419 has multiple (3) positions, using the first one!
utility_to_osm - WARNING - ssr:stedsnr = 513307 has multiple (2) positions, using the first one!
utility_to_osm - WARNING - ssr:stedsnr = 513308 has multiple (3) positions, using the first one!
utility_to_osm - WARNING - ssr:stedsnr = 513375 has multiple (3) positions, using the first one!
utility_to_osm - WARNING - ssr:stedsnr = 513378 has multiple (2) positions, using the first one!
utility_to_osm - WARNING - ssr:stedsnr = 513382 has multiple (2) positions, using the first one!
utility_to_osm - WARNING - ssr:stedsnr = 520210 has multiple (2) positions, using the first one!
utility_to_osm - WARNING - ssr:stedsnr = 521302 has multiple (2) positions, using the first one!
utility_to_osm - WARNING - ssr:stedsnr = 521462 has multiple (2) positions, using the first one!
utility_to_osm - WARNING - ssr:stedsnr = 521726 has multiple (2) positions, using the first one!
utility_to_osm - WARNING - ssr:stedsnr = 533211 has multiple (2) positions, using the first one!
utility_to_osm - ERROR - ssr:stedsnr = 544816. No positions found, skipping
utility_to_osm - WARNING - ssr:stedsnr = 544905: No priority spelling found for lang = no, using alt_name to get "[('no', 'Heivegen')]"
utility_to_osm - ERROR - ssr:stedsnr = 544905. No positions found, skipping
utility_to_osm - WARNING - ssr:stedsnr = 546871 has multiple (2) positions, using the first one!
utility_to_osm - WARNING - ssr:stedsnr = 546878 has multiple (3) positions, using the first one!
utility_to_osm - WARNING - ssr:stedsnr = 547016 has multiple (3) positions, using the first one!
utility_to_osm - WARNING - ssr:stedsnr = 547021 has multiple (2) positions, using the first one!
utility_to_osm - WARNING - ssr:stedsnr = 547028 has multiple (3) positions, using the first one!
utility_to_osm - WARNING - ssr:stedsnr = 546913 has multiple (3) positions, using the first one!
utility_to_osm - WARNING - ssr:stedsnr = 547117 has multiple (8) positions, using the first one!
utility_to_osm - WARNING - ssr:stedsnr = 547122 has multiple (2) positions, using the first one!
utility_to_osm - WARNING - ssr:stedsnr = 547186 has multiple (3) positions, using the first one!
utility_to_osm - WARNING - ssr:stedsnr = 547195 has multiple (3) positions, using the first one!
utility_to_osm - WARNING - ssr:stedsnr = 547368 has multiple (2) positions, using the first one!
utility_to_osm - WARNING - ssr:stedsnr = 547369 has multiple (3) positions, using the first one!
utility_to_osm - WARNING - ssr:stedsnr = 547217 has multiple (3) positions, using the first one!
utility_to_osm - WARNING - ssr:stedsnr = 547219 has multiple (2) positions, using the first one!
utility_to_osm - WARNING - ssr:stedsnr = 547203 has multiple (3) positions, using the first one!
utility_to_osm - WARNING - ssr:stedsnr = 547229 has multiple (3) positions, using the first one!
utility_to_osm - WARNING - ssr:stedsnr = 547266 has multiple (3) positions, using the first one!
utility_to_osm - WARNING - ssr:stedsnr = 547275 has multiple (3) positions, using the first one!
utility_to_osm - WARNING - ssr:stedsnr = 547277 has multiple (3) positions, using the first one!
utility_to_osm - WARNING - ssr:stedsnr = 547409 has multiple (2) positions, using the first one!
utility_to_osm - WARNING - ssr:stedsnr = 547680 has multiple (3) positions, using the first one!
utility_to_osm - WARNING - ssr:stedsnr = 547875 has multiple (2) positions, using the first one!
utility_to_osm - WARNING - ssr:stedsnr = 547878 has multiple (4) positions, using the first one!
utility_to_osm - WARNING - ssr:stedsnr = 547885 has multiple (2) positions, using the first one!
utility_to_osm - WARNING - ssr:stedsnr = 548060 has multiple (2) positions, using the first one!
utility_to_osm - WARNING - ssr:stedsnr = 548209 has multiple (2) positions, using the first one!
utility_to_osm - WARNING - ssr:stedsnr = 548460 has multiple (3) positions, using the first one!
utility_to_osm - WARNING - ssr:stedsnr = 548197 has multiple (3) positions, using the first one!
utility_to_osm - WARNING - ssr:stedsnr = 548356 has multiple (2) positions, using the first one!
utility_to_osm - WARNING - ssr:stedsnr = 548368 has multiple (6) positions, using the first one!
utility_to_osm - WARNING - ssr:stedsnr = 548379 has multiple (6) positions, using the first one!
utility_to_osm - WARNING - ssr:stedsnr = 548955 has multiple (3) positions, using the first one!
utility_to_osm - WARNING - ssr:stedsnr = 548958 has multiple (2) positions, using the first one!
utility_to_osm - WARNING - ssr:stedsnr = 549649 has multiple (4) positions, using the first one!
utility_to_osm - WARNING - ssr:stedsnr = 573005 has multiple (3) positions, using the first one!
utility_to_osm - WARNING - ssr:stedsnr = 573406 has multiple (2) positions, using the first one!
utility_to_osm - WARNING - ssr:stedsnr = 573418 has multiple (2) positions, using the first one!
utility_to_osm - WARNING - ssr:stedsnr = 695035 has multiple (3) positions, using the first one!
utility_to_osm - WARNING - ssr:stedsnr = 695036 has multiple (3) positions, using the first one!
utility_to_osm - WARNING - ssr:stedsnr = 695045 has multiple (3) positions, using the first one!
utility_to_osm - WARNING - ssr:stedsnr = 695052 has multiple (3) positions, using the first one!
utility_to_osm - WARNING - ssr:stedsnr = 695061 has multiple (6) positions, using the first one!
utility_to_osm - WARNING - ssr:stedsnr = 695380 has multiple (3) positions, using the first one!
utility_to_osm - WARNING - ssr:stedsnr = 695386 has multiple (2) positions, using the first one!
utility_to_osm - WARNING - ssr:stedsnr = 695395 has multiple (2) positions, using the first one!
utility_to_osm - WARNING - ssr:stedsnr = 695397 has multiple (2) positions, using the first one!
utility_to_osm - WARNING - ssr:stedsnr = 581602 has multiple (2) positions, using the first one!
utility_to_osm - ERROR - ssr:stedsnr = 587151. No positions found, skipping
utility_to_osm - ERROR - ssr:stedsnr = 604854. No positions found, skipping
utility_to_osm - WARNING - ssr:stedsnr = 606896: No priority spelling found for lang = no, using alt_name to get "[('no', 'Brårfjell naturreservat')]"
utility_to_osm - WARNING - ssr:stedsnr = 607047 has multiple (3) positions, using the first one!
utility_to_osm - WARNING - ssr:stedsnr = 607220 has multiple (3) positions, using the first one!
utility_to_osm - WARNING - ssr:stedsnr = 607352 has multiple (3) positions, using the first one!
utility_to_osm - WARNING - ssr:stedsnr = 607354 has multiple (3) positions, using the first one!
utility_to_osm - WARNING - ssr:stedsnr = 607364 has multiple (2) positions, using the first one!
utility_to_osm - WARNING - ssr:stedsnr = 607396 has multiple (3) positions, using the first one!
utility_to_osm - WARNING - ssr:stedsnr = 607399 has multiple (3) positions, using the first one!
utility_to_osm - WARNING - ssr:stedsnr = 607461 has multiple (3) positions, using the first one!
utility_to_osm - WARNING - ssr:stedsnr = 607845 has multiple (3) positions, using the first one!
utility_to_osm - WARNING - ssr:stedsnr = 608020 has multiple (2) positions, using the first one!
utility_to_osm - WARNING - ssr:stedsnr = 607943 has multiple (2) positions, using the first one!
utility_to_osm - WARNING - ssr:stedsnr = 608141 has multiple (3) positions, using the first one!
utility_to_osm - WARNING - ssr:stedsnr = 608155 has multiple (3) positions, using the first one!
utility_to_osm - WARNING - ssr:stedsnr = 608193 has multiple (3) positions, using the first one!
utility_to_osm - WARNING - ssr:stedsnr = 608197 has multiple (3) positions, using the first one!
utility_to_osm - WARNING - ssr:stedsnr = 608198 has multiple (3) positions, using the first one!
utility_to_osm - WARNING - ssr:stedsnr = 608204 has multiple (3) positions, using the first one!
utility_to_osm - WARNING - ssr:stedsnr = 608404 has multiple (2) positions, using the first one!
utility_to_osm - WARNING - ssr:stedsnr = 608408 has multiple (2) positions, using the first one!
utility_to_osm - WARNING - ssr:stedsnr = 608442 has multiple (3) positions, using the first one!
utility_to_osm - WARNING - ssr:stedsnr = 608412 has multiple (2) positions, using the first one!
utility_to_osm - WARNING - ssr:stedsnr = 608339 has multiple (2) positions, using the first one!
utility_to_osm - WARNING - ssr:stedsnr = 608507 has multiple (3) positions, using the first one!
utility_to_osm - WARNING - ssr:stedsnr = 608542 has multiple (2) positions, using the first one!
utility_to_osm - WARNING - ssr:stedsnr = 608986 has multiple (4) positions, using the first one!
utility_to_osm - WARNING - ssr:stedsnr = 608991 has multiple (3) positions, using the first one!
utility_to_osm - WARNING - ssr:stedsnr = 609190 has multiple (3) positions, using the first one!
utility_to_osm - WARNING - ssr:stedsnr = 609906 has multiple (3) positions, using the first one!
utility_to_osm - WARNING - ssr:stedsnr = 609920 has multiple (3) positions, using the first one!
utility_to_osm - WARNING - ssr:stedsnr = 609926 has multiple (3) positions, using the first one!
utility_to_osm - WARNING - ssr:stedsnr = 609928 has multiple (3) positions, using the first one!
utility_to_osm - WARNING - ssr:stedsnr = 609930 has multiple (2) positions, using the first one!
utility_to_osm - WARNING - ssr:stedsnr = 609931 has multiple (3) positions, using the first one!
utility_to_osm - WARNING - ssr:stedsnr = 609932 has multiple (2) positions, using the first one!
utility_to_osm - WARNING - ssr:stedsnr = 609940 has multiple (3) positions, using the first one!
utility_to_osm - WARNING - ssr:stedsnr = 609951 has multiple (3) positions, using the first one!
utility_to_osm - WARNING - ssr:stedsnr = 702293 has multiple (2) positions, using the first one!
utility_to_osm - WARNING - ssr:stedsnr = 702254 has multiple (2) positions, using the first one!
utility_to_osm - WARNING - ssr:stedsnr = 702859 has multiple (2) positions, using the first one!
utility_to_osm - WARNING - ssr:stedsnr = 633482 has multiple (3) positions, using the first one!
utility_to_osm - WARNING - ssr:stedsnr = 633483 has multiple (4) positions, using the first one!
utility_to_osm - WARNING - ssr:stedsnr = 633487 has multiple (3) positions, using the first one!
utility_to_osm - WARNING - ssr:stedsnr = 633395 has multiple (3) positions, using the first one!
utility_to_osm - WARNING - ssr:stedsnr = 633509 has multiple (2) positions, using the first one!
utility_to_osm - WARNING - ssr:stedsnr = 633510 has multiple (3) positions, using the first one!
utility_to_osm - WARNING - ssr:stedsnr = 634403 has multiple (2) positions, using the first one!
utility_to_osm - WARNING - ssr:stedsnr = 634405 has multiple (2) positions, using the first one!
utility_to_osm - WARNING - ssr:stedsnr = 640510 has multiple (2) positions, using the first one!
utility_to_osm - WARNING - ssr:stedsnr = 640804 has multiple (2) positions, using the first one!
utility_to_osm - WARNING - ssr:stedsnr = 641323 has multiple (2) positions, using the first one!
utility_to_osm - WARNING - ssr:stedsnr = 651140 has multiple (2) positions, using the first one!
utility_to_osm - WARNING - ssr:stedsnr = 653412 has multiple (2) positions, using the first one!
utility_to_osm - WARNING - ssr:stedsnr = 655112 has multiple (2) positions, using the first one!
utility_to_osm - WARNING - ssr:stedsnr = 656996 has multiple (2) positions, using the first one!
utility_to_osm - ERROR - ssr:stedsnr = 661541. No positions found, skipping
utility_to_osm - ERROR - ssr:stedsnr = 709149. No positions found, skipping
utility_to_osm - ERROR - ssr:stedsnr = 665840. No positions found, skipping
utility_to_osm - WARNING - ssr:stedsnr = 668205 has multiple (3) positions, using the first one!
utility_to_osm - WARNING - ssr:stedsnr = 668237 has multiple (3) positions, using the first one!
utility_to_osm - WARNING - ssr:stedsnr = 668405 has multiple (4) positions, using the first one!
utility_to_osm - WARNING - ssr:stedsnr = 668406 has multiple (3) positions, using the first one!
utility_to_osm - WARNING - ssr:stedsnr = 668481 has multiple (3) positions, using the first one!
utility_to_osm - WARNING - ssr:stedsnr = 668488 has multiple (3) positions, using the first one!
utility_to_osm - WARNING - ssr:stedsnr = 668398 has multiple (2) positions, using the first one!
utility_to_osm - WARNING - ssr:stedsnr = 668904 has multiple (2) positions, using the first one!
utility_to_osm - WARNING - ssr:stedsnr = 668916 has multiple (2) positions, using the first one!
utility_to_osm - WARNING - ssr:stedsnr = 669031 has multiple (3) positions, using the first one!
utility_to_osm - WARNING - ssr:stedsnr = 669080 has multiple (3) positions, using the first one!
utility_to_osm - WARNING - ssr:stedsnr = 669082 has multiple (3) positions, using the first one!
utility_to_osm - WARNING - ssr:stedsnr = 669093 has multiple (3) positions, using the first one!
utility_to_osm - WARNING - ssr:stedsnr = 669096 has multiple (3) positions, using the first one!
utility_to_osm - WARNING - ssr:stedsnr = 669212 has multiple (6) positions, using the first one!
utility_to_osm - WARNING - ssr:stedsnr = 669127 has multiple (3) positions, using the first one!
utility_to_osm - WARNING - ssr:stedsnr = 669129 has multiple (3) positions, using the first one!
utility_to_osm - WARNING - ssr:stedsnr = 669133 has multiple (2) positions, using the first one!
utility_to_osm - WARNING - ssr:stedsnr = 669136 has multiple (3) positions, using the first one!
utility_to_osm - WARNING - ssr:stedsnr = 669179 has multiple (3) positions, using the first one!
utility_to_osm - WARNING - ssr:stedsnr = 669187 has multiple (2) positions, using the first one!
utility_to_osm - WARNING - ssr:stedsnr = 669200 has multiple (3) positions, using the first one!
utility_to_osm - WARNING - ssr:stedsnr = 669316 has multiple (2) positions, using the first one!
utility_to_osm - WARNING - ssr:stedsnr = 669406 has multiple (2) positions, using the first one!
utility_to_osm - WARNING - ssr:stedsnr = 669409 has multiple (4) positions, using the first one!
utility_to_osm - WARNING - ssr:stedsnr = 669421 has multiple (4) positions, using the first one!
utility_to_osm - WARNING - ssr:stedsnr = 669498 has multiple (3) positions, using the first one!
utility_to_osm - WARNING - ssr:stedsnr = 669377 has multiple (3) positions, using the first one!
utility_to_osm - WARNING - ssr:stedsnr = 669916 has multiple (3) positions, using the first one!
utility_to_osm - WARNING - ssr:stedsnr = 669972 has multiple (2) positions, using the first one!
utility_to_osm - WARNING - ssr:stedsnr = 669988 has multiple (5) positions, using the first one!
utility_to_osm - WARNING - ssr:stedsnr = 669990 has multiple (3) positions, using the first one!
utility_to_osm - WARNING - ssr:stedsnr = 669991 has multiple (3) positions, using the first one!
utility_to_osm - WARNING - ssr:stedsnr = 670178 has multiple (2) positions, using the first one!
utility_to_osm - WARNING - ssr:stedsnr = 670920 has multiple (3) positions, using the first one!
utility_to_osm - WARNING - ssr:stedsnr = 670972 has multiple (3) positions, using the first one!
utility_to_osm - ERROR - ssr:stedsnr = 891974. No positions found, skipping
utility_to_osm - WARNING - ssr:stedsnr = 694323 has multiple (4) positions, using the first one!
utility_to_osm - WARNING - ssr:stedsnr = 695012 has multiple (3) positions, using the first one!
utility_to_osm - WARNING - ssr:stedsnr = 695024 has multiple (2) positions, using the first one!
utility_to_osm - WARNING - ssr:stedsnr = 695072 has multiple (4) positions, using the first one!
utility_to_osm - WARNING - ssr:stedsnr = 695409 has multiple (3) positions, using the first one!
utility_to_osm - WARNING - ssr:stedsnr = 695511 has multiple (3) positions, using the first one!
utility_to_osm - WARNING - ssr:stedsnr = 695516 has multiple (3) positions, using the first one!
utility_to_osm - WARNING - ssr:stedsnr = 702013 has multiple (2) positions, using the first one!
utility_to_osm - WARNING - ssr:stedsnr = 702442 has multiple (2) positions, using the first one!
utility_to_osm - WARNING - ssr:stedsnr = 702363 has multiple (2) positions, using the first one!
utility_to_osm - WARNING - ssr:stedsnr = 702370 has multiple (2) positions, using the first one!
utility_to_osm - WARNING - ssr:stedsnr = 897288 has multiple (2) positions, using the first one!
utility_to_osm - WARNING - ssr:stedsnr = 897363 has multiple (2) positions, using the first one!
utility_to_osm - WARNING - ssr:stedsnr = 717203 has multiple (3) positions, using the first one!
utility_to_osm - WARNING - ssr:stedsnr = 717422 has multiple (2) positions, using the first one!
utility_to_osm - WARNING - ssr:stedsnr = 717816 has multiple (2) positions, using the first one!
utility_to_osm - WARNING - ssr:stedsnr = 899841 has multiple (2) positions, using the first one!
utility_to_osm - ERROR - ssr:stedsnr = 722513. No positions found, skipping
utility_to_osm - WARNING - ssr:stedsnr = 729079 has multiple (2) positions, using the first one!
utility_to_osm - WARNING - ssr:stedsnr = 729125 has multiple (3) positions, using the first one!
utility_to_osm - WARNING - ssr:stedsnr = 729172 has multiple (3) positions, using the first one!
utility_to_osm - WARNING - ssr:stedsnr = 729908 has multiple (2) positions, using the first one!
utility_to_osm - WARNING - ssr:stedsnr = 730010 has multiple (3) positions, using the first one!
utility_to_osm - WARNING - ssr:stedsnr = 730225 has multiple (3) positions, using the first one!
utility_to_osm - WARNING - ssr:stedsnr = 730186 has multiple (2) positions, using the first one!
utility_to_osm - WARNING - ssr:stedsnr = 730416 has multiple (2) positions, using the first one!
utility_to_osm - WARNING - ssr:stedsnr = 730419 has multiple (3) positions, using the first one!
utility_to_osm - WARNING - ssr:stedsnr = 730426 has multiple (5) positions, using the first one!
utility_to_osm - WARNING - ssr:stedsnr = 730464 has multiple (3) positions, using the first one!
utility_to_osm - ERROR - ssr:stedsnr = 730973: Adding multiple names to name tag, this is not OK! name = "Daudmannsheii;Dansskorheii"
utility_to_osm - WARNING - ssr:stedsnr = 730973 has multiple (4) positions, using the first one!
utility_to_osm - WARNING - ssr:stedsnr = 755448 has multiple (2) positions, using the first one!
utility_to_osm - WARNING - ssr:stedsnr = 755452 has multiple (4) positions, using the first one!
utility_to_osm - WARNING - ssr:stedsnr = 755454 has multiple (2) positions, using the first one!
utility_to_osm - WARNING - ssr:stedsnr = 755365 has multiple (2) positions, using the first one!
utility_to_osm - WARNING - ssr:stedsnr = 755499 has multiple (2) positions, using the first one!
utility_to_osm - WARNING - ssr:stedsnr = 756049 has multiple (3) positions, using the first one!
utility_to_osm - WARNING - ssr:stedsnr = 756056 has multiple (4) positions, using the first one!
utility_to_osm - ERROR - ssr:stedsnr = 905565. No positions found, skipping
utility_to_osm - ERROR - ssr:stedsnr = 905534. No positions found, skipping
utility_to_osm - WARNING - ssr:stedsnr = 763552 has multiple (2) positions, using the first one!
utility_to_osm - ERROR - ssr:stedsnr = 767794. No positions found, skipping
utility_to_osm - ERROR - ssr:stedsnr = 769134. No positions found, skipping
utility_to_osm - WARNING - ssr:stedsnr = 776222 has multiple (2) positions, using the first one!
utility_to_osm - ERROR - ssr:stedsnr = 908879. No positions found, skipping
utility_to_osm - WARNING - ssr:stedsnr = 777926 has multiple (2) positions, using the first one!
utility_to_osm - ERROR - ssr:stedsnr = 909897. No positions found, skipping
utility_to_osm - WARNING - ssr:stedsnr = 911136 has multiple (3) positions, using the first one!
utility_to_osm - ERROR - ssr:stedsnr = 787810. No positions found, skipping
utility_to_osm - ERROR - ssr:stedsnr = 787881. No positions found, skipping
utility_to_osm - WARNING - ssr:stedsnr = 911226 has multiple (3) positions, using the first one!
utility_to_osm - WARNING - ssr:stedsnr = 911403 has multiple (3) positions, using the first one!
utility_to_osm - WARNING - ssr:stedsnr = 911383 has multiple (3) positions, using the first one!
utility_to_osm - WARNING - ssr:stedsnr = 911474 has multiple (5) positions, using the first one!
utility_to_osm - WARNING - ssr:stedsnr = 789863 has multiple (2) positions, using the first one!
utility_to_osm - WARNING - ssr:stedsnr = 789868 has multiple (6) positions, using the first one!
utility_to_osm - WARNING - ssr:stedsnr = 790010 has multiple (3) positions, using the first one!
utility_to_osm - WARNING - ssr:stedsnr = 790053 has multiple (2) positions, using the first one!
utility_to_osm - WARNING - ssr:stedsnr = 790055 has multiple (3) positions, using the first one!
utility_to_osm - WARNING - ssr:stedsnr = 790097 has multiple (3) positions, using the first one!
utility_to_osm - WARNING - ssr:stedsnr = 790205 has multiple (3) positions, using the first one!
utility_to_osm - WARNING - ssr:stedsnr = 790162 has multiple (3) positions, using the first one!
utility_to_osm - WARNING - ssr:stedsnr = 790165 has multiple (3) positions, using the first one!
utility_to_osm - WARNING - ssr:stedsnr = 790305 has multiple (5) positions, using the first one!
utility_to_osm - WARNING - ssr:stedsnr = 790416 has multiple (2) positions, using the first one!
utility_to_osm - WARNING - ssr:stedsnr = 790453 has multiple (3) positions, using the first one!
utility_to_osm - WARNING - ssr:stedsnr = 911605 has multiple (9) positions, using the first one!
utility_to_osm - WARNING - ssr:stedsnr = 911626 has multiple (2) positions, using the first one!
utility_to_osm - WARNING - ssr:stedsnr = 790995 has multiple (3) positions, using the first one!
utility_to_osm - WARNING - ssr:stedsnr = 791141 has multiple (2) positions, using the first one!
utility_to_osm - WARNING - ssr:stedsnr = 791205 has multiple (2) positions, using the first one!
utility_to_osm - WARNING - ssr:stedsnr = 911866 has multiple (2) positions, using the first one!
utility_to_osm - WARNING - ssr:stedsnr = 791907 has multiple (3) positions, using the first one!
utility_to_osm - WARNING - ssr:stedsnr = 791913 has multiple (3) positions, using the first one!
utility_to_osm - WARNING - ssr:stedsnr = 791924 has multiple (3) positions, using the first one!
utility_to_osm - WARNING - ssr:stedsnr = 791941 has multiple (3) positions, using the first one!
utility_to_osm - WARNING - ssr:stedsnr = 791946 has multiple (2) positions, using the first one!
utility_to_osm - WARNING - ssr:stedsnr = 791986 has multiple (3) positions, using the first one!
utility_to_osm - WARNING - ssr:stedsnr = 791995 has multiple (2) positions, using the first one!
utility_to_osm - WARNING - ssr:stedsnr = 791997 has multiple (3) positions, using the first one!
utility_to_osm - WARNING - ssr:stedsnr = 791999 has multiple (2) positions, using the first one!
utility_to_osm - WARNING - ssr:stedsnr = 912024 has multiple (3) positions, using the first one!
utility_to_osm - WARNING - ssr:stedsnr = 912028 has multiple (3) positions, using the first one!
utility_to_osm - WARNING - ssr:stedsnr = 912045 has multiple (2) positions, using the first one!
utility_to_osm - WARNING - ssr:stedsnr = 911925 has multiple (4) positions, using the first one!
utility_to_osm - WARNING - ssr:stedsnr = 912142 has multiple (3) positions, using the first one!
utility_to_osm - WARNING - ssr:stedsnr = 912143 has multiple (3) positions, using the first one!
utility_to_osm - WARNING - ssr:stedsnr = 912145 has multiple (4) positions, using the first one!
utility_to_osm - WARNING - ssr:stedsnr = 912156 has multiple (3) positions, using the first one!
utility_to_osm - WARNING - ssr:stedsnr = 912157 has multiple (2) positions, using the first one!
utility_to_osm - WARNING - ssr:stedsnr = 912172 has multiple (3) positions, using the first one!
utility_to_osm - WARNING - ssr:stedsnr = 912180 has multiple (3) positions, using the first one!
utility_to_osm - WARNING - ssr:stedsnr = 912351 has multiple (3) positions, using the first one!
utility_to_osm - WARNING - ssr:stedsnr = 912360 has multiple (3) positions, using the first one!
utility_to_osm - WARNING - ssr:stedsnr = 912253 has multiple (3) positions, using the first one!
utility_to_osm - WARNING - ssr:stedsnr = 912255 has multiple (4) positions, using the first one!
utility_to_osm - WARNING - ssr:stedsnr = 912526 has multiple (3) positions, using the first one!
utility_to_osm - WARNING - ssr:stedsnr = 912444 has multiple (3) positions, using the first one!
utility_to_osm - WARNING - ssr:stedsnr = 912455 has multiple (3) positions, using the first one!
utility_to_osm - WARNING - ssr:stedsnr = 912467 has multiple (4) positions, using the first one!
utility_to_osm - WARNING - ssr:stedsnr = 912476 has multiple (4) positions, using the first one!
utility_to_osm - WARNING - ssr:stedsnr = 912884 has multiple (3) positions, using the first one!
utility_to_osm - WARNING - ssr:stedsnr = 912936 has multiple (3) positions, using the first one!
utility_to_osm - WARNING - ssr:stedsnr = 912965 has multiple (3) positions, using the first one!
utility_to_osm - WARNING - ssr:stedsnr = 912932 has multiple (3) positions, using the first one!
utility_to_osm - WARNING - ssr:stedsnr = 913165 has multiple (2) positions, using the first one!
utility_to_osm - WARNING - ssr:stedsnr = 913167 has multiple (2) positions, using the first one!
utility_to_osm - WARNING - ssr:stedsnr = 913183 has multiple (2) positions, using the first one!
utility_to_osm - WARNING - ssr:stedsnr = 913949 has multiple (2) positions, using the first one!
utility_to_osm - WARNING - ssr:stedsnr = 913952 has multiple (3) positions, using the first one!
utility_to_osm - WARNING - ssr:stedsnr = 913970 has multiple (2) positions, using the first one!
utility_to_osm - WARNING - ssr:stedsnr = 816292 has multiple (3) positions, using the first one!
utility_to_osm - WARNING - ssr:stedsnr = 816380 has multiple (3) positions, using the first one!
utility_to_osm - WARNING - ssr:stedsnr = 816382 has multiple (3) positions, using the first one!
utility_to_osm - WARNING - ssr:stedsnr = 816474 has multiple (2) positions, using the first one!
utility_to_osm - WARNING - ssr:stedsnr = 817004 has multiple (2) positions, using the first one!
utility_to_osm - WARNING - ssr:stedsnr = 837592 has multiple (2) positions, using the first one!
utility_to_osm - ERROR - ssr:stedsnr = 844497. No positions found, skipping
utility_to_osm - WARNING - ssr:stedsnr = 844714: No priority spelling found for lang = no, using alt_name to get "[('no', 'Lauvraksvegen')]"
utility_to_osm - ERROR - ssr:stedsnr = 844714. No positions found, skipping
utility_to_osm - WARNING - ssr:stedsnr = 848923: No priority spelling found for lang = no, using alt_name to get "[('no', 'Plassane')]"
utility_to_osm - ERROR - ssr:stedsnr = 848923. No positions found, skipping
utility_to_osm - WARNING - ssr:stedsnr = 850589 has multiple (2) positions, using the first one!
utility_to_osm - WARNING - ssr:stedsnr = 851135 has multiple (3) positions, using the first one!
utility_to_osm - WARNING - ssr:stedsnr = 851136 has multiple (3) positions, using the first one!
utility_to_osm - WARNING - ssr:stedsnr = 851073 has multiple (2) positions, using the first one!
utility_to_osm - WARNING - ssr:stedsnr = 851085 has multiple (7) positions, using the first one!
utility_to_osm - WARNING - ssr:stedsnr = 851095 has multiple (2) positions, using the first one!
utility_to_osm - WARNING - ssr:stedsnr = 851205 has multiple (3) positions, using the first one!
utility_to_osm - WARNING - ssr:stedsnr = 851216 has multiple (3) positions, using the first one!
utility_to_osm - WARNING - ssr:stedsnr = 851304 has multiple (2) positions, using the first one!
utility_to_osm - WARNING - ssr:stedsnr = 851311 has multiple (2) positions, using the first one!
utility_to_osm - WARNING - ssr:stedsnr = 851313 has multiple (3) positions, using the first one!
utility_to_osm - WARNING - ssr:stedsnr = 851371 has multiple (2) positions, using the first one!
utility_to_osm - WARNING - ssr:stedsnr = 851439 has multiple (3) positions, using the first one!
utility_to_osm - WARNING - ssr:stedsnr = 851442 has multiple (3) positions, using the first one!
utility_to_osm - WARNING - ssr:stedsnr = 851628 has multiple (5) positions, using the first one!
utility_to_osm - WARNING - ssr:stedsnr = 851891 has multiple (2) positions, using the first one!
utility_to_osm - WARNING - ssr:stedsnr = 852163 has multiple (2) positions, using the first one!
utility_to_osm - WARNING - ssr:stedsnr = 852206 has multiple (2) positions, using the first one!
utility_to_osm - WARNING - ssr:stedsnr = 852210 has multiple (2) positions, using the first one!
utility_to_osm - WARNING - ssr:stedsnr = 852224 has multiple (2) positions, using the first one!
utility_to_osm - WARNING - ssr:stedsnr = 852514 has multiple (4) positions, using the first one!
utility_to_osm - WARNING - ssr:stedsnr = 852913 has multiple (3) positions, using the first one!
utility_to_osm - WARNING - ssr:stedsnr = 852920 has multiple (3) positions, using the first one!
utility_to_osm - WARNING - ssr:stedsnr = 852964 has multiple (3) positions, using the first one!
utility_to_osm - WARNING - ssr:stedsnr = 852968 has multiple (2) positions, using the first one!
utility_to_osm - WARNING - ssr:stedsnr = 852866 has multiple (4) positions, using the first one!
utility_to_osm - WARNING - ssr:stedsnr = 853651 has multiple (2) positions, using the first one!
utility_to_osm - WARNING - ssr:stedsnr = 930918: No priority spelling found for lang = no, using alt_name to get "[('no', 'Krokstøylfjell')]"
utility_to_osm - WARNING - ssr:stedsnr = 930918 has multiple (4) positions, using the first one!
utility_to_osm - WARNING - ssr:stedsnr = 877010 has multiple (3) positions, using the first one!
utility_to_osm - WARNING - ssr:stedsnr = 877011 has multiple (2) positions, using the first one!
utility_to_osm - WARNING - ssr:stedsnr = 877050 has multiple (3) positions, using the first one!
utility_to_osm - WARNING - ssr:stedsnr = 877306 has multiple (3) positions, using the first one!
utility_to_osm - WARNING - ssr:stedsnr = 877507 has multiple (2) positions, using the first one!
utility_to_osm - WARNING - ssr:stedsnr = 877508 has multiple (2) positions, using the first one!
utility_to_osm - WARNING - ssr:stedsnr = 877519 has multiple (2) positions, using the first one!
utility_to_osm - WARNING - ssr:stedsnr = 877501 has multiple (3) positions, using the first one!
utility_to_osm - WARNING - ssr:stedsnr = 883866 has multiple (2) positions, using the first one!
utility_to_osm - WARNING - ssr:stedsnr = 884351 has multiple (2) positions, using the first one!
utility_to_osm - WARNING - ssr:stedsnr = 885005: No priority spelling found for lang = no, using alt_name to get "[('no', 'Sveigstøyl')]"
utility_to_osm - WARNING - ssr:stedsnr = 885703 has multiple (2) positions, using the first one!
utility_to_osm - WARNING - ssr:stedsnr = 885846 has multiple (2) positions, using the first one!
utility_to_osm - WARNING - ssr:stedsnr = 893274 has multiple (2) positions, using the first one!
utility_to_osm - WARNING - ssr:stedsnr = 911041 has multiple (2) positions, using the first one!
utility_to_osm - WARNING - ssr:stedsnr = 911044 has multiple (2) positions, using the first one!
utility_to_osm - WARNING - ssr:stedsnr = 911055 has multiple (3) positions, using the first one!
utility_to_osm - WARNING - ssr:stedsnr = 911315 has multiple (2) positions, using the first one!
utility_to_osm - WARNING - ssr:stedsnr = 911330 has multiple (3) positions, using the first one!
utility_to_osm - WARNING - ssr:stedsnr = 911358 has multiple (4) positions, using the first one!
utility_to_osm - WARNING - ssr:stedsnr = 911376 has multiple (3) positions, using the first one!
utility_to_osm - WARNING - ssr:stedsnr = 911845 has multiple (2) positions, using the first one!
utility_to_osm - WARNING - ssr:stedsnr = 911947 has multiple (2) positions, using the first one!
utility_to_osm - WARNING - ssr:stedsnr = 912112 has multiple (2) positions, using the first one!
utility_to_osm - WARNING - ssr:stedsnr = 912004 has multiple (3) positions, using the first one!
utility_to_osm - WARNING - ssr:stedsnr = 912205 has multiple (3) positions, using the first one!
utility_to_osm - WARNING - ssr:stedsnr = 912207 has multiple (4) positions, using the first one!
utility_to_osm - WARNING - ssr:stedsnr = 912221 has multiple (2) positions, using the first one!
utility_to_osm - WARNING - ssr:stedsnr = 912228 has multiple (3) positions, using the first one!
utility_to_osm - WARNING - ssr:stedsnr = 912230 has multiple (2) positions, using the first one!
utility_to_osm - WARNING - ssr:stedsnr = 912235 has multiple (3) positions, using the first one!
utility_to_osm - WARNING - ssr:stedsnr = 912096 has multiple (3) positions, using the first one!
utility_to_osm - WARNING - ssr:stedsnr = 912504 has multiple (4) positions, using the first one!
utility_to_osm - WARNING - ssr:stedsnr = 912506 has multiple (2) positions, using the first one!
utility_to_osm - WARNING - ssr:stedsnr = 912441 has multiple (4) positions, using the first one!
utility_to_osm - WARNING - ssr:stedsnr = 912982 has multiple (2) positions, using the first one!
utility_to_osm - WARNING - ssr:stedsnr = 912983 has multiple (3) positions, using the first one!
utility_to_osm - WARNING - ssr:stedsnr = 912985 has multiple (2) positions, using the first one!
utility_to_osm - WARNING - ssr:stedsnr = 912988 has multiple (3) positions, using the first one!
utility_to_osm - WARNING - ssr:stedsnr = 912998 has multiple (3) positions, using the first one!
utility_to_osm - WARNING - ssr:stedsnr = 913226 has multiple (2) positions, using the first one!
utility_to_osm - WARNING - ssr:stedsnr = 913929 has multiple (3) positions, using the first one!
utility_to_osm - WARNING - ssr:stedsnr = 937516 has multiple (2) positions, using the first one!
utility_to_osm - WARNING - ssr:stedsnr = 937527 has multiple (3) positions, using the first one!
utility_to_osm - WARNING - ssr:stedsnr = 937488 has multiple (3) positions, using the first one!
utility_to_osm - WARNING - ssr:stedsnr = 938005 has multiple (2) positions, using the first one!
utility_to_osm - WARNING - ssr:stedsnr = 938027 has multiple (2) positions, using the first one!
