utility_to_osm - ERROR - ssr:stedsnr = 272992: No name found
utility_to_osm - ERROR - ssr:stedsnr = 293749: No name found
utility_to_osm - ERROR - ssr:stedsnr = 293752: No name found
utility_to_osm - ERROR - ssr:stedsnr = 294378: No name found
utility_to_osm - ERROR - ssr:stedsnr = 299229: No name found
utility_to_osm - ERROR - ssr:stedsnr = 299233: No name found
utility_to_osm - ERROR - ssr:stedsnr = 299417: No name found
utility_to_osm - ERROR - ssr:stedsnr = 299420: No name found
utility_to_osm - ERROR - ssr:stedsnr = 299424: No name found
utility_to_osm - ERROR - ssr:stedsnr = 299441: No name found
utility_to_osm - ERROR - ssr:stedsnr = 299447: No name found
utility_to_osm - ERROR - ssr:stedsnr = 299472: No name found
utility_to_osm - ERROR - ssr:stedsnr = 299480: No name found
utility_to_osm - ERROR - ssr:stedsnr = 299489: No name found
utility_to_osm - ERROR - ssr:stedsnr = 299495: No name found
utility_to_osm - ERROR - ssr:stedsnr = 299501: No name found
utility_to_osm - ERROR - ssr:stedsnr = 299504: No name found
utility_to_osm - ERROR - ssr:stedsnr = 299521: No name found
utility_to_osm - ERROR - ssr:stedsnr = 299523: No name found
utility_to_osm - ERROR - ssr:stedsnr = 299537: No name found
utility_to_osm - ERROR - ssr:stedsnr = 299583: No name found
utility_to_osm - ERROR - ssr:stedsnr = 299638: No name found
utility_to_osm - ERROR - ssr:stedsnr = 299713: No name found
utility_to_osm - ERROR - ssr:stedsnr = 299717: No name found
utility_to_osm - ERROR - ssr:stedsnr = 299723: No name found
utility_to_osm - ERROR - ssr:stedsnr = 299734: No name found
utility_to_osm - ERROR - ssr:stedsnr = 299734: No name found
utility_to_osm - INFO - ssr:stedsnr = 299734: Multi-language name tag = Doaresjohka - Tverrelva
utility_to_osm - ERROR - ssr:stedsnr = 299763: No name found
utility_to_osm - ERROR - ssr:stedsnr = 299817: No name found
utility_to_osm - ERROR - ssr:stedsnr = 299818: No name found
utility_to_osm - ERROR - ssr:stedsnr = 299824: No name found
utility_to_osm - ERROR - ssr:stedsnr = 56215: No name found
utility_to_osm - ERROR - ssr:stedsnr = 56220: No name found
utility_to_osm - ERROR - ssr:stedsnr = 301129: No name found
utility_to_osm - ERROR - ssr:stedsnr = 301130: No name found
utility_to_osm - ERROR - ssr:stedsnr = 301248: No name found
utility_to_osm - ERROR - ssr:stedsnr = 301271: No name found
utility_to_osm - ERROR - ssr:stedsnr = 301353: No name found
utility_to_osm - ERROR - ssr:stedsnr = 301520: No name found
utility_to_osm - ERROR - ssr:stedsnr = 301530: No name found
utility_to_osm - ERROR - ssr:stedsnr = 301532: No name found
utility_to_osm - ERROR - ssr:stedsnr = 301549: No name found
utility_to_osm - ERROR - ssr:stedsnr = 301600: No name found
utility_to_osm - ERROR - ssr:stedsnr = 301609: No name found
utility_to_osm - ERROR - ssr:stedsnr = 301612: No name found
utility_to_osm - ERROR - ssr:stedsnr = 422534: No name found
utility_to_osm - ERROR - ssr:stedsnr = 321318: No name found
utility_to_osm - WARNING - ssr:stedsnr = 321318 has multiple (3) positions, using the first one!
utility_to_osm - ERROR - ssr:stedsnr = 321333: No name found
utility_to_osm - WARNING - ssr:stedsnr = 321333 has multiple (3) positions, using the first one!
utility_to_osm - ERROR - ssr:stedsnr = 321339: No name found
utility_to_osm - WARNING - ssr:stedsnr = 321339 has multiple (2) positions, using the first one!
utility_to_osm - ERROR - ssr:stedsnr = 321348: No name found
utility_to_osm - WARNING - ssr:stedsnr = 321348 has multiple (3) positions, using the first one!
utility_to_osm - ERROR - ssr:stedsnr = 321478: No name found
utility_to_osm - ERROR - ssr:stedsnr = 321478: No name found
utility_to_osm - ERROR - ssr:stedsnr = 321478: Adding multiple names to name tag, this is not OK! name = "Lotelva;Tverrelva"
utility_to_osm - INFO - ssr:stedsnr = 321478: Multi-language name tag = Baikajohka - Lotelva;Tverrelva
utility_to_osm - WARNING - ssr:stedsnr = 321478 has multiple (3) positions, using the first one!
utility_to_osm - ERROR - ssr:stedsnr = 321525: No name found
utility_to_osm - ERROR - ssr:stedsnr = 321525: No name found
utility_to_osm - INFO - ssr:stedsnr = 321525: Multi-language name tag = Riikojávri - Grasvatnet
utility_to_osm - WARNING - ssr:stedsnr = 321525 has multiple (3) positions, using the first one!
utility_to_osm - ERROR - ssr:stedsnr = 321588: No name found
utility_to_osm - ERROR - ssr:stedsnr = 321624: No name found
utility_to_osm - WARNING - ssr:stedsnr = 321624 has multiple (2) positions, using the first one!
utility_to_osm - INFO - ignoring non approved status = "avslått" name = "Hæstanjunni"
utility_to_osm - INFO - ignoring non approved status = "avslått" name = "Hæstanjunni"
utility_to_osm - INFO - ignoring non approved status = "avslått" name = "Hæstanjunni"
utility_to_osm - WARNING - ssr:stedsnr = 321669: No priority spelling found for lang = se, using alt_name to get "[('se', u'Heasttanjunni')]"
utility_to_osm - ERROR - ssr:stedsnr = 321670: No name found
utility_to_osm - ERROR - ssr:stedsnr = 321673: No name found
utility_to_osm - WARNING - ssr:stedsnr = 321673 has multiple (2) positions, using the first one!
utility_to_osm - ERROR - ssr:stedsnr = 321688: No name found
utility_to_osm - WARNING - ssr:stedsnr = 321688 has multiple (2) positions, using the first one!
utility_to_osm - ERROR - ssr:stedsnr = 321699: No name found
utility_to_osm - ERROR - ssr:stedsnr = 321702: No name found
utility_to_osm - WARNING - ssr:stedsnr = 321702 has multiple (2) positions, using the first one!
utility_to_osm - ERROR - ssr:stedsnr = 321922: No name found
utility_to_osm - WARNING - ssr:stedsnr = 321922 has multiple (2) positions, using the first one!
utility_to_osm - ERROR - ssr:stedsnr = 324148: No name found
utility_to_osm - WARNING - ssr:stedsnr = 324148 has multiple (2) positions, using the first one!
utility_to_osm - INFO - ignoring non approved status = "avslått" name = "Kjeiprød"
utility_to_osm - INFO - ignoring non approved status = "avslått" name = "Kjeiprød"
utility_to_osm - INFO - ignoring non approved status = "avslått" name = "Kjeiprød"
utility_to_osm - WARNING - ssr:stedsnr = 325318: No priority spelling found for lang = no, using alt_name to get "[('no', u'Keipr\xf8d')]"
utility_to_osm - ERROR - ssr:stedsnr = 353739: No name found
utility_to_osm - ERROR - ssr:stedsnr = 360266: No name found
utility_to_osm - ERROR - ssr:stedsnr = 360362: No name found
utility_to_osm - ERROR - ssr:stedsnr = 360368: No name found
utility_to_osm - ERROR - ssr:stedsnr = 360378: No name found
utility_to_osm - ERROR - ssr:stedsnr = 360409: No name found
utility_to_osm - ERROR - ssr:stedsnr = 360417: No name found
utility_to_osm - ERROR - ssr:stedsnr = 360420: No name found
utility_to_osm - ERROR - ssr:stedsnr = 360422: No name found
utility_to_osm - ERROR - ssr:stedsnr = 360425: No name found
utility_to_osm - ERROR - ssr:stedsnr = 360437: No name found
utility_to_osm - ERROR - ssr:stedsnr = 360441: No name found
utility_to_osm - ERROR - ssr:stedsnr = 360448: No name found
utility_to_osm - ERROR - ssr:stedsnr = 360456: No name found
utility_to_osm - ERROR - ssr:stedsnr = 360466: No name found
utility_to_osm - ERROR - ssr:stedsnr = 360510: No name found
utility_to_osm - ERROR - ssr:stedsnr = 360528: No name found
utility_to_osm - ERROR - ssr:stedsnr = 360529: No name found
utility_to_osm - ERROR - ssr:stedsnr = 360534: No name found
utility_to_osm - ERROR - ssr:stedsnr = 360536: No name found
utility_to_osm - ERROR - ssr:stedsnr = 360540: No name found
utility_to_osm - ERROR - ssr:stedsnr = 360542: No name found
utility_to_osm - ERROR - ssr:stedsnr = 360744: No name found
utility_to_osm - ERROR - ssr:stedsnr = 360807: No name found
utility_to_osm - ERROR - ssr:stedsnr = 361125: No name found
utility_to_osm - ERROR - ssr:stedsnr = 361275: No name found
utility_to_osm - ERROR - ssr:stedsnr = 361277: No name found
utility_to_osm - ERROR - ssr:stedsnr = 361283: No name found
utility_to_osm - ERROR - ssr:stedsnr = 361413: No name found
utility_to_osm - ERROR - ssr:stedsnr = 361566: No name found
utility_to_osm - ERROR - ssr:stedsnr = 361568: No name found
utility_to_osm - ERROR - ssr:stedsnr = 361570: No name found
utility_to_osm - WARNING - ssr:stedsnr = 361570 has multiple (2) positions, using the first one!
utility_to_osm - ERROR - ssr:stedsnr = 361651: No name found
utility_to_osm - ERROR - ssr:stedsnr = 361653: No name found
utility_to_osm - ERROR - ssr:stedsnr = 381330: No name found
utility_to_osm - WARNING - ssr:stedsnr = 381330 has multiple (2) positions, using the first one!
utility_to_osm - INFO - ignoring non approved status = "avslått" name = "Giellasnjunni"
utility_to_osm - INFO - ignoring non approved status = "avslått" name = "Giellasnjunni"
utility_to_osm - INFO - ignoring non approved status = "avslått" name = "Giellasnjunni"
utility_to_osm - WARNING - ssr:stedsnr = 381712: No priority spelling found for lang = se, using alt_name to get "[('se', u'Gielasnjunni')]"
utility_to_osm - WARNING - ssr:stedsnr = 381712 has multiple (2) positions, using the first one!
utility_to_osm - ERROR - ssr:stedsnr = 381735: No name found
utility_to_osm - ERROR - ssr:stedsnr = 381750: No name found
utility_to_osm - ERROR - ssr:stedsnr = 381749: No name found
utility_to_osm - WARNING - ssr:stedsnr = 381749 has multiple (4) positions, using the first one!
utility_to_osm - ERROR - ssr:stedsnr = 381754: No name found
utility_to_osm - ERROR - ssr:stedsnr = 381758: No name found
utility_to_osm - WARNING - ssr:stedsnr = 382505: No priority spelling found for lang = no, using alt_name to get "[('se', u'Baikaj\xe1vri'), ('no', u'Lotvatnet')]"
utility_to_osm - ERROR - ssr:stedsnr = 382505: No name found
utility_to_osm - INFO - ssr:stedsnr = 382505: Multi-language name tag = Baikajávri - Lotvatnet
utility_to_osm - WARNING - ssr:stedsnr = 382505 has multiple (3) positions, using the first one!
utility_to_osm - ERROR - ssr:stedsnr = 382616: No name found
utility_to_osm - WARNING - ssr:stedsnr = 382616 has multiple (2) positions, using the first one!
utility_to_osm - ERROR - ssr:stedsnr = 382695: No name found
utility_to_osm - WARNING - ssr:stedsnr = 385327: No priority spelling found for lang = no, using alt_name to get "[('no', u'Keipr\xf8d')]"
utility_to_osm - ERROR - ssr:stedsnr = 385630: No name found
utility_to_osm - ERROR - ssr:stedsnr = 393992: No name found
utility_to_osm - WARNING - ssr:stedsnr = 413164: No priority spelling found for lang = se, using alt_name to get "[('se', u'Sildd\xe1dievv\xe1')]"
utility_to_osm - WARNING - ssr:stedsnr = 413164: No priority spelling found for lang = no, using alt_name to get "[('se', u'Sildd\xe1dievv\xe1'), ('no', u'Spansg\xe5rdsstigninga')]"
utility_to_osm - INFO - ssr:stedsnr = 413164: Multi-language name tag = Silddádievvá - Spansgårdsstigninga
utility_to_osm - WARNING - ssr:stedsnr = 413164 has multiple (2) positions, using the first one!
utility_to_osm - ERROR - ssr:stedsnr = 475383: No name found
utility_to_osm - ERROR - ssr:stedsnr = 475384: No name found
utility_to_osm - ERROR - ssr:stedsnr = 475386: No name found
utility_to_osm - ERROR - ssr:stedsnr = 475388: No name found
utility_to_osm - ERROR - ssr:stedsnr = 475391: No name found
utility_to_osm - ERROR - ssr:stedsnr = 481567: No name found
utility_to_osm - ERROR - ssr:stedsnr = 199933: No name found
utility_to_osm - INFO - ignoring non approved status = "avslått" name = "Kjeiprød"
utility_to_osm - INFO - ignoring non approved status = "avslått" name = "Kjeiprød"
utility_to_osm - INFO - ignoring non approved status = "avslått" name = "Kjeiprød"
utility_to_osm - WARNING - ssr:stedsnr = 807687: No priority spelling found for lang = no, using alt_name to get "[('no', u'Keipr\xf8d')]"
utility_to_osm - ERROR - ssr:stedsnr = 1072723: No name found
utility_to_osm - ERROR - ssr:stedsnr = 1073168: No name found
utility_to_osm - ERROR - ssr:stedsnr = 1073169: No name found
utility_to_osm - ERROR - ssr:stedsnr = 1073170: No name found
utility_to_osm - INFO - ssr:stedsnr = 1073694 not active = "planlagt". Skipping...
utility_to_osm - WARNING - ssr:stedsnr = 1010357: No priority spelling found for lang = no, using alt_name to get "[('no', u'Bakkan')]"
utility_to_osm - ERROR - ssr:stedsnr = 1010357. No positions found, skipping
utility_to_osm - WARNING - ssr:stedsnr = 1010358: No priority spelling found for lang = no, using alt_name to get "[('no', u'Sneverbakkveien')]"
utility_to_osm - ERROR - ssr:stedsnr = 1010358. No positions found, skipping
utility_to_osm - WARNING - ssr:stedsnr = 1010359: No priority spelling found for lang = no, using alt_name to get "[('no', u'Skavmodalveien')]"
utility_to_osm - ERROR - ssr:stedsnr = 1010359. No positions found, skipping
utility_to_osm - WARNING - ssr:stedsnr = 1010360: No priority spelling found for lang = no, using alt_name to get "[('no', u'Barnehageveien')]"
utility_to_osm - ERROR - ssr:stedsnr = 1010360. No positions found, skipping
utility_to_osm - WARNING - ssr:stedsnr = 1010361: No priority spelling found for lang = no, using alt_name to get "[('no', u'Strandveien')]"
utility_to_osm - ERROR - ssr:stedsnr = 1010361. No positions found, skipping
utility_to_osm - WARNING - ssr:stedsnr = 1010362: No priority spelling found for lang = no, using alt_name to get "[('no', u'Moan')]"
utility_to_osm - ERROR - ssr:stedsnr = 1010362. No positions found, skipping
utility_to_osm - WARNING - ssr:stedsnr = 1010363: No priority spelling found for lang = no, using alt_name to get "[('no', u'Idrettsveien')]"
utility_to_osm - ERROR - ssr:stedsnr = 1010363. No positions found, skipping
utility_to_osm - WARNING - ssr:stedsnr = 1010364: No priority spelling found for lang = no, using alt_name to get "[('no', u'Skaret')]"
utility_to_osm - ERROR - ssr:stedsnr = 1010364. No positions found, skipping
utility_to_osm - WARNING - ssr:stedsnr = 1010366: No priority spelling found for lang = no, using alt_name to get "[('no', u'Liaveien')]"
utility_to_osm - ERROR - ssr:stedsnr = 1010366. No positions found, skipping
utility_to_osm - WARNING - ssr:stedsnr = 1010367: No priority spelling found for lang = no, using alt_name to get "[('no', u'Kirkeveien')]"
utility_to_osm - ERROR - ssr:stedsnr = 1010367. No positions found, skipping
utility_to_osm - WARNING - ssr:stedsnr = 1010368: No priority spelling found for lang = no, using alt_name to get "[('no', u'Sol\xf8yveien')]"
utility_to_osm - ERROR - ssr:stedsnr = 1010368. No positions found, skipping
utility_to_osm - WARNING - ssr:stedsnr = 1010370: No priority spelling found for lang = no, using alt_name to get "[('no', u'Hesjevika')]"
utility_to_osm - ERROR - ssr:stedsnr = 1010370. No positions found, skipping
utility_to_osm - WARNING - ssr:stedsnr = 1010371: No priority spelling found for lang = no, using alt_name to get "[('no', u'S\xf8rsida')]"
utility_to_osm - ERROR - ssr:stedsnr = 1010371. No positions found, skipping
utility_to_osm - WARNING - ssr:stedsnr = 1010372: No priority spelling found for lang = no, using alt_name to get "[('no', u'Gammelveien')]"
utility_to_osm - ERROR - ssr:stedsnr = 1010372. No positions found, skipping
utility_to_osm - WARNING - ssr:stedsnr = 1010373: No priority spelling found for lang = no, using alt_name to get "[('no', u'Tennevollveien')]"
utility_to_osm - ERROR - ssr:stedsnr = 1010373. No positions found, skipping
utility_to_osm - WARNING - ssr:stedsnr = 1010374: No priority spelling found for lang = no, using alt_name to get "[('no', u'Steinliveien')]"
utility_to_osm - ERROR - ssr:stedsnr = 1010374. No positions found, skipping
utility_to_osm - WARNING - ssr:stedsnr = 1010375: No priority spelling found for lang = no, using alt_name to get "[('no', u'Hesjebakkan')]"
utility_to_osm - ERROR - ssr:stedsnr = 1010375. No positions found, skipping
utility_to_osm - WARNING - ssr:stedsnr = 1010376: No priority spelling found for lang = no, using alt_name to get "[('no', u'Moveien')]"
utility_to_osm - ERROR - ssr:stedsnr = 1010376. No positions found, skipping
utility_to_osm - WARNING - ssr:stedsnr = 1010377: No priority spelling found for lang = no, using alt_name to get "[('no', u'Spansg\xe5rdstigninga')]"
utility_to_osm - ERROR - ssr:stedsnr = 1010377. No positions found, skipping
utility_to_osm - WARNING - ssr:stedsnr = 1010379: No priority spelling found for lang = no, using alt_name to get "[('no', u'Spansdalveien')]"
utility_to_osm - ERROR - ssr:stedsnr = 1010379. No positions found, skipping
utility_to_osm - WARNING - ssr:stedsnr = 1010380: No priority spelling found for lang = no, using alt_name to get "[('no', u'Holmeveien')]"
utility_to_osm - ERROR - ssr:stedsnr = 1010380. No positions found, skipping
utility_to_osm - WARNING - ssr:stedsnr = 1010381: No priority spelling found for lang = no, using alt_name to get "[('no', u'Hammarveien')]"
utility_to_osm - ERROR - ssr:stedsnr = 1010381. No positions found, skipping
utility_to_osm - WARNING - ssr:stedsnr = 1010382: No priority spelling found for lang = no, using alt_name to get "[('no', u'Kvitebergveien')]"
utility_to_osm - ERROR - ssr:stedsnr = 1010382. No positions found, skipping
utility_to_osm - WARNING - ssr:stedsnr = 1010383: No priority spelling found for lang = no, using alt_name to get "[('no', u'Spansg\xe5rdveien')]"
utility_to_osm - ERROR - ssr:stedsnr = 1010383. No positions found, skipping
utility_to_osm - WARNING - ssr:stedsnr = 1010384: No priority spelling found for lang = no, using alt_name to get "[('no', u'Bj\xf8rkeveien')]"
utility_to_osm - ERROR - ssr:stedsnr = 1010384. No positions found, skipping
utility_to_osm - WARNING - ssr:stedsnr = 1010387: No priority spelling found for lang = no, using alt_name to get "[('no', u'Sol\xf8ystranda')]"
utility_to_osm - ERROR - ssr:stedsnr = 1010387. No positions found, skipping
utility_to_osm - ERROR - ssr:stedsnr = 17213: No name found
utility_to_osm - ERROR - ssr:stedsnr = 17213: No name found
utility_to_osm - INFO - ssr:stedsnr = 17213: Multi-language name tag = Silbavárri - Sølvfjellet
utility_to_osm - WARNING - ssr:stedsnr = 17213 has multiple (3) positions, using the first one!
utility_to_osm - ERROR - ssr:stedsnr = 17572: No name found
utility_to_osm - WARNING - ssr:stedsnr = 17572 has multiple (2) positions, using the first one!
utility_to_osm - ERROR - ssr:stedsnr = 17946: No name found
utility_to_osm - WARNING - ssr:stedsnr = 17946 has multiple (2) positions, using the first one!
utility_to_osm - ERROR - ssr:stedsnr = 18247: No name found
utility_to_osm - WARNING - ssr:stedsnr = 18247 has multiple (2) positions, using the first one!
utility_to_osm - ERROR - ssr:stedsnr = 18318: No name found
utility_to_osm - ERROR - ssr:stedsnr = 18318: Adding multiple names to name tag, this is not OK! name = "Tverrelva;Kolbanelva"
utility_to_osm - WARNING - ssr:stedsnr = 18318 has multiple (4) positions, using the first one!
utility_to_osm - ERROR - ssr:stedsnr = 18471: No name found
utility_to_osm - WARNING - ssr:stedsnr = 18471 has multiple (2) positions, using the first one!
utility_to_osm - WARNING - ssr:stedsnr = 18634: No priority spelling found for lang = no, using alt_name to get "[('se', u'\u010cievrav\xe1rri'), ('no', u'Skavneskollen')]"
utility_to_osm - ERROR - ssr:stedsnr = 18634: No name found
utility_to_osm - INFO - ssr:stedsnr = 18634: Multi-language name tag = Čievravárri - Skavneskollen
utility_to_osm - WARNING - ssr:stedsnr = 18634 has multiple (4) positions, using the first one!
utility_to_osm - ERROR - ssr:stedsnr = 18639: No name found
utility_to_osm - ERROR - ssr:stedsnr = 18643: No name found
utility_to_osm - ERROR - ssr:stedsnr = 18651: No name found
utility_to_osm - WARNING - ssr:stedsnr = 18651 has multiple (2) positions, using the first one!
utility_to_osm - ERROR - ssr:stedsnr = 18659: No name found
utility_to_osm - ERROR - ssr:stedsnr = 18659: Adding multiple names to name tag, this is not OK! name = "Hestnesaksla;Valderhaugen"
utility_to_osm - ERROR - ssr:stedsnr = 18663: No name found
utility_to_osm - WARNING - ssr:stedsnr = 18663 has multiple (2) positions, using the first one!
utility_to_osm - ERROR - ssr:stedsnr = 18917: No name found
utility_to_osm - ERROR - ssr:stedsnr = 18917: No name found
utility_to_osm - INFO - ssr:stedsnr = 18917: Multi-language name tag = Duđga - Nappen
utility_to_osm - WARNING - ssr:stedsnr = 18917 has multiple (2) positions, using the first one!
utility_to_osm - WARNING - ssr:stedsnr = 21582: No priority spelling found for lang = no, using alt_name to get "[('se', u'Ru\u014bgug\xe1is\xe1'), ('no', u'Spanstinden')]"
utility_to_osm - ERROR - ssr:stedsnr = 21582: No name found
utility_to_osm - INFO - ssr:stedsnr = 21582: Multi-language name tag = Ruŋgugáisá - Spanstinden
utility_to_osm - WARNING - ssr:stedsnr = 21582 has multiple (4) positions, using the first one!
utility_to_osm - ERROR - ssr:stedsnr = 51415: No name found
utility_to_osm - ERROR - ssr:stedsnr = 57160: No name found
utility_to_osm - ERROR - ssr:stedsnr = 57166: No name found
utility_to_osm - ERROR - ssr:stedsnr = 57175: No name found
utility_to_osm - ERROR - ssr:stedsnr = 57150: No name found
utility_to_osm - ERROR - ssr:stedsnr = 57486: No name found
utility_to_osm - ERROR - ssr:stedsnr = 57502: No name found
utility_to_osm - ERROR - ssr:stedsnr = 57509: No name found
utility_to_osm - ERROR - ssr:stedsnr = 57511: No name found
utility_to_osm - ERROR - ssr:stedsnr = 57514: No name found
utility_to_osm - ERROR - ssr:stedsnr = 57519: No name found
utility_to_osm - ERROR - ssr:stedsnr = 57534: No name found
utility_to_osm - WARNING - ssr:stedsnr = 57534 has multiple (2) positions, using the first one!
utility_to_osm - ERROR - ssr:stedsnr = 57178: No name found
utility_to_osm - ERROR - ssr:stedsnr = 57181: No name found
utility_to_osm - ERROR - ssr:stedsnr = 57393: No name found
utility_to_osm - ERROR - ssr:stedsnr = 57429: No name found
utility_to_osm - ERROR - ssr:stedsnr = 57436: No name found
utility_to_osm - ERROR - ssr:stedsnr = 57441: No name found
utility_to_osm - ERROR - ssr:stedsnr = 57662: No name found
utility_to_osm - ERROR - ssr:stedsnr = 57672: No name found
utility_to_osm - ERROR - ssr:stedsnr = 57678: No name found
utility_to_osm - ERROR - ssr:stedsnr = 57689: No name found
utility_to_osm - ERROR - ssr:stedsnr = 57693: No name found
utility_to_osm - ERROR - ssr:stedsnr = 57695: No name found
utility_to_osm - ERROR - ssr:stedsnr = 57697: No name found
utility_to_osm - ERROR - ssr:stedsnr = 57697: No name found
utility_to_osm - INFO - ssr:stedsnr = 57697: Multi-language name tag = Buollánlátnja - Brannlia
utility_to_osm - ERROR - ssr:stedsnr = 57742: No name found
utility_to_osm - ERROR - ssr:stedsnr = 57826: No name found
utility_to_osm - ERROR - ssr:stedsnr = 58145: No name found
utility_to_osm - ERROR - ssr:stedsnr = 58155: No name found
utility_to_osm - ERROR - ssr:stedsnr = 58184: No name found
utility_to_osm - ERROR - ssr:stedsnr = 58308: No name found
utility_to_osm - ERROR - ssr:stedsnr = 58313: No name found
utility_to_osm - ERROR - ssr:stedsnr = 58283: No name found
utility_to_osm - WARNING - ssr:stedsnr = 58292: No priority spelling found for lang = no, using alt_name to get "[('no', u'Sneveibakkan')]"
utility_to_osm - ERROR - ssr:stedsnr = 58389: No name found
utility_to_osm - ERROR - ssr:stedsnr = 58391: No name found
utility_to_osm - ERROR - ssr:stedsnr = 58395: No name found
utility_to_osm - ERROR - ssr:stedsnr = 58565: No name found
utility_to_osm - ERROR - ssr:stedsnr = 58566: No name found
utility_to_osm - ERROR - ssr:stedsnr = 58617: No name found
utility_to_osm - ERROR - ssr:stedsnr = 78538: No name found
utility_to_osm - ERROR - ssr:stedsnr = 78538: No name found
utility_to_osm - INFO - ssr:stedsnr = 78538: Multi-language name tag = Riikovággi - Grasdalen
utility_to_osm - WARNING - ssr:stedsnr = 78538 has multiple (3) positions, using the first one!
utility_to_osm - ERROR - ssr:stedsnr = 78573: No name found
utility_to_osm - WARNING - ssr:stedsnr = 78573 has multiple (2) positions, using the first one!
utility_to_osm - ERROR - ssr:stedsnr = 78576: No name found
utility_to_osm - WARNING - ssr:stedsnr = 78576 has multiple (2) positions, using the first one!
utility_to_osm - ERROR - ssr:stedsnr = 78603: No name found
utility_to_osm - WARNING - ssr:stedsnr = 78603 has multiple (2) positions, using the first one!
utility_to_osm - ERROR - ssr:stedsnr = 78718: No name found
utility_to_osm - ERROR - ssr:stedsnr = 78731: No name found
utility_to_osm - WARNING - ssr:stedsnr = 78731 has multiple (2) positions, using the first one!
utility_to_osm - INFO - ignoring non approved status = "avslått" name = "Keiprøddalsmyran"
utility_to_osm - INFO - ignoring non approved status = "avslått" name = "Keiprøddalsmyran"
utility_to_osm - INFO - ignoring non approved status = "avslått" name = "Keiprøddalsmyran"
utility_to_osm - WARNING - ssr:stedsnr = 79681: No priority spelling found for lang = no, using alt_name to get "[('no', u'Keipr\xf8ddalsmyra')]"
utility_to_osm - WARNING - ssr:stedsnr = 79681 has multiple (2) positions, using the first one!
utility_to_osm - ERROR - ssr:stedsnr = 79686: No name found
utility_to_osm - ERROR - ssr:stedsnr = 79690: No name found
utility_to_osm - ERROR - ssr:stedsnr = 79700: No name found
utility_to_osm - WARNING - ssr:stedsnr = 79700 has multiple (2) positions, using the first one!
utility_to_osm - ERROR - ssr:stedsnr = 79918: No name found
utility_to_osm - WARNING - ssr:stedsnr = 79918 has multiple (2) positions, using the first one!
utility_to_osm - ERROR - ssr:stedsnr = 80622: No name found
utility_to_osm - ERROR - ssr:stedsnr = 80469: No name found
utility_to_osm - WARNING - ssr:stedsnr = 82107: No priority spelling found for lang = se, using alt_name to get "[('se', u'Gorssasl\xe1hku')]"
utility_to_osm - WARNING - ssr:stedsnr = 82107 has multiple (2) positions, using the first one!
utility_to_osm - WARNING - ssr:stedsnr = 82539: No priority spelling found for lang = no, using alt_name to get "[('no', u'Keipr\xf8dplassen')]"
utility_to_osm - WARNING - ssr:stedsnr = 82539 has multiple (2) positions, using the first one!
utility_to_osm - ERROR - ssr:stedsnr = 88573: No name found
utility_to_osm - ERROR - ssr:stedsnr = 90530: No name found
utility_to_osm - ERROR - ssr:stedsnr = 90531: No name found
utility_to_osm - ERROR - ssr:stedsnr = 111700: No name found
utility_to_osm - ERROR - ssr:stedsnr = 111704: No name found
utility_to_osm - ERROR - ssr:stedsnr = 117253: No name found
utility_to_osm - ERROR - ssr:stedsnr = 117241: No name found
utility_to_osm - ERROR - ssr:stedsnr = 117418: No name found
utility_to_osm - ERROR - ssr:stedsnr = 117426: No name found
utility_to_osm - ERROR - ssr:stedsnr = 117432: No name found
utility_to_osm - ERROR - ssr:stedsnr = 117489: No name found
utility_to_osm - ERROR - ssr:stedsnr = 117492: No name found
utility_to_osm - ERROR - ssr:stedsnr = 117502: No name found
utility_to_osm - ERROR - ssr:stedsnr = 117506: No name found
utility_to_osm - ERROR - ssr:stedsnr = 117510: No name found
utility_to_osm - ERROR - ssr:stedsnr = 117513: No name found
utility_to_osm - ERROR - ssr:stedsnr = 117515: No name found
utility_to_osm - ERROR - ssr:stedsnr = 117538: No name found
utility_to_osm - ERROR - ssr:stedsnr = 117562: No name found
utility_to_osm - ERROR - ssr:stedsnr = 117569: No name found
utility_to_osm - ERROR - ssr:stedsnr = 117572: No name found
utility_to_osm - ERROR - ssr:stedsnr = 117706: No name found
utility_to_osm - ERROR - ssr:stedsnr = 117724: No name found
utility_to_osm - WARNING - ssr:stedsnr = 117726: No priority spelling found for lang = no, using alt_name to get "[('no', u'\xd8verdalen')]"
utility_to_osm - ERROR - ssr:stedsnr = 117726: No name found
utility_to_osm - WARNING - ssr:stedsnr = 117726 has multiple (2) positions, using the first one!
utility_to_osm - ERROR - ssr:stedsnr = 117753: No name found
utility_to_osm - ERROR - ssr:stedsnr = 117823: No name found
utility_to_osm - ERROR - ssr:stedsnr = 117826: No name found
utility_to_osm - ERROR - ssr:stedsnr = 119145: No name found
utility_to_osm - ERROR - ssr:stedsnr = 119165: No name found
utility_to_osm - ERROR - ssr:stedsnr = 119266: No name found
utility_to_osm - ERROR - ssr:stedsnr = 119269: No name found
utility_to_osm - ERROR - ssr:stedsnr = 119281: No name found
utility_to_osm - ERROR - ssr:stedsnr = 119286: No name found
utility_to_osm - ERROR - ssr:stedsnr = 119295: No name found
utility_to_osm - ERROR - ssr:stedsnr = 119387: No name found
utility_to_osm - ERROR - ssr:stedsnr = 119401: No name found
utility_to_osm - ERROR - ssr:stedsnr = 119406: No name found
utility_to_osm - ERROR - ssr:stedsnr = 119552: No name found
utility_to_osm - ERROR - ssr:stedsnr = 119569: No name found
utility_to_osm - ERROR - ssr:stedsnr = 119576: No name found
utility_to_osm - ERROR - ssr:stedsnr = 119631: No name found
utility_to_osm - ERROR - ssr:stedsnr = 119634: No name found
utility_to_osm - ERROR - ssr:stedsnr = 119638: No name found
utility_to_osm - ERROR - ssr:stedsnr = 138203: No name found
utility_to_osm - WARNING - ssr:stedsnr = 138203 has multiple (2) positions, using the first one!
utility_to_osm - ERROR - ssr:stedsnr = 138377: No name found
utility_to_osm - WARNING - ssr:stedsnr = 138377 has multiple (2) positions, using the first one!
utility_to_osm - ERROR - ssr:stedsnr = 138586: No name found
utility_to_osm - ERROR - ssr:stedsnr = 138586: No name found
utility_to_osm - INFO - ssr:stedsnr = 138586: Multi-language name tag = Ruŋguvuopmi - Spansdalen
utility_to_osm - WARNING - ssr:stedsnr = 138586 has multiple (4) positions, using the first one!
utility_to_osm - ERROR - ssr:stedsnr = 139531: No name found
utility_to_osm - WARNING - ssr:stedsnr = 139531 has multiple (2) positions, using the first one!
utility_to_osm - ERROR - ssr:stedsnr = 139708: No name found
utility_to_osm - WARNING - ssr:stedsnr = 139708 has multiple (3) positions, using the first one!
utility_to_osm - ERROR - ssr:stedsnr = 139709: No name found
utility_to_osm - WARNING - ssr:stedsnr = 139709 has multiple (4) positions, using the first one!
utility_to_osm - INFO - ignoring non approved status = "avslått" name = "Asačohkka"
utility_to_osm - INFO - ignoring non approved status = "avslått" name = "Asačåkka"
utility_to_osm - INFO - ignoring non approved status = "avslått" name = "Asačohkka"
utility_to_osm - INFO - ignoring non approved status = "avslått" name = "Asačåkka"
utility_to_osm - INFO - ignoring non approved status = "avslått" name = "Asačohkka"
utility_to_osm - INFO - ignoring non approved status = "avslått" name = "Asačåkka"
utility_to_osm - WARNING - ssr:stedsnr = 139676: No priority spelling found for lang = se, using alt_name to get "[('se', u'\xc1sa\u010dohkka')]"
utility_to_osm - WARNING - ssr:stedsnr = 139676 has multiple (4) positions, using the first one!
utility_to_osm - INFO - ignoring non approved status = "avslått" name = "Gårsašjåkka"
utility_to_osm - INFO - ignoring non approved status = "avslått" name = "Gårsašjåkka"
utility_to_osm - INFO - ignoring non approved status = "avslått" name = "Gårsašjåkka"
utility_to_osm - WARNING - ssr:stedsnr = 139683: No priority spelling found for lang = no, using alt_name to get "[('se', u'Gorssasjohka'), ('no', u'Styggedalselva')]"
utility_to_osm - ERROR - ssr:stedsnr = 139683: No name found
utility_to_osm - INFO - ssr:stedsnr = 139683: Multi-language name tag = Gorssasjohka - Styggedalselva
utility_to_osm - ERROR - ssr:stedsnr = 139694: No name found
utility_to_osm - ERROR - ssr:stedsnr = 139917: No name found
utility_to_osm - WARNING - ssr:stedsnr = 139917 has multiple (3) positions, using the first one!
utility_to_osm - ERROR - ssr:stedsnr = 146159: No name found
utility_to_osm - ERROR - ssr:stedsnr = 147766: No name found
utility_to_osm - ERROR - ssr:stedsnr = 171761: No name found
utility_to_osm - ERROR - ssr:stedsnr = 171764: No name found
utility_to_osm - ERROR - ssr:stedsnr = 178196: No name found
utility_to_osm - ERROR - ssr:stedsnr = 178199: No name found
utility_to_osm - ERROR - ssr:stedsnr = 178204: No name found
utility_to_osm - ERROR - ssr:stedsnr = 178206: No name found
utility_to_osm - ERROR - ssr:stedsnr = 178280: No name found
utility_to_osm - ERROR - ssr:stedsnr = 178283: No name found
utility_to_osm - ERROR - ssr:stedsnr = 178386: No name found
utility_to_osm - ERROR - ssr:stedsnr = 178389: No name found
utility_to_osm - ERROR - ssr:stedsnr = 178448: No name found
utility_to_osm - ERROR - ssr:stedsnr = 178466: No name found
utility_to_osm - ERROR - ssr:stedsnr = 178495: No name found
utility_to_osm - ERROR - ssr:stedsnr = 178528: No name found
utility_to_osm - ERROR - ssr:stedsnr = 178669: No name found
utility_to_osm - ERROR - ssr:stedsnr = 178674: No name found
utility_to_osm - ERROR - ssr:stedsnr = 178682: No name found
utility_to_osm - ERROR - ssr:stedsnr = 178807: No name found
utility_to_osm - ERROR - ssr:stedsnr = 178809: No name found
utility_to_osm - ERROR - ssr:stedsnr = 178811: No name found
utility_to_osm - ERROR - ssr:stedsnr = 178816: No name found
utility_to_osm - ERROR - ssr:stedsnr = 179135: No name found
utility_to_osm - ERROR - ssr:stedsnr = 179142: No name found
utility_to_osm - ERROR - ssr:stedsnr = 179159: No name found
utility_to_osm - ERROR - ssr:stedsnr = 179275: No name found
utility_to_osm - ERROR - ssr:stedsnr = 179277: No name found
utility_to_osm - ERROR - ssr:stedsnr = 179369: No name found
utility_to_osm - WARNING - ssr:stedsnr = 179369 has multiple (2) positions, using the first one!
utility_to_osm - ERROR - ssr:stedsnr = 179373: No name found
utility_to_osm - ERROR - ssr:stedsnr = 180626: No name found
utility_to_osm - ERROR - ssr:stedsnr = 180626: No name found
utility_to_osm - INFO - ssr:stedsnr = 180626: Multi-language name tag = Sávzanjunni - Saunesen
utility_to_osm - WARNING - ssr:stedsnr = 181480: No priority spelling found for lang = no, using alt_name to get "[('no', u'Kolkjerka')]"
utility_to_osm - ERROR - ssr:stedsnr = 181480: No name found
utility_to_osm - ERROR - ssr:stedsnr = 181888: No name found
utility_to_osm - ERROR - ssr:stedsnr = 199358: No name found
utility_to_osm - ERROR - ssr:stedsnr = 199585: No name found
utility_to_osm - WARNING - ssr:stedsnr = 199585 has multiple (3) positions, using the first one!
utility_to_osm - ERROR - ssr:stedsnr = 199599: No name found
utility_to_osm - WARNING - ssr:stedsnr = 199599 has multiple (5) positions, using the first one!
utility_to_osm - ERROR - ssr:stedsnr = 200716: No name found
utility_to_osm - INFO - ignoring non approved status = "avslått" name = "Loabatvuodna"
utility_to_osm - INFO - ignoring non approved status = "avslått" name = "Loabatvuodna"
utility_to_osm - INFO - ignoring non approved status = "avslått" name = "Loabatvuodna"
utility_to_osm - WARNING - ssr:stedsnr = 200691: No priority spelling found for lang = no, using alt_name to get "[('se', u'Loab\xe1kvuotna'), ('no', u'Lavangen')]"
utility_to_osm - ERROR - ssr:stedsnr = 200691: No name found
utility_to_osm - INFO - ssr:stedsnr = 200691: Multi-language name tag = Loabákvuotna - Lavangen
utility_to_osm - WARNING - ssr:stedsnr = 200691 has multiple (15) positions, using the first one!
utility_to_osm - ERROR - ssr:stedsnr = 200696: No name found
utility_to_osm - INFO - ignoring non approved status = "avslått" name = "Råggoaivit"
utility_to_osm - INFO - ignoring non approved status = "avslått" name = "Råggoaivit"
utility_to_osm - INFO - ignoring non approved status = "avslått" name = "Råggoaivit"
utility_to_osm - WARNING - ssr:stedsnr = 200928: No priority spelling found for lang = se, using alt_name to get "[('se', u'Roggoaivvit')]"
utility_to_osm - WARNING - ssr:stedsnr = 200928 has multiple (3) positions, using the first one!
utility_to_osm - WARNING - ssr:stedsnr = 203181: No priority spelling found for lang = no, using alt_name to get "[('no', u'Fossbakken')]"
utility_to_osm - INFO - ignoring non approved status = "avslått" name = "Kjeiprødmyran"
utility_to_osm - INFO - ignoring non approved status = "avslått" name = "Kjeiprødmyran"
utility_to_osm - INFO - ignoring non approved status = "avslått" name = "Kjeiprødmyran"
utility_to_osm - WARNING - ssr:stedsnr = 203366: No priority spelling found for lang = no, using alt_name to get "[('no', u'Keipr\xf8dmyran')]"
utility_to_osm - WARNING - ssr:stedsnr = 205632: No priority spelling found for lang = no, using alt_name to get "[('no', u'Melkeelva')]"
utility_to_osm - ERROR - ssr:stedsnr = 205632: No name found
utility_to_osm - ERROR - ssr:stedsnr = 212954: No name found
utility_to_osm - ERROR - ssr:stedsnr = 232348: No name found
utility_to_osm - ERROR - ssr:stedsnr = 232690: No name found
utility_to_osm - ERROR - ssr:stedsnr = 232697: No name found
utility_to_osm - ERROR - ssr:stedsnr = 233398: No name found
utility_to_osm - ERROR - ssr:stedsnr = 238203: No name found
utility_to_osm - ERROR - ssr:stedsnr = 238212: No name found
utility_to_osm - ERROR - ssr:stedsnr = 238225: No name found
utility_to_osm - ERROR - ssr:stedsnr = 238230: No name found
utility_to_osm - ERROR - ssr:stedsnr = 238557: No name found
utility_to_osm - ERROR - ssr:stedsnr = 239197: No name found
utility_to_osm - ERROR - ssr:stedsnr = 239290: No name found
utility_to_osm - ERROR - ssr:stedsnr = 239292: No name found
utility_to_osm - ERROR - ssr:stedsnr = 239378: No name found
utility_to_osm - ERROR - ssr:stedsnr = 239382: No name found
utility_to_osm - ERROR - ssr:stedsnr = 239396: No name found
utility_to_osm - ERROR - ssr:stedsnr = 239444: No name found
utility_to_osm - ERROR - ssr:stedsnr = 239446: No name found
utility_to_osm - ERROR - ssr:stedsnr = 239451: No name found
utility_to_osm - ERROR - ssr:stedsnr = 239450: No name found
utility_to_osm - ERROR - ssr:stedsnr = 239460: No name found
utility_to_osm - ERROR - ssr:stedsnr = 239463: No name found
utility_to_osm - ERROR - ssr:stedsnr = 239462: No name found
utility_to_osm - ERROR - ssr:stedsnr = 239468: No name found
utility_to_osm - ERROR - ssr:stedsnr = 239487: No name found
utility_to_osm - ERROR - ssr:stedsnr = 239490: No name found
utility_to_osm - ERROR - ssr:stedsnr = 239513: No name found
utility_to_osm - ERROR - ssr:stedsnr = 239541: No name found
utility_to_osm - ERROR - ssr:stedsnr = 239543: No name found
utility_to_osm - ERROR - ssr:stedsnr = 239549: No name found
utility_to_osm - ERROR - ssr:stedsnr = 239560: No name found
utility_to_osm - ERROR - ssr:stedsnr = 239768: No name found
utility_to_osm - ERROR - ssr:stedsnr = 239779: No name found
utility_to_osm - ERROR - ssr:stedsnr = 239780: No name found
utility_to_osm - ERROR - ssr:stedsnr = 239837: No name found
utility_to_osm - ERROR - ssr:stedsnr = 239843: No name found
utility_to_osm - ERROR - ssr:stedsnr = 239847: No name found
utility_to_osm - ERROR - ssr:stedsnr = 240261: No name found
utility_to_osm - ERROR - ssr:stedsnr = 240263: No name found
utility_to_osm - ERROR - ssr:stedsnr = 240267: No name found
utility_to_osm - ERROR - ssr:stedsnr = 240283: No name found
utility_to_osm - ERROR - ssr:stedsnr = 240290: No name found
utility_to_osm - ERROR - ssr:stedsnr = 240293: No name found
utility_to_osm - ERROR - ssr:stedsnr = 240295: No name found
utility_to_osm - ERROR - ssr:stedsnr = 240301: No name found
utility_to_osm - ERROR - ssr:stedsnr = 240306: No name found
utility_to_osm - ERROR - ssr:stedsnr = 240394: No name found
utility_to_osm - ERROR - ssr:stedsnr = 240552: No name found
utility_to_osm - ERROR - ssr:stedsnr = 240563: No name found
utility_to_osm - ERROR - ssr:stedsnr = 240621: No name found
utility_to_osm - ERROR - ssr:stedsnr = 260571: No name found
utility_to_osm - WARNING - ssr:stedsnr = 260571 has multiple (2) positions, using the first one!
utility_to_osm - ERROR - ssr:stedsnr = 260595: No name found
utility_to_osm - WARNING - ssr:stedsnr = 260595 has multiple (2) positions, using the first one!
utility_to_osm - ERROR - ssr:stedsnr = 260597: No name found
utility_to_osm - WARNING - ssr:stedsnr = 260597 has multiple (3) positions, using the first one!
utility_to_osm - ERROR - ssr:stedsnr = 260604: No name found
utility_to_osm - ERROR - ssr:stedsnr = 260604: No name found
utility_to_osm - INFO - ssr:stedsnr = 260604: Multi-language name tag = Jalgesáidi - Fjordbotneidet
utility_to_osm - WARNING - ssr:stedsnr = 260604 has multiple (3) positions, using the first one!
utility_to_osm - ERROR - ssr:stedsnr = 260640: No name found
utility_to_osm - ERROR - ssr:stedsnr = 260642: No name found
utility_to_osm - WARNING - ssr:stedsnr = 260642 has multiple (2) positions, using the first one!
utility_to_osm - ERROR - ssr:stedsnr = 260728: No name found
utility_to_osm - WARNING - ssr:stedsnr = 260728 has multiple (2) positions, using the first one!
utility_to_osm - ERROR - ssr:stedsnr = 260760: No name found
utility_to_osm - ERROR - ssr:stedsnr = 260762: No name found
utility_to_osm - WARNING - ssr:stedsnr = 260762 has multiple (2) positions, using the first one!
utility_to_osm - ERROR - ssr:stedsnr = 260773: No name found
utility_to_osm - WARNING - ssr:stedsnr = 260773 has multiple (2) positions, using the first one!
utility_to_osm - ERROR - ssr:stedsnr = 261715: No name found
utility_to_osm - WARNING - ssr:stedsnr = 264354: No priority spelling found for lang = no, using alt_name to get "[('no', u'Keipr\xf8d')]"
utility_to_osm - ERROR - ssr:stedsnr = 264587: No name found
utility_to_osm - ERROR - ssr:stedsnr = 264587: No name found
utility_to_osm - INFO - ssr:stedsnr = 264587: Multi-language name tag = Mielkevárri - Melkefjellet
utility_to_osm - WARNING - ssr:stedsnr = 264587 has multiple (5) positions, using the first one!
utility_to_osm - WARNING - ssr:stedsnr = 266596: No priority spelling found for lang = no, using alt_name to get "[('no', u'Rundvatnet')]"
utility_to_osm - ERROR - ssr:stedsnr = 266596: No name found
utility_to_osm - WARNING - ssr:stedsnr = 266596 has multiple (2) positions, using the first one!
utility_to_osm - ERROR - ssr:stedsnr = 415392: No name found
utility_to_osm - ERROR - ssr:stedsnr = 421181: No name found
utility_to_osm - ERROR - ssr:stedsnr = 421187: No name found
utility_to_osm - ERROR - ssr:stedsnr = 421188: No name found
utility_to_osm - ERROR - ssr:stedsnr = 421209: No name found
utility_to_osm - ERROR - ssr:stedsnr = 421389: No name found
utility_to_osm - WARNING - ssr:stedsnr = 421389 has multiple (2) positions, using the first one!
utility_to_osm - ERROR - ssr:stedsnr = 421395: No name found
utility_to_osm - ERROR - ssr:stedsnr = 421397: No name found
utility_to_osm - ERROR - ssr:stedsnr = 421406: No name found
utility_to_osm - ERROR - ssr:stedsnr = 421410: No name found
utility_to_osm - ERROR - ssr:stedsnr = 421409: No name found
utility_to_osm - ERROR - ssr:stedsnr = 421439: No name found
utility_to_osm - ERROR - ssr:stedsnr = 421456: No name found
utility_to_osm - ERROR - ssr:stedsnr = 421459: No name found
utility_to_osm - ERROR - ssr:stedsnr = 421461: No name found
utility_to_osm - ERROR - ssr:stedsnr = 421468: No name found
utility_to_osm - ERROR - ssr:stedsnr = 421470: No name found
utility_to_osm - ERROR - ssr:stedsnr = 421489: No name found
utility_to_osm - ERROR - ssr:stedsnr = 421511: No name found
utility_to_osm - ERROR - ssr:stedsnr = 421534: No name found
utility_to_osm - ERROR - ssr:stedsnr = 421536: No name found
utility_to_osm - ERROR - ssr:stedsnr = 421543: No name found
utility_to_osm - ERROR - ssr:stedsnr = 421546: No name found
utility_to_osm - ERROR - ssr:stedsnr = 421549: No name found
utility_to_osm - ERROR - ssr:stedsnr = 421702: No name found
utility_to_osm - ERROR - ssr:stedsnr = 421709: No name found
utility_to_osm - ERROR - ssr:stedsnr = 421767: No name found
utility_to_osm - ERROR - ssr:stedsnr = 421770: No name found
utility_to_osm - ERROR - ssr:stedsnr = 421832: No name found
utility_to_osm - ERROR - ssr:stedsnr = 421833: No name found
utility_to_osm - ERROR - ssr:stedsnr = 421843: No name found
utility_to_osm - ERROR - ssr:stedsnr = 422122: No name found
utility_to_osm - ERROR - ssr:stedsnr = 422128: No name found
utility_to_osm - ERROR - ssr:stedsnr = 422131: No name found
utility_to_osm - ERROR - ssr:stedsnr = 422225: No name found
utility_to_osm - ERROR - ssr:stedsnr = 422236: No name found
utility_to_osm - ERROR - ssr:stedsnr = 422255: No name found
utility_to_osm - ERROR - ssr:stedsnr = 422258: No name found
utility_to_osm - ERROR - ssr:stedsnr = 422269: No name found
utility_to_osm - ERROR - ssr:stedsnr = 422276: No name found
utility_to_osm - ERROR - ssr:stedsnr = 422363: No name found
utility_to_osm - ERROR - ssr:stedsnr = 422546: No name found
utility_to_osm - ERROR - ssr:stedsnr = 422603: No name found
utility_to_osm - ERROR - ssr:stedsnr = 422607: No name found
utility_to_osm - ERROR - ssr:stedsnr = 422623: No name found
utility_to_osm - ERROR - ssr:stedsnr = 422623: No name found
utility_to_osm - INFO - ssr:stedsnr = 422623: Multi-language name tag = Vilgesbákti - Kviteberget
utility_to_osm - ERROR - ssr:stedsnr = 423647: No name found
utility_to_osm - ERROR - ssr:stedsnr = 441699: No name found
utility_to_osm - ERROR - ssr:stedsnr = 442360: No name found
utility_to_osm - WARNING - ssr:stedsnr = 442360 has multiple (3) positions, using the first one!
utility_to_osm - ERROR - ssr:stedsnr = 442551: No name found
utility_to_osm - WARNING - ssr:stedsnr = 442551 has multiple (2) positions, using the first one!
utility_to_osm - ERROR - ssr:stedsnr = 442553: No name found
utility_to_osm - WARNING - ssr:stedsnr = 442553 has multiple (3) positions, using the first one!
utility_to_osm - ERROR - ssr:stedsnr = 442629: No name found
utility_to_osm - ERROR - ssr:stedsnr = 442705: No name found
utility_to_osm - WARNING - ssr:stedsnr = 442711: No priority spelling found for lang = no, using alt_name to get "[('se', u'Loab\xe1k\xe1idi'), ('no', u'Lavangseidet')]"
utility_to_osm - ERROR - ssr:stedsnr = 442711: No name found
utility_to_osm - INFO - ssr:stedsnr = 442711: Multi-language name tag = Loabákáidi - Lavangseidet
utility_to_osm - ERROR - ssr:stedsnr = 442719: No name found
utility_to_osm - WARNING - ssr:stedsnr = 442719 has multiple (2) positions, using the first one!
utility_to_osm - ERROR - ssr:stedsnr = 442742: No name found
utility_to_osm - WARNING - ssr:stedsnr = 442742 has multiple (2) positions, using the first one!
utility_to_osm - ERROR - ssr:stedsnr = 442741: No name found
utility_to_osm - ERROR - ssr:stedsnr = 442753: No name found
utility_to_osm - WARNING - ssr:stedsnr = 442753 has multiple (3) positions, using the first one!
utility_to_osm - ERROR - ssr:stedsnr = 442759: No name found
utility_to_osm - ERROR - ssr:stedsnr = 442759: Adding multiple names to name tag, this is not OK! name = "Odden;Hestnes"
utility_to_osm - ERROR - ssr:stedsnr = 443691: No name found
utility_to_osm - ERROR - ssr:stedsnr = 443691: Adding multiple names to name tag, this is not OK! name = "Altanen;Tha"
utility_to_osm - ERROR - ssr:stedsnr = 443696: No name found
utility_to_osm - ERROR - ssr:stedsnr = 443697: No name found
utility_to_osm - ERROR - ssr:stedsnr = 443707: No name found
utility_to_osm - WARNING - ssr:stedsnr = 446320: No priority spelling found for lang = no, using alt_name to get "[('no', u'Keipr\xf8dplassen')]"
utility_to_osm - ERROR - ssr:stedsnr = 448635: No name found
utility_to_osm - ERROR - ssr:stedsnr = 481216: No name found
utility_to_osm - ERROR - ssr:stedsnr = 481222: No name found
utility_to_osm - ERROR - ssr:stedsnr = 481228: No name found
utility_to_osm - ERROR - ssr:stedsnr = 481230: No name found
utility_to_osm - ERROR - ssr:stedsnr = 481237: No name found
utility_to_osm - ERROR - ssr:stedsnr = 481242: No name found
utility_to_osm - ERROR - ssr:stedsnr = 481420: No name found
utility_to_osm - ERROR - ssr:stedsnr = 481429: No name found
utility_to_osm - ERROR - ssr:stedsnr = 481432: No name found
utility_to_osm - ERROR - ssr:stedsnr = 481437: No name found
utility_to_osm - ERROR - ssr:stedsnr = 481488: No name found
utility_to_osm - ERROR - ssr:stedsnr = 481490: No name found
utility_to_osm - ERROR - ssr:stedsnr = 481491: No name found
utility_to_osm - ERROR - ssr:stedsnr = 481503: No name found
utility_to_osm - ERROR - ssr:stedsnr = 481512: No name found
utility_to_osm - ERROR - ssr:stedsnr = 481553: No name found
utility_to_osm - ERROR - ssr:stedsnr = 481552: No name found
utility_to_osm - ERROR - ssr:stedsnr = 481558: No name found
utility_to_osm - ERROR - ssr:stedsnr = 481570: No name found
utility_to_osm - ERROR - ssr:stedsnr = 481689: No name found
utility_to_osm - ERROR - ssr:stedsnr = 481713: No name found
utility_to_osm - ERROR - ssr:stedsnr = 481714: No name found
utility_to_osm - ERROR - ssr:stedsnr = 481738: No name found
utility_to_osm - ERROR - ssr:stedsnr = 481748: No name found
utility_to_osm - ERROR - ssr:stedsnr = 481827: No name found
utility_to_osm - ERROR - ssr:stedsnr = 483152: No name found
utility_to_osm - ERROR - ssr:stedsnr = 483156: No name found
utility_to_osm - ERROR - ssr:stedsnr = 483189: No name found
utility_to_osm - ERROR - ssr:stedsnr = 483288: No name found
utility_to_osm - ERROR - ssr:stedsnr = 483290: No name found
utility_to_osm - ERROR - ssr:stedsnr = 483311: No name found
utility_to_osm - ERROR - ssr:stedsnr = 483321: No name found
utility_to_osm - ERROR - ssr:stedsnr = 483390: No name found
utility_to_osm - ERROR - ssr:stedsnr = 483412: No name found
utility_to_osm - ERROR - ssr:stedsnr = 483415: No name found
utility_to_osm - ERROR - ssr:stedsnr = 483566: No name found
utility_to_osm - ERROR - ssr:stedsnr = 483568: No name found
utility_to_osm - ERROR - ssr:stedsnr = 483570: No name found
utility_to_osm - ERROR - ssr:stedsnr = 483575: No name found
utility_to_osm - ERROR - ssr:stedsnr = 483639: No name found
utility_to_osm - WARNING - ssr:stedsnr = 483650: No priority spelling found for lang = no, using alt_name to get "[('no', u'Storbakken')]"
utility_to_osm - ERROR - ssr:stedsnr = 483650: No name found
utility_to_osm - ERROR - ssr:stedsnr = 483655: No name found
utility_to_osm - ERROR - ssr:stedsnr = 483655: No name found
utility_to_osm - INFO - ssr:stedsnr = 483655: Multi-language name tag = Skillajuovva - Litjeura
utility_to_osm - ERROR - ssr:stedsnr = 503560: No name found
utility_to_osm - WARNING - ssr:stedsnr = 503560 has multiple (2) positions, using the first one!
utility_to_osm - ERROR - ssr:stedsnr = 503653: No name found
utility_to_osm - ERROR - ssr:stedsnr = 503697: No name found
utility_to_osm - WARNING - ssr:stedsnr = 503697 has multiple (3) positions, using the first one!
utility_to_osm - INFO - ignoring non approved status = "avslått" name = "Ruŋgo"
utility_to_osm - INFO - ignoring non approved status = "avslått" name = "Ruŋgo"
utility_to_osm - INFO - ignoring non approved status = "avslått" name = "Ruŋgo"
utility_to_osm - WARNING - ssr:stedsnr = 503868: No priority spelling found for lang = se, using alt_name to get "[('se', u'Ru\u014bgu')]"
utility_to_osm - WARNING - ssr:stedsnr = 503868: No priority spelling found for lang = no, using alt_name to get "[('se', u'Ru\u014bgu'), ('no', u'Spansdalen')]"
utility_to_osm - INFO - ssr:stedsnr = 503868: Multi-language name tag = Ruŋgu - Spansdalen
utility_to_osm - WARNING - ssr:stedsnr = 503868 has multiple (3) positions, using the first one!
utility_to_osm - WARNING - ssr:stedsnr = 507089: No priority spelling found for lang = se, using alt_name to get "[('se', u'G\xe1mariehppi')]"
utility_to_osm - WARNING - ssr:stedsnr = 507089 has multiple (2) positions, using the first one!
utility_to_osm - WARNING - ssr:stedsnr = 507300: No priority spelling found for lang = no, using alt_name to get "[('no', u'Keipr\xf8d')]"
utility_to_osm - WARNING - ssr:stedsnr = 507300 has multiple (2) positions, using the first one!
utility_to_osm - ERROR - ssr:stedsnr = 507657: No name found
utility_to_osm - ERROR - ssr:stedsnr = 516658: No name found
utility_to_osm - ERROR - ssr:stedsnr = 536373: No name found
utility_to_osm - ERROR - ssr:stedsnr = 536746: No name found
utility_to_osm - ERROR - ssr:stedsnr = 536750: No name found
utility_to_osm - ERROR - ssr:stedsnr = 536749: No name found
utility_to_osm - ERROR - ssr:stedsnr = 542191: No name found
utility_to_osm - ERROR - ssr:stedsnr = 542197: No name found
utility_to_osm - ERROR - ssr:stedsnr = 542201: No name found
utility_to_osm - ERROR - ssr:stedsnr = 542400: No name found
utility_to_osm - ERROR - ssr:stedsnr = 542401: No name found
utility_to_osm - ERROR - ssr:stedsnr = 542405: No name found
utility_to_osm - ERROR - ssr:stedsnr = 542453: No name found
utility_to_osm - ERROR - ssr:stedsnr = 542458: No name found
utility_to_osm - ERROR - ssr:stedsnr = 542466: No name found
utility_to_osm - ERROR - ssr:stedsnr = 542470: No name found
utility_to_osm - ERROR - ssr:stedsnr = 542471: No name found
utility_to_osm - ERROR - ssr:stedsnr = 542473: No name found
utility_to_osm - ERROR - ssr:stedsnr = 542475: No name found
utility_to_osm - ERROR - ssr:stedsnr = 542474: No name found
utility_to_osm - WARNING - ssr:stedsnr = 542474 has multiple (2) positions, using the first one!
utility_to_osm - ERROR - ssr:stedsnr = 542487: No name found
utility_to_osm - ERROR - ssr:stedsnr = 542492: No name found
utility_to_osm - ERROR - ssr:stedsnr = 542532: No name found
utility_to_osm - ERROR - ssr:stedsnr = 542542: No name found
utility_to_osm - WARNING - ssr:stedsnr = 542542 has multiple (2) positions, using the first one!
utility_to_osm - ERROR - ssr:stedsnr = 542543: No name found
utility_to_osm - ERROR - ssr:stedsnr = 542547: No name found
utility_to_osm - ERROR - ssr:stedsnr = 542684: No name found
utility_to_osm - ERROR - ssr:stedsnr = 542689: No name found
utility_to_osm - ERROR - ssr:stedsnr = 542690: No name found
utility_to_osm - ERROR - ssr:stedsnr = 542710: No name found
utility_to_osm - ERROR - ssr:stedsnr = 542717: No name found
utility_to_osm - ERROR - ssr:stedsnr = 542717: No name found
utility_to_osm - INFO - ssr:stedsnr = 542717: Multi-language name tag = Čoaffi - Aksla
utility_to_osm - ERROR - ssr:stedsnr = 542763: No name found
utility_to_osm - ERROR - ssr:stedsnr = 542769: No name found
utility_to_osm - ERROR - ssr:stedsnr = 543259: No name found
utility_to_osm - ERROR - ssr:stedsnr = 543292: No name found
utility_to_osm - ERROR - ssr:stedsnr = 543299: No name found
utility_to_osm - ERROR - ssr:stedsnr = 543382: No name found
utility_to_osm - ERROR - ssr:stedsnr = 543389: No name found
utility_to_osm - ERROR - ssr:stedsnr = 543520: No name found
utility_to_osm - ERROR - ssr:stedsnr = 543527: No name found
utility_to_osm - ERROR - ssr:stedsnr = 543526: No name found
utility_to_osm - ERROR - ssr:stedsnr = 543591: No name found
utility_to_osm - ERROR - ssr:stedsnr = 543594: No name found
utility_to_osm - ERROR - ssr:stedsnr = 543611: No name found
utility_to_osm - ERROR - ssr:stedsnr = 544530: No name found
utility_to_osm - ERROR - ssr:stedsnr = 544532: No name found
utility_to_osm - ERROR - ssr:stedsnr = 563269: No name found
utility_to_osm - WARNING - ssr:stedsnr = 563269 has multiple (4) positions, using the first one!
utility_to_osm - ERROR - ssr:stedsnr = 563333: No name found
utility_to_osm - WARNING - ssr:stedsnr = 563333 has multiple (2) positions, using the first one!
utility_to_osm - INFO - ignoring non approved status = "avslått" name = "Fossbakken nordre"
utility_to_osm - INFO - ignoring non approved status = "avslått" name = "Forsbakken, nordre"
utility_to_osm - INFO - ignoring non approved status = "avslått" name = "Fossbakken nordre"
utility_to_osm - INFO - ignoring non approved status = "avslått" name = "Forsbakken, nordre"
utility_to_osm - INFO - ignoring non approved status = "avslått" name = "Fossbakken nordre"
utility_to_osm - INFO - ignoring non approved status = "avslått" name = "Forsbakken, nordre"
utility_to_osm - WARNING - ssr:stedsnr = 563542: No priority spelling found for lang = no, using alt_name to get "[('no', u'Nordre Fossbakken')]"
utility_to_osm - WARNING - ssr:stedsnr = 563542 has multiple (3) positions, using the first one!
utility_to_osm - ERROR - ssr:stedsnr = 563614: No name found
utility_to_osm - WARNING - ssr:stedsnr = 563726: No priority spelling found for lang = se, using alt_name to get "[('se', u'Gielas')]"
utility_to_osm - WARNING - ssr:stedsnr = 563726 has multiple (2) positions, using the first one!
utility_to_osm - ERROR - ssr:stedsnr = 563735: No name found
utility_to_osm - ERROR - ssr:stedsnr = 563751: No name found
utility_to_osm - WARNING - ssr:stedsnr = 563751 has multiple (3) positions, using the first one!
utility_to_osm - ERROR - ssr:stedsnr = 563753: No name found
utility_to_osm - ERROR - ssr:stedsnr = 563762: No name found
utility_to_osm - ERROR - ssr:stedsnr = 563762: Adding multiple names to name tag, this is not OK! name = "Gårdselva;Store Gårdelva"
utility_to_osm - ERROR - ssr:stedsnr = 563768: No name found
utility_to_osm - ERROR - ssr:stedsnr = 563772: No name found
utility_to_osm - WARNING - ssr:stedsnr = 563772 has multiple (3) positions, using the first one!
utility_to_osm - ERROR - ssr:stedsnr = 563946: No name found
utility_to_osm - WARNING - ssr:stedsnr = 563946 has multiple (3) positions, using the first one!
utility_to_osm - ERROR - ssr:stedsnr = 563950: No name found
utility_to_osm - ERROR - ssr:stedsnr = 563950: Adding multiple names to name tag, this is not OK! name = "Váráš;Gásttát"
utility_to_osm - WARNING - ssr:stedsnr = 563950 has multiple (2) positions, using the first one!
utility_to_osm - ERROR - ssr:stedsnr = 564608: No name found
utility_to_osm - ERROR - ssr:stedsnr = 564608: No name found
utility_to_osm - INFO - ssr:stedsnr = 564608: Multi-language name tag = Suoidnesadji - Sennemyra
utility_to_osm - ERROR - ssr:stedsnr = 564614: No name found
utility_to_osm - WARNING - ssr:stedsnr = 567390: No priority spelling found for lang = no, using alt_name to get "[('no', u'Keipr\xf8ddalen')]"
utility_to_osm - WARNING - ssr:stedsnr = 567390 has multiple (2) positions, using the first one!
utility_to_osm - ERROR - ssr:stedsnr = 571777: No name found
utility_to_osm - ERROR - ssr:stedsnr = 575990: No name found
utility_to_osm - ERROR - ssr:stedsnr = 597376: No name found
utility_to_osm - ERROR - ssr:stedsnr = 602208: No name found
utility_to_osm - ERROR - ssr:stedsnr = 602305: No name found
utility_to_osm - ERROR - ssr:stedsnr = 602409: No name found
utility_to_osm - ERROR - ssr:stedsnr = 602420: No name found
utility_to_osm - ERROR - ssr:stedsnr = 602460: No name found
utility_to_osm - ERROR - ssr:stedsnr = 602505: No name found
utility_to_osm - ERROR - ssr:stedsnr = 602517: No name found
utility_to_osm - ERROR - ssr:stedsnr = 602533: No name found
utility_to_osm - ERROR - ssr:stedsnr = 602548: No name found
utility_to_osm - ERROR - ssr:stedsnr = 602554: No name found
utility_to_osm - ERROR - ssr:stedsnr = 602578: No name found
utility_to_osm - ERROR - ssr:stedsnr = 602582: No name found
utility_to_osm - ERROR - ssr:stedsnr = 602581: No name found
utility_to_osm - ERROR - ssr:stedsnr = 602717: No name found
utility_to_osm - WARNING - ssr:stedsnr = 602740: No priority spelling found for lang = no, using alt_name to get "[('no', u'Torvmyra')]"
utility_to_osm - ERROR - ssr:stedsnr = 602740: No name found
utility_to_osm - ERROR - ssr:stedsnr = 602763: No name found
utility_to_osm - ERROR - ssr:stedsnr = 602765: No name found
utility_to_osm - ERROR - ssr:stedsnr = 602814: No name found
utility_to_osm - ERROR - ssr:stedsnr = 602815: No name found
utility_to_osm - ERROR - ssr:stedsnr = 604142: No name found
utility_to_osm - ERROR - ssr:stedsnr = 604145: No name found
utility_to_osm - ERROR - ssr:stedsnr = 604153: No name found
utility_to_osm - ERROR - ssr:stedsnr = 604272: No name found
utility_to_osm - ERROR - ssr:stedsnr = 604275: No name found
utility_to_osm - ERROR - ssr:stedsnr = 604279: No name found
utility_to_osm - ERROR - ssr:stedsnr = 604295: No name found
utility_to_osm - ERROR - ssr:stedsnr = 604301: No name found
utility_to_osm - ERROR - ssr:stedsnr = 604385: No name found
utility_to_osm - ERROR - ssr:stedsnr = 604396: No name found
utility_to_osm - ERROR - ssr:stedsnr = 604532: No name found
utility_to_osm - ERROR - ssr:stedsnr = 604536: No name found
utility_to_osm - ERROR - ssr:stedsnr = 604561: No name found
utility_to_osm - ERROR - ssr:stedsnr = 604625: No name found
utility_to_osm - ERROR - ssr:stedsnr = 604634: No name found
utility_to_osm - ERROR - ssr:stedsnr = 624573: No name found
utility_to_osm - WARNING - ssr:stedsnr = 624573 has multiple (2) positions, using the first one!
utility_to_osm - ERROR - ssr:stedsnr = 624582: No name found
utility_to_osm - WARNING - ssr:stedsnr = 624582 has multiple (2) positions, using the first one!
utility_to_osm - WARNING - ssr:stedsnr = 624583: No priority spelling found for lang = no, using alt_name to get "[('no', u'Spansdalaksla')]"
utility_to_osm - ERROR - ssr:stedsnr = 624583: No name found
utility_to_osm - WARNING - ssr:stedsnr = 624583 has multiple (2) positions, using the first one!
utility_to_osm - ERROR - ssr:stedsnr = 624598: No name found
utility_to_osm - WARNING - ssr:stedsnr = 624598 has multiple (4) positions, using the first one!
utility_to_osm - ERROR - ssr:stedsnr = 624599: No name found
utility_to_osm - ERROR - ssr:stedsnr = 624599: No name found
utility_to_osm - INFO - ssr:stedsnr = 624599: Multi-language name tag = Boksajeaggi - Stormyra
utility_to_osm - WARNING - ssr:stedsnr = 624599 has multiple (4) positions, using the first one!
utility_to_osm - ERROR - ssr:stedsnr = 624602: No name found
utility_to_osm - WARNING - ssr:stedsnr = 624602 has multiple (3) positions, using the first one!
utility_to_osm - ERROR - ssr:stedsnr = 624629: No name found
utility_to_osm - WARNING - ssr:stedsnr = 624629 has multiple (3) positions, using the first one!
utility_to_osm - ERROR - ssr:stedsnr = 624688: No name found
utility_to_osm - ERROR - ssr:stedsnr = 624697: No name found
utility_to_osm - ERROR - ssr:stedsnr = 624708: No name found
utility_to_osm - ERROR - ssr:stedsnr = 624716: No name found
utility_to_osm - WARNING - ssr:stedsnr = 624716 has multiple (2) positions, using the first one!
utility_to_osm - ERROR - ssr:stedsnr = 624730: No name found
utility_to_osm - WARNING - ssr:stedsnr = 624730 has multiple (3) positions, using the first one!
utility_to_osm - ERROR - ssr:stedsnr = 624733: No name found
utility_to_osm - ERROR - ssr:stedsnr = 624733: Adding multiple names to name tag, this is not OK! name = "Nevet;Varden"
utility_to_osm - ERROR - ssr:stedsnr = 624898: No name found
utility_to_osm - WARNING - ssr:stedsnr = 624898 has multiple (4) positions, using the first one!
utility_to_osm - ERROR - ssr:stedsnr = 624924: No name found
utility_to_osm - WARNING - ssr:stedsnr = 624924 has multiple (2) positions, using the first one!
utility_to_osm - ERROR - ssr:stedsnr = 632589: No name found
utility_to_osm - ERROR - ssr:stedsnr = 633828: No name found
utility_to_osm - ERROR - ssr:stedsnr = 637662: No name found
utility_to_osm - ERROR - ssr:stedsnr = 663200: No name found
utility_to_osm - ERROR - ssr:stedsnr = 663201: No name found
utility_to_osm - ERROR - ssr:stedsnr = 663378: No name found
utility_to_osm - ERROR - ssr:stedsnr = 663401: No name found
utility_to_osm - ERROR - ssr:stedsnr = 663425: No name found
utility_to_osm - ERROR - ssr:stedsnr = 663432: No name found
utility_to_osm - ERROR - ssr:stedsnr = 663443: No name found
utility_to_osm - ERROR - ssr:stedsnr = 663448: No name found
utility_to_osm - ERROR - ssr:stedsnr = 663450: No name found
utility_to_osm - ERROR - ssr:stedsnr = 663471: No name found
utility_to_osm - ERROR - ssr:stedsnr = 663478: No name found
utility_to_osm - ERROR - ssr:stedsnr = 663479: No name found
utility_to_osm - ERROR - ssr:stedsnr = 663506: No name found
utility_to_osm - ERROR - ssr:stedsnr = 663537: No name found
utility_to_osm - ERROR - ssr:stedsnr = 663554: No name found
utility_to_osm - ERROR - ssr:stedsnr = 663695: No name found
utility_to_osm - WARNING - ssr:stedsnr = 663695 has multiple (2) positions, using the first one!
utility_to_osm - ERROR - ssr:stedsnr = 663702: No name found
utility_to_osm - ERROR - ssr:stedsnr = 663709: No name found
utility_to_osm - ERROR - ssr:stedsnr = 663759: No name found
utility_to_osm - ERROR - ssr:stedsnr = 663765: No name found
utility_to_osm - ERROR - ssr:stedsnr = 663799: No name found
utility_to_osm - ERROR - ssr:stedsnr = 663800: No name found
utility_to_osm - ERROR - ssr:stedsnr = 663800: No name found
utility_to_osm - INFO - ssr:stedsnr = 663800: Multi-language name tag = Goavrresnjuokča - Lia
utility_to_osm - ERROR - ssr:stedsnr = 663804: No name found
utility_to_osm - ERROR - ssr:stedsnr = 663808: No name found
utility_to_osm - ERROR - ssr:stedsnr = 665162: No name found
utility_to_osm - ERROR - ssr:stedsnr = 665328: No name found
utility_to_osm - ERROR - ssr:stedsnr = 665335: No name found
utility_to_osm - ERROR - ssr:stedsnr = 665430: No name found
utility_to_osm - ERROR - ssr:stedsnr = 665579: No name found
utility_to_osm - ERROR - ssr:stedsnr = 665581: No name found
utility_to_osm - ERROR - ssr:stedsnr = 665586: No name found
utility_to_osm - ERROR - ssr:stedsnr = 665652: No name found
utility_to_osm - ERROR - ssr:stedsnr = 685497: No name found
utility_to_osm - ERROR - ssr:stedsnr = 685497: Adding multiple names to name tag, this is not OK! name = "Ausa;Skaftet;Storsteinaksla"
utility_to_osm - WARNING - ssr:stedsnr = 685497 has multiple (2) positions, using the first one!
utility_to_osm - ERROR - ssr:stedsnr = 685669: No name found
utility_to_osm - WARNING - ssr:stedsnr = 685669 has multiple (2) positions, using the first one!
utility_to_osm - ERROR - ssr:stedsnr = 685684: No name found
utility_to_osm - ERROR - ssr:stedsnr = 685690: No name found
utility_to_osm - ERROR - ssr:stedsnr = 685690: Adding multiple names to name tag, this is not OK! name = "Blåvatnet;Kollvatnet"
utility_to_osm - ERROR - ssr:stedsnr = 685701: No name found
utility_to_osm - INFO - ignoring non approved status = "avslått" name = "Kjeiprødelva"
utility_to_osm - INFO - ignoring non approved status = "avslått" name = "Kjeiprødelva"
utility_to_osm - INFO - ignoring non approved status = "avslått" name = "Kjeiprødelva"
utility_to_osm - WARNING - ssr:stedsnr = 685705: No priority spelling found for lang = no, using alt_name to get "[('no', u'Keipr\xf8delva')]"
utility_to_osm - ERROR - ssr:stedsnr = 685704: No name found
utility_to_osm - ERROR - ssr:stedsnr = 685708: No name found
utility_to_osm - WARNING - ssr:stedsnr = 685708 has multiple (4) positions, using the first one!
utility_to_osm - ERROR - ssr:stedsnr = 685711: No name found
utility_to_osm - WARNING - ssr:stedsnr = 685711 has multiple (2) positions, using the first one!
utility_to_osm - ERROR - ssr:stedsnr = 685905: No name found
utility_to_osm - WARNING - ssr:stedsnr = 685905 has multiple (2) positions, using the first one!
utility_to_osm - WARNING - ssr:stedsnr = 689354: No priority spelling found for lang = no, using alt_name to get "[('no', u'Keipr\xf8d')]"
utility_to_osm - WARNING - ssr:stedsnr = 689361: No priority spelling found for lang = no, using alt_name to get "[('no', u'Keipr\xf8d')]"
utility_to_osm - INFO - ignoring non approved status = "avslått" name = "Sæinavarri"
utility_to_osm - INFO - ignoring non approved status = "avslått" name = "Sæinavarri"
utility_to_osm - INFO - ignoring non approved status = "avslått" name = "Sæinavarri"
utility_to_osm - WARNING - ssr:stedsnr = 689661: No priority spelling found for lang = no, using alt_name to get "[('se', u'Seainnav\xe1rri'), ('no', u'T\xf8nsheia')]"
utility_to_osm - ERROR - ssr:stedsnr = 689661: No name found
utility_to_osm - INFO - ssr:stedsnr = 689661: Multi-language name tag = Seainnavárri - Tønsheia
utility_to_osm - WARNING - ssr:stedsnr = 689661 has multiple (3) positions, using the first one!
utility_to_osm - ERROR - ssr:stedsnr = 691588: No name found
utility_to_osm - ERROR - ssr:stedsnr = 691598: No name found
utility_to_osm - ERROR - ssr:stedsnr = 691598: No name found
utility_to_osm - INFO - ssr:stedsnr = 691598: Multi-language name tag = Bissugállu - Skredranen
utility_to_osm - INFO - ignoring non approved status = "avslått" name = "Oalge"
utility_to_osm - INFO - ignoring non approved status = "avslått" name = "Oalge"
utility_to_osm - INFO - ignoring non approved status = "avslått" name = "Oalge"
utility_to_osm - WARNING - ssr:stedsnr = 696715: No priority spelling found for lang = se, using alt_name to get "[('se', u'Oalgi')]"
utility_to_osm - WARNING - ssr:stedsnr = 696715: No priority spelling found for lang = no, using alt_name to get "[('se', u'Oalgi'), ('no', u'Olge')]"
utility_to_osm - INFO - ssr:stedsnr = 696715: Multi-language name tag = Oalgi - Olge
utility_to_osm - ERROR - ssr:stedsnr = 718387: No name found
utility_to_osm - ERROR - ssr:stedsnr = 724180: No name found
utility_to_osm - ERROR - ssr:stedsnr = 724185: No name found
utility_to_osm - ERROR - ssr:stedsnr = 724196: No name found
utility_to_osm - ERROR - ssr:stedsnr = 724203: No name found
utility_to_osm - WARNING - ssr:stedsnr = 724203 has multiple (2) positions, using the first one!
utility_to_osm - ERROR - ssr:stedsnr = 724273: No name found
utility_to_osm - ERROR - ssr:stedsnr = 724381: No name found
utility_to_osm - ERROR - ssr:stedsnr = 724433: No name found
utility_to_osm - ERROR - ssr:stedsnr = 724440: No name found
utility_to_osm - ERROR - ssr:stedsnr = 724467: No name found
utility_to_osm - ERROR - ssr:stedsnr = 724472: No name found
utility_to_osm - ERROR - ssr:stedsnr = 724476: No name found
utility_to_osm - ERROR - ssr:stedsnr = 724497: No name found
utility_to_osm - ERROR - ssr:stedsnr = 724527: No name found
utility_to_osm - ERROR - ssr:stedsnr = 724530: No name found
utility_to_osm - ERROR - ssr:stedsnr = 724532: No name found
utility_to_osm - ERROR - ssr:stedsnr = 724534: No name found
utility_to_osm - ERROR - ssr:stedsnr = 724535: No name found
utility_to_osm - ERROR - ssr:stedsnr = 724554: No name found
utility_to_osm - ERROR - ssr:stedsnr = 724680: No name found
utility_to_osm - ERROR - ssr:stedsnr = 724696: No name found
utility_to_osm - ERROR - ssr:stedsnr = 724697: No name found
utility_to_osm - ERROR - ssr:stedsnr = 724699: No name found
utility_to_osm - ERROR - ssr:stedsnr = 724703: No name found
utility_to_osm - ERROR - ssr:stedsnr = 724706: No name found
utility_to_osm - ERROR - ssr:stedsnr = 724708: No name found
utility_to_osm - ERROR - ssr:stedsnr = 724739: No name found
utility_to_osm - ERROR - ssr:stedsnr = 724750: No name found
utility_to_osm - ERROR - ssr:stedsnr = 726128: No name found
utility_to_osm - ERROR - ssr:stedsnr = 726137: No name found
utility_to_osm - ERROR - ssr:stedsnr = 726170: No name found
utility_to_osm - ERROR - ssr:stedsnr = 726274: No name found
utility_to_osm - ERROR - ssr:stedsnr = 726298: No name found
utility_to_osm - ERROR - ssr:stedsnr = 726316: No name found
utility_to_osm - ERROR - ssr:stedsnr = 726557: No name found
utility_to_osm - ERROR - ssr:stedsnr = 728448: No name found
utility_to_osm - ERROR - ssr:stedsnr = 745389: No name found
utility_to_osm - WARNING - ssr:stedsnr = 745389 has multiple (3) positions, using the first one!
utility_to_osm - ERROR - ssr:stedsnr = 745569: No name found
utility_to_osm - ERROR - ssr:stedsnr = 745569: No name found
utility_to_osm - INFO - ssr:stedsnr = 745569: Multi-language name tag = Ruŋgujohka - Spansdalselva
utility_to_osm - WARNING - ssr:stedsnr = 745569 has multiple (13) positions, using the first one!
utility_to_osm - ERROR - ssr:stedsnr = 745574: No name found
utility_to_osm - WARNING - ssr:stedsnr = 745574 has multiple (3) positions, using the first one!
utility_to_osm - ERROR - ssr:stedsnr = 745721: No name found
utility_to_osm - WARNING - ssr:stedsnr = 745721 has multiple (2) positions, using the first one!
utility_to_osm - ERROR - ssr:stedsnr = 745726: No name found
utility_to_osm - ERROR - ssr:stedsnr = 746881: No name found
utility_to_osm - WARNING - ssr:stedsnr = 746881 has multiple (2) positions, using the first one!
utility_to_osm - ERROR - ssr:stedsnr = 746882: No name found
utility_to_osm - WARNING - ssr:stedsnr = 746882 has multiple (3) positions, using the first one!
utility_to_osm - ERROR - ssr:stedsnr = 746922: No name found
utility_to_osm - WARNING - ssr:stedsnr = 746922 has multiple (3) positions, using the first one!
utility_to_osm - INFO - ignoring non approved status = "avslått" name = "Høgtind"
utility_to_osm - INFO - ignoring non approved status = "avslått" name = "Høgtind"
utility_to_osm - INFO - ignoring non approved status = "avslått" name = "Høgtind"
utility_to_osm - WARNING - ssr:stedsnr = 749609: No priority spelling found for lang = se, using alt_name to get "[('se', u'Baika\u010dohkka')]"
utility_to_osm - WARNING - ssr:stedsnr = 749609: No priority spelling found for lang = no, using alt_name to get "[('se', u'Baika\u010dohkka'), ('no', u'H\xf8gtinden')]"
utility_to_osm - INFO - ssr:stedsnr = 749609: Multi-language name tag = Baikačohkka - Høgtinden
utility_to_osm - WARNING - ssr:stedsnr = 749609 has multiple (4) positions, using the first one!
utility_to_osm - ERROR - ssr:stedsnr = 758569: No name found
utility_to_osm - ERROR - ssr:stedsnr = 758576: No name found
utility_to_osm - ERROR - ssr:stedsnr = 784243: No name found
utility_to_osm - ERROR - ssr:stedsnr = 785188: No name found
utility_to_osm - ERROR - ssr:stedsnr = 785194: No name found
utility_to_osm - ERROR - ssr:stedsnr = 785200: No name found
utility_to_osm - WARNING - ssr:stedsnr = 785200 has multiple (2) positions, using the first one!
utility_to_osm - ERROR - ssr:stedsnr = 785203: No name found
utility_to_osm - ERROR - ssr:stedsnr = 785215: No name found
utility_to_osm - ERROR - ssr:stedsnr = 785373: No name found
utility_to_osm - ERROR - ssr:stedsnr = 785419: No name found
utility_to_osm - ERROR - ssr:stedsnr = 785420: No name found
utility_to_osm - ERROR - ssr:stedsnr = 785428: No name found
utility_to_osm - ERROR - ssr:stedsnr = 785432: No name found
utility_to_osm - ERROR - ssr:stedsnr = 785436: No name found
utility_to_osm - ERROR - ssr:stedsnr = 785450: No name found
utility_to_osm - ERROR - ssr:stedsnr = 785473: No name found
utility_to_osm - ERROR - ssr:stedsnr = 785476: No name found
utility_to_osm - ERROR - ssr:stedsnr = 785500: No name found
utility_to_osm - ERROR - ssr:stedsnr = 785523: No name found
utility_to_osm - ERROR - ssr:stedsnr = 785528: No name found
utility_to_osm - ERROR - ssr:stedsnr = 785544: No name found
utility_to_osm - ERROR - ssr:stedsnr = 785547: No name found
utility_to_osm - ERROR - ssr:stedsnr = 785674: No name found
utility_to_osm - ERROR - ssr:stedsnr = 785707: No name found
utility_to_osm - ERROR - ssr:stedsnr = 785751: No name found
utility_to_osm - ERROR - ssr:stedsnr = 785755: No name found
utility_to_osm - ERROR - ssr:stedsnr = 785805: No name found
utility_to_osm - ERROR - ssr:stedsnr = 785824: No name found
utility_to_osm - ERROR - ssr:stedsnr = 786125: No name found
utility_to_osm - ERROR - ssr:stedsnr = 786237: No name found
utility_to_osm - ERROR - ssr:stedsnr = 786243: No name found
utility_to_osm - ERROR - ssr:stedsnr = 786252: No name found
utility_to_osm - ERROR - ssr:stedsnr = 786274: No name found
utility_to_osm - ERROR - ssr:stedsnr = 786289: No name found
utility_to_osm - ERROR - ssr:stedsnr = 786371: No name found
utility_to_osm - ERROR - ssr:stedsnr = 786377: No name found
utility_to_osm - ERROR - ssr:stedsnr = 786541: No name found
utility_to_osm - ERROR - ssr:stedsnr = 786548: No name found
utility_to_osm - ERROR - ssr:stedsnr = 786557: No name found
utility_to_osm - ERROR - ssr:stedsnr = 786559: No name found
utility_to_osm - ERROR - ssr:stedsnr = 786623: No name found
utility_to_osm - ERROR - ssr:stedsnr = 786635: No name found
utility_to_osm - ERROR - ssr:stedsnr = 786642: No name found
utility_to_osm - ERROR - ssr:stedsnr = 786641: No name found
utility_to_osm - WARNING - ssr:stedsnr = 786652: No priority spelling found for lang = no, using alt_name to get "[('no', u'Henrikafossen')]"
utility_to_osm - ERROR - ssr:stedsnr = 786652: No name found
utility_to_osm - ERROR - ssr:stedsnr = 806365: No name found
utility_to_osm - WARNING - ssr:stedsnr = 806365 has multiple (2) positions, using the first one!
utility_to_osm - ERROR - ssr:stedsnr = 806618: No name found
utility_to_osm - ERROR - ssr:stedsnr = 806724: No name found
utility_to_osm - WARNING - ssr:stedsnr = 806724 has multiple (2) positions, using the first one!
utility_to_osm - ERROR - ssr:stedsnr = 807699: No name found
utility_to_osm - ERROR - ssr:stedsnr = 807718: No name found
utility_to_osm - ERROR - ssr:stedsnr = 807905: No name found
utility_to_osm - WARNING - ssr:stedsnr = 807905 has multiple (2) positions, using the first one!
utility_to_osm - ERROR - ssr:stedsnr = 807928: No name found
utility_to_osm - WARNING - ssr:stedsnr = 807928 has multiple (2) positions, using the first one!
utility_to_osm - ERROR - ssr:stedsnr = 807934: No name found
utility_to_osm - WARNING - ssr:stedsnr = 807934 has multiple (4) positions, using the first one!
utility_to_osm - ERROR - ssr:stedsnr = 819654: No name found
utility_to_osm - ERROR - ssr:stedsnr = 826648: No name found
utility_to_osm - ERROR - ssr:stedsnr = 846184: No name found
utility_to_osm - ERROR - ssr:stedsnr = 846197: No name found
utility_to_osm - ERROR - ssr:stedsnr = 846266: No name found
utility_to_osm - ERROR - ssr:stedsnr = 846375: No name found
utility_to_osm - ERROR - ssr:stedsnr = 846376: No name found
utility_to_osm - ERROR - ssr:stedsnr = 846395: No name found
utility_to_osm - ERROR - ssr:stedsnr = 846431: No name found
utility_to_osm - ERROR - ssr:stedsnr = 846430: No name found
utility_to_osm - ERROR - ssr:stedsnr = 846433: No name found
utility_to_osm - ERROR - ssr:stedsnr = 846438: No name found
utility_to_osm - ERROR - ssr:stedsnr = 846448: No name found
utility_to_osm - ERROR - ssr:stedsnr = 846461: No name found
utility_to_osm - ERROR - ssr:stedsnr = 846463: No name found
utility_to_osm - ERROR - ssr:stedsnr = 846485: No name found
utility_to_osm - WARNING - ssr:stedsnr = 846490: No priority spelling found for lang = no, using alt_name to get "[('no', u'Forrh\xe5gen')]"
utility_to_osm - ERROR - ssr:stedsnr = 846490: No name found
utility_to_osm - ERROR - ssr:stedsnr = 846497: No name found
utility_to_osm - ERROR - ssr:stedsnr = 846513: No name found
utility_to_osm - ERROR - ssr:stedsnr = 846544: No name found
utility_to_osm - ERROR - ssr:stedsnr = 846553: No name found
utility_to_osm - WARNING - ssr:stedsnr = 846553 has multiple (2) positions, using the first one!
utility_to_osm - ERROR - ssr:stedsnr = 846685: No name found
utility_to_osm - ERROR - ssr:stedsnr = 846704: No name found
utility_to_osm - ERROR - ssr:stedsnr = 846745: No name found
utility_to_osm - ERROR - ssr:stedsnr = 846760: No name found
utility_to_osm - ERROR - ssr:stedsnr = 847140: No name found
utility_to_osm - ERROR - ssr:stedsnr = 847151: No name found
utility_to_osm - ERROR - ssr:stedsnr = 847266: No name found
utility_to_osm - ERROR - ssr:stedsnr = 847286: No name found
utility_to_osm - ERROR - ssr:stedsnr = 847287: No name found
utility_to_osm - ERROR - ssr:stedsnr = 847306: No name found
utility_to_osm - ERROR - ssr:stedsnr = 847309: No name found
utility_to_osm - ERROR - ssr:stedsnr = 847387: No name found
utility_to_osm - ERROR - ssr:stedsnr = 847393: No name found
utility_to_osm - ERROR - ssr:stedsnr = 847398: No name found
utility_to_osm - ERROR - ssr:stedsnr = 847405: No name found
utility_to_osm - ERROR - ssr:stedsnr = 847541: No name found
utility_to_osm - ERROR - ssr:stedsnr = 847547: No name found
utility_to_osm - ERROR - ssr:stedsnr = 866605: No name found
utility_to_osm - ERROR - ssr:stedsnr = 867328: No name found
utility_to_osm - ERROR - ssr:stedsnr = 867529: No name found
utility_to_osm - WARNING - ssr:stedsnr = 867529 has multiple (3) positions, using the first one!
utility_to_osm - ERROR - ssr:stedsnr = 867577: No name found
utility_to_osm - WARNING - ssr:stedsnr = 867577 has multiple (2) positions, using the first one!
utility_to_osm - ERROR - ssr:stedsnr = 867603: No name found
utility_to_osm - WARNING - ssr:stedsnr = 867603 has multiple (2) positions, using the first one!
utility_to_osm - ERROR - ssr:stedsnr = 867729: No name found
utility_to_osm - WARNING - ssr:stedsnr = 867729 has multiple (2) positions, using the first one!
utility_to_osm - ERROR - ssr:stedsnr = 867740: No name found
utility_to_osm - WARNING - ssr:stedsnr = 867740 has multiple (2) positions, using the first one!
utility_to_osm - WARNING - ssr:stedsnr = 867807: No priority spelling found for lang = no, using alt_name to get "[('se', u'G\xe1macahca'), ('no', u'Gamvikskardet')]"
utility_to_osm - ERROR - ssr:stedsnr = 867807: No name found
utility_to_osm - INFO - ssr:stedsnr = 867807: Multi-language name tag = Gámacahca - Gamvikskardet
utility_to_osm - WARNING - ssr:stedsnr = 867807 has multiple (4) positions, using the first one!
utility_to_osm - INFO - ignoring non approved status = "avslått" name = "Kjeipen"
utility_to_osm - INFO - ignoring non approved status = "avslått" name = "Kjeipen"
utility_to_osm - INFO - ignoring non approved status = "avslått" name = "Kjeipen"
utility_to_osm - WARNING - ssr:stedsnr = 871270: No priority spelling found for lang = no, using alt_name to get "[('no', u'Keipen')]"
utility_to_osm - ERROR - ssr:stedsnr = 871921: No name found
utility_to_osm - ERROR - ssr:stedsnr = 871921: No name found
utility_to_osm - INFO - ssr:stedsnr = 871921: Multi-language name tag = Jiehtanas - Trosen
utility_to_osm - WARNING - ssr:stedsnr = 871921 has multiple (4) positions, using the first one!
utility_to_osm - ERROR - ssr:stedsnr = 873573: No name found
utility_to_osm - WARNING - ssr:stedsnr = 875074: No priority spelling found for lang = no, using alt_name to get "[('se', u'Loab\xe1ga suohkan'), ('se', u'Loab\xe1k'), ('no', u'Lavangen kommune')]"
utility_to_osm - ERROR - ssr:stedsnr = 875074: No name found
utility_to_osm - ERROR - ssr:stedsnr = 875074: Adding multiple names to name tag, this is not OK! name = "Loabága suohkan;Loabák"
utility_to_osm - INFO - ssr:stedsnr = 875074: Multi-language name tag = Loabága suohkan;Loabák - Lavangen kommune
utility_to_osm - WARNING - ssr:stedsnr = 875074 has multiple (6) positions, using the first one!
utility_to_osm - ERROR - ssr:stedsnr = 875197: No name found
utility_to_osm - WARNING - ssr:stedsnr = 875197 has multiple (2) positions, using the first one!
utility_to_osm - ERROR - ssr:stedsnr = 879516: No name found
utility_to_osm - ERROR - ssr:stedsnr = 879522: No name found
utility_to_osm - ERROR - ssr:stedsnr = 879984: No name found
utility_to_osm - ERROR - ssr:stedsnr = 901383: No name found
utility_to_osm - ERROR - ssr:stedsnr = 906210: No name found
utility_to_osm - ERROR - ssr:stedsnr = 906219: No name found
utility_to_osm - ERROR - ssr:stedsnr = 906228: No name found
utility_to_osm - ERROR - ssr:stedsnr = 906227: No name found
utility_to_osm - ERROR - ssr:stedsnr = 906232: No name found
utility_to_osm - ERROR - ssr:stedsnr = 906238: No name found
utility_to_osm - ERROR - ssr:stedsnr = 906413: No name found
utility_to_osm - ERROR - ssr:stedsnr = 906416: No name found
utility_to_osm - ERROR - ssr:stedsnr = 906428: No name found
utility_to_osm - ERROR - ssr:stedsnr = 906431: No name found
utility_to_osm - ERROR - ssr:stedsnr = 906469: No name found
utility_to_osm - ERROR - ssr:stedsnr = 906477: No name found
utility_to_osm - ERROR - ssr:stedsnr = 906481: No name found
utility_to_osm - ERROR - ssr:stedsnr = 906483: No name found
utility_to_osm - ERROR - ssr:stedsnr = 906489: No name found
utility_to_osm - ERROR - ssr:stedsnr = 906495: No name found
utility_to_osm - ERROR - ssr:stedsnr = 906499: No name found
utility_to_osm - ERROR - ssr:stedsnr = 906506: No name found
utility_to_osm - ERROR - ssr:stedsnr = 906510: No name found
utility_to_osm - ERROR - ssr:stedsnr = 906560: No name found
utility_to_osm - ERROR - ssr:stedsnr = 906572: No name found
utility_to_osm - ERROR - ssr:stedsnr = 906578: No name found
utility_to_osm - ERROR - ssr:stedsnr = 906584: No name found
utility_to_osm - ERROR - ssr:stedsnr = 906720: No name found
utility_to_osm - ERROR - ssr:stedsnr = 906724: No name found
utility_to_osm - ERROR - ssr:stedsnr = 906738: No name found
utility_to_osm - ERROR - ssr:stedsnr = 906746: No name found
utility_to_osm - ERROR - ssr:stedsnr = 906771: No name found
utility_to_osm - ERROR - ssr:stedsnr = 906778: No name found
utility_to_osm - ERROR - ssr:stedsnr = 906835: No name found
utility_to_osm - ERROR - ssr:stedsnr = 906841: No name found
utility_to_osm - ERROR - ssr:stedsnr = 908275: No name found
utility_to_osm - ERROR - ssr:stedsnr = 908274: No name found
utility_to_osm - INFO - ignoring non approved status = "avslått" name = "Kjeipedalen"
utility_to_osm - INFO - ignoring non approved status = "avslått" name = "Kjeipedalen"
utility_to_osm - INFO - ignoring non approved status = "avslått" name = "Kjeipedalen"
utility_to_osm - WARNING - ssr:stedsnr = 908284: No priority spelling found for lang = no, using alt_name to get "[('no', u'Keipdalen')]"
utility_to_osm - ERROR - ssr:stedsnr = 908289: No name found
utility_to_osm - ERROR - ssr:stedsnr = 908399: No name found
utility_to_osm - ERROR - ssr:stedsnr = 908435: No name found
utility_to_osm - ERROR - ssr:stedsnr = 908642: No name found
utility_to_osm - ERROR - ssr:stedsnr = 908647: No name found
utility_to_osm - ERROR - ssr:stedsnr = 908656: No name found
utility_to_osm - ERROR - ssr:stedsnr = 927940: No name found
utility_to_osm - WARNING - ssr:stedsnr = 927940 has multiple (4) positions, using the first one!
utility_to_osm - ERROR - ssr:stedsnr = 927939: No name found
utility_to_osm - WARNING - ssr:stedsnr = 927939 has multiple (2) positions, using the first one!
utility_to_osm - ERROR - ssr:stedsnr = 928241: No name found
utility_to_osm - WARNING - ssr:stedsnr = 928241 has multiple (3) positions, using the first one!
utility_to_osm - ERROR - ssr:stedsnr = 928332: No name found
utility_to_osm - WARNING - ssr:stedsnr = 928332 has multiple (2) positions, using the first one!
utility_to_osm - ERROR - ssr:stedsnr = 928461: No name found
utility_to_osm - WARNING - ssr:stedsnr = 928461 has multiple (2) positions, using the first one!
utility_to_osm - INFO - ignoring non approved status = "avslått" name = "Søndre Fossbakk"
utility_to_osm - INFO - ignoring non approved status = "avslått" name = "Forsbakken, s"
utility_to_osm - INFO - ignoring non approved status = "avslått" name = "Søndre Fossbakk"
utility_to_osm - INFO - ignoring non approved status = "avslått" name = "Forsbakken, s"
utility_to_osm - INFO - ignoring non approved status = "avslått" name = "Søndre Fossbakk"
utility_to_osm - INFO - ignoring non approved status = "avslått" name = "Forsbakken, s"
utility_to_osm - WARNING - ssr:stedsnr = 928526: No priority spelling found for lang = no, using alt_name to get "[('no', u'Fossbakken s\xf8ndre')]"
utility_to_osm - ERROR - ssr:stedsnr = 928531: No name found
utility_to_osm - WARNING - ssr:stedsnr = 928531 has multiple (2) positions, using the first one!
utility_to_osm - ERROR - ssr:stedsnr = 928555: No name found
utility_to_osm - WARNING - ssr:stedsnr = 928555 has multiple (2) positions, using the first one!
utility_to_osm - ERROR - ssr:stedsnr = 928575: No name found
utility_to_osm - WARNING - ssr:stedsnr = 928575 has multiple (3) positions, using the first one!
utility_to_osm - ERROR - ssr:stedsnr = 928660: No name found
utility_to_osm - ERROR - ssr:stedsnr = 928666: No name found
utility_to_osm - ERROR - ssr:stedsnr = 928673: No name found
utility_to_osm - WARNING - ssr:stedsnr = 928673 has multiple (2) positions, using the first one!
utility_to_osm - ERROR - ssr:stedsnr = 928674: No name found
utility_to_osm - WARNING - ssr:stedsnr = 928674 has multiple (2) positions, using the first one!
utility_to_osm - ERROR - ssr:stedsnr = 928675: No name found
utility_to_osm - WARNING - ssr:stedsnr = 928675 has multiple (2) positions, using the first one!
utility_to_osm - ERROR - ssr:stedsnr = 928679: No name found
utility_to_osm - WARNING - ssr:stedsnr = 928679 has multiple (3) positions, using the first one!
utility_to_osm - ERROR - ssr:stedsnr = 928688: No name found
utility_to_osm - WARNING - ssr:stedsnr = 928688 has multiple (2) positions, using the first one!
utility_to_osm - ERROR - ssr:stedsnr = 928709: No name found
utility_to_osm - ERROR - ssr:stedsnr = 928723: No name found
utility_to_osm - ERROR - ssr:stedsnr = 928934: No name found
utility_to_osm - WARNING - ssr:stedsnr = 928934 has multiple (2) positions, using the first one!
utility_to_osm - ERROR - ssr:stedsnr = 928935: No name found
utility_to_osm - WARNING - ssr:stedsnr = 928935 has multiple (2) positions, using the first one!
utility_to_osm - WARNING - ssr:stedsnr = 931567: No priority spelling found for lang = no, using alt_name to get "[('se', u'Bassev\xe1rri'), ('se', u'Basse\u010dohkka'), ('no', u'Rivtind')]"
utility_to_osm - ERROR - ssr:stedsnr = 931567: No name found
utility_to_osm - ERROR - ssr:stedsnr = 931567: Adding multiple names to name tag, this is not OK! name = "Bassevárri;Bassečohkka"
utility_to_osm - INFO - ssr:stedsnr = 931567: Multi-language name tag = Bassevárri;Bassečohkka - Rivtind
utility_to_osm - WARNING - ssr:stedsnr = 931567 has multiple (3) positions, using the first one!
utility_to_osm - WARNING - ssr:stedsnr = 932096: No priority spelling found for lang = se, using alt_name to get "[('se', u'\u0160albmi')]"
utility_to_osm - WARNING - ssr:stedsnr = 932096 has multiple (2) positions, using the first one!
utility_to_osm - ERROR - ssr:stedsnr = 934551: No name found
utility_to_osm - ERROR - ssr:stedsnr = 940518: No name found
utility_to_osm - ERROR - ssr:stedsnr = 941660: No name found
utility_to_osm - ERROR - ssr:stedsnr = 941659: No name found
utility_to_osm - ERROR - ssr:stedsnr = 960352: No name found
utility_to_osm - ERROR - ssr:stedsnr = 966201: No name found
utility_to_osm - ERROR - ssr:stedsnr = 966215: No name found
utility_to_osm - ERROR - ssr:stedsnr = 967162: No name found
utility_to_osm - ERROR - ssr:stedsnr = 967163: No name found
utility_to_osm - ERROR - ssr:stedsnr = 967164: No name found
utility_to_osm - ERROR - ssr:stedsnr = 967167: No name found
utility_to_osm - ERROR - ssr:stedsnr = 967365: No name found
utility_to_osm - ERROR - ssr:stedsnr = 967386: No name found
utility_to_osm - ERROR - ssr:stedsnr = 967389: No name found
utility_to_osm - ERROR - ssr:stedsnr = 967443: No name found
utility_to_osm - ERROR - ssr:stedsnr = 967469: No name found
utility_to_osm - ERROR - ssr:stedsnr = 967482: No name found
utility_to_osm - ERROR - ssr:stedsnr = 967484: No name found
utility_to_osm - ERROR - ssr:stedsnr = 967507: No name found
utility_to_osm - ERROR - ssr:stedsnr = 967532: No name found
utility_to_osm - ERROR - ssr:stedsnr = 967539: No name found
utility_to_osm - ERROR - ssr:stedsnr = 967662: No name found
utility_to_osm - ERROR - ssr:stedsnr = 967675: No name found
utility_to_osm - ERROR - ssr:stedsnr = 967708: No name found
utility_to_osm - ERROR - ssr:stedsnr = 967710: No name found
utility_to_osm - ERROR - ssr:stedsnr = 967716: No name found
utility_to_osm - ERROR - ssr:stedsnr = 967720: No name found
utility_to_osm - ERROR - ssr:stedsnr = 967780: No name found
utility_to_osm - ERROR - ssr:stedsnr = 967786: No name found
utility_to_osm - ERROR - ssr:stedsnr = 968166: No name found
utility_to_osm - ERROR - ssr:stedsnr = 968269: No name found
utility_to_osm - ERROR - ssr:stedsnr = 968298: No name found
utility_to_osm - ERROR - ssr:stedsnr = 968302: No name found
utility_to_osm - ERROR - ssr:stedsnr = 968384: No name found
utility_to_osm - ERROR - ssr:stedsnr = 968389: No name found
utility_to_osm - ERROR - ssr:stedsnr = 968398: No name found
utility_to_osm - ERROR - ssr:stedsnr = 968558: No name found
utility_to_osm - ERROR - ssr:stedsnr = 968630: No name found
utility_to_osm - ERROR - ssr:stedsnr = 968645: No name found
utility_to_osm - ERROR - ssr:stedsnr = 976106: No name found
utility_to_osm - ERROR - ssr:stedsnr = 976106: Adding multiple names to name tag, this is not OK! name = "Nord-Noreg;Nord-Norge"
utility_to_osm - INFO - ignoring non approved status = "avslått" name = "Forsbakken"
utility_to_osm - INFO - ignoring non approved status = "avslått" name = "Forsbakken"
utility_to_osm - INFO - ignoring non approved status = "avslått" name = "Forsbakken"
utility_to_osm - WARNING - ssr:stedsnr = 978995: No priority spelling found for lang = no, using alt_name to get "[('no', u'Fossbakken')]"
utility_to_osm - WARNING - ssr:stedsnr = 979001: No priority spelling found for lang = no, using alt_name to get "[('no', u'Sneveibakkan')]"
utility_to_osm - ERROR - ssr:stedsnr = 979001. No positions found, skipping
utility_to_osm - WARNING - ssr:stedsnr = 979003: No priority spelling found for lang = no, using alt_name to get "[('no', u'General Fleischers vei')]"
utility_to_osm - ERROR - ssr:stedsnr = 979003. No positions found, skipping
utility_to_osm - WARNING - ssr:stedsnr = 979004: No priority spelling found for lang = no, using alt_name to get "[('no', u'Nesveien')]"
utility_to_osm - ERROR - ssr:stedsnr = 979004. No positions found, skipping
utility_to_osm - WARNING - ssr:stedsnr = 979005: No priority spelling found for lang = no, using alt_name to get "[('no', u'S\xf8ndre Fossbakkveien')]"
utility_to_osm - ERROR - ssr:stedsnr = 979005. No positions found, skipping
utility_to_osm.ssr2.ssr2_tags - INFO - ssr:type = annenAdministrativInndeling found in conversion table, but without tags
utility_to_osm.ssr2.ssr2_tags - INFO - ssr:type = kommune found in conversion table, but without tags
