utility_to_osm - ERROR - ERROR, no ending in ssr2_to_osm_data/data/5421/5421-ssr.xml? Trying to re-download "/app:Skrivemåte>
          </app:skrivemåte>
        </app:Stedsnavn>
      </app:stedsnavn>
    </app:Sted>
  </wfs:member"
utility_to_osm - WARNING - ssr:stedsnr = 229949: No priority spelling found for lang = no, using alt_name to get "[('no', 'Berrskallsletta')]"
utility_to_osm - WARNING - ssr:stedsnr = 230023: No priority spelling found for lang = se, using alt_name to get "[('no', 'Bumannskjerringdalen')]"
utility_to_osm - WARNING - ssr:stedsnr = 17746: No priority spelling found for lang = no, using alt_name to get "[('no', 'Klauvskjærodden')]"
utility_to_osm - WARNING - ssr:stedsnr = 18003 has multiple (2) positions, using the first one!
utility_to_osm - WARNING - ssr:stedsnr = 18013 has multiple (2) positions, using the first one!
utility_to_osm - WARNING - ssr:stedsnr = 18048 has multiple (2) positions, using the first one!
utility_to_osm - WARNING - ssr:stedsnr = 18108 has multiple (2) positions, using the first one!
utility_to_osm - WARNING - ssr:stedsnr = 18113 has multiple (2) positions, using the first one!
utility_to_osm - WARNING - ssr:stedsnr = 18100 has multiple (2) positions, using the first one!
utility_to_osm - WARNING - ssr:stedsnr = 18206 has multiple (2) positions, using the first one!
utility_to_osm - WARNING - ssr:stedsnr = 18211 has multiple (2) positions, using the first one!
utility_to_osm - WARNING - ssr:stedsnr = 18212 has multiple (5) positions, using the first one!
utility_to_osm - WARNING - ssr:stedsnr = 18279 has multiple (4) positions, using the first one!
utility_to_osm - ERROR - ssr:stedsnr = 18297: Adding multiple names to name tag, this is not OK! name = "Sundsneset;Sylsneset"
utility_to_osm - WARNING - ssr:stedsnr = 18297 has multiple (2) positions, using the first one!
utility_to_osm - WARNING - ssr:stedsnr = 18404 has multiple (3) positions, using the first one!
utility_to_osm - WARNING - ssr:stedsnr = 18405 has multiple (2) positions, using the first one!
utility_to_osm - WARNING - ssr:stedsnr = 18409 has multiple (5) positions, using the first one!
utility_to_osm - WARNING - ssr:stedsnr = 18410 has multiple (3) positions, using the first one!
utility_to_osm - WARNING - ssr:stedsnr = 18347 has multiple (3) positions, using the first one!
utility_to_osm - WARNING - ssr:stedsnr = 18352: No priority spelling found for lang = se, using alt_name to get "[]"
utility_to_osm - WARNING - ssr:stedsnr = 18352: No priority spelling found for lang = se, using alt_name to get "[('no', 'Sjyvatnet')]"
utility_to_osm - WARNING - ssr:stedsnr = 18352 has multiple (3) positions, using the first one!
utility_to_osm - WARNING - ssr:stedsnr = 18355: No priority spelling found for lang = no, using alt_name to get "[('no', 'Gjeskeelva')]"
utility_to_osm - WARNING - ssr:stedsnr = 18355 has multiple (3) positions, using the first one!
utility_to_osm - WARNING - ssr:stedsnr = 18356 has multiple (2) positions, using the first one!
utility_to_osm - WARNING - ssr:stedsnr = 18360 has multiple (2) positions, using the first one!
utility_to_osm - WARNING - ssr:stedsnr = 18397 has multiple (2) positions, using the first one!
utility_to_osm - WARNING - ssr:stedsnr = 18398 has multiple (2) positions, using the first one!
utility_to_osm - WARNING - ssr:stedsnr = 18501 has multiple (3) positions, using the first one!
utility_to_osm - WARNING - ssr:stedsnr = 18503: No priority spelling found for lang = no, using alt_name to get "[('no', 'Godmatmoen')]"
utility_to_osm - WARNING - ssr:stedsnr = 18503 has multiple (3) positions, using the first one!
utility_to_osm - WARNING - ssr:stedsnr = 18505 has multiple (4) positions, using the first one!
utility_to_osm - WARNING - ssr:stedsnr = 18468 has multiple (6) positions, using the first one!
utility_to_osm - WARNING - ssr:stedsnr = 18696 has multiple (4) positions, using the first one!
utility_to_osm - WARNING - ssr:stedsnr = 18804 has multiple (2) positions, using the first one!
utility_to_osm - WARNING - ssr:stedsnr = 18811: No priority spelling found for lang = se, using alt_name to get "[('no', 'Astritind')]"
utility_to_osm - WARNING - ssr:stedsnr = 18811 has multiple (3) positions, using the first one!
utility_to_osm - WARNING - ssr:stedsnr = 18701 has multiple (2) positions, using the first one!
utility_to_osm - WARNING - ssr:stedsnr = 18704 has multiple (4) positions, using the first one!
utility_to_osm - WARNING - ssr:stedsnr = 18708 has multiple (2) positions, using the first one!
utility_to_osm - WARNING - ssr:stedsnr = 18711 has multiple (3) positions, using the first one!
utility_to_osm - WARNING - ssr:stedsnr = 18749 has multiple (2) positions, using the first one!
utility_to_osm - WARNING - ssr:stedsnr = 18783 has multiple (2) positions, using the first one!
utility_to_osm - WARNING - ssr:stedsnr = 18785 has multiple (2) positions, using the first one!
utility_to_osm - WARNING - ssr:stedsnr = 233450 has multiple (2) positions, using the first one!
utility_to_osm - WARNING - ssr:stedsnr = 19291 has multiple (4) positions, using the first one!
utility_to_osm - WARNING - ssr:stedsnr = 19292 has multiple (2) positions, using the first one!
utility_to_osm - WARNING - ssr:stedsnr = 19296 has multiple (3) positions, using the first one!
utility_to_osm - WARNING - ssr:stedsnr = 19298 has multiple (5) positions, using the first one!
utility_to_osm - WARNING - ssr:stedsnr = 19504 has multiple (2) positions, using the first one!
utility_to_osm - WARNING - ssr:stedsnr = 19507 has multiple (2) positions, using the first one!
utility_to_osm - WARNING - ssr:stedsnr = 19550 has multiple (2) positions, using the first one!
utility_to_osm - WARNING - ssr:stedsnr = 19696 has multiple (2) positions, using the first one!
utility_to_osm - WARNING - ssr:stedsnr = 19698 has multiple (2) positions, using the first one!
utility_to_osm - WARNING - ssr:stedsnr = 19840 has multiple (2) positions, using the first one!
utility_to_osm - WARNING - ssr:stedsnr = 233519 has multiple (2) positions, using the first one!
utility_to_osm - WARNING - ssr:stedsnr = 234542 has multiple (2) positions, using the first one!
utility_to_osm - WARNING - ssr:stedsnr = 235915 has multiple (3) positions, using the first one!
utility_to_osm - WARNING - ssr:stedsnr = 48606: No priority spelling found for lang = se, using alt_name to get "[('no', 'Vardhaugen')]"
utility_to_osm - WARNING - ssr:stedsnr = 50424 has multiple (2) positions, using the first one!
utility_to_osm - WARNING - ssr:stedsnr = 50773 has multiple (2) positions, using the first one!
utility_to_osm - WARNING - ssr:stedsnr = 51693 has multiple (2) positions, using the first one!
utility_to_osm - WARNING - ssr:stedsnr = 240864 has multiple (2) positions, using the first one!
utility_to_osm - WARNING - ssr:stedsnr = 78064 has multiple (2) positions, using the first one!
utility_to_osm - WARNING - ssr:stedsnr = 78117 has multiple (3) positions, using the first one!
utility_to_osm - WARNING - ssr:stedsnr = 78148 has multiple (3) positions, using the first one!
utility_to_osm - WARNING - ssr:stedsnr = 78151 has multiple (2) positions, using the first one!
utility_to_osm - WARNING - ssr:stedsnr = 78247 has multiple (2) positions, using the first one!
utility_to_osm - WARNING - ssr:stedsnr = 78253 has multiple (2) positions, using the first one!
utility_to_osm - WARNING - ssr:stedsnr = 78255 has multiple (3) positions, using the first one!
utility_to_osm - WARNING - ssr:stedsnr = 78646 has multiple (2) positions, using the first one!
utility_to_osm - WARNING - ssr:stedsnr = 79004 has multiple (2) positions, using the first one!
utility_to_osm - WARNING - ssr:stedsnr = 79051 has multiple (2) positions, using the first one!
utility_to_osm - WARNING - ssr:stedsnr = 79097 has multiple (2) positions, using the first one!
utility_to_osm - WARNING - ssr:stedsnr = 79244: No priority spelling found for lang = no, using alt_name to get "[('no', 'Nord-Teisteskjæret')]"
utility_to_osm - WARNING - ssr:stedsnr = 79244 has multiple (2) positions, using the first one!
utility_to_osm - WARNING - ssr:stedsnr = 79194 has multiple (2) positions, using the first one!
utility_to_osm - WARNING - ssr:stedsnr = 79345 has multiple (2) positions, using the first one!
utility_to_osm - WARNING - ssr:stedsnr = 79353 has multiple (2) positions, using the first one!
utility_to_osm - WARNING - ssr:stedsnr = 79296 has multiple (4) positions, using the first one!
utility_to_osm - WARNING - ssr:stedsnr = 79405 has multiple (2) positions, using the first one!
utility_to_osm - WARNING - ssr:stedsnr = 79449 has multiple (2) positions, using the first one!
utility_to_osm - WARNING - ssr:stedsnr = 79452 has multiple (2) positions, using the first one!
utility_to_osm - WARNING - ssr:stedsnr = 79491 has multiple (2) positions, using the first one!
utility_to_osm - WARNING - ssr:stedsnr = 79392 has multiple (2) positions, using the first one!
utility_to_osm - WARNING - ssr:stedsnr = 79394: No priority spelling found for lang = se, using alt_name to get "[('no', 'Kaperfossen')]"
utility_to_osm - WARNING - ssr:stedsnr = 79394 has multiple (2) positions, using the first one!
utility_to_osm - WARNING - ssr:stedsnr = 79712 has multiple (6) positions, using the first one!
utility_to_osm - WARNING - ssr:stedsnr = 79742 has multiple (3) positions, using the first one!
utility_to_osm - WARNING - ssr:stedsnr = 79747 has multiple (3) positions, using the first one!
utility_to_osm - WARNING - ssr:stedsnr = 79841 has multiple (3) positions, using the first one!
utility_to_osm - WARNING - ssr:stedsnr = 79849 has multiple (2) positions, using the first one!
utility_to_osm - WARNING - ssr:stedsnr = 79790 has multiple (2) positions, using the first one!
utility_to_osm - WARNING - ssr:stedsnr = 79792 has multiple (3) positions, using the first one!
utility_to_osm - WARNING - ssr:stedsnr = 81384: No priority spelling found for lang = no, using alt_name to get "[('no', 'Småtindan')]"
utility_to_osm - WARNING - ssr:stedsnr = 81384 has multiple (2) positions, using the first one!
utility_to_osm - WARNING - ssr:stedsnr = 81393 has multiple (2) positions, using the first one!
utility_to_osm - WARNING - ssr:stedsnr = 81394: No priority spelling found for lang = no, using alt_name to get "[('no', 'Osterelva')]"
utility_to_osm - WARNING - ssr:stedsnr = 81394 has multiple (2) positions, using the first one!
utility_to_osm - WARNING - ssr:stedsnr = 82606 has multiple (2) positions, using the first one!
utility_to_osm - ERROR - ssr:stedsnr = 105688. No positions found, skipping
utility_to_osm - WARNING - ssr:stedsnr = 112404 has multiple (2) positions, using the first one!
utility_to_osm - WARNING - ssr:stedsnr = 113012 has multiple (2) positions, using the first one!
utility_to_osm - WARNING - ssr:stedsnr = 115105 has multiple (2) positions, using the first one!
utility_to_osm - WARNING - ssr:stedsnr = 138098 has multiple (3) positions, using the first one!
utility_to_osm - WARNING - ssr:stedsnr = 138199 has multiple (3) positions, using the first one!
utility_to_osm - WARNING - ssr:stedsnr = 139005 has multiple (3) positions, using the first one!
utility_to_osm - WARNING - ssr:stedsnr = 139010 has multiple (2) positions, using the first one!
utility_to_osm - WARNING - ssr:stedsnr = 139012 has multiple (3) positions, using the first one!
utility_to_osm - WARNING - ssr:stedsnr = 139038 has multiple (4) positions, using the first one!
utility_to_osm - WARNING - ssr:stedsnr = 139047 has multiple (2) positions, using the first one!
utility_to_osm - WARNING - ssr:stedsnr = 139195 has multiple (2) positions, using the first one!
utility_to_osm - WARNING - ssr:stedsnr = 139196 has multiple (8) positions, using the first one!
utility_to_osm - ERROR - ssr:stedsnr = 139197: Adding multiple names to name tag, this is not OK! name = "Grovla;Store Gruvla"
utility_to_osm - WARNING - ssr:stedsnr = 139197 has multiple (3) positions, using the first one!
utility_to_osm - WARNING - ssr:stedsnr = 139199 has multiple (4) positions, using the first one!
utility_to_osm - WARNING - ssr:stedsnr = 139201 has multiple (3) positions, using the first one!
utility_to_osm - WARNING - ssr:stedsnr = 139350 has multiple (2) positions, using the first one!
utility_to_osm - WARNING - ssr:stedsnr = 139351 has multiple (4) positions, using the first one!
utility_to_osm - WARNING - ssr:stedsnr = 139243 has multiple (2) positions, using the first one!
utility_to_osm - WARNING - ssr:stedsnr = 139244 has multiple (2) positions, using the first one!
utility_to_osm - WARNING - ssr:stedsnr = 139246 has multiple (2) positions, using the first one!
utility_to_osm - WARNING - ssr:stedsnr = 139403 has multiple (2) positions, using the first one!
utility_to_osm - WARNING - ssr:stedsnr = 139405 has multiple (4) positions, using the first one!
utility_to_osm - WARNING - ssr:stedsnr = 139502 has multiple (2) positions, using the first one!
utility_to_osm - WARNING - ssr:stedsnr = 139503 has multiple (2) positions, using the first one!
utility_to_osm - WARNING - ssr:stedsnr = 139548 has multiple (3) positions, using the first one!
utility_to_osm - WARNING - ssr:stedsnr = 139554 has multiple (2) positions, using the first one!
utility_to_osm - WARNING - ssr:stedsnr = 139586 has multiple (2) positions, using the first one!
utility_to_osm - WARNING - ssr:stedsnr = 139595 has multiple (3) positions, using the first one!
utility_to_osm - WARNING - ssr:stedsnr = 139705 has multiple (2) positions, using the first one!
utility_to_osm - WARNING - ssr:stedsnr = 139488 has multiple (3) positions, using the first one!
utility_to_osm - WARNING - ssr:stedsnr = 139489 has multiple (2) positions, using the first one!
utility_to_osm - ERROR - ssr:stedsnr = 139494: Adding multiple names to name tag, this is not OK! name = "Halsehaugen;Moåsen"
utility_to_osm - WARNING - ssr:stedsnr = 139494 has multiple (3) positions, using the first one!
utility_to_osm - WARNING - ssr:stedsnr = 139501 has multiple (3) positions, using the first one!
utility_to_osm - WARNING - ssr:stedsnr = 139604 has multiple (2) positions, using the first one!
utility_to_osm - WARNING - ssr:stedsnr = 139607 has multiple (3) positions, using the first one!
utility_to_osm - WARNING - ssr:stedsnr = 139639 has multiple (3) positions, using the first one!
utility_to_osm - WARNING - ssr:stedsnr = 139998 has multiple (2) positions, using the first one!
utility_to_osm - WARNING - ssr:stedsnr = 140603: No priority spelling found for lang = se, using alt_name to get "[('no', 'Verselvmoen')]"
utility_to_osm - WARNING - ssr:stedsnr = 140604 has multiple (2) positions, using the first one!
utility_to_osm - WARNING - ssr:stedsnr = 140591 has multiple (2) positions, using the first one!
utility_to_osm - WARNING - ssr:stedsnr = 140705 has multiple (3) positions, using the first one!
utility_to_osm - WARNING - ssr:stedsnr = 140736 has multiple (2) positions, using the first one!
utility_to_osm - WARNING - ssr:stedsnr = 145505: No priority spelling found for lang = se, using alt_name to get "[('no', 'Rossfjordstraumen')]"
utility_to_osm - WARNING - ssr:stedsnr = 145505 has multiple (2) positions, using the first one!
utility_to_osm - WARNING - ssr:stedsnr = 146511: No priority spelling found for lang = no, using alt_name to get "[('no', 'Stønesbotn')]"
utility_to_osm - WARNING - ssr:stedsnr = 260007 has multiple (3) positions, using the first one!
utility_to_osm - WARNING - ssr:stedsnr = 260075 has multiple (2) positions, using the first one!
utility_to_osm - WARNING - ssr:stedsnr = 260085 has multiple (2) positions, using the first one!
utility_to_osm - WARNING - ssr:stedsnr = 260089 has multiple (2) positions, using the first one!
utility_to_osm - ERROR - ssr:stedsnr = 165464. No positions found, skipping
utility_to_osm - WARNING - ssr:stedsnr = 260133 has multiple (3) positions, using the first one!
utility_to_osm - WARNING - ssr:stedsnr = 260138 has multiple (2) positions, using the first one!
utility_to_osm - WARNING - ssr:stedsnr = 260139 has multiple (2) positions, using the first one!
utility_to_osm - WARNING - ssr:stedsnr = 260142 has multiple (2) positions, using the first one!
utility_to_osm - WARNING - ssr:stedsnr = 260144 has multiple (2) positions, using the first one!
utility_to_osm - ERROR - ssr:stedsnr = 260228: Adding multiple names to name tag, this is not OK! name = "Askjelstindan;Flestindan"
utility_to_osm - WARNING - ssr:stedsnr = 260228 has multiple (5) positions, using the first one!
utility_to_osm - WARNING - ssr:stedsnr = 260241 has multiple (2) positions, using the first one!
utility_to_osm - WARNING - ssr:stedsnr = 260249 has multiple (2) positions, using the first one!
utility_to_osm - WARNING - ssr:stedsnr = 260273 has multiple (2) positions, using the first one!
utility_to_osm - WARNING - ssr:stedsnr = 260191: No priority spelling found for lang = no, using alt_name to get "[('no', 'Flakstadvåg')]"
utility_to_osm - ERROR - ssr:stedsnr = 260193: Adding multiple names to name tag, this is not OK! name = "Flakkstadbekken;Storelva"
utility_to_osm - WARNING - ssr:stedsnr = 260193 has multiple (5) positions, using the first one!
utility_to_osm - WARNING - ssr:stedsnr = 260283 has multiple (7) positions, using the first one!
utility_to_osm - WARNING - ssr:stedsnr = 260290 has multiple (2) positions, using the first one!
utility_to_osm - WARNING - ssr:stedsnr = 260293 has multiple (2) positions, using the first one!
utility_to_osm - WARNING - ssr:stedsnr = 260298 has multiple (2) positions, using the first one!
utility_to_osm - WARNING - ssr:stedsnr = 260299 has multiple (2) positions, using the first one!
utility_to_osm - WARNING - ssr:stedsnr = 261259 has multiple (2) positions, using the first one!
utility_to_osm - WARNING - ssr:stedsnr = 260721 has multiple (5) positions, using the first one!
utility_to_osm - WARNING - ssr:stedsnr = 261049 has multiple (2) positions, using the first one!
utility_to_osm - WARNING - ssr:stedsnr = 261052 has multiple (2) positions, using the first one!
utility_to_osm - WARNING - ssr:stedsnr = 261038 has multiple (3) positions, using the first one!
utility_to_osm - WARNING - ssr:stedsnr = 261042 has multiple (3) positions, using the first one!
utility_to_osm - WARNING - ssr:stedsnr = 261179 has multiple (2) positions, using the first one!
utility_to_osm - WARNING - ssr:stedsnr = 261184 has multiple (2) positions, using the first one!
utility_to_osm - WARNING - ssr:stedsnr = 261190 has multiple (7) positions, using the first one!
utility_to_osm - WARNING - ssr:stedsnr = 261295 has multiple (2) positions, using the first one!
utility_to_osm - WARNING - ssr:stedsnr = 261246 has multiple (3) positions, using the first one!
utility_to_osm - WARNING - ssr:stedsnr = 261361 has multiple (2) positions, using the first one!
utility_to_osm - WARNING - ssr:stedsnr = 261366 has multiple (2) positions, using the first one!
utility_to_osm - WARNING - ssr:stedsnr = 261322 has multiple (3) positions, using the first one!
utility_to_osm - WARNING - ssr:stedsnr = 261325 has multiple (2) positions, using the first one!
utility_to_osm - WARNING - ssr:stedsnr = 261329 has multiple (2) positions, using the first one!
utility_to_osm - WARNING - ssr:stedsnr = 261331 has multiple (4) positions, using the first one!
utility_to_osm - WARNING - ssr:stedsnr = 261418 has multiple (2) positions, using the first one!
utility_to_osm - WARNING - ssr:stedsnr = 261420 has multiple (2) positions, using the first one!
utility_to_osm - WARNING - ssr:stedsnr = 261384 has multiple (2) positions, using the first one!
utility_to_osm - WARNING - ssr:stedsnr = 261390 has multiple (3) positions, using the first one!
utility_to_osm - WARNING - ssr:stedsnr = 261434 has multiple (2) positions, using the first one!
utility_to_osm - WARNING - ssr:stedsnr = 261440: No priority spelling found for lang = no, using alt_name to get "[('no', 'Litjevatnet')]"
utility_to_osm - WARNING - ssr:stedsnr = 261440 has multiple (3) positions, using the first one!
utility_to_osm - WARNING - ssr:stedsnr = 261513 has multiple (2) positions, using the first one!
utility_to_osm - WARNING - ssr:stedsnr = 261516: No priority spelling found for lang = se, using alt_name to get "[('no', 'Martamostevatnet')]"
utility_to_osm - WARNING - ssr:stedsnr = 261516 has multiple (3) positions, using the first one!
utility_to_osm - WARNING - ssr:stedsnr = 261525 has multiple (2) positions, using the first one!
utility_to_osm - WARNING - ssr:stedsnr = 261464 has multiple (2) positions, using the first one!
utility_to_osm - WARNING - ssr:stedsnr = 261476 has multiple (3) positions, using the first one!
utility_to_osm - WARNING - ssr:stedsnr = 261481 has multiple (2) positions, using the first one!
utility_to_osm - WARNING - ssr:stedsnr = 261485 has multiple (2) positions, using the first one!
utility_to_osm - WARNING - ssr:stedsnr = 261487: No priority spelling found for lang = se, using alt_name to get "[('no', 'Klauva')]"
utility_to_osm - WARNING - ssr:stedsnr = 261493 has multiple (4) positions, using the first one!
utility_to_osm - WARNING - ssr:stedsnr = 261494 has multiple (2) positions, using the first one!
utility_to_osm - WARNING - ssr:stedsnr = 261551 has multiple (3) positions, using the first one!
utility_to_osm - WARNING - ssr:stedsnr = 261556 has multiple (2) positions, using the first one!
utility_to_osm - WARNING - ssr:stedsnr = 261559: No priority spelling found for lang = se, using alt_name to get "[('no', 'Kjeldehaugen')]"
utility_to_osm - WARNING - ssr:stedsnr = 261559 has multiple (2) positions, using the first one!
utility_to_osm - WARNING - ssr:stedsnr = 261561 has multiple (3) positions, using the first one!
utility_to_osm - WARNING - ssr:stedsnr = 261563 has multiple (2) positions, using the first one!
utility_to_osm - WARNING - ssr:stedsnr = 261564 has multiple (2) positions, using the first one!
utility_to_osm - WARNING - ssr:stedsnr = 261572 has multiple (2) positions, using the first one!
utility_to_osm - WARNING - ssr:stedsnr = 261580 has multiple (2) positions, using the first one!
utility_to_osm - WARNING - ssr:stedsnr = 261589 has multiple (3) positions, using the first one!
utility_to_osm - WARNING - ssr:stedsnr = 261527 has multiple (2) positions, using the first one!
utility_to_osm - WARNING - ssr:stedsnr = 261531 has multiple (2) positions, using the first one!
utility_to_osm - WARNING - ssr:stedsnr = 261536 has multiple (2) positions, using the first one!
utility_to_osm - WARNING - ssr:stedsnr = 261622 has multiple (2) positions, using the first one!
utility_to_osm - WARNING - ssr:stedsnr = 261640 has multiple (2) positions, using the first one!
utility_to_osm - WARNING - ssr:stedsnr = 261700 has multiple (3) positions, using the first one!
utility_to_osm - WARNING - ssr:stedsnr = 261673 has multiple (2) positions, using the first one!
utility_to_osm - WARNING - ssr:stedsnr = 261679 has multiple (2) positions, using the first one!
utility_to_osm - ERROR - ssr:stedsnr = 261772: Adding multiple names to name tag, this is not OK! name = "Øvrevatnet;Øvre Sollivatn"
utility_to_osm - WARNING - ssr:stedsnr = 261772 has multiple (2) positions, using the first one!
utility_to_osm - WARNING - ssr:stedsnr = 261785 has multiple (2) positions, using the first one!
utility_to_osm - WARNING - ssr:stedsnr = 261803 has multiple (3) positions, using the first one!
utility_to_osm - WARNING - ssr:stedsnr = 261707 has multiple (3) positions, using the first one!
utility_to_osm - WARNING - ssr:stedsnr = 261721 has multiple (3) positions, using the first one!
utility_to_osm - WARNING - ssr:stedsnr = 261725 has multiple (2) positions, using the first one!
utility_to_osm - WARNING - ssr:stedsnr = 261730 has multiple (3) positions, using the first one!
utility_to_osm - WARNING - ssr:stedsnr = 261732 has multiple (3) positions, using the first one!
utility_to_osm - WARNING - ssr:stedsnr = 261733 has multiple (4) positions, using the first one!
utility_to_osm - WARNING - ssr:stedsnr = 261734 has multiple (2) positions, using the first one!
utility_to_osm - WARNING - ssr:stedsnr = 261738 has multiple (2) positions, using the first one!
utility_to_osm - WARNING - ssr:stedsnr = 261742 has multiple (2) positions, using the first one!
utility_to_osm - WARNING - ssr:stedsnr = 261816 has multiple (3) positions, using the first one!
utility_to_osm - WARNING - ssr:stedsnr = 261822 has multiple (3) positions, using the first one!
utility_to_osm - WARNING - ssr:stedsnr = 261928 has multiple (2) positions, using the first one!
utility_to_osm - WARNING - ssr:stedsnr = 261992 has multiple (2) positions, using the first one!
utility_to_osm - WARNING - ssr:stedsnr = 263266 has multiple (3) positions, using the first one!
utility_to_osm - WARNING - ssr:stedsnr = 263365: No priority spelling found for lang = no, using alt_name to get "[('no', 'Veidmannen')]"
utility_to_osm - WARNING - ssr:stedsnr = 263741: No priority spelling found for lang = no, using alt_name to get "[('no', 'Jessellian')]"
utility_to_osm - WARNING - ssr:stedsnr = 263741 has multiple (2) positions, using the first one!
utility_to_osm - WARNING - ssr:stedsnr = 263736: No priority spelling found for lang = no, using alt_name to get "[('no', 'Ballesvika')]"
utility_to_osm - WARNING - ssr:stedsnr = 199005 has multiple (2) positions, using the first one!
utility_to_osm - WARNING - ssr:stedsnr = 200104 has multiple (2) positions, using the first one!
utility_to_osm - WARNING - ssr:stedsnr = 200107 has multiple (2) positions, using the first one!
utility_to_osm - WARNING - ssr:stedsnr = 200109 has multiple (2) positions, using the first one!
utility_to_osm - WARNING - ssr:stedsnr = 200110 has multiple (2) positions, using the first one!
utility_to_osm - WARNING - ssr:stedsnr = 200003 has multiple (2) positions, using the first one!
utility_to_osm - WARNING - ssr:stedsnr = 200007 has multiple (2) positions, using the first one!
utility_to_osm - WARNING - ssr:stedsnr = 200260 has multiple (2) positions, using the first one!
utility_to_osm - WARNING - ssr:stedsnr = 200405 has multiple (2) positions, using the first one!
utility_to_osm - WARNING - ssr:stedsnr = 200411 has multiple (2) positions, using the first one!
utility_to_osm - WARNING - ssr:stedsnr = 200412 has multiple (5) positions, using the first one!
utility_to_osm - WARNING - ssr:stedsnr = 200459: No priority spelling found for lang = no, using alt_name to get "[('no', 'Elvelandstuva')]"
utility_to_osm - WARNING - ssr:stedsnr = 200459 has multiple (2) positions, using the first one!
utility_to_osm - ERROR - ssr:stedsnr = 200463: Adding multiple names to name tag, this is not OK! name = "Fiskevatnet;Litjevatnet"
utility_to_osm - WARNING - ssr:stedsnr = 200463 has multiple (2) positions, using the first one!
utility_to_osm - WARNING - ssr:stedsnr = 200464 has multiple (3) positions, using the first one!
utility_to_osm - WARNING - ssr:stedsnr = 200360 has multiple (2) positions, using the first one!
utility_to_osm - WARNING - ssr:stedsnr = 200364 has multiple (2) positions, using the first one!
utility_to_osm - WARNING - ssr:stedsnr = 200398: No priority spelling found for lang = no, using alt_name to get "[('no', 'Gjeskeheia')]"
utility_to_osm - WARNING - ssr:stedsnr = 200398 has multiple (5) positions, using the first one!
utility_to_osm - WARNING - ssr:stedsnr = 200501 has multiple (2) positions, using the first one!
utility_to_osm - WARNING - ssr:stedsnr = 200604 has multiple (2) positions, using the first one!
utility_to_osm - WARNING - ssr:stedsnr = 200806 has multiple (3) positions, using the first one!
utility_to_osm - WARNING - ssr:stedsnr = 200807 has multiple (4) positions, using the first one!
utility_to_osm - WARNING - ssr:stedsnr = 200747 has multiple (3) positions, using the first one!
utility_to_osm - WARNING - ssr:stedsnr = 200751 has multiple (3) positions, using the first one!
utility_to_osm - WARNING - ssr:stedsnr = 200752 has multiple (3) positions, using the first one!
utility_to_osm - WARNING - ssr:stedsnr = 200757 has multiple (2) positions, using the first one!
utility_to_osm - WARNING - ssr:stedsnr = 200795 has multiple (3) positions, using the first one!
utility_to_osm - WARNING - ssr:stedsnr = 200800 has multiple (3) positions, using the first one!
utility_to_osm - WARNING - ssr:stedsnr = 201361 has multiple (3) positions, using the first one!
utility_to_osm - WARNING - ssr:stedsnr = 201364 has multiple (2) positions, using the first one!
utility_to_osm - WARNING - ssr:stedsnr = 201367 has multiple (2) positions, using the first one!
utility_to_osm - WARNING - ssr:stedsnr = 201444 has multiple (2) positions, using the first one!
utility_to_osm - WARNING - ssr:stedsnr = 201493 has multiple (2) positions, using the first one!
utility_to_osm - WARNING - ssr:stedsnr = 203343: No priority spelling found for lang = no, using alt_name to get "[('no', 'Barbogen')]"
utility_to_osm - WARNING - ssr:stedsnr = 268541 has multiple (3) positions, using the first one!
utility_to_osm - WARNING - ssr:stedsnr = 207383 has multiple (2) positions, using the first one!
utility_to_osm - WARNING - ssr:stedsnr = 230830 has multiple (2) positions, using the first one!
utility_to_osm - WARNING - ssr:stedsnr = 231888 has multiple (2) positions, using the first one!
utility_to_osm - WARNING - ssr:stedsnr = 232993 has multiple (2) positions, using the first one!
utility_to_osm - WARNING - ssr:stedsnr = 233308 has multiple (2) positions, using the first one!
utility_to_osm - WARNING - ssr:stedsnr = 233900 has multiple (2) positions, using the first one!
utility_to_osm - WARNING - ssr:stedsnr = 237203 has multiple (2) positions, using the first one!
utility_to_osm - ERROR - ssr:stedsnr = 453296. No positions found, skipping
utility_to_osm - WARNING - ssr:stedsnr = 451951: No priority spelling found for lang = se, using alt_name to get "[('no', 'Hannes')]"
utility_to_osm - ERROR - ssr:stedsnr = 454154: Adding multiple names to name tag, this is not OK! name = "Grønnvika;Storhamna"
utility_to_osm - WARNING - ssr:stedsnr = 454479 has multiple (2) positions, using the first one!
utility_to_osm - WARNING - ssr:stedsnr = 454571 has multiple (2) positions, using the first one!
utility_to_osm - WARNING - ssr:stedsnr = 260069 has multiple (3) positions, using the first one!
utility_to_osm - WARNING - ssr:stedsnr = 260216 has multiple (2) positions, using the first one!
utility_to_osm - ERROR - ssr:stedsnr = 260255: Adding multiple names to name tag, this is not OK! name = "Sørklubben;Klubben"
utility_to_osm - WARNING - ssr:stedsnr = 260260: No priority spelling found for lang = no, using alt_name to get "[('no', 'Ørnvikskaret')]"
utility_to_osm - WARNING - ssr:stedsnr = 260260 has multiple (2) positions, using the first one!
utility_to_osm - WARNING - ssr:stedsnr = 260304 has multiple (2) positions, using the first one!
utility_to_osm - WARNING - ssr:stedsnr = 260707 has multiple (3) positions, using the first one!
utility_to_osm - WARNING - ssr:stedsnr = 261104 has multiple (2) positions, using the first one!
utility_to_osm - WARNING - ssr:stedsnr = 261047 has multiple (2) positions, using the first one!
utility_to_osm - WARNING - ssr:stedsnr = 261097 has multiple (3) positions, using the first one!
utility_to_osm - WARNING - ssr:stedsnr = 261296 has multiple (20) positions, using the first one!
utility_to_osm - WARNING - ssr:stedsnr = 261404 has multiple (2) positions, using the first one!
utility_to_osm - WARNING - ssr:stedsnr = 261406 has multiple (2) positions, using the first one!
utility_to_osm - WARNING - ssr:stedsnr = 261302: No priority spelling found for lang = se, using alt_name to get "[('no', 'Tranøy')]"
utility_to_osm - WARNING - ssr:stedsnr = 261306 has multiple (2) positions, using the first one!
utility_to_osm - WARNING - ssr:stedsnr = 261312 has multiple (3) positions, using the first one!
utility_to_osm - WARNING - ssr:stedsnr = 261314 has multiple (2) positions, using the first one!
utility_to_osm - WARNING - ssr:stedsnr = 261355 has multiple (2) positions, using the first one!
utility_to_osm - WARNING - ssr:stedsnr = 261397 has multiple (3) positions, using the first one!
utility_to_osm - WARNING - ssr:stedsnr = 261398 has multiple (2) positions, using the first one!
utility_to_osm - WARNING - ssr:stedsnr = 261399 has multiple (2) positions, using the first one!
utility_to_osm - WARNING - ssr:stedsnr = 261506 has multiple (4) positions, using the first one!
utility_to_osm - WARNING - ssr:stedsnr = 261507 has multiple (2) positions, using the first one!
utility_to_osm - WARNING - ssr:stedsnr = 261452 has multiple (2) positions, using the first one!
utility_to_osm - WARNING - ssr:stedsnr = 261607 has multiple (2) positions, using the first one!
utility_to_osm - WARNING - ssr:stedsnr = 261688 has multiple (2) positions, using the first one!
utility_to_osm - WARNING - ssr:stedsnr = 261699 has multiple (2) positions, using the first one!
utility_to_osm - WARNING - ssr:stedsnr = 261745 has multiple (4) positions, using the first one!
utility_to_osm - WARNING - ssr:stedsnr = 261748 has multiple (3) positions, using the first one!
utility_to_osm - WARNING - ssr:stedsnr = 261795 has multiple (2) positions, using the first one!
utility_to_osm - ERROR - ssr:stedsnr = 287127. No positions found, skipping
utility_to_osm - ERROR - ssr:stedsnr = 288783: Adding multiple names to name tag, this is not OK! name = "Roren;Røra"
utility_to_osm - WARNING - ssr:stedsnr = 290532 has multiple (2) positions, using the first one!
utility_to_osm - WARNING - ssr:stedsnr = 320089 has multiple (2) positions, using the first one!
utility_to_osm - WARNING - ssr:stedsnr = 320094 has multiple (2) positions, using the first one!
utility_to_osm - WARNING - ssr:stedsnr = 320096 has multiple (2) positions, using the first one!
utility_to_osm - WARNING - ssr:stedsnr = 321090: No priority spelling found for lang = se, using alt_name to get "[('no', 'Lakselva'), ('se', 'Luossajohka')]"
utility_to_osm - WARNING - ssr:stedsnr = 321090 has multiple (6) positions, using the first one!
utility_to_osm - WARNING - ssr:stedsnr = 321104 has multiple (2) positions, using the first one!
utility_to_osm - WARNING - ssr:stedsnr = 321141 has multiple (2) positions, using the first one!
utility_to_osm - WARNING - ssr:stedsnr = 321183: No priority spelling found for lang = no, using alt_name to get "[('no', 'Hyseskjæret')]"
utility_to_osm - WARNING - ssr:stedsnr = 321194 has multiple (2) positions, using the first one!
utility_to_osm - ERROR - ssr:stedsnr = 321199: Adding multiple names to name tag, this is not OK! name = "Rødsandvatnet;Olaheimvatnet"
utility_to_osm - WARNING - ssr:stedsnr = 321199 has multiple (5) positions, using the first one!
utility_to_osm - WARNING - ssr:stedsnr = 321613 has multiple (3) positions, using the first one!
utility_to_osm - WARNING - ssr:stedsnr = 321618 has multiple (6) positions, using the first one!
utility_to_osm - WARNING - ssr:stedsnr = 321623 has multiple (2) positions, using the first one!
utility_to_osm - WARNING - ssr:stedsnr = 321519 has multiple (2) positions, using the first one!
utility_to_osm - WARNING - ssr:stedsnr = 321523 has multiple (2) positions, using the first one!
utility_to_osm - WARNING - ssr:stedsnr = 321733 has multiple (3) positions, using the first one!
utility_to_osm - ERROR - ssr:stedsnr = 322283: Adding multiple names to name tag, this is not OK! name = "Heimvatnet;Østre heimvatn"
utility_to_osm - WARNING - ssr:stedsnr = 322283 has multiple (2) positions, using the first one!
utility_to_osm - WARNING - ssr:stedsnr = 322285: No priority spelling found for lang = se, using alt_name to get "[('no', 'Spekelva')]"
utility_to_osm - WARNING - ssr:stedsnr = 322285 has multiple (3) positions, using the first one!
utility_to_osm - WARNING - ssr:stedsnr = 322427: No priority spelling found for lang = se, using alt_name to get "[('no', 'Skeihola')]"
utility_to_osm - WARNING - ssr:stedsnr = 322427 has multiple (2) positions, using the first one!
utility_to_osm - WARNING - ssr:stedsnr = 322432: No priority spelling found for lang = se, using alt_name to get "[('no', 'Langdalsryggen'), ('se', 'Dáččavárri')]"
utility_to_osm - WARNING - ssr:stedsnr = 322432 has multiple (2) positions, using the first one!
utility_to_osm - WARNING - ssr:stedsnr = 322179 has multiple (2) positions, using the first one!
utility_to_osm - WARNING - ssr:stedsnr = 322184 has multiple (2) positions, using the first one!
utility_to_osm - WARNING - ssr:stedsnr = 322307: No priority spelling found for lang = se, using alt_name to get "[('no', 'Tromdalen'), ('no', 'Trondalen')]"
utility_to_osm - ERROR - ssr:stedsnr = 322307: Adding multiple names to name tag, this is not OK! name = "Tromdalen;Trondalen"
utility_to_osm - WARNING - ssr:stedsnr = 322307 has multiple (6) positions, using the first one!
utility_to_osm - WARNING - ssr:stedsnr = 322369 has multiple (3) positions, using the first one!
utility_to_osm - WARNING - ssr:stedsnr = 322534 has multiple (2) positions, using the first one!
utility_to_osm - WARNING - ssr:stedsnr = 322578 has multiple (2) positions, using the first one!
utility_to_osm - WARNING - ssr:stedsnr = 322588 has multiple (2) positions, using the first one!
utility_to_osm - WARNING - ssr:stedsnr = 322627: No priority spelling found for lang = se, using alt_name to get "[('no', 'Grasmyrbotnen')]"
utility_to_osm - WARNING - ssr:stedsnr = 322627 has multiple (3) positions, using the first one!
utility_to_osm - WARNING - ssr:stedsnr = 322802 has multiple (3) positions, using the first one!
utility_to_osm - WARNING - ssr:stedsnr = 322809 has multiple (3) positions, using the first one!
utility_to_osm - WARNING - ssr:stedsnr = 322779 has multiple (3) positions, using the first one!
utility_to_osm - WARNING - ssr:stedsnr = 322783 has multiple (3) positions, using the first one!
utility_to_osm - WARNING - ssr:stedsnr = 332255: No priority spelling found for lang = se, using alt_name to get "[('no', 'Straumsnes')]"
utility_to_osm - WARNING - ssr:stedsnr = 471288: No priority spelling found for lang = no, using alt_name to get "[('no', 'Gammelsjyen')]"
utility_to_osm - WARNING - ssr:stedsnr = 472187 has multiple (3) positions, using the first one!
utility_to_osm - WARNING - ssr:stedsnr = 472589: No priority spelling found for lang = no, using alt_name to get "[('no', 'Litje-Forskolten')]"
utility_to_osm - WARNING - ssr:stedsnr = 472597: No priority spelling found for lang = no, using alt_name to get "[('no', 'Heggelia')]"
utility_to_osm - WARNING - ssr:stedsnr = 472681 has multiple (2) positions, using the first one!
utility_to_osm - WARNING - ssr:stedsnr = 472989 has multiple (2) positions, using the first one!
utility_to_osm - WARNING - ssr:stedsnr = 473226 has multiple (2) positions, using the first one!
utility_to_osm - ERROR - ssr:stedsnr = 347468. No positions found, skipping
utility_to_osm - WARNING - ssr:stedsnr = 473839 has multiple (2) positions, using the first one!
utility_to_osm - WARNING - ssr:stedsnr = 473994 has multiple (2) positions, using the first one!
utility_to_osm - WARNING - ssr:stedsnr = 351963 has multiple (2) positions, using the first one!
utility_to_osm - WARNING - ssr:stedsnr = 352662: No priority spelling found for lang = se, using alt_name to get "[('no', 'Store Laukhella')]"
utility_to_osm - WARNING - ssr:stedsnr = 353923 has multiple (2) positions, using the first one!
utility_to_osm - WARNING - ssr:stedsnr = 354302: No priority spelling found for lang = no, using alt_name to get "[('no', 'Veidmannsaksla')]"
utility_to_osm - WARNING - ssr:stedsnr = 354989 has multiple (2) positions, using the first one!
utility_to_osm - WARNING - ssr:stedsnr = 474747 has multiple (2) positions, using the first one!
utility_to_osm - ERROR - ssr:stedsnr = 476468: Adding multiple names to name tag, this is not OK! name = "Vassvik;Vassjorda"
utility_to_osm - WARNING - ssr:stedsnr = 381063 has multiple (2) positions, using the first one!
utility_to_osm - WARNING - ssr:stedsnr = 381158 has multiple (2) positions, using the first one!
utility_to_osm - WARNING - ssr:stedsnr = 381160 has multiple (2) positions, using the first one!
utility_to_osm - WARNING - ssr:stedsnr = 381265 has multiple (2) positions, using the first one!
utility_to_osm - WARNING - ssr:stedsnr = 382105 has multiple (3) positions, using the first one!
utility_to_osm - WARNING - ssr:stedsnr = 382106 has multiple (3) positions, using the first one!
utility_to_osm - WARNING - ssr:stedsnr = 382109 has multiple (3) positions, using the first one!
utility_to_osm - WARNING - ssr:stedsnr = 382115 has multiple (2) positions, using the first one!
utility_to_osm - WARNING - ssr:stedsnr = 382055 has multiple (2) positions, using the first one!
utility_to_osm - ERROR - ssr:stedsnr = 382063: Adding multiple names to name tag, this is not OK! name = "Flatskjæret;Svartskjæret"
utility_to_osm - WARNING - ssr:stedsnr = 382063 has multiple (2) positions, using the first one!
utility_to_osm - WARNING - ssr:stedsnr = 382302 has multiple (2) positions, using the first one!
utility_to_osm - WARNING - ssr:stedsnr = 382303 has multiple (2) positions, using the first one!
utility_to_osm - WARNING - ssr:stedsnr = 382308 has multiple (2) positions, using the first one!
utility_to_osm - WARNING - ssr:stedsnr = 382310 has multiple (2) positions, using the first one!
utility_to_osm - WARNING - ssr:stedsnr = 382355 has multiple (2) positions, using the first one!
utility_to_osm - WARNING - ssr:stedsnr = 382363 has multiple (4) positions, using the first one!
utility_to_osm - WARNING - ssr:stedsnr = 382366 has multiple (2) positions, using the first one!
utility_to_osm - WARNING - ssr:stedsnr = 382368 has multiple (2) positions, using the first one!
utility_to_osm - WARNING - ssr:stedsnr = 382509 has multiple (3) positions, using the first one!
utility_to_osm - WARNING - ssr:stedsnr = 382516 has multiple (2) positions, using the first one!
utility_to_osm - WARNING - ssr:stedsnr = 382405: No priority spelling found for lang = no, using alt_name to get "[('no', 'Kjerringvikskaret')]"
utility_to_osm - WARNING - ssr:stedsnr = 382405 has multiple (2) positions, using the first one!
utility_to_osm - WARNING - ssr:stedsnr = 382408 has multiple (2) positions, using the first one!
utility_to_osm - WARNING - ssr:stedsnr = 382410: No priority spelling found for lang = se, using alt_name to get "[('no', 'Trollbuvatnet'), ('se', 'Ruollajávri')]"
utility_to_osm - WARNING - ssr:stedsnr = 382410 has multiple (6) positions, using the first one!
utility_to_osm - WARNING - ssr:stedsnr = 382412: No priority spelling found for lang = se, using alt_name to get "[('no', 'Hellemovatnet'), ('se', 'Heallojávri')]"
utility_to_osm - WARNING - ssr:stedsnr = 382412 has multiple (3) positions, using the first one!
utility_to_osm - WARNING - ssr:stedsnr = 382413: No priority spelling found for lang = se, using alt_name to get "[('no', 'Mevatnet')]"
utility_to_osm - WARNING - ssr:stedsnr = 382413 has multiple (2) positions, using the first one!
utility_to_osm - WARNING - ssr:stedsnr = 382414 has multiple (3) positions, using the first one!
utility_to_osm - WARNING - ssr:stedsnr = 382417 has multiple (2) positions, using the first one!
utility_to_osm - WARNING - ssr:stedsnr = 382454 has multiple (8) positions, using the first one!
utility_to_osm - WARNING - ssr:stedsnr = 382455 has multiple (2) positions, using the first one!
utility_to_osm - WARNING - ssr:stedsnr = 382458 has multiple (3) positions, using the first one!
utility_to_osm - WARNING - ssr:stedsnr = 382462 has multiple (3) positions, using the first one!
utility_to_osm - WARNING - ssr:stedsnr = 382464 has multiple (2) positions, using the first one!
utility_to_osm - WARNING - ssr:stedsnr = 382469 has multiple (2) positions, using the first one!
utility_to_osm - WARNING - ssr:stedsnr = 382707 has multiple (3) positions, using the first one!
utility_to_osm - WARNING - ssr:stedsnr = 382717 has multiple (3) positions, using the first one!
utility_to_osm - WARNING - ssr:stedsnr = 382757: No priority spelling found for lang = no, using alt_name to get "[('no', 'Målselvfjorden')]"
utility_to_osm - WARNING - ssr:stedsnr = 382757 has multiple (4) positions, using the first one!
utility_to_osm - WARNING - ssr:stedsnr = 382814 has multiple (3) positions, using the first one!
utility_to_osm - WARNING - ssr:stedsnr = 382854 has multiple (2) positions, using the first one!
utility_to_osm - WARNING - ssr:stedsnr = 382856 has multiple (2) positions, using the first one!
utility_to_osm - WARNING - ssr:stedsnr = 382863 has multiple (2) positions, using the first one!
utility_to_osm - WARNING - ssr:stedsnr = 382868 has multiple (2) positions, using the first one!
utility_to_osm - WARNING - ssr:stedsnr = 384546: No priority spelling found for lang = se, using alt_name to get "[('no', 'Nord-Heggedalen'), ('se', 'Ávčavággi')]"
utility_to_osm - WARNING - ssr:stedsnr = 384546 has multiple (5) positions, using the first one!
utility_to_osm - ERROR - ssr:stedsnr = 393284: Adding multiple names to name tag, this is not OK! name = "Vesterkjosen;Esterkjosen"
utility_to_osm - WARNING - ssr:stedsnr = 412294 has multiple (2) positions, using the first one!
utility_to_osm - WARNING - ssr:stedsnr = 412508 has multiple (2) positions, using the first one!
utility_to_osm - WARNING - ssr:stedsnr = 416858: No priority spelling found for lang = no, using alt_name to get "[('no', 'Godmatmoelva')]"
utility_to_osm - WARNING - ssr:stedsnr = 416858 has multiple (2) positions, using the first one!
utility_to_osm - WARNING - ssr:stedsnr = 417250 has multiple (2) positions, using the first one!
utility_to_osm - ERROR - ssr:stedsnr = 420540. No positions found, skipping
utility_to_osm - WARNING - ssr:stedsnr = 442110 has multiple (2) positions, using the first one!
utility_to_osm - WARNING - ssr:stedsnr = 442040 has multiple (2) positions, using the first one!
utility_to_osm - WARNING - ssr:stedsnr = 442090 has multiple (2) positions, using the first one!
utility_to_osm - WARNING - ssr:stedsnr = 442212 has multiple (3) positions, using the first one!
utility_to_osm - WARNING - ssr:stedsnr = 442236 has multiple (2) positions, using the first one!
utility_to_osm - WARNING - ssr:stedsnr = 443038 has multiple (2) positions, using the first one!
utility_to_osm - WARNING - ssr:stedsnr = 443104 has multiple (2) positions, using the first one!
utility_to_osm - WARNING - ssr:stedsnr = 443105 has multiple (2) positions, using the first one!
utility_to_osm - WARNING - ssr:stedsnr = 443092 has multiple (2) positions, using the first one!
utility_to_osm - WARNING - ssr:stedsnr = 443093 has multiple (2) positions, using the first one!
utility_to_osm - WARNING - ssr:stedsnr = 443207 has multiple (3) positions, using the first one!
utility_to_osm - WARNING - ssr:stedsnr = 443292 has multiple (2) positions, using the first one!
utility_to_osm - WARNING - ssr:stedsnr = 443402 has multiple (2) positions, using the first one!
utility_to_osm - WARNING - ssr:stedsnr = 443403 has multiple (4) positions, using the first one!
utility_to_osm - WARNING - ssr:stedsnr = 443302 has multiple (3) positions, using the first one!
utility_to_osm - WARNING - ssr:stedsnr = 443306 has multiple (2) positions, using the first one!
utility_to_osm - WARNING - ssr:stedsnr = 443309 has multiple (2) positions, using the first one!
utility_to_osm - WARNING - ssr:stedsnr = 443383 has multiple (2) positions, using the first one!
utility_to_osm - WARNING - ssr:stedsnr = 443388 has multiple (4) positions, using the first one!
utility_to_osm - WARNING - ssr:stedsnr = 443391 has multiple (2) positions, using the first one!
utility_to_osm - WARNING - ssr:stedsnr = 443393 has multiple (2) positions, using the first one!
utility_to_osm - WARNING - ssr:stedsnr = 443502 has multiple (2) positions, using the first one!
utility_to_osm - WARNING - ssr:stedsnr = 443537 has multiple (2) positions, using the first one!
utility_to_osm - WARNING - ssr:stedsnr = 443432 has multiple (2) positions, using the first one!
utility_to_osm - WARNING - ssr:stedsnr = 443482 has multiple (2) positions, using the first one!
utility_to_osm - WARNING - ssr:stedsnr = 443483 has multiple (3) positions, using the first one!
utility_to_osm - WARNING - ssr:stedsnr = 443484 has multiple (2) positions, using the first one!
utility_to_osm - WARNING - ssr:stedsnr = 443487 has multiple (2) positions, using the first one!
utility_to_osm - WARNING - ssr:stedsnr = 443489 has multiple (3) positions, using the first one!
utility_to_osm - WARNING - ssr:stedsnr = 443491 has multiple (2) positions, using the first one!
utility_to_osm - WARNING - ssr:stedsnr = 443492 has multiple (2) positions, using the first one!
utility_to_osm - WARNING - ssr:stedsnr = 443493 has multiple (2) positions, using the first one!
utility_to_osm - WARNING - ssr:stedsnr = 443703 has multiple (2) positions, using the first one!
utility_to_osm - WARNING - ssr:stedsnr = 446478: No priority spelling found for lang = se, using alt_name to get "[('no', 'Stønesbotn'), ('se', 'Stohpovuotna')]"
utility_to_osm - WARNING - ssr:stedsnr = 446478 has multiple (11) positions, using the first one!
utility_to_osm - ERROR - ssr:stedsnr = 469368. No positions found, skipping
utility_to_osm - WARNING - ssr:stedsnr = 474773 has multiple (2) positions, using the first one!
utility_to_osm - ERROR - ssr:stedsnr = 272826: Adding multiple names to name tag, this is not OK! name = "Øysundet;Lekangøyssundet"
utility_to_osm - WARNING - ssr:stedsnr = 503171 has multiple (2) positions, using the first one!
utility_to_osm - WARNING - ssr:stedsnr = 503173 has multiple (2) positions, using the first one!
utility_to_osm - WARNING - ssr:stedsnr = 503010 has multiple (2) positions, using the first one!
utility_to_osm - WARNING - ssr:stedsnr = 503309 has multiple (2) positions, using the first one!
utility_to_osm - WARNING - ssr:stedsnr = 503528: No priority spelling found for lang = se, using alt_name to get "[('no', 'Heggelva'), ('se', 'Ávčajohka')]"
utility_to_osm - WARNING - ssr:stedsnr = 503528 has multiple (11) positions, using the first one!
utility_to_osm - WARNING - ssr:stedsnr = 503404: No priority spelling found for lang = no, using alt_name to get "[('no', 'Inner-Spanhelldalen')]"
utility_to_osm - WARNING - ssr:stedsnr = 503404 has multiple (2) positions, using the first one!
utility_to_osm - WARNING - ssr:stedsnr = 503418 has multiple (2) positions, using the first one!
utility_to_osm - WARNING - ssr:stedsnr = 503473 has multiple (4) positions, using the first one!
utility_to_osm - WARNING - ssr:stedsnr = 503704 has multiple (2) positions, using the first one!
utility_to_osm - WARNING - ssr:stedsnr = 504021 has multiple (5) positions, using the first one!
utility_to_osm - WARNING - ssr:stedsnr = 504305 has multiple (2) positions, using the first one!
utility_to_osm - WARNING - ssr:stedsnr = 504404 has multiple (2) positions, using the first one!
utility_to_osm - WARNING - ssr:stedsnr = 504410 has multiple (3) positions, using the first one!
utility_to_osm - WARNING - ssr:stedsnr = 504619 has multiple (3) positions, using the first one!
utility_to_osm - WARNING - ssr:stedsnr = 504366 has multiple (2) positions, using the first one!
utility_to_osm - WARNING - ssr:stedsnr = 504571 has multiple (2) positions, using the first one!
utility_to_osm - WARNING - ssr:stedsnr = 504578: No priority spelling found for lang = se, using alt_name to get "[('no', 'Storvatnet'), ('no', 'Storvardhaugvatnet')]"
utility_to_osm - ERROR - ssr:stedsnr = 504578: Adding multiple names to name tag, this is not OK! name = "Storvatnet;Storvardhaugvatnet"
utility_to_osm - WARNING - ssr:stedsnr = 504578 has multiple (3) positions, using the first one!
utility_to_osm - WARNING - ssr:stedsnr = 504803 has multiple (2) positions, using the first one!
utility_to_osm - WARNING - ssr:stedsnr = 504810 has multiple (2) positions, using the first one!
utility_to_osm - WARNING - ssr:stedsnr = 504879 has multiple (4) positions, using the first one!
utility_to_osm - WARNING - ssr:stedsnr = 504717 has multiple (2) positions, using the first one!
utility_to_osm - WARNING - ssr:stedsnr = 512305 has multiple (2) positions, using the first one!
utility_to_osm - WARNING - ssr:stedsnr = 516868 has multiple (4) positions, using the first one!
utility_to_osm - WARNING - ssr:stedsnr = 685001 has multiple (2) positions, using the first one!
utility_to_osm - WARNING - ssr:stedsnr = 685039 has multiple (2) positions, using the first one!
utility_to_osm - WARNING - ssr:stedsnr = 685045 has multiple (4) positions, using the first one!
utility_to_osm - WARNING - ssr:stedsnr = 685046 has multiple (3) positions, using the first one!
utility_to_osm - WARNING - ssr:stedsnr = 685056 has multiple (3) positions, using the first one!
utility_to_osm - WARNING - ssr:stedsnr = 685061 has multiple (3) positions, using the first one!
utility_to_osm - WARNING - ssr:stedsnr = 685067 has multiple (2) positions, using the first one!
utility_to_osm - WARNING - ssr:stedsnr = 685093 has multiple (2) positions, using the first one!
utility_to_osm - WARNING - ssr:stedsnr = 685226 has multiple (2) positions, using the first one!
utility_to_osm - WARNING - ssr:stedsnr = 685228 has multiple (2) positions, using the first one!
utility_to_osm - WARNING - ssr:stedsnr = 685142 has multiple (2) positions, using the first one!
utility_to_osm - WARNING - ssr:stedsnr = 685143 has multiple (2) positions, using the first one!
utility_to_osm - WARNING - ssr:stedsnr = 685169: No priority spelling found for lang = se, using alt_name to get "[('no', 'Kapervatnet'), ('se', 'Gahperjávri')]"
utility_to_osm - WARNING - ssr:stedsnr = 685169 has multiple (4) positions, using the first one!
utility_to_osm - WARNING - ssr:stedsnr = 685177 has multiple (2) positions, using the first one!
utility_to_osm - WARNING - ssr:stedsnr = 685192 has multiple (2) positions, using the first one!
utility_to_osm - ERROR - ssr:stedsnr = 685263: Adding multiple names to name tag, this is not OK! name = "Flatneset;Søre Flatneset"
utility_to_osm - WARNING - ssr:stedsnr = 685263 has multiple (3) positions, using the first one!
utility_to_osm - WARNING - ssr:stedsnr = 685376: No priority spelling found for lang = no, using alt_name to get "[('no', 'Småtindnebbet')]"
utility_to_osm - WARNING - ssr:stedsnr = 685376 has multiple (2) positions, using the first one!
utility_to_osm - WARNING - ssr:stedsnr = 685472 has multiple (2) positions, using the first one!
utility_to_osm - WARNING - ssr:stedsnr = 685480 has multiple (2) positions, using the first one!
utility_to_osm - WARNING - ssr:stedsnr = 685483 has multiple (2) positions, using the first one!
utility_to_osm - WARNING - ssr:stedsnr = 685588 has multiple (2) positions, using the first one!
utility_to_osm - WARNING - ssr:stedsnr = 685661: No priority spelling found for lang = se, using alt_name to get "[('no', 'Finnfjorden')]"
utility_to_osm - WARNING - ssr:stedsnr = 685687 has multiple (3) positions, using the first one!
utility_to_osm - WARNING - ssr:stedsnr = 686032: No priority spelling found for lang = se, using alt_name to get "[('no', 'Vardneset')]"
utility_to_osm - WARNING - ssr:stedsnr = 686032 has multiple (2) positions, using the first one!
utility_to_osm - WARNING - ssr:stedsnr = 686034 has multiple (3) positions, using the first one!
utility_to_osm - WARNING - ssr:stedsnr = 686035 has multiple (2) positions, using the first one!
utility_to_osm - WARNING - ssr:stedsnr = 686075 has multiple (2) positions, using the first one!
utility_to_osm - WARNING - ssr:stedsnr = 686088 has multiple (2) positions, using the first one!
utility_to_osm - WARNING - ssr:stedsnr = 686292 has multiple (2) positions, using the first one!
utility_to_osm - WARNING - ssr:stedsnr = 686295: No priority spelling found for lang = no, using alt_name to get "[('no', 'Barbogen')]"
utility_to_osm - WARNING - ssr:stedsnr = 686295 has multiple (2) positions, using the first one!
utility_to_osm - WARNING - ssr:stedsnr = 686298 has multiple (4) positions, using the first one!
utility_to_osm - WARNING - ssr:stedsnr = 686301 has multiple (2) positions, using the first one!
utility_to_osm - WARNING - ssr:stedsnr = 686330 has multiple (3) positions, using the first one!
utility_to_osm - WARNING - ssr:stedsnr = 686339 has multiple (3) positions, using the first one!
utility_to_osm - WARNING - ssr:stedsnr = 686389 has multiple (3) positions, using the first one!
utility_to_osm - WARNING - ssr:stedsnr = 686256 has multiple (3) positions, using the first one!
utility_to_osm - WARNING - ssr:stedsnr = 686404 has multiple (2) positions, using the first one!
utility_to_osm - WARNING - ssr:stedsnr = 686406 has multiple (2) positions, using the first one!
utility_to_osm - WARNING - ssr:stedsnr = 686410 has multiple (4) positions, using the first one!
utility_to_osm - WARNING - ssr:stedsnr = 686416: No priority spelling found for lang = se, using alt_name to get "[('no', 'Hellefossen')]"
utility_to_osm - WARNING - ssr:stedsnr = 686416 has multiple (2) positions, using the first one!
utility_to_osm - WARNING - ssr:stedsnr = 686417 has multiple (2) positions, using the first one!
utility_to_osm - WARNING - ssr:stedsnr = 686424 has multiple (2) positions, using the first one!
utility_to_osm - WARNING - ssr:stedsnr = 686429 has multiple (2) positions, using the first one!
utility_to_osm - WARNING - ssr:stedsnr = 686430: No priority spelling found for lang = no, using alt_name to get "[('no', 'Høgtinden')]"
utility_to_osm - WARNING - ssr:stedsnr = 686431 has multiple (2) positions, using the first one!
utility_to_osm - WARNING - ssr:stedsnr = 686434 has multiple (3) positions, using the first one!
utility_to_osm - WARNING - ssr:stedsnr = 686458 has multiple (2) positions, using the first one!
utility_to_osm - WARNING - ssr:stedsnr = 686462 has multiple (5) positions, using the first one!
utility_to_osm - WARNING - ssr:stedsnr = 686464: No priority spelling found for lang = no, using alt_name to get "[('no', 'Litjekollen')]"
utility_to_osm - WARNING - ssr:stedsnr = 686464 has multiple (3) positions, using the first one!
utility_to_osm - WARNING - ssr:stedsnr = 686466 has multiple (2) positions, using the first one!
utility_to_osm - WARNING - ssr:stedsnr = 686474 has multiple (2) positions, using the first one!
utility_to_osm - WARNING - ssr:stedsnr = 686477 has multiple (2) positions, using the first one!
utility_to_osm - WARNING - ssr:stedsnr = 686527 has multiple (3) positions, using the first one!
utility_to_osm - WARNING - ssr:stedsnr = 686529 has multiple (3) positions, using the first one!
utility_to_osm - WARNING - ssr:stedsnr = 686652: No priority spelling found for lang = no, using alt_name to get "[('no', 'Liskarfjellet')]"
utility_to_osm - WARNING - ssr:stedsnr = 686550 has multiple (3) positions, using the first one!
utility_to_osm - WARNING - ssr:stedsnr = 686578 has multiple (2) positions, using the first one!
utility_to_osm - WARNING - ssr:stedsnr = 686583 has multiple (3) positions, using the first one!
utility_to_osm - WARNING - ssr:stedsnr = 686617: No priority spelling found for lang = se, using alt_name to get "[('no', 'Grasmyra')]"
utility_to_osm - WARNING - ssr:stedsnr = 686619 has multiple (3) positions, using the first one!
utility_to_osm - WARNING - ssr:stedsnr = 686620 has multiple (2) positions, using the first one!
utility_to_osm - WARNING - ssr:stedsnr = 686629 has multiple (3) positions, using the first one!
utility_to_osm - WARNING - ssr:stedsnr = 686631 has multiple (3) positions, using the first one!
utility_to_osm - WARNING - ssr:stedsnr = 686633 has multiple (2) positions, using the first one!
utility_to_osm - WARNING - ssr:stedsnr = 686635 has multiple (2) positions, using the first one!
utility_to_osm - WARNING - ssr:stedsnr = 686799 has multiple (2) positions, using the first one!
utility_to_osm - WARNING - ssr:stedsnr = 686655 has multiple (2) positions, using the first one!
utility_to_osm - WARNING - ssr:stedsnr = 686668 has multiple (3) positions, using the first one!
utility_to_osm - WARNING - ssr:stedsnr = 538383: No priority spelling found for lang = se, using alt_name to get "[('no', 'Nedre Lesbervatnhaugen')]"
utility_to_osm - WARNING - ssr:stedsnr = 686714 has multiple (2) positions, using the first one!
utility_to_osm - WARNING - ssr:stedsnr = 686729 has multiple (2) positions, using the first one!
utility_to_osm - WARNING - ssr:stedsnr = 686770 has multiple (3) positions, using the first one!
utility_to_osm - WARNING - ssr:stedsnr = 686775 has multiple (2) positions, using the first one!
utility_to_osm - WARNING - ssr:stedsnr = 686778 has multiple (3) positions, using the first one!
utility_to_osm - WARNING - ssr:stedsnr = 686783 has multiple (2) positions, using the first one!
utility_to_osm - WARNING - ssr:stedsnr = 686850 has multiple (2) positions, using the first one!
utility_to_osm - WARNING - ssr:stedsnr = 686815 has multiple (3) positions, using the first one!
utility_to_osm - WARNING - ssr:stedsnr = 686817 has multiple (2) positions, using the first one!
utility_to_osm - WARNING - ssr:stedsnr = 686819 has multiple (4) positions, using the first one!
utility_to_osm - WARNING - ssr:stedsnr = 686821 has multiple (4) positions, using the first one!
utility_to_osm - WARNING - ssr:stedsnr = 686823 has multiple (2) positions, using the first one!
utility_to_osm - WARNING - ssr:stedsnr = 686824 has multiple (2) positions, using the first one!
utility_to_osm - WARNING - ssr:stedsnr = 686825 has multiple (3) positions, using the first one!
utility_to_osm - WARNING - ssr:stedsnr = 686856: No priority spelling found for lang = no, using alt_name to get "[('no', 'Litjefjellet')]"
utility_to_osm - WARNING - ssr:stedsnr = 686856 has multiple (2) positions, using the first one!
utility_to_osm - WARNING - ssr:stedsnr = 688247 has multiple (2) positions, using the first one!
utility_to_osm - WARNING - ssr:stedsnr = 688345: No priority spelling found for lang = no, using alt_name to get "[('no', 'Veidmannen')]"
utility_to_osm - WARNING - ssr:stedsnr = 564411 has multiple (2) positions, using the first one!
utility_to_osm - WARNING - ssr:stedsnr = 564413 has multiple (2) positions, using the first one!
utility_to_osm - WARNING - ssr:stedsnr = 564415 has multiple (2) positions, using the first one!
utility_to_osm - WARNING - ssr:stedsnr = 564421 has multiple (3) positions, using the first one!
utility_to_osm - WARNING - ssr:stedsnr = 564423 has multiple (2) positions, using the first one!
utility_to_osm - WARNING - ssr:stedsnr = 564425 has multiple (2) positions, using the first one!
utility_to_osm - WARNING - ssr:stedsnr = 564428 has multiple (2) positions, using the first one!
utility_to_osm - WARNING - ssr:stedsnr = 564430 has multiple (3) positions, using the first one!
utility_to_osm - WARNING - ssr:stedsnr = 564435 has multiple (2) positions, using the first one!
utility_to_osm - WARNING - ssr:stedsnr = 564438 has multiple (2) positions, using the first one!
utility_to_osm - WARNING - ssr:stedsnr = 564439: No priority spelling found for lang = no, using alt_name to get "[('no', 'Rishågen')]"
utility_to_osm - WARNING - ssr:stedsnr = 564440 has multiple (2) positions, using the first one!
utility_to_osm - WARNING - ssr:stedsnr = 564441: No priority spelling found for lang = se, using alt_name to get "[]"
utility_to_osm - WARNING - ssr:stedsnr = 564441: No priority spelling found for lang = se, using alt_name to get "[('no', 'Bumannsvatnet')]"
utility_to_osm - WARNING - ssr:stedsnr = 564441 has multiple (2) positions, using the first one!
utility_to_osm - WARNING - ssr:stedsnr = 564372: No priority spelling found for lang = no, using alt_name to get "[('no', 'Reålskaret')]"
utility_to_osm - WARNING - ssr:stedsnr = 564372 has multiple (2) positions, using the first one!
utility_to_osm - WARNING - ssr:stedsnr = 564506 has multiple (2) positions, using the first one!
utility_to_osm - WARNING - ssr:stedsnr = 564508 has multiple (2) positions, using the first one!
utility_to_osm - WARNING - ssr:stedsnr = 564511 has multiple (2) positions, using the first one!
utility_to_osm - WARNING - ssr:stedsnr = 564567 has multiple (2) positions, using the first one!
utility_to_osm - WARNING - ssr:stedsnr = 564575 has multiple (2) positions, using the first one!
utility_to_osm - WARNING - ssr:stedsnr = 564579 has multiple (2) positions, using the first one!
utility_to_osm - WARNING - ssr:stedsnr = 564706 has multiple (2) positions, using the first one!
utility_to_osm - WARNING - ssr:stedsnr = 564708 has multiple (2) positions, using the first one!
utility_to_osm - WARNING - ssr:stedsnr = 564612: No priority spelling found for lang = no, using alt_name to get "[('no', 'Litjkollen')]"
utility_to_osm - WARNING - ssr:stedsnr = 564612 has multiple (3) positions, using the first one!
utility_to_osm - WARNING - ssr:stedsnr = 564816: No priority spelling found for lang = no, using alt_name to get "[('no', 'Litjeholmen')]"
utility_to_osm - WARNING - ssr:stedsnr = 564823 has multiple (3) positions, using the first one!
utility_to_osm - WARNING - ssr:stedsnr = 564716 has multiple (2) positions, using the first one!
utility_to_osm - WARNING - ssr:stedsnr = 564771 has multiple (2) positions, using the first one!
utility_to_osm - WARNING - ssr:stedsnr = 564778 has multiple (3) positions, using the first one!
utility_to_osm - WARNING - ssr:stedsnr = 564971 has multiple (3) positions, using the first one!
utility_to_osm - WARNING - ssr:stedsnr = 566241 has multiple (3) positions, using the first one!
utility_to_osm - WARNING - ssr:stedsnr = 566263 has multiple (2) positions, using the first one!
utility_to_osm - WARNING - ssr:stedsnr = 566362: No priority spelling found for lang = no, using alt_name to get "[('no', 'Merraføa')]"
utility_to_osm - WARNING - ssr:stedsnr = 566362 has multiple (2) positions, using the first one!
utility_to_osm - WARNING - ssr:stedsnr = 570270: No priority spelling found for lang = se, using alt_name to get "[('no', 'Lakselva')]"
utility_to_osm - WARNING - ssr:stedsnr = 570270 has multiple (4) positions, using the first one!
utility_to_osm - WARNING - ssr:stedsnr = 572960 has multiple (2) positions, using the first one!
utility_to_osm - WARNING - ssr:stedsnr = 593553: No priority spelling found for lang = no, using alt_name to get "[('no', 'Godmatmomyra')]"
utility_to_osm - WARNING - ssr:stedsnr = 593560: No priority spelling found for lang = no, using alt_name to get "[('no', 'Berrskallmyra')]"
utility_to_osm - WARNING - ssr:stedsnr = 594207 has multiple (2) positions, using the first one!
utility_to_osm - WARNING - ssr:stedsnr = 595566 has multiple (2) positions, using the first one!
utility_to_osm - WARNING - ssr:stedsnr = 624006 has multiple (2) positions, using the first one!
utility_to_osm - WARNING - ssr:stedsnr = 624013 has multiple (2) positions, using the first one!
utility_to_osm - WARNING - ssr:stedsnr = 624107 has multiple (2) positions, using the first one!
utility_to_osm - WARNING - ssr:stedsnr = 624110 has multiple (2) positions, using the first one!
utility_to_osm - WARNING - ssr:stedsnr = 624205 has multiple (2) positions, using the first one!
utility_to_osm - WARNING - ssr:stedsnr = 624260 has multiple (2) positions, using the first one!
utility_to_osm - WARNING - ssr:stedsnr = 624421 has multiple (4) positions, using the first one!
utility_to_osm - WARNING - ssr:stedsnr = 624181 has multiple (2) positions, using the first one!
utility_to_osm - WARNING - ssr:stedsnr = 624189 has multiple (2) positions, using the first one!
utility_to_osm - WARNING - ssr:stedsnr = 624504 has multiple (4) positions, using the first one!
