utility_to_osm - ERROR - ERROR, no ending in ssr2_to_osm_data/data/4649/4649-ssr.xml? Trying to re-download "/app:Skrivemåte>
          </app:skrivemåte>
        </app:Stedsnavn>
      </app:stedsnavn>
    </app:Sted>
  </wfs:member"
utility_to_osm - WARNING - ssr:stedsnr = 253578 has multiple (2) positions, using the first one!
utility_to_osm - WARNING - ssr:stedsnr = 229924 has multiple (2) positions, using the first one!
utility_to_osm - WARNING - ssr:stedsnr = 10247 has multiple (2) positions, using the first one!
utility_to_osm - WARNING - ssr:stedsnr = 10432: No priority spelling found for lang = no, using alt_name to get "[('no', 'Midthjellsneset')]"
utility_to_osm - WARNING - ssr:stedsnr = 10432 has multiple (3) positions, using the first one!
utility_to_osm - WARNING - ssr:stedsnr = 10446: No priority spelling found for lang = no, using alt_name to get "[('no', 'Nygard')]"
utility_to_osm - WARNING - ssr:stedsnr = 10491 has multiple (3) positions, using the first one!
utility_to_osm - WARNING - ssr:stedsnr = 10493 has multiple (2) positions, using the first one!
utility_to_osm - WARNING - ssr:stedsnr = 10494: No priority spelling found for lang = no, using alt_name to get "[('no', 'Tjørstad')]"
utility_to_osm - WARNING - ssr:stedsnr = 10498: No priority spelling found for lang = no, using alt_name to get "[('no', 'Engjeland')]"
utility_to_osm - WARNING - ssr:stedsnr = 10606: No priority spelling found for lang = no, using alt_name to get "[('no', 'Gangstøda')]"
utility_to_osm - WARNING - ssr:stedsnr = 10608: No priority spelling found for lang = no, using alt_name to get "[('no', 'Åshammaren')]"
utility_to_osm - WARNING - ssr:stedsnr = 10533: No priority spelling found for lang = no, using alt_name to get "[('no', 'Skambergegga')]"
utility_to_osm - WARNING - ssr:stedsnr = 10581: No priority spelling found for lang = no, using alt_name to get "[('no', 'Mona')]"
utility_to_osm - WARNING - ssr:stedsnr = 10586 has multiple (2) positions, using the first one!
utility_to_osm - WARNING - ssr:stedsnr = 10588: No priority spelling found for lang = no, using alt_name to get "[('no', 'Kjellvorneset')]"
utility_to_osm - WARNING - ssr:stedsnr = 10588 has multiple (2) positions, using the first one!
utility_to_osm - WARNING - ssr:stedsnr = 10839 has multiple (3) positions, using the first one!
utility_to_osm - WARNING - ssr:stedsnr = 10784 has multiple (3) positions, using the first one!
utility_to_osm - WARNING - ssr:stedsnr = 10901 has multiple (2) positions, using the first one!
utility_to_osm - WARNING - ssr:stedsnr = 10902 has multiple (3) positions, using the first one!
utility_to_osm - WARNING - ssr:stedsnr = 10907 has multiple (2) positions, using the first one!
utility_to_osm - WARNING - ssr:stedsnr = 10944: No priority spelling found for lang = no, using alt_name to get "[('no', 'Henneelva')]"
utility_to_osm - WARNING - ssr:stedsnr = 10944 has multiple (4) positions, using the first one!
utility_to_osm - WARNING - ssr:stedsnr = 10979: No priority spelling found for lang = no, using alt_name to get "[('no', 'Tverreggene')]"
utility_to_osm - WARNING - ssr:stedsnr = 10979 has multiple (3) positions, using the first one!
utility_to_osm - WARNING - ssr:stedsnr = 10999: No priority spelling found for lang = no, using alt_name to get "[('no', 'Kvanndalsvatnet')]"
utility_to_osm - WARNING - ssr:stedsnr = 10999 has multiple (2) positions, using the first one!
utility_to_osm - WARNING - ssr:stedsnr = 11287: No priority spelling found for lang = no, using alt_name to get "[('no', 'Bakkebøen')]"
utility_to_osm - WARNING - ssr:stedsnr = 11289: No priority spelling found for lang = no, using alt_name to get "[('no', 'Hatleneset')]"
utility_to_osm - WARNING - ssr:stedsnr = 11429 has multiple (3) positions, using the first one!
utility_to_osm - WARNING - ssr:stedsnr = 11432: No priority spelling found for lang = no, using alt_name to get "[('no', 'Nygard')]"
utility_to_osm - WARNING - ssr:stedsnr = 11378 has multiple (4) positions, using the first one!
utility_to_osm - WARNING - ssr:stedsnr = 11673 has multiple (2) positions, using the first one!
utility_to_osm - WARNING - ssr:stedsnr = 11704 has multiple (2) positions, using the first one!
utility_to_osm - WARNING - ssr:stedsnr = 11711: No priority spelling found for lang = no, using alt_name to get "[('no', 'Høgeheida')]"
utility_to_osm - WARNING - ssr:stedsnr = 11711 has multiple (4) positions, using the first one!
utility_to_osm - WARNING - ssr:stedsnr = 11712: No priority spelling found for lang = no, using alt_name to get "[('no', 'Hoddevikneset')]"
utility_to_osm - WARNING - ssr:stedsnr = 11712 has multiple (4) positions, using the first one!
utility_to_osm - WARNING - ssr:stedsnr = 231927 has multiple (2) positions, using the first one!
utility_to_osm - WARNING - ssr:stedsnr = 232686: No priority spelling found for lang = no, using alt_name to get "[('no', 'Gletteneset')]"
