utility_to_osm - WARNING - ssr:stedsnr = 230665 has multiple (2) positions, using the first one!
utility_to_osm - WARNING - ssr:stedsnr = 231958 has multiple (2) positions, using the first one!
utility_to_osm - WARNING - ssr:stedsnr = 13314 has multiple (3) positions, using the first one!
utility_to_osm - WARNING - ssr:stedsnr = 13514 has multiple (2) positions, using the first one!
utility_to_osm - WARNING - ssr:stedsnr = 13518 has multiple (2) positions, using the first one!
utility_to_osm - WARNING - ssr:stedsnr = 13563 has multiple (2) positions, using the first one!
utility_to_osm - WARNING - ssr:stedsnr = 13720 has multiple (2) positions, using the first one!
utility_to_osm - WARNING - ssr:stedsnr = 13989 has multiple (3) positions, using the first one!
utility_to_osm - WARNING - ssr:stedsnr = 13991 has multiple (4) positions, using the first one!
utility_to_osm - WARNING - ssr:stedsnr = 14217 has multiple (2) positions, using the first one!
utility_to_osm - WARNING - ssr:stedsnr = 14218 has multiple (3) positions, using the first one!
utility_to_osm - WARNING - ssr:stedsnr = 14219 has multiple (3) positions, using the first one!
utility_to_osm - WARNING - ssr:stedsnr = 14220: No priority spelling found for lang = no, using alt_name to get "[('no', 'Litlfinnbursvatnet')]"
utility_to_osm - WARNING - ssr:stedsnr = 14220 has multiple (2) positions, using the first one!
utility_to_osm - WARNING - ssr:stedsnr = 14222 has multiple (2) positions, using the first one!
utility_to_osm - WARNING - ssr:stedsnr = 14225: No priority spelling found for lang = no, using alt_name to get "[('no', 'Tortlifjellet')]"
utility_to_osm - WARNING - ssr:stedsnr = 14225 has multiple (3) positions, using the first one!
utility_to_osm - WARNING - ssr:stedsnr = 14323: No priority spelling found for lang = no, using alt_name to get "[('no', 'Bergsettjønna')]"
utility_to_osm - WARNING - ssr:stedsnr = 14323 has multiple (2) positions, using the first one!
utility_to_osm - WARNING - ssr:stedsnr = 14331: No priority spelling found for lang = no, using alt_name to get "[('no', 'Sandnes-Omlia')]"
utility_to_osm - WARNING - ssr:stedsnr = 14331 has multiple (3) positions, using the first one!
utility_to_osm - WARNING - ssr:stedsnr = 14334 has multiple (3) positions, using the first one!
utility_to_osm - WARNING - ssr:stedsnr = 14335: No priority spelling found for lang = no, using alt_name to get "[('no', 'Aglseteren')]"
utility_to_osm - WARNING - ssr:stedsnr = 14368: No priority spelling found for lang = no, using alt_name to get "[('no', 'Korsmæra')]"
utility_to_osm - WARNING - ssr:stedsnr = 14368 has multiple (4) positions, using the first one!
utility_to_osm - WARNING - ssr:stedsnr = 14374: No priority spelling found for lang = no, using alt_name to get "[('no', 'Tjønnslættjønna')]"
utility_to_osm - WARNING - ssr:stedsnr = 14374 has multiple (3) positions, using the first one!
utility_to_osm - WARNING - ssr:stedsnr = 14379: No priority spelling found for lang = no, using alt_name to get "[('no', 'Tjennaråsseteren')]"
utility_to_osm - WARNING - ssr:stedsnr = 14379 has multiple (3) positions, using the first one!
utility_to_osm - WARNING - ssr:stedsnr = 14564: No priority spelling found for lang = no, using alt_name to get "[('no', 'Nordre Dettfosstjønna')]"
utility_to_osm - WARNING - ssr:stedsnr = 14564 has multiple (2) positions, using the first one!
utility_to_osm - WARNING - ssr:stedsnr = 14571: No priority spelling found for lang = no, using alt_name to get "[('no', 'Verdalstjønna')]"
utility_to_osm - WARNING - ssr:stedsnr = 14571 has multiple (3) positions, using the first one!
utility_to_osm - WARNING - ssr:stedsnr = 14717 has multiple (3) positions, using the first one!
utility_to_osm - WARNING - ssr:stedsnr = 14719 has multiple (3) positions, using the first one!
utility_to_osm - WARNING - ssr:stedsnr = 14858: No priority spelling found for lang = no, using alt_name to get "[('sma', 'Speallehkenjaevrie'), ('no', 'Grønlivatnet')]"
utility_to_osm - WARNING - ssr:stedsnr = 14858 has multiple (6) positions, using the first one!
utility_to_osm - WARNING - ssr:stedsnr = 14860: No priority spelling found for lang = no, using alt_name to get "[('no', 'Storåsseteren')]"
utility_to_osm - WARNING - ssr:stedsnr = 14860 has multiple (3) positions, using the first one!
utility_to_osm - WARNING - ssr:stedsnr = 14901: No priority spelling found for lang = no, using alt_name to get "[('no', 'Fjelltjønna')]"
utility_to_osm - WARNING - ssr:stedsnr = 14901 has multiple (3) positions, using the first one!
utility_to_osm - WARNING - ssr:stedsnr = 14903 has multiple (17) positions, using the first one!
utility_to_osm - WARNING - ssr:stedsnr = 14906 has multiple (2) positions, using the first one!
utility_to_osm - WARNING - ssr:stedsnr = 14969: No priority spelling found for lang = no, using alt_name to get "[('no', 'Storliseteren')]"
utility_to_osm - WARNING - ssr:stedsnr = 14969 has multiple (3) positions, using the first one!
utility_to_osm - WARNING - ssr:stedsnr = 14973: No priority spelling found for lang = no, using alt_name to get "[('no', 'Svarttjønna')]"
utility_to_osm - WARNING - ssr:stedsnr = 14973 has multiple (3) positions, using the first one!
utility_to_osm - WARNING - ssr:stedsnr = 14974 has multiple (2) positions, using the first one!
utility_to_osm - WARNING - ssr:stedsnr = 20290: No priority spelling found for lang = no, using alt_name to get "[('no', 'Gaupliklumpen')]"
utility_to_osm - WARNING - ssr:stedsnr = 26206: No priority spelling found for lang = no, using alt_name to get "[('no', 'Gomolitjønna')]"
utility_to_osm - WARNING - ssr:stedsnr = 26206 has multiple (4) positions, using the first one!
utility_to_osm - WARNING - ssr:stedsnr = 48917 has multiple (2) positions, using the first one!
utility_to_osm - WARNING - ssr:stedsnr = 60616: No priority spelling found for lang = no, using alt_name to get "[('no', 'Finnsås')]"
utility_to_osm - WARNING - ssr:stedsnr = 74014 has multiple (3) positions, using the first one!
utility_to_osm - WARNING - ssr:stedsnr = 74262 has multiple (5) positions, using the first one!
utility_to_osm - WARNING - ssr:stedsnr = 74269: No priority spelling found for lang = no, using alt_name to get "[('no', 'Gressåmoseteren')]"
utility_to_osm - WARNING - ssr:stedsnr = 74269 has multiple (2) positions, using the first one!
utility_to_osm - WARNING - ssr:stedsnr = 74406: No priority spelling found for lang = no, using alt_name to get "[('no', 'Tjennaråsen')]"
utility_to_osm - WARNING - ssr:stedsnr = 74420: No priority spelling found for lang = no, using alt_name to get "[('no', 'Finnkøylitjønna')]"
utility_to_osm - WARNING - ssr:stedsnr = 74420 has multiple (2) positions, using the first one!
utility_to_osm - WARNING - ssr:stedsnr = 74360: No priority spelling found for lang = no, using alt_name to get "[('no', 'Almo fellesbeite')]"
utility_to_osm - WARNING - ssr:stedsnr = 74360 has multiple (2) positions, using the first one!
utility_to_osm - WARNING - ssr:stedsnr = 74371: No priority spelling found for lang = no, using alt_name to get "[('no', 'Brunes')]"
utility_to_osm - WARNING - ssr:stedsnr = 74371 has multiple (2) positions, using the first one!
utility_to_osm - WARNING - ssr:stedsnr = 74504 has multiple (4) positions, using the first one!
utility_to_osm - WARNING - ssr:stedsnr = 74511 has multiple (6) positions, using the first one!
utility_to_osm - WARNING - ssr:stedsnr = 74515: No priority spelling found for lang = no, using alt_name to get "[('no', 'Langnesseteren')]"
utility_to_osm - WARNING - ssr:stedsnr = 74515 has multiple (3) positions, using the first one!
utility_to_osm - WARNING - ssr:stedsnr = 74567 has multiple (2) positions, using the first one!
utility_to_osm - WARNING - ssr:stedsnr = 74571 has multiple (2) positions, using the first one!
utility_to_osm - WARNING - ssr:stedsnr = 74666: No priority spelling found for lang = no, using alt_name to get "[('no', 'Stigåtjønna')]"
utility_to_osm - WARNING - ssr:stedsnr = 74666 has multiple (4) positions, using the first one!
utility_to_osm - WARNING - ssr:stedsnr = 74667 has multiple (2) positions, using the first one!
utility_to_osm - WARNING - ssr:stedsnr = 74673: No priority spelling found for lang = no, using alt_name to get "[('no', 'Hattjønnin')]"
utility_to_osm - WARNING - ssr:stedsnr = 74673 has multiple (2) positions, using the first one!
utility_to_osm - WARNING - ssr:stedsnr = 74706: No priority spelling found for lang = no, using alt_name to get "[('no', 'Gravslåttseteren')]"
utility_to_osm - WARNING - ssr:stedsnr = 74706 has multiple (3) positions, using the first one!
utility_to_osm - WARNING - ssr:stedsnr = 74920: No priority spelling found for lang = no, using alt_name to get "[('no', 'Seterbekken')]"
utility_to_osm - WARNING - ssr:stedsnr = 74920 has multiple (3) positions, using the first one!
utility_to_osm - WARNING - ssr:stedsnr = 74953: No priority spelling found for lang = no, using alt_name to get "[('no', 'Breivikbukta')]"
utility_to_osm - WARNING - ssr:stedsnr = 74953 has multiple (2) positions, using the first one!
utility_to_osm - WARNING - ssr:stedsnr = 75302: No priority spelling found for lang = no, using alt_name to get "[('no', 'Goddalen')]"
utility_to_osm - WARNING - ssr:stedsnr = 75302 has multiple (2) positions, using the first one!
utility_to_osm - WARNING - ssr:stedsnr = 75303: No priority spelling found for lang = no, using alt_name to get "[('no', 'Fokra')]"
utility_to_osm - WARNING - ssr:stedsnr = 75313: No priority spelling found for lang = no, using alt_name to get "[('no', 'Stuggunestjønna')]"
utility_to_osm - WARNING - ssr:stedsnr = 75313 has multiple (2) positions, using the first one!
utility_to_osm - WARNING - ssr:stedsnr = 75300 has multiple (5) positions, using the first one!
utility_to_osm - WARNING - ssr:stedsnr = 75412: No priority spelling found for lang = no, using alt_name to get "[('no', 'Korsvollelva')]"
utility_to_osm - WARNING - ssr:stedsnr = 75412 has multiple (4) positions, using the first one!
utility_to_osm - WARNING - ssr:stedsnr = 75413: No priority spelling found for lang = no, using alt_name to get "[('no', 'Gauslitjønna')]"
utility_to_osm - WARNING - ssr:stedsnr = 75413 has multiple (2) positions, using the first one!
utility_to_osm - WARNING - ssr:stedsnr = 75418 has multiple (2) positions, using the first one!
utility_to_osm - WARNING - ssr:stedsnr = 75461: No priority spelling found for lang = no, using alt_name to get "[('no', 'Rangstjønnfjella')]"
utility_to_osm - WARNING - ssr:stedsnr = 75461 has multiple (4) positions, using the first one!
utility_to_osm - WARNING - ssr:stedsnr = 75552: No priority spelling found for lang = no, using alt_name to get "[('no', 'Åsatjønna')]"
utility_to_osm - WARNING - ssr:stedsnr = 75552 has multiple (2) positions, using the first one!
utility_to_osm - WARNING - ssr:stedsnr = 75564 has multiple (2) positions, using the first one!
utility_to_osm - WARNING - ssr:stedsnr = 75810: No priority spelling found for lang = no, using alt_name to get "[('no', 'Gamvollmyran')]"
utility_to_osm - WARNING - ssr:stedsnr = 75810 has multiple (3) positions, using the first one!
utility_to_osm - WARNING - ssr:stedsnr = 75814 has multiple (3) positions, using the first one!
utility_to_osm - WARNING - ssr:stedsnr = 75818 has multiple (3) positions, using the first one!
utility_to_osm - WARNING - ssr:stedsnr = 75950 has multiple (3) positions, using the first one!
utility_to_osm - WARNING - ssr:stedsnr = 75966: No priority spelling found for lang = no, using alt_name to get "[('no', 'Skardtjønna')]"
utility_to_osm - WARNING - ssr:stedsnr = 75966 has multiple (3) positions, using the first one!
utility_to_osm - WARNING - ssr:stedsnr = 75968: No priority spelling found for lang = no, using alt_name to get "[('no', 'Plukkutjønna')]"
utility_to_osm - WARNING - ssr:stedsnr = 75968 has multiple (3) positions, using the first one!
utility_to_osm - WARNING - ssr:stedsnr = 109185 has multiple (2) positions, using the first one!
utility_to_osm - WARNING - ssr:stedsnr = 110020 has multiple (2) positions, using the first one!
utility_to_osm - WARNING - ssr:stedsnr = 134259: No priority spelling found for lang = no, using alt_name to get "[('no', 'Kamtjønnin')]"
utility_to_osm - WARNING - ssr:stedsnr = 134259 has multiple (3) positions, using the first one!
utility_to_osm - ERROR - ssr:stedsnr = 134412: Adding multiple names to name tag, this is not OK! name = "Framgardsseteren;Ålmoseteren"
utility_to_osm - WARNING - ssr:stedsnr = 134614 has multiple (2) positions, using the first one!
utility_to_osm - WARNING - ssr:stedsnr = 134616: No priority spelling found for lang = no, using alt_name to get "[('no', 'Viemtjønnin')]"
utility_to_osm - WARNING - ssr:stedsnr = 134616 has multiple (2) positions, using the first one!
utility_to_osm - WARNING - ssr:stedsnr = 134913 has multiple (2) positions, using the first one!
utility_to_osm - WARNING - ssr:stedsnr = 134957: No priority spelling found for lang = no, using alt_name to get "[('no', 'Flåtjønnlia')]"
utility_to_osm - WARNING - ssr:stedsnr = 134957 has multiple (6) positions, using the first one!
utility_to_osm - WARNING - ssr:stedsnr = 134963: No priority spelling found for lang = no, using alt_name to get "[('no', 'Breiviktangen')]"
utility_to_osm - WARNING - ssr:stedsnr = 135305: No priority spelling found for lang = no, using alt_name to get "[('no', 'Holsinglia')]"
utility_to_osm - WARNING - ssr:stedsnr = 135305 has multiple (2) positions, using the first one!
utility_to_osm - WARNING - ssr:stedsnr = 135261: No priority spelling found for lang = no, using alt_name to get "[('no', 'Høvlan')]"
utility_to_osm - WARNING - ssr:stedsnr = 135264: No priority spelling found for lang = no, using alt_name to get "[('no', 'Gamstugguhaugan')]"
utility_to_osm - WARNING - ssr:stedsnr = 135264 has multiple (2) positions, using the first one!
utility_to_osm - WARNING - ssr:stedsnr = 135269 has multiple (3) positions, using the first one!
utility_to_osm - WARNING - ssr:stedsnr = 135270 has multiple (2) positions, using the first one!
utility_to_osm - WARNING - ssr:stedsnr = 135406: No priority spelling found for lang = no, using alt_name to get "[('no', 'Storrønningsbekken')]"
utility_to_osm - WARNING - ssr:stedsnr = 135406 has multiple (5) positions, using the first one!
utility_to_osm - WARNING - ssr:stedsnr = 135563: No priority spelling found for lang = no, using alt_name to get "[('no', 'Frostlitjønna')]"
utility_to_osm - WARNING - ssr:stedsnr = 135563 has multiple (2) positions, using the first one!
utility_to_osm - WARNING - ssr:stedsnr = 135606: No priority spelling found for lang = no, using alt_name to get "[('no', 'Middagstjønna')]"
utility_to_osm - WARNING - ssr:stedsnr = 135606 has multiple (2) positions, using the first one!
utility_to_osm - WARNING - ssr:stedsnr = 135608: No priority spelling found for lang = no, using alt_name to get "[('no', 'Drevsjøfiskløysa')]"
utility_to_osm - WARNING - ssr:stedsnr = 135608 has multiple (2) positions, using the first one!
utility_to_osm - WARNING - ssr:stedsnr = 135964 has multiple (3) positions, using the first one!
utility_to_osm - WARNING - ssr:stedsnr = 135974 has multiple (4) positions, using the first one!
utility_to_osm - WARNING - ssr:stedsnr = 135975: No priority spelling found for lang = no, using alt_name to get "[('no', 'Holdersmoen')]"
utility_to_osm - WARNING - ssr:stedsnr = 135975 has multiple (3) positions, using the first one!
utility_to_osm - WARNING - ssr:stedsnr = 135990: No priority spelling found for lang = no, using alt_name to get "[('no', 'Kløvslættet')]"
utility_to_osm - WARNING - ssr:stedsnr = 135990 has multiple (2) positions, using the first one!
utility_to_osm - WARNING - ssr:stedsnr = 142284: No priority spelling found for lang = no, using alt_name to get "[('no', 'Åsvollhøgda')]"
utility_to_osm - WARNING - ssr:stedsnr = 147167 has multiple (3) positions, using the first one!
utility_to_osm - WARNING - ssr:stedsnr = 148175: No priority spelling found for lang = no, using alt_name to get "[('no', 'Kvennsjøfloget')]"
utility_to_osm - WARNING - ssr:stedsnr = 148175 has multiple (3) positions, using the first one!
utility_to_osm - WARNING - ssr:stedsnr = 256278: No priority spelling found for lang = no, using alt_name to get "[('no', 'Nordslættjønna')]"
utility_to_osm - WARNING - ssr:stedsnr = 256278 has multiple (2) positions, using the first one!
utility_to_osm - WARNING - ssr:stedsnr = 256251 has multiple (2) positions, using the first one!
utility_to_osm - WARNING - ssr:stedsnr = 256252 has multiple (3) positions, using the first one!
utility_to_osm - WARNING - ssr:stedsnr = 256256: No priority spelling found for lang = no, using alt_name to get "[('no', 'Hannalitjønna')]"
utility_to_osm - WARNING - ssr:stedsnr = 256256 has multiple (2) positions, using the first one!
utility_to_osm - WARNING - ssr:stedsnr = 256287: No priority spelling found for lang = no, using alt_name to get "[('no', 'Bukktjønna')]"
utility_to_osm - WARNING - ssr:stedsnr = 256287 has multiple (2) positions, using the first one!
utility_to_osm - WARNING - ssr:stedsnr = 256289: No priority spelling found for lang = no, using alt_name to get "[('no', 'Stugguneset')]"
utility_to_osm - WARNING - ssr:stedsnr = 256289 has multiple (2) positions, using the first one!
utility_to_osm - WARNING - ssr:stedsnr = 256373: No priority spelling found for lang = no, using alt_name to get "[('no', 'Trollsvasselva')]"
utility_to_osm - WARNING - ssr:stedsnr = 256373 has multiple (5) positions, using the first one!
utility_to_osm - WARNING - ssr:stedsnr = 256387 has multiple (2) positions, using the first one!
utility_to_osm - WARNING - ssr:stedsnr = 256393: No priority spelling found for lang = no, using alt_name to get "[('no', 'Snorronfjellet')]"
utility_to_osm - WARNING - ssr:stedsnr = 256393 has multiple (5) positions, using the first one!
utility_to_osm - WARNING - ssr:stedsnr = 256395: No priority spelling found for lang = no, using alt_name to get "[('no', 'Plutten')]"
utility_to_osm - WARNING - ssr:stedsnr = 256395 has multiple (6) positions, using the first one!
utility_to_osm - WARNING - ssr:stedsnr = 256451 has multiple (2) positions, using the first one!
utility_to_osm - WARNING - ssr:stedsnr = 256484 has multiple (2) positions, using the first one!
utility_to_osm - WARNING - ssr:stedsnr = 150575 has multiple (6) positions, using the first one!
utility_to_osm - WARNING - ssr:stedsnr = 256326: No priority spelling found for lang = no, using alt_name to get "[('no', 'Mollanseteren')]"
utility_to_osm - WARNING - ssr:stedsnr = 256326 has multiple (3) positions, using the first one!
utility_to_osm - WARNING - ssr:stedsnr = 256331: No priority spelling found for lang = no, using alt_name to get "[('no', 'Viosen')]"
utility_to_osm - WARNING - ssr:stedsnr = 256331 has multiple (2) positions, using the first one!
utility_to_osm - WARNING - ssr:stedsnr = 256531 has multiple (3) positions, using the first one!
utility_to_osm - WARNING - ssr:stedsnr = 256535: No priority spelling found for lang = no, using alt_name to get "[('sma', 'Raastemasten'), ('no', 'Rasmusfjellet')]"
utility_to_osm - WARNING - ssr:stedsnr = 256535 has multiple (2) positions, using the first one!
utility_to_osm - WARNING - ssr:stedsnr = 256550 has multiple (3) positions, using the first one!
utility_to_osm - WARNING - ssr:stedsnr = 256555 has multiple (4) positions, using the first one!
utility_to_osm - WARNING - ssr:stedsnr = 256636 has multiple (2) positions, using the first one!
utility_to_osm - WARNING - ssr:stedsnr = 256593: No priority spelling found for lang = no, using alt_name to get "[('no', 'Midtre Gåstjønna')]"
utility_to_osm - WARNING - ssr:stedsnr = 256593 has multiple (2) positions, using the first one!
utility_to_osm - WARNING - ssr:stedsnr = 256597: No priority spelling found for lang = no, using alt_name to get "[('no', 'Øvre Snøtjønna')]"
utility_to_osm - WARNING - ssr:stedsnr = 256597 has multiple (2) positions, using the first one!
utility_to_osm - WARNING - ssr:stedsnr = 256687 has multiple (2) positions, using the first one!
utility_to_osm - WARNING - ssr:stedsnr = 256693: No priority spelling found for lang = no, using alt_name to get "[('no', 'Tjønnhaugen')]"
utility_to_osm - WARNING - ssr:stedsnr = 256693 has multiple (3) positions, using the first one!
utility_to_osm - WARNING - ssr:stedsnr = 256697: No priority spelling found for lang = no, using alt_name to get "[('no', 'Movasseteren')]"
utility_to_osm - WARNING - ssr:stedsnr = 256697 has multiple (3) positions, using the first one!
utility_to_osm - WARNING - ssr:stedsnr = 256701: No priority spelling found for lang = no, using alt_name to get "[('no', 'Engesfiskløysa')]"
utility_to_osm - WARNING - ssr:stedsnr = 256701 has multiple (4) positions, using the first one!
utility_to_osm - WARNING - ssr:stedsnr = 256851 has multiple (2) positions, using the first one!
utility_to_osm - WARNING - ssr:stedsnr = 256854: No priority spelling found for lang = no, using alt_name to get "[('no', 'Grøntjønna')]"
utility_to_osm - WARNING - ssr:stedsnr = 256854 has multiple (4) positions, using the first one!
utility_to_osm - WARNING - ssr:stedsnr = 256706 has multiple (2) positions, using the first one!
utility_to_osm - WARNING - ssr:stedsnr = 256708 has multiple (2) positions, using the first one!
utility_to_osm - WARNING - ssr:stedsnr = 256721 has multiple (2) positions, using the first one!
utility_to_osm - WARNING - ssr:stedsnr = 256917: No priority spelling found for lang = no, using alt_name to get "[('no', 'Seisjøseteren')]"
utility_to_osm - WARNING - ssr:stedsnr = 256917 has multiple (3) positions, using the first one!
utility_to_osm - WARNING - ssr:stedsnr = 256918 has multiple (4) positions, using the first one!
utility_to_osm - WARNING - ssr:stedsnr = 256889 has multiple (2) positions, using the first one!
utility_to_osm - WARNING - ssr:stedsnr = 256976: No priority spelling found for lang = no, using alt_name to get "[('no', 'Svennstormyra')]"
utility_to_osm - WARNING - ssr:stedsnr = 256976 has multiple (3) positions, using the first one!
utility_to_osm - WARNING - ssr:stedsnr = 256977 has multiple (3) positions, using the first one!
utility_to_osm - WARNING - ssr:stedsnr = 256982 has multiple (2) positions, using the first one!
utility_to_osm - WARNING - ssr:stedsnr = 256987: No priority spelling found for lang = no, using alt_name to get "[('no', 'Søre Stokktjønna')]"
utility_to_osm - WARNING - ssr:stedsnr = 256987 has multiple (3) positions, using the first one!
utility_to_osm - WARNING - ssr:stedsnr = 256990: No priority spelling found for lang = no, using alt_name to get "[('no', 'Rørtjønnflyan')]"
utility_to_osm - WARNING - ssr:stedsnr = 256990 has multiple (2) positions, using the first one!
utility_to_osm - WARNING - ssr:stedsnr = 256992: No priority spelling found for lang = no, using alt_name to get "[('no', 'Rørtjønnvalen')]"
utility_to_osm - WARNING - ssr:stedsnr = 256992 has multiple (4) positions, using the first one!
utility_to_osm - WARNING - ssr:stedsnr = 257300: No priority spelling found for lang = no, using alt_name to get "[('no', 'Hongslætthaugen')]"
utility_to_osm - WARNING - ssr:stedsnr = 257300 has multiple (2) positions, using the first one!
utility_to_osm - WARNING - ssr:stedsnr = 257414 has multiple (2) positions, using the first one!
utility_to_osm - WARNING - ssr:stedsnr = 257416 has multiple (2) positions, using the first one!
utility_to_osm - WARNING - ssr:stedsnr = 257417: No priority spelling found for lang = no, using alt_name to get "[('no', 'Omlia')]"
utility_to_osm - WARNING - ssr:stedsnr = 257417 has multiple (3) positions, using the first one!
utility_to_osm - WARNING - ssr:stedsnr = 257418: No priority spelling found for lang = no, using alt_name to get "[('no', 'Vikkjilsmoen')]"
utility_to_osm - WARNING - ssr:stedsnr = 257418 has multiple (3) positions, using the first one!
utility_to_osm - WARNING - ssr:stedsnr = 257427 has multiple (2) positions, using the first one!
utility_to_osm - WARNING - ssr:stedsnr = 257438 has multiple (2) positions, using the first one!
utility_to_osm - WARNING - ssr:stedsnr = 257446 has multiple (2) positions, using the first one!
utility_to_osm - WARNING - ssr:stedsnr = 257563: No priority spelling found for lang = no, using alt_name to get "[('no', 'Vargtjønnhaugen')]"
utility_to_osm - WARNING - ssr:stedsnr = 257568: No priority spelling found for lang = no, using alt_name to get "[('no', 'Tortåsseteren')]"
utility_to_osm - WARNING - ssr:stedsnr = 257568 has multiple (3) positions, using the first one!
utility_to_osm - WARNING - ssr:stedsnr = 257587: No priority spelling found for lang = no, using alt_name to get "[('no', 'Dælifjellet')]"
utility_to_osm - WARNING - ssr:stedsnr = 257587 has multiple (3) positions, using the first one!
utility_to_osm - WARNING - ssr:stedsnr = 257590 has multiple (4) positions, using the first one!
utility_to_osm - ERROR - ssr:stedsnr = 257596: Adding multiple names to name tag, this is not OK! name = "Imsdalsmyra;Berntslettet"
utility_to_osm - WARNING - ssr:stedsnr = 257596 has multiple (2) positions, using the first one!
utility_to_osm - WARNING - ssr:stedsnr = 257807: No priority spelling found for lang = no, using alt_name to get "[('no', 'Seteråsen')]"
utility_to_osm - WARNING - ssr:stedsnr = 257807 has multiple (2) positions, using the first one!
utility_to_osm - WARNING - ssr:stedsnr = 257937: No priority spelling found for lang = no, using alt_name to get "[('no', 'Skardtjønna')]"
utility_to_osm - WARNING - ssr:stedsnr = 257937 has multiple (2) positions, using the first one!
utility_to_osm - WARNING - ssr:stedsnr = 257943: No priority spelling found for lang = no, using alt_name to get "[('no', 'Storlangtjønna')]"
utility_to_osm - WARNING - ssr:stedsnr = 257943 has multiple (2) positions, using the first one!
utility_to_osm - WARNING - ssr:stedsnr = 257944: No priority spelling found for lang = no, using alt_name to get "[('no', 'Nordre Molitjønna')]"
utility_to_osm - WARNING - ssr:stedsnr = 257944 has multiple (4) positions, using the first one!
utility_to_osm - WARNING - ssr:stedsnr = 257946: No priority spelling found for lang = no, using alt_name to get "[('no', 'Presttjønna')]"
utility_to_osm - WARNING - ssr:stedsnr = 257946 has multiple (3) positions, using the first one!
utility_to_osm - WARNING - ssr:stedsnr = 257947: No priority spelling found for lang = no, using alt_name to get "[('no', 'Hauktjønna')]"
utility_to_osm - WARNING - ssr:stedsnr = 257947 has multiple (2) positions, using the first one!
utility_to_osm - WARNING - ssr:stedsnr = 170019 has multiple (3) positions, using the first one!
utility_to_osm - WARNING - ssr:stedsnr = 263738: No priority spelling found for lang = sma, using alt_name to get "[('sma', 'Bierneloebpelh')]"
utility_to_osm - WARNING - ssr:stedsnr = 263738 has multiple (3) positions, using the first one!
utility_to_osm - WARNING - ssr:stedsnr = 263819: No priority spelling found for lang = sma, using alt_name to get "[('sma', 'Buvrie')]"
utility_to_osm - WARNING - ssr:stedsnr = 263819 has multiple (2) positions, using the first one!
utility_to_osm - WARNING - ssr:stedsnr = 264626: No priority spelling found for lang = no, using alt_name to get "[('no', 'Smørholet')]"
utility_to_osm - WARNING - ssr:stedsnr = 264626 has multiple (3) positions, using the first one!
utility_to_osm - WARNING - ssr:stedsnr = 195682: No priority spelling found for lang = no, using alt_name to get "[('sma', 'Skæhkerenjaevrie'), ('no', 'Skjækervatnet')]"
utility_to_osm - WARNING - ssr:stedsnr = 195682 has multiple (7) positions, using the first one!
utility_to_osm - WARNING - ssr:stedsnr = 196280: No priority spelling found for lang = no, using alt_name to get "[('no', 'Øystertjønna')]"
utility_to_osm - WARNING - ssr:stedsnr = 196280 has multiple (2) positions, using the first one!
utility_to_osm - WARNING - ssr:stedsnr = 196405: No priority spelling found for lang = no, using alt_name to get "[('no', 'Hårrådrolet')]"
utility_to_osm - WARNING - ssr:stedsnr = 196405 has multiple (2) positions, using the first one!
utility_to_osm - WARNING - ssr:stedsnr = 196406: No priority spelling found for lang = no, using alt_name to get "[('no', 'Bjørtjønnhøgda')]"
utility_to_osm - WARNING - ssr:stedsnr = 196406 has multiple (3) positions, using the first one!
utility_to_osm - WARNING - ssr:stedsnr = 196411: No priority spelling found for lang = no, using alt_name to get "[('no', 'Lonmyran')]"
utility_to_osm - WARNING - ssr:stedsnr = 196411 has multiple (3) positions, using the first one!
utility_to_osm - WARNING - ssr:stedsnr = 196382 has multiple (2) positions, using the first one!
utility_to_osm - WARNING - ssr:stedsnr = 196385: No priority spelling found for lang = no, using alt_name to get "[('no', 'Bøgsetseteren')]"
utility_to_osm - WARNING - ssr:stedsnr = 196385 has multiple (3) positions, using the first one!
utility_to_osm - WARNING - ssr:stedsnr = 196523 has multiple (2) positions, using the first one!
utility_to_osm - WARNING - ssr:stedsnr = 196829 has multiple (2) positions, using the first one!
utility_to_osm - WARNING - ssr:stedsnr = 196566: No priority spelling found for lang = no, using alt_name to get "[('no', 'Roktsjøseteren')]"
utility_to_osm - WARNING - ssr:stedsnr = 196566 has multiple (3) positions, using the first one!
utility_to_osm - WARNING - ssr:stedsnr = 196705: No priority spelling found for lang = no, using alt_name to get "[('no', 'Vestvika')]"
utility_to_osm - WARNING - ssr:stedsnr = 196705 has multiple (3) positions, using the first one!
utility_to_osm - ERROR - ssr:stedsnr = 196707: Adding multiple names to name tag, this is not OK! name = "Lauva;Talgbekken"
utility_to_osm - WARNING - ssr:stedsnr = 196707 has multiple (7) positions, using the first one!
utility_to_osm - WARNING - ssr:stedsnr = 196715: No priority spelling found for lang = no, using alt_name to get "[('no', 'Grubbtjønna')]"
utility_to_osm - WARNING - ssr:stedsnr = 196715 has multiple (3) positions, using the first one!
utility_to_osm - WARNING - ssr:stedsnr = 196716: No priority spelling found for lang = no, using alt_name to get "[('no', 'Gråhaugtjønna')]"
utility_to_osm - WARNING - ssr:stedsnr = 196716 has multiple (3) positions, using the first one!
utility_to_osm - WARNING - ssr:stedsnr = 196718: No priority spelling found for lang = no, using alt_name to get "[('no', 'Setertjønnin')]"
utility_to_osm - WARNING - ssr:stedsnr = 196718 has multiple (2) positions, using the first one!
utility_to_osm - WARNING - ssr:stedsnr = 196720 has multiple (3) positions, using the first one!
utility_to_osm - WARNING - ssr:stedsnr = 196757 has multiple (3) positions, using the first one!
utility_to_osm - WARNING - ssr:stedsnr = 196765: No priority spelling found for lang = no, using alt_name to get "[('no', 'Litlrørtjønna')]"
utility_to_osm - WARNING - ssr:stedsnr = 196765 has multiple (3) positions, using the first one!
utility_to_osm - WARNING - ssr:stedsnr = 196766: No priority spelling found for lang = no, using alt_name to get "[('no', 'Raudfjellslættet')]"
utility_to_osm - WARNING - ssr:stedsnr = 196766 has multiple (3) positions, using the first one!
utility_to_osm - WARNING - ssr:stedsnr = 196907 has multiple (2) positions, using the first one!
utility_to_osm - WARNING - ssr:stedsnr = 196976 has multiple (2) positions, using the first one!
utility_to_osm - WARNING - ssr:stedsnr = 203033: No priority spelling found for lang = no, using alt_name to get "[('no', 'Litltjønna')]"
utility_to_osm - WARNING - ssr:stedsnr = 203888: No priority spelling found for lang = no, using alt_name to get "[('no', 'Nordre Gauptjønnaksla')]"
utility_to_osm - WARNING - ssr:stedsnr = 203888: No priority spelling found for lang = no, using alt_name to get "[('sma', 'Noerhtegaejsie'), ('sma', 'Raavnejegaejsie'), ('no', 'Nordre Gauptjønnaksla')]"
utility_to_osm - ERROR - ssr:stedsnr = 203888: Adding multiple names to name tag, this is not OK! name = "Noerhtegaejsie;Raavnejegaejsie"
utility_to_osm - WARNING - ssr:stedsnr = 203888 has multiple (7) positions, using the first one!
utility_to_osm - ERROR - ssr:stedsnr = 269193: Adding multiple names to name tag, this is not OK! name = "Sør-Medjåsseteren;Medjåsseteren"
utility_to_osm - WARNING - ssr:stedsnr = 269193 has multiple (2) positions, using the first one!
utility_to_osm - WARNING - ssr:stedsnr = 269958 has multiple (2) positions, using the first one!
utility_to_osm - WARNING - ssr:stedsnr = 230032 has multiple (2) positions, using the first one!
utility_to_osm - WARNING - ssr:stedsnr = 231209: No priority spelling found for lang = no, using alt_name to get "[('no', 'Stigåneset')]"
utility_to_osm - WARNING - ssr:stedsnr = 233605: No priority spelling found for lang = no, using alt_name to get "[('no', 'Dettfosstjønnin')]"
utility_to_osm - WARNING - ssr:stedsnr = 233605 has multiple (2) positions, using the first one!
utility_to_osm - WARNING - ssr:stedsnr = 451234 has multiple (2) positions, using the first one!
utility_to_osm - WARNING - ssr:stedsnr = 451191 has multiple (2) positions, using the first one!
utility_to_osm - WARNING - ssr:stedsnr = 242327: No priority spelling found for lang = no, using alt_name to get "[('no', 'Tjennaråsen')]"
utility_to_osm - WARNING - ssr:stedsnr = 453981 has multiple (2) positions, using the first one!
utility_to_osm - WARNING - ssr:stedsnr = 256223: No priority spelling found for lang = no, using alt_name to get "[('no', 'Gauptjønnseteren')]"
utility_to_osm - WARNING - ssr:stedsnr = 256223 has multiple (2) positions, using the first one!
utility_to_osm - WARNING - ssr:stedsnr = 256364 has multiple (2) positions, using the first one!
utility_to_osm - WARNING - ssr:stedsnr = 256365 has multiple (2) positions, using the first one!
utility_to_osm - WARNING - ssr:stedsnr = 256369: No priority spelling found for lang = no, using alt_name to get "[('no', 'Svarvaseteren')]"
utility_to_osm - WARNING - ssr:stedsnr = 256369 has multiple (3) positions, using the first one!
utility_to_osm - WARNING - ssr:stedsnr = 256406 has multiple (2) positions, using the first one!
utility_to_osm - WARNING - ssr:stedsnr = 256465: No priority spelling found for lang = no, using alt_name to get "[('no', 'Øystre Holemsseteren')]"
utility_to_osm - WARNING - ssr:stedsnr = 256575 has multiple (7) positions, using the first one!
utility_to_osm - WARNING - ssr:stedsnr = 256704 has multiple (2) positions, using the first one!
utility_to_osm - WARNING - ssr:stedsnr = 256874: No priority spelling found for lang = no, using alt_name to get "[('no', 'Køyslætthøgda')]"
utility_to_osm - WARNING - ssr:stedsnr = 256874 has multiple (2) positions, using the first one!
utility_to_osm - WARNING - ssr:stedsnr = 256902 has multiple (4) positions, using the first one!
utility_to_osm - WARNING - ssr:stedsnr = 256911 has multiple (4) positions, using the first one!
utility_to_osm - WARNING - ssr:stedsnr = 256972: No priority spelling found for lang = no, using alt_name to get "[('no', 'Litlhallartjønna')]"
utility_to_osm - WARNING - ssr:stedsnr = 256972 has multiple (3) positions, using the first one!
utility_to_osm - WARNING - ssr:stedsnr = 257310 has multiple (2) positions, using the first one!
utility_to_osm - WARNING - ssr:stedsnr = 257311 has multiple (3) positions, using the first one!
utility_to_osm - WARNING - ssr:stedsnr = 257312: No priority spelling found for lang = no, using alt_name to get "[('no', 'Omliseteren')]"
utility_to_osm - WARNING - ssr:stedsnr = 257312 has multiple (2) positions, using the first one!
utility_to_osm - WARNING - ssr:stedsnr = 257471: No priority spelling found for lang = no, using alt_name to get "[('no', 'Austvikseteren')]"
utility_to_osm - WARNING - ssr:stedsnr = 257471 has multiple (3) positions, using the first one!
utility_to_osm - WARNING - ssr:stedsnr = 263310: No priority spelling found for lang = no, using alt_name to get "[('no', 'Holbekkmyra')]"
utility_to_osm - WARNING - ssr:stedsnr = 263313: No priority spelling found for lang = no, using alt_name to get "[('no', 'Finnkøylia')]"
utility_to_osm - WARNING - ssr:stedsnr = 263313 has multiple (2) positions, using the first one!
utility_to_osm - WARNING - ssr:stedsnr = 263315: No priority spelling found for lang = no, using alt_name to get "[('no', 'Oletjønna')]"
utility_to_osm - WARNING - ssr:stedsnr = 272389: No priority spelling found for lang = no, using alt_name to get "[('no', 'Krossgarden')]"
utility_to_osm - WARNING - ssr:stedsnr = 285214: No priority spelling found for lang = no, using alt_name to get "[('no', 'Holsing')]"
utility_to_osm - WARNING - ssr:stedsnr = 464233: No priority spelling found for lang = no, using alt_name to get "[('no', 'Blåfjella - Skjækerfjella nasjonalpark')]"
utility_to_osm - WARNING - ssr:stedsnr = 464233: No priority spelling found for lang = no, using alt_name to get "[('sma', 'Låarte - Skæhkere vaarjelimmiedajve'), ('no', 'Blåfjella - Skjækerfjella nasjonalpark')]"
utility_to_osm - WARNING - ssr:stedsnr = 464233 has multiple (2) positions, using the first one!
utility_to_osm - WARNING - ssr:stedsnr = 317392: No priority spelling found for lang = no, using alt_name to get "[('no', 'Rangstjønnhøgda')]"
utility_to_osm - WARNING - ssr:stedsnr = 317392 has multiple (4) positions, using the first one!
utility_to_osm - WARNING - ssr:stedsnr = 317393 has multiple (3) positions, using the first one!
utility_to_osm - WARNING - ssr:stedsnr = 317395: No priority spelling found for lang = no, using alt_name to get "[('no', 'Embrikthølen')]"
utility_to_osm - WARNING - ssr:stedsnr = 317395 has multiple (2) positions, using the first one!
utility_to_osm - WARNING - ssr:stedsnr = 317399 has multiple (4) positions, using the first one!
utility_to_osm - WARNING - ssr:stedsnr = 317345: No priority spelling found for lang = no, using alt_name to get "[('no', 'Bukkultjønna')]"
utility_to_osm - WARNING - ssr:stedsnr = 317345 has multiple (3) positions, using the first one!
utility_to_osm - WARNING - ssr:stedsnr = 317512 has multiple (3) positions, using the first one!
utility_to_osm - WARNING - ssr:stedsnr = 317543 has multiple (5) positions, using the first one!
utility_to_osm - WARNING - ssr:stedsnr = 317544: No priority spelling found for lang = no, using alt_name to get "[('no', 'Landskoro')]"
utility_to_osm - WARNING - ssr:stedsnr = 317544 has multiple (3) positions, using the first one!
utility_to_osm - WARNING - ssr:stedsnr = 317494: No priority spelling found for lang = no, using alt_name to get "[('no', 'Svarttjønna')]"
utility_to_osm - WARNING - ssr:stedsnr = 317494 has multiple (3) positions, using the first one!
utility_to_osm - WARNING - ssr:stedsnr = 317605 has multiple (8) positions, using the first one!
utility_to_osm - WARNING - ssr:stedsnr = 317612 has multiple (3) positions, using the first one!
utility_to_osm - WARNING - ssr:stedsnr = 317703: No priority spelling found for lang = no, using alt_name to get "[('no', 'Holdersseteren')]"
utility_to_osm - WARNING - ssr:stedsnr = 317705 has multiple (3) positions, using the first one!
utility_to_osm - WARNING - ssr:stedsnr = 317706 has multiple (3) positions, using the first one!
utility_to_osm - WARNING - ssr:stedsnr = 317906 has multiple (3) positions, using the first one!
utility_to_osm - WARNING - ssr:stedsnr = 317915: No priority spelling found for lang = no, using alt_name to get "[('no', 'Gåstjønna')]"
utility_to_osm - WARNING - ssr:stedsnr = 317915 has multiple (3) positions, using the first one!
utility_to_osm - WARNING - ssr:stedsnr = 317927: No priority spelling found for lang = no, using alt_name to get "[('no', 'Seterlibekken')]"
utility_to_osm - WARNING - ssr:stedsnr = 317927 has multiple (3) positions, using the first one!
utility_to_osm - WARNING - ssr:stedsnr = 317996 has multiple (3) positions, using the first one!
utility_to_osm - WARNING - ssr:stedsnr = 318000 has multiple (2) positions, using the first one!
utility_to_osm - WARNING - ssr:stedsnr = 324306: No priority spelling found for lang = no, using alt_name to get "[('no', 'Krasiklumptjønna')]"
utility_to_osm - WARNING - ssr:stedsnr = 324306 has multiple (2) positions, using the first one!
utility_to_osm - WARNING - ssr:stedsnr = 472376 has multiple (2) positions, using the first one!
utility_to_osm - WARNING - ssr:stedsnr = 352561 has multiple (2) positions, using the first one!
utility_to_osm - WARNING - ssr:stedsnr = 474951 has multiple (6) positions, using the first one!
utility_to_osm - WARNING - ssr:stedsnr = 363710: No priority spelling found for lang = no, using alt_name to get "[('no', 'Gåsmoen')]"
utility_to_osm - WARNING - ssr:stedsnr = 378383 has multiple (2) positions, using the first one!
utility_to_osm - WARNING - ssr:stedsnr = 378274 has multiple (3) positions, using the first one!
utility_to_osm - WARNING - ssr:stedsnr = 378723 has multiple (2) positions, using the first one!
utility_to_osm - WARNING - ssr:stedsnr = 378776 has multiple (2) positions, using the first one!
utility_to_osm - WARNING - ssr:stedsnr = 378781 has multiple (3) positions, using the first one!
utility_to_osm - WARNING - ssr:stedsnr = 378802 has multiple (3) positions, using the first one!
utility_to_osm - WARNING - ssr:stedsnr = 378863 has multiple (3) positions, using the first one!
utility_to_osm - WARNING - ssr:stedsnr = 384297: No priority spelling found for lang = no, using alt_name to get "[('no', 'Elenvollen')]"
utility_to_osm - WARNING - ssr:stedsnr = 390340 has multiple (5) positions, using the first one!
utility_to_osm - WARNING - ssr:stedsnr = 485642: No priority spelling found for lang = no, using alt_name to get "[('no', 'Eggen')]"
utility_to_osm - WARNING - ssr:stedsnr = 413288: No priority spelling found for lang = no, using alt_name to get "[('no', 'Gomolia')]"
utility_to_osm - WARNING - ssr:stedsnr = 438248: No priority spelling found for lang = no, using alt_name to get "[('no', 'Trettjønna')]"
utility_to_osm - WARNING - ssr:stedsnr = 438248 has multiple (3) positions, using the first one!
utility_to_osm - WARNING - ssr:stedsnr = 438250: No priority spelling found for lang = no, using alt_name to get "[('no', 'Engaseteren')]"
utility_to_osm - WARNING - ssr:stedsnr = 438250 has multiple (3) positions, using the first one!
utility_to_osm - WARNING - ssr:stedsnr = 438360: No priority spelling found for lang = no, using alt_name to get "[('no', 'Støvraseteren')]"
utility_to_osm - WARNING - ssr:stedsnr = 438360 has multiple (3) positions, using the first one!
utility_to_osm - WARNING - ssr:stedsnr = 438371: No priority spelling found for lang = no, using alt_name to get "[('no', 'Hammerseteren')]"
utility_to_osm - WARNING - ssr:stedsnr = 438371 has multiple (3) positions, using the first one!
utility_to_osm - WARNING - ssr:stedsnr = 438372 has multiple (2) positions, using the first one!
utility_to_osm - WARNING - ssr:stedsnr = 438380 has multiple (3) positions, using the first one!
utility_to_osm - WARNING - ssr:stedsnr = 438467 has multiple (3) positions, using the first one!
utility_to_osm - WARNING - ssr:stedsnr = 438549 has multiple (2) positions, using the first one!
utility_to_osm - WARNING - ssr:stedsnr = 438550 has multiple (2) positions, using the first one!
utility_to_osm - WARNING - ssr:stedsnr = 438556: No priority spelling found for lang = no, using alt_name to get "[('no', 'Såtjønna')]"
utility_to_osm - WARNING - ssr:stedsnr = 438556 has multiple (3) positions, using the first one!
utility_to_osm - WARNING - ssr:stedsnr = 438557: No priority spelling found for lang = no, using alt_name to get "[('no', 'Kleivsandseteren')]"
utility_to_osm - WARNING - ssr:stedsnr = 438557 has multiple (3) positions, using the first one!
utility_to_osm - WARNING - ssr:stedsnr = 438559 has multiple (7) positions, using the first one!
utility_to_osm - WARNING - ssr:stedsnr = 438562 has multiple (3) positions, using the first one!
utility_to_osm - WARNING - ssr:stedsnr = 438567 has multiple (2) positions, using the first one!
utility_to_osm - WARNING - ssr:stedsnr = 438598: No priority spelling found for lang = no, using alt_name to get "[('no', 'Jørstadsetran')]"
utility_to_osm - WARNING - ssr:stedsnr = 438598 has multiple (3) positions, using the first one!
utility_to_osm - WARNING - ssr:stedsnr = 438702: No priority spelling found for lang = no, using alt_name to get "[('no', 'Øystre Bergsmoen')]"
utility_to_osm - WARNING - ssr:stedsnr = 438702 has multiple (3) positions, using the first one!
utility_to_osm - WARNING - ssr:stedsnr = 438704: No priority spelling found for lang = no, using alt_name to get "[('no', 'Øvre Sørbygda')]"
utility_to_osm - WARNING - ssr:stedsnr = 438699: No priority spelling found for lang = no, using alt_name to get "[('sma', 'Snåase'), ('no', 'Snåsa')]"
utility_to_osm - WARNING - ssr:stedsnr = 438699 has multiple (3) positions, using the first one!
utility_to_osm - ERROR - ssr:stedsnr = 439258: Adding multiple names to name tag, this is not OK! name = "Andorsjøhaugen;Storhaugen"
utility_to_osm - WARNING - ssr:stedsnr = 439258 has multiple (3) positions, using the first one!
utility_to_osm - WARNING - ssr:stedsnr = 439505 has multiple (9) positions, using the first one!
utility_to_osm - WARNING - ssr:stedsnr = 439915 has multiple (3) positions, using the first one!
utility_to_osm - WARNING - ssr:stedsnr = 439922 has multiple (2) positions, using the first one!
utility_to_osm - WARNING - ssr:stedsnr = 473267 has multiple (2) positions, using the first one!
utility_to_osm - WARNING - ssr:stedsnr = 485299 has multiple (2) positions, using the first one!
utility_to_osm - WARNING - ssr:stedsnr = 681324 has multiple (6) positions, using the first one!
utility_to_osm - WARNING - ssr:stedsnr = 681278 has multiple (7) positions, using the first one!
utility_to_osm - WARNING - ssr:stedsnr = 681243 has multiple (3) positions, using the first one!
utility_to_osm - WARNING - ssr:stedsnr = 681244: No priority spelling found for lang = no, using alt_name to get "[('no', 'Nyseteren')]"
utility_to_osm - WARNING - ssr:stedsnr = 681244 has multiple (2) positions, using the first one!
utility_to_osm - WARNING - ssr:stedsnr = 681245 has multiple (3) positions, using the first one!
utility_to_osm - WARNING - ssr:stedsnr = 681254 has multiple (4) positions, using the first one!
utility_to_osm - WARNING - ssr:stedsnr = 681427: No priority spelling found for lang = no, using alt_name to get "[('no', 'Koltjønna')]"
utility_to_osm - WARNING - ssr:stedsnr = 681427 has multiple (3) positions, using the first one!
utility_to_osm - WARNING - ssr:stedsnr = 681431: No priority spelling found for lang = no, using alt_name to get "[('no', 'Flåtjønna')]"
utility_to_osm - WARNING - ssr:stedsnr = 681431 has multiple (5) positions, using the first one!
utility_to_osm - WARNING - ssr:stedsnr = 681282: No priority spelling found for lang = no, using alt_name to get "[('no', 'Grisbakfjella')]"
utility_to_osm - WARNING - ssr:stedsnr = 681282 has multiple (6) positions, using the first one!
utility_to_osm - WARNING - ssr:stedsnr = 681283 has multiple (2) positions, using the first one!
utility_to_osm - WARNING - ssr:stedsnr = 681285: No priority spelling found for lang = no, using alt_name to get "[('no', 'Vestre Bukvassfjellet')]"
utility_to_osm - WARNING - ssr:stedsnr = 681285 has multiple (4) positions, using the first one!
utility_to_osm - WARNING - ssr:stedsnr = 681290: No priority spelling found for lang = sma, using alt_name to get "[('no', 'Vestre Brandsfjellet'), ('sma', 'Gilmetje')]"
utility_to_osm - WARNING - ssr:stedsnr = 681290 has multiple (4) positions, using the first one!
utility_to_osm - WARNING - ssr:stedsnr = 681297 has multiple (7) positions, using the first one!
utility_to_osm - WARNING - ssr:stedsnr = 681382 has multiple (2) positions, using the first one!
utility_to_osm - WARNING - ssr:stedsnr = 681390 has multiple (3) positions, using the first one!
utility_to_osm - WARNING - ssr:stedsnr = 681341 has multiple (7) positions, using the first one!
utility_to_osm - WARNING - ssr:stedsnr = 499207: No priority spelling found for lang = no, using alt_name to get "[('no', 'Litlelva')]"
utility_to_osm - WARNING - ssr:stedsnr = 499207 has multiple (3) positions, using the first one!
utility_to_osm - WARNING - ssr:stedsnr = 499256 has multiple (16) positions, using the first one!
utility_to_osm - WARNING - ssr:stedsnr = 499285 has multiple (3) positions, using the first one!
utility_to_osm - WARNING - ssr:stedsnr = 499444: No priority spelling found for lang = no, using alt_name to get "[('no', 'Liseteren')]"
utility_to_osm - WARNING - ssr:stedsnr = 499444 has multiple (3) positions, using the first one!
utility_to_osm - WARNING - ssr:stedsnr = 499197 has multiple (3) positions, using the first one!
utility_to_osm - WARNING - ssr:stedsnr = 499304 has multiple (2) positions, using the first one!
utility_to_osm - WARNING - ssr:stedsnr = 499336 has multiple (3) positions, using the first one!
utility_to_osm - WARNING - ssr:stedsnr = 499341 has multiple (2) positions, using the first one!
utility_to_osm - WARNING - ssr:stedsnr = 499342 has multiple (2) positions, using the first one!
utility_to_osm - WARNING - ssr:stedsnr = 499345 has multiple (3) positions, using the first one!
utility_to_osm - WARNING - ssr:stedsnr = 499348 has multiple (3) positions, using the first one!
utility_to_osm - WARNING - ssr:stedsnr = 499396 has multiple (6) positions, using the first one!
utility_to_osm - WARNING - ssr:stedsnr = 681354 has multiple (2) positions, using the first one!
utility_to_osm - WARNING - ssr:stedsnr = 499488 has multiple (2) positions, using the first one!
utility_to_osm - WARNING - ssr:stedsnr = 499608: No priority spelling found for lang = no, using alt_name to get "[('no', 'Sukkertopptjønna')]"
utility_to_osm - WARNING - ssr:stedsnr = 499608 has multiple (2) positions, using the first one!
utility_to_osm - WARNING - ssr:stedsnr = 499689 has multiple (2) positions, using the first one!
utility_to_osm - WARNING - ssr:stedsnr = 499692 has multiple (2) positions, using the first one!
utility_to_osm - WARNING - ssr:stedsnr = 499694 has multiple (2) positions, using the first one!
utility_to_osm - WARNING - ssr:stedsnr = 499696 has multiple (2) positions, using the first one!
utility_to_osm - WARNING - ssr:stedsnr = 499697 has multiple (2) positions, using the first one!
utility_to_osm - WARNING - ssr:stedsnr = 499700: No priority spelling found for lang = no, using alt_name to get "[('no', 'Annfinnslåttjønna')]"
utility_to_osm - WARNING - ssr:stedsnr = 499700 has multiple (3) positions, using the first one!
utility_to_osm - WARNING - ssr:stedsnr = 499804 has multiple (2) positions, using the first one!
utility_to_osm - WARNING - ssr:stedsnr = 681401: No priority spelling found for lang = no, using alt_name to get "[('no', 'Moumsseteren')]"
utility_to_osm - WARNING - ssr:stedsnr = 499587 has multiple (2) positions, using the first one!
utility_to_osm - WARNING - ssr:stedsnr = 499705 has multiple (2) positions, using the first one!
utility_to_osm - WARNING - ssr:stedsnr = 499733 has multiple (2) positions, using the first one!
utility_to_osm - WARNING - ssr:stedsnr = 499737: No priority spelling found for lang = no, using alt_name to get "[('no', 'Rypsnargrubba')]"
utility_to_osm - WARNING - ssr:stedsnr = 499737 has multiple (2) positions, using the first one!
utility_to_osm - WARNING - ssr:stedsnr = 499740: No priority spelling found for lang = no, using alt_name to get "[('no', 'Rørtjønna')]"
utility_to_osm - WARNING - ssr:stedsnr = 499740 has multiple (4) positions, using the first one!
utility_to_osm - WARNING - ssr:stedsnr = 499904 has multiple (5) positions, using the first one!
utility_to_osm - WARNING - ssr:stedsnr = 681482 has multiple (2) positions, using the first one!
utility_to_osm - WARNING - ssr:stedsnr = 499887: No priority spelling found for lang = no, using alt_name to get "[('no', 'Seterelva')]"
utility_to_osm - WARNING - ssr:stedsnr = 499887 has multiple (3) positions, using the first one!
utility_to_osm - WARNING - ssr:stedsnr = 499971: No priority spelling found for lang = no, using alt_name to get "[('no', 'Grøningsflyan')]"
utility_to_osm - WARNING - ssr:stedsnr = 499971 has multiple (3) positions, using the first one!
utility_to_osm - WARNING - ssr:stedsnr = 499990: No priority spelling found for lang = no, using alt_name to get "[('no', 'Storlislættet')]"
utility_to_osm - WARNING - ssr:stedsnr = 499990 has multiple (3) positions, using the first one!
utility_to_osm - WARNING - ssr:stedsnr = 499998: No priority spelling found for lang = no, using alt_name to get "[('no', 'Broddnesbekken')]"
utility_to_osm - WARNING - ssr:stedsnr = 499998 has multiple (3) positions, using the first one!
utility_to_osm - WARNING - ssr:stedsnr = 681530: No priority spelling found for lang = no, using alt_name to get "[('no', 'Liseterklumpen')]"
utility_to_osm - WARNING - ssr:stedsnr = 681530 has multiple (2) positions, using the first one!
utility_to_osm - WARNING - ssr:stedsnr = 681545: No priority spelling found for lang = no, using alt_name to get "[('no', 'Svøddumyran')]"
utility_to_osm - WARNING - ssr:stedsnr = 681545 has multiple (3) positions, using the first one!
utility_to_osm - WARNING - ssr:stedsnr = 681548: No priority spelling found for lang = no, using alt_name to get "[('no', 'Brønstadsetran')]"
utility_to_osm - WARNING - ssr:stedsnr = 681548 has multiple (3) positions, using the first one!
utility_to_osm - WARNING - ssr:stedsnr = 681552: No priority spelling found for lang = no, using alt_name to get "[('no', 'Gavlen')]"
utility_to_osm - WARNING - ssr:stedsnr = 681552 has multiple (3) positions, using the first one!
utility_to_osm - WARNING - ssr:stedsnr = 681560 has multiple (2) positions, using the first one!
utility_to_osm - WARNING - ssr:stedsnr = 681561: No priority spelling found for lang = no, using alt_name to get "[('no', 'Breidesmoseteren')]"
utility_to_osm - WARNING - ssr:stedsnr = 681561 has multiple (2) positions, using the first one!
utility_to_osm - WARNING - ssr:stedsnr = 681571: No priority spelling found for lang = no, using alt_name to get "[('no', 'Gavltjønna')]"
utility_to_osm - WARNING - ssr:stedsnr = 681571 has multiple (3) positions, using the first one!
utility_to_osm - WARNING - ssr:stedsnr = 681595 has multiple (2) positions, using the first one!
utility_to_osm - WARNING - ssr:stedsnr = 681679 has multiple (5) positions, using the first one!
utility_to_osm - WARNING - ssr:stedsnr = 681702 has multiple (2) positions, using the first one!
utility_to_osm - WARNING - ssr:stedsnr = 681780 has multiple (3) positions, using the first one!
utility_to_osm - WARNING - ssr:stedsnr = 681841 has multiple (2) positions, using the first one!
utility_to_osm - WARNING - ssr:stedsnr = 681847 has multiple (2) positions, using the first one!
utility_to_osm - WARNING - ssr:stedsnr = 681848: No priority spelling found for lang = no, using alt_name to get "[('no', 'Skardtjønna')]"
utility_to_osm - WARNING - ssr:stedsnr = 681848 has multiple (2) positions, using the first one!
utility_to_osm - WARNING - ssr:stedsnr = 681714: No priority spelling found for lang = no, using alt_name to get "[('no', 'Storkoltjønna')]"
utility_to_osm - WARNING - ssr:stedsnr = 681714 has multiple (4) positions, using the first one!
utility_to_osm - WARNING - ssr:stedsnr = 681716: No priority spelling found for lang = no, using alt_name to get "[('no', 'Gullhaugtjønna')]"
utility_to_osm - WARNING - ssr:stedsnr = 681716 has multiple (2) positions, using the first one!
utility_to_osm - WARNING - ssr:stedsnr = 681719: No priority spelling found for lang = no, using alt_name to get "[('no', 'Høgsetet')]"
utility_to_osm - WARNING - ssr:stedsnr = 681719: No priority spelling found for lang = no, using alt_name to get "[('sma', 'Jalkedsåejjie'), ('no', 'Høgsetet')]"
utility_to_osm - WARNING - ssr:stedsnr = 681720 has multiple (2) positions, using the first one!
utility_to_osm - WARNING - ssr:stedsnr = 681727 has multiple (2) positions, using the first one!
utility_to_osm - WARNING - ssr:stedsnr = 681730: No priority spelling found for lang = no, using alt_name to get "[('no', 'Ytre Sørbygda')]"
utility_to_osm - WARNING - ssr:stedsnr = 681732 has multiple (2) positions, using the first one!
utility_to_osm - WARNING - ssr:stedsnr = 681739 has multiple (2) positions, using the first one!
utility_to_osm - WARNING - ssr:stedsnr = 681740: No priority spelling found for lang = no, using alt_name to get "[('no', 'Setertjønna')]"
utility_to_osm - WARNING - ssr:stedsnr = 681740 has multiple (3) positions, using the first one!
utility_to_osm - WARNING - ssr:stedsnr = 681741 has multiple (2) positions, using the first one!
utility_to_osm - WARNING - ssr:stedsnr = 681745: No priority spelling found for lang = no, using alt_name to get "[('no', 'Langtjønna')]"
utility_to_osm - WARNING - ssr:stedsnr = 681745 has multiple (3) positions, using the first one!
utility_to_osm - WARNING - ssr:stedsnr = 681972 has multiple (3) positions, using the first one!
utility_to_osm - WARNING - ssr:stedsnr = 681976: No priority spelling found for lang = no, using alt_name to get "[('no', 'Grøningseidet')]"
utility_to_osm - WARNING - ssr:stedsnr = 681976 has multiple (3) positions, using the first one!
utility_to_osm - WARNING - ssr:stedsnr = 681988: No priority spelling found for lang = no, using alt_name to get "[('no', 'Nausttjønna')]"
utility_to_osm - WARNING - ssr:stedsnr = 681988 has multiple (2) positions, using the first one!
utility_to_osm - WARNING - ssr:stedsnr = 506303: No priority spelling found for lang = no, using alt_name to get "[('no', 'Litjønna')]"
utility_to_osm - WARNING - ssr:stedsnr = 506308: No priority spelling found for lang = no, using alt_name to get "[('no', 'Mastuslåtten')]"
utility_to_osm - WARNING - ssr:stedsnr = 506308 has multiple (2) positions, using the first one!
utility_to_osm - WARNING - ssr:stedsnr = 534211 has multiple (2) positions, using the first one!
utility_to_osm - WARNING - ssr:stedsnr = 534184 has multiple (3) positions, using the first one!
utility_to_osm - WARNING - ssr:stedsnr = 534970 has multiple (2) positions, using the first one!
utility_to_osm - WARNING - ssr:stedsnr = 545708 has multiple (2) positions, using the first one!
utility_to_osm - WARNING - ssr:stedsnr = 545719: No priority spelling found for lang = no, using alt_name to get "[('no', 'Gravbrøt')]"
utility_to_osm - WARNING - ssr:stedsnr = 688299: No priority spelling found for lang = no, using alt_name to get "[('no', 'Gauplian')]"
utility_to_osm - WARNING - ssr:stedsnr = 688299 has multiple (2) positions, using the first one!
utility_to_osm - WARNING - ssr:stedsnr = 688309: No priority spelling found for lang = no, using alt_name to get "[('no', 'Rømen')]"
utility_to_osm - WARNING - ssr:stedsnr = 559208 has multiple (3) positions, using the first one!
utility_to_osm - WARNING - ssr:stedsnr = 559244: No priority spelling found for lang = no, using alt_name to get "[('no', 'Tjønndalsklumpan')]"
utility_to_osm - WARNING - ssr:stedsnr = 559244 has multiple (2) positions, using the first one!
utility_to_osm - WARNING - ssr:stedsnr = 559143 has multiple (44) positions, using the first one!
utility_to_osm - WARNING - ssr:stedsnr = 559345 has multiple (3) positions, using the first one!
utility_to_osm - WARNING - ssr:stedsnr = 559541: No priority spelling found for lang = no, using alt_name to get "[('no', 'Breidesmotjønnin')]"
utility_to_osm - WARNING - ssr:stedsnr = 559541 has multiple (2) positions, using the first one!
utility_to_osm - WARNING - ssr:stedsnr = 559291: No priority spelling found for lang = no, using alt_name to get "[('no', 'Almknuken')]"
utility_to_osm - WARNING - ssr:stedsnr = 559291 has multiple (2) positions, using the first one!
utility_to_osm - WARNING - ssr:stedsnr = 559500: No priority spelling found for lang = no, using alt_name to get "[('no', 'Telgsteinberget')]"
utility_to_osm - WARNING - ssr:stedsnr = 559612: No priority spelling found for lang = no, using alt_name to get "[('no', 'Finnsåsseteren')]"
utility_to_osm - WARNING - ssr:stedsnr = 559612 has multiple (3) positions, using the first one!
utility_to_osm - WARNING - ssr:stedsnr = 559585 has multiple (2) positions, using the first one!
utility_to_osm - WARNING - ssr:stedsnr = 559702: No priority spelling found for lang = no, using alt_name to get "[('no', 'Stigådalen')]"
utility_to_osm - WARNING - ssr:stedsnr = 559702 has multiple (6) positions, using the first one!
utility_to_osm - WARNING - ssr:stedsnr = 559703: No priority spelling found for lang = no, using alt_name to get "[('no', 'Eggen')]"
utility_to_osm - WARNING - ssr:stedsnr = 559707: No priority spelling found for lang = no, using alt_name to get "[('no', 'Steinsengseteren')]"
utility_to_osm - WARNING - ssr:stedsnr = 559707 has multiple (3) positions, using the first one!
utility_to_osm - WARNING - ssr:stedsnr = 559736 has multiple (3) positions, using the first one!
utility_to_osm - WARNING - ssr:stedsnr = 559741: No priority spelling found for lang = no, using alt_name to get "[('no', 'Bergslåttjønna')]"
utility_to_osm - WARNING - ssr:stedsnr = 559741 has multiple (3) positions, using the first one!
utility_to_osm - WARNING - ssr:stedsnr = 559743: No priority spelling found for lang = no, using alt_name to get "[('no', 'Tortbakkgrubban')]"
utility_to_osm - WARNING - ssr:stedsnr = 559743 has multiple (3) positions, using the first one!
utility_to_osm - WARNING - ssr:stedsnr = 559746 has multiple (2) positions, using the first one!
utility_to_osm - WARNING - ssr:stedsnr = 559891: No priority spelling found for lang = no, using alt_name to get "[('no', 'Grøntjønnlia')]"
utility_to_osm - WARNING - ssr:stedsnr = 559891 has multiple (3) positions, using the first one!
utility_to_osm - WARNING - ssr:stedsnr = 559898 has multiple (2) positions, using the first one!
utility_to_osm - WARNING - ssr:stedsnr = 559935: No priority spelling found for lang = no, using alt_name to get "[('no', 'Bergtjønna')]"
utility_to_osm - WARNING - ssr:stedsnr = 559935 has multiple (3) positions, using the first one!
utility_to_osm - WARNING - ssr:stedsnr = 560287 has multiple (2) positions, using the first one!
utility_to_osm - WARNING - ssr:stedsnr = 560384 has multiple (2) positions, using the first one!
utility_to_osm - WARNING - ssr:stedsnr = 560688 has multiple (2) positions, using the first one!
utility_to_osm - WARNING - ssr:stedsnr = 560776: No priority spelling found for lang = no, using alt_name to get "[('no', 'Rørtjønnlia')]"
utility_to_osm - WARNING - ssr:stedsnr = 560776 has multiple (3) positions, using the first one!
utility_to_osm - WARNING - ssr:stedsnr = 560935: No priority spelling found for lang = no, using alt_name to get "[('sma', 'Sarvajaevrie'), ('no', 'Okstjønna')]"
utility_to_osm - WARNING - ssr:stedsnr = 560935 has multiple (3) positions, using the first one!
utility_to_osm - WARNING - ssr:stedsnr = 572202 has multiple (3) positions, using the first one!
utility_to_osm - WARNING - ssr:stedsnr = 572222 has multiple (2) positions, using the first one!
utility_to_osm - WARNING - ssr:stedsnr = 696552 has multiple (2) positions, using the first one!
utility_to_osm - WARNING - ssr:stedsnr = 594169 has multiple (16) positions, using the first one!
utility_to_osm - WARNING - ssr:stedsnr = 594304 has multiple (2) positions, using the first one!
utility_to_osm - WARNING - ssr:stedsnr = 603792 has multiple (2) positions, using the first one!
utility_to_osm - WARNING - ssr:stedsnr = 620271: No priority spelling found for lang = no, using alt_name to get "[('no', 'Finnbursvatnet')]"
utility_to_osm - WARNING - ssr:stedsnr = 620271 has multiple (5) positions, using the first one!
utility_to_osm - WARNING - ssr:stedsnr = 620273: No priority spelling found for lang = no, using alt_name to get "[('no', 'Finnslættdalen')]"
utility_to_osm - WARNING - ssr:stedsnr = 620273 has multiple (3) positions, using the first one!
utility_to_osm - WARNING - ssr:stedsnr = 620282: No priority spelling found for lang = no, using alt_name to get "[('no', 'Almdalen')]"
utility_to_osm - WARNING - ssr:stedsnr = 620282 has multiple (5) positions, using the first one!
utility_to_osm - WARNING - ssr:stedsnr = 620405 has multiple (2) positions, using the first one!
utility_to_osm - WARNING - ssr:stedsnr = 620411: No priority spelling found for lang = no, using alt_name to get "[('no', 'Grånåseteren')]"
utility_to_osm - WARNING - ssr:stedsnr = 620411 has multiple (3) positions, using the first one!
utility_to_osm - WARNING - ssr:stedsnr = 620421 has multiple (2) positions, using the first one!
utility_to_osm - WARNING - ssr:stedsnr = 620470: No priority spelling found for lang = no, using alt_name to get "[('no', 'Harøya')]"
utility_to_osm - WARNING - ssr:stedsnr = 620470 has multiple (2) positions, using the first one!
utility_to_osm - WARNING - ssr:stedsnr = 620368 has multiple (2) positions, using the first one!
utility_to_osm - WARNING - ssr:stedsnr = 620371: No priority spelling found for lang = no, using alt_name to get "[('no', 'Hammerseteren')]"
utility_to_osm - WARNING - ssr:stedsnr = 620371 has multiple (3) positions, using the first one!
utility_to_osm - WARNING - ssr:stedsnr = 620380: No priority spelling found for lang = no, using alt_name to get "[('no', 'Buråsseteren')]"
utility_to_osm - WARNING - ssr:stedsnr = 620380 has multiple (3) positions, using the first one!
utility_to_osm - WARNING - ssr:stedsnr = 620383: No priority spelling found for lang = no, using alt_name to get "[('no', 'Heiås')]"
utility_to_osm - WARNING - ssr:stedsnr = 620383 has multiple (2) positions, using the first one!
utility_to_osm - WARNING - ssr:stedsnr = 620385: No priority spelling found for lang = no, using alt_name to get "[('no', 'Ryggvollseteren')]"
utility_to_osm - WARNING - ssr:stedsnr = 620385 has multiple (3) positions, using the first one!
utility_to_osm - WARNING - ssr:stedsnr = 620387 has multiple (2) positions, using the first one!
utility_to_osm - WARNING - ssr:stedsnr = 620511: No priority spelling found for lang = no, using alt_name to get "[('no', 'Svarttjønnseteren')]"
utility_to_osm - WARNING - ssr:stedsnr = 620511 has multiple (2) positions, using the first one!
utility_to_osm - WARNING - ssr:stedsnr = 620574 has multiple (3) positions, using the first one!
utility_to_osm - WARNING - ssr:stedsnr = 620670: No priority spelling found for lang = no, using alt_name to get "[('no', 'Gillestjønna')]"
utility_to_osm - WARNING - ssr:stedsnr = 620670 has multiple (3) positions, using the first one!
utility_to_osm - WARNING - ssr:stedsnr = 620673 has multiple (2) positions, using the first one!
utility_to_osm - WARNING - ssr:stedsnr = 620678 has multiple (2) positions, using the first one!
utility_to_osm - WARNING - ssr:stedsnr = 620719: No priority spelling found for lang = no, using alt_name to get "[('no', 'Øversveddet')]"
utility_to_osm - WARNING - ssr:stedsnr = 620719 has multiple (3) positions, using the first one!
utility_to_osm - WARNING - ssr:stedsnr = 620920: No priority spelling found for lang = no, using alt_name to get "[('no', 'Litlstokktjønna')]"
utility_to_osm - WARNING - ssr:stedsnr = 620920 has multiple (3) positions, using the first one!
utility_to_osm - WARNING - ssr:stedsnr = 627321: No priority spelling found for lang = no, using alt_name to get "[('no', 'Tverrdalen')]"
utility_to_osm - WARNING - ssr:stedsnr = 627321 has multiple (2) positions, using the first one!
utility_to_osm - WARNING - ssr:stedsnr = 655084 has multiple (2) positions, using the first one!
utility_to_osm - WARNING - ssr:stedsnr = 681358: No priority spelling found for lang = no, using alt_name to get "[('no', 'Aglåsen')]"
utility_to_osm - WARNING - ssr:stedsnr = 681358 has multiple (3) positions, using the first one!
utility_to_osm - WARNING - ssr:stedsnr = 681363: No priority spelling found for lang = no, using alt_name to get "[('no', 'Gravbrøt')]"
utility_to_osm - WARNING - ssr:stedsnr = 681366: No priority spelling found for lang = no, using alt_name to get "[('no', 'Oldervika')]"
utility_to_osm - WARNING - ssr:stedsnr = 681366 has multiple (3) positions, using the first one!
utility_to_osm - WARNING - ssr:stedsnr = 681367 has multiple (2) positions, using the first one!
utility_to_osm - WARNING - ssr:stedsnr = 681369 has multiple (3) positions, using the first one!
utility_to_osm - WARNING - ssr:stedsnr = 681512 has multiple (2) positions, using the first one!
utility_to_osm - WARNING - ssr:stedsnr = 681257 has multiple (4) positions, using the first one!
utility_to_osm - WARNING - ssr:stedsnr = 681271: No priority spelling found for lang = no, using alt_name to get "[('no', 'Mikalstuggu')]"
utility_to_osm - WARNING - ssr:stedsnr = 681271 has multiple (2) positions, using the first one!
utility_to_osm - WARNING - ssr:stedsnr = 681415: No priority spelling found for lang = no, using alt_name to get "[('no', 'Landsemseteren')]"
utility_to_osm - WARNING - ssr:stedsnr = 681415 has multiple (3) positions, using the first one!
utility_to_osm - WARNING - ssr:stedsnr = 681419: No priority spelling found for lang = no, using alt_name to get "[('no', 'Ryggvollseteren')]"
utility_to_osm - WARNING - ssr:stedsnr = 681419 has multiple (3) positions, using the first one!
utility_to_osm - WARNING - ssr:stedsnr = 681611: No priority spelling found for lang = no, using alt_name to get "[('no', 'Finnvolltjønna')]"
utility_to_osm - WARNING - ssr:stedsnr = 681611 has multiple (2) positions, using the first one!
utility_to_osm - WARNING - ssr:stedsnr = 681664: No priority spelling found for lang = no, using alt_name to get "[('no', 'Litlhøgsetet')]"
utility_to_osm - WARNING - ssr:stedsnr = 681664 has multiple (3) positions, using the first one!
utility_to_osm - WARNING - ssr:stedsnr = 681822 has multiple (3) positions, using the first one!
utility_to_osm - WARNING - ssr:stedsnr = 681704: No priority spelling found for lang = no, using alt_name to get "[('no', 'Vestre Bergsmoen')]"
utility_to_osm - WARNING - ssr:stedsnr = 681704 has multiple (3) positions, using the first one!
utility_to_osm - WARNING - ssr:stedsnr = 681760 has multiple (3) positions, using the first one!
utility_to_osm - WARNING - ssr:stedsnr = 681762: No priority spelling found for lang = no, using alt_name to get "[('no', 'Finnsås')]"
utility_to_osm - WARNING - ssr:stedsnr = 681907 has multiple (2) positions, using the first one!
utility_to_osm - WARNING - ssr:stedsnr = 681914 has multiple (4) positions, using the first one!
utility_to_osm - WARNING - ssr:stedsnr = 681927 has multiple (3) positions, using the first one!
utility_to_osm - WARNING - ssr:stedsnr = 681957 has multiple (7) positions, using the first one!
utility_to_osm - WARNING - ssr:stedsnr = 691386 has multiple (10) positions, using the first one!
utility_to_osm - ERROR - ssr:stedsnr = 693824: Adding multiple names to name tag, this is not OK! name = "Heggsjøfjellet;Laedteke"
utility_to_osm - WARNING - ssr:stedsnr = 693824 has multiple (6) positions, using the first one!
utility_to_osm - WARNING - ssr:stedsnr = 694172 has multiple (2) positions, using the first one!
utility_to_osm - WARNING - ssr:stedsnr = 898442 has multiple (7) positions, using the first one!
utility_to_osm - WARNING - ssr:stedsnr = 716372 has multiple (2) positions, using the first one!
utility_to_osm - WARNING - ssr:stedsnr = 716973 has multiple (2) positions, using the first one!
utility_to_osm - WARNING - ssr:stedsnr = 899198: No priority spelling found for lang = no, using alt_name to get "[('no', 'Stigåbekken')]"
utility_to_osm - WARNING - ssr:stedsnr = 741303 has multiple (3) positions, using the first one!
utility_to_osm - WARNING - ssr:stedsnr = 741310: No priority spelling found for lang = no, using alt_name to get "[('no', 'Andortjønnseteren')]"
utility_to_osm - WARNING - ssr:stedsnr = 741310 has multiple (3) positions, using the first one!
utility_to_osm - WARNING - ssr:stedsnr = 741639 has multiple (2) positions, using the first one!
utility_to_osm - WARNING - ssr:stedsnr = 741732: No priority spelling found for lang = no, using alt_name to get "[('no', 'Langtjønna')]"
utility_to_osm - WARNING - ssr:stedsnr = 741732 has multiple (2) positions, using the first one!
utility_to_osm - WARNING - ssr:stedsnr = 742339: No priority spelling found for lang = no, using alt_name to get "[('no', 'Raudbeinseteren')]"
utility_to_osm - WARNING - ssr:stedsnr = 742339 has multiple (3) positions, using the first one!
utility_to_osm - WARNING - ssr:stedsnr = 742407: No priority spelling found for lang = no, using alt_name to get "[('no', 'Litlleirsjøen')]"
utility_to_osm - WARNING - ssr:stedsnr = 742407 has multiple (2) positions, using the first one!
utility_to_osm - WARNING - ssr:stedsnr = 742492: No priority spelling found for lang = no, using alt_name to get "[('no', 'Høgstad')]"
utility_to_osm - WARNING - ssr:stedsnr = 742492 has multiple (3) positions, using the first one!
utility_to_osm - WARNING - ssr:stedsnr = 742603 has multiple (2) positions, using the first one!
utility_to_osm - WARNING - ssr:stedsnr = 742633: No priority spelling found for lang = no, using alt_name to get "[('no', 'Høgsetlian')]"
utility_to_osm - WARNING - ssr:stedsnr = 742633 has multiple (4) positions, using the first one!
utility_to_osm - WARNING - ssr:stedsnr = 742637 has multiple (4) positions, using the first one!
utility_to_osm - WARNING - ssr:stedsnr = 742585: No priority spelling found for lang = no, using alt_name to get "[('no', 'Småvatna')]"
utility_to_osm - WARNING - ssr:stedsnr = 742585 has multiple (2) positions, using the first one!
utility_to_osm - WARNING - ssr:stedsnr = 742593 has multiple (2) positions, using the first one!
utility_to_osm - WARNING - ssr:stedsnr = 742596 has multiple (2) positions, using the first one!
utility_to_osm - WARNING - ssr:stedsnr = 742739: No priority spelling found for lang = no, using alt_name to get "[('no', 'Litltjønna')]"
utility_to_osm - WARNING - ssr:stedsnr = 742739 has multiple (2) positions, using the first one!
utility_to_osm - WARNING - ssr:stedsnr = 742830: No priority spelling found for lang = no, using alt_name to get "[('no', 'Litlelva')]"
utility_to_osm - WARNING - ssr:stedsnr = 742830 has multiple (6) positions, using the first one!
utility_to_osm - WARNING - ssr:stedsnr = 742881: No priority spelling found for lang = no, using alt_name to get "[('no', 'Strokkmyra')]"
utility_to_osm - WARNING - ssr:stedsnr = 742881 has multiple (4) positions, using the first one!
utility_to_osm - WARNING - ssr:stedsnr = 742884 has multiple (6) positions, using the first one!
utility_to_osm - WARNING - ssr:stedsnr = 742887: No priority spelling found for lang = no, using alt_name to get "[('no', 'Åsvasseteren')]"
utility_to_osm - WARNING - ssr:stedsnr = 742887 has multiple (3) positions, using the first one!
utility_to_osm - WARNING - ssr:stedsnr = 742889 has multiple (3) positions, using the first one!
utility_to_osm - WARNING - ssr:stedsnr = 742894: No priority spelling found for lang = no, using alt_name to get "[('no', 'Djuptjønna')]"
utility_to_osm - WARNING - ssr:stedsnr = 742894 has multiple (3) positions, using the first one!
utility_to_osm - WARNING - ssr:stedsnr = 742908: No priority spelling found for lang = no, using alt_name to get "[('no', 'Reinhorntjønna')]"
utility_to_osm - WARNING - ssr:stedsnr = 742908 has multiple (2) positions, using the first one!
utility_to_osm - WARNING - ssr:stedsnr = 742937 has multiple (3) positions, using the first one!
utility_to_osm - WARNING - ssr:stedsnr = 742993: No priority spelling found for lang = no, using alt_name to get "[('no', 'Dælislættet')]"
utility_to_osm - WARNING - ssr:stedsnr = 742993 has multiple (3) positions, using the first one!
utility_to_osm - WARNING - ssr:stedsnr = 742995 has multiple (4) positions, using the first one!
utility_to_osm - WARNING - ssr:stedsnr = 742999 has multiple (3) positions, using the first one!
utility_to_osm - WARNING - ssr:stedsnr = 748769: No priority spelling found for lang = sma, using alt_name to get "[('sma', 'Tjaerhvie')]"
utility_to_osm - WARNING - ssr:stedsnr = 748769 has multiple (2) positions, using the first one!
utility_to_osm - WARNING - ssr:stedsnr = 749006 has multiple (8) positions, using the first one!
utility_to_osm - WARNING - ssr:stedsnr = 776055 has multiple (2) positions, using the first one!
utility_to_osm - WARNING - ssr:stedsnr = 910346 has multiple (2) positions, using the first one!
utility_to_osm - WARNING - ssr:stedsnr = 788615 has multiple (2) positions, using the first one!
utility_to_osm - WARNING - ssr:stedsnr = 802323 has multiple (2) positions, using the first one!
utility_to_osm - WARNING - ssr:stedsnr = 802715: No priority spelling found for lang = no, using alt_name to get "[('no', 'Seterbekken')]"
utility_to_osm - WARNING - ssr:stedsnr = 802715 has multiple (5) positions, using the first one!
utility_to_osm - WARNING - ssr:stedsnr = 803306: No priority spelling found for lang = no, using alt_name to get "[('no', 'Storlitjønna')]"
utility_to_osm - WARNING - ssr:stedsnr = 803306 has multiple (2) positions, using the first one!
utility_to_osm - WARNING - ssr:stedsnr = 803377: No priority spelling found for lang = no, using alt_name to get "[('no', 'Mollanseteren')]"
utility_to_osm - WARNING - ssr:stedsnr = 803377 has multiple (3) positions, using the first one!
utility_to_osm - WARNING - ssr:stedsnr = 803410 has multiple (3) positions, using the first one!
utility_to_osm - WARNING - ssr:stedsnr = 803418: No priority spelling found for lang = no, using alt_name to get "[('no', 'Kolåstjønna')]"
utility_to_osm - WARNING - ssr:stedsnr = 803418 has multiple (4) positions, using the first one!
utility_to_osm - WARNING - ssr:stedsnr = 803619: No priority spelling found for lang = no, using alt_name to get "[('no', 'Holemsfjellet')]"
utility_to_osm - WARNING - ssr:stedsnr = 803619 has multiple (2) positions, using the first one!
utility_to_osm - WARNING - ssr:stedsnr = 803955 has multiple (3) positions, using the first one!
utility_to_osm - WARNING - ssr:stedsnr = 803957: No priority spelling found for lang = no, using alt_name to get "[('no', 'Holmtjønnelva')]"
utility_to_osm - WARNING - ssr:stedsnr = 803957 has multiple (4) positions, using the first one!
utility_to_osm - WARNING - ssr:stedsnr = 803976: No priority spelling found for lang = no, using alt_name to get "[('no', 'Brattlitjønna')]"
utility_to_osm - WARNING - ssr:stedsnr = 803976 has multiple (3) positions, using the first one!
utility_to_osm - WARNING - ssr:stedsnr = 810290 has multiple (2) positions, using the first one!
utility_to_osm - WARNING - ssr:stedsnr = 815172: No priority spelling found for lang = no, using alt_name to get "[('no', 'Okstjønna')]"
utility_to_osm - WARNING - ssr:stedsnr = 815172 has multiple (3) positions, using the first one!
utility_to_osm - WARNING - ssr:stedsnr = 924456 has multiple (9) positions, using the first one!
utility_to_osm - WARNING - ssr:stedsnr = 924457: No priority spelling found for lang = no, using alt_name to get "[('no', 'Fjellvika')]"
utility_to_osm - WARNING - ssr:stedsnr = 924457 has multiple (3) positions, using the first one!
utility_to_osm - WARNING - ssr:stedsnr = 924536: No priority spelling found for lang = no, using alt_name to get "[('no', 'Lomtjønnin')]"
utility_to_osm - WARNING - ssr:stedsnr = 924536 has multiple (3) positions, using the first one!
utility_to_osm - WARNING - ssr:stedsnr = 924543: No priority spelling found for lang = no, using alt_name to get "[('no', 'Myrskardseteren')]"
utility_to_osm - WARNING - ssr:stedsnr = 924543 has multiple (3) positions, using the first one!
utility_to_osm - WARNING - ssr:stedsnr = 924545: No priority spelling found for lang = no, using alt_name to get "[('no', 'Grønliseteren')]"
utility_to_osm - WARNING - ssr:stedsnr = 924545 has multiple (3) positions, using the first one!
utility_to_osm - WARNING - ssr:stedsnr = 924555 has multiple (2) positions, using the first one!
utility_to_osm - WARNING - ssr:stedsnr = 924556: No priority spelling found for lang = no, using alt_name to get "[('no', 'Tangseteren')]"
utility_to_osm - WARNING - ssr:stedsnr = 924556 has multiple (2) positions, using the first one!
utility_to_osm - WARNING - ssr:stedsnr = 924238 has multiple (2) positions, using the first one!
utility_to_osm - WARNING - ssr:stedsnr = 924240 has multiple (3) positions, using the first one!
utility_to_osm - WARNING - ssr:stedsnr = 924249 has multiple (2) positions, using the first one!
utility_to_osm - WARNING - ssr:stedsnr = 924252: No priority spelling found for lang = no, using alt_name to get "[('no', 'Finnburselva')]"
utility_to_osm - WARNING - ssr:stedsnr = 924252 has multiple (4) positions, using the first one!
utility_to_osm - WARNING - ssr:stedsnr = 924255 has multiple (3) positions, using the first one!
utility_to_osm - WARNING - ssr:stedsnr = 924256: No priority spelling found for lang = no, using alt_name to get "[('no', 'Bukvassfjellet')]"
utility_to_osm - WARNING - ssr:stedsnr = 924256 has multiple (4) positions, using the first one!
utility_to_osm - WARNING - ssr:stedsnr = 924261: No priority spelling found for lang = no, using alt_name to get "[('no', 'Broka')]"
utility_to_osm - WARNING - ssr:stedsnr = 924261 has multiple (2) positions, using the first one!
utility_to_osm - WARNING - ssr:stedsnr = 924263: No priority spelling found for lang = no, using alt_name to get "[('no', 'Styggdalen')]"
utility_to_osm - WARNING - ssr:stedsnr = 924263 has multiple (2) positions, using the first one!
utility_to_osm - WARNING - ssr:stedsnr = 924264: No priority spelling found for lang = no, using alt_name to get "[('no', 'Brufossan')]"
utility_to_osm - WARNING - ssr:stedsnr = 924264 has multiple (2) positions, using the first one!
utility_to_osm - WARNING - ssr:stedsnr = 924272 has multiple (4) positions, using the first one!
utility_to_osm - WARNING - ssr:stedsnr = 924347 has multiple (2) positions, using the first one!
utility_to_osm - WARNING - ssr:stedsnr = 924368: No priority spelling found for lang = no, using alt_name to get "[('no', 'Korsvollan')]"
utility_to_osm - WARNING - ssr:stedsnr = 924368 has multiple (4) positions, using the first one!
utility_to_osm - WARNING - ssr:stedsnr = 924373: No priority spelling found for lang = no, using alt_name to get "[('no', 'Gresstjønna')]"
utility_to_osm - WARNING - ssr:stedsnr = 924373 has multiple (3) positions, using the first one!
utility_to_osm - WARNING - ssr:stedsnr = 924379: No priority spelling found for lang = no, using alt_name to get "[('no', 'Bomosetran')]"
utility_to_osm - WARNING - ssr:stedsnr = 924379 has multiple (4) positions, using the first one!
utility_to_osm - WARNING - ssr:stedsnr = 924381: No priority spelling found for lang = no, using alt_name to get "[('no', 'Frebergseteren')]"
utility_to_osm - WARNING - ssr:stedsnr = 924381 has multiple (2) positions, using the first one!
utility_to_osm - WARNING - ssr:stedsnr = 924396: No priority spelling found for lang = no, using alt_name to get "[('no', 'Nyslættjønna')]"
utility_to_osm - WARNING - ssr:stedsnr = 924396 has multiple (2) positions, using the first one!
utility_to_osm - WARNING - ssr:stedsnr = 924400 has multiple (2) positions, using the first one!
utility_to_osm - WARNING - ssr:stedsnr = 924401: No priority spelling found for lang = no, using alt_name to get "[('no', 'Nordheim')]"
utility_to_osm - WARNING - ssr:stedsnr = 924401 has multiple (2) positions, using the first one!
utility_to_osm - WARNING - ssr:stedsnr = 924354: No priority spelling found for lang = no, using alt_name to get "[('no', 'Bruvollen')]"
utility_to_osm - WARNING - ssr:stedsnr = 924354 has multiple (2) positions, using the first one!
utility_to_osm - WARNING - ssr:stedsnr = 924358 has multiple (2) positions, using the first one!
utility_to_osm - WARNING - ssr:stedsnr = 924360: No priority spelling found for lang = no, using alt_name to get "[('no', 'Skromoseteren')]"
utility_to_osm - WARNING - ssr:stedsnr = 924360 has multiple (3) positions, using the first one!
utility_to_osm - WARNING - ssr:stedsnr = 924361 has multiple (2) positions, using the first one!
utility_to_osm - WARNING - ssr:stedsnr = 838478 has multiple (2) positions, using the first one!
utility_to_osm - WARNING - ssr:stedsnr = 924480: No priority spelling found for lang = no, using alt_name to get "[('no', 'Revtjønnbekken')]"
utility_to_osm - WARNING - ssr:stedsnr = 924480 has multiple (3) positions, using the first one!
utility_to_osm - WARNING - ssr:stedsnr = 924487: No priority spelling found for lang = no, using alt_name to get "[('no', 'Drolbekken')]"
utility_to_osm - WARNING - ssr:stedsnr = 924487 has multiple (3) positions, using the first one!
utility_to_osm - WARNING - ssr:stedsnr = 924498: No priority spelling found for lang = no, using alt_name to get "[('no', 'Liseterbekken')]"
utility_to_osm - WARNING - ssr:stedsnr = 924498 has multiple (4) positions, using the first one!
utility_to_osm - WARNING - ssr:stedsnr = 924592: No priority spelling found for lang = no, using alt_name to get "[('no', 'Torkeltjønna')]"
utility_to_osm - WARNING - ssr:stedsnr = 924592 has multiple (2) positions, using the first one!
utility_to_osm - WARNING - ssr:stedsnr = 924597: No priority spelling found for lang = no, using alt_name to get "[('no', 'Søndre Dettfosstjønna')]"
utility_to_osm - WARNING - ssr:stedsnr = 924600: No priority spelling found for lang = no, using alt_name to get "[('no', 'Stordalstjønna')]"
utility_to_osm - WARNING - ssr:stedsnr = 924600 has multiple (2) positions, using the first one!
utility_to_osm - WARNING - ssr:stedsnr = 924638 has multiple (2) positions, using the first one!
utility_to_osm - WARNING - ssr:stedsnr = 924643 has multiple (3) positions, using the first one!
utility_to_osm - WARNING - ssr:stedsnr = 924657 has multiple (2) positions, using the first one!
utility_to_osm - WARNING - ssr:stedsnr = 924730 has multiple (2) positions, using the first one!
utility_to_osm - WARNING - ssr:stedsnr = 924731 has multiple (3) positions, using the first one!
utility_to_osm - WARNING - ssr:stedsnr = 924737 has multiple (3) positions, using the first one!
utility_to_osm - WARNING - ssr:stedsnr = 924701 has multiple (2) positions, using the first one!
utility_to_osm - WARNING - ssr:stedsnr = 924752: No priority spelling found for lang = no, using alt_name to get "[('no', 'Linbakkan')]"
utility_to_osm - WARNING - ssr:stedsnr = 924752 has multiple (3) positions, using the first one!
utility_to_osm - WARNING - ssr:stedsnr = 924756 has multiple (3) positions, using the first one!
utility_to_osm - WARNING - ssr:stedsnr = 924927: No priority spelling found for lang = no, using alt_name to get "[('no', 'Lauva')]"
utility_to_osm - WARNING - ssr:stedsnr = 924927 has multiple (2) positions, using the first one!
utility_to_osm - WARNING - ssr:stedsnr = 924937: No priority spelling found for lang = no, using alt_name to get "[('sma', 'Voenjelåelkie'), ('no', 'Nordre Gjevsjøhatten'), ('no', 'Gjevsjøhatten')]"
utility_to_osm - ERROR - ssr:stedsnr = 924937: Adding multiple names to name tag, this is not OK! name = "Nordre Gjevsjøhatten;Gjevsjøhatten"
utility_to_osm - WARNING - ssr:stedsnr = 924937 has multiple (2) positions, using the first one!
utility_to_osm - WARNING - ssr:stedsnr = 924940: No priority spelling found for lang = no, using alt_name to get "[('no', 'Litlkasttjønna')]"
utility_to_osm - WARNING - ssr:stedsnr = 924940 has multiple (3) positions, using the first one!
utility_to_osm - WARNING - ssr:stedsnr = 924941: No priority spelling found for lang = no, using alt_name to get "[('no', 'Hurrhattslættet')]"
utility_to_osm - WARNING - ssr:stedsnr = 924941 has multiple (3) positions, using the first one!
utility_to_osm - WARNING - ssr:stedsnr = 924943 has multiple (2) positions, using the first one!
utility_to_osm - WARNING - ssr:stedsnr = 924979: No priority spelling found for lang = no, using alt_name to get "[('no', 'Fjellslættet')]"
utility_to_osm - WARNING - ssr:stedsnr = 924979 has multiple (3) positions, using the first one!
utility_to_osm - WARNING - ssr:stedsnr = 924958 has multiple (4) positions, using the first one!
utility_to_osm - WARNING - ssr:stedsnr = 924984 has multiple (3) positions, using the first one!
utility_to_osm - WARNING - ssr:stedsnr = 849674: No priority spelling found for lang = no, using alt_name to get "[('no', 'Kjevlia')]"
utility_to_osm - WARNING - ssr:stedsnr = 849690 has multiple (2) positions, using the first one!
utility_to_osm - WARNING - ssr:stedsnr = 849691 has multiple (3) positions, using the first one!
utility_to_osm - WARNING - ssr:stedsnr = 863248 has multiple (3) positions, using the first one!
utility_to_osm - WARNING - ssr:stedsnr = 863396 has multiple (2) positions, using the first one!
utility_to_osm - WARNING - ssr:stedsnr = 863506: No priority spelling found for lang = no, using alt_name to get "[('no', 'Jørstad')]"
utility_to_osm - WARNING - ssr:stedsnr = 863506 has multiple (2) positions, using the first one!
utility_to_osm - WARNING - ssr:stedsnr = 863525: No priority spelling found for lang = no, using alt_name to get "[('no', 'Hammerseteren')]"
utility_to_osm - WARNING - ssr:stedsnr = 863525 has multiple (3) positions, using the first one!
utility_to_osm - WARNING - ssr:stedsnr = 863526: No priority spelling found for lang = no, using alt_name to get "[('no', 'Mølnvikseteren')]"
utility_to_osm - WARNING - ssr:stedsnr = 863526 has multiple (3) positions, using the first one!
utility_to_osm - WARNING - ssr:stedsnr = 863528: No priority spelling found for lang = no, using alt_name to get "[('no', 'Rennsetseteren')]"
utility_to_osm - WARNING - ssr:stedsnr = 863528 has multiple (3) positions, using the first one!
utility_to_osm - WARNING - ssr:stedsnr = 863403: No priority spelling found for lang = no, using alt_name to get "[('no', 'Langvasslia')]"
utility_to_osm - WARNING - ssr:stedsnr = 863403 has multiple (2) positions, using the first one!
utility_to_osm - WARNING - ssr:stedsnr = 863407 has multiple (2) positions, using the first one!
utility_to_osm - WARNING - ssr:stedsnr = 863445 has multiple (4) positions, using the first one!
utility_to_osm - WARNING - ssr:stedsnr = 863446 has multiple (2) positions, using the first one!
utility_to_osm - WARNING - ssr:stedsnr = 863605: No priority spelling found for lang = no, using alt_name to get "[('no', 'Ålnesseteren')]"
utility_to_osm - WARNING - ssr:stedsnr = 863605 has multiple (3) positions, using the first one!
utility_to_osm - WARNING - ssr:stedsnr = 863606: No priority spelling found for lang = no, using alt_name to get "[('no', 'Ståggåtjønnin')]"
utility_to_osm - WARNING - ssr:stedsnr = 863606 has multiple (3) positions, using the first one!
utility_to_osm - WARNING - ssr:stedsnr = 863612 has multiple (2) positions, using the first one!
