utility_to_osm - ERROR - ERROR, no ending in ssr2_to_osm_data/data/4640/4640-ssr.xml? Trying to re-download "/app:Skrivemåte>
          </app:skrivemåte>
        </app:Stedsnavn>
      </app:stedsnavn>
    </app:Sted>
  </wfs:member"
utility_to_osm - WARNING - ssr:stedsnr = 7255: No priority spelling found for lang = no, using alt_name to get "[('no', 'Kambafjellet')]"
utility_to_osm - WARNING - ssr:stedsnr = 7255 has multiple (4) positions, using the first one!
utility_to_osm - WARNING - ssr:stedsnr = 7326 has multiple (3) positions, using the first one!
utility_to_osm - WARNING - ssr:stedsnr = 7702 has multiple (2) positions, using the first one!
utility_to_osm - WARNING - ssr:stedsnr = 7898 has multiple (2) positions, using the first one!
utility_to_osm - WARNING - ssr:stedsnr = 8159: No priority spelling found for lang = no, using alt_name to get "[('no', 'Trodalen')]"
utility_to_osm - WARNING - ssr:stedsnr = 8159 has multiple (4) positions, using the first one!
utility_to_osm - WARNING - ssr:stedsnr = 8246 has multiple (2) positions, using the first one!
utility_to_osm - WARNING - ssr:stedsnr = 8255: No priority spelling found for lang = no, using alt_name to get "[('no', 'Styggebotngrovi')]"
utility_to_osm - WARNING - ssr:stedsnr = 8255 has multiple (3) positions, using the first one!
utility_to_osm - WARNING - ssr:stedsnr = 8306 has multiple (4) positions, using the first one!
utility_to_osm - WARNING - ssr:stedsnr = 8392 has multiple (4) positions, using the first one!
utility_to_osm - WARNING - ssr:stedsnr = 8838 has multiple (2) positions, using the first one!
utility_to_osm - WARNING - ssr:stedsnr = 8848 has multiple (3) positions, using the first one!
utility_to_osm - WARNING - ssr:stedsnr = 8903: No priority spelling found for lang = no, using alt_name to get "[('no', 'Yngsdalsskaret')]"
utility_to_osm - WARNING - ssr:stedsnr = 8903 has multiple (4) positions, using the first one!
utility_to_osm - WARNING - ssr:stedsnr = 8904 has multiple (3) positions, using the first one!
utility_to_osm - WARNING - ssr:stedsnr = 8990 has multiple (3) positions, using the first one!
utility_to_osm - WARNING - ssr:stedsnr = 8994 has multiple (2) positions, using the first one!
utility_to_osm - WARNING - ssr:stedsnr = 8996 has multiple (3) positions, using the first one!
utility_to_osm - WARNING - ssr:stedsnr = 9810 has multiple (3) positions, using the first one!
utility_to_osm - WARNING - ssr:stedsnr = 10004 has multiple (3) positions, using the first one!
utility_to_osm - WARNING - ssr:stedsnr = 10011 has multiple (3) positions, using the first one!
utility_to_osm - WARNING - ssr:stedsnr = 10015 has multiple (3) positions, using the first one!
utility_to_osm - WARNING - ssr:stedsnr = 9793 has multiple (3) positions, using the first one!
utility_to_osm - WARNING - ssr:stedsnr = 9904 has multiple (4) positions, using the first one!
utility_to_osm - WARNING - ssr:stedsnr = 9910 has multiple (3) positions, using the first one!
utility_to_osm - WARNING - ssr:stedsnr = 9914 has multiple (2) positions, using the first one!
utility_to_osm - WARNING - ssr:stedsnr = 9945 has multiple (4) positions, using the first one!
utility_to_osm - WARNING - ssr:stedsnr = 9999: No priority spelling found for lang = no, using alt_name to get "[('no', 'Vetlehaugen')]"
utility_to_osm - WARNING - ssr:stedsnr = 9999 has multiple (2) positions, using the first one!
utility_to_osm - WARNING - ssr:stedsnr = 10087 has multiple (3) positions, using the first one!
utility_to_osm - WARNING - ssr:stedsnr = 10092 has multiple (3) positions, using the first one!
utility_to_osm - WARNING - ssr:stedsnr = 40966: No priority spelling found for lang = no, using alt_name to get "[('no', 'Heggdalene')]"
utility_to_osm - WARNING - ssr:stedsnr = 40967: No priority spelling found for lang = no, using alt_name to get "[('no', 'Nondalen')]"
utility_to_osm - WARNING - ssr:stedsnr = 59988: No priority spelling found for lang = no, using alt_name to get "[('no', 'Ringdøla')]"
utility_to_osm - WARNING - ssr:stedsnr = 59994: No priority spelling found for lang = no, using alt_name to get "[('no', 'Dalene')]"
utility_to_osm - WARNING - ssr:stedsnr = 68351 has multiple (4) positions, using the first one!
utility_to_osm - WARNING - ssr:stedsnr = 68507 has multiple (3) positions, using the first one!
utility_to_osm - WARNING - ssr:stedsnr = 68783: No priority spelling found for lang = no, using alt_name to get "[('no', 'Ulvastad')]"
utility_to_osm - WARNING - ssr:stedsnr = 68789: No priority spelling found for lang = no, using alt_name to get "[('no', 'Vetle Eikjadalen')]"
utility_to_osm - WARNING - ssr:stedsnr = 68789 has multiple (2) positions, using the first one!
utility_to_osm - WARNING - ssr:stedsnr = 68913 has multiple (3) positions, using the first one!
utility_to_osm - WARNING - ssr:stedsnr = 68919: No priority spelling found for lang = no, using alt_name to get "[('no', 'Våteviki')]"
utility_to_osm - WARNING - ssr:stedsnr = 68921 has multiple (4) positions, using the first one!
utility_to_osm - WARNING - ssr:stedsnr = 68932 has multiple (3) positions, using the first one!
utility_to_osm - WARNING - ssr:stedsnr = 68944: No priority spelling found for lang = no, using alt_name to get "[('no', 'Jordalselvi')]"
utility_to_osm - WARNING - ssr:stedsnr = 68944 has multiple (4) positions, using the first one!
utility_to_osm - WARNING - ssr:stedsnr = 68813 has multiple (3) positions, using the first one!
utility_to_osm - WARNING - ssr:stedsnr = 68815 has multiple (2) positions, using the first one!
utility_to_osm - WARNING - ssr:stedsnr = 68895 has multiple (2) positions, using the first one!
utility_to_osm - WARNING - ssr:stedsnr = 68896 has multiple (2) positions, using the first one!
utility_to_osm - WARNING - ssr:stedsnr = 68899 has multiple (3) positions, using the first one!
utility_to_osm - WARNING - ssr:stedsnr = 68995 has multiple (2) positions, using the first one!
utility_to_osm - WARNING - ssr:stedsnr = 69219 has multiple (3) positions, using the first one!
utility_to_osm - WARNING - ssr:stedsnr = 69779 has multiple (2) positions, using the first one!
utility_to_osm - ERROR - ssr:stedsnr = 69931: Adding multiple names to name tag, this is not OK! name = "Rødseter;Øygarden"
utility_to_osm - WARNING - ssr:stedsnr = 69695 has multiple (2) positions, using the first one!
utility_to_osm - WARNING - ssr:stedsnr = 69837 has multiple (2) positions, using the first one!
utility_to_osm - WARNING - ssr:stedsnr = 69839: No priority spelling found for lang = no, using alt_name to get "[('no', 'Vatnaskredfjellet')]"
utility_to_osm - WARNING - ssr:stedsnr = 69839 has multiple (5) positions, using the first one!
utility_to_osm - WARNING - ssr:stedsnr = 70129 has multiple (4) positions, using the first one!
utility_to_osm - WARNING - ssr:stedsnr = 70032 has multiple (3) positions, using the first one!
utility_to_osm - WARNING - ssr:stedsnr = 70499 has multiple (2) positions, using the first one!
utility_to_osm - WARNING - ssr:stedsnr = 70636 has multiple (2) positions, using the first one!
utility_to_osm - WARNING - ssr:stedsnr = 70507 has multiple (3) positions, using the first one!
utility_to_osm - WARNING - ssr:stedsnr = 70524 has multiple (2) positions, using the first one!
utility_to_osm - WARNING - ssr:stedsnr = 70529 has multiple (4) positions, using the first one!
utility_to_osm - WARNING - ssr:stedsnr = 70701 has multiple (2) positions, using the first one!
utility_to_osm - WARNING - ssr:stedsnr = 70705 has multiple (2) positions, using the first one!
utility_to_osm - WARNING - ssr:stedsnr = 70712 has multiple (2) positions, using the first one!
utility_to_osm - WARNING - ssr:stedsnr = 70819 has multiple (3) positions, using the first one!
utility_to_osm - WARNING - ssr:stedsnr = 70823: No priority spelling found for lang = no, using alt_name to get "[('no', 'Ytre Slinda')]"
utility_to_osm - WARNING - ssr:stedsnr = 70823 has multiple (5) positions, using the first one!
utility_to_osm - WARNING - ssr:stedsnr = 70870 has multiple (3) positions, using the first one!
utility_to_osm - WARNING - ssr:stedsnr = 70877 has multiple (2) positions, using the first one!
utility_to_osm - WARNING - ssr:stedsnr = 70895 has multiple (4) positions, using the first one!
utility_to_osm - WARNING - ssr:stedsnr = 71010 has multiple (5) positions, using the first one!
utility_to_osm - WARNING - ssr:stedsnr = 71011 has multiple (3) positions, using the first one!
utility_to_osm - WARNING - ssr:stedsnr = 71014 has multiple (4) positions, using the first one!
utility_to_osm - WARNING - ssr:stedsnr = 71016 has multiple (4) positions, using the first one!
utility_to_osm - WARNING - ssr:stedsnr = 70902: No priority spelling found for lang = no, using alt_name to get "[('no', 'Dalene')]"
utility_to_osm - WARNING - ssr:stedsnr = 70902 has multiple (2) positions, using the first one!
utility_to_osm - WARNING - ssr:stedsnr = 70910: No priority spelling found for lang = no, using alt_name to get "[('no', 'Ølmedal'), ('no', 'Ølmedalsstølen')]"
utility_to_osm - ERROR - ssr:stedsnr = 70910: Adding multiple names to name tag, this is not OK! name = "Ølmedal;Ølmedalsstølen"
utility_to_osm - WARNING - ssr:stedsnr = 70923 has multiple (3) positions, using the first one!
utility_to_osm - WARNING - ssr:stedsnr = 70979 has multiple (3) positions, using the first one!
utility_to_osm - WARNING - ssr:stedsnr = 70993: No priority spelling found for lang = no, using alt_name to get "[('no', 'Skitstøla')]"
utility_to_osm - WARNING - ssr:stedsnr = 71509 has multiple (3) positions, using the first one!
utility_to_osm - WARNING - ssr:stedsnr = 71526 has multiple (5) positions, using the first one!
utility_to_osm - WARNING - ssr:stedsnr = 81740: No priority spelling found for lang = no, using alt_name to get "[('no', 'Trodalsstølen')]"
utility_to_osm - WARNING - ssr:stedsnr = 81740 has multiple (4) positions, using the first one!
utility_to_osm - ERROR - ssr:stedsnr = 82207: Adding multiple names to name tag, this is not OK! name = "Ospenesskreda;Oternesskreda"
utility_to_osm - WARNING - ssr:stedsnr = 82207 has multiple (6) positions, using the first one!
utility_to_osm - WARNING - ssr:stedsnr = 82483: No priority spelling found for lang = no, using alt_name to get "[('no', 'Frudalstunnelen')]"
utility_to_osm - ERROR - ssr:stedsnr = 82483. No positions found, skipping
utility_to_osm - WARNING - ssr:stedsnr = 95904: No priority spelling found for lang = no, using alt_name to get "[('no', 'Kvistali')]"
utility_to_osm - WARNING - ssr:stedsnr = 250141: No priority spelling found for lang = no, using alt_name to get "[('no', 'Uragotholten')]"
utility_to_osm - WARNING - ssr:stedsnr = 250141 has multiple (4) positions, using the first one!
utility_to_osm - WARNING - ssr:stedsnr = 250143: No priority spelling found for lang = no, using alt_name to get "[('no', 'Børtnes')]"
utility_to_osm - WARNING - ssr:stedsnr = 250143 has multiple (3) positions, using the first one!
utility_to_osm - WARNING - ssr:stedsnr = 250146 has multiple (4) positions, using the first one!
utility_to_osm - WARNING - ssr:stedsnr = 250196 has multiple (4) positions, using the first one!
utility_to_osm - WARNING - ssr:stedsnr = 250158 has multiple (4) positions, using the first one!
utility_to_osm - WARNING - ssr:stedsnr = 250160: No priority spelling found for lang = no, using alt_name to get "[('no', 'Bollesteinsvatnet')]"
utility_to_osm - WARNING - ssr:stedsnr = 250160 has multiple (4) positions, using the first one!
utility_to_osm - WARNING - ssr:stedsnr = 250164 has multiple (3) positions, using the first one!
utility_to_osm - WARNING - ssr:stedsnr = 250258 has multiple (3) positions, using the first one!
utility_to_osm - WARNING - ssr:stedsnr = 250272 has multiple (3) positions, using the first one!
utility_to_osm - WARNING - ssr:stedsnr = 250278 has multiple (3) positions, using the first one!
utility_to_osm - WARNING - ssr:stedsnr = 250351 has multiple (3) positions, using the first one!
utility_to_osm - WARNING - ssr:stedsnr = 250320 has multiple (5) positions, using the first one!
utility_to_osm - WARNING - ssr:stedsnr = 250405 has multiple (4) positions, using the first one!
utility_to_osm - WARNING - ssr:stedsnr = 250372 has multiple (3) positions, using the first one!
utility_to_osm - WARNING - ssr:stedsnr = 250431 has multiple (3) positions, using the first one!
utility_to_osm - WARNING - ssr:stedsnr = 250690 has multiple (2) positions, using the first one!
utility_to_osm - WARNING - ssr:stedsnr = 250752 has multiple (2) positions, using the first one!
utility_to_osm - WARNING - ssr:stedsnr = 250765 has multiple (3) positions, using the first one!
utility_to_osm - WARNING - ssr:stedsnr = 250782 has multiple (3) positions, using the first one!
utility_to_osm - WARNING - ssr:stedsnr = 250787 has multiple (2) positions, using the first one!
utility_to_osm - WARNING - ssr:stedsnr = 250800 has multiple (2) positions, using the first one!
utility_to_osm - WARNING - ssr:stedsnr = 250808 has multiple (4) positions, using the first one!
utility_to_osm - WARNING - ssr:stedsnr = 250810 has multiple (2) positions, using the first one!
utility_to_osm - ERROR - ssr:stedsnr = 250814: Adding multiple names to name tag, this is not OK! name = "Tverrdalsstølen;Tverrdalen"
utility_to_osm - WARNING - ssr:stedsnr = 250814 has multiple (4) positions, using the first one!
utility_to_osm - WARNING - ssr:stedsnr = 250816: No priority spelling found for lang = no, using alt_name to get "[('no', 'Heimastølen')]"
utility_to_osm - WARNING - ssr:stedsnr = 250816 has multiple (4) positions, using the first one!
utility_to_osm - WARNING - ssr:stedsnr = 250866 has multiple (18) positions, using the first one!
utility_to_osm - WARNING - ssr:stedsnr = 250867 has multiple (3) positions, using the first one!
utility_to_osm - WARNING - ssr:stedsnr = 250871 has multiple (4) positions, using the first one!
utility_to_osm - WARNING - ssr:stedsnr = 250879 has multiple (5) positions, using the first one!
utility_to_osm - WARNING - ssr:stedsnr = 250882 has multiple (3) positions, using the first one!
utility_to_osm - WARNING - ssr:stedsnr = 250887 has multiple (4) positions, using the first one!
utility_to_osm - WARNING - ssr:stedsnr = 250911 has multiple (3) positions, using the first one!
utility_to_osm - WARNING - ssr:stedsnr = 250916: No priority spelling found for lang = no, using alt_name to get "[('no', 'Horpedalen')]"
utility_to_osm - WARNING - ssr:stedsnr = 250924 has multiple (5) positions, using the first one!
utility_to_osm - WARNING - ssr:stedsnr = 250932: No priority spelling found for lang = no, using alt_name to get "[('no', 'Tyfossa')]"
utility_to_osm - WARNING - ssr:stedsnr = 250932 has multiple (3) positions, using the first one!
utility_to_osm - WARNING - ssr:stedsnr = 250946 has multiple (3) positions, using the first one!
utility_to_osm - WARNING - ssr:stedsnr = 250947 has multiple (3) positions, using the first one!
utility_to_osm - WARNING - ssr:stedsnr = 250971 has multiple (2) positions, using the first one!
utility_to_osm - WARNING - ssr:stedsnr = 250978 has multiple (3) positions, using the first one!
utility_to_osm - WARNING - ssr:stedsnr = 250986 has multiple (2) positions, using the first one!
utility_to_osm - WARNING - ssr:stedsnr = 250987 has multiple (4) positions, using the first one!
utility_to_osm - WARNING - ssr:stedsnr = 250996: No priority spelling found for lang = no, using alt_name to get "[('no', 'Uranakken')]"
utility_to_osm - WARNING - ssr:stedsnr = 250996 has multiple (4) positions, using the first one!
utility_to_osm - ERROR - ssr:stedsnr = 251001: Adding multiple names to name tag, this is not OK! name = "Tverrelvi;Amlaelvi"
utility_to_osm - WARNING - ssr:stedsnr = 251001 has multiple (6) positions, using the first one!
utility_to_osm - WARNING - ssr:stedsnr = 251244 has multiple (5) positions, using the first one!
utility_to_osm - WARNING - ssr:stedsnr = 251450 has multiple (4) positions, using the first one!
utility_to_osm - WARNING - ssr:stedsnr = 251685 has multiple (2) positions, using the first one!
utility_to_osm - WARNING - ssr:stedsnr = 251961: No priority spelling found for lang = no, using alt_name to get "[('no', 'Hjellande')]"
utility_to_osm - WARNING - ssr:stedsnr = 251961 has multiple (4) positions, using the first one!
utility_to_osm - WARNING - ssr:stedsnr = 251964 has multiple (5) positions, using the first one!
utility_to_osm - WARNING - ssr:stedsnr = 252004 has multiple (3) positions, using the first one!
utility_to_osm - WARNING - ssr:stedsnr = 252056 has multiple (3) positions, using the first one!
utility_to_osm - WARNING - ssr:stedsnr = 252058 has multiple (3) positions, using the first one!
utility_to_osm - WARNING - ssr:stedsnr = 252109 has multiple (4) positions, using the first one!
utility_to_osm - WARNING - ssr:stedsnr = 128105: No priority spelling found for lang = no, using alt_name to get "[('no', 'Berrføtlene')]"
utility_to_osm - WARNING - ssr:stedsnr = 128105 has multiple (3) positions, using the first one!
utility_to_osm - WARNING - ssr:stedsnr = 128304 has multiple (4) positions, using the first one!
utility_to_osm - WARNING - ssr:stedsnr = 128306 has multiple (4) positions, using the first one!
utility_to_osm - WARNING - ssr:stedsnr = 128310 has multiple (3) positions, using the first one!
utility_to_osm - WARNING - ssr:stedsnr = 128092: No priority spelling found for lang = no, using alt_name to get "[('no', 'Nauteskreda')]"
utility_to_osm - WARNING - ssr:stedsnr = 128287 has multiple (3) positions, using the first one!
utility_to_osm - WARNING - ssr:stedsnr = 128904 has multiple (2) positions, using the first one!
utility_to_osm - WARNING - ssr:stedsnr = 129203: No priority spelling found for lang = no, using alt_name to get "[('no', 'Tungene')]"
utility_to_osm - WARNING - ssr:stedsnr = 129288 has multiple (5) positions, using the first one!
utility_to_osm - WARNING - ssr:stedsnr = 129404 has multiple (5) positions, using the first one!
utility_to_osm - WARNING - ssr:stedsnr = 252486 has multiple (4) positions, using the first one!
utility_to_osm - WARNING - ssr:stedsnr = 129348 has multiple (4) positions, using the first one!
utility_to_osm - WARNING - ssr:stedsnr = 129352 has multiple (5) positions, using the first one!
utility_to_osm - WARNING - ssr:stedsnr = 129506 has multiple (3) positions, using the first one!
utility_to_osm - WARNING - ssr:stedsnr = 129805: No priority spelling found for lang = no, using alt_name to get "[('no', 'Risbotnvatnet')]"
utility_to_osm - WARNING - ssr:stedsnr = 129805 has multiple (3) positions, using the first one!
utility_to_osm - WARNING - ssr:stedsnr = 129817 has multiple (2) positions, using the first one!
utility_to_osm - WARNING - ssr:stedsnr = 129831 has multiple (3) positions, using the first one!
utility_to_osm - WARNING - ssr:stedsnr = 129841 has multiple (2) positions, using the first one!
utility_to_osm - WARNING - ssr:stedsnr = 129846: No priority spelling found for lang = no, using alt_name to get "[('no', 'Remelvi')]"
utility_to_osm - WARNING - ssr:stedsnr = 129846 has multiple (3) positions, using the first one!
utility_to_osm - WARNING - ssr:stedsnr = 129849 has multiple (4) positions, using the first one!
utility_to_osm - WARNING - ssr:stedsnr = 252472 has multiple (5) positions, using the first one!
utility_to_osm - WARNING - ssr:stedsnr = 129706 has multiple (3) positions, using the first one!
utility_to_osm - WARNING - ssr:stedsnr = 129714 has multiple (2) positions, using the first one!
utility_to_osm - WARNING - ssr:stedsnr = 129726 has multiple (2) positions, using the first one!
utility_to_osm - WARNING - ssr:stedsnr = 129791: No priority spelling found for lang = no, using alt_name to get "[('no', 'Oreskredgrovi')]"
utility_to_osm - WARNING - ssr:stedsnr = 129791 has multiple (3) positions, using the first one!
utility_to_osm - WARNING - ssr:stedsnr = 252492: No priority spelling found for lang = no, using alt_name to get "[('no', 'Vetlebotnen')]"
utility_to_osm - WARNING - ssr:stedsnr = 252492 has multiple (4) positions, using the first one!
utility_to_osm - WARNING - ssr:stedsnr = 252496 has multiple (2) positions, using the first one!
utility_to_osm - WARNING - ssr:stedsnr = 129973 has multiple (3) positions, using the first one!
utility_to_osm - WARNING - ssr:stedsnr = 129985 has multiple (4) positions, using the first one!
utility_to_osm - WARNING - ssr:stedsnr = 129992: No priority spelling found for lang = no, using alt_name to get "[('no', 'Tverrlii')]"
utility_to_osm - WARNING - ssr:stedsnr = 129992 has multiple (3) positions, using the first one!
utility_to_osm - WARNING - ssr:stedsnr = 130504: No priority spelling found for lang = no, using alt_name to get "[('no', 'Kalvahaug')]"
utility_to_osm - WARNING - ssr:stedsnr = 130504 has multiple (3) positions, using the first one!
utility_to_osm - WARNING - ssr:stedsnr = 130508 has multiple (2) positions, using the first one!
utility_to_osm - WARNING - ssr:stedsnr = 130516 has multiple (2) positions, using the first one!
utility_to_osm - WARNING - ssr:stedsnr = 130523 has multiple (2) positions, using the first one!
utility_to_osm - WARNING - ssr:stedsnr = 130495 has multiple (2) positions, using the first one!
utility_to_osm - WARNING - ssr:stedsnr = 130629 has multiple (3) positions, using the first one!
utility_to_osm - WARNING - ssr:stedsnr = 130921 has multiple (2) positions, using the first one!
utility_to_osm - WARNING - ssr:stedsnr = 130873 has multiple (2) positions, using the first one!
utility_to_osm - WARNING - ssr:stedsnr = 130877 has multiple (3) positions, using the first one!
utility_to_osm - WARNING - ssr:stedsnr = 130887 has multiple (3) positions, using the first one!
utility_to_osm - WARNING - ssr:stedsnr = 252587 has multiple (2) positions, using the first one!
utility_to_osm - WARNING - ssr:stedsnr = 130973 has multiple (3) positions, using the first one!
utility_to_osm - WARNING - ssr:stedsnr = 131112 has multiple (3) positions, using the first one!
utility_to_osm - WARNING - ssr:stedsnr = 131118: No priority spelling found for lang = no, using alt_name to get "[('no', 'Flugheim')]"
utility_to_osm - WARNING - ssr:stedsnr = 131126 has multiple (4) positions, using the first one!
utility_to_osm - WARNING - ssr:stedsnr = 131069 has multiple (3) positions, using the first one!
utility_to_osm - WARNING - ssr:stedsnr = 131081 has multiple (2) positions, using the first one!
utility_to_osm - WARNING - ssr:stedsnr = 252607 has multiple (2) positions, using the first one!
utility_to_osm - WARNING - ssr:stedsnr = 252654 has multiple (2) positions, using the first one!
utility_to_osm - WARNING - ssr:stedsnr = 252673 has multiple (2) positions, using the first one!
utility_to_osm - ERROR - ssr:stedsnr = 252674: Adding multiple names to name tag, this is not OK! name = "Esedalen;Selbøen"
utility_to_osm - WARNING - ssr:stedsnr = 252674 has multiple (2) positions, using the first one!
utility_to_osm - WARNING - ssr:stedsnr = 252705 has multiple (3) positions, using the first one!
utility_to_osm - WARNING - ssr:stedsnr = 131979: No priority spelling found for lang = no, using alt_name to get "[('no', 'Hottadalsnosi')]"
utility_to_osm - WARNING - ssr:stedsnr = 131979 has multiple (3) positions, using the first one!
utility_to_osm - WARNING - ssr:stedsnr = 252743 has multiple (3) positions, using the first one!
utility_to_osm - WARNING - ssr:stedsnr = 252745 has multiple (3) positions, using the first one!
utility_to_osm - WARNING - ssr:stedsnr = 252750 has multiple (3) positions, using the first one!
utility_to_osm - WARNING - ssr:stedsnr = 252879 has multiple (3) positions, using the first one!
utility_to_osm - WARNING - ssr:stedsnr = 252861 has multiple (4) positions, using the first one!
utility_to_osm - WARNING - ssr:stedsnr = 252871 has multiple (3) positions, using the first one!
utility_to_osm - WARNING - ssr:stedsnr = 252873 has multiple (3) positions, using the first one!
utility_to_osm - WARNING - ssr:stedsnr = 252891: No priority spelling found for lang = no, using alt_name to get "[('no', 'Svartasva')]"
utility_to_osm - WARNING - ssr:stedsnr = 252891 has multiple (4) positions, using the first one!
utility_to_osm - WARNING - ssr:stedsnr = 252978: No priority spelling found for lang = no, using alt_name to get "[('no', 'Nummeskar')]"
utility_to_osm - WARNING - ssr:stedsnr = 252978 has multiple (3) positions, using the first one!
utility_to_osm - WARNING - ssr:stedsnr = 252981 has multiple (3) positions, using the first one!
utility_to_osm - WARNING - ssr:stedsnr = 252950 has multiple (2) positions, using the first one!
utility_to_osm - WARNING - ssr:stedsnr = 252972 has multiple (3) positions, using the first one!
utility_to_osm - WARNING - ssr:stedsnr = 253024 has multiple (3) positions, using the first one!
utility_to_osm - WARNING - ssr:stedsnr = 253058 has multiple (4) positions, using the first one!
utility_to_osm - WARNING - ssr:stedsnr = 253069 has multiple (3) positions, using the first one!
utility_to_osm - WARNING - ssr:stedsnr = 253526 has multiple (2) positions, using the first one!
utility_to_osm - ERROR - ssr:stedsnr = 146090. No positions found, skipping
utility_to_osm - WARNING - ssr:stedsnr = 153927 has multiple (2) positions, using the first one!
utility_to_osm - WARNING - ssr:stedsnr = 154913 has multiple (2) positions, using the first one!
utility_to_osm - WARNING - ssr:stedsnr = 180965: No priority spelling found for lang = no, using alt_name to get "[('no', 'Fljotande')]"
utility_to_osm - WARNING - ssr:stedsnr = 189315 has multiple (4) positions, using the first one!
utility_to_osm - WARNING - ssr:stedsnr = 189281 has multiple (4) positions, using the first one!
utility_to_osm - WARNING - ssr:stedsnr = 189283 has multiple (4) positions, using the first one!
utility_to_osm - WARNING - ssr:stedsnr = 189724: No priority spelling found for lang = no, using alt_name to get "[('no', 'Lægdaskreda')]"
utility_to_osm - WARNING - ssr:stedsnr = 189724 has multiple (3) positions, using the first one!
utility_to_osm - WARNING - ssr:stedsnr = 189909 has multiple (3) positions, using the first one!
utility_to_osm - WARNING - ssr:stedsnr = 190206: No priority spelling found for lang = no, using alt_name to get "[('no', 'Raudboti')]"
utility_to_osm - WARNING - ssr:stedsnr = 190209 has multiple (4) positions, using the first one!
utility_to_osm - WARNING - ssr:stedsnr = 190210 has multiple (3) positions, using the first one!
utility_to_osm - WARNING - ssr:stedsnr = 190221 has multiple (3) positions, using the first one!
utility_to_osm - WARNING - ssr:stedsnr = 190223: No priority spelling found for lang = no, using alt_name to get "[('no', 'Sandsteigelvi')]"
utility_to_osm - WARNING - ssr:stedsnr = 190223 has multiple (5) positions, using the first one!
utility_to_osm - WARNING - ssr:stedsnr = 190710 has multiple (2) positions, using the first one!
utility_to_osm - WARNING - ssr:stedsnr = 190856 has multiple (4) positions, using the first one!
utility_to_osm - WARNING - ssr:stedsnr = 190862: No priority spelling found for lang = no, using alt_name to get "[('no', 'Langemyri')]"
utility_to_osm - WARNING - ssr:stedsnr = 190862 has multiple (3) positions, using the first one!
utility_to_osm - WARNING - ssr:stedsnr = 190873 has multiple (4) positions, using the first one!
utility_to_osm - WARNING - ssr:stedsnr = 190907 has multiple (3) positions, using the first one!
utility_to_osm - WARNING - ssr:stedsnr = 190909 has multiple (3) positions, using the first one!
utility_to_osm - WARNING - ssr:stedsnr = 190918 has multiple (4) positions, using the first one!
utility_to_osm - WARNING - ssr:stedsnr = 190921 has multiple (3) positions, using the first one!
utility_to_osm - WARNING - ssr:stedsnr = 190972 has multiple (3) positions, using the first one!
utility_to_osm - WARNING - ssr:stedsnr = 190979 has multiple (2) positions, using the first one!
utility_to_osm - WARNING - ssr:stedsnr = 191501: No priority spelling found for lang = no, using alt_name to get "[('no', 'Henjaelvi')]"
utility_to_osm - ERROR - ssr:stedsnr = 191501. No positions found, skipping
utility_to_osm - WARNING - ssr:stedsnr = 191607 has multiple (2) positions, using the first one!
utility_to_osm - WARNING - ssr:stedsnr = 191619 has multiple (2) positions, using the first one!
utility_to_osm - WARNING - ssr:stedsnr = 191627 has multiple (2) positions, using the first one!
utility_to_osm - WARNING - ssr:stedsnr = 191654 has multiple (2) positions, using the first one!
utility_to_osm - WARNING - ssr:stedsnr = 191507 has multiple (3) positions, using the first one!
utility_to_osm - WARNING - ssr:stedsnr = 191510 has multiple (2) positions, using the first one!
utility_to_osm - WARNING - ssr:stedsnr = 191854: No priority spelling found for lang = no, using alt_name to get "[('no', 'Skahaug')]"
utility_to_osm - WARNING - ssr:stedsnr = 191867 has multiple (2) positions, using the first one!
utility_to_osm - WARNING - ssr:stedsnr = 191873 has multiple (3) positions, using the first one!
utility_to_osm - WARNING - ssr:stedsnr = 192009 has multiple (4) positions, using the first one!
utility_to_osm - WARNING - ssr:stedsnr = 192020 has multiple (3) positions, using the first one!
utility_to_osm - WARNING - ssr:stedsnr = 192023 has multiple (3) positions, using the first one!
utility_to_osm - WARNING - ssr:stedsnr = 191798 has multiple (3) positions, using the first one!
utility_to_osm - WARNING - ssr:stedsnr = 191903 has multiple (3) positions, using the first one!
utility_to_osm - WARNING - ssr:stedsnr = 191914 has multiple (3) positions, using the first one!
utility_to_osm - WARNING - ssr:stedsnr = 263568: No priority spelling found for lang = no, using alt_name to get "[('no', 'Ytre Farnes')]"
utility_to_osm - WARNING - ssr:stedsnr = 263737: No priority spelling found for lang = no, using alt_name to get "[('no', 'Pipehaug')]"
utility_to_osm - WARNING - ssr:stedsnr = 263737 has multiple (4) positions, using the first one!
utility_to_osm - WARNING - ssr:stedsnr = 263671: No priority spelling found for lang = no, using alt_name to get "[('no', 'Bruvoll')]"
utility_to_osm - WARNING - ssr:stedsnr = 263671 has multiple (2) positions, using the first one!
utility_to_osm - WARNING - ssr:stedsnr = 263672: No priority spelling found for lang = no, using alt_name to get "[('no', 'Storebotn')]"
utility_to_osm - WARNING - ssr:stedsnr = 263672 has multiple (3) positions, using the first one!
utility_to_osm - WARNING - ssr:stedsnr = 263674: No priority spelling found for lang = no, using alt_name to get "[('no', 'Storaskrednipa')]"
utility_to_osm - WARNING - ssr:stedsnr = 263674 has multiple (3) positions, using the first one!
utility_to_osm - WARNING - ssr:stedsnr = 216630: No priority spelling found for lang = no, using alt_name to get "[('no', 'Skutlane')]"
utility_to_osm - WARNING - ssr:stedsnr = 216580: No priority spelling found for lang = no, using alt_name to get "[('no', 'Kappeldalen')]"
utility_to_osm - WARNING - ssr:stedsnr = 216926: No priority spelling found for lang = no, using alt_name to get "[('no', 'Tomasbritakjelda')]"
utility_to_osm - WARNING - ssr:stedsnr = 222929: No priority spelling found for lang = no, using alt_name to get "[('no', 'Haugatjørni')]"
utility_to_osm - WARNING - ssr:stedsnr = 241987: No priority spelling found for lang = no, using alt_name to get "[('no', 'Svahaug')]"
utility_to_osm - WARNING - ssr:stedsnr = 241988: No priority spelling found for lang = no, using alt_name to get "[('no', 'Lushovden')]"
utility_to_osm - WARNING - ssr:stedsnr = 252911: No priority spelling found for lang = no, using alt_name to get "[('no', 'Gjerde')]"
utility_to_osm - WARNING - ssr:stedsnr = 252924 has multiple (3) positions, using the first one!
utility_to_osm - WARNING - ssr:stedsnr = 253118 has multiple (3) positions, using the first one!
utility_to_osm - WARNING - ssr:stedsnr = 253125 has multiple (2) positions, using the first one!
utility_to_osm - WARNING - ssr:stedsnr = 457670 has multiple (2) positions, using the first one!
utility_to_osm - WARNING - ssr:stedsnr = 275987 has multiple (2) positions, using the first one!
utility_to_osm - WARNING - ssr:stedsnr = 277234 has multiple (2) positions, using the first one!
utility_to_osm - WARNING - ssr:stedsnr = 288280 has multiple (2) positions, using the first one!
utility_to_osm - WARNING - ssr:stedsnr = 465944: No priority spelling found for lang = no, using alt_name to get "[('no', 'Korrane')]"
utility_to_osm - WARNING - ssr:stedsnr = 311176 has multiple (2) positions, using the first one!
utility_to_osm - WARNING - ssr:stedsnr = 311177 has multiple (2) positions, using the first one!
utility_to_osm - WARNING - ssr:stedsnr = 311180 has multiple (3) positions, using the first one!
utility_to_osm - WARNING - ssr:stedsnr = 311203 has multiple (4) positions, using the first one!
utility_to_osm - WARNING - ssr:stedsnr = 311274 has multiple (5) positions, using the first one!
utility_to_osm - WARNING - ssr:stedsnr = 311282 has multiple (2) positions, using the first one!
utility_to_osm - WARNING - ssr:stedsnr = 311508: No priority spelling found for lang = no, using alt_name to get "[('no', 'Stenageimsvotni')]"
utility_to_osm - WARNING - ssr:stedsnr = 311427 has multiple (2) positions, using the first one!
utility_to_osm - WARNING - ssr:stedsnr = 311804: No priority spelling found for lang = no, using alt_name to get "[('no', 'Moldskreddalen')]"
utility_to_osm - WARNING - ssr:stedsnr = 311804 has multiple (5) positions, using the first one!
utility_to_osm - WARNING - ssr:stedsnr = 311869: No priority spelling found for lang = no, using alt_name to get "[('no', 'Pallskreda')]"
utility_to_osm - WARNING - ssr:stedsnr = 311869 has multiple (4) positions, using the first one!
utility_to_osm - WARNING - ssr:stedsnr = 311885: No priority spelling found for lang = no, using alt_name to get "[('no', 'Skarhola')]"
utility_to_osm - WARNING - ssr:stedsnr = 311885 has multiple (4) positions, using the first one!
utility_to_osm - WARNING - ssr:stedsnr = 311888 has multiple (2) positions, using the first one!
utility_to_osm - WARNING - ssr:stedsnr = 311771 has multiple (2) positions, using the first one!
utility_to_osm - WARNING - ssr:stedsnr = 311913 has multiple (3) positions, using the first one!
utility_to_osm - WARNING - ssr:stedsnr = 311966 has multiple (3) positions, using the first one!
utility_to_osm - WARNING - ssr:stedsnr = 311968: No priority spelling found for lang = no, using alt_name to get "[('no', 'Storestein')]"
utility_to_osm - WARNING - ssr:stedsnr = 311968 has multiple (3) positions, using the first one!
utility_to_osm - WARNING - ssr:stedsnr = 311973 has multiple (2) positions, using the first one!
utility_to_osm - WARNING - ssr:stedsnr = 311977 has multiple (4) positions, using the first one!
utility_to_osm - WARNING - ssr:stedsnr = 311981 has multiple (3) positions, using the first one!
utility_to_osm - WARNING - ssr:stedsnr = 311983: No priority spelling found for lang = no, using alt_name to get "[('no', 'Homrane')]"
utility_to_osm - WARNING - ssr:stedsnr = 311993 has multiple (5) positions, using the first one!
utility_to_osm - WARNING - ssr:stedsnr = 312306 has multiple (2) positions, using the first one!
utility_to_osm - WARNING - ssr:stedsnr = 312469 has multiple (3) positions, using the first one!
utility_to_osm - WARNING - ssr:stedsnr = 312624 has multiple (2) positions, using the first one!
utility_to_osm - WARNING - ssr:stedsnr = 312628 has multiple (2) positions, using the first one!
utility_to_osm - WARNING - ssr:stedsnr = 312821 has multiple (2) positions, using the first one!
utility_to_osm - WARNING - ssr:stedsnr = 312904 has multiple (3) positions, using the first one!
utility_to_osm - WARNING - ssr:stedsnr = 312977 has multiple (3) positions, using the first one!
utility_to_osm - WARNING - ssr:stedsnr = 312982 has multiple (3) positions, using the first one!
utility_to_osm - WARNING - ssr:stedsnr = 313104: No priority spelling found for lang = no, using alt_name to get "[('no', 'Vedlegjerdet')]"
utility_to_osm - WARNING - ssr:stedsnr = 313167 has multiple (5) positions, using the first one!
utility_to_osm - WARNING - ssr:stedsnr = 312867 has multiple (2) positions, using the first one!
utility_to_osm - WARNING - ssr:stedsnr = 313004 has multiple (4) positions, using the first one!
utility_to_osm - WARNING - ssr:stedsnr = 313022 has multiple (3) positions, using the first one!
utility_to_osm - WARNING - ssr:stedsnr = 313025 has multiple (3) positions, using the first one!
utility_to_osm - WARNING - ssr:stedsnr = 313027 has multiple (2) positions, using the first one!
utility_to_osm - WARNING - ssr:stedsnr = 313071 has multiple (3) positions, using the first one!
utility_to_osm - WARNING - ssr:stedsnr = 313465 has multiple (3) positions, using the first one!
utility_to_osm - WARNING - ssr:stedsnr = 313476 has multiple (2) positions, using the first one!
utility_to_osm - WARNING - ssr:stedsnr = 313477 has multiple (4) positions, using the first one!
utility_to_osm - WARNING - ssr:stedsnr = 313484 has multiple (3) positions, using the first one!
utility_to_osm - WARNING - ssr:stedsnr = 313488 has multiple (2) positions, using the first one!
utility_to_osm - WARNING - ssr:stedsnr = 324722: No priority spelling found for lang = no, using alt_name to get "[('no', 'Krekane')]"
utility_to_osm - WARNING - ssr:stedsnr = 324722 has multiple (4) positions, using the first one!
utility_to_osm - ERROR - ssr:stedsnr = 469132. No positions found, skipping
utility_to_osm - WARNING - ssr:stedsnr = 329721: No priority spelling found for lang = no, using alt_name to get "[('no', 'Gaularfjellet')]"
utility_to_osm - WARNING - ssr:stedsnr = 470453: No priority spelling found for lang = no, using alt_name to get "[('no', 'Hodlekve kulvert')]"
utility_to_osm - WARNING - ssr:stedsnr = 371121 has multiple (3) positions, using the first one!
utility_to_osm - WARNING - ssr:stedsnr = 371126 has multiple (2) positions, using the first one!
utility_to_osm - WARNING - ssr:stedsnr = 371311 has multiple (4) positions, using the first one!
utility_to_osm - WARNING - ssr:stedsnr = 371314 has multiple (5) positions, using the first one!
utility_to_osm - WARNING - ssr:stedsnr = 371328 has multiple (6) positions, using the first one!
utility_to_osm - WARNING - ssr:stedsnr = 371718 has multiple (3) positions, using the first one!
utility_to_osm - WARNING - ssr:stedsnr = 371726: No priority spelling found for lang = no, using alt_name to get "[('no', 'Tverrbotnen')]"
utility_to_osm - WARNING - ssr:stedsnr = 371726 has multiple (3) positions, using the first one!
utility_to_osm - WARNING - ssr:stedsnr = 371728 has multiple (4) positions, using the first one!
utility_to_osm - WARNING - ssr:stedsnr = 371760: No priority spelling found for lang = no, using alt_name to get "[('no', 'Sværadalen')]"
utility_to_osm - WARNING - ssr:stedsnr = 371760 has multiple (5) positions, using the first one!
utility_to_osm - WARNING - ssr:stedsnr = 371908 has multiple (4) positions, using the first one!
utility_to_osm - WARNING - ssr:stedsnr = 371912: No priority spelling found for lang = no, using alt_name to get "[('no', 'Jordalsnipa')]"
utility_to_osm - WARNING - ssr:stedsnr = 371912 has multiple (3) positions, using the first one!
utility_to_osm - WARNING - ssr:stedsnr = 371959 has multiple (3) positions, using the first one!
utility_to_osm - WARNING - ssr:stedsnr = 371966 has multiple (3) positions, using the first one!
utility_to_osm - WARNING - ssr:stedsnr = 372166 has multiple (4) positions, using the first one!
utility_to_osm - WARNING - ssr:stedsnr = 372209 has multiple (4) positions, using the first one!
utility_to_osm - WARNING - ssr:stedsnr = 372216: No priority spelling found for lang = no, using alt_name to get "[('no', 'Styggebotn')]"
utility_to_osm - WARNING - ssr:stedsnr = 372216 has multiple (4) positions, using the first one!
utility_to_osm - WARNING - ssr:stedsnr = 372222 has multiple (3) positions, using the first one!
utility_to_osm - WARNING - ssr:stedsnr = 372225 has multiple (4) positions, using the first one!
utility_to_osm - WARNING - ssr:stedsnr = 372511 has multiple (4) positions, using the first one!
utility_to_osm - WARNING - ssr:stedsnr = 372805: No priority spelling found for lang = no, using alt_name to get "[('no', 'Langateig')]"
utility_to_osm - WARNING - ssr:stedsnr = 372849 has multiple (4) positions, using the first one!
utility_to_osm - WARNING - ssr:stedsnr = 372860 has multiple (3) positions, using the first one!
utility_to_osm - WARNING - ssr:stedsnr = 373063 has multiple (3) positions, using the first one!
utility_to_osm - WARNING - ssr:stedsnr = 373065 has multiple (3) positions, using the first one!
utility_to_osm - WARNING - ssr:stedsnr = 373298 has multiple (3) positions, using the first one!
utility_to_osm - WARNING - ssr:stedsnr = 373550: No priority spelling found for lang = no, using alt_name to get "[('no', 'Hest')]"
utility_to_osm - WARNING - ssr:stedsnr = 373560 has multiple (3) positions, using the first one!
utility_to_osm - WARNING - ssr:stedsnr = 373565 has multiple (2) positions, using the first one!
utility_to_osm - WARNING - ssr:stedsnr = 373712 has multiple (2) positions, using the first one!
utility_to_osm - WARNING - ssr:stedsnr = 373650 has multiple (2) positions, using the first one!
utility_to_osm - WARNING - ssr:stedsnr = 373914 has multiple (3) positions, using the first one!
utility_to_osm - WARNING - ssr:stedsnr = 373922 has multiple (6) positions, using the first one!
utility_to_osm - WARNING - ssr:stedsnr = 373928: No priority spelling found for lang = no, using alt_name to get "[('no', 'Korahola')]"
utility_to_osm - WARNING - ssr:stedsnr = 373950 has multiple (3) positions, using the first one!
utility_to_osm - WARNING - ssr:stedsnr = 373994 has multiple (3) positions, using the first one!
utility_to_osm - WARNING - ssr:stedsnr = 374021 has multiple (3) positions, using the first one!
utility_to_osm - WARNING - ssr:stedsnr = 374092 has multiple (4) positions, using the first one!
utility_to_osm - WARNING - ssr:stedsnr = 384451: No priority spelling found for lang = no, using alt_name to get "[('no', 'Bergsbrui')]"
utility_to_osm - ERROR - ssr:stedsnr = 384451. No positions found, skipping
utility_to_osm - WARNING - ssr:stedsnr = 384722: No priority spelling found for lang = no, using alt_name to get "[('no', 'Bleiehaug')]"
utility_to_osm - WARNING - ssr:stedsnr = 384722 has multiple (4) positions, using the first one!
utility_to_osm - WARNING - ssr:stedsnr = 391192 has multiple (2) positions, using the first one!
utility_to_osm - WARNING - ssr:stedsnr = 396533 has multiple (2) positions, using the first one!
utility_to_osm - WARNING - ssr:stedsnr = 396588 has multiple (2) positions, using the first one!
utility_to_osm - WARNING - ssr:stedsnr = 494868 has multiple (2) positions, using the first one!
utility_to_osm - WARNING - ssr:stedsnr = 484989: No priority spelling found for lang = no, using alt_name to get "[('no', 'Bogagrovi')]"
utility_to_osm - WARNING - ssr:stedsnr = 484995: No priority spelling found for lang = no, using alt_name to get "[('no', 'Bjørgahaug')]"
utility_to_osm - WARNING - ssr:stedsnr = 494880 has multiple (3) positions, using the first one!
utility_to_osm - WARNING - ssr:stedsnr = 423996: No priority spelling found for lang = no, using alt_name to get "[('no', 'Vasslihaugane')]"
utility_to_osm - WARNING - ssr:stedsnr = 432142: No priority spelling found for lang = no, using alt_name to get "[('no', 'Børtnesholten')]"
utility_to_osm - WARNING - ssr:stedsnr = 432142 has multiple (3) positions, using the first one!
utility_to_osm - WARNING - ssr:stedsnr = 432145 has multiple (4) positions, using the first one!
utility_to_osm - WARNING - ssr:stedsnr = 432149: No priority spelling found for lang = no, using alt_name to get "[('no', 'Fagreggi')]"
utility_to_osm - WARNING - ssr:stedsnr = 432149 has multiple (3) positions, using the first one!
utility_to_osm - WARNING - ssr:stedsnr = 432310 has multiple (4) positions, using the first one!
utility_to_osm - WARNING - ssr:stedsnr = 432392 has multiple (4) positions, using the first one!
utility_to_osm - WARNING - ssr:stedsnr = 432395: No priority spelling found for lang = no, using alt_name to get "[('no', 'Høljarvollen')]"
utility_to_osm - WARNING - ssr:stedsnr = 432908 has multiple (4) positions, using the first one!
utility_to_osm - WARNING - ssr:stedsnr = 432891 has multiple (4) positions, using the first one!
utility_to_osm - WARNING - ssr:stedsnr = 433189 has multiple (3) positions, using the first one!
utility_to_osm - WARNING - ssr:stedsnr = 433331 has multiple (3) positions, using the first one!
utility_to_osm - WARNING - ssr:stedsnr = 433202: No priority spelling found for lang = no, using alt_name to get "[('no', 'Rabbaskreda')]"
utility_to_osm - WARNING - ssr:stedsnr = 433202 has multiple (4) positions, using the first one!
utility_to_osm - WARNING - ssr:stedsnr = 433203 has multiple (3) positions, using the first one!
utility_to_osm - WARNING - ssr:stedsnr = 433224 has multiple (3) positions, using the first one!
utility_to_osm - WARNING - ssr:stedsnr = 433413 has multiple (5) positions, using the first one!
utility_to_osm - WARNING - ssr:stedsnr = 433513: No priority spelling found for lang = no, using alt_name to get "[('no', 'Røsebotna')]"
utility_to_osm - WARNING - ssr:stedsnr = 433513 has multiple (4) positions, using the first one!
utility_to_osm - WARNING - ssr:stedsnr = 433714 has multiple (2) positions, using the first one!
utility_to_osm - WARNING - ssr:stedsnr = 433808 has multiple (2) positions, using the first one!
utility_to_osm - WARNING - ssr:stedsnr = 433839 has multiple (4) positions, using the first one!
utility_to_osm - WARNING - ssr:stedsnr = 433776: No priority spelling found for lang = no, using alt_name to get "[('no', 'Sværaskaret')]"
utility_to_osm - WARNING - ssr:stedsnr = 433776 has multiple (2) positions, using the first one!
utility_to_osm - WARNING - ssr:stedsnr = 433911 has multiple (4) positions, using the first one!
utility_to_osm - WARNING - ssr:stedsnr = 434498: No priority spelling found for lang = no, using alt_name to get "[('no', 'Blankavatni')]"
utility_to_osm - WARNING - ssr:stedsnr = 434525 has multiple (4) positions, using the first one!
utility_to_osm - WARNING - ssr:stedsnr = 434921 has multiple (2) positions, using the first one!
utility_to_osm - WARNING - ssr:stedsnr = 434923 has multiple (3) positions, using the first one!
utility_to_osm - WARNING - ssr:stedsnr = 434926 has multiple (3) positions, using the first one!
utility_to_osm - WARNING - ssr:stedsnr = 435000 has multiple (3) positions, using the first one!
utility_to_osm - WARNING - ssr:stedsnr = 435117 has multiple (3) positions, using the first one!
utility_to_osm - WARNING - ssr:stedsnr = 435119 has multiple (3) positions, using the first one!
utility_to_osm - WARNING - ssr:stedsnr = 435130 has multiple (2) positions, using the first one!
utility_to_osm - WARNING - ssr:stedsnr = 435017 has multiple (3) positions, using the first one!
utility_to_osm - WARNING - ssr:stedsnr = 435019 has multiple (2) positions, using the first one!
utility_to_osm - WARNING - ssr:stedsnr = 435065 has multiple (3) positions, using the first one!
utility_to_osm - WARNING - ssr:stedsnr = 435066 has multiple (3) positions, using the first one!
utility_to_osm - WARNING - ssr:stedsnr = 435068 has multiple (3) positions, using the first one!
utility_to_osm - WARNING - ssr:stedsnr = 435072 has multiple (2) positions, using the first one!
utility_to_osm - WARNING - ssr:stedsnr = 435077 has multiple (2) positions, using the first one!
utility_to_osm - WARNING - ssr:stedsnr = 435079 has multiple (3) positions, using the first one!
utility_to_osm - WARNING - ssr:stedsnr = 435083 has multiple (3) positions, using the first one!
utility_to_osm - WARNING - ssr:stedsnr = 435520 has multiple (5) positions, using the first one!
utility_to_osm - WARNING - ssr:stedsnr = 493393 has multiple (3) positions, using the first one!
utility_to_osm - WARNING - ssr:stedsnr = 492900: No priority spelling found for lang = no, using alt_name to get "[('no', 'Geitaryggen')]"
utility_to_osm - WARNING - ssr:stedsnr = 492900 has multiple (3) positions, using the first one!
utility_to_osm - WARNING - ssr:stedsnr = 493145: No priority spelling found for lang = no, using alt_name to get "[('no', 'Myrdalsvotni')]"
utility_to_osm - WARNING - ssr:stedsnr = 493162 has multiple (4) positions, using the first one!
utility_to_osm - WARNING - ssr:stedsnr = 493230 has multiple (3) positions, using the first one!
utility_to_osm - WARNING - ssr:stedsnr = 493238 has multiple (3) positions, using the first one!
utility_to_osm - WARNING - ssr:stedsnr = 493240 has multiple (2) positions, using the first one!
utility_to_osm - WARNING - ssr:stedsnr = 493330 has multiple (5) positions, using the first one!
utility_to_osm - WARNING - ssr:stedsnr = 493340 has multiple (3) positions, using the first one!
utility_to_osm - WARNING - ssr:stedsnr = 493343 has multiple (3) positions, using the first one!
utility_to_osm - WARNING - ssr:stedsnr = 493775 has multiple (3) positions, using the first one!
utility_to_osm - WARNING - ssr:stedsnr = 493776 has multiple (3) positions, using the first one!
utility_to_osm - WARNING - ssr:stedsnr = 493717 has multiple (4) positions, using the first one!
utility_to_osm - WARNING - ssr:stedsnr = 493788: No priority spelling found for lang = no, using alt_name to get "[('no', 'Stølsskreda')]"
utility_to_osm - WARNING - ssr:stedsnr = 493788 has multiple (3) positions, using the first one!
utility_to_osm - WARNING - ssr:stedsnr = 493793 has multiple (4) positions, using the first one!
utility_to_osm - WARNING - ssr:stedsnr = 493892: No priority spelling found for lang = no, using alt_name to get "[('no', 'Midtgretta')]"
utility_to_osm - WARNING - ssr:stedsnr = 493892 has multiple (4) positions, using the first one!
utility_to_osm - WARNING - ssr:stedsnr = 493856 has multiple (3) positions, using the first one!
utility_to_osm - WARNING - ssr:stedsnr = 493859 has multiple (2) positions, using the first one!
utility_to_osm - WARNING - ssr:stedsnr = 493861: No priority spelling found for lang = no, using alt_name to get "[('no', 'Krokagilja')]"
utility_to_osm - WARNING - ssr:stedsnr = 493861 has multiple (2) positions, using the first one!
utility_to_osm - WARNING - ssr:stedsnr = 493957: No priority spelling found for lang = no, using alt_name to get "[('no', 'Heimastølen')]"
utility_to_osm - WARNING - ssr:stedsnr = 493957 has multiple (3) positions, using the first one!
utility_to_osm - WARNING - ssr:stedsnr = 493959: No priority spelling found for lang = no, using alt_name to get "[('no', 'Vikaeggene')]"
utility_to_osm - WARNING - ssr:stedsnr = 493959 has multiple (4) positions, using the first one!
utility_to_osm - WARNING - ssr:stedsnr = 493960 has multiple (4) positions, using the first one!
utility_to_osm - WARNING - ssr:stedsnr = 493984: No priority spelling found for lang = no, using alt_name to get "[('no', 'Jordalsdalen')]"
utility_to_osm - WARNING - ssr:stedsnr = 493984 has multiple (5) positions, using the first one!
utility_to_osm - WARNING - ssr:stedsnr = 493985 has multiple (3) positions, using the first one!
utility_to_osm - WARNING - ssr:stedsnr = 493988 has multiple (3) positions, using the first one!
utility_to_osm - WARNING - ssr:stedsnr = 493989 has multiple (5) positions, using the first one!
utility_to_osm - WARNING - ssr:stedsnr = 494292 has multiple (2) positions, using the first one!
utility_to_osm - WARNING - ssr:stedsnr = 494896 has multiple (3) positions, using the first one!
utility_to_osm - WARNING - ssr:stedsnr = 494501 has multiple (3) positions, using the first one!
utility_to_osm - WARNING - ssr:stedsnr = 494630 has multiple (2) positions, using the first one!
utility_to_osm - WARNING - ssr:stedsnr = 494748 has multiple (3) positions, using the first one!
utility_to_osm - WARNING - ssr:stedsnr = 457365 has multiple (2) positions, using the first one!
utility_to_osm - WARNING - ssr:stedsnr = 675831: No priority spelling found for lang = no, using alt_name to get "[('no', 'Stølsskrednipa')]"
utility_to_osm - WARNING - ssr:stedsnr = 675831 has multiple (3) positions, using the first one!
utility_to_osm - WARNING - ssr:stedsnr = 675832 has multiple (3) positions, using the first one!
utility_to_osm - WARNING - ssr:stedsnr = 675276: No priority spelling found for lang = no, using alt_name to get "[('no', 'Hammarsnes')]"
utility_to_osm - WARNING - ssr:stedsnr = 675277 has multiple (2) positions, using the first one!
utility_to_osm - WARNING - ssr:stedsnr = 675220 has multiple (3) positions, using the first one!
utility_to_osm - WARNING - ssr:stedsnr = 675230 has multiple (4) positions, using the first one!
utility_to_osm - WARNING - ssr:stedsnr = 675288 has multiple (3) positions, using the first one!
utility_to_osm - WARNING - ssr:stedsnr = 675375 has multiple (5) positions, using the first one!
utility_to_osm - WARNING - ssr:stedsnr = 675377 has multiple (3) positions, using the first one!
utility_to_osm - WARNING - ssr:stedsnr = 675378 has multiple (4) positions, using the first one!
utility_to_osm - WARNING - ssr:stedsnr = 675783: No priority spelling found for lang = no, using alt_name to get "[('no', 'Feten')]"
utility_to_osm - WARNING - ssr:stedsnr = 675784: No priority spelling found for lang = no, using alt_name to get "[('no', 'Eiki')]"
utility_to_osm - WARNING - ssr:stedsnr = 675856: No priority spelling found for lang = no, using alt_name to get "[('no', 'Vetla Supphellenipa')]"
utility_to_osm - WARNING - ssr:stedsnr = 675856 has multiple (2) positions, using the first one!
utility_to_osm - WARNING - ssr:stedsnr = 675869 has multiple (3) positions, using the first one!
utility_to_osm - WARNING - ssr:stedsnr = 675951 has multiple (3) positions, using the first one!
utility_to_osm - WARNING - ssr:stedsnr = 675938 has multiple (3) positions, using the first one!
utility_to_osm - WARNING - ssr:stedsnr = 675959 has multiple (4) positions, using the first one!
utility_to_osm - WARNING - ssr:stedsnr = 675963 has multiple (4) positions, using the first one!
utility_to_osm - WARNING - ssr:stedsnr = 675972: No priority spelling found for lang = no, using alt_name to get "[('no', 'Beitahaugane')]"
utility_to_osm - WARNING - ssr:stedsnr = 675972 has multiple (4) positions, using the first one!
utility_to_osm - WARNING - ssr:stedsnr = 675977 has multiple (5) positions, using the first one!
utility_to_osm - WARNING - ssr:stedsnr = 675978: No priority spelling found for lang = no, using alt_name to get "[('no', 'Jordal')]"
utility_to_osm - WARNING - ssr:stedsnr = 676727 has multiple (2) positions, using the first one!
utility_to_osm - WARNING - ssr:stedsnr = 676896 has multiple (3) positions, using the first one!
utility_to_osm - WARNING - ssr:stedsnr = 676924 has multiple (3) positions, using the first one!
utility_to_osm - WARNING - ssr:stedsnr = 676951 has multiple (3) positions, using the first one!
utility_to_osm - WARNING - ssr:stedsnr = 676878 has multiple (3) positions, using the first one!
utility_to_osm - WARNING - ssr:stedsnr = 677008 has multiple (3) positions, using the first one!
utility_to_osm - WARNING - ssr:stedsnr = 677046 has multiple (2) positions, using the first one!
utility_to_osm - WARNING - ssr:stedsnr = 677059 has multiple (3) positions, using the first one!
utility_to_osm - WARNING - ssr:stedsnr = 677025 has multiple (3) positions, using the first one!
utility_to_osm - WARNING - ssr:stedsnr = 677027 has multiple (2) positions, using the first one!
utility_to_osm - WARNING - ssr:stedsnr = 677545 has multiple (3) positions, using the first one!
utility_to_osm - WARNING - ssr:stedsnr = 677547 has multiple (4) positions, using the first one!
utility_to_osm - WARNING - ssr:stedsnr = 677549 has multiple (3) positions, using the first one!
utility_to_osm - WARNING - ssr:stedsnr = 677772 has multiple (4) positions, using the first one!
utility_to_osm - WARNING - ssr:stedsnr = 677966 has multiple (3) positions, using the first one!
utility_to_osm - WARNING - ssr:stedsnr = 677969 has multiple (3) positions, using the first one!
utility_to_osm - WARNING - ssr:stedsnr = 492395 has multiple (4) positions, using the first one!
utility_to_osm - WARNING - ssr:stedsnr = 492725 has multiple (2) positions, using the first one!
utility_to_osm - WARNING - ssr:stedsnr = 493216 has multiple (3) positions, using the first one!
utility_to_osm - WARNING - ssr:stedsnr = 493171: No priority spelling found for lang = no, using alt_name to get "[('no', 'Bollesteinshamrane')]"
utility_to_osm - WARNING - ssr:stedsnr = 493171 has multiple (4) positions, using the first one!
utility_to_osm - WARNING - ssr:stedsnr = 493176 has multiple (4) positions, using the first one!
utility_to_osm - WARNING - ssr:stedsnr = 493177 has multiple (4) positions, using the first one!
utility_to_osm - WARNING - ssr:stedsnr = 493418 has multiple (3) positions, using the first one!
utility_to_osm - WARNING - ssr:stedsnr = 493420: No priority spelling found for lang = no, using alt_name to get "[('no', 'Hodlekvestølen')]"
utility_to_osm - WARNING - ssr:stedsnr = 493420 has multiple (3) positions, using the first one!
utility_to_osm - WARNING - ssr:stedsnr = 493486 has multiple (4) positions, using the first one!
utility_to_osm - WARNING - ssr:stedsnr = 493902: No priority spelling found for lang = no, using alt_name to get "[('no', 'Skredene')]"
utility_to_osm - WARNING - ssr:stedsnr = 493902 has multiple (3) positions, using the first one!
utility_to_osm - WARNING - ssr:stedsnr = 493906 has multiple (4) positions, using the first one!
utility_to_osm - WARNING - ssr:stedsnr = 493911: No priority spelling found for lang = no, using alt_name to get "[('no', 'Hamradalen')]"
utility_to_osm - WARNING - ssr:stedsnr = 493911 has multiple (4) positions, using the first one!
utility_to_osm - WARNING - ssr:stedsnr = 493914 has multiple (3) positions, using the first one!
utility_to_osm - WARNING - ssr:stedsnr = 493917 has multiple (4) positions, using the first one!
utility_to_osm - WARNING - ssr:stedsnr = 493946: No priority spelling found for lang = no, using alt_name to get "[('no', 'Nonshaugen')]"
utility_to_osm - WARNING - ssr:stedsnr = 493946 has multiple (3) positions, using the first one!
utility_to_osm - WARNING - ssr:stedsnr = 493950 has multiple (3) positions, using the first one!
utility_to_osm - WARNING - ssr:stedsnr = 493824: No priority spelling found for lang = no, using alt_name to get "[('no', 'Eikjadalen')]"
utility_to_osm - WARNING - ssr:stedsnr = 493824 has multiple (2) positions, using the first one!
utility_to_osm - WARNING - ssr:stedsnr = 493835 has multiple (2) positions, using the first one!
utility_to_osm - WARNING - ssr:stedsnr = 493839: No priority spelling found for lang = no, using alt_name to get "[('no', 'Jølstrabotn')]"
utility_to_osm - WARNING - ssr:stedsnr = 493839 has multiple (4) positions, using the first one!
utility_to_osm - WARNING - ssr:stedsnr = 493872 has multiple (3) positions, using the first one!
utility_to_osm - WARNING - ssr:stedsnr = 493882 has multiple (3) positions, using the first one!
utility_to_osm - WARNING - ssr:stedsnr = 494511: No priority spelling found for lang = no, using alt_name to get "[('no', 'Reiseta')]"
utility_to_osm - WARNING - ssr:stedsnr = 494511 has multiple (4) positions, using the first one!
utility_to_osm - WARNING - ssr:stedsnr = 494520 has multiple (3) positions, using the first one!
utility_to_osm - WARNING - ssr:stedsnr = 494661 has multiple (4) positions, using the first one!
utility_to_osm - WARNING - ssr:stedsnr = 494914 has multiple (2) positions, using the first one!
utility_to_osm - WARNING - ssr:stedsnr = 494934 has multiple (3) positions, using the first one!
utility_to_osm - WARNING - ssr:stedsnr = 494941: No priority spelling found for lang = no, using alt_name to get "[('no', 'Rjupeskar')]"
utility_to_osm - WARNING - ssr:stedsnr = 495012 has multiple (2) positions, using the first one!
utility_to_osm - WARNING - ssr:stedsnr = 495028 has multiple (6) positions, using the first one!
utility_to_osm - WARNING - ssr:stedsnr = 495031 has multiple (2) positions, using the first one!
utility_to_osm - WARNING - ssr:stedsnr = 495039 has multiple (4) positions, using the first one!
utility_to_osm - WARNING - ssr:stedsnr = 495066 has multiple (3) positions, using the first one!
utility_to_osm - WARNING - ssr:stedsnr = 495079 has multiple (3) positions, using the first one!
utility_to_osm - WARNING - ssr:stedsnr = 495119 has multiple (3) positions, using the first one!
utility_to_osm - WARNING - ssr:stedsnr = 495474 has multiple (3) positions, using the first one!
utility_to_osm - WARNING - ssr:stedsnr = 495475 has multiple (3) positions, using the first one!
utility_to_osm - WARNING - ssr:stedsnr = 495476 has multiple (3) positions, using the first one!
utility_to_osm - WARNING - ssr:stedsnr = 495957 has multiple (3) positions, using the first one!
utility_to_osm - WARNING - ssr:stedsnr = 495961 has multiple (3) positions, using the first one!
utility_to_osm - WARNING - ssr:stedsnr = 495964 has multiple (3) positions, using the first one!
utility_to_osm - WARNING - ssr:stedsnr = 506504: No priority spelling found for lang = no, using alt_name to get "[('no', 'Gunvordalsbrui')]"
utility_to_osm - WARNING - ssr:stedsnr = 506717: No priority spelling found for lang = no, using alt_name to get "[('no', 'Husbyggjefjellet')]"
utility_to_osm - WARNING - ssr:stedsnr = 506717 has multiple (5) positions, using the first one!
utility_to_osm - ERROR - ssr:stedsnr = 513196. No positions found, skipping
utility_to_osm - WARNING - ssr:stedsnr = 518417: No priority spelling found for lang = no, using alt_name to get "[('no', 'Saurane')]"
utility_to_osm - WARNING - ssr:stedsnr = 544987: No priority spelling found for lang = no, using alt_name to get "[('no', 'Kyrkja')]"
utility_to_osm - WARNING - ssr:stedsnr = 553144 has multiple (4) positions, using the first one!
utility_to_osm - WARNING - ssr:stedsnr = 553307 has multiple (4) positions, using the first one!
utility_to_osm - WARNING - ssr:stedsnr = 553321 has multiple (4) positions, using the first one!
utility_to_osm - WARNING - ssr:stedsnr = 553231 has multiple (4) positions, using the first one!
utility_to_osm - WARNING - ssr:stedsnr = 553778 has multiple (2) positions, using the first one!
utility_to_osm - WARNING - ssr:stedsnr = 553779: No priority spelling found for lang = no, using alt_name to get "[('no', 'Ulvastaddalen')]"
utility_to_osm - WARNING - ssr:stedsnr = 553779 has multiple (4) positions, using the first one!
utility_to_osm - WARNING - ssr:stedsnr = 553914: No priority spelling found for lang = no, using alt_name to get "[('no', 'Stora Tverrdalsvatnet')]"
utility_to_osm - WARNING - ssr:stedsnr = 553914 has multiple (4) positions, using the first one!
utility_to_osm - WARNING - ssr:stedsnr = 553934 has multiple (2) positions, using the first one!
utility_to_osm - WARNING - ssr:stedsnr = 553879: No priority spelling found for lang = no, using alt_name to get "[('no', 'Kvannholtnipa')]"
utility_to_osm - WARNING - ssr:stedsnr = 553879 has multiple (3) positions, using the first one!
utility_to_osm - WARNING - ssr:stedsnr = 553892 has multiple (3) positions, using the first one!
utility_to_osm - WARNING - ssr:stedsnr = 553894 has multiple (4) positions, using the first one!
utility_to_osm - WARNING - ssr:stedsnr = 554306 has multiple (3) positions, using the first one!
utility_to_osm - WARNING - ssr:stedsnr = 554509 has multiple (4) positions, using the first one!
utility_to_osm - WARNING - ssr:stedsnr = 554224 has multiple (3) positions, using the first one!
utility_to_osm - WARNING - ssr:stedsnr = 554844 has multiple (2) positions, using the first one!
utility_to_osm - WARNING - ssr:stedsnr = 554847: No priority spelling found for lang = no, using alt_name to get "[('no', 'Vatnaskredgrovi')]"
utility_to_osm - WARNING - ssr:stedsnr = 554847 has multiple (3) positions, using the first one!
utility_to_osm - WARNING - ssr:stedsnr = 554789 has multiple (3) positions, using the first one!
utility_to_osm - WARNING - ssr:stedsnr = 555032 has multiple (3) positions, using the first one!
utility_to_osm - WARNING - ssr:stedsnr = 555051 has multiple (3) positions, using the first one!
utility_to_osm - WARNING - ssr:stedsnr = 555082 has multiple (4) positions, using the first one!
utility_to_osm - WARNING - ssr:stedsnr = 555085 has multiple (2) positions, using the first one!
utility_to_osm - WARNING - ssr:stedsnr = 555001 has multiple (2) positions, using the first one!
utility_to_osm - WARNING - ssr:stedsnr = 555702 has multiple (2) positions, using the first one!
utility_to_osm - WARNING - ssr:stedsnr = 555905 has multiple (3) positions, using the first one!
utility_to_osm - WARNING - ssr:stedsnr = 555907: No priority spelling found for lang = no, using alt_name to get "[('no', 'Hjellene')]"
utility_to_osm - WARNING - ssr:stedsnr = 555907 has multiple (2) positions, using the first one!
utility_to_osm - WARNING - ssr:stedsnr = 688507: No priority spelling found for lang = no, using alt_name to get "[('no', 'Frudalsbrui')]"
utility_to_osm - ERROR - ssr:stedsnr = 688507. No positions found, skipping
utility_to_osm - WARNING - ssr:stedsnr = 555876 has multiple (4) positions, using the first one!
utility_to_osm - WARNING - ssr:stedsnr = 688666: No priority spelling found for lang = no, using alt_name to get "[('no', 'Tverrdøla')]"
utility_to_osm - WARNING - ssr:stedsnr = 688666 has multiple (3) positions, using the first one!
utility_to_osm - WARNING - ssr:stedsnr = 688670: No priority spelling found for lang = no, using alt_name to get "[('no', 'Mundalshaugen')]"
utility_to_osm - WARNING - ssr:stedsnr = 688670 has multiple (3) positions, using the first one!
utility_to_osm - WARNING - ssr:stedsnr = 578297 has multiple (2) positions, using the first one!
utility_to_osm - WARNING - ssr:stedsnr = 599748: No priority spelling found for lang = no, using alt_name to get "[('no', 'Røyrgata')]"
utility_to_osm - ERROR - ssr:stedsnr = 599748. No positions found, skipping
utility_to_osm - WARNING - ssr:stedsnr = 599758: No priority spelling found for lang = no, using alt_name to get "[('no', 'Ingahaugen')]"
utility_to_osm - WARNING - ssr:stedsnr = 599758 has multiple (2) positions, using the first one!
utility_to_osm - WARNING - ssr:stedsnr = 699945 has multiple (2) positions, using the first one!
utility_to_osm - WARNING - ssr:stedsnr = 699991 has multiple (2) positions, using the first one!
utility_to_osm - WARNING - ssr:stedsnr = 700889 has multiple (2) positions, using the first one!
utility_to_osm - WARNING - ssr:stedsnr = 614204 has multiple (2) positions, using the first one!
utility_to_osm - WARNING - ssr:stedsnr = 614205 has multiple (4) positions, using the first one!
utility_to_osm - WARNING - ssr:stedsnr = 614206 has multiple (4) positions, using the first one!
utility_to_osm - WARNING - ssr:stedsnr = 614210 has multiple (4) positions, using the first one!
utility_to_osm - WARNING - ssr:stedsnr = 614222 has multiple (4) positions, using the first one!
utility_to_osm - WARNING - ssr:stedsnr = 614250: No priority spelling found for lang = no, using alt_name to get "[('no', 'Heimastølen')]"
utility_to_osm - WARNING - ssr:stedsnr = 614250 has multiple (3) positions, using the first one!
utility_to_osm - WARNING - ssr:stedsnr = 614255 has multiple (5) positions, using the first one!
utility_to_osm - WARNING - ssr:stedsnr = 614152: No priority spelling found for lang = no, using alt_name to get "[('no', 'Helleberget')]"
utility_to_osm - WARNING - ssr:stedsnr = 614152 has multiple (3) positions, using the first one!
utility_to_osm - WARNING - ssr:stedsnr = 614156 has multiple (4) positions, using the first one!
utility_to_osm - WARNING - ssr:stedsnr = 614157 has multiple (3) positions, using the first one!
utility_to_osm - WARNING - ssr:stedsnr = 614305 has multiple (4) positions, using the first one!
utility_to_osm - WARNING - ssr:stedsnr = 614310 has multiple (3) positions, using the first one!
utility_to_osm - WARNING - ssr:stedsnr = 614311 has multiple (3) positions, using the first one!
utility_to_osm - WARNING - ssr:stedsnr = 614351 has multiple (4) positions, using the first one!
utility_to_osm - WARNING - ssr:stedsnr = 614355 has multiple (3) positions, using the first one!
utility_to_osm - WARNING - ssr:stedsnr = 614404 has multiple (4) positions, using the first one!
utility_to_osm - WARNING - ssr:stedsnr = 614411 has multiple (3) positions, using the first one!
utility_to_osm - WARNING - ssr:stedsnr = 614451 has multiple (4) positions, using the first one!
utility_to_osm - WARNING - ssr:stedsnr = 614471 has multiple (5) positions, using the first one!
utility_to_osm - WARNING - ssr:stedsnr = 614726: No priority spelling found for lang = no, using alt_name to get "[('no', 'Remaelvi')]"
utility_to_osm - WARNING - ssr:stedsnr = 614726 has multiple (2) positions, using the first one!
utility_to_osm - WARNING - ssr:stedsnr = 614815 has multiple (2) positions, using the first one!
utility_to_osm - WARNING - ssr:stedsnr = 614864 has multiple (3) positions, using the first one!
utility_to_osm - WARNING - ssr:stedsnr = 614867 has multiple (2) positions, using the first one!
utility_to_osm - WARNING - ssr:stedsnr = 614868 has multiple (4) positions, using the first one!
utility_to_osm - WARNING - ssr:stedsnr = 614904 has multiple (2) positions, using the first one!
utility_to_osm - WARNING - ssr:stedsnr = 614909: No priority spelling found for lang = no, using alt_name to get "[('no', 'Fremsta Ryssenipa')]"
utility_to_osm - WARNING - ssr:stedsnr = 614909 has multiple (4) positions, using the first one!
utility_to_osm - WARNING - ssr:stedsnr = 614920 has multiple (3) positions, using the first one!
utility_to_osm - WARNING - ssr:stedsnr = 614949: No priority spelling found for lang = no, using alt_name to get "[('no', 'Bukkhaldsneset')]"
utility_to_osm - WARNING - ssr:stedsnr = 614949 has multiple (4) positions, using the first one!
utility_to_osm - WARNING - ssr:stedsnr = 614953 has multiple (3) positions, using the first one!
utility_to_osm - WARNING - ssr:stedsnr = 614960 has multiple (3) positions, using the first one!
utility_to_osm - WARNING - ssr:stedsnr = 614961 has multiple (4) positions, using the first one!
utility_to_osm - WARNING - ssr:stedsnr = 614963: No priority spelling found for lang = no, using alt_name to get "[('no', 'Renndalsgjeli')]"
utility_to_osm - WARNING - ssr:stedsnr = 615542 has multiple (3) positions, using the first one!
utility_to_osm - WARNING - ssr:stedsnr = 615726 has multiple (2) positions, using the first one!
utility_to_osm - WARNING - ssr:stedsnr = 615896 has multiple (2) positions, using the first one!
utility_to_osm - WARNING - ssr:stedsnr = 616003: No priority spelling found for lang = no, using alt_name to get "[('no', 'Ølmheim')]"
utility_to_osm - WARNING - ssr:stedsnr = 616006 has multiple (3) positions, using the first one!
utility_to_osm - WARNING - ssr:stedsnr = 616013 has multiple (3) positions, using the first one!
utility_to_osm - WARNING - ssr:stedsnr = 616044 has multiple (2) positions, using the first one!
utility_to_osm - WARNING - ssr:stedsnr = 616052 has multiple (2) positions, using the first one!
utility_to_osm - WARNING - ssr:stedsnr = 615983 has multiple (3) positions, using the first one!
utility_to_osm - WARNING - ssr:stedsnr = 615986 has multiple (2) positions, using the first one!
utility_to_osm - WARNING - ssr:stedsnr = 615991 has multiple (4) positions, using the first one!
utility_to_osm - WARNING - ssr:stedsnr = 615993 has multiple (2) positions, using the first one!
utility_to_osm - WARNING - ssr:stedsnr = 616114 has multiple (3) positions, using the first one!
utility_to_osm - WARNING - ssr:stedsnr = 616548 has multiple (4) positions, using the first one!
utility_to_osm - WARNING - ssr:stedsnr = 616550 has multiple (3) positions, using the first one!
utility_to_osm - WARNING - ssr:stedsnr = 616815 has multiple (3) positions, using the first one!
utility_to_osm - WARNING - ssr:stedsnr = 616889 has multiple (2) positions, using the first one!
utility_to_osm - WARNING - ssr:stedsnr = 617514 has multiple (3) positions, using the first one!
utility_to_osm - WARNING - ssr:stedsnr = 638109 has multiple (2) positions, using the first one!
utility_to_osm - WARNING - ssr:stedsnr = 638905: No priority spelling found for lang = no, using alt_name to get "[('no', 'Stenageimshagane')]"
utility_to_osm - ERROR - ssr:stedsnr = 650105. No positions found, skipping
