utility_to_osm - ERROR - ERROR, no ending in ssr2_to_osm_data/data/3417/3417-ssr.xml? Trying to re-download
utility_to_osm - WARNING - ssr:stedsnr = 6165: No priority spelling found for lang = no, using alt_name to get "[('no', 'Kåddabaika')]"
utility_to_osm - WARNING - ssr:stedsnr = 6165 has multiple (4) positions, using the first one!
utility_to_osm - WARNING - ssr:stedsnr = 6056 has multiple (2) positions, using the first one!
utility_to_osm - WARNING - ssr:stedsnr = 6073: No priority spelling found for lang = no, using alt_name to get "[('no', 'Hytjanstorpet')]"
utility_to_osm - WARNING - ssr:stedsnr = 6906 has multiple (8) positions, using the first one!
utility_to_osm - WARNING - ssr:stedsnr = 6913 has multiple (2) positions, using the first one!
utility_to_osm - WARNING - ssr:stedsnr = 7703 has multiple (3) positions, using the first one!
utility_to_osm - WARNING - ssr:stedsnr = 40830 has multiple (2) positions, using the first one!
utility_to_osm - ERROR - ssr:stedsnr = 46707. No positions found, skipping
utility_to_osm - WARNING - ssr:stedsnr = 241106 has multiple (2) positions, using the first one!
utility_to_osm - WARNING - ssr:stedsnr = 67106: No priority spelling found for lang = no, using alt_name to get "[('no', 'Tettholtkoia')]"
utility_to_osm - WARNING - ssr:stedsnr = 67107: No priority spelling found for lang = no, using alt_name to get "[('no', 'Søstua')]"
utility_to_osm - WARNING - ssr:stedsnr = 67107 has multiple (3) positions, using the first one!
utility_to_osm - WARNING - ssr:stedsnr = 67112 has multiple (2) positions, using the first one!
utility_to_osm - WARNING - ssr:stedsnr = 67118 has multiple (2) positions, using the first one!
utility_to_osm - WARNING - ssr:stedsnr = 67137 has multiple (4) positions, using the first one!
utility_to_osm - WARNING - ssr:stedsnr = 67092 has multiple (3) positions, using the first one!
utility_to_osm - WARNING - ssr:stedsnr = 67427 has multiple (2) positions, using the first one!
utility_to_osm - WARNING - ssr:stedsnr = 67326: No priority spelling found for lang = no, using alt_name to get "[('no', 'Østersjøen')]"
utility_to_osm - WARNING - ssr:stedsnr = 67326 has multiple (2) positions, using the first one!
utility_to_osm - WARNING - ssr:stedsnr = 67394: No priority spelling found for lang = no, using alt_name to get "[('no', 'Langmyra')]"
utility_to_osm - WARNING - ssr:stedsnr = 67394 has multiple (2) positions, using the first one!
utility_to_osm - WARNING - ssr:stedsnr = 67638: No priority spelling found for lang = no, using alt_name to get "[('no', 'Snapa')]"
utility_to_osm - WARNING - ssr:stedsnr = 67643 has multiple (2) positions, using the first one!
utility_to_osm - WARNING - ssr:stedsnr = 67840 has multiple (4) positions, using the first one!
utility_to_osm - WARNING - ssr:stedsnr = 67716 has multiple (2) positions, using the first one!
utility_to_osm - WARNING - ssr:stedsnr = 67724 has multiple (2) positions, using the first one!
utility_to_osm - WARNING - ssr:stedsnr = 67735: No priority spelling found for lang = no, using alt_name to get "[('no', 'Bottilsrudsætra')]"
utility_to_osm - WARNING - ssr:stedsnr = 67735 has multiple (3) positions, using the first one!
utility_to_osm - WARNING - ssr:stedsnr = 67742 has multiple (3) positions, using the first one!
utility_to_osm - WARNING - ssr:stedsnr = 68917 has multiple (2) positions, using the first one!
utility_to_osm - ERROR - ssr:stedsnr = 87827. No positions found, skipping
utility_to_osm - WARNING - ssr:stedsnr = 87829 has multiple (2) positions, using the first one!
utility_to_osm - WARNING - ssr:stedsnr = 248091: No priority spelling found for lang = no, using alt_name to get "[('no', 'Såienså')]"
utility_to_osm - WARNING - ssr:stedsnr = 248091 has multiple (3) positions, using the first one!
utility_to_osm - WARNING - ssr:stedsnr = 248123 has multiple (2) positions, using the first one!
utility_to_osm - WARNING - ssr:stedsnr = 248124: No priority spelling found for lang = no, using alt_name to get "[('no', 'Løvhaugsåa')]"
utility_to_osm - WARNING - ssr:stedsnr = 248124 has multiple (8) positions, using the first one!
utility_to_osm - WARNING - ssr:stedsnr = 248237 has multiple (3) positions, using the first one!
utility_to_osm - WARNING - ssr:stedsnr = 101384 has multiple (2) positions, using the first one!
utility_to_osm - WARNING - ssr:stedsnr = 249014 has multiple (2) positions, using the first one!
utility_to_osm - WARNING - ssr:stedsnr = 249032 has multiple (4) positions, using the first one!
utility_to_osm - WARNING - ssr:stedsnr = 249036 has multiple (3) positions, using the first one!
utility_to_osm - WARNING - ssr:stedsnr = 249060: No priority spelling found for lang = no, using alt_name to get "[('no', 'Kvernbekken')]"
utility_to_osm - WARNING - ssr:stedsnr = 249062: No priority spelling found for lang = no, using alt_name to get "[('no', 'Morttjennet')]"
utility_to_osm - WARNING - ssr:stedsnr = 249062 has multiple (4) positions, using the first one!
utility_to_osm - WARNING - ssr:stedsnr = 249065 has multiple (4) positions, using the first one!
utility_to_osm - ERROR - ssr:stedsnr = 249066: Adding multiple names to name tag, this is not OK! name = "Elgsmyrbekken;Hesjemyrbekken"
utility_to_osm - WARNING - ssr:stedsnr = 249066 has multiple (3) positions, using the first one!
utility_to_osm - WARNING - ssr:stedsnr = 249072 has multiple (3) positions, using the first one!
utility_to_osm - ERROR - ssr:stedsnr = 249078: Adding multiple names to name tag, this is not OK! name = "Rotbergsjøen;Mellom-Røgden"
utility_to_osm - WARNING - ssr:stedsnr = 249355 has multiple (2) positions, using the first one!
utility_to_osm - WARNING - ssr:stedsnr = 249367 has multiple (2) positions, using the first one!
utility_to_osm - WARNING - ssr:stedsnr = 249629 has multiple (2) positions, using the first one!
utility_to_osm - WARNING - ssr:stedsnr = 249670 has multiple (5) positions, using the first one!
utility_to_osm - WARNING - ssr:stedsnr = 250710 has multiple (3) positions, using the first one!
utility_to_osm - WARNING - ssr:stedsnr = 250713 has multiple (3) positions, using the first one!
utility_to_osm - WARNING - ssr:stedsnr = 250915: No priority spelling found for lang = no, using alt_name to get "[('no', 'Reinmyra')]"
utility_to_osm - WARNING - ssr:stedsnr = 250915 has multiple (3) positions, using the first one!
utility_to_osm - WARNING - ssr:stedsnr = 127056 has multiple (4) positions, using the first one!
utility_to_osm - WARNING - ssr:stedsnr = 127093 has multiple (3) positions, using the first one!
utility_to_osm - WARNING - ssr:stedsnr = 127217 has multiple (2) positions, using the first one!
utility_to_osm - WARNING - ssr:stedsnr = 127253 has multiple (2) positions, using the first one!
utility_to_osm - WARNING - ssr:stedsnr = 127255 has multiple (3) positions, using the first one!
utility_to_osm - WARNING - ssr:stedsnr = 127153 has multiple (3) positions, using the first one!
utility_to_osm - WARNING - ssr:stedsnr = 127342 has multiple (2) positions, using the first one!
utility_to_osm - WARNING - ssr:stedsnr = 127344: No priority spelling found for lang = no, using alt_name to get "[('no', 'Fjellset')]"
utility_to_osm - WARNING - ssr:stedsnr = 127802 has multiple (2) positions, using the first one!
utility_to_osm - WARNING - ssr:stedsnr = 127744: No priority spelling found for lang = no, using alt_name to get "[('no', 'Saltjennsbekken')]"
utility_to_osm - WARNING - ssr:stedsnr = 127744 has multiple (5) positions, using the first one!
utility_to_osm - WARNING - ssr:stedsnr = 127751: No priority spelling found for lang = no, using alt_name to get "[('no', 'Hammarberget')]"
utility_to_osm - WARNING - ssr:stedsnr = 127751 has multiple (3) positions, using the first one!
utility_to_osm - WARNING - ssr:stedsnr = 128739 has multiple (3) positions, using the first one!
utility_to_osm - WARNING - ssr:stedsnr = 128689 has multiple (2) positions, using the first one!
utility_to_osm - WARNING - ssr:stedsnr = 129975 has multiple (3) positions, using the first one!
utility_to_osm - WARNING - ssr:stedsnr = 163560 has multiple (2) positions, using the first one!
utility_to_osm - WARNING - ssr:stedsnr = 176310 has multiple (2) positions, using the first one!
utility_to_osm - WARNING - ssr:stedsnr = 188003 has multiple (2) positions, using the first one!
utility_to_osm - WARNING - ssr:stedsnr = 188015: No priority spelling found for lang = no, using alt_name to get "[('no', 'Hårsmahå')]"
utility_to_osm - WARNING - ssr:stedsnr = 188015 has multiple (2) positions, using the first one!
utility_to_osm - WARNING - ssr:stedsnr = 188027: No priority spelling found for lang = no, using alt_name to get "[('no', 'Rådelsbekken')]"
utility_to_osm - WARNING - ssr:stedsnr = 188027 has multiple (2) positions, using the first one!
utility_to_osm - WARNING - ssr:stedsnr = 188028 has multiple (2) positions, using the first one!
utility_to_osm - WARNING - ssr:stedsnr = 188070: No priority spelling found for lang = no, using alt_name to get "[('no', 'Mullulamp')]"
utility_to_osm - WARNING - ssr:stedsnr = 188070 has multiple (3) positions, using the first one!
utility_to_osm - WARNING - ssr:stedsnr = 188111 has multiple (3) positions, using the first one!
utility_to_osm - WARNING - ssr:stedsnr = 188402 has multiple (3) positions, using the first one!
utility_to_osm - WARNING - ssr:stedsnr = 188409 has multiple (2) positions, using the first one!
utility_to_osm - WARNING - ssr:stedsnr = 188381 has multiple (3) positions, using the first one!
utility_to_osm - WARNING - ssr:stedsnr = 188382: No priority spelling found for lang = no, using alt_name to get "[('no', 'Snipen')]"
utility_to_osm - WARNING - ssr:stedsnr = 188387: No priority spelling found for lang = no, using alt_name to get "[('no', 'Stortjennet')]"
utility_to_osm - WARNING - ssr:stedsnr = 188387 has multiple (3) positions, using the first one!
utility_to_osm - WARNING - ssr:stedsnr = 188392: No priority spelling found for lang = no, using alt_name to get "[('no', 'Mellomtjennet')]"
utility_to_osm - WARNING - ssr:stedsnr = 188392 has multiple (3) positions, using the first one!
utility_to_osm - WARNING - ssr:stedsnr = 189680 has multiple (4) positions, using the first one!
utility_to_osm - WARNING - ssr:stedsnr = 189681 has multiple (3) positions, using the first one!
utility_to_osm - WARNING - ssr:stedsnr = 189683 has multiple (3) positions, using the first one!
utility_to_osm - WARNING - ssr:stedsnr = 203013: No priority spelling found for lang = no, using alt_name to get "[('no', 'Brattberget')]"
utility_to_osm - WARNING - ssr:stedsnr = 269856 has multiple (3) positions, using the first one!
utility_to_osm - WARNING - ssr:stedsnr = 451660 has multiple (4) positions, using the first one!
utility_to_osm - WARNING - ssr:stedsnr = 451852 has multiple (2) positions, using the first one!
utility_to_osm - WARNING - ssr:stedsnr = 248004 has multiple (2) positions, using the first one!
utility_to_osm - WARNING - ssr:stedsnr = 248221 has multiple (3) positions, using the first one!
utility_to_osm - WARNING - ssr:stedsnr = 248112 has multiple (2) positions, using the first one!
utility_to_osm - WARNING - ssr:stedsnr = 248179: No priority spelling found for lang = no, using alt_name to get "[('no', 'Gåntigalli')]"
utility_to_osm - WARNING - ssr:stedsnr = 248179 has multiple (4) positions, using the first one!
utility_to_osm - WARNING - ssr:stedsnr = 249257 has multiple (2) positions, using the first one!
utility_to_osm - WARNING - ssr:stedsnr = 249325 has multiple (4) positions, using the first one!
utility_to_osm - WARNING - ssr:stedsnr = 249326 has multiple (2) positions, using the first one!
utility_to_osm - WARNING - ssr:stedsnr = 265983 has multiple (16) positions, using the first one!
utility_to_osm - ERROR - ssr:stedsnr = 300886: Adding multiple names to name tag, this is not OK! name = "Køya;Meierimoen"
utility_to_osm - WARNING - ssr:stedsnr = 308005: No priority spelling found for lang = no, using alt_name to get "[('no', 'Løvlia')]"
utility_to_osm - WARNING - ssr:stedsnr = 309007 has multiple (2) positions, using the first one!
utility_to_osm - WARNING - ssr:stedsnr = 309043 has multiple (2) positions, using the first one!
utility_to_osm - WARNING - ssr:stedsnr = 309343 has multiple (6) positions, using the first one!
utility_to_osm - WARNING - ssr:stedsnr = 309346 has multiple (3) positions, using the first one!
utility_to_osm - WARNING - ssr:stedsnr = 309454 has multiple (2) positions, using the first one!
utility_to_osm - WARNING - ssr:stedsnr = 309705 has multiple (8) positions, using the first one!
utility_to_osm - WARNING - ssr:stedsnr = 310084 has multiple (3) positions, using the first one!
utility_to_osm - WARNING - ssr:stedsnr = 310708 has multiple (3) positions, using the first one!
utility_to_osm - WARNING - ssr:stedsnr = 310913 has multiple (3) positions, using the first one!
utility_to_osm - WARNING - ssr:stedsnr = 466100 has multiple (3) positions, using the first one!
utility_to_osm - WARNING - ssr:stedsnr = 344221 has multiple (2) positions, using the first one!
utility_to_osm - WARNING - ssr:stedsnr = 345971 has multiple (2) positions, using the first one!
utility_to_osm - WARNING - ssr:stedsnr = 370103: No priority spelling found for lang = no, using alt_name to get "[('no', 'Røgdekoia')]"
utility_to_osm - WARNING - ssr:stedsnr = 370103 has multiple (2) positions, using the first one!
utility_to_osm - WARNING - ssr:stedsnr = 370015 has multiple (3) positions, using the first one!
utility_to_osm - WARNING - ssr:stedsnr = 370074 has multiple (2) positions, using the first one!
utility_to_osm - WARNING - ssr:stedsnr = 370081: No priority spelling found for lang = no, using alt_name to get "[('no', 'Villa Skasen')]"
utility_to_osm - WARNING - ssr:stedsnr = 370081 has multiple (3) positions, using the first one!
utility_to_osm - WARNING - ssr:stedsnr = 370161: No priority spelling found for lang = no, using alt_name to get "[('no', 'Rybråtan')]"
utility_to_osm - WARNING - ssr:stedsnr = 370161 has multiple (4) positions, using the first one!
utility_to_osm - WARNING - ssr:stedsnr = 370366 has multiple (2) positions, using the first one!
utility_to_osm - WARNING - ssr:stedsnr = 370375 has multiple (4) positions, using the first one!
utility_to_osm - WARNING - ssr:stedsnr = 370381 has multiple (3) positions, using the first one!
utility_to_osm - WARNING - ssr:stedsnr = 370285 has multiple (2) positions, using the first one!
utility_to_osm - WARNING - ssr:stedsnr = 370402 has multiple (3) positions, using the first one!
utility_to_osm - WARNING - ssr:stedsnr = 370407 has multiple (2) positions, using the first one!
utility_to_osm - WARNING - ssr:stedsnr = 370410 has multiple (3) positions, using the first one!
utility_to_osm - WARNING - ssr:stedsnr = 370416 has multiple (2) positions, using the first one!
utility_to_osm - WARNING - ssr:stedsnr = 370771 has multiple (3) positions, using the first one!
utility_to_osm - WARNING - ssr:stedsnr = 370682 has multiple (2) positions, using the first one!
utility_to_osm - WARNING - ssr:stedsnr = 370684 has multiple (3) positions, using the first one!
utility_to_osm - WARNING - ssr:stedsnr = 370826 has multiple (2) positions, using the first one!
utility_to_osm - WARNING - ssr:stedsnr = 482083 has multiple (2) positions, using the first one!
utility_to_osm - WARNING - ssr:stedsnr = 482950 has multiple (2) positions, using the first one!
utility_to_osm - WARNING - ssr:stedsnr = 390636 has multiple (2) positions, using the first one!
utility_to_osm - WARNING - ssr:stedsnr = 390810 has multiple (4) positions, using the first one!
utility_to_osm - WARNING - ssr:stedsnr = 405837 has multiple (2) positions, using the first one!
utility_to_osm - WARNING - ssr:stedsnr = 419900 has multiple (2) positions, using the first one!
utility_to_osm - WARNING - ssr:stedsnr = 423899 has multiple (2) positions, using the first one!
utility_to_osm - WARNING - ssr:stedsnr = 491062 has multiple (3) positions, using the first one!
utility_to_osm - WARNING - ssr:stedsnr = 491070 has multiple (2) positions, using the first one!
utility_to_osm - WARNING - ssr:stedsnr = 431001: No priority spelling found for lang = no, using alt_name to get "[('no', 'Gammeltorpet')]"
utility_to_osm - WARNING - ssr:stedsnr = 431119 has multiple (3) positions, using the first one!
utility_to_osm - WARNING - ssr:stedsnr = 431098: No priority spelling found for lang = no, using alt_name to get "[('no', 'Aurkyttjennet')]"
utility_to_osm - WARNING - ssr:stedsnr = 431098 has multiple (3) positions, using the first one!
utility_to_osm - WARNING - ssr:stedsnr = 431101 has multiple (3) positions, using the first one!
utility_to_osm - WARNING - ssr:stedsnr = 431256 has multiple (3) positions, using the first one!
utility_to_osm - WARNING - ssr:stedsnr = 431308: No priority spelling found for lang = no, using alt_name to get "[('no', 'Fossæter')]"
utility_to_osm - WARNING - ssr:stedsnr = 431358 has multiple (2) positions, using the first one!
utility_to_osm - WARNING - ssr:stedsnr = 431395: No priority spelling found for lang = no, using alt_name to get "[('no', 'Linndalsberget')]"
utility_to_osm - WARNING - ssr:stedsnr = 431395 has multiple (3) positions, using the first one!
utility_to_osm - WARNING - ssr:stedsnr = 431397 has multiple (3) positions, using the first one!
utility_to_osm - WARNING - ssr:stedsnr = 431646 has multiple (2) positions, using the first one!
utility_to_osm - WARNING - ssr:stedsnr = 431653 has multiple (3) positions, using the first one!
utility_to_osm - WARNING - ssr:stedsnr = 431703: No priority spelling found for lang = no, using alt_name to get "[('no', 'Rusvekk')]"
utility_to_osm - WARNING - ssr:stedsnr = 431704: No priority spelling found for lang = no, using alt_name to get "[('no', 'Bekkesletta')]"
utility_to_osm - WARNING - ssr:stedsnr = 431710 has multiple (2) positions, using the first one!
utility_to_osm - WARNING - ssr:stedsnr = 431720 has multiple (4) positions, using the first one!
utility_to_osm - WARNING - ssr:stedsnr = 431722: No priority spelling found for lang = no, using alt_name to get "[('no', 'Hårstad')]"
utility_to_osm - WARNING - ssr:stedsnr = 431728 has multiple (2) positions, using the first one!
utility_to_osm - WARNING - ssr:stedsnr = 431733: No priority spelling found for lang = no, using alt_name to get "[('no', 'Gjedtjernet')]"
utility_to_osm - WARNING - ssr:stedsnr = 431733 has multiple (2) positions, using the first one!
utility_to_osm - WARNING - ssr:stedsnr = 431742 has multiple (2) positions, using the first one!
utility_to_osm - WARNING - ssr:stedsnr = 431754 has multiple (2) positions, using the first one!
utility_to_osm - WARNING - ssr:stedsnr = 431687 has multiple (2) positions, using the first one!
utility_to_osm - WARNING - ssr:stedsnr = 431696 has multiple (2) positions, using the first one!
utility_to_osm - WARNING - ssr:stedsnr = 491353: No priority spelling found for lang = no, using alt_name to get "[('no', 'Oppåkersætra')]"
utility_to_osm - WARNING - ssr:stedsnr = 432679 has multiple (3) positions, using the first one!
utility_to_osm - WARNING - ssr:stedsnr = 432691 has multiple (3) positions, using the first one!
utility_to_osm - WARNING - ssr:stedsnr = 491644 has multiple (2) positions, using the first one!
utility_to_osm - WARNING - ssr:stedsnr = 492065 has multiple (2) positions, using the first one!
utility_to_osm - WARNING - ssr:stedsnr = 492337 has multiple (3) positions, using the first one!
utility_to_osm - WARNING - ssr:stedsnr = 492339 has multiple (2) positions, using the first one!
utility_to_osm - WARNING - ssr:stedsnr = 492734: No priority spelling found for lang = no, using alt_name to get "[('no', 'Voll')]"
utility_to_osm - WARNING - ssr:stedsnr = 492930 has multiple (2) positions, using the first one!
utility_to_osm - WARNING - ssr:stedsnr = 492893 has multiple (5) positions, using the first one!
utility_to_osm - WARNING - ssr:stedsnr = 493977 has multiple (2) positions, using the first one!
utility_to_osm - WARNING - ssr:stedsnr = 450375 has multiple (5) positions, using the first one!
utility_to_osm - WARNING - ssr:stedsnr = 673023 has multiple (2) positions, using the first one!
utility_to_osm - WARNING - ssr:stedsnr = 673033 has multiple (2) positions, using the first one!
utility_to_osm - WARNING - ssr:stedsnr = 673035: No priority spelling found for lang = no, using alt_name to get "[('no', 'Skaslia')]"
utility_to_osm - WARNING - ssr:stedsnr = 673035 has multiple (3) positions, using the first one!
utility_to_osm - WARNING - ssr:stedsnr = 673122 has multiple (2) positions, using the first one!
utility_to_osm - WARNING - ssr:stedsnr = 673129: No priority spelling found for lang = no, using alt_name to get "[('no', 'Iversberget')]"
utility_to_osm - WARNING - ssr:stedsnr = 673129 has multiple (3) positions, using the first one!
utility_to_osm - WARNING - ssr:stedsnr = 673429: No priority spelling found for lang = no, using alt_name to get "[('no', 'Bjørsjøtorpet')]"
utility_to_osm - WARNING - ssr:stedsnr = 673429 has multiple (4) positions, using the first one!
utility_to_osm - WARNING - ssr:stedsnr = 673697 has multiple (2) positions, using the first one!
utility_to_osm - WARNING - ssr:stedsnr = 674089 has multiple (2) positions, using the first one!
utility_to_osm - WARNING - ssr:stedsnr = 674100 has multiple (5) positions, using the first one!
utility_to_osm - WARNING - ssr:stedsnr = 674328 has multiple (2) positions, using the first one!
utility_to_osm - WARNING - ssr:stedsnr = 674731 has multiple (2) positions, using the first one!
utility_to_osm - WARNING - ssr:stedsnr = 674911 has multiple (3) positions, using the first one!
utility_to_osm - WARNING - ssr:stedsnr = 674878 has multiple (4) positions, using the first one!
utility_to_osm - WARNING - ssr:stedsnr = 674879 has multiple (3) positions, using the first one!
utility_to_osm - WARNING - ssr:stedsnr = 675738 has multiple (3) positions, using the first one!
utility_to_osm - WARNING - ssr:stedsnr = 479312 has multiple (2) positions, using the first one!
utility_to_osm - WARNING - ssr:stedsnr = 491015 has multiple (2) positions, using the first one!
utility_to_osm - WARNING - ssr:stedsnr = 491017 has multiple (2) positions, using the first one!
utility_to_osm - WARNING - ssr:stedsnr = 491022: No priority spelling found for lang = no, using alt_name to get "[('no', 'Torgardstjennet')]"
utility_to_osm - WARNING - ssr:stedsnr = 491022 has multiple (3) positions, using the first one!
utility_to_osm - WARNING - ssr:stedsnr = 491130 has multiple (3) positions, using the first one!
utility_to_osm - WARNING - ssr:stedsnr = 491322: No priority spelling found for lang = no, using alt_name to get "[('no', 'Bjørntjennet')]"
utility_to_osm - WARNING - ssr:stedsnr = 491322 has multiple (3) positions, using the first one!
utility_to_osm - WARNING - ssr:stedsnr = 491284: No priority spelling found for lang = no, using alt_name to get "[('no', 'Rottjennet')]"
utility_to_osm - WARNING - ssr:stedsnr = 491284 has multiple (3) positions, using the first one!
utility_to_osm - WARNING - ssr:stedsnr = 492322 has multiple (2) positions, using the first one!
utility_to_osm - WARNING - ssr:stedsnr = 492672: No priority spelling found for lang = no, using alt_name to get "[('no', 'Hvilesteinen')]"
utility_to_osm - WARNING - ssr:stedsnr = 492693 has multiple (3) positions, using the first one!
utility_to_osm - WARNING - ssr:stedsnr = 492704 has multiple (3) positions, using the first one!
utility_to_osm - WARNING - ssr:stedsnr = 492726 has multiple (2) positions, using the first one!
utility_to_osm - WARNING - ssr:stedsnr = 492968 has multiple (2) positions, using the first one!
utility_to_osm - WARNING - ssr:stedsnr = 525971 has multiple (2) positions, using the first one!
utility_to_osm - ERROR - ssr:stedsnr = 526620: Adding multiple names to name tag, this is not OK! name = "Torvmyra;Idabiansuo"
utility_to_osm - WARNING - ssr:stedsnr = 540317 has multiple (2) positions, using the first one!
utility_to_osm - WARNING - ssr:stedsnr = 551212 has multiple (2) positions, using the first one!
utility_to_osm - WARNING - ssr:stedsnr = 551800: No priority spelling found for lang = no, using alt_name to get "[('no', 'Gjeddtjennet')]"
utility_to_osm - WARNING - ssr:stedsnr = 551800 has multiple (2) positions, using the first one!
utility_to_osm - WARNING - ssr:stedsnr = 552049 has multiple (2) positions, using the first one!
utility_to_osm - WARNING - ssr:stedsnr = 552100 has multiple (3) positions, using the first one!
utility_to_osm - WARNING - ssr:stedsnr = 552222 has multiple (2) positions, using the first one!
utility_to_osm - WARNING - ssr:stedsnr = 552106 has multiple (2) positions, using the first one!
utility_to_osm - WARNING - ssr:stedsnr = 552410: No priority spelling found for lang = no, using alt_name to get "[('no', 'Kringleåsen')]"
utility_to_osm - WARNING - ssr:stedsnr = 552942 has multiple (3) positions, using the first one!
utility_to_osm - WARNING - ssr:stedsnr = 553737 has multiple (4) positions, using the first one!
utility_to_osm - WARNING - ssr:stedsnr = 566876: No priority spelling found for lang = no, using alt_name to get "[('no', 'Møllerudskoia')]"
utility_to_osm - ERROR - ssr:stedsnr = 586195. No positions found, skipping
utility_to_osm - WARNING - ssr:stedsnr = 601926 has multiple (3) positions, using the first one!
utility_to_osm - WARNING - ssr:stedsnr = 612026 has multiple (2) positions, using the first one!
utility_to_osm - WARNING - ssr:stedsnr = 612120: No priority spelling found for lang = no, using alt_name to get "[('no', 'Lauvberget')]"
utility_to_osm - WARNING - ssr:stedsnr = 612120 has multiple (5) positions, using the first one!
utility_to_osm - WARNING - ssr:stedsnr = 612121 has multiple (2) positions, using the first one!
utility_to_osm - WARNING - ssr:stedsnr = 612268: No priority spelling found for lang = no, using alt_name to get "[('no', 'Høgtidsberget')]"
utility_to_osm - WARNING - ssr:stedsnr = 612268 has multiple (3) positions, using the first one!
utility_to_osm - WARNING - ssr:stedsnr = 612370: No priority spelling found for lang = no, using alt_name to get "[('no', 'Bjerkesætra')]"
utility_to_osm - WARNING - ssr:stedsnr = 612370 has multiple (3) positions, using the first one!
utility_to_osm - WARNING - ssr:stedsnr = 612372: No priority spelling found for lang = no, using alt_name to get "[('no', 'Oppåker')]"
utility_to_osm - WARNING - ssr:stedsnr = 612724: No priority spelling found for lang = no, using alt_name to get "[('no', 'Prinsdalen')]"
utility_to_osm - WARNING - ssr:stedsnr = 612724 has multiple (4) positions, using the first one!
utility_to_osm - WARNING - ssr:stedsnr = 613081 has multiple (2) positions, using the first one!
utility_to_osm - WARNING - ssr:stedsnr = 613103: No priority spelling found for lang = no, using alt_name to get "[('no', 'Sollia')]"
utility_to_osm - WARNING - ssr:stedsnr = 613106 has multiple (2) positions, using the first one!
utility_to_osm - WARNING - ssr:stedsnr = 613265 has multiple (2) positions, using the first one!
utility_to_osm - WARNING - ssr:stedsnr = 613361: No priority spelling found for lang = no, using alt_name to get "[('no', 'Sarvtjennet')]"
utility_to_osm - WARNING - ssr:stedsnr = 613361 has multiple (3) positions, using the first one!
utility_to_osm - WARNING - ssr:stedsnr = 613702 has multiple (3) positions, using the first one!
utility_to_osm - WARNING - ssr:stedsnr = 613902 has multiple (4) positions, using the first one!
