utility_to_osm - WARNING - ssr:stedsnr = 15009 has multiple (2) positions, using the first one!
utility_to_osm - WARNING - ssr:stedsnr = 15069 has multiple (3) positions, using the first one!
utility_to_osm - WARNING - ssr:stedsnr = 15110: No priority spelling found for lang = no, using alt_name to get "[('no', 'Tasslivatnet')]"
utility_to_osm - WARNING - ssr:stedsnr = 15110 has multiple (3) positions, using the first one!
utility_to_osm - WARNING - ssr:stedsnr = 15115 has multiple (2) positions, using the first one!
utility_to_osm - WARNING - ssr:stedsnr = 15657 has multiple (4) positions, using the first one!
utility_to_osm - WARNING - ssr:stedsnr = 15660 has multiple (2) positions, using the first one!
utility_to_osm - WARNING - ssr:stedsnr = 15672 has multiple (3) positions, using the first one!
utility_to_osm - WARNING - ssr:stedsnr = 15824 has multiple (2) positions, using the first one!
utility_to_osm - WARNING - ssr:stedsnr = 15720 has multiple (2) positions, using the first one!
utility_to_osm - WARNING - ssr:stedsnr = 16023 has multiple (13) positions, using the first one!
utility_to_osm - WARNING - ssr:stedsnr = 16890 has multiple (4) positions, using the first one!
utility_to_osm - WARNING - ssr:stedsnr = 233255: No priority spelling found for lang = no, using alt_name to get "[('no', 'Syvika')]"
utility_to_osm - WARNING - ssr:stedsnr = 233255 has multiple (4) positions, using the first one!
utility_to_osm - WARNING - ssr:stedsnr = 46782: No priority spelling found for lang = no, using alt_name to get "[('no', 'Breiålia')]"
utility_to_osm - WARNING - ssr:stedsnr = 76117: No priority spelling found for lang = no, using alt_name to get "[('no', 'Brennådalen')]"
utility_to_osm - WARNING - ssr:stedsnr = 76117 has multiple (2) positions, using the first one!
utility_to_osm - WARNING - ssr:stedsnr = 76061: No priority spelling found for lang = no, using alt_name to get "[('no', 'Stokkaskjæret')]"
utility_to_osm - WARNING - ssr:stedsnr = 76061 has multiple (3) positions, using the first one!
utility_to_osm - WARNING - ssr:stedsnr = 76256 has multiple (3) positions, using the first one!
utility_to_osm - WARNING - ssr:stedsnr = 76265 has multiple (2) positions, using the first one!
utility_to_osm - WARNING - ssr:stedsnr = 76749 has multiple (2) positions, using the first one!
utility_to_osm - WARNING - ssr:stedsnr = 76848 has multiple (2) positions, using the first one!
utility_to_osm - WARNING - ssr:stedsnr = 136016: No priority spelling found for lang = no, using alt_name to get "[('no', 'Kolbeinskjæret')]"
utility_to_osm - WARNING - ssr:stedsnr = 136016 has multiple (2) positions, using the first one!
utility_to_osm - WARNING - ssr:stedsnr = 136038: No priority spelling found for lang = no, using alt_name to get "[('no', 'Gråøyskjæret')]"
utility_to_osm - WARNING - ssr:stedsnr = 136038 has multiple (3) positions, using the first one!
utility_to_osm - WARNING - ssr:stedsnr = 136045: No priority spelling found for lang = no, using alt_name to get "[('no', 'Hamnøya')]"
utility_to_osm - WARNING - ssr:stedsnr = 136045 has multiple (6) positions, using the first one!
utility_to_osm - WARNING - ssr:stedsnr = 136053: No priority spelling found for lang = no, using alt_name to get "[('no', 'Svalvika')]"
utility_to_osm - WARNING - ssr:stedsnr = 136053 has multiple (5) positions, using the first one!
utility_to_osm - WARNING - ssr:stedsnr = 136064 has multiple (2) positions, using the first one!
utility_to_osm - WARNING - ssr:stedsnr = 136069 has multiple (5) positions, using the first one!
utility_to_osm - WARNING - ssr:stedsnr = 136823: No priority spelling found for lang = no, using alt_name to get "[('no', 'Lakselvvatnet')]"
utility_to_osm - WARNING - ssr:stedsnr = 136823 has multiple (4) positions, using the first one!
utility_to_osm - WARNING - ssr:stedsnr = 136995: No priority spelling found for lang = no, using alt_name to get "[('no', 'Innerhatten')]"
utility_to_osm - WARNING - ssr:stedsnr = 136995 has multiple (3) positions, using the first one!
utility_to_osm - WARNING - ssr:stedsnr = 137207 has multiple (5) positions, using the first one!
utility_to_osm - WARNING - ssr:stedsnr = 145525 has multiple (3) positions, using the first one!
utility_to_osm - WARNING - ssr:stedsnr = 257081 has multiple (3) positions, using the first one!
utility_to_osm - WARNING - ssr:stedsnr = 258046: No priority spelling found for lang = no, using alt_name to get "[('no', 'Brennåa')]"
utility_to_osm - WARNING - ssr:stedsnr = 258046 has multiple (3) positions, using the first one!
utility_to_osm - WARNING - ssr:stedsnr = 258049: No priority spelling found for lang = no, using alt_name to get "[('no', 'Vasslivatnet')]"
utility_to_osm - WARNING - ssr:stedsnr = 258049 has multiple (2) positions, using the first one!
utility_to_osm - WARNING - ssr:stedsnr = 258143: No priority spelling found for lang = no, using alt_name to get "[('no', 'Kjertan')]"
utility_to_osm - WARNING - ssr:stedsnr = 258143 has multiple (2) positions, using the first one!
utility_to_osm - WARNING - ssr:stedsnr = 258086 has multiple (2) positions, using the first one!
utility_to_osm - WARNING - ssr:stedsnr = 258087: No priority spelling found for lang = no, using alt_name to get "[('no', 'Brennåfjellet')]"
utility_to_osm - WARNING - ssr:stedsnr = 258087 has multiple (3) positions, using the first one!
utility_to_osm - WARNING - ssr:stedsnr = 258237 has multiple (3) positions, using the first one!
utility_to_osm - ERROR - ssr:stedsnr = 258239: Adding multiple names to name tag, this is not OK! name = "Aunskardet;Klemetskardet"
utility_to_osm - WARNING - ssr:stedsnr = 258239 has multiple (3) positions, using the first one!
utility_to_osm - WARNING - ssr:stedsnr = 258244 has multiple (3) positions, using the first one!
utility_to_osm - WARNING - ssr:stedsnr = 258634 has multiple (2) positions, using the first one!
utility_to_osm - WARNING - ssr:stedsnr = 258691 has multiple (2) positions, using the first one!
utility_to_osm - WARNING - ssr:stedsnr = 258829 has multiple (2) positions, using the first one!
utility_to_osm - WARNING - ssr:stedsnr = 258838 has multiple (2) positions, using the first one!
utility_to_osm - WARNING - ssr:stedsnr = 258846: No priority spelling found for lang = no, using alt_name to get "[('no', 'Bønnåskjæret')]"
utility_to_osm - WARNING - ssr:stedsnr = 258846 has multiple (2) positions, using the first one!
utility_to_osm - WARNING - ssr:stedsnr = 258934: No priority spelling found for lang = no, using alt_name to get "[('no', 'Liåa')]"
utility_to_osm - WARNING - ssr:stedsnr = 173257 has multiple (4) positions, using the first one!
utility_to_osm - WARNING - ssr:stedsnr = 197103 has multiple (4) positions, using the first one!
utility_to_osm - ERROR - ssr:stedsnr = 197260: Adding multiple names to name tag, this is not OK! name = "Dalvikran;Vikran"
utility_to_osm - WARNING - ssr:stedsnr = 197260 has multiple (3) positions, using the first one!
utility_to_osm - WARNING - ssr:stedsnr = 197718 has multiple (2) positions, using the first one!
utility_to_osm - WARNING - ssr:stedsnr = 197858 has multiple (2) positions, using the first one!
utility_to_osm - WARNING - ssr:stedsnr = 197865 has multiple (2) positions, using the first one!
utility_to_osm - WARNING - ssr:stedsnr = 198062: No priority spelling found for lang = no, using alt_name to get "[('no', 'Vardskjæret')]"
utility_to_osm - WARNING - ssr:stedsnr = 198207 has multiple (3) positions, using the first one!
utility_to_osm - WARNING - ssr:stedsnr = 267591 has multiple (5) positions, using the first one!
utility_to_osm - WARNING - ssr:stedsnr = 268166 has multiple (3) positions, using the first one!
utility_to_osm - WARNING - ssr:stedsnr = 222996: No priority spelling found for lang = no, using alt_name to get "[('no', 'Ausen')]"
utility_to_osm - WARNING - ssr:stedsnr = 222879: No priority spelling found for lang = no, using alt_name to get "[('no', 'Ausen')]"
utility_to_osm - WARNING - ssr:stedsnr = 228437 has multiple (2) positions, using the first one!
utility_to_osm - WARNING - ssr:stedsnr = 258103: No priority spelling found for lang = no, using alt_name to get "[('no', 'Arnvika')]"
utility_to_osm - WARNING - ssr:stedsnr = 258103 has multiple (3) positions, using the first one!
utility_to_osm - WARNING - ssr:stedsnr = 258672 has multiple (2) positions, using the first one!
utility_to_osm - WARNING - ssr:stedsnr = 258822 has multiple (2) positions, using the first one!
utility_to_osm - WARNING - ssr:stedsnr = 258858 has multiple (2) positions, using the first one!
utility_to_osm - WARNING - ssr:stedsnr = 258863: No priority spelling found for lang = no, using alt_name to get "[('no', 'Bønnådalen')]"
utility_to_osm - WARNING - ssr:stedsnr = 258863 has multiple (2) positions, using the first one!
utility_to_osm - WARNING - ssr:stedsnr = 258865 has multiple (2) positions, using the first one!
utility_to_osm - WARNING - ssr:stedsnr = 258877 has multiple (2) positions, using the first one!
utility_to_osm - WARNING - ssr:stedsnr = 258760 has multiple (2) positions, using the first one!
utility_to_osm - WARNING - ssr:stedsnr = 258927: No priority spelling found for lang = no, using alt_name to get "[('no', 'Tverrålia')]"
utility_to_osm - WARNING - ssr:stedsnr = 318047: No priority spelling found for lang = no, using alt_name to get "[('no', 'Kilvågen')]"
utility_to_osm - WARNING - ssr:stedsnr = 318047 has multiple (2) positions, using the first one!
utility_to_osm - ERROR - ssr:stedsnr = 318219: Adding multiple names to name tag, this is not OK! name = "Nord-Jonsvikja;Jonsvika"
utility_to_osm - WARNING - ssr:stedsnr = 318219 has multiple (3) positions, using the first one!
utility_to_osm - ERROR - ssr:stedsnr = 318103: Adding multiple names to name tag, this is not OK! name = "Vassengvatnet;Øver-Vassengvatnet"
utility_to_osm - WARNING - ssr:stedsnr = 318103 has multiple (2) positions, using the first one!
utility_to_osm - WARNING - ssr:stedsnr = 318188 has multiple (3) positions, using the first one!
utility_to_osm - WARNING - ssr:stedsnr = 318189 has multiple (4) positions, using the first one!
utility_to_osm - WARNING - ssr:stedsnr = 318838 has multiple (3) positions, using the first one!
utility_to_osm - WARNING - ssr:stedsnr = 318841 has multiple (2) positions, using the first one!
utility_to_osm - WARNING - ssr:stedsnr = 318842 has multiple (2) positions, using the first one!
utility_to_osm - WARNING - ssr:stedsnr = 318847 has multiple (2) positions, using the first one!
utility_to_osm - WARNING - ssr:stedsnr = 318849 has multiple (4) positions, using the first one!
utility_to_osm - WARNING - ssr:stedsnr = 319038 has multiple (2) positions, using the first one!
utility_to_osm - WARNING - ssr:stedsnr = 379103: No priority spelling found for lang = no, using alt_name to get "[('no', 'Nova')]"
utility_to_osm - WARNING - ssr:stedsnr = 379103 has multiple (2) positions, using the first one!
utility_to_osm - WARNING - ssr:stedsnr = 379114 has multiple (4) positions, using the first one!
utility_to_osm - WARNING - ssr:stedsnr = 379209 has multiple (2) positions, using the first one!
utility_to_osm - WARNING - ssr:stedsnr = 379215 has multiple (2) positions, using the first one!
utility_to_osm - WARNING - ssr:stedsnr = 379239 has multiple (2) positions, using the first one!
utility_to_osm - WARNING - ssr:stedsnr = 379775 has multiple (2) positions, using the first one!
utility_to_osm - WARNING - ssr:stedsnr = 379922 has multiple (2) positions, using the first one!
utility_to_osm - WARNING - ssr:stedsnr = 379924 has multiple (2) positions, using the first one!
utility_to_osm - WARNING - ssr:stedsnr = 379820 has multiple (2) positions, using the first one!
utility_to_osm - WARNING - ssr:stedsnr = 379876 has multiple (2) positions, using the first one!
utility_to_osm - WARNING - ssr:stedsnr = 389111 has multiple (3) positions, using the first one!
utility_to_osm - WARNING - ssr:stedsnr = 410757: No priority spelling found for lang = no, using alt_name to get "[('no', 'Nord-Breiåa')]"
utility_to_osm - WARNING - ssr:stedsnr = 410501: No priority spelling found for lang = no, using alt_name to get "[('no', 'Syvikhågen')]"
utility_to_osm - WARNING - ssr:stedsnr = 440003 has multiple (2) positions, using the first one!
utility_to_osm - ERROR - ssr:stedsnr = 440008: Adding multiple names to name tag, this is not OK! name = "Sør-Vollan;Vollan"
utility_to_osm - WARNING - ssr:stedsnr = 440008 has multiple (2) positions, using the first one!
utility_to_osm - WARNING - ssr:stedsnr = 440029 has multiple (4) positions, using the first one!
utility_to_osm - WARNING - ssr:stedsnr = 440044 has multiple (2) positions, using the first one!
utility_to_osm - WARNING - ssr:stedsnr = 440103 has multiple (4) positions, using the first one!
utility_to_osm - WARNING - ssr:stedsnr = 440112 has multiple (2) positions, using the first one!
utility_to_osm - WARNING - ssr:stedsnr = 440156 has multiple (2) positions, using the first one!
utility_to_osm - WARNING - ssr:stedsnr = 440091 has multiple (3) positions, using the first one!
utility_to_osm - WARNING - ssr:stedsnr = 440819 has multiple (2) positions, using the first one!
utility_to_osm - WARNING - ssr:stedsnr = 450180: No priority spelling found for lang = no, using alt_name to get "[('no', 'Ytteråkran')]"
utility_to_osm - WARNING - ssr:stedsnr = 500036: No priority spelling found for lang = no, using alt_name to get "[('no', 'Bjørnvika')]"
utility_to_osm - WARNING - ssr:stedsnr = 500139: No priority spelling found for lang = no, using alt_name to get "[('no', 'Innervisten')]"
utility_to_osm - WARNING - ssr:stedsnr = 500139 has multiple (5) positions, using the first one!
utility_to_osm - WARNING - ssr:stedsnr = 500803: No priority spelling found for lang = no, using alt_name to get "[('no', 'Øvre Bønnåvatnet')]"
utility_to_osm - WARNING - ssr:stedsnr = 500803 has multiple (2) positions, using the first one!
utility_to_osm - WARNING - ssr:stedsnr = 500812 has multiple (3) positions, using the first one!
utility_to_osm - WARNING - ssr:stedsnr = 500877 has multiple (2) positions, using the first one!
utility_to_osm - WARNING - ssr:stedsnr = 500878 has multiple (2) positions, using the first one!
utility_to_osm - WARNING - ssr:stedsnr = 500881: No priority spelling found for lang = no, using alt_name to get "[('no', 'Skarvneset')]"
utility_to_osm - WARNING - ssr:stedsnr = 500881 has multiple (3) positions, using the first one!
utility_to_osm - WARNING - ssr:stedsnr = 501083: No priority spelling found for lang = no, using alt_name to get "[('no', 'Vasseng')]"
utility_to_osm - WARNING - ssr:stedsnr = 501222 has multiple (4) positions, using the first one!
utility_to_osm - WARNING - ssr:stedsnr = 501612 has multiple (2) positions, using the first one!
utility_to_osm - WARNING - ssr:stedsnr = 501902 has multiple (2) positions, using the first one!
utility_to_osm - WARNING - ssr:stedsnr = 501910 has multiple (4) positions, using the first one!
utility_to_osm - WARNING - ssr:stedsnr = 501911 has multiple (4) positions, using the first one!
utility_to_osm - WARNING - ssr:stedsnr = 501912: No priority spelling found for lang = no, using alt_name to get "[('no', 'Svartkjertet')]"
utility_to_osm - WARNING - ssr:stedsnr = 501912 has multiple (3) positions, using the first one!
utility_to_osm - WARNING - ssr:stedsnr = 682128 has multiple (2) positions, using the first one!
utility_to_osm - WARNING - ssr:stedsnr = 510802: No priority spelling found for lang = no, using alt_name to get "[('no', 'Øver-Høyholm')]"
utility_to_osm - WARNING - ssr:stedsnr = 683055: No priority spelling found for lang = no, using alt_name to get "[('no', 'Drògsåa'), ('no', 'Drògsåbekken')]"
utility_to_osm - ERROR - ssr:stedsnr = 683055: Adding multiple names to name tag, this is not OK! name = "Drògsåa;Drògsåbekken"
utility_to_osm - WARNING - ssr:stedsnr = 683055 has multiple (3) positions, using the first one!
utility_to_osm - WARNING - ssr:stedsnr = 683060 has multiple (2) positions, using the first one!
utility_to_osm - WARNING - ssr:stedsnr = 683065: No priority spelling found for lang = no, using alt_name to get "[('no', 'Pådungen')]"
utility_to_osm - WARNING - ssr:stedsnr = 683065 has multiple (2) positions, using the first one!
utility_to_osm - WARNING - ssr:stedsnr = 683082: No priority spelling found for lang = no, using alt_name to get "[('no', 'Kvalvågen')]"
utility_to_osm - WARNING - ssr:stedsnr = 683082 has multiple (5) positions, using the first one!
utility_to_osm - WARNING - ssr:stedsnr = 683027: No priority spelling found for lang = no, using alt_name to get "[('no', 'Skreddarvika')]"
utility_to_osm - WARNING - ssr:stedsnr = 683027 has multiple (3) positions, using the first one!
utility_to_osm - WARNING - ssr:stedsnr = 683031: No priority spelling found for lang = no, using alt_name to get "[('no', 'Hamnsundet')]"
utility_to_osm - WARNING - ssr:stedsnr = 683031 has multiple (5) positions, using the first one!
utility_to_osm - WARNING - ssr:stedsnr = 683043: No priority spelling found for lang = no, using alt_name to get "[('no', 'Hamnfjellet')]"
utility_to_osm - WARNING - ssr:stedsnr = 683043 has multiple (3) positions, using the first one!
utility_to_osm - WARNING - ssr:stedsnr = 683049 has multiple (5) positions, using the first one!
utility_to_osm - WARNING - ssr:stedsnr = 683645 has multiple (2) positions, using the first one!
utility_to_osm - WARNING - ssr:stedsnr = 683785: No priority spelling found for lang = no, using alt_name to get "[('no', 'Buøya')]"
utility_to_osm - WARNING - ssr:stedsnr = 683785 has multiple (3) positions, using the first one!
utility_to_osm - WARNING - ssr:stedsnr = 683895: No priority spelling found for lang = no, using alt_name to get "[('no', 'Andalsvågen')]"
utility_to_osm - WARNING - ssr:stedsnr = 683919: No priority spelling found for lang = no, using alt_name to get "[('no', 'Liåvatnet')]"
utility_to_osm - ERROR - ssr:stedsnr = 531508. No positions found, skipping
utility_to_osm - WARNING - ssr:stedsnr = 560249 has multiple (13) positions, using the first one!
utility_to_osm - WARNING - ssr:stedsnr = 561034 has multiple (2) positions, using the first one!
utility_to_osm - WARNING - ssr:stedsnr = 561130: No priority spelling found for lang = no, using alt_name to get "[('no', 'Traløyskjæret')]"
utility_to_osm - WARNING - ssr:stedsnr = 561130 has multiple (2) positions, using the first one!
utility_to_osm - WARNING - ssr:stedsnr = 592878 has multiple (2) positions, using the first one!
utility_to_osm - ERROR - ssr:stedsnr = 621012: Adding multiple names to name tag, this is not OK! name = "Bryggnesodden;Bryggeneset"
utility_to_osm - WARNING - ssr:stedsnr = 621012 has multiple (2) positions, using the first one!
utility_to_osm - WARNING - ssr:stedsnr = 621080: No priority spelling found for lang = no, using alt_name to get "[('no', 'Bønnålia')]"
utility_to_osm - WARNING - ssr:stedsnr = 621080 has multiple (3) positions, using the first one!
utility_to_osm - ERROR - ssr:stedsnr = 621088: Adding multiple names to name tag, this is not OK! name = "Hyllhaugen;Hylla"
utility_to_osm - WARNING - ssr:stedsnr = 621088 has multiple (2) positions, using the first one!
utility_to_osm - WARNING - ssr:stedsnr = 621217: No priority spelling found for lang = no, using alt_name to get "[('no', 'Storgrunnen')]"
utility_to_osm - WARNING - ssr:stedsnr = 621217 has multiple (2) positions, using the first one!
utility_to_osm - WARNING - ssr:stedsnr = 621214: No priority spelling found for lang = no, using alt_name to get "[('no', 'Brennåskardet')]"
utility_to_osm - WARNING - ssr:stedsnr = 621118 has multiple (2) positions, using the first one!
utility_to_osm - WARNING - ssr:stedsnr = 622020: No priority spelling found for lang = no, using alt_name to get "[('no', 'Brauta')]"
utility_to_osm - WARNING - ssr:stedsnr = 622020 has multiple (4) positions, using the first one!
utility_to_osm - WARNING - ssr:stedsnr = 622664 has multiple (2) positions, using the first one!
utility_to_osm - WARNING - ssr:stedsnr = 682240 has multiple (2) positions, using the first one!
utility_to_osm - ERROR - ssr:stedsnr = 683010: Adding multiple names to name tag, this is not OK! name = "Snøfjellet;Forvikfjellet"
utility_to_osm - WARNING - ssr:stedsnr = 683010 has multiple (3) positions, using the first one!
utility_to_osm - WARNING - ssr:stedsnr = 683225 has multiple (3) positions, using the first one!
utility_to_osm - WARNING - ssr:stedsnr = 683662 has multiple (2) positions, using the first one!
utility_to_osm - WARNING - ssr:stedsnr = 683808 has multiple (2) positions, using the first one!
utility_to_osm - WARNING - ssr:stedsnr = 743005 has multiple (2) positions, using the first one!
utility_to_osm - WARNING - ssr:stedsnr = 743106: No priority spelling found for lang = no, using alt_name to get "[('no', 'Brennåa')]"
utility_to_osm - WARNING - ssr:stedsnr = 743106 has multiple (4) positions, using the first one!
utility_to_osm - WARNING - ssr:stedsnr = 743281 has multiple (2) positions, using the first one!
utility_to_osm - WARNING - ssr:stedsnr = 743803 has multiple (2) positions, using the first one!
utility_to_osm - WARNING - ssr:stedsnr = 743592: No priority spelling found for lang = no, using alt_name to get "[('no', 'Kjørsvika')]"
utility_to_osm - WARNING - ssr:stedsnr = 743791 has multiple (2) positions, using the first one!
utility_to_osm - WARNING - ssr:stedsnr = 743911 has multiple (2) positions, using the first one!
utility_to_osm - WARNING - ssr:stedsnr = 744178 has multiple (3) positions, using the first one!
utility_to_osm - WARNING - ssr:stedsnr = 804106 has multiple (2) positions, using the first one!
utility_to_osm - WARNING - ssr:stedsnr = 804120 has multiple (5) positions, using the first one!
utility_to_osm - WARNING - ssr:stedsnr = 804007 has multiple (3) positions, using the first one!
utility_to_osm - WARNING - ssr:stedsnr = 804011: No priority spelling found for lang = no, using alt_name to get "[('no', 'Oddøya')]"
utility_to_osm - WARNING - ssr:stedsnr = 804011 has multiple (2) positions, using the first one!
utility_to_osm - WARNING - ssr:stedsnr = 804032 has multiple (3) positions, using the first one!
utility_to_osm - WARNING - ssr:stedsnr = 804073 has multiple (3) positions, using the first one!
utility_to_osm - WARNING - ssr:stedsnr = 804816 has multiple (3) positions, using the first one!
utility_to_osm - WARNING - ssr:stedsnr = 804824 has multiple (2) positions, using the first one!
utility_to_osm - WARNING - ssr:stedsnr = 804856 has multiple (2) positions, using the first one!
utility_to_osm - WARNING - ssr:stedsnr = 804862 has multiple (2) positions, using the first one!
utility_to_osm - WARNING - ssr:stedsnr = 804762 has multiple (2) positions, using the first one!
utility_to_osm - WARNING - ssr:stedsnr = 925041: No priority spelling found for lang = no, using alt_name to get "[('no', 'Arøya')]"
utility_to_osm - ERROR - ssr:stedsnr = 925120: Adding multiple names to name tag, this is not OK! name = "Molvika;Stormolvika"
utility_to_osm - WARNING - ssr:stedsnr = 925283 has multiple (2) positions, using the first one!
utility_to_osm - WARNING - ssr:stedsnr = 926088 has multiple (2) positions, using the first one!
utility_to_osm - WARNING - ssr:stedsnr = 926091: No priority spelling found for lang = no, using alt_name to get "[('no', 'Brennåvatnan')]"
utility_to_osm - WARNING - ssr:stedsnr = 926091 has multiple (2) positions, using the first one!
utility_to_osm - WARNING - ssr:stedsnr = 926020 has multiple (2) positions, using the first one!
utility_to_osm - WARNING - ssr:stedsnr = 926033: No priority spelling found for lang = no, using alt_name to get "[('no', 'Slåttøya')]"
utility_to_osm - WARNING - ssr:stedsnr = 926656 has multiple (2) positions, using the first one!
utility_to_osm - WARNING - ssr:stedsnr = 926668 has multiple (2) positions, using the first one!
utility_to_osm - WARNING - ssr:stedsnr = 926673 has multiple (2) positions, using the first one!
utility_to_osm - WARNING - ssr:stedsnr = 926928 has multiple (2) positions, using the first one!
utility_to_osm - WARNING - ssr:stedsnr = 926894 has multiple (2) positions, using the first one!
utility_to_osm - WARNING - ssr:stedsnr = 925004 has multiple (4) positions, using the first one!
utility_to_osm - WARNING - ssr:stedsnr = 925807 has multiple (2) positions, using the first one!
utility_to_osm - WARNING - ssr:stedsnr = 925904 has multiple (2) positions, using the first one!
utility_to_osm - WARNING - ssr:stedsnr = 926072 has multiple (3) positions, using the first one!
utility_to_osm - WARNING - ssr:stedsnr = 926623 has multiple (2) positions, using the first one!
utility_to_osm - ERROR - ssr:stedsnr = 926912: Adding multiple names to name tag, this is not OK! name = "Botnet;Andalsbotnet"
utility_to_osm - WARNING - ssr:stedsnr = 926912 has multiple (2) positions, using the first one!
utility_to_osm - WARNING - ssr:stedsnr = 926811 has multiple (2) positions, using the first one!
utility_to_osm - WARNING - ssr:stedsnr = 926812 has multiple (2) positions, using the first one!
utility_to_osm - WARNING - ssr:stedsnr = 926816 has multiple (2) positions, using the first one!
utility_to_osm - WARNING - ssr:stedsnr = 926821 has multiple (2) positions, using the first one!
utility_to_osm - WARNING - ssr:stedsnr = 926823 has multiple (2) positions, using the first one!
utility_to_osm - WARNING - ssr:stedsnr = 938143: No priority spelling found for lang = no, using alt_name to get "[('no', 'Vågsoddtaren')]"
utility_to_osm - WARNING - ssr:stedsnr = 957841: No priority spelling found for lang = no, using alt_name to get "[('no', 'Veggåa')]"
utility_to_osm - WARNING - ssr:stedsnr = 998728: No priority spelling found for lang = no, using alt_name to get "[('no', 'Nordre Åsvei')]"
utility_to_osm - ERROR - ssr:stedsnr = 998728. No positions found, skipping
utility_to_osm - WARNING - ssr:stedsnr = 998742: No priority spelling found for lang = no, using alt_name to get "[('no', 'Svingen')]"
utility_to_osm - ERROR - ssr:stedsnr = 998742. No positions found, skipping
utility_to_osm - WARNING - ssr:stedsnr = 998773: No priority spelling found for lang = no, using alt_name to get "[('no', 'Forvikveien')]"
utility_to_osm - ERROR - ssr:stedsnr = 998773. No positions found, skipping
utility_to_osm - WARNING - ssr:stedsnr = 998814: No priority spelling found for lang = no, using alt_name to get "[('no', 'Osodden')]"
utility_to_osm - ERROR - ssr:stedsnr = 998814. No positions found, skipping
utility_to_osm - WARNING - ssr:stedsnr = 998819: No priority spelling found for lang = no, using alt_name to get "[('no', 'Syhågen')]"
utility_to_osm - ERROR - ssr:stedsnr = 998819. No positions found, skipping
utility_to_osm - WARNING - ssr:stedsnr = 999435: No priority spelling found for lang = no, using alt_name to get "[('no', 'Lægdet')]"
utility_to_osm - ERROR - ssr:stedsnr = 999435. No positions found, skipping
utility_to_osm - WARNING - ssr:stedsnr = 1000090: No priority spelling found for lang = no, using alt_name to get "[('no', 'Stokkaveien')]"
utility_to_osm - ERROR - ssr:stedsnr = 1000090. No positions found, skipping
utility_to_osm - WARNING - ssr:stedsnr = 1000122: No priority spelling found for lang = no, using alt_name to get "[('no', 'Visthusveien')]"
utility_to_osm - ERROR - ssr:stedsnr = 1000122. No positions found, skipping
utility_to_osm - WARNING - ssr:stedsnr = 15088 has multiple (10) positions, using the first one!
utility_to_osm - WARNING - ssr:stedsnr = 15041 has multiple (2) positions, using the first one!
utility_to_osm - WARNING - ssr:stedsnr = 15129: No priority spelling found for lang = no, using alt_name to get "[('no', 'Kvitkjertet')]"
utility_to_osm - WARNING - ssr:stedsnr = 15129 has multiple (2) positions, using the first one!
utility_to_osm - WARNING - ssr:stedsnr = 15222 has multiple (3) positions, using the first one!
utility_to_osm - WARNING - ssr:stedsnr = 15231 has multiple (3) positions, using the first one!
utility_to_osm - WARNING - ssr:stedsnr = 15829 has multiple (2) positions, using the first one!
utility_to_osm - WARNING - ssr:stedsnr = 15845 has multiple (2) positions, using the first one!
utility_to_osm - WARNING - ssr:stedsnr = 15699 has multiple (2) positions, using the first one!
utility_to_osm - WARNING - ssr:stedsnr = 15862 has multiple (2) positions, using the first one!
utility_to_osm - WARNING - ssr:stedsnr = 15869: No priority spelling found for lang = no, using alt_name to get "[('no', 'Bønnåga')]"
utility_to_osm - WARNING - ssr:stedsnr = 15869 has multiple (2) positions, using the first one!
utility_to_osm - WARNING - ssr:stedsnr = 15895 has multiple (4) positions, using the first one!
utility_to_osm - WARNING - ssr:stedsnr = 16200: No priority spelling found for lang = no, using alt_name to get "[('no', 'Vågsodden')]"
utility_to_osm - WARNING - ssr:stedsnr = 16200 has multiple (2) positions, using the first one!
utility_to_osm - WARNING - ssr:stedsnr = 25619 has multiple (6) positions, using the first one!
utility_to_osm - WARNING - ssr:stedsnr = 46834 has multiple (2) positions, using the first one!
utility_to_osm - WARNING - ssr:stedsnr = 57358 has multiple (2) positions, using the first one!
utility_to_osm - WARNING - ssr:stedsnr = 76020: No priority spelling found for lang = no, using alt_name to get "[('no', 'Elvbakken')]"
utility_to_osm - WARNING - ssr:stedsnr = 76814 has multiple (2) positions, using the first one!
utility_to_osm - WARNING - ssr:stedsnr = 76125 has multiple (3) positions, using the first one!
utility_to_osm - WARNING - ssr:stedsnr = 76126 has multiple (2) positions, using the first one!
utility_to_osm - WARNING - ssr:stedsnr = 76668 has multiple (2) positions, using the first one!
utility_to_osm - WARNING - ssr:stedsnr = 76673 has multiple (2) positions, using the first one!
utility_to_osm - WARNING - ssr:stedsnr = 76640 has multiple (2) positions, using the first one!
utility_to_osm - WARNING - ssr:stedsnr = 76688 has multiple (2) positions, using the first one!
utility_to_osm - WARNING - ssr:stedsnr = 76823 has multiple (2) positions, using the first one!
utility_to_osm - WARNING - ssr:stedsnr = 76840 has multiple (2) positions, using the first one!
utility_to_osm - WARNING - ssr:stedsnr = 76914 has multiple (2) positions, using the first one!
utility_to_osm - WARNING - ssr:stedsnr = 107560 has multiple (2) positions, using the first one!
utility_to_osm - WARNING - ssr:stedsnr = 107774: No priority spelling found for lang = no, using alt_name to get "[('no', 'Dròksålia')]"
utility_to_osm - WARNING - ssr:stedsnr = 136134 has multiple (2) positions, using the first one!
utility_to_osm - WARNING - ssr:stedsnr = 136245 has multiple (2) positions, using the first one!
utility_to_osm - WARNING - ssr:stedsnr = 136285 has multiple (3) positions, using the first one!
utility_to_osm - WARNING - ssr:stedsnr = 136856 has multiple (2) positions, using the first one!
utility_to_osm - WARNING - ssr:stedsnr = 136863 has multiple (2) positions, using the first one!
utility_to_osm - WARNING - ssr:stedsnr = 136676 has multiple (2) positions, using the first one!
utility_to_osm - WARNING - ssr:stedsnr = 136688 has multiple (2) positions, using the first one!
utility_to_osm - WARNING - ssr:stedsnr = 136831 has multiple (2) positions, using the first one!
utility_to_osm - WARNING - ssr:stedsnr = 137059: No priority spelling found for lang = no, using alt_name to get "[('no', 'Esøyskjæret')]"
utility_to_osm - WARNING - ssr:stedsnr = 137064: No priority spelling found for lang = no, using alt_name to get "[('no', 'Breiåa')]"
utility_to_osm - WARNING - ssr:stedsnr = 136921 has multiple (4) positions, using the first one!
utility_to_osm - WARNING - ssr:stedsnr = 137864 has multiple (2) positions, using the first one!
utility_to_osm - WARNING - ssr:stedsnr = 147499 has multiple (2) positions, using the first one!
utility_to_osm - WARNING - ssr:stedsnr = 148196: No priority spelling found for lang = no, using alt_name to get "[('no', 'Snertholmfluin')]"
utility_to_osm - WARNING - ssr:stedsnr = 168728 has multiple (2) positions, using the first one!
utility_to_osm - WARNING - ssr:stedsnr = 197884 has multiple (2) positions, using the first one!
utility_to_osm - WARNING - ssr:stedsnr = 197096 has multiple (3) positions, using the first one!
utility_to_osm - WARNING - ssr:stedsnr = 197101 has multiple (4) positions, using the first one!
utility_to_osm - WARNING - ssr:stedsnr = 197033 has multiple (3) positions, using the first one!
utility_to_osm - WARNING - ssr:stedsnr = 197035 has multiple (4) positions, using the first one!
utility_to_osm - WARNING - ssr:stedsnr = 197053: No priority spelling found for lang = no, using alt_name to get "[('no', 'Giskåholmen')]"
utility_to_osm - WARNING - ssr:stedsnr = 197053 has multiple (4) positions, using the first one!
utility_to_osm - WARNING - ssr:stedsnr = 197133 has multiple (2) positions, using the first one!
utility_to_osm - WARNING - ssr:stedsnr = 197247: No priority spelling found for lang = no, using alt_name to get "[('no', 'Vistnesstranda')]"
utility_to_osm - WARNING - ssr:stedsnr = 197695 has multiple (2) positions, using the first one!
utility_to_osm - ERROR - ssr:stedsnr = 197930: Adding multiple names to name tag, this is not OK! name = "Stiga;Fensko"
utility_to_osm - ERROR - ssr:stedsnr = 197941: Adding multiple names to name tag, this is not OK! name = "Langvatnet;Storvatnet"
utility_to_osm - WARNING - ssr:stedsnr = 197941 has multiple (2) positions, using the first one!
utility_to_osm - ERROR - ssr:stedsnr = 197943: Adding multiple names to name tag, this is not OK! name = "Strandneset;Nordstrangneset"
utility_to_osm - WARNING - ssr:stedsnr = 197943 has multiple (2) positions, using the first one!
utility_to_osm - WARNING - ssr:stedsnr = 197840 has multiple (2) positions, using the first one!
utility_to_osm - WARNING - ssr:stedsnr = 197850 has multiple (2) positions, using the first one!
utility_to_osm - WARNING - ssr:stedsnr = 198047 has multiple (5) positions, using the first one!
utility_to_osm - WARNING - ssr:stedsnr = 216150: No priority spelling found for lang = no, using alt_name to get "[('no', 'Sjøenget')]"
utility_to_osm - WARNING - ssr:stedsnr = 289818: No priority spelling found for lang = no, using alt_name to get "[('no', 'Sør-Breiåa')]"
utility_to_osm - WARNING - ssr:stedsnr = 318006: No priority spelling found for lang = no, using alt_name to get "[('no', 'Vågsvågen')]"
utility_to_osm - ERROR - ssr:stedsnr = 318008: Adding multiple names to name tag, this is not OK! name = "Langberghågjen;Langberget"
utility_to_osm - WARNING - ssr:stedsnr = 318008 has multiple (3) positions, using the first one!
utility_to_osm - WARNING - ssr:stedsnr = 318012 has multiple (4) positions, using the first one!
utility_to_osm - WARNING - ssr:stedsnr = 318028 has multiple (2) positions, using the first one!
utility_to_osm - WARNING - ssr:stedsnr = 318034 has multiple (2) positions, using the first one!
utility_to_osm - WARNING - ssr:stedsnr = 318098 has multiple (2) positions, using the first one!
utility_to_osm - WARNING - ssr:stedsnr = 318083: No priority spelling found for lang = no, using alt_name to get "[('no', 'Esøytaren')]"
utility_to_osm - WARNING - ssr:stedsnr = 318183 has multiple (2) positions, using the first one!
utility_to_osm - ERROR - ssr:stedsnr = 318184: Adding multiple names to name tag, this is not OK! name = "Sørvika;Sørfjæro"
utility_to_osm - WARNING - ssr:stedsnr = 318184 has multiple (3) positions, using the first one!
utility_to_osm - ERROR - ssr:stedsnr = 318185: Adding multiple names to name tag, this is not OK! name = "Nordvika;Nordfjæro"
utility_to_osm - WARNING - ssr:stedsnr = 318185 has multiple (3) positions, using the first one!
utility_to_osm - WARNING - ssr:stedsnr = 319664 has multiple (2) positions, using the first one!
utility_to_osm - WARNING - ssr:stedsnr = 319665 has multiple (3) positions, using the first one!
utility_to_osm - WARNING - ssr:stedsnr = 319675 has multiple (2) positions, using the first one!
utility_to_osm - WARNING - ssr:stedsnr = 318877 has multiple (2) positions, using the first one!
utility_to_osm - WARNING - ssr:stedsnr = 318932 has multiple (2) positions, using the first one!
utility_to_osm - WARNING - ssr:stedsnr = 319033 has multiple (2) positions, using the first one!
utility_to_osm - WARNING - ssr:stedsnr = 319231 has multiple (4) positions, using the first one!
utility_to_osm - WARNING - ssr:stedsnr = 319234 has multiple (2) positions, using the first one!
utility_to_osm - WARNING - ssr:stedsnr = 319615 has multiple (3) positions, using the first one!
utility_to_osm - WARNING - ssr:stedsnr = 319621 has multiple (2) positions, using the first one!
utility_to_osm - WARNING - ssr:stedsnr = 319926 has multiple (2) positions, using the first one!
utility_to_osm - WARNING - ssr:stedsnr = 350774 has multiple (2) positions, using the first one!
utility_to_osm - WARNING - ssr:stedsnr = 354941: No priority spelling found for lang = no, using alt_name to get "[('no', 'Storvomskjæret')]"
utility_to_osm - WARNING - ssr:stedsnr = 379017: No priority spelling found for lang = no, using alt_name to get "[('no', 'Slåttvika')]"
utility_to_osm - WARNING - ssr:stedsnr = 379017 has multiple (4) positions, using the first one!
utility_to_osm - WARNING - ssr:stedsnr = 379028: No priority spelling found for lang = no, using alt_name to get "[('no', 'Gråholmen')]"
utility_to_osm - WARNING - ssr:stedsnr = 379033: No priority spelling found for lang = no, using alt_name to get "[('no', 'Makjenvika')]"
utility_to_osm - WARNING - ssr:stedsnr = 379050 has multiple (3) positions, using the first one!
utility_to_osm - WARNING - ssr:stedsnr = 379058 has multiple (2) positions, using the first one!
utility_to_osm - WARNING - ssr:stedsnr = 379060 has multiple (4) positions, using the first one!
utility_to_osm - WARNING - ssr:stedsnr = 379079 has multiple (4) positions, using the first one!
utility_to_osm - WARNING - ssr:stedsnr = 379082 has multiple (3) positions, using the first one!
utility_to_osm - ERROR - ssr:stedsnr = 379087: Adding multiple names to name tag, this is not OK! name = "Heimskjæran;Heimreskjæran"
utility_to_osm - WARNING - ssr:stedsnr = 379087 has multiple (5) positions, using the first one!
utility_to_osm - WARNING - ssr:stedsnr = 379665 has multiple (2) positions, using the first one!
utility_to_osm - WARNING - ssr:stedsnr = 379847 has multiple (2) positions, using the first one!
utility_to_osm - WARNING - ssr:stedsnr = 440136: No priority spelling found for lang = no, using alt_name to get "[('no', 'Ausen')]"
utility_to_osm - WARNING - ssr:stedsnr = 440136 has multiple (2) positions, using the first one!
utility_to_osm - WARNING - ssr:stedsnr = 440037 has multiple (2) positions, using the first one!
utility_to_osm - WARNING - ssr:stedsnr = 440076 has multiple (2) positions, using the first one!
utility_to_osm - WARNING - ssr:stedsnr = 440083: No priority spelling found for lang = no, using alt_name to get "[('no', 'Vomskjæran')]"
utility_to_osm - WARNING - ssr:stedsnr = 440083 has multiple (3) positions, using the first one!
utility_to_osm - WARNING - ssr:stedsnr = 440629 has multiple (2) positions, using the first one!
utility_to_osm - WARNING - ssr:stedsnr = 440781 has multiple (5) positions, using the first one!
utility_to_osm - WARNING - ssr:stedsnr = 440840 has multiple (2) positions, using the first one!
utility_to_osm - WARNING - ssr:stedsnr = 440846: No priority spelling found for lang = no, using alt_name to get "[('no', 'Bønnåforsen')]"
utility_to_osm - WARNING - ssr:stedsnr = 440846 has multiple (2) positions, using the first one!
utility_to_osm - WARNING - ssr:stedsnr = 440881 has multiple (2) positions, using the first one!
utility_to_osm - WARNING - ssr:stedsnr = 440829 has multiple (2) positions, using the first one!
utility_to_osm - WARNING - ssr:stedsnr = 440927: No priority spelling found for lang = no, using alt_name to get "[('no', 'Fjordholmen')]"
utility_to_osm - WARNING - ssr:stedsnr = 440927 has multiple (2) positions, using the first one!
utility_to_osm - WARNING - ssr:stedsnr = 500011 has multiple (5) positions, using the first one!
utility_to_osm - WARNING - ssr:stedsnr = 500015 has multiple (4) positions, using the first one!
utility_to_osm - ERROR - ssr:stedsnr = 500030: Adding multiple names to name tag, this is not OK! name = "Vevelstadgrønlia;Nergrønnlia"
utility_to_osm - WARNING - ssr:stedsnr = 500030 has multiple (2) positions, using the first one!
utility_to_osm - WARNING - ssr:stedsnr = 500118 has multiple (3) positions, using the first one!
utility_to_osm - WARNING - ssr:stedsnr = 500941: No priority spelling found for lang = no, using alt_name to get "[('no', 'Ausvatnet')]"
utility_to_osm - WARNING - ssr:stedsnr = 501046 has multiple (4) positions, using the first one!
utility_to_osm - WARNING - ssr:stedsnr = 501051 has multiple (3) positions, using the first one!
utility_to_osm - WARNING - ssr:stedsnr = 501765: No priority spelling found for lang = no, using alt_name to get "[('no', 'Langøya')]"
utility_to_osm - WARNING - ssr:stedsnr = 511766: No priority spelling found for lang = smj, using alt_name to get "[('no', 'Nordland fylke'), ('smj', 'Nordlánda fylkka')]"
utility_to_osm - WARNING - ssr:stedsnr = 511766: No priority spelling found for lang = sma, using alt_name to get "[('no', 'Nordland fylke'), ('smj', 'Nordlánda fylkka')]"
utility_to_osm - WARNING - ssr:stedsnr = 511766: No priority spelling found for lang = sma, using alt_name to get "[('no', 'Nordland fylke'), ('smj', 'Nordlánda fylkka')]"
utility_to_osm - WARNING - ssr:stedsnr = 511766 has multiple (14) positions, using the first one!
utility_to_osm - WARNING - ssr:stedsnr = 560071: No priority spelling found for lang = no, using alt_name to get "[('no', 'Esøyslua')]"
utility_to_osm - WARNING - ssr:stedsnr = 561059 has multiple (2) positions, using the first one!
utility_to_osm - WARNING - ssr:stedsnr = 561839 has multiple (2) positions, using the first one!
utility_to_osm - WARNING - ssr:stedsnr = 561123 has multiple (3) positions, using the first one!
utility_to_osm - WARNING - ssr:stedsnr = 561239: No priority spelling found for lang = no, using alt_name to get "[('no', 'Visten')]"
utility_to_osm - WARNING - ssr:stedsnr = 561239 has multiple (15) positions, using the first one!
utility_to_osm - WARNING - ssr:stedsnr = 561227 has multiple (2) positions, using the first one!
utility_to_osm - WARNING - ssr:stedsnr = 561228 has multiple (3) positions, using the first one!
utility_to_osm - WARNING - ssr:stedsnr = 561667 has multiple (2) positions, using the first one!
utility_to_osm - WARNING - ssr:stedsnr = 561675 has multiple (2) positions, using the first one!
utility_to_osm - WARNING - ssr:stedsnr = 561681 has multiple (2) positions, using the first one!
utility_to_osm - WARNING - ssr:stedsnr = 561695 has multiple (2) positions, using the first one!
utility_to_osm - WARNING - ssr:stedsnr = 561800 has multiple (2) positions, using the first one!
utility_to_osm - WARNING - ssr:stedsnr = 561807 has multiple (2) positions, using the first one!
utility_to_osm - WARNING - ssr:stedsnr = 561886 has multiple (2) positions, using the first one!
utility_to_osm - ERROR - ssr:stedsnr = 561919: Adding multiple names to name tag, this is not OK! name = "Forneset;Ørntuva"
utility_to_osm - WARNING - ssr:stedsnr = 561919 has multiple (2) positions, using the first one!
utility_to_osm - WARNING - ssr:stedsnr = 561999: No priority spelling found for lang = no, using alt_name to get "[('no', 'Andalshatten')]"
utility_to_osm - WARNING - ssr:stedsnr = 561999 has multiple (3) positions, using the first one!
utility_to_osm - WARNING - ssr:stedsnr = 561861: No priority spelling found for lang = no, using alt_name to get "[('no', 'Krongelvatnet')]"
utility_to_osm - WARNING - ssr:stedsnr = 561861 has multiple (3) positions, using the first one!
utility_to_osm - WARNING - ssr:stedsnr = 561867 has multiple (2) positions, using the first one!
utility_to_osm - WARNING - ssr:stedsnr = 561975 has multiple (3) positions, using the first one!
utility_to_osm - WARNING - ssr:stedsnr = 592598: No priority spelling found for lang = no, using alt_name to get "[('no', 'Syvikodden')]"
utility_to_osm - WARNING - ssr:stedsnr = 621105: No priority spelling found for lang = no, using alt_name to get "[('no', 'Tasslihalsen')]"
utility_to_osm - WARNING - ssr:stedsnr = 621247 has multiple (2) positions, using the first one!
utility_to_osm - WARNING - ssr:stedsnr = 622687 has multiple (3) positions, using the first one!
utility_to_osm - WARNING - ssr:stedsnr = 622102 has multiple (2) positions, using the first one!
utility_to_osm - WARNING - ssr:stedsnr = 622660 has multiple (5) positions, using the first one!
utility_to_osm - WARNING - ssr:stedsnr = 622830 has multiple (3) positions, using the first one!
utility_to_osm - WARNING - ssr:stedsnr = 653559: No priority spelling found for lang = no, using alt_name to get "[('no', 'Syskogen')]"
utility_to_osm - WARNING - ssr:stedsnr = 713320: No priority spelling found for lang = no, using alt_name to get "[('no', 'Giskåa')]"
utility_to_osm - ERROR - ssr:stedsnr = 713320. No positions found, skipping
utility_to_osm - WARNING - ssr:stedsnr = 743083 has multiple (2) positions, using the first one!
utility_to_osm - WARNING - ssr:stedsnr = 743120: No priority spelling found for lang = no, using alt_name to get "[('no', 'Gullåa')]"
utility_to_osm - WARNING - ssr:stedsnr = 743124 has multiple (2) positions, using the first one!
utility_to_osm - WARNING - ssr:stedsnr = 743001: No priority spelling found for lang = no, using alt_name to get "[('no', 'Aunvågen')]"
utility_to_osm - WARNING - ssr:stedsnr = 743015 has multiple (2) positions, using the first one!
utility_to_osm - WARNING - ssr:stedsnr = 743019: No priority spelling found for lang = no, using alt_name to get "[('no', 'Røyrøya')]"
utility_to_osm - WARNING - ssr:stedsnr = 743769 has multiple (3) positions, using the first one!
utility_to_osm - WARNING - ssr:stedsnr = 743772 has multiple (2) positions, using the first one!
utility_to_osm - WARNING - ssr:stedsnr = 743077: No priority spelling found for lang = no, using alt_name to get "[('no', 'Gårdsøya')]"
utility_to_osm - WARNING - ssr:stedsnr = 743818 has multiple (3) positions, using the first one!
utility_to_osm - WARNING - ssr:stedsnr = 743857: No priority spelling found for lang = no, using alt_name to get "[('no', 'Bønnåklubben')]"
utility_to_osm - WARNING - ssr:stedsnr = 743857 has multiple (3) positions, using the first one!
utility_to_osm - WARNING - ssr:stedsnr = 768912: No priority spelling found for lang = no, using alt_name to get "[('no', 'Ausen')]"
utility_to_osm - WARNING - ssr:stedsnr = 775620 has multiple (2) positions, using the first one!
utility_to_osm - WARNING - ssr:stedsnr = 804053 has multiple (2) positions, using the first one!
utility_to_osm - WARNING - ssr:stedsnr = 804130: No priority spelling found for lang = no, using alt_name to get "[('no', 'Ner-Høyholm')]"
utility_to_osm - WARNING - ssr:stedsnr = 804130 has multiple (2) positions, using the first one!
utility_to_osm - WARNING - ssr:stedsnr = 804141 has multiple (2) positions, using the first one!
utility_to_osm - WARNING - ssr:stedsnr = 804865: No priority spelling found for lang = no, using alt_name to get "[('no', 'Bønnåvatnet')]"
utility_to_osm - WARNING - ssr:stedsnr = 804865 has multiple (2) positions, using the first one!
utility_to_osm - WARNING - ssr:stedsnr = 804866 has multiple (2) positions, using the first one!
utility_to_osm - WARNING - ssr:stedsnr = 805082: No priority spelling found for lang = no, using alt_name to get "[('no', 'Brennholmen')]"
utility_to_osm - WARNING - ssr:stedsnr = 805082 has multiple (4) positions, using the first one!
utility_to_osm - WARNING - ssr:stedsnr = 804692 has multiple (3) positions, using the first one!
utility_to_osm - WARNING - ssr:stedsnr = 804838 has multiple (2) positions, using the first one!
utility_to_osm - WARNING - ssr:stedsnr = 805188 has multiple (4) positions, using the first one!
utility_to_osm - WARNING - ssr:stedsnr = 805191 has multiple (2) positions, using the first one!
utility_to_osm - WARNING - ssr:stedsnr = 816202: No priority spelling found for lang = no, using alt_name to get "[('no', 'Remma')]"
utility_to_osm - WARNING - ssr:stedsnr = 816202 has multiple (2) positions, using the first one!
utility_to_osm - WARNING - ssr:stedsnr = 836619 has multiple (2) positions, using the first one!
utility_to_osm - WARNING - ssr:stedsnr = 836802 has multiple (2) positions, using the first one!
utility_to_osm - WARNING - ssr:stedsnr = 865020 has multiple (2) positions, using the first one!
utility_to_osm - WARNING - ssr:stedsnr = 865030 has multiple (4) positions, using the first one!
utility_to_osm - WARNING - ssr:stedsnr = 865042: No priority spelling found for lang = no, using alt_name to get "[('no', 'Langøya')]"
utility_to_osm - WARNING - ssr:stedsnr = 865072 has multiple (2) positions, using the first one!
utility_to_osm - WARNING - ssr:stedsnr = 865090 has multiple (2) positions, using the first one!
utility_to_osm - WARNING - ssr:stedsnr = 865119 has multiple (3) positions, using the first one!
utility_to_osm - WARNING - ssr:stedsnr = 865121: No priority spelling found for lang = no, using alt_name to get "[('no', 'Esøya')]"
utility_to_osm - WARNING - ssr:stedsnr = 865121 has multiple (2) positions, using the first one!
utility_to_osm - WARNING - ssr:stedsnr = 865248 has multiple (5) positions, using the first one!
utility_to_osm - WARNING - ssr:stedsnr = 865844 has multiple (4) positions, using the first one!
utility_to_osm - WARNING - ssr:stedsnr = 865849 has multiple (3) positions, using the first one!
utility_to_osm - WARNING - ssr:stedsnr = 865853 has multiple (2) positions, using the first one!
utility_to_osm - WARNING - ssr:stedsnr = 865859 has multiple (2) positions, using the first one!
utility_to_osm - WARNING - ssr:stedsnr = 865646 has multiple (2) positions, using the first one!
utility_to_osm - WARNING - ssr:stedsnr = 865657 has multiple (2) positions, using the first one!
utility_to_osm - WARNING - ssr:stedsnr = 865691 has multiple (2) positions, using the first one!
utility_to_osm - WARNING - ssr:stedsnr = 865696 has multiple (2) positions, using the first one!
utility_to_osm - WARNING - ssr:stedsnr = 865705 has multiple (2) positions, using the first one!
utility_to_osm - WARNING - ssr:stedsnr = 865803 has multiple (2) positions, using the first one!
utility_to_osm - WARNING - ssr:stedsnr = 865765 has multiple (2) positions, using the first one!
utility_to_osm - WARNING - ssr:stedsnr = 865824 has multiple (2) positions, using the first one!
utility_to_osm - WARNING - ssr:stedsnr = 865885: No priority spelling found for lang = no, using alt_name to get "[('no', 'Høyvika')]"
utility_to_osm - WARNING - ssr:stedsnr = 865885 has multiple (2) positions, using the first one!
utility_to_osm - WARNING - ssr:stedsnr = 865897 has multiple (2) positions, using the first one!
utility_to_osm - WARNING - ssr:stedsnr = 865907 has multiple (2) positions, using the first one!
utility_to_osm - WARNING - ssr:stedsnr = 865870 has multiple (5) positions, using the first one!
utility_to_osm - WARNING - ssr:stedsnr = 961276: No priority spelling found for lang = no, using alt_name to get "[('no', 'Syvika')]"
utility_to_osm - WARNING - ssr:stedsnr = 961952: No priority spelling found for lang = no, using alt_name to get "[('no', 'Lissvomskjæret')]"
utility_to_osm - WARNING - ssr:stedsnr = 998686: No priority spelling found for lang = no, using alt_name to get "[('no', 'Nedre Slåttvikåsen')]"
utility_to_osm - ERROR - ssr:stedsnr = 998686. No positions found, skipping
utility_to_osm - WARNING - ssr:stedsnr = 998688: No priority spelling found for lang = no, using alt_name to get "[('no', 'Øvre Slåttvikåsen')]"
utility_to_osm - ERROR - ssr:stedsnr = 998688. No positions found, skipping
utility_to_osm - WARNING - ssr:stedsnr = 998697: No priority spelling found for lang = no, using alt_name to get "[('no', 'Søndre Åsvei')]"
utility_to_osm - ERROR - ssr:stedsnr = 998697. No positions found, skipping
utility_to_osm - WARNING - ssr:stedsnr = 998706: No priority spelling found for lang = no, using alt_name to get "[('no', 'Industriveien')]"
utility_to_osm - ERROR - ssr:stedsnr = 998706. No positions found, skipping
utility_to_osm - WARNING - ssr:stedsnr = 998807: No priority spelling found for lang = no, using alt_name to get "[('no', 'Nerveien')]"
utility_to_osm - ERROR - ssr:stedsnr = 998807. No positions found, skipping
utility_to_osm - WARNING - ssr:stedsnr = 999354: No priority spelling found for lang = no, using alt_name to get "[('no', 'Tuven')]"
utility_to_osm - ERROR - ssr:stedsnr = 999354. No positions found, skipping
utility_to_osm - WARNING - ssr:stedsnr = 999362: No priority spelling found for lang = no, using alt_name to get "[('no', 'Nordmarka')]"
utility_to_osm - ERROR - ssr:stedsnr = 999362. No positions found, skipping
utility_to_osm - WARNING - ssr:stedsnr = 999055: No priority spelling found for lang = no, using alt_name to get "[('no', 'Vistnesveien')]"
utility_to_osm - ERROR - ssr:stedsnr = 999055. No positions found, skipping
utility_to_osm - WARNING - ssr:stedsnr = 999063: No priority spelling found for lang = no, using alt_name to get "[('no', 'Nordvika')]"
utility_to_osm - ERROR - ssr:stedsnr = 999063. No positions found, skipping
utility_to_osm - WARNING - ssr:stedsnr = 999071: No priority spelling found for lang = no, using alt_name to get "[('no', 'Strandveien')]"
utility_to_osm - ERROR - ssr:stedsnr = 999071. No positions found, skipping
utility_to_osm - WARNING - ssr:stedsnr = 999079: No priority spelling found for lang = no, using alt_name to get "[('no', 'Korsvikveien')]"
utility_to_osm - ERROR - ssr:stedsnr = 999079. No positions found, skipping
utility_to_osm - WARNING - ssr:stedsnr = 999398: No priority spelling found for lang = no, using alt_name to get "[('no', 'Nordodden')]"
utility_to_osm - ERROR - ssr:stedsnr = 999398. No positions found, skipping
utility_to_osm - WARNING - ssr:stedsnr = 999412: No priority spelling found for lang = no, using alt_name to get "[('no', 'Hamnøyveien')]"
utility_to_osm - ERROR - ssr:stedsnr = 999412. No positions found, skipping
utility_to_osm - WARNING - ssr:stedsnr = 999488: No priority spelling found for lang = no, using alt_name to get "[('no', 'Vikaveien')]"
utility_to_osm - ERROR - ssr:stedsnr = 999488. No positions found, skipping
utility_to_osm - WARNING - ssr:stedsnr = 999506: No priority spelling found for lang = no, using alt_name to get "[('no', 'Nordsjøveien')]"
utility_to_osm - ERROR - ssr:stedsnr = 999506. No positions found, skipping
utility_to_osm - WARNING - ssr:stedsnr = 999459: No priority spelling found for lang = no, using alt_name to get "[('no', 'Bjørnvikveien')]"
utility_to_osm - ERROR - ssr:stedsnr = 999459. No positions found, skipping
utility_to_osm - WARNING - ssr:stedsnr = 999976: No priority spelling found for lang = no, using alt_name to get "[('no', 'Syskogveien')]"
utility_to_osm - ERROR - ssr:stedsnr = 999976. No positions found, skipping
utility_to_osm - WARNING - ssr:stedsnr = 999947: No priority spelling found for lang = no, using alt_name to get "[('no', 'Syvikveien')]"
utility_to_osm - ERROR - ssr:stedsnr = 999947. No positions found, skipping
utility_to_osm - WARNING - ssr:stedsnr = 999955: No priority spelling found for lang = no, using alt_name to get "[('no', 'Brennåveien')]"
utility_to_osm - ERROR - ssr:stedsnr = 999955. No positions found, skipping
utility_to_osm - WARNING - ssr:stedsnr = 1000660: No priority spelling found for lang = no, using alt_name to get "[('no', 'Nesodden')]"
utility_to_osm - ERROR - ssr:stedsnr = 1000660. No positions found, skipping
utility_to_osm - WARNING - ssr:stedsnr = 1001039: No priority spelling found for lang = no, using alt_name to get "[('no', 'Ausen')]"
utility_to_osm - ERROR - ssr:stedsnr = 1001039. No positions found, skipping
utility_to_osm - WARNING - ssr:stedsnr = 1001010: No priority spelling found for lang = no, using alt_name to get "[('no', 'Kilvågen')]"
utility_to_osm - ERROR - ssr:stedsnr = 1001010. No positions found, skipping
