utility_to_osm - ERROR - ERROR, no ending in ssr2_to_osm_data/data/3443/3443-ssr.xml? Trying to re-download
utility_to_osm - WARNING - ssr:stedsnr = 7120 has multiple (2) positions, using the first one!
utility_to_osm - WARNING - ssr:stedsnr = 7258 has multiple (2) positions, using the first one!
utility_to_osm - WARNING - ssr:stedsnr = 7406 has multiple (3) positions, using the first one!
utility_to_osm - WARNING - ssr:stedsnr = 7417 has multiple (2) positions, using the first one!
utility_to_osm - WARNING - ssr:stedsnr = 7418 has multiple (2) positions, using the first one!
utility_to_osm - WARNING - ssr:stedsnr = 7312 has multiple (2) positions, using the first one!
utility_to_osm - WARNING - ssr:stedsnr = 7315 has multiple (2) positions, using the first one!
utility_to_osm - WARNING - ssr:stedsnr = 7355 has multiple (2) positions, using the first one!
utility_to_osm - WARNING - ssr:stedsnr = 7359 has multiple (2) positions, using the first one!
utility_to_osm - WARNING - ssr:stedsnr = 23782 has multiple (2) positions, using the first one!
utility_to_osm - WARNING - ssr:stedsnr = 67409 has multiple (2) positions, using the first one!
utility_to_osm - WARNING - ssr:stedsnr = 67416 has multiple (2) positions, using the first one!
utility_to_osm - WARNING - ssr:stedsnr = 67421 has multiple (2) positions, using the first one!
utility_to_osm - WARNING - ssr:stedsnr = 67423 has multiple (2) positions, using the first one!
utility_to_osm - WARNING - ssr:stedsnr = 67305 has multiple (2) positions, using the first one!
utility_to_osm - WARNING - ssr:stedsnr = 67899 has multiple (2) positions, using the first one!
utility_to_osm - WARNING - ssr:stedsnr = 68104 has multiple (2) positions, using the first one!
utility_to_osm - WARNING - ssr:stedsnr = 68342 has multiple (2) positions, using the first one!
utility_to_osm - WARNING - ssr:stedsnr = 68345 has multiple (2) positions, using the first one!
utility_to_osm - WARNING - ssr:stedsnr = 68348 has multiple (2) positions, using the first one!
utility_to_osm - WARNING - ssr:stedsnr = 68287 has multiple (2) positions, using the first one!
utility_to_osm - WARNING - ssr:stedsnr = 68434 has multiple (2) positions, using the first one!
utility_to_osm - WARNING - ssr:stedsnr = 68443 has multiple (2) positions, using the first one!
utility_to_osm - WARNING - ssr:stedsnr = 249289 has multiple (3) positions, using the first one!
utility_to_osm - WARNING - ssr:stedsnr = 249397 has multiple (2) positions, using the first one!
utility_to_osm - WARNING - ssr:stedsnr = 249406 has multiple (2) positions, using the first one!
utility_to_osm - WARNING - ssr:stedsnr = 249410 has multiple (2) positions, using the first one!
utility_to_osm - WARNING - ssr:stedsnr = 250091 has multiple (2) positions, using the first one!
utility_to_osm - WARNING - ssr:stedsnr = 250108 has multiple (2) positions, using the first one!
utility_to_osm - WARNING - ssr:stedsnr = 250123 has multiple (2) positions, using the first one!
utility_to_osm - WARNING - ssr:stedsnr = 250340 has multiple (2) positions, using the first one!
utility_to_osm - WARNING - ssr:stedsnr = 250406 has multiple (2) positions, using the first one!
utility_to_osm - WARNING - ssr:stedsnr = 250410 has multiple (2) positions, using the first one!
utility_to_osm - WARNING - ssr:stedsnr = 250461 has multiple (2) positions, using the first one!
utility_to_osm - WARNING - ssr:stedsnr = 128108 has multiple (2) positions, using the first one!
utility_to_osm - WARNING - ssr:stedsnr = 128109 has multiple (3) positions, using the first one!
utility_to_osm - WARNING - ssr:stedsnr = 128138 has multiple (2) positions, using the first one!
utility_to_osm - WARNING - ssr:stedsnr = 128145 has multiple (2) positions, using the first one!
utility_to_osm - WARNING - ssr:stedsnr = 128147 has multiple (2) positions, using the first one!
utility_to_osm - WARNING - ssr:stedsnr = 128152 has multiple (2) positions, using the first one!
utility_to_osm - WARNING - ssr:stedsnr = 128090 has multiple (3) positions, using the first one!
utility_to_osm - WARNING - ssr:stedsnr = 128096 has multiple (2) positions, using the first one!
utility_to_osm - WARNING - ssr:stedsnr = 128236 has multiple (2) positions, using the first one!
utility_to_osm - WARNING - ssr:stedsnr = 128242 has multiple (2) positions, using the first one!
utility_to_osm - WARNING - ssr:stedsnr = 128250 has multiple (2) positions, using the first one!
utility_to_osm - WARNING - ssr:stedsnr = 128288 has multiple (2) positions, using the first one!
utility_to_osm - WARNING - ssr:stedsnr = 128413 has multiple (2) positions, using the first one!
utility_to_osm - WARNING - ssr:stedsnr = 252586 has multiple (12) positions, using the first one!
utility_to_osm - WARNING - ssr:stedsnr = 148913 has multiple (3) positions, using the first one!
utility_to_osm - WARNING - ssr:stedsnr = 188085 has multiple (2) positions, using the first one!
utility_to_osm - WARNING - ssr:stedsnr = 188316 has multiple (2) positions, using the first one!
utility_to_osm - WARNING - ssr:stedsnr = 188317 has multiple (2) positions, using the first one!
utility_to_osm - WARNING - ssr:stedsnr = 189075 has multiple (2) positions, using the first one!
utility_to_osm - WARNING - ssr:stedsnr = 189117 has multiple (2) positions, using the first one!
utility_to_osm - WARNING - ssr:stedsnr = 189141 has multiple (2) positions, using the first one!
utility_to_osm - WARNING - ssr:stedsnr = 189143 has multiple (2) positions, using the first one!
utility_to_osm - WARNING - ssr:stedsnr = 189144 has multiple (2) positions, using the first one!
utility_to_osm - WARNING - ssr:stedsnr = 189327 has multiple (2) positions, using the first one!
utility_to_osm - WARNING - ssr:stedsnr = 189374 has multiple (2) positions, using the first one!
utility_to_osm - WARNING - ssr:stedsnr = 189275 has multiple (2) positions, using the first one!
utility_to_osm - WARNING - ssr:stedsnr = 189404 has multiple (2) positions, using the first one!
utility_to_osm - WARNING - ssr:stedsnr = 189414 has multiple (2) positions, using the first one!
utility_to_osm - WARNING - ssr:stedsnr = 205790 has multiple (2) positions, using the first one!
utility_to_osm - WARNING - ssr:stedsnr = 205795 has multiple (2) positions, using the first one!
utility_to_osm - WARNING - ssr:stedsnr = 249306 has multiple (2) positions, using the first one!
utility_to_osm - WARNING - ssr:stedsnr = 310206 has multiple (3) positions, using the first one!
utility_to_osm - WARNING - ssr:stedsnr = 310207 has multiple (2) positions, using the first one!
utility_to_osm - WARNING - ssr:stedsnr = 310240 has multiple (4) positions, using the first one!
utility_to_osm - WARNING - ssr:stedsnr = 310241 has multiple (2) positions, using the first one!
utility_to_osm - WARNING - ssr:stedsnr = 310108 has multiple (3) positions, using the first one!
utility_to_osm - WARNING - ssr:stedsnr = 310112 has multiple (2) positions, using the first one!
utility_to_osm - WARNING - ssr:stedsnr = 310127 has multiple (2) positions, using the first one!
utility_to_osm - WARNING - ssr:stedsnr = 310134 has multiple (2) positions, using the first one!
utility_to_osm - WARNING - ssr:stedsnr = 310138 has multiple (3) positions, using the first one!
utility_to_osm - WARNING - ssr:stedsnr = 310183 has multiple (2) positions, using the first one!
utility_to_osm - WARNING - ssr:stedsnr = 310283 has multiple (2) positions, using the first one!
utility_to_osm - WARNING - ssr:stedsnr = 310431 has multiple (2) positions, using the first one!
utility_to_osm - ERROR - ssr:stedsnr = 310932: Adding multiple names to name tag, this is not OK! name = "Eriksrudtjernet;Nordtjernet"
utility_to_osm - WARNING - ssr:stedsnr = 370181 has multiple (2) positions, using the first one!
utility_to_osm - WARNING - ssr:stedsnr = 370184 has multiple (2) positions, using the first one!
utility_to_osm - WARNING - ssr:stedsnr = 371109 has multiple (2) positions, using the first one!
utility_to_osm - WARNING - ssr:stedsnr = 431244 has multiple (2) positions, using the first one!
utility_to_osm - WARNING - ssr:stedsnr = 432109 has multiple (2) positions, using the first one!
utility_to_osm - WARNING - ssr:stedsnr = 432114 has multiple (2) positions, using the first one!
utility_to_osm - WARNING - ssr:stedsnr = 432233 has multiple (2) positions, using the first one!
utility_to_osm - WARNING - ssr:stedsnr = 432403 has multiple (2) positions, using the first one!
utility_to_osm - WARNING - ssr:stedsnr = 432420 has multiple (2) positions, using the first one!
utility_to_osm - WARNING - ssr:stedsnr = 432308 has multiple (2) positions, using the first one!
utility_to_osm - WARNING - ssr:stedsnr = 492088 has multiple (2) positions, using the first one!
utility_to_osm - WARNING - ssr:stedsnr = 492094 has multiple (2) positions, using the first one!
utility_to_osm - WARNING - ssr:stedsnr = 492155 has multiple (2) positions, using the first one!
utility_to_osm - WARNING - ssr:stedsnr = 492159 has multiple (2) positions, using the first one!
utility_to_osm - WARNING - ssr:stedsnr = 492192 has multiple (2) positions, using the first one!
utility_to_osm - WARNING - ssr:stedsnr = 492213 has multiple (2) positions, using the first one!
utility_to_osm - WARNING - ssr:stedsnr = 492254 has multiple (2) positions, using the first one!
utility_to_osm - WARNING - ssr:stedsnr = 492344 has multiple (2) positions, using the first one!
utility_to_osm - WARNING - ssr:stedsnr = 492361 has multiple (2) positions, using the first one!
utility_to_osm - WARNING - ssr:stedsnr = 492362 has multiple (2) positions, using the first one!
utility_to_osm - WARNING - ssr:stedsnr = 492366 has multiple (2) positions, using the first one!
utility_to_osm - WARNING - ssr:stedsnr = 492431 has multiple (2) positions, using the first one!
utility_to_osm - WARNING - ssr:stedsnr = 674287 has multiple (2) positions, using the first one!
utility_to_osm - WARNING - ssr:stedsnr = 674077 has multiple (7) positions, using the first one!
utility_to_osm - WARNING - ssr:stedsnr = 674093 has multiple (2) positions, using the first one!
utility_to_osm - WARNING - ssr:stedsnr = 674158 has multiple (2) positions, using the first one!
utility_to_osm - WARNING - ssr:stedsnr = 674151 has multiple (2) positions, using the first one!
utility_to_osm - WARNING - ssr:stedsnr = 674336 has multiple (2) positions, using the first one!
utility_to_osm - WARNING - ssr:stedsnr = 674242 has multiple (2) positions, using the first one!
utility_to_osm - WARNING - ssr:stedsnr = 674345 has multiple (2) positions, using the first one!
utility_to_osm - WARNING - ssr:stedsnr = 674449 has multiple (2) positions, using the first one!
utility_to_osm - WARNING - ssr:stedsnr = 466617 has multiple (2) positions, using the first one!
utility_to_osm - WARNING - ssr:stedsnr = 674930 has multiple (4) positions, using the first one!
utility_to_osm - WARNING - ssr:stedsnr = 675209 has multiple (3) positions, using the first one!
utility_to_osm - WARNING - ssr:stedsnr = 492121 has multiple (2) positions, using the first one!
utility_to_osm - WARNING - ssr:stedsnr = 492207 has multiple (2) positions, using the first one!
utility_to_osm - WARNING - ssr:stedsnr = 492225 has multiple (2) positions, using the first one!
utility_to_osm - WARNING - ssr:stedsnr = 492271 has multiple (2) positions, using the first one!
utility_to_osm - WARNING - ssr:stedsnr = 492282 has multiple (3) positions, using the first one!
utility_to_osm - WARNING - ssr:stedsnr = 492291 has multiple (2) positions, using the first one!
utility_to_osm - WARNING - ssr:stedsnr = 492417 has multiple (2) positions, using the first one!
utility_to_osm - WARNING - ssr:stedsnr = 492176 has multiple (2) positions, using the first one!
utility_to_osm - WARNING - ssr:stedsnr = 492370 has multiple (2) positions, using the first one!
utility_to_osm - WARNING - ssr:stedsnr = 492375 has multiple (2) positions, using the first one!
utility_to_osm - WARNING - ssr:stedsnr = 492382 has multiple (2) positions, using the first one!
utility_to_osm - ERROR - ssr:stedsnr = 526382. No positions found, skipping
utility_to_osm - WARNING - ssr:stedsnr = 552320 has multiple (2) positions, using the first one!
utility_to_osm - WARNING - ssr:stedsnr = 552436 has multiple (2) positions, using the first one!
utility_to_osm - WARNING - ssr:stedsnr = 552438 has multiple (2) positions, using the first one!
utility_to_osm - WARNING - ssr:stedsnr = 552439 has multiple (2) positions, using the first one!
utility_to_osm - WARNING - ssr:stedsnr = 552335 has multiple (2) positions, using the first one!
utility_to_osm - WARNING - ssr:stedsnr = 553097 has multiple (2) positions, using the first one!
utility_to_osm - WARNING - ssr:stedsnr = 553421 has multiple (2) positions, using the first one!
utility_to_osm - WARNING - ssr:stedsnr = 553424 has multiple (2) positions, using the first one!
utility_to_osm - WARNING - ssr:stedsnr = 691743 has multiple (2) positions, using the first one!
utility_to_osm - WARNING - ssr:stedsnr = 603066 has multiple (3) positions, using the first one!
utility_to_osm - WARNING - ssr:stedsnr = 613075 has multiple (3) positions, using the first one!
utility_to_osm - WARNING - ssr:stedsnr = 613205 has multiple (2) positions, using the first one!
utility_to_osm - WARNING - ssr:stedsnr = 613210 has multiple (2) positions, using the first one!
utility_to_osm - WARNING - ssr:stedsnr = 613168 has multiple (2) positions, using the first one!
utility_to_osm - WARNING - ssr:stedsnr = 613314 has multiple (2) positions, using the first one!
utility_to_osm - WARNING - ssr:stedsnr = 613320 has multiple (2) positions, using the first one!
utility_to_osm - WARNING - ssr:stedsnr = 613407 has multiple (2) positions, using the first one!
utility_to_osm - WARNING - ssr:stedsnr = 613414 has multiple (2) positions, using the first one!
utility_to_osm - WARNING - ssr:stedsnr = 613360 has multiple (3) positions, using the first one!
utility_to_osm - WARNING - ssr:stedsnr = 633837 has multiple (2) positions, using the first one!
utility_to_osm - WARNING - ssr:stedsnr = 708335 has multiple (2) positions, using the first one!
utility_to_osm - WARNING - ssr:stedsnr = 662535 has multiple (2) positions, using the first one!
utility_to_osm - WARNING - ssr:stedsnr = 674252 has multiple (3) positions, using the first one!
utility_to_osm - WARNING - ssr:stedsnr = 674269 has multiple (2) positions, using the first one!
utility_to_osm - WARNING - ssr:stedsnr = 674415 has multiple (2) positions, using the first one!
utility_to_osm - WARNING - ssr:stedsnr = 674418 has multiple (2) positions, using the first one!
utility_to_osm - WARNING - ssr:stedsnr = 674351 has multiple (2) positions, using the first one!
utility_to_osm - WARNING - ssr:stedsnr = 674954 has multiple (2) positions, using the first one!
utility_to_osm - WARNING - ssr:stedsnr = 675198 has multiple (2) positions, using the first one!
utility_to_osm - WARNING - ssr:stedsnr = 735076 has multiple (2) positions, using the first one!
utility_to_osm - WARNING - ssr:stedsnr = 735086 has multiple (2) positions, using the first one!
utility_to_osm - WARNING - ssr:stedsnr = 735090 has multiple (2) positions, using the first one!
utility_to_osm - WARNING - ssr:stedsnr = 735339 has multiple (2) positions, using the first one!
utility_to_osm - WARNING - ssr:stedsnr = 735341 has multiple (2) positions, using the first one!
utility_to_osm - WARNING - ssr:stedsnr = 735378 has multiple (2) positions, using the first one!
utility_to_osm - WARNING - ssr:stedsnr = 735396 has multiple (2) positions, using the first one!
utility_to_osm - WARNING - ssr:stedsnr = 755817 has multiple (2) positions, using the first one!
utility_to_osm - WARNING - ssr:stedsnr = 795457 has multiple (2) positions, using the first one!
utility_to_osm - WARNING - ssr:stedsnr = 796062 has multiple (2) positions, using the first one!
utility_to_osm - WARNING - ssr:stedsnr = 796113 has multiple (2) positions, using the first one!
utility_to_osm - WARNING - ssr:stedsnr = 796415 has multiple (2) positions, using the first one!
utility_to_osm - WARNING - ssr:stedsnr = 796312 has multiple (2) positions, using the first one!
utility_to_osm - WARNING - ssr:stedsnr = 796322 has multiple (2) positions, using the first one!
utility_to_osm - WARNING - ssr:stedsnr = 796358 has multiple (2) positions, using the first one!
utility_to_osm - WARNING - ssr:stedsnr = 796359 has multiple (2) positions, using the first one!
utility_to_osm - WARNING - ssr:stedsnr = 796973 has multiple (2) positions, using the first one!
utility_to_osm - WARNING - ssr:stedsnr = 798116 has multiple (2) positions, using the first one!
utility_to_osm - WARNING - ssr:stedsnr = 917087 has multiple (2) positions, using the first one!
utility_to_osm - WARNING - ssr:stedsnr = 917094 has multiple (2) positions, using the first one!
utility_to_osm - WARNING - ssr:stedsnr = 917185 has multiple (2) positions, using the first one!
utility_to_osm - WARNING - ssr:stedsnr = 917364 has multiple (2) positions, using the first one!
utility_to_osm - WARNING - ssr:stedsnr = 917371 has multiple (2) positions, using the first one!
utility_to_osm - WARNING - ssr:stedsnr = 917395 has multiple (2) positions, using the first one!
utility_to_osm - WARNING - ssr:stedsnr = 917327 has multiple (2) positions, using the first one!
utility_to_osm - WARNING - ssr:stedsnr = 830472 has multiple (2) positions, using the first one!
utility_to_osm - WARNING - ssr:stedsnr = 830479 has multiple (2) positions, using the first one!
utility_to_osm - ERROR - ssr:stedsnr = 856132: Adding multiple names to name tag, this is not OK! name = "Sørgard;Søndre Sønsteby"
utility_to_osm - WARNING - ssr:stedsnr = 856145 has multiple (2) positions, using the first one!
utility_to_osm - WARNING - ssr:stedsnr = 856281 has multiple (2) positions, using the first one!
utility_to_osm - WARNING - ssr:stedsnr = 856437 has multiple (2) positions, using the first one!
utility_to_osm - WARNING - ssr:stedsnr = 857204 has multiple (2) positions, using the first one!
utility_to_osm - WARNING - ssr:stedsnr = 857417 has multiple (2) positions, using the first one!
utility_to_osm - WARNING - ssr:stedsnr = 857429 has multiple (3) positions, using the first one!
utility_to_osm - WARNING - ssr:stedsnr = 857432 has multiple (3) positions, using the first one!
utility_to_osm - WARNING - ssr:stedsnr = 857438 has multiple (2) positions, using the first one!
utility_to_osm - WARNING - ssr:stedsnr = 934722 has multiple (2) positions, using the first one!
utility_to_osm - WARNING - ssr:stedsnr = 934724 has multiple (2) positions, using the first one!
utility_to_osm - WARNING - ssr:stedsnr = 917060 has multiple (2) positions, using the first one!
utility_to_osm - WARNING - ssr:stedsnr = 917208 has multiple (2) positions, using the first one!
utility_to_osm - WARNING - ssr:stedsnr = 917357 has multiple (2) positions, using the first one!
utility_to_osm - WARNING - ssr:stedsnr = 917914 has multiple (3) positions, using the first one!
utility_to_osm - WARNING - ssr:stedsnr = 934738 has multiple (2) positions, using the first one!
utility_to_osm - WARNING - ssr:stedsnr = 7153 has multiple (2) positions, using the first one!
utility_to_osm - WARNING - ssr:stedsnr = 7157 has multiple (2) positions, using the first one!
utility_to_osm - WARNING - ssr:stedsnr = 7161 has multiple (2) positions, using the first one!
utility_to_osm - WARNING - ssr:stedsnr = 6084 has multiple (2) positions, using the first one!
utility_to_osm - WARNING - ssr:stedsnr = 6416 has multiple (2) positions, using the first one!
utility_to_osm - WARNING - ssr:stedsnr = 6434 has multiple (2) positions, using the first one!
utility_to_osm - WARNING - ssr:stedsnr = 7228 has multiple (2) positions, using the first one!
utility_to_osm - WARNING - ssr:stedsnr = 7244 has multiple (2) positions, using the first one!
utility_to_osm - WARNING - ssr:stedsnr = 7330 has multiple (2) positions, using the first one!
utility_to_osm - WARNING - ssr:stedsnr = 7430 has multiple (2) positions, using the first one!
utility_to_osm - WARNING - ssr:stedsnr = 7431 has multiple (2) positions, using the first one!
utility_to_osm - ERROR - ssr:stedsnr = 7148: Adding multiple names to name tag, this is not OK! name = "Østgard;Østre Sønsteby"
utility_to_osm - WARNING - ssr:stedsnr = 7148 has multiple (2) positions, using the first one!
utility_to_osm - WARNING - ssr:stedsnr = 7278 has multiple (2) positions, using the first one!
utility_to_osm - WARNING - ssr:stedsnr = 7281 has multiple (2) positions, using the first one!
utility_to_osm - WARNING - ssr:stedsnr = 7285 has multiple (2) positions, using the first one!
utility_to_osm - WARNING - ssr:stedsnr = 7965 has multiple (3) positions, using the first one!
utility_to_osm - WARNING - ssr:stedsnr = 39452 has multiple (2) positions, using the first one!
utility_to_osm - ERROR - ssr:stedsnr = 41395. No positions found, skipping
utility_to_osm - WARNING - ssr:stedsnr = 67148 has multiple (2) positions, using the first one!
utility_to_osm - WARNING - ssr:stedsnr = 67150 has multiple (2) positions, using the first one!
utility_to_osm - WARNING - ssr:stedsnr = 67156 has multiple (2) positions, using the first one!
utility_to_osm - ERROR - ssr:stedsnr = 67164: Adding multiple names to name tag, this is not OK! name = "Jonsrudøgarden;Sundsødegård"
utility_to_osm - WARNING - ssr:stedsnr = 67179 has multiple (2) positions, using the first one!
utility_to_osm - WARNING - ssr:stedsnr = 67224 has multiple (2) positions, using the first one!
utility_to_osm - WARNING - ssr:stedsnr = 68422 has multiple (2) positions, using the first one!
utility_to_osm - WARNING - ssr:stedsnr = 67328 has multiple (2) positions, using the first one!
utility_to_osm - WARNING - ssr:stedsnr = 68095 has multiple (2) positions, using the first one!
utility_to_osm - WARNING - ssr:stedsnr = 68192 has multiple (2) positions, using the first one!
utility_to_osm - WARNING - ssr:stedsnr = 68480 has multiple (2) positions, using the first one!
utility_to_osm - WARNING - ssr:stedsnr = 102633 has multiple (2) positions, using the first one!
utility_to_osm - WARNING - ssr:stedsnr = 128051 has multiple (2) positions, using the first one!
utility_to_osm - WARNING - ssr:stedsnr = 128069 has multiple (2) positions, using the first one!
utility_to_osm - WARNING - ssr:stedsnr = 128113 has multiple (2) positions, using the first one!
utility_to_osm - WARNING - ssr:stedsnr = 128116 has multiple (2) positions, using the first one!
utility_to_osm - WARNING - ssr:stedsnr = 128223 has multiple (2) positions, using the first one!
utility_to_osm - WARNING - ssr:stedsnr = 128225 has multiple (3) positions, using the first one!
utility_to_osm - WARNING - ssr:stedsnr = 128171 has multiple (2) positions, using the first one!
utility_to_osm - WARNING - ssr:stedsnr = 128279 has multiple (2) positions, using the first one!
utility_to_osm - WARNING - ssr:stedsnr = 128439 has multiple (2) positions, using the first one!
utility_to_osm - WARNING - ssr:stedsnr = 128444 has multiple (2) positions, using the first one!
utility_to_osm - WARNING - ssr:stedsnr = 128446 has multiple (2) positions, using the first one!
utility_to_osm - WARNING - ssr:stedsnr = 188447 has multiple (2) positions, using the first one!
utility_to_osm - WARNING - ssr:stedsnr = 189308 has multiple (2) positions, using the first one!
utility_to_osm - WARNING - ssr:stedsnr = 189311 has multiple (3) positions, using the first one!
utility_to_osm - WARNING - ssr:stedsnr = 189441 has multiple (2) positions, using the first one!
utility_to_osm - WARNING - ssr:stedsnr = 189220 has multiple (2) positions, using the first one!
utility_to_osm - WARNING - ssr:stedsnr = 189233 has multiple (2) positions, using the first one!
utility_to_osm - WARNING - ssr:stedsnr = 189362 has multiple (2) positions, using the first one!
utility_to_osm - WARNING - ssr:stedsnr = 189400 has multiple (2) positions, using the first one!
utility_to_osm - WARNING - ssr:stedsnr = 189928 has multiple (3) positions, using the first one!
utility_to_osm - WARNING - ssr:stedsnr = 189868 has multiple (13) positions, using the first one!
utility_to_osm - WARNING - ssr:stedsnr = 215599 has multiple (2) positions, using the first one!
utility_to_osm - WARNING - ssr:stedsnr = 310070 has multiple (2) positions, using the first one!
utility_to_osm - WARNING - ssr:stedsnr = 310146 has multiple (2) positions, using the first one!
utility_to_osm - WARNING - ssr:stedsnr = 310151 has multiple (2) positions, using the first one!
utility_to_osm - WARNING - ssr:stedsnr = 310248 has multiple (2) positions, using the first one!
utility_to_osm - WARNING - ssr:stedsnr = 310267 has multiple (2) positions, using the first one!
utility_to_osm - WARNING - ssr:stedsnr = 310459 has multiple (3) positions, using the first one!
utility_to_osm - WARNING - ssr:stedsnr = 310461 has multiple (2) positions, using the first one!
utility_to_osm - WARNING - ssr:stedsnr = 310308 has multiple (2) positions, using the first one!
utility_to_osm - WARNING - ssr:stedsnr = 370332 has multiple (2) positions, using the first one!
utility_to_osm - WARNING - ssr:stedsnr = 370247 has multiple (2) positions, using the first one!
utility_to_osm - WARNING - ssr:stedsnr = 371057 has multiple (2) positions, using the first one!
utility_to_osm - WARNING - ssr:stedsnr = 371130 has multiple (2) positions, using the first one!
utility_to_osm - WARNING - ssr:stedsnr = 371232 has multiple (2) positions, using the first one!
utility_to_osm - WARNING - ssr:stedsnr = 370342 has multiple (2) positions, using the first one!
utility_to_osm - WARNING - ssr:stedsnr = 370349 has multiple (2) positions, using the first one!
utility_to_osm - WARNING - ssr:stedsnr = 370353 has multiple (2) positions, using the first one!
utility_to_osm - WARNING - ssr:stedsnr = 371101 has multiple (3) positions, using the first one!
utility_to_osm - WARNING - ssr:stedsnr = 371172 has multiple (2) positions, using the first one!
utility_to_osm - WARNING - ssr:stedsnr = 371175 has multiple (2) positions, using the first one!
utility_to_osm - WARNING - ssr:stedsnr = 371206 has multiple (2) positions, using the first one!
utility_to_osm - WARNING - ssr:stedsnr = 371335 has multiple (2) positions, using the first one!
utility_to_osm - WARNING - ssr:stedsnr = 371340 has multiple (2) positions, using the first one!
utility_to_osm - WARNING - ssr:stedsnr = 371417 has multiple (2) positions, using the first one!
utility_to_osm - WARNING - ssr:stedsnr = 371386 has multiple (2) positions, using the first one!
utility_to_osm - WARNING - ssr:stedsnr = 371930 has multiple (2) positions, using the first one!
utility_to_osm - WARNING - ssr:stedsnr = 431327 has multiple (2) positions, using the first one!
utility_to_osm - WARNING - ssr:stedsnr = 431436 has multiple (2) positions, using the first one!
utility_to_osm - WARNING - ssr:stedsnr = 431171 has multiple (2) positions, using the first one!
utility_to_osm - WARNING - ssr:stedsnr = 431189 has multiple (2) positions, using the first one!
utility_to_osm - WARNING - ssr:stedsnr = 432056 has multiple (2) positions, using the first one!
utility_to_osm - WARNING - ssr:stedsnr = 432168 has multiple (2) positions, using the first one!
utility_to_osm - WARNING - ssr:stedsnr = 432296 has multiple (2) positions, using the first one!
utility_to_osm - WARNING - ssr:stedsnr = 432313 has multiple (2) positions, using the first one!
utility_to_osm - WARNING - ssr:stedsnr = 432341 has multiple (2) positions, using the first one!
utility_to_osm - WARNING - ssr:stedsnr = 432356 has multiple (2) positions, using the first one!
utility_to_osm - WARNING - ssr:stedsnr = 508757 has multiple (3) positions, using the first one!
utility_to_osm - WARNING - ssr:stedsnr = 508767 has multiple (2) positions, using the first one!
utility_to_osm - WARNING - ssr:stedsnr = 512829 has multiple (2) positions, using the first one!
utility_to_osm - WARNING - ssr:stedsnr = 552292 has multiple (2) positions, using the first one!
utility_to_osm - WARNING - ssr:stedsnr = 552397 has multiple (2) positions, using the first one!
utility_to_osm - WARNING - ssr:stedsnr = 553447 has multiple (2) positions, using the first one!
utility_to_osm - WARNING - ssr:stedsnr = 552170 has multiple (5) positions, using the first one!
utility_to_osm - WARNING - ssr:stedsnr = 552173 has multiple (2) positions, using the first one!
utility_to_osm - WARNING - ssr:stedsnr = 552276 has multiple (2) positions, using the first one!
utility_to_osm - WARNING - ssr:stedsnr = 552349 has multiple (3) positions, using the first one!
utility_to_osm - WARNING - ssr:stedsnr = 553084 has multiple (2) positions, using the first one!
utility_to_osm - WARNING - ssr:stedsnr = 553119 has multiple (3) positions, using the first one!
utility_to_osm - WARNING - ssr:stedsnr = 553194 has multiple (2) positions, using the first one!
utility_to_osm - WARNING - ssr:stedsnr = 553148 has multiple (2) positions, using the first one!
utility_to_osm - WARNING - ssr:stedsnr = 553171 has multiple (2) positions, using the first one!
utility_to_osm - WARNING - ssr:stedsnr = 553259 has multiple (2) positions, using the first one!
utility_to_osm - WARNING - ssr:stedsnr = 553398 has multiple (2) positions, using the first one!
utility_to_osm - WARNING - ssr:stedsnr = 553456 has multiple (2) positions, using the first one!
utility_to_osm - WARNING - ssr:stedsnr = 587930 has multiple (2) positions, using the first one!
utility_to_osm - WARNING - ssr:stedsnr = 613090 has multiple (2) positions, using the first one!
utility_to_osm - WARNING - ssr:stedsnr = 613143 has multiple (2) positions, using the first one!
utility_to_osm - WARNING - ssr:stedsnr = 613185 has multiple (2) positions, using the first one!
utility_to_osm - WARNING - ssr:stedsnr = 613247 has multiple (2) positions, using the first one!
utility_to_osm - WARNING - ssr:stedsnr = 613276 has multiple (2) positions, using the first one!
utility_to_osm - WARNING - ssr:stedsnr = 613288 has multiple (2) positions, using the first one!
utility_to_osm - WARNING - ssr:stedsnr = 613387 has multiple (2) positions, using the first one!
utility_to_osm - WARNING - ssr:stedsnr = 613390 has multiple (2) positions, using the first one!
utility_to_osm - WARNING - ssr:stedsnr = 613338 has multiple (2) positions, using the first one!
utility_to_osm - WARNING - ssr:stedsnr = 723762 has multiple (2) positions, using the first one!
utility_to_osm - WARNING - ssr:stedsnr = 735121 has multiple (2) positions, using the first one!
utility_to_osm - WARNING - ssr:stedsnr = 735182 has multiple (2) positions, using the first one!
utility_to_osm - WARNING - ssr:stedsnr = 735197 has multiple (2) positions, using the first one!
utility_to_osm - WARNING - ssr:stedsnr = 735219 has multiple (4) positions, using the first one!
utility_to_osm - WARNING - ssr:stedsnr = 735247 has multiple (2) positions, using the first one!
utility_to_osm - WARNING - ssr:stedsnr = 735252 has multiple (2) positions, using the first one!
utility_to_osm - WARNING - ssr:stedsnr = 735260 has multiple (7) positions, using the first one!
utility_to_osm - WARNING - ssr:stedsnr = 735047 has multiple (3) positions, using the first one!
utility_to_osm - WARNING - ssr:stedsnr = 735133 has multiple (6) positions, using the first one!
utility_to_osm - WARNING - ssr:stedsnr = 735277 has multiple (2) positions, using the first one!
utility_to_osm - WARNING - ssr:stedsnr = 735411 has multiple (2) positions, using the first one!
utility_to_osm - WARNING - ssr:stedsnr = 735414 has multiple (2) positions, using the first one!
utility_to_osm - WARNING - ssr:stedsnr = 735453 has multiple (2) positions, using the first one!
utility_to_osm - WARNING - ssr:stedsnr = 735931 has multiple (3) positions, using the first one!
utility_to_osm - WARNING - ssr:stedsnr = 751789 has multiple (2) positions, using the first one!
utility_to_osm - WARNING - ssr:stedsnr = 752392 has multiple (3) positions, using the first one!
utility_to_osm - WARNING - ssr:stedsnr = 783140 has multiple (2) positions, using the first one!
utility_to_osm - WARNING - ssr:stedsnr = 787252 has multiple (3) positions, using the first one!
utility_to_osm - WARNING - ssr:stedsnr = 796079 has multiple (2) positions, using the first one!
utility_to_osm - WARNING - ssr:stedsnr = 796096 has multiple (3) positions, using the first one!
utility_to_osm - WARNING - ssr:stedsnr = 796172 has multiple (2) positions, using the first one!
utility_to_osm - WARNING - ssr:stedsnr = 796195 has multiple (2) positions, using the first one!
utility_to_osm - WARNING - ssr:stedsnr = 796457 has multiple (2) positions, using the first one!
utility_to_osm - WARNING - ssr:stedsnr = 796463 has multiple (2) positions, using the first one!
utility_to_osm - WARNING - ssr:stedsnr = 796334 has multiple (2) positions, using the first one!
utility_to_osm - WARNING - ssr:stedsnr = 796431 has multiple (2) positions, using the first one!
utility_to_osm - WARNING - ssr:stedsnr = 809429 has multiple (2) positions, using the first one!
utility_to_osm - WARNING - ssr:stedsnr = 812773 has multiple (4) positions, using the first one!
utility_to_osm - WARNING - ssr:stedsnr = 812777 has multiple (2) positions, using the first one!
utility_to_osm - WARNING - ssr:stedsnr = 856131 has multiple (2) positions, using the first one!
utility_to_osm - WARNING - ssr:stedsnr = 856338 has multiple (2) positions, using the first one!
utility_to_osm - WARNING - ssr:stedsnr = 856340 has multiple (2) positions, using the first one!
utility_to_osm - WARNING - ssr:stedsnr = 856152 has multiple (2) positions, using the first one!
utility_to_osm - WARNING - ssr:stedsnr = 856176 has multiple (2) positions, using the first one!
utility_to_osm - WARNING - ssr:stedsnr = 857293 has multiple (2) positions, using the first one!
utility_to_osm - WARNING - ssr:stedsnr = 857296 has multiple (2) positions, using the first one!
utility_to_osm - WARNING - ssr:stedsnr = 857301 has multiple (2) positions, using the first one!
utility_to_osm - WARNING - ssr:stedsnr = 857356 has multiple (2) positions, using the first one!
utility_to_osm - WARNING - ssr:stedsnr = 857197 has multiple (2) positions, using the first one!
utility_to_osm - WARNING - ssr:stedsnr = 857266 has multiple (2) positions, using the first one!
utility_to_osm - WARNING - ssr:stedsnr = 951621 has multiple (2) positions, using the first one!
utility_to_osm - ERROR - ssr:stedsnr = 1013305. No positions found, skipping
utility_to_osm - WARNING - ssr:stedsnr = 1013310: No priority spelling found for lang = no, using alt_name to get "[('no', 'Bakkerudvegen')]"
utility_to_osm - ERROR - ssr:stedsnr = 1013310. No positions found, skipping
utility_to_osm - ERROR - ssr:stedsnr = 1013313. No positions found, skipping
utility_to_osm - WARNING - ssr:stedsnr = 1013315: No priority spelling found for lang = no, using alt_name to get "[('no', 'Badelandvegen')]"
utility_to_osm - ERROR - ssr:stedsnr = 1013315. No positions found, skipping
utility_to_osm - WARNING - ssr:stedsnr = 1013326: No priority spelling found for lang = no, using alt_name to get "[('no', 'Amliesgutua')]"
utility_to_osm - ERROR - ssr:stedsnr = 1013326. No positions found, skipping
utility_to_osm - WARNING - ssr:stedsnr = 1013334: No priority spelling found for lang = no, using alt_name to get "[('no', 'Amlienvegen')]"
utility_to_osm - ERROR - ssr:stedsnr = 1013334. No positions found, skipping
utility_to_osm - ERROR - ssr:stedsnr = 1013341. No positions found, skipping
utility_to_osm - ERROR - ssr:stedsnr = 1013350. No positions found, skipping
utility_to_osm - WARNING - ssr:stedsnr = 1013353: No priority spelling found for lang = no, using alt_name to get "[('no', 'Bergsjøvegen')]"
utility_to_osm - ERROR - ssr:stedsnr = 1013353. No positions found, skipping
utility_to_osm - ERROR - ssr:stedsnr = 1013355. No positions found, skipping
utility_to_osm - WARNING - ssr:stedsnr = 1013356: No priority spelling found for lang = no, using alt_name to get "[('no', 'Bergevegen')]"
utility_to_osm - ERROR - ssr:stedsnr = 1013356. No positions found, skipping
utility_to_osm - WARNING - ssr:stedsnr = 1013359: No priority spelling found for lang = no, using alt_name to get "[('no', 'Bekkestuvegen')]"
utility_to_osm - ERROR - ssr:stedsnr = 1013359. No positions found, skipping
utility_to_osm - ERROR - ssr:stedsnr = 1013361. No positions found, skipping
utility_to_osm - ERROR - ssr:stedsnr = 1013278. No positions found, skipping
utility_to_osm - WARNING - ssr:stedsnr = 1013561: No priority spelling found for lang = no, using alt_name to get "[('no', 'Dragersvingen')]"
utility_to_osm - ERROR - ssr:stedsnr = 1013561. No positions found, skipping
utility_to_osm - ERROR - ssr:stedsnr = 1013568. No positions found, skipping
utility_to_osm - ERROR - ssr:stedsnr = 1013574. No positions found, skipping
utility_to_osm - WARNING - ssr:stedsnr = 1013576: No priority spelling found for lang = no, using alt_name to get "[('no', 'Brennavegen')]"
utility_to_osm - ERROR - ssr:stedsnr = 1013576. No positions found, skipping
utility_to_osm - WARNING - ssr:stedsnr = 1013577: No priority spelling found for lang = no, using alt_name to get "[('no', 'Breiskallengen')]"
utility_to_osm - ERROR - ssr:stedsnr = 1013577. No positions found, skipping
utility_to_osm - WARNING - ssr:stedsnr = 1013579: No priority spelling found for lang = no, using alt_name to get "[('no', 'Brennbruvegen')]"
utility_to_osm - ERROR - ssr:stedsnr = 1013579. No positions found, skipping
utility_to_osm - ERROR - ssr:stedsnr = 1013580. No positions found, skipping
utility_to_osm - WARNING - ssr:stedsnr = 1013582: No priority spelling found for lang = no, using alt_name to get "[('no', 'Bradalsvegen')]"
utility_to_osm - ERROR - ssr:stedsnr = 1013582. No positions found, skipping
utility_to_osm - WARNING - ssr:stedsnr = 1013584: No priority spelling found for lang = no, using alt_name to get "[('no', 'Blåvarpgutua')]"
utility_to_osm - ERROR - ssr:stedsnr = 1013584. No positions found, skipping
utility_to_osm - WARNING - ssr:stedsnr = 1013511: No priority spelling found for lang = no, using alt_name to get "[('no', 'Almskogen')]"
utility_to_osm - ERROR - ssr:stedsnr = 1013511. No positions found, skipping
utility_to_osm - WARNING - ssr:stedsnr = 1013512: No priority spelling found for lang = no, using alt_name to get "[('no', 'Almshøgda')]"
utility_to_osm - ERROR - ssr:stedsnr = 1013512. No positions found, skipping
utility_to_osm - ERROR - ssr:stedsnr = 1013515. No positions found, skipping
utility_to_osm - WARNING - ssr:stedsnr = 1013518: No priority spelling found for lang = no, using alt_name to get "[('no', 'Almenningsvegen')]"
utility_to_osm - ERROR - ssr:stedsnr = 1013518. No positions found, skipping
utility_to_osm - WARNING - ssr:stedsnr = 1013522: No priority spelling found for lang = no, using alt_name to get "[('no', 'Dragerlia')]"
utility_to_osm - ERROR - ssr:stedsnr = 1013522. No positions found, skipping
utility_to_osm - WARNING - ssr:stedsnr = 1013523: No priority spelling found for lang = no, using alt_name to get "[('no', 'Dragerhellinga')]"
utility_to_osm - ERROR - ssr:stedsnr = 1013523. No positions found, skipping
utility_to_osm - WARNING - ssr:stedsnr = 1013526: No priority spelling found for lang = no, using alt_name to get "[('no', 'Dragerbakken')]"
utility_to_osm - ERROR - ssr:stedsnr = 1013526. No positions found, skipping
utility_to_osm - ERROR - ssr:stedsnr = 1013527. No positions found, skipping
utility_to_osm - WARNING - ssr:stedsnr = 1013530: No priority spelling found for lang = no, using alt_name to get "[('no', 'Dalborgskogvegen')]"
utility_to_osm - ERROR - ssr:stedsnr = 1013530. No positions found, skipping
utility_to_osm - WARNING - ssr:stedsnr = 1013532: No priority spelling found for lang = no, using alt_name to get "[('no', 'Bøverbruvegen')]"
utility_to_osm - ERROR - ssr:stedsnr = 1013532. No positions found, skipping
utility_to_osm - WARNING - ssr:stedsnr = 1013533: No priority spelling found for lang = no, using alt_name to get "[('no', 'Børsvollvegen')]"
utility_to_osm - ERROR - ssr:stedsnr = 1013533. No positions found, skipping
utility_to_osm - WARNING - ssr:stedsnr = 1013534: No priority spelling found for lang = no, using alt_name to get "[('no', 'Bøverbrugata')]"
utility_to_osm - ERROR - ssr:stedsnr = 1013534. No positions found, skipping
utility_to_osm - ERROR - ssr:stedsnr = 1013586. No positions found, skipping
utility_to_osm - WARNING - ssr:stedsnr = 1013588: No priority spelling found for lang = no, using alt_name to get "[('no', 'Blåflatvegen')]"
utility_to_osm - ERROR - ssr:stedsnr = 1013588. No positions found, skipping
utility_to_osm - ERROR - ssr:stedsnr = 1013589. No positions found, skipping
utility_to_osm - WARNING - ssr:stedsnr = 1013593: No priority spelling found for lang = no, using alt_name to get "[('no', 'Blilievegen')]"
utility_to_osm - ERROR - ssr:stedsnr = 1013593. No positions found, skipping
utility_to_osm - ERROR - ssr:stedsnr = 1013594. No positions found, skipping
utility_to_osm - WARNING - ssr:stedsnr = 1013986: No priority spelling found for lang = no, using alt_name to get "[('no', 'Furulyvegen')]"
utility_to_osm - ERROR - ssr:stedsnr = 1013986. No positions found, skipping
utility_to_osm - ERROR - ssr:stedsnr = 1013988. No positions found, skipping
utility_to_osm - ERROR - ssr:stedsnr = 1013998. No positions found, skipping
utility_to_osm - WARNING - ssr:stedsnr = 1014005: No priority spelling found for lang = no, using alt_name to get "[('no', 'Gammevegen')]"
utility_to_osm - ERROR - ssr:stedsnr = 1014005. No positions found, skipping
utility_to_osm - ERROR - ssr:stedsnr = 1014006. No positions found, skipping
utility_to_osm - ERROR - ssr:stedsnr = 1014016. No positions found, skipping
utility_to_osm - ERROR - ssr:stedsnr = 1014021. No positions found, skipping
utility_to_osm - ERROR - ssr:stedsnr = 1014033. No positions found, skipping
utility_to_osm - ERROR - ssr:stedsnr = 1014087. No positions found, skipping
utility_to_osm - ERROR - ssr:stedsnr = 1014450. No positions found, skipping
utility_to_osm - WARNING - ssr:stedsnr = 1014453: No priority spelling found for lang = no, using alt_name to get "[('no', 'Fosslisvingen')]"
utility_to_osm - ERROR - ssr:stedsnr = 1014453. No positions found, skipping
utility_to_osm - WARNING - ssr:stedsnr = 1014455: No priority spelling found for lang = no, using alt_name to get "[('no', 'Fosslivegen')]"
utility_to_osm - ERROR - ssr:stedsnr = 1014455. No positions found, skipping
utility_to_osm - WARNING - ssr:stedsnr = 1014456: No priority spelling found for lang = no, using alt_name to get "[('no', 'Fossegårdvegen')]"
utility_to_osm - ERROR - ssr:stedsnr = 1014456. No positions found, skipping
utility_to_osm - WARNING - ssr:stedsnr = 1014458: No priority spelling found for lang = no, using alt_name to get "[('no', 'Flatlienvegen')]"
utility_to_osm - ERROR - ssr:stedsnr = 1014458. No positions found, skipping
utility_to_osm - WARNING - ssr:stedsnr = 1014459: No priority spelling found for lang = no, using alt_name to get "[('no', 'Eriksrudvegen')]"
utility_to_osm - ERROR - ssr:stedsnr = 1014459. No positions found, skipping
utility_to_osm - WARNING - ssr:stedsnr = 1014568: No priority spelling found for lang = no, using alt_name to get "[('no', 'Ersrudlia')]"
utility_to_osm - ERROR - ssr:stedsnr = 1014568. No positions found, skipping
utility_to_osm - WARNING - ssr:stedsnr = 1014583: No priority spelling found for lang = no, using alt_name to get "[('no', 'Ihlevegen')]"
utility_to_osm - ERROR - ssr:stedsnr = 1014583. No positions found, skipping
utility_to_osm - ERROR - ssr:stedsnr = 1014043. No positions found, skipping
utility_to_osm - WARNING - ssr:stedsnr = 1014070: No priority spelling found for lang = no, using alt_name to get "[('no', 'Fredlygata')]"
utility_to_osm - ERROR - ssr:stedsnr = 1014070. No positions found, skipping
utility_to_osm - ERROR - ssr:stedsnr = 1014198. No positions found, skipping
utility_to_osm - ERROR - ssr:stedsnr = 1014200. No positions found, skipping
utility_to_osm - ERROR - ssr:stedsnr = 1014201. No positions found, skipping
utility_to_osm - ERROR - ssr:stedsnr = 1014202. No positions found, skipping
utility_to_osm - ERROR - ssr:stedsnr = 1014218. No positions found, skipping
utility_to_osm - ERROR - ssr:stedsnr = 1014294. No positions found, skipping
utility_to_osm - ERROR - ssr:stedsnr = 1014296. No positions found, skipping
utility_to_osm - WARNING - ssr:stedsnr = 1014298: No priority spelling found for lang = no, using alt_name to get "[('no', 'Elvelia')]"
utility_to_osm - ERROR - ssr:stedsnr = 1014298. No positions found, skipping
utility_to_osm - WARNING - ssr:stedsnr = 1014305: No priority spelling found for lang = no, using alt_name to get "[('no', 'Einervegen')]"
utility_to_osm - ERROR - ssr:stedsnr = 1014305. No positions found, skipping
utility_to_osm - WARNING - ssr:stedsnr = 1014311: No priority spelling found for lang = no, using alt_name to get "[('no', 'Einavegen')]"
utility_to_osm - ERROR - ssr:stedsnr = 1014311. No positions found, skipping
utility_to_osm - ERROR - ssr:stedsnr = 1014098. No positions found, skipping
utility_to_osm - ERROR - ssr:stedsnr = 1014118. No positions found, skipping
utility_to_osm - WARNING - ssr:stedsnr = 1014131: No priority spelling found for lang = no, using alt_name to get "[('no', 'Frøyas veg')]"
utility_to_osm - ERROR - ssr:stedsnr = 1014131. No positions found, skipping
utility_to_osm - ERROR - ssr:stedsnr = 1014262. No positions found, skipping
utility_to_osm - ERROR - ssr:stedsnr = 1014268. No positions found, skipping
utility_to_osm - WARNING - ssr:stedsnr = 1014273: No priority spelling found for lang = no, using alt_name to get "[('no', 'Giljevegen')]"
utility_to_osm - ERROR - ssr:stedsnr = 1014273. No positions found, skipping
utility_to_osm - ERROR - ssr:stedsnr = 1014279. No positions found, skipping
utility_to_osm - WARNING - ssr:stedsnr = 1014313: No priority spelling found for lang = no, using alt_name to get "[('no', 'Einastranda')]"
utility_to_osm - ERROR - ssr:stedsnr = 1014313. No positions found, skipping
utility_to_osm - ERROR - ssr:stedsnr = 1014347. No positions found, skipping
utility_to_osm - WARNING - ssr:stedsnr = 1014353: No priority spelling found for lang = no, using alt_name to get "[('no', 'Fjordgata')]"
utility_to_osm - ERROR - ssr:stedsnr = 1014353. No positions found, skipping
utility_to_osm - ERROR - ssr:stedsnr = 1014355. No positions found, skipping
utility_to_osm - ERROR - ssr:stedsnr = 1014357. No positions found, skipping
utility_to_osm - WARNING - ssr:stedsnr = 1014361: No priority spelling found for lang = no, using alt_name to get "[('no', 'Finrøstevegen')]"
utility_to_osm - ERROR - ssr:stedsnr = 1014361. No positions found, skipping
utility_to_osm - ERROR - ssr:stedsnr = 1014367. No positions found, skipping
utility_to_osm - WARNING - ssr:stedsnr = 1014385: No priority spelling found for lang = no, using alt_name to get "[('no', 'Fagerlundtunet')]"
utility_to_osm - WARNING - ssr:stedsnr = 1014397: No priority spelling found for lang = no, using alt_name to get "[('no', 'Fabrikkvegen')]"
utility_to_osm - ERROR - ssr:stedsnr = 1014397. No positions found, skipping
utility_to_osm - ERROR - ssr:stedsnr = 1014516. No positions found, skipping
utility_to_osm - ERROR - ssr:stedsnr = 1014519. No positions found, skipping
utility_to_osm - WARNING - ssr:stedsnr = 1014523: No priority spelling found for lang = no, using alt_name to get "[('no', 'Evjuvegen')]"
utility_to_osm - ERROR - ssr:stedsnr = 1014523. No positions found, skipping
utility_to_osm - ERROR - ssr:stedsnr = 1014532. No positions found, skipping
utility_to_osm - ERROR - ssr:stedsnr = 1014602. No positions found, skipping
utility_to_osm - ERROR - ssr:stedsnr = 1014697. No positions found, skipping
utility_to_osm - ERROR - ssr:stedsnr = 1014794. No positions found, skipping
utility_to_osm - WARNING - ssr:stedsnr = 1015038: No priority spelling found for lang = no, using alt_name to get "[('no', 'Holtevegen')]"
utility_to_osm - ERROR - ssr:stedsnr = 1015038. No positions found, skipping
utility_to_osm - ERROR - ssr:stedsnr = 1014952. No positions found, skipping
utility_to_osm - WARNING - ssr:stedsnr = 1014989: No priority spelling found for lang = no, using alt_name to get "[('no', 'Hågårlia')]"
utility_to_osm - ERROR - ssr:stedsnr = 1014989. No positions found, skipping
utility_to_osm - WARNING - ssr:stedsnr = 1014997: No priority spelling found for lang = no, using alt_name to get "[('no', 'Hørsrudvegen')]"
utility_to_osm - ERROR - ssr:stedsnr = 1014997. No positions found, skipping
utility_to_osm - ERROR - ssr:stedsnr = 1015003. No positions found, skipping
utility_to_osm - ERROR - ssr:stedsnr = 1015011. No positions found, skipping
utility_to_osm - WARNING - ssr:stedsnr = 1015027: No priority spelling found for lang = no, using alt_name to get "[('no', 'Hoppoppvegen')]"
utility_to_osm - ERROR - ssr:stedsnr = 1015027. No positions found, skipping
utility_to_osm - ERROR - ssr:stedsnr = 1015091. No positions found, skipping
utility_to_osm - WARNING - ssr:stedsnr = 1015125: No priority spelling found for lang = no, using alt_name to get "[('no', 'Karsrudsvingen')]"
utility_to_osm - ERROR - ssr:stedsnr = 1015125. No positions found, skipping
utility_to_osm - ERROR - ssr:stedsnr = 1015127. No positions found, skipping
utility_to_osm - WARNING - ssr:stedsnr = 1015135: No priority spelling found for lang = no, using alt_name to get "[('no', 'Karsrudlia')]"
utility_to_osm - ERROR - ssr:stedsnr = 1015135. No positions found, skipping
utility_to_osm - ERROR - ssr:stedsnr = 1015216. No positions found, skipping
utility_to_osm - ERROR - ssr:stedsnr = 1015057. No positions found, skipping
utility_to_osm - ERROR - ssr:stedsnr = 1015066. No positions found, skipping
utility_to_osm - WARNING - ssr:stedsnr = 1015073: No priority spelling found for lang = no, using alt_name to get "[('no', 'Kilden Øvre')]"
utility_to_osm - ERROR - ssr:stedsnr = 1015073. No positions found, skipping
utility_to_osm - WARNING - ssr:stedsnr = 1015080: No priority spelling found for lang = no, using alt_name to get "[('no', 'Kilden Nedre')]"
utility_to_osm - ERROR - ssr:stedsnr = 1015080. No positions found, skipping
utility_to_osm - WARNING - ssr:stedsnr = 1015085: No priority spelling found for lang = no, using alt_name to get "[('no', 'Kildalsvingen')]"
utility_to_osm - ERROR - ssr:stedsnr = 1015085. No positions found, skipping
utility_to_osm - WARNING - ssr:stedsnr = 1015139: No priority spelling found for lang = no, using alt_name to get "[('no', 'Karsrudskogen')]"
utility_to_osm - ERROR - ssr:stedsnr = 1015139. No positions found, skipping
utility_to_osm - ERROR - ssr:stedsnr = 1016079. No positions found, skipping
utility_to_osm - ERROR - ssr:stedsnr = 1015318. No positions found, skipping
utility_to_osm - WARNING - ssr:stedsnr = 1015397: No priority spelling found for lang = no, using alt_name to get "[('no', 'Jutulrudvegen')]"
utility_to_osm - ERROR - ssr:stedsnr = 1015397. No positions found, skipping
utility_to_osm - ERROR - ssr:stedsnr = 1015370. No positions found, skipping
utility_to_osm - ERROR - ssr:stedsnr = 1015487. No positions found, skipping
utility_to_osm - WARNING - ssr:stedsnr = 1015470: No priority spelling found for lang = no, using alt_name to get "[('no', 'Jervvegen')]"
utility_to_osm - ERROR - ssr:stedsnr = 1015470. No positions found, skipping
utility_to_osm - WARNING - ssr:stedsnr = 1015655: No priority spelling found for lang = no, using alt_name to get "[('no', 'Grøndalsvegen')]"
utility_to_osm - ERROR - ssr:stedsnr = 1015655. No positions found, skipping
utility_to_osm - ERROR - ssr:stedsnr = 1015629. No positions found, skipping
utility_to_osm - ERROR - ssr:stedsnr = 1015713. No positions found, skipping
utility_to_osm - ERROR - ssr:stedsnr = 1015909. No positions found, skipping
utility_to_osm - ERROR - ssr:stedsnr = 1016006. No positions found, skipping
utility_to_osm - ERROR - ssr:stedsnr = 1015947. No positions found, skipping
utility_to_osm - ERROR - ssr:stedsnr = 1015955. No positions found, skipping
utility_to_osm - ERROR - ssr:stedsnr = 1015956. No positions found, skipping
utility_to_osm - WARNING - ssr:stedsnr = 1015973: No priority spelling found for lang = no, using alt_name to get "[('no', 'Kolbuvegen')]"
utility_to_osm - ERROR - ssr:stedsnr = 1015973. No positions found, skipping
utility_to_osm - WARNING - ssr:stedsnr = 1015979: No priority spelling found for lang = no, using alt_name to get "[('no', 'Kolbulinna')]"
utility_to_osm - ERROR - ssr:stedsnr = 1015979. No positions found, skipping
utility_to_osm - ERROR - ssr:stedsnr = 1017323. No positions found, skipping
utility_to_osm - ERROR - ssr:stedsnr = 1017328. No positions found, skipping
utility_to_osm - ERROR - ssr:stedsnr = 1017405. No positions found, skipping
utility_to_osm - WARNING - ssr:stedsnr = 1017412: No priority spelling found for lang = no, using alt_name to get "[('no', 'Løkenlia')]"
utility_to_osm - ERROR - ssr:stedsnr = 1017412. No positions found, skipping
utility_to_osm - ERROR - ssr:stedsnr = 1017426. No positions found, skipping
utility_to_osm - ERROR - ssr:stedsnr = 1017486. No positions found, skipping
utility_to_osm - ERROR - ssr:stedsnr = 1016266. No positions found, skipping
utility_to_osm - ERROR - ssr:stedsnr = 1016368. No positions found, skipping
utility_to_osm - WARNING - ssr:stedsnr = 1016389: No priority spelling found for lang = no, using alt_name to get "[('no', 'Helsetvegen')]"
utility_to_osm - ERROR - ssr:stedsnr = 1016389. No positions found, skipping
utility_to_osm - WARNING - ssr:stedsnr = 1016394: No priority spelling found for lang = no, using alt_name to get "[('no', 'Heksumvegen')]"
utility_to_osm - ERROR - ssr:stedsnr = 1016394. No positions found, skipping
utility_to_osm - WARNING - ssr:stedsnr = 1016416: No priority spelling found for lang = no, using alt_name to get "[('no', 'Heksumhøgda')]"
utility_to_osm - ERROR - ssr:stedsnr = 1016416. No positions found, skipping
utility_to_osm - WARNING - ssr:stedsnr = 1016476: No priority spelling found for lang = no, using alt_name to get "[('no', 'Heimlyvegen')]"
utility_to_osm - ERROR - ssr:stedsnr = 1016476. No positions found, skipping
utility_to_osm - ERROR - ssr:stedsnr = 1016729. No positions found, skipping
utility_to_osm - ERROR - ssr:stedsnr = 1017198. No positions found, skipping
utility_to_osm - ERROR - ssr:stedsnr = 1017906. No positions found, skipping
utility_to_osm - WARNING - ssr:stedsnr = 1017929: No priority spelling found for lang = no, using alt_name to get "[('no', 'Kverndalsvegen')]"
utility_to_osm - ERROR - ssr:stedsnr = 1017929. No positions found, skipping
utility_to_osm - ERROR - ssr:stedsnr = 1017447. No positions found, skipping
utility_to_osm - ERROR - ssr:stedsnr = 1017455. No positions found, skipping
utility_to_osm - ERROR - ssr:stedsnr = 1017463. No positions found, skipping
utility_to_osm - WARNING - ssr:stedsnr = 1017471: No priority spelling found for lang = no, using alt_name to get "[('no', 'Lyngmovegen')]"
utility_to_osm - ERROR - ssr:stedsnr = 1017471. No positions found, skipping
utility_to_osm - ERROR - ssr:stedsnr = 1017555. No positions found, skipping
utility_to_osm - WARNING - ssr:stedsnr = 1017556: No priority spelling found for lang = no, using alt_name to get "[('no', 'Markestadvegen')]"
utility_to_osm - ERROR - ssr:stedsnr = 1017556. No positions found, skipping
utility_to_osm - ERROR - ssr:stedsnr = 1017558. No positions found, skipping
utility_to_osm - WARNING - ssr:stedsnr = 1017559: No priority spelling found for lang = no, using alt_name to get "[('no', 'Maurstien')]"
utility_to_osm - ERROR - ssr:stedsnr = 1017559. No positions found, skipping
utility_to_osm - ERROR - ssr:stedsnr = 1017564. No positions found, skipping
utility_to_osm - ERROR - ssr:stedsnr = 1017567. No positions found, skipping
utility_to_osm - ERROR - ssr:stedsnr = 1017569. No positions found, skipping
utility_to_osm - ERROR - ssr:stedsnr = 1017574. No positions found, skipping
utility_to_osm - ERROR - ssr:stedsnr = 1017667. No positions found, skipping
utility_to_osm - ERROR - ssr:stedsnr = 1017534. No positions found, skipping
utility_to_osm - ERROR - ssr:stedsnr = 1017630. No positions found, skipping
utility_to_osm - WARNING - ssr:stedsnr = 1017692: No priority spelling found for lang = no, using alt_name to get "[('no', 'Korterudsvingen')]"
utility_to_osm - ERROR - ssr:stedsnr = 1017692. No positions found, skipping
utility_to_osm - WARNING - ssr:stedsnr = 1017695: No priority spelling found for lang = no, using alt_name to get "[('no', 'Korterudlia')]"
utility_to_osm - ERROR - ssr:stedsnr = 1017695. No positions found, skipping
utility_to_osm - WARNING - ssr:stedsnr = 1017698: No priority spelling found for lang = no, using alt_name to get "[('no', 'Kortabakken')]"
utility_to_osm - ERROR - ssr:stedsnr = 1017698. No positions found, skipping
utility_to_osm - WARNING - ssr:stedsnr = 1017720: No priority spelling found for lang = no, using alt_name to get "[('no', 'Kortosvegen')]"
utility_to_osm - ERROR - ssr:stedsnr = 1017720. No positions found, skipping
utility_to_osm - WARNING - ssr:stedsnr = 1017825: No priority spelling found for lang = no, using alt_name to get "[('no', 'Korta skoleveg')]"
utility_to_osm - ERROR - ssr:stedsnr = 1017825. No positions found, skipping
utility_to_osm - ERROR - ssr:stedsnr = 1017827. No positions found, skipping
utility_to_osm - ERROR - ssr:stedsnr = 1017830. No positions found, skipping
utility_to_osm - WARNING - ssr:stedsnr = 1017831: No priority spelling found for lang = no, using alt_name to get "[('no', 'Koreavegen')]"
utility_to_osm - ERROR - ssr:stedsnr = 1017831. No positions found, skipping
utility_to_osm - ERROR - ssr:stedsnr = 1017835. No positions found, skipping
utility_to_osm - ERROR - ssr:stedsnr = 1018744. No positions found, skipping
utility_to_osm - ERROR - ssr:stedsnr = 1017836. No positions found, skipping
utility_to_osm - ERROR - ssr:stedsnr = 1018143. No positions found, skipping
utility_to_osm - ERROR - ssr:stedsnr = 1018254. No positions found, skipping
utility_to_osm - ERROR - ssr:stedsnr = 1018276. No positions found, skipping
utility_to_osm - ERROR - ssr:stedsnr = 1018358. No positions found, skipping
utility_to_osm - ERROR - ssr:stedsnr = 1018310. No positions found, skipping
utility_to_osm - WARNING - ssr:stedsnr = 1018366: No priority spelling found for lang = no, using alt_name to get "[('no', 'Prøvenlia')]"
utility_to_osm - ERROR - ssr:stedsnr = 1018366. No positions found, skipping
utility_to_osm - ERROR - ssr:stedsnr = 1018368. No positions found, skipping
utility_to_osm - ERROR - ssr:stedsnr = 1018370. No positions found, skipping
utility_to_osm - WARNING - ssr:stedsnr = 1018371: No priority spelling found for lang = no, using alt_name to get "[('no', 'Pålsetvegen')]"
utility_to_osm - ERROR - ssr:stedsnr = 1018371. No positions found, skipping
utility_to_osm - ERROR - ssr:stedsnr = 1018456. No positions found, skipping
utility_to_osm - WARNING - ssr:stedsnr = 1018460: No priority spelling found for lang = no, using alt_name to get "[('no', 'Presteseter')]"
utility_to_osm - ERROR - ssr:stedsnr = 1018460. No positions found, skipping
utility_to_osm - ERROR - ssr:stedsnr = 1018538. No positions found, skipping
utility_to_osm - ERROR - ssr:stedsnr = 1018539. No positions found, skipping
utility_to_osm - WARNING - ssr:stedsnr = 1018540: No priority spelling found for lang = no, using alt_name to get "[('no', 'Negardsenga')]"
utility_to_osm - ERROR - ssr:stedsnr = 1018540. No positions found, skipping
utility_to_osm - ERROR - ssr:stedsnr = 1018557. No positions found, skipping
utility_to_osm - ERROR - ssr:stedsnr = 1018497. No positions found, skipping
utility_to_osm - ERROR - ssr:stedsnr = 1018518. No positions found, skipping
utility_to_osm - WARNING - ssr:stedsnr = 1018521: No priority spelling found for lang = no, using alt_name to get "[('no', 'Rognlyvegen')]"
utility_to_osm - ERROR - ssr:stedsnr = 1018521. No positions found, skipping
utility_to_osm - ERROR - ssr:stedsnr = 1018523. No positions found, skipping
utility_to_osm - WARNING - ssr:stedsnr = 1018524: No priority spelling found for lang = no, using alt_name to get "[('no', 'Skytebanevegen')]"
utility_to_osm - ERROR - ssr:stedsnr = 1018524. No positions found, skipping
utility_to_osm - ERROR - ssr:stedsnr = 1018609. No positions found, skipping
utility_to_osm - ERROR - ssr:stedsnr = 1018611. No positions found, skipping
utility_to_osm - WARNING - ssr:stedsnr = 1018612: No priority spelling found for lang = no, using alt_name to get "[('no', 'Nordsetvegen')]"
utility_to_osm - ERROR - ssr:stedsnr = 1018612. No positions found, skipping
utility_to_osm - ERROR - ssr:stedsnr = 1018613. No positions found, skipping
utility_to_osm - ERROR - ssr:stedsnr = 1018614. No positions found, skipping
utility_to_osm - ERROR - ssr:stedsnr = 1018616. No positions found, skipping
utility_to_osm - ERROR - ssr:stedsnr = 1018618. No positions found, skipping
utility_to_osm - ERROR - ssr:stedsnr = 1018619. No positions found, skipping
utility_to_osm - ERROR - ssr:stedsnr = 1018620. No positions found, skipping
utility_to_osm - ERROR - ssr:stedsnr = 1018622. No positions found, skipping
utility_to_osm - WARNING - ssr:stedsnr = 1018623: No priority spelling found for lang = no, using alt_name to get "[('no', 'Mørkodden')]"
utility_to_osm - ERROR - ssr:stedsnr = 1018623. No positions found, skipping
utility_to_osm - ERROR - ssr:stedsnr = 1018624. No positions found, skipping
utility_to_osm - ERROR - ssr:stedsnr = 1018625. No positions found, skipping
utility_to_osm - WARNING - ssr:stedsnr = 1018626: No priority spelling found for lang = no, using alt_name to get "[('no', 'Midtbuvegen')]"
utility_to_osm - ERROR - ssr:stedsnr = 1018626. No positions found, skipping
utility_to_osm - WARNING - ssr:stedsnr = 1018627: No priority spelling found for lang = no, using alt_name to get "[('no', 'Midtåsen')]"
utility_to_osm - ERROR - ssr:stedsnr = 1018627. No positions found, skipping
utility_to_osm - ERROR - ssr:stedsnr = 1018628. No positions found, skipping
utility_to_osm - ERROR - ssr:stedsnr = 1018639. No positions found, skipping
utility_to_osm - ERROR - ssr:stedsnr = 1018641. No positions found, skipping
utility_to_osm - ERROR - ssr:stedsnr = 1018773. No positions found, skipping
utility_to_osm - ERROR - ssr:stedsnr = 1019496. No positions found, skipping
utility_to_osm - ERROR - ssr:stedsnr = 1019586. No positions found, skipping
utility_to_osm - WARNING - ssr:stedsnr = 1019587: No priority spelling found for lang = no, using alt_name to get "[('no', 'Tømmerlia')]"
utility_to_osm - ERROR - ssr:stedsnr = 1019587. No positions found, skipping
utility_to_osm - ERROR - ssr:stedsnr = 1019588. No positions found, skipping
utility_to_osm - ERROR - ssr:stedsnr = 1019589. No positions found, skipping
utility_to_osm - ERROR - ssr:stedsnr = 1019594. No positions found, skipping
utility_to_osm - WARNING - ssr:stedsnr = 1019598: No priority spelling found for lang = no, using alt_name to get "[('no', 'Trosterudvegen')]"
utility_to_osm - ERROR - ssr:stedsnr = 1019598. No positions found, skipping
utility_to_osm - ERROR - ssr:stedsnr = 1019600. No positions found, skipping
utility_to_osm - WARNING - ssr:stedsnr = 1019601: No priority spelling found for lang = no, using alt_name to get "[('no', 'Trevassvegen')]"
utility_to_osm - ERROR - ssr:stedsnr = 1019601. No positions found, skipping
utility_to_osm - ERROR - ssr:stedsnr = 1019605. No positions found, skipping
utility_to_osm - WARNING - ssr:stedsnr = 1019607: No priority spelling found for lang = no, using alt_name to get "[('no', 'Tors veg')]"
utility_to_osm - ERROR - ssr:stedsnr = 1019607. No positions found, skipping
utility_to_osm - ERROR - ssr:stedsnr = 1019608. No positions found, skipping
utility_to_osm - WARNING - ssr:stedsnr = 1019609: No priority spelling found for lang = no, using alt_name to get "[('no', 'Smågardsvegen')]"
utility_to_osm - ERROR - ssr:stedsnr = 1019609. No positions found, skipping
utility_to_osm - WARNING - ssr:stedsnr = 1018939: No priority spelling found for lang = no, using alt_name to get "[('no', 'Nærstenvegen')]"
utility_to_osm - ERROR - ssr:stedsnr = 1018939. No positions found, skipping
utility_to_osm - ERROR - ssr:stedsnr = 1018953. No positions found, skipping
utility_to_osm - WARNING - ssr:stedsnr = 1018971: No priority spelling found for lang = no, using alt_name to get "[('no', 'Nærbykroken')]"
utility_to_osm - ERROR - ssr:stedsnr = 1018971. No positions found, skipping
utility_to_osm - ERROR - ssr:stedsnr = 1018979. No positions found, skipping
utility_to_osm - WARNING - ssr:stedsnr = 1018919: No priority spelling found for lang = no, using alt_name to get "[('no', 'Næssvegen')]"
utility_to_osm - ERROR - ssr:stedsnr = 1018919. No positions found, skipping
utility_to_osm - ERROR - ssr:stedsnr = 1018992. No positions found, skipping
utility_to_osm - ERROR - ssr:stedsnr = 1019101. No positions found, skipping
utility_to_osm - ERROR - ssr:stedsnr = 1019190. No positions found, skipping
utility_to_osm - ERROR - ssr:stedsnr = 1019193. No positions found, skipping
utility_to_osm - WARNING - ssr:stedsnr = 1019195: No priority spelling found for lang = no, using alt_name to get "[('no', 'Sillongenvegen')]"
utility_to_osm - ERROR - ssr:stedsnr = 1019195. No positions found, skipping
utility_to_osm - WARNING - ssr:stedsnr = 1019197: No priority spelling found for lang = no, using alt_name to get "[('no', 'Sigurd Østliens veg')]"
utility_to_osm - ERROR - ssr:stedsnr = 1019197. No positions found, skipping
utility_to_osm - ERROR - ssr:stedsnr = 1019212. No positions found, skipping
utility_to_osm - WARNING - ssr:stedsnr = 1019218: No priority spelling found for lang = no, using alt_name to get "[('no', 'Sentrumsgata')]"
utility_to_osm - ERROR - ssr:stedsnr = 1019218. No positions found, skipping
utility_to_osm - WARNING - ssr:stedsnr = 1019156: No priority spelling found for lang = no, using alt_name to get "[('no', 'Odins veg')]"
utility_to_osm - ERROR - ssr:stedsnr = 1019156. No positions found, skipping
utility_to_osm - ERROR - ssr:stedsnr = 1019184. No positions found, skipping
utility_to_osm - ERROR - ssr:stedsnr = 1019247. No positions found, skipping
utility_to_osm - ERROR - ssr:stedsnr = 1019266. No positions found, skipping
utility_to_osm - ERROR - ssr:stedsnr = 1019310. No positions found, skipping
utility_to_osm - ERROR - ssr:stedsnr = 1019311. No positions found, skipping
utility_to_osm - WARNING - ssr:stedsnr = 1019314: No priority spelling found for lang = no, using alt_name to get "[('no', 'Skjærdalsvegen')]"
utility_to_osm - ERROR - ssr:stedsnr = 1019314. No positions found, skipping
utility_to_osm - WARNING - ssr:stedsnr = 1019315: No priority spelling found for lang = no, using alt_name to get "[('no', 'Skjervenvegen')]"
utility_to_osm - ERROR - ssr:stedsnr = 1019315. No positions found, skipping
utility_to_osm - ERROR - ssr:stedsnr = 1019316. No positions found, skipping
utility_to_osm - WARNING - ssr:stedsnr = 1019317: No priority spelling found for lang = no, using alt_name to get "[('no', 'Skjellerudvegen')]"
utility_to_osm - ERROR - ssr:stedsnr = 1019317. No positions found, skipping
utility_to_osm - WARNING - ssr:stedsnr = 1019318: No priority spelling found for lang = no, using alt_name to get "[('no', 'Skavangen')]"
utility_to_osm - ERROR - ssr:stedsnr = 1019318. No positions found, skipping
utility_to_osm - WARNING - ssr:stedsnr = 1019319: No priority spelling found for lang = no, using alt_name to get "[('no', 'Skaugerudvegen')]"
utility_to_osm - ERROR - ssr:stedsnr = 1019319. No positions found, skipping
utility_to_osm - WARNING - ssr:stedsnr = 1019320: No priority spelling found for lang = no, using alt_name to get "[('no', 'Skaubovegen')]"
utility_to_osm - ERROR - ssr:stedsnr = 1019320. No positions found, skipping
utility_to_osm - WARNING - ssr:stedsnr = 1019321: No priority spelling found for lang = no, using alt_name to get "[('no', 'Skartsetervegen')]"
utility_to_osm - ERROR - ssr:stedsnr = 1019321. No positions found, skipping
utility_to_osm - WARNING - ssr:stedsnr = 1019322: No priority spelling found for lang = no, using alt_name to get "[('no', 'Sivesindhøgda')]"
utility_to_osm - ERROR - ssr:stedsnr = 1019322. No positions found, skipping
utility_to_osm - WARNING - ssr:stedsnr = 1019324: No priority spelling found for lang = no, using alt_name to get "[('no', 'Sisselbergvegen')]"
utility_to_osm - ERROR - ssr:stedsnr = 1019324. No positions found, skipping
utility_to_osm - WARNING - ssr:stedsnr = 1019325: No priority spelling found for lang = no, using alt_name to get "[('no', 'Singelvegen')]"
utility_to_osm - ERROR - ssr:stedsnr = 1019325. No positions found, skipping
utility_to_osm - ERROR - ssr:stedsnr = 1019327. No positions found, skipping
utility_to_osm - ERROR - ssr:stedsnr = 1019329. No positions found, skipping
utility_to_osm - ERROR - ssr:stedsnr = 1019330. No positions found, skipping
utility_to_osm - WARNING - ssr:stedsnr = 1019332: No priority spelling found for lang = no, using alt_name to get "[('no', 'Skogheimvegen')]"
utility_to_osm - ERROR - ssr:stedsnr = 1019332. No positions found, skipping
utility_to_osm - ERROR - ssr:stedsnr = 1019335. No positions found, skipping
utility_to_osm - ERROR - ssr:stedsnr = 1019364. No positions found, skipping
utility_to_osm - WARNING - ssr:stedsnr = 1019374: No priority spelling found for lang = no, using alt_name to get "[('no', 'Rosetvegen')]"
utility_to_osm - ERROR - ssr:stedsnr = 1019374. No positions found, skipping
utility_to_osm - WARNING - ssr:stedsnr = 1019378: No priority spelling found for lang = no, using alt_name to get "[('no', 'Rosetsvingen')]"
utility_to_osm - ERROR - ssr:stedsnr = 1019378. No positions found, skipping
utility_to_osm - WARNING - ssr:stedsnr = 1019382: No priority spelling found for lang = no, using alt_name to get "[('no', 'Rosetlia')]"
utility_to_osm - ERROR - ssr:stedsnr = 1019382. No positions found, skipping
utility_to_osm - WARNING - ssr:stedsnr = 1019383: No priority spelling found for lang = no, using alt_name to get "[('no', 'Rosetstien')]"
utility_to_osm - ERROR - ssr:stedsnr = 1019383. No positions found, skipping
utility_to_osm - WARNING - ssr:stedsnr = 1019384: No priority spelling found for lang = no, using alt_name to get "[('no', 'Rosethaugvegen')]"
utility_to_osm - ERROR - ssr:stedsnr = 1019384. No positions found, skipping
utility_to_osm - ERROR - ssr:stedsnr = 1019393. No positions found, skipping
utility_to_osm - ERROR - ssr:stedsnr = 1019395. No positions found, skipping
utility_to_osm - ERROR - ssr:stedsnr = 1019399. No positions found, skipping
utility_to_osm - ERROR - ssr:stedsnr = 1019400. No positions found, skipping
utility_to_osm - ERROR - ssr:stedsnr = 1019407. No positions found, skipping
utility_to_osm - WARNING - ssr:stedsnr = 1019451: No priority spelling found for lang = no, using alt_name to get "[('no', 'Røssholmvegen')]"
utility_to_osm - ERROR - ssr:stedsnr = 1019451. No positions found, skipping
utility_to_osm - WARNING - ssr:stedsnr = 1019725: No priority spelling found for lang = no, using alt_name to get "[('no', 'Åstjernvegen')]"
utility_to_osm - ERROR - ssr:stedsnr = 1019725. No positions found, skipping
utility_to_osm - ERROR - ssr:stedsnr = 1019726. No positions found, skipping
utility_to_osm - ERROR - ssr:stedsnr = 1019727. No positions found, skipping
utility_to_osm - ERROR - ssr:stedsnr = 1019731. No positions found, skipping
utility_to_osm - ERROR - ssr:stedsnr = 1019732. No positions found, skipping
utility_to_osm - WARNING - ssr:stedsnr = 1019539: No priority spelling found for lang = no, using alt_name to get "[('no', 'Rudsvebakken')]"
utility_to_osm - ERROR - ssr:stedsnr = 1019539. No positions found, skipping
utility_to_osm - ERROR - ssr:stedsnr = 1019542. No positions found, skipping
utility_to_osm - ERROR - ssr:stedsnr = 1019546. No positions found, skipping
utility_to_osm - ERROR - ssr:stedsnr = 1019547. No positions found, skipping
utility_to_osm - ERROR - ssr:stedsnr = 1019550. No positions found, skipping
utility_to_osm - ERROR - ssr:stedsnr = 1019556. No positions found, skipping
utility_to_osm - WARNING - ssr:stedsnr = 1019557: No priority spelling found for lang = no, using alt_name to get "[('no', 'Teiterudgutua')]"
utility_to_osm - ERROR - ssr:stedsnr = 1019557. No positions found, skipping
utility_to_osm - WARNING - ssr:stedsnr = 1019561: No priority spelling found for lang = no, using alt_name to get "[('no', 'Sønstebyvegen')]"
utility_to_osm - ERROR - ssr:stedsnr = 1019561. No positions found, skipping
utility_to_osm - WARNING - ssr:stedsnr = 1019565: No priority spelling found for lang = no, using alt_name to get "[('no', 'Svein Erik Strandlies veg')]"
utility_to_osm - ERROR - ssr:stedsnr = 1019565. No positions found, skipping
utility_to_osm - WARNING - ssr:stedsnr = 1019569: No priority spelling found for lang = no, using alt_name to get "[('no', 'Sundsvegen')]"
utility_to_osm - ERROR - ssr:stedsnr = 1019569. No positions found, skipping
utility_to_osm - ERROR - ssr:stedsnr = 1019571. No positions found, skipping
utility_to_osm - ERROR - ssr:stedsnr = 1019579. No positions found, skipping
utility_to_osm - ERROR - ssr:stedsnr = 1019583. No positions found, skipping
utility_to_osm - WARNING - ssr:stedsnr = 1019584: No priority spelling found for lang = no, using alt_name to get "[('no', 'Valhallvegen')]"
utility_to_osm - ERROR - ssr:stedsnr = 1019584. No positions found, skipping
utility_to_osm - WARNING - ssr:stedsnr = 1019585: No priority spelling found for lang = no, using alt_name to get "[('no', 'Vadlia')]"
utility_to_osm - ERROR - ssr:stedsnr = 1019636. No positions found, skipping
utility_to_osm - ERROR - ssr:stedsnr = 1019638. No positions found, skipping
utility_to_osm - WARNING - ssr:stedsnr = 1019647: No priority spelling found for lang = no, using alt_name to get "[('no', 'Strømstadvegen')]"
utility_to_osm - ERROR - ssr:stedsnr = 1019647. No positions found, skipping
utility_to_osm - ERROR - ssr:stedsnr = 1019648. No positions found, skipping
utility_to_osm - ERROR - ssr:stedsnr = 1019663. No positions found, skipping
utility_to_osm - WARNING - ssr:stedsnr = 1019614: No priority spelling found for lang = no, using alt_name to get "[('no', 'Skundbergjordet')]"
utility_to_osm - ERROR - ssr:stedsnr = 1019614. No positions found, skipping
utility_to_osm - WARNING - ssr:stedsnr = 1019616: No priority spelling found for lang = no, using alt_name to get "[('no', 'Skundbergvegen')]"
utility_to_osm - ERROR - ssr:stedsnr = 1019616. No positions found, skipping
utility_to_osm - WARNING - ssr:stedsnr = 1019617: No priority spelling found for lang = no, using alt_name to get "[('no', 'Skumsjøvegen')]"
utility_to_osm - ERROR - ssr:stedsnr = 1019617. No positions found, skipping
utility_to_osm - ERROR - ssr:stedsnr = 1019621. No positions found, skipping
utility_to_osm - WARNING - ssr:stedsnr = 1019622: No priority spelling found for lang = no, using alt_name to get "[('no', 'Stasjonsvegen')]"
utility_to_osm - ERROR - ssr:stedsnr = 1019622. No positions found, skipping
utility_to_osm - WARNING - ssr:stedsnr = 1019623: No priority spelling found for lang = no, using alt_name to get "[('no', 'Stadionløkka')]"
utility_to_osm - ERROR - ssr:stedsnr = 1019623. No positions found, skipping
utility_to_osm - WARNING - ssr:stedsnr = 1019625: No priority spelling found for lang = no, using alt_name to get "[('no', 'Solvangvegen')]"
utility_to_osm - ERROR - ssr:stedsnr = 1019626. No positions found, skipping
utility_to_osm - WARNING - ssr:stedsnr = 1019627: No priority spelling found for lang = no, using alt_name to get "[('no', 'Solbakkvegen')]"
utility_to_osm - ERROR - ssr:stedsnr = 1019627. No positions found, skipping
utility_to_osm - ERROR - ssr:stedsnr = 1019628. No positions found, skipping
utility_to_osm - WARNING - ssr:stedsnr = 1019631: No priority spelling found for lang = no, using alt_name to get "[('no', 'Skogvegen')]"
utility_to_osm - ERROR - ssr:stedsnr = 1019631. No positions found, skipping
utility_to_osm - ERROR - ssr:stedsnr = 1019632. No positions found, skipping
utility_to_osm - ERROR - ssr:stedsnr = 1019633. No positions found, skipping
utility_to_osm - ERROR - ssr:stedsnr = 1019736. No positions found, skipping
utility_to_osm - WARNING - ssr:stedsnr = 1019739: No priority spelling found for lang = no, using alt_name to get "[('no', 'Østlienvegen')]"
utility_to_osm - ERROR - ssr:stedsnr = 1019739. No positions found, skipping
utility_to_osm - ERROR - ssr:stedsnr = 1019752. No positions found, skipping
utility_to_osm - WARNING - ssr:stedsnr = 1019753: No priority spelling found for lang = no, using alt_name to get "[('no', 'Vestbakkvegen')]"
utility_to_osm - ERROR - ssr:stedsnr = 1019753. No positions found, skipping
utility_to_osm - ERROR - ssr:stedsnr = 1019754. No positions found, skipping
utility_to_osm - ERROR - ssr:stedsnr = 1019755. No positions found, skipping
utility_to_osm - WARNING - ssr:stedsnr = 1019756: No priority spelling found for lang = no, using alt_name to get "[('no', 'Vestre Toten veg')]"
utility_to_osm - ERROR - ssr:stedsnr = 1019756. No positions found, skipping
utility_to_osm - ERROR - ssr:stedsnr = 1019757. No positions found, skipping
utility_to_osm - ERROR - ssr:stedsnr = 1019758. No positions found, skipping
utility_to_osm - ERROR - ssr:stedsnr = 1019759. No positions found, skipping
utility_to_osm - ERROR - ssr:stedsnr = 1019761. No positions found, skipping
utility_to_osm - ERROR - ssr:stedsnr = 1019763. No positions found, skipping
utility_to_osm - WARNING - ssr:stedsnr = 1019764: No priority spelling found for lang = no, using alt_name to get "[('no', 'Østre Skavangen')]"
utility_to_osm - ERROR - ssr:stedsnr = 1019764. No positions found, skipping
utility_to_osm - ERROR - ssr:stedsnr = 1019765. No positions found, skipping
utility_to_osm - ERROR - ssr:stedsnr = 1019766. No positions found, skipping
utility_to_osm - WARNING - ssr:stedsnr = 1074406: No priority spelling found for lang = no, using alt_name to get "[('no', 'Innlandet fylke')]"
