utility_to_osm.file_util - INFO - file_age(ssr2_to_osm_data/data/1108/1108-ssr.xml) -> 5.1 days
utility_to_osm - INFO - ignoring non approved status = "avslått" name = "Eidetangen"
utility_to_osm - INFO - ignoring non approved status = "avslått" name = "Eidetangen"
utility_to_osm - INFO - ignoring non approved status = "avslått" name = "Eidetangen"
utility_to_osm - INFO - ssr:stedsnr = 507: No priority spelling found for lang = no, using alt_name to get "[('no', 'Eidstangen')]"
utility_to_osm - INFO - ssr:stedsnr = 507 has multiple (3) positions, using the first one!
utility_to_osm - INFO - ssr:stedsnr = 514: No name found
utility_to_osm - INFO - ssr:stedsnr = 514 has multiple (2) positions, using the first one!
utility_to_osm - INFO - ignoring non approved status = "avslått" name = "Ramsvika"
utility_to_osm - INFO - ignoring non approved status = "avslått" name = "Ramsvik"
utility_to_osm - INFO - ignoring non approved status = "avslått" name = "Ramsvika"
utility_to_osm - INFO - ignoring non approved status = "avslått" name = "Ramsvik"
utility_to_osm - INFO - ignoring non approved status = "avslått" name = "Ramsvika"
utility_to_osm - INFO - ignoring non approved status = "avslått" name = "Ramsvik"
utility_to_osm - INFO - ssr:stedsnr = 798: No priority spelling found for lang = no, using alt_name to get "[('no', 'Ramsviga')]"
utility_to_osm - INFO - ssr:stedsnr = 798 has multiple (4) positions, using the first one!
utility_to_osm - INFO - ssr:stedsnr = 906 not active = "relikt". Skipping...
utility_to_osm - INFO - ssr:stedsnr = 1045: No name found
utility_to_osm - INFO - ssr:stedsnr = 1241: No name found
utility_to_osm - INFO - ssr:stedsnr = 1241 has multiple (2) positions, using the first one!
utility_to_osm - INFO - ssr:stedsnr = 1609: No name found
utility_to_osm - INFO - ssr:stedsnr = 1609 has multiple (2) positions, using the first one!
utility_to_osm - INFO - ssr:stedsnr = 1616: No name found
utility_to_osm - INFO - ssr:stedsnr = 1512: No name found
utility_to_osm - INFO - ssr:stedsnr = 1512 has multiple (2) positions, using the first one!
utility_to_osm - INFO - ignoring non approved status = "avslått" name = "Fossakveven"
utility_to_osm - INFO - ignoring non approved status = "avslått" name = "Fossakveven"
utility_to_osm - INFO - ignoring non approved status = "avslått" name = "Fossakveven"
utility_to_osm - INFO - ssr:stedsnr = 1563: No priority spelling found for lang = no, using alt_name to get "[('no', 'Fossåkvæven')]"
utility_to_osm - INFO - ssr:stedsnr = 1563 has multiple (3) positions, using the first one!
utility_to_osm - INFO - ssr:stedsnr = 1588: No name found
utility_to_osm - INFO - ssr:stedsnr = 1598: No name found
utility_to_osm - INFO - ssr:stedsnr = 1598 has multiple (4) positions, using the first one!
utility_to_osm - INFO - ssr:stedsnr = 1735: No name found
utility_to_osm - INFO - ssr:stedsnr = 1735 has multiple (3) positions, using the first one!
utility_to_osm - INFO - ssr:stedsnr = 1736: No name found
utility_to_osm - INFO - ssr:stedsnr = 1736 has multiple (3) positions, using the first one!
utility_to_osm - INFO - ssr:stedsnr = 1738: No name found
utility_to_osm - INFO - ssr:stedsnr = 1795: No name found
utility_to_osm - INFO - ssr:stedsnr = 1795 has multiple (2) positions, using the first one!
utility_to_osm - INFO - ssr:stedsnr = 1797: No name found
utility_to_osm - INFO - ssr:stedsnr = 1797 has multiple (3) positions, using the first one!
utility_to_osm - INFO - ssr:stedsnr = 1933: No name found
utility_to_osm - INFO - ssr:stedsnr = 1933 has multiple (4) positions, using the first one!
utility_to_osm - INFO - ssr:stedsnr = 1940: No name found
utility_to_osm - INFO - ssr:stedsnr = 1683: No name found
utility_to_osm - INFO - ssr:stedsnr = 1683 has multiple (3) positions, using the first one!
utility_to_osm - INFO - ssr:stedsnr = 1686: No name found
utility_to_osm - INFO - ssr:stedsnr = 1696: No name found
utility_to_osm - INFO - ssr:stedsnr = 1696 has multiple (3) positions, using the first one!
utility_to_osm - INFO - ignoring non approved status = "avslått" name = "Kvernaskardet"
utility_to_osm - INFO - ignoring non approved status = "avslått" name = "Kvednaskaret"
utility_to_osm - INFO - ignoring non approved status = "avslått" name = "Kvernaskardet"
utility_to_osm - INFO - ignoring non approved status = "avslått" name = "Kvednaskaret"
utility_to_osm - INFO - ignoring non approved status = "avslått" name = "Kvernaskardet"
utility_to_osm - INFO - ignoring non approved status = "avslått" name = "Kvednaskaret"
utility_to_osm - INFO - ssr:stedsnr = 1698: No priority spelling found for lang = no, using alt_name to get "[('no', 'Kvernaskaret')]"
utility_to_osm - INFO - ssr:stedsnr = 1698 has multiple (4) positions, using the first one!
utility_to_osm - INFO - ssr:stedsnr = 1801: No name found
utility_to_osm - INFO - ssr:stedsnr = 1801 has multiple (3) positions, using the first one!
utility_to_osm - INFO - ssr:stedsnr = 1838: No name found
utility_to_osm - INFO - ssr:stedsnr = 1886: No name found
utility_to_osm - INFO - ssr:stedsnr = 1886 has multiple (4) positions, using the first one!
utility_to_osm - INFO - ssr:stedsnr = 2110: No name found
utility_to_osm - INFO - ssr:stedsnr = 2110 has multiple (2) positions, using the first one!
utility_to_osm - INFO - ssr:stedsnr = 2202: No name found
utility_to_osm - INFO - ssr:stedsnr = 2202 has multiple (3) positions, using the first one!
utility_to_osm - INFO - ssr:stedsnr = 2215: No name found
utility_to_osm - INFO - ssr:stedsnr = 2215 has multiple (3) positions, using the first one!
utility_to_osm - INFO - ssr:stedsnr = 2217: No name found
utility_to_osm - INFO - ssr:stedsnr = 2217 has multiple (3) positions, using the first one!
utility_to_osm - INFO - ignoring non approved status = "avslått" name = "Toskavik"
utility_to_osm - INFO - ignoring non approved status = "avslått" name = "Toskavik"
utility_to_osm - INFO - ignoring non approved status = "avslått" name = "Toskavik"
utility_to_osm - INFO - ssr:stedsnr = 23135: No priority spelling found for lang = no, using alt_name to get "[('no', 'Torskaviga')]"
utility_to_osm - INFO - ssr:stedsnr = 23146: No name found
utility_to_osm - INFO - ssr:stedsnr = 23036: No name found
utility_to_osm - INFO - ssr:stedsnr = 23085: No name found
utility_to_osm - INFO - ssr:stedsnr = 23087: No name found
utility_to_osm - INFO - ssr:stedsnr = 23096: No name found
utility_to_osm - INFO - ssr:stedsnr = 23243: No name found
utility_to_osm - INFO - ssr:stedsnr = 23243 has multiple (2) positions, using the first one!
utility_to_osm - INFO - ssr:stedsnr = 23246: No name found
utility_to_osm - INFO - ssr:stedsnr = 23247: No name found
utility_to_osm - INFO - ssr:stedsnr = 23286: No name found
utility_to_osm - INFO - ssr:stedsnr = 23286 has multiple (2) positions, using the first one!
utility_to_osm - INFO - ssr:stedsnr = 23901: No name found
utility_to_osm - INFO - ssr:stedsnr = 23912: No name found
utility_to_osm - INFO - ssr:stedsnr = 23915: No name found
utility_to_osm - INFO - ssr:stedsnr = 23935: No name found
utility_to_osm - INFO - ssr:stedsnr = 24624: No name found
utility_to_osm - INFO - ssr:stedsnr = 24686: No name found
utility_to_osm - INFO - ssr:stedsnr = 24690: No name found
utility_to_osm - INFO - ssr:stedsnr = 24804: No name found
utility_to_osm - INFO - ssr:stedsnr = 26099: No priority spelling found for lang = no, using alt_name to get "[('no', 'Skeiane')]"
utility_to_osm - INFO - ignoring non approved status = "avslått" name = "Grunnavågen"
utility_to_osm - INFO - ignoring non approved status = "avslått" name = "Grunnavågen"
utility_to_osm - INFO - ignoring non approved status = "avslått" name = "Grunnavågen"
utility_to_osm - INFO - ssr:stedsnr = 26615: No priority spelling found for lang = no, using alt_name to get "[('no', 'Grunnevågen')]"
utility_to_osm - INFO - ssr:stedsnr = 234460: No name found
utility_to_osm - INFO - ssr:stedsnr = 234460 has multiple (41) positions, using the first one!
utility_to_osm - INFO - ssr:stedsnr = 40108: No name found
utility_to_osm - INFO - ssr:stedsnr = 40174: No name found
utility_to_osm - INFO - ssr:stedsnr = 40921: No name found
utility_to_osm - INFO - ssr:stedsnr = 40921 has multiple (2) positions, using the first one!
utility_to_osm - INFO - ssr:stedsnr = 237171: No name found
utility_to_osm - INFO - ssr:stedsnr = 41516: No name found
utility_to_osm - INFO - ssr:stedsnr = 42173: No name found
utility_to_osm - INFO - ssr:stedsnr = 42176: No name found
utility_to_osm - INFO - ssr:stedsnr = 237541: No name found
utility_to_osm - INFO - ssr:stedsnr = 46719: No name found
utility_to_osm - INFO - ssr:stedsnr = 46722: No name found
utility_to_osm - INFO - ssr:stedsnr = 46722 has multiple (3) positions, using the first one!
utility_to_osm - INFO - ssr:stedsnr = 46723: No name found
utility_to_osm - INFO - ssr:stedsnr = 239773: No name found
utility_to_osm - INFO - ssr:stedsnr = 239773 has multiple (2) positions, using the first one!
utility_to_osm - INFO - ssr:stedsnr = 55915: No name found
utility_to_osm - INFO - ssr:stedsnr = 55915 has multiple (2) positions, using the first one!
utility_to_osm - INFO - ssr:stedsnr = 239961: No name found
utility_to_osm - INFO - ssr:stedsnr = 57321: No name found
utility_to_osm - INFO - ssr:stedsnr = 240139: No name found
utility_to_osm - INFO - ssr:stedsnr = 57916: No name found
utility_to_osm - INFO - ssr:stedsnr = 57980: No name found
utility_to_osm - INFO - ssr:stedsnr = 59022: No name found
utility_to_osm - INFO - ssr:stedsnr = 59176: No name found
utility_to_osm - INFO - ssr:stedsnr = 59191: No name found
utility_to_osm - INFO - ssr:stedsnr = 59201: No name found
utility_to_osm - INFO - ssr:stedsnr = 60110: No name found
utility_to_osm - INFO - ssr:stedsnr = 59870: No name found
utility_to_osm - INFO - ssr:stedsnr = 60068: No name found
utility_to_osm - INFO - ssr:stedsnr = 60083: No name found
utility_to_osm - INFO - ssr:stedsnr = 60083 has multiple (2) positions, using the first one!
utility_to_osm - INFO - ssr:stedsnr = 60087: No name found
utility_to_osm - INFO - ssr:stedsnr = 60227: No name found
utility_to_osm - INFO - ssr:stedsnr = 60524: No priority spelling found for lang = no, using alt_name to get "[('no', 'Setesdal Vesthei Ryfylkeheiane landskapsvernområde')]"
utility_to_osm - INFO - ssr:stedsnr = 60524 has multiple (8) positions, using the first one!
utility_to_osm - INFO - ignoring non approved status = "avslått" name = "Hovland"
utility_to_osm - INFO - ignoring non approved status = "avslått" name = "Hovland"
utility_to_osm - INFO - ignoring non approved status = "avslått" name = "Hovland"
utility_to_osm - INFO - ssr:stedsnr = 61222: No priority spelling found for lang = no, using alt_name to get "[('no', 'Haugaland')]"
utility_to_osm - INFO - ssr:stedsnr = 61226: No name found
utility_to_osm - INFO - ignoring non approved status = "avslått" name = "Tørjuvknollane"
utility_to_osm - INFO - ignoring non approved status = "avslått" name = "Tørgjuvknollane"
utility_to_osm - INFO - ignoring non approved status = "avslått" name = "Tørjuvknollane"
utility_to_osm - INFO - ignoring non approved status = "avslått" name = "Tørgjuvknollane"
utility_to_osm - INFO - ignoring non approved status = "avslått" name = "Tørjuvknollane"
utility_to_osm - INFO - ignoring non approved status = "avslått" name = "Tørgjuvknollane"
utility_to_osm - INFO - ssr:stedsnr = 61483: No priority spelling found for lang = no, using alt_name to get "[('no', 'Tyrejuvknollane')]"
utility_to_osm - INFO - ssr:stedsnr = 61483 has multiple (4) positions, using the first one!
utility_to_osm - INFO - ssr:stedsnr = 61484: No name found
utility_to_osm - INFO - ssr:stedsnr = 61484 has multiple (3) positions, using the first one!
utility_to_osm - INFO - ssr:stedsnr = 61492: No name found
utility_to_osm - INFO - ssr:stedsnr = 61492 has multiple (2) positions, using the first one!
utility_to_osm - INFO - ssr:stedsnr = 61494: No name found
utility_to_osm - INFO - ssr:stedsnr = 61494 has multiple (3) positions, using the first one!
utility_to_osm - INFO - ssr:stedsnr = 61621: No name found
utility_to_osm - INFO - ssr:stedsnr = 61621 has multiple (3) positions, using the first one!
utility_to_osm - INFO - ignoring non approved status = "avslått" name = "Todlebakknuten"
utility_to_osm - INFO - ignoring non approved status = "avslått" name = "Tydlebakknuten"
utility_to_osm - INFO - ignoring non approved status = "avslått" name = "Todlebakknuten"
utility_to_osm - INFO - ignoring non approved status = "avslått" name = "Tydlebakknuten"
utility_to_osm - INFO - ignoring non approved status = "avslått" name = "Todlebakknuten"
utility_to_osm - INFO - ignoring non approved status = "avslått" name = "Tydlebakknuten"
utility_to_osm - INFO - ssr:stedsnr = 61512: No priority spelling found for lang = no, using alt_name to get "[('no', 'Tyllebakknuten')]"
utility_to_osm - INFO - ssr:stedsnr = 61512 has multiple (4) positions, using the first one!
utility_to_osm - INFO - ssr:stedsnr = 61514: No name found
utility_to_osm - INFO - ssr:stedsnr = 61572: No name found
utility_to_osm - INFO - ssr:stedsnr = 61572 has multiple (2) positions, using the first one!
utility_to_osm - INFO - ssr:stedsnr = 240565: No name found
utility_to_osm - INFO - ssr:stedsnr = 240565 has multiple (5) positions, using the first one!
utility_to_osm - INFO - ssr:stedsnr = 61903: No name found
utility_to_osm - INFO - ssr:stedsnr = 61929: No name found
utility_to_osm - INFO - ssr:stedsnr = 61929 has multiple (4) positions, using the first one!
utility_to_osm - INFO - ssr:stedsnr = 61930: No name found
utility_to_osm - INFO - ssr:stedsnr = 61930 has multiple (2) positions, using the first one!
utility_to_osm - INFO - ignoring non approved status = "avslåttNavneledd" name = "Dørvik"
utility_to_osm - INFO - ignoring non approved status = "avslåttNavneledd" name = "Dørvika"
utility_to_osm - INFO - ignoring non approved status = "avslåttNavneledd" name = "Dørvik"
utility_to_osm - INFO - ignoring non approved status = "avslåttNavneledd" name = "Dørvika"
utility_to_osm - INFO - ignoring non approved status = "avslåttNavneledd" name = "Dørvik"
utility_to_osm - INFO - ignoring non approved status = "avslåttNavneledd" name = "Dørvika"
utility_to_osm - INFO - ssr:stedsnr = 61689: No name found
utility_to_osm - INFO - ssr:stedsnr = 61689 has multiple (3) positions, using the first one!
utility_to_osm - INFO - ssr:stedsnr = 61695: No name found
utility_to_osm - INFO - ssr:stedsnr = 61695 has multiple (3) positions, using the first one!
utility_to_osm - INFO - ssr:stedsnr = 61698: No name found
utility_to_osm - INFO - ssr:stedsnr = 61885: No name found
utility_to_osm - INFO - ignoring non approved status = "avslått" name = "Skardet"
utility_to_osm - INFO - ignoring non approved status = "avslått" name = "Skår"
utility_to_osm - INFO - ignoring non approved status = "avslått" name = "Skardet"
utility_to_osm - INFO - ignoring non approved status = "avslått" name = "Skår"
utility_to_osm - INFO - ignoring non approved status = "avslått" name = "Skardet"
utility_to_osm - INFO - ignoring non approved status = "avslått" name = "Skår"
utility_to_osm - INFO - ssr:stedsnr = 61892: No priority spelling found for lang = no, using alt_name to get "[('no', 'Skaret')]"
utility_to_osm - INFO - ssr:stedsnr = 62003: No name found
utility_to_osm - INFO - ssr:stedsnr = 62003 has multiple (3) positions, using the first one!
utility_to_osm - INFO - ssr:stedsnr = 62103: No name found
utility_to_osm - INFO - ssr:stedsnr = 62103 has multiple (2) positions, using the first one!
utility_to_osm - INFO - ssr:stedsnr = 62513: No name found
utility_to_osm - INFO - ssr:stedsnr = 62703: No name found
utility_to_osm - INFO - ssr:stedsnr = 62717: No name found
utility_to_osm - INFO - ssr:stedsnr = 62619: No name found
utility_to_osm - INFO - ssr:stedsnr = 62619 has multiple (2) positions, using the first one!
utility_to_osm - INFO - ssr:stedsnr = 62667: No name found
utility_to_osm - INFO - ssr:stedsnr = 62667 has multiple (2) positions, using the first one!
utility_to_osm - INFO - ssr:stedsnr = 62918: No name found
utility_to_osm - INFO - ssr:stedsnr = 63204: No name found
utility_to_osm - INFO - ssr:stedsnr = 63204 has multiple (3) positions, using the first one!
utility_to_osm - INFO - ssr:stedsnr = 63208: No name found
utility_to_osm - INFO - ssr:stedsnr = 63208 has multiple (4) positions, using the first one!
utility_to_osm - INFO - ssr:stedsnr = 241044: No name found
utility_to_osm - INFO - ssr:stedsnr = 63177: No name found
utility_to_osm - INFO - ssr:stedsnr = 63177 has multiple (3) positions, using the first one!
utility_to_osm - INFO - ssr:stedsnr = 241024: No name found
utility_to_osm - INFO - ssr:stedsnr = 241026: No name found
utility_to_osm - INFO - ssr:stedsnr = 241164: No name found
utility_to_osm - INFO - ssr:stedsnr = 241172: No name found
utility_to_osm - INFO - ssr:stedsnr = 241197: No name found
utility_to_osm - INFO - ssr:stedsnr = 241220: No name found
utility_to_osm - INFO - ssr:stedsnr = 241651: No name found
utility_to_osm - INFO - ssr:stedsnr = 242001: No name found
utility_to_osm - INFO - ssr:stedsnr = 242032: No name found
utility_to_osm - INFO - ssr:stedsnr = 242036: No name found
utility_to_osm - INFO - ssr:stedsnr = 242115: No name found
utility_to_osm - INFO - ssr:stedsnr = 242738: No name found
utility_to_osm - INFO - ssr:stedsnr = 242829: No name found
utility_to_osm - INFO - ignoring non approved status = "avslått" name = "Sandvika"
utility_to_osm - INFO - ignoring non approved status = "avslått" name = "Sandvika"
utility_to_osm - INFO - ignoring non approved status = "avslått" name = "Sandvika"
utility_to_osm - INFO - ssr:stedsnr = 243006: No priority spelling found for lang = no, using alt_name to get "[('no', 'Sandviga')]"
utility_to_osm - INFO - ssr:stedsnr = 243206: No name found
utility_to_osm - INFO - ssr:stedsnr = 243206 has multiple (4) positions, using the first one!
utility_to_osm - INFO - ignoring non approved status = "avslått" name = "Hedlefjellet"
utility_to_osm - INFO - ignoring non approved status = "avslått" name = "Hedlefjellet"
utility_to_osm - INFO - ignoring non approved status = "avslått" name = "Hedlefjellet"
utility_to_osm - INFO - ssr:stedsnr = 243513: No priority spelling found for lang = no, using alt_name to get "[('no', 'Hellefjellet')]"
utility_to_osm - INFO - ssr:stedsnr = 243513 has multiple (3) positions, using the first one!
utility_to_osm - INFO - ignoring non approved status = "avslått" name = "Buskardknuten"
utility_to_osm - INFO - ignoring non approved status = "avslått" name = "Buskarnuten"
utility_to_osm - INFO - ignoring non approved status = "avslått" name = "Buskardknuten"
utility_to_osm - INFO - ignoring non approved status = "avslått" name = "Buskarnuten"
utility_to_osm - INFO - ignoring non approved status = "avslått" name = "Buskardknuten"
utility_to_osm - INFO - ignoring non approved status = "avslått" name = "Buskarnuten"
utility_to_osm - INFO - ssr:stedsnr = 243520: No priority spelling found for lang = no, using alt_name to get "[('no', 'Buskarknuten')]"
utility_to_osm - INFO - ssr:stedsnr = 243580: No name found
utility_to_osm - INFO - ignoring non approved status = "avslått" name = "Eikelandstølen"
utility_to_osm - INFO - ignoring non approved status = "avslått" name = "Eikelandstølen"
utility_to_osm - INFO - ignoring non approved status = "avslått" name = "Eikelandstølen"
utility_to_osm - INFO - ssr:stedsnr = 243665: No priority spelling found for lang = no, using alt_name to get "[('no', 'Eikelandsstølen')]"
utility_to_osm - INFO - ssr:stedsnr = 243665 has multiple (3) positions, using the first one!
utility_to_osm - INFO - ssr:stedsnr = 243632: No name found
utility_to_osm - INFO - ssr:stedsnr = 243632 has multiple (2) positions, using the first one!
utility_to_osm - INFO - ssr:stedsnr = 243700: No name found
utility_to_osm - INFO - ssr:stedsnr = 243714: No name found
utility_to_osm - INFO - ssr:stedsnr = 243680: No name found
utility_to_osm - INFO - ssr:stedsnr = 243715: No name found
utility_to_osm - INFO - ssr:stedsnr = 243715 has multiple (2) positions, using the first one!
utility_to_osm - INFO - ssr:stedsnr = 243716: No name found
utility_to_osm - INFO - ssr:stedsnr = 243716 has multiple (7) positions, using the first one!
utility_to_osm - INFO - ssr:stedsnr = 243721: No name found
utility_to_osm - INFO - ignoring non approved status = "avslått" name = "Kupholmen"
utility_to_osm - INFO - ignoring non approved status = "avslått" name = "Kubbholmen"
utility_to_osm - INFO - ignoring non approved status = "avslått" name = "Kupholmen"
utility_to_osm - INFO - ignoring non approved status = "avslått" name = "Kubbholmen"
utility_to_osm - INFO - ignoring non approved status = "avslått" name = "Kupholmen"
utility_to_osm - INFO - ignoring non approved status = "avslått" name = "Kubbholmen"
utility_to_osm - INFO - ssr:stedsnr = 243807: No priority spelling found for lang = no, using alt_name to get "[('no', 'Kobbholmen')]"
utility_to_osm - INFO - ssr:stedsnr = 243807 has multiple (4) positions, using the first one!
utility_to_osm - INFO - ssr:stedsnr = 243873: No name found
utility_to_osm - INFO - ssr:stedsnr = 243873 has multiple (3) positions, using the first one!
utility_to_osm - INFO - ssr:stedsnr = 244008: No name found
utility_to_osm - INFO - ssr:stedsnr = 244008 has multiple (3) positions, using the first one!
utility_to_osm - INFO - ssr:stedsnr = 244060: No name found
utility_to_osm - INFO - ssr:stedsnr = 244063: No name found
utility_to_osm - INFO - ssr:stedsnr = 244063 has multiple (4) positions, using the first one!
utility_to_osm - INFO - ssr:stedsnr = 244120: No name found
utility_to_osm - INFO - ssr:stedsnr = 244217: No name found
utility_to_osm - INFO - ssr:stedsnr = 244217 has multiple (4) positions, using the first one!
utility_to_osm - INFO - ssr:stedsnr = 244222: No name found
utility_to_osm - INFO - ssr:stedsnr = 244222 has multiple (3) positions, using the first one!
utility_to_osm - INFO - ssr:stedsnr = 244717: No name found
utility_to_osm - INFO - ssr:stedsnr = 244717 has multiple (2) positions, using the first one!
utility_to_osm - INFO - ssr:stedsnr = 244818: No name found
utility_to_osm - INFO - ssr:stedsnr = 244738: No priority spelling found for lang = no, using alt_name to get "[('no', 'Eskelandsholmane')]"
utility_to_osm - INFO - ssr:stedsnr = 244738 has multiple (2) positions, using the first one!
utility_to_osm - INFO - ssr:stedsnr = 244755: No name found
utility_to_osm - INFO - ssr:stedsnr = 244840: No name found
utility_to_osm - INFO - ssr:stedsnr = 83004: No name found
utility_to_osm - INFO - ssr:stedsnr = 83008: No name found
utility_to_osm - INFO - ssr:stedsnr = 83042: No name found
utility_to_osm - INFO - ssr:stedsnr = 244915: No name found
utility_to_osm - INFO - ssr:stedsnr = 83105: No name found
utility_to_osm - INFO - ssr:stedsnr = 83106: No name found
utility_to_osm - INFO - ssr:stedsnr = 83108: No name found
utility_to_osm - INFO - ssr:stedsnr = 83114: No name found
utility_to_osm - INFO - ssr:stedsnr = 83120: No name found
utility_to_osm - INFO - ssr:stedsnr = 83121: No name found
utility_to_osm - INFO - ssr:stedsnr = 244947: No name found
utility_to_osm - INFO - ssr:stedsnr = 244947 has multiple (5) positions, using the first one!
utility_to_osm - INFO - ssr:stedsnr = 244949: No name found
utility_to_osm - INFO - ssr:stedsnr = 244949 has multiple (2) positions, using the first one!
utility_to_osm - INFO - ssr:stedsnr = 244951: No name found
utility_to_osm - INFO - ssr:stedsnr = 83203: No name found
utility_to_osm - INFO - ssr:stedsnr = 83237: No name found
utility_to_osm - INFO - ssr:stedsnr = 83187: No name found
utility_to_osm - INFO - ssr:stedsnr = 83190: No name found
utility_to_osm - INFO - ssr:stedsnr = 83195: No name found
utility_to_osm - INFO - ssr:stedsnr = 83200: No name found
utility_to_osm - INFO - ssr:stedsnr = 83201: No name found
utility_to_osm - INFO - ssr:stedsnr = 84002: No name found
utility_to_osm - INFO - ignoring non approved status = "avslått" name = "Storaberg"
utility_to_osm - INFO - ignoring non approved status = "avslått" name = "Storaberg"
utility_to_osm - INFO - ignoring non approved status = "avslått" name = "Storaberg"
utility_to_osm - INFO - ssr:stedsnr = 84008: No priority spelling found for lang = no, using alt_name to get "[('no', 'Storaberget')]"
utility_to_osm - INFO - ignoring non approved status = "avslått" name = "Novå"
utility_to_osm - INFO - ignoring non approved status = "avslått" name = "Novå"
utility_to_osm - INFO - ignoring non approved status = "avslått" name = "Novå"
utility_to_osm - INFO - ssr:stedsnr = 84204: No priority spelling found for lang = no, using alt_name to get "[('no', 'Nova')]"
utility_to_osm - INFO - ssr:stedsnr = 84216: No name found
utility_to_osm - INFO - ignoring non approved status = "avslått" name = "Eilivsgjuvet"
utility_to_osm - INFO - ignoring non approved status = "avslått" name = "Eilivsgjuvet"
utility_to_osm - INFO - ignoring non approved status = "avslått" name = "Eilivsgjuvet"
utility_to_osm - INFO - ssr:stedsnr = 245181: No priority spelling found for lang = no, using alt_name to get "[('no', 'Eilivsjuvet')]"
utility_to_osm - INFO - ssr:stedsnr = 245181 has multiple (4) positions, using the first one!
utility_to_osm - INFO - ssr:stedsnr = 245144: No name found
utility_to_osm - INFO - ssr:stedsnr = 245144 has multiple (2) positions, using the first one!
utility_to_osm - INFO - ssr:stedsnr = 245163: No name found
utility_to_osm - INFO - ssr:stedsnr = 245163 has multiple (2) positions, using the first one!
utility_to_osm - INFO - ssr:stedsnr = 245186: No name found
utility_to_osm - INFO - ssr:stedsnr = 245186 has multiple (2) positions, using the first one!
utility_to_osm - INFO - ssr:stedsnr = 245191: No name found
utility_to_osm - INFO - ssr:stedsnr = 84903: No name found
utility_to_osm - INFO - ssr:stedsnr = 84904: No name found
utility_to_osm - INFO - ssr:stedsnr = 84906: No name found
utility_to_osm - INFO - ssr:stedsnr = 84909: No name found
utility_to_osm - INFO - ssr:stedsnr = 84916: No name found
utility_to_osm - INFO - ssr:stedsnr = 84918: No name found
utility_to_osm - INFO - ssr:stedsnr = 84940: No name found
utility_to_osm - INFO - ssr:stedsnr = 84894: No name found
utility_to_osm - INFO - ssr:stedsnr = 85188: No name found
utility_to_osm - INFO - ssr:stedsnr = 85204: No name found
utility_to_osm - INFO - ssr:stedsnr = 85605: No name found
utility_to_osm - INFO - ssr:stedsnr = 85605 has multiple (2) positions, using the first one!
utility_to_osm - INFO - ignoring non approved status = "avslått" name = "Storevika"
utility_to_osm - INFO - ignoring non approved status = "avslått" name = "Storevika"
utility_to_osm - INFO - ignoring non approved status = "avslått" name = "Storevika"
utility_to_osm - INFO - ssr:stedsnr = 86625: No priority spelling found for lang = no, using alt_name to get "[('no', 'Storaviga')]"
utility_to_osm - INFO - ssr:stedsnr = 87116: No priority spelling found for lang = no, using alt_name to get "[('no', 'Skaret')]"
utility_to_osm - INFO - ssr:stedsnr = 100414: No name found
utility_to_osm - INFO - ssr:stedsnr = 100418: No name found
utility_to_osm - INFO - ssr:stedsnr = 100911: No name found
utility_to_osm - INFO - ssr:stedsnr = 102171: No name found
utility_to_osm - INFO - ssr:stedsnr = 102683: No name found
utility_to_osm - INFO - ssr:stedsnr = 107693: No name found
utility_to_osm - INFO - ssr:stedsnr = 118315: No name found
utility_to_osm - INFO - ssr:stedsnr = 118287: No name found
utility_to_osm - INFO - ssr:stedsnr = 119176: No name found
utility_to_osm - INFO - ssr:stedsnr = 119871: No name found
utility_to_osm - INFO - ssr:stedsnr = 119876: No name found
utility_to_osm - INFO - ssr:stedsnr = 119877: No name found
utility_to_osm - INFO - ssr:stedsnr = 120181: No name found
utility_to_osm - INFO - ssr:stedsnr = 120079: No name found
utility_to_osm - INFO - ssr:stedsnr = 120223: No name found
utility_to_osm - INFO - ssr:stedsnr = 120622: No name found
utility_to_osm - INFO - ssr:stedsnr = 120628: No name found
utility_to_osm - INFO - ssr:stedsnr = 120657: No name found
utility_to_osm - INFO - ssr:stedsnr = 120805: No name found
utility_to_osm - INFO - ssr:stedsnr = 120855: No name found
utility_to_osm - INFO - ssr:stedsnr = 120859: No name found
utility_to_osm - INFO - ssr:stedsnr = 120866: No name found
utility_to_osm - INFO - ssr:stedsnr = 121020: No name found
utility_to_osm - INFO - ssr:stedsnr = 120990: No name found
utility_to_osm - INFO - ssr:stedsnr = 122002: No name found
utility_to_osm - INFO - ssr:stedsnr = 122002 has multiple (4) positions, using the first one!
utility_to_osm - INFO - ssr:stedsnr = 122022: No name found
utility_to_osm - INFO - ignoring non approved status = "avslått" name = "Urdavatnet"
utility_to_osm - INFO - ignoring non approved status = "avslått" name = "Uratjørnene"
utility_to_osm - INFO - ignoring non approved status = "avslått" name = "Urdavatnet"
utility_to_osm - INFO - ignoring non approved status = "avslått" name = "Uratjørnene"
utility_to_osm - INFO - ignoring non approved status = "avslått" name = "Urdavatnet"
utility_to_osm - INFO - ignoring non approved status = "avslått" name = "Uratjørnene"
utility_to_osm - INFO - ssr:stedsnr = 122502: No priority spelling found for lang = no, using alt_name to get "[('no', 'Uravatnet')]"
utility_to_osm - INFO - ssr:stedsnr = 122502 has multiple (4) positions, using the first one!
utility_to_osm - INFO - ssr:stedsnr = 122506: No name found
utility_to_osm - INFO - ssr:stedsnr = 122506 has multiple (3) positions, using the first one!
utility_to_osm - INFO - ssr:stedsnr = 122531: No name found
utility_to_osm - INFO - ssr:stedsnr = 122485: No name found
utility_to_osm - INFO - ssr:stedsnr = 122485 has multiple (5) positions, using the first one!
utility_to_osm - INFO - ssr:stedsnr = 122488: No name found
utility_to_osm - INFO - ssr:stedsnr = 122488 has multiple (2) positions, using the first one!
utility_to_osm - INFO - ssr:stedsnr = 122581: No name found
utility_to_osm - INFO - ssr:stedsnr = 122585: No name found
utility_to_osm - INFO - ssr:stedsnr = 122588: No name found
utility_to_osm - INFO - ssr:stedsnr = 122702: No name found
utility_to_osm - INFO - ssr:stedsnr = 122702 has multiple (3) positions, using the first one!
utility_to_osm - INFO - ssr:stedsnr = 122716: No name found
utility_to_osm - INFO - ssr:stedsnr = 122716 has multiple (3) positions, using the first one!
utility_to_osm - INFO - ssr:stedsnr = 122717: No name found
utility_to_osm - INFO - ssr:stedsnr = 122717 has multiple (3) positions, using the first one!
utility_to_osm - INFO - ssr:stedsnr = 123071: No name found
utility_to_osm - INFO - ssr:stedsnr = 123206: No name found
utility_to_osm - INFO - ssr:stedsnr = 123206 has multiple (3) positions, using the first one!
utility_to_osm - INFO - ignoring non approved status = "avslått" name = "Låtervikgjuvet"
utility_to_osm - INFO - ignoring non approved status = "avslått" name = "Låtervikgjuvet"
utility_to_osm - INFO - ignoring non approved status = "avslått" name = "Låtervikgjuvet"
utility_to_osm - INFO - ssr:stedsnr = 123211: No priority spelling found for lang = no, using alt_name to get "[('no', 'Låtervikjuvet')]"
utility_to_osm - INFO - ssr:stedsnr = 123211 has multiple (2) positions, using the first one!
utility_to_osm - INFO - ignoring non approved status = "avslått" name = "Flørlia"
utility_to_osm - INFO - ignoring non approved status = "avslått" name = "Flørlia"
utility_to_osm - INFO - ignoring non approved status = "avslått" name = "Flørlia"
utility_to_osm - INFO - ssr:stedsnr = 123219: No priority spelling found for lang = no, using alt_name to get "[('no', 'Flørli')]"
utility_to_osm - INFO - ignoring non approved status = "avslått" name = "Lyngskardet"
utility_to_osm - INFO - ignoring non approved status = "avslått" name = "Lyngskardet"
utility_to_osm - INFO - ignoring non approved status = "avslått" name = "Lyngskardet"
utility_to_osm - INFO - ssr:stedsnr = 123105: No priority spelling found for lang = no, using alt_name to get "[('no', 'Lyngskaret')]"
utility_to_osm - INFO - ssr:stedsnr = 123105 has multiple (3) positions, using the first one!
utility_to_osm - INFO - ssr:stedsnr = 123143: No name found
utility_to_osm - INFO - ssr:stedsnr = 123143 has multiple (2) positions, using the first one!
utility_to_osm - INFO - ssr:stedsnr = 123144: No name found
utility_to_osm - INFO - ssr:stedsnr = 123146: No name found
utility_to_osm - INFO - ssr:stedsnr = 123167: No name found
utility_to_osm - INFO - ssr:stedsnr = 123167 has multiple (3) positions, using the first one!
utility_to_osm - INFO - ssr:stedsnr = 123187: No name found
utility_to_osm - INFO - ssr:stedsnr = 123187 has multiple (3) positions, using the first one!
utility_to_osm - INFO - ssr:stedsnr = 143006: No name found
utility_to_osm - INFO - ssr:stedsnr = 144106: No name found
utility_to_osm - INFO - ssr:stedsnr = 144205: No name found
utility_to_osm - INFO - ssr:stedsnr = 144207: No name found
utility_to_osm - INFO - ignoring non approved status = "avslått" name = "Mærlandsmyra"
utility_to_osm - INFO - ignoring non approved status = "avslått" name = "Mærlandsmyra"
utility_to_osm - INFO - ignoring non approved status = "avslått" name = "Mærlandsmyra"
utility_to_osm - INFO - ssr:stedsnr = 144215: No priority spelling found for lang = no, using alt_name to get "[('no', 'Merlandsmyra')]"
utility_to_osm - INFO - ssr:stedsnr = 144218: No name found
utility_to_osm - INFO - ssr:stedsnr = 144218 has multiple (3) positions, using the first one!
utility_to_osm - INFO - ssr:stedsnr = 144226: No name found
utility_to_osm - INFO - ssr:stedsnr = 144238: No name found
utility_to_osm - INFO - ssr:stedsnr = 144990: No name found
