utility_to_osm - WARNING - ssr:stedsnr = 147 has multiple (3) positions, using the first one!
utility_to_osm - WARNING - ssr:stedsnr = 304 has multiple (4) positions, using the first one!
utility_to_osm - WARNING - ssr:stedsnr = 306 has multiple (4) positions, using the first one!
utility_to_osm - WARNING - ssr:stedsnr = 354 has multiple (2) positions, using the first one!
utility_to_osm - WARNING - ssr:stedsnr = 358 has multiple (3) positions, using the first one!
utility_to_osm - WARNING - ssr:stedsnr = 362 has multiple (2) positions, using the first one!
utility_to_osm - WARNING - ssr:stedsnr = 397 has multiple (3) positions, using the first one!
utility_to_osm - WARNING - ssr:stedsnr = 264 has multiple (3) positions, using the first one!
utility_to_osm - WARNING - ssr:stedsnr = 414 has multiple (2) positions, using the first one!
utility_to_osm - WARNING - ssr:stedsnr = 495: No priority spelling found for lang = no, using alt_name to get "[('no', 'Sandvatn')]"
utility_to_osm - WARNING - ssr:stedsnr = 495 has multiple (4) positions, using the first one!
utility_to_osm - WARNING - ssr:stedsnr = 496 has multiple (3) positions, using the first one!
utility_to_osm - WARNING - ssr:stedsnr = 603 has multiple (9) positions, using the first one!
utility_to_osm - WARNING - ssr:stedsnr = 604 has multiple (3) positions, using the first one!
utility_to_osm - WARNING - ssr:stedsnr = 645 has multiple (2) positions, using the first one!
utility_to_osm - WARNING - ssr:stedsnr = 650 has multiple (2) positions, using the first one!
utility_to_osm - WARNING - ssr:stedsnr = 655 has multiple (2) positions, using the first one!
utility_to_osm - WARNING - ssr:stedsnr = 658 has multiple (2) positions, using the first one!
utility_to_osm - WARNING - ssr:stedsnr = 703 has multiple (3) positions, using the first one!
utility_to_osm - WARNING - ssr:stedsnr = 704 has multiple (2) positions, using the first one!
utility_to_osm - WARNING - ssr:stedsnr = 709 has multiple (2) positions, using the first one!
utility_to_osm - WARNING - ssr:stedsnr = 710 has multiple (3) positions, using the first one!
utility_to_osm - WARNING - ssr:stedsnr = 711: No priority spelling found for lang = no, using alt_name to get "[('no', 'Årli-Sandvatn')]"
utility_to_osm - WARNING - ssr:stedsnr = 711 has multiple (4) positions, using the first one!
utility_to_osm - WARNING - ssr:stedsnr = 742 has multiple (3) positions, using the first one!
utility_to_osm - WARNING - ssr:stedsnr = 1308 has multiple (3) positions, using the first one!
utility_to_osm - WARNING - ssr:stedsnr = 1341 has multiple (2) positions, using the first one!
utility_to_osm - WARNING - ssr:stedsnr = 31910: No priority spelling found for lang = no, using alt_name to get "[('no', 'Sandvassåsen')]"
utility_to_osm - WARNING - ssr:stedsnr = 35107 has multiple (2) positions, using the first one!
utility_to_osm - WARNING - ssr:stedsnr = 60124 has multiple (3) positions, using the first one!
utility_to_osm - WARNING - ssr:stedsnr = 60279 has multiple (3) positions, using the first one!
utility_to_osm - WARNING - ssr:stedsnr = 60294 has multiple (3) positions, using the first one!
utility_to_osm - WARNING - ssr:stedsnr = 60301 has multiple (3) positions, using the first one!
utility_to_osm - WARNING - ssr:stedsnr = 60502 has multiple (3) positions, using the first one!
utility_to_osm - WARNING - ssr:stedsnr = 61107 has multiple (5) positions, using the first one!
utility_to_osm - WARNING - ssr:stedsnr = 61307 has multiple (4) positions, using the first one!
utility_to_osm - WARNING - ssr:stedsnr = 61272 has multiple (3) positions, using the first one!
utility_to_osm - WARNING - ssr:stedsnr = 61282 has multiple (3) positions, using the first one!
utility_to_osm - WARNING - ssr:stedsnr = 61404: No priority spelling found for lang = no, using alt_name to get "[('no', 'Midtre Røynestad')]"
utility_to_osm - WARNING - ssr:stedsnr = 61426 has multiple (3) positions, using the first one!
utility_to_osm - WARNING - ssr:stedsnr = 61477 has multiple (3) positions, using the first one!
utility_to_osm - WARNING - ssr:stedsnr = 61322 has multiple (4) positions, using the first one!
utility_to_osm - WARNING - ssr:stedsnr = 61325 has multiple (3) positions, using the first one!
utility_to_osm - WARNING - ssr:stedsnr = 61380 has multiple (2) positions, using the first one!
utility_to_osm - WARNING - ssr:stedsnr = 61392 has multiple (3) positions, using the first one!
utility_to_osm - WARNING - ssr:stedsnr = 61706 has multiple (3) positions, using the first one!
utility_to_osm - WARNING - ssr:stedsnr = 61719 has multiple (3) positions, using the first one!
utility_to_osm - WARNING - ssr:stedsnr = 61721 has multiple (2) positions, using the first one!
utility_to_osm - WARNING - ssr:stedsnr = 61693 has multiple (3) positions, using the first one!
utility_to_osm - WARNING - ssr:stedsnr = 61699 has multiple (3) positions, using the first one!
utility_to_osm - WARNING - ssr:stedsnr = 61700 has multiple (2) positions, using the first one!
utility_to_osm - WARNING - ssr:stedsnr = 62471 has multiple (3) positions, using the first one!
utility_to_osm - WARNING - ssr:stedsnr = 62472 has multiple (3) positions, using the first one!
utility_to_osm - WARNING - ssr:stedsnr = 241248: No priority spelling found for lang = no, using alt_name to get "[('no', 'Teistedal')]"
utility_to_osm - WARNING - ssr:stedsnr = 242594 has multiple (3) positions, using the first one!
utility_to_osm - WARNING - ssr:stedsnr = 242668 has multiple (2) positions, using the first one!
utility_to_osm - WARNING - ssr:stedsnr = 243142 has multiple (4) positions, using the first one!
utility_to_osm - WARNING - ssr:stedsnr = 243071 has multiple (3) positions, using the first one!
utility_to_osm - WARNING - ssr:stedsnr = 243093 has multiple (3) positions, using the first one!
utility_to_osm - WARNING - ssr:stedsnr = 243097 has multiple (3) positions, using the first one!
utility_to_osm - WARNING - ssr:stedsnr = 243122 has multiple (3) positions, using the first one!
utility_to_osm - WARNING - ssr:stedsnr = 243263 has multiple (3) positions, using the first one!
utility_to_osm - WARNING - ssr:stedsnr = 243266 has multiple (4) positions, using the first one!
utility_to_osm - WARNING - ssr:stedsnr = 243274 has multiple (3) positions, using the first one!
utility_to_osm - WARNING - ssr:stedsnr = 243281 has multiple (3) positions, using the first one!
utility_to_osm - WARNING - ssr:stedsnr = 243282 has multiple (4) positions, using the first one!
utility_to_osm - WARNING - ssr:stedsnr = 243291 has multiple (2) positions, using the first one!
utility_to_osm - WARNING - ssr:stedsnr = 243335 has multiple (4) positions, using the first one!
utility_to_osm - WARNING - ssr:stedsnr = 243311 has multiple (3) positions, using the first one!
utility_to_osm - WARNING - ssr:stedsnr = 243317 has multiple (4) positions, using the first one!
utility_to_osm - WARNING - ssr:stedsnr = 243339 has multiple (3) positions, using the first one!
utility_to_osm - WARNING - ssr:stedsnr = 243358 has multiple (3) positions, using the first one!
utility_to_osm - WARNING - ssr:stedsnr = 243371 has multiple (2) positions, using the first one!
utility_to_osm - WARNING - ssr:stedsnr = 243550 has multiple (2) positions, using the first one!
utility_to_osm - WARNING - ssr:stedsnr = 243561 has multiple (3) positions, using the first one!
utility_to_osm - WARNING - ssr:stedsnr = 243398 has multiple (3) positions, using the first one!
utility_to_osm - WARNING - ssr:stedsnr = 243449 has multiple (3) positions, using the first one!
utility_to_osm - WARNING - ssr:stedsnr = 243450 has multiple (2) positions, using the first one!
utility_to_osm - WARNING - ssr:stedsnr = 243430 has multiple (3) positions, using the first one!
utility_to_osm - WARNING - ssr:stedsnr = 243660 has multiple (2) positions, using the first one!
utility_to_osm - WARNING - ssr:stedsnr = 243630 has multiple (3) positions, using the first one!
utility_to_osm - WARNING - ssr:stedsnr = 243692 has multiple (4) positions, using the first one!
utility_to_osm - WARNING - ssr:stedsnr = 243697 has multiple (2) positions, using the first one!
utility_to_osm - WARNING - ssr:stedsnr = 243672 has multiple (3) positions, using the first one!
utility_to_osm - WARNING - ssr:stedsnr = 243723 has multiple (2) positions, using the first one!
utility_to_osm - WARNING - ssr:stedsnr = 243725 has multiple (5) positions, using the first one!
utility_to_osm - WARNING - ssr:stedsnr = 243731 has multiple (2) positions, using the first one!
utility_to_osm - WARNING - ssr:stedsnr = 244326 has multiple (2) positions, using the first one!
utility_to_osm - WARNING - ssr:stedsnr = 244351 has multiple (3) positions, using the first one!
utility_to_osm - WARNING - ssr:stedsnr = 92567: No priority spelling found for lang = no, using alt_name to get "[('no', 'Solbjørgtjønn')]"
utility_to_osm - WARNING - ssr:stedsnr = 96161: No priority spelling found for lang = no, using alt_name to get "[('no', 'Timliknuden')]"
utility_to_osm - WARNING - ssr:stedsnr = 98672 has multiple (2) positions, using the first one!
utility_to_osm - WARNING - ssr:stedsnr = 116017: No priority spelling found for lang = no, using alt_name to get "[('no', 'Solbjørg')]"
utility_to_osm - WARNING - ssr:stedsnr = 120117 has multiple (7) positions, using the first one!
utility_to_osm - WARNING - ssr:stedsnr = 121113 has multiple (3) positions, using the first one!
utility_to_osm - WARNING - ssr:stedsnr = 121117 has multiple (2) positions, using the first one!
utility_to_osm - WARNING - ssr:stedsnr = 121118 has multiple (3) positions, using the first one!
utility_to_osm - WARNING - ssr:stedsnr = 121366 has multiple (2) positions, using the first one!
utility_to_osm - WARNING - ssr:stedsnr = 121369 has multiple (3) positions, using the first one!
utility_to_osm - WARNING - ssr:stedsnr = 121370 has multiple (3) positions, using the first one!
utility_to_osm - WARNING - ssr:stedsnr = 121264 has multiple (4) positions, using the first one!
utility_to_osm - WARNING - ssr:stedsnr = 121272 has multiple (2) positions, using the first one!
utility_to_osm - WARNING - ssr:stedsnr = 121405 has multiple (3) positions, using the first one!
utility_to_osm - WARNING - ssr:stedsnr = 121410 has multiple (3) positions, using the first one!
utility_to_osm - WARNING - ssr:stedsnr = 121416 has multiple (3) positions, using the first one!
utility_to_osm - WARNING - ssr:stedsnr = 121420 has multiple (3) positions, using the first one!
utility_to_osm - WARNING - ssr:stedsnr = 121704 has multiple (2) positions, using the first one!
utility_to_osm - WARNING - ssr:stedsnr = 121716 has multiple (2) positions, using the first one!
utility_to_osm - WARNING - ssr:stedsnr = 121465 has multiple (2) positions, using the first one!
utility_to_osm - WARNING - ssr:stedsnr = 121604 has multiple (3) positions, using the first one!
utility_to_osm - WARNING - ssr:stedsnr = 121671 has multiple (3) positions, using the first one!
utility_to_osm - WARNING - ssr:stedsnr = 121679 has multiple (2) positions, using the first one!
utility_to_osm - WARNING - ssr:stedsnr = 152112 has multiple (2) positions, using the first one!
utility_to_osm - WARNING - ssr:stedsnr = 152660 has multiple (2) positions, using the first one!
utility_to_osm - WARNING - ssr:stedsnr = 153461: No priority spelling found for lang = no, using alt_name to get "[('no', 'Teistedalsheia')]"
utility_to_osm - WARNING - ssr:stedsnr = 153915 has multiple (2) positions, using the first one!
utility_to_osm - WARNING - ssr:stedsnr = 156115: No priority spelling found for lang = no, using alt_name to get "[('no', 'Midtre Røynestad')]"
utility_to_osm - WARNING - ssr:stedsnr = 156255 has multiple (2) positions, using the first one!
utility_to_osm - ERROR - ssr:stedsnr = 165309. No positions found, skipping
utility_to_osm - WARNING - ssr:stedsnr = 168413: No priority spelling found for lang = no, using alt_name to get "[('no', 'Røynestadbrua')]"
utility_to_osm - WARNING - ssr:stedsnr = 168413 has multiple (2) positions, using the first one!
utility_to_osm - WARNING - ssr:stedsnr = 182308 has multiple (3) positions, using the first one!
utility_to_osm - WARNING - ssr:stedsnr = 182315 has multiple (3) positions, using the first one!
utility_to_osm - WARNING - ssr:stedsnr = 182402 has multiple (3) positions, using the first one!
utility_to_osm - WARNING - ssr:stedsnr = 182444 has multiple (2) positions, using the first one!
utility_to_osm - WARNING - ssr:stedsnr = 182454 has multiple (3) positions, using the first one!
utility_to_osm - WARNING - ssr:stedsnr = 182457 has multiple (3) positions, using the first one!
utility_to_osm - WARNING - ssr:stedsnr = 182459 has multiple (3) positions, using the first one!
utility_to_osm - WARNING - ssr:stedsnr = 182463 has multiple (3) positions, using the first one!
utility_to_osm - WARNING - ssr:stedsnr = 182401 has multiple (3) positions, using the first one!
utility_to_osm - WARNING - ssr:stedsnr = 182538 has multiple (2) positions, using the first one!
utility_to_osm - WARNING - ssr:stedsnr = 182544 has multiple (2) positions, using the first one!
utility_to_osm - WARNING - ssr:stedsnr = 182549 has multiple (3) positions, using the first one!
utility_to_osm - WARNING - ssr:stedsnr = 182600 has multiple (2) positions, using the first one!
utility_to_osm - WARNING - ssr:stedsnr = 182601 has multiple (2) positions, using the first one!
utility_to_osm - WARNING - ssr:stedsnr = 182702 has multiple (2) positions, using the first one!
utility_to_osm - WARNING - ssr:stedsnr = 182696 has multiple (2) positions, using the first one!
utility_to_osm - WARNING - ssr:stedsnr = 183047: No priority spelling found for lang = no, using alt_name to get "[('no', 'Sandvatn')]"
utility_to_osm - WARNING - ssr:stedsnr = 183241 has multiple (3) positions, using the first one!
utility_to_osm - WARNING - ssr:stedsnr = 183500 has multiple (2) positions, using the first one!
utility_to_osm - WARNING - ssr:stedsnr = 213104 has multiple (3) positions, using the first one!
utility_to_osm - WARNING - ssr:stedsnr = 217293 has multiple (2) positions, using the first one!
utility_to_osm - WARNING - ssr:stedsnr = 217677 has multiple (2) positions, using the first one!
utility_to_osm - ERROR - ssr:stedsnr = 226708. No positions found, skipping
utility_to_osm - WARNING - ssr:stedsnr = 449541 has multiple (3) positions, using the first one!
utility_to_osm - WARNING - ssr:stedsnr = 242276 has multiple (2) positions, using the first one!
utility_to_osm - WARNING - ssr:stedsnr = 242290 has multiple (2) positions, using the first one!
utility_to_osm - WARNING - ssr:stedsnr = 242292 has multiple (3) positions, using the first one!
utility_to_osm - WARNING - ssr:stedsnr = 242503 has multiple (3) positions, using the first one!
utility_to_osm - WARNING - ssr:stedsnr = 243497 has multiple (4) positions, using the first one!
utility_to_osm - WARNING - ssr:stedsnr = 243613 has multiple (3) positions, using the first one!
utility_to_osm - WARNING - ssr:stedsnr = 243745 has multiple (2) positions, using the first one!
utility_to_osm - WARNING - ssr:stedsnr = 243746 has multiple (3) positions, using the first one!
utility_to_osm - WARNING - ssr:stedsnr = 243749: No priority spelling found for lang = no, using alt_name to get "[('no', 'Sandvatn')]"
utility_to_osm - WARNING - ssr:stedsnr = 243751 has multiple (3) positions, using the first one!
utility_to_osm - WARNING - ssr:stedsnr = 243710 has multiple (2) positions, using the first one!
utility_to_osm - WARNING - ssr:stedsnr = 243756 has multiple (2) positions, using the first one!
utility_to_osm - WARNING - ssr:stedsnr = 243685 has multiple (4) positions, using the first one!
utility_to_osm - WARNING - ssr:stedsnr = 244492 has multiple (2) positions, using the first one!
utility_to_osm - WARNING - ssr:stedsnr = 244493 has multiple (3) positions, using the first one!
utility_to_osm - WARNING - ssr:stedsnr = 244577 has multiple (6) positions, using the first one!
utility_to_osm - WARNING - ssr:stedsnr = 455445 has multiple (2) positions, using the first one!
utility_to_osm - WARNING - ssr:stedsnr = 460357 has multiple (2) positions, using the first one!
utility_to_osm - WARNING - ssr:stedsnr = 290398 has multiple (2) positions, using the first one!
utility_to_osm - WARNING - ssr:stedsnr = 297029: No priority spelling found for lang = no, using alt_name to get "[('no', 'Lille Solbjørg')]"
utility_to_osm - WARNING - ssr:stedsnr = 297030: No priority spelling found for lang = no, using alt_name to get "[('no', 'Store Solbjørg')]"
utility_to_osm - WARNING - ssr:stedsnr = 303176 has multiple (4) positions, using the first one!
utility_to_osm - WARNING - ssr:stedsnr = 303325 has multiple (3) positions, using the first one!
utility_to_osm - WARNING - ssr:stedsnr = 303327 has multiple (2) positions, using the first one!
utility_to_osm - WARNING - ssr:stedsnr = 303074 has multiple (3) positions, using the first one!
utility_to_osm - WARNING - ssr:stedsnr = 303076 has multiple (5) positions, using the first one!
utility_to_osm - WARNING - ssr:stedsnr = 303077 has multiple (5) positions, using the first one!
utility_to_osm - WARNING - ssr:stedsnr = 303408 has multiple (3) positions, using the first one!
utility_to_osm - WARNING - ssr:stedsnr = 303478 has multiple (4) positions, using the first one!
utility_to_osm - WARNING - ssr:stedsnr = 303494 has multiple (3) positions, using the first one!
utility_to_osm - WARNING - ssr:stedsnr = 303620 has multiple (3) positions, using the first one!
utility_to_osm - WARNING - ssr:stedsnr = 303549 has multiple (3) positions, using the first one!
utility_to_osm - WARNING - ssr:stedsnr = 304273 has multiple (3) positions, using the first one!
utility_to_osm - WARNING - ssr:stedsnr = 304276 has multiple (2) positions, using the first one!
utility_to_osm - WARNING - ssr:stedsnr = 304279 has multiple (3) positions, using the first one!
utility_to_osm - WARNING - ssr:stedsnr = 304282 has multiple (3) positions, using the first one!
utility_to_osm - WARNING - ssr:stedsnr = 304294 has multiple (2) positions, using the first one!
utility_to_osm - WARNING - ssr:stedsnr = 304328 has multiple (2) positions, using the first one!
utility_to_osm - WARNING - ssr:stedsnr = 304674 has multiple (5) positions, using the first one!
utility_to_osm - WARNING - ssr:stedsnr = 326179: No priority spelling found for lang = no, using alt_name to get "[('no', 'Heiane')]"
utility_to_osm - WARNING - ssr:stedsnr = 326179 has multiple (17) positions, using the first one!
utility_to_osm - WARNING - ssr:stedsnr = 339703 has multiple (2) positions, using the first one!
utility_to_osm - WARNING - ssr:stedsnr = 339900 has multiple (2) positions, using the first one!
utility_to_osm - WARNING - ssr:stedsnr = 364153 has multiple (2) positions, using the first one!
utility_to_osm - WARNING - ssr:stedsnr = 364118 has multiple (3) positions, using the first one!
utility_to_osm - WARNING - ssr:stedsnr = 364299 has multiple (3) positions, using the first one!
utility_to_osm - WARNING - ssr:stedsnr = 364406 has multiple (4) positions, using the first one!
utility_to_osm - WARNING - ssr:stedsnr = 364305: No priority spelling found for lang = no, using alt_name to get "[('no', 'Teistedal')]"
utility_to_osm - WARNING - ssr:stedsnr = 364305 has multiple (2) positions, using the first one!
utility_to_osm - WARNING - ssr:stedsnr = 364510 has multiple (4) positions, using the first one!
utility_to_osm - WARNING - ssr:stedsnr = 364492 has multiple (3) positions, using the first one!
utility_to_osm - WARNING - ssr:stedsnr = 364501 has multiple (3) positions, using the first one!
utility_to_osm - WARNING - ssr:stedsnr = 364648 has multiple (3) positions, using the first one!
utility_to_osm - WARNING - ssr:stedsnr = 364668 has multiple (2) positions, using the first one!
utility_to_osm - WARNING - ssr:stedsnr = 364698 has multiple (4) positions, using the first one!
utility_to_osm - WARNING - ssr:stedsnr = 364599 has multiple (2) positions, using the first one!
utility_to_osm - WARNING - ssr:stedsnr = 364711 has multiple (6) positions, using the first one!
utility_to_osm - WARNING - ssr:stedsnr = 364712 has multiple (2) positions, using the first one!
utility_to_osm - WARNING - ssr:stedsnr = 364714 has multiple (2) positions, using the first one!
utility_to_osm - WARNING - ssr:stedsnr = 365296 has multiple (3) positions, using the first one!
utility_to_osm - WARNING - ssr:stedsnr = 365340 has multiple (4) positions, using the first one!
utility_to_osm - WARNING - ssr:stedsnr = 546150: No priority spelling found for lang = no, using alt_name to get "[('no', 'Oppoftsvann')]"
utility_to_osm - WARNING - ssr:stedsnr = 546150 has multiple (7) positions, using the first one!
utility_to_osm - WARNING - ssr:stedsnr = 546152 has multiple (3) positions, using the first one!
utility_to_osm - WARNING - ssr:stedsnr = 399514 has multiple (3) positions, using the first one!
utility_to_osm - WARNING - ssr:stedsnr = 399497 has multiple (2) positions, using the first one!
utility_to_osm - WARNING - ssr:stedsnr = 399588 has multiple (2) positions, using the first one!
utility_to_osm - WARNING - ssr:stedsnr = 399688 has multiple (2) positions, using the first one!
utility_to_osm - WARNING - ssr:stedsnr = 485264 has multiple (3) positions, using the first one!
utility_to_osm - WARNING - ssr:stedsnr = 485267 has multiple (2) positions, using the first one!
utility_to_osm - WARNING - ssr:stedsnr = 485337 has multiple (3) positions, using the first one!
utility_to_osm - WARNING - ssr:stedsnr = 485345 has multiple (3) positions, using the first one!
utility_to_osm - WARNING - ssr:stedsnr = 485399 has multiple (3) positions, using the first one!
utility_to_osm - WARNING - ssr:stedsnr = 485460 has multiple (4) positions, using the first one!
utility_to_osm - WARNING - ssr:stedsnr = 485539 has multiple (2) positions, using the first one!
utility_to_osm - WARNING - ssr:stedsnr = 485550 has multiple (3) positions, using the first one!
utility_to_osm - WARNING - ssr:stedsnr = 485676 has multiple (2) positions, using the first one!
utility_to_osm - WARNING - ssr:stedsnr = 485677 has multiple (2) positions, using the first one!
utility_to_osm - WARNING - ssr:stedsnr = 485644 has multiple (2) positions, using the first one!
utility_to_osm - WARNING - ssr:stedsnr = 485680 has multiple (2) positions, using the first one!
utility_to_osm - WARNING - ssr:stedsnr = 485688 has multiple (2) positions, using the first one!
utility_to_osm - WARNING - ssr:stedsnr = 486360 has multiple (3) positions, using the first one!
utility_to_osm - WARNING - ssr:stedsnr = 486361 has multiple (4) positions, using the first one!
utility_to_osm - WARNING - ssr:stedsnr = 486362 has multiple (3) positions, using the first one!
utility_to_osm - WARNING - ssr:stedsnr = 486373 has multiple (2) positions, using the first one!
utility_to_osm - WARNING - ssr:stedsnr = 486328 has multiple (3) positions, using the first one!
utility_to_osm - WARNING - ssr:stedsnr = 486344 has multiple (4) positions, using the first one!
utility_to_osm - WARNING - ssr:stedsnr = 486383 has multiple (4) positions, using the first one!
utility_to_osm - WARNING - ssr:stedsnr = 418203: No priority spelling found for lang = no, using alt_name to get "[('no', 'Nedre Omland'), ('no', 'Slettevollen')]"
utility_to_osm - ERROR - ssr:stedsnr = 418203: Adding multiple names to name tag, this is not OK! name = "Nedre Omland;Slettevollen"
utility_to_osm - WARNING - ssr:stedsnr = 425054 has multiple (2) positions, using the first one!
utility_to_osm - WARNING - ssr:stedsnr = 425057 has multiple (6) positions, using the first one!
utility_to_osm - WARNING - ssr:stedsnr = 425067: No priority spelling found for lang = no, using alt_name to get "[('no', 'Øvre Åmlandsvannet')]"
utility_to_osm - WARNING - ssr:stedsnr = 425067 has multiple (4) positions, using the first one!
utility_to_osm - WARNING - ssr:stedsnr = 425098 has multiple (4) positions, using the first one!
utility_to_osm - WARNING - ssr:stedsnr = 425117 has multiple (3) positions, using the first one!
utility_to_osm - WARNING - ssr:stedsnr = 425118 has multiple (14) positions, using the first one!
utility_to_osm - WARNING - ssr:stedsnr = 425149 has multiple (2) positions, using the first one!
utility_to_osm - WARNING - ssr:stedsnr = 425251: No priority spelling found for lang = no, using alt_name to get "[('no', 'Rebbåsen')]"
utility_to_osm - WARNING - ssr:stedsnr = 425251 has multiple (4) positions, using the first one!
utility_to_osm - WARNING - ssr:stedsnr = 425264 has multiple (3) positions, using the first one!
utility_to_osm - WARNING - ssr:stedsnr = 425404 has multiple (4) positions, using the first one!
utility_to_osm - WARNING - ssr:stedsnr = 425408 has multiple (3) positions, using the first one!
utility_to_osm - WARNING - ssr:stedsnr = 425412 has multiple (5) positions, using the first one!
utility_to_osm - WARNING - ssr:stedsnr = 425417 has multiple (3) positions, using the first one!
utility_to_osm - WARNING - ssr:stedsnr = 425450 has multiple (3) positions, using the first one!
utility_to_osm - WARNING - ssr:stedsnr = 425465 has multiple (4) positions, using the first one!
utility_to_osm - WARNING - ssr:stedsnr = 425350 has multiple (3) positions, using the first one!
utility_to_osm - WARNING - ssr:stedsnr = 425395 has multiple (3) positions, using the first one!
utility_to_osm - WARNING - ssr:stedsnr = 425508 has multiple (4) positions, using the first one!
utility_to_osm - WARNING - ssr:stedsnr = 425519 has multiple (3) positions, using the first one!
utility_to_osm - WARNING - ssr:stedsnr = 425530 has multiple (2) positions, using the first one!
utility_to_osm - WARNING - ssr:stedsnr = 425650 has multiple (2) positions, using the first one!
utility_to_osm - WARNING - ssr:stedsnr = 425654 has multiple (2) positions, using the first one!
utility_to_osm - WARNING - ssr:stedsnr = 425662 has multiple (2) positions, using the first one!
utility_to_osm - WARNING - ssr:stedsnr = 425694 has multiple (4) positions, using the first one!
utility_to_osm - WARNING - ssr:stedsnr = 425696 has multiple (2) positions, using the first one!
utility_to_osm - WARNING - ssr:stedsnr = 425746: No priority spelling found for lang = no, using alt_name to get "[('no', 'Sandvann')]"
utility_to_osm - WARNING - ssr:stedsnr = 425748 has multiple (3) positions, using the first one!
utility_to_osm - WARNING - ssr:stedsnr = 426252 has multiple (3) positions, using the first one!
utility_to_osm - WARNING - ssr:stedsnr = 426338 has multiple (2) positions, using the first one!
utility_to_osm - WARNING - ssr:stedsnr = 455527 has multiple (2) positions, using the first one!
utility_to_osm - WARNING - ssr:stedsnr = 456304 has multiple (2) positions, using the first one!
utility_to_osm - WARNING - ssr:stedsnr = 485117 has multiple (3) positions, using the first one!
utility_to_osm - WARNING - ssr:stedsnr = 485064 has multiple (6) positions, using the first one!
utility_to_osm - WARNING - ssr:stedsnr = 485069 has multiple (3) positions, using the first one!
utility_to_osm - WARNING - ssr:stedsnr = 485074 has multiple (4) positions, using the first one!
utility_to_osm - WARNING - ssr:stedsnr = 485302 has multiple (2) positions, using the first one!
utility_to_osm - WARNING - ssr:stedsnr = 485361: No priority spelling found for lang = no, using alt_name to get "[('no', 'Stegemoen')]"
utility_to_osm - WARNING - ssr:stedsnr = 485361 has multiple (3) positions, using the first one!
utility_to_osm - WARNING - ssr:stedsnr = 485363: No priority spelling found for lang = no, using alt_name to get "[('no', 'Ytre Røynestad')]"
utility_to_osm - WARNING - ssr:stedsnr = 485363 has multiple (3) positions, using the first one!
utility_to_osm - WARNING - ssr:stedsnr = 485364 has multiple (3) positions, using the first one!
utility_to_osm - WARNING - ssr:stedsnr = 485365 has multiple (4) positions, using the first one!
utility_to_osm - WARNING - ssr:stedsnr = 485504 has multiple (2) positions, using the first one!
utility_to_osm - WARNING - ssr:stedsnr = 485526 has multiple (2) positions, using the first one!
utility_to_osm - WARNING - ssr:stedsnr = 485295 has multiple (3) positions, using the first one!
utility_to_osm - WARNING - ssr:stedsnr = 485432 has multiple (3) positions, using the first one!
utility_to_osm - WARNING - ssr:stedsnr = 485467 has multiple (3) positions, using the first one!
utility_to_osm - WARNING - ssr:stedsnr = 485489 has multiple (4) positions, using the first one!
utility_to_osm - WARNING - ssr:stedsnr = 485590 has multiple (2) positions, using the first one!
utility_to_osm - WARNING - ssr:stedsnr = 485597 has multiple (2) positions, using the first one!
utility_to_osm - WARNING - ssr:stedsnr = 485661 has multiple (2) positions, using the first one!
utility_to_osm - WARNING - ssr:stedsnr = 486211 has multiple (4) positions, using the first one!
utility_to_osm - WARNING - ssr:stedsnr = 486212 has multiple (2) positions, using the first one!
utility_to_osm - WARNING - ssr:stedsnr = 486259 has multiple (3) positions, using the first one!
utility_to_osm - WARNING - ssr:stedsnr = 486304 has multiple (2) positions, using the first one!
utility_to_osm - WARNING - ssr:stedsnr = 516208 has multiple (3) positions, using the first one!
utility_to_osm - WARNING - ssr:stedsnr = 516528 has multiple (2) positions, using the first one!
utility_to_osm - WARNING - ssr:stedsnr = 517965 has multiple (2) positions, using the first one!
utility_to_osm - WARNING - ssr:stedsnr = 521578 has multiple (2) positions, using the first one!
utility_to_osm - WARNING - ssr:stedsnr = 540015: No priority spelling found for lang = no, using alt_name to get "[('no', 'Solbjørg')]"
utility_to_osm - WARNING - ssr:stedsnr = 546108 has multiple (3) positions, using the first one!
utility_to_osm - WARNING - ssr:stedsnr = 546311 has multiple (3) positions, using the first one!
utility_to_osm - WARNING - ssr:stedsnr = 546402 has multiple (5) positions, using the first one!
utility_to_osm - WARNING - ssr:stedsnr = 546412 has multiple (3) positions, using the first one!
utility_to_osm - WARNING - ssr:stedsnr = 546478 has multiple (2) positions, using the first one!
utility_to_osm - WARNING - ssr:stedsnr = 546484 has multiple (2) positions, using the first one!
utility_to_osm - WARNING - ssr:stedsnr = 546485 has multiple (4) positions, using the first one!
utility_to_osm - WARNING - ssr:stedsnr = 546605 has multiple (21) positions, using the first one!
utility_to_osm - WARNING - ssr:stedsnr = 546607 has multiple (2) positions, using the first one!
utility_to_osm - WARNING - ssr:stedsnr = 546612 has multiple (2) positions, using the first one!
utility_to_osm - WARNING - ssr:stedsnr = 546381 has multiple (5) positions, using the first one!
utility_to_osm - WARNING - ssr:stedsnr = 546387 has multiple (2) positions, using the first one!
utility_to_osm - WARNING - ssr:stedsnr = 546508 has multiple (4) positions, using the first one!
utility_to_osm - WARNING - ssr:stedsnr = 546509 has multiple (3) positions, using the first one!
utility_to_osm - WARNING - ssr:stedsnr = 546517 has multiple (8) positions, using the first one!
utility_to_osm - WARNING - ssr:stedsnr = 546598 has multiple (2) positions, using the first one!
utility_to_osm - WARNING - ssr:stedsnr = 546673 has multiple (2) positions, using the first one!
utility_to_osm - WARNING - ssr:stedsnr = 546678 has multiple (3) positions, using the first one!
utility_to_osm - WARNING - ssr:stedsnr = 547026 has multiple (3) positions, using the first one!
utility_to_osm - WARNING - ssr:stedsnr = 547188 has multiple (2) positions, using the first one!
utility_to_osm - WARNING - ssr:stedsnr = 547317 has multiple (3) positions, using the first one!
utility_to_osm - WARNING - ssr:stedsnr = 547405 has multiple (2) positions, using the first one!
utility_to_osm - WARNING - ssr:stedsnr = 576145 has multiple (2) positions, using the first one!
utility_to_osm - WARNING - ssr:stedsnr = 576604 has multiple (2) positions, using the first one!
utility_to_osm - WARNING - ssr:stedsnr = 581047: No priority spelling found for lang = no, using alt_name to get "[('no', 'Herestølstjønn')]"
utility_to_osm - WARNING - ssr:stedsnr = 698178: No priority spelling found for lang = no, using alt_name to get "[('no', 'Øvre Røynestad'), ('no', 'Stormonen')]"
utility_to_osm - ERROR - ssr:stedsnr = 698178: Adding multiple names to name tag, this is not OK! name = "Øvre Røynestad;Stormonen"
utility_to_osm - WARNING - ssr:stedsnr = 698638 has multiple (3) positions, using the first one!
utility_to_osm - WARNING - ssr:stedsnr = 606102 has multiple (3) positions, using the first one!
utility_to_osm - WARNING - ssr:stedsnr = 606079 has multiple (4) positions, using the first one!
utility_to_osm - ERROR - ssr:stedsnr = 606099: Adding multiple names to name tag, this is not OK! name = "Storåne;Kvina"
utility_to_osm - ERROR - ssr:stedsnr = 606099. No positions found, skipping
utility_to_osm - WARNING - ssr:stedsnr = 606249 has multiple (2) positions, using the first one!
utility_to_osm - WARNING - ssr:stedsnr = 606305 has multiple (3) positions, using the first one!
utility_to_osm - WARNING - ssr:stedsnr = 606318 has multiple (2) positions, using the first one!
utility_to_osm - WARNING - ssr:stedsnr = 606365 has multiple (2) positions, using the first one!
utility_to_osm - WARNING - ssr:stedsnr = 606420 has multiple (3) positions, using the first one!
utility_to_osm - WARNING - ssr:stedsnr = 606421 has multiple (2) positions, using the first one!
utility_to_osm - WARNING - ssr:stedsnr = 606474 has multiple (3) positions, using the first one!
utility_to_osm - WARNING - ssr:stedsnr = 606614 has multiple (2) positions, using the first one!
utility_to_osm - WARNING - ssr:stedsnr = 606711 has multiple (2) positions, using the first one!
utility_to_osm - WARNING - ssr:stedsnr = 606715 has multiple (2) positions, using the first one!
utility_to_osm - WARNING - ssr:stedsnr = 606720 has multiple (2) positions, using the first one!
utility_to_osm - WARNING - ssr:stedsnr = 606733 has multiple (2) positions, using the first one!
utility_to_osm - WARNING - ssr:stedsnr = 606696 has multiple (2) positions, using the first one!
utility_to_osm - WARNING - ssr:stedsnr = 607257 has multiple (3) positions, using the first one!
utility_to_osm - WARNING - ssr:stedsnr = 607308 has multiple (4) positions, using the first one!
utility_to_osm - WARNING - ssr:stedsnr = 607314 has multiple (3) positions, using the first one!
utility_to_osm - WARNING - ssr:stedsnr = 607345 has multiple (4) positions, using the first one!
utility_to_osm - WARNING - ssr:stedsnr = 607360 has multiple (4) positions, using the first one!
utility_to_osm - WARNING - ssr:stedsnr = 607363 has multiple (3) positions, using the first one!
utility_to_osm - WARNING - ssr:stedsnr = 702501 has multiple (2) positions, using the first one!
utility_to_osm - WARNING - ssr:stedsnr = 703190: No priority spelling found for lang = no, using alt_name to get "[('no', 'Toddemonen')]"
utility_to_osm - WARNING - ssr:stedsnr = 703195 has multiple (2) positions, using the first one!
utility_to_osm - WARNING - ssr:stedsnr = 703455 has multiple (2) positions, using the first one!
utility_to_osm - WARNING - ssr:stedsnr = 637914: No priority spelling found for lang = no, using alt_name to get "[('no', 'Sandvassheia')]"
utility_to_osm - WARNING - ssr:stedsnr = 642478 has multiple (2) positions, using the first one!
utility_to_osm - ERROR - ssr:stedsnr = 650410. No positions found, skipping
utility_to_osm - WARNING - ssr:stedsnr = 665283: No priority spelling found for lang = no, using alt_name to get "[('no', 'Solbjørg')]"
utility_to_osm - WARNING - ssr:stedsnr = 667105 has multiple (3) positions, using the first one!
utility_to_osm - WARNING - ssr:stedsnr = 667128: No priority spelling found for lang = no, using alt_name to get "[('no', 'Borhommen')]"
utility_to_osm - WARNING - ssr:stedsnr = 667128 has multiple (2) positions, using the first one!
utility_to_osm - WARNING - ssr:stedsnr = 667131 has multiple (5) positions, using the first one!
utility_to_osm - WARNING - ssr:stedsnr = 667140 has multiple (2) positions, using the first one!
utility_to_osm - WARNING - ssr:stedsnr = 667413 has multiple (4) positions, using the first one!
utility_to_osm - WARNING - ssr:stedsnr = 667429 has multiple (4) positions, using the first one!
utility_to_osm - WARNING - ssr:stedsnr = 667438 has multiple (3) positions, using the first one!
utility_to_osm - WARNING - ssr:stedsnr = 667303 has multiple (4) positions, using the first one!
utility_to_osm - WARNING - ssr:stedsnr = 667306 has multiple (3) positions, using the first one!
utility_to_osm - WARNING - ssr:stedsnr = 667339 has multiple (3) positions, using the first one!
utility_to_osm - WARNING - ssr:stedsnr = 667508 has multiple (3) positions, using the first one!
utility_to_osm - WARNING - ssr:stedsnr = 667520: No priority spelling found for lang = no, using alt_name to get "[('no', 'Austre Sandvatn')]"
utility_to_osm - WARNING - ssr:stedsnr = 667520 has multiple (2) positions, using the first one!
utility_to_osm - WARNING - ssr:stedsnr = 667489 has multiple (3) positions, using the first one!
utility_to_osm - WARNING - ssr:stedsnr = 667491 has multiple (3) positions, using the first one!
utility_to_osm - WARNING - ssr:stedsnr = 667690 has multiple (2) positions, using the first one!
utility_to_osm - WARNING - ssr:stedsnr = 667692 has multiple (2) positions, using the first one!
utility_to_osm - WARNING - ssr:stedsnr = 667587 has multiple (2) positions, using the first one!
utility_to_osm - WARNING - ssr:stedsnr = 668319 has multiple (3) positions, using the first one!
utility_to_osm - WARNING - ssr:stedsnr = 668290 has multiple (2) positions, using the first one!
utility_to_osm - WARNING - ssr:stedsnr = 668485 has multiple (3) positions, using the first one!
utility_to_osm - WARNING - ssr:stedsnr = 668395 has multiple (2) positions, using the first one!
utility_to_osm - WARNING - ssr:stedsnr = 668515 has multiple (2) positions, using the first one!
utility_to_osm - WARNING - ssr:stedsnr = 668517 has multiple (2) positions, using the first one!
utility_to_osm - WARNING - ssr:stedsnr = 668695 has multiple (2) positions, using the first one!
utility_to_osm - WARNING - ssr:stedsnr = 689817 has multiple (2) positions, using the first one!
utility_to_osm - WARNING - ssr:stedsnr = 728104 has multiple (3) positions, using the first one!
utility_to_osm - WARNING - ssr:stedsnr = 728112 has multiple (2) positions, using the first one!
utility_to_osm - WARNING - ssr:stedsnr = 728074 has multiple (3) positions, using the first one!
utility_to_osm - WARNING - ssr:stedsnr = 728075 has multiple (3) positions, using the first one!
utility_to_osm - WARNING - ssr:stedsnr = 728078 has multiple (3) positions, using the first one!
utility_to_osm - WARNING - ssr:stedsnr = 728222 has multiple (3) positions, using the first one!
utility_to_osm - WARNING - ssr:stedsnr = 728294 has multiple (3) positions, using the first one!
utility_to_osm - WARNING - ssr:stedsnr = 728415 has multiple (3) positions, using the first one!
utility_to_osm - WARNING - ssr:stedsnr = 728420 has multiple (3) positions, using the first one!
utility_to_osm - WARNING - ssr:stedsnr = 728388 has multiple (3) positions, using the first one!
utility_to_osm - WARNING - ssr:stedsnr = 728520: No priority spelling found for lang = no, using alt_name to get "[('no', 'Hidreskog')]"
utility_to_osm - WARNING - ssr:stedsnr = 728520 has multiple (4) positions, using the first one!
utility_to_osm - WARNING - ssr:stedsnr = 728619 has multiple (3) positions, using the first one!
utility_to_osm - WARNING - ssr:stedsnr = 728624: No priority spelling found for lang = no, using alt_name to get "[('no', 'Solbjørgvannet')]"
utility_to_osm - WARNING - ssr:stedsnr = 728624 has multiple (3) positions, using the first one!
utility_to_osm - WARNING - ssr:stedsnr = 728679 has multiple (3) positions, using the first one!
utility_to_osm - WARNING - ssr:stedsnr = 728681: No priority spelling found for lang = no, using alt_name to get "[('no', 'Nedre Harbakken')]"
utility_to_osm - WARNING - ssr:stedsnr = 728688 has multiple (2) positions, using the first one!
utility_to_osm - WARNING - ssr:stedsnr = 728712 has multiple (2) positions, using the first one!
utility_to_osm - WARNING - ssr:stedsnr = 729007 has multiple (3) positions, using the first one!
utility_to_osm - WARNING - ssr:stedsnr = 729311 has multiple (3) positions, using the first one!
utility_to_osm - WARNING - ssr:stedsnr = 729222 has multiple (2) positions, using the first one!
utility_to_osm - WARNING - ssr:stedsnr = 729290 has multiple (2) positions, using the first one!
utility_to_osm - WARNING - ssr:stedsnr = 729292 has multiple (3) positions, using the first one!
utility_to_osm - WARNING - ssr:stedsnr = 729507 has multiple (4) positions, using the first one!
utility_to_osm - WARNING - ssr:stedsnr = 729532 has multiple (2) positions, using the first one!
utility_to_osm - WARNING - ssr:stedsnr = 762451: No priority spelling found for lang = no, using alt_name to get "[('no', 'Litle Sandvatn')]"
utility_to_osm - WARNING - ssr:stedsnr = 763441 has multiple (2) positions, using the first one!
utility_to_osm - WARNING - ssr:stedsnr = 764802: No priority spelling found for lang = no, using alt_name to get "[('no', 'Selandsmonen')]"
utility_to_osm - ERROR - ssr:stedsnr = 772314. No positions found, skipping
utility_to_osm - WARNING - ssr:stedsnr = 910092 has multiple (2) positions, using the first one!
utility_to_osm - WARNING - ssr:stedsnr = 910093 has multiple (3) positions, using the first one!
utility_to_osm - WARNING - ssr:stedsnr = 910105 has multiple (4) positions, using the first one!
utility_to_osm - WARNING - ssr:stedsnr = 910118 has multiple (4) positions, using the first one!
utility_to_osm - WARNING - ssr:stedsnr = 910360: No priority spelling found for lang = no, using alt_name to get "[('no', 'Austerdalen')]"
utility_to_osm - WARNING - ssr:stedsnr = 910379 has multiple (3) positions, using the first one!
utility_to_osm - WARNING - ssr:stedsnr = 910380 has multiple (3) positions, using the first one!
utility_to_osm - WARNING - ssr:stedsnr = 910387 has multiple (3) positions, using the first one!
utility_to_osm - WARNING - ssr:stedsnr = 910429 has multiple (2) positions, using the first one!
utility_to_osm - WARNING - ssr:stedsnr = 910332 has multiple (4) positions, using the first one!
utility_to_osm - WARNING - ssr:stedsnr = 910337 has multiple (3) positions, using the first one!
utility_to_osm - WARNING - ssr:stedsnr = 910461 has multiple (4) positions, using the first one!
utility_to_osm - WARNING - ssr:stedsnr = 910469 has multiple (3) positions, using the first one!
utility_to_osm - WARNING - ssr:stedsnr = 910472 has multiple (4) positions, using the first one!
utility_to_osm - WARNING - ssr:stedsnr = 910626 has multiple (2) positions, using the first one!
utility_to_osm - WARNING - ssr:stedsnr = 910686 has multiple (3) positions, using the first one!
utility_to_osm - WARNING - ssr:stedsnr = 910687 has multiple (2) positions, using the first one!
utility_to_osm - WARNING - ssr:stedsnr = 789124 has multiple (5) positions, using the first one!
utility_to_osm - WARNING - ssr:stedsnr = 789129 has multiple (7) positions, using the first one!
utility_to_osm - WARNING - ssr:stedsnr = 789153 has multiple (3) positions, using the first one!
utility_to_osm - WARNING - ssr:stedsnr = 789006 has multiple (5) positions, using the first one!
utility_to_osm - WARNING - ssr:stedsnr = 789054 has multiple (3) positions, using the first one!
utility_to_osm - WARNING - ssr:stedsnr = 789074 has multiple (3) positions, using the first one!
utility_to_osm - WARNING - ssr:stedsnr = 789308 has multiple (3) positions, using the first one!
utility_to_osm - WARNING - ssr:stedsnr = 789315 has multiple (5) positions, using the first one!
utility_to_osm - WARNING - ssr:stedsnr = 789356 has multiple (3) positions, using the first one!
utility_to_osm - WARNING - ssr:stedsnr = 789362 has multiple (3) positions, using the first one!
utility_to_osm - WARNING - ssr:stedsnr = 789375 has multiple (2) positions, using the first one!
utility_to_osm - WARNING - ssr:stedsnr = 789503 has multiple (2) positions, using the first one!
utility_to_osm - WARNING - ssr:stedsnr = 789505 has multiple (4) positions, using the first one!
utility_to_osm - WARNING - ssr:stedsnr = 789256 has multiple (5) positions, using the first one!
utility_to_osm - WARNING - ssr:stedsnr = 789270 has multiple (2) positions, using the first one!
utility_to_osm - WARNING - ssr:stedsnr = 789406 has multiple (2) positions, using the first one!
utility_to_osm - WARNING - ssr:stedsnr = 789647: No priority spelling found for lang = no, using alt_name to get "[('no', 'Solbjørg')]"
utility_to_osm - WARNING - ssr:stedsnr = 789647 has multiple (2) positions, using the first one!
utility_to_osm - WARNING - ssr:stedsnr = 789550 has multiple (2) positions, using the first one!
utility_to_osm - ERROR - ssr:stedsnr = 789708. No positions found, skipping
utility_to_osm - WARNING - ssr:stedsnr = 789723 has multiple (2) positions, using the first one!
utility_to_osm - WARNING - ssr:stedsnr = 790219 has multiple (3) positions, using the first one!
utility_to_osm - WARNING - ssr:stedsnr = 790249 has multiple (3) positions, using the first one!
utility_to_osm - WARNING - ssr:stedsnr = 790571 has multiple (4) positions, using the first one!
utility_to_osm - WARNING - ssr:stedsnr = 820672 has multiple (2) positions, using the first one!
utility_to_osm - WARNING - ssr:stedsnr = 821270 has multiple (2) positions, using the first one!
utility_to_osm - WARNING - ssr:stedsnr = 825724 has multiple (2) positions, using the first one!
utility_to_osm - WARNING - ssr:stedsnr = 849489 has multiple (3) positions, using the first one!
utility_to_osm - WARNING - ssr:stedsnr = 850086 has multiple (2) positions, using the first one!
utility_to_osm - WARNING - ssr:stedsnr = 850180 has multiple (2) positions, using the first one!
utility_to_osm - WARNING - ssr:stedsnr = 850308 has multiple (4) positions, using the first one!
utility_to_osm - WARNING - ssr:stedsnr = 850319 has multiple (3) positions, using the first one!
utility_to_osm - WARNING - ssr:stedsnr = 850335 has multiple (3) positions, using the first one!
utility_to_osm - WARNING - ssr:stedsnr = 850380 has multiple (2) positions, using the first one!
utility_to_osm - WARNING - ssr:stedsnr = 850382 has multiple (2) positions, using the first one!
utility_to_osm - WARNING - ssr:stedsnr = 850384 has multiple (2) positions, using the first one!
utility_to_osm - WARNING - ssr:stedsnr = 850394 has multiple (4) positions, using the first one!
utility_to_osm - WARNING - ssr:stedsnr = 850282 has multiple (4) positions, using the first one!
utility_to_osm - WARNING - ssr:stedsnr = 850294 has multiple (4) positions, using the first one!
utility_to_osm - WARNING - ssr:stedsnr = 850406 has multiple (4) positions, using the first one!
utility_to_osm - WARNING - ssr:stedsnr = 850602 has multiple (3) positions, using the first one!
utility_to_osm - WARNING - ssr:stedsnr = 850712 has multiple (2) positions, using the first one!
utility_to_osm - WARNING - ssr:stedsnr = 850715 has multiple (3) positions, using the first one!
utility_to_osm - WARNING - ssr:stedsnr = 850726 has multiple (2) positions, using the first one!
utility_to_osm - WARNING - ssr:stedsnr = 850626 has multiple (4) positions, using the first one!
utility_to_osm - WARNING - ssr:stedsnr = 850627 has multiple (2) positions, using the first one!
utility_to_osm - WARNING - ssr:stedsnr = 850675 has multiple (2) positions, using the first one!
utility_to_osm - WARNING - ssr:stedsnr = 850692 has multiple (2) positions, using the first one!
utility_to_osm - WARNING - ssr:stedsnr = 850699 has multiple (2) positions, using the first one!
utility_to_osm - WARNING - ssr:stedsnr = 850701: No priority spelling found for lang = no, using alt_name to get "[('no', 'Sandvatn')]"
utility_to_osm - WARNING - ssr:stedsnr = 850701 has multiple (3) positions, using the first one!
utility_to_osm - WARNING - ssr:stedsnr = 851440 has multiple (3) positions, using the first one!
utility_to_osm - WARNING - ssr:stedsnr = 934125 has multiple (2) positions, using the first one!
utility_to_osm - WARNING - ssr:stedsnr = 884159: No priority spelling found for lang = no, using alt_name to get "[('no', 'Basskårkverna')]"
utility_to_osm - WARNING - ssr:stedsnr = 910305 has multiple (2) positions, using the first one!
utility_to_osm - WARNING - ssr:stedsnr = 910424 has multiple (3) positions, using the first one!
utility_to_osm - WARNING - ssr:stedsnr = 910503 has multiple (2) positions, using the first one!
utility_to_osm - WARNING - ssr:stedsnr = 910517 has multiple (3) positions, using the first one!
utility_to_osm - WARNING - ssr:stedsnr = 910548 has multiple (3) positions, using the first one!
utility_to_osm - WARNING - ssr:stedsnr = 910531 has multiple (2) positions, using the first one!
utility_to_osm - WARNING - ssr:stedsnr = 910502 has multiple (3) positions, using the first one!
utility_to_osm - WARNING - ssr:stedsnr = 910653 has multiple (2) positions, using the first one!
utility_to_osm - WARNING - ssr:stedsnr = 910660 has multiple (4) positions, using the first one!
utility_to_osm - WARNING - ssr:stedsnr = 911311 has multiple (5) positions, using the first one!
utility_to_osm - WARNING - ssr:stedsnr = 911332 has multiple (3) positions, using the first one!
utility_to_osm - WARNING - ssr:stedsnr = 911334 has multiple (3) positions, using the first one!
utility_to_osm - WARNING - ssr:stedsnr = 911342 has multiple (3) positions, using the first one!
utility_to_osm - WARNING - ssr:stedsnr = 911345 has multiple (6) positions, using the first one!
utility_to_osm - WARNING - ssr:stedsnr = 911352 has multiple (3) positions, using the first one!
utility_to_osm - WARNING - ssr:stedsnr = 911366 has multiple (3) positions, using the first one!
utility_to_osm - WARNING - ssr:stedsnr = 911269 has multiple (6) positions, using the first one!
utility_to_osm - WARNING - ssr:stedsnr = 945105: No priority spelling found for lang = no, using alt_name to get "[('no', 'Midtre Røynestad')]"
utility_to_osm - WARNING - ssr:stedsnr = 946826 has multiple (2) positions, using the first one!
utility_to_osm - WARNING - ssr:stedsnr = 950128: No priority spelling found for lang = no, using alt_name to get "[('no', 'Teistedal')]"
utility_to_osm - WARNING - ssr:stedsnr = 973287: No priority spelling found for lang = no, using alt_name to get "[('no', 'Hidreskog')]"
utility_to_osm - WARNING - ssr:stedsnr = 973288: No priority spelling found for lang = no, using alt_name to get "[('no', 'Hidreskog')]"
utility_to_osm - WARNING - ssr:stedsnr = 973289: No priority spelling found for lang = no, using alt_name to get "[('no', 'Oppofte')]"
utility_to_osm - WARNING - ssr:stedsnr = 973290: No priority spelling found for lang = no, using alt_name to get "[('no', 'Oppofte')]"
utility_to_osm - WARNING - ssr:stedsnr = 973291: No priority spelling found for lang = no, using alt_name to get "[('no', 'Oppofte')]"
utility_to_osm - WARNING - ssr:stedsnr = 973334: No priority spelling found for lang = no, using alt_name to get "[('no', 'Øvre Omland')]"
utility_to_osm - WARNING - ssr:stedsnr = 973337: No priority spelling found for lang = no, using alt_name to get "[('no', 'Øvre Omland')]"
utility_to_osm - WARNING - ssr:stedsnr = 973351: No priority spelling found for lang = no, using alt_name to get "[('no', 'Nedre Omland')]"
utility_to_osm - WARNING - ssr:stedsnr = 973352: No priority spelling found for lang = no, using alt_name to get "[('no', 'Nedre Omland')]"
utility_to_osm - WARNING - ssr:stedsnr = 973353: No priority spelling found for lang = no, using alt_name to get "[('no', 'Nedre Omland')]"
utility_to_osm - WARNING - ssr:stedsnr = 973354: No priority spelling found for lang = no, using alt_name to get "[('no', 'Nedre Omland')]"
utility_to_osm - WARNING - ssr:stedsnr = 973355: No priority spelling found for lang = no, using alt_name to get "[('no', 'Nedre Omland')]"
utility_to_osm - WARNING - ssr:stedsnr = 973356: No priority spelling found for lang = no, using alt_name to get "[('no', 'Nedre Omland')]"
utility_to_osm - WARNING - ssr:stedsnr = 973358: No priority spelling found for lang = no, using alt_name to get "[('no', 'Nedre Omland')]"
utility_to_osm - WARNING - ssr:stedsnr = 973361: No priority spelling found for lang = no, using alt_name to get "[('no', 'Åmland')]"
utility_to_osm - WARNING - ssr:stedsnr = 973362: No priority spelling found for lang = no, using alt_name to get "[('no', 'Åmland')]"
utility_to_osm - WARNING - ssr:stedsnr = 973363: No priority spelling found for lang = no, using alt_name to get "[('no', 'Åmland')]"
utility_to_osm - WARNING - ssr:stedsnr = 973364: No priority spelling found for lang = no, using alt_name to get "[('no', 'Åmland')]"
utility_to_osm - WARNING - ssr:stedsnr = 973388: No priority spelling found for lang = no, using alt_name to get "[('no', 'Midtre Røynestad')]"
utility_to_osm - WARNING - ssr:stedsnr = 973390: No priority spelling found for lang = no, using alt_name to get "[('no', 'Midtre Røynestad')]"
utility_to_osm - WARNING - ssr:stedsnr = 973391: No priority spelling found for lang = no, using alt_name to get "[('no', 'Midtre Røynestad')]"
utility_to_osm - WARNING - ssr:stedsnr = 973392: No priority spelling found for lang = no, using alt_name to get "[('no', 'Midtre Røynestad')]"
utility_to_osm - WARNING - ssr:stedsnr = 973393: No priority spelling found for lang = no, using alt_name to get "[('no', 'Midtre Røynestad')]"
utility_to_osm - WARNING - ssr:stedsnr = 973394: No priority spelling found for lang = no, using alt_name to get "[('no', 'Midtre Røynestad')]"
utility_to_osm - WARNING - ssr:stedsnr = 973395: No priority spelling found for lang = no, using alt_name to get "[('no', 'Midtre Røynestad')]"
utility_to_osm - WARNING - ssr:stedsnr = 973396: No priority spelling found for lang = no, using alt_name to get "[('no', 'Midtre Røynestad')]"
utility_to_osm - WARNING - ssr:stedsnr = 973397: No priority spelling found for lang = no, using alt_name to get "[('no', 'Øvre Røynestad')]"
utility_to_osm - WARNING - ssr:stedsnr = 973398: No priority spelling found for lang = no, using alt_name to get "[('no', 'Øvre Røynestad')]"
utility_to_osm - WARNING - ssr:stedsnr = 973399: No priority spelling found for lang = no, using alt_name to get "[('no', 'Øvre Røynestad')]"
utility_to_osm - WARNING - ssr:stedsnr = 973401: No priority spelling found for lang = no, using alt_name to get "[('no', 'Øvre Røynestad')]"
utility_to_osm - WARNING - ssr:stedsnr = 973402: No priority spelling found for lang = no, using alt_name to get "[('no', 'Borhommen')]"
utility_to_osm - WARNING - ssr:stedsnr = 974226: No priority spelling found for lang = no, using alt_name to get "[('no', 'Øvre Hetleskeid')]"
utility_to_osm - WARNING - ssr:stedsnr = 974227: No priority spelling found for lang = no, using alt_name to get "[('no', 'Nedre Hetleskeid')]"
utility_to_osm - WARNING - ssr:stedsnr = 974228: No priority spelling found for lang = no, using alt_name to get "[('no', 'Øvre Hetleskeid')]"
utility_to_osm - ERROR - ssr:stedsnr = 977720. No positions found, skipping
utility_to_osm - ERROR - ssr:stedsnr = 977721. No positions found, skipping
utility_to_osm - WARNING - ssr:stedsnr = 977722: No priority spelling found for lang = no, using alt_name to get "[('no', 'Åseveien')]"
utility_to_osm - ERROR - ssr:stedsnr = 977722. No positions found, skipping
utility_to_osm - WARNING - ssr:stedsnr = 977723: No priority spelling found for lang = no, using alt_name to get "[('no', 'Dragedalen')]"
utility_to_osm - ERROR - ssr:stedsnr = 977723. No positions found, skipping
utility_to_osm - ERROR - ssr:stedsnr = 977724. No positions found, skipping
utility_to_osm - ERROR - ssr:stedsnr = 977725. No positions found, skipping
utility_to_osm - ERROR - ssr:stedsnr = 977730. No positions found, skipping
utility_to_osm - WARNING - ssr:stedsnr = 977731: No priority spelling found for lang = no, using alt_name to get "[('no', 'Rørvik')]"
utility_to_osm - ERROR - ssr:stedsnr = 977731. No positions found, skipping
utility_to_osm - ERROR - ssr:stedsnr = 977733. No positions found, skipping
utility_to_osm - ERROR - ssr:stedsnr = 977737. No positions found, skipping
utility_to_osm - ERROR - ssr:stedsnr = 977738. No positions found, skipping
utility_to_osm - ERROR - ssr:stedsnr = 977739. No positions found, skipping
utility_to_osm - ERROR - ssr:stedsnr = 977740. No positions found, skipping
utility_to_osm - ERROR - ssr:stedsnr = 977748. No positions found, skipping
utility_to_osm - WARNING - ssr:stedsnr = 977750: No priority spelling found for lang = no, using alt_name to get "[('no', 'Teistedal')]"
utility_to_osm - ERROR - ssr:stedsnr = 977750. No positions found, skipping
utility_to_osm - ERROR - ssr:stedsnr = 977678. No positions found, skipping
utility_to_osm - ERROR - ssr:stedsnr = 977679. No positions found, skipping
utility_to_osm - ERROR - ssr:stedsnr = 977680. No positions found, skipping
utility_to_osm - ERROR - ssr:stedsnr = 977681. No positions found, skipping
utility_to_osm - WARNING - ssr:stedsnr = 977682: No priority spelling found for lang = no, using alt_name to get "[('no', 'Tøffelgata')]"
utility_to_osm - ERROR - ssr:stedsnr = 977682. No positions found, skipping
utility_to_osm - ERROR - ssr:stedsnr = 977683. No positions found, skipping
utility_to_osm - ERROR - ssr:stedsnr = 977685. No positions found, skipping
utility_to_osm - ERROR - ssr:stedsnr = 977686. No positions found, skipping
utility_to_osm - ERROR - ssr:stedsnr = 977717. No positions found, skipping
utility_to_osm - ERROR - ssr:stedsnr = 977718. No positions found, skipping
utility_to_osm - ERROR - ssr:stedsnr = 977719. No positions found, skipping
utility_to_osm - ERROR - ssr:stedsnr = 977839. No positions found, skipping
utility_to_osm - ERROR - ssr:stedsnr = 977841. No positions found, skipping
utility_to_osm - ERROR - ssr:stedsnr = 977778. No positions found, skipping
utility_to_osm - ERROR - ssr:stedsnr = 977779. No positions found, skipping
utility_to_osm - ERROR - ssr:stedsnr = 977780. No positions found, skipping
utility_to_osm - ERROR - ssr:stedsnr = 977781. No positions found, skipping
utility_to_osm - ERROR - ssr:stedsnr = 977836. No positions found, skipping
utility_to_osm - WARNING - ssr:stedsnr = 977946: No priority spelling found for lang = no, using alt_name to get "[('no', 'Hattevarden')]"
utility_to_osm - ERROR - ssr:stedsnr = 977946. No positions found, skipping
utility_to_osm - ERROR - ssr:stedsnr = 977947. No positions found, skipping
utility_to_osm - ERROR - ssr:stedsnr = 977949. No positions found, skipping
utility_to_osm - ERROR - ssr:stedsnr = 977950. No positions found, skipping
utility_to_osm - WARNING - ssr:stedsnr = 977951: No priority spelling found for lang = no, using alt_name to get "[('no', 'Gruvebyen')]"
utility_to_osm - ERROR - ssr:stedsnr = 977951. No positions found, skipping
utility_to_osm - WARNING - ssr:stedsnr = 977952: No priority spelling found for lang = no, using alt_name to get "[('no', 'Gruvebakken')]"
utility_to_osm - ERROR - ssr:stedsnr = 977952. No positions found, skipping
utility_to_osm - ERROR - ssr:stedsnr = 977954. No positions found, skipping
utility_to_osm - ERROR - ssr:stedsnr = 977955. No positions found, skipping
utility_to_osm - WARNING - ssr:stedsnr = 977956: No priority spelling found for lang = no, using alt_name to get "[('no', 'Selandsmonen')]"
utility_to_osm - ERROR - ssr:stedsnr = 977956. No positions found, skipping
utility_to_osm - ERROR - ssr:stedsnr = 977958. No positions found, skipping
utility_to_osm - ERROR - ssr:stedsnr = 977959. No positions found, skipping
utility_to_osm - WARNING - ssr:stedsnr = 977961: No priority spelling found for lang = no, using alt_name to get "[('no', 'Kvinavegen')]"
utility_to_osm - ERROR - ssr:stedsnr = 977961. No positions found, skipping
utility_to_osm - ERROR - ssr:stedsnr = 977962. No positions found, skipping
utility_to_osm - ERROR - ssr:stedsnr = 977963. No positions found, skipping
utility_to_osm - WARNING - ssr:stedsnr = 977964: No priority spelling found for lang = no, using alt_name to get "[('no', 'Benkehei')]"
utility_to_osm - ERROR - ssr:stedsnr = 977964. No positions found, skipping
utility_to_osm - ERROR - ssr:stedsnr = 977965. No positions found, skipping
utility_to_osm - ERROR - ssr:stedsnr = 977967. No positions found, skipping
utility_to_osm - ERROR - ssr:stedsnr = 977969. No positions found, skipping
utility_to_osm - ERROR - ssr:stedsnr = 977971. No positions found, skipping
utility_to_osm - ERROR - ssr:stedsnr = 977972. No positions found, skipping
utility_to_osm - ERROR - ssr:stedsnr = 977973. No positions found, skipping
utility_to_osm - ERROR - ssr:stedsnr = 977974. No positions found, skipping
utility_to_osm - ERROR - ssr:stedsnr = 977975. No positions found, skipping
utility_to_osm - WARNING - ssr:stedsnr = 977978: No priority spelling found for lang = no, using alt_name to get "[('no', 'Solmyra')]"
utility_to_osm - ERROR - ssr:stedsnr = 977978. No positions found, skipping
utility_to_osm - ERROR - ssr:stedsnr = 977979. No positions found, skipping
utility_to_osm - ERROR - ssr:stedsnr = 977981. No positions found, skipping
utility_to_osm - ERROR - ssr:stedsnr = 977995. No positions found, skipping
utility_to_osm - ERROR - ssr:stedsnr = 977997. No positions found, skipping
utility_to_osm - ERROR - ssr:stedsnr = 978010. No positions found, skipping
utility_to_osm - ERROR - ssr:stedsnr = 978011. No positions found, skipping
utility_to_osm - WARNING - ssr:stedsnr = 979697: No priority spelling found for lang = no, using alt_name to get "[('no', 'Østre  Sandvatn')]"
utility_to_osm - WARNING - ssr:stedsnr = 45 has multiple (2) positions, using the first one!
utility_to_osm - WARNING - ssr:stedsnr = 93 has multiple (3) positions, using the first one!
utility_to_osm - WARNING - ssr:stedsnr = 131 has multiple (2) positions, using the first one!
utility_to_osm - WARNING - ssr:stedsnr = 132 has multiple (2) positions, using the first one!
utility_to_osm - WARNING - ssr:stedsnr = 139 has multiple (3) positions, using the first one!
utility_to_osm - WARNING - ssr:stedsnr = 394 has multiple (4) positions, using the first one!
utility_to_osm - WARNING - ssr:stedsnr = 472 has multiple (3) positions, using the first one!
utility_to_osm - WARNING - ssr:stedsnr = 476 has multiple (3) positions, using the first one!
utility_to_osm - WARNING - ssr:stedsnr = 315 has multiple (5) positions, using the first one!
utility_to_osm - WARNING - ssr:stedsnr = 322 has multiple (4) positions, using the first one!
utility_to_osm - WARNING - ssr:stedsnr = 323 has multiple (5) positions, using the first one!
utility_to_osm - WARNING - ssr:stedsnr = 328 has multiple (3) positions, using the first one!
utility_to_osm - WARNING - ssr:stedsnr = 330 has multiple (3) positions, using the first one!
utility_to_osm - WARNING - ssr:stedsnr = 335: No priority spelling found for lang = no, using alt_name to get "[('no', 'Nedre Åmlandsvannet')]"
utility_to_osm - WARNING - ssr:stedsnr = 335 has multiple (5) positions, using the first one!
utility_to_osm - WARNING - ssr:stedsnr = 343 has multiple (4) positions, using the first one!
utility_to_osm - WARNING - ssr:stedsnr = 344 has multiple (3) positions, using the first one!
utility_to_osm - WARNING - ssr:stedsnr = 427 has multiple (2) positions, using the first one!
utility_to_osm - WARNING - ssr:stedsnr = 443 has multiple (2) positions, using the first one!
utility_to_osm - WARNING - ssr:stedsnr = 532 has multiple (4) positions, using the first one!
utility_to_osm - WARNING - ssr:stedsnr = 541 has multiple (3) positions, using the first one!
utility_to_osm - WARNING - ssr:stedsnr = 613 has multiple (2) positions, using the first one!
utility_to_osm - WARNING - ssr:stedsnr = 620 has multiple (2) positions, using the first one!
utility_to_osm - WARNING - ssr:stedsnr = 667 has multiple (3) positions, using the first one!
utility_to_osm - WARNING - ssr:stedsnr = 674 has multiple (3) positions, using the first one!
utility_to_osm - WARNING - ssr:stedsnr = 682 has multiple (3) positions, using the first one!
utility_to_osm - WARNING - ssr:stedsnr = 731 has multiple (2) positions, using the first one!
utility_to_osm - WARNING - ssr:stedsnr = 739 has multiple (2) positions, using the first one!
utility_to_osm - WARNING - ssr:stedsnr = 1268 has multiple (3) positions, using the first one!
utility_to_osm - WARNING - ssr:stedsnr = 31732 has multiple (2) positions, using the first one!
utility_to_osm - WARNING - ssr:stedsnr = 35100 has multiple (2) positions, using the first one!
utility_to_osm - WARNING - ssr:stedsnr = 35141: No priority spelling found for lang = no, using alt_name to get "[('no', 'Midtre Røynestad')]"
utility_to_osm - WARNING - ssr:stedsnr = 35240 has multiple (2) positions, using the first one!
utility_to_osm - WARNING - ssr:stedsnr = 36849 has multiple (2) positions, using the first one!
utility_to_osm - ERROR - ssr:stedsnr = 44269. No positions found, skipping
utility_to_osm - WARNING - ssr:stedsnr = 61284 has multiple (3) positions, using the first one!
utility_to_osm - WARNING - ssr:stedsnr = 61290 has multiple (2) positions, using the first one!
utility_to_osm - WARNING - ssr:stedsnr = 61294 has multiple (2) positions, using the first one!
utility_to_osm - WARNING - ssr:stedsnr = 61299 has multiple (5) positions, using the first one!
utility_to_osm - WARNING - ssr:stedsnr = 60524: No priority spelling found for lang = no, using alt_name to get "[('no', 'Setesdal Vesthei Ryfylkeheiane landskapsvernområde')]"
utility_to_osm - WARNING - ssr:stedsnr = 60524 has multiple (8) positions, using the first one!
utility_to_osm - WARNING - ssr:stedsnr = 60498 has multiple (3) positions, using the first one!
utility_to_osm - WARNING - ssr:stedsnr = 60861: No priority spelling found for lang = no, using alt_name to get "[('no', 'Øvre Omland')]"
utility_to_osm - WARNING - ssr:stedsnr = 61143 has multiple (3) positions, using the first one!
utility_to_osm - WARNING - ssr:stedsnr = 61168 has multiple (2) positions, using the first one!
utility_to_osm - WARNING - ssr:stedsnr = 61247 has multiple (4) positions, using the first one!
utility_to_osm - WARNING - ssr:stedsnr = 61252 has multiple (4) positions, using the first one!
utility_to_osm - WARNING - ssr:stedsnr = 61263 has multiple (3) positions, using the first one!
utility_to_osm - WARNING - ssr:stedsnr = 61330 has multiple (3) positions, using the first one!
utility_to_osm - WARNING - ssr:stedsnr = 61629 has multiple (3) positions, using the first one!
utility_to_osm - WARNING - ssr:stedsnr = 61634 has multiple (3) positions, using the first one!
utility_to_osm - WARNING - ssr:stedsnr = 61650 has multiple (4) positions, using the first one!
utility_to_osm - WARNING - ssr:stedsnr = 61334 has multiple (3) positions, using the first one!
utility_to_osm - WARNING - ssr:stedsnr = 61335 has multiple (3) positions, using the first one!
utility_to_osm - WARNING - ssr:stedsnr = 61337 has multiple (2) positions, using the first one!
utility_to_osm - WARNING - ssr:stedsnr = 61353 has multiple (2) positions, using the first one!
utility_to_osm - WARNING - ssr:stedsnr = 61356 has multiple (3) positions, using the first one!
utility_to_osm - WARNING - ssr:stedsnr = 61359 has multiple (3) positions, using the first one!
utility_to_osm - WARNING - ssr:stedsnr = 61367 has multiple (4) positions, using the first one!
utility_to_osm - WARNING - ssr:stedsnr = 61434 has multiple (2) positions, using the first one!
utility_to_osm - WARNING - ssr:stedsnr = 61439 has multiple (3) positions, using the first one!
utility_to_osm - WARNING - ssr:stedsnr = 61446 has multiple (2) positions, using the first one!
utility_to_osm - WARNING - ssr:stedsnr = 61458 has multiple (5) positions, using the first one!
utility_to_osm - WARNING - ssr:stedsnr = 61676 has multiple (2) positions, using the first one!
utility_to_osm - WARNING - ssr:stedsnr = 61680 has multiple (5) positions, using the first one!
utility_to_osm - WARNING - ssr:stedsnr = 61715 has multiple (5) positions, using the first one!
utility_to_osm - WARNING - ssr:stedsnr = 61718 has multiple (2) positions, using the first one!
utility_to_osm - WARNING - ssr:stedsnr = 62023 has multiple (3) positions, using the first one!
utility_to_osm - WARNING - ssr:stedsnr = 62328 has multiple (4) positions, using the first one!
utility_to_osm - WARNING - ssr:stedsnr = 62342 has multiple (4) positions, using the first one!
