utility_to_osm - ERROR - ERROR, no ending in ssr2_to_osm_data/data/3018/3018-ssr.xml? Trying to re-download
utility_to_osm - ERROR - ssr:stedsnr = 2331: Adding multiple names to name tag, this is not OK! name = "Sjursbråtatjerna;Tostentjern"
utility_to_osm - WARNING - ssr:stedsnr = 2334 has multiple (3) positions, using the first one!
utility_to_osm - WARNING - ssr:stedsnr = 2335 has multiple (2) positions, using the first one!
utility_to_osm - WARNING - ssr:stedsnr = 2340 has multiple (2) positions, using the first one!
utility_to_osm - WARNING - ssr:stedsnr = 2710 has multiple (2) positions, using the first one!
utility_to_osm - WARNING - ssr:stedsnr = 2719 has multiple (2) positions, using the first one!
utility_to_osm - WARNING - ssr:stedsnr = 2727 has multiple (2) positions, using the first one!
utility_to_osm - WARNING - ssr:stedsnr = 3668 has multiple (3) positions, using the first one!
utility_to_osm - WARNING - ssr:stedsnr = 3680 has multiple (3) positions, using the first one!
utility_to_osm - WARNING - ssr:stedsnr = 3682 has multiple (2) positions, using the first one!
utility_to_osm - WARNING - ssr:stedsnr = 3684 has multiple (2) positions, using the first one!
utility_to_osm - WARNING - ssr:stedsnr = 3690 has multiple (2) positions, using the first one!
utility_to_osm - WARNING - ssr:stedsnr = 3692 has multiple (2) positions, using the first one!
utility_to_osm - WARNING - ssr:stedsnr = 23882 has multiple (2) positions, using the first one!
utility_to_osm - WARNING - ssr:stedsnr = 63316 has multiple (19) positions, using the first one!
utility_to_osm - WARNING - ssr:stedsnr = 63367 has multiple (4) positions, using the first one!
utility_to_osm - WARNING - ssr:stedsnr = 63383 has multiple (2) positions, using the first one!
utility_to_osm - WARNING - ssr:stedsnr = 63384 has multiple (2) positions, using the first one!
utility_to_osm - WARNING - ssr:stedsnr = 63722 has multiple (2) positions, using the first one!
utility_to_osm - WARNING - ssr:stedsnr = 63724 has multiple (2) positions, using the first one!
utility_to_osm - WARNING - ssr:stedsnr = 64039 has multiple (3) positions, using the first one!
utility_to_osm - WARNING - ssr:stedsnr = 64717 has multiple (2) positions, using the first one!
utility_to_osm - WARNING - ssr:stedsnr = 64727 has multiple (3) positions, using the first one!
utility_to_osm - WARNING - ssr:stedsnr = 65004 has multiple (2) positions, using the first one!
utility_to_osm - WARNING - ssr:stedsnr = 65007 has multiple (5) positions, using the first one!
utility_to_osm - WARNING - ssr:stedsnr = 245296 has multiple (2) positions, using the first one!
utility_to_osm - WARNING - ssr:stedsnr = 245327 has multiple (5) positions, using the first one!
utility_to_osm - WARNING - ssr:stedsnr = 245351 has multiple (2) positions, using the first one!
utility_to_osm - WARNING - ssr:stedsnr = 245355 has multiple (3) positions, using the first one!
utility_to_osm - WARNING - ssr:stedsnr = 245689 has multiple (2) positions, using the first one!
utility_to_osm - WARNING - ssr:stedsnr = 246042 has multiple (3) positions, using the first one!
utility_to_osm - WARNING - ssr:stedsnr = 246086 has multiple (3) positions, using the first one!
utility_to_osm - WARNING - ssr:stedsnr = 246656 has multiple (3) positions, using the first one!
utility_to_osm - WARNING - ssr:stedsnr = 123762 has multiple (29) positions, using the first one!
utility_to_osm - WARNING - ssr:stedsnr = 124306 has multiple (3) positions, using the first one!
utility_to_osm - WARNING - ssr:stedsnr = 124311 has multiple (3) positions, using the first one!
utility_to_osm - WARNING - ssr:stedsnr = 124316 has multiple (2) positions, using the first one!
utility_to_osm - WARNING - ssr:stedsnr = 124632 has multiple (3) positions, using the first one!
utility_to_osm - WARNING - ssr:stedsnr = 124634 has multiple (2) positions, using the first one!
utility_to_osm - WARNING - ssr:stedsnr = 124636 has multiple (2) positions, using the first one!
utility_to_osm - WARNING - ssr:stedsnr = 124653 has multiple (2) positions, using the first one!
utility_to_osm - WARNING - ssr:stedsnr = 124663 has multiple (2) positions, using the first one!
utility_to_osm - WARNING - ssr:stedsnr = 124664 has multiple (2) positions, using the first one!
utility_to_osm - WARNING - ssr:stedsnr = 130781 has multiple (3) positions, using the first one!
utility_to_osm - ERROR - ssr:stedsnr = 167621. No positions found, skipping
utility_to_osm - WARNING - ssr:stedsnr = 175157 has multiple (2) positions, using the first one!
utility_to_osm - WARNING - ssr:stedsnr = 179760 has multiple (2) positions, using the first one!
utility_to_osm - WARNING - ssr:stedsnr = 184336 has multiple (2) positions, using the first one!
utility_to_osm - ERROR - ssr:stedsnr = 184337: Adding multiple names to name tag, this is not OK! name = "Høyda;Løkeberg"
utility_to_osm - WARNING - ssr:stedsnr = 185634 has multiple (7) positions, using the first one!
utility_to_osm - WARNING - ssr:stedsnr = 266852 has multiple (2) positions, using the first one!
utility_to_osm - WARNING - ssr:stedsnr = 205887 has multiple (3) positions, using the first one!
utility_to_osm - WARNING - ssr:stedsnr = 245720 has multiple (3) positions, using the first one!
utility_to_osm - WARNING - ssr:stedsnr = 247014 has multiple (7) positions, using the first one!
utility_to_osm - WARNING - ssr:stedsnr = 247045 has multiple (3) positions, using the first one!
utility_to_osm - WARNING - ssr:stedsnr = 266804 has multiple (3) positions, using the first one!
utility_to_osm - WARNING - ssr:stedsnr = 509739 has multiple (3) positions, using the first one!
utility_to_osm - WARNING - ssr:stedsnr = 306207 has multiple (3) positions, using the first one!
utility_to_osm - WARNING - ssr:stedsnr = 306635 has multiple (3) positions, using the first one!
utility_to_osm - WARNING - ssr:stedsnr = 306709 has multiple (2) positions, using the first one!
utility_to_osm - WARNING - ssr:stedsnr = 307008 has multiple (2) positions, using the first one!
utility_to_osm - WARNING - ssr:stedsnr = 307016 has multiple (3) positions, using the first one!
utility_to_osm - WARNING - ssr:stedsnr = 327723 has multiple (2) positions, using the first one!
utility_to_osm - WARNING - ssr:stedsnr = 356516 has multiple (2) positions, using the first one!
utility_to_osm - WARNING - ssr:stedsnr = 366318 has multiple (2) positions, using the first one!
utility_to_osm - WARNING - ssr:stedsnr = 366326 has multiple (2) positions, using the first one!
utility_to_osm - ERROR - ssr:stedsnr = 366334: Adding multiple names to name tag, this is not OK! name = "Røstadtjernet;Vettretjern"
utility_to_osm - WARNING - ssr:stedsnr = 366352 has multiple (3) positions, using the first one!
utility_to_osm - WARNING - ssr:stedsnr = 366715 has multiple (3) positions, using the first one!
utility_to_osm - WARNING - ssr:stedsnr = 478640 has multiple (2) positions, using the first one!
utility_to_osm - WARNING - ssr:stedsnr = 368070 has multiple (2) positions, using the first one!
utility_to_osm - WARNING - ssr:stedsnr = 487118 has multiple (2) positions, using the first one!
utility_to_osm - ERROR - ssr:stedsnr = 487327: Adding multiple names to name tag, this is not OK! name = "Vasstvettjernet;Agnalttjern"
utility_to_osm - WARNING - ssr:stedsnr = 487336 has multiple (3) positions, using the first one!
utility_to_osm - WARNING - ssr:stedsnr = 487370 has multiple (2) positions, using the first one!
utility_to_osm - ERROR - ssr:stedsnr = 487753: Adding multiple names to name tag, this is not OK! name = "Grimsrød;Solheim"
utility_to_osm - WARNING - ssr:stedsnr = 487753 has multiple (2) positions, using the first one!
utility_to_osm - WARNING - ssr:stedsnr = 487767 has multiple (3) positions, using the first one!
utility_to_osm - WARNING - ssr:stedsnr = 488731 has multiple (3) positions, using the first one!
utility_to_osm - WARNING - ssr:stedsnr = 488666 has multiple (3) positions, using the first one!
utility_to_osm - WARNING - ssr:stedsnr = 488677 has multiple (3) positions, using the first one!
utility_to_osm - WARNING - ssr:stedsnr = 488686 has multiple (3) positions, using the first one!
utility_to_osm - WARNING - ssr:stedsnr = 488690 has multiple (2) positions, using the first one!
utility_to_osm - WARNING - ssr:stedsnr = 427182 has multiple (3) positions, using the first one!
utility_to_osm - WARNING - ssr:stedsnr = 427373 has multiple (2) positions, using the first one!
utility_to_osm - WARNING - ssr:stedsnr = 427375 has multiple (3) positions, using the first one!
utility_to_osm - WARNING - ssr:stedsnr = 427709 has multiple (2) positions, using the first one!
utility_to_osm - WARNING - ssr:stedsnr = 427710 has multiple (2) positions, using the first one!
utility_to_osm - WARNING - ssr:stedsnr = 428660 has multiple (3) positions, using the first one!
utility_to_osm - WARNING - ssr:stedsnr = 429074 has multiple (2) positions, using the first one!
utility_to_osm - WARNING - ssr:stedsnr = 671049 has multiple (3) positions, using the first one!
utility_to_osm - WARNING - ssr:stedsnr = 671052 has multiple (4) positions, using the first one!
utility_to_osm - WARNING - ssr:stedsnr = 671053 has multiple (3) positions, using the first one!
utility_to_osm - WARNING - ssr:stedsnr = 671092 has multiple (4) positions, using the first one!
utility_to_osm - WARNING - ssr:stedsnr = 488663 has multiple (3) positions, using the first one!
utility_to_osm - WARNING - ssr:stedsnr = 488699 has multiple (2) positions, using the first one!
utility_to_osm - WARNING - ssr:stedsnr = 489103 has multiple (3) positions, using the first one!
utility_to_osm - WARNING - ssr:stedsnr = 489108 has multiple (3) positions, using the first one!
utility_to_osm - ERROR - ssr:stedsnr = 548722: Adding multiple names to name tag, this is not OK! name = "Brattenga;Bratterøddalen"
utility_to_osm - WARNING - ssr:stedsnr = 548722 has multiple (2) positions, using the first one!
utility_to_osm - WARNING - ssr:stedsnr = 550012 has multiple (3) positions, using the first one!
utility_to_osm - WARNING - ssr:stedsnr = 550066 has multiple (3) positions, using the first one!
utility_to_osm - WARNING - ssr:stedsnr = 692120 has multiple (2) positions, using the first one!
utility_to_osm - WARNING - ssr:stedsnr = 568878 has multiple (3) positions, using the first one!
utility_to_osm - WARNING - ssr:stedsnr = 608741 has multiple (2) positions, using the first one!
utility_to_osm - WARNING - ssr:stedsnr = 609699 has multiple (2) positions, using the first one!
utility_to_osm - WARNING - ssr:stedsnr = 610096 has multiple (3) positions, using the first one!
utility_to_osm - WARNING - ssr:stedsnr = 610106 has multiple (3) positions, using the first one!
utility_to_osm - WARNING - ssr:stedsnr = 610107 has multiple (3) positions, using the first one!
utility_to_osm - WARNING - ssr:stedsnr = 628949 has multiple (2) positions, using the first one!
utility_to_osm - WARNING - ssr:stedsnr = 669315 has multiple (3) positions, using the first one!
utility_to_osm - WARNING - ssr:stedsnr = 669714 has multiple (2) positions, using the first one!
utility_to_osm - WARNING - ssr:stedsnr = 671045 has multiple (4) positions, using the first one!
utility_to_osm - WARNING - ssr:stedsnr = 720531 has multiple (2) positions, using the first one!
utility_to_osm - WARNING - ssr:stedsnr = 730306 has multiple (2) positions, using the first one!
utility_to_osm - WARNING - ssr:stedsnr = 730362 has multiple (2) positions, using the first one!
utility_to_osm - WARNING - ssr:stedsnr = 731322 has multiple (2) positions, using the first one!
utility_to_osm - WARNING - ssr:stedsnr = 731328 has multiple (2) positions, using the first one!
utility_to_osm - WARNING - ssr:stedsnr = 731657 has multiple (4) positions, using the first one!
utility_to_osm - WARNING - ssr:stedsnr = 731665 has multiple (2) positions, using the first one!
utility_to_osm - WARNING - ssr:stedsnr = 731670 has multiple (3) positions, using the first one!
utility_to_osm - WARNING - ssr:stedsnr = 731675: No priority spelling found for lang = no, using alt_name to get "[('no', 'Våler kirke')]"
utility_to_osm - WARNING - ssr:stedsnr = 731675 has multiple (7) positions, using the first one!
utility_to_osm - WARNING - ssr:stedsnr = 732104 has multiple (3) positions, using the first one!
utility_to_osm - WARNING - ssr:stedsnr = 791337 has multiple (2) positions, using the first one!
utility_to_osm - WARNING - ssr:stedsnr = 791339 has multiple (2) positions, using the first one!
utility_to_osm - WARNING - ssr:stedsnr = 792706 has multiple (2) positions, using the first one!
utility_to_osm - WARNING - ssr:stedsnr = 913354 has multiple (3) positions, using the first one!
utility_to_osm - WARNING - ssr:stedsnr = 913715 has multiple (2) positions, using the first one!
utility_to_osm - WARNING - ssr:stedsnr = 914049 has multiple (3) positions, using the first one!
utility_to_osm - WARNING - ssr:stedsnr = 914056 has multiple (2) positions, using the first one!
utility_to_osm - WARNING - ssr:stedsnr = 852369 has multiple (2) positions, using the first one!
utility_to_osm - WARNING - ssr:stedsnr = 852375 has multiple (2) positions, using the first one!
utility_to_osm - WARNING - ssr:stedsnr = 853660 has multiple (3) positions, using the first one!
utility_to_osm - WARNING - ssr:stedsnr = 912331 has multiple (2) positions, using the first one!
utility_to_osm - WARNING - ssr:stedsnr = 912341 has multiple (2) positions, using the first one!
utility_to_osm - WARNING - ssr:stedsnr = 912730 has multiple (3) positions, using the first one!
utility_to_osm - WARNING - ssr:stedsnr = 912737 has multiple (2) positions, using the first one!
utility_to_osm - WARNING - ssr:stedsnr = 912752 has multiple (2) positions, using the first one!
utility_to_osm - WARNING - ssr:stedsnr = 933905 has multiple (2) positions, using the first one!
utility_to_osm - WARNING - ssr:stedsnr = 935059 has multiple (3) positions, using the first one!
utility_to_osm - WARNING - ssr:stedsnr = 2740 has multiple (2) positions, using the first one!
utility_to_osm - WARNING - ssr:stedsnr = 2352 has multiple (2) positions, using the first one!
utility_to_osm - WARNING - ssr:stedsnr = 2364: No priority spelling found for lang = no, using alt_name to get "[('no', 'Svinndal kirke')]"
utility_to_osm - WARNING - ssr:stedsnr = 4006 has multiple (3) positions, using the first one!
utility_to_osm - WARNING - ssr:stedsnr = 3656 has multiple (2) positions, using the first one!
utility_to_osm - ERROR - ssr:stedsnr = 3666: Adding multiple names to name tag, this is not OK! name = "Moneåsen;Leinaåsen"
utility_to_osm - WARNING - ssr:stedsnr = 63344 has multiple (2) positions, using the first one!
utility_to_osm - ERROR - ssr:stedsnr = 63706. No positions found, skipping
utility_to_osm - WARNING - ssr:stedsnr = 64667 has multiple (3) positions, using the first one!
utility_to_osm - WARNING - ssr:stedsnr = 123337 has multiple (2) positions, using the first one!
utility_to_osm - WARNING - ssr:stedsnr = 123342 has multiple (2) positions, using the first one!
utility_to_osm - WARNING - ssr:stedsnr = 123352 has multiple (3) positions, using the first one!
utility_to_osm - WARNING - ssr:stedsnr = 123354 has multiple (2) positions, using the first one!
utility_to_osm - WARNING - ssr:stedsnr = 123356 has multiple (2) positions, using the first one!
utility_to_osm - WARNING - ssr:stedsnr = 123375 has multiple (2) positions, using the first one!
utility_to_osm - WARNING - ssr:stedsnr = 123750 has multiple (3) positions, using the first one!
utility_to_osm - WARNING - ssr:stedsnr = 144847 has multiple (2) positions, using the first one!
utility_to_osm - WARNING - ssr:stedsnr = 186086 has multiple (3) positions, using the first one!
utility_to_osm - WARNING - ssr:stedsnr = 184366 has multiple (2) positions, using the first one!
utility_to_osm - WARNING - ssr:stedsnr = 184369 has multiple (2) positions, using the first one!
utility_to_osm - WARNING - ssr:stedsnr = 184379 has multiple (2) positions, using the first one!
utility_to_osm - WARNING - ssr:stedsnr = 185078 has multiple (3) positions, using the first one!
utility_to_osm - WARNING - ssr:stedsnr = 185079 has multiple (3) positions, using the first one!
utility_to_osm - WARNING - ssr:stedsnr = 185348 has multiple (2) positions, using the first one!
utility_to_osm - WARNING - ssr:stedsnr = 185657 has multiple (2) positions, using the first one!
utility_to_osm - WARNING - ssr:stedsnr = 191771 has multiple (3) positions, using the first one!
utility_to_osm - WARNING - ssr:stedsnr = 204879 has multiple (2) positions, using the first one!
utility_to_osm - WARNING - ssr:stedsnr = 205800 has multiple (2) positions, using the first one!
utility_to_osm - ERROR - ssr:stedsnr = 289454. No positions found, skipping
utility_to_osm - WARNING - ssr:stedsnr = 305332 has multiple (2) positions, using the first one!
utility_to_osm - WARNING - ssr:stedsnr = 305342 has multiple (3) positions, using the first one!
utility_to_osm - WARNING - ssr:stedsnr = 305343 has multiple (2) positions, using the first one!
utility_to_osm - WARNING - ssr:stedsnr = 305345 has multiple (2) positions, using the first one!
utility_to_osm - WARNING - ssr:stedsnr = 305357 has multiple (2) positions, using the first one!
utility_to_osm - WARNING - ssr:stedsnr = 305733 has multiple (2) positions, using the first one!
utility_to_osm - WARNING - ssr:stedsnr = 305735 has multiple (3) positions, using the first one!
utility_to_osm - WARNING - ssr:stedsnr = 306361 has multiple (3) positions, using the first one!
utility_to_osm - WARNING - ssr:stedsnr = 306666 has multiple (2) positions, using the first one!
utility_to_osm - WARNING - ssr:stedsnr = 306670 has multiple (3) positions, using the first one!
utility_to_osm - WARNING - ssr:stedsnr = 306688 has multiple (2) positions, using the first one!
utility_to_osm - WARNING - ssr:stedsnr = 306719 has multiple (2) positions, using the first one!
utility_to_osm - WARNING - ssr:stedsnr = 307045 has multiple (2) positions, using the first one!
utility_to_osm - WARNING - ssr:stedsnr = 327794 has multiple (3) positions, using the first one!
utility_to_osm - WARNING - ssr:stedsnr = 368106 has multiple (3) positions, using the first one!
utility_to_osm - WARNING - ssr:stedsnr = 366370 has multiple (2) positions, using the first one!
utility_to_osm - WARNING - ssr:stedsnr = 366372 has multiple (3) positions, using the first one!
utility_to_osm - WARNING - ssr:stedsnr = 366722 has multiple (3) positions, using the first one!
utility_to_osm - WARNING - ssr:stedsnr = 366731 has multiple (4) positions, using the first one!
utility_to_osm - WARNING - ssr:stedsnr = 367034 has multiple (3) positions, using the first one!
utility_to_osm - WARNING - ssr:stedsnr = 367063 has multiple (3) positions, using the first one!
utility_to_osm - WARNING - ssr:stedsnr = 367660 has multiple (3) positions, using the first one!
utility_to_osm - WARNING - ssr:stedsnr = 367661 has multiple (3) positions, using the first one!
utility_to_osm - WARNING - ssr:stedsnr = 368068 has multiple (3) positions, using the first one!
utility_to_osm - WARNING - ssr:stedsnr = 448859 has multiple (2) positions, using the first one!
utility_to_osm - WARNING - ssr:stedsnr = 427354 has multiple (2) positions, using the first one!
utility_to_osm - WARNING - ssr:stedsnr = 427359 has multiple (2) positions, using the first one!
utility_to_osm - WARNING - ssr:stedsnr = 427693 has multiple (2) positions, using the first one!
utility_to_osm - WARNING - ssr:stedsnr = 428042 has multiple (3) positions, using the first one!
utility_to_osm - WARNING - ssr:stedsnr = 429075 has multiple (3) positions, using the first one!
utility_to_osm - ERROR - ssr:stedsnr = 428688: Adding multiple names to name tag, this is not OK! name = "Mortetjern;Svarttjern"
utility_to_osm - WARNING - ssr:stedsnr = 429009 has multiple (4) positions, using the first one!
utility_to_osm - WARNING - ssr:stedsnr = 429024 has multiple (3) positions, using the first one!
utility_to_osm - WARNING - ssr:stedsnr = 448785 has multiple (2) positions, using the first one!
utility_to_osm - WARNING - ssr:stedsnr = 509802 has multiple (2) positions, using the first one!
utility_to_osm - WARNING - ssr:stedsnr = 513364 has multiple (2) positions, using the first one!
utility_to_osm - WARNING - ssr:stedsnr = 548346 has multiple (3) positions, using the first one!
utility_to_osm - WARNING - ssr:stedsnr = 548393 has multiple (4) positions, using the first one!
utility_to_osm - WARNING - ssr:stedsnr = 549669 has multiple (2) positions, using the first one!
utility_to_osm - ERROR - ssr:stedsnr = 550093: Adding multiple names to name tag, this is not OK! name = "Mørkelva;Trollhetta"
utility_to_osm - WARNING - ssr:stedsnr = 550093 has multiple (7) positions, using the first one!
utility_to_osm - WARNING - ssr:stedsnr = 569780 has multiple (2) positions, using the first one!
utility_to_osm - ERROR - ssr:stedsnr = 592473. No positions found, skipping
utility_to_osm - WARNING - ssr:stedsnr = 608781 has multiple (3) positions, using the first one!
utility_to_osm - WARNING - ssr:stedsnr = 608337 has multiple (2) positions, using the first one!
utility_to_osm - WARNING - ssr:stedsnr = 608364 has multiple (2) positions, using the first one!
utility_to_osm - WARNING - ssr:stedsnr = 609662 has multiple (3) positions, using the first one!
utility_to_osm - WARNING - ssr:stedsnr = 611056 has multiple (6) positions, using the first one!
utility_to_osm - WARNING - ssr:stedsnr = 669125 has multiple (4) positions, using the first one!
utility_to_osm - WARNING - ssr:stedsnr = 669281 has multiple (2) positions, using the first one!
utility_to_osm - WARNING - ssr:stedsnr = 669282 has multiple (2) positions, using the first one!
utility_to_osm - WARNING - ssr:stedsnr = 669296 has multiple (2) positions, using the first one!
utility_to_osm - WARNING - ssr:stedsnr = 669336 has multiple (2) positions, using the first one!
utility_to_osm - WARNING - ssr:stedsnr = 670685 has multiple (2) positions, using the first one!
utility_to_osm - WARNING - ssr:stedsnr = 730781 has multiple (2) positions, using the first one!
utility_to_osm - WARNING - ssr:stedsnr = 731694 has multiple (2) positions, using the first one!
utility_to_osm - WARNING - ssr:stedsnr = 731637 has multiple (3) positions, using the first one!
utility_to_osm - WARNING - ssr:stedsnr = 731648 has multiple (2) positions, using the first one!
utility_to_osm - WARNING - ssr:stedsnr = 732031 has multiple (3) positions, using the first one!
utility_to_osm - WARNING - ssr:stedsnr = 732043 has multiple (2) positions, using the first one!
utility_to_osm - WARNING - ssr:stedsnr = 732044 has multiple (2) positions, using the first one!
utility_to_osm - WARNING - ssr:stedsnr = 732047 has multiple (3) positions, using the first one!
utility_to_osm - WARNING - ssr:stedsnr = 732048 has multiple (3) positions, using the first one!
utility_to_osm - WARNING - ssr:stedsnr = 791164 has multiple (2) positions, using the first one!
utility_to_osm - WARNING - ssr:stedsnr = 791214 has multiple (2) positions, using the first one!
utility_to_osm - WARNING - ssr:stedsnr = 792085 has multiple (3) positions, using the first one!
utility_to_osm - WARNING - ssr:stedsnr = 793053 has multiple (3) positions, using the first one!
utility_to_osm - WARNING - ssr:stedsnr = 842743 has multiple (2) positions, using the first one!
utility_to_osm - WARNING - ssr:stedsnr = 852322 has multiple (2) positions, using the first one!
utility_to_osm - WARNING - ssr:stedsnr = 852326 has multiple (3) positions, using the first one!
utility_to_osm - ERROR - ssr:stedsnr = 852331: Adding multiple names to name tag, this is not OK! name = "Berget;Holbakken"
utility_to_osm - WARNING - ssr:stedsnr = 852687 has multiple (2) positions, using the first one!
utility_to_osm - WARNING - ssr:stedsnr = 852699 has multiple (2) positions, using the first one!
utility_to_osm - WARNING - ssr:stedsnr = 853043 has multiple (3) positions, using the first one!
utility_to_osm - WARNING - ssr:stedsnr = 853064 has multiple (3) positions, using the first one!
utility_to_osm - WARNING - ssr:stedsnr = 853685 has multiple (3) positions, using the first one!
utility_to_osm - WARNING - ssr:stedsnr = 1062436: No priority spelling found for lang = no, using alt_name to get "[('no', 'Mortetjernet')]"
utility_to_osm - WARNING - ssr:stedsnr = 1062438: No priority spelling found for lang = no, using alt_name to get "[('no', 'Kreierten')]"
utility_to_osm - ERROR - ssr:stedsnr = 1062440. No positions found, skipping
utility_to_osm - ERROR - ssr:stedsnr = 1062443. No positions found, skipping
utility_to_osm - ERROR - ssr:stedsnr = 1062445. No positions found, skipping
utility_to_osm - ERROR - ssr:stedsnr = 1062447. No positions found, skipping
utility_to_osm - ERROR - ssr:stedsnr = 1062450. No positions found, skipping
utility_to_osm - WARNING - ssr:stedsnr = 1062453: No priority spelling found for lang = no, using alt_name to get "[('no', 'Svinndalveien')]"
utility_to_osm - ERROR - ssr:stedsnr = 1062453. No positions found, skipping
utility_to_osm - ERROR - ssr:stedsnr = 1062455. No positions found, skipping
utility_to_osm - ERROR - ssr:stedsnr = 1062458. No positions found, skipping
utility_to_osm - ERROR - ssr:stedsnr = 1062460. No positions found, skipping
utility_to_osm - ERROR - ssr:stedsnr = 1062463. No positions found, skipping
utility_to_osm - ERROR - ssr:stedsnr = 1062465. No positions found, skipping
utility_to_osm - WARNING - ssr:stedsnr = 1062467: No priority spelling found for lang = no, using alt_name to get "[('no', 'Østlia')]"
utility_to_osm - ERROR - ssr:stedsnr = 1062467. No positions found, skipping
utility_to_osm - ERROR - ssr:stedsnr = 1062470. No positions found, skipping
utility_to_osm - ERROR - ssr:stedsnr = 1062472. No positions found, skipping
utility_to_osm - ERROR - ssr:stedsnr = 1062474. No positions found, skipping
utility_to_osm - ERROR - ssr:stedsnr = 1062478. No positions found, skipping
utility_to_osm - WARNING - ssr:stedsnr = 1062480: No priority spelling found for lang = no, using alt_name to get "[('no', 'Folkestadveien')]"
utility_to_osm - ERROR - ssr:stedsnr = 1062480. No positions found, skipping
utility_to_osm - ERROR - ssr:stedsnr = 1062482. No positions found, skipping
utility_to_osm - ERROR - ssr:stedsnr = 1062485. No positions found, skipping
utility_to_osm - WARNING - ssr:stedsnr = 1062187: No priority spelling found for lang = no, using alt_name to get "[('no', 'Gyldermyra')]"
utility_to_osm - ERROR - ssr:stedsnr = 1062187. No positions found, skipping
utility_to_osm - WARNING - ssr:stedsnr = 1062137: No priority spelling found for lang = no, using alt_name to get "[('no', 'Myhreveien')]"
utility_to_osm - WARNING - ssr:stedsnr = 1062140: No priority spelling found for lang = no, using alt_name to get "[('no', 'Haglerødveien')]"
utility_to_osm - ERROR - ssr:stedsnr = 1062140. No positions found, skipping
utility_to_osm - WARNING - ssr:stedsnr = 1062144: No priority spelling found for lang = no, using alt_name to get "[('no', 'Mosserosveien')]"
utility_to_osm - ERROR - ssr:stedsnr = 1062144. No positions found, skipping
utility_to_osm - WARNING - ssr:stedsnr = 1062148: No priority spelling found for lang = no, using alt_name to get "[('no', 'Svinndallinna')]"
utility_to_osm - ERROR - ssr:stedsnr = 1062148. No positions found, skipping
utility_to_osm - WARNING - ssr:stedsnr = 1062152: No priority spelling found for lang = no, using alt_name to get "[('no', 'Vaktmesteren')]"
utility_to_osm - WARNING - ssr:stedsnr = 1062155: No priority spelling found for lang = no, using alt_name to get "[('no', 'Tømmerøya')]"
utility_to_osm - WARNING - ssr:stedsnr = 1062158: No priority spelling found for lang = no, using alt_name to get "[('no', 'Bjørketvetveien')]"
utility_to_osm - ERROR - ssr:stedsnr = 1062158. No positions found, skipping
utility_to_osm - WARNING - ssr:stedsnr = 1062161: No priority spelling found for lang = no, using alt_name to get "[('no', 'Grøtvedtveien')]"
utility_to_osm - ERROR - ssr:stedsnr = 1062161. No positions found, skipping
utility_to_osm - WARNING - ssr:stedsnr = 1062164: No priority spelling found for lang = no, using alt_name to get "[('no', 'Gylderveien')]"
utility_to_osm - ERROR - ssr:stedsnr = 1062164. No positions found, skipping
utility_to_osm - WARNING - ssr:stedsnr = 1062167: No priority spelling found for lang = no, using alt_name to get "[('no', 'Sånerveien')]"
utility_to_osm - ERROR - ssr:stedsnr = 1062167. No positions found, skipping
utility_to_osm - WARNING - ssr:stedsnr = 1062170: No priority spelling found for lang = no, using alt_name to get "[('no', 'Missingmyrveien')]"
utility_to_osm - ERROR - ssr:stedsnr = 1062170. No positions found, skipping
utility_to_osm - WARNING - ssr:stedsnr = 1062173: No priority spelling found for lang = no, using alt_name to get "[('no', 'Trøskenveien')]"
utility_to_osm - ERROR - ssr:stedsnr = 1062173. No positions found, skipping
utility_to_osm - WARNING - ssr:stedsnr = 1062176: No priority spelling found for lang = no, using alt_name to get "[('no', 'Unumveien')]"
utility_to_osm - ERROR - ssr:stedsnr = 1062176. No positions found, skipping
utility_to_osm - WARNING - ssr:stedsnr = 1062180: No priority spelling found for lang = no, using alt_name to get "[('no', 'Rosveien')]"
utility_to_osm - ERROR - ssr:stedsnr = 1062180. No positions found, skipping
utility_to_osm - WARNING - ssr:stedsnr = 1062183: No priority spelling found for lang = no, using alt_name to get "[('no', 'Flakstadveien')]"
utility_to_osm - ERROR - ssr:stedsnr = 1062183. No positions found, skipping
utility_to_osm - WARNING - ssr:stedsnr = 1062243: No priority spelling found for lang = no, using alt_name to get "[('no', 'Ugleveien')]"
utility_to_osm - ERROR - ssr:stedsnr = 1062243. No positions found, skipping
utility_to_osm - WARNING - ssr:stedsnr = 1062248: No priority spelling found for lang = no, using alt_name to get "[('no', 'Rugdeveien')]"
utility_to_osm - ERROR - ssr:stedsnr = 1062248. No positions found, skipping
utility_to_osm - WARNING - ssr:stedsnr = 1062251: No priority spelling found for lang = no, using alt_name to get "[('no', 'Turulia')]"
utility_to_osm - ERROR - ssr:stedsnr = 1062251. No positions found, skipping
utility_to_osm - WARNING - ssr:stedsnr = 1062256: No priority spelling found for lang = no, using alt_name to get "[('no', 'Fløterveien')]"
utility_to_osm - ERROR - ssr:stedsnr = 1062256. No positions found, skipping
utility_to_osm - WARNING - ssr:stedsnr = 1062258: No priority spelling found for lang = no, using alt_name to get "[('no', 'Bjerketvedtveien')]"
utility_to_osm - ERROR - ssr:stedsnr = 1062258. No positions found, skipping
utility_to_osm - WARNING - ssr:stedsnr = 1062191: No priority spelling found for lang = no, using alt_name to get "[('no', 'Mørkveien')]"
utility_to_osm - ERROR - ssr:stedsnr = 1062191. No positions found, skipping
utility_to_osm - WARNING - ssr:stedsnr = 1062195: No priority spelling found for lang = no, using alt_name to get "[('no', 'Tveitåsen')]"
utility_to_osm - ERROR - ssr:stedsnr = 1062195. No positions found, skipping
utility_to_osm - WARNING - ssr:stedsnr = 1062198: No priority spelling found for lang = no, using alt_name to get "[('no', 'Lunderveien')]"
utility_to_osm - ERROR - ssr:stedsnr = 1062198. No positions found, skipping
utility_to_osm - WARNING - ssr:stedsnr = 1062202: No priority spelling found for lang = no, using alt_name to get "[('no', 'Granittveien')]"
utility_to_osm - ERROR - ssr:stedsnr = 1062202. No positions found, skipping
utility_to_osm - WARNING - ssr:stedsnr = 1062208: No priority spelling found for lang = no, using alt_name to get "[('no', 'Kureveien')]"
utility_to_osm - ERROR - ssr:stedsnr = 1062208. No positions found, skipping
utility_to_osm - WARNING - ssr:stedsnr = 1062212: No priority spelling found for lang = no, using alt_name to get "[('no', 'Ombustvedtveien')]"
utility_to_osm - ERROR - ssr:stedsnr = 1062212. No positions found, skipping
utility_to_osm - WARNING - ssr:stedsnr = 1062215: No priority spelling found for lang = no, using alt_name to get "[('no', 'Kaabbelveien')]"
utility_to_osm - ERROR - ssr:stedsnr = 1062215. No positions found, skipping
utility_to_osm - WARNING - ssr:stedsnr = 1062219: No priority spelling found for lang = no, using alt_name to get "[('no', 'Hobølveien')]"
utility_to_osm - ERROR - ssr:stedsnr = 1062219. No positions found, skipping
utility_to_osm - WARNING - ssr:stedsnr = 1062227: No priority spelling found for lang = no, using alt_name to get "[('no', 'Sæbyåsen')]"
utility_to_osm - ERROR - ssr:stedsnr = 1062227. No positions found, skipping
utility_to_osm - WARNING - ssr:stedsnr = 1062232: No priority spelling found for lang = no, using alt_name to get "[('no', 'Sæbytoppen')]"
utility_to_osm - ERROR - ssr:stedsnr = 1062232. No positions found, skipping
utility_to_osm - WARNING - ssr:stedsnr = 1062235: No priority spelling found for lang = no, using alt_name to get "[('no', 'Orreveien')]"
utility_to_osm - ERROR - ssr:stedsnr = 1062235. No positions found, skipping
utility_to_osm - WARNING - ssr:stedsnr = 1062263: No priority spelling found for lang = no, using alt_name to get "[('no', 'Keiserdalen')]"
utility_to_osm - ERROR - ssr:stedsnr = 1062263. No positions found, skipping
utility_to_osm - WARNING - ssr:stedsnr = 1062270: No priority spelling found for lang = no, using alt_name to get "[('no', 'Middagsåsen')]"
utility_to_osm - ERROR - ssr:stedsnr = 1062270. No positions found, skipping
utility_to_osm - WARNING - ssr:stedsnr = 1062273: No priority spelling found for lang = no, using alt_name to get "[('no', 'Østre Langerødvei')]"
utility_to_osm - ERROR - ssr:stedsnr = 1062273. No positions found, skipping
utility_to_osm - WARNING - ssr:stedsnr = 1062275: No priority spelling found for lang = no, using alt_name to get "[('no', 'Vestre Langerødvei')]"
utility_to_osm - ERROR - ssr:stedsnr = 1062275. No positions found, skipping
utility_to_osm - WARNING - ssr:stedsnr = 1062279: No priority spelling found for lang = no, using alt_name to get "[('no', 'Kjesebotnveien')]"
utility_to_osm - ERROR - ssr:stedsnr = 1062279. No positions found, skipping
utility_to_osm - WARNING - ssr:stedsnr = 1062282: No priority spelling found for lang = no, using alt_name to get "[('no', 'Lunnestadveien')]"
utility_to_osm - ERROR - ssr:stedsnr = 1062282. No positions found, skipping
utility_to_osm - WARNING - ssr:stedsnr = 1062285: No priority spelling found for lang = no, using alt_name to get "[('no', 'Vardeveien')]"
utility_to_osm - ERROR - ssr:stedsnr = 1062285. No positions found, skipping
utility_to_osm - WARNING - ssr:stedsnr = 1062287: No priority spelling found for lang = no, using alt_name to get "[('no', 'Lødengveien')]"
utility_to_osm - ERROR - ssr:stedsnr = 1062287. No positions found, skipping
utility_to_osm - WARNING - ssr:stedsnr = 1062290: No priority spelling found for lang = no, using alt_name to get "[('no', 'Sæbyveien')]"
utility_to_osm - ERROR - ssr:stedsnr = 1062290. No positions found, skipping
utility_to_osm - WARNING - ssr:stedsnr = 1062293: No priority spelling found for lang = no, using alt_name to get "[('no', 'Bergsjøveien')]"
utility_to_osm - ERROR - ssr:stedsnr = 1062293. No positions found, skipping
utility_to_osm - WARNING - ssr:stedsnr = 1062295: No priority spelling found for lang = no, using alt_name to get "[('no', 'Vestre Kjærnesvei')]"
utility_to_osm - ERROR - ssr:stedsnr = 1062295. No positions found, skipping
utility_to_osm - WARNING - ssr:stedsnr = 1062298: No priority spelling found for lang = no, using alt_name to get "[('no', 'Grepperødveien')]"
utility_to_osm - ERROR - ssr:stedsnr = 1062298. No positions found, skipping
utility_to_osm - WARNING - ssr:stedsnr = 1062301: No priority spelling found for lang = no, using alt_name to get "[('no', 'Syverødåsen')]"
utility_to_osm - ERROR - ssr:stedsnr = 1062301. No positions found, skipping
utility_to_osm - WARNING - ssr:stedsnr = 1062303: No priority spelling found for lang = no, using alt_name to get "[('no', 'Guthusveien')]"
utility_to_osm - ERROR - ssr:stedsnr = 1062303. No positions found, skipping
utility_to_osm - WARNING - ssr:stedsnr = 1062306: No priority spelling found for lang = no, using alt_name to get "[('no', 'Botnerveien')]"
utility_to_osm - ERROR - ssr:stedsnr = 1062306. No positions found, skipping
utility_to_osm - WARNING - ssr:stedsnr = 1062308: No priority spelling found for lang = no, using alt_name to get "[('no', 'Sønsterødveien')]"
utility_to_osm - ERROR - ssr:stedsnr = 1062308. No positions found, skipping
utility_to_osm - WARNING - ssr:stedsnr = 1062310: No priority spelling found for lang = no, using alt_name to get "[('no', 'Bliksøya')]"
utility_to_osm - ERROR - ssr:stedsnr = 1062310. No positions found, skipping
utility_to_osm - WARNING - ssr:stedsnr = 1062314: No priority spelling found for lang = no, using alt_name to get "[('no', 'Østre Kjærnesvei')]"
utility_to_osm - ERROR - ssr:stedsnr = 1062314. No positions found, skipping
utility_to_osm - WARNING - ssr:stedsnr = 1062316: No priority spelling found for lang = no, using alt_name to get "[('no', 'Kilenveien')]"
utility_to_osm - ERROR - ssr:stedsnr = 1062316. No positions found, skipping
utility_to_osm - WARNING - ssr:stedsnr = 1062318: No priority spelling found for lang = no, using alt_name to get "[('no', 'Bjørnerødveien')]"
utility_to_osm - ERROR - ssr:stedsnr = 1062318. No positions found, skipping
utility_to_osm - WARNING - ssr:stedsnr = 1062319: No priority spelling found for lang = no, using alt_name to get "[('no', 'Røstadveien')]"
utility_to_osm - ERROR - ssr:stedsnr = 1062319. No positions found, skipping
utility_to_osm - WARNING - ssr:stedsnr = 1062321: No priority spelling found for lang = no, using alt_name to get "[('no', 'Langebråteveien')]"
utility_to_osm - ERROR - ssr:stedsnr = 1062321. No positions found, skipping
utility_to_osm - WARNING - ssr:stedsnr = 1062324: No priority spelling found for lang = no, using alt_name to get "[('no', 'Brattenga')]"
utility_to_osm - ERROR - ssr:stedsnr = 1062324. No positions found, skipping
utility_to_osm - WARNING - ssr:stedsnr = 1062326: No priority spelling found for lang = no, using alt_name to get "[('no', 'Skirød')]"
utility_to_osm - ERROR - ssr:stedsnr = 1062326. No positions found, skipping
utility_to_osm - WARNING - ssr:stedsnr = 1062329: No priority spelling found for lang = no, using alt_name to get "[('no', 'Østenrødveien')]"
utility_to_osm - ERROR - ssr:stedsnr = 1062329. No positions found, skipping
utility_to_osm - WARNING - ssr:stedsnr = 1062332: No priority spelling found for lang = no, using alt_name to get "[('no', 'Stangerenga')]"
utility_to_osm - ERROR - ssr:stedsnr = 1062332. No positions found, skipping
utility_to_osm - WARNING - ssr:stedsnr = 1062410: No priority spelling found for lang = no, using alt_name to get "[('no', 'Martinesvei')]"
utility_to_osm - ERROR - ssr:stedsnr = 1062410. No positions found, skipping
utility_to_osm - WARNING - ssr:stedsnr = 1062413: No priority spelling found for lang = no, using alt_name to get "[('no', 'Trollerudveien')]"
utility_to_osm - ERROR - ssr:stedsnr = 1062413. No positions found, skipping
utility_to_osm - WARNING - ssr:stedsnr = 1062422: No priority spelling found for lang = no, using alt_name to get "[('no', 'Alpinveien')]"
utility_to_osm - ERROR - ssr:stedsnr = 1062422. No positions found, skipping
utility_to_osm - WARNING - ssr:stedsnr = 1062424: No priority spelling found for lang = no, using alt_name to get "[('no', 'Gressøya')]"
utility_to_osm - WARNING - ssr:stedsnr = 1062426: No priority spelling found for lang = no, using alt_name to get "[('no', 'Ellenøy')]"
utility_to_osm - WARNING - ssr:stedsnr = 1062429: No priority spelling found for lang = no, using alt_name to get "[('no', 'Østenrødøya')]"
utility_to_osm - WARNING - ssr:stedsnr = 1062432: No priority spelling found for lang = no, using alt_name to get "[('no', 'Bråtenveien')]"
utility_to_osm - WARNING - ssr:stedsnr = 1062434: No priority spelling found for lang = no, using alt_name to get "[('no', 'Sandå')]"
utility_to_osm - ERROR - ssr:stedsnr = 1062488. No positions found, skipping
utility_to_osm - WARNING - ssr:stedsnr = 1062490: No priority spelling found for lang = no, using alt_name to get "[('no', 'Folkestadstubben')]"
utility_to_osm - ERROR - ssr:stedsnr = 1062490. No positions found, skipping
utility_to_osm - WARNING - ssr:stedsnr = 1062493: No priority spelling found for lang = no, using alt_name to get "[('no', 'Folkestadlia')]"
utility_to_osm - ERROR - ssr:stedsnr = 1062493. No positions found, skipping
utility_to_osm - WARNING - ssr:stedsnr = 1062495: No priority spelling found for lang = no, using alt_name to get "[('no', 'Folkestadtoppen')]"
utility_to_osm - ERROR - ssr:stedsnr = 1062495. No positions found, skipping
utility_to_osm - WARNING - ssr:stedsnr = 1062497: No priority spelling found for lang = no, using alt_name to get "[('no', 'Folkestadåsen')]"
utility_to_osm - ERROR - ssr:stedsnr = 1062497. No positions found, skipping
utility_to_osm - ERROR - ssr:stedsnr = 1062504. No positions found, skipping
utility_to_osm - ERROR - ssr:stedsnr = 1062506. No positions found, skipping
utility_to_osm - ERROR - ssr:stedsnr = 1062509. No positions found, skipping
utility_to_osm - WARNING - ssr:stedsnr = 1062589: No priority spelling found for lang = no, using alt_name to get "[('no', 'Femtegjeldveien')]"
utility_to_osm - ERROR - ssr:stedsnr = 1062589. No positions found, skipping
utility_to_osm - WARNING - ssr:stedsnr = 1062591: No priority spelling found for lang = no, using alt_name to get "[('no', 'Ødegårdveien')]"
utility_to_osm - ERROR - ssr:stedsnr = 1062591. No positions found, skipping
utility_to_osm - WARNING - ssr:stedsnr = 1062596: No priority spelling found for lang = no, using alt_name to get "[('no', 'Vålerveien')]"
utility_to_osm - ERROR - ssr:stedsnr = 1062596. No positions found, skipping
utility_to_osm - WARNING - ssr:stedsnr = 1062600: No priority spelling found for lang = no, using alt_name to get "[('no', 'Vensåsen')]"
utility_to_osm - ERROR - ssr:stedsnr = 1062600. No positions found, skipping
utility_to_osm - WARNING - ssr:stedsnr = 1062604: No priority spelling found for lang = no, using alt_name to get "[('no', 'Fledsbergveien')]"
utility_to_osm - ERROR - ssr:stedsnr = 1062604. No positions found, skipping
utility_to_osm - WARNING - ssr:stedsnr = 1062559: No priority spelling found for lang = no, using alt_name to get "[('no', 'Nordbybråten')]"
utility_to_osm - ERROR - ssr:stedsnr = 1062559. No positions found, skipping
utility_to_osm - WARNING - ssr:stedsnr = 1062563: No priority spelling found for lang = no, using alt_name to get "[('no', 'Wæhliveien')]"
utility_to_osm - ERROR - ssr:stedsnr = 1062563. No positions found, skipping
utility_to_osm - WARNING - ssr:stedsnr = 1062567: No priority spelling found for lang = no, using alt_name to get "[('no', 'Navestadveien')]"
utility_to_osm - ERROR - ssr:stedsnr = 1062567. No positions found, skipping
utility_to_osm - WARNING - ssr:stedsnr = 1062574: No priority spelling found for lang = no, using alt_name to get "[('no', 'Stangerveien')]"
utility_to_osm - ERROR - ssr:stedsnr = 1062574. No positions found, skipping
utility_to_osm - WARNING - ssr:stedsnr = 1062579: No priority spelling found for lang = no, using alt_name to get "[('no', 'Vastvetveien')]"
utility_to_osm - ERROR - ssr:stedsnr = 1062579. No positions found, skipping
utility_to_osm - WARNING - ssr:stedsnr = 1062582: No priority spelling found for lang = no, using alt_name to get "[('no', 'Skjønnerødveien')]"
utility_to_osm - ERROR - ssr:stedsnr = 1062582. No positions found, skipping
utility_to_osm - WARNING - ssr:stedsnr = 1062638: No priority spelling found for lang = no, using alt_name to get "[('no', 'Bergskrenten')]"
utility_to_osm - ERROR - ssr:stedsnr = 1062638. No positions found, skipping
utility_to_osm - WARNING - ssr:stedsnr = 1062641: No priority spelling found for lang = no, using alt_name to get "[('no', 'Kirkeveien')]"
utility_to_osm - ERROR - ssr:stedsnr = 1062641. No positions found, skipping
utility_to_osm - WARNING - ssr:stedsnr = 1062645: No priority spelling found for lang = no, using alt_name to get "[('no', 'Sjulerødveien')]"
utility_to_osm - ERROR - ssr:stedsnr = 1062645. No positions found, skipping
utility_to_osm - WARNING - ssr:stedsnr = 1062648: No priority spelling found for lang = no, using alt_name to get "[('no', 'Veidalveien')]"
utility_to_osm - ERROR - ssr:stedsnr = 1062648. No positions found, skipping
utility_to_osm - WARNING - ssr:stedsnr = 1062650: No priority spelling found for lang = no, using alt_name to get "[('no', 'Fredriks vei')]"
utility_to_osm - ERROR - ssr:stedsnr = 1062650. No positions found, skipping
utility_to_osm - WARNING - ssr:stedsnr = 1062653: No priority spelling found for lang = no, using alt_name to get "[('no', 'Kasperveien')]"
utility_to_osm - ERROR - ssr:stedsnr = 1062653. No positions found, skipping
utility_to_osm - WARNING - ssr:stedsnr = 1062660: No priority spelling found for lang = no, using alt_name to get "[('no', 'Ileveien')]"
utility_to_osm - ERROR - ssr:stedsnr = 1062660. No positions found, skipping
utility_to_osm - WARNING - ssr:stedsnr = 1062664: No priority spelling found for lang = no, using alt_name to get "[('no', 'Røedlia')]"
utility_to_osm - ERROR - ssr:stedsnr = 1062664. No positions found, skipping
utility_to_osm - WARNING - ssr:stedsnr = 1062672: No priority spelling found for lang = no, using alt_name to get "[('no', 'Augerødveien')]"
utility_to_osm - ERROR - ssr:stedsnr = 1062672. No positions found, skipping
utility_to_osm - WARNING - ssr:stedsnr = 1062676: No priority spelling found for lang = no, using alt_name to get "[('no', 'Røedåsen')]"
utility_to_osm - ERROR - ssr:stedsnr = 1062676. No positions found, skipping
utility_to_osm - WARNING - ssr:stedsnr = 1062680: No priority spelling found for lang = no, using alt_name to get "[('no', 'Gravveien')]"
utility_to_osm - ERROR - ssr:stedsnr = 1062680. No positions found, skipping
utility_to_osm - ERROR - ssr:stedsnr = 1062736. No positions found, skipping
utility_to_osm - ERROR - ssr:stedsnr = 1062739. No positions found, skipping
utility_to_osm - WARNING - ssr:stedsnr = 1062742: No priority spelling found for lang = no, using alt_name to get "[('no', 'Folkestadhøgda')]"
utility_to_osm - ERROR - ssr:stedsnr = 1062742. No positions found, skipping
utility_to_osm - ERROR - ssr:stedsnr = 1062746. No positions found, skipping
utility_to_osm - ERROR - ssr:stedsnr = 1062749. No positions found, skipping
utility_to_osm - ERROR - ssr:stedsnr = 1062752. No positions found, skipping
utility_to_osm - WARNING - ssr:stedsnr = 1062756: No priority spelling found for lang = no, using alt_name to get "[('no', 'Trollstien')]"
utility_to_osm - ERROR - ssr:stedsnr = 1062756. No positions found, skipping
utility_to_osm - ERROR - ssr:stedsnr = 1062760. No positions found, skipping
utility_to_osm - WARNING - ssr:stedsnr = 1062608: No priority spelling found for lang = no, using alt_name to get "[('no', 'Kjosveien')]"
utility_to_osm - ERROR - ssr:stedsnr = 1062608. No positions found, skipping
utility_to_osm - WARNING - ssr:stedsnr = 1062611: No priority spelling found for lang = no, using alt_name to get "[('no', 'Risheimveien')]"
utility_to_osm - ERROR - ssr:stedsnr = 1062611. No positions found, skipping
utility_to_osm - WARNING - ssr:stedsnr = 1062616: No priority spelling found for lang = no, using alt_name to get "[('no', 'Kjellabråten')]"
utility_to_osm - ERROR - ssr:stedsnr = 1062616. No positions found, skipping
utility_to_osm - WARNING - ssr:stedsnr = 1062622: No priority spelling found for lang = no, using alt_name to get "[('no', 'Skiptvetveien')]"
utility_to_osm - ERROR - ssr:stedsnr = 1062622. No positions found, skipping
utility_to_osm - WARNING - ssr:stedsnr = 1062629: No priority spelling found for lang = no, using alt_name to get "[('no', 'Håkons vei')]"
utility_to_osm - ERROR - ssr:stedsnr = 1062629. No positions found, skipping
utility_to_osm - WARNING - ssr:stedsnr = 1062632: No priority spelling found for lang = no, using alt_name to get "[('no', 'Augerødlia')]"
utility_to_osm - ERROR - ssr:stedsnr = 1062632. No positions found, skipping
utility_to_osm - WARNING - ssr:stedsnr = 1062635: No priority spelling found for lang = no, using alt_name to get "[('no', 'Skoleveien')]"
utility_to_osm - ERROR - ssr:stedsnr = 1062635. No positions found, skipping
utility_to_osm - WARNING - ssr:stedsnr = 1062688: No priority spelling found for lang = no, using alt_name to get "[('no', 'Nedre Bogtrevei')]"
utility_to_osm - ERROR - ssr:stedsnr = 1062688. No positions found, skipping
utility_to_osm - WARNING - ssr:stedsnr = 1062692: No priority spelling found for lang = no, using alt_name to get "[('no', 'Tømmerveien')]"
utility_to_osm - ERROR - ssr:stedsnr = 1062692. No positions found, skipping
utility_to_osm - WARNING - ssr:stedsnr = 1062694: No priority spelling found for lang = no, using alt_name to get "[('no', 'Sandåslia')]"
utility_to_osm - ERROR - ssr:stedsnr = 1062694. No positions found, skipping
utility_to_osm - WARNING - ssr:stedsnr = 1062697: No priority spelling found for lang = no, using alt_name to get "[('no', 'Augerødkollen')]"
utility_to_osm - ERROR - ssr:stedsnr = 1062697. No positions found, skipping
utility_to_osm - WARNING - ssr:stedsnr = 1062701: No priority spelling found for lang = no, using alt_name to get "[('no', 'Augerødbakken')]"
utility_to_osm - ERROR - ssr:stedsnr = 1062701. No positions found, skipping
utility_to_osm - WARNING - ssr:stedsnr = 1062703: No priority spelling found for lang = no, using alt_name to get "[('no', 'Augerødneset')]"
utility_to_osm - ERROR - ssr:stedsnr = 1062703. No positions found, skipping
utility_to_osm - WARNING - ssr:stedsnr = 1062706: No priority spelling found for lang = no, using alt_name to get "[('no', 'Kornveien')]"
utility_to_osm - ERROR - ssr:stedsnr = 1062706. No positions found, skipping
utility_to_osm - WARNING - ssr:stedsnr = 1062709: No priority spelling found for lang = no, using alt_name to get "[('no', 'Folkestadbakken')]"
utility_to_osm - ERROR - ssr:stedsnr = 1062709. No positions found, skipping
utility_to_osm - ERROR - ssr:stedsnr = 1062713. No positions found, skipping
utility_to_osm - ERROR - ssr:stedsnr = 1062717. No positions found, skipping
utility_to_osm - ERROR - ssr:stedsnr = 1062720. No positions found, skipping
utility_to_osm - WARNING - ssr:stedsnr = 1062727: No priority spelling found for lang = no, using alt_name to get "[('no', 'Våkkroken')]"
utility_to_osm - ERROR - ssr:stedsnr = 1062727. No positions found, skipping
utility_to_osm - WARNING - ssr:stedsnr = 1062730: No priority spelling found for lang = no, using alt_name to get "[('no', 'Rødveien')]"
utility_to_osm - ERROR - ssr:stedsnr = 1062730. No positions found, skipping
utility_to_osm - WARNING - ssr:stedsnr = 1062733: No priority spelling found for lang = no, using alt_name to get "[('no', 'Engveien')]"
utility_to_osm - ERROR - ssr:stedsnr = 1062733. No positions found, skipping
utility_to_osm - ERROR - ssr:stedsnr = 1062763. No positions found, skipping
utility_to_osm - ERROR - ssr:stedsnr = 1062767. No positions found, skipping
utility_to_osm - ERROR - ssr:stedsnr = 1062770. No positions found, skipping
utility_to_osm - ERROR - ssr:stedsnr = 1062772. No positions found, skipping
utility_to_osm - ERROR - ssr:stedsnr = 1062774. No positions found, skipping
utility_to_osm - ERROR - ssr:stedsnr = 1062777. No positions found, skipping
utility_to_osm - ERROR - ssr:stedsnr = 1062781. No positions found, skipping
utility_to_osm - WARNING - ssr:stedsnr = 1074403: No priority spelling found for lang = no, using alt_name to get "[('no', 'Viken fylke')]"
utility_to_osm - WARNING - ssr:stedsnr = 1074753: No priority spelling found for lang = no, using alt_name to get "[('no', 'Asbjørnåsen naturreservat')]"
utility_to_osm - WARNING - ssr:stedsnr = 1078276: No priority spelling found for lang = no, using alt_name to get "[('no', 'Knuts vei')]"
utility_to_osm - WARNING - ssr:stedsnr = 1078277: No priority spelling found for lang = no, using alt_name to get "[('no', 'Borgaråsen')]"
utility_to_osm - WARNING - ssr:stedsnr = 1081246: No priority spelling found for lang = no, using alt_name to get "[('no', 'Klokkersvingen')]"
