utility_to_osm - WARNING - ssr:stedsnr = 4110 has multiple (3) positions, using the first one!
utility_to_osm - WARNING - ssr:stedsnr = 5919 has multiple (4) positions, using the first one!
utility_to_osm - ERROR - ssr:stedsnr = 6895: Adding multiple names to name tag, this is not OK! name = "Nedre Steinlausa;Nedre Steinlaussetra"
utility_to_osm - WARNING - ssr:stedsnr = 65302: No priority spelling found for lang = no, using alt_name to get "[('no', 'Manaskardet')]"
utility_to_osm - ERROR - ssr:stedsnr = 65698: Adding multiple names to name tag, this is not OK! name = "Kongelv;Veisten"
utility_to_osm - ERROR - ssr:stedsnr = 83026: Adding multiple names to name tag, this is not OK! name = "Holmevatnet;Niskinnvatnet"
utility_to_osm - WARNING - ssr:stedsnr = 87074 has multiple (2) positions, using the first one!
utility_to_osm - ERROR - ssr:stedsnr = 87692. No positions found, skipping
utility_to_osm - ERROR - ssr:stedsnr = 87906. No positions found, skipping
utility_to_osm - ERROR - ssr:stedsnr = 88612. No positions found, skipping
utility_to_osm - WARNING - ssr:stedsnr = 247438 has multiple (3) positions, using the first one!
utility_to_osm - ERROR - ssr:stedsnr = 116117. No positions found, skipping
utility_to_osm - WARNING - ssr:stedsnr = 186111 has multiple (3) positions, using the first one!
utility_to_osm - WARNING - ssr:stedsnr = 186751 has multiple (2) positions, using the first one!
utility_to_osm - WARNING - ssr:stedsnr = 187405 has multiple (2) positions, using the first one!
utility_to_osm - WARNING - ssr:stedsnr = 188476 has multiple (3) positions, using the first one!
utility_to_osm - WARNING - ssr:stedsnr = 204540 has multiple (3) positions, using the first one!
utility_to_osm - WARNING - ssr:stedsnr = 222326 has multiple (3) positions, using the first one!
utility_to_osm - ERROR - ssr:stedsnr = 223940. No positions found, skipping
utility_to_osm - WARNING - ssr:stedsnr = 228813 has multiple (2) positions, using the first one!
utility_to_osm - WARNING - ssr:stedsnr = 247026 has multiple (3) positions, using the first one!
utility_to_osm - WARNING - ssr:stedsnr = 247076 has multiple (2) positions, using the first one!
utility_to_osm - WARNING - ssr:stedsnr = 247077 has multiple (3) positions, using the first one!
utility_to_osm - WARNING - ssr:stedsnr = 247269 has multiple (13) positions, using the first one!
utility_to_osm - WARNING - ssr:stedsnr = 248409 has multiple (3) positions, using the first one!
utility_to_osm - ERROR - ssr:stedsnr = 301914. No positions found, skipping
utility_to_osm - ERROR - ssr:stedsnr = 464398. No positions found, skipping
utility_to_osm - WARNING - ssr:stedsnr = 307104 has multiple (2) positions, using the first one!
utility_to_osm - WARNING - ssr:stedsnr = 307260 has multiple (4) positions, using the first one!
utility_to_osm - WARNING - ssr:stedsnr = 308315 has multiple (2) positions, using the first one!
utility_to_osm - WARNING - ssr:stedsnr = 309484 has multiple (2) positions, using the first one!
utility_to_osm - ERROR - ssr:stedsnr = 466960. No positions found, skipping
utility_to_osm - ERROR - ssr:stedsnr = 330703. No positions found, skipping
utility_to_osm - WARNING - ssr:stedsnr = 368285 has multiple (2) positions, using the first one!
utility_to_osm - ERROR - ssr:stedsnr = 368310: Adding multiple names to name tag, this is not OK! name = "Bråtan;Storbråtan"
utility_to_osm - WARNING - ssr:stedsnr = 404191 has multiple (2) positions, using the first one!
utility_to_osm - WARNING - ssr:stedsnr = 489124 has multiple (5) positions, using the first one!
utility_to_osm - WARNING - ssr:stedsnr = 423993: No priority spelling found for lang = no, using alt_name to get "[('no', 'Bjerkelia')]"
utility_to_osm - ERROR - ssr:stedsnr = 423993. No positions found, skipping
utility_to_osm - WARNING - ssr:stedsnr = 490260 has multiple (2) positions, using the first one!
utility_to_osm - WARNING - ssr:stedsnr = 490264 has multiple (2) positions, using the first one!
utility_to_osm - WARNING - ssr:stedsnr = 429449 has multiple (2) positions, using the first one!
utility_to_osm - WARNING - ssr:stedsnr = 491244 has multiple (6) positions, using the first one!
utility_to_osm - WARNING - ssr:stedsnr = 671459 has multiple (3) positions, using the first one!
utility_to_osm - WARNING - ssr:stedsnr = 672674 has multiple (2) positions, using the first one!
utility_to_osm - WARNING - ssr:stedsnr = 672343: No priority spelling found for lang = no, using alt_name to get "[('no', 'Manaskardbekken')]"
utility_to_osm - WARNING - ssr:stedsnr = 490412 has multiple (2) positions, using the first one!
utility_to_osm - ERROR - ssr:stedsnr = 509559. No positions found, skipping
utility_to_osm - ERROR - ssr:stedsnr = 509565. No positions found, skipping
utility_to_osm - WARNING - ssr:stedsnr = 512723 has multiple (2) positions, using the first one!
utility_to_osm - ERROR - ssr:stedsnr = 693844. No positions found, skipping
utility_to_osm - ERROR - ssr:stedsnr = 695696. No positions found, skipping
utility_to_osm - ERROR - ssr:stedsnr = 587674. No positions found, skipping
utility_to_osm - WARNING - ssr:stedsnr = 611972 has multiple (2) positions, using the first one!
utility_to_osm - ERROR - ssr:stedsnr = 630544. No positions found, skipping
utility_to_osm - ERROR - ssr:stedsnr = 632910. No positions found, skipping
utility_to_osm - WARNING - ssr:stedsnr = 708753: No priority spelling found for lang = no, using alt_name to get "[('no', 'Oslograbenen')]"
utility_to_osm - ERROR - ssr:stedsnr = 661110. No positions found, skipping
utility_to_osm - ERROR - ssr:stedsnr = 709640. No positions found, skipping
utility_to_osm - WARNING - ssr:stedsnr = 671033 has multiple (2) positions, using the first one!
utility_to_osm - WARNING - ssr:stedsnr = 671044 has multiple (2) positions, using the first one!
utility_to_osm - WARNING - ssr:stedsnr = 672316 has multiple (3) positions, using the first one!
utility_to_osm - WARNING - ssr:stedsnr = 891118: No priority spelling found for lang = no, using alt_name to get "[('no', 'Urdskleiva')]"
utility_to_osm - WARNING - ssr:stedsnr = 690634 has multiple (3) positions, using the first one!
utility_to_osm - ERROR - ssr:stedsnr = 692433. No positions found, skipping
utility_to_osm - ERROR - ssr:stedsnr = 694672. No positions found, skipping
utility_to_osm - ERROR - ssr:stedsnr = 695672. No positions found, skipping
utility_to_osm - ERROR - ssr:stedsnr = 695675. No positions found, skipping
utility_to_osm - WARNING - ssr:stedsnr = 732110 has multiple (2) positions, using the first one!
utility_to_osm - WARNING - ssr:stedsnr = 733317 has multiple (3) positions, using the first one!
utility_to_osm - ERROR - ssr:stedsnr = 753565. No positions found, skipping
utility_to_osm - ERROR - ssr:stedsnr = 783102. No positions found, skipping
utility_to_osm - ERROR - ssr:stedsnr = 793108: Adding multiple names to name tag, this is not OK! name = "Rønningen;Rønningsetra"
utility_to_osm - WARNING - ssr:stedsnr = 793108 has multiple (3) positions, using the first one!
utility_to_osm - WARNING - ssr:stedsnr = 794383 has multiple (2) positions, using the first one!
utility_to_osm - WARNING - ssr:stedsnr = 915391 has multiple (3) positions, using the first one!
utility_to_osm - WARNING - ssr:stedsnr = 915682 has multiple (3) positions, using the first one!
utility_to_osm - ERROR - ssr:stedsnr = 815536. No positions found, skipping
utility_to_osm - WARNING - ssr:stedsnr = 842184 has multiple (3) positions, using the first one!
utility_to_osm - WARNING - ssr:stedsnr = 854097 has multiple (2) positions, using the first one!
utility_to_osm - WARNING - ssr:stedsnr = 854245 has multiple (2) positions, using the first one!
utility_to_osm - WARNING - ssr:stedsnr = 854452 has multiple (2) positions, using the first one!
utility_to_osm - WARNING - ssr:stedsnr = 876709: No priority spelling found for lang = no, using alt_name to get "[('no', 'Gygerputten')]"
utility_to_osm - WARNING - ssr:stedsnr = 914030 has multiple (3) positions, using the first one!
utility_to_osm - WARNING - ssr:stedsnr = 914110 has multiple (3) positions, using the first one!
utility_to_osm - WARNING - ssr:stedsnr = 914113 has multiple (15) positions, using the first one!
utility_to_osm - WARNING - ssr:stedsnr = 915307 has multiple (2) positions, using the first one!
utility_to_osm - WARNING - ssr:stedsnr = 915921 has multiple (2) positions, using the first one!
utility_to_osm - ERROR - ssr:stedsnr = 934550. No positions found, skipping
utility_to_osm - ERROR - ssr:stedsnr = 968994. No positions found, skipping
utility_to_osm - WARNING - ssr:stedsnr = 985403: No priority spelling found for lang = no, using alt_name to get "[('no', 'Storøysundet - Sælabonn naturreservat')]"
utility_to_osm - WARNING - ssr:stedsnr = 985404: No priority spelling found for lang = no, using alt_name to get "[('no', 'Steinsfjorden biotopvernområde')]"
utility_to_osm - WARNING - ssr:stedsnr = 985405: No priority spelling found for lang = no, using alt_name to get "[('no', 'Steinsvika naturreservat')]"
utility_to_osm - WARNING - ssr:stedsnr = 988665: No priority spelling found for lang = no, using alt_name to get "[('no', 'Skausvingen')]"
utility_to_osm - WARNING - ssr:stedsnr = 989575: No priority spelling found for lang = no, using alt_name to get "[('no', 'Kleivstadgata')]"
utility_to_osm - ERROR - ssr:stedsnr = 989575. No positions found, skipping
utility_to_osm - WARNING - ssr:stedsnr = 4058 has multiple (3) positions, using the first one!
utility_to_osm - WARNING - ssr:stedsnr = 4290 has multiple (2) positions, using the first one!
utility_to_osm - WARNING - ssr:stedsnr = 4741 has multiple (2) positions, using the first one!
utility_to_osm - WARNING - ssr:stedsnr = 4748 has multiple (3) positions, using the first one!
utility_to_osm - WARNING - ssr:stedsnr = 5650 has multiple (10) positions, using the first one!
utility_to_osm - WARNING - ssr:stedsnr = 5348 has multiple (2) positions, using the first one!
utility_to_osm - ERROR - ssr:stedsnr = 26676. No positions found, skipping
utility_to_osm - ERROR - ssr:stedsnr = 26654. No positions found, skipping
utility_to_osm - ERROR - ssr:stedsnr = 41956. No positions found, skipping
utility_to_osm - WARNING - ssr:stedsnr = 42968: No priority spelling found for lang = no, using alt_name to get "[('no', 'Patruljeveien')]"
utility_to_osm - ERROR - ssr:stedsnr = 42968. No positions found, skipping
utility_to_osm - WARNING - ssr:stedsnr = 60491: No priority spelling found for lang = no, using alt_name to get "[('no', 'Djupdalen og Kjaglidalen naturreservat')]"
utility_to_osm - WARNING - ssr:stedsnr = 64485 has multiple (3) positions, using the first one!
utility_to_osm - WARNING - ssr:stedsnr = 65097 has multiple (2) positions, using the first one!
utility_to_osm - WARNING - ssr:stedsnr = 65725 has multiple (2) positions, using the first one!
utility_to_osm - WARNING - ssr:stedsnr = 65023 has multiple (12) positions, using the first one!
utility_to_osm - WARNING - ssr:stedsnr = 65335 has multiple (2) positions, using the first one!
utility_to_osm - WARNING - ssr:stedsnr = 66957 has multiple (4) positions, using the first one!
utility_to_osm - WARNING - ssr:stedsnr = 85435 has multiple (2) positions, using the first one!
utility_to_osm - WARNING - ssr:stedsnr = 85442: No priority spelling found for lang = no, using alt_name to get "[('no', 'Kronprinsens utsikt')]"
utility_to_osm - WARNING - ssr:stedsnr = 85442 has multiple (2) positions, using the first one!
utility_to_osm - WARNING - ssr:stedsnr = 103968: No priority spelling found for lang = no, using alt_name to get "[('no', 'Kapteinveien')]"
utility_to_osm - ERROR - ssr:stedsnr = 103968. No positions found, skipping
utility_to_osm - WARNING - ssr:stedsnr = 103971: No priority spelling found for lang = no, using alt_name to get "[('no', 'Munchs vei')]"
utility_to_osm - ERROR - ssr:stedsnr = 103971. No positions found, skipping
utility_to_osm - WARNING - ssr:stedsnr = 120957: No priority spelling found for lang = no, using alt_name to get "[('no', 'Kampeseterveien')]"
utility_to_osm - ERROR - ssr:stedsnr = 120957. No positions found, skipping
utility_to_osm - WARNING - ssr:stedsnr = 126286 has multiple (2) positions, using the first one!
utility_to_osm - ERROR - ssr:stedsnr = 146749. No positions found, skipping
utility_to_osm - ERROR - ssr:stedsnr = 146834. No positions found, skipping
utility_to_osm - WARNING - ssr:stedsnr = 147346 has multiple (2) positions, using the first one!
utility_to_osm - ERROR - ssr:stedsnr = 162780: Adding multiple names to name tag, this is not OK! name = "Nedre Steinlausa;Steinlaussetra"
utility_to_osm - WARNING - ssr:stedsnr = 179992 has multiple (3) positions, using the first one!
utility_to_osm - ERROR - ssr:stedsnr = 186089: Adding multiple names to name tag, this is not OK! name = "Plassevatnet;Toresplasstjern"
utility_to_osm - WARNING - ssr:stedsnr = 186089 has multiple (2) positions, using the first one!
utility_to_osm - WARNING - ssr:stedsnr = 186299 has multiple (2) positions, using the first one!
utility_to_osm - WARNING - ssr:stedsnr = 186723 has multiple (2) positions, using the first one!
utility_to_osm - ERROR - ssr:stedsnr = 207430. No positions found, skipping
utility_to_osm - ERROR - ssr:stedsnr = 209698: Adding multiple names to name tag, this is not OK! name = "Steinssletta;Steinsgata"
utility_to_osm - ERROR - ssr:stedsnr = 209672. No positions found, skipping
utility_to_osm - WARNING - ssr:stedsnr = 224974: No priority spelling found for lang = no, using alt_name to get "[('no', 'Magasinveien')]"
utility_to_osm - ERROR - ssr:stedsnr = 224974. No positions found, skipping
utility_to_osm - ERROR - ssr:stedsnr = 284669. No positions found, skipping
utility_to_osm - WARNING - ssr:stedsnr = 307095 has multiple (3) positions, using the first one!
utility_to_osm - ERROR - ssr:stedsnr = 329937. No positions found, skipping
utility_to_osm - WARNING - ssr:stedsnr = 347743: No priority spelling found for lang = no, using alt_name to get "[('no', 'Skartunnelen')]"
utility_to_osm - ERROR - ssr:stedsnr = 347743. No positions found, skipping
utility_to_osm - WARNING - ssr:stedsnr = 369876 has multiple (2) positions, using the first one!
utility_to_osm - WARNING - ssr:stedsnr = 389767: No priority spelling found for lang = no, using alt_name to get "[('no', 'Kjellerberget')]"
utility_to_osm - WARNING - ssr:stedsnr = 390355: No priority spelling found for lang = no, using alt_name to get "[('no', 'Dalakøya')]"
utility_to_osm - ERROR - ssr:stedsnr = 391680. No positions found, skipping
utility_to_osm - ERROR - ssr:stedsnr = 406651. No positions found, skipping
utility_to_osm - ERROR - ssr:stedsnr = 408678. No positions found, skipping
utility_to_osm - WARNING - ssr:stedsnr = 430390: No priority spelling found for lang = no, using alt_name to get "[('no', 'Kløvvika')]"
utility_to_osm - WARNING - ssr:stedsnr = 430872 has multiple (2) positions, using the first one!
utility_to_osm - WARNING - ssr:stedsnr = 512343 has multiple (2) positions, using the first one!
utility_to_osm - ERROR - ssr:stedsnr = 512727. No positions found, skipping
utility_to_osm - ERROR - ssr:stedsnr = 512730. No positions found, skipping
utility_to_osm - ERROR - ssr:stedsnr = 525526. No positions found, skipping
utility_to_osm - WARNING - ssr:stedsnr = 538971 has multiple (2) positions, using the first one!
utility_to_osm - WARNING - ssr:stedsnr = 550442 has multiple (3) positions, using the first one!
utility_to_osm - WARNING - ssr:stedsnr = 551388 has multiple (2) positions, using the first one!
utility_to_osm - WARNING - ssr:stedsnr = 551891 has multiple (3) positions, using the first one!
utility_to_osm - WARNING - ssr:stedsnr = 566177 has multiple (3) positions, using the first one!
utility_to_osm - WARNING - ssr:stedsnr = 570438: No priority spelling found for lang = no, using alt_name to get "[('no', 'Humledal')]"
utility_to_osm - WARNING - ssr:stedsnr = 570438 has multiple (4) positions, using the first one!
utility_to_osm - ERROR - ssr:stedsnr = 570547. No positions found, skipping
utility_to_osm - WARNING - ssr:stedsnr = 571486 has multiple (2) positions, using the first one!
utility_to_osm - ERROR - ssr:stedsnr = 573638. No positions found, skipping
utility_to_osm - WARNING - ssr:stedsnr = 587683: No priority spelling found for lang = no, using alt_name to get "[('no', 'Hans Grenaders vei')]"
utility_to_osm - ERROR - ssr:stedsnr = 587683. No positions found, skipping
utility_to_osm - ERROR - ssr:stedsnr = 587684. No positions found, skipping
utility_to_osm - WARNING - ssr:stedsnr = 604997: No priority spelling found for lang = no, using alt_name to get "[('no', 'Tunnelkleiva')]"
utility_to_osm - WARNING - ssr:stedsnr = 611759 has multiple (4) positions, using the first one!
utility_to_osm - ERROR - ssr:stedsnr = 631508. No positions found, skipping
utility_to_osm - WARNING - ssr:stedsnr = 631867: No priority spelling found for lang = no, using alt_name to get "[('no', 'Skaret')]"
utility_to_osm - ERROR - ssr:stedsnr = 632748. No positions found, skipping
utility_to_osm - ERROR - ssr:stedsnr = 646519. No positions found, skipping
utility_to_osm - ERROR - ssr:stedsnr = 648929. No positions found, skipping
utility_to_osm - ERROR - ssr:stedsnr = 665998. No positions found, skipping
utility_to_osm - WARNING - ssr:stedsnr = 732462 has multiple (30) positions, using the first one!
utility_to_osm - WARNING - ssr:stedsnr = 733318 has multiple (2) positions, using the first one!
utility_to_osm - WARNING - ssr:stedsnr = 733276 has multiple (2) positions, using the first one!
utility_to_osm - ERROR - ssr:stedsnr = 752573. No positions found, skipping
utility_to_osm - ERROR - ssr:stedsnr = 753848. No positions found, skipping
utility_to_osm - ERROR - ssr:stedsnr = 754572. No positions found, skipping
utility_to_osm - WARNING - ssr:stedsnr = 770983: No priority spelling found for lang = no, using alt_name to get "[('no', 'Regimentsveien')]"
utility_to_osm - ERROR - ssr:stedsnr = 770983. No positions found, skipping
utility_to_osm - WARNING - ssr:stedsnr = 783794: No priority spelling found for lang = no, using alt_name to get "[('no', 'Soria Moriaveien')]"
utility_to_osm - ERROR - ssr:stedsnr = 783794. No positions found, skipping
utility_to_osm - WARNING - ssr:stedsnr = 793086 has multiple (3) positions, using the first one!
utility_to_osm - WARNING - ssr:stedsnr = 793262 has multiple (2) positions, using the first one!
utility_to_osm - WARNING - ssr:stedsnr = 793346 has multiple (2) positions, using the first one!
utility_to_osm - WARNING - ssr:stedsnr = 815368: No priority spelling found for lang = no, using alt_name to get "[('no', 'Nes-Mørkgonga'), ('no', 'Mørkgonga')]"
utility_to_osm - ERROR - ssr:stedsnr = 815368: Adding multiple names to name tag, this is not OK! name = "Nes-Mørkgonga;Mørkgonga"
utility_to_osm - ERROR - ssr:stedsnr = 816727. No positions found, skipping
utility_to_osm - WARNING - ssr:stedsnr = 842956 has multiple (5) positions, using the first one!
utility_to_osm - WARNING - ssr:stedsnr = 843943: No priority spelling found for lang = no, using alt_name to get "[('no', 'Kampesetra')]"
utility_to_osm - WARNING - ssr:stedsnr = 843943 has multiple (5) positions, using the first one!
utility_to_osm - WARNING - ssr:stedsnr = 849439: No priority spelling found for lang = no, using alt_name to get "[('no', 'Røers vei')]"
utility_to_osm - ERROR - ssr:stedsnr = 849439. No positions found, skipping
utility_to_osm - WARNING - ssr:stedsnr = 854075 has multiple (2) positions, using the first one!
utility_to_osm - ERROR - ssr:stedsnr = 854265: Adding multiple names to name tag, this is not OK! name = "Haugen;Sørumshaugen"
utility_to_osm - ERROR - ssr:stedsnr = 854280: Adding multiple names to name tag, this is not OK! name = "Viksbråtan;Halden"
utility_to_osm - WARNING - ssr:stedsnr = 854683 has multiple (2) positions, using the first one!
utility_to_osm - WARNING - ssr:stedsnr = 874528 has multiple (4) positions, using the first one!
utility_to_osm - WARNING - ssr:stedsnr = 875487 has multiple (3) positions, using the first one!
utility_to_osm - WARNING - ssr:stedsnr = 937729 has multiple (2) positions, using the first one!
utility_to_osm - WARNING - ssr:stedsnr = 977323: No priority spelling found for lang = no, using alt_name to get "[('no', 'Steinsbystranda')]"
utility_to_osm - ERROR - ssr:stedsnr = 978840. No positions found, skipping
utility_to_osm - ERROR - ssr:stedsnr = 978841. No positions found, skipping
utility_to_osm - ERROR - ssr:stedsnr = 978842. No positions found, skipping
utility_to_osm - WARNING - ssr:stedsnr = 978843: No priority spelling found for lang = no, using alt_name to get "[('no', 'Klokkerenga')]"
utility_to_osm - ERROR - ssr:stedsnr = 978843. No positions found, skipping
utility_to_osm - WARNING - ssr:stedsnr = 978844: No priority spelling found for lang = no, using alt_name to get "[('no', 'Klokkerfaret')]"
utility_to_osm - ERROR - ssr:stedsnr = 978844. No positions found, skipping
utility_to_osm - WARNING - ssr:stedsnr = 978845: No priority spelling found for lang = no, using alt_name to get "[('no', 'Rønningsveien')]"
utility_to_osm - ERROR - ssr:stedsnr = 978845. No positions found, skipping
utility_to_osm - WARNING - ssr:stedsnr = 985414: No priority spelling found for lang = no, using alt_name to get "[('no', 'Lienskjæret biotopvernområde')]"
utility_to_osm - WARNING - ssr:stedsnr = 985781: No priority spelling found for lang = no, using alt_name to get "[('no', 'Humledalsveien')]"
utility_to_osm - WARNING - ssr:stedsnr = 987926: No priority spelling found for lang = no, using alt_name to get "[('no', 'Krokskogen naturreservat')]"
utility_to_osm - WARNING - ssr:stedsnr = 989202: No priority spelling found for lang = no, using alt_name to get "[('no', 'Bråtahaugen')]"
utility_to_osm - WARNING - ssr:stedsnr = 989498: No priority spelling found for lang = no, using alt_name to get "[('no', 'Bygata')]"
utility_to_osm - WARNING - ssr:stedsnr = 1032542: No priority spelling found for lang = no, using alt_name to get "[('no', 'Vikshøgda')]"
utility_to_osm - ERROR - ssr:stedsnr = 1032542. No positions found, skipping
utility_to_osm - WARNING - ssr:stedsnr = 1032545: No priority spelling found for lang = no, using alt_name to get "[('no', 'Sigurd Ribbungs vei')]"
utility_to_osm - ERROR - ssr:stedsnr = 1032545. No positions found, skipping
utility_to_osm - ERROR - ssr:stedsnr = 1032607. No positions found, skipping
utility_to_osm - ERROR - ssr:stedsnr = 1032609. No positions found, skipping
utility_to_osm - WARNING - ssr:stedsnr = 1032624: No priority spelling found for lang = no, using alt_name to get "[('no', 'Rudstunet')]"
utility_to_osm - ERROR - ssr:stedsnr = 1032624. No positions found, skipping
utility_to_osm - WARNING - ssr:stedsnr = 1032626: No priority spelling found for lang = no, using alt_name to get "[('no', 'Kapellveien')]"
utility_to_osm - ERROR - ssr:stedsnr = 1032626. No positions found, skipping
utility_to_osm - WARNING - ssr:stedsnr = 1032627: No priority spelling found for lang = no, using alt_name to get "[('no', 'Fagerliveien')]"
utility_to_osm - ERROR - ssr:stedsnr = 1032627. No positions found, skipping
utility_to_osm - WARNING - ssr:stedsnr = 1032630: No priority spelling found for lang = no, using alt_name to get "[('no', 'Hjulmakerveien')]"
utility_to_osm - ERROR - ssr:stedsnr = 1032630. No positions found, skipping
utility_to_osm - WARNING - ssr:stedsnr = 1032632: No priority spelling found for lang = no, using alt_name to get "[('no', 'Gamleveien')]"
utility_to_osm - ERROR - ssr:stedsnr = 1032632. No positions found, skipping
utility_to_osm - WARNING - ssr:stedsnr = 1032634: No priority spelling found for lang = no, using alt_name to get "[('no', 'Mølleberget')]"
utility_to_osm - ERROR - ssr:stedsnr = 1032634. No positions found, skipping
utility_to_osm - ERROR - ssr:stedsnr = 1033155. No positions found, skipping
utility_to_osm - ERROR - ssr:stedsnr = 1033161. No positions found, skipping
utility_to_osm - ERROR - ssr:stedsnr = 1033176. No positions found, skipping
utility_to_osm - ERROR - ssr:stedsnr = 1034504. No positions found, skipping
utility_to_osm - WARNING - ssr:stedsnr = 1035788: No priority spelling found for lang = no, using alt_name to get "[('no', 'Midtre Grøndokkvei')]"
utility_to_osm - ERROR - ssr:stedsnr = 1035788. No positions found, skipping
utility_to_osm - WARNING - ssr:stedsnr = 1035790: No priority spelling found for lang = no, using alt_name to get "[('no', 'Biliberget')]"
utility_to_osm - ERROR - ssr:stedsnr = 1035790. No positions found, skipping
utility_to_osm - WARNING - ssr:stedsnr = 1035796: No priority spelling found for lang = no, using alt_name to get "[('no', 'Askeladden')]"
utility_to_osm - ERROR - ssr:stedsnr = 1035796. No positions found, skipping
utility_to_osm - ERROR - ssr:stedsnr = 1035208. No positions found, skipping
utility_to_osm - WARNING - ssr:stedsnr = 1035218: No priority spelling found for lang = no, using alt_name to get "[('no', 'Dakotaveien')]"
utility_to_osm - ERROR - ssr:stedsnr = 1035218. No positions found, skipping
utility_to_osm - WARNING - ssr:stedsnr = 1035219: No priority spelling found for lang = no, using alt_name to get "[('no', 'Bønsnesveien')]"
utility_to_osm - ERROR - ssr:stedsnr = 1035219. No positions found, skipping
utility_to_osm - WARNING - ssr:stedsnr = 1035221: No priority spelling found for lang = no, using alt_name to get "[('no', 'Bønsnestangen')]"
utility_to_osm - ERROR - ssr:stedsnr = 1035221. No positions found, skipping
utility_to_osm - WARNING - ssr:stedsnr = 1035222: No priority spelling found for lang = no, using alt_name to get "[('no', 'Bråtenveien')]"
utility_to_osm - ERROR - ssr:stedsnr = 1035222. No positions found, skipping
utility_to_osm - WARNING - ssr:stedsnr = 1035223: No priority spelling found for lang = no, using alt_name to get "[('no', 'Brattbakken')]"
utility_to_osm - ERROR - ssr:stedsnr = 1035223. No positions found, skipping
utility_to_osm - WARNING - ssr:stedsnr = 1035226: No priority spelling found for lang = no, using alt_name to get "[('no', 'Bjørkåsen')]"
utility_to_osm - ERROR - ssr:stedsnr = 1035226. No positions found, skipping
utility_to_osm - WARNING - ssr:stedsnr = 1035228: No priority spelling found for lang = no, using alt_name to get "[('no', 'Bjørkeveien')]"
utility_to_osm - ERROR - ssr:stedsnr = 1035228. No positions found, skipping
utility_to_osm - WARNING - ssr:stedsnr = 1035229: No priority spelling found for lang = no, using alt_name to get "[('no', 'Blomshøgda')]"
utility_to_osm - ERROR - ssr:stedsnr = 1035229. No positions found, skipping
utility_to_osm - WARNING - ssr:stedsnr = 1035232: No priority spelling found for lang = no, using alt_name to get "[('no', 'Vik torg')]"
utility_to_osm - ERROR - ssr:stedsnr = 1035232. No positions found, skipping
utility_to_osm - WARNING - ssr:stedsnr = 1035235: No priority spelling found for lang = no, using alt_name to get "[('no', 'Solbakken')]"
utility_to_osm - ERROR - ssr:stedsnr = 1035235. No positions found, skipping
utility_to_osm - WARNING - ssr:stedsnr = 1035626: No priority spelling found for lang = no, using alt_name to get "[('no', 'Frøysugata')]"
utility_to_osm - ERROR - ssr:stedsnr = 1035626. No positions found, skipping
utility_to_osm - WARNING - ssr:stedsnr = 1035591: No priority spelling found for lang = no, using alt_name to get "[('no', 'Lihøgdaveien')]"
utility_to_osm - ERROR - ssr:stedsnr = 1035591. No positions found, skipping
utility_to_osm - WARNING - ssr:stedsnr = 1035592: No priority spelling found for lang = no, using alt_name to get "[('no', 'Lierveien')]"
utility_to_osm - ERROR - ssr:stedsnr = 1035592. No positions found, skipping
utility_to_osm - WARNING - ssr:stedsnr = 1035593: No priority spelling found for lang = no, using alt_name to get "[('no', 'Jørgen Moes vei')]"
utility_to_osm - ERROR - ssr:stedsnr = 1035593. No positions found, skipping
utility_to_osm - WARNING - ssr:stedsnr = 1035594: No priority spelling found for lang = no, using alt_name to get "[('no', 'Leinestranda')]"
utility_to_osm - ERROR - ssr:stedsnr = 1035594. No positions found, skipping
utility_to_osm - WARNING - ssr:stedsnr = 1035596: No priority spelling found for lang = no, using alt_name to get "[('no', 'Langløkka')]"
utility_to_osm - ERROR - ssr:stedsnr = 1035596. No positions found, skipping
utility_to_osm - WARNING - ssr:stedsnr = 1035597: No priority spelling found for lang = no, using alt_name to get "[('no', 'Jomfrulandsveien')]"
utility_to_osm - ERROR - ssr:stedsnr = 1035597. No positions found, skipping
utility_to_osm - WARNING - ssr:stedsnr = 1035598: No priority spelling found for lang = no, using alt_name to get "[('no', 'Klokkerbråtan')]"
utility_to_osm - ERROR - ssr:stedsnr = 1035598. No positions found, skipping
utility_to_osm - WARNING - ssr:stedsnr = 1035599: No priority spelling found for lang = no, using alt_name to get "[('no', 'Kirkebakken')]"
utility_to_osm - ERROR - ssr:stedsnr = 1035599. No positions found, skipping
utility_to_osm - WARNING - ssr:stedsnr = 1035601: No priority spelling found for lang = no, using alt_name to get "[('no', 'Kastebakken')]"
utility_to_osm - ERROR - ssr:stedsnr = 1035601. No positions found, skipping
utility_to_osm - WARNING - ssr:stedsnr = 1035604: No priority spelling found for lang = no, using alt_name to get "[('no', 'Jotaveien')]"
utility_to_osm - ERROR - ssr:stedsnr = 1035604. No positions found, skipping
utility_to_osm - WARNING - ssr:stedsnr = 1035606: No priority spelling found for lang = no, using alt_name to get "[('no', 'Iversløkkveien')]"
utility_to_osm - ERROR - ssr:stedsnr = 1035606. No positions found, skipping
utility_to_osm - WARNING - ssr:stedsnr = 1035608: No priority spelling found for lang = no, using alt_name to get "[('no', 'Prestegårdsveien')]"
utility_to_osm - ERROR - ssr:stedsnr = 1035608. No positions found, skipping
utility_to_osm - WARNING - ssr:stedsnr = 1035611: No priority spelling found for lang = no, using alt_name to get "[('no', 'Nordre Loreåsen')]"
utility_to_osm - ERROR - ssr:stedsnr = 1035611. No positions found, skipping
utility_to_osm - WARNING - ssr:stedsnr = 1035612: No priority spelling found for lang = no, using alt_name to get "[('no', 'Nordre Fjellsvei')]"
utility_to_osm - ERROR - ssr:stedsnr = 1035612. No positions found, skipping
utility_to_osm - WARNING - ssr:stedsnr = 1035614: No priority spelling found for lang = no, using alt_name to get "[('no', 'Nordlandsveien')]"
utility_to_osm - ERROR - ssr:stedsnr = 1035614. No positions found, skipping
utility_to_osm - WARNING - ssr:stedsnr = 1035617: No priority spelling found for lang = no, using alt_name to get "[('no', 'Niskinnveien')]"
utility_to_osm - ERROR - ssr:stedsnr = 1035617. No positions found, skipping
utility_to_osm - WARNING - ssr:stedsnr = 1035618: No priority spelling found for lang = no, using alt_name to get "[('no', 'Moloveien')]"
utility_to_osm - ERROR - ssr:stedsnr = 1035618. No positions found, skipping
utility_to_osm - WARNING - ssr:stedsnr = 1035619: No priority spelling found for lang = no, using alt_name to get "[('no', 'Mosengbakken')]"
utility_to_osm - ERROR - ssr:stedsnr = 1035619. No positions found, skipping
utility_to_osm - WARNING - ssr:stedsnr = 1035621: No priority spelling found for lang = no, using alt_name to get "[('no', 'Koksrudveien')]"
utility_to_osm - ERROR - ssr:stedsnr = 1035621. No positions found, skipping
utility_to_osm - WARNING - ssr:stedsnr = 1035622: No priority spelling found for lang = no, using alt_name to get "[('no', 'Loretangen')]"
utility_to_osm - ERROR - ssr:stedsnr = 1035622. No positions found, skipping
utility_to_osm - WARNING - ssr:stedsnr = 1035623: No priority spelling found for lang = no, using alt_name to get "[('no', 'Gamle Åsaveien')]"
utility_to_osm - ERROR - ssr:stedsnr = 1035623. No positions found, skipping
utility_to_osm - WARNING - ssr:stedsnr = 1035624: No priority spelling found for lang = no, using alt_name to get "[('no', 'Gamle Holeveien')]"
utility_to_osm - ERROR - ssr:stedsnr = 1035624. No positions found, skipping
utility_to_osm - WARNING - ssr:stedsnr = 1035636: No priority spelling found for lang = no, using alt_name to get "[('no', 'Domholtveien')]"
utility_to_osm - ERROR - ssr:stedsnr = 1035636. No positions found, skipping
utility_to_osm - WARNING - ssr:stedsnr = 1035639: No priority spelling found for lang = no, using alt_name to get "[('no', 'Høgkastveien')]"
utility_to_osm - ERROR - ssr:stedsnr = 1035639. No positions found, skipping
utility_to_osm - WARNING - ssr:stedsnr = 1035640: No priority spelling found for lang = no, using alt_name to get "[('no', 'Hundstadveien')]"
utility_to_osm - ERROR - ssr:stedsnr = 1035640. No positions found, skipping
utility_to_osm - WARNING - ssr:stedsnr = 1035642: No priority spelling found for lang = no, using alt_name to get "[('no', 'Holeveien')]"
utility_to_osm - ERROR - ssr:stedsnr = 1035642. No positions found, skipping
utility_to_osm - WARNING - ssr:stedsnr = 1035643: No priority spelling found for lang = no, using alt_name to get "[('no', 'Hodteveien')]"
utility_to_osm - ERROR - ssr:stedsnr = 1035643. No positions found, skipping
utility_to_osm - WARNING - ssr:stedsnr = 1035645: No priority spelling found for lang = no, using alt_name to get "[('no', 'Helleveien')]"
utility_to_osm - ERROR - ssr:stedsnr = 1035645. No positions found, skipping
utility_to_osm - WARNING - ssr:stedsnr = 1035646: No priority spelling found for lang = no, using alt_name to get "[('no', 'Hamnorshagaveien')]"
utility_to_osm - ERROR - ssr:stedsnr = 1035646. No positions found, skipping
utility_to_osm - WARNING - ssr:stedsnr = 1035648: No priority spelling found for lang = no, using alt_name to get "[('no', 'Hamarbispens vei')]"
utility_to_osm - ERROR - ssr:stedsnr = 1035648. No positions found, skipping
utility_to_osm - WARNING - ssr:stedsnr = 1035650: No priority spelling found for lang = no, using alt_name to get "[('no', 'Hagastuveien')]"
utility_to_osm - ERROR - ssr:stedsnr = 1035650. No positions found, skipping
utility_to_osm - WARNING - ssr:stedsnr = 1035652: No priority spelling found for lang = no, using alt_name to get "[('no', 'Hagahaugveien')]"
utility_to_osm - ERROR - ssr:stedsnr = 1035652. No positions found, skipping
utility_to_osm - WARNING - ssr:stedsnr = 1035653: No priority spelling found for lang = no, using alt_name to get "[('no', 'Grindbakkveien')]"
utility_to_osm - ERROR - ssr:stedsnr = 1035653. No positions found, skipping
utility_to_osm - WARNING - ssr:stedsnr = 1035655: No priority spelling found for lang = no, using alt_name to get "[('no', 'Gomnesveien')]"
utility_to_osm - ERROR - ssr:stedsnr = 1035655. No positions found, skipping
utility_to_osm - WARNING - ssr:stedsnr = 1035659: No priority spelling found for lang = no, using alt_name to get "[('no', 'Garntangen')]"
utility_to_osm - ERROR - ssr:stedsnr = 1035659. No positions found, skipping
utility_to_osm - WARNING - ssr:stedsnr = 1035663: No priority spelling found for lang = no, using alt_name to get "[('no', 'Øderåveien')]"
utility_to_osm - ERROR - ssr:stedsnr = 1035663. No positions found, skipping
utility_to_osm - WARNING - ssr:stedsnr = 1035666: No priority spelling found for lang = no, using alt_name to get "[('no', 'Åsbakken')]"
utility_to_osm - ERROR - ssr:stedsnr = 1035666. No positions found, skipping
utility_to_osm - WARNING - ssr:stedsnr = 1035668: No priority spelling found for lang = no, using alt_name to get "[('no', 'Åsaveien')]"
utility_to_osm - ERROR - ssr:stedsnr = 1035668. No positions found, skipping
utility_to_osm - WARNING - ssr:stedsnr = 1035671: No priority spelling found for lang = no, using alt_name to get "[('no', 'Viksveien')]"
utility_to_osm - ERROR - ssr:stedsnr = 1035671. No positions found, skipping
utility_to_osm - WARNING - ssr:stedsnr = 1035672: No priority spelling found for lang = no, using alt_name to get "[('no', 'Svingerudveien')]"
utility_to_osm - ERROR - ssr:stedsnr = 1035672. No positions found, skipping
utility_to_osm - WARNING - ssr:stedsnr = 1035674: No priority spelling found for lang = no, using alt_name to get "[('no', 'Utstranda')]"
utility_to_osm - ERROR - ssr:stedsnr = 1035674. No positions found, skipping
utility_to_osm - WARNING - ssr:stedsnr = 1035676: No priority spelling found for lang = no, using alt_name to get "[('no', 'Tyrifjordveien')]"
utility_to_osm - ERROR - ssr:stedsnr = 1035676. No positions found, skipping
utility_to_osm - WARNING - ssr:stedsnr = 1035685: No priority spelling found for lang = no, using alt_name to get "[('no', 'Skarveien')]"
utility_to_osm - ERROR - ssr:stedsnr = 1035685. No positions found, skipping
utility_to_osm - WARNING - ssr:stedsnr = 1035745: No priority spelling found for lang = no, using alt_name to get "[('no', 'Baskerudberget')]"
utility_to_osm - ERROR - ssr:stedsnr = 1035745. No positions found, skipping
utility_to_osm - WARNING - ssr:stedsnr = 1035752: No priority spelling found for lang = no, using alt_name to get "[('no', 'Skarpsnohaugen')]"
utility_to_osm - ERROR - ssr:stedsnr = 1035752. No positions found, skipping
utility_to_osm - WARNING - ssr:stedsnr = 1035627: No priority spelling found for lang = no, using alt_name to get "[('no', 'Fjulsrudveien')]"
utility_to_osm - ERROR - ssr:stedsnr = 1035627. No positions found, skipping
utility_to_osm - WARNING - ssr:stedsnr = 1035628: No priority spelling found for lang = no, using alt_name to get "[('no', 'Fjellsveien')]"
utility_to_osm - ERROR - ssr:stedsnr = 1035628. No positions found, skipping
utility_to_osm - WARNING - ssr:stedsnr = 1035629: No priority spelling found for lang = no, using alt_name to get "[('no', 'Fekjærveien')]"
utility_to_osm - ERROR - ssr:stedsnr = 1035629. No positions found, skipping
utility_to_osm - WARNING - ssr:stedsnr = 1035631: No priority spelling found for lang = no, using alt_name to get "[('no', 'Engene')]"
utility_to_osm - ERROR - ssr:stedsnr = 1035631. No positions found, skipping
utility_to_osm - WARNING - ssr:stedsnr = 1035632: No priority spelling found for lang = no, using alt_name to get "[('no', 'Elgefaret')]"
utility_to_osm - ERROR - ssr:stedsnr = 1035632. No positions found, skipping
utility_to_osm - WARNING - ssr:stedsnr = 1035633: No priority spelling found for lang = no, using alt_name to get "[('no', 'Dæliveien')]"
utility_to_osm - ERROR - ssr:stedsnr = 1035633. No positions found, skipping
utility_to_osm - WARNING - ssr:stedsnr = 1035635: No priority spelling found for lang = no, using alt_name to get "[('no', 'Dronning Tyras vei')]"
utility_to_osm - ERROR - ssr:stedsnr = 1035635. No positions found, skipping
utility_to_osm - WARNING - ssr:stedsnr = 1035688: No priority spelling found for lang = no, using alt_name to get "[('no', 'Røyseveien')]"
utility_to_osm - ERROR - ssr:stedsnr = 1035688. No positions found, skipping
utility_to_osm - WARNING - ssr:stedsnr = 1035690: No priority spelling found for lang = no, using alt_name to get "[('no', 'Nordre Gomnesvei')]"
utility_to_osm - ERROR - ssr:stedsnr = 1035690. No positions found, skipping
utility_to_osm - WARNING - ssr:stedsnr = 1035692: No priority spelling found for lang = no, using alt_name to get "[('no', 'Ole Rytteragersvei')]"
utility_to_osm - ERROR - ssr:stedsnr = 1035692. No positions found, skipping
utility_to_osm - WARNING - ssr:stedsnr = 1035693: No priority spelling found for lang = no, using alt_name to get "[('no', 'Rudsøgardsveien')]"
utility_to_osm - ERROR - ssr:stedsnr = 1035693. No positions found, skipping
utility_to_osm - WARNING - ssr:stedsnr = 1035695: No priority spelling found for lang = no, using alt_name to get "[('no', 'Nedre Nesvei')]"
utility_to_osm - ERROR - ssr:stedsnr = 1035695. No positions found, skipping
utility_to_osm - WARNING - ssr:stedsnr = 1035697: No priority spelling found for lang = no, using alt_name to get "[('no', 'Ragnar Frischs vei')]"
utility_to_osm - ERROR - ssr:stedsnr = 1035697. No positions found, skipping
utility_to_osm - WARNING - ssr:stedsnr = 1035698: No priority spelling found for lang = no, using alt_name to get "[('no', 'Rudshaugen')]"
utility_to_osm - ERROR - ssr:stedsnr = 1035698. No positions found, skipping
utility_to_osm - WARNING - ssr:stedsnr = 1035699: No priority spelling found for lang = no, using alt_name to get "[('no', 'Tjernsliveien')]"
utility_to_osm - ERROR - ssr:stedsnr = 1035699. No positions found, skipping
utility_to_osm - WARNING - ssr:stedsnr = 1035703: No priority spelling found for lang = no, using alt_name to get "[('no', 'Tangenveien')]"
utility_to_osm - ERROR - ssr:stedsnr = 1035703. No positions found, skipping
utility_to_osm - WARNING - ssr:stedsnr = 1035705: No priority spelling found for lang = no, using alt_name to get "[('no', 'Søndre Loreåsen')]"
utility_to_osm - ERROR - ssr:stedsnr = 1035705. No positions found, skipping
utility_to_osm - WARNING - ssr:stedsnr = 1035706: No priority spelling found for lang = no, using alt_name to get "[('no', 'Sommerroveien')]"
utility_to_osm - ERROR - ssr:stedsnr = 1035706. No positions found, skipping
utility_to_osm - WARNING - ssr:stedsnr = 1035711: No priority spelling found for lang = no, using alt_name to get "[('no', 'Sersjantløkka')]"
utility_to_osm - ERROR - ssr:stedsnr = 1035711. No positions found, skipping
utility_to_osm - WARNING - ssr:stedsnr = 1035714: No priority spelling found for lang = no, using alt_name to get "[('no', 'Steinsbakken')]"
utility_to_osm - ERROR - ssr:stedsnr = 1035714. No positions found, skipping
utility_to_osm - WARNING - ssr:stedsnr = 1035719: No priority spelling found for lang = no, using alt_name to get "[('no', 'Stadumveien')]"
utility_to_osm - ERROR - ssr:stedsnr = 1035719. No positions found, skipping
utility_to_osm - WARNING - ssr:stedsnr = 1035723: No priority spelling found for lang = no, using alt_name to get "[('no', 'Solengveien')]"
utility_to_osm - ERROR - ssr:stedsnr = 1035723. No positions found, skipping
utility_to_osm - WARNING - ssr:stedsnr = 1035726: No priority spelling found for lang = no, using alt_name to get "[('no', 'Skinnillveien')]"
utility_to_osm - ERROR - ssr:stedsnr = 1035726. No positions found, skipping
utility_to_osm - WARNING - ssr:stedsnr = 1035727: No priority spelling found for lang = no, using alt_name to get "[('no', 'Skauveien')]"
utility_to_osm - ERROR - ssr:stedsnr = 1035727. No positions found, skipping
utility_to_osm - WARNING - ssr:stedsnr = 1035767: No priority spelling found for lang = no, using alt_name to get "[('no', 'Toresplassveien')]"
utility_to_osm - ERROR - ssr:stedsnr = 1035767. No positions found, skipping
utility_to_osm - WARNING - ssr:stedsnr = 1035769: No priority spelling found for lang = no, using alt_name to get "[('no', 'Øgardsvika')]"
utility_to_osm - ERROR - ssr:stedsnr = 1035769. No positions found, skipping
utility_to_osm - WARNING - ssr:stedsnr = 1035774: No priority spelling found for lang = no, using alt_name to get "[('no', 'Gilegata')]"
utility_to_osm - ERROR - ssr:stedsnr = 1035774. No positions found, skipping
utility_to_osm - WARNING - ssr:stedsnr = 1035784: No priority spelling found for lang = no, using alt_name to get "[('no', 'Løvåsveien')]"
utility_to_osm - ERROR - ssr:stedsnr = 1035784. No positions found, skipping
utility_to_osm - WARNING - ssr:stedsnr = 1036188: No priority spelling found for lang = no, using alt_name to get "[('no', 'Guribyveien')]"
utility_to_osm - ERROR - ssr:stedsnr = 1036188. No positions found, skipping
utility_to_osm - WARNING - ssr:stedsnr = 1036189: No priority spelling found for lang = no, using alt_name to get "[('no', 'Høgåsveien')]"
utility_to_osm - ERROR - ssr:stedsnr = 1036189. No positions found, skipping
utility_to_osm - WARNING - ssr:stedsnr = 1036190: No priority spelling found for lang = no, using alt_name to get "[('no', 'Skaustubben')]"
utility_to_osm - ERROR - ssr:stedsnr = 1036190. No positions found, skipping
utility_to_osm - WARNING - ssr:stedsnr = 1036191: No priority spelling found for lang = no, using alt_name to get "[('no', 'Solbergbakken')]"
utility_to_osm - ERROR - ssr:stedsnr = 1036191. No positions found, skipping
utility_to_osm - WARNING - ssr:stedsnr = 1036193: No priority spelling found for lang = no, using alt_name to get "[('no', 'Kastebakkroken')]"
utility_to_osm - ERROR - ssr:stedsnr = 1036193. No positions found, skipping
utility_to_osm - WARNING - ssr:stedsnr = 1036194: No priority spelling found for lang = no, using alt_name to get "[('no', 'Steinsåstunet')]"
utility_to_osm - ERROR - ssr:stedsnr = 1036194. No positions found, skipping
utility_to_osm - WARNING - ssr:stedsnr = 1036195: No priority spelling found for lang = no, using alt_name to get "[('no', 'Henry Ruuds vei')]"
utility_to_osm - ERROR - ssr:stedsnr = 1036195. No positions found, skipping
utility_to_osm - WARNING - ssr:stedsnr = 1036217: No priority spelling found for lang = no, using alt_name to get "[('no', 'Biliveien')]"
utility_to_osm - ERROR - ssr:stedsnr = 1036217. No positions found, skipping
utility_to_osm - WARNING - ssr:stedsnr = 1036218: No priority spelling found for lang = no, using alt_name to get "[('no', 'Løkkebakken')]"
utility_to_osm - ERROR - ssr:stedsnr = 1036218. No positions found, skipping
utility_to_osm - WARNING - ssr:stedsnr = 1036219: No priority spelling found for lang = no, using alt_name to get "[('no', 'J.C. Bloms vei')]"
utility_to_osm - ERROR - ssr:stedsnr = 1036219. No positions found, skipping
utility_to_osm - WARNING - ssr:stedsnr = 1036220: No priority spelling found for lang = no, using alt_name to get "[('no', 'Husmann Helgesens vei')]"
utility_to_osm - ERROR - ssr:stedsnr = 1036220. No positions found, skipping
utility_to_osm - WARNING - ssr:stedsnr = 1036221: No priority spelling found for lang = no, using alt_name to get "[('no', 'Brattibakkveien')]"
utility_to_osm - ERROR - ssr:stedsnr = 1036221. No positions found, skipping
utility_to_osm - WARNING - ssr:stedsnr = 1036222: No priority spelling found for lang = no, using alt_name to get "[('no', 'Lyseveien')]"
utility_to_osm - ERROR - ssr:stedsnr = 1036222. No positions found, skipping
utility_to_osm - WARNING - ssr:stedsnr = 1036225: No priority spelling found for lang = no, using alt_name to get "[('no', 'Viksenga')]"
utility_to_osm - ERROR - ssr:stedsnr = 1036225. No positions found, skipping
utility_to_osm - WARNING - ssr:stedsnr = 1036346: No priority spelling found for lang = no, using alt_name to get "[('no', 'Meieriveien')]"
utility_to_osm - ERROR - ssr:stedsnr = 1036346. No positions found, skipping
utility_to_osm - WARNING - ssr:stedsnr = 1036348: No priority spelling found for lang = no, using alt_name to get "[('no', 'Steinsbyveien')]"
utility_to_osm - ERROR - ssr:stedsnr = 1036348. No positions found, skipping
utility_to_osm - WARNING - ssr:stedsnr = 1036350: No priority spelling found for lang = no, using alt_name to get "[('no', 'Strandbakken')]"
utility_to_osm - ERROR - ssr:stedsnr = 1036350. No positions found, skipping
utility_to_osm - WARNING - ssr:stedsnr = 1036352: No priority spelling found for lang = no, using alt_name to get "[('no', 'Strandkanten')]"
utility_to_osm - ERROR - ssr:stedsnr = 1036352. No positions found, skipping
utility_to_osm - WARNING - ssr:stedsnr = 1036307: No priority spelling found for lang = no, using alt_name to get "[('no', 'Gjesvalhaugen')]"
utility_to_osm - ERROR - ssr:stedsnr = 1036307. No positions found, skipping
utility_to_osm - WARNING - ssr:stedsnr = 1036309: No priority spelling found for lang = no, using alt_name to get "[('no', 'Byveien')]"
utility_to_osm - WARNING - ssr:stedsnr = 1036310: No priority spelling found for lang = no, using alt_name to get "[('no', 'Kongeveien over Krokskogen')]"
utility_to_osm - ERROR - ssr:stedsnr = 1036310. No positions found, skipping
utility_to_osm - WARNING - ssr:stedsnr = 1036311: No priority spelling found for lang = no, using alt_name to get "[('no', 'Mattisplassveien')]"
utility_to_osm - WARNING - ssr:stedsnr = 1036312: No priority spelling found for lang = no, using alt_name to get "[('no', 'Bønnerudveien')]"
utility_to_osm - WARNING - ssr:stedsnr = 1036313: No priority spelling found for lang = no, using alt_name to get "[('no', 'Abboråsveien')]"
utility_to_osm - ERROR - ssr:stedsnr = 1036313. No positions found, skipping
utility_to_osm - WARNING - ssr:stedsnr = 1036314: No priority spelling found for lang = no, using alt_name to get "[('no', 'Steindalsveien')]"
utility_to_osm - ERROR - ssr:stedsnr = 1036314. No positions found, skipping
utility_to_osm - WARNING - ssr:stedsnr = 1036315: No priority spelling found for lang = no, using alt_name to get "[('no', 'Oksemyrveien')]"
utility_to_osm - ERROR - ssr:stedsnr = 1036315. No positions found, skipping
utility_to_osm - WARNING - ssr:stedsnr = 1036317: No priority spelling found for lang = no, using alt_name to get "[('no', 'Strandstubben')]"
utility_to_osm - ERROR - ssr:stedsnr = 1036317. No positions found, skipping
utility_to_osm - WARNING - ssr:stedsnr = 1036550: No priority spelling found for lang = no, using alt_name to get "[('no', 'Ødeliveien')]"
utility_to_osm - WARNING - ssr:stedsnr = 1036612: No priority spelling found for lang = no, using alt_name to get "[('no', 'Veivokterveien')]"
utility_to_osm - WARNING - ssr:stedsnr = 1036614: No priority spelling found for lang = no, using alt_name to get "[('no', 'Øver-Øgardsveien')]"
utility_to_osm - WARNING - ssr:stedsnr = 1036620: No priority spelling found for lang = no, using alt_name to get "[('no', 'Baker Hafnors vei')]"
utility_to_osm - WARNING - ssr:stedsnr = 1074403: No priority spelling found for lang = no, using alt_name to get "[('no', 'Viken fylke')]"
utility_to_osm - WARNING - ssr:stedsnr = 1076535: No priority spelling found for lang = no, using alt_name to get "[('no', 'Nordre Tyrifjorden og Storelva naturreservat')]"
utility_to_osm - WARNING - ssr:stedsnr = 1077068: No priority spelling found for lang = no, using alt_name to get "[('no', 'Steinsby')]"
utility_to_osm - WARNING - ssr:stedsnr = 1077069: No priority spelling found for lang = no, using alt_name to get "[('no', 'Steinsbyhaugen')]"
utility_to_osm - WARNING - ssr:stedsnr = 1080865: No priority spelling found for lang = no, using alt_name to get "[('no', 'Garveriveien')]"
utility_to_osm - WARNING - ssr:stedsnr = 1081647: No priority spelling found for lang = no, using alt_name to get "[('no', 'Gamle Framdalsveien')]"
utility_to_osm - WARNING - ssr:stedsnr = 1081607: No priority spelling found for lang = no, using alt_name to get "[('no', 'Hassellundveien')]"
utility_to_osm - WARNING - ssr:stedsnr = 1081729: No priority spelling found for lang = no, using alt_name to get "[('no', 'Gunhild Reistads vei')]"
utility_to_osm - WARNING - ssr:stedsnr = 1081740: No priority spelling found for lang = no, using alt_name to get "[('no', 'Sigurd Tandbergs vei')]"
