utility_to_osm - WARNING - ssr:stedsnr = 4542: No priority spelling found for lang = no, using alt_name to get "[('no', 'Broka')]"
utility_to_osm - WARNING - ssr:stedsnr = 4542 has multiple (3) positions, using the first one!
utility_to_osm - WARNING - ssr:stedsnr = 4676 has multiple (3) positions, using the first one!
utility_to_osm - WARNING - ssr:stedsnr = 4683 has multiple (2) positions, using the first one!
utility_to_osm - WARNING - ssr:stedsnr = 4703 has multiple (3) positions, using the first one!
utility_to_osm - WARNING - ssr:stedsnr = 4706 has multiple (3) positions, using the first one!
utility_to_osm - WARNING - ssr:stedsnr = 5213 has multiple (2) positions, using the first one!
utility_to_osm - WARNING - ssr:stedsnr = 5214: No priority spelling found for lang = no, using alt_name to get "[('no', 'Trollflua')]"
utility_to_osm - WARNING - ssr:stedsnr = 5214 has multiple (2) positions, using the first one!
utility_to_osm - WARNING - ssr:stedsnr = 5123: No priority spelling found for lang = no, using alt_name to get "[('no', 'Inste Myrbærholmen')]"
utility_to_osm - WARNING - ssr:stedsnr = 5123 has multiple (3) positions, using the first one!
utility_to_osm - WARNING - ssr:stedsnr = 5161: No priority spelling found for lang = no, using alt_name to get "[('no', 'Raunøyna')]"
utility_to_osm - WARNING - ssr:stedsnr = 5161 has multiple (4) positions, using the first one!
utility_to_osm - WARNING - ssr:stedsnr = 5168 has multiple (3) positions, using the first one!
utility_to_osm - WARNING - ssr:stedsnr = 5174: No priority spelling found for lang = no, using alt_name to get "[('no', 'Svartskjergrunnane')]"
utility_to_osm - WARNING - ssr:stedsnr = 5174 has multiple (2) positions, using the first one!
utility_to_osm - WARNING - ssr:stedsnr = 5323 has multiple (2) positions, using the first one!
utility_to_osm - WARNING - ssr:stedsnr = 5327: No priority spelling found for lang = no, using alt_name to get "[('no', 'Klausatræet')]"
utility_to_osm - WARNING - ssr:stedsnr = 5258: No priority spelling found for lang = no, using alt_name to get "[('no', 'Torvaldnakken')]"
utility_to_osm - WARNING - ssr:stedsnr = 5258 has multiple (2) positions, using the first one!
utility_to_osm - WARNING - ssr:stedsnr = 5424: No priority spelling found for lang = no, using alt_name to get "[('no', 'Kyrkjevikvatnet')]"
utility_to_osm - WARNING - ssr:stedsnr = 5807 has multiple (2) positions, using the first one!
utility_to_osm - WARNING - ssr:stedsnr = 5857: No priority spelling found for lang = no, using alt_name to get "[('no', 'Litlakinna')]"
utility_to_osm - WARNING - ssr:stedsnr = 5857 has multiple (2) positions, using the first one!
utility_to_osm - WARNING - ssr:stedsnr = 6606 has multiple (2) positions, using the first one!
utility_to_osm - WARNING - ssr:stedsnr = 6614: No priority spelling found for lang = no, using alt_name to get "[('no', 'Skarhaugane')]"
utility_to_osm - WARNING - ssr:stedsnr = 6614 has multiple (3) positions, using the first one!
utility_to_osm - WARNING - ssr:stedsnr = 6616 has multiple (2) positions, using the first one!
utility_to_osm - WARNING - ssr:stedsnr = 6595: No priority spelling found for lang = no, using alt_name to get "[('no', 'Skjåholmen')]"
utility_to_osm - WARNING - ssr:stedsnr = 6595 has multiple (3) positions, using the first one!
utility_to_osm - WARNING - ssr:stedsnr = 6704 has multiple (2) positions, using the first one!
utility_to_osm - WARNING - ssr:stedsnr = 6720 has multiple (3) positions, using the first one!
utility_to_osm - WARNING - ssr:stedsnr = 6892: No priority spelling found for lang = no, using alt_name to get "[('no', 'Søra Oddeflua')]"
utility_to_osm - WARNING - ssr:stedsnr = 6892 has multiple (2) positions, using the first one!
utility_to_osm - WARNING - ssr:stedsnr = 20936: No priority spelling found for lang = no, using alt_name to get "[('no', 'Høyland')]"
utility_to_osm - WARNING - ssr:stedsnr = 21286: No priority spelling found for lang = no, using alt_name to get "[('no', 'Kolltveit')]"
utility_to_osm - WARNING - ssr:stedsnr = 21286 has multiple (2) positions, using the first one!
utility_to_osm - WARNING - ssr:stedsnr = 21710: No priority spelling found for lang = no, using alt_name to get "[('no', 'Nordre Bjorøyna')]"
utility_to_osm - WARNING - ssr:stedsnr = 21998: No priority spelling found for lang = no, using alt_name to get "[('no', 'Telle')]"
utility_to_osm - WARNING - ssr:stedsnr = 21998 has multiple (3) positions, using the first one!
utility_to_osm - WARNING - ssr:stedsnr = 24241: No priority spelling found for lang = no, using alt_name to get "[('no', 'Bårøyna')]"
utility_to_osm - WARNING - ssr:stedsnr = 24241 has multiple (4) positions, using the first one!
utility_to_osm - WARNING - ssr:stedsnr = 24708: No priority spelling found for lang = no, using alt_name to get "[('no', 'Kjeflua')]"
utility_to_osm - WARNING - ssr:stedsnr = 24713: No priority spelling found for lang = no, using alt_name to get "[('no', 'Svartbakåsen')]"
utility_to_osm - WARNING - ssr:stedsnr = 25127: No priority spelling found for lang = no, using alt_name to get "[('no', 'Grunnaflua')]"
utility_to_osm - WARNING - ssr:stedsnr = 25189: No priority spelling found for lang = no, using alt_name to get "[('no', 'Utfallet')]"
utility_to_osm - WARNING - ssr:stedsnr = 25312 has multiple (3) positions, using the first one!
utility_to_osm - WARNING - ssr:stedsnr = 25876: No priority spelling found for lang = no, using alt_name to get "[('no', 'Midtholmen')]"
utility_to_osm - WARNING - ssr:stedsnr = 25923: No priority spelling found for lang = no, using alt_name to get "[('no', 'Klubbeskjera')]"
utility_to_osm - WARNING - ssr:stedsnr = 39112: No priority spelling found for lang = no, using alt_name to get "[('no', 'Vestra Oksavika')]"
utility_to_osm - WARNING - ssr:stedsnr = 45008: No priority spelling found for lang = no, using alt_name to get "[('no', 'Skogsøytua')]"
utility_to_osm - WARNING - ssr:stedsnr = 45008 has multiple (3) positions, using the first one!
utility_to_osm - WARNING - ssr:stedsnr = 45103: No priority spelling found for lang = no, using alt_name to get "[('no', 'Tøket')]"
utility_to_osm - WARNING - ssr:stedsnr = 45126: No priority spelling found for lang = no, using alt_name to get "[('no', 'Kjerringastigen')]"
utility_to_osm - WARNING - ssr:stedsnr = 45304: No priority spelling found for lang = no, using alt_name to get "[('no', 'Trosavika')]"
utility_to_osm - WARNING - ssr:stedsnr = 45306: No priority spelling found for lang = no, using alt_name to get "[('no', 'Rossøysundet')]"
utility_to_osm - WARNING - ssr:stedsnr = 45543: No priority spelling found for lang = no, using alt_name to get "[('no', 'Rotavasshaugane')]"
utility_to_osm - WARNING - ssr:stedsnr = 45549: No priority spelling found for lang = no, using alt_name to get "[('no', 'Smånipetjørna')]"
utility_to_osm - WARNING - ssr:stedsnr = 45709: No priority spelling found for lang = no, using alt_name to get "[('no', 'Storeoddnakken')]"
utility_to_osm - WARNING - ssr:stedsnr = 45955: No priority spelling found for lang = no, using alt_name to get "[('no', 'Skiparvika')]"
utility_to_osm - WARNING - ssr:stedsnr = 46887: No priority spelling found for lang = no, using alt_name to get "[('no', 'Skorasåta')]"
utility_to_osm - WARNING - ssr:stedsnr = 47205 has multiple (2) positions, using the first one!
utility_to_osm - WARNING - ssr:stedsnr = 49988: No priority spelling found for lang = no, using alt_name to get "[('no', 'Kolltveitskaret')]"
utility_to_osm - ERROR - ssr:stedsnr = 49988. No positions found, skipping
utility_to_osm - ERROR - ssr:stedsnr = 50602. No positions found, skipping
utility_to_osm - WARNING - ssr:stedsnr = 65701 has multiple (3) positions, using the first one!
utility_to_osm - WARNING - ssr:stedsnr = 65816 has multiple (3) positions, using the first one!
utility_to_osm - WARNING - ssr:stedsnr = 65755: No priority spelling found for lang = no, using alt_name to get "[('no', 'Seiskjeret')]"
utility_to_osm - WARNING - ssr:stedsnr = 65755 has multiple (2) positions, using the first one!
utility_to_osm - WARNING - ssr:stedsnr = 65759: No priority spelling found for lang = no, using alt_name to get "[('no', 'Litla Fugløyna')]"
utility_to_osm - WARNING - ssr:stedsnr = 65759 has multiple (3) positions, using the first one!
utility_to_osm - WARNING - ssr:stedsnr = 66150: No priority spelling found for lang = no, using alt_name to get "[('no', 'Litla-Raunøyna')]"
utility_to_osm - WARNING - ssr:stedsnr = 66150 has multiple (3) positions, using the first one!
utility_to_osm - WARNING - ssr:stedsnr = 66153 has multiple (4) positions, using the first one!
utility_to_osm - WARNING - ssr:stedsnr = 66161: No priority spelling found for lang = no, using alt_name to get "[('no', 'Svartskjerosen')]"
utility_to_osm - WARNING - ssr:stedsnr = 66167: No priority spelling found for lang = no, using alt_name to get "[('no', 'Risøyna')]"
utility_to_osm - WARNING - ssr:stedsnr = 66167 has multiple (3) positions, using the first one!
utility_to_osm - WARNING - ssr:stedsnr = 66200: No priority spelling found for lang = no, using alt_name to get "[('no', 'Geitarøyna')]"
utility_to_osm - WARNING - ssr:stedsnr = 66200 has multiple (3) positions, using the first one!
utility_to_osm - WARNING - ssr:stedsnr = 66307: No priority spelling found for lang = no, using alt_name to get "[('no', 'Stora Narøyna')]"
utility_to_osm - WARNING - ssr:stedsnr = 66307 has multiple (3) positions, using the first one!
utility_to_osm - WARNING - ssr:stedsnr = 66312: No priority spelling found for lang = no, using alt_name to get "[('no', 'Veløyna')]"
utility_to_osm - WARNING - ssr:stedsnr = 66312 has multiple (3) positions, using the first one!
utility_to_osm - WARNING - ssr:stedsnr = 66317: No priority spelling found for lang = no, using alt_name to get "[('no', 'Raudskjeret')]"
utility_to_osm - WARNING - ssr:stedsnr = 66317 has multiple (3) positions, using the first one!
utility_to_osm - WARNING - ssr:stedsnr = 66324: No priority spelling found for lang = no, using alt_name to get "[('no', 'Ljøsålen')]"
utility_to_osm - WARNING - ssr:stedsnr = 66324 has multiple (3) positions, using the first one!
utility_to_osm - WARNING - ssr:stedsnr = 66348: No priority spelling found for lang = no, using alt_name to get "[('no', 'Tjørnøyna')]"
utility_to_osm - WARNING - ssr:stedsnr = 66348 has multiple (3) positions, using the first one!
utility_to_osm - WARNING - ssr:stedsnr = 66351 has multiple (2) positions, using the first one!
utility_to_osm - WARNING - ssr:stedsnr = 66206: No priority spelling found for lang = no, using alt_name to get "[('no', 'Bjørnøyna')]"
utility_to_osm - WARNING - ssr:stedsnr = 66206 has multiple (3) positions, using the first one!
utility_to_osm - WARNING - ssr:stedsnr = 66210: No priority spelling found for lang = no, using alt_name to get "[('no', 'Børsosen')]"
utility_to_osm - WARNING - ssr:stedsnr = 66210 has multiple (3) positions, using the first one!
utility_to_osm - WARNING - ssr:stedsnr = 66212: No priority spelling found for lang = no, using alt_name to get "[('no', 'Frøskjeret')]"
utility_to_osm - WARNING - ssr:stedsnr = 66212 has multiple (3) positions, using the first one!
utility_to_osm - WARNING - ssr:stedsnr = 66220 has multiple (3) positions, using the first one!
utility_to_osm - WARNING - ssr:stedsnr = 66247 has multiple (2) positions, using the first one!
utility_to_osm - WARNING - ssr:stedsnr = 66248: No priority spelling found for lang = no, using alt_name to get "[('no', 'Løno')]"
utility_to_osm - WARNING - ssr:stedsnr = 66248 has multiple (7) positions, using the first one!
utility_to_osm - WARNING - ssr:stedsnr = 66264: No priority spelling found for lang = no, using alt_name to get "[('no', 'Tjørnasteinsvatnet')]"
utility_to_osm - WARNING - ssr:stedsnr = 66562: No priority spelling found for lang = no, using alt_name to get "[('no', 'Store Brattholmen')]"
utility_to_osm - WARNING - ssr:stedsnr = 66716: No priority spelling found for lang = no, using alt_name to get "[('no', 'Bildøytangen')]"
utility_to_osm - WARNING - ssr:stedsnr = 66610 has multiple (3) positions, using the first one!
utility_to_osm - WARNING - ssr:stedsnr = 66798 has multiple (5) positions, using the first one!
utility_to_osm - WARNING - ssr:stedsnr = 67594: No priority spelling found for lang = no, using alt_name to get "[('no', 'Ukseflua')]"
utility_to_osm - WARNING - ssr:stedsnr = 67594 has multiple (2) positions, using the first one!
utility_to_osm - WARNING - ssr:stedsnr = 67705: No priority spelling found for lang = no, using alt_name to get "[('no', 'Toftholmane')]"
utility_to_osm - WARNING - ssr:stedsnr = 67705 has multiple (3) positions, using the first one!
utility_to_osm - WARNING - ssr:stedsnr = 67723 has multiple (2) positions, using the first one!
utility_to_osm - WARNING - ssr:stedsnr = 67750: No priority spelling found for lang = no, using alt_name to get "[('no', 'Ternholmen')]"
utility_to_osm - WARNING - ssr:stedsnr = 67750 has multiple (3) positions, using the first one!
utility_to_osm - WARNING - ssr:stedsnr = 81834: No priority spelling found for lang = no, using alt_name to get "[('no', 'Tyssøyna')]"
utility_to_osm - WARNING - ssr:stedsnr = 81894: No priority spelling found for lang = no, using alt_name to get "[('no', 'Vorland')]"
utility_to_osm - WARNING - ssr:stedsnr = 81894 has multiple (2) positions, using the first one!
utility_to_osm - WARNING - ssr:stedsnr = 81936: No priority spelling found for lang = no, using alt_name to get "[('no', 'Vorland')]"
utility_to_osm - WARNING - ssr:stedsnr = 81936 has multiple (2) positions, using the first one!
utility_to_osm - WARNING - ssr:stedsnr = 82711: No priority spelling found for lang = no, using alt_name to get "[('no', 'Snekkevika')]"
utility_to_osm - WARNING - ssr:stedsnr = 85102: No priority spelling found for lang = no, using alt_name to get "[('no', 'Breivika')]"
utility_to_osm - WARNING - ssr:stedsnr = 85130: No priority spelling found for lang = no, using alt_name to get "[('no', 'Mebunesflua')]"
utility_to_osm - WARNING - ssr:stedsnr = 85132: No priority spelling found for lang = no, using alt_name to get "[('no', 'Kaggariskjeret')]"
utility_to_osm - WARNING - ssr:stedsnr = 85306: No priority spelling found for lang = no, using alt_name to get "[('no', 'Greipingsskjeret')]"
utility_to_osm - WARNING - ssr:stedsnr = 85085: No priority spelling found for lang = no, using alt_name to get "[('no', 'Litle Stongarholmen')]"
utility_to_osm - WARNING - ssr:stedsnr = 85224: No priority spelling found for lang = no, using alt_name to get "[('no', 'Søra Skreiskjeret')]"
utility_to_osm - WARNING - ssr:stedsnr = 85224 has multiple (2) positions, using the first one!
utility_to_osm - WARNING - ssr:stedsnr = 85517 has multiple (3) positions, using the first one!
utility_to_osm - WARNING - ssr:stedsnr = 86176: No priority spelling found for lang = no, using alt_name to get "[('no', 'Høylandsskjeret')]"
utility_to_osm - WARNING - ssr:stedsnr = 86176 has multiple (2) positions, using the first one!
utility_to_osm - WARNING - ssr:stedsnr = 86178: No priority spelling found for lang = no, using alt_name to get "[('no', 'Prøvika')]"
utility_to_osm - WARNING - ssr:stedsnr = 86809: No priority spelling found for lang = no, using alt_name to get "[('no', 'Skjervika')]"
utility_to_osm - WARNING - ssr:stedsnr = 86809 has multiple (2) positions, using the first one!
utility_to_osm - WARNING - ssr:stedsnr = 86823: No priority spelling found for lang = no, using alt_name to get "[('no', 'Osaflua')]"
utility_to_osm - WARNING - ssr:stedsnr = 248329: No priority spelling found for lang = no, using alt_name to get "[('no', 'Rotabekksvatnet')]"
utility_to_osm - WARNING - ssr:stedsnr = 248336: No priority spelling found for lang = no, using alt_name to get "[('no', 'Lueskjeret')]"
utility_to_osm - WARNING - ssr:stedsnr = 248336 has multiple (3) positions, using the first one!
utility_to_osm - WARNING - ssr:stedsnr = 247651 has multiple (2) positions, using the first one!
utility_to_osm - WARNING - ssr:stedsnr = 247706: No priority spelling found for lang = no, using alt_name to get "[('no', 'Sælsvika'), ('no', 'Austra Sælsvika')]"
utility_to_osm - ERROR - ssr:stedsnr = 247706: Adding multiple names to name tag, this is not OK! name = "Sælsvika;Austra Sælsvika"
utility_to_osm - WARNING - ssr:stedsnr = 247706 has multiple (6) positions, using the first one!
utility_to_osm - WARNING - ssr:stedsnr = 247707: No priority spelling found for lang = no, using alt_name to get "[('no', 'Sæle')]"
utility_to_osm - WARNING - ssr:stedsnr = 247710: No priority spelling found for lang = no, using alt_name to get "[('no', 'Stora Vardøyna')]"
utility_to_osm - WARNING - ssr:stedsnr = 247710 has multiple (6) positions, using the first one!
utility_to_osm - WARNING - ssr:stedsnr = 247688: No priority spelling found for lang = no, using alt_name to get "[('no', 'Litla Risøyna')]"
utility_to_osm - WARNING - ssr:stedsnr = 247688 has multiple (3) positions, using the first one!
utility_to_osm - WARNING - ssr:stedsnr = 247689: No priority spelling found for lang = no, using alt_name to get "[('no', 'Timbervika')]"
utility_to_osm - WARNING - ssr:stedsnr = 247689 has multiple (4) positions, using the first one!
utility_to_osm - WARNING - ssr:stedsnr = 247698: No priority spelling found for lang = no, using alt_name to get "[('no', 'Skrotten')]"
utility_to_osm - WARNING - ssr:stedsnr = 247698 has multiple (3) positions, using the first one!
utility_to_osm - WARNING - ssr:stedsnr = 247742: No priority spelling found for lang = no, using alt_name to get "[('no', 'Træsvika')]"
utility_to_osm - WARNING - ssr:stedsnr = 247742 has multiple (3) positions, using the first one!
utility_to_osm - WARNING - ssr:stedsnr = 247746 has multiple (3) positions, using the first one!
utility_to_osm - WARNING - ssr:stedsnr = 247792: No priority spelling found for lang = no, using alt_name to get "[('no', 'Håkonsund')]"
utility_to_osm - WARNING - ssr:stedsnr = 247792 has multiple (4) positions, using the first one!
utility_to_osm - WARNING - ssr:stedsnr = 247850 has multiple (3) positions, using the first one!
utility_to_osm - WARNING - ssr:stedsnr = 248128 has multiple (3) positions, using the first one!
utility_to_osm - WARNING - ssr:stedsnr = 248138: No priority spelling found for lang = no, using alt_name to get "[('no', 'Turøyna')]"
utility_to_osm - WARNING - ssr:stedsnr = 248138 has multiple (6) positions, using the first one!
utility_to_osm - WARNING - ssr:stedsnr = 248140: No priority spelling found for lang = no, using alt_name to get "[('no', 'Åkravikholmen')]"
utility_to_osm - WARNING - ssr:stedsnr = 248140 has multiple (2) positions, using the first one!
utility_to_osm - WARNING - ssr:stedsnr = 248230: No priority spelling found for lang = no, using alt_name to get "[('no', 'Bollevika')]"
utility_to_osm - WARNING - ssr:stedsnr = 248230 has multiple (3) positions, using the first one!
utility_to_osm - WARNING - ssr:stedsnr = 248271: No priority spelling found for lang = no, using alt_name to get "[('no', 'Klettaflua')]"
utility_to_osm - WARNING - ssr:stedsnr = 248271 has multiple (2) positions, using the first one!
utility_to_osm - WARNING - ssr:stedsnr = 248290: No priority spelling found for lang = no, using alt_name to get "[('no', 'Kallsøyane')]"
utility_to_osm - WARNING - ssr:stedsnr = 248290 has multiple (3) positions, using the first one!
utility_to_osm - WARNING - ssr:stedsnr = 248291: No priority spelling found for lang = no, using alt_name to get "[('no', 'Nordre Klauvholmen')]"
utility_to_osm - WARNING - ssr:stedsnr = 248291 has multiple (2) positions, using the first one!
utility_to_osm - WARNING - ssr:stedsnr = 248301: No priority spelling found for lang = no, using alt_name to get "[('no', 'Lambflua')]"
utility_to_osm - WARNING - ssr:stedsnr = 248301 has multiple (2) positions, using the first one!
utility_to_osm - WARNING - ssr:stedsnr = 248481 has multiple (2) positions, using the first one!
utility_to_osm - WARNING - ssr:stedsnr = 248485: No priority spelling found for lang = no, using alt_name to get "[('no', 'Krokavatnet')]"
utility_to_osm - WARNING - ssr:stedsnr = 248665 has multiple (2) positions, using the first one!
utility_to_osm - ERROR - ssr:stedsnr = 101826. No positions found, skipping
utility_to_osm - WARNING - ssr:stedsnr = 248536: No priority spelling found for lang = no, using alt_name to get "[('no', 'Sturemannsflua')]"
utility_to_osm - WARNING - ssr:stedsnr = 248536 has multiple (2) positions, using the first one!
utility_to_osm - WARNING - ssr:stedsnr = 248670: No priority spelling found for lang = no, using alt_name to get "[('no', 'Vågo')]"
utility_to_osm - WARNING - ssr:stedsnr = 248765 has multiple (3) positions, using the first one!
utility_to_osm - WARNING - ssr:stedsnr = 248769: No priority spelling found for lang = no, using alt_name to get "[('no', 'Tårnavatnet')]"
utility_to_osm - WARNING - ssr:stedsnr = 248774: No priority spelling found for lang = no, using alt_name to get "[('no', 'Breivika')]"
utility_to_osm - WARNING - ssr:stedsnr = 248934: No priority spelling found for lang = no, using alt_name to get "[('no', 'Kvalvågen')]"
utility_to_osm - WARNING - ssr:stedsnr = 248934 has multiple (4) positions, using the first one!
utility_to_osm - WARNING - ssr:stedsnr = 105278: No priority spelling found for lang = no, using alt_name to get "[('no', 'Storeklubben')]"
utility_to_osm - WARNING - ssr:stedsnr = 105540: No priority spelling found for lang = no, using alt_name to get "[('no', 'Litlatjørna')]"
utility_to_osm - WARNING - ssr:stedsnr = 105585 has multiple (2) positions, using the first one!
utility_to_osm - WARNING - ssr:stedsnr = 105989: No priority spelling found for lang = no, using alt_name to get "[('no', 'Torvhaugen')]"
utility_to_osm - WARNING - ssr:stedsnr = 106052 has multiple (2) positions, using the first one!
utility_to_osm - WARNING - ssr:stedsnr = 106178: No priority spelling found for lang = no, using alt_name to get "[('no', 'Selkartjørna')]"
utility_to_osm - WARNING - ssr:stedsnr = 106391: No priority spelling found for lang = no, using alt_name to get "[('no', 'Høgskjeret')]"
utility_to_osm - WARNING - ssr:stedsnr = 106391 has multiple (2) positions, using the first one!
utility_to_osm - WARNING - ssr:stedsnr = 106573: No priority spelling found for lang = no, using alt_name to get "[('no', 'Klakkane')]"
utility_to_osm - WARNING - ssr:stedsnr = 106678 has multiple (2) positions, using the first one!
utility_to_osm - WARNING - ssr:stedsnr = 106682: No priority spelling found for lang = no, using alt_name to get "[('no', 'Holmo')]"
utility_to_osm - WARNING - ssr:stedsnr = 106784: No priority spelling found for lang = no, using alt_name to get "[('no', 'Grønhelleren')]"
utility_to_osm - WARNING - ssr:stedsnr = 106785: No priority spelling found for lang = no, using alt_name to get "[('no', 'Kjereidosen')]"
utility_to_osm - WARNING - ssr:stedsnr = 249596: No priority spelling found for lang = no, using alt_name to get "[('no', 'Lamholmen')]"
utility_to_osm - WARNING - ssr:stedsnr = 249596 has multiple (3) positions, using the first one!
utility_to_osm - WARNING - ssr:stedsnr = 249598: No priority spelling found for lang = no, using alt_name to get "[('no', 'Hjelmevågen')]"
utility_to_osm - WARNING - ssr:stedsnr = 249598 has multiple (3) positions, using the first one!
utility_to_osm - WARNING - ssr:stedsnr = 249602 has multiple (3) positions, using the first one!
utility_to_osm - WARNING - ssr:stedsnr = 249511: No priority spelling found for lang = no, using alt_name to get "[('no', 'Rossøyna')]"
utility_to_osm - WARNING - ssr:stedsnr = 249511 has multiple (3) positions, using the first one!
utility_to_osm - WARNING - ssr:stedsnr = 249512: No priority spelling found for lang = no, using alt_name to get "[('no', 'Herdleværet')]"
utility_to_osm - WARNING - ssr:stedsnr = 249531: No priority spelling found for lang = no, using alt_name to get "[('no', 'Storodden')]"
utility_to_osm - WARNING - ssr:stedsnr = 249531 has multiple (3) positions, using the first one!
utility_to_osm - WARNING - ssr:stedsnr = 107172: No priority spelling found for lang = no, using alt_name to get "[('no', 'Inste Holmen')]"
utility_to_osm - WARNING - ssr:stedsnr = 249546: No priority spelling found for lang = no, using alt_name to get "[('no', 'Lisle Grøningen')]"
utility_to_osm - WARNING - ssr:stedsnr = 249546 has multiple (3) positions, using the first one!
utility_to_osm - WARNING - ssr:stedsnr = 249548: No priority spelling found for lang = no, using alt_name to get "[('no', 'Selsøyna')]"
utility_to_osm - WARNING - ssr:stedsnr = 249548 has multiple (2) positions, using the first one!
utility_to_osm - WARNING - ssr:stedsnr = 249565: No priority spelling found for lang = no, using alt_name to get "[('no', 'Ausskjeret')]"
utility_to_osm - WARNING - ssr:stedsnr = 249565 has multiple (3) positions, using the first one!
utility_to_osm - WARNING - ssr:stedsnr = 249566: No priority spelling found for lang = no, using alt_name to get "[('no', 'Lamøyflua')]"
utility_to_osm - WARNING - ssr:stedsnr = 249566 has multiple (2) positions, using the first one!
utility_to_osm - WARNING - ssr:stedsnr = 107227: No priority spelling found for lang = no, using alt_name to get "[('no', 'Sekkjene')]"
utility_to_osm - WARNING - ssr:stedsnr = 249588 has multiple (2) positions, using the first one!
utility_to_osm - WARNING - ssr:stedsnr = 249591: No priority spelling found for lang = no, using alt_name to get "[('no', 'Lyngøyna')]"
utility_to_osm - WARNING - ssr:stedsnr = 249591 has multiple (5) positions, using the first one!
utility_to_osm - WARNING - ssr:stedsnr = 107920: No priority spelling found for lang = no, using alt_name to get "[('no', 'Tangaskaget')]"
utility_to_osm - WARNING - ssr:stedsnr = 249730: No priority spelling found for lang = no, using alt_name to get "[('no', 'Rorsundet')]"
utility_to_osm - WARNING - ssr:stedsnr = 249730 has multiple (3) positions, using the first one!
utility_to_osm - WARNING - ssr:stedsnr = 249733: No priority spelling found for lang = no, using alt_name to get "[('no', 'Ivarsholmen')]"
utility_to_osm - WARNING - ssr:stedsnr = 249733 has multiple (3) positions, using the first one!
utility_to_osm - WARNING - ssr:stedsnr = 249735: No priority spelling found for lang = no, using alt_name to get "[('no', 'Gjoskallen')]"
utility_to_osm - WARNING - ssr:stedsnr = 249872: No priority spelling found for lang = no, using alt_name to get "[('no', 'Nordra Nautøyna')]"
utility_to_osm - WARNING - ssr:stedsnr = 249872 has multiple (2) positions, using the first one!
utility_to_osm - WARNING - ssr:stedsnr = 249873: No priority spelling found for lang = no, using alt_name to get "[('no', 'Stakksøyna')]"
utility_to_osm - WARNING - ssr:stedsnr = 111622: No priority spelling found for lang = no, using alt_name to get "[('no', 'Skjenemarka')]"
utility_to_osm - ERROR - ssr:stedsnr = 111622. No positions found, skipping
utility_to_osm - WARNING - ssr:stedsnr = 111625: No priority spelling found for lang = no, using alt_name to get "[('no', 'Bleikaneset')]"
utility_to_osm - ERROR - ssr:stedsnr = 111625. No positions found, skipping
utility_to_osm - ERROR - ssr:stedsnr = 111674. No positions found, skipping
utility_to_osm - ERROR - ssr:stedsnr = 119929. No positions found, skipping
utility_to_osm - WARNING - ssr:stedsnr = 125547: No priority spelling found for lang = no, using alt_name to get "[('no', 'Selstøvågen')]"
utility_to_osm - WARNING - ssr:stedsnr = 125547 has multiple (2) positions, using the first one!
utility_to_osm - WARNING - ssr:stedsnr = 125550: No priority spelling found for lang = no, using alt_name to get "[('no', 'Kvernavatnet')]"
utility_to_osm - WARNING - ssr:stedsnr = 125817 has multiple (4) positions, using the first one!
utility_to_osm - WARNING - ssr:stedsnr = 126131: No priority spelling found for lang = no, using alt_name to get "[('no', 'Kattholmen')]"
utility_to_osm - WARNING - ssr:stedsnr = 126137: No priority spelling found for lang = no, using alt_name to get "[('no', 'Dydnestakken')]"
utility_to_osm - WARNING - ssr:stedsnr = 126137 has multiple (3) positions, using the first one!
utility_to_osm - WARNING - ssr:stedsnr = 126304: No priority spelling found for lang = no, using alt_name to get "[('no', 'Lambøyna')]"
utility_to_osm - WARNING - ssr:stedsnr = 126304 has multiple (2) positions, using the first one!
utility_to_osm - WARNING - ssr:stedsnr = 126311: No priority spelling found for lang = no, using alt_name to get "[('no', 'Litløyna')]"
utility_to_osm - WARNING - ssr:stedsnr = 126311 has multiple (2) positions, using the first one!
utility_to_osm - WARNING - ssr:stedsnr = 126360: No priority spelling found for lang = no, using alt_name to get "[('no', 'Tjørnøyskjeret')]"
utility_to_osm - WARNING - ssr:stedsnr = 126300: No priority spelling found for lang = no, using alt_name to get "[('no', 'Ettersundosen')]"
utility_to_osm - WARNING - ssr:stedsnr = 126300 has multiple (3) positions, using the first one!
utility_to_osm - WARNING - ssr:stedsnr = 126443 has multiple (2) positions, using the first one!
utility_to_osm - WARNING - ssr:stedsnr = 126458: No priority spelling found for lang = no, using alt_name to get "[('no', 'Raunholmane')]"
utility_to_osm - WARNING - ssr:stedsnr = 126494: No priority spelling found for lang = no, using alt_name to get "[('no', 'Søvika')]"
utility_to_osm - WARNING - ssr:stedsnr = 126494 has multiple (4) positions, using the first one!
utility_to_osm - WARNING - ssr:stedsnr = 126692 has multiple (5) positions, using the first one!
utility_to_osm - WARNING - ssr:stedsnr = 126813: No priority spelling found for lang = no, using alt_name to get "[('no', 'Visterøyna')]"
utility_to_osm - WARNING - ssr:stedsnr = 126813 has multiple (4) positions, using the first one!
utility_to_osm - WARNING - ssr:stedsnr = 127241: No priority spelling found for lang = no, using alt_name to get "[('no', 'Rongaloftet')]"
utility_to_osm - WARNING - ssr:stedsnr = 127241 has multiple (2) positions, using the first one!
utility_to_osm - WARNING - ssr:stedsnr = 127603: No priority spelling found for lang = no, using alt_name to get "[('no', 'Søra Straumøysundet')]"
utility_to_osm - WARNING - ssr:stedsnr = 127603 has multiple (6) positions, using the first one!
utility_to_osm - WARNING - ssr:stedsnr = 127612: No priority spelling found for lang = no, using alt_name to get "[('no', 'Vassgeitingen')]"
utility_to_osm - WARNING - ssr:stedsnr = 127612 has multiple (3) positions, using the first one!
utility_to_osm - WARNING - ssr:stedsnr = 127618 has multiple (2) positions, using the first one!
utility_to_osm - WARNING - ssr:stedsnr = 127651: No priority spelling found for lang = no, using alt_name to get "[('no', 'Råna')]"
utility_to_osm - WARNING - ssr:stedsnr = 127651 has multiple (3) positions, using the first one!
utility_to_osm - WARNING - ssr:stedsnr = 127655 has multiple (3) positions, using the first one!
utility_to_osm - WARNING - ssr:stedsnr = 127656: No priority spelling found for lang = no, using alt_name to get "[('no', 'Godflua')]"
utility_to_osm - WARNING - ssr:stedsnr = 127656 has multiple (4) positions, using the first one!
utility_to_osm - WARNING - ssr:stedsnr = 127522: No priority spelling found for lang = no, using alt_name to get "[('no', 'Kørelen')]"
utility_to_osm - WARNING - ssr:stedsnr = 127522 has multiple (7) positions, using the first one!
utility_to_osm - WARNING - ssr:stedsnr = 127556 has multiple (3) positions, using the first one!
utility_to_osm - WARNING - ssr:stedsnr = 127558: No priority spelling found for lang = no, using alt_name to get "[('no', 'Husneset')]"
utility_to_osm - WARNING - ssr:stedsnr = 127558 has multiple (3) positions, using the first one!
utility_to_osm - WARNING - ssr:stedsnr = 127559: No priority spelling found for lang = no, using alt_name to get "[('no', 'Ljøsøyna')]"
utility_to_osm - WARNING - ssr:stedsnr = 127559 has multiple (5) positions, using the first one!
utility_to_osm - WARNING - ssr:stedsnr = 127594: No priority spelling found for lang = no, using alt_name to get "[('no', 'Skarvholmen')]"
utility_to_osm - WARNING - ssr:stedsnr = 127595 has multiple (2) positions, using the first one!
utility_to_osm - WARNING - ssr:stedsnr = 127891 has multiple (5) positions, using the first one!
utility_to_osm - WARNING - ssr:stedsnr = 127752: No priority spelling found for lang = no, using alt_name to get "[('no', 'Nautøyna')]"
utility_to_osm - WARNING - ssr:stedsnr = 127752 has multiple (3) positions, using the first one!
utility_to_osm - WARNING - ssr:stedsnr = 127753: No priority spelling found for lang = no, using alt_name to get "[('no', 'Såskjeret')]"
utility_to_osm - WARNING - ssr:stedsnr = 127753 has multiple (3) positions, using the first one!
utility_to_osm - WARNING - ssr:stedsnr = 127902: No priority spelling found for lang = no, using alt_name to get "[('no', 'Sangoltshella')]"
utility_to_osm - WARNING - ssr:stedsnr = 127902 has multiple (4) positions, using the first one!
utility_to_osm - WARNING - ssr:stedsnr = 142705: No priority spelling found for lang = no, using alt_name to get "[('no', 'Nordre Bjorøyna')]"
utility_to_osm - WARNING - ssr:stedsnr = 145075: No priority spelling found for lang = no, using alt_name to get "[('no', 'Skitflua')]"
utility_to_osm - WARNING - ssr:stedsnr = 145108: No priority spelling found for lang = no, using alt_name to get "[('no', 'Vikso')]"
utility_to_osm - WARNING - ssr:stedsnr = 145108 has multiple (3) positions, using the first one!
utility_to_osm - WARNING - ssr:stedsnr = 145110: No priority spelling found for lang = no, using alt_name to get "[('no', 'Store Stongarholmen')]"
utility_to_osm - WARNING - ssr:stedsnr = 145227: No priority spelling found for lang = no, using alt_name to get "[('no', 'Grønavika')]"
utility_to_osm - WARNING - ssr:stedsnr = 146094: No priority spelling found for lang = no, using alt_name to get "[('no', 'Gunnaren')]"
utility_to_osm - WARNING - ssr:stedsnr = 146094 has multiple (2) positions, using the first one!
utility_to_osm - WARNING - ssr:stedsnr = 146207: No priority spelling found for lang = no, using alt_name to get "[('no', 'Håkjerflua')]"
utility_to_osm - WARNING - ssr:stedsnr = 146212: No priority spelling found for lang = no, using alt_name to get "[('no', 'Katlaflua')]"
utility_to_osm - WARNING - ssr:stedsnr = 146903 has multiple (2) positions, using the first one!
utility_to_osm - WARNING - ssr:stedsnr = 146932: No priority spelling found for lang = no, using alt_name to get "[('no', 'Lislodden')]"
utility_to_osm - WARNING - ssr:stedsnr = 146945: No priority spelling found for lang = no, using alt_name to get "[('no', 'Seiflua')]"
utility_to_osm - WARNING - ssr:stedsnr = 146945 has multiple (2) positions, using the first one!
utility_to_osm - ERROR - ssr:stedsnr = 156600. No positions found, skipping
utility_to_osm - WARNING - ssr:stedsnr = 166107: No priority spelling found for lang = no, using alt_name to get "[('no', 'Stormyra')]"
utility_to_osm - WARNING - ssr:stedsnr = 166315: No priority spelling found for lang = no, using alt_name to get "[('no', 'Vardneshøyen')]"
utility_to_osm - WARNING - ssr:stedsnr = 166567: No priority spelling found for lang = no, using alt_name to get "[('no', 'Sønnavindskvilet')]"
utility_to_osm - WARNING - ssr:stedsnr = 166569: No priority spelling found for lang = no, using alt_name to get "[('no', 'Nordra Grøtvika')]"
utility_to_osm - WARNING - ssr:stedsnr = 166804: No priority spelling found for lang = no, using alt_name to get "[('no', 'Ytsta Havnasundet')]"
utility_to_osm - WARNING - ssr:stedsnr = 166958: No priority spelling found for lang = no, using alt_name to get "[('no', 'Traneneshaugen')]"
utility_to_osm - WARNING - ssr:stedsnr = 167309 has multiple (2) positions, using the first one!
utility_to_osm - WARNING - ssr:stedsnr = 167380: No priority spelling found for lang = no, using alt_name to get "[('no', 'Skoravågen')]"
utility_to_osm - WARNING - ssr:stedsnr = 167616: No priority spelling found for lang = no, using alt_name to get "[('no', 'Straumskylleren')]"
utility_to_osm - WARNING - ssr:stedsnr = 167858: No priority spelling found for lang = no, using alt_name to get "[('no', 'Søra Fløskjeret')]"
utility_to_osm - WARNING - ssr:stedsnr = 167861: No priority spelling found for lang = no, using alt_name to get "[('no', 'Nordra Fløskjeret')]"
utility_to_osm - WARNING - ssr:stedsnr = 171674: No priority spelling found for lang = no, using alt_name to get "[('no', 'Ebbesvikvegen')]"
utility_to_osm - ERROR - ssr:stedsnr = 171674. No positions found, skipping
utility_to_osm - WARNING - ssr:stedsnr = 177221: No priority spelling found for lang = no, using alt_name to get "[('no', 'Austre Skogsfjellvegen')]"
utility_to_osm - ERROR - ssr:stedsnr = 177221. No positions found, skipping
utility_to_osm - WARNING - ssr:stedsnr = 179212: No priority spelling found for lang = no, using alt_name to get "[('no', 'Hjartøyna')]"
utility_to_osm - ERROR - ssr:stedsnr = 179212. No positions found, skipping
utility_to_osm - WARNING - ssr:stedsnr = 179617: No priority spelling found for lang = no, using alt_name to get "[('no', 'Skarvaskjeret')]"
utility_to_osm - WARNING - ssr:stedsnr = 186603: No priority spelling found for lang = no, using alt_name to get "[('no', 'Goltasteinen')]"
utility_to_osm - WARNING - ssr:stedsnr = 186603 has multiple (3) positions, using the first one!
utility_to_osm - WARNING - ssr:stedsnr = 186590: No priority spelling found for lang = no, using alt_name to get "[('no', 'Nordra Skogsneset')]"
utility_to_osm - WARNING - ssr:stedsnr = 186590 has multiple (2) positions, using the first one!
utility_to_osm - WARNING - ssr:stedsnr = 186599: No priority spelling found for lang = no, using alt_name to get "[('no', 'Klokkarvatnet')]"
utility_to_osm - WARNING - ssr:stedsnr = 186702: No priority spelling found for lang = no, using alt_name to get "[('no', 'Bjelkarøyna')]"
utility_to_osm - WARNING - ssr:stedsnr = 186702 has multiple (8) positions, using the first one!
utility_to_osm - WARNING - ssr:stedsnr = 186707 has multiple (4) positions, using the first one!
utility_to_osm - WARNING - ssr:stedsnr = 187308: No priority spelling found for lang = no, using alt_name to get "[('no', 'Krokvatnet')]"
utility_to_osm - WARNING - ssr:stedsnr = 187308 has multiple (4) positions, using the first one!
utility_to_osm - WARNING - ssr:stedsnr = 187310: No priority spelling found for lang = no, using alt_name to get "[('no', 'Nordra Høgeskjeret')]"
utility_to_osm - WARNING - ssr:stedsnr = 187310 has multiple (4) positions, using the first one!
utility_to_osm - WARNING - ssr:stedsnr = 187315 has multiple (3) positions, using the first one!
utility_to_osm - WARNING - ssr:stedsnr = 187229: No priority spelling found for lang = no, using alt_name to get "[('no', 'Svarta Berget')]"
utility_to_osm - WARNING - ssr:stedsnr = 187229 has multiple (4) positions, using the first one!
utility_to_osm - WARNING - ssr:stedsnr = 187279: No priority spelling found for lang = no, using alt_name to get "[('no', 'Selvågen')]"
utility_to_osm - WARNING - ssr:stedsnr = 187280: No priority spelling found for lang = no, using alt_name to get "[('no', 'Hegrøyna')]"
utility_to_osm - WARNING - ssr:stedsnr = 187280 has multiple (4) positions, using the first one!
utility_to_osm - WARNING - ssr:stedsnr = 187285 has multiple (2) positions, using the first one!
utility_to_osm - WARNING - ssr:stedsnr = 187286: No priority spelling found for lang = no, using alt_name to get "[('no', 'Åse')]"
utility_to_osm - WARNING - ssr:stedsnr = 187294: No priority spelling found for lang = no, using alt_name to get "[('no', 'Kattarholmen')]"
utility_to_osm - WARNING - ssr:stedsnr = 187294 has multiple (3) positions, using the first one!
utility_to_osm - WARNING - ssr:stedsnr = 187410 has multiple (3) positions, using the first one!
utility_to_osm - WARNING - ssr:stedsnr = 187427: No priority spelling found for lang = no, using alt_name to get "[('no', 'Søre Oddafluene')]"
utility_to_osm - WARNING - ssr:stedsnr = 187427 has multiple (2) positions, using the first one!
utility_to_osm - WARNING - ssr:stedsnr = 187429 has multiple (2) positions, using the first one!
utility_to_osm - WARNING - ssr:stedsnr = 187693: No priority spelling found for lang = no, using alt_name to get "[('no', 'Hummelsund')]"
utility_to_osm - WARNING - ssr:stedsnr = 187705: No priority spelling found for lang = no, using alt_name to get "[('no', 'Skarholmen')]"
utility_to_osm - WARNING - ssr:stedsnr = 187705 has multiple (3) positions, using the first one!
utility_to_osm - WARNING - ssr:stedsnr = 187715: No priority spelling found for lang = no, using alt_name to get "[('no', 'Bildøyna')]"
utility_to_osm - WARNING - ssr:stedsnr = 188608: No priority spelling found for lang = no, using alt_name to get "[('no', 'Rotevågsøyna')]"
utility_to_osm - WARNING - ssr:stedsnr = 188608 has multiple (4) positions, using the first one!
utility_to_osm - WARNING - ssr:stedsnr = 188612: No priority spelling found for lang = no, using alt_name to get "[('no', 'Tvisloket')]"
utility_to_osm - WARNING - ssr:stedsnr = 188612 has multiple (3) positions, using the first one!
utility_to_osm - WARNING - ssr:stedsnr = 188625 has multiple (2) positions, using the first one!
utility_to_osm - WARNING - ssr:stedsnr = 188523: No priority spelling found for lang = no, using alt_name to get "[('no', 'Skogsvatnet'), ('no', 'Kvernavatnet')]"
utility_to_osm - ERROR - ssr:stedsnr = 188523: Adding multiple names to name tag, this is not OK! name = "Skogsvatnet;Kvernavatnet"
utility_to_osm - WARNING - ssr:stedsnr = 188581: No priority spelling found for lang = no, using alt_name to get "[('no', 'Ljøsøyskallen')]"
utility_to_osm - WARNING - ssr:stedsnr = 188581 has multiple (2) positions, using the first one!
utility_to_osm - WARNING - ssr:stedsnr = 188583: No priority spelling found for lang = no, using alt_name to get "[('no', 'Alvøyna')]"
utility_to_osm - WARNING - ssr:stedsnr = 188583 has multiple (3) positions, using the first one!
utility_to_osm - WARNING - ssr:stedsnr = 188587: No priority spelling found for lang = no, using alt_name to get "[('no', 'Store Grøningen')]"
utility_to_osm - WARNING - ssr:stedsnr = 188587 has multiple (3) positions, using the first one!
utility_to_osm - WARNING - ssr:stedsnr = 188643: No priority spelling found for lang = no, using alt_name to get "[('no', 'Lisla Rotøyna')]"
utility_to_osm - WARNING - ssr:stedsnr = 188643 has multiple (4) positions, using the first one!
utility_to_osm - WARNING - ssr:stedsnr = 188817: No priority spelling found for lang = no, using alt_name to get "[('no', 'Søra Kjerringasundet')]"
utility_to_osm - WARNING - ssr:stedsnr = 188817 has multiple (2) positions, using the first one!
utility_to_osm - WARNING - ssr:stedsnr = 263865: No priority spelling found for lang = no, using alt_name to get "[('no', 'Lerøyna')]"
utility_to_osm - WARNING - ssr:stedsnr = 264579: No priority spelling found for lang = no, using alt_name to get "[('no', 'Åse')]"
utility_to_osm - WARNING - ssr:stedsnr = 264625: No priority spelling found for lang = no, using alt_name to get "[('no', 'Ulveset')]"
utility_to_osm - WARNING - ssr:stedsnr = 267054: No priority spelling found for lang = no, using alt_name to get "[('no', 'Ytra Sandeidet')]"
utility_to_osm - WARNING - ssr:stedsnr = 267183: No priority spelling found for lang = no, using alt_name to get "[('no', 'Vestre Hestholmen')]"
utility_to_osm - WARNING - ssr:stedsnr = 267192: No priority spelling found for lang = no, using alt_name to get "[('no', 'Ramsvika')]"
utility_to_osm - WARNING - ssr:stedsnr = 267192 has multiple (2) positions, using the first one!
utility_to_osm - WARNING - ssr:stedsnr = 267600: No priority spelling found for lang = no, using alt_name to get "[('no', 'Sømgrunnen')]"
utility_to_osm - WARNING - ssr:stedsnr = 267692: No priority spelling found for lang = no, using alt_name to get "[('no', 'Lyngøyboen')]"
utility_to_osm - WARNING - ssr:stedsnr = 267875: No priority spelling found for lang = no, using alt_name to get "[('no', 'Svartevika')]"
utility_to_osm - WARNING - ssr:stedsnr = 267875 has multiple (2) positions, using the first one!
utility_to_osm - WARNING - ssr:stedsnr = 267925: No priority spelling found for lang = no, using alt_name to get "[('no', 'Trosavikskjeret')]"
utility_to_osm - WARNING - ssr:stedsnr = 267925 has multiple (2) positions, using the first one!
utility_to_osm - WARNING - ssr:stedsnr = 204436: No priority spelling found for lang = no, using alt_name to get "[('no', 'Dala')]"
utility_to_osm - WARNING - ssr:stedsnr = 204436 has multiple (2) positions, using the first one!
utility_to_osm - WARNING - ssr:stedsnr = 204454: No priority spelling found for lang = no, using alt_name to get "[('no', 'Fjell')]"
utility_to_osm - WARNING - ssr:stedsnr = 204702: No priority spelling found for lang = no, using alt_name to get "[('no', 'Turøyna')]"
utility_to_osm - WARNING - ssr:stedsnr = 204694: No priority spelling found for lang = no, using alt_name to get "[('no', 'Skålvika')]"
utility_to_osm - WARNING - ssr:stedsnr = 204694 has multiple (2) positions, using the first one!
utility_to_osm - WARNING - ssr:stedsnr = 268340: No priority spelling found for lang = no, using alt_name to get "[('no', 'Vika')]"
utility_to_osm - WARNING - ssr:stedsnr = 268322: No priority spelling found for lang = no, using alt_name to get "[('no', 'Ytstaskjeret lykt'), ('no', 'Ytstaskjeret')]"
utility_to_osm - ERROR - ssr:stedsnr = 268322: Adding multiple names to name tag, this is not OK! name = "Ytstaskjeret lykt;Ytstaskjeret"
utility_to_osm - WARNING - ssr:stedsnr = 206083: No priority spelling found for lang = no, using alt_name to get "[('no', 'Gåsøyane')]"
utility_to_osm - WARNING - ssr:stedsnr = 206206: No priority spelling found for lang = no, using alt_name to get "[('no', 'Grotvika')]"
utility_to_osm - WARNING - ssr:stedsnr = 206206 has multiple (4) positions, using the first one!
utility_to_osm - WARNING - ssr:stedsnr = 206222: No priority spelling found for lang = no, using alt_name to get "[('no', 'Ånesvika')]"
utility_to_osm - WARNING - ssr:stedsnr = 206351: No priority spelling found for lang = no, using alt_name to get "[('no', 'Arseta')]"
utility_to_osm - WARNING - ssr:stedsnr = 206605: No priority spelling found for lang = no, using alt_name to get "[('no', 'Flatskjeret')]"
utility_to_osm - WARNING - ssr:stedsnr = 206723: No priority spelling found for lang = no, using alt_name to get "[('no', 'Tverrflua')]"
utility_to_osm - WARNING - ssr:stedsnr = 207050: No priority spelling found for lang = no, using alt_name to get "[('no', 'Grunnavågsvadet')]"
utility_to_osm - WARNING - ssr:stedsnr = 207104: No priority spelling found for lang = no, using alt_name to get "[('no', 'Rossmunnsflua')]"
utility_to_osm - WARNING - ssr:stedsnr = 207129: No priority spelling found for lang = no, using alt_name to get "[('no', 'Litleusholmen')]"
utility_to_osm - WARNING - ssr:stedsnr = 268753: No priority spelling found for lang = no, using alt_name to get "[('no', 'Teksleflua')]"
utility_to_osm - WARNING - ssr:stedsnr = 207935: No priority spelling found for lang = no, using alt_name to get "[('no', 'Selvågen')]"
utility_to_osm - WARNING - ssr:stedsnr = 207935 has multiple (2) positions, using the first one!
utility_to_osm - WARNING - ssr:stedsnr = 207954: No priority spelling found for lang = no, using alt_name to get "[('no', 'Einshammaren')]"
utility_to_osm - WARNING - ssr:stedsnr = 268949 has multiple (2) positions, using the first one!
utility_to_osm - WARNING - ssr:stedsnr = 268950: No priority spelling found for lang = no, using alt_name to get "[('no', 'Kobbevågen')]"
utility_to_osm - WARNING - ssr:stedsnr = 210409 has multiple (3) positions, using the first one!
utility_to_osm - WARNING - ssr:stedsnr = 226102 has multiple (2) positions, using the first one!
utility_to_osm - ERROR - ssr:stedsnr = 226639. No positions found, skipping
utility_to_osm - WARNING - ssr:stedsnr = 227103: No priority spelling found for lang = no, using alt_name to get "[('no', 'Ytsta Kåravika')]"
utility_to_osm - WARNING - ssr:stedsnr = 227007 has multiple (2) positions, using the first one!
utility_to_osm - WARNING - ssr:stedsnr = 227069: No priority spelling found for lang = no, using alt_name to get "[('no', 'Gjona')]"
utility_to_osm - WARNING - ssr:stedsnr = 227490: No priority spelling found for lang = no, using alt_name to get "[('no', 'Høga Neset')]"
utility_to_osm - WARNING - ssr:stedsnr = 227499: No priority spelling found for lang = no, using alt_name to get "[('no', 'Kylleren')]"
utility_to_osm - WARNING - ssr:stedsnr = 227778: No priority spelling found for lang = no, using alt_name to get "[('no', 'Gardsihaugen')]"
utility_to_osm - WARNING - ssr:stedsnr = 227789: No priority spelling found for lang = no, using alt_name to get "[('no', 'Pordalsmyra')]"
utility_to_osm - WARNING - ssr:stedsnr = 227797: No priority spelling found for lang = no, using alt_name to get "[('no', 'Vindkjeften')]"
utility_to_osm - WARNING - ssr:stedsnr = 227936: No priority spelling found for lang = no, using alt_name to get "[('no', 'Gulfjellet')]"
utility_to_osm - WARNING - ssr:stedsnr = 227805: No priority spelling found for lang = no, using alt_name to get "[('no', 'Klauvholmane')]"
utility_to_osm - WARNING - ssr:stedsnr = 227900: No priority spelling found for lang = no, using alt_name to get "[('no', 'Ytste Djupedalen')]"
utility_to_osm - WARNING - ssr:stedsnr = 228039: No priority spelling found for lang = no, using alt_name to get "[('no', 'Hovdhøyen')]"
utility_to_osm - WARNING - ssr:stedsnr = 228804: No priority spelling found for lang = no, using alt_name to get "[('no', 'Buoldesvika')]"
utility_to_osm - WARNING - ssr:stedsnr = 229032 has multiple (2) positions, using the first one!
utility_to_osm - WARNING - ssr:stedsnr = 449359: No priority spelling found for lang = no, using alt_name to get "[('no', 'Gardsnesvika')]"
utility_to_osm - WARNING - ssr:stedsnr = 449359 has multiple (2) positions, using the first one!
utility_to_osm - WARNING - ssr:stedsnr = 230990: No priority spelling found for lang = no, using alt_name to get "[('no', 'Jønsabrekko')]"
utility_to_osm - ERROR - ssr:stedsnr = 230990. No positions found, skipping
utility_to_osm - WARNING - ssr:stedsnr = 449833: No priority spelling found for lang = no, using alt_name to get "[('no', 'Vestra Buarøyna')]"
utility_to_osm - WARNING - ssr:stedsnr = 450282: No priority spelling found for lang = no, using alt_name to get "[('no', 'Dotholmen')]"
utility_to_osm - WARNING - ssr:stedsnr = 237193: No priority spelling found for lang = no, using alt_name to get "[('no', 'Skålvikmarka')]"
utility_to_osm - ERROR - ssr:stedsnr = 237193. No positions found, skipping
utility_to_osm - WARNING - ssr:stedsnr = 450999: No priority spelling found for lang = no, using alt_name to get "[('no', 'Dyrøyna')]"
utility_to_osm - WARNING - ssr:stedsnr = 450999 has multiple (2) positions, using the first one!
utility_to_osm - WARNING - ssr:stedsnr = 247521: No priority spelling found for lang = no, using alt_name to get "[('no', 'Telavågen')]"
utility_to_osm - WARNING - ssr:stedsnr = 247521 has multiple (6) positions, using the first one!
utility_to_osm - WARNING - ssr:stedsnr = 247669: No priority spelling found for lang = no, using alt_name to get "[('no', 'Englabogen')]"
utility_to_osm - WARNING - ssr:stedsnr = 247669 has multiple (2) positions, using the first one!
utility_to_osm - WARNING - ssr:stedsnr = 247675: No priority spelling found for lang = no, using alt_name to get "[('no', 'Store Ramsholmen')]"
utility_to_osm - WARNING - ssr:stedsnr = 247675 has multiple (4) positions, using the first one!
utility_to_osm - WARNING - ssr:stedsnr = 247678 has multiple (3) positions, using the first one!
utility_to_osm - WARNING - ssr:stedsnr = 247812: No priority spelling found for lang = no, using alt_name to get "[('no', 'Kalsneset')]"
utility_to_osm - WARNING - ssr:stedsnr = 247812 has multiple (4) positions, using the first one!
utility_to_osm - WARNING - ssr:stedsnr = 247756 has multiple (3) positions, using the first one!
utility_to_osm - WARNING - ssr:stedsnr = 248219: No priority spelling found for lang = no, using alt_name to get "[('no', 'Kvitingsflua')]"
utility_to_osm - WARNING - ssr:stedsnr = 248219 has multiple (2) positions, using the first one!
utility_to_osm - WARNING - ssr:stedsnr = 248226: No priority spelling found for lang = no, using alt_name to get "[('no', 'Toftosen')]"
utility_to_osm - WARNING - ssr:stedsnr = 248226 has multiple (2) positions, using the first one!
utility_to_osm - WARNING - ssr:stedsnr = 248173 has multiple (2) positions, using the first one!
utility_to_osm - WARNING - ssr:stedsnr = 248176 has multiple (2) positions, using the first one!
utility_to_osm - WARNING - ssr:stedsnr = 248308: No priority spelling found for lang = no, using alt_name to get "[('no', 'Leiholmen')]"
utility_to_osm - WARNING - ssr:stedsnr = 248308 has multiple (2) positions, using the first one!
utility_to_osm - WARNING - ssr:stedsnr = 248310: No priority spelling found for lang = no, using alt_name to get "[('no', 'Haggardsvatnet')]"
utility_to_osm - WARNING - ssr:stedsnr = 248421: No priority spelling found for lang = no, using alt_name to get "[('no', 'Brotet')]"
utility_to_osm - WARNING - ssr:stedsnr = 248421 has multiple (2) positions, using the first one!
utility_to_osm - WARNING - ssr:stedsnr = 248428: No priority spelling found for lang = no, using alt_name to get "[('no', 'Lauvøyna')]"
utility_to_osm - WARNING - ssr:stedsnr = 248428 has multiple (3) positions, using the first one!
utility_to_osm - WARNING - ssr:stedsnr = 248454 has multiple (2) positions, using the first one!
utility_to_osm - WARNING - ssr:stedsnr = 248457: No priority spelling found for lang = no, using alt_name to get "[('no', 'Ommundsholmen')]"
utility_to_osm - WARNING - ssr:stedsnr = 248457 has multiple (3) positions, using the first one!
utility_to_osm - WARNING - ssr:stedsnr = 248466: No priority spelling found for lang = no, using alt_name to get "[('no', 'Lotafjellet')]"
utility_to_osm - WARNING - ssr:stedsnr = 248466 has multiple (2) positions, using the first one!
utility_to_osm - WARNING - ssr:stedsnr = 248606: No priority spelling found for lang = no, using alt_name to get "[('no', 'Stura')]"
utility_to_osm - WARNING - ssr:stedsnr = 248609 has multiple (2) positions, using the first one!
utility_to_osm - WARNING - ssr:stedsnr = 248699: No priority spelling found for lang = no, using alt_name to get "[('no', 'Geitavikneset')]"
utility_to_osm - WARNING - ssr:stedsnr = 248699 has multiple (3) positions, using the first one!
utility_to_osm - WARNING - ssr:stedsnr = 248851: No priority spelling found for lang = no, using alt_name to get "[('no', 'Alvøyna')]"
utility_to_osm - WARNING - ssr:stedsnr = 248851 has multiple (3) positions, using the first one!
utility_to_osm - WARNING - ssr:stedsnr = 248864: No priority spelling found for lang = no, using alt_name to get "[('no', 'Glåmsneset')]"
utility_to_osm - WARNING - ssr:stedsnr = 248912: No priority spelling found for lang = no, using alt_name to get "[('no', 'Håskjeret')]"
utility_to_osm - WARNING - ssr:stedsnr = 248912 has multiple (4) positions, using the first one!
utility_to_osm - WARNING - ssr:stedsnr = 263290: No priority spelling found for lang = no, using alt_name to get "[('no', 'Kolltveit')]"
utility_to_osm - WARNING - ssr:stedsnr = 264704: No priority spelling found for lang = no, using alt_name to get "[('no', 'Hissøyna')]"
utility_to_osm - WARNING - ssr:stedsnr = 264715: No priority spelling found for lang = no, using alt_name to get "[('no', 'Ebbesvika')]"
utility_to_osm - WARNING - ssr:stedsnr = 264685: No priority spelling found for lang = no, using alt_name to get "[('no', 'Nordre Bjorøyna')]"
utility_to_osm - WARNING - ssr:stedsnr = 264691: No priority spelling found for lang = no, using alt_name to get "[('no', 'Algrøyna')]"
utility_to_osm - WARNING - ssr:stedsnr = 264691 has multiple (2) positions, using the first one!
utility_to_osm - WARNING - ssr:stedsnr = 264692: No priority spelling found for lang = no, using alt_name to get "[('no', 'Algrøyna')]"
utility_to_osm - WARNING - ssr:stedsnr = 264692 has multiple (2) positions, using the first one!
utility_to_osm - WARNING - ssr:stedsnr = 267082: No priority spelling found for lang = no, using alt_name to get "[('no', 'Porsvika')]"
utility_to_osm - WARNING - ssr:stedsnr = 267082 has multiple (2) positions, using the first one!
utility_to_osm - WARNING - ssr:stedsnr = 267085: No priority spelling found for lang = no, using alt_name to get "[('no', 'Steinslandsflua')]"
utility_to_osm - WARNING - ssr:stedsnr = 267085 has multiple (2) positions, using the first one!
utility_to_osm - WARNING - ssr:stedsnr = 267927 has multiple (2) positions, using the first one!
utility_to_osm - WARNING - ssr:stedsnr = 268106: No priority spelling found for lang = no, using alt_name to get "[('no', 'Lyrodden')]"
utility_to_osm - WARNING - ssr:stedsnr = 268112: No priority spelling found for lang = no, using alt_name to get "[('no', 'Stongarholmane')]"
utility_to_osm - WARNING - ssr:stedsnr = 288032: No priority spelling found for lang = no, using alt_name to get "[('no', 'Gultona')]"
utility_to_osm - WARNING - ssr:stedsnr = 288214: No priority spelling found for lang = no, using alt_name to get "[('no', 'Stuvbøen')]"
utility_to_osm - WARNING - ssr:stedsnr = 288109: No priority spelling found for lang = no, using alt_name to get "[('no', 'Helrane')]"
utility_to_osm - WARNING - ssr:stedsnr = 288133: No priority spelling found for lang = no, using alt_name to get "[('no', 'Storevardneset')]"
utility_to_osm - WARNING - ssr:stedsnr = 288187: No priority spelling found for lang = no, using alt_name to get "[('no', 'Sandvikshøyen')]"
utility_to_osm - WARNING - ssr:stedsnr = 288382: No priority spelling found for lang = no, using alt_name to get "[('no', 'Smakko')]"
utility_to_osm - WARNING - ssr:stedsnr = 288394: No priority spelling found for lang = no, using alt_name to get "[('no', 'Nyo')]"
utility_to_osm - WARNING - ssr:stedsnr = 288737: No priority spelling found for lang = no, using alt_name to get "[('no', 'Medarseta')]"
utility_to_osm - WARNING - ssr:stedsnr = 288932: No priority spelling found for lang = no, using alt_name to get "[('no', 'Fjæreidholmane')]"
utility_to_osm - WARNING - ssr:stedsnr = 288678 has multiple (2) positions, using the first one!
utility_to_osm - WARNING - ssr:stedsnr = 288811: No priority spelling found for lang = no, using alt_name to get "[('no', 'Midtre Selsteinen')]"
utility_to_osm - WARNING - ssr:stedsnr = 289992: No priority spelling found for lang = no, using alt_name to get "[('no', 'Grunnevika')]"
utility_to_osm - WARNING - ssr:stedsnr = 290207 has multiple (2) positions, using the first one!
utility_to_osm - WARNING - ssr:stedsnr = 292277: No priority spelling found for lang = no, using alt_name to get "[('no', 'Grøndalen')]"
utility_to_osm - ERROR - ssr:stedsnr = 292277. No positions found, skipping
utility_to_osm - WARNING - ssr:stedsnr = 465046: No priority spelling found for lang = no, using alt_name to get "[('no', 'Nåleranen')]"
utility_to_osm - WARNING - ssr:stedsnr = 308103: No priority spelling found for lang = no, using alt_name to get "[('no', 'Skråpen')]"
utility_to_osm - WARNING - ssr:stedsnr = 308103 has multiple (3) positions, using the first one!
utility_to_osm - WARNING - ssr:stedsnr = 308108: No priority spelling found for lang = no, using alt_name to get "[('no', 'Sandøyskjera')]"
utility_to_osm - WARNING - ssr:stedsnr = 308108 has multiple (2) positions, using the first one!
utility_to_osm - WARNING - ssr:stedsnr = 308207 has multiple (3) positions, using the first one!
utility_to_osm - WARNING - ssr:stedsnr = 308223 has multiple (4) positions, using the first one!
utility_to_osm - WARNING - ssr:stedsnr = 308261: No priority spelling found for lang = no, using alt_name to get "[('no', 'Bosvatnet')]"
utility_to_osm - WARNING - ssr:stedsnr = 308277: No priority spelling found for lang = no, using alt_name to get "[('no', 'Spjeldsfjellet')]"
utility_to_osm - WARNING - ssr:stedsnr = 308277 has multiple (3) positions, using the first one!
utility_to_osm - WARNING - ssr:stedsnr = 308292: No priority spelling found for lang = no, using alt_name to get "[('no', 'Svekksteinen')]"
utility_to_osm - WARNING - ssr:stedsnr = 308292 has multiple (3) positions, using the first one!
utility_to_osm - WARNING - ssr:stedsnr = 308405: No priority spelling found for lang = no, using alt_name to get "[('no', 'Hjartøyna')]"
utility_to_osm - WARNING - ssr:stedsnr = 308405 has multiple (4) positions, using the first one!
utility_to_osm - WARNING - ssr:stedsnr = 308412: No priority spelling found for lang = no, using alt_name to get "[('no', 'Klumbraholmen')]"
utility_to_osm - WARNING - ssr:stedsnr = 308412 has multiple (2) positions, using the first one!
utility_to_osm - WARNING - ssr:stedsnr = 308422 has multiple (3) positions, using the first one!
utility_to_osm - WARNING - ssr:stedsnr = 308305 has multiple (3) positions, using the first one!
utility_to_osm - WARNING - ssr:stedsnr = 308308: No priority spelling found for lang = no, using alt_name to get "[('no', 'Havrøyna')]"
utility_to_osm - WARNING - ssr:stedsnr = 308308 has multiple (2) positions, using the first one!
utility_to_osm - WARNING - ssr:stedsnr = 308342: No priority spelling found for lang = no, using alt_name to get "[('no', 'Bruavatnet')]"
utility_to_osm - WARNING - ssr:stedsnr = 308343 has multiple (3) positions, using the first one!
utility_to_osm - WARNING - ssr:stedsnr = 308396: No priority spelling found for lang = no, using alt_name to get "[('no', 'Langavatnet')]"
utility_to_osm - WARNING - ssr:stedsnr = 308777 has multiple (3) positions, using the first one!
utility_to_osm - WARNING - ssr:stedsnr = 308818: No priority spelling found for lang = no, using alt_name to get "[('no', 'Førdesvatnet')]"
utility_to_osm - WARNING - ssr:stedsnr = 308818 has multiple (4) positions, using the first one!
utility_to_osm - WARNING - ssr:stedsnr = 308838: No priority spelling found for lang = no, using alt_name to get "[('no', 'Lerøyna')]"
utility_to_osm - WARNING - ssr:stedsnr = 309205 has multiple (3) positions, using the first one!
utility_to_osm - WARNING - ssr:stedsnr = 465784: No priority spelling found for lang = no, using alt_name to get "[('no', 'Blokksbergvegen')]"
utility_to_osm - ERROR - ssr:stedsnr = 465784. No positions found, skipping
utility_to_osm - WARNING - ssr:stedsnr = 309185: No priority spelling found for lang = no, using alt_name to get "[('no', 'Kalvaneset')]"
utility_to_osm - WARNING - ssr:stedsnr = 309185 has multiple (3) positions, using the first one!
utility_to_osm - WARNING - ssr:stedsnr = 309186: No priority spelling found for lang = no, using alt_name to get "[('no', 'Gròtevika')]"
utility_to_osm - WARNING - ssr:stedsnr = 309186 has multiple (3) positions, using the first one!
utility_to_osm - WARNING - ssr:stedsnr = 309193: No priority spelling found for lang = no, using alt_name to get "[('no', 'Svartskjera')]"
utility_to_osm - WARNING - ssr:stedsnr = 309193 has multiple (2) positions, using the first one!
utility_to_osm - WARNING - ssr:stedsnr = 309349 has multiple (2) positions, using the first one!
utility_to_osm - WARNING - ssr:stedsnr = 309387 has multiple (3) positions, using the first one!
utility_to_osm - WARNING - ssr:stedsnr = 309390 has multiple (2) positions, using the first one!
utility_to_osm - WARNING - ssr:stedsnr = 309517: No priority spelling found for lang = no, using alt_name to get "[('no', 'Selstøa')]"
utility_to_osm - WARNING - ssr:stedsnr = 309534 has multiple (2) positions, using the first one!
utility_to_osm - WARNING - ssr:stedsnr = 309637 has multiple (2) positions, using the first one!
utility_to_osm - WARNING - ssr:stedsnr = 309786 has multiple (2) positions, using the first one!
utility_to_osm - WARNING - ssr:stedsnr = 309880 has multiple (3) positions, using the first one!
utility_to_osm - WARNING - ssr:stedsnr = 310612 has multiple (2) positions, using the first one!
utility_to_osm - WARNING - ssr:stedsnr = 310626 has multiple (2) positions, using the first one!
utility_to_osm - WARNING - ssr:stedsnr = 310532: No priority spelling found for lang = no, using alt_name to get "[('no', 'Ovika')]"
utility_to_osm - WARNING - ssr:stedsnr = 310532 has multiple (3) positions, using the first one!
utility_to_osm - WARNING - ssr:stedsnr = 324878: No priority spelling found for lang = no, using alt_name to get "[('no', 'Litle-Sangolt')]"
utility_to_osm - WARNING - ssr:stedsnr = 324879: No priority spelling found for lang = no, using alt_name to get "[('no', 'Vorland')]"
utility_to_osm - WARNING - ssr:stedsnr = 324879 has multiple (2) positions, using the first one!
utility_to_osm - WARNING - ssr:stedsnr = 324885: No priority spelling found for lang = no, using alt_name to get "[('no', 'Store-Sangolt')]"
utility_to_osm - WARNING - ssr:stedsnr = 324885 has multiple (2) positions, using the first one!
utility_to_osm - WARNING - ssr:stedsnr = 325516: No priority spelling found for lang = no, using alt_name to get "[('no', 'Nordre Ekrhovda')]"
utility_to_osm - WARNING - ssr:stedsnr = 325677: No priority spelling found for lang = no, using alt_name to get "[('no', 'Nordre Bjorøyna')]"
utility_to_osm - WARNING - ssr:stedsnr = 325686: No priority spelling found for lang = no, using alt_name to get "[('no', 'Hissøyna')]"
utility_to_osm - WARNING - ssr:stedsnr = 325692: No priority spelling found for lang = no, using alt_name to get "[('no', 'Lokøyna')]"
utility_to_osm - WARNING - ssr:stedsnr = 325692 has multiple (2) positions, using the first one!
utility_to_osm - WARNING - ssr:stedsnr = 325694: No priority spelling found for lang = no, using alt_name to get "[('no', 'Snekkevika')]"
utility_to_osm - WARNING - ssr:stedsnr = 325708: No priority spelling found for lang = no, using alt_name to get "[('no', 'Møvika')]"
utility_to_osm - WARNING - ssr:stedsnr = 325724: No priority spelling found for lang = no, using alt_name to get "[('no', 'Turøyna')]"
utility_to_osm - WARNING - ssr:stedsnr = 325726: No priority spelling found for lang = no, using alt_name to get "[('no', 'Turøyna')]"
utility_to_osm - WARNING - ssr:stedsnr = 469444: No priority spelling found for lang = no, using alt_name to get "[('no', 'Algrøyna')]"
utility_to_osm - WARNING - ssr:stedsnr = 469548: No priority spelling found for lang = no, using alt_name to get "[('no', 'Sandøyskaget')]"
utility_to_osm - WARNING - ssr:stedsnr = 469641: No priority spelling found for lang = no, using alt_name to get "[('no', 'Nyevågsskaget')]"
utility_to_osm - WARNING - ssr:stedsnr = 469602: No priority spelling found for lang = no, using alt_name to get "[('no', 'Opsøysundet')]"
utility_to_osm - WARNING - ssr:stedsnr = 327360: No priority spelling found for lang = no, using alt_name to get "[('no', 'Kvannflua')]"
utility_to_osm - WARNING - ssr:stedsnr = 470135: No priority spelling found for lang = no, using alt_name to get "[('no', 'Straumøyvatnet')]"
utility_to_osm - WARNING - ssr:stedsnr = 470159: No priority spelling found for lang = no, using alt_name to get "[('no', 'Kjerringvikneset')]"
utility_to_osm - WARNING - ssr:stedsnr = 470084: No priority spelling found for lang = no, using alt_name to get "[('no', 'Lynghøyen')]"
utility_to_osm - WARNING - ssr:stedsnr = 328705: No priority spelling found for lang = no, using alt_name to get "[('no', 'Tverrflua')]"
utility_to_osm - WARNING - ssr:stedsnr = 328714: No priority spelling found for lang = no, using alt_name to get "[('no', 'Utfarskjeret')]"
utility_to_osm - WARNING - ssr:stedsnr = 328604 has multiple (2) positions, using the first one!
utility_to_osm - WARNING - ssr:stedsnr = 328607: No priority spelling found for lang = no, using alt_name to get "[('no', 'Søra Kvalvika')]"
utility_to_osm - WARNING - ssr:stedsnr = 328607 has multiple (2) positions, using the first one!
utility_to_osm - WARNING - ssr:stedsnr = 329125: No priority spelling found for lang = no, using alt_name to get "[('no', 'Træsvikflua')]"
utility_to_osm - WARNING - ssr:stedsnr = 470192: No priority spelling found for lang = no, using alt_name to get "[('no', 'Gåsetjørna')]"
utility_to_osm - WARNING - ssr:stedsnr = 470244: No priority spelling found for lang = no, using alt_name to get "[('no', 'Træsvika')]"
utility_to_osm - WARNING - ssr:stedsnr = 470251: No priority spelling found for lang = no, using alt_name to get "[('no', 'Kuholene')]"
utility_to_osm - WARNING - ssr:stedsnr = 329267: No priority spelling found for lang = no, using alt_name to get "[('no', 'Rynjelsosen')]"
utility_to_osm - WARNING - ssr:stedsnr = 329270: No priority spelling found for lang = no, using alt_name to get "[('no', 'Stekholmen')]"
utility_to_osm - WARNING - ssr:stedsnr = 329270 has multiple (2) positions, using the first one!
utility_to_osm - WARNING - ssr:stedsnr = 470257: No priority spelling found for lang = no, using alt_name to get "[('no', 'Juvika')]"
utility_to_osm - WARNING - ssr:stedsnr = 470541: No priority spelling found for lang = no, using alt_name to get "[('no', 'Bjørkemyra')]"
utility_to_osm - WARNING - ssr:stedsnr = 470543: No priority spelling found for lang = no, using alt_name to get "[('no', 'Usholmdalen')]"
utility_to_osm - WARNING - ssr:stedsnr = 470569: No priority spelling found for lang = no, using alt_name to get "[('no', 'Sælskletten')]"
utility_to_osm - WARNING - ssr:stedsnr = 470738: No priority spelling found for lang = no, using alt_name to get "[('no', 'Åsamyrane')]"
utility_to_osm - WARNING - ssr:stedsnr = 470840: No priority spelling found for lang = no, using alt_name to get "[('no', 'Trettholmen')]"
utility_to_osm - WARNING - ssr:stedsnr = 470857: No priority spelling found for lang = no, using alt_name to get "[('no', 'Mækvatnet')]"
utility_to_osm - WARNING - ssr:stedsnr = 470875: No priority spelling found for lang = no, using alt_name to get "[('no', 'Krossadalen')]"
utility_to_osm - WARNING - ssr:stedsnr = 470935: No priority spelling found for lang = no, using alt_name to get "[('no', 'Nordrevågen')]"
utility_to_osm - WARNING - ssr:stedsnr = 470950 has multiple (2) positions, using the first one!
utility_to_osm - WARNING - ssr:stedsnr = 470958: No priority spelling found for lang = no, using alt_name to get "[('no', 'Øykjaneset')]"
utility_to_osm - WARNING - ssr:stedsnr = 472185 has multiple (2) positions, using the first one!
utility_to_osm - WARNING - ssr:stedsnr = 472195 has multiple (2) positions, using the first one!
utility_to_osm - WARNING - ssr:stedsnr = 472200 has multiple (2) positions, using the first one!
utility_to_osm - WARNING - ssr:stedsnr = 343594 has multiple (2) positions, using the first one!
utility_to_osm - WARNING - ssr:stedsnr = 348172: No priority spelling found for lang = no, using alt_name to get "[('no', 'Snørstegen')]"
utility_to_osm - WARNING - ssr:stedsnr = 348502: No priority spelling found for lang = no, using alt_name to get "[('no', 'Lonstangtjørna')]"
utility_to_osm - WARNING - ssr:stedsnr = 348562: No priority spelling found for lang = no, using alt_name to get "[('no', 'Skarvaskjeret')]"
utility_to_osm - WARNING - ssr:stedsnr = 348678: No priority spelling found for lang = no, using alt_name to get "[('no', 'Dalafjellet')]"
utility_to_osm - WARNING - ssr:stedsnr = 349268: No priority spelling found for lang = no, using alt_name to get "[('no', 'Kongsskjera')]"
utility_to_osm - WARNING - ssr:stedsnr = 349402: No priority spelling found for lang = no, using alt_name to get "[('no', 'Austra Skulevatnet')]"
utility_to_osm - WARNING - ssr:stedsnr = 349615: No priority spelling found for lang = no, using alt_name to get "[('no', 'Stemhaugen')]"
utility_to_osm - WARNING - ssr:stedsnr = 349909: No priority spelling found for lang = no, using alt_name to get "[('no', 'Nordre Søvikholmen')]"
utility_to_osm - WARNING - ssr:stedsnr = 473991: No priority spelling found for lang = no, using alt_name to get "[('no', 'Heimavågsvegen')]"
utility_to_osm - ERROR - ssr:stedsnr = 473991. No positions found, skipping
utility_to_osm - ERROR - ssr:stedsnr = 357051. No positions found, skipping
utility_to_osm - WARNING - ssr:stedsnr = 357054: No priority spelling found for lang = no, using alt_name to get "[('no', 'Malenevegen')]"
utility_to_osm - ERROR - ssr:stedsnr = 357054. No positions found, skipping
utility_to_osm - WARNING - ssr:stedsnr = 475638: No priority spelling found for lang = no, using alt_name to get "[('no', 'Bjørkelundvegen')]"
utility_to_osm - ERROR - ssr:stedsnr = 475638. No positions found, skipping
utility_to_osm - WARNING - ssr:stedsnr = 368583: No priority spelling found for lang = no, using alt_name to get "[('no', 'Lauvvatnet')]"
utility_to_osm - WARNING - ssr:stedsnr = 368583 has multiple (3) positions, using the first one!
utility_to_osm - WARNING - ssr:stedsnr = 368588 has multiple (3) positions, using the first one!
utility_to_osm - WARNING - ssr:stedsnr = 368719: No priority spelling found for lang = no, using alt_name to get "[('no', 'Skjerholmen')]"
utility_to_osm - WARNING - ssr:stedsnr = 368719 has multiple (3) positions, using the first one!
utility_to_osm - WARNING - ssr:stedsnr = 368724 has multiple (3) positions, using the first one!
utility_to_osm - WARNING - ssr:stedsnr = 368733: No priority spelling found for lang = no, using alt_name to get "[('no', 'Lutavika')]"
utility_to_osm - WARNING - ssr:stedsnr = 368733 has multiple (3) positions, using the first one!
utility_to_osm - WARNING - ssr:stedsnr = 368872 has multiple (3) positions, using the first one!
utility_to_osm - WARNING - ssr:stedsnr = 368881: No priority spelling found for lang = no, using alt_name to get "[('no', 'Høyland')]"
utility_to_osm - WARNING - ssr:stedsnr = 369117: No priority spelling found for lang = no, using alt_name to get "[('no', 'Skorsundet')]"
utility_to_osm - WARNING - ssr:stedsnr = 369117 has multiple (3) positions, using the first one!
utility_to_osm - WARNING - ssr:stedsnr = 369118: No priority spelling found for lang = no, using alt_name to get "[('no', 'Gloppholmen')]"
utility_to_osm - WARNING - ssr:stedsnr = 369118 has multiple (3) positions, using the first one!
utility_to_osm - WARNING - ssr:stedsnr = 369305 has multiple (2) positions, using the first one!
utility_to_osm - WARNING - ssr:stedsnr = 369327: No priority spelling found for lang = no, using alt_name to get "[('no', 'Ytste Kjeholmen')]"
utility_to_osm - WARNING - ssr:stedsnr = 369327 has multiple (3) positions, using the first one!
utility_to_osm - WARNING - ssr:stedsnr = 369203: No priority spelling found for lang = no, using alt_name to get "[('no', 'Sjurholmen')]"
utility_to_osm - WARNING - ssr:stedsnr = 369203 has multiple (4) positions, using the first one!
utility_to_osm - WARNING - ssr:stedsnr = 369204 has multiple (3) positions, using the first one!
utility_to_osm - WARNING - ssr:stedsnr = 369211 has multiple (8) positions, using the first one!
utility_to_osm - WARNING - ssr:stedsnr = 369278: No priority spelling found for lang = no, using alt_name to get "[('no', 'Tveita')]"
utility_to_osm - WARNING - ssr:stedsnr = 369402: No priority spelling found for lang = no, using alt_name to get "[('no', 'Storhaugen')]"
utility_to_osm - WARNING - ssr:stedsnr = 369402 has multiple (2) positions, using the first one!
utility_to_osm - WARNING - ssr:stedsnr = 369413: No priority spelling found for lang = no, using alt_name to get "[('no', 'Store Lambholmen')]"
utility_to_osm - WARNING - ssr:stedsnr = 369413 has multiple (3) positions, using the first one!
utility_to_osm - WARNING - ssr:stedsnr = 369414: No priority spelling found for lang = no, using alt_name to get "[('no', 'Osafluene')]"
utility_to_osm - WARNING - ssr:stedsnr = 369414 has multiple (2) positions, using the first one!
utility_to_osm - WARNING - ssr:stedsnr = 369424: No priority spelling found for lang = no, using alt_name to get "[('no', 'Storavatnet')]"
utility_to_osm - WARNING - ssr:stedsnr = 369428: No priority spelling found for lang = no, using alt_name to get "[('no', 'Teistholmen')]"
utility_to_osm - WARNING - ssr:stedsnr = 369428 has multiple (2) positions, using the first one!
utility_to_osm - WARNING - ssr:stedsnr = 369587: No priority spelling found for lang = no, using alt_name to get "[('no', 'Botlanipene')]"
utility_to_osm - WARNING - ssr:stedsnr = 369587 has multiple (2) positions, using the first one!
utility_to_osm - WARNING - ssr:stedsnr = 369710: No priority spelling found for lang = no, using alt_name to get "[('no', 'Høgøyna')]"
utility_to_osm - WARNING - ssr:stedsnr = 369710 has multiple (2) positions, using the first one!
utility_to_osm - WARNING - ssr:stedsnr = 369715: No priority spelling found for lang = no, using alt_name to get "[('no', 'Bildøyna')]"
utility_to_osm - WARNING - ssr:stedsnr = 369717: No priority spelling found for lang = no, using alt_name to get "[('no', 'Tekslo')]"
utility_to_osm - WARNING - ssr:stedsnr = 369717 has multiple (3) positions, using the first one!
utility_to_osm - WARNING - ssr:stedsnr = 479085: No priority spelling found for lang = no, using alt_name to get "[('no', 'Eidet')]"
utility_to_osm - WARNING - ssr:stedsnr = 369818: No priority spelling found for lang = no, using alt_name to get "[('no', 'Hellersholmen')]"
utility_to_osm - WARNING - ssr:stedsnr = 369774: No priority spelling found for lang = no, using alt_name to get "[('no', 'Ebbesvika')]"
utility_to_osm - WARNING - ssr:stedsnr = 370565: No priority spelling found for lang = no, using alt_name to get "[('no', 'Alvheimsvatnet')]"
utility_to_osm - WARNING - ssr:stedsnr = 370568: No priority spelling found for lang = no, using alt_name to get "[('no', 'Nordra Kvalvika')]"
utility_to_osm - WARNING - ssr:stedsnr = 370568 has multiple (3) positions, using the first one!
utility_to_osm - WARNING - ssr:stedsnr = 370573: No priority spelling found for lang = no, using alt_name to get "[('no', 'Hattøyna')]"
utility_to_osm - WARNING - ssr:stedsnr = 370573 has multiple (4) positions, using the first one!
utility_to_osm - WARNING - ssr:stedsnr = 370574: No priority spelling found for lang = no, using alt_name to get "[('no', 'Vintrestøa')]"
utility_to_osm - WARNING - ssr:stedsnr = 370574 has multiple (2) positions, using the first one!
utility_to_osm - WARNING - ssr:stedsnr = 370580 has multiple (2) positions, using the first one!
utility_to_osm - WARNING - ssr:stedsnr = 370584: No priority spelling found for lang = no, using alt_name to get "[('no', 'Nordra Straumøysundet')]"
utility_to_osm - WARNING - ssr:stedsnr = 370584 has multiple (3) positions, using the first one!
utility_to_osm - WARNING - ssr:stedsnr = 370617: No priority spelling found for lang = no, using alt_name to get "[('no', 'Rubbegarnståna')]"
utility_to_osm - WARNING - ssr:stedsnr = 370802: No priority spelling found for lang = no, using alt_name to get "[('no', 'Legetoneset')]"
utility_to_osm - WARNING - ssr:stedsnr = 370903: No priority spelling found for lang = no, using alt_name to get "[('no', 'Nordøyna')]"
utility_to_osm - WARNING - ssr:stedsnr = 370903 has multiple (5) positions, using the first one!
utility_to_osm - WARNING - ssr:stedsnr = 370905: No priority spelling found for lang = no, using alt_name to get "[('no', 'Storflesa')]"
utility_to_osm - WARNING - ssr:stedsnr = 370905 has multiple (4) positions, using the first one!
utility_to_osm - WARNING - ssr:stedsnr = 370908: No priority spelling found for lang = no, using alt_name to get "[('no', 'Djupaflua')]"
utility_to_osm - WARNING - ssr:stedsnr = 370908 has multiple (2) positions, using the first one!
utility_to_osm - WARNING - ssr:stedsnr = 480137: No priority spelling found for lang = no, using alt_name to get "[('no', 'Teksleboen')]"
utility_to_osm - WARNING - ssr:stedsnr = 482179: No priority spelling found for lang = no, using alt_name to get "[('no', 'Nordre Rønholmen')]"
utility_to_osm - WARNING - ssr:stedsnr = 482182: No priority spelling found for lang = no, using alt_name to get "[('no', 'Sulo')]"
utility_to_osm - ERROR - ssr:stedsnr = 482182. No positions found, skipping
utility_to_osm - WARNING - ssr:stedsnr = 482186: No priority spelling found for lang = no, using alt_name to get "[('no', 'Nordøyna')]"
utility_to_osm - WARNING - ssr:stedsnr = 385726: No priority spelling found for lang = no, using alt_name to get "[('no', 'Dyrøyna')]"
utility_to_osm - WARNING - ssr:stedsnr = 385726 has multiple (2) positions, using the first one!
utility_to_osm - WARNING - ssr:stedsnr = 385728: No priority spelling found for lang = no, using alt_name to get "[('no', 'Algrøyna')]"
utility_to_osm - WARNING - ssr:stedsnr = 385728 has multiple (2) positions, using the first one!
utility_to_osm - WARNING - ssr:stedsnr = 385735: No priority spelling found for lang = no, using alt_name to get "[('no', 'Anglavika')]"
utility_to_osm - WARNING - ssr:stedsnr = 385749: No priority spelling found for lang = no, using alt_name to get "[('no', 'Nordvika')]"
utility_to_osm - WARNING - ssr:stedsnr = 385749 has multiple (3) positions, using the first one!
utility_to_osm - WARNING - ssr:stedsnr = 385754: No priority spelling found for lang = no, using alt_name to get "[('no', 'Turøyna')]"
utility_to_osm - WARNING - ssr:stedsnr = 388192: No priority spelling found for lang = no, using alt_name to get "[('no', 'Storasundet')]"
utility_to_osm - WARNING - ssr:stedsnr = 388192 has multiple (2) positions, using the first one!
utility_to_osm - WARNING - ssr:stedsnr = 388194: No priority spelling found for lang = no, using alt_name to get "[('no', 'Bolleflesa lanterne')]"
utility_to_osm - WARNING - ssr:stedsnr = 389114: No priority spelling found for lang = no, using alt_name to get "[('no', 'Kuggsflua')]"
utility_to_osm - WARNING - ssr:stedsnr = 389302: No priority spelling found for lang = no, using alt_name to get "[('no', 'Grunnevikshausen')]"
utility_to_osm - WARNING - ssr:stedsnr = 389342 has multiple (2) positions, using the first one!
utility_to_osm - WARNING - ssr:stedsnr = 389794: No priority spelling found for lang = no, using alt_name to get "[('no', 'Bruaskjeret')]"
utility_to_osm - WARNING - ssr:stedsnr = 389993: No priority spelling found for lang = no, using alt_name to get "[('no', 'Kvitingsneset')]"
utility_to_osm - WARNING - ssr:stedsnr = 389993 has multiple (2) positions, using the first one!
utility_to_osm - WARNING - ssr:stedsnr = 397379: No priority spelling found for lang = no, using alt_name to get "[('no', 'Eikeskora')]"
utility_to_osm - WARNING - ssr:stedsnr = 408459: No priority spelling found for lang = no, using alt_name to get "[('no', 'Midtra Rotøyskjeret')]"
utility_to_osm - WARNING - ssr:stedsnr = 409089: No priority spelling found for lang = no, using alt_name to get "[('no', 'Gula Skjeret')]"
utility_to_osm - WARNING - ssr:stedsnr = 409140: No priority spelling found for lang = no, using alt_name to get "[('no', 'Grytene')]"
utility_to_osm - WARNING - ssr:stedsnr = 409315: No priority spelling found for lang = no, using alt_name to get "[('no', 'Grunnevågsneset')]"
utility_to_osm - WARNING - ssr:stedsnr = 409495: No priority spelling found for lang = no, using alt_name to get "[('no', 'Toftevågen')]"
utility_to_osm - WARNING - ssr:stedsnr = 409554: No priority spelling found for lang = no, using alt_name to get "[('no', 'Langedalen')]"
utility_to_osm - WARNING - ssr:stedsnr = 409702: No priority spelling found for lang = no, using alt_name to get "[('no', 'Ytsta Elva')]"
utility_to_osm - WARNING - ssr:stedsnr = 410215: No priority spelling found for lang = no, using alt_name to get "[('no', 'Brurevatnet')]"
utility_to_osm - WARNING - ssr:stedsnr = 410321: No priority spelling found for lang = no, using alt_name to get "[('no', 'Skorafjellet')]"
utility_to_osm - WARNING - ssr:stedsnr = 410345 has multiple (2) positions, using the first one!
utility_to_osm - WARNING - ssr:stedsnr = 410611: No priority spelling found for lang = no, using alt_name to get "[('no', 'Låtrevika')]"
utility_to_osm - WARNING - ssr:stedsnr = 410838: No priority spelling found for lang = no, using alt_name to get "[('no', 'Gamlasveda')]"
utility_to_osm - WARNING - ssr:stedsnr = 411206 has multiple (2) positions, using the first one!
utility_to_osm - ERROR - ssr:stedsnr = 413898. No positions found, skipping
utility_to_osm - WARNING - ssr:stedsnr = 413985: No priority spelling found for lang = no, using alt_name to get "[('no', 'Varen')]"
utility_to_osm - ERROR - ssr:stedsnr = 413992. No positions found, skipping
utility_to_osm - ERROR - ssr:stedsnr = 414640. No positions found, skipping
utility_to_osm - WARNING - ssr:stedsnr = 419397: No priority spelling found for lang = no, using alt_name to get "[('no', 'Storevarden')]"
utility_to_osm - WARNING - ssr:stedsnr = 490336: No priority spelling found for lang = no, using alt_name to get "[('no', 'Søra Flua')]"
utility_to_osm - WARNING - ssr:stedsnr = 490336 has multiple (2) positions, using the first one!
utility_to_osm - WARNING - ssr:stedsnr = 490337: No priority spelling found for lang = no, using alt_name to get "[('no', 'Smalaneset')]"
utility_to_osm - WARNING - ssr:stedsnr = 490337 has multiple (3) positions, using the first one!
utility_to_osm - WARNING - ssr:stedsnr = 490340 has multiple (3) positions, using the first one!
utility_to_osm - WARNING - ssr:stedsnr = 423641: No priority spelling found for lang = no, using alt_name to get "[('no', 'Nygård')]"
utility_to_osm - WARNING - ssr:stedsnr = 489571: No priority spelling found for lang = no, using alt_name to get "[('no', 'Grunnevågen')]"
utility_to_osm - WARNING - ssr:stedsnr = 489571 has multiple (3) positions, using the first one!
utility_to_osm - WARNING - ssr:stedsnr = 490128 has multiple (3) positions, using the first one!
utility_to_osm - WARNING - ssr:stedsnr = 490226: No priority spelling found for lang = no, using alt_name to get "[('no', 'Skråpeflua')]"
utility_to_osm - WARNING - ssr:stedsnr = 490226 has multiple (2) positions, using the first one!
utility_to_osm - WARNING - ssr:stedsnr = 490153: No priority spelling found for lang = no, using alt_name to get "[('no', 'Oddafluene')]"
utility_to_osm - WARNING - ssr:stedsnr = 490153 has multiple (2) positions, using the first one!
utility_to_osm - WARNING - ssr:stedsnr = 490416 has multiple (2) positions, using the first one!
utility_to_osm - WARNING - ssr:stedsnr = 490423 has multiple (2) positions, using the first one!
utility_to_osm - WARNING - ssr:stedsnr = 490348 has multiple (3) positions, using the first one!
utility_to_osm - WARNING - ssr:stedsnr = 490357: No priority spelling found for lang = no, using alt_name to get "[('no', 'Nordsta Rotavatnet')]"
utility_to_osm - WARNING - ssr:stedsnr = 490738: No priority spelling found for lang = no, using alt_name to get "[('no', 'Skjelevika')]"
utility_to_osm - WARNING - ssr:stedsnr = 490738 has multiple (3) positions, using the first one!
utility_to_osm - WARNING - ssr:stedsnr = 490697: No priority spelling found for lang = no, using alt_name to get "[('no', 'Goltosen')]"
utility_to_osm - WARNING - ssr:stedsnr = 490697 has multiple (4) positions, using the first one!
utility_to_osm - WARNING - ssr:stedsnr = 490713: No priority spelling found for lang = no, using alt_name to get "[('no', 'Litle Kvernholmen')]"
utility_to_osm - WARNING - ssr:stedsnr = 490713 has multiple (4) positions, using the first one!
utility_to_osm - WARNING - ssr:stedsnr = 429672 has multiple (3) positions, using the first one!
utility_to_osm - WARNING - ssr:stedsnr = 429676: No priority spelling found for lang = no, using alt_name to get "[('no', 'Naleskaget')]"
utility_to_osm - WARNING - ssr:stedsnr = 429676 has multiple (4) positions, using the first one!
utility_to_osm - WARNING - ssr:stedsnr = 429825: No priority spelling found for lang = no, using alt_name to get "[('no', 'Børnesvatnet')]"
utility_to_osm - WARNING - ssr:stedsnr = 490867 has multiple (3) positions, using the first one!
utility_to_osm - WARNING - ssr:stedsnr = 429755: No priority spelling found for lang = no, using alt_name to get "[('no', 'Kleppholmen')]"
utility_to_osm - WARNING - ssr:stedsnr = 429755 has multiple (2) positions, using the first one!
utility_to_osm - WARNING - ssr:stedsnr = 430207 has multiple (2) positions, using the first one!
utility_to_osm - WARNING - ssr:stedsnr = 430148: No priority spelling found for lang = no, using alt_name to get "[('no', 'Litlahjelmo')]"
utility_to_osm - WARNING - ssr:stedsnr = 430148 has multiple (3) positions, using the first one!
utility_to_osm - WARNING - ssr:stedsnr = 430196: No priority spelling found for lang = no, using alt_name to get "[('no', 'Kvannholmen')]"
utility_to_osm - WARNING - ssr:stedsnr = 430196 has multiple (3) positions, using the first one!
