utility_to_osm - ERROR - ERROR, no ending in ssr2_to_osm_data/data/3816/3816-ssr.xml? Trying to re-download
utility_to_osm - WARNING - ssr:stedsnr = 1046 has multiple (3) positions, using the first one!
utility_to_osm - WARNING - ssr:stedsnr = 1411 has multiple (3) positions, using the first one!
utility_to_osm - WARNING - ssr:stedsnr = 1385 has multiple (3) positions, using the first one!
utility_to_osm - WARNING - ssr:stedsnr = 2129 has multiple (4) positions, using the first one!
utility_to_osm - WARNING - ssr:stedsnr = 2204 has multiple (3) positions, using the first one!
utility_to_osm - WARNING - ssr:stedsnr = 2211 has multiple (3) positions, using the first one!
utility_to_osm - WARNING - ssr:stedsnr = 2223 has multiple (3) positions, using the first one!
utility_to_osm - WARNING - ssr:stedsnr = 2225 has multiple (3) positions, using the first one!
utility_to_osm - WARNING - ssr:stedsnr = 2716 has multiple (2) positions, using the first one!
utility_to_osm - WARNING - ssr:stedsnr = 2720 has multiple (2) positions, using the first one!
utility_to_osm - WARNING - ssr:stedsnr = 2723 has multiple (2) positions, using the first one!
utility_to_osm - WARNING - ssr:stedsnr = 2780 has multiple (5) positions, using the first one!
utility_to_osm - WARNING - ssr:stedsnr = 2912 has multiple (2) positions, using the first one!
utility_to_osm - WARNING - ssr:stedsnr = 25426 has multiple (2) positions, using the first one!
utility_to_osm - WARNING - ssr:stedsnr = 26471 has multiple (2) positions, using the first one!
utility_to_osm - WARNING - ssr:stedsnr = 37172: No priority spelling found for lang = no, using alt_name to get "[('no', 'Søndre Norem')]"
utility_to_osm - WARNING - ssr:stedsnr = 56919 has multiple (2) positions, using the first one!
utility_to_osm - ERROR - ssr:stedsnr = 62305: Adding multiple names to name tag, this is not OK! name = "Trelleborgtjørna;Trellbotjønn"
utility_to_osm - WARNING - ssr:stedsnr = 62305 has multiple (3) positions, using the first one!
utility_to_osm - WARNING - ssr:stedsnr = 62309 has multiple (4) positions, using the first one!
utility_to_osm - WARNING - ssr:stedsnr = 62403 has multiple (3) positions, using the first one!
utility_to_osm - WARNING - ssr:stedsnr = 62416 has multiple (4) positions, using the first one!
utility_to_osm - WARNING - ssr:stedsnr = 63113 has multiple (2) positions, using the first one!
utility_to_osm - WARNING - ssr:stedsnr = 63115 has multiple (3) positions, using the first one!
utility_to_osm - WARNING - ssr:stedsnr = 63120 has multiple (3) positions, using the first one!
utility_to_osm - WARNING - ssr:stedsnr = 63205 has multiple (3) positions, using the first one!
utility_to_osm - WARNING - ssr:stedsnr = 63286: No priority spelling found for lang = no, using alt_name to get "[('no', 'Norem')]"
utility_to_osm - WARNING - ssr:stedsnr = 63165 has multiple (3) positions, using the first one!
utility_to_osm - WARNING - ssr:stedsnr = 63167 has multiple (3) positions, using the first one!
utility_to_osm - WARNING - ssr:stedsnr = 63173 has multiple (3) positions, using the first one!
utility_to_osm - WARNING - ssr:stedsnr = 63174 has multiple (4) positions, using the first one!
utility_to_osm - WARNING - ssr:stedsnr = 63176 has multiple (3) positions, using the first one!
utility_to_osm - ERROR - ssr:stedsnr = 63715: Adding multiple names to name tag, this is not OK! name = "Espevalen;Øvre Espevollen"
utility_to_osm - WARNING - ssr:stedsnr = 63715 has multiple (3) positions, using the first one!
utility_to_osm - WARNING - ssr:stedsnr = 63721 has multiple (2) positions, using the first one!
utility_to_osm - WARNING - ssr:stedsnr = 244416 has multiple (3) positions, using the first one!
utility_to_osm - WARNING - ssr:stedsnr = 244911 has multiple (3) positions, using the first one!
utility_to_osm - WARNING - ssr:stedsnr = 244935 has multiple (2) positions, using the first one!
utility_to_osm - WARNING - ssr:stedsnr = 244914 has multiple (5) positions, using the first one!
utility_to_osm - WARNING - ssr:stedsnr = 244946 has multiple (3) positions, using the first one!
utility_to_osm - WARNING - ssr:stedsnr = 245070 has multiple (3) positions, using the first one!
utility_to_osm - WARNING - ssr:stedsnr = 245117 has multiple (3) positions, using the first one!
utility_to_osm - WARNING - ssr:stedsnr = 245119 has multiple (4) positions, using the first one!
utility_to_osm - WARNING - ssr:stedsnr = 245179 has multiple (3) positions, using the first one!
utility_to_osm - WARNING - ssr:stedsnr = 245136 has multiple (3) positions, using the first one!
utility_to_osm - WARNING - ssr:stedsnr = 245139 has multiple (2) positions, using the first one!
utility_to_osm - WARNING - ssr:stedsnr = 245150 has multiple (3) positions, using the first one!
utility_to_osm - WARNING - ssr:stedsnr = 245156 has multiple (2) positions, using the first one!
utility_to_osm - WARNING - ssr:stedsnr = 245159 has multiple (3) positions, using the first one!
utility_to_osm - WARNING - ssr:stedsnr = 245169 has multiple (3) positions, using the first one!
utility_to_osm - WARNING - ssr:stedsnr = 245224 has multiple (3) positions, using the first one!
utility_to_osm - WARNING - ssr:stedsnr = 245187 has multiple (2) positions, using the first one!
utility_to_osm - WARNING - ssr:stedsnr = 245189 has multiple (3) positions, using the first one!
utility_to_osm - WARNING - ssr:stedsnr = 245194 has multiple (3) positions, using the first one!
utility_to_osm - WARNING - ssr:stedsnr = 245210 has multiple (5) positions, using the first one!
utility_to_osm - WARNING - ssr:stedsnr = 245218 has multiple (3) positions, using the first one!
utility_to_osm - WARNING - ssr:stedsnr = 245243 has multiple (4) positions, using the first one!
utility_to_osm - WARNING - ssr:stedsnr = 245298 has multiple (2) positions, using the first one!
utility_to_osm - WARNING - ssr:stedsnr = 245256 has multiple (3) positions, using the first one!
utility_to_osm - WARNING - ssr:stedsnr = 245264 has multiple (3) positions, using the first one!
utility_to_osm - WARNING - ssr:stedsnr = 245668 has multiple (2) positions, using the first one!
utility_to_osm - WARNING - ssr:stedsnr = 245670 has multiple (2) positions, using the first one!
utility_to_osm - WARNING - ssr:stedsnr = 245671 has multiple (2) positions, using the first one!
utility_to_osm - WARNING - ssr:stedsnr = 245688 has multiple (2) positions, using the first one!
utility_to_osm - WARNING - ssr:stedsnr = 245699 has multiple (3) positions, using the first one!
utility_to_osm - WARNING - ssr:stedsnr = 245863 has multiple (3) positions, using the first one!
utility_to_osm - WARNING - ssr:stedsnr = 117906 has multiple (2) positions, using the first one!
utility_to_osm - WARNING - ssr:stedsnr = 122406 has multiple (3) positions, using the first one!
utility_to_osm - WARNING - ssr:stedsnr = 123202 has multiple (2) positions, using the first one!
utility_to_osm - WARNING - ssr:stedsnr = 123212 has multiple (3) positions, using the first one!
utility_to_osm - WARNING - ssr:stedsnr = 123225 has multiple (3) positions, using the first one!
utility_to_osm - WARNING - ssr:stedsnr = 123269 has multiple (3) positions, using the first one!
utility_to_osm - WARNING - ssr:stedsnr = 123274 has multiple (3) positions, using the first one!
utility_to_osm - WARNING - ssr:stedsnr = 123275 has multiple (3) positions, using the first one!
utility_to_osm - WARNING - ssr:stedsnr = 123104 has multiple (4) positions, using the first one!
utility_to_osm - WARNING - ssr:stedsnr = 123107 has multiple (3) positions, using the first one!
utility_to_osm - WARNING - ssr:stedsnr = 123111 has multiple (3) positions, using the first one!
utility_to_osm - WARNING - ssr:stedsnr = 123165 has multiple (5) positions, using the first one!
utility_to_osm - WARNING - ssr:stedsnr = 123170 has multiple (4) positions, using the first one!
utility_to_osm - WARNING - ssr:stedsnr = 123188 has multiple (3) positions, using the first one!
utility_to_osm - WARNING - ssr:stedsnr = 123919 has multiple (3) positions, using the first one!
utility_to_osm - WARNING - ssr:stedsnr = 123926 has multiple (2) positions, using the first one!
utility_to_osm - WARNING - ssr:stedsnr = 124119 has multiple (3) positions, using the first one!
utility_to_osm - WARNING - ssr:stedsnr = 124633 has multiple (3) positions, using the first one!
utility_to_osm - WARNING - ssr:stedsnr = 252640 has multiple (6) positions, using the first one!
utility_to_osm - WARNING - ssr:stedsnr = 148775 has multiple (2) positions, using the first one!
utility_to_osm - ERROR - ssr:stedsnr = 183352: Adding multiple names to name tag, this is not OK! name = "Smørbu;Smørbustua"
utility_to_osm - WARNING - ssr:stedsnr = 183354 has multiple (3) positions, using the first one!
utility_to_osm - WARNING - ssr:stedsnr = 184089 has multiple (4) positions, using the first one!
utility_to_osm - WARNING - ssr:stedsnr = 184090 has multiple (3) positions, using the first one!
utility_to_osm - WARNING - ssr:stedsnr = 184091 has multiple (3) positions, using the first one!
utility_to_osm - WARNING - ssr:stedsnr = 184097 has multiple (3) positions, using the first one!
utility_to_osm - WARNING - ssr:stedsnr = 184203 has multiple (3) positions, using the first one!
utility_to_osm - WARNING - ssr:stedsnr = 184216 has multiple (4) positions, using the first one!
utility_to_osm - WARNING - ssr:stedsnr = 184219 has multiple (4) positions, using the first one!
utility_to_osm - WARNING - ssr:stedsnr = 184233 has multiple (4) positions, using the first one!
utility_to_osm - WARNING - ssr:stedsnr = 184106 has multiple (3) positions, using the first one!
utility_to_osm - WARNING - ssr:stedsnr = 184114 has multiple (2) positions, using the first one!
utility_to_osm - WARNING - ssr:stedsnr = 184142 has multiple (3) positions, using the first one!
utility_to_osm - WARNING - ssr:stedsnr = 184146 has multiple (3) positions, using the first one!
utility_to_osm - WARNING - ssr:stedsnr = 184148 has multiple (3) positions, using the first one!
utility_to_osm - WARNING - ssr:stedsnr = 184186 has multiple (2) positions, using the first one!
utility_to_osm - WARNING - ssr:stedsnr = 184196 has multiple (4) positions, using the first one!
utility_to_osm - WARNING - ssr:stedsnr = 184199 has multiple (3) positions, using the first one!
utility_to_osm - WARNING - ssr:stedsnr = 184201 has multiple (2) positions, using the first one!
utility_to_osm - WARNING - ssr:stedsnr = 184339 has multiple (4) positions, using the first one!
utility_to_osm - WARNING - ssr:stedsnr = 191626 has multiple (3) positions, using the first one!
utility_to_osm - WARNING - ssr:stedsnr = 267854: No priority spelling found for lang = no, using alt_name to get "[('no', 'Deilsdokka')]"
utility_to_osm - WARNING - ssr:stedsnr = 268259 has multiple (2) positions, using the first one!
utility_to_osm - WARNING - ssr:stedsnr = 449973 has multiple (2) positions, using the first one!
utility_to_osm - WARNING - ssr:stedsnr = 450684 has multiple (2) positions, using the first one!
utility_to_osm - WARNING - ssr:stedsnr = 244045 has multiple (2) positions, using the first one!
utility_to_osm - WARNING - ssr:stedsnr = 244298 has multiple (3) positions, using the first one!
utility_to_osm - WARNING - ssr:stedsnr = 244412 has multiple (3) positions, using the first one!
utility_to_osm - WARNING - ssr:stedsnr = 244415 has multiple (3) positions, using the first one!
utility_to_osm - WARNING - ssr:stedsnr = 244399 has multiple (4) positions, using the first one!
utility_to_osm - WARNING - ssr:stedsnr = 245076 has multiple (2) positions, using the first one!
utility_to_osm - WARNING - ssr:stedsnr = 245077 has multiple (3) positions, using the first one!
utility_to_osm - WARNING - ssr:stedsnr = 245081 has multiple (3) positions, using the first one!
utility_to_osm - WARNING - ssr:stedsnr = 245089 has multiple (3) positions, using the first one!
utility_to_osm - WARNING - ssr:stedsnr = 245091 has multiple (3) positions, using the first one!
utility_to_osm - WARNING - ssr:stedsnr = 245093 has multiple (3) positions, using the first one!
utility_to_osm - WARNING - ssr:stedsnr = 245203 has multiple (3) positions, using the first one!
utility_to_osm - WARNING - ssr:stedsnr = 244986 has multiple (4) positions, using the first one!
utility_to_osm - WARNING - ssr:stedsnr = 245105 has multiple (2) positions, using the first one!
utility_to_osm - WARNING - ssr:stedsnr = 245109 has multiple (4) positions, using the first one!
utility_to_osm - WARNING - ssr:stedsnr = 245112 has multiple (3) positions, using the first one!
utility_to_osm - WARNING - ssr:stedsnr = 245113 has multiple (3) positions, using the first one!
utility_to_osm - WARNING - ssr:stedsnr = 245618 has multiple (4) positions, using the first one!
utility_to_osm - WARNING - ssr:stedsnr = 245728 has multiple (2) positions, using the first one!
utility_to_osm - ERROR - ssr:stedsnr = 268787. No positions found, skipping
utility_to_osm - WARNING - ssr:stedsnr = 461186: No priority spelling found for lang = no, using alt_name to get "[('no', 'Søndre Norem')]"
utility_to_osm - WARNING - ssr:stedsnr = 462143: No priority spelling found for lang = no, using alt_name to get "[('no', 'Nordre Norem')]"
utility_to_osm - WARNING - ssr:stedsnr = 305102 has multiple (3) positions, using the first one!
utility_to_osm - WARNING - ssr:stedsnr = 305109 has multiple (3) positions, using the first one!
utility_to_osm - WARNING - ssr:stedsnr = 305114 has multiple (2) positions, using the first one!
utility_to_osm - WARNING - ssr:stedsnr = 305122 has multiple (2) positions, using the first one!
utility_to_osm - WARNING - ssr:stedsnr = 305031 has multiple (3) positions, using the first one!
utility_to_osm - WARNING - ssr:stedsnr = 305204 has multiple (3) positions, using the first one!
utility_to_osm - WARNING - ssr:stedsnr = 305304 has multiple (3) positions, using the first one!
utility_to_osm - WARNING - ssr:stedsnr = 305417 has multiple (3) positions, using the first one!
utility_to_osm - WARNING - ssr:stedsnr = 305427 has multiple (3) positions, using the first one!
utility_to_osm - WARNING - ssr:stedsnr = 305452 has multiple (2) positions, using the first one!
utility_to_osm - WARNING - ssr:stedsnr = 305804 has multiple (3) positions, using the first one!
utility_to_osm - WARNING - ssr:stedsnr = 305903 has multiple (3) positions, using the first one!
utility_to_osm - WARNING - ssr:stedsnr = 306211 has multiple (3) positions, using the first one!
utility_to_osm - WARNING - ssr:stedsnr = 306212 has multiple (2) positions, using the first one!
utility_to_osm - WARNING - ssr:stedsnr = 306214 has multiple (3) positions, using the first one!
utility_to_osm - WARNING - ssr:stedsnr = 306158 has multiple (4) positions, using the first one!
utility_to_osm - WARNING - ssr:stedsnr = 306852 has multiple (3) positions, using the first one!
utility_to_osm - WARNING - ssr:stedsnr = 306867 has multiple (3) positions, using the first one!
utility_to_osm - WARNING - ssr:stedsnr = 313681 has multiple (4) positions, using the first one!
utility_to_osm - WARNING - ssr:stedsnr = 340149: No priority spelling found for lang = no, using alt_name to get "[('no', 'Søndre Norem')]"
utility_to_osm - WARNING - ssr:stedsnr = 365045 has multiple (2) positions, using the first one!
utility_to_osm - WARNING - ssr:stedsnr = 365413 has multiple (4) positions, using the first one!
utility_to_osm - WARNING - ssr:stedsnr = 365416 has multiple (3) positions, using the first one!
utility_to_osm - WARNING - ssr:stedsnr = 365418 has multiple (6) positions, using the first one!
utility_to_osm - WARNING - ssr:stedsnr = 365443 has multiple (2) positions, using the first one!
utility_to_osm - WARNING - ssr:stedsnr = 365395 has multiple (3) positions, using the first one!
utility_to_osm - WARNING - ssr:stedsnr = 366202 has multiple (3) positions, using the first one!
utility_to_osm - WARNING - ssr:stedsnr = 366214 has multiple (2) positions, using the first one!
utility_to_osm - WARNING - ssr:stedsnr = 366197 has multiple (2) positions, using the first one!
utility_to_osm - WARNING - ssr:stedsnr = 366293 has multiple (3) positions, using the first one!
utility_to_osm - WARNING - ssr:stedsnr = 366294 has multiple (3) positions, using the first one!
utility_to_osm - WARNING - ssr:stedsnr = 366632 has multiple (2) positions, using the first one!
utility_to_osm - WARNING - ssr:stedsnr = 366683 has multiple (2) positions, using the first one!
utility_to_osm - WARNING - ssr:stedsnr = 366844 has multiple (3) positions, using the first one!
utility_to_osm - WARNING - ssr:stedsnr = 366784 has multiple (3) positions, using the first one!
utility_to_osm - WARNING - ssr:stedsnr = 487280 has multiple (5) positions, using the first one!
utility_to_osm - WARNING - ssr:stedsnr = 487281 has multiple (3) positions, using the first one!
utility_to_osm - WARNING - ssr:stedsnr = 487078 has multiple (3) positions, using the first one!
utility_to_osm - WARNING - ssr:stedsnr = 487080 has multiple (3) positions, using the first one!
utility_to_osm - WARNING - ssr:stedsnr = 487085 has multiple (6) positions, using the first one!
utility_to_osm - WARNING - ssr:stedsnr = 487097 has multiple (4) positions, using the first one!
utility_to_osm - WARNING - ssr:stedsnr = 487181 has multiple (3) positions, using the first one!
utility_to_osm - WARNING - ssr:stedsnr = 487186 has multiple (3) positions, using the first one!
utility_to_osm - WARNING - ssr:stedsnr = 487191 has multiple (5) positions, using the first one!
utility_to_osm - WARNING - ssr:stedsnr = 487122 has multiple (4) positions, using the first one!
utility_to_osm - WARNING - ssr:stedsnr = 487149 has multiple (3) positions, using the first one!
utility_to_osm - WARNING - ssr:stedsnr = 487330 has multiple (3) positions, using the first one!
utility_to_osm - WARNING - ssr:stedsnr = 487283 has multiple (3) positions, using the first one!
utility_to_osm - WARNING - ssr:stedsnr = 487438 has multiple (3) positions, using the first one!
utility_to_osm - WARNING - ssr:stedsnr = 487444 has multiple (3) positions, using the first one!
utility_to_osm - WARNING - ssr:stedsnr = 487750 has multiple (2) positions, using the first one!
utility_to_osm - WARNING - ssr:stedsnr = 487752 has multiple (3) positions, using the first one!
utility_to_osm - WARNING - ssr:stedsnr = 487931 has multiple (3) positions, using the first one!
utility_to_osm - WARNING - ssr:stedsnr = 488132 has multiple (3) positions, using the first one!
utility_to_osm - WARNING - ssr:stedsnr = 488193 has multiple (3) positions, using the first one!
utility_to_osm - WARNING - ssr:stedsnr = 488206 has multiple (3) positions, using the first one!
utility_to_osm - WARNING - ssr:stedsnr = 488669 has multiple (2) positions, using the first one!
utility_to_osm - WARNING - ssr:stedsnr = 488676 has multiple (3) positions, using the first one!
utility_to_osm - WARNING - ssr:stedsnr = 488768 has multiple (3) positions, using the first one!
utility_to_osm - WARNING - ssr:stedsnr = 426314 has multiple (7) positions, using the first one!
utility_to_osm - WARNING - ssr:stedsnr = 426316 has multiple (3) positions, using the first one!
utility_to_osm - WARNING - ssr:stedsnr = 426405 has multiple (2) positions, using the first one!
utility_to_osm - WARNING - ssr:stedsnr = 426383 has multiple (3) positions, using the first one!
utility_to_osm - WARNING - ssr:stedsnr = 427111 has multiple (5) positions, using the first one!
utility_to_osm - WARNING - ssr:stedsnr = 427094 has multiple (7) positions, using the first one!
utility_to_osm - WARNING - ssr:stedsnr = 427204 has multiple (3) positions, using the first one!
utility_to_osm - WARNING - ssr:stedsnr = 427208 has multiple (3) positions, using the first one!
utility_to_osm - WARNING - ssr:stedsnr = 427273 has multiple (5) positions, using the first one!
utility_to_osm - WARNING - ssr:stedsnr = 427274 has multiple (3) positions, using the first one!
utility_to_osm - WARNING - ssr:stedsnr = 427173 has multiple (4) positions, using the first one!
utility_to_osm - WARNING - ssr:stedsnr = 427177 has multiple (3) positions, using the first one!
utility_to_osm - WARNING - ssr:stedsnr = 427702 has multiple (2) positions, using the first one!
utility_to_osm - WARNING - ssr:stedsnr = 427704 has multiple (2) positions, using the first one!
utility_to_osm - WARNING - ssr:stedsnr = 427713 has multiple (5) positions, using the first one!
utility_to_osm - WARNING - ssr:stedsnr = 454003 has multiple (2) positions, using the first one!
utility_to_osm - WARNING - ssr:stedsnr = 454180 has multiple (2) positions, using the first one!
utility_to_osm - ERROR - ssr:stedsnr = 469762. No positions found, skipping
utility_to_osm - WARNING - ssr:stedsnr = 486405 has multiple (3) positions, using the first one!
utility_to_osm - WARNING - ssr:stedsnr = 487106 has multiple (2) positions, using the first one!
utility_to_osm - WARNING - ssr:stedsnr = 487168 has multiple (2) positions, using the first one!
utility_to_osm - WARNING - ssr:stedsnr = 487171 has multiple (4) positions, using the first one!
utility_to_osm - WARNING - ssr:stedsnr = 487173 has multiple (3) positions, using the first one!
utility_to_osm - WARNING - ssr:stedsnr = 487305 has multiple (3) positions, using the first one!
utility_to_osm - WARNING - ssr:stedsnr = 487325 has multiple (3) positions, using the first one!
utility_to_osm - WARNING - ssr:stedsnr = 487058 has multiple (3) positions, using the first one!
utility_to_osm - WARNING - ssr:stedsnr = 487219 has multiple (2) positions, using the first one!
utility_to_osm - WARNING - ssr:stedsnr = 487271 has multiple (5) positions, using the first one!
utility_to_osm - WARNING - ssr:stedsnr = 487273 has multiple (3) positions, using the first one!
utility_to_osm - WARNING - ssr:stedsnr = 487801 has multiple (2) positions, using the first one!
utility_to_osm - WARNING - ssr:stedsnr = 487920 has multiple (2) positions, using the first one!
utility_to_osm - WARNING - ssr:stedsnr = 488124 has multiple (3) positions, using the first one!
utility_to_osm - WARNING - ssr:stedsnr = 488608 has multiple (3) positions, using the first one!
utility_to_osm - WARNING - ssr:stedsnr = 510907 has multiple (2) positions, using the first one!
utility_to_osm - WARNING - ssr:stedsnr = 532274 has multiple (2) positions, using the first one!
utility_to_osm - WARNING - ssr:stedsnr = 547905 has multiple (3) positions, using the first one!
utility_to_osm - WARNING - ssr:stedsnr = 548109 has multiple (3) positions, using the first one!
utility_to_osm - WARNING - ssr:stedsnr = 548110 has multiple (3) positions, using the first one!
utility_to_osm - WARNING - ssr:stedsnr = 548115 has multiple (4) positions, using the first one!
utility_to_osm - WARNING - ssr:stedsnr = 548080 has multiple (3) positions, using the first one!
utility_to_osm - WARNING - ssr:stedsnr = 548206 has multiple (4) positions, using the first one!
utility_to_osm - WARNING - ssr:stedsnr = 548259 has multiple (3) positions, using the first one!
utility_to_osm - WARNING - ssr:stedsnr = 548276 has multiple (4) positions, using the first one!
utility_to_osm - WARNING - ssr:stedsnr = 548194 has multiple (3) positions, using the first one!
utility_to_osm - WARNING - ssr:stedsnr = 548199 has multiple (3) positions, using the first one!
utility_to_osm - WARNING - ssr:stedsnr = 548315 has multiple (3) positions, using the first one!
utility_to_osm - WARNING - ssr:stedsnr = 548324 has multiple (5) positions, using the first one!
utility_to_osm - WARNING - ssr:stedsnr = 548327 has multiple (3) positions, using the first one!
utility_to_osm - ERROR - ssr:stedsnr = 548331: Adding multiple names to name tag, this is not OK! name = "Børte;Sprove"
utility_to_osm - WARNING - ssr:stedsnr = 548716 has multiple (2) positions, using the first one!
utility_to_osm - WARNING - ssr:stedsnr = 549652 has multiple (3) positions, using the first one!
utility_to_osm - WARNING - ssr:stedsnr = 692049 has multiple (2) positions, using the first one!
utility_to_osm - WARNING - ssr:stedsnr = 692262 has multiple (2) positions, using the first one!
utility_to_osm - WARNING - ssr:stedsnr = 693328: No priority spelling found for lang = no, using alt_name to get "[('no', 'Næset')]"
utility_to_osm - WARNING - ssr:stedsnr = 582189: No priority spelling found for lang = no, using alt_name to get "[('no', 'Søndre Norem')]"
utility_to_osm - WARNING - ssr:stedsnr = 607997 has multiple (3) positions, using the first one!
utility_to_osm - WARNING - ssr:stedsnr = 608199 has multiple (4) positions, using the first one!
utility_to_osm - WARNING - ssr:stedsnr = 608092 has multiple (3) positions, using the first one!
utility_to_osm - WARNING - ssr:stedsnr = 608445 has multiple (3) positions, using the first one!
utility_to_osm - WARNING - ssr:stedsnr = 608448 has multiple (2) positions, using the first one!
utility_to_osm - WARNING - ssr:stedsnr = 608342 has multiple (3) positions, using the first one!
utility_to_osm - WARNING - ssr:stedsnr = 608346 has multiple (3) positions, using the first one!
utility_to_osm - WARNING - ssr:stedsnr = 608699 has multiple (3) positions, using the first one!
utility_to_osm - WARNING - ssr:stedsnr = 608743 has multiple (2) positions, using the first one!
utility_to_osm - WARNING - ssr:stedsnr = 609207 has multiple (3) positions, using the first one!
utility_to_osm - WARNING - ssr:stedsnr = 609135 has multiple (3) positions, using the first one!
utility_to_osm - WARNING - ssr:stedsnr = 609137 has multiple (3) positions, using the first one!
utility_to_osm - WARNING - ssr:stedsnr = 609139 has multiple (3) positions, using the first one!
utility_to_osm - WARNING - ssr:stedsnr = 609146 has multiple (4) positions, using the first one!
utility_to_osm - WARNING - ssr:stedsnr = 609149 has multiple (4) positions, using the first one!
utility_to_osm - WARNING - ssr:stedsnr = 609844 has multiple (3) positions, using the first one!
utility_to_osm - WARNING - ssr:stedsnr = 708188 has multiple (2) positions, using the first one!
utility_to_osm - WARNING - ssr:stedsnr = 667891: No priority spelling found for lang = no, using alt_name to get "[('no', 'Eikelifjellet naturreservat')]"
utility_to_osm - WARNING - ssr:stedsnr = 667891 has multiple (4) positions, using the first one!
utility_to_osm - WARNING - ssr:stedsnr = 669089 has multiple (2) positions, using the first one!
utility_to_osm - WARNING - ssr:stedsnr = 669234 has multiple (3) positions, using the first one!
utility_to_osm - WARNING - ssr:stedsnr = 669180 has multiple (3) positions, using the first one!
utility_to_osm - WARNING - ssr:stedsnr = 669192 has multiple (3) positions, using the first one!
utility_to_osm - WARNING - ssr:stedsnr = 669318 has multiple (4) positions, using the first one!
utility_to_osm - WARNING - ssr:stedsnr = 669321 has multiple (3) positions, using the first one!
utility_to_osm - WARNING - ssr:stedsnr = 669407 has multiple (3) positions, using the first one!
utility_to_osm - WARNING - ssr:stedsnr = 669410 has multiple (3) positions, using the first one!
utility_to_osm - WARNING - ssr:stedsnr = 669423 has multiple (3) positions, using the first one!
utility_to_osm - WARNING - ssr:stedsnr = 669376 has multiple (2) positions, using the first one!
utility_to_osm - WARNING - ssr:stedsnr = 669708 has multiple (3) positions, using the first one!
utility_to_osm - WARNING - ssr:stedsnr = 669711 has multiple (3) positions, using the first one!
utility_to_osm - WARNING - ssr:stedsnr = 669717 has multiple (3) positions, using the first one!
utility_to_osm - WARNING - ssr:stedsnr = 669724 has multiple (2) positions, using the first one!
utility_to_osm - WARNING - ssr:stedsnr = 669783 has multiple (3) positions, using the first one!
utility_to_osm - WARNING - ssr:stedsnr = 669927 has multiple (3) positions, using the first one!
utility_to_osm - WARNING - ssr:stedsnr = 670223 has multiple (2) positions, using the first one!
utility_to_osm - WARNING - ssr:stedsnr = 670226 has multiple (5) positions, using the first one!
utility_to_osm - WARNING - ssr:stedsnr = 670227 has multiple (4) positions, using the first one!
utility_to_osm - WARNING - ssr:stedsnr = 670173 has multiple (3) positions, using the first one!
utility_to_osm - WARNING - ssr:stedsnr = 670179 has multiple (3) positions, using the first one!
utility_to_osm - WARNING - ssr:stedsnr = 670180 has multiple (4) positions, using the first one!
utility_to_osm - WARNING - ssr:stedsnr = 670188 has multiple (3) positions, using the first one!
utility_to_osm - WARNING - ssr:stedsnr = 670605 has multiple (2) positions, using the first one!
utility_to_osm - WARNING - ssr:stedsnr = 670616 has multiple (2) positions, using the first one!
utility_to_osm - WARNING - ssr:stedsnr = 670622 has multiple (3) positions, using the first one!
utility_to_osm - WARNING - ssr:stedsnr = 890290: No priority spelling found for lang = no, using alt_name to get "[('no', 'Deilshaug')]"
utility_to_osm - ERROR - ssr:stedsnr = 692029. No positions found, skipping
utility_to_osm - WARNING - ssr:stedsnr = 692520 has multiple (2) positions, using the first one!
utility_to_osm - WARNING - ssr:stedsnr = 704170: No priority spelling found for lang = no, using alt_name to get "[('no', 'Søndre Norem')]"
utility_to_osm - WARNING - ssr:stedsnr = 704175: No priority spelling found for lang = no, using alt_name to get "[('no', 'Søndre Norem')]"
utility_to_osm - WARNING - ssr:stedsnr = 897130: No priority spelling found for lang = no, using alt_name to get "[('no', 'Noremstjønnane')]"
utility_to_osm - WARNING - ssr:stedsnr = 715123: No priority spelling found for lang = no, using alt_name to get "[('no', 'Noremstjønna')]"
utility_to_osm - WARNING - ssr:stedsnr = 729976 has multiple (2) positions, using the first one!
utility_to_osm - WARNING - ssr:stedsnr = 730075 has multiple (3) positions, using the first one!
utility_to_osm - WARNING - ssr:stedsnr = 730205 has multiple (5) positions, using the first one!
utility_to_osm - WARNING - ssr:stedsnr = 730207 has multiple (3) positions, using the first one!
utility_to_osm - WARNING - ssr:stedsnr = 730217 has multiple (3) positions, using the first one!
utility_to_osm - WARNING - ssr:stedsnr = 730103 has multiple (3) positions, using the first one!
utility_to_osm - WARNING - ssr:stedsnr = 730111 has multiple (3) positions, using the first one!
utility_to_osm - WARNING - ssr:stedsnr = 730180 has multiple (3) positions, using the first one!
utility_to_osm - WARNING - ssr:stedsnr = 730303 has multiple (4) positions, using the first one!
utility_to_osm - WARNING - ssr:stedsnr = 730413 has multiple (3) positions, using the first one!
utility_to_osm - WARNING - ssr:stedsnr = 730423 has multiple (3) positions, using the first one!
utility_to_osm - WARNING - ssr:stedsnr = 731108 has multiple (3) positions, using the first one!
utility_to_osm - WARNING - ssr:stedsnr = 731111 has multiple (2) positions, using the first one!
utility_to_osm - WARNING - ssr:stedsnr = 755702 has multiple (2) positions, using the first one!
utility_to_osm - WARNING - ssr:stedsnr = 790052 has multiple (3) positions, using the first one!
utility_to_osm - WARNING - ssr:stedsnr = 790412 has multiple (2) positions, using the first one!
utility_to_osm - WARNING - ssr:stedsnr = 790400 has multiple (3) positions, using the first one!
utility_to_osm - WARNING - ssr:stedsnr = 790953 has multiple (2) positions, using the first one!
utility_to_osm - WARNING - ssr:stedsnr = 790957 has multiple (2) positions, using the first one!
utility_to_osm - WARNING - ssr:stedsnr = 791139 has multiple (3) positions, using the first one!
utility_to_osm - WARNING - ssr:stedsnr = 791093 has multiple (3) positions, using the first one!
utility_to_osm - WARNING - ssr:stedsnr = 791095 has multiple (4) positions, using the first one!
utility_to_osm - WARNING - ssr:stedsnr = 791098 has multiple (2) positions, using the first one!
utility_to_osm - WARNING - ssr:stedsnr = 791294 has multiple (4) positions, using the first one!
utility_to_osm - WARNING - ssr:stedsnr = 791706 has multiple (3) positions, using the first one!
utility_to_osm - WARNING - ssr:stedsnr = 791737 has multiple (3) positions, using the first one!
utility_to_osm - WARNING - ssr:stedsnr = 912041 has multiple (2) positions, using the first one!
utility_to_osm - WARNING - ssr:stedsnr = 912046 has multiple (4) positions, using the first one!
utility_to_osm - WARNING - ssr:stedsnr = 912193 has multiple (3) positions, using the first one!
utility_to_osm - WARNING - ssr:stedsnr = 912263 has multiple (3) positions, using the first one!
utility_to_osm - WARNING - ssr:stedsnr = 912443 has multiple (2) positions, using the first one!
utility_to_osm - WARNING - ssr:stedsnr = 912951 has multiple (2) positions, using the first one!
utility_to_osm - WARNING - ssr:stedsnr = 913071 has multiple (3) positions, using the first one!
utility_to_osm - WARNING - ssr:stedsnr = 913142 has multiple (3) positions, using the first one!
utility_to_osm - WARNING - ssr:stedsnr = 913171 has multiple (3) positions, using the first one!
utility_to_osm - WARNING - ssr:stedsnr = 913257 has multiple (3) positions, using the first one!
utility_to_osm - WARNING - ssr:stedsnr = 913261 has multiple (4) positions, using the first one!
utility_to_osm - WARNING - ssr:stedsnr = 913264 has multiple (3) positions, using the first one!
utility_to_osm - WARNING - ssr:stedsnr = 913267 has multiple (3) positions, using the first one!
utility_to_osm - WARNING - ssr:stedsnr = 913601 has multiple (2) positions, using the first one!
utility_to_osm - WARNING - ssr:stedsnr = 845113 has multiple (2) positions, using the first one!
utility_to_osm - WARNING - ssr:stedsnr = 851034 has multiple (2) positions, using the first one!
utility_to_osm - WARNING - ssr:stedsnr = 851322 has multiple (3) positions, using the first one!
utility_to_osm - WARNING - ssr:stedsnr = 852114 has multiple (3) positions, using the first one!
utility_to_osm - WARNING - ssr:stedsnr = 852115 has multiple (3) positions, using the first one!
utility_to_osm - WARNING - ssr:stedsnr = 852121 has multiple (7) positions, using the first one!
utility_to_osm - WARNING - ssr:stedsnr = 852165 has multiple (3) positions, using the first one!
utility_to_osm - WARNING - ssr:stedsnr = 852084 has multiple (3) positions, using the first one!
utility_to_osm - WARNING - ssr:stedsnr = 852209 has multiple (3) positions, using the first one!
utility_to_osm - WARNING - ssr:stedsnr = 852215 has multiple (3) positions, using the first one!
utility_to_osm - WARNING - ssr:stedsnr = 852222 has multiple (3) positions, using the first one!
utility_to_osm - WARNING - ssr:stedsnr = 852225 has multiple (3) positions, using the first one!
utility_to_osm - WARNING - ssr:stedsnr = 852263 has multiple (3) positions, using the first one!
utility_to_osm - WARNING - ssr:stedsnr = 852275 has multiple (3) positions, using the first one!
utility_to_osm - WARNING - ssr:stedsnr = 852707 has multiple (4) positions, using the first one!
utility_to_osm - WARNING - ssr:stedsnr = 852759 has multiple (2) positions, using the first one!
utility_to_osm - WARNING - ssr:stedsnr = 852776 has multiple (2) positions, using the first one!
utility_to_osm - WARNING - ssr:stedsnr = 852858 has multiple (3) positions, using the first one!
utility_to_osm - WARNING - ssr:stedsnr = 870903: No priority spelling found for lang = no, using alt_name to get "[('no', 'Viftingen')]"
utility_to_osm - WARNING - ssr:stedsnr = 934987 has multiple (2) positions, using the first one!
utility_to_osm - WARNING - ssr:stedsnr = 935160 has multiple (2) positions, using the first one!
utility_to_osm - WARNING - ssr:stedsnr = 911057 has multiple (3) positions, using the first one!
utility_to_osm - WARNING - ssr:stedsnr = 912105 has multiple (4) positions, using the first one!
utility_to_osm - WARNING - ssr:stedsnr = 912116 has multiple (3) positions, using the first one!
utility_to_osm - WARNING - ssr:stedsnr = 912118 has multiple (3) positions, using the first one!
utility_to_osm - WARNING - ssr:stedsnr = 912130 has multiple (4) positions, using the first one!
utility_to_osm - WARNING - ssr:stedsnr = 912135 has multiple (3) positions, using the first one!
utility_to_osm - WARNING - ssr:stedsnr = 912204 has multiple (3) positions, using the first one!
utility_to_osm - WARNING - ssr:stedsnr = 912222 has multiple (3) positions, using the first one!
utility_to_osm - WARNING - ssr:stedsnr = 912223 has multiple (3) positions, using the first one!
utility_to_osm - WARNING - ssr:stedsnr = 912093 has multiple (4) positions, using the first one!
utility_to_osm - WARNING - ssr:stedsnr = 912325 has multiple (3) positions, using the first one!
utility_to_osm - WARNING - ssr:stedsnr = 912326 has multiple (3) positions, using the first one!
utility_to_osm - WARNING - ssr:stedsnr = 912399 has multiple (3) positions, using the first one!
utility_to_osm - WARNING - ssr:stedsnr = 912736 has multiple (2) positions, using the first one!
utility_to_osm - WARNING - ssr:stedsnr = 912744 has multiple (3) positions, using the first one!
utility_to_osm - WARNING - ssr:stedsnr = 912687 has multiple (2) positions, using the first one!
utility_to_osm - WARNING - ssr:stedsnr = 913156 has multiple (4) positions, using the first one!
utility_to_osm - WARNING - ssr:stedsnr = 913215 has multiple (3) positions, using the first one!
utility_to_osm - WARNING - ssr:stedsnr = 913216 has multiple (3) positions, using the first one!
utility_to_osm - WARNING - ssr:stedsnr = 913235 has multiple (3) positions, using the first one!
utility_to_osm - WARNING - ssr:stedsnr = 913604 has multiple (3) positions, using the first one!
utility_to_osm - WARNING - ssr:stedsnr = 913608 has multiple (2) positions, using the first one!
utility_to_osm - WARNING - ssr:stedsnr = 919654 has multiple (3) positions, using the first one!
utility_to_osm - WARNING - ssr:stedsnr = 934004 has multiple (2) positions, using the first one!
utility_to_osm - ERROR - ssr:stedsnr = 989673. No positions found, skipping
utility_to_osm - WARNING - ssr:stedsnr = 989850: No priority spelling found for lang = no, using alt_name to get "[('no', 'Gygrestolen naturreservat')]"
utility_to_osm - ERROR - ssr:stedsnr = 989850. No positions found, skipping
utility_to_osm - WARNING - ssr:stedsnr = 1328 has multiple (3) positions, using the first one!
utility_to_osm - WARNING - ssr:stedsnr = 1071 has multiple (2) positions, using the first one!
utility_to_osm - WARNING - ssr:stedsnr = 2177 has multiple (3) positions, using the first one!
utility_to_osm - WARNING - ssr:stedsnr = 2199 has multiple (3) positions, using the first one!
utility_to_osm - WARNING - ssr:stedsnr = 2200 has multiple (3) positions, using the first one!
utility_to_osm - WARNING - ssr:stedsnr = 2752 has multiple (3) positions, using the first one!
utility_to_osm - WARNING - ssr:stedsnr = 1999 has multiple (3) positions, using the first one!
utility_to_osm - WARNING - ssr:stedsnr = 2118 has multiple (4) positions, using the first one!
utility_to_osm - WARNING - ssr:stedsnr = 2137 has multiple (6) positions, using the first one!
utility_to_osm - WARNING - ssr:stedsnr = 2143 has multiple (3) positions, using the first one!
utility_to_osm - WARNING - ssr:stedsnr = 2148 has multiple (3) positions, using the first one!
utility_to_osm - WARNING - ssr:stedsnr = 2149 has multiple (3) positions, using the first one!
utility_to_osm - WARNING - ssr:stedsnr = 2173 has multiple (3) positions, using the first one!
utility_to_osm - WARNING - ssr:stedsnr = 2243 has multiple (3) positions, using the first one!
utility_to_osm - WARNING - ssr:stedsnr = 2679 has multiple (2) positions, using the first one!
utility_to_osm - WARNING - ssr:stedsnr = 2682 has multiple (3) positions, using the first one!
utility_to_osm - WARNING - ssr:stedsnr = 2641 has multiple (2) positions, using the first one!
utility_to_osm - WARNING - ssr:stedsnr = 2645 has multiple (2) positions, using the first one!
utility_to_osm - WARNING - ssr:stedsnr = 2647 has multiple (2) positions, using the first one!
utility_to_osm - WARNING - ssr:stedsnr = 2648 has multiple (3) positions, using the first one!
utility_to_osm - WARNING - ssr:stedsnr = 2688 has multiple (2) positions, using the first one!
utility_to_osm - WARNING - ssr:stedsnr = 2695 has multiple (2) positions, using the first one!
utility_to_osm - WARNING - ssr:stedsnr = 2699 has multiple (7) positions, using the first one!
utility_to_osm - WARNING - ssr:stedsnr = 9675 has multiple (2) positions, using the first one!
utility_to_osm - WARNING - ssr:stedsnr = 24076 has multiple (2) positions, using the first one!
utility_to_osm - WARNING - ssr:stedsnr = 41728 has multiple (2) positions, using the first one!
utility_to_osm - WARNING - ssr:stedsnr = 56073 has multiple (2) positions, using the first one!
utility_to_osm - WARNING - ssr:stedsnr = 62892 has multiple (4) positions, using the first one!
utility_to_osm - WARNING - ssr:stedsnr = 63188 has multiple (3) positions, using the first one!
utility_to_osm - WARNING - ssr:stedsnr = 63192 has multiple (3) positions, using the first one!
utility_to_osm - WARNING - ssr:stedsnr = 63197 has multiple (2) positions, using the first one!
utility_to_osm - WARNING - ssr:stedsnr = 63288 has multiple (3) positions, using the first one!
utility_to_osm - WARNING - ssr:stedsnr = 62037 has multiple (2) positions, using the first one!
utility_to_osm - WARNING - ssr:stedsnr = 62040 has multiple (4) positions, using the first one!
utility_to_osm - WARNING - ssr:stedsnr = 62050 has multiple (3) positions, using the first one!
utility_to_osm - WARNING - ssr:stedsnr = 62051 has multiple (2) positions, using the first one!
utility_to_osm - WARNING - ssr:stedsnr = 62384 has multiple (3) positions, using the first one!
utility_to_osm - WARNING - ssr:stedsnr = 62386 has multiple (3) positions, using the first one!
utility_to_osm - WARNING - ssr:stedsnr = 62407 has multiple (3) positions, using the first one!
utility_to_osm - WARNING - ssr:stedsnr = 62351 has multiple (3) positions, using the first one!
utility_to_osm - WARNING - ssr:stedsnr = 62437 has multiple (5) positions, using the first one!
utility_to_osm - WARNING - ssr:stedsnr = 63638 has multiple (2) positions, using the first one!
utility_to_osm - WARNING - ssr:stedsnr = 63640 has multiple (3) positions, using the first one!
utility_to_osm - WARNING - ssr:stedsnr = 63643 has multiple (4) positions, using the first one!
utility_to_osm - WARNING - ssr:stedsnr = 63137 has multiple (4) positions, using the first one!
utility_to_osm - WARNING - ssr:stedsnr = 63157 has multiple (2) positions, using the first one!
utility_to_osm - WARNING - ssr:stedsnr = 63160 has multiple (4) positions, using the first one!
utility_to_osm - WARNING - ssr:stedsnr = 63225 has multiple (3) positions, using the first one!
utility_to_osm - WARNING - ssr:stedsnr = 63230 has multiple (5) positions, using the first one!
utility_to_osm - WARNING - ssr:stedsnr = 63235 has multiple (4) positions, using the first one!
utility_to_osm - WARNING - ssr:stedsnr = 63246 has multiple (4) positions, using the first one!
utility_to_osm - WARNING - ssr:stedsnr = 63247 has multiple (3) positions, using the first one!
utility_to_osm - WARNING - ssr:stedsnr = 63248 has multiple (3) positions, using the first one!
utility_to_osm - WARNING - ssr:stedsnr = 63300 has multiple (4) positions, using the first one!
utility_to_osm - WARNING - ssr:stedsnr = 63703 has multiple (3) positions, using the first one!
utility_to_osm - WARNING - ssr:stedsnr = 63707 has multiple (3) positions, using the first one!
utility_to_osm - WARNING - ssr:stedsnr = 63795 has multiple (2) positions, using the first one!
utility_to_osm - WARNING - ssr:stedsnr = 63796 has multiple (2) positions, using the first one!
utility_to_osm - WARNING - ssr:stedsnr = 63863 has multiple (3) positions, using the first one!
utility_to_osm - WARNING - ssr:stedsnr = 86751 has multiple (2) positions, using the first one!
utility_to_osm - WARNING - ssr:stedsnr = 122377 has multiple (3) positions, using the first one!
utility_to_osm - WARNING - ssr:stedsnr = 122391 has multiple (2) positions, using the first one!
utility_to_osm - WARNING - ssr:stedsnr = 122975 has multiple (3) positions, using the first one!
utility_to_osm - WARNING - ssr:stedsnr = 123098 has multiple (3) positions, using the first one!
utility_to_osm - WARNING - ssr:stedsnr = 123194 has multiple (3) positions, using the first one!
utility_to_osm - WARNING - ssr:stedsnr = 123276 has multiple (4) positions, using the first one!
utility_to_osm - WARNING - ssr:stedsnr = 123279 has multiple (3) positions, using the first one!
utility_to_osm - WARNING - ssr:stedsnr = 123281 has multiple (3) positions, using the first one!
utility_to_osm - WARNING - ssr:stedsnr = 123233 has multiple (3) positions, using the first one!
utility_to_osm - WARNING - ssr:stedsnr = 123237 has multiple (3) positions, using the first one!
utility_to_osm - WARNING - ssr:stedsnr = 123239 has multiple (3) positions, using the first one!
utility_to_osm - WARNING - ssr:stedsnr = 123240 has multiple (3) positions, using the first one!
utility_to_osm - WARNING - ssr:stedsnr = 123336 has multiple (3) positions, using the first one!
utility_to_osm - ERROR - ssr:stedsnr = 123370: Adding multiple names to name tag, this is not OK! name = "Langoddtjørna;Damtjenn"
utility_to_osm - WARNING - ssr:stedsnr = 123370 has multiple (3) positions, using the first one!
utility_to_osm - WARNING - ssr:stedsnr = 123385 has multiple (3) positions, using the first one!
utility_to_osm - WARNING - ssr:stedsnr = 123475 has multiple (2) positions, using the first one!
utility_to_osm - WARNING - ssr:stedsnr = 123754 has multiple (2) positions, using the first one!
utility_to_osm - WARNING - ssr:stedsnr = 124647 has multiple (3) positions, using the first one!
utility_to_osm - WARNING - ssr:stedsnr = 124845 has multiple (3) positions, using the first one!
utility_to_osm - WARNING - ssr:stedsnr = 130639 has multiple (4) positions, using the first one!
utility_to_osm - WARNING - ssr:stedsnr = 147450 has multiple (2) positions, using the first one!
utility_to_osm - WARNING - ssr:stedsnr = 158174: No priority spelling found for lang = no, using alt_name to get "[('no', 'Søndre Norem')]"
utility_to_osm - WARNING - ssr:stedsnr = 158177: No priority spelling found for lang = no, using alt_name to get "[('no', 'Søndre Norem')]"
utility_to_osm - WARNING - ssr:stedsnr = 158186: No priority spelling found for lang = no, using alt_name to get "[('no', 'Norem vannverk')]"
utility_to_osm - ERROR - ssr:stedsnr = 165787. No positions found, skipping
utility_to_osm - WARNING - ssr:stedsnr = 177101 has multiple (2) positions, using the first one!
utility_to_osm - WARNING - ssr:stedsnr = 183057 has multiple (4) positions, using the first one!
utility_to_osm - WARNING - ssr:stedsnr = 183061 has multiple (3) positions, using the first one!
utility_to_osm - WARNING - ssr:stedsnr = 183380 has multiple (3) positions, using the first one!
utility_to_osm - WARNING - ssr:stedsnr = 184132 has multiple (3) positions, using the first one!
utility_to_osm - WARNING - ssr:stedsnr = 183884 has multiple (3) positions, using the first one!
utility_to_osm - WARNING - ssr:stedsnr = 183886 has multiple (3) positions, using the first one!
utility_to_osm - WARNING - ssr:stedsnr = 183923 has multiple (2) positions, using the first one!
utility_to_osm - WARNING - ssr:stedsnr = 183925 has multiple (3) positions, using the first one!
utility_to_osm - WARNING - ssr:stedsnr = 184162 has multiple (3) positions, using the first one!
utility_to_osm - WARNING - ssr:stedsnr = 184168 has multiple (3) positions, using the first one!
utility_to_osm - WARNING - ssr:stedsnr = 184068 has multiple (2) positions, using the first one!
utility_to_osm - WARNING - ssr:stedsnr = 184071: No priority spelling found for lang = no, using alt_name to get "[('no', 'Gusstulfjellet')]"
utility_to_osm - WARNING - ssr:stedsnr = 184071 has multiple (7) positions, using the first one!
utility_to_osm - WARNING - ssr:stedsnr = 184080 has multiple (4) positions, using the first one!
utility_to_osm - WARNING - ssr:stedsnr = 184287 has multiple (3) positions, using the first one!
utility_to_osm - WARNING - ssr:stedsnr = 184182 has multiple (4) positions, using the first one!
utility_to_osm - WARNING - ssr:stedsnr = 184257 has multiple (3) positions, using the first one!
utility_to_osm - WARNING - ssr:stedsnr = 184263 has multiple (3) positions, using the first one!
utility_to_osm - WARNING - ssr:stedsnr = 184720 has multiple (2) positions, using the first one!
utility_to_osm - WARNING - ssr:stedsnr = 184670 has multiple (2) positions, using the first one!
utility_to_osm - WARNING - ssr:stedsnr = 184673 has multiple (2) positions, using the first one!
utility_to_osm - WARNING - ssr:stedsnr = 184748 has multiple (3) positions, using the first one!
utility_to_osm - WARNING - ssr:stedsnr = 209760 has multiple (2) positions, using the first one!
utility_to_osm - WARNING - ssr:stedsnr = 209766: No priority spelling found for lang = no, using alt_name to get "[('no', 'Deila')]"
utility_to_osm - WARNING - ssr:stedsnr = 209767: No priority spelling found for lang = no, using alt_name to get "[('no', 'Deilsbakke')]"
utility_to_osm - ERROR - ssr:stedsnr = 283254: Adding multiple names to name tag, this is not OK! name = "Lunde bru;Lundefaret"
utility_to_osm - WARNING - ssr:stedsnr = 283254 has multiple (3) positions, using the first one!
utility_to_osm - WARNING - ssr:stedsnr = 304050 has multiple (3) positions, using the first one!
utility_to_osm - WARNING - ssr:stedsnr = 305586 has multiple (2) positions, using the first one!
utility_to_osm - WARNING - ssr:stedsnr = 305034 has multiple (2) positions, using the first one!
utility_to_osm - WARNING - ssr:stedsnr = 305043 has multiple (2) positions, using the first one!
utility_to_osm - WARNING - ssr:stedsnr = 305051 has multiple (3) positions, using the first one!
utility_to_osm - WARNING - ssr:stedsnr = 305074 has multiple (3) positions, using the first one!
utility_to_osm - WARNING - ssr:stedsnr = 305078 has multiple (3) positions, using the first one!
utility_to_osm - WARNING - ssr:stedsnr = 305082 has multiple (4) positions, using the first one!
utility_to_osm - WARNING - ssr:stedsnr = 305098 has multiple (3) positions, using the first one!
utility_to_osm - WARNING - ssr:stedsnr = 305100 has multiple (4) positions, using the first one!
utility_to_osm - WARNING - ssr:stedsnr = 305132 has multiple (3) positions, using the first one!
utility_to_osm - WARNING - ssr:stedsnr = 305172 has multiple (2) positions, using the first one!
utility_to_osm - WARNING - ssr:stedsnr = 305183 has multiple (4) positions, using the first one!
utility_to_osm - WARNING - ssr:stedsnr = 305198 has multiple (3) positions, using the first one!
utility_to_osm - WARNING - ssr:stedsnr = 305208 has multiple (3) positions, using the first one!
utility_to_osm - WARNING - ssr:stedsnr = 305271 has multiple (3) positions, using the first one!
utility_to_osm - WARNING - ssr:stedsnr = 305280 has multiple (3) positions, using the first one!
utility_to_osm - WARNING - ssr:stedsnr = 305284 has multiple (3) positions, using the first one!
utility_to_osm - WARNING - ssr:stedsnr = 305371 has multiple (2) positions, using the first one!
utility_to_osm - WARNING - ssr:stedsnr = 305382 has multiple (3) positions, using the first one!
utility_to_osm - WARNING - ssr:stedsnr = 306228 has multiple (3) positions, using the first one!
utility_to_osm - WARNING - ssr:stedsnr = 305263 has multiple (8) positions, using the first one!
utility_to_osm - WARNING - ssr:stedsnr = 305716 has multiple (2) positions, using the first one!
utility_to_osm - WARNING - ssr:stedsnr = 305942 has multiple (2) positions, using the first one!
utility_to_osm - WARNING - ssr:stedsnr = 305944 has multiple (5) positions, using the first one!
utility_to_osm - WARNING - ssr:stedsnr = 306126 has multiple (3) positions, using the first one!
utility_to_osm - WARNING - ssr:stedsnr = 306136 has multiple (3) positions, using the first one!
utility_to_osm - WARNING - ssr:stedsnr = 306259 has multiple (3) positions, using the first one!
utility_to_osm - WARNING - ssr:stedsnr = 306581 has multiple (2) positions, using the first one!
utility_to_osm - WARNING - ssr:stedsnr = 306592 has multiple (3) positions, using the first one!
utility_to_osm - WARNING - ssr:stedsnr = 306658 has multiple (2) positions, using the first one!
utility_to_osm - WARNING - ssr:stedsnr = 306659 has multiple (3) positions, using the first one!
utility_to_osm - WARNING - ssr:stedsnr = 306664 has multiple (3) positions, using the first one!
utility_to_osm - WARNING - ssr:stedsnr = 328128 has multiple (2) positions, using the first one!
utility_to_osm - WARNING - ssr:stedsnr = 328848 has multiple (2) positions, using the first one!
utility_to_osm - WARNING - ssr:stedsnr = 359844 has multiple (3) positions, using the first one!
utility_to_osm - WARNING - ssr:stedsnr = 365070 has multiple (2) positions, using the first one!
utility_to_osm - WARNING - ssr:stedsnr = 365936: No priority spelling found for lang = no, using alt_name to get "[('no', 'Norsjø')]"
utility_to_osm - WARNING - ssr:stedsnr = 365936 has multiple (14) positions, using the first one!
utility_to_osm - WARNING - ssr:stedsnr = 365994 has multiple (2) positions, using the first one!
utility_to_osm - WARNING - ssr:stedsnr = 366084 has multiple (2) positions, using the first one!
utility_to_osm - WARNING - ssr:stedsnr = 366091 has multiple (3) positions, using the first one!
utility_to_osm - WARNING - ssr:stedsnr = 366097 has multiple (5) positions, using the first one!
utility_to_osm - WARNING - ssr:stedsnr = 366122 has multiple (3) positions, using the first one!
utility_to_osm - WARNING - ssr:stedsnr = 366126 has multiple (3) positions, using the first one!
utility_to_osm - WARNING - ssr:stedsnr = 366078 has multiple (3) positions, using the first one!
utility_to_osm - WARNING - ssr:stedsnr = 366131 has multiple (2) positions, using the first one!
utility_to_osm - WARNING - ssr:stedsnr = 366133 has multiple (4) positions, using the first one!
utility_to_osm - WARNING - ssr:stedsnr = 366139 has multiple (4) positions, using the first one!
utility_to_osm - WARNING - ssr:stedsnr = 366171 has multiple (3) positions, using the first one!
utility_to_osm - WARNING - ssr:stedsnr = 366176 has multiple (3) positions, using the first one!
utility_to_osm - WARNING - ssr:stedsnr = 366257 has multiple (4) positions, using the first one!
utility_to_osm - WARNING - ssr:stedsnr = 366259 has multiple (4) positions, using the first one!
utility_to_osm - WARNING - ssr:stedsnr = 366637 has multiple (2) positions, using the first one!
utility_to_osm - WARNING - ssr:stedsnr = 366674 has multiple (2) positions, using the first one!
utility_to_osm - WARNING - ssr:stedsnr = 366870 has multiple (3) positions, using the first one!
utility_to_osm - WARNING - ssr:stedsnr = 366889 has multiple (3) positions, using the first one!
utility_to_osm - WARNING - ssr:stedsnr = 388246 has multiple (2) positions, using the first one!
utility_to_osm - WARNING - ssr:stedsnr = 389519 has multiple (2) positions, using the first one!
utility_to_osm - WARNING - ssr:stedsnr = 390469 has multiple (2) positions, using the first one!
utility_to_osm - WARNING - ssr:stedsnr = 400167: No priority spelling found for lang = no, using alt_name to get "[('no', 'Søndre Norem')]"
utility_to_osm - WARNING - ssr:stedsnr = 401159: No priority spelling found for lang = no, using alt_name to get "[('no', 'Søndre Norem')]"
utility_to_osm - WARNING - ssr:stedsnr = 449012 has multiple (2) positions, using the first one!
utility_to_osm - WARNING - ssr:stedsnr = 410298 has multiple (2) positions, using the first one!
utility_to_osm - WARNING - ssr:stedsnr = 426055 has multiple (2) positions, using the first one!
utility_to_osm - WARNING - ssr:stedsnr = 426060 has multiple (2) positions, using the first one!
utility_to_osm - WARNING - ssr:stedsnr = 426272 has multiple (3) positions, using the first one!
utility_to_osm - WARNING - ssr:stedsnr = 426362 has multiple (3) positions, using the first one!
utility_to_osm - WARNING - ssr:stedsnr = 426366 has multiple (2) positions, using the first one!
utility_to_osm - WARNING - ssr:stedsnr = 426374 has multiple (3) positions, using the first one!
utility_to_osm - WARNING - ssr:stedsnr = 427120 has multiple (3) positions, using the first one!
utility_to_osm - WARNING - ssr:stedsnr = 427281 has multiple (3) positions, using the first one!
utility_to_osm - WARNING - ssr:stedsnr = 427282 has multiple (4) positions, using the first one!
utility_to_osm - WARNING - ssr:stedsnr = 427297 has multiple (4) positions, using the first one!
utility_to_osm - WARNING - ssr:stedsnr = 427130 has multiple (4) positions, using the first one!
utility_to_osm - WARNING - ssr:stedsnr = 427139 has multiple (3) positions, using the first one!
utility_to_osm - WARNING - ssr:stedsnr = 427145 has multiple (4) positions, using the first one!
utility_to_osm - WARNING - ssr:stedsnr = 427160 has multiple (3) positions, using the first one!
utility_to_osm - WARNING - ssr:stedsnr = 427163 has multiple (3) positions, using the first one!
utility_to_osm - WARNING - ssr:stedsnr = 427166 has multiple (3) positions, using the first one!
utility_to_osm - WARNING - ssr:stedsnr = 427168 has multiple (3) positions, using the first one!
utility_to_osm - WARNING - ssr:stedsnr = 427235 has multiple (3) positions, using the first one!
utility_to_osm - WARNING - ssr:stedsnr = 427246 has multiple (3) positions, using the first one!
utility_to_osm - WARNING - ssr:stedsnr = 427254 has multiple (3) positions, using the first one!
utility_to_osm - WARNING - ssr:stedsnr = 427260 has multiple (4) positions, using the first one!
utility_to_osm - WARNING - ssr:stedsnr = 427338 has multiple (4) positions, using the first one!
utility_to_osm - WARNING - ssr:stedsnr = 427365 has multiple (4) positions, using the first one!
utility_to_osm - WARNING - ssr:stedsnr = 427678 has multiple (2) positions, using the first one!
utility_to_osm - WARNING - ssr:stedsnr = 427686 has multiple (3) positions, using the first one!
utility_to_osm - WARNING - ssr:stedsnr = 427695 has multiple (2) positions, using the first one!
utility_to_osm - WARNING - ssr:stedsnr = 427659 has multiple (2) positions, using the first one!
utility_to_osm - WARNING - ssr:stedsnr = 427661 has multiple (2) positions, using the first one!
utility_to_osm - WARNING - ssr:stedsnr = 427837 has multiple (3) positions, using the first one!
utility_to_osm - WARNING - ssr:stedsnr = 506755: No priority spelling found for lang = no, using alt_name to get "[('no', 'Bøvann')]"
utility_to_osm - WARNING - ssr:stedsnr = 506755 has multiple (4) positions, using the first one!
utility_to_osm - WARNING - ssr:stedsnr = 510447 has multiple (2) positions, using the first one!
utility_to_osm - WARNING - ssr:stedsnr = 522167: No priority spelling found for lang = no, using alt_name to get "[('no', 'Norem')]"
utility_to_osm - WARNING - ssr:stedsnr = 526351 has multiple (2) positions, using the first one!
utility_to_osm - ERROR - ssr:stedsnr = 541200. No positions found, skipping
utility_to_osm - WARNING - ssr:stedsnr = 547330 has multiple (2) positions, using the first one!
utility_to_osm - WARNING - ssr:stedsnr = 547353 has multiple (3) positions, using the first one!
utility_to_osm - WARNING - ssr:stedsnr = 548129 has multiple (4) positions, using the first one!
utility_to_osm - WARNING - ssr:stedsnr = 548138 has multiple (4) positions, using the first one!
utility_to_osm - WARNING - ssr:stedsnr = 548139 has multiple (4) positions, using the first one!
utility_to_osm - WARNING - ssr:stedsnr = 548146 has multiple (3) positions, using the first one!
utility_to_osm - WARNING - ssr:stedsnr = 548151 has multiple (3) positions, using the first one!
utility_to_osm - WARNING - ssr:stedsnr = 547436 has multiple (3) positions, using the first one!
utility_to_osm - WARNING - ssr:stedsnr = 547462 has multiple (4) positions, using the first one!
utility_to_osm - WARNING - ssr:stedsnr = 547991 has multiple (2) positions, using the first one!
utility_to_osm - WARNING - ssr:stedsnr = 548096 has multiple (3) positions, using the first one!
utility_to_osm - WARNING - ssr:stedsnr = 548160 has multiple (2) positions, using the first one!
utility_to_osm - WARNING - ssr:stedsnr = 548163 has multiple (3) positions, using the first one!
utility_to_osm - WARNING - ssr:stedsnr = 548191 has multiple (2) positions, using the first one!
utility_to_osm - WARNING - ssr:stedsnr = 548222 has multiple (3) positions, using the first one!
utility_to_osm - WARNING - ssr:stedsnr = 548226 has multiple (2) positions, using the first one!
utility_to_osm - WARNING - ssr:stedsnr = 548390 has multiple (8) positions, using the first one!
utility_to_osm - WARNING - ssr:stedsnr = 548680 has multiple (2) positions, using the first one!
utility_to_osm - WARNING - ssr:stedsnr = 548533 has multiple (2) positions, using the first one!
utility_to_osm - WARNING - ssr:stedsnr = 548636 has multiple (2) positions, using the first one!
utility_to_osm - WARNING - ssr:stedsnr = 548647 has multiple (4) positions, using the first one!
utility_to_osm - WARNING - ssr:stedsnr = 548684 has multiple (3) positions, using the first one!
utility_to_osm - WARNING - ssr:stedsnr = 548776 has multiple (3) positions, using the first one!
utility_to_osm - WARNING - ssr:stedsnr = 548790 has multiple (3) positions, using the first one!
utility_to_osm - WARNING - ssr:stedsnr = 548791 has multiple (3) positions, using the first one!
utility_to_osm - WARNING - ssr:stedsnr = 548858 has multiple (3) positions, using the first one!
utility_to_osm - WARNING - ssr:stedsnr = 582137: No priority spelling found for lang = no, using alt_name to get "[('no', 'Søndre Norem')]"
utility_to_osm - WARNING - ssr:stedsnr = 583138: No priority spelling found for lang = no, using alt_name to get "[('no', 'Nordre Norem')]"
utility_to_osm - WARNING - ssr:stedsnr = 608032 has multiple (2) positions, using the first one!
utility_to_osm - WARNING - ssr:stedsnr = 608033 has multiple (2) positions, using the first one!
utility_to_osm - WARNING - ssr:stedsnr = 608098 has multiple (4) positions, using the first one!
utility_to_osm - WARNING - ssr:stedsnr = 608073 has multiple (3) positions, using the first one!
utility_to_osm - WARNING - ssr:stedsnr = 608081 has multiple (2) positions, using the first one!
utility_to_osm - WARNING - ssr:stedsnr = 608083 has multiple (3) positions, using the first one!
utility_to_osm - WARNING - ssr:stedsnr = 608088 has multiple (4) positions, using the first one!
utility_to_osm - WARNING - ssr:stedsnr = 608167 has multiple (3) positions, using the first one!
utility_to_osm - WARNING - ssr:stedsnr = 608182 has multiple (4) positions, using the first one!
utility_to_osm - WARNING - ssr:stedsnr = 608187 has multiple (3) positions, using the first one!
utility_to_osm - WARNING - ssr:stedsnr = 608248 has multiple (4) positions, using the first one!
utility_to_osm - WARNING - ssr:stedsnr = 608754 has multiple (3) positions, using the first one!
utility_to_osm - WARNING - ssr:stedsnr = 608755 has multiple (2) positions, using the first one!
utility_to_osm - WARNING - ssr:stedsnr = 608307 has multiple (4) positions, using the first one!
utility_to_osm - WARNING - ssr:stedsnr = 608313 has multiple (5) positions, using the first one!
utility_to_osm - WARNING - ssr:stedsnr = 608431 has multiple (2) positions, using the first one!
utility_to_osm - WARNING - ssr:stedsnr = 608367 has multiple (3) positions, using the first one!
utility_to_osm - WARNING - ssr:stedsnr = 608707 has multiple (4) positions, using the first one!
utility_to_osm - WARNING - ssr:stedsnr = 609222 has multiple (3) positions, using the first one!
utility_to_osm - WARNING - ssr:stedsnr = 609327 has multiple (6) positions, using the first one!
utility_to_osm - WARNING - ssr:stedsnr = 609127 has multiple (3) positions, using the first one!
utility_to_osm - WARNING - ssr:stedsnr = 609150 has multiple (3) positions, using the first one!
utility_to_osm - WARNING - ssr:stedsnr = 609161 has multiple (4) positions, using the first one!
utility_to_osm - WARNING - ssr:stedsnr = 609252 has multiple (3) positions, using the first one!
utility_to_osm - WARNING - ssr:stedsnr = 609264 has multiple (3) positions, using the first one!
utility_to_osm - WARNING - ssr:stedsnr = 609267 has multiple (2) positions, using the first one!
utility_to_osm - WARNING - ssr:stedsnr = 609653 has multiple (3) positions, using the first one!
utility_to_osm - WARNING - ssr:stedsnr = 609599 has multiple (3) positions, using the first one!
utility_to_osm - WARNING - ssr:stedsnr = 609716 has multiple (3) positions, using the first one!
utility_to_osm - WARNING - ssr:stedsnr = 663121 has multiple (2) positions, using the first one!
utility_to_osm - WARNING - ssr:stedsnr = 668041 has multiple (3) positions, using the first one!
utility_to_osm - WARNING - ssr:stedsnr = 668997 has multiple (3) positions, using the first one!
utility_to_osm - WARNING - ssr:stedsnr = 669109 has multiple (3) positions, using the first one!
utility_to_osm - WARNING - ssr:stedsnr = 669076 has multiple (3) positions, using the first one!
utility_to_osm - WARNING - ssr:stedsnr = 669152 has multiple (3) positions, using the first one!
utility_to_osm - WARNING - ssr:stedsnr = 669162 has multiple (2) positions, using the first one!
utility_to_osm - WARNING - ssr:stedsnr = 669168 has multiple (2) positions, using the first one!
utility_to_osm - WARNING - ssr:stedsnr = 669370 has multiple (2) positions, using the first one!
utility_to_osm - WARNING - ssr:stedsnr = 669396 has multiple (3) positions, using the first one!
utility_to_osm - WARNING - ssr:stedsnr = 669442 has multiple (2) positions, using the first one!
utility_to_osm - WARNING - ssr:stedsnr = 669443 has multiple (3) positions, using the first one!
utility_to_osm - WARNING - ssr:stedsnr = 670138 has multiple (3) positions, using the first one!
utility_to_osm - WARNING - ssr:stedsnr = 670169 has multiple (3) positions, using the first one!
utility_to_osm - WARNING - ssr:stedsnr = 670239: No priority spelling found for lang = no, using alt_name to get "[('no', 'Noremstjønna')]"
utility_to_osm - WARNING - ssr:stedsnr = 670260 has multiple (4) positions, using the first one!
utility_to_osm - WARNING - ssr:stedsnr = 670264 has multiple (3) positions, using the first one!
utility_to_osm - WARNING - ssr:stedsnr = 670269 has multiple (3) positions, using the first one!
utility_to_osm - WARNING - ssr:stedsnr = 715127: No priority spelling found for lang = no, using alt_name to get "[('no', 'Søndre Norem')]"
utility_to_osm - WARNING - ssr:stedsnr = 729051 has multiple (2) positions, using the first one!
utility_to_osm - WARNING - ssr:stedsnr = 728899: No priority spelling found for lang = no, using alt_name to get "[('no', 'Minnesjø naturreservat')]"
utility_to_osm - WARNING - ssr:stedsnr = 729398 has multiple (2) positions, using the first one!
utility_to_osm - WARNING - ssr:stedsnr = 730200 has multiple (3) positions, using the first one!
utility_to_osm - WARNING - ssr:stedsnr = 730267 has multiple (3) positions, using the first one!
utility_to_osm - WARNING - ssr:stedsnr = 730058 has multiple (3) positions, using the first one!
utility_to_osm - WARNING - ssr:stedsnr = 730123 has multiple (4) positions, using the first one!
utility_to_osm - WARNING - ssr:stedsnr = 730272 has multiple (3) positions, using the first one!
utility_to_osm - WARNING - ssr:stedsnr = 730391 has multiple (3) positions, using the first one!
utility_to_osm - WARNING - ssr:stedsnr = 730396 has multiple (3) positions, using the first one!
utility_to_osm - WARNING - ssr:stedsnr = 730398 has multiple (3) positions, using the first one!
utility_to_osm - WARNING - ssr:stedsnr = 730771 has multiple (2) positions, using the first one!
utility_to_osm - WARNING - ssr:stedsnr = 730772 has multiple (2) positions, using the first one!
utility_to_osm - WARNING - ssr:stedsnr = 730784 has multiple (2) positions, using the first one!
utility_to_osm - WARNING - ssr:stedsnr = 730795 has multiple (3) positions, using the first one!
utility_to_osm - WARNING - ssr:stedsnr = 730757 has multiple (2) positions, using the first one!
utility_to_osm - WARNING - ssr:stedsnr = 731128 has multiple (4) positions, using the first one!
utility_to_osm - WARNING - ssr:stedsnr = 731175 has multiple (4) positions, using the first one!
utility_to_osm - WARNING - ssr:stedsnr = 731177 has multiple (3) positions, using the first one!
utility_to_osm - WARNING - ssr:stedsnr = 731182 has multiple (3) positions, using the first one!
utility_to_osm - WARNING - ssr:stedsnr = 731185 has multiple (5) positions, using the first one!
utility_to_osm - WARNING - ssr:stedsnr = 731187 has multiple (4) positions, using the first one!
utility_to_osm - WARNING - ssr:stedsnr = 731582 has multiple (2) positions, using the first one!
utility_to_osm - WARNING - ssr:stedsnr = 731592 has multiple (2) positions, using the first one!
utility_to_osm - WARNING - ssr:stedsnr = 731738 has multiple (3) positions, using the first one!
utility_to_osm - WARNING - ssr:stedsnr = 737667 has multiple (2) positions, using the first one!
utility_to_osm - WARNING - ssr:stedsnr = 753191 has multiple (2) positions, using the first one!
utility_to_osm - WARNING - ssr:stedsnr = 753730 has multiple (2) positions, using the first one!
utility_to_osm - WARNING - ssr:stedsnr = 755531 has multiple (2) positions, using the first one!
utility_to_osm - WARNING - ssr:stedsnr = 765161: No priority spelling found for lang = no, using alt_name to get "[('no', 'Nordre Norem')]"
utility_to_osm - WARNING - ssr:stedsnr = 765164: No priority spelling found for lang = no, using alt_name to get "[('no', 'Nordre Norem')]"
utility_to_osm - WARNING - ssr:stedsnr = 769932: No priority spelling found for lang = no, using alt_name to get "[('no', 'Deilsdalen')]"
utility_to_osm - WARNING - ssr:stedsnr = 790034 has multiple (3) positions, using the first one!
utility_to_osm - WARNING - ssr:stedsnr = 790308 has multiple (5) positions, using the first one!
utility_to_osm - WARNING - ssr:stedsnr = 790319 has multiple (2) positions, using the first one!
utility_to_osm - WARNING - ssr:stedsnr = 790435 has multiple (3) positions, using the first one!
utility_to_osm - WARNING - ssr:stedsnr = 791104 has multiple (3) positions, using the first one!
utility_to_osm - WARNING - ssr:stedsnr = 791110 has multiple (4) positions, using the first one!
utility_to_osm - WARNING - ssr:stedsnr = 791112: No priority spelling found for lang = no, using alt_name to get "[('no', 'Gusstulvannet')]"
utility_to_osm - WARNING - ssr:stedsnr = 791112 has multiple (5) positions, using the first one!
utility_to_osm - WARNING - ssr:stedsnr = 791120 has multiple (4) positions, using the first one!
utility_to_osm - WARNING - ssr:stedsnr = 791127 has multiple (3) positions, using the first one!
utility_to_osm - WARNING - ssr:stedsnr = 791131 has multiple (3) positions, using the first one!
utility_to_osm - WARNING - ssr:stedsnr = 791132 has multiple (3) positions, using the first one!
utility_to_osm - WARNING - ssr:stedsnr = 790931 has multiple (5) positions, using the first one!
utility_to_osm - WARNING - ssr:stedsnr = 791070 has multiple (3) positions, using the first one!
utility_to_osm - WARNING - ssr:stedsnr = 791073 has multiple (3) positions, using the first one!
utility_to_osm - WARNING - ssr:stedsnr = 791150 has multiple (3) positions, using the first one!
utility_to_osm - WARNING - ssr:stedsnr = 791153 has multiple (3) positions, using the first one!
utility_to_osm - WARNING - ssr:stedsnr = 791166 has multiple (3) positions, using the first one!
utility_to_osm - WARNING - ssr:stedsnr = 791168 has multiple (4) positions, using the first one!
utility_to_osm - WARNING - ssr:stedsnr = 791172 has multiple (3) positions, using the first one!
utility_to_osm - WARNING - ssr:stedsnr = 791182 has multiple (4) positions, using the first one!
utility_to_osm - WARNING - ssr:stedsnr = 791184 has multiple (4) positions, using the first one!
utility_to_osm - WARNING - ssr:stedsnr = 791188 has multiple (3) positions, using the first one!
utility_to_osm - WARNING - ssr:stedsnr = 791189 has multiple (3) positions, using the first one!
utility_to_osm - WARNING - ssr:stedsnr = 791196 has multiple (3) positions, using the first one!
utility_to_osm - WARNING - ssr:stedsnr = 791202 has multiple (3) positions, using the first one!
utility_to_osm - WARNING - ssr:stedsnr = 791273 has multiple (5) positions, using the first one!
utility_to_osm - WARNING - ssr:stedsnr = 791285 has multiple (4) positions, using the first one!
utility_to_osm - WARNING - ssr:stedsnr = 791667 has multiple (2) positions, using the first one!
utility_to_osm - WARNING - ssr:stedsnr = 791674 has multiple (5) positions, using the first one!
utility_to_osm - WARNING - ssr:stedsnr = 791787 has multiple (3) positions, using the first one!
utility_to_osm - WARNING - ssr:stedsnr = 791621 has multiple (2) positions, using the first one!
utility_to_osm - WARNING - ssr:stedsnr = 791625 has multiple (2) positions, using the first one!
utility_to_osm - WARNING - ssr:stedsnr = 791757 has multiple (3) positions, using the first one!
utility_to_osm - WARNING - ssr:stedsnr = 791759 has multiple (3) positions, using the first one!
utility_to_osm - WARNING - ssr:stedsnr = 851052 has multiple (4) positions, using the first one!
utility_to_osm - WARNING - ssr:stedsnr = 851398 has multiple (3) positions, using the first one!
utility_to_osm - WARNING - ssr:stedsnr = 851250 has multiple (3) positions, using the first one!
utility_to_osm - WARNING - ssr:stedsnr = 851355 has multiple (4) positions, using the first one!
utility_to_osm - WARNING - ssr:stedsnr = 852191 has multiple (3) positions, using the first one!
utility_to_osm - WARNING - ssr:stedsnr = 852297: No priority spelling found for lang = no, using alt_name to get "[('no', 'Deilsbekken')]"
utility_to_osm - WARNING - ssr:stedsnr = 852297 has multiple (3) positions, using the first one!
utility_to_osm - WARNING - ssr:stedsnr = 851944 has multiple (3) positions, using the first one!
utility_to_osm - WARNING - ssr:stedsnr = 851948 has multiple (4) positions, using the first one!
utility_to_osm - WARNING - ssr:stedsnr = 852138 has multiple (4) positions, using the first one!
utility_to_osm - WARNING - ssr:stedsnr = 852141 has multiple (3) positions, using the first one!
utility_to_osm - WARNING - ssr:stedsnr = 852157 has multiple (3) positions, using the first one!
utility_to_osm - WARNING - ssr:stedsnr = 852233 has multiple (3) positions, using the first one!
utility_to_osm - WARNING - ssr:stedsnr = 852235 has multiple (4) positions, using the first one!
utility_to_osm - WARNING - ssr:stedsnr = 852246 has multiple (3) positions, using the first one!
utility_to_osm - WARNING - ssr:stedsnr = 852252 has multiple (6) positions, using the first one!
utility_to_osm - WARNING - ssr:stedsnr = 852682 has multiple (2) positions, using the first one!
utility_to_osm - WARNING - ssr:stedsnr = 852683 has multiple (3) positions, using the first one!
utility_to_osm - WARNING - ssr:stedsnr = 852647 has multiple (2) positions, using the first one!
utility_to_osm - WARNING - ssr:stedsnr = 873144 has multiple (2) positions, using the first one!
utility_to_osm - WARNING - ssr:stedsnr = 874481 has multiple (2) positions, using the first one!
utility_to_osm - WARNING - ssr:stedsnr = 936277 has multiple (2) positions, using the first one!
utility_to_osm - WARNING - ssr:stedsnr = 939046 has multiple (2) positions, using the first one!
