utility_to_osm - WARNING - ssr:stedsnr = 7208 has multiple (3) positions, using the first one!
utility_to_osm - WARNING - ssr:stedsnr = 7213 has multiple (2) positions, using the first one!
utility_to_osm - WARNING - ssr:stedsnr = 7262 has multiple (2) positions, using the first one!
utility_to_osm - WARNING - ssr:stedsnr = 7401 has multiple (2) positions, using the first one!
utility_to_osm - WARNING - ssr:stedsnr = 7448 has multiple (2) positions, using the first one!
utility_to_osm - WARNING - ssr:stedsnr = 9092 has multiple (3) positions, using the first one!
utility_to_osm - WARNING - ssr:stedsnr = 67114 has multiple (2) positions, using the first one!
utility_to_osm - WARNING - ssr:stedsnr = 67127 has multiple (2) positions, using the first one!
utility_to_osm - WARNING - ssr:stedsnr = 67043 has multiple (2) positions, using the first one!
utility_to_osm - WARNING - ssr:stedsnr = 67007 has multiple (3) positions, using the first one!
utility_to_osm - ERROR - ssr:stedsnr = 67803: Adding multiple names to name tag, this is not OK! name = "Ålund;Sælsbrøtadn"
utility_to_osm - WARNING - ssr:stedsnr = 67803 has multiple (2) positions, using the first one!
utility_to_osm - WARNING - ssr:stedsnr = 67821 has multiple (2) positions, using the first one!
utility_to_osm - WARNING - ssr:stedsnr = 67797 has multiple (2) positions, using the first one!
utility_to_osm - WARNING - ssr:stedsnr = 68403 has multiple (4) positions, using the first one!
utility_to_osm - WARNING - ssr:stedsnr = 69887 has multiple (2) positions, using the first one!
utility_to_osm - WARNING - ssr:stedsnr = 70076 has multiple (10) positions, using the first one!
utility_to_osm - WARNING - ssr:stedsnr = 249794 has multiple (2) positions, using the first one!
utility_to_osm - WARNING - ssr:stedsnr = 249179 has multiple (2) positions, using the first one!
utility_to_osm - WARNING - ssr:stedsnr = 249194 has multiple (2) positions, using the first one!
utility_to_osm - WARNING - ssr:stedsnr = 249409 has multiple (2) positions, using the first one!
utility_to_osm - WARNING - ssr:stedsnr = 249784 has multiple (2) positions, using the first one!
utility_to_osm - WARNING - ssr:stedsnr = 249852 has multiple (3) positions, using the first one!
utility_to_osm - WARNING - ssr:stedsnr = 250148 has multiple (2) positions, using the first one!
utility_to_osm - WARNING - ssr:stedsnr = 250156 has multiple (2) positions, using the first one!
utility_to_osm - ERROR - ssr:stedsnr = 250452: Adding multiple names to name tag, this is not OK! name = "Gardvikodden;Neset"
utility_to_osm - WARNING - ssr:stedsnr = 250452 has multiple (2) positions, using the first one!
utility_to_osm - WARNING - ssr:stedsnr = 250457 has multiple (4) positions, using the first one!
utility_to_osm - WARNING - ssr:stedsnr = 250848 has multiple (3) positions, using the first one!
utility_to_osm - WARNING - ssr:stedsnr = 250854 has multiple (2) positions, using the first one!
utility_to_osm - WARNING - ssr:stedsnr = 251800 has multiple (2) positions, using the first one!
utility_to_osm - WARNING - ssr:stedsnr = 251783 has multiple (2) positions, using the first one!
utility_to_osm - WARNING - ssr:stedsnr = 251891 has multiple (3) positions, using the first one!
utility_to_osm - WARNING - ssr:stedsnr = 251897 has multiple (2) positions, using the first one!
utility_to_osm - WARNING - ssr:stedsnr = 252069 has multiple (3) positions, using the first one!
utility_to_osm - WARNING - ssr:stedsnr = 128153 has multiple (2) positions, using the first one!
utility_to_osm - WARNING - ssr:stedsnr = 128333 has multiple (2) positions, using the first one!
utility_to_osm - WARNING - ssr:stedsnr = 128290 has multiple (2) positions, using the first one!
utility_to_osm - WARNING - ssr:stedsnr = 128296 has multiple (3) positions, using the first one!
utility_to_osm - WARNING - ssr:stedsnr = 128810 has multiple (2) positions, using the first one!
utility_to_osm - WARNING - ssr:stedsnr = 252360 has multiple (3) positions, using the first one!
utility_to_osm - WARNING - ssr:stedsnr = 128789 has multiple (2) positions, using the first one!
utility_to_osm - WARNING - ssr:stedsnr = 188211 has multiple (2) positions, using the first one!
utility_to_osm - WARNING - ssr:stedsnr = 188222 has multiple (2) positions, using the first one!
utility_to_osm - WARNING - ssr:stedsnr = 189133 has multiple (2) positions, using the first one!
utility_to_osm - WARNING - ssr:stedsnr = 189134 has multiple (2) positions, using the first one!
utility_to_osm - WARNING - ssr:stedsnr = 189146 has multiple (2) positions, using the first one!
utility_to_osm - WARNING - ssr:stedsnr = 189317 has multiple (3) positions, using the first one!
utility_to_osm - WARNING - ssr:stedsnr = 189370 has multiple (5) positions, using the first one!
utility_to_osm - WARNING - ssr:stedsnr = 189408: No priority spelling found for lang = no, using alt_name to get "[('no', 'Nøsakampen')]"
utility_to_osm - WARNING - ssr:stedsnr = 189408 has multiple (3) positions, using the first one!
utility_to_osm - WARNING - ssr:stedsnr = 189867 has multiple (4) positions, using the first one!
utility_to_osm - WARNING - ssr:stedsnr = 189769 has multiple (2) positions, using the first one!
utility_to_osm - WARNING - ssr:stedsnr = 189775 has multiple (5) positions, using the first one!
utility_to_osm - WARNING - ssr:stedsnr = 189778 has multiple (2) positions, using the first one!
utility_to_osm - WARNING - ssr:stedsnr = 189783 has multiple (2) positions, using the first one!
utility_to_osm - WARNING - ssr:stedsnr = 191352 has multiple (4) positions, using the first one!
utility_to_osm - WARNING - ssr:stedsnr = 223786 has multiple (2) positions, using the first one!
utility_to_osm - ERROR - ssr:stedsnr = 240224. No positions found, skipping
utility_to_osm - WARNING - ssr:stedsnr = 249107 has multiple (2) positions, using the first one!
utility_to_osm - WARNING - ssr:stedsnr = 282312 has multiple (2) positions, using the first one!
utility_to_osm - WARNING - ssr:stedsnr = 309000 has multiple (62) positions, using the first one!
utility_to_osm - WARNING - ssr:stedsnr = 310103 has multiple (2) positions, using the first one!
utility_to_osm - WARNING - ssr:stedsnr = 310131 has multiple (2) positions, using the first one!
utility_to_osm - WARNING - ssr:stedsnr = 310137 has multiple (2) positions, using the first one!
utility_to_osm - WARNING - ssr:stedsnr = 310278 has multiple (4) positions, using the first one!
utility_to_osm - WARNING - ssr:stedsnr = 310402 has multiple (3) positions, using the first one!
utility_to_osm - WARNING - ssr:stedsnr = 310399 has multiple (2) positions, using the first one!
utility_to_osm - WARNING - ssr:stedsnr = 310832 has multiple (2) positions, using the first one!
utility_to_osm - ERROR - ssr:stedsnr = 310833: Adding multiple names to name tag, this is not OK! name = "Snortheimsåsen;Magistadåsen"
utility_to_osm - WARNING - ssr:stedsnr = 310833 has multiple (3) positions, using the first one!
utility_to_osm - WARNING - ssr:stedsnr = 310840 has multiple (2) positions, using the first one!
utility_to_osm - WARNING - ssr:stedsnr = 312729 has multiple (2) positions, using the first one!
utility_to_osm - WARNING - ssr:stedsnr = 312736 has multiple (3) positions, using the first one!
utility_to_osm - WARNING - ssr:stedsnr = 313073 has multiple (2) positions, using the first one!
utility_to_osm - WARNING - ssr:stedsnr = 344905 has multiple (2) positions, using the first one!
utility_to_osm - WARNING - ssr:stedsnr = 477082 has multiple (2) positions, using the first one!
utility_to_osm - WARNING - ssr:stedsnr = 371115 has multiple (2) positions, using the first one!
utility_to_osm - WARNING - ssr:stedsnr = 371118 has multiple (2) positions, using the first one!
utility_to_osm - WARNING - ssr:stedsnr = 371384 has multiple (4) positions, using the first one!
utility_to_osm - ERROR - ssr:stedsnr = 371770: Adding multiple names to name tag, this is not OK! name = "Sundheimselvi;Vasetåne"
utility_to_osm - WARNING - ssr:stedsnr = 371770 has multiple (4) positions, using the first one!
utility_to_osm - WARNING - ssr:stedsnr = 371870 has multiple (2) positions, using the first one!
utility_to_osm - WARNING - ssr:stedsnr = 372862 has multiple (2) positions, using the first one!
utility_to_osm - WARNING - ssr:stedsnr = 373058 has multiple (3) positions, using the first one!
utility_to_osm - WARNING - ssr:stedsnr = 373103 has multiple (4) positions, using the first one!
utility_to_osm - WARNING - ssr:stedsnr = 405504 has multiple (2) positions, using the first one!
utility_to_osm - WARNING - ssr:stedsnr = 431122 has multiple (2) positions, using the first one!
utility_to_osm - ERROR - ssr:stedsnr = 431396: Adding multiple names to name tag, this is not OK! name = "Ystad;Ristestøl"
utility_to_osm - WARNING - ssr:stedsnr = 431839 has multiple (3) positions, using the first one!
utility_to_osm - WARNING - ssr:stedsnr = 431853 has multiple (3) positions, using the first one!
utility_to_osm - WARNING - ssr:stedsnr = 432103 has multiple (2) positions, using the first one!
utility_to_osm - WARNING - ssr:stedsnr = 432402 has multiple (3) positions, using the first one!
utility_to_osm - WARNING - ssr:stedsnr = 432389 has multiple (4) positions, using the first one!
utility_to_osm - WARNING - ssr:stedsnr = 432787 has multiple (2) positions, using the first one!
utility_to_osm - WARNING - ssr:stedsnr = 432799 has multiple (3) positions, using the first one!
utility_to_osm - WARNING - ssr:stedsnr = 432878 has multiple (2) positions, using the first one!
utility_to_osm - WARNING - ssr:stedsnr = 433773 has multiple (2) positions, using the first one!
utility_to_osm - WARNING - ssr:stedsnr = 433792 has multiple (2) positions, using the first one!
utility_to_osm - WARNING - ssr:stedsnr = 492119 has multiple (2) positions, using the first one!
utility_to_osm - WARNING - ssr:stedsnr = 492043 has multiple (2) positions, using the first one!
utility_to_osm - WARNING - ssr:stedsnr = 492068 has multiple (2) positions, using the first one!
utility_to_osm - WARNING - ssr:stedsnr = 492142 has multiple (3) positions, using the first one!
utility_to_osm - WARNING - ssr:stedsnr = 492343 has multiple (2) positions, using the first one!
utility_to_osm - WARNING - ssr:stedsnr = 492831 has multiple (2) positions, using the first one!
utility_to_osm - WARNING - ssr:stedsnr = 492832 has multiple (2) positions, using the first one!
utility_to_osm - WARNING - ssr:stedsnr = 492835 has multiple (3) positions, using the first one!
utility_to_osm - WARNING - ssr:stedsnr = 492855 has multiple (2) positions, using the first one!
utility_to_osm - WARNING - ssr:stedsnr = 494347 has multiple (3) positions, using the first one!
utility_to_osm - WARNING - ssr:stedsnr = 494401 has multiple (2) positions, using the first one!
utility_to_osm - WARNING - ssr:stedsnr = 494730 has multiple (2) positions, using the first one!
utility_to_osm - WARNING - ssr:stedsnr = 494749 has multiple (2) positions, using the first one!
utility_to_osm - WARNING - ssr:stedsnr = 674057 has multiple (2) positions, using the first one!
utility_to_osm - WARNING - ssr:stedsnr = 674085 has multiple (2) positions, using the first one!
utility_to_osm - WARNING - ssr:stedsnr = 674086 has multiple (2) positions, using the first one!
utility_to_osm - WARNING - ssr:stedsnr = 674160 has multiple (2) positions, using the first one!
utility_to_osm - WARNING - ssr:stedsnr = 674147 has multiple (2) positions, using the first one!
utility_to_osm - WARNING - ssr:stedsnr = 674150 has multiple (2) positions, using the first one!
utility_to_osm - WARNING - ssr:stedsnr = 674211 has multiple (2) positions, using the first one!
utility_to_osm - WARNING - ssr:stedsnr = 674232 has multiple (3) positions, using the first one!
utility_to_osm - WARNING - ssr:stedsnr = 674198 has multiple (2) positions, using the first one!
utility_to_osm - WARNING - ssr:stedsnr = 674327 has multiple (3) positions, using the first one!
utility_to_osm - WARNING - ssr:stedsnr = 674387 has multiple (4) positions, using the first one!
utility_to_osm - WARNING - ssr:stedsnr = 674388 has multiple (3) positions, using the first one!
utility_to_osm - WARNING - ssr:stedsnr = 674801 has multiple (2) positions, using the first one!
utility_to_osm - WARNING - ssr:stedsnr = 674807 has multiple (2) positions, using the first one!
utility_to_osm - WARNING - ssr:stedsnr = 674842 has multiple (2) positions, using the first one!
utility_to_osm - WARNING - ssr:stedsnr = 677110 has multiple (3) positions, using the first one!
utility_to_osm - WARNING - ssr:stedsnr = 676836 has multiple (2) positions, using the first one!
utility_to_osm - WARNING - ssr:stedsnr = 676846 has multiple (2) positions, using the first one!
utility_to_osm - ERROR - ssr:stedsnr = 676854: Adding multiple names to name tag, this is not OK! name = "Flyvatnet;Storfjorden"
utility_to_osm - WARNING - ssr:stedsnr = 677080 has multiple (5) positions, using the first one!
utility_to_osm - WARNING - ssr:stedsnr = 492104 has multiple (3) positions, using the first one!
utility_to_osm - WARNING - ssr:stedsnr = 492317 has multiple (3) positions, using the first one!
utility_to_osm - WARNING - ssr:stedsnr = 492378 has multiple (2) positions, using the first one!
utility_to_osm - WARNING - ssr:stedsnr = 492385 has multiple (4) positions, using the first one!
utility_to_osm - WARNING - ssr:stedsnr = 492393 has multiple (4) positions, using the first one!
utility_to_osm - WARNING - ssr:stedsnr = 492806 has multiple (2) positions, using the first one!
utility_to_osm - WARNING - ssr:stedsnr = 492792 has multiple (2) positions, using the first one!
utility_to_osm - WARNING - ssr:stedsnr = 492866 has multiple (2) positions, using the first one!
utility_to_osm - WARNING - ssr:stedsnr = 492871 has multiple (3) positions, using the first one!
utility_to_osm - WARNING - ssr:stedsnr = 494076 has multiple (3) positions, using the first one!
utility_to_osm - WARNING - ssr:stedsnr = 495123 has multiple (4) positions, using the first one!
utility_to_osm - WARNING - ssr:stedsnr = 552204 has multiple (2) positions, using the first one!
utility_to_osm - WARNING - ssr:stedsnr = 552225 has multiple (2) positions, using the first one!
utility_to_osm - WARNING - ssr:stedsnr = 552118 has multiple (3) positions, using the first one!
utility_to_osm - WARNING - ssr:stedsnr = 552820 has multiple (2) positions, using the first one!
utility_to_osm - WARNING - ssr:stedsnr = 552846 has multiple (3) positions, using the first one!
utility_to_osm - WARNING - ssr:stedsnr = 553139 has multiple (2) positions, using the first one!
utility_to_osm - WARNING - ssr:stedsnr = 553415 has multiple (5) positions, using the first one!
utility_to_osm - WARNING - ssr:stedsnr = 554126 has multiple (3) positions, using the first one!
utility_to_osm - WARNING - ssr:stedsnr = 553878 has multiple (2) positions, using the first one!
utility_to_osm - WARNING - ssr:stedsnr = 613203 has multiple (3) positions, using the first one!
utility_to_osm - WARNING - ssr:stedsnr = 613110 has multiple (2) positions, using the first one!
utility_to_osm - WARNING - ssr:stedsnr = 613112 has multiple (2) positions, using the first one!
utility_to_osm - WARNING - ssr:stedsnr = 613173 has multiple (2) positions, using the first one!
utility_to_osm - WARNING - ssr:stedsnr = 613409 has multiple (4) positions, using the first one!
utility_to_osm - WARNING - ssr:stedsnr = 613419 has multiple (2) positions, using the first one!
utility_to_osm - WARNING - ssr:stedsnr = 613427 has multiple (5) positions, using the first one!
utility_to_osm - WARNING - ssr:stedsnr = 613364 has multiple (3) positions, using the first one!
utility_to_osm - WARNING - ssr:stedsnr = 613840 has multiple (2) positions, using the first one!
utility_to_osm - WARNING - ssr:stedsnr = 613842 has multiple (2) positions, using the first one!
utility_to_osm - WARNING - ssr:stedsnr = 613861 has multiple (2) positions, using the first one!
utility_to_osm - WARNING - ssr:stedsnr = 613796 has multiple (2) positions, using the first one!
utility_to_osm - WARNING - ssr:stedsnr = 615102 has multiple (4) positions, using the first one!
utility_to_osm - WARNING - ssr:stedsnr = 615116 has multiple (4) positions, using the first one!
utility_to_osm - WARNING - ssr:stedsnr = 615852 has multiple (2) positions, using the first one!
utility_to_osm - WARNING - ssr:stedsnr = 645324 has multiple (2) positions, using the first one!
utility_to_osm - WARNING - ssr:stedsnr = 890467 has multiple (2) positions, using the first one!
utility_to_osm - WARNING - ssr:stedsnr = 674202 has multiple (2) positions, using the first one!
utility_to_osm - ERROR - ssr:stedsnr = 676096: Adding multiple names to name tag, this is not OK! name = "Nøsakampen;Noseknippa"
utility_to_osm - WARNING - ssr:stedsnr = 891440 has multiple (2) positions, using the first one!
utility_to_osm - WARNING - ssr:stedsnr = 735093 has multiple (2) positions, using the first one!
utility_to_osm - WARNING - ssr:stedsnr = 735098 has multiple (3) positions, using the first one!
utility_to_osm - WARNING - ssr:stedsnr = 735203 has multiple (2) positions, using the first one!
utility_to_osm - WARNING - ssr:stedsnr = 735213 has multiple (3) positions, using the first one!
utility_to_osm - WARNING - ssr:stedsnr = 735394 has multiple (2) positions, using the first one!
utility_to_osm - WARNING - ssr:stedsnr = 735404 has multiple (3) positions, using the first one!
utility_to_osm - WARNING - ssr:stedsnr = 735783 has multiple (2) positions, using the first one!
utility_to_osm - WARNING - ssr:stedsnr = 735796 has multiple (3) positions, using the first one!
utility_to_osm - WARNING - ssr:stedsnr = 737869 has multiple (3) positions, using the first one!
utility_to_osm - WARNING - ssr:stedsnr = 796207 has multiple (2) positions, using the first one!
utility_to_osm - WARNING - ssr:stedsnr = 796215 has multiple (3) positions, using the first one!
utility_to_osm - WARNING - ssr:stedsnr = 796216 has multiple (3) positions, using the first one!
utility_to_osm - WARNING - ssr:stedsnr = 796319 has multiple (3) positions, using the first one!
utility_to_osm - WARNING - ssr:stedsnr = 797766 has multiple (2) positions, using the first one!
utility_to_osm - WARNING - ssr:stedsnr = 798105 has multiple (3) positions, using the first one!
utility_to_osm - WARNING - ssr:stedsnr = 798115 has multiple (3) positions, using the first one!
utility_to_osm - WARNING - ssr:stedsnr = 917156 has multiple (2) positions, using the first one!
utility_to_osm - ERROR - ssr:stedsnr = 917171: Adding multiple names to name tag, this is not OK! name = "Marenplassen;Tun"
utility_to_osm - WARNING - ssr:stedsnr = 917171 has multiple (2) positions, using the first one!
utility_to_osm - WARNING - ssr:stedsnr = 917194 has multiple (2) positions, using the first one!
utility_to_osm - WARNING - ssr:stedsnr = 917198 has multiple (2) positions, using the first one!
utility_to_osm - WARNING - ssr:stedsnr = 917286 has multiple (4) positions, using the first one!
utility_to_osm - WARNING - ssr:stedsnr = 917367 has multiple (3) positions, using the first one!
utility_to_osm - WARNING - ssr:stedsnr = 917369 has multiple (3) positions, using the first one!
utility_to_osm - WARNING - ssr:stedsnr = 917348 has multiple (2) positions, using the first one!
utility_to_osm - WARNING - ssr:stedsnr = 917837 has multiple (2) positions, using the first one!
utility_to_osm - WARNING - ssr:stedsnr = 917853 has multiple (3) positions, using the first one!
utility_to_osm - WARNING - ssr:stedsnr = 917792 has multiple (2) positions, using the first one!
utility_to_osm - WARNING - ssr:stedsnr = 917798 has multiple (2) positions, using the first one!
utility_to_osm - ERROR - ssr:stedsnr = 919625: Adding multiple names to name tag, this is not OK! name = "Flisa;Reina"
utility_to_osm - WARNING - ssr:stedsnr = 919625 has multiple (4) positions, using the first one!
utility_to_osm - WARNING - ssr:stedsnr = 830652 has multiple (2) positions, using the first one!
utility_to_osm - WARNING - ssr:stedsnr = 843337 has multiple (2) positions, using the first one!
utility_to_osm - WARNING - ssr:stedsnr = 856139 has multiple (2) positions, using the first one!
utility_to_osm - WARNING - ssr:stedsnr = 856100 has multiple (15) positions, using the first one!
utility_to_osm - WARNING - ssr:stedsnr = 856211 has multiple (2) positions, using the first one!
utility_to_osm - WARNING - ssr:stedsnr = 856793 has multiple (2) positions, using the first one!
utility_to_osm - WARNING - ssr:stedsnr = 856795 has multiple (2) positions, using the first one!
utility_to_osm - WARNING - ssr:stedsnr = 856796 has multiple (2) positions, using the first one!
utility_to_osm - WARNING - ssr:stedsnr = 856804 has multiple (3) positions, using the first one!
utility_to_osm - WARNING - ssr:stedsnr = 856808 has multiple (2) positions, using the first one!
utility_to_osm - WARNING - ssr:stedsnr = 857410 has multiple (4) positions, using the first one!
utility_to_osm - WARNING - ssr:stedsnr = 857412 has multiple (3) positions, using the first one!
utility_to_osm - WARNING - ssr:stedsnr = 857413 has multiple (3) positions, using the first one!
utility_to_osm - WARNING - ssr:stedsnr = 857414 has multiple (3) positions, using the first one!
utility_to_osm - WARNING - ssr:stedsnr = 857872 has multiple (2) positions, using the first one!
utility_to_osm - WARNING - ssr:stedsnr = 858871 has multiple (3) positions, using the first one!
utility_to_osm - WARNING - ssr:stedsnr = 858874 has multiple (2) positions, using the first one!
utility_to_osm - WARNING - ssr:stedsnr = 858876 has multiple (2) positions, using the first one!
utility_to_osm - WARNING - ssr:stedsnr = 858791 has multiple (2) positions, using the first one!
utility_to_osm - WARNING - ssr:stedsnr = 859077 has multiple (4) positions, using the first one!
utility_to_osm - WARNING - ssr:stedsnr = 859365 has multiple (2) positions, using the first one!
utility_to_osm - WARNING - ssr:stedsnr = 917077 has multiple (3) positions, using the first one!
utility_to_osm - WARNING - ssr:stedsnr = 917128 has multiple (2) positions, using the first one!
utility_to_osm - WARNING - ssr:stedsnr = 917769 has multiple (2) positions, using the first one!
utility_to_osm - WARNING - ssr:stedsnr = 917777 has multiple (2) positions, using the first one!
utility_to_osm - WARNING - ssr:stedsnr = 917807 has multiple (2) positions, using the first one!
utility_to_osm - WARNING - ssr:stedsnr = 917818 has multiple (2) positions, using the first one!
utility_to_osm - WARNING - ssr:stedsnr = 917831 has multiple (2) positions, using the first one!
utility_to_osm - WARNING - ssr:stedsnr = 917855 has multiple (2) positions, using the first one!
utility_to_osm - WARNING - ssr:stedsnr = 917856 has multiple (2) positions, using the first one!
utility_to_osm - WARNING - ssr:stedsnr = 917871 has multiple (3) positions, using the first one!
utility_to_osm - WARNING - ssr:stedsnr = 920120 has multiple (3) positions, using the first one!
utility_to_osm - WARNING - ssr:stedsnr = 920097 has multiple (3) positions, using the first one!
utility_to_osm - WARNING - ssr:stedsnr = 949235 has multiple (2) positions, using the first one!
utility_to_osm - WARNING - ssr:stedsnr = 956257 has multiple (2) positions, using the first one!
utility_to_osm - WARNING - ssr:stedsnr = 6209 has multiple (2) positions, using the first one!
utility_to_osm - WARNING - ssr:stedsnr = 6214 has multiple (2) positions, using the first one!
utility_to_osm - WARNING - ssr:stedsnr = 7131 has multiple (2) positions, using the first one!
utility_to_osm - WARNING - ssr:stedsnr = 7867 has multiple (2) positions, using the first one!
utility_to_osm - WARNING - ssr:stedsnr = 7237 has multiple (2) positions, using the first one!
utility_to_osm - WARNING - ssr:stedsnr = 7339 has multiple (3) positions, using the first one!
utility_to_osm - WARNING - ssr:stedsnr = 7396 has multiple (3) positions, using the first one!
utility_to_osm - WARNING - ssr:stedsnr = 7398 has multiple (4) positions, using the first one!
utility_to_osm - WARNING - ssr:stedsnr = 7768 has multiple (2) positions, using the first one!
utility_to_osm - WARNING - ssr:stedsnr = 7777 has multiple (2) positions, using the first one!
utility_to_osm - WARNING - ssr:stedsnr = 7792 has multiple (2) positions, using the first one!
utility_to_osm - WARNING - ssr:stedsnr = 9764 has multiple (2) positions, using the first one!
utility_to_osm - WARNING - ssr:stedsnr = 9860 has multiple (2) positions, using the first one!
utility_to_osm - WARNING - ssr:stedsnr = 67227 has multiple (2) positions, using the first one!
utility_to_osm - WARNING - ssr:stedsnr = 67234 has multiple (2) positions, using the first one!
utility_to_osm - WARNING - ssr:stedsnr = 67779 has multiple (3) positions, using the first one!
utility_to_osm - WARNING - ssr:stedsnr = 68423 has multiple (4) positions, using the first one!
utility_to_osm - WARNING - ssr:stedsnr = 68076 has multiple (2) positions, using the first one!
utility_to_osm - WARNING - ssr:stedsnr = 68332 has multiple (3) positions, using the first one!
utility_to_osm - WARNING - ssr:stedsnr = 68151 has multiple (2) positions, using the first one!
utility_to_osm - WARNING - ssr:stedsnr = 68247 has multiple (2) positions, using the first one!
utility_to_osm - WARNING - ssr:stedsnr = 68251 has multiple (2) positions, using the first one!
utility_to_osm - WARNING - ssr:stedsnr = 69776 has multiple (2) positions, using the first one!
utility_to_osm - WARNING - ssr:stedsnr = 69871 has multiple (3) positions, using the first one!
utility_to_osm - WARNING - ssr:stedsnr = 69873 has multiple (2) positions, using the first one!
utility_to_osm - WARNING - ssr:stedsnr = 69875 has multiple (2) positions, using the first one!
utility_to_osm - WARNING - ssr:stedsnr = 69876 has multiple (2) positions, using the first one!
utility_to_osm - WARNING - ssr:stedsnr = 70346 has multiple (3) positions, using the first one!
utility_to_osm - WARNING - ssr:stedsnr = 70357 has multiple (3) positions, using the first one!
utility_to_osm - WARNING - ssr:stedsnr = 102560 has multiple (2) positions, using the first one!
utility_to_osm - ERROR - ssr:stedsnr = 128060: Adding multiple names to name tag, this is not OK! name = "Haugslii;Haugsstøl"
utility_to_osm - WARNING - ssr:stedsnr = 128078 has multiple (3) positions, using the first one!
utility_to_osm - WARNING - ssr:stedsnr = 128117 has multiple (2) positions, using the first one!
utility_to_osm - WARNING - ssr:stedsnr = 128217 has multiple (2) positions, using the first one!
utility_to_osm - WARNING - ssr:stedsnr = 128174 has multiple (4) positions, using the first one!
utility_to_osm - WARNING - ssr:stedsnr = 128353 has multiple (3) positions, using the first one!
utility_to_osm - WARNING - ssr:stedsnr = 128365 has multiple (2) positions, using the first one!
utility_to_osm - WARNING - ssr:stedsnr = 128866 has multiple (3) positions, using the first one!
utility_to_osm - WARNING - ssr:stedsnr = 128868 has multiple (3) positions, using the first one!
utility_to_osm - WARNING - ssr:stedsnr = 128759 has multiple (2) positions, using the first one!
utility_to_osm - WARNING - ssr:stedsnr = 128774 has multiple (2) positions, using the first one!
utility_to_osm - WARNING - ssr:stedsnr = 128831 has multiple (2) positions, using the first one!
utility_to_osm - WARNING - ssr:stedsnr = 130737 has multiple (2) positions, using the first one!
utility_to_osm - WARNING - ssr:stedsnr = 147475 has multiple (3) positions, using the first one!
utility_to_osm - WARNING - ssr:stedsnr = 172525 has multiple (2) positions, using the first one!
utility_to_osm - WARNING - ssr:stedsnr = 188230 has multiple (3) positions, using the first one!
utility_to_osm - WARNING - ssr:stedsnr = 189198 has multiple (3) positions, using the first one!
utility_to_osm - WARNING - ssr:stedsnr = 189203 has multiple (3) positions, using the first one!
utility_to_osm - WARNING - ssr:stedsnr = 189106 has multiple (3) positions, using the first one!
utility_to_osm - WARNING - ssr:stedsnr = 189294 has multiple (2) positions, using the first one!
utility_to_osm - WARNING - ssr:stedsnr = 189351 has multiple (3) positions, using the first one!
utility_to_osm - WARNING - ssr:stedsnr = 189800 has multiple (3) positions, using the first one!
utility_to_osm - WARNING - ssr:stedsnr = 189761 has multiple (2) positions, using the first one!
utility_to_osm - WARNING - ssr:stedsnr = 191086 has multiple (3) positions, using the first one!
utility_to_osm - WARNING - ssr:stedsnr = 223586 has multiple (2) positions, using the first one!
utility_to_osm - WARNING - ssr:stedsnr = 310118 has multiple (2) positions, using the first one!
utility_to_osm - WARNING - ssr:stedsnr = 310120 has multiple (2) positions, using the first one!
utility_to_osm - WARNING - ssr:stedsnr = 310171 has multiple (2) positions, using the first one!
utility_to_osm - WARNING - ssr:stedsnr = 310367 has multiple (3) positions, using the first one!
utility_to_osm - WARNING - ssr:stedsnr = 310838 has multiple (2) positions, using the first one!
utility_to_osm - WARNING - ssr:stedsnr = 312839 has multiple (3) positions, using the first one!
utility_to_osm - WARNING - ssr:stedsnr = 313119 has multiple (4) positions, using the first one!
utility_to_osm - WARNING - ssr:stedsnr = 344071 has multiple (2) positions, using the first one!
utility_to_osm - WARNING - ssr:stedsnr = 344674 has multiple (2) positions, using the first one!
utility_to_osm - WARNING - ssr:stedsnr = 357337 has multiple (2) positions, using the first one!
utility_to_osm - WARNING - ssr:stedsnr = 357966 has multiple (2) positions, using the first one!
utility_to_osm - WARNING - ssr:stedsnr = 370217 has multiple (2) positions, using the first one!
utility_to_osm - WARNING - ssr:stedsnr = 371138 has multiple (2) positions, using the first one!
utility_to_osm - WARNING - ssr:stedsnr = 371149 has multiple (2) positions, using the first one!
utility_to_osm - WARNING - ssr:stedsnr = 371233 has multiple (3) positions, using the first one!
utility_to_osm - WARNING - ssr:stedsnr = 370846 has multiple (2) positions, using the first one!
utility_to_osm - WARNING - ssr:stedsnr = 370848 has multiple (2) positions, using the first one!
utility_to_osm - ERROR - ssr:stedsnr = 370849: Adding multiple names to name tag, this is not OK! name = "Midislette;Sørmo"
utility_to_osm - WARNING - ssr:stedsnr = 371193 has multiple (2) positions, using the first one!
utility_to_osm - WARNING - ssr:stedsnr = 371393 has multiple (2) positions, using the first one!
utility_to_osm - WARNING - ssr:stedsnr = 371399: No priority spelling found for lang = no, using alt_name to get "[('no', 'Helehovda')]"
utility_to_osm - WARNING - ssr:stedsnr = 371783 has multiple (3) positions, using the first one!
utility_to_osm - WARNING - ssr:stedsnr = 371793 has multiple (2) positions, using the first one!
utility_to_osm - WARNING - ssr:stedsnr = 371851 has multiple (2) positions, using the first one!
utility_to_osm - WARNING - ssr:stedsnr = 371853 has multiple (2) positions, using the first one!
utility_to_osm - WARNING - ssr:stedsnr = 372873 has multiple (3) positions, using the first one!
utility_to_osm - WARNING - ssr:stedsnr = 372884 has multiple (2) positions, using the first one!
utility_to_osm - WARNING - ssr:stedsnr = 373430 has multiple (3) positions, using the first one!
utility_to_osm - WARNING - ssr:stedsnr = 373373 has multiple (3) positions, using the first one!
utility_to_osm - WARNING - ssr:stedsnr = 431857 has multiple (3) positions, using the first one!
utility_to_osm - WARNING - ssr:stedsnr = 432029 has multiple (2) positions, using the first one!
utility_to_osm - WARNING - ssr:stedsnr = 432033 has multiple (7) positions, using the first one!
utility_to_osm - WARNING - ssr:stedsnr = 432128 has multiple (2) positions, using the first one!
utility_to_osm - WARNING - ssr:stedsnr = 432057 has multiple (7) positions, using the first one!
utility_to_osm - WARNING - ssr:stedsnr = 432155 has multiple (2) positions, using the first one!
utility_to_osm - WARNING - ssr:stedsnr = 432400 has multiple (3) positions, using the first one!
utility_to_osm - WARNING - ssr:stedsnr = 432353 has multiple (5) positions, using the first one!
utility_to_osm - WARNING - ssr:stedsnr = 432760 has multiple (2) positions, using the first one!
utility_to_osm - WARNING - ssr:stedsnr = 432864 has multiple (2) positions, using the first one!
utility_to_osm - WARNING - ssr:stedsnr = 433866 has multiple (2) positions, using the first one!
utility_to_osm - WARNING - ssr:stedsnr = 433873 has multiple (3) positions, using the first one!
utility_to_osm - WARNING - ssr:stedsnr = 433878 has multiple (2) positions, using the first one!
utility_to_osm - WARNING - ssr:stedsnr = 434355 has multiple (3) positions, using the first one!
utility_to_osm - WARNING - ssr:stedsnr = 553127 has multiple (2) positions, using the first one!
utility_to_osm - WARNING - ssr:stedsnr = 553166 has multiple (2) positions, using the first one!
utility_to_osm - WARNING - ssr:stedsnr = 553300 has multiple (3) positions, using the first one!
utility_to_osm - WARNING - ssr:stedsnr = 553370 has multiple (3) positions, using the first one!
utility_to_osm - ERROR - ssr:stedsnr = 585223. No positions found, skipping
utility_to_osm - WARNING - ssr:stedsnr = 613150 has multiple (3) positions, using the first one!
utility_to_osm - WARNING - ssr:stedsnr = 613154 has multiple (2) positions, using the first one!
utility_to_osm - WARNING - ssr:stedsnr = 613189 has multiple (2) positions, using the first one!
utility_to_osm - WARNING - ssr:stedsnr = 613195 has multiple (2) positions, using the first one!
utility_to_osm - WARNING - ssr:stedsnr = 613241 has multiple (3) positions, using the first one!
utility_to_osm - WARNING - ssr:stedsnr = 613389 has multiple (3) positions, using the first one!
utility_to_osm - WARNING - ssr:stedsnr = 613397 has multiple (3) positions, using the first one!
utility_to_osm - WARNING - ssr:stedsnr = 615383 has multiple (3) positions, using the first one!
utility_to_osm - WARNING - ssr:stedsnr = 616061 has multiple (4) positions, using the first one!
utility_to_osm - WARNING - ssr:stedsnr = 721775 has multiple (2) positions, using the first one!
utility_to_osm - WARNING - ssr:stedsnr = 728159 has multiple (2) positions, using the first one!
utility_to_osm - WARNING - ssr:stedsnr = 735361 has multiple (3) positions, using the first one!
utility_to_osm - WARNING - ssr:stedsnr = 735026 has multiple (2) positions, using the first one!
utility_to_osm - WARNING - ssr:stedsnr = 735132 has multiple (2) positions, using the first one!
utility_to_osm - WARNING - ssr:stedsnr = 735134 has multiple (2) positions, using the first one!
utility_to_osm - WARNING - ssr:stedsnr = 735152 has multiple (2) positions, using the first one!
utility_to_osm - WARNING - ssr:stedsnr = 735375 has multiple (5) positions, using the first one!
utility_to_osm - ERROR - ssr:stedsnr = 735770: Adding multiple names to name tag, this is not OK! name = "Bråten;Prøven"
utility_to_osm - WARNING - ssr:stedsnr = 735770 has multiple (2) positions, using the first one!
utility_to_osm - ERROR - ssr:stedsnr = 737050: Adding multiple names to name tag, this is not OK! name = "Revshalåni;Nørdre Bjørnhovdåni"
utility_to_osm - WARNING - ssr:stedsnr = 737050 has multiple (5) positions, using the first one!
utility_to_osm - WARNING - ssr:stedsnr = 737754 has multiple (2) positions, using the first one!
utility_to_osm - ERROR - ssr:stedsnr = 774248. No positions found, skipping
utility_to_osm - WARNING - ssr:stedsnr = 797779 has multiple (4) positions, using the first one!
utility_to_osm - WARNING - ssr:stedsnr = 797790: No priority spelling found for lang = no, using alt_name to get "[('no', 'Oksleåne')]"
utility_to_osm - WARNING - ssr:stedsnr = 797790 has multiple (5) positions, using the first one!
utility_to_osm - WARNING - ssr:stedsnr = 797866 has multiple (2) positions, using the first one!
utility_to_osm - WARNING - ssr:stedsnr = 795828 has multiple (2) positions, using the first one!
utility_to_osm - WARNING - ssr:stedsnr = 796137 has multiple (2) positions, using the first one!
utility_to_osm - WARNING - ssr:stedsnr = 796141 has multiple (2) positions, using the first one!
utility_to_osm - WARNING - ssr:stedsnr = 796142 has multiple (3) positions, using the first one!
utility_to_osm - WARNING - ssr:stedsnr = 796143 has multiple (2) positions, using the first one!
utility_to_osm - WARNING - ssr:stedsnr = 795131 has multiple (2) positions, using the first one!
utility_to_osm - WARNING - ssr:stedsnr = 795426 has multiple (3) positions, using the first one!
utility_to_osm - WARNING - ssr:stedsnr = 796886 has multiple (3) positions, using the first one!
utility_to_osm - WARNING - ssr:stedsnr = 796389 has multiple (5) positions, using the first one!
utility_to_osm - WARNING - ssr:stedsnr = 798372 has multiple (4) positions, using the first one!
utility_to_osm - WARNING - ssr:stedsnr = 828356 has multiple (2) positions, using the first one!
utility_to_osm - WARNING - ssr:stedsnr = 856219 has multiple (2) positions, using the first one!
utility_to_osm - WARNING - ssr:stedsnr = 856406 has multiple (3) positions, using the first one!
utility_to_osm - WARNING - ssr:stedsnr = 856414 has multiple (2) positions, using the first one!
utility_to_osm - WARNING - ssr:stedsnr = 856844 has multiple (2) positions, using the first one!
utility_to_osm - WARNING - ssr:stedsnr = 856865 has multiple (2) positions, using the first one!
utility_to_osm - WARNING - ssr:stedsnr = 857156 has multiple (2) positions, using the first one!
utility_to_osm - WARNING - ssr:stedsnr = 857196 has multiple (2) positions, using the first one!
utility_to_osm - WARNING - ssr:stedsnr = 857447 has multiple (4) positions, using the first one!
utility_to_osm - WARNING - ssr:stedsnr = 859093 has multiple (3) positions, using the first one!
utility_to_osm - WARNING - ssr:stedsnr = 964213 has multiple (2) positions, using the first one!
utility_to_osm - WARNING - ssr:stedsnr = 968249 has multiple (2) positions, using the first one!
utility_to_osm - WARNING - ssr:stedsnr = 1016057: No priority spelling found for lang = no, using alt_name to get "[('no', 'Vasetbakkadn')]"
utility_to_osm - ERROR - ssr:stedsnr = 1016057. No positions found, skipping
utility_to_osm - WARNING - ssr:stedsnr = 1016061: No priority spelling found for lang = no, using alt_name to get "[('no', 'Vasetfjellvegen')]"
utility_to_osm - ERROR - ssr:stedsnr = 1016061. No positions found, skipping
utility_to_osm - WARNING - ssr:stedsnr = 1016065: No priority spelling found for lang = no, using alt_name to get "[('no', 'Køtastølvegen')]"
utility_to_osm - ERROR - ssr:stedsnr = 1016065. No positions found, skipping
utility_to_osm - WARNING - ssr:stedsnr = 1016068: No priority spelling found for lang = no, using alt_name to get "[('no', 'Utsiktsvegen')]"
utility_to_osm - ERROR - ssr:stedsnr = 1016068. No positions found, skipping
utility_to_osm - WARNING - ssr:stedsnr = 1016073: No priority spelling found for lang = no, using alt_name to get "[('no', 'Ålfjellvegen')]"
utility_to_osm - ERROR - ssr:stedsnr = 1016073. No positions found, skipping
utility_to_osm - WARNING - ssr:stedsnr = 1016077: No priority spelling found for lang = no, using alt_name to get "[('no', 'Pjåtastølvegen')]"
utility_to_osm - ERROR - ssr:stedsnr = 1016077. No positions found, skipping
utility_to_osm - WARNING - ssr:stedsnr = 1016083: No priority spelling found for lang = no, using alt_name to get "[('no', 'Soltjednvegen')]"
utility_to_osm - ERROR - ssr:stedsnr = 1016083. No positions found, skipping
utility_to_osm - WARNING - ssr:stedsnr = 1016137: No priority spelling found for lang = no, using alt_name to get "[('no', 'Brakastølvegen')]"
utility_to_osm - ERROR - ssr:stedsnr = 1016137. No positions found, skipping
utility_to_osm - WARNING - ssr:stedsnr = 1015657: No priority spelling found for lang = no, using alt_name to get "[('no', 'Øvre Plassen')]"
utility_to_osm - ERROR - ssr:stedsnr = 1015657. No positions found, skipping
utility_to_osm - WARNING - ssr:stedsnr = 1015662: No priority spelling found for lang = no, using alt_name to get "[('no', 'Tunvegen')]"
utility_to_osm - ERROR - ssr:stedsnr = 1015662. No positions found, skipping
utility_to_osm - WARNING - ssr:stedsnr = 1015686: No priority spelling found for lang = no, using alt_name to get "[('no', 'Sjukeheimvegen')]"
utility_to_osm - ERROR - ssr:stedsnr = 1015686. No positions found, skipping
utility_to_osm - WARNING - ssr:stedsnr = 1015689: No priority spelling found for lang = no, using alt_name to get "[('no', 'Gamle Slidrevegen')]"
utility_to_osm - ERROR - ssr:stedsnr = 1015689. No positions found, skipping
utility_to_osm - WARNING - ssr:stedsnr = 1015693: No priority spelling found for lang = no, using alt_name to get "[('no', 'Brøtavegen')]"
utility_to_osm - ERROR - ssr:stedsnr = 1015693. No positions found, skipping
utility_to_osm - WARNING - ssr:stedsnr = 1015698: No priority spelling found for lang = no, using alt_name to get "[('no', 'Viovegen')]"
utility_to_osm - ERROR - ssr:stedsnr = 1015698. No positions found, skipping
utility_to_osm - WARNING - ssr:stedsnr = 1015702: No priority spelling found for lang = no, using alt_name to get "[('no', 'Timbervegen')]"
utility_to_osm - ERROR - ssr:stedsnr = 1015702. No positions found, skipping
utility_to_osm - WARNING - ssr:stedsnr = 1015706: No priority spelling found for lang = no, using alt_name to get "[('no', 'Skøravegen')]"
utility_to_osm - ERROR - ssr:stedsnr = 1015706. No positions found, skipping
utility_to_osm - WARNING - ssr:stedsnr = 1015710: No priority spelling found for lang = no, using alt_name to get "[('no', 'Slidrestølvegen')]"
utility_to_osm - ERROR - ssr:stedsnr = 1015710. No positions found, skipping
utility_to_osm - WARNING - ssr:stedsnr = 1015716: No priority spelling found for lang = no, using alt_name to get "[('no', 'Sponvegen')]"
utility_to_osm - ERROR - ssr:stedsnr = 1015716. No positions found, skipping
utility_to_osm - WARNING - ssr:stedsnr = 1015721: No priority spelling found for lang = no, using alt_name to get "[('no', 'Vøllavegen')]"
utility_to_osm - ERROR - ssr:stedsnr = 1015721. No positions found, skipping
utility_to_osm - WARNING - ssr:stedsnr = 1015725: No priority spelling found for lang = no, using alt_name to get "[('no', 'Rogndokkvegen')]"
utility_to_osm - ERROR - ssr:stedsnr = 1015725. No positions found, skipping
utility_to_osm - WARNING - ssr:stedsnr = 1015730: No priority spelling found for lang = no, using alt_name to get "[('no', 'Plassavegen')]"
utility_to_osm - ERROR - ssr:stedsnr = 1015730. No positions found, skipping
utility_to_osm - WARNING - ssr:stedsnr = 1015665: No priority spelling found for lang = no, using alt_name to get "[('no', 'Einangsundet')]"
utility_to_osm - ERROR - ssr:stedsnr = 1015665. No positions found, skipping
utility_to_osm - WARNING - ssr:stedsnr = 1015669: No priority spelling found for lang = no, using alt_name to get "[('no', 'Ringavegen')]"
utility_to_osm - ERROR - ssr:stedsnr = 1015669. No positions found, skipping
utility_to_osm - WARNING - ssr:stedsnr = 1015673: No priority spelling found for lang = no, using alt_name to get "[('no', 'Elgfaret')]"
utility_to_osm - ERROR - ssr:stedsnr = 1015673. No positions found, skipping
utility_to_osm - WARNING - ssr:stedsnr = 1015678: No priority spelling found for lang = no, using alt_name to get "[('no', 'Kjeldelie')]"
utility_to_osm - ERROR - ssr:stedsnr = 1015678. No positions found, skipping
utility_to_osm - WARNING - ssr:stedsnr = 1015682: No priority spelling found for lang = no, using alt_name to get "[('no', 'Tvengisbakken')]"
utility_to_osm - ERROR - ssr:stedsnr = 1015682. No positions found, skipping
utility_to_osm - WARNING - ssr:stedsnr = 1015736: No priority spelling found for lang = no, using alt_name to get "[('no', 'Bergsengvegen')]"
utility_to_osm - ERROR - ssr:stedsnr = 1015736. No positions found, skipping
utility_to_osm - WARNING - ssr:stedsnr = 1015739: No priority spelling found for lang = no, using alt_name to get "[('no', 'Bygdinvegen')]"
utility_to_osm - ERROR - ssr:stedsnr = 1015739. No positions found, skipping
utility_to_osm - WARNING - ssr:stedsnr = 1015744: No priority spelling found for lang = no, using alt_name to get "[('no', 'Rebnesvegen')]"
utility_to_osm - ERROR - ssr:stedsnr = 1015744. No positions found, skipping
utility_to_osm - WARNING - ssr:stedsnr = 1015749: No priority spelling found for lang = no, using alt_name to get "[('no', 'Rønsvegen')]"
utility_to_osm - ERROR - ssr:stedsnr = 1015749. No positions found, skipping
utility_to_osm - WARNING - ssr:stedsnr = 1015754: No priority spelling found for lang = no, using alt_name to get "[('no', 'Slidrevegen')]"
utility_to_osm - ERROR - ssr:stedsnr = 1015754. No positions found, skipping
utility_to_osm - WARNING - ssr:stedsnr = 1015760: No priority spelling found for lang = no, using alt_name to get "[('no', 'Oldrumvegen')]"
utility_to_osm - ERROR - ssr:stedsnr = 1015760. No positions found, skipping
utility_to_osm - WARNING - ssr:stedsnr = 1015773: No priority spelling found for lang = no, using alt_name to get "[('no', 'Hagabekkvegen')]"
utility_to_osm - ERROR - ssr:stedsnr = 1015773. No positions found, skipping
utility_to_osm - WARNING - ssr:stedsnr = 1015779: No priority spelling found for lang = no, using alt_name to get "[('no', 'Tyinvegen')]"
utility_to_osm - ERROR - ssr:stedsnr = 1015779. No positions found, skipping
utility_to_osm - WARNING - ssr:stedsnr = 1016088: No priority spelling found for lang = no, using alt_name to get "[('no', 'Svingastølvegen')]"
utility_to_osm - ERROR - ssr:stedsnr = 1016088. No positions found, skipping
utility_to_osm - WARNING - ssr:stedsnr = 1016093: No priority spelling found for lang = no, using alt_name to get "[('no', 'Ulvissvingen')]"
utility_to_osm - ERROR - ssr:stedsnr = 1016093. No positions found, skipping
utility_to_osm - WARNING - ssr:stedsnr = 1016096: No priority spelling found for lang = no, using alt_name to get "[('no', 'Ulsetvegen')]"
utility_to_osm - ERROR - ssr:stedsnr = 1016096. No positions found, skipping
utility_to_osm - WARNING - ssr:stedsnr = 1016101: No priority spelling found for lang = no, using alt_name to get "[('no', 'Pålsetvegen')]"
utility_to_osm - ERROR - ssr:stedsnr = 1016101. No positions found, skipping
utility_to_osm - WARNING - ssr:stedsnr = 1016105: No priority spelling found for lang = no, using alt_name to get "[('no', 'Ødishøgde')]"
utility_to_osm - ERROR - ssr:stedsnr = 1016105. No positions found, skipping
utility_to_osm - WARNING - ssr:stedsnr = 1016109: No priority spelling found for lang = no, using alt_name to get "[('no', 'Haraldsetvegen')]"
utility_to_osm - ERROR - ssr:stedsnr = 1016109. No positions found, skipping
utility_to_osm - WARNING - ssr:stedsnr = 1016113: No priority spelling found for lang = no, using alt_name to get "[('no', 'Ulsetbekken')]"
utility_to_osm - ERROR - ssr:stedsnr = 1016113. No positions found, skipping
utility_to_osm - WARNING - ssr:stedsnr = 1016118: No priority spelling found for lang = no, using alt_name to get "[('no', 'Øyestølsvegen')]"
utility_to_osm - ERROR - ssr:stedsnr = 1016118. No positions found, skipping
utility_to_osm - WARNING - ssr:stedsnr = 1016122: No priority spelling found for lang = no, using alt_name to get "[('no', 'Semelengvegen')]"
utility_to_osm - ERROR - ssr:stedsnr = 1016122. No positions found, skipping
utility_to_osm - WARNING - ssr:stedsnr = 1016126: No priority spelling found for lang = no, using alt_name to get "[('no', 'Øvre Høysetvegen')]"
utility_to_osm - ERROR - ssr:stedsnr = 1016126. No positions found, skipping
utility_to_osm - WARNING - ssr:stedsnr = 1016130: No priority spelling found for lang = no, using alt_name to get "[('no', 'Nedre Høyset')]"
utility_to_osm - ERROR - ssr:stedsnr = 1016130. No positions found, skipping
utility_to_osm - WARNING - ssr:stedsnr = 1017287: No priority spelling found for lang = no, using alt_name to get "[('no', 'Svultavegen')]"
utility_to_osm - ERROR - ssr:stedsnr = 1017287. No positions found, skipping
utility_to_osm - WARNING - ssr:stedsnr = 1017292: No priority spelling found for lang = no, using alt_name to get "[('no', 'Bøastølvegen')]"
utility_to_osm - ERROR - ssr:stedsnr = 1017292. No positions found, skipping
utility_to_osm - WARNING - ssr:stedsnr = 1017303: No priority spelling found for lang = no, using alt_name to get "[('no', 'Baklivegen')]"
utility_to_osm - ERROR - ssr:stedsnr = 1017303. No positions found, skipping
utility_to_osm - WARNING - ssr:stedsnr = 1017311: No priority spelling found for lang = no, using alt_name to get "[('no', 'Kvitehaugvegen')]"
utility_to_osm - ERROR - ssr:stedsnr = 1017311. No positions found, skipping
utility_to_osm - WARNING - ssr:stedsnr = 1017317: No priority spelling found for lang = no, using alt_name to get "[('no', 'Revulvegen')]"
utility_to_osm - ERROR - ssr:stedsnr = 1017317. No positions found, skipping
utility_to_osm - WARNING - ssr:stedsnr = 1016133: No priority spelling found for lang = no, using alt_name to get "[('no', 'Nye Øyevegen')]"
utility_to_osm - ERROR - ssr:stedsnr = 1016133. No positions found, skipping
utility_to_osm - WARNING - ssr:stedsnr = 1016186: No priority spelling found for lang = no, using alt_name to get "[('no', 'Løtagoto')]"
utility_to_osm - ERROR - ssr:stedsnr = 1016186. No positions found, skipping
utility_to_osm - WARNING - ssr:stedsnr = 1016192: No priority spelling found for lang = no, using alt_name to get "[('no', 'Bakselin')]"
utility_to_osm - ERROR - ssr:stedsnr = 1016192. No positions found, skipping
utility_to_osm - WARNING - ssr:stedsnr = 1016197: No priority spelling found for lang = no, using alt_name to get "[('no', 'Braddestigen')]"
utility_to_osm - ERROR - ssr:stedsnr = 1016197. No positions found, skipping
utility_to_osm - WARNING - ssr:stedsnr = 1016202: No priority spelling found for lang = no, using alt_name to get "[('no', 'Karistigen')]"
utility_to_osm - ERROR - ssr:stedsnr = 1016202. No positions found, skipping
utility_to_osm - WARNING - ssr:stedsnr = 1016204: No priority spelling found for lang = no, using alt_name to get "[('no', 'Gamle Mosvegen')]"
utility_to_osm - ERROR - ssr:stedsnr = 1016204. No positions found, skipping
utility_to_osm - WARNING - ssr:stedsnr = 1016208: No priority spelling found for lang = no, using alt_name to get "[('no', 'Mosgoto')]"
utility_to_osm - ERROR - ssr:stedsnr = 1016208. No positions found, skipping
utility_to_osm - WARNING - ssr:stedsnr = 1016212: No priority spelling found for lang = no, using alt_name to get "[('no', 'Hagastigen')]"
utility_to_osm - WARNING - ssr:stedsnr = 1016216: No priority spelling found for lang = no, using alt_name to get "[('no', 'Skråbakkin')]"
utility_to_osm - ERROR - ssr:stedsnr = 1016216. No positions found, skipping
utility_to_osm - WARNING - ssr:stedsnr = 1016221: No priority spelling found for lang = no, using alt_name to get "[('no', 'Gamlestølvegen')]"
utility_to_osm - ERROR - ssr:stedsnr = 1016221. No positions found, skipping
utility_to_osm - WARNING - ssr:stedsnr = 1016223: No priority spelling found for lang = no, using alt_name to get "[('no', 'Tjednstølvegen')]"
utility_to_osm - ERROR - ssr:stedsnr = 1016223. No positions found, skipping
utility_to_osm - WARNING - ssr:stedsnr = 1016225: No priority spelling found for lang = no, using alt_name to get "[('no', 'Åsheimslina')]"
utility_to_osm - ERROR - ssr:stedsnr = 1016225. No positions found, skipping
utility_to_osm - WARNING - ssr:stedsnr = 1016229: No priority spelling found for lang = no, using alt_name to get "[('no', 'Preststølvegen')]"
utility_to_osm - ERROR - ssr:stedsnr = 1016229. No positions found, skipping
utility_to_osm - WARNING - ssr:stedsnr = 1016233: No priority spelling found for lang = no, using alt_name to get "[('no', 'Briskehaugen')]"
utility_to_osm - WARNING - ssr:stedsnr = 1016287: No priority spelling found for lang = no, using alt_name to get "[('no', 'Fiskeløysvegen')]"
utility_to_osm - ERROR - ssr:stedsnr = 1016287. No positions found, skipping
utility_to_osm - WARNING - ssr:stedsnr = 1016293: No priority spelling found for lang = no, using alt_name to get "[('no', 'Gamle Preststølvegen')]"
utility_to_osm - ERROR - ssr:stedsnr = 1016293. No positions found, skipping
utility_to_osm - WARNING - ssr:stedsnr = 1016301: No priority spelling found for lang = no, using alt_name to get "[('no', 'Fjellbandvegen')]"
utility_to_osm - ERROR - ssr:stedsnr = 1016301. No positions found, skipping
utility_to_osm - WARNING - ssr:stedsnr = 1016314: No priority spelling found for lang = no, using alt_name to get "[('no', 'Bjørkehaugen')]"
utility_to_osm - ERROR - ssr:stedsnr = 1016314. No positions found, skipping
utility_to_osm - WARNING - ssr:stedsnr = 1016320: No priority spelling found for lang = no, using alt_name to get "[('no', 'Liastølvegen')]"
utility_to_osm - ERROR - ssr:stedsnr = 1016320. No positions found, skipping
utility_to_osm - WARNING - ssr:stedsnr = 1016324: No priority spelling found for lang = no, using alt_name to get "[('no', 'Synsvegen')]"
utility_to_osm - ERROR - ssr:stedsnr = 1016324. No positions found, skipping
utility_to_osm - WARNING - ssr:stedsnr = 1016332: No priority spelling found for lang = no, using alt_name to get "[('no', 'Gråsetvegen')]"
utility_to_osm - ERROR - ssr:stedsnr = 1016332. No positions found, skipping
utility_to_osm - WARNING - ssr:stedsnr = 1016439: No priority spelling found for lang = no, using alt_name to get "[('no', 'Høymisvegen')]"
utility_to_osm - ERROR - ssr:stedsnr = 1016439. No positions found, skipping
utility_to_osm - WARNING - ssr:stedsnr = 1016142: No priority spelling found for lang = no, using alt_name to get "[('no', 'Øvre Høyset')]"
utility_to_osm - ERROR - ssr:stedsnr = 1016142. No positions found, skipping
utility_to_osm - WARNING - ssr:stedsnr = 1016146: No priority spelling found for lang = no, using alt_name to get "[('no', 'Høllavegen')]"
utility_to_osm - ERROR - ssr:stedsnr = 1016146. No positions found, skipping
utility_to_osm - WARNING - ssr:stedsnr = 1016149: No priority spelling found for lang = no, using alt_name to get "[('no', 'Mørkavegen')]"
utility_to_osm - ERROR - ssr:stedsnr = 1016149. No positions found, skipping
utility_to_osm - WARNING - ssr:stedsnr = 1016152: No priority spelling found for lang = no, using alt_name to get "[('no', 'Sisselsetvegen')]"
utility_to_osm - ERROR - ssr:stedsnr = 1016152. No positions found, skipping
utility_to_osm - WARNING - ssr:stedsnr = 1016156: No priority spelling found for lang = no, using alt_name to get "[('no', 'Jensevegen')]"
utility_to_osm - ERROR - ssr:stedsnr = 1016156. No positions found, skipping
utility_to_osm - WARNING - ssr:stedsnr = 1016160: No priority spelling found for lang = no, using alt_name to get "[('no', 'Harevegen')]"
utility_to_osm - ERROR - ssr:stedsnr = 1016160. No positions found, skipping
utility_to_osm - WARNING - ssr:stedsnr = 1016165: No priority spelling found for lang = no, using alt_name to get "[('no', 'Bakkesvingen')]"
utility_to_osm - ERROR - ssr:stedsnr = 1016165. No positions found, skipping
utility_to_osm - WARNING - ssr:stedsnr = 1016168: No priority spelling found for lang = no, using alt_name to get "[('no', 'Landsrudvegen')]"
utility_to_osm - ERROR - ssr:stedsnr = 1016168. No positions found, skipping
utility_to_osm - WARNING - ssr:stedsnr = 1016172: No priority spelling found for lang = no, using alt_name to get "[('no', 'Knippesethøgde')]"
utility_to_osm - ERROR - ssr:stedsnr = 1016172. No positions found, skipping
utility_to_osm - WARNING - ssr:stedsnr = 1016178: No priority spelling found for lang = no, using alt_name to get "[('no', 'Skrøvikvegen')]"
utility_to_osm - ERROR - ssr:stedsnr = 1016178. No positions found, skipping
utility_to_osm - WARNING - ssr:stedsnr = 1016181: No priority spelling found for lang = no, using alt_name to get "[('no', 'Dalbøvegen')]"
utility_to_osm - ERROR - ssr:stedsnr = 1016181. No positions found, skipping
utility_to_osm - WARNING - ssr:stedsnr = 1016242: No priority spelling found for lang = no, using alt_name to get "[('no', 'Vikavegen')]"
utility_to_osm - ERROR - ssr:stedsnr = 1016242. No positions found, skipping
utility_to_osm - WARNING - ssr:stedsnr = 1016248: No priority spelling found for lang = no, using alt_name to get "[('no', 'Lehøvdbakkin')]"
utility_to_osm - ERROR - ssr:stedsnr = 1016248. No positions found, skipping
utility_to_osm - WARNING - ssr:stedsnr = 1016255: No priority spelling found for lang = no, using alt_name to get "[('no', 'Lehøvdlivegen')]"
utility_to_osm - ERROR - ssr:stedsnr = 1016255. No positions found, skipping
utility_to_osm - WARNING - ssr:stedsnr = 1016260: No priority spelling found for lang = no, using alt_name to get "[('no', 'Engvegen')]"
utility_to_osm - ERROR - ssr:stedsnr = 1016260. No positions found, skipping
utility_to_osm - WARNING - ssr:stedsnr = 1016264: No priority spelling found for lang = no, using alt_name to get "[('no', 'Langehaugvegen')]"
utility_to_osm - ERROR - ssr:stedsnr = 1016264. No positions found, skipping
utility_to_osm - WARNING - ssr:stedsnr = 1016268: No priority spelling found for lang = no, using alt_name to get "[('no', 'Utsiktsbakkin')]"
utility_to_osm - ERROR - ssr:stedsnr = 1016268. No positions found, skipping
utility_to_osm - WARNING - ssr:stedsnr = 1016273: No priority spelling found for lang = no, using alt_name to get "[('no', 'Nedre Vikvegen')]"
utility_to_osm - ERROR - ssr:stedsnr = 1016273. No positions found, skipping
utility_to_osm - WARNING - ssr:stedsnr = 1016278: No priority spelling found for lang = no, using alt_name to get "[('no', 'Haugsvegen')]"
utility_to_osm - ERROR - ssr:stedsnr = 1016278. No positions found, skipping
utility_to_osm - WARNING - ssr:stedsnr = 1016283: No priority spelling found for lang = no, using alt_name to get "[('no', 'Fjellstølvegen')]"
utility_to_osm - ERROR - ssr:stedsnr = 1016283. No positions found, skipping
utility_to_osm - WARNING - ssr:stedsnr = 1016373: No priority spelling found for lang = no, using alt_name to get "[('no', 'Køta')]"
utility_to_osm - ERROR - ssr:stedsnr = 1016373. No positions found, skipping
utility_to_osm - WARNING - ssr:stedsnr = 1016377: No priority spelling found for lang = no, using alt_name to get "[('no', 'Høyset')]"
utility_to_osm - ERROR - ssr:stedsnr = 1016377. No positions found, skipping
utility_to_osm - WARNING - ssr:stedsnr = 1016399: No priority spelling found for lang = no, using alt_name to get "[('no', 'Vasetlia grendehytter')]"
utility_to_osm - WARNING - ssr:stedsnr = 1016408: No priority spelling found for lang = no, using alt_name to get "[('no', 'Geiteskallin')]"
utility_to_osm - ERROR - ssr:stedsnr = 1016408. No positions found, skipping
utility_to_osm - WARNING - ssr:stedsnr = 1016418: No priority spelling found for lang = no, using alt_name to get "[('no', 'Øvre Ristestølvegen')]"
utility_to_osm - WARNING - ssr:stedsnr = 1016421: No priority spelling found for lang = no, using alt_name to get "[('no', 'Huldervegen')]"
utility_to_osm - ERROR - ssr:stedsnr = 1016421. No positions found, skipping
utility_to_osm - WARNING - ssr:stedsnr = 1016425: No priority spelling found for lang = no, using alt_name to get "[('no', 'Prøvastølvegen')]"
utility_to_osm - ERROR - ssr:stedsnr = 1016425. No positions found, skipping
utility_to_osm - WARNING - ssr:stedsnr = 1016430: No priority spelling found for lang = no, using alt_name to get "[('no', 'Flyinvegen')]"
utility_to_osm - ERROR - ssr:stedsnr = 1016430. No positions found, skipping
utility_to_osm - WARNING - ssr:stedsnr = 1016434: No priority spelling found for lang = no, using alt_name to get "[('no', 'Slettebergvegen')]"
utility_to_osm - ERROR - ssr:stedsnr = 1016434. No positions found, skipping
utility_to_osm - WARNING - ssr:stedsnr = 1016489: No priority spelling found for lang = no, using alt_name to get "[('no', 'Stubben')]"
utility_to_osm - ERROR - ssr:stedsnr = 1016489. No positions found, skipping
utility_to_osm - WARNING - ssr:stedsnr = 1016494: No priority spelling found for lang = no, using alt_name to get "[('no', 'Jarstadstølvegen')]"
utility_to_osm - ERROR - ssr:stedsnr = 1016494. No positions found, skipping
utility_to_osm - WARNING - ssr:stedsnr = 1016499: No priority spelling found for lang = no, using alt_name to get "[('no', 'Grønsennvegen')]"
utility_to_osm - ERROR - ssr:stedsnr = 1016499. No positions found, skipping
utility_to_osm - WARNING - ssr:stedsnr = 1016444: No priority spelling found for lang = no, using alt_name to get "[('no', 'Gamle Flyinvegen')]"
utility_to_osm - ERROR - ssr:stedsnr = 1016444. No positions found, skipping
utility_to_osm - WARNING - ssr:stedsnr = 1016447: No priority spelling found for lang = no, using alt_name to get "[('no', 'Heilovegen')]"
utility_to_osm - ERROR - ssr:stedsnr = 1016447. No positions found, skipping
utility_to_osm - WARNING - ssr:stedsnr = 1016452: No priority spelling found for lang = no, using alt_name to get "[('no', 'Rislie')]"
utility_to_osm - ERROR - ssr:stedsnr = 1016452. No positions found, skipping
utility_to_osm - WARNING - ssr:stedsnr = 1016457: No priority spelling found for lang = no, using alt_name to get "[('no', 'Øvre Nøse')]"
utility_to_osm - ERROR - ssr:stedsnr = 1016457. No positions found, skipping
utility_to_osm - WARNING - ssr:stedsnr = 1016461: No priority spelling found for lang = no, using alt_name to get "[('no', 'Nøsasvingen')]"
utility_to_osm - ERROR - ssr:stedsnr = 1016461. No positions found, skipping
utility_to_osm - WARNING - ssr:stedsnr = 1016465: No priority spelling found for lang = no, using alt_name to get "[('no', 'Lykkjestølvegen')]"
utility_to_osm - ERROR - ssr:stedsnr = 1016465. No positions found, skipping
utility_to_osm - WARNING - ssr:stedsnr = 1016470: No priority spelling found for lang = no, using alt_name to get "[('no', 'Fauskehaugen')]"
utility_to_osm - ERROR - ssr:stedsnr = 1016470. No positions found, skipping
utility_to_osm - WARNING - ssr:stedsnr = 1016474: No priority spelling found for lang = no, using alt_name to get "[('no', 'Ørnestigen')]"
utility_to_osm - ERROR - ssr:stedsnr = 1016474. No positions found, skipping
utility_to_osm - WARNING - ssr:stedsnr = 1016479: No priority spelling found for lang = no, using alt_name to get "[('no', 'Rupevegen')]"
utility_to_osm - ERROR - ssr:stedsnr = 1016479. No positions found, skipping
utility_to_osm - WARNING - ssr:stedsnr = 1016483: No priority spelling found for lang = no, using alt_name to get "[('no', 'Lomtjednvegen')]"
utility_to_osm - ERROR - ssr:stedsnr = 1016483. No positions found, skipping
utility_to_osm - WARNING - ssr:stedsnr = 1016537: No priority spelling found for lang = no, using alt_name to get "[('no', 'Gamlevegen')]"
utility_to_osm - ERROR - ssr:stedsnr = 1016537. No positions found, skipping
utility_to_osm - WARNING - ssr:stedsnr = 1016542: No priority spelling found for lang = no, using alt_name to get "[('no', 'Hallestøllie')]"
utility_to_osm - ERROR - ssr:stedsnr = 1016542. No positions found, skipping
utility_to_osm - WARNING - ssr:stedsnr = 1016549: No priority spelling found for lang = no, using alt_name to get "[('no', 'Tubbelie')]"
utility_to_osm - ERROR - ssr:stedsnr = 1016549. No positions found, skipping
utility_to_osm - WARNING - ssr:stedsnr = 1016555: No priority spelling found for lang = no, using alt_name to get "[('no', 'Vasetlivegen')]"
utility_to_osm - ERROR - ssr:stedsnr = 1016555. No positions found, skipping
utility_to_osm - WARNING - ssr:stedsnr = 1016558: No priority spelling found for lang = no, using alt_name to get "[('no', 'Tytebærstigen')]"
utility_to_osm - ERROR - ssr:stedsnr = 1016558. No positions found, skipping
utility_to_osm - WARNING - ssr:stedsnr = 1016561: No priority spelling found for lang = no, using alt_name to get "[('no', 'Elvebakkin')]"
utility_to_osm - ERROR - ssr:stedsnr = 1016561. No positions found, skipping
utility_to_osm - WARNING - ssr:stedsnr = 1016565: No priority spelling found for lang = no, using alt_name to get "[('no', 'Sandhaugvegen')]"
utility_to_osm - ERROR - ssr:stedsnr = 1016565. No positions found, skipping
utility_to_osm - WARNING - ssr:stedsnr = 1016570: No priority spelling found for lang = no, using alt_name to get "[('no', 'Båtånlie')]"
utility_to_osm - ERROR - ssr:stedsnr = 1016570. No positions found, skipping
utility_to_osm - WARNING - ssr:stedsnr = 1016574: No priority spelling found for lang = no, using alt_name to get "[('no', 'Tildheimstubben')]"
utility_to_osm - ERROR - ssr:stedsnr = 1016574. No positions found, skipping
utility_to_osm - WARNING - ssr:stedsnr = 1016584: No priority spelling found for lang = no, using alt_name to get "[('no', 'Kallhaugvegen')]"
utility_to_osm - ERROR - ssr:stedsnr = 1016584. No positions found, skipping
utility_to_osm - WARNING - ssr:stedsnr = 1016637: No priority spelling found for lang = no, using alt_name to get "[('no', 'Raudalsvegen')]"
utility_to_osm - ERROR - ssr:stedsnr = 1016637. No positions found, skipping
utility_to_osm - WARNING - ssr:stedsnr = 1016643: No priority spelling found for lang = no, using alt_name to get "[('no', 'Lomislivegen')]"
utility_to_osm - ERROR - ssr:stedsnr = 1016643. No positions found, skipping
utility_to_osm - WARNING - ssr:stedsnr = 1016504: No priority spelling found for lang = no, using alt_name to get "[('no', 'Stubbesetmyre')]"
utility_to_osm - ERROR - ssr:stedsnr = 1016504. No positions found, skipping
utility_to_osm - WARNING - ssr:stedsnr = 1016508: No priority spelling found for lang = no, using alt_name to get "[('no', 'Stubbesetlie')]"
utility_to_osm - ERROR - ssr:stedsnr = 1016508. No positions found, skipping
utility_to_osm - WARNING - ssr:stedsnr = 1016513: No priority spelling found for lang = no, using alt_name to get "[('no', 'Stubbesethøgde')]"
utility_to_osm - ERROR - ssr:stedsnr = 1016513. No positions found, skipping
utility_to_osm - WARNING - ssr:stedsnr = 1016518: No priority spelling found for lang = no, using alt_name to get "[('no', 'Stubbesetkroken')]"
utility_to_osm - ERROR - ssr:stedsnr = 1016518. No positions found, skipping
utility_to_osm - WARNING - ssr:stedsnr = 1016524: No priority spelling found for lang = no, using alt_name to get "[('no', 'Saubekkvegen')]"
utility_to_osm - ERROR - ssr:stedsnr = 1016524. No positions found, skipping
utility_to_osm - WARNING - ssr:stedsnr = 1016528: No priority spelling found for lang = no, using alt_name to get "[('no', 'Jødnvegen')]"
utility_to_osm - ERROR - ssr:stedsnr = 1016528. No positions found, skipping
utility_to_osm - WARNING - ssr:stedsnr = 1016532: No priority spelling found for lang = no, using alt_name to get "[('no', 'Stubbesetflata')]"
utility_to_osm - ERROR - ssr:stedsnr = 1016532. No positions found, skipping
utility_to_osm - WARNING - ssr:stedsnr = 1016587: No priority spelling found for lang = no, using alt_name to get "[('no', 'Vesleånvegen')]"
utility_to_osm - ERROR - ssr:stedsnr = 1016587. No positions found, skipping
utility_to_osm - WARNING - ssr:stedsnr = 1016590: No priority spelling found for lang = no, using alt_name to get "[('no', 'Tildheimvegen')]"
utility_to_osm - ERROR - ssr:stedsnr = 1016590. No positions found, skipping
utility_to_osm - WARNING - ssr:stedsnr = 1016593: No priority spelling found for lang = no, using alt_name to get "[('no', 'Båtånvegen')]"
utility_to_osm - ERROR - ssr:stedsnr = 1016593. No positions found, skipping
utility_to_osm - WARNING - ssr:stedsnr = 1016597: No priority spelling found for lang = no, using alt_name to get "[('no', 'Jaslangvegen')]"
utility_to_osm - ERROR - ssr:stedsnr = 1016597. No positions found, skipping
utility_to_osm - WARNING - ssr:stedsnr = 1016602: No priority spelling found for lang = no, using alt_name to get "[('no', 'Bjødnhøvdvegen')]"
utility_to_osm - ERROR - ssr:stedsnr = 1016602. No positions found, skipping
utility_to_osm - WARNING - ssr:stedsnr = 1016608: No priority spelling found for lang = no, using alt_name to get "[('no', 'Kinnhøltvegen')]"
utility_to_osm - ERROR - ssr:stedsnr = 1016608. No positions found, skipping
utility_to_osm - WARNING - ssr:stedsnr = 1016614: No priority spelling found for lang = no, using alt_name to get "[('no', 'Grunkevegen')]"
utility_to_osm - ERROR - ssr:stedsnr = 1016614. No positions found, skipping
utility_to_osm - WARNING - ssr:stedsnr = 1016619: No priority spelling found for lang = no, using alt_name to get "[('no', 'Kviissyndin')]"
utility_to_osm - ERROR - ssr:stedsnr = 1016619. No positions found, skipping
utility_to_osm - WARNING - ssr:stedsnr = 1016624: No priority spelling found for lang = no, using alt_name to get "[('no', 'Tisleivegen')]"
utility_to_osm - ERROR - ssr:stedsnr = 1016624. No positions found, skipping
utility_to_osm - WARNING - ssr:stedsnr = 1016631: No priority spelling found for lang = no, using alt_name to get "[('no', 'Reiesvegen')]"
utility_to_osm - ERROR - ssr:stedsnr = 1016631. No positions found, skipping
utility_to_osm - WARNING - ssr:stedsnr = 1016686: No priority spelling found for lang = no, using alt_name to get "[('no', 'Høvsvegen')]"
utility_to_osm - ERROR - ssr:stedsnr = 1016686. No positions found, skipping
utility_to_osm - WARNING - ssr:stedsnr = 1016692: No priority spelling found for lang = no, using alt_name to get "[('no', 'Grefsrudvegen')]"
utility_to_osm - ERROR - ssr:stedsnr = 1016692. No positions found, skipping
utility_to_osm - WARNING - ssr:stedsnr = 1016699: No priority spelling found for lang = no, using alt_name to get "[('no', 'Hagagoto')]"
utility_to_osm - ERROR - ssr:stedsnr = 1016699. No positions found, skipping
utility_to_osm - WARNING - ssr:stedsnr = 1016705: No priority spelling found for lang = no, using alt_name to get "[('no', 'Handevegen')]"
utility_to_osm - ERROR - ssr:stedsnr = 1016705. No positions found, skipping
utility_to_osm - WARNING - ssr:stedsnr = 1016648: No priority spelling found for lang = no, using alt_name to get "[('no', 'Knippesetvegen')]"
utility_to_osm - ERROR - ssr:stedsnr = 1016648. No positions found, skipping
utility_to_osm - WARNING - ssr:stedsnr = 1016653: No priority spelling found for lang = no, using alt_name to get "[('no', 'Valtjednvegen')]"
utility_to_osm - ERROR - ssr:stedsnr = 1016653. No positions found, skipping
utility_to_osm - WARNING - ssr:stedsnr = 1016660: No priority spelling found for lang = no, using alt_name to get "[('no', 'Krokånvegen')]"
utility_to_osm - ERROR - ssr:stedsnr = 1016660. No positions found, skipping
utility_to_osm - WARNING - ssr:stedsnr = 1016666: No priority spelling found for lang = no, using alt_name to get "[('no', 'Haugrudvegen')]"
utility_to_osm - ERROR - ssr:stedsnr = 1016666. No positions found, skipping
utility_to_osm - WARNING - ssr:stedsnr = 1016675: No priority spelling found for lang = no, using alt_name to get "[('no', 'Svarvarvegen')]"
utility_to_osm - ERROR - ssr:stedsnr = 1016675. No positions found, skipping
utility_to_osm - WARNING - ssr:stedsnr = 1016680: No priority spelling found for lang = no, using alt_name to get "[('no', 'Jordheimsvegen')]"
utility_to_osm - ERROR - ssr:stedsnr = 1016680. No positions found, skipping
utility_to_osm - WARNING - ssr:stedsnr = 1016736: No priority spelling found for lang = no, using alt_name to get "[('no', 'Nordabergsvegen')]"
utility_to_osm - ERROR - ssr:stedsnr = 1016736. No positions found, skipping
utility_to_osm - WARNING - ssr:stedsnr = 1016742: No priority spelling found for lang = no, using alt_name to get "[('no', 'Industrivegen')]"
utility_to_osm - ERROR - ssr:stedsnr = 1016742. No positions found, skipping
utility_to_osm - WARNING - ssr:stedsnr = 1016749: No priority spelling found for lang = no, using alt_name to get "[('no', 'Kvednavegen')]"
utility_to_osm - ERROR - ssr:stedsnr = 1016749. No positions found, skipping
utility_to_osm - WARNING - ssr:stedsnr = 1016756: No priority spelling found for lang = no, using alt_name to get "[('no', 'Gardvikvegen')]"
utility_to_osm - ERROR - ssr:stedsnr = 1016756. No positions found, skipping
utility_to_osm - WARNING - ssr:stedsnr = 1016761: No priority spelling found for lang = no, using alt_name to get "[('no', 'Steinsvegen')]"
utility_to_osm - ERROR - ssr:stedsnr = 1016761. No positions found, skipping
utility_to_osm - WARNING - ssr:stedsnr = 1016766: No priority spelling found for lang = no, using alt_name to get "[('no', 'Haugovegen')]"
utility_to_osm - ERROR - ssr:stedsnr = 1016766. No positions found, skipping
utility_to_osm - WARNING - ssr:stedsnr = 1016771: No priority spelling found for lang = no, using alt_name to get "[('no', 'Kvislavegen')]"
utility_to_osm - ERROR - ssr:stedsnr = 1016771. No positions found, skipping
utility_to_osm - WARNING - ssr:stedsnr = 1016776: No priority spelling found for lang = no, using alt_name to get "[('no', 'Trillebakkadn')]"
utility_to_osm - ERROR - ssr:stedsnr = 1016776. No positions found, skipping
utility_to_osm - WARNING - ssr:stedsnr = 1016781: No priority spelling found for lang = no, using alt_name to get "[('no', 'Åsheimsvegen')]"
utility_to_osm - ERROR - ssr:stedsnr = 1016781. No positions found, skipping
utility_to_osm - WARNING - ssr:stedsnr = 1016836: No priority spelling found for lang = no, using alt_name to get "[('no', 'Brekkudn')]"
utility_to_osm - ERROR - ssr:stedsnr = 1016836. No positions found, skipping
utility_to_osm - WARNING - ssr:stedsnr = 1016845: No priority spelling found for lang = no, using alt_name to get "[('no', 'Lina')]"
utility_to_osm - ERROR - ssr:stedsnr = 1016845. No positions found, skipping
utility_to_osm - WARNING - ssr:stedsnr = 1016849: No priority spelling found for lang = no, using alt_name to get "[('no', 'Lomisgoto')]"
utility_to_osm - ERROR - ssr:stedsnr = 1016849. No positions found, skipping
utility_to_osm - WARNING - ssr:stedsnr = 1016853: No priority spelling found for lang = no, using alt_name to get "[('no', 'Eggeåsvegen')]"
utility_to_osm - ERROR - ssr:stedsnr = 1016853. No positions found, skipping
utility_to_osm - WARNING - ssr:stedsnr = 1016709: No priority spelling found for lang = no, using alt_name to get "[('no', 'Øyjarvegen')]"
utility_to_osm - ERROR - ssr:stedsnr = 1016709. No positions found, skipping
utility_to_osm - WARNING - ssr:stedsnr = 1016714: No priority spelling found for lang = no, using alt_name to get "[('no', 'Strøsvegen')]"
utility_to_osm - ERROR - ssr:stedsnr = 1016714. No positions found, skipping
utility_to_osm - WARNING - ssr:stedsnr = 1016719: No priority spelling found for lang = no, using alt_name to get "[('no', 'Snortheimsvegen')]"
utility_to_osm - ERROR - ssr:stedsnr = 1016719. No positions found, skipping
utility_to_osm - WARNING - ssr:stedsnr = 1016724: No priority spelling found for lang = no, using alt_name to get "[('no', 'Lundeskogen')]"
utility_to_osm - ERROR - ssr:stedsnr = 1016724. No positions found, skipping
utility_to_osm - WARNING - ssr:stedsnr = 1016728: No priority spelling found for lang = no, using alt_name to get "[('no', 'Høymisskogen')]"
utility_to_osm - ERROR - ssr:stedsnr = 1016728. No positions found, skipping
utility_to_osm - WARNING - ssr:stedsnr = 1016786: No priority spelling found for lang = no, using alt_name to get "[('no', 'Johmsvegen')]"
utility_to_osm - ERROR - ssr:stedsnr = 1016786. No positions found, skipping
utility_to_osm - WARNING - ssr:stedsnr = 1016791: No priority spelling found for lang = no, using alt_name to get "[('no', 'Hansegardsvegen')]"
utility_to_osm - ERROR - ssr:stedsnr = 1016791. No positions found, skipping
utility_to_osm - WARNING - ssr:stedsnr = 1016797: No priority spelling found for lang = no, using alt_name to get "[('no', 'Nystølvegen')]"
utility_to_osm - ERROR - ssr:stedsnr = 1016797. No positions found, skipping
utility_to_osm - WARNING - ssr:stedsnr = 1016802: No priority spelling found for lang = no, using alt_name to get "[('no', 'Panoramavegen')]"
utility_to_osm - ERROR - ssr:stedsnr = 1016802. No positions found, skipping
utility_to_osm - WARNING - ssr:stedsnr = 1016808: No priority spelling found for lang = no, using alt_name to get "[('no', 'Murkelivegen')]"
utility_to_osm - ERROR - ssr:stedsnr = 1016808. No positions found, skipping
utility_to_osm - WARNING - ssr:stedsnr = 1016815: No priority spelling found for lang = no, using alt_name to get "[('no', 'Stubbesetvegen')]"
utility_to_osm - ERROR - ssr:stedsnr = 1016815. No positions found, skipping
utility_to_osm - WARNING - ssr:stedsnr = 1016820: No priority spelling found for lang = no, using alt_name to get "[('no', 'Vestsidevegen')]"
utility_to_osm - ERROR - ssr:stedsnr = 1016820. No positions found, skipping
utility_to_osm - WARNING - ssr:stedsnr = 1016826: No priority spelling found for lang = no, using alt_name to get "[('no', 'Dalsvegen')]"
utility_to_osm - ERROR - ssr:stedsnr = 1016826. No positions found, skipping
utility_to_osm - WARNING - ssr:stedsnr = 1016831: No priority spelling found for lang = no, using alt_name to get "[('no', 'Oppheimsvegen')]"
utility_to_osm - ERROR - ssr:stedsnr = 1016831. No positions found, skipping
utility_to_osm - WARNING - ssr:stedsnr = 1016887: No priority spelling found for lang = no, using alt_name to get "[('no', 'Fosheimvegen')]"
utility_to_osm - ERROR - ssr:stedsnr = 1016887. No positions found, skipping
utility_to_osm - WARNING - ssr:stedsnr = 1016892: No priority spelling found for lang = no, using alt_name to get "[('no', 'Pjåten')]"
utility_to_osm - ERROR - ssr:stedsnr = 1016892. No positions found, skipping
utility_to_osm - WARNING - ssr:stedsnr = 1016896: No priority spelling found for lang = no, using alt_name to get "[('no', 'Rubenvegen')]"
utility_to_osm - ERROR - ssr:stedsnr = 1016896. No positions found, skipping
utility_to_osm - WARNING - ssr:stedsnr = 1016900: No priority spelling found for lang = no, using alt_name to get "[('no', 'Ølkenvegen')]"
utility_to_osm - ERROR - ssr:stedsnr = 1016900. No positions found, skipping
utility_to_osm - WARNING - ssr:stedsnr = 1016904: No priority spelling found for lang = no, using alt_name to get "[('no', 'Kongevegen')]"
utility_to_osm - ERROR - ssr:stedsnr = 1016904. No positions found, skipping
utility_to_osm - WARNING - ssr:stedsnr = 1016908: No priority spelling found for lang = no, using alt_name to get "[('no', 'Vælavegen')]"
utility_to_osm - ERROR - ssr:stedsnr = 1016908. No positions found, skipping
utility_to_osm - WARNING - ssr:stedsnr = 1016913: No priority spelling found for lang = no, using alt_name to get "[('no', 'Furukollen')]"
utility_to_osm - ERROR - ssr:stedsnr = 1016913. No positions found, skipping
utility_to_osm - WARNING - ssr:stedsnr = 1016859: No priority spelling found for lang = no, using alt_name to get "[('no', 'Slettebakke')]"
utility_to_osm - ERROR - ssr:stedsnr = 1016859. No positions found, skipping
utility_to_osm - WARNING - ssr:stedsnr = 1016866: No priority spelling found for lang = no, using alt_name to get "[('no', 'Kvålsvegen')]"
utility_to_osm - ERROR - ssr:stedsnr = 1016866. No positions found, skipping
utility_to_osm - WARNING - ssr:stedsnr = 1016872: No priority spelling found for lang = no, using alt_name to get "[('no', 'Hjellevegen')]"
utility_to_osm - ERROR - ssr:stedsnr = 1016872. No positions found, skipping
utility_to_osm - WARNING - ssr:stedsnr = 1016877: No priority spelling found for lang = no, using alt_name to get "[('no', 'Ellestadvegen')]"
utility_to_osm - ERROR - ssr:stedsnr = 1016877. No positions found, skipping
utility_to_osm - WARNING - ssr:stedsnr = 1016883: No priority spelling found for lang = no, using alt_name to get "[('no', 'Ringestadvegen')]"
utility_to_osm - ERROR - ssr:stedsnr = 1016883. No positions found, skipping
utility_to_osm - WARNING - ssr:stedsnr = 1016941: No priority spelling found for lang = no, using alt_name to get "[('no', 'Heimstølvegen')]"
utility_to_osm - ERROR - ssr:stedsnr = 1016941. No positions found, skipping
utility_to_osm - WARNING - ssr:stedsnr = 1016948: No priority spelling found for lang = no, using alt_name to get "[('no', 'Liastølane')]"
utility_to_osm - ERROR - ssr:stedsnr = 1016948. No positions found, skipping
utility_to_osm - WARNING - ssr:stedsnr = 1016955: No priority spelling found for lang = no, using alt_name to get "[('no', 'Vidsynvegen')]"
utility_to_osm - ERROR - ssr:stedsnr = 1016955. No positions found, skipping
utility_to_osm - WARNING - ssr:stedsnr = 1016961: No priority spelling found for lang = no, using alt_name to get "[('no', 'Kårstadstølvegen')]"
utility_to_osm - ERROR - ssr:stedsnr = 1016961. No positions found, skipping
utility_to_osm - WARNING - ssr:stedsnr = 1016967: No priority spelling found for lang = no, using alt_name to get "[('no', 'Geitebergvegen')]"
utility_to_osm - ERROR - ssr:stedsnr = 1016967. No positions found, skipping
utility_to_osm - WARNING - ssr:stedsnr = 1016974: No priority spelling found for lang = no, using alt_name to get "[('no', 'Svarthamarvegen')]"
utility_to_osm - ERROR - ssr:stedsnr = 1016974. No positions found, skipping
utility_to_osm - WARNING - ssr:stedsnr = 1016980: No priority spelling found for lang = no, using alt_name to get "[('no', 'Hølteåsvegen')]"
utility_to_osm - ERROR - ssr:stedsnr = 1016980. No positions found, skipping
utility_to_osm - WARNING - ssr:stedsnr = 1016985: No priority spelling found for lang = no, using alt_name to get "[('no', 'Gudbrandstølvegen')]"
utility_to_osm - ERROR - ssr:stedsnr = 1016985. No positions found, skipping
utility_to_osm - WARNING - ssr:stedsnr = 1017041: No priority spelling found for lang = no, using alt_name to get "[('no', 'Bekkefaret')]"
utility_to_osm - ERROR - ssr:stedsnr = 1017041. No positions found, skipping
utility_to_osm - WARNING - ssr:stedsnr = 1017049: No priority spelling found for lang = no, using alt_name to get "[('no', 'Heimhaugvegen')]"
utility_to_osm - ERROR - ssr:stedsnr = 1017049. No positions found, skipping
utility_to_osm - WARNING - ssr:stedsnr = 1017057: No priority spelling found for lang = no, using alt_name to get "[('no', 'Bakkelie')]"
utility_to_osm - ERROR - ssr:stedsnr = 1017057. No positions found, skipping
utility_to_osm - WARNING - ssr:stedsnr = 1017063: No priority spelling found for lang = no, using alt_name to get "[('no', 'Sleddevegen')]"
utility_to_osm - ERROR - ssr:stedsnr = 1017063. No positions found, skipping
utility_to_osm - WARNING - ssr:stedsnr = 1016917: No priority spelling found for lang = no, using alt_name to get "[('no', 'Blindvegen')]"
utility_to_osm - ERROR - ssr:stedsnr = 1016917. No positions found, skipping
utility_to_osm - WARNING - ssr:stedsnr = 1016921: No priority spelling found for lang = no, using alt_name to get "[('no', 'Kyrkjevegen')]"
utility_to_osm - ERROR - ssr:stedsnr = 1016921. No positions found, skipping
utility_to_osm - WARNING - ssr:stedsnr = 1016925: No priority spelling found for lang = no, using alt_name to get "[('no', 'Bergheimsvegen')]"
utility_to_osm - ERROR - ssr:stedsnr = 1016925. No positions found, skipping
utility_to_osm - WARNING - ssr:stedsnr = 1016929: No priority spelling found for lang = no, using alt_name to get "[('no', 'Reinavegen')]"
utility_to_osm - ERROR - ssr:stedsnr = 1016929. No positions found, skipping
utility_to_osm - WARNING - ssr:stedsnr = 1016933: No priority spelling found for lang = no, using alt_name to get "[('no', 'Rønebergvegen')]"
utility_to_osm - ERROR - ssr:stedsnr = 1016933. No positions found, skipping
utility_to_osm - WARNING - ssr:stedsnr = 1016993: No priority spelling found for lang = no, using alt_name to get "[('no', 'Djupedalsvegen')]"
utility_to_osm - ERROR - ssr:stedsnr = 1016993. No positions found, skipping
utility_to_osm - WARNING - ssr:stedsnr = 1016999: No priority spelling found for lang = no, using alt_name to get "[('no', 'Grønehallvegen')]"
utility_to_osm - ERROR - ssr:stedsnr = 1016999. No positions found, skipping
utility_to_osm - WARNING - ssr:stedsnr = 1017005: No priority spelling found for lang = no, using alt_name to get "[('no', 'Bjørkelivegen')]"
utility_to_osm - ERROR - ssr:stedsnr = 1017005. No positions found, skipping
utility_to_osm - WARNING - ssr:stedsnr = 1017013: No priority spelling found for lang = no, using alt_name to get "[('no', 'Øyråkervegen')]"
utility_to_osm - ERROR - ssr:stedsnr = 1017013. No positions found, skipping
utility_to_osm - WARNING - ssr:stedsnr = 1017020: No priority spelling found for lang = no, using alt_name to get "[('no', 'Rennefjellvegen')]"
utility_to_osm - ERROR - ssr:stedsnr = 1017020. No positions found, skipping
utility_to_osm - WARNING - ssr:stedsnr = 1017026: No priority spelling found for lang = no, using alt_name to get "[('no', 'Hemsenvegen')]"
utility_to_osm - ERROR - ssr:stedsnr = 1017026. No positions found, skipping
utility_to_osm - WARNING - ssr:stedsnr = 1017032: No priority spelling found for lang = no, using alt_name to get "[('no', 'Duratjednbakkin')]"
utility_to_osm - ERROR - ssr:stedsnr = 1017032. No positions found, skipping
utility_to_osm - WARNING - ssr:stedsnr = 1017087: No priority spelling found for lang = no, using alt_name to get "[('no', 'Nedre Ristestølvegen')]"
utility_to_osm - ERROR - ssr:stedsnr = 1017087. No positions found, skipping
utility_to_osm - WARNING - ssr:stedsnr = 1017093: No priority spelling found for lang = no, using alt_name to get "[('no', 'Stesvegen')]"
utility_to_osm - ERROR - ssr:stedsnr = 1017093. No positions found, skipping
utility_to_osm - WARNING - ssr:stedsnr = 1017099: No priority spelling found for lang = no, using alt_name to get "[('no', 'Kjeldeskogvegen')]"
utility_to_osm - ERROR - ssr:stedsnr = 1017099. No positions found, skipping
utility_to_osm - WARNING - ssr:stedsnr = 1017105: No priority spelling found for lang = no, using alt_name to get "[('no', 'Hagastølvegen')]"
utility_to_osm - ERROR - ssr:stedsnr = 1017105. No positions found, skipping
utility_to_osm - WARNING - ssr:stedsnr = 1017110: No priority spelling found for lang = no, using alt_name to get "[('no', 'Sandodden')]"
utility_to_osm - ERROR - ssr:stedsnr = 1017110. No positions found, skipping
utility_to_osm - WARNING - ssr:stedsnr = 1017114: No priority spelling found for lang = no, using alt_name to get "[('no', 'Syndisheim')]"
utility_to_osm - ERROR - ssr:stedsnr = 1017114. No positions found, skipping
utility_to_osm - WARNING - ssr:stedsnr = 1017122: No priority spelling found for lang = no, using alt_name to get "[('no', 'Neståkervegen')]"
utility_to_osm - ERROR - ssr:stedsnr = 1017122. No positions found, skipping
utility_to_osm - WARNING - ssr:stedsnr = 1017068: No priority spelling found for lang = no, using alt_name to get "[('no', 'Synhaugvegen')]"
utility_to_osm - ERROR - ssr:stedsnr = 1017068. No positions found, skipping
utility_to_osm - WARNING - ssr:stedsnr = 1017075: No priority spelling found for lang = no, using alt_name to get "[('no', 'Høvdestølvegen')]"
utility_to_osm - ERROR - ssr:stedsnr = 1017075. No positions found, skipping
utility_to_osm - WARNING - ssr:stedsnr = 1017081: No priority spelling found for lang = no, using alt_name to get "[('no', 'Gamlestølhaugen')]"
utility_to_osm - ERROR - ssr:stedsnr = 1017081. No positions found, skipping
utility_to_osm - WARNING - ssr:stedsnr = 1017138: No priority spelling found for lang = no, using alt_name to get "[('no', 'Losvegen')]"
utility_to_osm - ERROR - ssr:stedsnr = 1017138. No positions found, skipping
utility_to_osm - WARNING - ssr:stedsnr = 1017145: No priority spelling found for lang = no, using alt_name to get "[('no', 'Grytehaugstølen')]"
utility_to_osm - ERROR - ssr:stedsnr = 1017145. No positions found, skipping
utility_to_osm - WARNING - ssr:stedsnr = 1017151: No priority spelling found for lang = no, using alt_name to get "[('no', 'Pyttingvegen')]"
utility_to_osm - ERROR - ssr:stedsnr = 1017151. No positions found, skipping
utility_to_osm - WARNING - ssr:stedsnr = 1017156: No priority spelling found for lang = no, using alt_name to get "[('no', 'Øvre Høymisvegen')]"
utility_to_osm - ERROR - ssr:stedsnr = 1017156. No positions found, skipping
utility_to_osm - WARNING - ssr:stedsnr = 1017162: No priority spelling found for lang = no, using alt_name to get "[('no', 'Øvre Bakkelie')]"
utility_to_osm - ERROR - ssr:stedsnr = 1017162. No positions found, skipping
utility_to_osm - WARNING - ssr:stedsnr = 1017168: No priority spelling found for lang = no, using alt_name to get "[('no', 'Nørre Robølsvegen')]"
utility_to_osm - ERROR - ssr:stedsnr = 1017168. No positions found, skipping
utility_to_osm - WARNING - ssr:stedsnr = 1017174: No priority spelling found for lang = no, using alt_name to get "[('no', 'Myhrevegen')]"
utility_to_osm - ERROR - ssr:stedsnr = 1017174. No positions found, skipping
utility_to_osm - WARNING - ssr:stedsnr = 1017180: No priority spelling found for lang = no, using alt_name to get "[('no', 'Gullhaugvegen')]"
utility_to_osm - ERROR - ssr:stedsnr = 1017180. No positions found, skipping
utility_to_osm - WARNING - ssr:stedsnr = 1017185: No priority spelling found for lang = no, using alt_name to get "[('no', 'Sørre Robølsvegen')]"
utility_to_osm - ERROR - ssr:stedsnr = 1017185. No positions found, skipping
utility_to_osm - WARNING - ssr:stedsnr = 1017236: No priority spelling found for lang = no, using alt_name to get "[('no', 'Mosvegen')]"
utility_to_osm - ERROR - ssr:stedsnr = 1017236. No positions found, skipping
utility_to_osm - WARNING - ssr:stedsnr = 1017242: No priority spelling found for lang = no, using alt_name to get "[('no', 'Kvålsstølvegen')]"
utility_to_osm - ERROR - ssr:stedsnr = 1017242. No positions found, skipping
utility_to_osm - WARNING - ssr:stedsnr = 1017246: No priority spelling found for lang = no, using alt_name to get "[('no', 'Rønshagadn')]"
utility_to_osm - ERROR - ssr:stedsnr = 1017246. No positions found, skipping
utility_to_osm - WARNING - ssr:stedsnr = 1017253: No priority spelling found for lang = no, using alt_name to get "[('no', 'Øynevegen')]"
utility_to_osm - ERROR - ssr:stedsnr = 1017253. No positions found, skipping
utility_to_osm - WARNING - ssr:stedsnr = 1017259: No priority spelling found for lang = no, using alt_name to get "[('no', 'Gardvikstølvegen')]"
utility_to_osm - ERROR - ssr:stedsnr = 1017259. No positions found, skipping
utility_to_osm - WARNING - ssr:stedsnr = 1017265: No priority spelling found for lang = no, using alt_name to get "[('no', 'Haugstølvegen')]"
utility_to_osm - ERROR - ssr:stedsnr = 1017265. No positions found, skipping
utility_to_osm - WARNING - ssr:stedsnr = 1017270: No priority spelling found for lang = no, using alt_name to get "[('no', 'Veståsvegen')]"
utility_to_osm - ERROR - ssr:stedsnr = 1017270. No positions found, skipping
utility_to_osm - WARNING - ssr:stedsnr = 1017273: No priority spelling found for lang = no, using alt_name to get "[('no', 'Midtre Syndin')]"
utility_to_osm - ERROR - ssr:stedsnr = 1017273. No positions found, skipping
utility_to_osm - WARNING - ssr:stedsnr = 1017127: No priority spelling found for lang = no, using alt_name to get "[('no', 'Nedre Høymisvegen')]"
utility_to_osm - ERROR - ssr:stedsnr = 1017127. No positions found, skipping
utility_to_osm - WARNING - ssr:stedsnr = 1017132: No priority spelling found for lang = no, using alt_name to get "[('no', 'Øvre Ristevegen')]"
utility_to_osm - ERROR - ssr:stedsnr = 1017132. No positions found, skipping
utility_to_osm - WARNING - ssr:stedsnr = 1017191: No priority spelling found for lang = no, using alt_name to get "[('no', 'Ulvhildvegen')]"
utility_to_osm - ERROR - ssr:stedsnr = 1017191. No positions found, skipping
utility_to_osm - WARNING - ssr:stedsnr = 1017209: No priority spelling found for lang = no, using alt_name to get "[('no', 'Gamle Eggeåsvegen')]"
utility_to_osm - ERROR - ssr:stedsnr = 1017209. No positions found, skipping
utility_to_osm - WARNING - ssr:stedsnr = 1017213: No priority spelling found for lang = no, using alt_name to get "[('no', 'Bekkedalsvegen')]"
utility_to_osm - ERROR - ssr:stedsnr = 1017213. No positions found, skipping
utility_to_osm - WARNING - ssr:stedsnr = 1017219: No priority spelling found for lang = no, using alt_name to get "[('no', 'Hagabakken')]"
utility_to_osm - ERROR - ssr:stedsnr = 1017219. No positions found, skipping
utility_to_osm - WARNING - ssr:stedsnr = 1017233: No priority spelling found for lang = no, using alt_name to get "[('no', 'Ulvildsetvegen')]"
utility_to_osm - ERROR - ssr:stedsnr = 1017233. No positions found, skipping
utility_to_osm - WARNING - ssr:stedsnr = 1017278: No priority spelling found for lang = no, using alt_name to get "[('no', 'Lehøvdvegen')]"
utility_to_osm - ERROR - ssr:stedsnr = 1017278. No positions found, skipping
utility_to_osm - WARNING - ssr:stedsnr = 1017282: No priority spelling found for lang = no, using alt_name to get "[('no', 'Kjeslarånvegen')]"
utility_to_osm - ERROR - ssr:stedsnr = 1017282. No positions found, skipping
utility_to_osm - WARNING - ssr:stedsnr = 1072100: No priority spelling found for lang = no, using alt_name to get "[('no', 'Øystre Slidreåne naturreservat')]"
utility_to_osm - ERROR - ssr:stedsnr = 1077245. No positions found, skipping
