utility_to_osm - WARNING - ssr:stedsnr = 19048 has multiple (3) positions, using the first one!
utility_to_osm - WARNING - ssr:stedsnr = 19602 has multiple (3) positions, using the first one!
utility_to_osm - WARNING - ssr:stedsnr = 19594: No priority spelling found for lang = se, using alt_name to get "[('no', 'Breidalsfjellet'), ('se', 'Muvrarášša')]"
utility_to_osm - WARNING - ssr:stedsnr = 19594 has multiple (3) positions, using the first one!
utility_to_osm - WARNING - ssr:stedsnr = 19942 has multiple (3) positions, using the first one!
utility_to_osm - WARNING - ssr:stedsnr = 20003: No priority spelling found for lang = no, using alt_name to get "[('no', 'Kvalfjorddalen')]"
utility_to_osm - WARNING - ssr:stedsnr = 20003: No priority spelling found for lang = se, using alt_name to get "[('no', 'Kvalfjorddalen'), ('se', 'Bollovággi')]"
utility_to_osm - WARNING - ssr:stedsnr = 20003 has multiple (3) positions, using the first one!
utility_to_osm - WARNING - ssr:stedsnr = 20011: No priority spelling found for lang = se, using alt_name to get "[('no', 'Håja'), ('se', 'Jievju')]"
utility_to_osm - WARNING - ssr:stedsnr = 20011 has multiple (8) positions, using the first one!
utility_to_osm - WARNING - ssr:stedsnr = 20038 has multiple (2) positions, using the first one!
utility_to_osm - WARNING - ssr:stedsnr = 20088 has multiple (2) positions, using the first one!
utility_to_osm - WARNING - ssr:stedsnr = 20096 has multiple (2) positions, using the first one!
utility_to_osm - WARNING - ssr:stedsnr = 19987 has multiple (4) positions, using the first one!
utility_to_osm - WARNING - ssr:stedsnr = 19989 has multiple (4) positions, using the first one!
utility_to_osm - WARNING - ssr:stedsnr = 20139 has multiple (2) positions, using the first one!
utility_to_osm - WARNING - ssr:stedsnr = 20141 has multiple (2) positions, using the first one!
utility_to_osm - WARNING - ssr:stedsnr = 20147: No priority spelling found for lang = no, using alt_name to get "[('no', 'Mefjord')]"
utility_to_osm - WARNING - ssr:stedsnr = 20313 has multiple (3) positions, using the first one!
utility_to_osm - WARNING - ssr:stedsnr = 20261: No priority spelling found for lang = se, using alt_name to get "[('no', 'Hellefjord')]"
utility_to_osm - WARNING - ssr:stedsnr = 20393: No priority spelling found for lang = se, using alt_name to get "[('no', 'Vinna'), ('se', 'Stuora Skihččol')]"
utility_to_osm - WARNING - ssr:stedsnr = 20393 has multiple (5) positions, using the first one!
utility_to_osm - WARNING - ssr:stedsnr = 20397: No priority spelling found for lang = no, using alt_name to get "[('no', 'Krånki')]"
utility_to_osm - WARNING - ssr:stedsnr = 20437 has multiple (6) positions, using the first one!
utility_to_osm - WARNING - ssr:stedsnr = 20443: No priority spelling found for lang = no, using alt_name to get "[('no', 'Mebotn')]"
utility_to_osm - WARNING - ssr:stedsnr = 20443 has multiple (3) positions, using the first one!
utility_to_osm - WARNING - ssr:stedsnr = 20793 has multiple (3) positions, using the first one!
utility_to_osm - WARNING - ssr:stedsnr = 20798 has multiple (2) positions, using the first one!
utility_to_osm - WARNING - ssr:stedsnr = 20800 has multiple (3) positions, using the first one!
utility_to_osm - WARNING - ssr:stedsnr = 20842 has multiple (2) positions, using the first one!
utility_to_osm - WARNING - ssr:stedsnr = 20847: No priority spelling found for lang = no, using alt_name to get "[('no', 'Ollineset')]"
utility_to_osm - WARNING - ssr:stedsnr = 20999 has multiple (3) positions, using the first one!
utility_to_osm - WARNING - ssr:stedsnr = 21848: No priority spelling found for lang = se, using alt_name to get "[('no', 'Steinfjellet'), ('se', 'Nussir')]"
utility_to_osm - WARNING - ssr:stedsnr = 24886: No priority spelling found for lang = no, using alt_name to get "[('no', 'Torskefjordhøyden')]"
utility_to_osm - WARNING - ssr:stedsnr = 24886 has multiple (2) positions, using the first one!
utility_to_osm - WARNING - ssr:stedsnr = 24891: No priority spelling found for lang = no, using alt_name to get "[('no', 'Øvre Kvalfjordvannet')]"
utility_to_osm - WARNING - ssr:stedsnr = 24891: No priority spelling found for lang = se, using alt_name to get "[('no', 'Øvre Kvalfjordvannet'), ('se', 'Bajit Fállejávri')]"
utility_to_osm - WARNING - ssr:stedsnr = 24891 has multiple (2) positions, using the first one!
utility_to_osm - WARNING - ssr:stedsnr = 25809: No priority spelling found for lang = no, using alt_name to get "[('no', 'Skapeluftlandet')]"
utility_to_osm - WARNING - ssr:stedsnr = 28804: No priority spelling found for lang = se, using alt_name to get "[('no', 'Mollafjellet')]"
utility_to_osm - WARNING - ssr:stedsnr = 28804 has multiple (2) positions, using the first one!
utility_to_osm - WARNING - ssr:stedsnr = 31215 has multiple (2) positions, using the first one!
utility_to_osm - WARNING - ssr:stedsnr = 42591 has multiple (4) positions, using the first one!
utility_to_osm - WARNING - ssr:stedsnr = 56584 has multiple (2) positions, using the first one!
utility_to_osm - WARNING - ssr:stedsnr = 57019 has multiple (3) positions, using the first one!
utility_to_osm - WARNING - ssr:stedsnr = 60995: No priority spelling found for lang = no, using alt_name to get "[('no', 'Støvelhamna')]"
utility_to_osm - WARNING - ssr:stedsnr = 242912: No priority spelling found for lang = no, using alt_name to get "[('no', 'Mollstranda')]"
utility_to_osm - WARNING - ssr:stedsnr = 242992: No priority spelling found for lang = no, using alt_name to get "[('no', 'Sør-Tverrfjorden')]"
utility_to_osm - WARNING - ssr:stedsnr = 80105 has multiple (3) positions, using the first one!
utility_to_osm - WARNING - ssr:stedsnr = 80107 has multiple (3) positions, using the first one!
utility_to_osm - WARNING - ssr:stedsnr = 80123 has multiple (2) positions, using the first one!
utility_to_osm - WARNING - ssr:stedsnr = 80124 has multiple (2) positions, using the first one!
utility_to_osm - WARNING - ssr:stedsnr = 80098 has multiple (3) positions, using the first one!
utility_to_osm - WARNING - ssr:stedsnr = 80239 has multiple (3) positions, using the first one!
utility_to_osm - WARNING - ssr:stedsnr = 80241 has multiple (2) positions, using the first one!
utility_to_osm - WARNING - ssr:stedsnr = 80396 has multiple (4) positions, using the first one!
utility_to_osm - WARNING - ssr:stedsnr = 80642 has multiple (2) positions, using the first one!
utility_to_osm - WARNING - ssr:stedsnr = 80688 has multiple (3) positions, using the first one!
utility_to_osm - WARNING - ssr:stedsnr = 81006 has multiple (4) positions, using the first one!
utility_to_osm - WARNING - ssr:stedsnr = 81022: No priority spelling found for lang = se, using alt_name to get "[('no', 'Innerneset'), ('se', 'Miefnjárga')]"
utility_to_osm - WARNING - ssr:stedsnr = 81022 has multiple (3) positions, using the first one!
utility_to_osm - WARNING - ssr:stedsnr = 81035: No priority spelling found for lang = no, using alt_name to get "[('no', 'Tverrfjorden')]"
utility_to_osm - WARNING - ssr:stedsnr = 81035: No priority spelling found for lang = se, using alt_name to get "[('no', 'Tverrfjorden'), ('se', 'Doaresvuonna')]"
utility_to_osm - WARNING - ssr:stedsnr = 81035 has multiple (4) positions, using the first one!
utility_to_osm - WARNING - ssr:stedsnr = 81102 has multiple (2) positions, using the first one!
utility_to_osm - WARNING - ssr:stedsnr = 81104 has multiple (5) positions, using the first one!
utility_to_osm - WARNING - ssr:stedsnr = 81145 has multiple (3) positions, using the first one!
utility_to_osm - WARNING - ssr:stedsnr = 81190: No priority spelling found for lang = se, using alt_name to get "[('no', 'Revsbotn'), ('se', 'Jáhkovuonna')]"
utility_to_osm - WARNING - ssr:stedsnr = 81190 has multiple (19) positions, using the first one!
utility_to_osm - WARNING - ssr:stedsnr = 81194 has multiple (2) positions, using the first one!
utility_to_osm - WARNING - ssr:stedsnr = 81287 has multiple (2) positions, using the first one!
utility_to_osm - WARNING - ssr:stedsnr = 81289 has multiple (2) positions, using the first one!
utility_to_osm - WARNING - ssr:stedsnr = 81294 has multiple (4) positions, using the first one!
utility_to_osm - WARNING - ssr:stedsnr = 81296: No priority spelling found for lang = no, using alt_name to get "[('no', 'Fugleberget')]"
utility_to_osm - WARNING - ssr:stedsnr = 81436: No priority spelling found for lang = no, using alt_name to get "[('no', 'Lille Fagervika')]"
utility_to_osm - WARNING - ssr:stedsnr = 81436: No priority spelling found for lang = se, using alt_name to get "[('no', 'Lille Fagervika'), ('se', 'Unna-Fádderviikaš')]"
utility_to_osm - WARNING - ssr:stedsnr = 81436 has multiple (2) positions, using the first one!
utility_to_osm - WARNING - ssr:stedsnr = 81804 has multiple (2) positions, using the first one!
utility_to_osm - WARNING - ssr:stedsnr = 81820 has multiple (2) positions, using the first one!
utility_to_osm - WARNING - ssr:stedsnr = 81821 has multiple (3) positions, using the first one!
utility_to_osm - WARNING - ssr:stedsnr = 81840 has multiple (2) positions, using the first one!
utility_to_osm - WARNING - ssr:stedsnr = 81918 has multiple (2) positions, using the first one!
utility_to_osm - WARNING - ssr:stedsnr = 81933 has multiple (3) positions, using the first one!
utility_to_osm - WARNING - ssr:stedsnr = 81938 has multiple (2) positions, using the first one!
utility_to_osm - WARNING - ssr:stedsnr = 85886: No priority spelling found for lang = no, using alt_name to get "[('no', 'Krangelnes')]"
utility_to_osm - WARNING - ssr:stedsnr = 89890: No priority spelling found for lang = no, using alt_name to get "[('no', 'Hauankulpen'), ('no', 'Raudojormen')]"
utility_to_osm - WARNING - ssr:stedsnr = 89890: No priority spelling found for lang = se, using alt_name to get "[('no', 'Hauankulpen'), ('no', 'Raudojormen'), ('se', 'Rávdojorbmi')]"
utility_to_osm - ERROR - ssr:stedsnr = 89890: Adding multiple names to name tag, this is not OK! name = "Hauankulpen;Raudojormen"
utility_to_osm - WARNING - ssr:stedsnr = 91169 has multiple (2) positions, using the first one!
utility_to_osm - WARNING - ssr:stedsnr = 93364: No priority spelling found for lang = no, using alt_name to get "[('no', 'Kjøttvika')]"
utility_to_osm - WARNING - ssr:stedsnr = 93364 has multiple (2) positions, using the first one!
utility_to_osm - WARNING - ssr:stedsnr = 116708 has multiple (3) positions, using the first one!
utility_to_osm - WARNING - ssr:stedsnr = 140100 has multiple (2) positions, using the first one!
utility_to_osm - WARNING - ssr:stedsnr = 140686 has multiple (3) positions, using the first one!
utility_to_osm - WARNING - ssr:stedsnr = 141006 has multiple (2) positions, using the first one!
utility_to_osm - WARNING - ssr:stedsnr = 141042 has multiple (2) positions, using the first one!
utility_to_osm - WARNING - ssr:stedsnr = 141083 has multiple (2) positions, using the first one!
utility_to_osm - WARNING - ssr:stedsnr = 141084 has multiple (5) positions, using the first one!
utility_to_osm - WARNING - ssr:stedsnr = 141098: No priority spelling found for lang = no, using alt_name to get "[('no', 'Migan')]"
utility_to_osm - WARNING - ssr:stedsnr = 141098 has multiple (2) positions, using the first one!
utility_to_osm - WARNING - ssr:stedsnr = 141237 has multiple (2) positions, using the first one!
utility_to_osm - WARNING - ssr:stedsnr = 140988 has multiple (4) positions, using the first one!
utility_to_osm - WARNING - ssr:stedsnr = 140991 has multiple (3) positions, using the first one!
utility_to_osm - WARNING - ssr:stedsnr = 141106 has multiple (3) positions, using the first one!
utility_to_osm - WARNING - ssr:stedsnr = 141141 has multiple (3) positions, using the first one!
utility_to_osm - WARNING - ssr:stedsnr = 141303 has multiple (2) positions, using the first one!
utility_to_osm - WARNING - ssr:stedsnr = 141304 has multiple (2) positions, using the first one!
utility_to_osm - WARNING - ssr:stedsnr = 141394 has multiple (2) positions, using the first one!
utility_to_osm - WARNING - ssr:stedsnr = 141539: No priority spelling found for lang = se, using alt_name to get "[('no', 'Breidalselva'), ('se', 'Geaidnojohka')]"
utility_to_osm - WARNING - ssr:stedsnr = 141539 has multiple (3) positions, using the first one!
utility_to_osm - WARNING - ssr:stedsnr = 141433: No priority spelling found for lang = no, using alt_name to get "[('no', 'Hamnefjordfjellet')]"
utility_to_osm - WARNING - ssr:stedsnr = 141433 has multiple (2) positions, using the first one!
utility_to_osm - WARNING - ssr:stedsnr = 141434 has multiple (2) positions, using the first one!
utility_to_osm - WARNING - ssr:stedsnr = 141785: No priority spelling found for lang = se, using alt_name to get "[('no', 'Toknebukta')]"
utility_to_osm - WARNING - ssr:stedsnr = 141791 has multiple (4) positions, using the first one!
utility_to_osm - WARNING - ssr:stedsnr = 141799 has multiple (2) positions, using the first one!
utility_to_osm - WARNING - ssr:stedsnr = 141886 has multiple (2) positions, using the first one!
utility_to_osm - WARNING - ssr:stedsnr = 141889 has multiple (2) positions, using the first one!
utility_to_osm - WARNING - ssr:stedsnr = 141898 has multiple (2) positions, using the first one!
utility_to_osm - WARNING - ssr:stedsnr = 141899 has multiple (2) positions, using the first one!
utility_to_osm - WARNING - ssr:stedsnr = 141994 has multiple (2) positions, using the first one!
utility_to_osm - WARNING - ssr:stedsnr = 145435: No priority spelling found for lang = no, using alt_name to get "[('no', 'Tyvsletta')]"
utility_to_osm - WARNING - ssr:stedsnr = 145435 has multiple (2) positions, using the first one!
utility_to_osm - WARNING - ssr:stedsnr = 145436: No priority spelling found for lang = no, using alt_name to get "[('no', 'Tyvskaret')]"
utility_to_osm - WARNING - ssr:stedsnr = 145811 has multiple (5) positions, using the first one!
utility_to_osm - WARNING - ssr:stedsnr = 146873: No priority spelling found for lang = no, using alt_name to get "[('no', 'Lille Rødfjellvannet')]"
utility_to_osm - WARNING - ssr:stedsnr = 150908 has multiple (3) positions, using the first one!
utility_to_osm - WARNING - ssr:stedsnr = 150965 has multiple (2) positions, using the first one!
utility_to_osm - WARNING - ssr:stedsnr = 150864 has multiple (2) positions, using the first one!
utility_to_osm - WARNING - ssr:stedsnr = 151721 has multiple (2) positions, using the first one!
utility_to_osm - WARNING - ssr:stedsnr = 152202 has multiple (2) positions, using the first one!
utility_to_osm - WARNING - ssr:stedsnr = 152259: No priority spelling found for lang = no, using alt_name to get "[('no', 'Fjordholla')]"
utility_to_osm - WARNING - ssr:stedsnr = 262099 has multiple (3) positions, using the first one!
utility_to_osm - WARNING - ssr:stedsnr = 262122 has multiple (3) positions, using the first one!
utility_to_osm - WARNING - ssr:stedsnr = 179558: No priority spelling found for lang = no, using alt_name to get "[('no', 'Sandvannet')]"
utility_to_osm - WARNING - ssr:stedsnr = 262070 has multiple (2) positions, using the first one!
utility_to_osm - WARNING - ssr:stedsnr = 262074 has multiple (2) positions, using the first one!
utility_to_osm - WARNING - ssr:stedsnr = 262078 has multiple (2) positions, using the first one!
utility_to_osm - WARNING - ssr:stedsnr = 262084 has multiple (2) positions, using the first one!
utility_to_osm - WARNING - ssr:stedsnr = 263899 has multiple (3) positions, using the first one!
utility_to_osm - WARNING - ssr:stedsnr = 263901 has multiple (7) positions, using the first one!
utility_to_osm - WARNING - ssr:stedsnr = 263921 has multiple (2) positions, using the first one!
utility_to_osm - WARNING - ssr:stedsnr = 263923 has multiple (2) positions, using the first one!
utility_to_osm - WARNING - ssr:stedsnr = 262218 has multiple (2) positions, using the first one!
utility_to_osm - WARNING - ssr:stedsnr = 262226 has multiple (2) positions, using the first one!
utility_to_osm - WARNING - ssr:stedsnr = 262227 has multiple (2) positions, using the first one!
utility_to_osm - WARNING - ssr:stedsnr = 262239: No priority spelling found for lang = no, using alt_name to get "[('no', 'Mollstrandneset')]"
utility_to_osm - WARNING - ssr:stedsnr = 262239: No priority spelling found for lang = se, using alt_name to get "[('no', 'Mollstrandneset'), ('se', 'Molstrandnjárga')]"
utility_to_osm - WARNING - ssr:stedsnr = 262239 has multiple (3) positions, using the first one!
utility_to_osm - WARNING - ssr:stedsnr = 262242 has multiple (3) positions, using the first one!
utility_to_osm - WARNING - ssr:stedsnr = 262289 has multiple (2) positions, using the first one!
utility_to_osm - WARNING - ssr:stedsnr = 262465 has multiple (5) positions, using the first one!
utility_to_osm - WARNING - ssr:stedsnr = 262476 has multiple (2) positions, using the first one!
utility_to_osm - WARNING - ssr:stedsnr = 262485 has multiple (2) positions, using the first one!
utility_to_osm - WARNING - ssr:stedsnr = 262486: No priority spelling found for lang = no, using alt_name to get "[('no', 'Låtervannet')]"
utility_to_osm - WARNING - ssr:stedsnr = 262653: No priority spelling found for lang = no, using alt_name to get "[('no', 'Hofsethøgda')]"
utility_to_osm - WARNING - ssr:stedsnr = 262665 has multiple (2) positions, using the first one!
utility_to_osm - WARNING - ssr:stedsnr = 262626: No priority spelling found for lang = se, using alt_name to get "[('se', 'Doggejohka')]"
utility_to_osm - WARNING - ssr:stedsnr = 262626 has multiple (3) positions, using the first one!
utility_to_osm - WARNING - ssr:stedsnr = 262636 has multiple (2) positions, using the first one!
utility_to_osm - WARNING - ssr:stedsnr = 262683 has multiple (2) positions, using the first one!
utility_to_osm - WARNING - ssr:stedsnr = 262791 has multiple (2) positions, using the first one!
utility_to_osm - WARNING - ssr:stedsnr = 262875 has multiple (2) positions, using the first one!
utility_to_osm - WARNING - ssr:stedsnr = 262876 has multiple (3) positions, using the first one!
utility_to_osm - WARNING - ssr:stedsnr = 262889: No priority spelling found for lang = no, using alt_name to get "[('no', 'Øyen')]"
utility_to_osm - WARNING - ssr:stedsnr = 262889 has multiple (2) positions, using the first one!
utility_to_osm - WARNING - ssr:stedsnr = 262956 has multiple (3) positions, using the first one!
utility_to_osm - WARNING - ssr:stedsnr = 262965 has multiple (3) positions, using the first one!
utility_to_osm - WARNING - ssr:stedsnr = 263044 has multiple (2) positions, using the first one!
utility_to_osm - WARNING - ssr:stedsnr = 263019: No priority spelling found for lang = no, using alt_name to get "[('no', 'Fuglenesfjellet')]"
utility_to_osm - WARNING - ssr:stedsnr = 263019 has multiple (3) positions, using the first one!
utility_to_osm - WARNING - ssr:stedsnr = 263069 has multiple (5) positions, using the first one!
utility_to_osm - WARNING - ssr:stedsnr = 263218 has multiple (2) positions, using the first one!
utility_to_osm - WARNING - ssr:stedsnr = 263188: No priority spelling found for lang = se, using alt_name to get "[('no', 'Stangnes'), ('se', 'Stággonjárga')]"
utility_to_osm - WARNING - ssr:stedsnr = 263188 has multiple (4) positions, using the first one!
utility_to_osm - WARNING - ssr:stedsnr = 263241 has multiple (3) positions, using the first one!
utility_to_osm - WARNING - ssr:stedsnr = 263248 has multiple (2) positions, using the first one!
utility_to_osm - WARNING - ssr:stedsnr = 263232 has multiple (3) positions, using the first one!
utility_to_osm - WARNING - ssr:stedsnr = 263440 has multiple (2) positions, using the first one!
utility_to_osm - WARNING - ssr:stedsnr = 263443 has multiple (2) positions, using the first one!
utility_to_osm - WARNING - ssr:stedsnr = 263462 has multiple (2) positions, using the first one!
utility_to_osm - WARNING - ssr:stedsnr = 263835 has multiple (18) positions, using the first one!
utility_to_osm - WARNING - ssr:stedsnr = 263760 has multiple (3) positions, using the first one!
utility_to_osm - WARNING - ssr:stedsnr = 263855 has multiple (2) positions, using the first one!
utility_to_osm - WARNING - ssr:stedsnr = 263870 has multiple (2) positions, using the first one!
utility_to_osm - WARNING - ssr:stedsnr = 263882 has multiple (2) positions, using the first one!
utility_to_osm - WARNING - ssr:stedsnr = 263931 has multiple (3) positions, using the first one!
utility_to_osm - WARNING - ssr:stedsnr = 263958 has multiple (3) positions, using the first one!
utility_to_osm - WARNING - ssr:stedsnr = 267015: No priority spelling found for lang = no, using alt_name to get "[('no', 'Sandvika')]"
utility_to_osm - WARNING - ssr:stedsnr = 267398: No priority spelling found for lang = no, using alt_name to get "[('no', 'Årresjåfjellet')]"
utility_to_osm - WARNING - ssr:stedsnr = 267398: No priority spelling found for lang = se, using alt_name to get "[('no', 'Årresjåfjellet')]"
utility_to_osm - WARNING - ssr:stedsnr = 267398 has multiple (3) positions, using the first one!
utility_to_osm - WARNING - ssr:stedsnr = 201604: No priority spelling found for lang = se, using alt_name to get "[('se', 'Luoktabogejohka')]"
utility_to_osm - WARNING - ssr:stedsnr = 201604 has multiple (3) positions, using the first one!
utility_to_osm - WARNING - ssr:stedsnr = 201606: No priority spelling found for lang = se, using alt_name to get "[('no', 'Rødfjellet'), ('se', 'Ruksesbávtterášša')]"
utility_to_osm - WARNING - ssr:stedsnr = 201608 has multiple (4) positions, using the first one!
utility_to_osm - WARNING - ssr:stedsnr = 201700: No priority spelling found for lang = no, using alt_name to get "[('no', 'Breidalen')]"
utility_to_osm - WARNING - ssr:stedsnr = 201895 has multiple (18) positions, using the first one!
utility_to_osm - WARNING - ssr:stedsnr = 202002 has multiple (3) positions, using the first one!
utility_to_osm - WARNING - ssr:stedsnr = 201992 has multiple (2) positions, using the first one!
utility_to_osm - WARNING - ssr:stedsnr = 202195 has multiple (2) positions, using the first one!
utility_to_osm - WARNING - ssr:stedsnr = 202199 has multiple (6) positions, using the first one!
utility_to_osm - ERROR - ssr:stedsnr = 202086: Adding multiple names to name tag, this is not OK! name = "Finnvik;Østre Finnvik"
utility_to_osm - WARNING - ssr:stedsnr = 202089 has multiple (2) positions, using the first one!
utility_to_osm - WARNING - ssr:stedsnr = 202090 has multiple (2) positions, using the first one!
utility_to_osm - WARNING - ssr:stedsnr = 202099 has multiple (3) positions, using the first one!
utility_to_osm - WARNING - ssr:stedsnr = 202204: No priority spelling found for lang = se, using alt_name to get "[('no', 'Stallogargoflogan'), ('se', 'Goaŋki')]"
utility_to_osm - WARNING - ssr:stedsnr = 202204 has multiple (4) positions, using the first one!
utility_to_osm - WARNING - ssr:stedsnr = 202267 has multiple (2) positions, using the first one!
utility_to_osm - WARNING - ssr:stedsnr = 202449 has multiple (2) positions, using the first one!
utility_to_osm - WARNING - ssr:stedsnr = 202553 has multiple (3) positions, using the first one!
utility_to_osm - WARNING - ssr:stedsnr = 202787 has multiple (2) positions, using the first one!
utility_to_osm - WARNING - ssr:stedsnr = 202791 has multiple (4) positions, using the first one!
utility_to_osm - WARNING - ssr:stedsnr = 202794 has multiple (6) positions, using the first one!
utility_to_osm - WARNING - ssr:stedsnr = 202795 has multiple (2) positions, using the first one!
utility_to_osm - WARNING - ssr:stedsnr = 202797: No priority spelling found for lang = se, using alt_name to get "[('no', 'Mellafjorden'), ('se', 'Gaska-Dorskavuotna')]"
utility_to_osm - WARNING - ssr:stedsnr = 202797 has multiple (2) positions, using the first one!
utility_to_osm - WARNING - ssr:stedsnr = 202990 has multiple (3) positions, using the first one!
utility_to_osm - WARNING - ssr:stedsnr = 202992 has multiple (3) positions, using the first one!
utility_to_osm - WARNING - ssr:stedsnr = 202999 has multiple (2) positions, using the first one!
utility_to_osm - WARNING - ssr:stedsnr = 268424 has multiple (2) positions, using the first one!
utility_to_osm - WARNING - ssr:stedsnr = 206882: No priority spelling found for lang = no, using alt_name to get "[('no', 'Kvitsteinvannet')]"
utility_to_osm - WARNING - ssr:stedsnr = 206882 has multiple (2) positions, using the first one!
utility_to_osm - WARNING - ssr:stedsnr = 206888: No priority spelling found for lang = no, using alt_name to get "[('no', 'Ørntindvannet')]"
utility_to_osm - WARNING - ssr:stedsnr = 206888 has multiple (2) positions, using the first one!
utility_to_osm - WARNING - ssr:stedsnr = 220315 has multiple (3) positions, using the first one!
utility_to_osm - WARNING - ssr:stedsnr = 224547 has multiple (4) positions, using the first one!
utility_to_osm - WARNING - ssr:stedsnr = 449870: No priority spelling found for lang = no, using alt_name to get "[('no', 'Sørhamnfjellet')]"
utility_to_osm - WARNING - ssr:stedsnr = 450797 has multiple (2) positions, using the first one!
utility_to_osm - WARNING - ssr:stedsnr = 241030 has multiple (3) positions, using the first one!
utility_to_osm - WARNING - ssr:stedsnr = 242491: No priority spelling found for lang = no, using alt_name to get "[('no', 'Hellefjorden')]"
utility_to_osm - ERROR - ssr:stedsnr = 456249. No positions found, skipping
utility_to_osm - WARNING - ssr:stedsnr = 457566: No priority spelling found for lang = no, using alt_name to get "[('no', 'Vatnhamna')]"
utility_to_osm - WARNING - ssr:stedsnr = 457566: No priority spelling found for lang = se, using alt_name to get "[('no', 'Vatnhamna'), ('se', 'Váhttángohppi')]"
utility_to_osm - WARNING - ssr:stedsnr = 262104 has multiple (2) positions, using the first one!
utility_to_osm - WARNING - ssr:stedsnr = 262110 has multiple (3) positions, using the first one!
utility_to_osm - WARNING - ssr:stedsnr = 262119: No priority spelling found for lang = no, using alt_name to get "[('no', 'Vatnhamna')]"
utility_to_osm - WARNING - ssr:stedsnr = 262147 has multiple (4) positions, using the first one!
utility_to_osm - WARNING - ssr:stedsnr = 262148 has multiple (2) positions, using the first one!
utility_to_osm - WARNING - ssr:stedsnr = 262298 has multiple (3) positions, using the first one!
utility_to_osm - WARNING - ssr:stedsnr = 262393 has multiple (2) positions, using the first one!
utility_to_osm - WARNING - ssr:stedsnr = 262398: No priority spelling found for lang = no, using alt_name to get "[('no', 'Pollen')]"
utility_to_osm - WARNING - ssr:stedsnr = 262503: No priority spelling found for lang = no, using alt_name to get "[('no', 'Koppardalen')]"
utility_to_osm - WARNING - ssr:stedsnr = 262506: No priority spelling found for lang = no, using alt_name to get "[('no', 'Stor-Sandvikholmen')]"
utility_to_osm - WARNING - ssr:stedsnr = 262649: No priority spelling found for lang = se, using alt_name to get "[('no', 'Skaidielva'), ('se', 'Skáiddejohka')]"
utility_to_osm - WARNING - ssr:stedsnr = 262649 has multiple (13) positions, using the first one!
utility_to_osm - WARNING - ssr:stedsnr = 262798 has multiple (4) positions, using the first one!
utility_to_osm - WARNING - ssr:stedsnr = 263002 has multiple (3) positions, using the first one!
utility_to_osm - WARNING - ssr:stedsnr = 263078 has multiple (3) positions, using the first one!
utility_to_osm - WARNING - ssr:stedsnr = 263093: No priority spelling found for lang = no, using alt_name to get "[('no', 'Skreifjorden')]"
utility_to_osm - WARNING - ssr:stedsnr = 263093: No priority spelling found for lang = se, using alt_name to get "[('no', 'Skreifjorden'), ('se', 'Govdavuonna')]"
utility_to_osm - WARNING - ssr:stedsnr = 263093 has multiple (3) positions, using the first one!
utility_to_osm - WARNING - ssr:stedsnr = 263100 has multiple (2) positions, using the first one!
utility_to_osm - WARNING - ssr:stedsnr = 263204 has multiple (2) positions, using the first one!
utility_to_osm - WARNING - ssr:stedsnr = 263291: No priority spelling found for lang = no, using alt_name to get "[('no', 'Skippernesodden')]"
utility_to_osm - WARNING - ssr:stedsnr = 263291: No priority spelling found for lang = se, using alt_name to get "[('no', 'Skippernesodden'), ('se', 'Skihppanas')]"
utility_to_osm - WARNING - ssr:stedsnr = 263438: No priority spelling found for lang = no, using alt_name to get "[('no', 'Slettnesfjorden')]"
utility_to_osm - WARNING - ssr:stedsnr = 263814 has multiple (2) positions, using the first one!
utility_to_osm - WARNING - ssr:stedsnr = 263889 has multiple (2) positions, using the first one!
utility_to_osm - WARNING - ssr:stedsnr = 263898 has multiple (2) positions, using the first one!
utility_to_osm - WARNING - ssr:stedsnr = 263792 has multiple (2) positions, using the first one!
utility_to_osm - WARNING - ssr:stedsnr = 263798 has multiple (2) positions, using the first one!
utility_to_osm - WARNING - ssr:stedsnr = 263801 has multiple (2) positions, using the first one!
utility_to_osm - WARNING - ssr:stedsnr = 267814: No priority spelling found for lang = no, using alt_name to get "[('no', 'Russenes')]"
utility_to_osm - WARNING - ssr:stedsnr = 267890: No priority spelling found for lang = no, using alt_name to get "[('no', 'Skjåvikvannet')]"
utility_to_osm - WARNING - ssr:stedsnr = 267890 has multiple (2) positions, using the first one!
utility_to_osm - WARNING - ssr:stedsnr = 267891: No priority spelling found for lang = no, using alt_name to get "[('no', 'Steinvannet')]"
utility_to_osm - WARNING - ssr:stedsnr = 267891: No priority spelling found for lang = se, using alt_name to get "[('no', 'Steinvannet')]"
utility_to_osm - WARNING - ssr:stedsnr = 267891 has multiple (2) positions, using the first one!
utility_to_osm - WARNING - ssr:stedsnr = 267907: No priority spelling found for lang = no, using alt_name to get "[('no', 'Mellomskaret')]"
utility_to_osm - WARNING - ssr:stedsnr = 267909: No priority spelling found for lang = no, using alt_name to get "[('no', 'Svartfjellvannene')]"
utility_to_osm - WARNING - ssr:stedsnr = 267909 has multiple (2) positions, using the first one!
utility_to_osm - WARNING - ssr:stedsnr = 272502 has multiple (2) positions, using the first one!
utility_to_osm - WARNING - ssr:stedsnr = 274090 has multiple (2) positions, using the first one!
utility_to_osm - WARNING - ssr:stedsnr = 274211: No priority spelling found for lang = no, using alt_name to get "[('no', 'Fuglenesfjæra')]"
utility_to_osm - WARNING - ssr:stedsnr = 283581 has multiple (2) positions, using the first one!
utility_to_osm - WARNING - ssr:stedsnr = 285614 has multiple (2) positions, using the first one!
utility_to_osm - WARNING - ssr:stedsnr = 271933: No priority spelling found for lang = no, using alt_name to get "[('no', 'Roggeluftneset')]"
utility_to_osm - WARNING - ssr:stedsnr = 298610 has multiple (2) positions, using the first one!
utility_to_osm - WARNING - ssr:stedsnr = 323208 has multiple (3) positions, using the first one!
utility_to_osm - WARNING - ssr:stedsnr = 323212 has multiple (3) positions, using the first one!
utility_to_osm - WARNING - ssr:stedsnr = 323217 has multiple (2) positions, using the first one!
utility_to_osm - WARNING - ssr:stedsnr = 323125 has multiple (4) positions, using the first one!
utility_to_osm - WARNING - ssr:stedsnr = 323127 has multiple (2) positions, using the first one!
utility_to_osm - WARNING - ssr:stedsnr = 323131: No priority spelling found for lang = no, using alt_name to get "[('no', 'Lille-Kamøya')]"
utility_to_osm - WARNING - ssr:stedsnr = 323131 has multiple (4) positions, using the first one!
utility_to_osm - WARNING - ssr:stedsnr = 323132 has multiple (2) positions, using the first one!
utility_to_osm - WARNING - ssr:stedsnr = 323176: No priority spelling found for lang = se, using alt_name to get "[('no', 'Tindvannene'), ('se', 'Čáhcegopjávrrit')]"
utility_to_osm - WARNING - ssr:stedsnr = 323176 has multiple (3) positions, using the first one!
utility_to_osm - WARNING - ssr:stedsnr = 323179: No priority spelling found for lang = no, using alt_name to get "[('no', 'Skarvfjordhamn')]"
utility_to_osm - WARNING - ssr:stedsnr = 323179 has multiple (2) positions, using the first one!
utility_to_osm - WARNING - ssr:stedsnr = 323430: No priority spelling found for lang = no, using alt_name to get "[('no', 'Slettnesfjorddalen')]"
utility_to_osm - WARNING - ssr:stedsnr = 323430 has multiple (2) positions, using the first one!
utility_to_osm - WARNING - ssr:stedsnr = 323502 has multiple (3) positions, using the first one!
utility_to_osm - WARNING - ssr:stedsnr = 323733 has multiple (2) positions, using the first one!
utility_to_osm - WARNING - ssr:stedsnr = 323804: No priority spelling found for lang = se, using alt_name to get "[('no', 'Store Brennsvik'), ('se', 'Olggut Buollánluokta')]"
utility_to_osm - WARNING - ssr:stedsnr = 323804 has multiple (3) positions, using the first one!
utility_to_osm - WARNING - ssr:stedsnr = 323812 has multiple (2) positions, using the first one!
utility_to_osm - WARNING - ssr:stedsnr = 323815 has multiple (3) positions, using the first one!
utility_to_osm - WARNING - ssr:stedsnr = 323871 has multiple (3) positions, using the first one!
utility_to_osm - WARNING - ssr:stedsnr = 323875 has multiple (3) positions, using the first one!
utility_to_osm - WARNING - ssr:stedsnr = 323887 has multiple (3) positions, using the first one!
utility_to_osm - WARNING - ssr:stedsnr = 323903 has multiple (6) positions, using the first one!
utility_to_osm - WARNING - ssr:stedsnr = 323905 has multiple (2) positions, using the first one!
utility_to_osm - WARNING - ssr:stedsnr = 323971 has multiple (2) positions, using the first one!
utility_to_osm - WARNING - ssr:stedsnr = 323973 has multiple (2) positions, using the first one!
utility_to_osm - WARNING - ssr:stedsnr = 323981 has multiple (3) positions, using the first one!
utility_to_osm - WARNING - ssr:stedsnr = 329273: No priority spelling found for lang = no, using alt_name to get "[('no', 'Hola')]"
utility_to_osm - WARNING - ssr:stedsnr = 332602 has multiple (3) positions, using the first one!
utility_to_osm - WARNING - ssr:stedsnr = 351710: No priority spelling found for lang = se, using alt_name to get "[('no', 'Nordgrunnen'), ('se', 'Davveboađđu')]"
utility_to_osm - WARNING - ssr:stedsnr = 478193: No priority spelling found for lang = no, using alt_name to get "[('no', 'Ytre Fiskevik')]"
utility_to_osm - WARNING - ssr:stedsnr = 480536: No priority spelling found for lang = no, using alt_name to get "[('no', 'Glimmevannshytta')]"
utility_to_osm - WARNING - ssr:stedsnr = 480536 has multiple (2) positions, using the first one!
utility_to_osm - WARNING - ssr:stedsnr = 383114 has multiple (2) positions, using the first one!
utility_to_osm - WARNING - ssr:stedsnr = 383055 has multiple (4) positions, using the first one!
utility_to_osm - WARNING - ssr:stedsnr = 383250: No priority spelling found for lang = se, using alt_name to get "[('no', 'Montenegrovannet'), ('se', 'Guhkesjávri')]"
utility_to_osm - WARNING - ssr:stedsnr = 383250 has multiple (3) positions, using the first one!
utility_to_osm - WARNING - ssr:stedsnr = 482295 has multiple (3) positions, using the first one!
utility_to_osm - WARNING - ssr:stedsnr = 383505: No priority spelling found for lang = no, using alt_name to get "[('no', 'Koppardalsbukta')]"
utility_to_osm - WARNING - ssr:stedsnr = 383507: No priority spelling found for lang = no, using alt_name to get "[('no', 'Stor-Sandvika')]"
utility_to_osm - WARNING - ssr:stedsnr = 383507 has multiple (2) positions, using the first one!
utility_to_osm - WARNING - ssr:stedsnr = 383957 has multiple (2) positions, using the first one!
utility_to_osm - WARNING - ssr:stedsnr = 384017: No priority spelling found for lang = se, using alt_name to get "[('no', 'Holmvannet'), ('se', 'Dápmotjávri')]"
utility_to_osm - WARNING - ssr:stedsnr = 384017 has multiple (5) positions, using the first one!
utility_to_osm - WARNING - ssr:stedsnr = 384019 has multiple (2) positions, using the first one!
utility_to_osm - WARNING - ssr:stedsnr = 384021 has multiple (3) positions, using the first one!
utility_to_osm - WARNING - ssr:stedsnr = 384022: No priority spelling found for lang = se, using alt_name to get "[('no', 'Salen'), ('se', 'Rakča')]"
utility_to_osm - WARNING - ssr:stedsnr = 384022 has multiple (4) positions, using the first one!
utility_to_osm - WARNING - ssr:stedsnr = 384068: No priority spelling found for lang = no, using alt_name to get "[('no', 'Fuglenesdalen')]"
utility_to_osm - WARNING - ssr:stedsnr = 384068 has multiple (4) positions, using the first one!
utility_to_osm - WARNING - ssr:stedsnr = 384102: No priority spelling found for lang = no, using alt_name to get "[('no', 'Garnklubben')]"
utility_to_osm - WARNING - ssr:stedsnr = 384104 has multiple (2) positions, using the first one!
utility_to_osm - WARNING - ssr:stedsnr = 384164 has multiple (2) positions, using the first one!
utility_to_osm - WARNING - ssr:stedsnr = 384097 has multiple (2) positions, using the first one!
utility_to_osm - WARNING - ssr:stedsnr = 384100 has multiple (2) positions, using the first one!
utility_to_osm - WARNING - ssr:stedsnr = 384206 has multiple (2) positions, using the first one!
utility_to_osm - WARNING - ssr:stedsnr = 384208 has multiple (3) positions, using the first one!
utility_to_osm - WARNING - ssr:stedsnr = 384402: No priority spelling found for lang = no, using alt_name to get "[('no', 'Hammarnakkan')]"
utility_to_osm - WARNING - ssr:stedsnr = 384411: No priority spelling found for lang = no, using alt_name to get "[('no', 'Søre Gjeltindneset')]"
utility_to_osm - WARNING - ssr:stedsnr = 384411 has multiple (2) positions, using the first one!
utility_to_osm - WARNING - ssr:stedsnr = 384416: No priority spelling found for lang = no, using alt_name to get "[('no', 'Lille Fagervika')]"
utility_to_osm - WARNING - ssr:stedsnr = 384517 has multiple (3) positions, using the first one!
utility_to_osm - WARNING - ssr:stedsnr = 384647 has multiple (3) positions, using the first one!
utility_to_osm - WARNING - ssr:stedsnr = 384655 has multiple (6) positions, using the first one!
utility_to_osm - WARNING - ssr:stedsnr = 384656 has multiple (6) positions, using the first one!
utility_to_osm - WARNING - ssr:stedsnr = 384809 has multiple (3) positions, using the first one!
utility_to_osm - WARNING - ssr:stedsnr = 384817 has multiple (2) positions, using the first one!
utility_to_osm - WARNING - ssr:stedsnr = 384998 has multiple (2) positions, using the first one!
utility_to_osm - WARNING - ssr:stedsnr = 482569: No priority spelling found for lang = no, using alt_name to get "[('no', 'Fyrneset')]"
utility_to_osm - WARNING - ssr:stedsnr = 482569: No priority spelling found for lang = se, using alt_name to get "[('no', 'Fyrneset')]"
utility_to_osm - WARNING - ssr:stedsnr = 388410: No priority spelling found for lang = no, using alt_name to get "[('no', 'Tyvelva')]"
utility_to_osm - WARNING - ssr:stedsnr = 388791: No priority spelling found for lang = no, using alt_name to get "[('no', 'Steinnes')]"
utility_to_osm - WARNING - ssr:stedsnr = 388892: No priority spelling found for lang = no, using alt_name to get "[('no', 'Melkartinden')]"
utility_to_osm - WARNING - ssr:stedsnr = 395179 has multiple (2) positions, using the first one!
utility_to_osm - WARNING - ssr:stedsnr = 396895: No priority spelling found for lang = no, using alt_name to get "[('no', 'Skreifjordbotn')]"
utility_to_osm - WARNING - ssr:stedsnr = 404175 has multiple (4) positions, using the first one!
utility_to_osm - WARNING - ssr:stedsnr = 404581 has multiple (3) positions, using the first one!
utility_to_osm - WARNING - ssr:stedsnr = 419714 has multiple (2) positions, using the first one!
utility_to_osm - WARNING - ssr:stedsnr = 419716 has multiple (2) positions, using the first one!
utility_to_osm - WARNING - ssr:stedsnr = 421018 has multiple (2) positions, using the first one!
utility_to_osm - WARNING - ssr:stedsnr = 444982 has multiple (2) positions, using the first one!
utility_to_osm - WARNING - ssr:stedsnr = 445002: No priority spelling found for lang = no, using alt_name to get "[('no', 'Dalvannet')]"
utility_to_osm - WARNING - ssr:stedsnr = 445004 has multiple (4) positions, using the first one!
utility_to_osm - WARNING - ssr:stedsnr = 445011 has multiple (2) positions, using the first one!
utility_to_osm - WARNING - ssr:stedsnr = 445027: No priority spelling found for lang = se, using alt_name to get "[('no', 'Rypklubbskjæret'), ('se', 'Ávjjot')]"
utility_to_osm - WARNING - ssr:stedsnr = 445027 has multiple (2) positions, using the first one!
utility_to_osm - WARNING - ssr:stedsnr = 445028: No priority spelling found for lang = no, using alt_name to get "[('no', 'Tennskjæret')]"
utility_to_osm - WARNING - ssr:stedsnr = 445030: No priority spelling found for lang = no, using alt_name to get "[('no', 'Indrefjord')]"
utility_to_osm - WARNING - ssr:stedsnr = 445030 has multiple (2) positions, using the first one!
utility_to_osm - WARNING - ssr:stedsnr = 445081: No priority spelling found for lang = no, using alt_name to get "[('no', 'Østre Sandan')]"
utility_to_osm - WARNING - ssr:stedsnr = 445302 has multiple (2) positions, using the first one!
utility_to_osm - WARNING - ssr:stedsnr = 445481 has multiple (2) positions, using the first one!
utility_to_osm - WARNING - ssr:stedsnr = 445482: No priority spelling found for lang = no, using alt_name to get "[('no', 'Låterbukta')]"
utility_to_osm - WARNING - ssr:stedsnr = 445482 has multiple (2) positions, using the first one!
utility_to_osm - WARNING - ssr:stedsnr = 445839 has multiple (6) positions, using the first one!
utility_to_osm - WARNING - ssr:stedsnr = 445877 has multiple (2) positions, using the first one!
utility_to_osm - WARNING - ssr:stedsnr = 445911 has multiple (2) positions, using the first one!
utility_to_osm - WARNING - ssr:stedsnr = 445932 has multiple (2) positions, using the first one!
utility_to_osm - WARNING - ssr:stedsnr = 445977 has multiple (3) positions, using the first one!
utility_to_osm - WARNING - ssr:stedsnr = 449021: No priority spelling found for lang = no, using alt_name to get "[('no', 'Ytre-Djupvika')]"
utility_to_osm - WARNING - ssr:stedsnr = 449023: No priority spelling found for lang = no, using alt_name to get "[('no', 'Bumannsfjorden')]"
utility_to_osm - WARNING - ssr:stedsnr = 449413: No priority spelling found for lang = no, using alt_name to get "[('no', 'Steindalen')]"
utility_to_osm - WARNING - ssr:stedsnr = 449413 has multiple (2) positions, using the first one!
utility_to_osm - WARNING - ssr:stedsnr = 456217 has multiple (2) positions, using the first one!
utility_to_osm - WARNING - ssr:stedsnr = 464926: No priority spelling found for lang = no, using alt_name to get "[('no', 'Lille Survika')]"
utility_to_osm - WARNING - ssr:stedsnr = 466017 has multiple (4) positions, using the first one!
utility_to_osm - WARNING - ssr:stedsnr = 485471: No priority spelling found for lang = no, using alt_name to get "[('no', 'Lundhavn')]"
utility_to_osm - WARNING - ssr:stedsnr = 485964: No priority spelling found for lang = no, using alt_name to get "[('no', 'Husfjordnes')]"
utility_to_osm - WARNING - ssr:stedsnr = 505002 has multiple (2) positions, using the first one!
utility_to_osm - WARNING - ssr:stedsnr = 505016 has multiple (2) positions, using the first one!
utility_to_osm - WARNING - ssr:stedsnr = 504918: No priority spelling found for lang = se, using alt_name to get "[('se', 'Unna Návggastat')]"
utility_to_osm - WARNING - ssr:stedsnr = 504918 has multiple (4) positions, using the first one!
utility_to_osm - WARNING - ssr:stedsnr = 504972 has multiple (3) positions, using the first one!
utility_to_osm - WARNING - ssr:stedsnr = 505102: No priority spelling found for lang = no, using alt_name to get "[('no', 'Mylingen')]"
utility_to_osm - WARNING - ssr:stedsnr = 505116 has multiple (3) positions, using the first one!
utility_to_osm - WARNING - ssr:stedsnr = 505170 has multiple (2) positions, using the first one!
utility_to_osm - WARNING - ssr:stedsnr = 505173 has multiple (2) positions, using the first one!
utility_to_osm - WARNING - ssr:stedsnr = 505174 has multiple (3) positions, using the first one!
utility_to_osm - WARNING - ssr:stedsnr = 505070 has multiple (2) positions, using the first one!
utility_to_osm - WARNING - ssr:stedsnr = 505073: No priority spelling found for lang = no, using alt_name to get "[('no', 'Vardfjellet'), ('no', 'Kjøttvikfjellet')]"
utility_to_osm - ERROR - ssr:stedsnr = 505073: Adding multiple names to name tag, this is not OK! name = "Vardfjellet;Kjøttvikfjellet"
utility_to_osm - WARNING - ssr:stedsnr = 505073 has multiple (4) positions, using the first one!
utility_to_osm - WARNING - ssr:stedsnr = 505205 has multiple (3) positions, using the first one!
utility_to_osm - WARNING - ssr:stedsnr = 505218 has multiple (7) positions, using the first one!
utility_to_osm - WARNING - ssr:stedsnr = 505268 has multiple (2) positions, using the first one!
utility_to_osm - WARNING - ssr:stedsnr = 505272: No priority spelling found for lang = no, using alt_name to get "[('no', 'Fuglenesbukta')]"
utility_to_osm - WARNING - ssr:stedsnr = 505279: No priority spelling found for lang = no, using alt_name to get "[('no', 'Talborfjellet')]"
utility_to_osm - WARNING - ssr:stedsnr = 505413 has multiple (2) positions, using the first one!
utility_to_osm - WARNING - ssr:stedsnr = 505711 has multiple (2) positions, using the first one!
utility_to_osm - WARNING - ssr:stedsnr = 505864: No priority spelling found for lang = no, using alt_name to get "[('no', 'Øyenvannan')]"
utility_to_osm - WARNING - ssr:stedsnr = 505870 has multiple (4) positions, using the first one!
utility_to_osm - WARNING - ssr:stedsnr = 510010: No priority spelling found for lang = no, using alt_name to get "[('no', 'Ytre-Tubåen')]"
utility_to_osm - WARNING - ssr:stedsnr = 510025: No priority spelling found for lang = no, using alt_name to get "[('no', 'Indre-Gåsvika')]"
utility_to_osm - WARNING - ssr:stedsnr = 510029: No priority spelling found for lang = no, using alt_name to get "[('no', 'Fellavalen')]"
utility_to_osm - WARNING - ssr:stedsnr = 510030: No priority spelling found for lang = no, using alt_name to get "[('no', 'Kjerringholmsundet')]"
utility_to_osm - WARNING - ssr:stedsnr = 513803: No priority spelling found for lang = no, using alt_name to get "[('no', 'Kvalfjordskaret')]"
utility_to_osm - WARNING - ssr:stedsnr = 514867 has multiple (4) positions, using the first one!
utility_to_osm - WARNING - ssr:stedsnr = 514914: No priority spelling found for lang = no, using alt_name to get "[('no', 'Ytre Futbukta')]"
utility_to_osm - WARNING - ssr:stedsnr = 517279 has multiple (3) positions, using the first one!
utility_to_osm - WARNING - ssr:stedsnr = 525708 has multiple (3) positions, using the first one!
utility_to_osm - WARNING - ssr:stedsnr = 686025 has multiple (3) positions, using the first one!
utility_to_osm - WARNING - ssr:stedsnr = 686677 has multiple (2) positions, using the first one!
utility_to_osm - WARNING - ssr:stedsnr = 687037: No priority spelling found for lang = no, using alt_name to get "[('no', 'Kvalfjordneset')]"
utility_to_osm - WARNING - ssr:stedsnr = 687037: No priority spelling found for lang = se, using alt_name to get "[('no', 'Kvalfjordneset'), ('se', 'Fállenjárga')]"
utility_to_osm - WARNING - ssr:stedsnr = 687037 has multiple (3) positions, using the first one!
utility_to_osm - WARNING - ssr:stedsnr = 687038: No priority spelling found for lang = no, using alt_name to get "[('no', 'Kvalfjorden')]"
utility_to_osm - WARNING - ssr:stedsnr = 687038: No priority spelling found for lang = se, using alt_name to get "[('no', 'Kvalfjorden'), ('se', 'Fállevuonna')]"
utility_to_osm - WARNING - ssr:stedsnr = 687038 has multiple (3) positions, using the first one!
utility_to_osm - WARNING - ssr:stedsnr = 687031: No priority spelling found for lang = no, using alt_name to get "[('no', 'Ytter-Forsøl')]"
utility_to_osm - WARNING - ssr:stedsnr = 687108 has multiple (3) positions, using the first one!
utility_to_osm - WARNING - ssr:stedsnr = 687109 has multiple (2) positions, using the first one!
utility_to_osm - WARNING - ssr:stedsnr = 687111 has multiple (2) positions, using the first one!
utility_to_osm - WARNING - ssr:stedsnr = 687040 has multiple (2) positions, using the first one!
utility_to_osm - ERROR - ssr:stedsnr = 687047: Adding multiple names to name tag, this is not OK! name = "Risvågskjæret;Storskjæret"
utility_to_osm - WARNING - ssr:stedsnr = 687052: No priority spelling found for lang = no, using alt_name to get "[('no', 'Risvåg')]"
utility_to_osm - WARNING - ssr:stedsnr = 687058 has multiple (4) positions, using the first one!
utility_to_osm - WARNING - ssr:stedsnr = 687069: No priority spelling found for lang = no, using alt_name to get "[('no', 'Kamøysundet')]"
utility_to_osm - WARNING - ssr:stedsnr = 687069 has multiple (4) positions, using the first one!
utility_to_osm - WARNING - ssr:stedsnr = 687074 has multiple (2) positions, using the first one!
utility_to_osm - WARNING - ssr:stedsnr = 687075 has multiple (2) positions, using the first one!
utility_to_osm - ERROR - ssr:stedsnr = 687077: Adding multiple names to name tag, this is not OK! name = "Kvitneset;Ytre Kvitneset"
utility_to_osm - WARNING - ssr:stedsnr = 687077 has multiple (3) positions, using the first one!
utility_to_osm - WARNING - ssr:stedsnr = 687079 has multiple (3) positions, using the first one!
utility_to_osm - WARNING - ssr:stedsnr = 687081 has multiple (2) positions, using the first one!
utility_to_osm - WARNING - ssr:stedsnr = 687086 has multiple (2) positions, using the first one!
utility_to_osm - WARNING - ssr:stedsnr = 687141 has multiple (2) positions, using the first one!
utility_to_osm - WARNING - ssr:stedsnr = 687119 has multiple (2) positions, using the first one!
utility_to_osm - WARNING - ssr:stedsnr = 687130: No priority spelling found for lang = no, using alt_name to get "[('no', 'Ljånesgrunnen')]"
utility_to_osm - WARNING - ssr:stedsnr = 687130 has multiple (2) positions, using the first one!
utility_to_osm - WARNING - ssr:stedsnr = 687136 has multiple (2) positions, using the first one!
utility_to_osm - WARNING - ssr:stedsnr = 687148: No priority spelling found for lang = se, using alt_name to get "[('no', 'Ljåvika'), ('se', 'Liššagohppi')]"
utility_to_osm - WARNING - ssr:stedsnr = 687148 has multiple (3) positions, using the first one!
utility_to_osm - WARNING - ssr:stedsnr = 687151 has multiple (2) positions, using the first one!
utility_to_osm - ERROR - ssr:stedsnr = 687152: Adding multiple names to name tag, this is not OK! name = "Veivika;Store Veivika"
utility_to_osm - WARNING - ssr:stedsnr = 687152 has multiple (2) positions, using the first one!
utility_to_osm - WARNING - ssr:stedsnr = 687161 has multiple (2) positions, using the first one!
utility_to_osm - WARNING - ssr:stedsnr = 687164 has multiple (6) positions, using the first one!
utility_to_osm - WARNING - ssr:stedsnr = 687180 has multiple (2) positions, using the first one!
utility_to_osm - WARNING - ssr:stedsnr = 687181 has multiple (3) positions, using the first one!
utility_to_osm - WARNING - ssr:stedsnr = 687249: No priority spelling found for lang = no, using alt_name to get "[('no', 'Fuglenesgrunnan')]"
utility_to_osm - WARNING - ssr:stedsnr = 687212 has multiple (2) positions, using the first one!
utility_to_osm - WARNING - ssr:stedsnr = 687216 has multiple (4) positions, using the first one!
utility_to_osm - WARNING - ssr:stedsnr = 687222: No priority spelling found for lang = no, using alt_name to get "[('no', 'Fagervika')]"
utility_to_osm - WARNING - ssr:stedsnr = 687222: No priority spelling found for lang = se, using alt_name to get "[('no', 'Fagervika'), ('se', 'Fádderviika')]"
utility_to_osm - WARNING - ssr:stedsnr = 687224 has multiple (3) positions, using the first one!
utility_to_osm - WARNING - ssr:stedsnr = 687231 has multiple (3) positions, using the first one!
utility_to_osm - WARNING - ssr:stedsnr = 687261 has multiple (2) positions, using the first one!
utility_to_osm - WARNING - ssr:stedsnr = 687262 has multiple (2) positions, using the first one!
utility_to_osm - WARNING - ssr:stedsnr = 687272: No priority spelling found for lang = no, using alt_name to get "[('no', 'Skippernes')]"
utility_to_osm - WARNING - ssr:stedsnr = 687438 has multiple (3) positions, using the first one!
utility_to_osm - WARNING - ssr:stedsnr = 687441 has multiple (2) positions, using the first one!
utility_to_osm - WARNING - ssr:stedsnr = 687426 has multiple (2) positions, using the first one!
utility_to_osm - WARNING - ssr:stedsnr = 687475 has multiple (2) positions, using the first one!
utility_to_osm - WARNING - ssr:stedsnr = 687628: No priority spelling found for lang = se, using alt_name to get "[('se', 'Doggoaivi')]"
utility_to_osm - WARNING - ssr:stedsnr = 687647 has multiple (2) positions, using the first one!
utility_to_osm - WARNING - ssr:stedsnr = 687661 has multiple (6) positions, using the first one!
utility_to_osm - WARNING - ssr:stedsnr = 687757: No priority spelling found for lang = no, using alt_name to get "[('no', 'Ytre-Reppa')]"
utility_to_osm - WARNING - ssr:stedsnr = 687757 has multiple (7) positions, using the first one!
utility_to_osm - WARNING - ssr:stedsnr = 687768 has multiple (4) positions, using the first one!
utility_to_osm - WARNING - ssr:stedsnr = 687774: No priority spelling found for lang = se, using alt_name to get "[('no', 'Turnesbukta'), ('se', 'Durenjárgávva')]"
utility_to_osm - WARNING - ssr:stedsnr = 687774 has multiple (2) positions, using the first one!
utility_to_osm - WARNING - ssr:stedsnr = 687777 has multiple (2) positions, using the first one!
utility_to_osm - WARNING - ssr:stedsnr = 687851 has multiple (2) positions, using the first one!
utility_to_osm - WARNING - ssr:stedsnr = 687852 has multiple (5) positions, using the first one!
utility_to_osm - WARNING - ssr:stedsnr = 687867: No priority spelling found for lang = se, using alt_name to get "[('no', 'Dypelva'), ('se', 'Čiekŋalisjohka')]"
utility_to_osm - WARNING - ssr:stedsnr = 687867 has multiple (3) positions, using the first one!
utility_to_osm - WARNING - ssr:stedsnr = 687878 has multiple (3) positions, using the first one!
utility_to_osm - WARNING - ssr:stedsnr = 687988 has multiple (3) positions, using the first one!
utility_to_osm - WARNING - ssr:stedsnr = 687950 has multiple (2) positions, using the first one!
utility_to_osm - WARNING - ssr:stedsnr = 687992 has multiple (3) positions, using the first one!
utility_to_osm - WARNING - ssr:stedsnr = 687999 has multiple (3) positions, using the first one!
utility_to_osm - WARNING - ssr:stedsnr = 688017 has multiple (2) positions, using the first one!
utility_to_osm - WARNING - ssr:stedsnr = 687967 has multiple (3) positions, using the first one!
utility_to_osm - WARNING - ssr:stedsnr = 688198 has multiple (2) positions, using the first one!
utility_to_osm - WARNING - ssr:stedsnr = 688199 has multiple (4) positions, using the first one!
utility_to_osm - WARNING - ssr:stedsnr = 688278 has multiple (9) positions, using the first one!
utility_to_osm - WARNING - ssr:stedsnr = 688491 has multiple (3) positions, using the first one!
utility_to_osm - WARNING - ssr:stedsnr = 688856 has multiple (4) positions, using the first one!
utility_to_osm - WARNING - ssr:stedsnr = 688879 has multiple (2) positions, using the first one!
utility_to_osm - WARNING - ssr:stedsnr = 688893 has multiple (4) positions, using the first one!
utility_to_osm - WARNING - ssr:stedsnr = 688895 has multiple (2) positions, using the first one!
utility_to_osm - WARNING - ssr:stedsnr = 688898 has multiple (4) positions, using the first one!
utility_to_osm - WARNING - ssr:stedsnr = 691272: No priority spelling found for lang = se, using alt_name to get "[('no', 'Svartfjellet'), ('se', 'Muvrarášša')]"
utility_to_osm - WARNING - ssr:stedsnr = 691272 has multiple (7) positions, using the first one!
utility_to_osm - WARNING - ssr:stedsnr = 692047: No priority spelling found for lang = no, using alt_name to get "[('no', 'Indre-Djupvika')]"
utility_to_osm - WARNING - ssr:stedsnr = 565072 has multiple (2) positions, using the first one!
utility_to_osm - WARNING - ssr:stedsnr = 565117: No priority spelling found for lang = no, using alt_name to get "[('no', 'Ljåneset')]"
utility_to_osm - WARNING - ssr:stedsnr = 565117 has multiple (2) positions, using the first one!
utility_to_osm - WARNING - ssr:stedsnr = 565273 has multiple (2) positions, using the first one!
utility_to_osm - WARNING - ssr:stedsnr = 566113 has multiple (2) positions, using the first one!
utility_to_osm - WARNING - ssr:stedsnr = 566123 has multiple (2) positions, using the first one!
utility_to_osm - WARNING - ssr:stedsnr = 566125 has multiple (2) positions, using the first one!
utility_to_osm - WARNING - ssr:stedsnr = 566206 has multiple (2) positions, using the first one!
utility_to_osm - WARNING - ssr:stedsnr = 566213 has multiple (2) positions, using the first one!
utility_to_osm - WARNING - ssr:stedsnr = 566221 has multiple (2) positions, using the first one!
utility_to_osm - WARNING - ssr:stedsnr = 566278: No priority spelling found for lang = no, using alt_name to get "[('no', 'Indre-Reppa')]"
utility_to_osm - WARNING - ssr:stedsnr = 566278 has multiple (3) positions, using the first one!
utility_to_osm - WARNING - ssr:stedsnr = 566163 has multiple (5) positions, using the first one!
utility_to_osm - WARNING - ssr:stedsnr = 566502 has multiple (2) positions, using the first one!
utility_to_osm - WARNING - ssr:stedsnr = 566760 has multiple (7) positions, using the first one!
utility_to_osm - WARNING - ssr:stedsnr = 566773 has multiple (2) positions, using the first one!
utility_to_osm - WARNING - ssr:stedsnr = 692877: No priority spelling found for lang = no, using alt_name to get "[('no', 'Storviktåta')]"
utility_to_osm - WARNING - ssr:stedsnr = 692877 has multiple (2) positions, using the first one!
utility_to_osm - WARNING - ssr:stedsnr = 692887: No priority spelling found for lang = no, using alt_name to get "[('no', 'Mellomskarvannene')]"
utility_to_osm - WARNING - ssr:stedsnr = 692887 has multiple (2) positions, using the first one!
utility_to_osm - WARNING - ssr:stedsnr = 566809: No priority spelling found for lang = se, using alt_name to get "[('no', 'Kokelva'), ('se', 'Goavkejohka')]"
utility_to_osm - WARNING - ssr:stedsnr = 566809 has multiple (12) positions, using the first one!
utility_to_osm - WARNING - ssr:stedsnr = 566813 has multiple (3) positions, using the first one!
utility_to_osm - WARNING - ssr:stedsnr = 566815 has multiple (2) positions, using the first one!
utility_to_osm - WARNING - ssr:stedsnr = 566958 has multiple (3) positions, using the first one!
utility_to_osm - WARNING - ssr:stedsnr = 566967 has multiple (2) positions, using the first one!
utility_to_osm - WARNING - ssr:stedsnr = 692867: No priority spelling found for lang = no, using alt_name to get "[('no', 'Lille-Survika')]"
utility_to_osm - WARNING - ssr:stedsnr = 692994 has multiple (9) positions, using the first one!
utility_to_osm - WARNING - ssr:stedsnr = 570901: No priority spelling found for lang = no, using alt_name to get "[('no', 'Kårvika')]"
utility_to_osm - WARNING - ssr:stedsnr = 693833: No priority spelling found for lang = no, using alt_name to get "[('no', 'Veifjellet')]"
utility_to_osm - WARNING - ssr:stedsnr = 693833: No priority spelling found for lang = se, using alt_name to get "[('no', 'Veifjellet'), ('se', 'Geaidnočohkka')]"
utility_to_osm - WARNING - ssr:stedsnr = 693833 has multiple (4) positions, using the first one!
utility_to_osm - WARNING - ssr:stedsnr = 574811 has multiple (4) positions, using the first one!
utility_to_osm - WARNING - ssr:stedsnr = 574908: No priority spelling found for lang = no, using alt_name to get "[('no', 'Vannverkvannet')]"
utility_to_osm - WARNING - ssr:stedsnr = 576148 has multiple (2) positions, using the first one!
utility_to_osm - WARNING - ssr:stedsnr = 576206 has multiple (2) positions, using the first one!
utility_to_osm - WARNING - ssr:stedsnr = 578152 has multiple (2) positions, using the first one!
utility_to_osm - WARNING - ssr:stedsnr = 695793 has multiple (2) positions, using the first one!
utility_to_osm - WARNING - ssr:stedsnr = 588572 has multiple (3) positions, using the first one!
utility_to_osm - WARNING - ssr:stedsnr = 588574 has multiple (2) positions, using the first one!
utility_to_osm - WARNING - ssr:stedsnr = 698157: No priority spelling found for lang = se, using alt_name to get "[('no', 'Akkarfjord')]"
utility_to_osm - WARNING - ssr:stedsnr = 698157 has multiple (3) positions, using the first one!
utility_to_osm - WARNING - ssr:stedsnr = 606966: No priority spelling found for lang = no, using alt_name to get "[('no', 'Vatnholmen')]"
utility_to_osm - WARNING - ssr:stedsnr = 625016 has multiple (2) positions, using the first one!
utility_to_osm - WARNING - ssr:stedsnr = 626061: No priority spelling found for lang = se, using alt_name to get "[('no', 'Steinfjellet'), ('se', 'Gámmevárri')]"
utility_to_osm - WARNING - ssr:stedsnr = 626061 has multiple (2) positions, using the first one!
utility_to_osm - WARNING - ssr:stedsnr = 626102 has multiple (3) positions, using the first one!
utility_to_osm - WARNING - ssr:stedsnr = 626211 has multiple (2) positions, using the first one!
utility_to_osm - WARNING - ssr:stedsnr = 626151 has multiple (3) positions, using the first one!
utility_to_osm - WARNING - ssr:stedsnr = 626509 has multiple (3) positions, using the first one!
utility_to_osm - ERROR - ssr:stedsnr = 626847: Adding multiple names to name tag, this is not OK! name = "Lille Halsevatn;Nedre Halsevatnet"
utility_to_osm - WARNING - ssr:stedsnr = 626847 has multiple (2) positions, using the first one!
utility_to_osm - WARNING - ssr:stedsnr = 627008: No priority spelling found for lang = no, using alt_name to get "[('no', 'Fuglenes')]"
utility_to_osm - WARNING - ssr:stedsnr = 627012 has multiple (4) positions, using the first one!
utility_to_osm - WARNING - ssr:stedsnr = 626908 has multiple (2) positions, using the first one!
utility_to_osm - WARNING - ssr:stedsnr = 626949 has multiple (3) positions, using the first one!
utility_to_osm - WARNING - ssr:stedsnr = 626953 has multiple (3) positions, using the first one!
utility_to_osm - WARNING - ssr:stedsnr = 627199: No priority spelling found for lang = se, using alt_name to get "[('no', 'Indreneset'), ('no', 'Storvikneset')]"
utility_to_osm - ERROR - ssr:stedsnr = 627199: Adding multiple names to name tag, this is not OK! name = "Indreneset;Storvikneset"
utility_to_osm - WARNING - ssr:stedsnr = 627199 has multiple (2) positions, using the first one!
utility_to_osm - WARNING - ssr:stedsnr = 627200 has multiple (3) positions, using the first one!
utility_to_osm - WARNING - ssr:stedsnr = 627205 has multiple (2) positions, using the first one!
utility_to_osm - WARNING - ssr:stedsnr = 627859 has multiple (2) positions, using the first one!
utility_to_osm - WARNING - ssr:stedsnr = 627898 has multiple (2) positions, using the first one!
utility_to_osm - WARNING - ssr:stedsnr = 627900 has multiple (3) positions, using the first one!
utility_to_osm - WARNING - ssr:stedsnr = 627798: No priority spelling found for lang = no, using alt_name to get "[('no', 'Vinterelva')]"
utility_to_osm - WARNING - ssr:stedsnr = 627798: No priority spelling found for lang = se, using alt_name to get "[('no', 'Vinterelva'), ('se', 'Dálvesajjohka')]"
utility_to_osm - WARNING - ssr:stedsnr = 627798 has multiple (3) positions, using the first one!
utility_to_osm - WARNING - ssr:stedsnr = 627948 has multiple (2) positions, using the first one!
utility_to_osm - WARNING - ssr:stedsnr = 630898: No priority spelling found for lang = no, using alt_name to get "[('no', 'Seilandstunga')]"
utility_to_osm - WARNING - ssr:stedsnr = 631431: No priority spelling found for lang = no, using alt_name to get "[('no', 'Årresjåelva')]"
utility_to_osm - WARNING - ssr:stedsnr = 635887 has multiple (3) positions, using the first one!
utility_to_osm - WARNING - ssr:stedsnr = 637227 has multiple (2) positions, using the first one!
