utility_to_osm - WARNING - ssr:stedsnr = 19747 has multiple (2) positions, using the first one!
utility_to_osm - WARNING - ssr:stedsnr = 20590: No priority spelling found for lang = se, using alt_name to get "[('no', 'Ridelva'), ('se', 'Giellasjohka'), ('se', 'Riddojohka')]"
utility_to_osm - WARNING - ssr:stedsnr = 20590: No priority spelling found for lang = fkv, using alt_name to get "[('no', 'Ridelva'), ('se', 'Giellasjohka'), ('se', 'Riddojohka'), ('fkv', 'Rittajoki')]"
utility_to_osm - ERROR - ssr:stedsnr = 20590: Adding multiple names to name tag, this is not OK! name = "Giellasjohka;Riddojohka"
utility_to_osm - WARNING - ssr:stedsnr = 20590 has multiple (9) positions, using the first one!
utility_to_osm - WARNING - ssr:stedsnr = 24682 has multiple (4) positions, using the first one!
utility_to_osm - WARNING - ssr:stedsnr = 30004 has multiple (2) positions, using the first one!
utility_to_osm - ERROR - ssr:stedsnr = 30170. No positions found, skipping
utility_to_osm - ERROR - ssr:stedsnr = 30183. No positions found, skipping
utility_to_osm - ERROR - ssr:stedsnr = 30073. No positions found, skipping
utility_to_osm - WARNING - ssr:stedsnr = 30213 has multiple (2) positions, using the first one!
utility_to_osm - WARNING - ssr:stedsnr = 30671 has multiple (2) positions, using the first one!
utility_to_osm - WARNING - ssr:stedsnr = 80740 has multiple (7) positions, using the first one!
utility_to_osm - WARNING - ssr:stedsnr = 81634 has multiple (4) positions, using the first one!
utility_to_osm - WARNING - ssr:stedsnr = 81904 has multiple (2) positions, using the first one!
utility_to_osm - WARNING - ssr:stedsnr = 81916 has multiple (2) positions, using the first one!
utility_to_osm - WARNING - ssr:stedsnr = 89874: No priority spelling found for lang = no, using alt_name to get "[('no', 'Djupholbekken')]"
utility_to_osm - WARNING - ssr:stedsnr = 89874 has multiple (2) positions, using the first one!
utility_to_osm - ERROR - ssr:stedsnr = 91266. No positions found, skipping
utility_to_osm - ERROR - ssr:stedsnr = 91268. No positions found, skipping
utility_to_osm - WARNING - ssr:stedsnr = 140504 has multiple (5) positions, using the first one!
utility_to_osm - WARNING - ssr:stedsnr = 140689 has multiple (2) positions, using the first one!
utility_to_osm - WARNING - ssr:stedsnr = 140739 has multiple (2) positions, using the first one!
utility_to_osm - WARNING - ssr:stedsnr = 141619 has multiple (5) positions, using the first one!
utility_to_osm - WARNING - ssr:stedsnr = 141632 has multiple (6) positions, using the first one!
utility_to_osm - WARNING - ssr:stedsnr = 141636 has multiple (3) positions, using the first one!
utility_to_osm - WARNING - ssr:stedsnr = 141891 has multiple (4) positions, using the first one!
utility_to_osm - WARNING - ssr:stedsnr = 141892 has multiple (2) positions, using the first one!
utility_to_osm - WARNING - ssr:stedsnr = 141934 has multiple (4) positions, using the first one!
utility_to_osm - WARNING - ssr:stedsnr = 149905: No priority spelling found for lang = no, using alt_name to get "[('no', 'Falkormunningen')]"
utility_to_osm - WARNING - ssr:stedsnr = 149905 has multiple (2) positions, using the first one!
utility_to_osm - ERROR - ssr:stedsnr = 151153. No positions found, skipping
utility_to_osm - ERROR - ssr:stedsnr = 151062. No positions found, skipping
utility_to_osm - ERROR - ssr:stedsnr = 151267. No positions found, skipping
utility_to_osm - WARNING - ssr:stedsnr = 262573 has multiple (3) positions, using the first one!
utility_to_osm - WARNING - ssr:stedsnr = 262633 has multiple (8) positions, using the first one!
utility_to_osm - WARNING - ssr:stedsnr = 262757 has multiple (5) positions, using the first one!
utility_to_osm - WARNING - ssr:stedsnr = 262761 has multiple (2) positions, using the first one!
utility_to_osm - WARNING - ssr:stedsnr = 262776 has multiple (2) positions, using the first one!
utility_to_osm - WARNING - ssr:stedsnr = 263556: No priority spelling found for lang = fkv, using alt_name to get "[('no', 'Krampenes'), ('fkv', 'Kramppinen')]"
utility_to_osm - WARNING - ssr:stedsnr = 263556 has multiple (2) positions, using the first one!
utility_to_osm - WARNING - ssr:stedsnr = 263619 has multiple (4) positions, using the first one!
utility_to_osm - WARNING - ssr:stedsnr = 263634 has multiple (3) positions, using the first one!
utility_to_osm - WARNING - ssr:stedsnr = 202642 has multiple (3) positions, using the first one!
utility_to_osm - WARNING - ssr:stedsnr = 202645 has multiple (3) positions, using the first one!
utility_to_osm - WARNING - ssr:stedsnr = 202647 has multiple (3) positions, using the first one!
utility_to_osm - WARNING - ssr:stedsnr = 202657: No priority spelling found for lang = se, using alt_name to get "[('no', 'Nattfjelldalen')]"
utility_to_osm - WARNING - ssr:stedsnr = 202657: No priority spelling found for lang = fkv, using alt_name to get "[('no', 'Nattfjelldalen')]"
utility_to_osm - WARNING - ssr:stedsnr = 202544 has multiple (2) positions, using the first one!
utility_to_osm - WARNING - ssr:stedsnr = 202591: No priority spelling found for lang = fkv, using alt_name to get "[('no', 'Pikelva'), ('fkv', 'Neitijoki')]"
utility_to_osm - ERROR - ssr:stedsnr = 202591. No positions found, skipping
utility_to_osm - WARNING - ssr:stedsnr = 202996 has multiple (3) positions, using the first one!
utility_to_osm - WARNING - ssr:stedsnr = 202998: No priority spelling found for lang = fkv, using alt_name to get "[('no', 'Jakobselvkroken'), ('se', 'Ánnejohmohkki'), ('fkv', 'Annijoenmukka')]"
utility_to_osm - WARNING - ssr:stedsnr = 202998 has multiple (4) positions, using the first one!
utility_to_osm - WARNING - ssr:stedsnr = 212205 has multiple (2) positions, using the first one!
utility_to_osm - WARNING - ssr:stedsnr = 212507 has multiple (2) positions, using the first one!
utility_to_osm - WARNING - ssr:stedsnr = 212509 has multiple (2) positions, using the first one!
utility_to_osm - WARNING - ssr:stedsnr = 271043 has multiple (2) positions, using the first one!
utility_to_osm - WARNING - ssr:stedsnr = 455269 has multiple (2) positions, using the first one!
utility_to_osm - WARNING - ssr:stedsnr = 453880: No priority spelling found for lang = no, using alt_name to get "[('no', 'Buckdammen')]"
utility_to_osm - WARNING - ssr:stedsnr = 453882: No priority spelling found for lang = no, using alt_name to get "[('no', 'Lille-Urneselva')]"
utility_to_osm - WARNING - ssr:stedsnr = 453882 has multiple (2) positions, using the first one!
utility_to_osm - ERROR - ssr:stedsnr = 455227. No positions found, skipping
utility_to_osm - ERROR - ssr:stedsnr = 455230. No positions found, skipping
utility_to_osm - ERROR - ssr:stedsnr = 455049. No positions found, skipping
utility_to_osm - ERROR - ssr:stedsnr = 455055. No positions found, skipping
utility_to_osm - ERROR - ssr:stedsnr = 455059. No positions found, skipping
utility_to_osm - ERROR - ssr:stedsnr = 455355. No positions found, skipping
utility_to_osm - WARNING - ssr:stedsnr = 262545 has multiple (5) positions, using the first one!
utility_to_osm - WARNING - ssr:stedsnr = 262646 has multiple (7) positions, using the first one!
utility_to_osm - WARNING - ssr:stedsnr = 263573 has multiple (3) positions, using the first one!
utility_to_osm - WARNING - ssr:stedsnr = 263913 has multiple (2) positions, using the first one!
utility_to_osm - WARNING - ssr:stedsnr = 268282: No priority spelling found for lang = no, using alt_name to get "[('no', 'Yttersida')]"
utility_to_osm - WARNING - ssr:stedsnr = 268282 has multiple (3) positions, using the first one!
utility_to_osm - ERROR - ssr:stedsnr = 273186. No positions found, skipping
utility_to_osm - ERROR - ssr:stedsnr = 273190. No positions found, skipping
utility_to_osm - WARNING - ssr:stedsnr = 323609 has multiple (2) positions, using the first one!
utility_to_osm - WARNING - ssr:stedsnr = 323611 has multiple (3) positions, using the first one!
utility_to_osm - ERROR - ssr:stedsnr = 334051. No positions found, skipping
utility_to_osm - ERROR - ssr:stedsnr = 334055. No positions found, skipping
utility_to_osm - ERROR - ssr:stedsnr = 334057. No positions found, skipping
utility_to_osm - ERROR - ssr:stedsnr = 334161. No positions found, skipping
utility_to_osm - WARNING - ssr:stedsnr = 383165: No priority spelling found for lang = se, using alt_name to get "[('no', 'Varangerfjorden'), ('se', 'Várjavuonna')]"
utility_to_osm - WARNING - ssr:stedsnr = 383165: No priority spelling found for lang = fkv, using alt_name to get "[('no', 'Varangerfjorden'), ('se', 'Várjavuonna'), ('fkv', 'Varenkinvuono')]"
utility_to_osm - WARNING - ssr:stedsnr = 383165 has multiple (71) positions, using the first one!
utility_to_osm - WARNING - ssr:stedsnr = 383548: No priority spelling found for lang = se, using alt_name to get "[('no', 'Vadsø lufthavn'), ('se', 'Čáhcesullo girdihámman')]"
utility_to_osm - WARNING - ssr:stedsnr = 383548: No priority spelling found for lang = fkv, using alt_name to get "[('no', 'Vadsø lufthavn'), ('se', 'Čáhcesullo girdihámman'), ('fkv', 'Vesisaaren lentohamina')]"
utility_to_osm - WARNING - ssr:stedsnr = 384521: No priority spelling found for lang = no, using alt_name to get "[('no', 'Lillelva')]"
utility_to_osm - WARNING - ssr:stedsnr = 384521 has multiple (4) positions, using the first one!
utility_to_osm - WARNING - ssr:stedsnr = 384547 has multiple (2) positions, using the first one!
utility_to_osm - WARNING - ssr:stedsnr = 384606 has multiple (3) positions, using the first one!
utility_to_osm - WARNING - ssr:stedsnr = 384610 has multiple (3) positions, using the first one!
utility_to_osm - WARNING - ssr:stedsnr = 384613 has multiple (3) positions, using the first one!
utility_to_osm - WARNING - ssr:stedsnr = 384615 has multiple (3) positions, using the first one!
utility_to_osm - WARNING - ssr:stedsnr = 394009 has multiple (2) positions, using the first one!
utility_to_osm - WARNING - ssr:stedsnr = 394182 has multiple (2) positions, using the first one!
utility_to_osm - ERROR - ssr:stedsnr = 394185. No positions found, skipping
utility_to_osm - ERROR - ssr:stedsnr = 394313. No positions found, skipping
utility_to_osm - ERROR - ssr:stedsnr = 394314. No positions found, skipping
utility_to_osm - ERROR - ssr:stedsnr = 394335. No positions found, skipping
utility_to_osm - ERROR - ssr:stedsnr = 394241. No positions found, skipping
utility_to_osm - ERROR - ssr:stedsnr = 394381. No positions found, skipping
utility_to_osm - WARNING - ssr:stedsnr = 444508 has multiple (5) positions, using the first one!
utility_to_osm - WARNING - ssr:stedsnr = 444510: No priority spelling found for lang = no, using alt_name to get "[('no', 'Grunnes')]"
utility_to_osm - WARNING - ssr:stedsnr = 444510 has multiple (3) positions, using the first one!
utility_to_osm - WARNING - ssr:stedsnr = 445526 has multiple (3) positions, using the first one!
utility_to_osm - ERROR - ssr:stedsnr = 455060. No positions found, skipping
utility_to_osm - ERROR - ssr:stedsnr = 455065. No positions found, skipping
utility_to_osm - ERROR - ssr:stedsnr = 455213. No positions found, skipping
utility_to_osm - ERROR - ssr:stedsnr = 455168. No positions found, skipping
utility_to_osm - ERROR - ssr:stedsnr = 455334. No positions found, skipping
utility_to_osm - ERROR - ssr:stedsnr = 455344. No positions found, skipping
utility_to_osm - WARNING - ssr:stedsnr = 505567: No priority spelling found for lang = fkv, using alt_name to get "[('no', 'Bærelva'), ('fkv', 'Pärijoki')]"
utility_to_osm - WARNING - ssr:stedsnr = 505567 has multiple (2) positions, using the first one!
utility_to_osm - WARNING - ssr:stedsnr = 505579: No priority spelling found for lang = fkv, using alt_name to get "[('no', 'Øvre Flintelva'), ('se', 'Álljeveaijohka'), ('fkv', 'Öystäjoki')]"
utility_to_osm - WARNING - ssr:stedsnr = 505579 has multiple (12) positions, using the first one!
utility_to_osm - WARNING - ssr:stedsnr = 505615 has multiple (4) positions, using the first one!
utility_to_osm - WARNING - ssr:stedsnr = 505663 has multiple (2) positions, using the first one!
utility_to_osm - WARNING - ssr:stedsnr = 505910: No priority spelling found for lang = fkv, using alt_name to get "[('no', 'Grythaugen'), ('se', 'Stuorra Ruitu'), ('fkv', 'Patatunturi')]"
utility_to_osm - WARNING - ssr:stedsnr = 505910 has multiple (5) positions, using the first one!
utility_to_osm - WARNING - ssr:stedsnr = 514182 has multiple (2) positions, using the first one!
utility_to_osm - WARNING - ssr:stedsnr = 515113 has multiple (2) positions, using the first one!
utility_to_osm - WARNING - ssr:stedsnr = 515251 has multiple (2) positions, using the first one!
utility_to_osm - ERROR - ssr:stedsnr = 516061. No positions found, skipping
utility_to_osm - ERROR - ssr:stedsnr = 516068. No positions found, skipping
utility_to_osm - ERROR - ssr:stedsnr = 529408. No positions found, skipping
utility_to_osm - WARNING - ssr:stedsnr = 686733 has multiple (5) positions, using the first one!
utility_to_osm - WARNING - ssr:stedsnr = 687493 has multiple (6) positions, using the first one!
utility_to_osm - WARNING - ssr:stedsnr = 687496 has multiple (3) positions, using the first one!
utility_to_osm - WARNING - ssr:stedsnr = 687525 has multiple (2) positions, using the first one!
utility_to_osm - WARNING - ssr:stedsnr = 687530: No priority spelling found for lang = no, using alt_name to get "[('no', 'Lille-Urnesdalen')]"
utility_to_osm - WARNING - ssr:stedsnr = 687530 has multiple (4) positions, using the first one!
utility_to_osm - WARNING - ssr:stedsnr = 687540 has multiple (3) positions, using the first one!
utility_to_osm - WARNING - ssr:stedsnr = 687547: No priority spelling found for lang = no, using alt_name to get "[('no', 'Skallnesvannet')]"
utility_to_osm - WARNING - ssr:stedsnr = 687547 has multiple (3) positions, using the first one!
utility_to_osm - WARNING - ssr:stedsnr = 687549 has multiple (4) positions, using the first one!
utility_to_osm - WARNING - ssr:stedsnr = 687556 has multiple (3) positions, using the first one!
utility_to_osm - WARNING - ssr:stedsnr = 687559: No priority spelling found for lang = no, using alt_name to get "[('no', 'Falkorelva')]"
utility_to_osm - WARNING - ssr:stedsnr = 687559 has multiple (7) positions, using the first one!
utility_to_osm - WARNING - ssr:stedsnr = 687565 has multiple (3) positions, using the first one!
utility_to_osm - WARNING - ssr:stedsnr = 687568 has multiple (2) positions, using the first one!
utility_to_osm - WARNING - ssr:stedsnr = 687572 has multiple (2) positions, using the first one!
utility_to_osm - WARNING - ssr:stedsnr = 687579 has multiple (3) positions, using the first one!
utility_to_osm - WARNING - ssr:stedsnr = 687581: No priority spelling found for lang = no, using alt_name to get "[('no', 'Kobbeskjæret')]"
utility_to_osm - WARNING - ssr:stedsnr = 687986: No priority spelling found for lang = se, using alt_name to get "[('no', 'Teodorvannet'), ('se', 'Joddojávri')]"
utility_to_osm - WARNING - ssr:stedsnr = 687986 has multiple (2) positions, using the first one!
utility_to_osm - WARNING - ssr:stedsnr = 687952: No priority spelling found for lang = fkv, using alt_name to get "[('se', 'Oarddojávri'), ('fkv', 'Ortojärvi')]"
utility_to_osm - WARNING - ssr:stedsnr = 687952 has multiple (4) positions, using the first one!
utility_to_osm - WARNING - ssr:stedsnr = 688612 has multiple (2) positions, using the first one!
utility_to_osm - WARNING - ssr:stedsnr = 565506 has multiple (4) positions, using the first one!
utility_to_osm - WARNING - ssr:stedsnr = 565733 has multiple (3) positions, using the first one!
utility_to_osm - WARNING - ssr:stedsnr = 566613 has multiple (6) positions, using the first one!
utility_to_osm - WARNING - ssr:stedsnr = 566559: No priority spelling found for lang = se, using alt_name to get "[('no', 'Skallelv'), ('se', 'Gállojohka')]"
utility_to_osm - WARNING - ssr:stedsnr = 566559: No priority spelling found for lang = fkv, using alt_name to get "[('no', 'Skallelv'), ('se', 'Gállojohka'), ('fkv', 'Kallijoki')]"
utility_to_osm - WARNING - ssr:stedsnr = 566563 has multiple (2) positions, using the first one!
utility_to_osm - WARNING - ssr:stedsnr = 574912: No priority spelling found for lang = no, using alt_name to get "[('no', 'Steinvannet')]"
utility_to_osm - WARNING - ssr:stedsnr = 574912 has multiple (2) positions, using the first one!
utility_to_osm - ERROR - ssr:stedsnr = 576328. No positions found, skipping
utility_to_osm - ERROR - ssr:stedsnr = 576057. No positions found, skipping
utility_to_osm - ERROR - ssr:stedsnr = 576252. No positions found, skipping
utility_to_osm - WARNING - ssr:stedsnr = 695882: No priority spelling found for lang = no, using alt_name to get "[('no', 'Urneselva')]"
utility_to_osm - WARNING - ssr:stedsnr = 695882 has multiple (3) positions, using the first one!
utility_to_osm - WARNING - ssr:stedsnr = 695884: No priority spelling found for lang = no, using alt_name to get "[('no', 'Falkelvdalen')]"
utility_to_osm - WARNING - ssr:stedsnr = 695884 has multiple (2) positions, using the first one!
utility_to_osm - ERROR - ssr:stedsnr = 698142. No positions found, skipping
utility_to_osm - ERROR - ssr:stedsnr = 698172. No positions found, skipping
utility_to_osm - ERROR - ssr:stedsnr = 698247. No positions found, skipping
utility_to_osm - ERROR - ssr:stedsnr = 698109. No positions found, skipping
utility_to_osm - ERROR - ssr:stedsnr = 698110. No positions found, skipping
utility_to_osm - ERROR - ssr:stedsnr = 698292. No positions found, skipping
utility_to_osm - WARNING - ssr:stedsnr = 698495 has multiple (2) positions, using the first one!
utility_to_osm - WARNING - ssr:stedsnr = 698576: No priority spelling found for lang = fkv, using alt_name to get "[('no', 'Lille Salttjern'), ('fkv', 'Pikkujärvi')]"
utility_to_osm - WARNING - ssr:stedsnr = 698576 has multiple (2) positions, using the first one!
utility_to_osm - WARNING - ssr:stedsnr = 698646 has multiple (2) positions, using the first one!
utility_to_osm - WARNING - ssr:stedsnr = 698648 has multiple (2) positions, using the first one!
utility_to_osm - WARNING - ssr:stedsnr = 625707 has multiple (3) positions, using the first one!
utility_to_osm - WARNING - ssr:stedsnr = 626556 has multiple (4) positions, using the first one!
utility_to_osm - WARNING - ssr:stedsnr = 626560 has multiple (2) positions, using the first one!
utility_to_osm - WARNING - ssr:stedsnr = 626600 has multiple (2) positions, using the first one!
utility_to_osm - WARNING - ssr:stedsnr = 626904 has multiple (3) positions, using the first one!
utility_to_osm - ERROR - ssr:stedsnr = 636079. No positions found, skipping
utility_to_osm - ERROR - ssr:stedsnr = 636210. No positions found, skipping
utility_to_osm - ERROR - ssr:stedsnr = 636211. No positions found, skipping
utility_to_osm - WARNING - ssr:stedsnr = 636405: No priority spelling found for lang = fkv, using alt_name to get "[('fkv', 'Sisäpääntie')]"
utility_to_osm - WARNING - ssr:stedsnr = 636405 has multiple (2) positions, using the first one!
utility_to_osm - ERROR - ssr:stedsnr = 637384. No positions found, skipping
utility_to_osm - WARNING - ssr:stedsnr = 686739 has multiple (2) positions, using the first one!
utility_to_osm - WARNING - ssr:stedsnr = 687504: No priority spelling found for lang = fkv, using alt_name to get "[('no', 'Lille-Tavijoki'), ('no', 'Lille Davvejohka'), ('fkv', 'Praminjänkäoja')]"
utility_to_osm - ERROR - ssr:stedsnr = 687504: Adding multiple names to name tag, this is not OK! name = "Lille-Tavijoki;Lille Davvejohka"
utility_to_osm - WARNING - ssr:stedsnr = 687504 has multiple (3) positions, using the first one!
utility_to_osm - WARNING - ssr:stedsnr = 687639: No priority spelling found for lang = se, using alt_name to get "[('no', 'Storbakken')]"
utility_to_osm - WARNING - ssr:stedsnr = 687639 has multiple (3) positions, using the first one!
utility_to_osm - WARNING - ssr:stedsnr = 687536 has multiple (2) positions, using the first one!
utility_to_osm - WARNING - ssr:stedsnr = 688606 has multiple (7) positions, using the first one!
utility_to_osm - ERROR - ssr:stedsnr = 698128. No positions found, skipping
utility_to_osm - ERROR - ssr:stedsnr = 698221. No positions found, skipping
utility_to_osm - ERROR - ssr:stedsnr = 698321. No positions found, skipping
utility_to_osm - WARNING - ssr:stedsnr = 747516: No priority spelling found for lang = no, using alt_name to get "[('no', 'Vadsøya')]"
utility_to_osm - WARNING - ssr:stedsnr = 747516 has multiple (5) positions, using the first one!
utility_to_osm - WARNING - ssr:stedsnr = 748517 has multiple (3) positions, using the first one!
utility_to_osm - WARNING - ssr:stedsnr = 748518 has multiple (6) positions, using the first one!
utility_to_osm - WARNING - ssr:stedsnr = 748565 has multiple (2) positions, using the first one!
utility_to_osm - WARNING - ssr:stedsnr = 748570 has multiple (3) positions, using the first one!
utility_to_osm - WARNING - ssr:stedsnr = 748574 has multiple (5) positions, using the first one!
utility_to_osm - WARNING - ssr:stedsnr = 748576 has multiple (2) positions, using the first one!
utility_to_osm - WARNING - ssr:stedsnr = 748580 has multiple (2) positions, using the first one!
utility_to_osm - WARNING - ssr:stedsnr = 756913: No priority spelling found for lang = no, using alt_name to get "[('no', 'Falkorfossen')]"
utility_to_osm - WARNING - ssr:stedsnr = 756913 has multiple (2) positions, using the first one!
utility_to_osm - WARNING - ssr:stedsnr = 758020 has multiple (2) positions, using the first one!
utility_to_osm - ERROR - ssr:stedsnr = 758048. No positions found, skipping
utility_to_osm - ERROR - ssr:stedsnr = 758245. No positions found, skipping
utility_to_osm - ERROR - ssr:stedsnr = 758152. No positions found, skipping
utility_to_osm - ERROR - ssr:stedsnr = 765721. No positions found, skipping
utility_to_osm - ERROR - ssr:stedsnr = 808515: Adding multiple names to name tag, this is not OK! name = "Akslavannet;Øvre Akslavannet"
utility_to_osm - WARNING - ssr:stedsnr = 808448 has multiple (9) positions, using the first one!
utility_to_osm - WARNING - ssr:stedsnr = 808638 has multiple (2) positions, using the first one!
utility_to_osm - WARNING - ssr:stedsnr = 809598 has multiple (5) positions, using the first one!
utility_to_osm - ERROR - ssr:stedsnr = 819220. No positions found, skipping
utility_to_osm - WARNING - ssr:stedsnr = 819224 has multiple (2) positions, using the first one!
utility_to_osm - ERROR - ssr:stedsnr = 819268. No positions found, skipping
utility_to_osm - ERROR - ssr:stedsnr = 819379. No positions found, skipping
utility_to_osm - ERROR - ssr:stedsnr = 819380. No positions found, skipping
utility_to_osm - WARNING - ssr:stedsnr = 929652: No priority spelling found for lang = fkv, using alt_name to get "[('no', 'Sudimyra'), ('se', 'Čuđđejeaggi'), ('fkv', 'Lauriniemenjänkkä')]"
utility_to_osm - WARNING - ssr:stedsnr = 929652 has multiple (2) positions, using the first one!
utility_to_osm - WARNING - ssr:stedsnr = 870527 has multiple (2) positions, using the first one!
utility_to_osm - WARNING - ssr:stedsnr = 870528 has multiple (3) positions, using the first one!
utility_to_osm - WARNING - ssr:stedsnr = 870541 has multiple (4) positions, using the first one!
utility_to_osm - WARNING - ssr:stedsnr = 870610 has multiple (3) positions, using the first one!
utility_to_osm - WARNING - ssr:stedsnr = 870618 has multiple (2) positions, using the first one!
utility_to_osm - WARNING - ssr:stedsnr = 870627 has multiple (4) positions, using the first one!
utility_to_osm - WARNING - ssr:stedsnr = 930556 has multiple (2) positions, using the first one!
utility_to_osm - WARNING - ssr:stedsnr = 930566 has multiple (4) positions, using the first one!
utility_to_osm - WARNING - ssr:stedsnr = 930630 has multiple (5) positions, using the first one!
utility_to_osm - WARNING - ssr:stedsnr = 930911 has multiple (3) positions, using the first one!
utility_to_osm - WARNING - ssr:stedsnr = 930954 has multiple (2) positions, using the first one!
utility_to_osm - WARNING - ssr:stedsnr = 930997 has multiple (3) positions, using the first one!
utility_to_osm - ERROR - invalid name_status = "avslått navnevalg"
utility_to_osm - ERROR - invalid name_status = "avslått navnevalg"
utility_to_osm - ERROR - invalid name_status = "avslått navnevalg"
utility_to_osm - WARNING - ssr:stedsnr = 875970: No priority spelling found for lang = fkv, using alt_name to get "[('no', 'Skipskjølen'), ('se', 'Bealjáidčearru'), ('fkv', 'Kööli')]"
utility_to_osm - WARNING - ssr:stedsnr = 875970 has multiple (12) positions, using the first one!
utility_to_osm - WARNING - ssr:stedsnr = 875982: No priority spelling found for lang = se, using alt_name to get "[('no', 'Urfjellet'), ('se', 'Jiessavárri')]"
utility_to_osm - WARNING - ssr:stedsnr = 875982: No priority spelling found for lang = fkv, using alt_name to get "[('no', 'Urfjellet'), ('se', 'Jiessavárri'), ('fkv', 'Kivitunturi')]"
utility_to_osm - WARNING - ssr:stedsnr = 875982 has multiple (3) positions, using the first one!
utility_to_osm - ERROR - ssr:stedsnr = 880138. No positions found, skipping
utility_to_osm - ERROR - ssr:stedsnr = 880220. No positions found, skipping
utility_to_osm - ERROR - ssr:stedsnr = 880236. No positions found, skipping
utility_to_osm - ERROR - ssr:stedsnr = 880306. No positions found, skipping
utility_to_osm - ERROR - ssr:stedsnr = 880310. No positions found, skipping
utility_to_osm - ERROR - ssr:stedsnr = 880313. No positions found, skipping
utility_to_osm - ERROR - ssr:stedsnr = 880315. No positions found, skipping
utility_to_osm - ERROR - ssr:stedsnr = 880319. No positions found, skipping
utility_to_osm - ERROR - ssr:stedsnr = 880354. No positions found, skipping
utility_to_osm - ERROR - ssr:stedsnr = 880362. No positions found, skipping
utility_to_osm - WARNING - ssr:stedsnr = 934171: No priority spelling found for lang = no, using alt_name to get "[('no', 'Ramnflogmola')]"
utility_to_osm - WARNING - ssr:stedsnr = 929611: No priority spelling found for lang = se, using alt_name to get "[('no', 'Vestre Jakobselv'), ('se', 'Ánnejohka')]"
utility_to_osm - WARNING - ssr:stedsnr = 929611: No priority spelling found for lang = fkv, using alt_name to get "[('no', 'Vestre Jakobselv'), ('se', 'Ánnejohka'), ('fkv', 'Annijoki')]"
utility_to_osm - WARNING - ssr:stedsnr = 929611 has multiple (5) positions, using the first one!
utility_to_osm - WARNING - ssr:stedsnr = 930543 has multiple (2) positions, using the first one!
utility_to_osm - WARNING - ssr:stedsnr = 930547 has multiple (5) positions, using the first one!
utility_to_osm - WARNING - ssr:stedsnr = 930551 has multiple (3) positions, using the first one!
utility_to_osm - WARNING - ssr:stedsnr = 930653 has multiple (2) positions, using the first one!
utility_to_osm - WARNING - ssr:stedsnr = 931605 has multiple (2) positions, using the first one!
utility_to_osm - WARNING - ssr:stedsnr = 931612 has multiple (3) positions, using the first one!
utility_to_osm - WARNING - ssr:stedsnr = 931614 has multiple (3) positions, using the first one!
utility_to_osm - WARNING - ssr:stedsnr = 931616 has multiple (3) positions, using the first one!
utility_to_osm - ERROR - ssr:stedsnr = 940203. No positions found, skipping
utility_to_osm - WARNING - ssr:stedsnr = 979438: No priority spelling found for lang = fkv, using alt_name to get "[('fkv', 'Pikku-Skitsi')]"
utility_to_osm - WARNING - ssr:stedsnr = 979558: No priority spelling found for lang = fkv, using alt_name to get "[('fkv', 'Lauriniemenharju')]"
utility_to_osm - WARNING - ssr:stedsnr = 19711 has multiple (2) positions, using the first one!
utility_to_osm - WARNING - ssr:stedsnr = 19717 has multiple (2) positions, using the first one!
utility_to_osm - WARNING - ssr:stedsnr = 19657 has multiple (2) positions, using the first one!
utility_to_osm - WARNING - ssr:stedsnr = 20566 has multiple (3) positions, using the first one!
utility_to_osm - WARNING - ssr:stedsnr = 20571 has multiple (3) positions, using the first one!
utility_to_osm - WARNING - ssr:stedsnr = 20581 has multiple (3) positions, using the first one!
utility_to_osm - WARNING - ssr:stedsnr = 20628 has multiple (2) positions, using the first one!
utility_to_osm - WARNING - ssr:stedsnr = 26246: No priority spelling found for lang = fkv, using alt_name to get "[('no', 'Golneselva'), ('fkv', 'Kullaselva')]"
utility_to_osm - WARNING - ssr:stedsnr = 28902: No priority spelling found for lang = no, using alt_name to get "[('no', 'Steinvannet')]"
utility_to_osm - WARNING - ssr:stedsnr = 28907: No priority spelling found for lang = no, using alt_name to get "[('no', 'Johan Abrahamrabben')]"
utility_to_osm - WARNING - ssr:stedsnr = 28907 has multiple (2) positions, using the first one!
utility_to_osm - ERROR - ssr:stedsnr = 30062. No positions found, skipping
utility_to_osm - ERROR - ssr:stedsnr = 30063. No positions found, skipping
utility_to_osm - ERROR - ssr:stedsnr = 30261. No positions found, skipping
utility_to_osm - ERROR - ssr:stedsnr = 30384. No positions found, skipping
utility_to_osm - WARNING - ssr:stedsnr = 30413 has multiple (2) positions, using the first one!
utility_to_osm - ERROR - ssr:stedsnr = 44398. No positions found, skipping
utility_to_osm - WARNING - ssr:stedsnr = 80522 has multiple (4) positions, using the first one!
utility_to_osm - WARNING - ssr:stedsnr = 80524: No priority spelling found for lang = se, using alt_name to get "[('no', 'Vadsø'), ('se', 'Čáhcesuolu')]"
utility_to_osm - WARNING - ssr:stedsnr = 80524: No priority spelling found for lang = fkv, using alt_name to get "[('no', 'Vadsø'), ('se', 'Čáhcesuolu'), ('fkv', 'Vesisaari')]"
utility_to_osm - WARNING - ssr:stedsnr = 80524 has multiple (6) positions, using the first one!
utility_to_osm - WARNING - ssr:stedsnr = 80530 has multiple (2) positions, using the first one!
utility_to_osm - WARNING - ssr:stedsnr = 80635 has multiple (2) positions, using the first one!
utility_to_osm - WARNING - ssr:stedsnr = 80540 has multiple (2) positions, using the first one!
utility_to_osm - WARNING - ssr:stedsnr = 80675: No priority spelling found for lang = se, using alt_name to get "[('no', 'Finneset')]"
utility_to_osm - WARNING - ssr:stedsnr = 80675: No priority spelling found for lang = fkv, using alt_name to get "[('no', 'Finneset'), ('fkv', 'Lauriniemi')]"
utility_to_osm - WARNING - ssr:stedsnr = 80675 has multiple (2) positions, using the first one!
utility_to_osm - WARNING - ssr:stedsnr = 80735 has multiple (7) positions, using the first one!
utility_to_osm - WARNING - ssr:stedsnr = 80946 has multiple (2) positions, using the first one!
utility_to_osm - WARNING - ssr:stedsnr = 80947 has multiple (2) positions, using the first one!
utility_to_osm - WARNING - ssr:stedsnr = 81586 has multiple (2) positions, using the first one!
utility_to_osm - WARNING - ssr:stedsnr = 81589 has multiple (2) positions, using the first one!
utility_to_osm - WARNING - ssr:stedsnr = 81594: No priority spelling found for lang = se, using alt_name to get "[('no', 'Høyelva'), ('se', 'Oažžejohka')]"
utility_to_osm - WARNING - ssr:stedsnr = 81594: No priority spelling found for lang = fkv, using alt_name to get "[('no', 'Høyelva'), ('se', 'Oažžejohka'), ('fkv', 'Heinäjoki')]"
utility_to_osm - WARNING - ssr:stedsnr = 81594 has multiple (11) positions, using the first one!
utility_to_osm - WARNING - ssr:stedsnr = 81496: No priority spelling found for lang = fkv, using alt_name to get "[('no', 'Ekkerøya'), ('fkv', 'Ekrea')]"
utility_to_osm - WARNING - ssr:stedsnr = 81496 has multiple (4) positions, using the first one!
utility_to_osm - ERROR - ssr:stedsnr = 81563: Adding multiple names to name tag, this is not OK! name = "Torvvannet;Nedre Sikevannet"
utility_to_osm - WARNING - ssr:stedsnr = 81563 has multiple (2) positions, using the first one!
utility_to_osm - WARNING - ssr:stedsnr = 81571: No priority spelling found for lang = se, using alt_name to get "[('no', 'Lille Skallelva'), ('se', 'Ávže-Gállojohka')]"
utility_to_osm - WARNING - ssr:stedsnr = 81571 has multiple (10) positions, using the first one!
utility_to_osm - WARNING - ssr:stedsnr = 81629 has multiple (6) positions, using the first one!
utility_to_osm - ERROR - ssr:stedsnr = 91356. No positions found, skipping
utility_to_osm - ERROR - ssr:stedsnr = 91053. No positions found, skipping
utility_to_osm - ERROR - ssr:stedsnr = 91153. No positions found, skipping
utility_to_osm - ERROR - ssr:stedsnr = 91377. No positions found, skipping
utility_to_osm - ERROR - ssr:stedsnr = 91383. No positions found, skipping
utility_to_osm - WARNING - ssr:stedsnr = 140724 has multiple (2) positions, using the first one!
utility_to_osm - WARNING - ssr:stedsnr = 141555 has multiple (2) positions, using the first one!
utility_to_osm - WARNING - ssr:stedsnr = 141564 has multiple (9) positions, using the first one!
utility_to_osm - WARNING - ssr:stedsnr = 141569 has multiple (3) positions, using the first one!
utility_to_osm - WARNING - ssr:stedsnr = 141969 has multiple (2) positions, using the first one!
utility_to_osm - WARNING - ssr:stedsnr = 149032 has multiple (2) positions, using the first one!
utility_to_osm - ERROR - ssr:stedsnr = 151393. No positions found, skipping
utility_to_osm - ERROR - ssr:stedsnr = 158738. No positions found, skipping
utility_to_osm - WARNING - ssr:stedsnr = 273017 has multiple (2) positions, using the first one!
utility_to_osm - WARNING - ssr:stedsnr = 201594 has multiple (2) positions, using the first one!
utility_to_osm - WARNING - ssr:stedsnr = 201730 has multiple (2) positions, using the first one!
utility_to_osm - WARNING - ssr:stedsnr = 202478 has multiple (2) positions, using the first one!
utility_to_osm - WARNING - ssr:stedsnr = 202566 has multiple (3) positions, using the first one!
utility_to_osm - WARNING - ssr:stedsnr = 202515 has multiple (2) positions, using the first one!
utility_to_osm - WARNING - ssr:stedsnr = 202530 has multiple (3) positions, using the first one!
utility_to_osm - WARNING - ssr:stedsnr = 202532 has multiple (3) positions, using the first one!
utility_to_osm - WARNING - ssr:stedsnr = 202626: No priority spelling found for lang = fkv, using alt_name to get "[('no', 'Bergelva'), ('fkv', 'Kivijoki')]"
utility_to_osm - WARNING - ssr:stedsnr = 202626 has multiple (7) positions, using the first one!
utility_to_osm - WARNING - ssr:stedsnr = 202636 has multiple (4) positions, using the first one!
utility_to_osm - WARNING - ssr:stedsnr = 273058 has multiple (2) positions, using the first one!
utility_to_osm - ERROR - ssr:stedsnr = 273143. No positions found, skipping
utility_to_osm - ERROR - ssr:stedsnr = 273153. No positions found, skipping
utility_to_osm - WARNING - ssr:stedsnr = 208627: No priority spelling found for lang = se, using alt_name to get "[('no', 'Solvarden'), ('se', 'Suolovárri')]"
utility_to_osm - WARNING - ssr:stedsnr = 208627 has multiple (5) positions, using the first one!
utility_to_osm - WARNING - ssr:stedsnr = 210897: No priority spelling found for lang = no, using alt_name to get "[('no', 'Kortevannet')]"
utility_to_osm - WARNING - ssr:stedsnr = 210899: No priority spelling found for lang = no, using alt_name to get "[('no', 'Petter Persmoavannet')]"
utility_to_osm - WARNING - ssr:stedsnr = 210899 has multiple (2) positions, using the first one!
utility_to_osm - ERROR - ssr:stedsnr = 212144. No positions found, skipping
utility_to_osm - ERROR - ssr:stedsnr = 212262. No positions found, skipping
utility_to_osm - ERROR - ssr:stedsnr = 273191. No positions found, skipping
utility_to_osm - ERROR - ssr:stedsnr = 212046. No positions found, skipping
utility_to_osm - ERROR - ssr:stedsnr = 212363. No positions found, skipping
utility_to_osm - ERROR - ssr:stedsnr = 212373. No positions found, skipping
utility_to_osm - ERROR - ssr:stedsnr = 273213. No positions found, skipping
utility_to_osm - ERROR - ssr:stedsnr = 273243. No positions found, skipping
utility_to_osm - ERROR - ssr:stedsnr = 273253. No positions found, skipping
utility_to_osm - ERROR - ssr:stedsnr = 273270. No positions found, skipping
utility_to_osm - ERROR - ssr:stedsnr = 273342. No positions found, skipping
utility_to_osm - WARNING - ssr:stedsnr = 273561 has multiple (3) positions, using the first one!
utility_to_osm - WARNING - ssr:stedsnr = 273643: No priority spelling found for lang = fkv, using alt_name to get "[('no', 'Neset'), ('fkv', 'Niemi')]"
utility_to_osm - ERROR - ssr:stedsnr = 279736. No positions found, skipping
utility_to_osm - ERROR - ssr:stedsnr = 279737. No positions found, skipping
utility_to_osm - ERROR - ssr:stedsnr = 287346. No positions found, skipping
utility_to_osm - ERROR - ssr:stedsnr = 287450. No positions found, skipping
utility_to_osm - WARNING - ssr:stedsnr = 323531 has multiple (2) positions, using the first one!
utility_to_osm - WARNING - ssr:stedsnr = 323552: No priority spelling found for lang = no, using alt_name to get "[('no', 'Laurivannet')]"
utility_to_osm - WARNING - ssr:stedsnr = 323552 has multiple (5) positions, using the first one!
utility_to_osm - WARNING - ssr:stedsnr = 323560: No priority spelling found for lang = no, using alt_name to get "[('no', 'Falkorvannet')]"
utility_to_osm - WARNING - ssr:stedsnr = 323560 has multiple (2) positions, using the first one!
utility_to_osm - WARNING - ssr:stedsnr = 323581 has multiple (4) positions, using the first one!
utility_to_osm - WARNING - ssr:stedsnr = 323615 has multiple (2) positions, using the first one!
utility_to_osm - WARNING - ssr:stedsnr = 323622 has multiple (5) positions, using the first one!
utility_to_osm - WARNING - ssr:stedsnr = 323625 has multiple (3) positions, using the first one!
utility_to_osm - WARNING - ssr:stedsnr = 323627 has multiple (4) positions, using the first one!
utility_to_osm - WARNING - ssr:stedsnr = 323629 has multiple (4) positions, using the first one!
utility_to_osm - WARNING - ssr:stedsnr = 323630 has multiple (3) positions, using the first one!
utility_to_osm - WARNING - ssr:stedsnr = 323639 has multiple (2) positions, using the first one!
utility_to_osm - WARNING - ssr:stedsnr = 323643 has multiple (2) positions, using the first one!
utility_to_osm - WARNING - ssr:stedsnr = 323653 has multiple (2) positions, using the first one!
utility_to_osm - WARNING - ssr:stedsnr = 323657: No priority spelling found for lang = fkv, using alt_name to get "[('no', 'Klubbnasen'), ('se', 'Murggiidgeahči')]"
utility_to_osm - WARNING - ssr:stedsnr = 323657 has multiple (2) positions, using the first one!
utility_to_osm - WARNING - ssr:stedsnr = 323659 has multiple (3) positions, using the first one!
utility_to_osm - WARNING - ssr:stedsnr = 323913 has multiple (3) positions, using the first one!
utility_to_osm - WARNING - ssr:stedsnr = 331034 has multiple (2) positions, using the first one!
utility_to_osm - WARNING - ssr:stedsnr = 331850 has multiple (2) positions, using the first one!
utility_to_osm - ERROR - ssr:stedsnr = 333140. No positions found, skipping
utility_to_osm - ERROR - ssr:stedsnr = 334328. No positions found, skipping
utility_to_osm - WARNING - ssr:stedsnr = 334630 has multiple (2) positions, using the first one!
utility_to_osm - WARNING - ssr:stedsnr = 383542 has multiple (2) positions, using the first one!
utility_to_osm - WARNING - ssr:stedsnr = 383634 has multiple (2) positions, using the first one!
utility_to_osm - WARNING - ssr:stedsnr = 383750 has multiple (2) positions, using the first one!
utility_to_osm - WARNING - ssr:stedsnr = 383643 has multiple (3) positions, using the first one!
utility_to_osm - WARNING - ssr:stedsnr = 383644 has multiple (2) positions, using the first one!
utility_to_osm - WARNING - ssr:stedsnr = 383717 has multiple (2) positions, using the first one!
utility_to_osm - WARNING - ssr:stedsnr = 383720 has multiple (4) positions, using the first one!
utility_to_osm - WARNING - ssr:stedsnr = 383730: No priority spelling found for lang = fkv, using alt_name to get "[('no', 'Kildebekken'), ('fkv', 'Heteoja')]"
utility_to_osm - WARNING - ssr:stedsnr = 383730 has multiple (3) positions, using the first one!
utility_to_osm - WARNING - ssr:stedsnr = 383937 has multiple (2) positions, using the first one!
utility_to_osm - WARNING - ssr:stedsnr = 384524 has multiple (2) positions, using the first one!
utility_to_osm - WARNING - ssr:stedsnr = 384529: No priority spelling found for lang = se, using alt_name to get "[('no', 'Urelva'), ('se', 'Juovvajohka')]"
utility_to_osm - WARNING - ssr:stedsnr = 384529 has multiple (7) positions, using the first one!
utility_to_osm - WARNING - ssr:stedsnr = 392909: No priority spelling found for lang = no, using alt_name to get "[('no', 'Storvannet')]"
utility_to_osm - WARNING - ssr:stedsnr = 392909 has multiple (2) positions, using the first one!
utility_to_osm - ERROR - ssr:stedsnr = 394049. No positions found, skipping
utility_to_osm - ERROR - ssr:stedsnr = 394245. No positions found, skipping
utility_to_osm - ERROR - ssr:stedsnr = 394247. No positions found, skipping
utility_to_osm - ERROR - ssr:stedsnr = 394155. No positions found, skipping
utility_to_osm - WARNING - ssr:stedsnr = 444497 has multiple (4) positions, using the first one!
utility_to_osm - WARNING - ssr:stedsnr = 444714 has multiple (3) positions, using the first one!
utility_to_osm - WARNING - ssr:stedsnr = 444637 has multiple (2) positions, using the first one!
utility_to_osm - WARNING - ssr:stedsnr = 444736 has multiple (2) positions, using the first one!
utility_to_osm - WARNING - ssr:stedsnr = 445616 has multiple (9) positions, using the first one!
utility_to_osm - WARNING - ssr:stedsnr = 445648 has multiple (3) positions, using the first one!
utility_to_osm - WARNING - ssr:stedsnr = 445922 has multiple (3) positions, using the first one!
utility_to_osm - WARNING - ssr:stedsnr = 445999 has multiple (8) positions, using the first one!
utility_to_osm - WARNING - ssr:stedsnr = 504750 has multiple (4) positions, using the first one!
utility_to_osm - WARNING - ssr:stedsnr = 505482: No priority spelling found for lang = no, using alt_name to get "[('no', 'Ekkerøya'), ('no', 'Store Ekkerøya')]"
utility_to_osm - WARNING - ssr:stedsnr = 505482: No priority spelling found for lang = fkv, using alt_name to get "[('no', 'Ekkerøya'), ('no', 'Store Ekkerøya'), ('fkv', 'Ekrea')]"
utility_to_osm - ERROR - ssr:stedsnr = 505482: Adding multiple names to name tag, this is not OK! name = "Ekkerøya;Store Ekkerøya"
utility_to_osm - WARNING - ssr:stedsnr = 505482 has multiple (9) positions, using the first one!
utility_to_osm - WARNING - ssr:stedsnr = 505531 has multiple (2) positions, using the first one!
utility_to_osm - WARNING - ssr:stedsnr = 505540 has multiple (3) positions, using the first one!
utility_to_osm - WARNING - ssr:stedsnr = 505549 has multiple (3) positions, using the first one!
utility_to_osm - WARNING - ssr:stedsnr = 505553 has multiple (3) positions, using the first one!
utility_to_osm - WARNING - ssr:stedsnr = 505558 has multiple (6) positions, using the first one!
utility_to_osm - WARNING - ssr:stedsnr = 505628 has multiple (3) positions, using the first one!
utility_to_osm - WARNING - ssr:stedsnr = 505650 has multiple (3) positions, using the first one!
utility_to_osm - WARNING - ssr:stedsnr = 505937 has multiple (3) positions, using the first one!
utility_to_osm - WARNING - ssr:stedsnr = 506029: No priority spelling found for lang = se, using alt_name to get "[('no', 'Varangerhalvøya'), ('se', 'Várnjárga')]"
utility_to_osm - WARNING - ssr:stedsnr = 506029: No priority spelling found for lang = fkv, using alt_name to get "[('no', 'Varangerhalvøya'), ('se', 'Várnjárga'), ('fkv', 'Varenkinniemi')]"
utility_to_osm - WARNING - ssr:stedsnr = 506029 has multiple (11) positions, using the first one!
utility_to_osm - ERROR - ssr:stedsnr = 510436. No positions found, skipping
utility_to_osm - ERROR - ssr:stedsnr = 515149. No positions found, skipping
utility_to_osm - ERROR - ssr:stedsnr = 515155. No positions found, skipping
utility_to_osm - ERROR - ssr:stedsnr = 516184. No positions found, skipping
utility_to_osm - ERROR - ssr:stedsnr = 516343. No positions found, skipping
utility_to_osm - WARNING - ssr:stedsnr = 516399 has multiple (2) positions, using the first one!
utility_to_osm - ERROR - ssr:stedsnr = 516360. No positions found, skipping
utility_to_osm - ERROR - ssr:stedsnr = 522707. No positions found, skipping
utility_to_osm - WARNING - ssr:stedsnr = 564660: No priority spelling found for lang = se, using alt_name to get "[('no', 'Kargilmyra'), ('se', 'Gárjiljeakkit')]"
utility_to_osm - WARNING - ssr:stedsnr = 564660 has multiple (5) positions, using the first one!
utility_to_osm - WARNING - ssr:stedsnr = 565518: No priority spelling found for lang = se, using alt_name to get "[('no', 'Store Salttjern'), ('se', 'Sáltejávri')]"
utility_to_osm - WARNING - ssr:stedsnr = 565518: No priority spelling found for lang = fkv, using alt_name to get "[('no', 'Store Salttjern'), ('se', 'Sáltejávri'), ('fkv', 'Salttijärvi')]"
utility_to_osm - ERROR - ssr:stedsnr = 565519: Adding multiple names to name tag, this is not OK! name = "Lille Monstadvannet;Lille Akslavannet"
utility_to_osm - WARNING - ssr:stedsnr = 565519 has multiple (3) positions, using the first one!
utility_to_osm - WARNING - ssr:stedsnr = 565522 has multiple (2) positions, using the first one!
utility_to_osm - WARNING - ssr:stedsnr = 565531 has multiple (2) positions, using the first one!
utility_to_osm - WARNING - ssr:stedsnr = 565763 has multiple (2) positions, using the first one!
utility_to_osm - WARNING - ssr:stedsnr = 565769: No priority spelling found for lang = no, using alt_name to get "[('no', 'Flintelva')]"
utility_to_osm - WARNING - ssr:stedsnr = 565769 has multiple (4) positions, using the first one!
utility_to_osm - WARNING - ssr:stedsnr = 565751 has multiple (3) positions, using the first one!
utility_to_osm - WARNING - ssr:stedsnr = 565754 has multiple (2) positions, using the first one!
utility_to_osm - WARNING - ssr:stedsnr = 565945 has multiple (4) positions, using the first one!
utility_to_osm - WARNING - ssr:stedsnr = 566541: No priority spelling found for lang = fkv, using alt_name to get "[('no', 'Torvmyrvannet'), ('fkv', 'Kivijärvi'), ('fkv', 'Turvejärvi')]"
utility_to_osm - ERROR - ssr:stedsnr = 566541: Adding multiple names to name tag, this is not OK! name = "Kivijärvi;Turvejärvi"
utility_to_osm - WARNING - ssr:stedsnr = 566547: No priority spelling found for lang = no, using alt_name to get "[('no', 'Falkor')]"
utility_to_osm - WARNING - ssr:stedsnr = 566547 has multiple (4) positions, using the first one!
utility_to_osm - WARNING - ssr:stedsnr = 566555 has multiple (2) positions, using the first one!
utility_to_osm - WARNING - ssr:stedsnr = 576040 has multiple (3) positions, using the first one!
utility_to_osm - ERROR - ssr:stedsnr = 576087. No positions found, skipping
utility_to_osm - ERROR - ssr:stedsnr = 576334. No positions found, skipping
utility_to_osm - ERROR - ssr:stedsnr = 576370. No positions found, skipping
utility_to_osm - ERROR - ssr:stedsnr = 576372. No positions found, skipping
utility_to_osm - WARNING - ssr:stedsnr = 576592 has multiple (2) positions, using the first one!
utility_to_osm - WARNING - ssr:stedsnr = 576528 has multiple (2) positions, using the first one!
utility_to_osm - WARNING - ssr:stedsnr = 576989 has multiple (2) positions, using the first one!
utility_to_osm - ERROR - ssr:stedsnr = 582755. No positions found, skipping
utility_to_osm - ERROR - ssr:stedsnr = 590414. No positions found, skipping
utility_to_osm - WARNING - ssr:stedsnr = 625681 has multiple (3) positions, using the first one!
utility_to_osm - WARNING - ssr:stedsnr = 626535 has multiple (5) positions, using the first one!
utility_to_osm - WARNING - ssr:stedsnr = 626543 has multiple (2) positions, using the first one!
utility_to_osm - ERROR - ssr:stedsnr = 626631: Adding multiple names to name tag, this is not OK! name = "Lillevannet;Lille Andersbyvannet"
utility_to_osm - WARNING - ssr:stedsnr = 626631 has multiple (3) positions, using the first one!
utility_to_osm - WARNING - ssr:stedsnr = 626566 has multiple (3) positions, using the first one!
utility_to_osm - WARNING - ssr:stedsnr = 626633 has multiple (3) positions, using the first one!
utility_to_osm - WARNING - ssr:stedsnr = 626635 has multiple (3) positions, using the first one!
utility_to_osm - WARNING - ssr:stedsnr = 626919 has multiple (3) positions, using the first one!
utility_to_osm - ERROR - ssr:stedsnr = 636049. No positions found, skipping
utility_to_osm - ERROR - ssr:stedsnr = 636054. No positions found, skipping
utility_to_osm - ERROR - ssr:stedsnr = 636059. No positions found, skipping
utility_to_osm - ERROR - ssr:stedsnr = 636068. No positions found, skipping
utility_to_osm - WARNING - ssr:stedsnr = 636417 has multiple (2) positions, using the first one!
utility_to_osm - ERROR - ssr:stedsnr = 636247. No positions found, skipping
utility_to_osm - WARNING - ssr:stedsnr = 716388 has multiple (3) positions, using the first one!
utility_to_osm - WARNING - ssr:stedsnr = 747626 has multiple (3) positions, using the first one!
utility_to_osm - WARNING - ssr:stedsnr = 747742 has multiple (2) positions, using the first one!
utility_to_osm - WARNING - ssr:stedsnr = 748551: No priority spelling found for lang = no, using alt_name to get "[('no', 'Urnesodden')]"
utility_to_osm - WARNING - ssr:stedsnr = 748551 has multiple (2) positions, using the first one!
utility_to_osm - WARNING - ssr:stedsnr = 748556: No priority spelling found for lang = fkv, using alt_name to get "[('no', 'Lille Ekkerøy'), ('fkv', 'Pikku-Ekrea')]"
utility_to_osm - WARNING - ssr:stedsnr = 748556 has multiple (5) positions, using the first one!
utility_to_osm - WARNING - ssr:stedsnr = 748626 has multiple (3) positions, using the first one!
utility_to_osm - WARNING - ssr:stedsnr = 748633 has multiple (2) positions, using the first one!
utility_to_osm - WARNING - ssr:stedsnr = 748952 has multiple (2) positions, using the first one!
utility_to_osm - WARNING - ssr:stedsnr = 748995 has multiple (3) positions, using the first one!
utility_to_osm - ERROR - ssr:stedsnr = 758164. No positions found, skipping
utility_to_osm - ERROR - ssr:stedsnr = 758390. No positions found, skipping
utility_to_osm - WARNING - ssr:stedsnr = 758732 has multiple (2) positions, using the first one!
utility_to_osm - WARNING - ssr:stedsnr = 758986 has multiple (3) positions, using the first one!
utility_to_osm - WARNING - ssr:stedsnr = 808502: No priority spelling found for lang = no, using alt_name to get "[('no', 'Navarsodden')]"
utility_to_osm - WARNING - ssr:stedsnr = 808502 has multiple (2) positions, using the first one!
utility_to_osm - WARNING - ssr:stedsnr = 808649 has multiple (2) positions, using the first one!
utility_to_osm - WARNING - ssr:stedsnr = 808671: No priority spelling found for lang = se, using alt_name to get "[('no', 'Kariel'), ('se', 'Gárjil')]"
utility_to_osm - WARNING - ssr:stedsnr = 808671: No priority spelling found for lang = fkv, using alt_name to get "[('no', 'Kariel'), ('se', 'Gárjil'), ('fkv', 'Karieli')]"
utility_to_osm - WARNING - ssr:stedsnr = 808671 has multiple (9) positions, using the first one!
utility_to_osm - WARNING - ssr:stedsnr = 808619: No priority spelling found for lang = fkv, using alt_name to get "[('no', 'Skittenelvdalen')]"
utility_to_osm - WARNING - ssr:stedsnr = 808619 has multiple (4) positions, using the first one!
utility_to_osm - WARNING - ssr:stedsnr = 808623 has multiple (7) positions, using the first one!
utility_to_osm - WARNING - ssr:stedsnr = 809564: No priority spelling found for lang = fkv, using alt_name to get "[('no', 'Falkkeila'), ('fkv', 'Falkkikeila')]"
utility_to_osm - WARNING - ssr:stedsnr = 809564 has multiple (3) positions, using the first one!
utility_to_osm - WARNING - ssr:stedsnr = 809565: No priority spelling found for lang = no, using alt_name to get "[('no', 'Urnesdalen')]"
utility_to_osm - WARNING - ssr:stedsnr = 809565 has multiple (4) positions, using the first one!
utility_to_osm - WARNING - ssr:stedsnr = 809567: No priority spelling found for lang = no, using alt_name to get "[('no', 'Urnesvannet')]"
utility_to_osm - WARNING - ssr:stedsnr = 809567 has multiple (4) positions, using the first one!
utility_to_osm - WARNING - ssr:stedsnr = 809571 has multiple (2) positions, using the first one!
utility_to_osm - WARNING - ssr:stedsnr = 809572 has multiple (2) positions, using the first one!
utility_to_osm - WARNING - ssr:stedsnr = 809531 has multiple (3) positions, using the first one!
utility_to_osm - WARNING - ssr:stedsnr = 809630 has multiple (5) positions, using the first one!
utility_to_osm - WARNING - ssr:stedsnr = 809635 has multiple (3) positions, using the first one!
utility_to_osm - WARNING - ssr:stedsnr = 809653 has multiple (2) positions, using the first one!
utility_to_osm - WARNING - ssr:stedsnr = 809922 has multiple (2) positions, using the first one!
utility_to_osm - WARNING - ssr:stedsnr = 813393: No priority spelling found for lang = se, using alt_name to get "[('no', 'Solvarden'), ('se', 'Suolovárri')]"
utility_to_osm - WARNING - ssr:stedsnr = 813393 has multiple (4) positions, using the first one!
utility_to_osm - WARNING - ssr:stedsnr = 815520: No priority spelling found for lang = fkv, using alt_name to get "[('no', 'Steinfjellet'), ('se', 'Riddočearru'), ('fkv', 'Kivitunturi')]"
utility_to_osm - WARNING - ssr:stedsnr = 815520 has multiple (7) positions, using the first one!
utility_to_osm - WARNING - ssr:stedsnr = 817905: No priority spelling found for lang = no, using alt_name to get "[('no', 'Urnes')]"
utility_to_osm - WARNING - ssr:stedsnr = 817905 has multiple (2) positions, using the first one!
utility_to_osm - ERROR - ssr:stedsnr = 819158. No positions found, skipping
utility_to_osm - WARNING - ssr:stedsnr = 819181 has multiple (2) positions, using the first one!
utility_to_osm - WARNING - ssr:stedsnr = 819331 has multiple (2) positions, using the first one!
utility_to_osm - ERROR - ssr:stedsnr = 819348. No positions found, skipping
utility_to_osm - ERROR - ssr:stedsnr = 819358. No positions found, skipping
utility_to_osm - WARNING - ssr:stedsnr = 822489: No priority spelling found for lang = se, using alt_name to get "[('se', 'Várjjat')]"
utility_to_osm - WARNING - ssr:stedsnr = 822489 has multiple (4) positions, using the first one!
utility_to_osm - WARNING - ssr:stedsnr = 868630 has multiple (3) positions, using the first one!
utility_to_osm - WARNING - ssr:stedsnr = 869584 has multiple (4) positions, using the first one!
utility_to_osm - WARNING - ssr:stedsnr = 869533 has multiple (3) positions, using the first one!
utility_to_osm - WARNING - ssr:stedsnr = 869537 has multiple (3) positions, using the first one!
utility_to_osm - WARNING - ssr:stedsnr = 869543 has multiple (3) positions, using the first one!
utility_to_osm - WARNING - ssr:stedsnr = 869547 has multiple (2) positions, using the first one!
utility_to_osm - WARNING - ssr:stedsnr = 869553: No priority spelling found for lang = se, using alt_name to get "[('no', 'Skallelva'), ('se', 'Gállojohka')]"
utility_to_osm - WARNING - ssr:stedsnr = 869553: No priority spelling found for lang = fkv, using alt_name to get "[('no', 'Skallelva'), ('se', 'Gállojohka'), ('fkv', 'Kallijoki')]"
utility_to_osm - WARNING - ssr:stedsnr = 869553 has multiple (22) positions, using the first one!
utility_to_osm - WARNING - ssr:stedsnr = 869563 has multiple (3) positions, using the first one!
utility_to_osm - WARNING - ssr:stedsnr = 869755 has multiple (3) positions, using the first one!
utility_to_osm - WARNING - ssr:stedsnr = 870482: No priority spelling found for lang = fkv, using alt_name to get "[('no', 'Golnes'), ('fkv', 'Kullaselva')]"
utility_to_osm - WARNING - ssr:stedsnr = 870545 has multiple (2) positions, using the first one!
utility_to_osm - WARNING - ssr:stedsnr = 870546 has multiple (3) positions, using the first one!
utility_to_osm - WARNING - ssr:stedsnr = 870553 has multiple (4) positions, using the first one!
utility_to_osm - WARNING - ssr:stedsnr = 870588 has multiple (2) positions, using the first one!
utility_to_osm - WARNING - ssr:stedsnr = 870596: No priority spelling found for lang = fkv, using alt_name to get "[('no', 'Tomaselva'), ('fkv', 'Turvejoki')]"
utility_to_osm - WARNING - ssr:stedsnr = 870596 has multiple (7) positions, using the first one!
utility_to_osm - WARNING - ssr:stedsnr = 870598 has multiple (4) positions, using the first one!
utility_to_osm - WARNING - ssr:stedsnr = 870888 has multiple (4) positions, using the first one!
utility_to_osm - WARNING - ssr:stedsnr = 870901: No priority spelling found for lang = se, using alt_name to get "[('no', 'Bjørnskaret'), ('se', 'Guovžagurra')]"
utility_to_osm - WARNING - ssr:stedsnr = 870901 has multiple (3) positions, using the first one!
utility_to_osm - WARNING - ssr:stedsnr = 874192: No priority spelling found for lang = no, using alt_name to get "[('no', 'Bukta'), ('no', 'Innersida')]"
utility_to_osm - ERROR - ssr:stedsnr = 874192: Adding multiple names to name tag, this is not OK! name = "Bukta;Innersida"
utility_to_osm - WARNING - ssr:stedsnr = 874192 has multiple (3) positions, using the first one!
utility_to_osm - WARNING - ssr:stedsnr = 875770 has multiple (6) positions, using the first one!
utility_to_osm - WARNING - ssr:stedsnr = 878890: No priority spelling found for lang = no, using alt_name to get "[('no', 'Moskolpavannet')]"
utility_to_osm - WARNING - ssr:stedsnr = 878891: No priority spelling found for lang = no, using alt_name to get "[('no', 'Amandavannet')]"
utility_to_osm - WARNING - ssr:stedsnr = 878891 has multiple (2) positions, using the first one!
utility_to_osm - ERROR - ssr:stedsnr = 880050. No positions found, skipping
utility_to_osm - ERROR - ssr:stedsnr = 880172. No positions found, skipping
utility_to_osm - ERROR - ssr:stedsnr = 880191. No positions found, skipping
utility_to_osm - WARNING - ssr:stedsnr = 880253 has multiple (2) positions, using the first one!
utility_to_osm - WARNING - ssr:stedsnr = 880397 has multiple (2) positions, using the first one!
utility_to_osm - WARNING - ssr:stedsnr = 938892: No priority spelling found for lang = no, using alt_name to get "[('no', 'Bekkavannet')]"
utility_to_osm - WARNING - ssr:stedsnr = 938892 has multiple (2) positions, using the first one!
utility_to_osm - WARNING - ssr:stedsnr = 940008 has multiple (3) positions, using the first one!
utility_to_osm - ERROR - ssr:stedsnr = 940067. No positions found, skipping
utility_to_osm - ERROR - ssr:stedsnr = 940134. No positions found, skipping
utility_to_osm - ERROR - ssr:stedsnr = 940150. No positions found, skipping
utility_to_osm - ERROR - ssr:stedsnr = 940153. No positions found, skipping
utility_to_osm - ERROR - ssr:stedsnr = 940249. No positions found, skipping
utility_to_osm - WARNING - ssr:stedsnr = 941683 has multiple (2) positions, using the first one!
utility_to_osm - ERROR - ssr:stedsnr = 941304. No positions found, skipping
utility_to_osm - WARNING - ssr:stedsnr = 941395 has multiple (2) positions, using the first one!
utility_to_osm - ERROR - ssr:stedsnr = 941350. No positions found, skipping
utility_to_osm - ERROR - ssr:stedsnr = 941357. No positions found, skipping
utility_to_osm - ERROR - ssr:stedsnr = 966017: Adding multiple names to name tag, this is not OK! name = "Solvarden;Suolovárri"
utility_to_osm - WARNING - ssr:stedsnr = 979485: No priority spelling found for lang = fkv, using alt_name to get "[('fkv', 'Lauriniemennokka')]"
utility_to_osm - WARNING - ssr:stedsnr = 979486: No priority spelling found for lang = no, using alt_name to get "[('no', 'Lauriniemenmukka')]"
utility_to_osm - WARNING - ssr:stedsnr = 979477: No priority spelling found for lang = fkv, using alt_name to get "[('fkv', 'Mettäperä')]"
utility_to_osm - WARNING - ssr:stedsnr = 979483: No priority spelling found for lang = fkv, using alt_name to get "[('fkv', 'Lauriniemenpakki')]"
utility_to_osm - WARNING - ssr:stedsnr = 979563: No priority spelling found for lang = fkv, using alt_name to get "[('no', 'Valen')]"
utility_to_osm - WARNING - ssr:stedsnr = 979565: No priority spelling found for lang = se, using alt_name to get "[]"
utility_to_osm - WARNING - ssr:stedsnr = 979565: No priority spelling found for lang = fkv, using alt_name to get "[]"
utility_to_osm - WARNING - ssr:stedsnr = 979565: No priority spelling found for lang = fkv, using alt_name to get "[('no', 'Falkekjeilen')]"
utility_to_osm - WARNING - ssr:stedsnr = 979570: No priority spelling found for lang = fkv, using alt_name to get "[('no', 'Neset')]"
utility_to_osm - WARNING - ssr:stedsnr = 979572: No priority spelling found for lang = fkv, using alt_name to get "[('fkv', 'Neitijänkkä')]"
utility_to_osm - WARNING - ssr:stedsnr = 1056650: No priority spelling found for lang = no, using alt_name to get "[('no', 'Ravneknausen')]"
utility_to_osm - ERROR - ssr:stedsnr = 1056650. No positions found, skipping
utility_to_osm - ERROR - ssr:stedsnr = 1056651. No positions found, skipping
utility_to_osm - ERROR - ssr:stedsnr = 1056670. No positions found, skipping
utility_to_osm - WARNING - ssr:stedsnr = 1056794: No priority spelling found for lang = no, using alt_name to get "[('no', 'Nyjordet')]"
utility_to_osm - WARNING - ssr:stedsnr = 1056795: No priority spelling found for lang = no, using alt_name to get "[('no', 'Glassbergveien')]"
utility_to_osm - WARNING - ssr:stedsnr = 1056796: No priority spelling found for lang = no, using alt_name to get "[('no', 'Øyaveien')]"
utility_to_osm - WARNING - ssr:stedsnr = 1056797: No priority spelling found for lang = no, using alt_name to get "[('no', 'Østre Været')]"
utility_to_osm - WARNING - ssr:stedsnr = 1056798: No priority spelling found for lang = no, using alt_name to get "[('no', 'Vestre Været')]"
utility_to_osm - WARNING - ssr:stedsnr = 1056800: No priority spelling found for lang = no, using alt_name to get "[('no', 'Østre Valen')]"
utility_to_osm - ERROR - ssr:stedsnr = 1056721. No positions found, skipping
utility_to_osm - WARNING - ssr:stedsnr = 1056802: No priority spelling found for lang = no, using alt_name to get "[('no', 'Vestre Valen')]"
utility_to_osm - WARNING - ssr:stedsnr = 1056803: No priority spelling found for lang = fkv, using alt_name to get "[('fkv', 'Sisäpääntie')]"
utility_to_osm - WARNING - ssr:stedsnr = 1056804: No priority spelling found for lang = fkv, using alt_name to get "[('fkv', 'Talvitie')]"
utility_to_osm - WARNING - ssr:stedsnr = 1056805: No priority spelling found for lang = no, using alt_name to get "[('no', 'Myrveien')]"
utility_to_osm - WARNING - ssr:stedsnr = 1056806: No priority spelling found for lang = no, using alt_name to get "[('no', 'Øvreveien')]"
utility_to_osm - WARNING - ssr:stedsnr = 1056807: No priority spelling found for lang = fkv, using alt_name to get "[('fkv', 'Lauriniemi')]"
utility_to_osm - WARNING - ssr:stedsnr = 1056808: No priority spelling found for lang = no, using alt_name to get "[('no', 'Finnesveien')]"
utility_to_osm - WARNING - ssr:stedsnr = 1056809: No priority spelling found for lang = no, using alt_name to get "[('no', 'Sudinesveien')]"
utility_to_osm - WARNING - ssr:stedsnr = 1056811: No priority spelling found for lang = no, using alt_name to get "[('no', 'Poikilaveien')]"
utility_to_osm - WARNING - ssr:stedsnr = 1056816: No priority spelling found for lang = fkv, using alt_name to get "[('fkv', 'Ylipää')]"
utility_to_osm - WARNING - ssr:stedsnr = 1056817: No priority spelling found for lang = no, using alt_name to get "[('no', 'Badstuveien')]"
utility_to_osm - WARNING - ssr:stedsnr = 1056818: No priority spelling found for lang = no, using alt_name to get "[('no', 'Storskogveien')]"
utility_to_osm - WARNING - ssr:stedsnr = 1056819: No priority spelling found for lang = no, using alt_name to get "[('no', 'Østre Nesset')]"
utility_to_osm - WARNING - ssr:stedsnr = 1056820: No priority spelling found for lang = no, using alt_name to get "[('no', 'Vestre Nesset')]"
utility_to_osm - WARNING - ssr:stedsnr = 1056821: No priority spelling found for lang = no, using alt_name to get "[('no', 'Søndre Været')]"
utility_to_osm - WARNING - ssr:stedsnr = 1056822: No priority spelling found for lang = no, using alt_name to get "[('no', 'Nesseveien')]"
utility_to_osm - WARNING - ssr:stedsnr = 1056823: No priority spelling found for lang = fkv, using alt_name to get "[('fkv', 'Kylä')]"
utility_to_osm - WARNING - ssr:stedsnr = 1056824: No priority spelling found for lang = fkv, using alt_name to get "[('fkv', 'Niemi')]"
utility_to_osm - WARNING - ssr:stedsnr = 1056825: No priority spelling found for lang = fkv, using alt_name to get "[('fkv', 'Beritie')]"
utility_to_osm - WARNING - ssr:stedsnr = 1056848: No priority spelling found for lang = no, using alt_name to get "[('no', 'Warabakken')]"
utility_to_osm - ERROR - ssr:stedsnr = 1056848. No positions found, skipping
utility_to_osm - WARNING - ssr:stedsnr = 1056865: No priority spelling found for lang = fkv, using alt_name to get "[('fkv', 'Mettäperä')]"
utility_to_osm - WARNING - ssr:stedsnr = 1056866: No priority spelling found for lang = no, using alt_name to get "[('no', 'Bygdeveien')]"
utility_to_osm - WARNING - ssr:stedsnr = 1056868: No priority spelling found for lang = no, using alt_name to get "[('no', 'Pikkuskitsiveien')]"
utility_to_osm - WARNING - ssr:stedsnr = 1056870: No priority spelling found for lang = fkv, using alt_name to get "[('fkv', 'Kuja')]"
utility_to_osm - WARNING - ssr:stedsnr = 1056871: No priority spelling found for lang = no, using alt_name to get "[('no', 'Nordvarangerveien')]"
utility_to_osm - ERROR - ssr:stedsnr = 1057004. No positions found, skipping
utility_to_osm - ERROR - ssr:stedsnr = 1057021. No positions found, skipping
utility_to_osm - ERROR - ssr:stedsnr = 1056974. No positions found, skipping
utility_to_osm - ERROR - ssr:stedsnr = 1057030. No positions found, skipping
utility_to_osm - WARNING - ssr:stedsnr = 1071926: No priority spelling found for lang = fkv, using alt_name to get "[('no', 'Tomaselv'), ('fkv', 'Turvejoki')]"
utility_to_osm - WARNING - ssr:stedsnr = 1073694: No priority spelling found for lang = se, using alt_name to get "[('se', 'Romssa ja Finnmárkku fylka')]"
utility_to_osm - WARNING - ssr:stedsnr = 1073694: No priority spelling found for lang = se, using alt_name to get "[('no', 'Troms og Finnmark'), ('no', 'Troms og Finnmark fylke'), ('se', 'Romssa ja Finnmárkku fylka')]"
utility_to_osm - WARNING - ssr:stedsnr = 1073694: No priority spelling found for lang = fkv, using alt_name to get "[('no', 'Troms og Finnmark'), ('no', 'Troms og Finnmark fylke'), ('se', 'Romssa ja Finnmárkku fylka'), ('fkv', 'Tromssan ja Finmarkun fylkki')]"
utility_to_osm - ERROR - ssr:stedsnr = 1073694: Adding multiple names to name tag, this is not OK! name = "Troms og Finnmark;Troms og Finnmark fylke"
utility_to_osm - WARNING - ssr:stedsnr = 1075695: No priority spelling found for lang = no, using alt_name to get "[('no', 'Ishavsbyen videregående skole')]"
utility_to_osm - WARNING - ssr:stedsnr = 1082390: No priority spelling found for lang = no, using alt_name to get "[('no', 'Brentefjellveien')]"
utility_to_osm - WARNING - ssr:stedsnr = 284276: No priority spelling found for lang = se, using alt_name to get "[('se', 'Várnjargga  álbmotmeahcci')]"
utility_to_osm - WARNING - ssr:stedsnr = 284276: No priority spelling found for lang = fkv, using alt_name to get "[('se', 'Várnjargga  álbmotmeahcci')]"
utility_to_osm - WARNING - ssr:stedsnr = 284276: No priority spelling found for lang = fkv, using alt_name to get "[('no', 'Varangerhalvøya nasjonalpark'), ('se', 'Várnjargga  álbmotmeahcci')]"
utility_to_osm - WARNING - ssr:stedsnr = 284276 has multiple (2) positions, using the first one!
