utility_to_osm - ERROR - ERROR, no ending in ssr2_to_osm_data/data/3822/3822-ssr.xml? Trying to re-download "/app:Skrivemåte>
          </app:skrivemåte>
        </app:Stedsnavn>
      </app:stedsnavn>
    </app:Sted>
  </wfs:member"
utility_to_osm - WARNING - ssr:stedsnr = 270 has multiple (3) positions, using the first one!
utility_to_osm - WARNING - ssr:stedsnr = 403 has multiple (3) positions, using the first one!
utility_to_osm - WARNING - ssr:stedsnr = 412 has multiple (3) positions, using the first one!
utility_to_osm - WARNING - ssr:stedsnr = 445 has multiple (2) positions, using the first one!
utility_to_osm - WARNING - ssr:stedsnr = 446 has multiple (3) positions, using the first one!
utility_to_osm - WARNING - ssr:stedsnr = 453 has multiple (2) positions, using the first one!
utility_to_osm - WARNING - ssr:stedsnr = 455 has multiple (3) positions, using the first one!
utility_to_osm - WARNING - ssr:stedsnr = 713 has multiple (5) positions, using the first one!
utility_to_osm - WARNING - ssr:stedsnr = 714 has multiple (4) positions, using the first one!
utility_to_osm - WARNING - ssr:stedsnr = 1047 has multiple (3) positions, using the first one!
utility_to_osm - WARNING - ssr:stedsnr = 1095 has multiple (3) positions, using the first one!
utility_to_osm - WARNING - ssr:stedsnr = 1198 has multiple (3) positions, using the first one!
utility_to_osm - WARNING - ssr:stedsnr = 1300 has multiple (7) positions, using the first one!
utility_to_osm - WARNING - ssr:stedsnr = 1610 has multiple (3) positions, using the first one!
utility_to_osm - WARNING - ssr:stedsnr = 1611 has multiple (3) positions, using the first one!
utility_to_osm - WARNING - ssr:stedsnr = 1615 has multiple (2) positions, using the first one!
utility_to_osm - WARNING - ssr:stedsnr = 1384 has multiple (2) positions, using the first one!
utility_to_osm - WARNING - ssr:stedsnr = 1399 has multiple (2) positions, using the first one!
utility_to_osm - WARNING - ssr:stedsnr = 1564 has multiple (3) positions, using the first one!
utility_to_osm - WARNING - ssr:stedsnr = 1566 has multiple (4) positions, using the first one!
utility_to_osm - WARNING - ssr:stedsnr = 1935 has multiple (2) positions, using the first one!
utility_to_osm - WARNING - ssr:stedsnr = 1943 has multiple (4) positions, using the first one!
utility_to_osm - WARNING - ssr:stedsnr = 1814 has multiple (2) positions, using the first one!
utility_to_osm - WARNING - ssr:stedsnr = 2131 has multiple (2) positions, using the first one!
utility_to_osm - WARNING - ssr:stedsnr = 2488 has multiple (2) positions, using the first one!
utility_to_osm - WARNING - ssr:stedsnr = 2708 has multiple (4) positions, using the first one!
utility_to_osm - WARNING - ssr:stedsnr = 2877 has multiple (3) positions, using the first one!
utility_to_osm - WARNING - ssr:stedsnr = 2785 has multiple (2) positions, using the first one!
utility_to_osm - WARNING - ssr:stedsnr = 47627 has multiple (2) positions, using the first one!
utility_to_osm - WARNING - ssr:stedsnr = 61424 has multiple (3) positions, using the first one!
utility_to_osm - WARNING - ssr:stedsnr = 61327 has multiple (3) positions, using the first one!
utility_to_osm - WARNING - ssr:stedsnr = 61394 has multiple (3) positions, using the first one!
utility_to_osm - WARNING - ssr:stedsnr = 61896 has multiple (2) positions, using the first one!
utility_to_osm - WARNING - ssr:stedsnr = 62106 has multiple (4) positions, using the first one!
utility_to_osm - WARNING - ssr:stedsnr = 62107 has multiple (3) positions, using the first one!
utility_to_osm - WARNING - ssr:stedsnr = 62108 has multiple (3) positions, using the first one!
utility_to_osm - WARNING - ssr:stedsnr = 62112 has multiple (3) positions, using the first one!
utility_to_osm - WARNING - ssr:stedsnr = 62119 has multiple (4) positions, using the first one!
utility_to_osm - WARNING - ssr:stedsnr = 62307 has multiple (5) positions, using the first one!
utility_to_osm - WARNING - ssr:stedsnr = 62087 has multiple (3) positions, using the first one!
utility_to_osm - WARNING - ssr:stedsnr = 62275 has multiple (5) positions, using the first one!
utility_to_osm - WARNING - ssr:stedsnr = 62514 has multiple (3) positions, using the first one!
utility_to_osm - WARNING - ssr:stedsnr = 62518 has multiple (2) positions, using the first one!
utility_to_osm - WARNING - ssr:stedsnr = 62570 has multiple (4) positions, using the first one!
utility_to_osm - WARNING - ssr:stedsnr = 62723 has multiple (3) positions, using the first one!
utility_to_osm - WARNING - ssr:stedsnr = 62726 has multiple (3) positions, using the first one!
utility_to_osm - WARNING - ssr:stedsnr = 62476 has multiple (2) positions, using the first one!
utility_to_osm - WARNING - ssr:stedsnr = 62477 has multiple (4) positions, using the first one!
utility_to_osm - WARNING - ssr:stedsnr = 62601 has multiple (3) positions, using the first one!
utility_to_osm - WARNING - ssr:stedsnr = 62621 has multiple (3) positions, using the first one!
utility_to_osm - WARNING - ssr:stedsnr = 62671 has multiple (5) positions, using the first one!
utility_to_osm - WARNING - ssr:stedsnr = 62672 has multiple (5) positions, using the first one!
utility_to_osm - WARNING - ssr:stedsnr = 62673 has multiple (4) positions, using the first one!
utility_to_osm - WARNING - ssr:stedsnr = 62872 has multiple (3) positions, using the first one!
utility_to_osm - WARNING - ssr:stedsnr = 62890 has multiple (3) positions, using the first one!
utility_to_osm - WARNING - ssr:stedsnr = 62776 has multiple (3) positions, using the first one!
utility_to_osm - WARNING - ssr:stedsnr = 62921 has multiple (3) positions, using the first one!
utility_to_osm - WARNING - ssr:stedsnr = 62922 has multiple (4) positions, using the first one!
utility_to_osm - WARNING - ssr:stedsnr = 62965 has multiple (2) positions, using the first one!
utility_to_osm - WARNING - ssr:stedsnr = 62986 has multiple (2) positions, using the first one!
utility_to_osm - WARNING - ssr:stedsnr = 63171 has multiple (2) positions, using the first one!
utility_to_osm - WARNING - ssr:stedsnr = 243443 has multiple (3) positions, using the first one!
utility_to_osm - WARNING - ssr:stedsnr = 243185 has multiple (3) positions, using the first one!
utility_to_osm - WARNING - ssr:stedsnr = 243239 has multiple (2) positions, using the first one!
utility_to_osm - WARNING - ssr:stedsnr = 243245 has multiple (3) positions, using the first one!
utility_to_osm - WARNING - ssr:stedsnr = 243342 has multiple (2) positions, using the first one!
utility_to_osm - WARNING - ssr:stedsnr = 243348 has multiple (3) positions, using the first one!
utility_to_osm - WARNING - ssr:stedsnr = 243359 has multiple (3) positions, using the first one!
utility_to_osm - WARNING - ssr:stedsnr = 243361 has multiple (4) positions, using the first one!
utility_to_osm - WARNING - ssr:stedsnr = 243376 has multiple (2) positions, using the first one!
utility_to_osm - WARNING - ssr:stedsnr = 243871 has multiple (3) positions, using the first one!
utility_to_osm - WARNING - ssr:stedsnr = 243874 has multiple (3) positions, using the first one!
utility_to_osm - WARNING - ssr:stedsnr = 244012 has multiple (3) positions, using the first one!
utility_to_osm - WARNING - ssr:stedsnr = 243918 has multiple (2) positions, using the first one!
utility_to_osm - WARNING - ssr:stedsnr = 243927 has multiple (2) positions, using the first one!
utility_to_osm - WARNING - ssr:stedsnr = 244100 has multiple (2) positions, using the first one!
utility_to_osm - WARNING - ssr:stedsnr = 244275 has multiple (3) positions, using the first one!
utility_to_osm - WARNING - ssr:stedsnr = 244198 has multiple (6) positions, using the first one!
utility_to_osm - WARNING - ssr:stedsnr = 244279 has multiple (4) positions, using the first one!
utility_to_osm - WARNING - ssr:stedsnr = 244454 has multiple (3) positions, using the first one!
utility_to_osm - WARNING - ssr:stedsnr = 244461 has multiple (4) positions, using the first one!
utility_to_osm - WARNING - ssr:stedsnr = 244468 has multiple (3) positions, using the first one!
utility_to_osm - WARNING - ssr:stedsnr = 244528 has multiple (3) positions, using the first one!
utility_to_osm - WARNING - ssr:stedsnr = 244520 has multiple (2) positions, using the first one!
utility_to_osm - WARNING - ssr:stedsnr = 244533 has multiple (4) positions, using the first one!
utility_to_osm - WARNING - ssr:stedsnr = 244536 has multiple (3) positions, using the first one!
utility_to_osm - WARNING - ssr:stedsnr = 244760 has multiple (4) positions, using the first one!
utility_to_osm - WARNING - ssr:stedsnr = 244766 has multiple (2) positions, using the first one!
utility_to_osm - WARNING - ssr:stedsnr = 244839 has multiple (2) positions, using the first one!
utility_to_osm - WARNING - ssr:stedsnr = 244857 has multiple (2) positions, using the first one!
utility_to_osm - WARNING - ssr:stedsnr = 244922 has multiple (2) positions, using the first one!
utility_to_osm - WARNING - ssr:stedsnr = 244948 has multiple (2) positions, using the first one!
utility_to_osm - WARNING - ssr:stedsnr = 244968 has multiple (3) positions, using the first one!
utility_to_osm - WARNING - ssr:stedsnr = 244972 has multiple (3) positions, using the first one!
utility_to_osm - WARNING - ssr:stedsnr = 245058 has multiple (3) positions, using the first one!
utility_to_osm - WARNING - ssr:stedsnr = 245149 has multiple (3) positions, using the first one!
utility_to_osm - WARNING - ssr:stedsnr = 245152 has multiple (3) positions, using the first one!
utility_to_osm - WARNING - ssr:stedsnr = 245207 has multiple (4) positions, using the first one!
utility_to_osm - WARNING - ssr:stedsnr = 85432 has multiple (2) positions, using the first one!
utility_to_osm - WARNING - ssr:stedsnr = 245466 has multiple (4) positions, using the first one!
utility_to_osm - WARNING - ssr:stedsnr = 245521 has multiple (2) positions, using the first one!
utility_to_osm - WARNING - ssr:stedsnr = 245761 has multiple (2) positions, using the first one!
utility_to_osm - WARNING - ssr:stedsnr = 245778 has multiple (4) positions, using the first one!
utility_to_osm - WARNING - ssr:stedsnr = 93861 has multiple (2) positions, using the first one!
utility_to_osm - WARNING - ssr:stedsnr = 94823 has multiple (2) positions, using the first one!
utility_to_osm - WARNING - ssr:stedsnr = 105546 has multiple (2) positions, using the first one!
utility_to_osm - WARNING - ssr:stedsnr = 107510 has multiple (2) positions, using the first one!
utility_to_osm - WARNING - ssr:stedsnr = 121423 has multiple (3) positions, using the first one!
utility_to_osm - WARNING - ssr:stedsnr = 122124 has multiple (6) positions, using the first one!
utility_to_osm - WARNING - ssr:stedsnr = 122067 has multiple (3) positions, using the first one!
utility_to_osm - WARNING - ssr:stedsnr = 122083 has multiple (4) positions, using the first one!
utility_to_osm - WARNING - ssr:stedsnr = 122089 has multiple (2) positions, using the first one!
utility_to_osm - WARNING - ssr:stedsnr = 122306 has multiple (3) positions, using the first one!
utility_to_osm - WARNING - ssr:stedsnr = 123064 has multiple (5) positions, using the first one!
utility_to_osm - WARNING - ssr:stedsnr = 123066 has multiple (3) positions, using the first one!
utility_to_osm - WARNING - ssr:stedsnr = 123221 has multiple (3) positions, using the first one!
utility_to_osm - WARNING - ssr:stedsnr = 123164 has multiple (3) positions, using the first one!
utility_to_osm - WARNING - ssr:stedsnr = 123179 has multiple (3) positions, using the first one!
utility_to_osm - WARNING - ssr:stedsnr = 123613 has multiple (4) positions, using the first one!
utility_to_osm - WARNING - ssr:stedsnr = 123769 has multiple (2) positions, using the first one!
utility_to_osm - WARNING - ssr:stedsnr = 123909 has multiple (3) positions, using the first one!
utility_to_osm - WARNING - ssr:stedsnr = 153619 has multiple (2) positions, using the first one!
utility_to_osm - WARNING - ssr:stedsnr = 155374 has multiple (2) positions, using the first one!
utility_to_osm - WARNING - ssr:stedsnr = 168605 has multiple (2) positions, using the first one!
utility_to_osm - WARNING - ssr:stedsnr = 182405 has multiple (3) positions, using the first one!
utility_to_osm - WARNING - ssr:stedsnr = 182406 has multiple (2) positions, using the first one!
utility_to_osm - WARNING - ssr:stedsnr = 182430 has multiple (3) positions, using the first one!
utility_to_osm - WARNING - ssr:stedsnr = 183212 has multiple (3) positions, using the first one!
utility_to_osm - WARNING - ssr:stedsnr = 183191 has multiple (5) positions, using the first one!
utility_to_osm - WARNING - ssr:stedsnr = 183447 has multiple (3) positions, using the first one!
utility_to_osm - WARNING - ssr:stedsnr = 183448 has multiple (2) positions, using the first one!
utility_to_osm - WARNING - ssr:stedsnr = 183491 has multiple (2) positions, using the first one!
utility_to_osm - WARNING - ssr:stedsnr = 183645 has multiple (2) positions, using the first one!
utility_to_osm - WARNING - ssr:stedsnr = 183697 has multiple (2) positions, using the first one!
utility_to_osm - WARNING - ssr:stedsnr = 183703 has multiple (5) positions, using the first one!
utility_to_osm - WARNING - ssr:stedsnr = 183717 has multiple (3) positions, using the first one!
utility_to_osm - WARNING - ssr:stedsnr = 183725 has multiple (2) positions, using the first one!
utility_to_osm - WARNING - ssr:stedsnr = 183735 has multiple (2) positions, using the first one!
utility_to_osm - WARNING - ssr:stedsnr = 183786 has multiple (3) positions, using the first one!
utility_to_osm - WARNING - ssr:stedsnr = 183789 has multiple (4) positions, using the first one!
utility_to_osm - WARNING - ssr:stedsnr = 184098 has multiple (3) positions, using the first one!
utility_to_osm - WARNING - ssr:stedsnr = 184101 has multiple (8) positions, using the first one!
utility_to_osm - WARNING - ssr:stedsnr = 183985 has multiple (2) positions, using the first one!
utility_to_osm - WARNING - ssr:stedsnr = 184115 has multiple (3) positions, using the first one!
utility_to_osm - WARNING - ssr:stedsnr = 184461 has multiple (2) positions, using the first one!
utility_to_osm - WARNING - ssr:stedsnr = 184502 has multiple (4) positions, using the first one!
utility_to_osm - WARNING - ssr:stedsnr = 184507 has multiple (4) positions, using the first one!
utility_to_osm - WARNING - ssr:stedsnr = 184781 has multiple (4) positions, using the first one!
utility_to_osm - WARNING - ssr:stedsnr = 184782 has multiple (3) positions, using the first one!
utility_to_osm - WARNING - ssr:stedsnr = 184783 has multiple (2) positions, using the first one!
utility_to_osm - WARNING - ssr:stedsnr = 184786 has multiple (3) positions, using the first one!
utility_to_osm - WARNING - ssr:stedsnr = 184632 has multiple (3) positions, using the first one!
utility_to_osm - WARNING - ssr:stedsnr = 184894 has multiple (2) positions, using the first one!
utility_to_osm - WARNING - ssr:stedsnr = 184897 has multiple (2) positions, using the first one!
utility_to_osm - WARNING - ssr:stedsnr = 214577 has multiple (2) positions, using the first one!
utility_to_osm - WARNING - ssr:stedsnr = 243440 has multiple (3) positions, using the first one!
utility_to_osm - WARNING - ssr:stedsnr = 243736 has multiple (2) positions, using the first one!
utility_to_osm - WARNING - ssr:stedsnr = 243896 has multiple (2) positions, using the first one!
utility_to_osm - WARNING - ssr:stedsnr = 244002 has multiple (3) positions, using the first one!
utility_to_osm - WARNING - ssr:stedsnr = 244004 has multiple (3) positions, using the first one!
utility_to_osm - WARNING - ssr:stedsnr = 244131 has multiple (3) positions, using the first one!
utility_to_osm - WARNING - ssr:stedsnr = 244105 has multiple (3) positions, using the first one!
utility_to_osm - WARNING - ssr:stedsnr = 244114 has multiple (3) positions, using the first one!
utility_to_osm - WARNING - ssr:stedsnr = 244280 has multiple (2) positions, using the first one!
utility_to_osm - WARNING - ssr:stedsnr = 244286 has multiple (3) positions, using the first one!
utility_to_osm - WARNING - ssr:stedsnr = 244288 has multiple (2) positions, using the first one!
utility_to_osm - WARNING - ssr:stedsnr = 244291 has multiple (3) positions, using the first one!
utility_to_osm - WARNING - ssr:stedsnr = 244503 has multiple (2) positions, using the first one!
utility_to_osm - WARNING - ssr:stedsnr = 244497 has multiple (3) positions, using the first one!
utility_to_osm - WARNING - ssr:stedsnr = 244625 has multiple (4) positions, using the first one!
utility_to_osm - WARNING - ssr:stedsnr = 244633 has multiple (3) positions, using the first one!
utility_to_osm - WARNING - ssr:stedsnr = 244688 has multiple (2) positions, using the first one!
utility_to_osm - WARNING - ssr:stedsnr = 244695 has multiple (4) positions, using the first one!
utility_to_osm - WARNING - ssr:stedsnr = 244815 has multiple (2) positions, using the first one!
utility_to_osm - WARNING - ssr:stedsnr = 244878 has multiple (3) positions, using the first one!
utility_to_osm - WARNING - ssr:stedsnr = 244887 has multiple (4) positions, using the first one!
utility_to_osm - WARNING - ssr:stedsnr = 244893 has multiple (2) positions, using the first one!
utility_to_osm - WARNING - ssr:stedsnr = 244927 has multiple (3) positions, using the first one!
utility_to_osm - WARNING - ssr:stedsnr = 244985 has multiple (2) positions, using the first one!
utility_to_osm - WARNING - ssr:stedsnr = 245621 has multiple (4) positions, using the first one!
utility_to_osm - WARNING - ssr:stedsnr = 245434 has multiple (2) positions, using the first one!
utility_to_osm - WARNING - ssr:stedsnr = 245882 has multiple (3) positions, using the first one!
utility_to_osm - WARNING - ssr:stedsnr = 275419 has multiple (3) positions, using the first one!
utility_to_osm - WARNING - ssr:stedsnr = 460537 has multiple (3) positions, using the first one!
utility_to_osm - WARNING - ssr:stedsnr = 460857 has multiple (2) positions, using the first one!
utility_to_osm - WARNING - ssr:stedsnr = 304304 has multiple (2) positions, using the first one!
utility_to_osm - WARNING - ssr:stedsnr = 304308 has multiple (2) positions, using the first one!
utility_to_osm - WARNING - ssr:stedsnr = 304314 has multiple (2) positions, using the first one!
utility_to_osm - WARNING - ssr:stedsnr = 304379 has multiple (2) positions, using the first one!
utility_to_osm - WARNING - ssr:stedsnr = 304703 has multiple (2) positions, using the first one!
utility_to_osm - WARNING - ssr:stedsnr = 304477 has multiple (5) positions, using the first one!
utility_to_osm - WARNING - ssr:stedsnr = 304908 has multiple (3) positions, using the first one!
utility_to_osm - WARNING - ssr:stedsnr = 304917 has multiple (3) positions, using the first one!
utility_to_osm - WARNING - ssr:stedsnr = 304869 has multiple (2) positions, using the first one!
utility_to_osm - WARNING - ssr:stedsnr = 305505 has multiple (2) positions, using the first one!
utility_to_osm - WARNING - ssr:stedsnr = 305464 has multiple (4) positions, using the first one!
utility_to_osm - WARNING - ssr:stedsnr = 305664 has multiple (2) positions, using the first one!
utility_to_osm - WARNING - ssr:stedsnr = 305803 has multiple (3) positions, using the first one!
utility_to_osm - WARNING - ssr:stedsnr = 305805 has multiple (2) positions, using the first one!
utility_to_osm - WARNING - ssr:stedsnr = 471529 has multiple (3) positions, using the first one!
utility_to_osm - WARNING - ssr:stedsnr = 472153 has multiple (2) positions, using the first one!
utility_to_osm - WARNING - ssr:stedsnr = 364402 has multiple (6) positions, using the first one!
utility_to_osm - WARNING - ssr:stedsnr = 364746 has multiple (2) positions, using the first one!
utility_to_osm - WARNING - ssr:stedsnr = 365142 has multiple (3) positions, using the first one!
utility_to_osm - WARNING - ssr:stedsnr = 365304 has multiple (3) positions, using the first one!
utility_to_osm - WARNING - ssr:stedsnr = 365294 has multiple (2) positions, using the first one!
utility_to_osm - WARNING - ssr:stedsnr = 365393 has multiple (2) positions, using the first one!
utility_to_osm - WARNING - ssr:stedsnr = 365515 has multiple (5) positions, using the first one!
utility_to_osm - WARNING - ssr:stedsnr = 365706 has multiple (2) positions, using the first one!
utility_to_osm - WARNING - ssr:stedsnr = 365496 has multiple (3) positions, using the first one!
utility_to_osm - WARNING - ssr:stedsnr = 365499 has multiple (2) positions, using the first one!
utility_to_osm - WARNING - ssr:stedsnr = 365501 has multiple (2) positions, using the first one!
utility_to_osm - WARNING - ssr:stedsnr = 365637 has multiple (5) positions, using the first one!
utility_to_osm - WARNING - ssr:stedsnr = 365641 has multiple (3) positions, using the first one!
utility_to_osm - WARNING - ssr:stedsnr = 365798 has multiple (2) positions, using the first one!
utility_to_osm - WARNING - ssr:stedsnr = 365911 has multiple (2) positions, using the first one!
utility_to_osm - WARNING - ssr:stedsnr = 366594 has multiple (3) positions, using the first one!
utility_to_osm - WARNING - ssr:stedsnr = 366691 has multiple (5) positions, using the first one!
utility_to_osm - WARNING - ssr:stedsnr = 366989 has multiple (3) positions, using the first one!
utility_to_osm - WARNING - ssr:stedsnr = 391389 has multiple (3) positions, using the first one!
utility_to_osm - WARNING - ssr:stedsnr = 398990 has multiple (3) positions, using the first one!
utility_to_osm - WARNING - ssr:stedsnr = 485349 has multiple (3) positions, using the first one!
utility_to_osm - WARNING - ssr:stedsnr = 486033 has multiple (2) positions, using the first one!
utility_to_osm - WARNING - ssr:stedsnr = 486159 has multiple (3) positions, using the first one!
utility_to_osm - WARNING - ssr:stedsnr = 486172 has multiple (3) positions, using the first one!
utility_to_osm - WARNING - ssr:stedsnr = 486173 has multiple (4) positions, using the first one!
utility_to_osm - WARNING - ssr:stedsnr = 486175 has multiple (4) positions, using the first one!
utility_to_osm - WARNING - ssr:stedsnr = 486357 has multiple (2) positions, using the first one!
utility_to_osm - WARNING - ssr:stedsnr = 486358 has multiple (5) positions, using the first one!
utility_to_osm - WARNING - ssr:stedsnr = 486366 has multiple (3) positions, using the first one!
utility_to_osm - WARNING - ssr:stedsnr = 486371 has multiple (2) positions, using the first one!
utility_to_osm - WARNING - ssr:stedsnr = 486284 has multiple (2) positions, using the first one!
utility_to_osm - WARNING - ssr:stedsnr = 486288 has multiple (3) positions, using the first one!
utility_to_osm - WARNING - ssr:stedsnr = 486296 has multiple (2) positions, using the first one!
utility_to_osm - WARNING - ssr:stedsnr = 486484 has multiple (2) positions, using the first one!
utility_to_osm - WARNING - ssr:stedsnr = 486487 has multiple (2) positions, using the first one!
utility_to_osm - WARNING - ssr:stedsnr = 486571 has multiple (2) positions, using the first one!
utility_to_osm - WARNING - ssr:stedsnr = 486384 has multiple (2) positions, using the first one!
utility_to_osm - WARNING - ssr:stedsnr = 486419 has multiple (3) positions, using the first one!
utility_to_osm - WARNING - ssr:stedsnr = 486425 has multiple (3) positions, using the first one!
utility_to_osm - WARNING - ssr:stedsnr = 486438 has multiple (3) positions, using the first one!
utility_to_osm - WARNING - ssr:stedsnr = 486443 has multiple (3) positions, using the first one!
utility_to_osm - WARNING - ssr:stedsnr = 486669 has multiple (2) positions, using the first one!
utility_to_osm - WARNING - ssr:stedsnr = 486676 has multiple (2) positions, using the first one!
utility_to_osm - WARNING - ssr:stedsnr = 486738 has multiple (4) positions, using the first one!
utility_to_osm - WARNING - ssr:stedsnr = 486881 has multiple (3) positions, using the first one!
utility_to_osm - WARNING - ssr:stedsnr = 486888 has multiple (3) positions, using the first one!
utility_to_osm - WARNING - ssr:stedsnr = 486890 has multiple (2) positions, using the first one!
utility_to_osm - WARNING - ssr:stedsnr = 486849 has multiple (3) positions, using the first one!
utility_to_osm - WARNING - ssr:stedsnr = 486929 has multiple (2) positions, using the first one!
utility_to_osm - WARNING - ssr:stedsnr = 486934 has multiple (2) positions, using the first one!
utility_to_osm - WARNING - ssr:stedsnr = 486946 has multiple (2) positions, using the first one!
utility_to_osm - WARNING - ssr:stedsnr = 487053 has multiple (3) positions, using the first one!
utility_to_osm - WARNING - ssr:stedsnr = 487087 has multiple (4) positions, using the first one!
utility_to_osm - WARNING - ssr:stedsnr = 487467 has multiple (4) positions, using the first one!
utility_to_osm - WARNING - ssr:stedsnr = 487495 has multiple (3) positions, using the first one!
utility_to_osm - WARNING - ssr:stedsnr = 487499 has multiple (3) positions, using the first one!
utility_to_osm - WARNING - ssr:stedsnr = 487591 has multiple (3) positions, using the first one!
utility_to_osm - WARNING - ssr:stedsnr = 487541 has multiple (3) positions, using the first one!
utility_to_osm - WARNING - ssr:stedsnr = 487747 has multiple (4) positions, using the first one!
utility_to_osm - WARNING - ssr:stedsnr = 487804 has multiple (4) positions, using the first one!
utility_to_osm - WARNING - ssr:stedsnr = 487808 has multiple (2) positions, using the first one!
utility_to_osm - WARNING - ssr:stedsnr = 487812 has multiple (2) positions, using the first one!
utility_to_osm - WARNING - ssr:stedsnr = 487827 has multiple (2) positions, using the first one!
utility_to_osm - WARNING - ssr:stedsnr = 487837 has multiple (3) positions, using the first one!
utility_to_osm - WARNING - ssr:stedsnr = 487840 has multiple (2) positions, using the first one!
utility_to_osm - WARNING - ssr:stedsnr = 487892 has multiple (3) positions, using the first one!
utility_to_osm - WARNING - ssr:stedsnr = 487993 has multiple (4) positions, using the first one!
utility_to_osm - WARNING - ssr:stedsnr = 425403 has multiple (3) positions, using the first one!
utility_to_osm - WARNING - ssr:stedsnr = 425405 has multiple (3) positions, using the first one!
utility_to_osm - WARNING - ssr:stedsnr = 425454 has multiple (3) positions, using the first one!
utility_to_osm - WARNING - ssr:stedsnr = 426208 has multiple (4) positions, using the first one!
utility_to_osm - WARNING - ssr:stedsnr = 426111 has multiple (2) positions, using the first one!
utility_to_osm - WARNING - ssr:stedsnr = 426195 has multiple (3) positions, using the first one!
utility_to_osm - WARNING - ssr:stedsnr = 426330 has multiple (2) positions, using the first one!
utility_to_osm - WARNING - ssr:stedsnr = 426332 has multiple (3) positions, using the first one!
utility_to_osm - WARNING - ssr:stedsnr = 426335 has multiple (2) positions, using the first one!
utility_to_osm - WARNING - ssr:stedsnr = 426339 has multiple (2) positions, using the first one!
utility_to_osm - WARNING - ssr:stedsnr = 426290 has multiple (3) positions, using the first one!
utility_to_osm - WARNING - ssr:stedsnr = 426494 has multiple (3) positions, using the first one!
utility_to_osm - WARNING - ssr:stedsnr = 426499 has multiple (5) positions, using the first one!
utility_to_osm - WARNING - ssr:stedsnr = 426505 has multiple (2) positions, using the first one!
utility_to_osm - WARNING - ssr:stedsnr = 426511 has multiple (2) positions, using the first one!
utility_to_osm - WARNING - ssr:stedsnr = 426728 has multiple (2) positions, using the first one!
utility_to_osm - WARNING - ssr:stedsnr = 426873 has multiple (3) positions, using the first one!
utility_to_osm - WARNING - ssr:stedsnr = 426783: No priority spelling found for lang = no, using alt_name to get "[('no', 'Huvtjønn')]"
utility_to_osm - WARNING - ssr:stedsnr = 426783 has multiple (4) positions, using the first one!
utility_to_osm - WARNING - ssr:stedsnr = 426784 has multiple (4) positions, using the first one!
utility_to_osm - WARNING - ssr:stedsnr = 426787 has multiple (4) positions, using the first one!
utility_to_osm - WARNING - ssr:stedsnr = 426916 has multiple (2) positions, using the first one!
utility_to_osm - WARNING - ssr:stedsnr = 427493 has multiple (3) positions, using the first one!
utility_to_osm - WARNING - ssr:stedsnr = 427592 has multiple (3) positions, using the first one!
utility_to_osm - WARNING - ssr:stedsnr = 427596 has multiple (2) positions, using the first one!
utility_to_osm - WARNING - ssr:stedsnr = 427719 has multiple (2) positions, using the first one!
utility_to_osm - WARNING - ssr:stedsnr = 443040 has multiple (2) positions, using the first one!
utility_to_osm - WARNING - ssr:stedsnr = 471363 has multiple (2) positions, using the first one!
utility_to_osm - WARNING - ssr:stedsnr = 485368 has multiple (2) positions, using the first one!
utility_to_osm - WARNING - ssr:stedsnr = 485405 has multiple (3) positions, using the first one!
utility_to_osm - WARNING - ssr:stedsnr = 486202 has multiple (5) positions, using the first one!
utility_to_osm - WARNING - ssr:stedsnr = 486109 has multiple (3) positions, using the first one!
utility_to_osm - WARNING - ssr:stedsnr = 486302 has multiple (3) positions, using the first one!
utility_to_osm - WARNING - ssr:stedsnr = 486305 has multiple (2) positions, using the first one!
utility_to_osm - WARNING - ssr:stedsnr = 486307 has multiple (3) positions, using the first one!
utility_to_osm - WARNING - ssr:stedsnr = 486413 has multiple (3) positions, using the first one!
utility_to_osm - WARNING - ssr:stedsnr = 486417 has multiple (3) positions, using the first one!
utility_to_osm - WARNING - ssr:stedsnr = 486503 has multiple (2) positions, using the first one!
utility_to_osm - WARNING - ssr:stedsnr = 486506 has multiple (2) positions, using the first one!
utility_to_osm - WARNING - ssr:stedsnr = 486523 has multiple (2) positions, using the first one!
utility_to_osm - WARNING - ssr:stedsnr = 486558 has multiple (4) positions, using the first one!
utility_to_osm - WARNING - ssr:stedsnr = 486970 has multiple (3) positions, using the first one!
utility_to_osm - WARNING - ssr:stedsnr = 486854 has multiple (3) positions, using the first one!
utility_to_osm - WARNING - ssr:stedsnr = 486857 has multiple (2) positions, using the first one!
utility_to_osm - WARNING - ssr:stedsnr = 487104 has multiple (3) positions, using the first one!
utility_to_osm - WARNING - ssr:stedsnr = 487107 has multiple (3) positions, using the first one!
utility_to_osm - WARNING - ssr:stedsnr = 487112 has multiple (3) positions, using the first one!
utility_to_osm - WARNING - ssr:stedsnr = 487155 has multiple (3) positions, using the first one!
utility_to_osm - WARNING - ssr:stedsnr = 487160 has multiple (3) positions, using the first one!
utility_to_osm - WARNING - ssr:stedsnr = 487272 has multiple (2) positions, using the first one!
utility_to_osm - WARNING - ssr:stedsnr = 487557 has multiple (4) positions, using the first one!
utility_to_osm - WARNING - ssr:stedsnr = 487704 has multiple (4) positions, using the first one!
utility_to_osm - WARNING - ssr:stedsnr = 487711 has multiple (4) positions, using the first one!
utility_to_osm - WARNING - ssr:stedsnr = 487715 has multiple (2) positions, using the first one!
utility_to_osm - WARNING - ssr:stedsnr = 487738 has multiple (3) positions, using the first one!
utility_to_osm - WARNING - ssr:stedsnr = 487674 has multiple (2) positions, using the first one!
utility_to_osm - WARNING - ssr:stedsnr = 487681 has multiple (3) positions, using the first one!
utility_to_osm - WARNING - ssr:stedsnr = 487908 has multiple (4) positions, using the first one!
utility_to_osm - WARNING - ssr:stedsnr = 487925 has multiple (2) positions, using the first one!
utility_to_osm - WARNING - ssr:stedsnr = 487849 has multiple (2) positions, using the first one!
utility_to_osm - WARNING - ssr:stedsnr = 487854 has multiple (2) positions, using the first one!
utility_to_osm - WARNING - ssr:stedsnr = 521202 has multiple (2) positions, using the first one!
utility_to_osm - WARNING - ssr:stedsnr = 532421 has multiple (2) positions, using the first one!
utility_to_osm - WARNING - ssr:stedsnr = 533331 has multiple (2) positions, using the first one!
utility_to_osm - WARNING - ssr:stedsnr = 546380 has multiple (2) positions, using the first one!
utility_to_osm - WARNING - ssr:stedsnr = 546384 has multiple (2) positions, using the first one!
utility_to_osm - WARNING - ssr:stedsnr = 546672 has multiple (2) positions, using the first one!
utility_to_osm - WARNING - ssr:stedsnr = 546968 has multiple (5) positions, using the first one!
utility_to_osm - WARNING - ssr:stedsnr = 547306 has multiple (2) positions, using the first one!
utility_to_osm - WARNING - ssr:stedsnr = 547312 has multiple (2) positions, using the first one!
utility_to_osm - WARNING - ssr:stedsnr = 547407 has multiple (2) positions, using the first one!
utility_to_osm - WARNING - ssr:stedsnr = 547413 has multiple (2) positions, using the first one!
utility_to_osm - WARNING - ssr:stedsnr = 547516 has multiple (2) positions, using the first one!
utility_to_osm - WARNING - ssr:stedsnr = 547502 has multiple (3) positions, using the first one!
utility_to_osm - WARNING - ssr:stedsnr = 547545 has multiple (4) positions, using the first one!
utility_to_osm - WARNING - ssr:stedsnr = 547565 has multiple (2) positions, using the first one!
utility_to_osm - WARNING - ssr:stedsnr = 547577 has multiple (3) positions, using the first one!
utility_to_osm - WARNING - ssr:stedsnr = 547586 has multiple (2) positions, using the first one!
utility_to_osm - WARNING - ssr:stedsnr = 547469 has multiple (3) positions, using the first one!
utility_to_osm - WARNING - ssr:stedsnr = 547473 has multiple (3) positions, using the first one!
utility_to_osm - WARNING - ssr:stedsnr = 547475 has multiple (3) positions, using the first one!
utility_to_osm - WARNING - ssr:stedsnr = 547621 has multiple (3) positions, using the first one!
utility_to_osm - WARNING - ssr:stedsnr = 547668 has multiple (3) positions, using the first one!
utility_to_osm - WARNING - ssr:stedsnr = 547672 has multiple (4) positions, using the first one!
utility_to_osm - WARNING - ssr:stedsnr = 547910 has multiple (3) positions, using the first one!
utility_to_osm - WARNING - ssr:stedsnr = 547967 has multiple (3) positions, using the first one!
utility_to_osm - WARNING - ssr:stedsnr = 547971 has multiple (2) positions, using the first one!
utility_to_osm - WARNING - ssr:stedsnr = 547866 has multiple (3) positions, using the first one!
utility_to_osm - WARNING - ssr:stedsnr = 547869 has multiple (3) positions, using the first one!
utility_to_osm - WARNING - ssr:stedsnr = 548003 has multiple (3) positions, using the first one!
utility_to_osm - WARNING - ssr:stedsnr = 548554 has multiple (2) positions, using the first one!
utility_to_osm - WARNING - ssr:stedsnr = 548968 has multiple (3) positions, using the first one!
utility_to_osm - WARNING - ssr:stedsnr = 582993 has multiple (2) positions, using the first one!
utility_to_osm - WARNING - ssr:stedsnr = 593116 has multiple (2) positions, using the first one!
utility_to_osm - WARNING - ssr:stedsnr = 593121 has multiple (2) positions, using the first one!
utility_to_osm - WARNING - ssr:stedsnr = 607295 has multiple (2) positions, using the first one!
utility_to_osm - WARNING - ssr:stedsnr = 607298 has multiple (4) positions, using the first one!
utility_to_osm - WARNING - ssr:stedsnr = 607405 has multiple (3) positions, using the first one!
utility_to_osm - WARNING - ssr:stedsnr = 607201 has multiple (3) positions, using the first one!
utility_to_osm - WARNING - ssr:stedsnr = 607303 has multiple (6) positions, using the first one!
utility_to_osm - WARNING - ssr:stedsnr = 607362 has multiple (3) positions, using the first one!
utility_to_osm - WARNING - ssr:stedsnr = 607449 has multiple (3) positions, using the first one!
utility_to_osm - WARNING - ssr:stedsnr = 607843 has multiple (2) positions, using the first one!
utility_to_osm - WARNING - ssr:stedsnr = 607892 has multiple (3) positions, using the first one!
utility_to_osm - WARNING - ssr:stedsnr = 607895 has multiple (2) positions, using the first one!
utility_to_osm - WARNING - ssr:stedsnr = 607991 has multiple (2) positions, using the first one!
utility_to_osm - WARNING - ssr:stedsnr = 608106 has multiple (3) positions, using the first one!
utility_to_osm - WARNING - ssr:stedsnr = 608139 has multiple (3) positions, using the first one!
utility_to_osm - WARNING - ssr:stedsnr = 608140 has multiple (3) positions, using the first one!
utility_to_osm - WARNING - ssr:stedsnr = 608504 has multiple (3) positions, using the first one!
utility_to_osm - WARNING - ssr:stedsnr = 608491 has multiple (2) positions, using the first one!
utility_to_osm - WARNING - ssr:stedsnr = 608688 has multiple (3) positions, using the first one!
utility_to_osm - WARNING - ssr:stedsnr = 608690 has multiple (2) positions, using the first one!
utility_to_osm - WARNING - ssr:stedsnr = 608693 has multiple (3) positions, using the first one!
utility_to_osm - WARNING - ssr:stedsnr = 608698 has multiple (2) positions, using the first one!
utility_to_osm - WARNING - ssr:stedsnr = 608701 has multiple (3) positions, using the first one!
utility_to_osm - WARNING - ssr:stedsnr = 608838 has multiple (2) positions, using the first one!
utility_to_osm - WARNING - ssr:stedsnr = 608804 has multiple (3) positions, using the first one!
utility_to_osm - WARNING - ssr:stedsnr = 608816 has multiple (4) positions, using the first one!
utility_to_osm - WARNING - ssr:stedsnr = 608908 has multiple (6) positions, using the first one!
utility_to_osm - WARNING - ssr:stedsnr = 608953 has multiple (2) positions, using the first one!
utility_to_osm - WARNING - ssr:stedsnr = 700896 has multiple (2) positions, using the first one!
utility_to_osm - WARNING - ssr:stedsnr = 701434 has multiple (2) positions, using the first one!
utility_to_osm - WARNING - ssr:stedsnr = 703644 has multiple (2) positions, using the first one!
utility_to_osm - WARNING - ssr:stedsnr = 703972 has multiple (2) positions, using the first one!
utility_to_osm - WARNING - ssr:stedsnr = 642027 has multiple (2) positions, using the first one!
utility_to_osm - WARNING - ssr:stedsnr = 668203 has multiple (3) positions, using the first one!
utility_to_osm - WARNING - ssr:stedsnr = 668213 has multiple (2) positions, using the first one!
utility_to_osm - WARNING - ssr:stedsnr = 668404 has multiple (3) positions, using the first one!
utility_to_osm - WARNING - ssr:stedsnr = 668412 has multiple (3) positions, using the first one!
utility_to_osm - WARNING - ssr:stedsnr = 668482 has multiple (3) positions, using the first one!
utility_to_osm - WARNING - ssr:stedsnr = 668493 has multiple (2) positions, using the first one!
utility_to_osm - WARNING - ssr:stedsnr = 668494 has multiple (3) positions, using the first one!
utility_to_osm - WARNING - ssr:stedsnr = 668396 has multiple (3) positions, using the first one!
utility_to_osm - WARNING - ssr:stedsnr = 668402 has multiple (3) positions, using the first one!
utility_to_osm - WARNING - ssr:stedsnr = 668503 has multiple (3) positions, using the first one!
utility_to_osm - WARNING - ssr:stedsnr = 668728 has multiple (3) positions, using the first one!
utility_to_osm - WARNING - ssr:stedsnr = 668731 has multiple (3) positions, using the first one!
utility_to_osm - WARNING - ssr:stedsnr = 668732 has multiple (3) positions, using the first one!
utility_to_osm - WARNING - ssr:stedsnr = 668904 has multiple (2) positions, using the first one!
utility_to_osm - WARNING - ssr:stedsnr = 668912 has multiple (2) positions, using the first one!
utility_to_osm - WARNING - ssr:stedsnr = 669003 has multiple (3) positions, using the first one!
utility_to_osm - WARNING - ssr:stedsnr = 669005 has multiple (5) positions, using the first one!
utility_to_osm - WARNING - ssr:stedsnr = 669035 has multiple (3) positions, using the first one!
utility_to_osm - WARNING - ssr:stedsnr = 669196 has multiple (4) positions, using the first one!
utility_to_osm - WARNING - ssr:stedsnr = 669479 has multiple (2) positions, using the first one!
utility_to_osm - WARNING - ssr:stedsnr = 669487 has multiple (3) positions, using the first one!
utility_to_osm - WARNING - ssr:stedsnr = 669499 has multiple (3) positions, using the first one!
utility_to_osm - WARNING - ssr:stedsnr = 669606 has multiple (4) positions, using the first one!
utility_to_osm - WARNING - ssr:stedsnr = 669504 has multiple (2) positions, using the first one!
utility_to_osm - WARNING - ssr:stedsnr = 669808 has multiple (4) positions, using the first one!
utility_to_osm - WARNING - ssr:stedsnr = 669812 has multiple (3) positions, using the first one!
utility_to_osm - WARNING - ssr:stedsnr = 669876 has multiple (3) positions, using the first one!
utility_to_osm - WARNING - ssr:stedsnr = 669878 has multiple (3) positions, using the first one!
utility_to_osm - WARNING - ssr:stedsnr = 669889 has multiple (3) positions, using the first one!
utility_to_osm - WARNING - ssr:stedsnr = 670072 has multiple (2) positions, using the first one!
utility_to_osm - WARNING - ssr:stedsnr = 700624 has multiple (2) positions, using the first one!
utility_to_osm - WARNING - ssr:stedsnr = 701907 has multiple (3) positions, using the first one!
utility_to_osm - WARNING - ssr:stedsnr = 714673 has multiple (2) positions, using the first one!
utility_to_osm - WARNING - ssr:stedsnr = 715425 has multiple (2) positions, using the first one!
utility_to_osm - WARNING - ssr:stedsnr = 715327 has multiple (2) positions, using the first one!
utility_to_osm - WARNING - ssr:stedsnr = 728229 has multiple (3) positions, using the first one!
utility_to_osm - WARNING - ssr:stedsnr = 728414 has multiple (3) positions, using the first one!
utility_to_osm - WARNING - ssr:stedsnr = 729309 has multiple (3) positions, using the first one!
utility_to_osm - WARNING - ssr:stedsnr = 729415 has multiple (2) positions, using the first one!
utility_to_osm - WARNING - ssr:stedsnr = 729466 has multiple (2) positions, using the first one!
utility_to_osm - WARNING - ssr:stedsnr = 729506 has multiple (2) positions, using the first one!
utility_to_osm - WARNING - ssr:stedsnr = 729552 has multiple (3) positions, using the first one!
utility_to_osm - WARNING - ssr:stedsnr = 729853 has multiple (2) positions, using the first one!
utility_to_osm - WARNING - ssr:stedsnr = 729764 has multiple (4) positions, using the first one!
utility_to_osm - WARNING - ssr:stedsnr = 729970 has multiple (2) positions, using the first one!
utility_to_osm - WARNING - ssr:stedsnr = 730017 has multiple (2) positions, using the first one!
utility_to_osm - WARNING - ssr:stedsnr = 730087 has multiple (3) positions, using the first one!
utility_to_osm - WARNING - ssr:stedsnr = 730484 has multiple (2) positions, using the first one!
utility_to_osm - WARNING - ssr:stedsnr = 730609 has multiple (3) positions, using the first one!
utility_to_osm - WARNING - ssr:stedsnr = 730618 has multiple (4) positions, using the first one!
utility_to_osm - WARNING - ssr:stedsnr = 730518 has multiple (4) positions, using the first one!
utility_to_osm - WARNING - ssr:stedsnr = 730704 has multiple (4) positions, using the first one!
utility_to_osm - WARNING - ssr:stedsnr = 730722 has multiple (3) positions, using the first one!
utility_to_osm - WARNING - ssr:stedsnr = 730724 has multiple (4) positions, using the first one!
utility_to_osm - WARNING - ssr:stedsnr = 730675 has multiple (4) positions, using the first one!
utility_to_osm - WARNING - ssr:stedsnr = 730822 has multiple (5) positions, using the first one!
utility_to_osm - WARNING - ssr:stedsnr = 730885 has multiple (2) positions, using the first one!
utility_to_osm - WARNING - ssr:stedsnr = 730894 has multiple (2) positions, using the first one!
utility_to_osm - WARNING - ssr:stedsnr = 730924 has multiple (4) positions, using the first one!
utility_to_osm - WARNING - ssr:stedsnr = 730974 has multiple (2) positions, using the first one!
utility_to_osm - WARNING - ssr:stedsnr = 730979 has multiple (2) positions, using the first one!
utility_to_osm - WARNING - ssr:stedsnr = 761992 has multiple (2) positions, using the first one!
utility_to_osm - WARNING - ssr:stedsnr = 775566 has multiple (2) positions, using the first one!
utility_to_osm - WARNING - ssr:stedsnr = 911096 has multiple (3) positions, using the first one!
utility_to_osm - WARNING - ssr:stedsnr = 911185 has multiple (3) positions, using the first one!
utility_to_osm - WARNING - ssr:stedsnr = 911279 has multiple (3) positions, using the first one!
utility_to_osm - WARNING - ssr:stedsnr = 911287 has multiple (3) positions, using the first one!
utility_to_osm - WARNING - ssr:stedsnr = 911288 has multiple (2) positions, using the first one!
utility_to_osm - WARNING - ssr:stedsnr = 911394 has multiple (6) positions, using the first one!
utility_to_osm - WARNING - ssr:stedsnr = 911477 has multiple (3) positions, using the first one!
utility_to_osm - WARNING - ssr:stedsnr = 911479 has multiple (3) positions, using the first one!
utility_to_osm - WARNING - ssr:stedsnr = 911481 has multiple (2) positions, using the first one!
utility_to_osm - WARNING - ssr:stedsnr = 789364 has multiple (2) positions, using the first one!
utility_to_osm - WARNING - ssr:stedsnr = 789370 has multiple (3) positions, using the first one!
utility_to_osm - WARNING - ssr:stedsnr = 911488 has multiple (2) positions, using the first one!
utility_to_osm - WARNING - ssr:stedsnr = 911494 has multiple (3) positions, using the first one!
utility_to_osm - WARNING - ssr:stedsnr = 911499 has multiple (3) positions, using the first one!
utility_to_osm - WARNING - ssr:stedsnr = 789264 has multiple (3) positions, using the first one!
utility_to_osm - WARNING - ssr:stedsnr = 789266 has multiple (3) positions, using the first one!
utility_to_osm - WARNING - ssr:stedsnr = 789410 has multiple (3) positions, using the first one!
utility_to_osm - WARNING - ssr:stedsnr = 789699 has multiple (2) positions, using the first one!
utility_to_osm - WARNING - ssr:stedsnr = 911573 has multiple (2) positions, using the first one!
utility_to_osm - WARNING - ssr:stedsnr = 789716 has multiple (3) positions, using the first one!
utility_to_osm - WARNING - ssr:stedsnr = 789905 has multiple (2) positions, using the first one!
utility_to_osm - WARNING - ssr:stedsnr = 789918 has multiple (3) positions, using the first one!
utility_to_osm - WARNING - ssr:stedsnr = 790049 has multiple (3) positions, using the first one!
utility_to_osm - WARNING - ssr:stedsnr = 790062 has multiple (2) positions, using the first one!
utility_to_osm - WARNING - ssr:stedsnr = 790098 has multiple (3) positions, using the first one!
utility_to_osm - WARNING - ssr:stedsnr = 790251 has multiple (3) positions, using the first one!
utility_to_osm - WARNING - ssr:stedsnr = 790254 has multiple (2) positions, using the first one!
utility_to_osm - WARNING - ssr:stedsnr = 911418 has multiple (3) positions, using the first one!
utility_to_osm - WARNING - ssr:stedsnr = 911419 has multiple (2) positions, using the first one!
utility_to_osm - WARNING - ssr:stedsnr = 911423 has multiple (3) positions, using the first one!
utility_to_osm - WARNING - ssr:stedsnr = 911425 has multiple (2) positions, using the first one!
utility_to_osm - WARNING - ssr:stedsnr = 790111 has multiple (3) positions, using the first one!
utility_to_osm - WARNING - ssr:stedsnr = 790446 has multiple (3) positions, using the first one!
utility_to_osm - WARNING - ssr:stedsnr = 790451 has multiple (4) positions, using the first one!
utility_to_osm - WARNING - ssr:stedsnr = 790459 has multiple (2) positions, using the first one!
utility_to_osm - WARNING - ssr:stedsnr = 790708 has multiple (3) positions, using the first one!
utility_to_osm - WARNING - ssr:stedsnr = 790909 has multiple (3) positions, using the first one!
utility_to_osm - WARNING - ssr:stedsnr = 790942 has multiple (2) positions, using the first one!
utility_to_osm - WARNING - ssr:stedsnr = 790952 has multiple (2) positions, using the first one!
utility_to_osm - WARNING - ssr:stedsnr = 790695 has multiple (3) positions, using the first one!
utility_to_osm - WARNING - ssr:stedsnr = 790700 has multiple (4) positions, using the first one!
utility_to_osm - WARNING - ssr:stedsnr = 790846 has multiple (2) positions, using the first one!
utility_to_osm - WARNING - ssr:stedsnr = 790850 has multiple (4) positions, using the first one!
utility_to_osm - WARNING - ssr:stedsnr = 911904 has multiple (3) positions, using the first one!
utility_to_osm - WARNING - ssr:stedsnr = 911909 has multiple (2) positions, using the first one!
utility_to_osm - WARNING - ssr:stedsnr = 791609 has multiple (4) positions, using the first one!
utility_to_osm - WARNING - ssr:stedsnr = 791612 has multiple (2) positions, using the first one!
utility_to_osm - WARNING - ssr:stedsnr = 791617 has multiple (3) positions, using the first one!
utility_to_osm - WARNING - ssr:stedsnr = 911888 has multiple (3) positions, using the first one!
utility_to_osm - WARNING - ssr:stedsnr = 911892 has multiple (2) positions, using the first one!
utility_to_osm - WARNING - ssr:stedsnr = 791708 has multiple (3) positions, using the first one!
utility_to_osm - WARNING - ssr:stedsnr = 791710 has multiple (4) positions, using the first one!
utility_to_osm - WARNING - ssr:stedsnr = 911974 has multiple (4) positions, using the first one!
utility_to_osm - WARNING - ssr:stedsnr = 791883 has multiple (5) positions, using the first one!
utility_to_osm - WARNING - ssr:stedsnr = 912037 has multiple (5) positions, using the first one!
utility_to_osm - WARNING - ssr:stedsnr = 911914 has multiple (3) positions, using the first one!
utility_to_osm - WARNING - ssr:stedsnr = 912243 has multiple (4) positions, using the first one!
utility_to_osm - WARNING - ssr:stedsnr = 912252 has multiple (4) positions, using the first one!
utility_to_osm - WARNING - ssr:stedsnr = 912255 has multiple (4) positions, using the first one!
utility_to_osm - WARNING - ssr:stedsnr = 912534 has multiple (4) positions, using the first one!
utility_to_osm - WARNING - ssr:stedsnr = 912540 has multiple (2) positions, using the first one!
utility_to_osm - WARNING - ssr:stedsnr = 912552 has multiple (2) positions, using the first one!
utility_to_osm - WARNING - ssr:stedsnr = 912555 has multiple (2) positions, using the first one!
utility_to_osm - WARNING - ssr:stedsnr = 912556 has multiple (2) positions, using the first one!
utility_to_osm - WARNING - ssr:stedsnr = 912481 has multiple (4) positions, using the first one!
utility_to_osm - WARNING - ssr:stedsnr = 912483 has multiple (2) positions, using the first one!
utility_to_osm - WARNING - ssr:stedsnr = 912575 has multiple (4) positions, using the first one!
utility_to_osm - WARNING - ssr:stedsnr = 912643 has multiple (4) positions, using the first one!
utility_to_osm - WARNING - ssr:stedsnr = 912651 has multiple (2) positions, using the first one!
utility_to_osm - WARNING - ssr:stedsnr = 912700 has multiple (4) positions, using the first one!
utility_to_osm - WARNING - ssr:stedsnr = 912755 has multiple (2) positions, using the first one!
utility_to_osm - WARNING - ssr:stedsnr = 912668 has multiple (2) positions, using the first one!
utility_to_osm - WARNING - ssr:stedsnr = 912685 has multiple (2) positions, using the first one!
utility_to_osm - WARNING - ssr:stedsnr = 912783 has multiple (4) positions, using the first one!
utility_to_osm - WARNING - ssr:stedsnr = 912879 has multiple (3) positions, using the first one!
utility_to_osm - WARNING - ssr:stedsnr = 912972 has multiple (3) positions, using the first one!
utility_to_osm - WARNING - ssr:stedsnr = 912914: No priority spelling found for lang = no, using alt_name to get "[('no', 'Nykås')]"
utility_to_osm - WARNING - ssr:stedsnr = 912914 has multiple (2) positions, using the first one!
utility_to_osm - WARNING - ssr:stedsnr = 913065 has multiple (2) positions, using the first one!
utility_to_osm - WARNING - ssr:stedsnr = 822416 has multiple (2) positions, using the first one!
utility_to_osm - WARNING - ssr:stedsnr = 823914: No priority spelling found for lang = no, using alt_name to get "[('no', 'Skålestronda')]"
utility_to_osm - WARNING - ssr:stedsnr = 825213 has multiple (2) positions, using the first one!
utility_to_osm - WARNING - ssr:stedsnr = 850396 has multiple (3) positions, using the first one!
utility_to_osm - WARNING - ssr:stedsnr = 850405 has multiple (2) positions, using the first one!
utility_to_osm - WARNING - ssr:stedsnr = 850408 has multiple (3) positions, using the first one!
utility_to_osm - WARNING - ssr:stedsnr = 850434 has multiple (2) positions, using the first one!
utility_to_osm - WARNING - ssr:stedsnr = 850481 has multiple (3) positions, using the first one!
utility_to_osm - WARNING - ssr:stedsnr = 850483 has multiple (2) positions, using the first one!
utility_to_osm - WARNING - ssr:stedsnr = 850903 has multiple (2) positions, using the first one!
utility_to_osm - WARNING - ssr:stedsnr = 850985 has multiple (2) positions, using the first one!
utility_to_osm - WARNING - ssr:stedsnr = 851074 has multiple (3) positions, using the first one!
utility_to_osm - WARNING - ssr:stedsnr = 851097 has multiple (3) positions, using the first one!
utility_to_osm - WARNING - ssr:stedsnr = 851218 has multiple (3) positions, using the first one!
utility_to_osm - WARNING - ssr:stedsnr = 851312 has multiple (2) positions, using the first one!
utility_to_osm - WARNING - ssr:stedsnr = 851318 has multiple (2) positions, using the first one!
utility_to_osm - WARNING - ssr:stedsnr = 851273 has multiple (2) positions, using the first one!
utility_to_osm - WARNING - ssr:stedsnr = 851472 has multiple (2) positions, using the first one!
utility_to_osm - WARNING - ssr:stedsnr = 851481 has multiple (4) positions, using the first one!
utility_to_osm - WARNING - ssr:stedsnr = 851483 has multiple (2) positions, using the first one!
utility_to_osm - WARNING - ssr:stedsnr = 851490 has multiple (3) positions, using the first one!
utility_to_osm - WARNING - ssr:stedsnr = 851611 has multiple (3) positions, using the first one!
utility_to_osm - WARNING - ssr:stedsnr = 851706 has multiple (2) positions, using the first one!
utility_to_osm - WARNING - ssr:stedsnr = 851914 has multiple (3) positions, using the first one!
utility_to_osm - WARNING - ssr:stedsnr = 851920 has multiple (2) positions, using the first one!
utility_to_osm - WARNING - ssr:stedsnr = 851921 has multiple (3) positions, using the first one!
utility_to_osm - WARNING - ssr:stedsnr = 851671 has multiple (3) positions, using the first one!
utility_to_osm - WARNING - ssr:stedsnr = 851674 has multiple (3) positions, using the first one!
utility_to_osm - WARNING - ssr:stedsnr = 851885 has multiple (2) positions, using the first one!
utility_to_osm - WARNING - ssr:stedsnr = 851890 has multiple (2) positions, using the first one!
utility_to_osm - WARNING - ssr:stedsnr = 851892 has multiple (3) positions, using the first one!
utility_to_osm - WARNING - ssr:stedsnr = 852482 has multiple (2) positions, using the first one!
utility_to_osm - WARNING - ssr:stedsnr = 852616 has multiple (3) positions, using the first one!
utility_to_osm - WARNING - ssr:stedsnr = 852770 has multiple (3) positions, using the first one!
utility_to_osm - WARNING - ssr:stedsnr = 852771 has multiple (3) positions, using the first one!
utility_to_osm - WARNING - ssr:stedsnr = 852772 has multiple (2) positions, using the first one!
utility_to_osm - WARNING - ssr:stedsnr = 852875 has multiple (2) positions, using the first one!
utility_to_osm - WARNING - ssr:stedsnr = 883297 has multiple (2) positions, using the first one!
utility_to_osm - WARNING - ssr:stedsnr = 896506 has multiple (2) positions, using the first one!
utility_to_osm - WARNING - ssr:stedsnr = 897174 has multiple (2) positions, using the first one!
utility_to_osm - WARNING - ssr:stedsnr = 911328 has multiple (3) positions, using the first one!
utility_to_osm - WARNING - ssr:stedsnr = 911455 has multiple (3) positions, using the first one!
utility_to_osm - WARNING - ssr:stedsnr = 911472 has multiple (2) positions, using the first one!
utility_to_osm - WARNING - ssr:stedsnr = 911724 has multiple (2) positions, using the first one!
utility_to_osm - WARNING - ssr:stedsnr = 911954 has multiple (3) positions, using the first one!
utility_to_osm - WARNING - ssr:stedsnr = 912107 has multiple (4) positions, using the first one!
utility_to_osm - WARNING - ssr:stedsnr = 912117 has multiple (4) positions, using the first one!
utility_to_osm - WARNING - ssr:stedsnr = 912136 has multiple (3) positions, using the first one!
utility_to_osm - WARNING - ssr:stedsnr = 912012 has multiple (4) positions, using the first one!
utility_to_osm - WARNING - ssr:stedsnr = 912490 has multiple (3) positions, using the first one!
utility_to_osm - WARNING - ssr:stedsnr = 912491 has multiple (3) positions, using the first one!
utility_to_osm - WARNING - ssr:stedsnr = 912496 has multiple (2) positions, using the first one!
utility_to_osm - WARNING - ssr:stedsnr = 912502 has multiple (3) positions, using the first one!
utility_to_osm - WARNING - ssr:stedsnr = 912610 has multiple (2) positions, using the first one!
utility_to_osm - WARNING - ssr:stedsnr = 912613 has multiple (4) positions, using the first one!
utility_to_osm - WARNING - ssr:stedsnr = 912716 has multiple (2) positions, using the first one!
utility_to_osm - WARNING - ssr:stedsnr = 912723 has multiple (3) positions, using the first one!
utility_to_osm - WARNING - ssr:stedsnr = 912726 has multiple (5) positions, using the first one!
utility_to_osm - WARNING - ssr:stedsnr = 912746 has multiple (2) positions, using the first one!
utility_to_osm - WARNING - ssr:stedsnr = 912747 has multiple (4) positions, using the first one!
utility_to_osm - WARNING - ssr:stedsnr = 912691 has multiple (2) positions, using the first one!
utility_to_osm - WARNING - ssr:stedsnr = 912848 has multiple (4) positions, using the first one!
utility_to_osm - WARNING - ssr:stedsnr = 944442 has multiple (2) positions, using the first one!
utility_to_osm - WARNING - ssr:stedsnr = 944796 has multiple (2) positions, using the first one!
utility_to_osm - WARNING - ssr:stedsnr = 280 has multiple (2) positions, using the first one!
utility_to_osm - WARNING - ssr:stedsnr = 376 has multiple (3) positions, using the first one!
utility_to_osm - WARNING - ssr:stedsnr = 473 has multiple (3) positions, using the first one!
utility_to_osm - WARNING - ssr:stedsnr = 980 has multiple (3) positions, using the first one!
utility_to_osm - WARNING - ssr:stedsnr = 1710 has multiple (3) positions, using the first one!
utility_to_osm - WARNING - ssr:stedsnr = 877 has multiple (2) positions, using the first one!
utility_to_osm - WARNING - ssr:stedsnr = 886 has multiple (2) positions, using the first one!
utility_to_osm - WARNING - ssr:stedsnr = 887 has multiple (3) positions, using the first one!
utility_to_osm - WARNING - ssr:stedsnr = 935 has multiple (3) positions, using the first one!
utility_to_osm - WARNING - ssr:stedsnr = 1123 has multiple (3) positions, using the first one!
utility_to_osm - WARNING - ssr:stedsnr = 1225 has multiple (3) positions, using the first one!
utility_to_osm - WARNING - ssr:stedsnr = 1329 has multiple (2) positions, using the first one!
utility_to_osm - WARNING - ssr:stedsnr = 1330 has multiple (3) positions, using the first one!
utility_to_osm - WARNING - ssr:stedsnr = 1521 has multiple (3) positions, using the first one!
utility_to_osm - WARNING - ssr:stedsnr = 1631 has multiple (3) positions, using the first one!
utility_to_osm - WARNING - ssr:stedsnr = 1632 has multiple (2) positions, using the first one!
utility_to_osm - WARNING - ssr:stedsnr = 1247 has multiple (3) positions, using the first one!
utility_to_osm - WARNING - ssr:stedsnr = 1433 has multiple (3) positions, using the first one!
utility_to_osm - WARNING - ssr:stedsnr = 1468 has multiple (3) positions, using the first one!
utility_to_osm - WARNING - ssr:stedsnr = 1541 has multiple (2) positions, using the first one!
utility_to_osm - WARNING - ssr:stedsnr = 2764 has multiple (3) positions, using the first one!
utility_to_osm - WARNING - ssr:stedsnr = 1667 has multiple (4) positions, using the first one!
utility_to_osm - WARNING - ssr:stedsnr = 1748 has multiple (4) positions, using the first one!
utility_to_osm - WARNING - ssr:stedsnr = 1756 has multiple (3) positions, using the first one!
utility_to_osm - WARNING - ssr:stedsnr = 1768 has multiple (5) positions, using the first one!
utility_to_osm - WARNING - ssr:stedsnr = 1848 has multiple (3) positions, using the first one!
utility_to_osm - WARNING - ssr:stedsnr = 1851 has multiple (3) positions, using the first one!
utility_to_osm - WARNING - ssr:stedsnr = 1864 has multiple (2) positions, using the first one!
utility_to_osm - WARNING - ssr:stedsnr = 1865 has multiple (2) positions, using the first one!
utility_to_osm - WARNING - ssr:stedsnr = 1909 has multiple (2) positions, using the first one!
utility_to_osm - WARNING - ssr:stedsnr = 2050 has multiple (2) positions, using the first one!
utility_to_osm - WARNING - ssr:stedsnr = 1988 has multiple (2) positions, using the first one!
utility_to_osm - WARNING - ssr:stedsnr = 2097 has multiple (2) positions, using the first one!
utility_to_osm - WARNING - ssr:stedsnr = 2562 has multiple (4) positions, using the first one!
utility_to_osm - WARNING - ssr:stedsnr = 2565 has multiple (7) positions, using the first one!
utility_to_osm - WARNING - ssr:stedsnr = 2513 has multiple (2) positions, using the first one!
utility_to_osm - WARNING - ssr:stedsnr = 2514 has multiple (2) positions, using the first one!
utility_to_osm - WARNING - ssr:stedsnr = 2638 has multiple (2) positions, using the first one!
utility_to_osm - WARNING - ssr:stedsnr = 2640 has multiple (4) positions, using the first one!
utility_to_osm - WARNING - ssr:stedsnr = 2787 has multiple (3) positions, using the first one!
utility_to_osm - WARNING - ssr:stedsnr = 2788 has multiple (3) positions, using the first one!
utility_to_osm - WARNING - ssr:stedsnr = 2685 has multiple (3) positions, using the first one!
utility_to_osm - WARNING - ssr:stedsnr = 2867 has multiple (3) positions, using the first one!
utility_to_osm - WARNING - ssr:stedsnr = 2966 has multiple (2) positions, using the first one!
utility_to_osm - WARNING - ssr:stedsnr = 33598 has multiple (2) positions, using the first one!
utility_to_osm - WARNING - ssr:stedsnr = 35199 has multiple (2) positions, using the first one!
utility_to_osm - WARNING - ssr:stedsnr = 46418 has multiple (2) positions, using the first one!
utility_to_osm - WARNING - ssr:stedsnr = 48200 has multiple (2) positions, using the first one!
utility_to_osm - WARNING - ssr:stedsnr = 63199 has multiple (3) positions, using the first one!
utility_to_osm - WARNING - ssr:stedsnr = 61242 has multiple (7) positions, using the first one!
utility_to_osm - WARNING - ssr:stedsnr = 61347 has multiple (2) positions, using the first one!
utility_to_osm - WARNING - ssr:stedsnr = 61355 has multiple (7) positions, using the first one!
utility_to_osm - WARNING - ssr:stedsnr = 61363 has multiple (2) positions, using the first one!
utility_to_osm - WARNING - ssr:stedsnr = 61707 has multiple (2) positions, using the first one!
utility_to_osm - WARNING - ssr:stedsnr = 62026 has multiple (3) positions, using the first one!
utility_to_osm - WARNING - ssr:stedsnr = 62053 has multiple (3) positions, using the first one!
utility_to_osm - WARNING - ssr:stedsnr = 62116 has multiple (4) positions, using the first one!
utility_to_osm - WARNING - ssr:stedsnr = 62493 has multiple (2) positions, using the first one!
utility_to_osm - WARNING - ssr:stedsnr = 62780 has multiple (2) positions, using the first one!
utility_to_osm - WARNING - ssr:stedsnr = 62263 has multiple (4) positions, using the first one!
utility_to_osm - WARNING - ssr:stedsnr = 62329 has multiple (3) positions, using the first one!
utility_to_osm - WARNING - ssr:stedsnr = 62339 has multiple (3) positions, using the first one!
utility_to_osm - WARNING - ssr:stedsnr = 62433 has multiple (2) positions, using the first one!
utility_to_osm - WARNING - ssr:stedsnr = 62447 has multiple (4) positions, using the first one!
utility_to_osm - WARNING - ssr:stedsnr = 62459 has multiple (2) positions, using the first one!
utility_to_osm - WARNING - ssr:stedsnr = 62550 has multiple (3) positions, using the first one!
utility_to_osm - WARNING - ssr:stedsnr = 62554 has multiple (4) positions, using the first one!
utility_to_osm - WARNING - ssr:stedsnr = 62555 has multiple (4) positions, using the first one!
utility_to_osm - WARNING - ssr:stedsnr = 62559 has multiple (2) positions, using the first one!
utility_to_osm - WARNING - ssr:stedsnr = 62759 has multiple (2) positions, using the first one!
utility_to_osm - WARNING - ssr:stedsnr = 62760 has multiple (4) positions, using the first one!
utility_to_osm - WARNING - ssr:stedsnr = 62825 has multiple (2) positions, using the first one!
utility_to_osm - WARNING - ssr:stedsnr = 62827 has multiple (3) positions, using the first one!
utility_to_osm - WARNING - ssr:stedsnr = 62835 has multiple (2) positions, using the first one!
utility_to_osm - WARNING - ssr:stedsnr = 62949 has multiple (2) positions, using the first one!
utility_to_osm - WARNING - ssr:stedsnr = 62959 has multiple (2) positions, using the first one!
utility_to_osm - WARNING - ssr:stedsnr = 62963 has multiple (2) positions, using the first one!
utility_to_osm - WARNING - ssr:stedsnr = 63061 has multiple (3) positions, using the first one!
utility_to_osm - WARNING - ssr:stedsnr = 63705 has multiple (3) positions, using the first one!
utility_to_osm - WARNING - ssr:stedsnr = 63708 has multiple (3) positions, using the first one!
utility_to_osm - WARNING - ssr:stedsnr = 63516 has multiple (2) positions, using the first one!
utility_to_osm - WARNING - ssr:stedsnr = 63524 has multiple (3) positions, using the first one!
utility_to_osm - WARNING - ssr:stedsnr = 63543 has multiple (3) positions, using the first one!
utility_to_osm - WARNING - ssr:stedsnr = 63546 has multiple (3) positions, using the first one!
utility_to_osm - WARNING - ssr:stedsnr = 63790 has multiple (3) positions, using the first one!
utility_to_osm - WARNING - ssr:stedsnr = 63870 has multiple (2) positions, using the first one!
utility_to_osm - WARNING - ssr:stedsnr = 63887 has multiple (4) positions, using the first one!
utility_to_osm - WARNING - ssr:stedsnr = 93694 has multiple (2) positions, using the first one!
utility_to_osm - WARNING - ssr:stedsnr = 122093 has multiple (3) positions, using the first one!
utility_to_osm - WARNING - ssr:stedsnr = 122095 has multiple (2) positions, using the first one!
utility_to_osm - WARNING - ssr:stedsnr = 122096 has multiple (3) positions, using the first one!
utility_to_osm - WARNING - ssr:stedsnr = 122734 has multiple (3) positions, using the first one!
utility_to_osm - WARNING - ssr:stedsnr = 122038 has multiple (2) positions, using the first one!
utility_to_osm - WARNING - ssr:stedsnr = 122063 has multiple (3) positions, using the first one!
utility_to_osm - WARNING - ssr:stedsnr = 122336 has multiple (3) positions, using the first one!
utility_to_osm - WARNING - ssr:stedsnr = 122345 has multiple (3) positions, using the first one!
utility_to_osm - WARNING - ssr:stedsnr = 122346 has multiple (5) positions, using the first one!
utility_to_osm - WARNING - ssr:stedsnr = 122353 has multiple (2) positions, using the first one!
utility_to_osm - WARNING - ssr:stedsnr = 122357 has multiple (2) positions, using the first one!
utility_to_osm - WARNING - ssr:stedsnr = 122271 has multiple (2) positions, using the first one!
utility_to_osm - WARNING - ssr:stedsnr = 122368 has multiple (3) positions, using the first one!
utility_to_osm - WARNING - ssr:stedsnr = 122393 has multiple (3) positions, using the first one!
utility_to_osm - WARNING - ssr:stedsnr = 122536 has multiple (3) positions, using the first one!
utility_to_osm - WARNING - ssr:stedsnr = 122541 has multiple (4) positions, using the first one!
utility_to_osm - WARNING - ssr:stedsnr = 122645 has multiple (2) positions, using the first one!
utility_to_osm - WARNING - ssr:stedsnr = 122452 has multiple (2) positions, using the first one!
utility_to_osm - WARNING - ssr:stedsnr = 122457 has multiple (2) positions, using the first one!
utility_to_osm - WARNING - ssr:stedsnr = 122673 has multiple (3) positions, using the first one!
utility_to_osm - WARNING - ssr:stedsnr = 122768 has multiple (3) positions, using the first one!
utility_to_osm - WARNING - ssr:stedsnr = 122769 has multiple (3) positions, using the first one!
utility_to_osm - WARNING - ssr:stedsnr = 122755 has multiple (2) positions, using the first one!
utility_to_osm - WARNING - ssr:stedsnr = 122756 has multiple (2) positions, using the first one!
utility_to_osm - WARNING - ssr:stedsnr = 122865 has multiple (2) positions, using the first one!
utility_to_osm - WARNING - ssr:stedsnr = 122884 has multiple (3) positions, using the first one!
utility_to_osm - WARNING - ssr:stedsnr = 122887 has multiple (2) positions, using the first one!
utility_to_osm - WARNING - ssr:stedsnr = 122894 has multiple (3) positions, using the first one!
utility_to_osm - WARNING - ssr:stedsnr = 122908 has multiple (3) positions, using the first one!
utility_to_osm - WARNING - ssr:stedsnr = 123050 has multiple (4) positions, using the first one!
utility_to_osm - WARNING - ssr:stedsnr = 123053 has multiple (3) positions, using the first one!
utility_to_osm - WARNING - ssr:stedsnr = 122846 has multiple (3) positions, using the first one!
utility_to_osm - WARNING - ssr:stedsnr = 122849 has multiple (4) positions, using the first one!
utility_to_osm - WARNING - ssr:stedsnr = 122914 has multiple (2) positions, using the first one!
utility_to_osm - WARNING - ssr:stedsnr = 123246 has multiple (3) positions, using the first one!
utility_to_osm - WARNING - ssr:stedsnr = 123541 has multiple (2) positions, using the first one!
utility_to_osm - WARNING - ssr:stedsnr = 123588 has multiple (2) positions, using the first one!
utility_to_osm - WARNING - ssr:stedsnr = 123685 has multiple (2) positions, using the first one!
utility_to_osm - WARNING - ssr:stedsnr = 123700 has multiple (4) positions, using the first one!
utility_to_osm - WARNING - ssr:stedsnr = 123786 has multiple (2) positions, using the first one!
utility_to_osm - WARNING - ssr:stedsnr = 123719 has multiple (3) positions, using the first one!
utility_to_osm - WARNING - ssr:stedsnr = 123730 has multiple (3) positions, using the first one!
utility_to_osm - WARNING - ssr:stedsnr = 123741 has multiple (4) positions, using the first one!
utility_to_osm - WARNING - ssr:stedsnr = 123787 has multiple (2) positions, using the first one!
utility_to_osm - WARNING - ssr:stedsnr = 123792 has multiple (2) positions, using the first one!
utility_to_osm - WARNING - ssr:stedsnr = 123928 has multiple (2) positions, using the first one!
utility_to_osm - WARNING - ssr:stedsnr = 123988 has multiple (3) positions, using the first one!
utility_to_osm - WARNING - ssr:stedsnr = 168139 has multiple (2) positions, using the first one!
utility_to_osm - WARNING - ssr:stedsnr = 168392 has multiple (2) positions, using the first one!
utility_to_osm - WARNING - ssr:stedsnr = 168440 has multiple (2) positions, using the first one!
utility_to_osm - WARNING - ssr:stedsnr = 169293: No priority spelling found for lang = no, using alt_name to get "[('no', 'Huvtjønnleiken')]"
utility_to_osm - WARNING - ssr:stedsnr = 183261 has multiple (2) positions, using the first one!
utility_to_osm - WARNING - ssr:stedsnr = 182250 has multiple (3) positions, using the first one!
utility_to_osm - WARNING - ssr:stedsnr = 182252 has multiple (2) positions, using the first one!
utility_to_osm - WARNING - ssr:stedsnr = 182360 has multiple (2) positions, using the first one!
utility_to_osm - WARNING - ssr:stedsnr = 182392 has multiple (3) positions, using the first one!
utility_to_osm - WARNING - ssr:stedsnr = 182644 has multiple (51) positions, using the first one!
utility_to_osm - WARNING - ssr:stedsnr = 182869 has multiple (3) positions, using the first one!
utility_to_osm - WARNING - ssr:stedsnr = 182898 has multiple (2) positions, using the first one!
utility_to_osm - WARNING - ssr:stedsnr = 183070 has multiple (4) positions, using the first one!
utility_to_osm - WARNING - ssr:stedsnr = 183087 has multiple (3) positions, using the first one!
utility_to_osm - WARNING - ssr:stedsnr = 183413 has multiple (2) positions, using the first one!
utility_to_osm - WARNING - ssr:stedsnr = 183414 has multiple (3) positions, using the first one!
utility_to_osm - WARNING - ssr:stedsnr = 183417 has multiple (2) positions, using the first one!
utility_to_osm - WARNING - ssr:stedsnr = 183120 has multiple (3) positions, using the first one!
utility_to_osm - WARNING - ssr:stedsnr = 183182 has multiple (4) positions, using the first one!
utility_to_osm - WARNING - ssr:stedsnr = 183589 has multiple (4) positions, using the first one!
utility_to_osm - WARNING - ssr:stedsnr = 183469 has multiple (4) positions, using the first one!
utility_to_osm - WARNING - ssr:stedsnr = 183471 has multiple (3) positions, using the first one!
utility_to_osm - WARNING - ssr:stedsnr = 183473 has multiple (2) positions, using the first one!
utility_to_osm - WARNING - ssr:stedsnr = 183474 has multiple (2) positions, using the first one!
utility_to_osm - WARNING - ssr:stedsnr = 183482 has multiple (2) positions, using the first one!
utility_to_osm - WARNING - ssr:stedsnr = 183518 has multiple (3) positions, using the first one!
utility_to_osm - WARNING - ssr:stedsnr = 183524 has multiple (2) positions, using the first one!
utility_to_osm - WARNING - ssr:stedsnr = 183586 has multiple (2) positions, using the first one!
utility_to_osm - WARNING - ssr:stedsnr = 183842 has multiple (3) positions, using the first one!
utility_to_osm - WARNING - ssr:stedsnr = 183843 has multiple (4) positions, using the first one!
utility_to_osm - WARNING - ssr:stedsnr = 183847 has multiple (3) positions, using the first one!
utility_to_osm - WARNING - ssr:stedsnr = 183849 has multiple (2) positions, using the first one!
utility_to_osm - WARNING - ssr:stedsnr = 183853 has multiple (3) positions, using the first one!
utility_to_osm - WARNING - ssr:stedsnr = 183857 has multiple (3) positions, using the first one!
utility_to_osm - WARNING - ssr:stedsnr = 183872 has multiple (2) positions, using the first one!
utility_to_osm - WARNING - ssr:stedsnr = 183929 has multiple (3) positions, using the first one!
utility_to_osm - WARNING - ssr:stedsnr = 183936 has multiple (4) positions, using the first one!
utility_to_osm - WARNING - ssr:stedsnr = 183937 has multiple (2) positions, using the first one!
utility_to_osm - WARNING - ssr:stedsnr = 183942 has multiple (2) positions, using the first one!
utility_to_osm - WARNING - ssr:stedsnr = 183959 has multiple (2) positions, using the first one!
utility_to_osm - WARNING - ssr:stedsnr = 184011 has multiple (3) positions, using the first one!
utility_to_osm - WARNING - ssr:stedsnr = 184153 has multiple (4) positions, using the first one!
utility_to_osm - WARNING - ssr:stedsnr = 184075 has multiple (2) positions, using the first one!
utility_to_osm - WARNING - ssr:stedsnr = 184262 has multiple (2) positions, using the first one!
utility_to_osm - WARNING - ssr:stedsnr = 184638 has multiple (2) positions, using the first one!
utility_to_osm - WARNING - ssr:stedsnr = 184496 has multiple (4) positions, using the first one!
utility_to_osm - WARNING - ssr:stedsnr = 184532 has multiple (3) positions, using the first one!
utility_to_osm - WARNING - ssr:stedsnr = 184544 has multiple (4) positions, using the first one!
utility_to_osm - WARNING - ssr:stedsnr = 184594 has multiple (3) positions, using the first one!
utility_to_osm - WARNING - ssr:stedsnr = 184597 has multiple (2) positions, using the first one!
utility_to_osm - WARNING - ssr:stedsnr = 184716 has multiple (3) positions, using the first one!
utility_to_osm - WARNING - ssr:stedsnr = 184672 has multiple (3) positions, using the first one!
utility_to_osm - WARNING - ssr:stedsnr = 184675 has multiple (3) positions, using the first one!
utility_to_osm - WARNING - ssr:stedsnr = 184679 has multiple (3) positions, using the first one!
utility_to_osm - WARNING - ssr:stedsnr = 184873 has multiple (3) positions, using the first one!
utility_to_osm - WARNING - ssr:stedsnr = 209374 has multiple (2) positions, using the first one!
utility_to_osm - WARNING - ssr:stedsnr = 216333 has multiple (2) positions, using the first one!
utility_to_osm - WARNING - ssr:stedsnr = 216321 has multiple (2) positions, using the first one!
utility_to_osm - WARNING - ssr:stedsnr = 218298 has multiple (3) positions, using the first one!
utility_to_osm - WARNING - ssr:stedsnr = 275398 has multiple (2) positions, using the first one!
utility_to_osm - WARNING - ssr:stedsnr = 275600 has multiple (4) positions, using the first one!
utility_to_osm - WARNING - ssr:stedsnr = 278137 has multiple (2) positions, using the first one!
utility_to_osm - WARNING - ssr:stedsnr = 291320: No priority spelling found for lang = no, using alt_name to get "[('no', 'Huvtjønnskarine')]"
utility_to_osm - WARNING - ssr:stedsnr = 304122 has multiple (2) positions, using the first one!
utility_to_osm - WARNING - ssr:stedsnr = 304401 has multiple (2) positions, using the first one!
utility_to_osm - WARNING - ssr:stedsnr = 304261 has multiple (2) positions, using the first one!
utility_to_osm - WARNING - ssr:stedsnr = 304269 has multiple (3) positions, using the first one!
utility_to_osm - WARNING - ssr:stedsnr = 304271 has multiple (3) positions, using the first one!
utility_to_osm - WARNING - ssr:stedsnr = 304343 has multiple (3) positions, using the first one!
utility_to_osm - WARNING - ssr:stedsnr = 304561: No priority spelling found for lang = no, using alt_name to get "[('no', 'Brattsbergheia')]"
utility_to_osm - WARNING - ssr:stedsnr = 304561 has multiple (3) positions, using the first one!
utility_to_osm - WARNING - ssr:stedsnr = 304756 has multiple (3) positions, using the first one!
utility_to_osm - WARNING - ssr:stedsnr = 304757 has multiple (2) positions, using the first one!
utility_to_osm - WARNING - ssr:stedsnr = 304777 has multiple (3) positions, using the first one!
utility_to_osm - WARNING - ssr:stedsnr = 304666 has multiple (2) positions, using the first one!
utility_to_osm - WARNING - ssr:stedsnr = 305491 has multiple (3) positions, using the first one!
utility_to_osm - WARNING - ssr:stedsnr = 305581 has multiple (3) positions, using the first one!
utility_to_osm - WARNING - ssr:stedsnr = 305588 has multiple (3) positions, using the first one!
utility_to_osm - WARNING - ssr:stedsnr = 305698 has multiple (2) positions, using the first one!
utility_to_osm - WARNING - ssr:stedsnr = 305776 has multiple (4) positions, using the first one!
utility_to_osm - WARNING - ssr:stedsnr = 305782 has multiple (2) positions, using the first one!
utility_to_osm - WARNING - ssr:stedsnr = 305793 has multiple (3) positions, using the first one!
utility_to_osm - WARNING - ssr:stedsnr = 304967 has multiple (2) positions, using the first one!
utility_to_osm - WARNING - ssr:stedsnr = 305002 has multiple (2) positions, using the first one!
utility_to_osm - WARNING - ssr:stedsnr = 304966 has multiple (2) positions, using the first one!
utility_to_osm - WARNING - ssr:stedsnr = 305042 has multiple (3) positions, using the first one!
utility_to_osm - WARNING - ssr:stedsnr = 305048 has multiple (3) positions, using the first one!
utility_to_osm - WARNING - ssr:stedsnr = 305094 has multiple (4) positions, using the first one!
utility_to_osm - WARNING - ssr:stedsnr = 305146 has multiple (3) positions, using the first one!
utility_to_osm - WARNING - ssr:stedsnr = 305151 has multiple (2) positions, using the first one!
utility_to_osm - WARNING - ssr:stedsnr = 305281 has multiple (2) positions, using the first one!
utility_to_osm - WARNING - ssr:stedsnr = 305557 has multiple (2) positions, using the first one!
utility_to_osm - WARNING - ssr:stedsnr = 305624 has multiple (3) positions, using the first one!
utility_to_osm - WARNING - ssr:stedsnr = 305722 has multiple (2) positions, using the first one!
utility_to_osm - WARNING - ssr:stedsnr = 305828 has multiple (3) positions, using the first one!
utility_to_osm - WARNING - ssr:stedsnr = 305841 has multiple (5) positions, using the first one!
utility_to_osm - WARNING - ssr:stedsnr = 305894 has multiple (3) positions, using the first one!
utility_to_osm - WARNING - ssr:stedsnr = 305895 has multiple (3) positions, using the first one!
utility_to_osm - WARNING - ssr:stedsnr = 305916: No priority spelling found for lang = no, using alt_name to get "[('no', 'Noraberg')]"
utility_to_osm - WARNING - ssr:stedsnr = 305916 has multiple (2) positions, using the first one!
utility_to_osm - WARNING - ssr:stedsnr = 305936 has multiple (3) positions, using the first one!
utility_to_osm - WARNING - ssr:stedsnr = 336565: No priority spelling found for lang = no, using alt_name to get "[('no', 'Nordabergkrona')]"
utility_to_osm - WARNING - ssr:stedsnr = 339330 has multiple (2) positions, using the first one!
utility_to_osm - WARNING - ssr:stedsnr = 350388 has multiple (2) positions, using the first one!
utility_to_osm - WARNING - ssr:stedsnr = 350789 has multiple (2) positions, using the first one!
utility_to_osm - WARNING - ssr:stedsnr = 364375 has multiple (2) positions, using the first one!
utility_to_osm - WARNING - ssr:stedsnr = 364380 has multiple (2) positions, using the first one!
utility_to_osm - WARNING - ssr:stedsnr = 364419 has multiple (3) positions, using the first one!
utility_to_osm - WARNING - ssr:stedsnr = 364443 has multiple (3) positions, using the first one!
utility_to_osm - WARNING - ssr:stedsnr = 364734 has multiple (3) positions, using the first one!
utility_to_osm - WARNING - ssr:stedsnr = 364977 has multiple (3) positions, using the first one!
utility_to_osm - WARNING - ssr:stedsnr = 364978 has multiple (3) positions, using the first one!
utility_to_osm - WARNING - ssr:stedsnr = 365078 has multiple (3) positions, using the first one!
utility_to_osm - WARNING - ssr:stedsnr = 365524 has multiple (2) positions, using the first one!
utility_to_osm - WARNING - ssr:stedsnr = 365710 has multiple (2) positions, using the first one!
utility_to_osm - WARNING - ssr:stedsnr = 365726 has multiple (2) positions, using the first one!
utility_to_osm - WARNING - ssr:stedsnr = 364943 has multiple (3) positions, using the first one!
utility_to_osm - WARNING - ssr:stedsnr = 364944 has multiple (2) positions, using the first one!
utility_to_osm - WARNING - ssr:stedsnr = 365125 has multiple (6) positions, using the first one!
utility_to_osm - WARNING - ssr:stedsnr = 365130 has multiple (2) positions, using the first one!
utility_to_osm - WARNING - ssr:stedsnr = 365079 has multiple (2) positions, using the first one!
utility_to_osm - WARNING - ssr:stedsnr = 365080 has multiple (3) positions, using the first one!
utility_to_osm - WARNING - ssr:stedsnr = 365183 has multiple (3) positions, using the first one!
utility_to_osm - WARNING - ssr:stedsnr = 365188 has multiple (3) positions, using the first one!
utility_to_osm - WARNING - ssr:stedsnr = 365333 has multiple (2) positions, using the first one!
utility_to_osm - WARNING - ssr:stedsnr = 365347 has multiple (2) positions, using the first one!
utility_to_osm - WARNING - ssr:stedsnr = 365469 has multiple (2) positions, using the first one!
utility_to_osm - WARNING - ssr:stedsnr = 365661 has multiple (2) positions, using the first one!
utility_to_osm - WARNING - ssr:stedsnr = 365666 has multiple (3) positions, using the first one!
utility_to_osm - WARNING - ssr:stedsnr = 365763 has multiple (3) positions, using the first one!
utility_to_osm - WARNING - ssr:stedsnr = 365855 has multiple (2) positions, using the first one!
utility_to_osm - WARNING - ssr:stedsnr = 365961 has multiple (2) positions, using the first one!
utility_to_osm - WARNING - ssr:stedsnr = 365974 has multiple (5) positions, using the first one!
utility_to_osm - WARNING - ssr:stedsnr = 366042 has multiple (4) positions, using the first one!
utility_to_osm - WARNING - ssr:stedsnr = 366124 has multiple (4) positions, using the first one!
utility_to_osm - WARNING - ssr:stedsnr = 366163 has multiple (4) positions, using the first one!
utility_to_osm - WARNING - ssr:stedsnr = 366450 has multiple (4) positions, using the first one!
utility_to_osm - WARNING - ssr:stedsnr = 366461 has multiple (3) positions, using the first one!
utility_to_osm - WARNING - ssr:stedsnr = 366786 has multiple (3) positions, using the first one!
utility_to_osm - WARNING - ssr:stedsnr = 366643 has multiple (2) positions, using the first one!
utility_to_osm - WARNING - ssr:stedsnr = 366670 has multiple (4) positions, using the first one!
utility_to_osm - WARNING - ssr:stedsnr = 366849 has multiple (3) positions, using the first one!
utility_to_osm - WARNING - ssr:stedsnr = 398938 has multiple (3) positions, using the first one!
