utility_to_osm - ERROR - ERROR, no ending in ssr2_to_osm_data/data/3051/3051-ssr.xml? Trying to re-download
utility_to_osm - WARNING - ssr:stedsnr = 3716: No priority spelling found for lang = no, using alt_name to get "[('no', 'Revlisetre')]"
utility_to_osm - WARNING - ssr:stedsnr = 3716 has multiple (3) positions, using the first one!
utility_to_osm - WARNING - ssr:stedsnr = 4122: No priority spelling found for lang = no, using alt_name to get "[('no', 'Gvitåssetre')]"
utility_to_osm - WARNING - ssr:stedsnr = 4122 has multiple (3) positions, using the first one!
utility_to_osm - WARNING - ssr:stedsnr = 4017: No priority spelling found for lang = no, using alt_name to get "[('no', 'Søre Tråen')]"
utility_to_osm - WARNING - ssr:stedsnr = 4202 has multiple (3) positions, using the first one!
utility_to_osm - WARNING - ssr:stedsnr = 4514: No priority spelling found for lang = no, using alt_name to get "[('no', 'Buåe')]"
utility_to_osm - WARNING - ssr:stedsnr = 4514 has multiple (9) positions, using the first one!
utility_to_osm - WARNING - ssr:stedsnr = 4539: No priority spelling found for lang = no, using alt_name to get "[('no', 'Gunnarsetre')]"
utility_to_osm - WARNING - ssr:stedsnr = 4616: No priority spelling found for lang = no, using alt_name to get "[('no', 'Steintjønn')]"
utility_to_osm - WARNING - ssr:stedsnr = 4917 has multiple (2) positions, using the first one!
utility_to_osm - WARNING - ssr:stedsnr = 4937 has multiple (2) positions, using the first one!
utility_to_osm - WARNING - ssr:stedsnr = 4939: No priority spelling found for lang = no, using alt_name to get "[('no', 'Fjordungsbekken')]"
utility_to_osm - WARNING - ssr:stedsnr = 4939 has multiple (3) positions, using the first one!
utility_to_osm - WARNING - ssr:stedsnr = 4942 has multiple (3) positions, using the first one!
utility_to_osm - WARNING - ssr:stedsnr = 5108: No priority spelling found for lang = no, using alt_name to get "[('no', 'Vestmannåa')]"
utility_to_osm - WARNING - ssr:stedsnr = 5108 has multiple (6) positions, using the first one!
utility_to_osm - WARNING - ssr:stedsnr = 5315: No priority spelling found for lang = no, using alt_name to get "[('no', 'Votndalen')]"
utility_to_osm - WARNING - ssr:stedsnr = 5315 has multiple (2) positions, using the first one!
utility_to_osm - WARNING - ssr:stedsnr = 5317: No priority spelling found for lang = no, using alt_name to get "[('no', 'Vestre Ingebjørgtjønn')]"
utility_to_osm - WARNING - ssr:stedsnr = 5503: No priority spelling found for lang = no, using alt_name to get "[('no', 'Repetjønn')]"
utility_to_osm - WARNING - ssr:stedsnr = 5503 has multiple (2) positions, using the first one!
utility_to_osm - WARNING - ssr:stedsnr = 5703 has multiple (2) positions, using the first one!
utility_to_osm - WARNING - ssr:stedsnr = 5712: No priority spelling found for lang = no, using alt_name to get "[('no', 'Kalvåsen')]"
utility_to_osm - WARNING - ssr:stedsnr = 5712 has multiple (3) positions, using the first one!
utility_to_osm - WARNING - ssr:stedsnr = 24308 has multiple (3) positions, using the first one!
utility_to_osm - WARNING - ssr:stedsnr = 29773: No priority spelling found for lang = no, using alt_name to get "[('no', 'Skropulie')]"
utility_to_osm - WARNING - ssr:stedsnr = 29666: No priority spelling found for lang = no, using alt_name to get "[('no', 'Søre Heimsetre')]"
utility_to_osm - WARNING - ssr:stedsnr = 29816 has multiple (3) positions, using the first one!
utility_to_osm - WARNING - ssr:stedsnr = 29885 has multiple (2) positions, using the first one!
utility_to_osm - WARNING - ssr:stedsnr = 64151 has multiple (3) positions, using the first one!
utility_to_osm - WARNING - ssr:stedsnr = 64170: No priority spelling found for lang = no, using alt_name to get "[('no', 'Teigen')]"
utility_to_osm - WARNING - ssr:stedsnr = 64170 has multiple (3) positions, using the first one!
utility_to_osm - WARNING - ssr:stedsnr = 64258: No priority spelling found for lang = no, using alt_name to get "[('no', 'Klukkarmogen')]"
utility_to_osm - WARNING - ssr:stedsnr = 64258 has multiple (3) positions, using the first one!
utility_to_osm - WARNING - ssr:stedsnr = 65115: No priority spelling found for lang = no, using alt_name to get "[('no', 'Helletjønnan')]"
utility_to_osm - WARNING - ssr:stedsnr = 65115 has multiple (3) positions, using the first one!
utility_to_osm - WARNING - ssr:stedsnr = 65305: No priority spelling found for lang = no, using alt_name to get "[('no', 'Høysethaugen')]"
utility_to_osm - WARNING - ssr:stedsnr = 65309: No priority spelling found for lang = no, using alt_name to get "[('no', 'Vardefjell')]"
utility_to_osm - WARNING - ssr:stedsnr = 65309 has multiple (2) positions, using the first one!
utility_to_osm - WARNING - ssr:stedsnr = 65299: No priority spelling found for lang = no, using alt_name to get "[('no', 'Nordre Vidhåmmår')]"
utility_to_osm - WARNING - ssr:stedsnr = 65299 has multiple (2) positions, using the first one!
utility_to_osm - WARNING - ssr:stedsnr = 65616: No priority spelling found for lang = no, using alt_name to get "[('no', 'Høybulie')]"
utility_to_osm - WARNING - ssr:stedsnr = 89170: No priority spelling found for lang = no, using alt_name to get "[('no', 'Djupedalskøse')]"
utility_to_osm - WARNING - ssr:stedsnr = 246180: No priority spelling found for lang = no, using alt_name to get "[('no', 'Killingen')]"
utility_to_osm - WARNING - ssr:stedsnr = 246180 has multiple (2) positions, using the first one!
utility_to_osm - WARNING - ssr:stedsnr = 90430: No priority spelling found for lang = no, using alt_name to get "[('no', 'Størrtjønn')]"
utility_to_osm - WARNING - ssr:stedsnr = 246260: No priority spelling found for lang = no, using alt_name to get "[('no', 'Liåe')]"
utility_to_osm - WARNING - ssr:stedsnr = 246260 has multiple (3) positions, using the first one!
utility_to_osm - WARNING - ssr:stedsnr = 90788: No priority spelling found for lang = no, using alt_name to get "[('no', 'Kløvsteinmyran')]"
utility_to_osm - WARNING - ssr:stedsnr = 246532: No priority spelling found for lang = no, using alt_name to get "[('no', 'Landsverksetre')]"
utility_to_osm - WARNING - ssr:stedsnr = 246532 has multiple (3) positions, using the first one!
utility_to_osm - WARNING - ssr:stedsnr = 247001: No priority spelling found for lang = no, using alt_name to get "[('no', 'Hovdeset')]"
utility_to_osm - WARNING - ssr:stedsnr = 247009: No priority spelling found for lang = no, using alt_name to get "[('no', 'Bjørndalsbekken')]"
utility_to_osm - WARNING - ssr:stedsnr = 247009 has multiple (4) positions, using the first one!
utility_to_osm - WARNING - ssr:stedsnr = 247048: No priority spelling found for lang = no, using alt_name to get "[('no', 'Grønlitjønn')]"
utility_to_osm - WARNING - ssr:stedsnr = 247059: No priority spelling found for lang = no, using alt_name to get "[('no', 'Bergestulen')]"
utility_to_osm - WARNING - ssr:stedsnr = 247240: No priority spelling found for lang = no, using alt_name to get "[('no', 'Hukabekken')]"
utility_to_osm - WARNING - ssr:stedsnr = 247240 has multiple (4) positions, using the first one!
utility_to_osm - WARNING - ssr:stedsnr = 247318 has multiple (2) positions, using the first one!
utility_to_osm - WARNING - ssr:stedsnr = 247343: No priority spelling found for lang = no, using alt_name to get "[('no', 'Søre Gladheim')]"
utility_to_osm - WARNING - ssr:stedsnr = 247343 has multiple (3) positions, using the first one!
utility_to_osm - WARNING - ssr:stedsnr = 247345: No priority spelling found for lang = no, using alt_name to get "[('no', 'Lillebøle')]"
utility_to_osm - WARNING - ssr:stedsnr = 247497 has multiple (2) positions, using the first one!
utility_to_osm - WARNING - ssr:stedsnr = 247620: No priority spelling found for lang = no, using alt_name to get "[('no', 'Krokgrøe')]"
utility_to_osm - WARNING - ssr:stedsnr = 247620 has multiple (2) positions, using the first one!
utility_to_osm - WARNING - ssr:stedsnr = 247627: No priority spelling found for lang = no, using alt_name to get "[('no', 'Brekkshaugen')]"
utility_to_osm - WARNING - ssr:stedsnr = 247635: No priority spelling found for lang = no, using alt_name to get "[('no', 'Lykkja')]"
utility_to_osm - WARNING - ssr:stedsnr = 247643: No priority spelling found for lang = no, using alt_name to get "[('no', 'Åsmobekk')]"
utility_to_osm - WARNING - ssr:stedsnr = 247643 has multiple (4) positions, using the first one!
utility_to_osm - WARNING - ssr:stedsnr = 247728: No priority spelling found for lang = no, using alt_name to get "[('no', 'Finngardsplassen')]"
utility_to_osm - WARNING - ssr:stedsnr = 247730: No priority spelling found for lang = no, using alt_name to get "[('no', 'Haugen')]"
utility_to_osm - WARNING - ssr:stedsnr = 247743: No priority spelling found for lang = no, using alt_name to get "[('no', 'Nattestadsetre')]"
utility_to_osm - WARNING - ssr:stedsnr = 247936: No priority spelling found for lang = no, using alt_name to get "[('no', 'Hovdedalen')]"
utility_to_osm - WARNING - ssr:stedsnr = 247936 has multiple (3) positions, using the first one!
utility_to_osm - WARNING - ssr:stedsnr = 248047: No priority spelling found for lang = no, using alt_name to get "[('no', 'Nirigard')]"
utility_to_osm - WARNING - ssr:stedsnr = 248047 has multiple (2) positions, using the first one!
utility_to_osm - WARNING - ssr:stedsnr = 125008 has multiple (3) positions, using the first one!
utility_to_osm - WARNING - ssr:stedsnr = 125022 has multiple (3) positions, using the first one!
utility_to_osm - WARNING - ssr:stedsnr = 125077: No priority spelling found for lang = no, using alt_name to get "[('no', 'Langsetre')]"
utility_to_osm - WARNING - ssr:stedsnr = 125078 has multiple (3) positions, using the first one!
utility_to_osm - WARNING - ssr:stedsnr = 125309: No priority spelling found for lang = no, using alt_name to get "[('no', 'Ellingstjønn')]"
utility_to_osm - WARNING - ssr:stedsnr = 125310 has multiple (3) positions, using the first one!
utility_to_osm - WARNING - ssr:stedsnr = 125312: No priority spelling found for lang = no, using alt_name to get "[('no', 'Tjønnesetertjønn')]"
utility_to_osm - WARNING - ssr:stedsnr = 125317: No priority spelling found for lang = no, using alt_name to get "[('no', 'Gørrbu')]"
utility_to_osm - WARNING - ssr:stedsnr = 125317 has multiple (3) positions, using the first one!
utility_to_osm - WARNING - ssr:stedsnr = 125364 has multiple (3) positions, using the first one!
utility_to_osm - WARNING - ssr:stedsnr = 125367: No priority spelling found for lang = no, using alt_name to get "[('no', 'Vrågå')]"
utility_to_osm - WARNING - ssr:stedsnr = 125367 has multiple (6) positions, using the first one!
utility_to_osm - WARNING - ssr:stedsnr = 125549: No priority spelling found for lang = no, using alt_name to get "[('no', 'Skjolbekken')]"
utility_to_osm - WARNING - ssr:stedsnr = 125553: No priority spelling found for lang = no, using alt_name to get "[('no', 'Nysetsetre')]"
utility_to_osm - WARNING - ssr:stedsnr = 125553 has multiple (3) positions, using the first one!
utility_to_osm - WARNING - ssr:stedsnr = 125569: No priority spelling found for lang = no, using alt_name to get "[('no', 'Breivik')]"
utility_to_osm - WARNING - ssr:stedsnr = 125569 has multiple (2) positions, using the first one!
utility_to_osm - WARNING - ssr:stedsnr = 125646: No priority spelling found for lang = no, using alt_name to get "[('no', 'Toeneiet')]"
utility_to_osm - WARNING - ssr:stedsnr = 125650: No priority spelling found for lang = no, using alt_name to get "[('no', 'Eilevbu')]"
utility_to_osm - WARNING - ssr:stedsnr = 125696: No priority spelling found for lang = no, using alt_name to get "[('no', 'Vikje')]"
utility_to_osm - WARNING - ssr:stedsnr = 126085: No priority spelling found for lang = no, using alt_name to get "[('no', 'Myklevatn')]"
utility_to_osm - WARNING - ssr:stedsnr = 126344 has multiple (2) positions, using the first one!
utility_to_osm - WARNING - ssr:stedsnr = 126350: No priority spelling found for lang = no, using alt_name to get "[('no', 'Fløtterud')]"
utility_to_osm - WARNING - ssr:stedsnr = 307354 has multiple (3) positions, using the first one!
utility_to_osm - WARNING - ssr:stedsnr = 149721 has multiple (2) positions, using the first one!
utility_to_osm - WARNING - ssr:stedsnr = 150510: No priority spelling found for lang = no, using alt_name to get "[('no', 'Ospegjengje')]"
utility_to_osm - WARNING - ssr:stedsnr = 150571: No priority spelling found for lang = no, using alt_name to get "[('no', 'Gamle Grånåbu')]"
utility_to_osm - WARNING - ssr:stedsnr = 150953: No priority spelling found for lang = no, using alt_name to get "[('no', 'Dyreskardhalsen')]"
utility_to_osm - WARNING - ssr:stedsnr = 185142 has multiple (3) positions, using the first one!
utility_to_osm - WARNING - ssr:stedsnr = 185143 has multiple (3) positions, using the first one!
utility_to_osm - WARNING - ssr:stedsnr = 185325: No priority spelling found for lang = no, using alt_name to get "[('no', 'Kjommesetre')]"
utility_to_osm - WARNING - ssr:stedsnr = 185325 has multiple (3) positions, using the first one!
utility_to_osm - WARNING - ssr:stedsnr = 186194: No priority spelling found for lang = no, using alt_name to get "[('no', 'Stabekktjønn')]"
utility_to_osm - WARNING - ssr:stedsnr = 186637: No priority spelling found for lang = no, using alt_name to get "[('no', 'Oksetjønnatten')]"
utility_to_osm - WARNING - ssr:stedsnr = 186637 has multiple (3) positions, using the first one!
utility_to_osm - WARNING - ssr:stedsnr = 186676: No priority spelling found for lang = no, using alt_name to get "[('no', 'Lisetåe')]"
utility_to_osm - WARNING - ssr:stedsnr = 186676 has multiple (4) positions, using the first one!
utility_to_osm - WARNING - ssr:stedsnr = 186741: No priority spelling found for lang = no, using alt_name to get "[('no', 'Skridubekkjuvet')]"
utility_to_osm - WARNING - ssr:stedsnr = 186741 has multiple (2) positions, using the first one!
utility_to_osm - WARNING - ssr:stedsnr = 186743: No priority spelling found for lang = no, using alt_name to get "[('no', 'Damtjønnbekken')]"
utility_to_osm - WARNING - ssr:stedsnr = 186743 has multiple (2) positions, using the first one!
utility_to_osm - WARNING - ssr:stedsnr = 186880 has multiple (2) positions, using the first one!
utility_to_osm - WARNING - ssr:stedsnr = 187036 has multiple (2) positions, using the first one!
utility_to_osm - WARNING - ssr:stedsnr = 187038: No priority spelling found for lang = no, using alt_name to get "[('no', 'Bråtååsen')]"
utility_to_osm - WARNING - ssr:stedsnr = 187038 has multiple (2) positions, using the first one!
utility_to_osm - WARNING - ssr:stedsnr = 187095 has multiple (2) positions, using the first one!
utility_to_osm - WARNING - ssr:stedsnr = 187328: No priority spelling found for lang = no, using alt_name to get "[('no', 'Høggerudsetre')]"
utility_to_osm - WARNING - ssr:stedsnr = 187477: No priority spelling found for lang = no, using alt_name to get "[('no', 'Fjellbekk')]"
utility_to_osm - WARNING - ssr:stedsnr = 187692: No priority spelling found for lang = no, using alt_name to get "[('no', 'Rustnuten')]"
utility_to_osm - WARNING - ssr:stedsnr = 187707: No priority spelling found for lang = no, using alt_name to get "[('no', 'Lågårgarden')]"
utility_to_osm - WARNING - ssr:stedsnr = 187714: No priority spelling found for lang = no, using alt_name to get "[('no', 'Oskehølet'), ('no', 'Oskehågån')]"
utility_to_osm - ERROR - ssr:stedsnr = 187714: Adding multiple names to name tag, this is not OK! name = "Oskehølet;Oskehågån"
utility_to_osm - WARNING - ssr:stedsnr = 187714 has multiple (2) positions, using the first one!
utility_to_osm - WARNING - ssr:stedsnr = 206357: No priority spelling found for lang = no, using alt_name to get "[('no', 'Glaimkøse')]"
utility_to_osm - WARNING - ssr:stedsnr = 211110: No priority spelling found for lang = no, using alt_name to get "[('no', 'Bjørnegjengje')]"
utility_to_osm - WARNING - ssr:stedsnr = 211110 has multiple (2) positions, using the first one!
utility_to_osm - WARNING - ssr:stedsnr = 211408: No priority spelling found for lang = no, using alt_name to get "[('no', 'Daggrøtjønnan')]"
utility_to_osm - WARNING - ssr:stedsnr = 211582: No priority spelling found for lang = no, using alt_name to get "[('no', 'Grånåbukollen')]"
utility_to_osm - WARNING - ssr:stedsnr = 211778: No priority spelling found for lang = no, using alt_name to get "[('no', 'Bjørnegjenge')]"
utility_to_osm - WARNING - ssr:stedsnr = 211779: No priority spelling found for lang = no, using alt_name to get "[('no', 'Andehølet')]"
utility_to_osm - WARNING - ssr:stedsnr = 211780: No priority spelling found for lang = no, using alt_name to get "[('no', 'Østre Hågåtjønn')]"
utility_to_osm - WARNING - ssr:stedsnr = 211925: No priority spelling found for lang = no, using alt_name to get "[('no', 'Hølsetre')]"
utility_to_osm - WARNING - ssr:stedsnr = 272755: No priority spelling found for lang = no, using alt_name to get "[('no', 'Søysetlie')]"
utility_to_osm - WARNING - ssr:stedsnr = 246204: No priority spelling found for lang = no, using alt_name to get "[('no', 'Tjønnringen')]"
utility_to_osm - WARNING - ssr:stedsnr = 246284: No priority spelling found for lang = no, using alt_name to get "[('no', 'Dyreskardhaugen')]"
utility_to_osm - WARNING - ssr:stedsnr = 246284 has multiple (3) positions, using the first one!
utility_to_osm - WARNING - ssr:stedsnr = 246285: No priority spelling found for lang = no, using alt_name to get "[('no', 'Stabbåe')]"
utility_to_osm - WARNING - ssr:stedsnr = 246285 has multiple (4) positions, using the first one!
utility_to_osm - WARNING - ssr:stedsnr = 246306 has multiple (3) positions, using the first one!
utility_to_osm - WARNING - ssr:stedsnr = 246309: No priority spelling found for lang = no, using alt_name to get "[('no', 'Nyset')]"
utility_to_osm - WARNING - ssr:stedsnr = 246309 has multiple (2) positions, using the first one!
utility_to_osm - WARNING - ssr:stedsnr = 246312 has multiple (3) positions, using the first one!
utility_to_osm - WARNING - ssr:stedsnr = 246866: No priority spelling found for lang = no, using alt_name to get "[('no', 'Jakobstjønn')]"
utility_to_osm - WARNING - ssr:stedsnr = 246866 has multiple (3) positions, using the first one!
utility_to_osm - WARNING - ssr:stedsnr = 247119 has multiple (3) positions, using the first one!
utility_to_osm - WARNING - ssr:stedsnr = 247267: No priority spelling found for lang = no, using alt_name to get "[('no', 'Nordre Kjølvatn')]"
utility_to_osm - WARNING - ssr:stedsnr = 247270: No priority spelling found for lang = no, using alt_name to get "[('no', 'Brennbu')]"
utility_to_osm - WARNING - ssr:stedsnr = 247273: No priority spelling found for lang = no, using alt_name to get "[('no', 'Halvorset')]"
utility_to_osm - WARNING - ssr:stedsnr = 247558: No priority spelling found for lang = no, using alt_name to get "[('no', 'Nyset')]"
utility_to_osm - WARNING - ssr:stedsnr = 247558 has multiple (2) positions, using the first one!
utility_to_osm - WARNING - ssr:stedsnr = 247611: No priority spelling found for lang = no, using alt_name to get "[('no', 'Killingskardet')]"
utility_to_osm - WARNING - ssr:stedsnr = 247611 has multiple (2) positions, using the first one!
utility_to_osm - WARNING - ssr:stedsnr = 247906: No priority spelling found for lang = no, using alt_name to get "[('no', 'Søre Krokvatnet')]"
utility_to_osm - WARNING - ssr:stedsnr = 453159: No priority spelling found for lang = no, using alt_name to get "[('no', 'Fjorhøgstbrottet')]"
utility_to_osm - WARNING - ssr:stedsnr = 454799: No priority spelling found for lang = no, using alt_name to get "[('no', 'Bergseidelve')]"
utility_to_osm - WARNING - ssr:stedsnr = 454903: No priority spelling found for lang = no, using alt_name to get "[('no', 'Danielskøse')]"
utility_to_osm - WARNING - ssr:stedsnr = 454717: No priority spelling found for lang = no, using alt_name to get "[('no', 'Helleåbrottet')]"
utility_to_osm - WARNING - ssr:stedsnr = 267335: No priority spelling found for lang = no, using alt_name to get "[('no', 'Øygarden')]"
utility_to_osm - WARNING - ssr:stedsnr = 272423: No priority spelling found for lang = no, using alt_name to get "[('no', 'Mjogetjønndalen')]"
utility_to_osm - WARNING - ssr:stedsnr = 272316: No priority spelling found for lang = no, using alt_name to get "[('no', 'Trånatten')]"
utility_to_osm - WARNING - ssr:stedsnr = 272989: No priority spelling found for lang = no, using alt_name to get "[('no', 'Skodalsmyre')]"
utility_to_osm - WARNING - ssr:stedsnr = 271934: No priority spelling found for lang = no, using alt_name to get "[('no', 'Storåe')]"
utility_to_osm - WARNING - ssr:stedsnr = 271934 has multiple (3) positions, using the first one!
utility_to_osm - WARNING - ssr:stedsnr = 307319: No priority spelling found for lang = no, using alt_name to get "[('no', 'Ormetjønnan')]"
utility_to_osm - WARNING - ssr:stedsnr = 307319 has multiple (5) positions, using the first one!
utility_to_osm - WARNING - ssr:stedsnr = 307204: No priority spelling found for lang = no, using alt_name to get "[('no', 'Haugan')]"
utility_to_osm - WARNING - ssr:stedsnr = 307204 has multiple (3) positions, using the first one!
utility_to_osm - WARNING - ssr:stedsnr = 307550: No priority spelling found for lang = no, using alt_name to get "[('no', 'Løkjeset')]"
utility_to_osm - WARNING - ssr:stedsnr = 307551: No priority spelling found for lang = no, using alt_name to get "[('no', 'Karvetjønn')]"
utility_to_osm - WARNING - ssr:stedsnr = 307551 has multiple (4) positions, using the first one!
utility_to_osm - WARNING - ssr:stedsnr = 307558: No priority spelling found for lang = no, using alt_name to get "[('no', 'Langevatn')]"
utility_to_osm - WARNING - ssr:stedsnr = 308029 has multiple (2) positions, using the first one!
utility_to_osm - WARNING - ssr:stedsnr = 308259: No priority spelling found for lang = no, using alt_name to get "[('no', 'Nordre Svarteløken')]"
utility_to_osm - WARNING - ssr:stedsnr = 308702: No priority spelling found for lang = no, using alt_name to get "[('no', 'Viersetmyre')]"
utility_to_osm - WARNING - ssr:stedsnr = 328261: No priority spelling found for lang = no, using alt_name to get "[('no', 'Skjolbekksetre')]"
utility_to_osm - WARNING - ssr:stedsnr = 332111 has multiple (2) positions, using the first one!
utility_to_osm - WARNING - ssr:stedsnr = 332402: No priority spelling found for lang = no, using alt_name to get "[('no', 'Bjørneli')]"
utility_to_osm - WARNING - ssr:stedsnr = 332402 has multiple (2) positions, using the first one!
utility_to_osm - WARNING - ssr:stedsnr = 366578 has multiple (116) positions, using the first one!
utility_to_osm - WARNING - ssr:stedsnr = 367128: No priority spelling found for lang = no, using alt_name to get "[('no', 'Hagen')]"
utility_to_osm - WARNING - ssr:stedsnr = 367128 has multiple (3) positions, using the first one!
utility_to_osm - WARNING - ssr:stedsnr = 367210 has multiple (3) positions, using the first one!
utility_to_osm - WARNING - ssr:stedsnr = 367211: No priority spelling found for lang = no, using alt_name to get "[('no', 'Mogan')]"
utility_to_osm - WARNING - ssr:stedsnr = 367211 has multiple (3) positions, using the first one!
utility_to_osm - WARNING - ssr:stedsnr = 367230 has multiple (3) positions, using the first one!
utility_to_osm - WARNING - ssr:stedsnr = 368023: No priority spelling found for lang = no, using alt_name to get "[('no', 'Nyset')]"
utility_to_osm - WARNING - ssr:stedsnr = 368023 has multiple (2) positions, using the first one!
utility_to_osm - WARNING - ssr:stedsnr = 368024: No priority spelling found for lang = no, using alt_name to get "[('no', 'Vårviken')]"
utility_to_osm - WARNING - ssr:stedsnr = 368024 has multiple (2) positions, using the first one!
utility_to_osm - WARNING - ssr:stedsnr = 368026: No priority spelling found for lang = no, using alt_name to get "[('no', 'Fyriset')]"
utility_to_osm - WARNING - ssr:stedsnr = 368026 has multiple (2) positions, using the first one!
utility_to_osm - WARNING - ssr:stedsnr = 368028 has multiple (2) positions, using the first one!
utility_to_osm - WARNING - ssr:stedsnr = 368030: No priority spelling found for lang = no, using alt_name to get "[('no', 'Øvre Mogen')]"
utility_to_osm - WARNING - ssr:stedsnr = 368030 has multiple (3) positions, using the first one!
utility_to_osm - WARNING - ssr:stedsnr = 368409 has multiple (3) positions, using the first one!
utility_to_osm - WARNING - ssr:stedsnr = 368171 has multiple (3) positions, using the first one!
utility_to_osm - WARNING - ssr:stedsnr = 368732 has multiple (3) positions, using the first one!
utility_to_osm - WARNING - ssr:stedsnr = 368670: No priority spelling found for lang = no, using alt_name to get "[('no', 'Slåttemyre')]"
utility_to_osm - WARNING - ssr:stedsnr = 368697: No priority spelling found for lang = no, using alt_name to get "[('no', 'Kjerresetre')]"
utility_to_osm - WARNING - ssr:stedsnr = 368697 has multiple (2) positions, using the first one!
utility_to_osm - WARNING - ssr:stedsnr = 368931 has multiple (2) positions, using the first one!
utility_to_osm - WARNING - ssr:stedsnr = 369275: No priority spelling found for lang = no, using alt_name to get "[('no', 'Sundtjønnåe')]"
utility_to_osm - WARNING - ssr:stedsnr = 369275 has multiple (4) positions, using the first one!
utility_to_osm - WARNING - ssr:stedsnr = 369609: No priority spelling found for lang = no, using alt_name to get "[('no', 'Bølestveiten')]"
utility_to_osm - WARNING - ssr:stedsnr = 369623: No priority spelling found for lang = no, using alt_name to get "[('no', 'Nordre Bjørkgarden')]"
utility_to_osm - WARNING - ssr:stedsnr = 369623 has multiple (2) positions, using the first one!
utility_to_osm - WARNING - ssr:stedsnr = 392037: No priority spelling found for lang = no, using alt_name to get "[('no', 'Svartekulp')]"
utility_to_osm - WARNING - ssr:stedsnr = 393889: No priority spelling found for lang = no, using alt_name to get "[('no', 'Løytekøse')]"
utility_to_osm - WARNING - ssr:stedsnr = 272177 has multiple (2) positions, using the first one!
utility_to_osm - WARNING - ssr:stedsnr = 489031: No priority spelling found for lang = no, using alt_name to get "[('no', 'Sølset')]"
utility_to_osm - WARNING - ssr:stedsnr = 489031 has multiple (2) positions, using the first one!
utility_to_osm - WARNING - ssr:stedsnr = 489137: No priority spelling found for lang = no, using alt_name to get "[('no', 'Kleiverud')]"
utility_to_osm - WARNING - ssr:stedsnr = 489184 has multiple (4) positions, using the first one!
utility_to_osm - WARNING - ssr:stedsnr = 489201: No priority spelling found for lang = no, using alt_name to get "[('no', 'Myra')]"
utility_to_osm - WARNING - ssr:stedsnr = 489201 has multiple (3) positions, using the first one!
utility_to_osm - WARNING - ssr:stedsnr = 489315 has multiple (3) positions, using the first one!
utility_to_osm - WARNING - ssr:stedsnr = 489316: No priority spelling found for lang = no, using alt_name to get "[('no', 'Trytetjønn')]"
utility_to_osm - WARNING - ssr:stedsnr = 489368: No priority spelling found for lang = no, using alt_name to get "[('no', 'Nørdsteåe')]"
utility_to_osm - WARNING - ssr:stedsnr = 489368 has multiple (3) positions, using the first one!
utility_to_osm - WARNING - ssr:stedsnr = 489374 has multiple (3) positions, using the first one!
utility_to_osm - WARNING - ssr:stedsnr = 489564: No priority spelling found for lang = no, using alt_name to get "[('no', 'Damtjønn')]"
utility_to_osm - WARNING - ssr:stedsnr = 490339: No priority spelling found for lang = no, using alt_name to get "[('no', 'Ålmannhågån')]"
utility_to_osm - WARNING - ssr:stedsnr = 490339 has multiple (2) positions, using the first one!
utility_to_osm - WARNING - ssr:stedsnr = 490341 has multiple (3) positions, using the first one!
utility_to_osm - WARNING - ssr:stedsnr = 489627: No priority spelling found for lang = no, using alt_name to get "[('no', 'Kroktjønn')]"
utility_to_osm - WARNING - ssr:stedsnr = 489627 has multiple (2) positions, using the first one!
utility_to_osm - WARNING - ssr:stedsnr = 489685: No priority spelling found for lang = no, using alt_name to get "[('no', 'Austmannskarven')]"
utility_to_osm - WARNING - ssr:stedsnr = 489686: No priority spelling found for lang = no, using alt_name to get "[('no', 'Ruståe')]"
utility_to_osm - WARNING - ssr:stedsnr = 489671: No priority spelling found for lang = no, using alt_name to get "[('no', 'Lauvhovdtjønn')]"
utility_to_osm - WARNING - ssr:stedsnr = 489675: No priority spelling found for lang = no, using alt_name to get "[('no', 'Tjønngrønuten')]"
utility_to_osm - WARNING - ssr:stedsnr = 489694: No priority spelling found for lang = no, using alt_name to get "[('no', 'Melandsetre')]"
utility_to_osm - WARNING - ssr:stedsnr = 489682 has multiple (3) positions, using the first one!
utility_to_osm - WARNING - ssr:stedsnr = 490060 has multiple (2) positions, using the first one!
utility_to_osm - WARNING - ssr:stedsnr = 490266: No priority spelling found for lang = no, using alt_name to get "[('no', 'Svarteløk')]"
utility_to_osm - WARNING - ssr:stedsnr = 490267: No priority spelling found for lang = no, using alt_name to get "[('no', 'Ljosvasskollen')]"
utility_to_osm - WARNING - ssr:stedsnr = 490277: No priority spelling found for lang = no, using alt_name to get "[('no', 'Nyset')]"
utility_to_osm - WARNING - ssr:stedsnr = 490300: No priority spelling found for lang = no, using alt_name to get "[('no', 'Surtetjønn')]"
utility_to_osm - WARNING - ssr:stedsnr = 490300 has multiple (2) positions, using the first one!
utility_to_osm - WARNING - ssr:stedsnr = 490322: No priority spelling found for lang = no, using alt_name to get "[('no', 'Trytetjønn')]"
utility_to_osm - WARNING - ssr:stedsnr = 490327: No priority spelling found for lang = no, using alt_name to get "[('no', 'Kjølvassbekken')]"
utility_to_osm - WARNING - ssr:stedsnr = 490327 has multiple (3) positions, using the first one!
utility_to_osm - WARNING - ssr:stedsnr = 428002: No priority spelling found for lang = no, using alt_name to get "[('no', 'Revlivatna')]"
utility_to_osm - WARNING - ssr:stedsnr = 428264 has multiple (2) positions, using the first one!
utility_to_osm - WARNING - ssr:stedsnr = 428267: No priority spelling found for lang = no, using alt_name to get "[('no', 'Nordhov')]"
utility_to_osm - WARNING - ssr:stedsnr = 428267 has multiple (5) positions, using the first one!
utility_to_osm - WARNING - ssr:stedsnr = 428270: No priority spelling found for lang = no, using alt_name to get "[('no', 'Saupsettjønn')]"
utility_to_osm - WARNING - ssr:stedsnr = 428315: No priority spelling found for lang = no, using alt_name to get "[('no', 'Fløtterudsetre')]"
utility_to_osm - WARNING - ssr:stedsnr = 428315 has multiple (3) positions, using the first one!
utility_to_osm - WARNING - ssr:stedsnr = 428320: No priority spelling found for lang = no, using alt_name to get "[('no', 'Stærnesbekken')]"
utility_to_osm - WARNING - ssr:stedsnr = 428320 has multiple (3) positions, using the first one!
utility_to_osm - WARNING - ssr:stedsnr = 428520: No priority spelling found for lang = no, using alt_name to get "[('no', 'Rjupeåsen')]"
utility_to_osm - WARNING - ssr:stedsnr = 428520 has multiple (3) positions, using the first one!
utility_to_osm - WARNING - ssr:stedsnr = 428924: No priority spelling found for lang = no, using alt_name to get "[('no', 'Nedre Røynebuin')]"
utility_to_osm - WARNING - ssr:stedsnr = 428924 has multiple (3) positions, using the first one!
utility_to_osm - WARNING - ssr:stedsnr = 429065: No priority spelling found for lang = no, using alt_name to get "[('no', 'Kløvdalen')]"
utility_to_osm - WARNING - ssr:stedsnr = 429065 has multiple (2) positions, using the first one!
utility_to_osm - WARNING - ssr:stedsnr = 490701 has multiple (2) positions, using the first one!
utility_to_osm - WARNING - ssr:stedsnr = 429110: No priority spelling found for lang = no, using alt_name to get "[('no', 'Åset')]"
utility_to_osm - WARNING - ssr:stedsnr = 429110 has multiple (2) positions, using the first one!
utility_to_osm - WARNING - ssr:stedsnr = 429135 has multiple (5) positions, using the first one!
utility_to_osm - WARNING - ssr:stedsnr = 429307: No priority spelling found for lang = no, using alt_name to get "[('no', 'Trytetjønnfjellet')]"
utility_to_osm - WARNING - ssr:stedsnr = 429315 has multiple (3) positions, using the first one!
utility_to_osm - WARNING - ssr:stedsnr = 429597: No priority spelling found for lang = no, using alt_name to get "[('no', 'Tvillingnattan')]"
utility_to_osm - WARNING - ssr:stedsnr = 429597 has multiple (3) positions, using the first one!
utility_to_osm - WARNING - ssr:stedsnr = 429603: No priority spelling found for lang = no, using alt_name to get "[('no', 'Vorset')]"
utility_to_osm - WARNING - ssr:stedsnr = 429603 has multiple (3) positions, using the first one!
utility_to_osm - WARNING - ssr:stedsnr = 429614: No priority spelling found for lang = no, using alt_name to get "[('no', 'Tveitkøse')]"
utility_to_osm - WARNING - ssr:stedsnr = 429614 has multiple (2) positions, using the first one!
utility_to_osm - WARNING - ssr:stedsnr = 429615: No priority spelling found for lang = no, using alt_name to get "[('no', 'Åsheim')]"
utility_to_osm - WARNING - ssr:stedsnr = 429619: No priority spelling found for lang = no, using alt_name to get "[('no', 'Tveittjønnan')]"
utility_to_osm - WARNING - ssr:stedsnr = 429658: No priority spelling found for lang = no, using alt_name to get "[('no', 'Tondra')]"
utility_to_osm - WARNING - ssr:stedsnr = 429658 has multiple (5) positions, using the first one!
utility_to_osm - WARNING - ssr:stedsnr = 429662 has multiple (4) positions, using the first one!
utility_to_osm - WARNING - ssr:stedsnr = 429665 has multiple (2) positions, using the first one!
utility_to_osm - WARNING - ssr:stedsnr = 550685: No priority spelling found for lang = no, using alt_name to get "[('no', 'Flottmyre')]"
utility_to_osm - WARNING - ssr:stedsnr = 429898: No priority spelling found for lang = no, using alt_name to get "[('no', 'Nirisetbekken')]"
utility_to_osm - WARNING - ssr:stedsnr = 429898 has multiple (4) positions, using the first one!
utility_to_osm - WARNING - ssr:stedsnr = 430049 has multiple (2) positions, using the first one!
utility_to_osm - WARNING - ssr:stedsnr = 430345: No priority spelling found for lang = no, using alt_name to get "[('no', 'Svensrudsetre')]"
utility_to_osm - WARNING - ssr:stedsnr = 430347: No priority spelling found for lang = no, using alt_name to get "[('no', 'Framlien')]"
utility_to_osm - WARNING - ssr:stedsnr = 430407: No priority spelling found for lang = no, using alt_name to get "[('no', 'Søre Vidhåmmår')]"
utility_to_osm - WARNING - ssr:stedsnr = 430407 has multiple (3) positions, using the first one!
utility_to_osm - WARNING - ssr:stedsnr = 430716: No priority spelling found for lang = no, using alt_name to get "[('no', 'Nordre Rustsetre')]"
utility_to_osm - WARNING - ssr:stedsnr = 430716 has multiple (2) positions, using the first one!
utility_to_osm - WARNING - ssr:stedsnr = 430720: No priority spelling found for lang = no, using alt_name to get "[('no', 'Trytetjønn')]"
utility_to_osm - WARNING - ssr:stedsnr = 671281 has multiple (2) positions, using the first one!
utility_to_osm - WARNING - ssr:stedsnr = 671299 has multiple (3) positions, using the first one!
utility_to_osm - WARNING - ssr:stedsnr = 671339: No priority spelling found for lang = no, using alt_name to get "[('no', 'Hovsetre')]"
utility_to_osm - WARNING - ssr:stedsnr = 671339 has multiple (2) positions, using the first one!
utility_to_osm - WARNING - ssr:stedsnr = 671346 has multiple (3) positions, using the first one!
utility_to_osm - WARNING - ssr:stedsnr = 672292: No priority spelling found for lang = no, using alt_name to get "[('no', 'Medåe')]"
utility_to_osm - WARNING - ssr:stedsnr = 672292 has multiple (3) positions, using the first one!
utility_to_osm - WARNING - ssr:stedsnr = 671554: No priority spelling found for lang = no, using alt_name to get "[('no', 'Stærnessetre')]"
utility_to_osm - WARNING - ssr:stedsnr = 671554 has multiple (2) positions, using the first one!
utility_to_osm - WARNING - ssr:stedsnr = 671644: No priority spelling found for lang = no, using alt_name to get "[('no', 'Lauvhovd')]"
utility_to_osm - WARNING - ssr:stedsnr = 671574 has multiple (6) positions, using the first one!
utility_to_osm - WARNING - ssr:stedsnr = 671591: No priority spelling found for lang = no, using alt_name to get "[('no', 'Grohølsfjell')]"
utility_to_osm - WARNING - ssr:stedsnr = 671591 has multiple (3) positions, using the first one!
utility_to_osm - WARNING - ssr:stedsnr = 671661: No priority spelling found for lang = no, using alt_name to get "[('no', 'Olhovdmyre')]"
utility_to_osm - WARNING - ssr:stedsnr = 671897: No priority spelling found for lang = no, using alt_name to get "[('no', 'Rjupetjønn')]"
utility_to_osm - WARNING - ssr:stedsnr = 672034: No priority spelling found for lang = no, using alt_name to get "[('no', 'Langebakke')]"
utility_to_osm - WARNING - ssr:stedsnr = 672034 has multiple (2) positions, using the first one!
utility_to_osm - WARNING - ssr:stedsnr = 672035: No priority spelling found for lang = no, using alt_name to get "[('no', 'Søråe')]"
utility_to_osm - WARNING - ssr:stedsnr = 672035 has multiple (5) positions, using the first one!
utility_to_osm - WARNING - ssr:stedsnr = 453171: No priority spelling found for lang = no, using alt_name to get "[('no', 'Damkøse')]"
utility_to_osm - WARNING - ssr:stedsnr = 672051 has multiple (2) positions, using the first one!
utility_to_osm - WARNING - ssr:stedsnr = 672052: No priority spelling found for lang = no, using alt_name to get "[('no', 'Minneskleiv')]"
utility_to_osm - WARNING - ssr:stedsnr = 672052 has multiple (2) positions, using the first one!
utility_to_osm - WARNING - ssr:stedsnr = 672053: No priority spelling found for lang = no, using alt_name to get "[('no', 'Rebbe')]"
utility_to_osm - WARNING - ssr:stedsnr = 672053 has multiple (2) positions, using the first one!
utility_to_osm - WARNING - ssr:stedsnr = 672056: No priority spelling found for lang = no, using alt_name to get "[('no', 'Rollagstjønn')]"
utility_to_osm - WARNING - ssr:stedsnr = 672058: No priority spelling found for lang = no, using alt_name to get "[('no', 'Vardetjønn')]"
utility_to_osm - WARNING - ssr:stedsnr = 672329: No priority spelling found for lang = no, using alt_name to get "[('no', 'Bølesetre')]"
utility_to_osm - WARNING - ssr:stedsnr = 454266: No priority spelling found for lang = no, using alt_name to get "[('no', 'Møllbrekkbakken')]"
utility_to_osm - WARNING - ssr:stedsnr = 454469: No priority spelling found for lang = no, using alt_name to get "[('no', 'Skriubekkflate')]"
utility_to_osm - ERROR - ssr:stedsnr = 454604. No positions found, skipping
utility_to_osm - WARNING - ssr:stedsnr = 454816: No priority spelling found for lang = no, using alt_name to get "[('no', 'Butjønnhøgde')]"
utility_to_osm - WARNING - ssr:stedsnr = 454777: No priority spelling found for lang = no, using alt_name to get "[('no', 'Bjørkengje')]"
utility_to_osm - WARNING - ssr:stedsnr = 454930: No priority spelling found for lang = no, using alt_name to get "[('no', 'Grunntjønnelve')]"
utility_to_osm - ERROR - ssr:stedsnr = 454930. No positions found, skipping
utility_to_osm - WARNING - ssr:stedsnr = 672607: No priority spelling found for lang = no, using alt_name to get "[('no', 'Tårånsonåsen')]"
utility_to_osm - WARNING - ssr:stedsnr = 672607 has multiple (2) positions, using the first one!
utility_to_osm - WARNING - ssr:stedsnr = 672630: No priority spelling found for lang = no, using alt_name to get "[('no', 'Østre Tveiten')]"
utility_to_osm - WARNING - ssr:stedsnr = 672630 has multiple (2) positions, using the first one!
utility_to_osm - WARNING - ssr:stedsnr = 672634: No priority spelling found for lang = no, using alt_name to get "[('no', 'Øvre-Tveiten')]"
utility_to_osm - WARNING - ssr:stedsnr = 672634 has multiple (3) positions, using the first one!
utility_to_osm - WARNING - ssr:stedsnr = 672692: No priority spelling found for lang = no, using alt_name to get "[('no', 'Løkjemyrdalen')]"
utility_to_osm - WARNING - ssr:stedsnr = 672695 has multiple (2) positions, using the first one!
utility_to_osm - WARNING - ssr:stedsnr = 672741: No priority spelling found for lang = no, using alt_name to get "[('no', 'Letjønn')]"
utility_to_osm - WARNING - ssr:stedsnr = 272261: No priority spelling found for lang = no, using alt_name to get "[('no', 'Bjørnegjengje')]"
utility_to_osm - WARNING - ssr:stedsnr = 489152 has multiple (3) positions, using the first one!
utility_to_osm - WARNING - ssr:stedsnr = 489155: No priority spelling found for lang = no, using alt_name to get "[('no', 'Vestre Hågåtjønn')]"
utility_to_osm - WARNING - ssr:stedsnr = 489345: No priority spelling found for lang = no, using alt_name to get "[('no', 'Kjommeåe')]"
utility_to_osm - WARNING - ssr:stedsnr = 489345 has multiple (6) positions, using the first one!
utility_to_osm - WARNING - ssr:stedsnr = 489352 has multiple (3) positions, using the first one!
utility_to_osm - WARNING - ssr:stedsnr = 489294: No priority spelling found for lang = no, using alt_name to get "[('no', 'Ståvåfjelltjønn')]"
utility_to_osm - WARNING - ssr:stedsnr = 489584 has multiple (2) positions, using the first one!
utility_to_osm - WARNING - ssr:stedsnr = 489745: No priority spelling found for lang = no, using alt_name to get "[('no', 'Åklitjønnan'), ('no', 'Åklivatna')]"
utility_to_osm - ERROR - ssr:stedsnr = 489745: Adding multiple names to name tag, this is not OK! name = "Åklitjønnan;Åklivatna"
utility_to_osm - WARNING - ssr:stedsnr = 489745 has multiple (5) positions, using the first one!
utility_to_osm - WARNING - ssr:stedsnr = 489906: No priority spelling found for lang = no, using alt_name to get "[('no', 'Sundtjønnsetre')]"
utility_to_osm - WARNING - ssr:stedsnr = 489906 has multiple (5) positions, using the first one!
utility_to_osm - WARNING - ssr:stedsnr = 489927: No priority spelling found for lang = no, using alt_name to get "[('no', 'Elgtjønn')]"
utility_to_osm - WARNING - ssr:stedsnr = 489641: No priority spelling found for lang = no, using alt_name to get "[('no', 'Vårvikdalen')]"
utility_to_osm - WARNING - ssr:stedsnr = 489641 has multiple (4) positions, using the first one!
utility_to_osm - WARNING - ssr:stedsnr = 489892 has multiple (2) positions, using the first one!
utility_to_osm - WARNING - ssr:stedsnr = 490047: No priority spelling found for lang = no, using alt_name to get "[('no', 'Øvre Fjøslien')]"
utility_to_osm - WARNING - ssr:stedsnr = 490307: No priority spelling found for lang = no, using alt_name to get "[('no', 'Bekkjordskåset')]"
utility_to_osm - WARNING - ssr:stedsnr = 490308: No priority spelling found for lang = no, using alt_name to get "[('no', 'Torsgard')]"
utility_to_osm - WARNING - ssr:stedsnr = 490726: No priority spelling found for lang = no, using alt_name to get "[('no', 'Nordre Ruståe')]"
utility_to_osm - WARNING - ssr:stedsnr = 490726 has multiple (3) positions, using the first one!
utility_to_osm - WARNING - ssr:stedsnr = 272717: No priority spelling found for lang = no, using alt_name to get "[('no', 'Hellengje')]"
utility_to_osm - WARNING - ssr:stedsnr = 514116 has multiple (2) positions, using the first one!
utility_to_osm - WARNING - ssr:stedsnr = 514402: No priority spelling found for lang = no, using alt_name to get "[('no', 'Øvre Tråtjønn')]"
utility_to_osm - WARNING - ssr:stedsnr = 514722: No priority spelling found for lang = no, using alt_name to get "[('no', 'Gamlesetre')]"
utility_to_osm - WARNING - ssr:stedsnr = 514877: No priority spelling found for lang = no, using alt_name to get "[('no', 'Jakobstjønnbekken')]"
utility_to_osm - WARNING - ssr:stedsnr = 549308: No priority spelling found for lang = no, using alt_name to get "[('no', 'Repeset')]"
utility_to_osm - WARNING - ssr:stedsnr = 549308 has multiple (3) positions, using the first one!
utility_to_osm - WARNING - ssr:stedsnr = 549710: No priority spelling found for lang = no, using alt_name to get "[('no', 'Linattan')]"
utility_to_osm - WARNING - ssr:stedsnr = 549710 has multiple (3) positions, using the first one!
utility_to_osm - WARNING - ssr:stedsnr = 550010 has multiple (2) positions, using the first one!
utility_to_osm - WARNING - ssr:stedsnr = 550022: No priority spelling found for lang = no, using alt_name to get "[('no', 'Nordre Fetjan')]"
utility_to_osm - WARNING - ssr:stedsnr = 550205: No priority spelling found for lang = no, using alt_name to get "[('no', 'Liartjønn')]"
utility_to_osm - WARNING - ssr:stedsnr = 550205 has multiple (5) positions, using the first one!
utility_to_osm - WARNING - ssr:stedsnr = 550206: No priority spelling found for lang = no, using alt_name to get "[('no', 'Rundingstjønn')]"
utility_to_osm - WARNING - ssr:stedsnr = 550600: No priority spelling found for lang = no, using alt_name to get "[('no', 'Lågetjønn')]"
utility_to_osm - WARNING - ssr:stedsnr = 550600 has multiple (2) positions, using the first one!
utility_to_osm - WARNING - ssr:stedsnr = 550898: No priority spelling found for lang = no, using alt_name to get "[('no', 'Kravsetjønn')]"
utility_to_osm - WARNING - ssr:stedsnr = 570352: No priority spelling found for lang = no, using alt_name to get "[('no', 'Nedre Fjøslien')]"
utility_to_osm - WARNING - ssr:stedsnr = 693546 has multiple (2) positions, using the first one!
utility_to_osm - WARNING - ssr:stedsnr = 574108: No priority spelling found for lang = no, using alt_name to get "[('no', 'Grautenebbåsen')]"
utility_to_osm - WARNING - ssr:stedsnr = 574822: No priority spelling found for lang = no, using alt_name to get "[('no', 'Nedre Mogen')]"
utility_to_osm - WARNING - ssr:stedsnr = 696198: No priority spelling found for lang = no, using alt_name to get "[('no', 'Skomakarbekken')]"
utility_to_osm - WARNING - ssr:stedsnr = 696260 has multiple (2) positions, using the first one!
utility_to_osm - WARNING - ssr:stedsnr = 696262: No priority spelling found for lang = no, using alt_name to get "[('no', 'Orekøse')]"
utility_to_osm - WARNING - ssr:stedsnr = 696938: No priority spelling found for lang = no, using alt_name to get "[('no', 'Deilestangen')]"
utility_to_osm - WARNING - ssr:stedsnr = 696950: No priority spelling found for lang = no, using alt_name to get "[('no', 'Erik Personberget')]"
utility_to_osm - WARNING - ssr:stedsnr = 696896: No priority spelling found for lang = no, using alt_name to get "[('no', 'Jakobstjønnhytta')]"
utility_to_osm - WARNING - ssr:stedsnr = 610327 has multiple (4) positions, using the first one!
utility_to_osm - WARNING - ssr:stedsnr = 610338: No priority spelling found for lang = no, using alt_name to get "[('no', 'Purketjønn')]"
utility_to_osm - WARNING - ssr:stedsnr = 610375: No priority spelling found for lang = no, using alt_name to get "[('no', 'Larsgardkøsin')]"
utility_to_osm - WARNING - ssr:stedsnr = 610375 has multiple (3) positions, using the first one!
utility_to_osm - WARNING - ssr:stedsnr = 610376 has multiple (3) positions, using the first one!
utility_to_osm - WARNING - ssr:stedsnr = 611013: No priority spelling found for lang = no, using alt_name to get "[('no', 'Langevatn')]"
utility_to_osm - WARNING - ssr:stedsnr = 611108: No priority spelling found for lang = no, using alt_name to get "[('no', 'Mesetre')]"
utility_to_osm - WARNING - ssr:stedsnr = 611085: No priority spelling found for lang = no, using alt_name to get "[('no', 'Låkåsetvatnet')]"
utility_to_osm - WARNING - ssr:stedsnr = 611276: No priority spelling found for lang = no, using alt_name to get "[('no', 'Lauvlund')]"
utility_to_osm - WARNING - ssr:stedsnr = 611278: No priority spelling found for lang = no, using alt_name to get "[('no', 'Hølasetre')]"
utility_to_osm - WARNING - ssr:stedsnr = 611286: No priority spelling found for lang = no, using alt_name to get "[('no', 'Søre Svarteløken')]"
utility_to_osm - WARNING - ssr:stedsnr = 611307: No priority spelling found for lang = no, using alt_name to get "[('no', 'Rjupetjønn')]"
utility_to_osm - WARNING - ssr:stedsnr = 611692 has multiple (2) positions, using the first one!
utility_to_osm - WARNING - ssr:stedsnr = 611695: No priority spelling found for lang = no, using alt_name to get "[('no', 'Øygardsmyre')]"
utility_to_osm - WARNING - ssr:stedsnr = 611695 has multiple (2) positions, using the first one!
utility_to_osm - WARNING - ssr:stedsnr = 611717: No priority spelling found for lang = no, using alt_name to get "[('no', 'Sjondalsåsen')]"
utility_to_osm - WARNING - ssr:stedsnr = 611733: No priority spelling found for lang = no, using alt_name to get "[('no', 'Vindeggsetre')]"
utility_to_osm - WARNING - ssr:stedsnr = 611739: No priority spelling found for lang = no, using alt_name to get "[('no', 'Dokka')]"
utility_to_osm - WARNING - ssr:stedsnr = 611739 has multiple (2) positions, using the first one!
utility_to_osm - WARNING - ssr:stedsnr = 635391: No priority spelling found for lang = no, using alt_name to get "[('no', 'Nedre Tråtjønn')]"
utility_to_osm - WARNING - ssr:stedsnr = 635775 has multiple (2) positions, using the first one!
utility_to_osm - WARNING - ssr:stedsnr = 635882: No priority spelling found for lang = no, using alt_name to get "[('no', 'Hågån')]"
utility_to_osm - WARNING - ssr:stedsnr = 635927: No priority spelling found for lang = no, using alt_name to get "[('no', 'Vardan')]"
utility_to_osm - WARNING - ssr:stedsnr = 635992: No priority spelling found for lang = no, using alt_name to get "[('no', 'Tjyruhjallmyre')]"
utility_to_osm - WARNING - ssr:stedsnr = 671214: No priority spelling found for lang = no, using alt_name to get "[('no', 'Rostadsetre')]"
utility_to_osm - WARNING - ssr:stedsnr = 671214 has multiple (3) positions, using the first one!
utility_to_osm - WARNING - ssr:stedsnr = 671540: No priority spelling found for lang = no, using alt_name to get "[('no', 'Markavatnet')]"
utility_to_osm - WARNING - ssr:stedsnr = 671543: No priority spelling found for lang = no, using alt_name to get "[('no', 'Sørkjeseter')]"
utility_to_osm - WARNING - ssr:stedsnr = 671543 has multiple (3) positions, using the first one!
utility_to_osm - WARNING - ssr:stedsnr = 671548: No priority spelling found for lang = no, using alt_name to get "[('no', 'Raudhaug')]"
utility_to_osm - WARNING - ssr:stedsnr = 671611 has multiple (3) positions, using the first one!
utility_to_osm - WARNING - ssr:stedsnr = 671615: No priority spelling found for lang = no, using alt_name to get "[('no', 'Stakkeli')]"
utility_to_osm - WARNING - ssr:stedsnr = 671615 has multiple (3) positions, using the first one!
utility_to_osm - WARNING - ssr:stedsnr = 671907: No priority spelling found for lang = no, using alt_name to get "[('no', 'Nordre Vorsetvatn')]"
utility_to_osm - WARNING - ssr:stedsnr = 671911: No priority spelling found for lang = no, using alt_name to get "[('no', 'Størrtjønne')]"
utility_to_osm - WARNING - ssr:stedsnr = 672011 has multiple (2) positions, using the first one!
utility_to_osm - WARNING - ssr:stedsnr = 672021 has multiple (2) positions, using the first one!
utility_to_osm - WARNING - ssr:stedsnr = 672027: No priority spelling found for lang = no, using alt_name to get "[('no', 'Okseåe')]"
utility_to_osm - WARNING - ssr:stedsnr = 672027 has multiple (4) positions, using the first one!
utility_to_osm - WARNING - ssr:stedsnr = 672070: No priority spelling found for lang = no, using alt_name to get "[('no', 'Bjørnhølfjellet')]"
utility_to_osm - WARNING - ssr:stedsnr = 672070 has multiple (2) positions, using the first one!
utility_to_osm - WARNING - ssr:stedsnr = 672071: No priority spelling found for lang = no, using alt_name to get "[('no', 'Dammyrstugu')]"
utility_to_osm - WARNING - ssr:stedsnr = 672071 has multiple (2) positions, using the first one!
utility_to_osm - WARNING - ssr:stedsnr = 672108: No priority spelling found for lang = no, using alt_name to get "[('no', 'Nyset')]"
utility_to_osm - WARNING - ssr:stedsnr = 672262: No priority spelling found for lang = no, using alt_name to get "[('no', 'Juvsjordet')]"
utility_to_osm - WARNING - ssr:stedsnr = 672715: No priority spelling found for lang = no, using alt_name to get "[('no', 'Lågårgardsetre')]"
utility_to_osm - WARNING - ssr:stedsnr = 672715 has multiple (2) positions, using the first one!
utility_to_osm - WARNING - ssr:stedsnr = 672734: No priority spelling found for lang = no, using alt_name to get "[('no', 'Tåtasetre')]"
utility_to_osm - WARNING - ssr:stedsnr = 696608: No priority spelling found for lang = no, using alt_name to get "[('no', 'Søre Fetjanbekk')]"
utility_to_osm - WARNING - ssr:stedsnr = 696880: No priority spelling found for lang = no, using alt_name to get "[('no', 'Pikopbrottet')]"
utility_to_osm - WARNING - ssr:stedsnr = 696883: No priority spelling found for lang = no, using alt_name to get "[('no', 'Kvernhaugen')]"
utility_to_osm - WARNING - ssr:stedsnr = 696766 has multiple (2) positions, using the first one!
utility_to_osm - WARNING - ssr:stedsnr = 696769: No priority spelling found for lang = no, using alt_name to get "[('no', 'Ødegarden')]"
utility_to_osm - WARNING - ssr:stedsnr = 732157: No priority spelling found for lang = no, using alt_name to get "[('no', 'Hågåtjønnsetre')]"
utility_to_osm - WARNING - ssr:stedsnr = 732163: No priority spelling found for lang = no, using alt_name to get "[('no', 'Elgstjønn')]"
utility_to_osm - WARNING - ssr:stedsnr = 732266: No priority spelling found for lang = no, using alt_name to get "[('no', 'Bergeset')]"
utility_to_osm - WARNING - ssr:stedsnr = 732266 has multiple (3) positions, using the first one!
utility_to_osm - WARNING - ssr:stedsnr = 732200: No priority spelling found for lang = no, using alt_name to get "[('no', 'Gøyvetunkollen')]"
utility_to_osm - WARNING - ssr:stedsnr = 732200 has multiple (3) positions, using the first one!
utility_to_osm - WARNING - ssr:stedsnr = 732364: No priority spelling found for lang = no, using alt_name to get "[('no', 'Juvet')]"
utility_to_osm - WARNING - ssr:stedsnr = 732370: No priority spelling found for lang = no, using alt_name to get "[('no', 'Mjogetjønn')]"
utility_to_osm - WARNING - ssr:stedsnr = 732370 has multiple (3) positions, using the first one!
utility_to_osm - WARNING - ssr:stedsnr = 732372 has multiple (18) positions, using the first one!
utility_to_osm - WARNING - ssr:stedsnr = 732924: No priority spelling found for lang = no, using alt_name to get "[('no', 'Sundtjønn')]"
utility_to_osm - WARNING - ssr:stedsnr = 732928 has multiple (3) positions, using the first one!
utility_to_osm - WARNING - ssr:stedsnr = 733003: No priority spelling found for lang = no, using alt_name to get "[('no', 'Søyset')]"
utility_to_osm - WARNING - ssr:stedsnr = 733003 has multiple (3) positions, using the first one!
utility_to_osm - WARNING - ssr:stedsnr = 733044: No priority spelling found for lang = no, using alt_name to get "[('no', 'Tverråe')]"
utility_to_osm - WARNING - ssr:stedsnr = 733044 has multiple (4) positions, using the first one!
utility_to_osm - WARNING - ssr:stedsnr = 733059: No priority spelling found for lang = no, using alt_name to get "[('no', 'Søre Laugje')]"
utility_to_osm - WARNING - ssr:stedsnr = 733059 has multiple (2) positions, using the first one!
utility_to_osm - WARNING - ssr:stedsnr = 733097: No priority spelling found for lang = no, using alt_name to get "[('no', 'Låkåset')]"
utility_to_osm - WARNING - ssr:stedsnr = 733097 has multiple (2) positions, using the first one!
utility_to_osm - WARNING - ssr:stedsnr = 733298: No priority spelling found for lang = no, using alt_name to get "[('no', 'Slettefjell')]"
utility_to_osm - WARNING - ssr:stedsnr = 733636: No priority spelling found for lang = no, using alt_name to get "[('no', 'Øye')]"
utility_to_osm - WARNING - ssr:stedsnr = 733636 has multiple (3) positions, using the first one!
utility_to_osm - WARNING - ssr:stedsnr = 733698: No priority spelling found for lang = no, using alt_name to get "[('no', 'Storemyran')]"
utility_to_osm - WARNING - ssr:stedsnr = 733698 has multiple (4) positions, using the first one!
utility_to_osm - WARNING - ssr:stedsnr = 757850: No priority spelling found for lang = no, using alt_name to get "[('no', 'Bjørnåtedalen')]"
utility_to_osm - WARNING - ssr:stedsnr = 757745: No priority spelling found for lang = no, using alt_name to get "[('no', 'Kroktjønnhøgde')]"
utility_to_osm - WARNING - ssr:stedsnr = 757946: No priority spelling found for lang = no, using alt_name to get "[('no', 'Kjommesetermyre')]"
utility_to_osm - WARNING - ssr:stedsnr = 792287: No priority spelling found for lang = no, using alt_name to get "[('no', 'Trihynnefjellet')]"
utility_to_osm - WARNING - ssr:stedsnr = 792287 has multiple (5) positions, using the first one!
utility_to_osm - WARNING - ssr:stedsnr = 793008 has multiple (2) positions, using the first one!
utility_to_osm - WARNING - ssr:stedsnr = 793017: No priority spelling found for lang = no, using alt_name to get "[('no', 'Bråtån')]"
utility_to_osm - WARNING - ssr:stedsnr = 793017 has multiple (3) positions, using the first one!
utility_to_osm - WARNING - ssr:stedsnr = 793074: No priority spelling found for lang = no, using alt_name to get "[('no', 'Tråenvatna')]"
utility_to_osm - WARNING - ssr:stedsnr = 793226: No priority spelling found for lang = no, using alt_name to get "[('no', 'Rostadelve')]"
utility_to_osm - WARNING - ssr:stedsnr = 793226 has multiple (6) positions, using the first one!
utility_to_osm - WARNING - ssr:stedsnr = 793227: No priority spelling found for lang = no, using alt_name to get "[('no', 'Haugsetre')]"
utility_to_osm - WARNING - ssr:stedsnr = 793227 has multiple (3) positions, using the first one!
utility_to_osm - WARNING - ssr:stedsnr = 793611 has multiple (2) positions, using the first one!
utility_to_osm - WARNING - ssr:stedsnr = 794489: No priority spelling found for lang = no, using alt_name to get "[('no', 'Fremstetjønn')]"
utility_to_osm - WARNING - ssr:stedsnr = 914321: No priority spelling found for lang = no, using alt_name to get "[('no', 'Landerud')]"
utility_to_osm - WARNING - ssr:stedsnr = 914146: No priority spelling found for lang = no, using alt_name to get "[('no', 'Hugartjønn')]"
utility_to_osm - WARNING - ssr:stedsnr = 914150 has multiple (3) positions, using the first one!
utility_to_osm - WARNING - ssr:stedsnr = 914169: No priority spelling found for lang = no, using alt_name to get "[('no', 'Liarmyran')]"
utility_to_osm - WARNING - ssr:stedsnr = 914169 has multiple (3) positions, using the first one!
utility_to_osm - WARNING - ssr:stedsnr = 914344: No priority spelling found for lang = no, using alt_name to get "[('no', 'Engje')]"
utility_to_osm - WARNING - ssr:stedsnr = 914344 has multiple (3) positions, using the first one!
utility_to_osm - WARNING - ssr:stedsnr = 914362: No priority spelling found for lang = no, using alt_name to get "[('no', 'Årsetåe')]"
utility_to_osm - WARNING - ssr:stedsnr = 914549: No priority spelling found for lang = no, using alt_name to get "[('no', 'Viermyr')]"
utility_to_osm - WARNING - ssr:stedsnr = 914549 has multiple (3) positions, using the first one!
utility_to_osm - WARNING - ssr:stedsnr = 914652: No priority spelling found for lang = no, using alt_name to get "[('no', 'Leiketjønn')]"
utility_to_osm - WARNING - ssr:stedsnr = 914683: No priority spelling found for lang = no, using alt_name to get "[('no', 'Frågått')]"
utility_to_osm - WARNING - ssr:stedsnr = 914695: No priority spelling found for lang = no, using alt_name to get "[('no', 'Gvammen')]"
utility_to_osm - WARNING - ssr:stedsnr = 914702: No priority spelling found for lang = no, using alt_name to get "[('no', 'Liset')]"
utility_to_osm - WARNING - ssr:stedsnr = 914898: No priority spelling found for lang = no, using alt_name to get "[('no', 'Myrefjell')]"
utility_to_osm - WARNING - ssr:stedsnr = 914898 has multiple (4) positions, using the first one!
utility_to_osm - WARNING - ssr:stedsnr = 915010: No priority spelling found for lang = no, using alt_name to get "[('no', 'Bufjell'), ('no', 'Øvre Bufjell')]"
utility_to_osm - ERROR - ssr:stedsnr = 915010: Adding multiple names to name tag, this is not OK! name = "Bufjell;Øvre Bufjell"
utility_to_osm - WARNING - ssr:stedsnr = 915010 has multiple (3) positions, using the first one!
utility_to_osm - WARNING - ssr:stedsnr = 915041: No priority spelling found for lang = no, using alt_name to get "[('no', 'Nordre Skogen')]"
utility_to_osm - WARNING - ssr:stedsnr = 915041 has multiple (2) positions, using the first one!
utility_to_osm - WARNING - ssr:stedsnr = 915047 has multiple (2) positions, using the first one!
utility_to_osm - WARNING - ssr:stedsnr = 915053 has multiple (2) positions, using the first one!
utility_to_osm - WARNING - ssr:stedsnr = 915364: No priority spelling found for lang = no, using alt_name to get "[('no', 'Grasbekktjønnan')]"
utility_to_osm - WARNING - ssr:stedsnr = 915483: No priority spelling found for lang = no, using alt_name to get "[('no', 'Vardeåsen')]"
utility_to_osm - WARNING - ssr:stedsnr = 818205: No priority spelling found for lang = no, using alt_name to get "[('no', 'Fetjankleive')]"
utility_to_osm - WARNING - ssr:stedsnr = 971798: No priority spelling found for lang = no, using alt_name to get "[('no', 'Kløvsteinvegen')]"
utility_to_osm - WARNING - ssr:stedsnr = 971800: No priority spelling found for lang = no, using alt_name to get "[('no', 'Ulviksetervegen')]"
utility_to_osm - WARNING - ssr:stedsnr = 853303 has multiple (3) positions, using the first one!
utility_to_osm - WARNING - ssr:stedsnr = 853220: No priority spelling found for lang = no, using alt_name to get "[('no', 'Svartetjønnåsen')]"
utility_to_osm - WARNING - ssr:stedsnr = 853220 has multiple (3) positions, using the first one!
utility_to_osm - WARNING - ssr:stedsnr = 853221: No priority spelling found for lang = no, using alt_name to get "[('no', 'Oksle')]"
utility_to_osm - WARNING - ssr:stedsnr = 853221 has multiple (3) positions, using the first one!
utility_to_osm - WARNING - ssr:stedsnr = 853277: No priority spelling found for lang = no, using alt_name to get "[('no', 'Mehovsetre')]"
utility_to_osm - WARNING - ssr:stedsnr = 853277 has multiple (3) positions, using the first one!
utility_to_osm - WARNING - ssr:stedsnr = 853279: No priority spelling found for lang = no, using alt_name to get "[('no', 'Møretjønn')]"
utility_to_osm - WARNING - ssr:stedsnr = 853913 has multiple (4) positions, using the first one!
utility_to_osm - WARNING - ssr:stedsnr = 854002 has multiple (2) positions, using the first one!
utility_to_osm - WARNING - ssr:stedsnr = 854114: No priority spelling found for lang = no, using alt_name to get "[('no', 'Hellesetre')]"
utility_to_osm - WARNING - ssr:stedsnr = 854114 has multiple (3) positions, using the first one!
utility_to_osm - WARNING - ssr:stedsnr = 854010: No priority spelling found for lang = no, using alt_name to get "[('no', 'Holmetjønn')]"
utility_to_osm - WARNING - ssr:stedsnr = 854015: No priority spelling found for lang = no, using alt_name to get "[('no', 'Sørensplassen')]"
utility_to_osm - WARNING - ssr:stedsnr = 854015 has multiple (2) positions, using the first one!
utility_to_osm - WARNING - ssr:stedsnr = 854310: No priority spelling found for lang = no, using alt_name to get "[('no', 'Fossebrottet')]"
utility_to_osm - WARNING - ssr:stedsnr = 854314: No priority spelling found for lang = no, using alt_name to get "[('no', 'Hagen')]"
utility_to_osm - WARNING - ssr:stedsnr = 854321: No priority spelling found for lang = no, using alt_name to get "[('no', 'Alfstadnyset')]"
utility_to_osm - WARNING - ssr:stedsnr = 854321 has multiple (3) positions, using the first one!
utility_to_osm - WARNING - ssr:stedsnr = 854261: No priority spelling found for lang = no, using alt_name to get "[('no', 'Risteigen')]"
utility_to_osm - WARNING - ssr:stedsnr = 854719: No priority spelling found for lang = no, using alt_name to get "[('no', 'Fremstemyr')]"
utility_to_osm - WARNING - ssr:stedsnr = 854609: No priority spelling found for lang = no, using alt_name to get "[('no', 'Brekkesetre')]"
utility_to_osm - WARNING - ssr:stedsnr = 854648: No priority spelling found for lang = no, using alt_name to get "[('no', 'Juvet')]"
utility_to_osm - WARNING - ssr:stedsnr = 854657: No priority spelling found for lang = no, using alt_name to get "[('no', 'Nordre Gardar')]"
utility_to_osm - WARNING - ssr:stedsnr = 854657 has multiple (2) positions, using the first one!
utility_to_osm - WARNING - ssr:stedsnr = 856239 has multiple (43) positions, using the first one!
utility_to_osm - WARNING - ssr:stedsnr = 878452: No priority spelling found for lang = no, using alt_name to get "[('no', 'Skjulsmyre')]"
utility_to_osm - WARNING - ssr:stedsnr = 878800: No priority spelling found for lang = no, using alt_name to get "[('no', 'Torsbråtån')]"
utility_to_osm - WARNING - ssr:stedsnr = 878906: No priority spelling found for lang = no, using alt_name to get "[('no', 'Engje')]"
utility_to_osm - WARNING - ssr:stedsnr = 896624 has multiple (2) positions, using the first one!
utility_to_osm - WARNING - ssr:stedsnr = 896632 has multiple (2) positions, using the first one!
utility_to_osm - WARNING - ssr:stedsnr = 914326: No priority spelling found for lang = no, using alt_name to get "[('no', 'Skogli')]"
utility_to_osm - WARNING - ssr:stedsnr = 914211 has multiple (2) positions, using the first one!
utility_to_osm - WARNING - ssr:stedsnr = 914234 has multiple (3) positions, using the first one!
utility_to_osm - WARNING - ssr:stedsnr = 914276: No priority spelling found for lang = no, using alt_name to get "[('no', 'Tørrhaug')]"
utility_to_osm - WARNING - ssr:stedsnr = 914276 has multiple (3) positions, using the first one!
utility_to_osm - WARNING - ssr:stedsnr = 914295: No priority spelling found for lang = no, using alt_name to get "[('no', 'Kjommetjønn')]"
utility_to_osm - WARNING - ssr:stedsnr = 914431: No priority spelling found for lang = no, using alt_name to get "[('no', 'Vardefjellsetre')]"
utility_to_osm - WARNING - ssr:stedsnr = 914431 has multiple (5) positions, using the first one!
utility_to_osm - WARNING - ssr:stedsnr = 914912 has multiple (2) positions, using the first one!
utility_to_osm - WARNING - ssr:stedsnr = 914942: No priority spelling found for lang = no, using alt_name to get "[('no', 'Sagstugo')]"
utility_to_osm - WARNING - ssr:stedsnr = 914942 has multiple (3) positions, using the first one!
utility_to_osm - WARNING - ssr:stedsnr = 915072: No priority spelling found for lang = no, using alt_name to get "[('no', 'Langseterfjellet')]"
utility_to_osm - WARNING - ssr:stedsnr = 915072 has multiple (6) positions, using the first one!
utility_to_osm - WARNING - ssr:stedsnr = 915704: No priority spelling found for lang = no, using alt_name to get "[('no', 'Rusttjønn')]"
utility_to_osm - WARNING - ssr:stedsnr = 915714: No priority spelling found for lang = no, using alt_name to get "[('no', 'Dipilen')]"
utility_to_osm - WARNING - ssr:stedsnr = 915717: No priority spelling found for lang = no, using alt_name to get "[('no', 'Damtjønn')]"
utility_to_osm - WARNING - ssr:stedsnr = 935475: No priority spelling found for lang = no, using alt_name to get "[('no', 'Grånåbu')]"
utility_to_osm - WARNING - ssr:stedsnr = 939812: No priority spelling found for lang = no, using alt_name to get "[('no', 'Mehov')]"
utility_to_osm - WARNING - ssr:stedsnr = 939812 has multiple (2) positions, using the first one!
utility_to_osm - WARNING - ssr:stedsnr = 971789: No priority spelling found for lang = no, using alt_name to get "[('no', 'Gamlevegen')]"
utility_to_osm - WARNING - ssr:stedsnr = 981232: No priority spelling found for lang = no, using alt_name to get "[('no', 'Trillemarka-Rollagsfjell naturreservat')]"
utility_to_osm - WARNING - ssr:stedsnr = 990487: No priority spelling found for lang = no, using alt_name to get "[('no', 'Midtre Barkejuvet')]"
utility_to_osm - ERROR - ssr:stedsnr = 990487. No positions found, skipping
utility_to_osm - WARNING - ssr:stedsnr = 990501: No priority spelling found for lang = no, using alt_name to get "[('no', 'Lomtjønnvegen')]"
utility_to_osm - ERROR - ssr:stedsnr = 990501. No positions found, skipping
utility_to_osm - ERROR - ssr:stedsnr = 990502. No positions found, skipping
utility_to_osm - WARNING - ssr:stedsnr = 990503: No priority spelling found for lang = no, using alt_name to get "[('no', 'Devegg')]"
utility_to_osm - ERROR - ssr:stedsnr = 990503. No positions found, skipping
utility_to_osm - ERROR - ssr:stedsnr = 990504. No positions found, skipping
utility_to_osm - ERROR - ssr:stedsnr = 990505. No positions found, skipping
utility_to_osm - ERROR - ssr:stedsnr = 990506. No positions found, skipping
utility_to_osm - ERROR - ssr:stedsnr = 990507. No positions found, skipping
utility_to_osm - WARNING - ssr:stedsnr = 990508: No priority spelling found for lang = no, using alt_name to get "[('no', 'Myrbakken')]"
utility_to_osm - ERROR - ssr:stedsnr = 990508. No positions found, skipping
utility_to_osm - ERROR - ssr:stedsnr = 990520. No positions found, skipping
utility_to_osm - WARNING - ssr:stedsnr = 990521: No priority spelling found for lang = no, using alt_name to get "[('no', 'Jegerstubben')]"
utility_to_osm - ERROR - ssr:stedsnr = 990521. No positions found, skipping
utility_to_osm - WARNING - ssr:stedsnr = 990522: No priority spelling found for lang = no, using alt_name to get "[('no', 'Lakahaugen')]"
utility_to_osm - ERROR - ssr:stedsnr = 990522. No positions found, skipping
utility_to_osm - WARNING - ssr:stedsnr = 990523: No priority spelling found for lang = no, using alt_name to get "[('no', 'Lakahaugstubben')]"
utility_to_osm - ERROR - ssr:stedsnr = 990523. No positions found, skipping
utility_to_osm - WARNING - ssr:stedsnr = 990524: No priority spelling found for lang = no, using alt_name to get "[('no', 'Smetten')]"
utility_to_osm - ERROR - ssr:stedsnr = 990524. No positions found, skipping
utility_to_osm - ERROR - ssr:stedsnr = 990525. No positions found, skipping
utility_to_osm - WARNING - ssr:stedsnr = 990526: No priority spelling found for lang = no, using alt_name to get "[('no', 'Votndalsvegen')]"
utility_to_osm - ERROR - ssr:stedsnr = 990526. No positions found, skipping
utility_to_osm - WARNING - ssr:stedsnr = 990527: No priority spelling found for lang = no, using alt_name to get "[('no', 'Hekansvingen')]"
utility_to_osm - ERROR - ssr:stedsnr = 990527. No positions found, skipping
utility_to_osm - WARNING - ssr:stedsnr = 990528: No priority spelling found for lang = no, using alt_name to get "[('no', 'Hekanvegen')]"
utility_to_osm - ERROR - ssr:stedsnr = 990528. No positions found, skipping
utility_to_osm - WARNING - ssr:stedsnr = 990529: No priority spelling found for lang = no, using alt_name to get "[('no', 'Tiurfaret')]"
utility_to_osm - ERROR - ssr:stedsnr = 990529. No positions found, skipping
utility_to_osm - WARNING - ssr:stedsnr = 990530: No priority spelling found for lang = no, using alt_name to get "[('no', 'Tiurleiken')]"
utility_to_osm - ERROR - ssr:stedsnr = 990530. No positions found, skipping
utility_to_osm - WARNING - ssr:stedsnr = 990552: No priority spelling found for lang = no, using alt_name to get "[('no', 'Øvre Natten')]"
utility_to_osm - ERROR - ssr:stedsnr = 990552. No positions found, skipping
utility_to_osm - WARNING - ssr:stedsnr = 990602: No priority spelling found for lang = no, using alt_name to get "[('no', 'Blåsenborg')]"
utility_to_osm - ERROR - ssr:stedsnr = 990602. No positions found, skipping
utility_to_osm - WARNING - ssr:stedsnr = 990603: No priority spelling found for lang = no, using alt_name to get "[('no', 'Grensa')]"
utility_to_osm - ERROR - ssr:stedsnr = 990603. No positions found, skipping
utility_to_osm - WARNING - ssr:stedsnr = 990604: No priority spelling found for lang = no, using alt_name to get "[('no', 'Klekken')]"
utility_to_osm - ERROR - ssr:stedsnr = 990604. No positions found, skipping
utility_to_osm - WARNING - ssr:stedsnr = 990605: No priority spelling found for lang = no, using alt_name to get "[('no', 'Olhovdmyre')]"
utility_to_osm - ERROR - ssr:stedsnr = 990605. No positions found, skipping
utility_to_osm - WARNING - ssr:stedsnr = 990606: No priority spelling found for lang = no, using alt_name to get "[('no', 'Rustbakken')]"
utility_to_osm - ERROR - ssr:stedsnr = 990606. No positions found, skipping
utility_to_osm - ERROR - ssr:stedsnr = 990607. No positions found, skipping
utility_to_osm - ERROR - ssr:stedsnr = 990608. No positions found, skipping
utility_to_osm - ERROR - ssr:stedsnr = 990609. No positions found, skipping
utility_to_osm - ERROR - ssr:stedsnr = 990610. No positions found, skipping
utility_to_osm - ERROR - ssr:stedsnr = 990611. No positions found, skipping
utility_to_osm - WARNING - ssr:stedsnr = 990612: No priority spelling found for lang = no, using alt_name to get "[('no', 'Rustvegen')]"
utility_to_osm - ERROR - ssr:stedsnr = 990612. No positions found, skipping
utility_to_osm - WARNING - ssr:stedsnr = 990613: No priority spelling found for lang = no, using alt_name to get "[('no', 'Åsmobekk')]"
utility_to_osm - ERROR - ssr:stedsnr = 990613. No positions found, skipping
utility_to_osm - ERROR - ssr:stedsnr = 990614. No positions found, skipping
utility_to_osm - WARNING - ssr:stedsnr = 990615: No priority spelling found for lang = no, using alt_name to get "[('no', 'Fururabben')]"
utility_to_osm - ERROR - ssr:stedsnr = 990615. No positions found, skipping
utility_to_osm - ERROR - ssr:stedsnr = 990616. No positions found, skipping
utility_to_osm - WARNING - ssr:stedsnr = 990617: No priority spelling found for lang = no, using alt_name to get "[('no', 'Stjernevegen')]"
utility_to_osm - ERROR - ssr:stedsnr = 990617. No positions found, skipping
utility_to_osm - ERROR - ssr:stedsnr = 990618. No positions found, skipping
utility_to_osm - ERROR - ssr:stedsnr = 990622. No positions found, skipping
utility_to_osm - WARNING - ssr:stedsnr = 990623: No priority spelling found for lang = no, using alt_name to get "[('no', 'Vårvikdalen')]"
utility_to_osm - ERROR - ssr:stedsnr = 990623. No positions found, skipping
utility_to_osm - ERROR - ssr:stedsnr = 990626. No positions found, skipping
utility_to_osm - WARNING - ssr:stedsnr = 990627: No priority spelling found for lang = no, using alt_name to get "[('no', 'Nirisetvegen')]"
utility_to_osm - ERROR - ssr:stedsnr = 990627. No positions found, skipping
utility_to_osm - WARNING - ssr:stedsnr = 990628: No priority spelling found for lang = no, using alt_name to get "[('no', 'Skjenholtet')]"
utility_to_osm - ERROR - ssr:stedsnr = 990628. No positions found, skipping
utility_to_osm - WARNING - ssr:stedsnr = 990702: No priority spelling found for lang = no, using alt_name to get "[('no', 'Vorset')]"
utility_to_osm - ERROR - ssr:stedsnr = 990702. No positions found, skipping
utility_to_osm - WARNING - ssr:stedsnr = 990703: No priority spelling found for lang = no, using alt_name to get "[('no', 'Gaupetjønnvegen')]"
utility_to_osm - ERROR - ssr:stedsnr = 990703. No positions found, skipping
utility_to_osm - WARNING - ssr:stedsnr = 990704: No priority spelling found for lang = no, using alt_name to get "[('no', 'Surtetjønnvegen')]"
utility_to_osm - ERROR - ssr:stedsnr = 990704. No positions found, skipping
utility_to_osm - WARNING - ssr:stedsnr = 990705: No priority spelling found for lang = no, using alt_name to get "[('no', 'Trytetjønnfjellet')]"
utility_to_osm - ERROR - ssr:stedsnr = 990705. No positions found, skipping
utility_to_osm - WARNING - ssr:stedsnr = 990706: No priority spelling found for lang = no, using alt_name to get "[('no', 'Trytetjønnåsen')]"
utility_to_osm - ERROR - ssr:stedsnr = 990706. No positions found, skipping
utility_to_osm - WARNING - ssr:stedsnr = 990707: No priority spelling found for lang = no, using alt_name to get "[('no', 'Årset')]"
utility_to_osm - ERROR - ssr:stedsnr = 990707. No positions found, skipping
utility_to_osm - WARNING - ssr:stedsnr = 990708: No priority spelling found for lang = no, using alt_name to get "[('no', 'Årsetvollen')]"
utility_to_osm - ERROR - ssr:stedsnr = 990708. No positions found, skipping
utility_to_osm - ERROR - ssr:stedsnr = 990709. No positions found, skipping
utility_to_osm - WARNING - ssr:stedsnr = 990710: No priority spelling found for lang = no, using alt_name to get "[('no', 'Sundtjønnvegen')]"
utility_to_osm - ERROR - ssr:stedsnr = 990710. No positions found, skipping
utility_to_osm - WARNING - ssr:stedsnr = 990711: No priority spelling found for lang = no, using alt_name to get "[('no', 'Svarteløkvegen')]"
utility_to_osm - ERROR - ssr:stedsnr = 990711. No positions found, skipping
utility_to_osm - WARNING - ssr:stedsnr = 990712: No priority spelling found for lang = no, using alt_name to get "[('no', 'Vorsetvegen')]"
utility_to_osm - WARNING - ssr:stedsnr = 990713: No priority spelling found for lang = no, using alt_name to get "[('no', 'Setervegen')]"
utility_to_osm - ERROR - ssr:stedsnr = 990713. No positions found, skipping
utility_to_osm - WARNING - ssr:stedsnr = 3283 has multiple (3) positions, using the first one!
utility_to_osm - WARNING - ssr:stedsnr = 3231: No priority spelling found for lang = no, using alt_name to get "[('no', 'Klukkargarden')]"
utility_to_osm - WARNING - ssr:stedsnr = 3231 has multiple (3) positions, using the first one!
utility_to_osm - WARNING - ssr:stedsnr = 3252 has multiple (3) positions, using the first one!
utility_to_osm - WARNING - ssr:stedsnr = 3253: No priority spelling found for lang = no, using alt_name to get "[('no', 'Svartetjønn')]"
utility_to_osm - WARNING - ssr:stedsnr = 3259 has multiple (4) positions, using the first one!
utility_to_osm - WARNING - ssr:stedsnr = 4063 has multiple (2) positions, using the first one!
utility_to_osm - WARNING - ssr:stedsnr = 4133: No priority spelling found for lang = no, using alt_name to get "[('no', 'Tuterud')]"
utility_to_osm - WARNING - ssr:stedsnr = 4133 has multiple (3) positions, using the first one!
utility_to_osm - WARNING - ssr:stedsnr = 4135: No priority spelling found for lang = no, using alt_name to get "[('no', 'Kleiverudberget')]"
utility_to_osm - WARNING - ssr:stedsnr = 4135 has multiple (2) positions, using the first one!
utility_to_osm - WARNING - ssr:stedsnr = 4142 has multiple (3) positions, using the first one!
utility_to_osm - WARNING - ssr:stedsnr = 4629: No priority spelling found for lang = no, using alt_name to get "[('no', 'Raunesethøgde')]"
utility_to_osm - WARNING - ssr:stedsnr = 4331: No priority spelling found for lang = no, using alt_name to get "[('no', 'Ulviksetre')]"
utility_to_osm - WARNING - ssr:stedsnr = 4331 has multiple (3) positions, using the first one!
utility_to_osm - WARNING - ssr:stedsnr = 4336: No priority spelling found for lang = no, using alt_name to get "[('no', 'Vesleåe')]"
utility_to_osm - WARNING - ssr:stedsnr = 4336 has multiple (4) positions, using the first one!
utility_to_osm - WARNING - ssr:stedsnr = 4342: No priority spelling found for lang = no, using alt_name to get "[('no', 'Heimsetre')]"
utility_to_osm - WARNING - ssr:stedsnr = 4349: No priority spelling found for lang = no, using alt_name to get "[('no', 'Storemoen')]"
utility_to_osm - WARNING - ssr:stedsnr = 4350: No priority spelling found for lang = no, using alt_name to get "[('no', 'Svensrudsetre')]"
utility_to_osm - WARNING - ssr:stedsnr = 4350 has multiple (2) positions, using the first one!
utility_to_osm - WARNING - ssr:stedsnr = 4352: No priority spelling found for lang = no, using alt_name to get "[('no', 'Trihynnevatnet')]"
utility_to_osm - WARNING - ssr:stedsnr = 4581: No priority spelling found for lang = no, using alt_name to get "[('no', 'Ålmannbu')]"
utility_to_osm - WARNING - ssr:stedsnr = 4581 has multiple (4) positions, using the first one!
utility_to_osm - WARNING - ssr:stedsnr = 4594: No priority spelling found for lang = no, using alt_name to get "[('no', 'Skjerbrekkdalen')]"
utility_to_osm - WARNING - ssr:stedsnr = 4594 has multiple (4) positions, using the first one!
utility_to_osm - WARNING - ssr:stedsnr = 4596: No priority spelling found for lang = no, using alt_name to get "[('no', 'Larsetjønn')]"
utility_to_osm - WARNING - ssr:stedsnr = 4696: No priority spelling found for lang = no, using alt_name to get "[('no', 'Lomtjønn')]"
utility_to_osm - WARNING - ssr:stedsnr = 4659 has multiple (2) positions, using the first one!
utility_to_osm - WARNING - ssr:stedsnr = 4893: No priority spelling found for lang = no, using alt_name to get "[('no', 'Skomakarnatten')]"
utility_to_osm - WARNING - ssr:stedsnr = 4893 has multiple (3) positions, using the first one!
utility_to_osm - WARNING - ssr:stedsnr = 5027 has multiple (2) positions, using the first one!
utility_to_osm - WARNING - ssr:stedsnr = 5723: No priority spelling found for lang = no, using alt_name to get "[('no', 'Skavlemstugo')]"
utility_to_osm - WARNING - ssr:stedsnr = 25509: No priority spelling found for lang = no, using alt_name to get "[('no', 'Sølset')]"
utility_to_osm - WARNING - ssr:stedsnr = 28395 has multiple (2) positions, using the first one!
utility_to_osm - WARNING - ssr:stedsnr = 28254 has multiple (2) positions, using the first one!
utility_to_osm - WARNING - ssr:stedsnr = 28658: No priority spelling found for lang = no, using alt_name to get "[('no', 'Tråtjønnlie')]"
utility_to_osm - WARNING - ssr:stedsnr = 29598 has multiple (2) positions, using the first one!
utility_to_osm - WARNING - ssr:stedsnr = 29287: No priority spelling found for lang = no, using alt_name to get "[('no', 'Kortedokkhøgde')]"
utility_to_osm - WARNING - ssr:stedsnr = 29441: No priority spelling found for lang = no, using alt_name to get "[('no', 'Lensmannslauge')]"
utility_to_osm - WARNING - ssr:stedsnr = 29689: No priority spelling found for lang = no, using alt_name to get "[('no', 'Nordre Gladheim')]"
utility_to_osm - WARNING - ssr:stedsnr = 29779: No priority spelling found for lang = no, using alt_name to get "[('no', 'Knutebråtån')]"
utility_to_osm - WARNING - ssr:stedsnr = 29779 has multiple (2) positions, using the first one!
utility_to_osm - WARNING - ssr:stedsnr = 29786: No priority spelling found for lang = no, using alt_name to get "[('no', 'Køse')]"
utility_to_osm - WARNING - ssr:stedsnr = 29991: No priority spelling found for lang = no, using alt_name to get "[('no', 'Hølet')]"
utility_to_osm - WARNING - ssr:stedsnr = 64325: No priority spelling found for lang = no, using alt_name to get "[('no', 'Trihynneelve')]"
utility_to_osm - WARNING - ssr:stedsnr = 64325 has multiple (6) positions, using the first one!
utility_to_osm - WARNING - ssr:stedsnr = 64347: No priority spelling found for lang = no, using alt_name to get "[('no', 'Landsverksetre')]"
utility_to_osm - WARNING - ssr:stedsnr = 64347 has multiple (3) positions, using the first one!
utility_to_osm - WARNING - ssr:stedsnr = 64251: No priority spelling found for lang = no, using alt_name to get "[('no', 'Flatåsen')]"
utility_to_osm - WARNING - ssr:stedsnr = 64251 has multiple (3) positions, using the first one!
utility_to_osm - WARNING - ssr:stedsnr = 64292 has multiple (2) positions, using the first one!
utility_to_osm - WARNING - ssr:stedsnr = 65055: No priority spelling found for lang = no, using alt_name to get "[('no', 'Vesle Øytjønn')]"
utility_to_osm - WARNING - ssr:stedsnr = 65055 has multiple (2) positions, using the first one!
utility_to_osm - WARNING - ssr:stedsnr = 65098: No priority spelling found for lang = no, using alt_name to get "[('no', 'Gamleseterdalen')]"
utility_to_osm - WARNING - ssr:stedsnr = 65098 has multiple (2) positions, using the first one!
utility_to_osm - WARNING - ssr:stedsnr = 65719: No priority spelling found for lang = no, using alt_name to get "[('no', 'Søre Ruståe')]"
utility_to_osm - WARNING - ssr:stedsnr = 65719 has multiple (3) positions, using the first one!
utility_to_osm - WARNING - ssr:stedsnr = 64940: No priority spelling found for lang = no, using alt_name to get "[('no', 'Skjenholtet')]"
utility_to_osm - WARNING - ssr:stedsnr = 64940 has multiple (2) positions, using the first one!
utility_to_osm - WARNING - ssr:stedsnr = 65025: No priority spelling found for lang = no, using alt_name to get "[('no', 'Bikkjetjønnan')]"
utility_to_osm - WARNING - ssr:stedsnr = 65127: No priority spelling found for lang = no, using alt_name to get "[('no', 'Brumsdalen')]"
utility_to_osm - WARNING - ssr:stedsnr = 65127 has multiple (3) positions, using the first one!
utility_to_osm - WARNING - ssr:stedsnr = 65132: No priority spelling found for lang = no, using alt_name to get "[('no', 'Svartlibrottet')]"
utility_to_osm - WARNING - ssr:stedsnr = 65132 has multiple (3) positions, using the first one!
utility_to_osm - WARNING - ssr:stedsnr = 66475: No priority spelling found for lang = no, using alt_name to get "[('no', 'Metjønn')]"
utility_to_osm - WARNING - ssr:stedsnr = 65260: No priority spelling found for lang = no, using alt_name to get "[('no', 'Grånåbubekken')]"
utility_to_osm - WARNING - ssr:stedsnr = 65260 has multiple (3) positions, using the first one!
utility_to_osm - WARNING - ssr:stedsnr = 65330 has multiple (3) positions, using the first one!
utility_to_osm - WARNING - ssr:stedsnr = 65333 has multiple (3) positions, using the first one!
utility_to_osm - WARNING - ssr:stedsnr = 65569: No priority spelling found for lang = no, using alt_name to get "[('no', 'Velebufjellet')]"
utility_to_osm - WARNING - ssr:stedsnr = 65569 has multiple (2) positions, using the first one!
utility_to_osm - WARNING - ssr:stedsnr = 65580: No priority spelling found for lang = no, using alt_name to get "[('no', 'Søtelitjønn')]"
utility_to_osm - WARNING - ssr:stedsnr = 65596: No priority spelling found for lang = no, using alt_name to get "[('no', 'Søtelibekken')]"
utility_to_osm - WARNING - ssr:stedsnr = 65596 has multiple (2) positions, using the first one!
utility_to_osm - WARNING - ssr:stedsnr = 65669: No priority spelling found for lang = no, using alt_name to get "[('no', 'Møllbrekkåsen')]"
utility_to_osm - WARNING - ssr:stedsnr = 65669 has multiple (2) positions, using the first one!
utility_to_osm - WARNING - ssr:stedsnr = 65928: No priority spelling found for lang = no, using alt_name to get "[('no', 'Søre Kjølvatn')]"
utility_to_osm - WARNING - ssr:stedsnr = 65944: No priority spelling found for lang = no, using alt_name to get "[('no', 'Røynebuvatnet')]"
utility_to_osm - WARNING - ssr:stedsnr = 66034: No priority spelling found for lang = no, using alt_name to get "[('no', 'Snørud')]"
utility_to_osm - WARNING - ssr:stedsnr = 66035 has multiple (2) positions, using the first one!
utility_to_osm - WARNING - ssr:stedsnr = 66038: No priority spelling found for lang = no, using alt_name to get "[('no', 'Fugleåsen')]"
utility_to_osm - WARNING - ssr:stedsnr = 66040: No priority spelling found for lang = no, using alt_name to get "[('no', 'Søre Skogen')]"
utility_to_osm - WARNING - ssr:stedsnr = 66040 has multiple (2) positions, using the first one!
utility_to_osm - WARNING - ssr:stedsnr = 66340: No priority spelling found for lang = no, using alt_name to get "[('no', 'Myre')]"
utility_to_osm - WARNING - ssr:stedsnr = 89771: No priority spelling found for lang = no, using alt_name to get "[('no', 'Skjenholttjønn')]"
utility_to_osm - WARNING - ssr:stedsnr = 89782: No priority spelling found for lang = no, using alt_name to get "[('no', 'Deilesmyr')]"
utility_to_osm - WARNING - ssr:stedsnr = 89823: No priority spelling found for lang = no, using alt_name to get "[('no', 'Hovdesetskarven')]"
utility_to_osm - WARNING - ssr:stedsnr = 89895: No priority spelling found for lang = no, using alt_name to get "[('no', 'Ståvåfjellbekken')]"
utility_to_osm - WARNING - ssr:stedsnr = 90928: No priority spelling found for lang = no, using alt_name to get "[('no', 'Storekøslie')]"
utility_to_osm - WARNING - ssr:stedsnr = 90247: No priority spelling found for lang = no, using alt_name to get "[('no', 'Vallesetre')]"
utility_to_osm - WARNING - ssr:stedsnr = 90248: No priority spelling found for lang = no, using alt_name to get "[('no', 'Nordre Skavlemsetre')]"
utility_to_osm - WARNING - ssr:stedsnr = 90638: No priority spelling found for lang = no, using alt_name to get "[('no', 'Raudbekk')]"
utility_to_osm - WARNING - ssr:stedsnr = 90758: No priority spelling found for lang = no, using alt_name to get "[('no', 'Kleive')]"
utility_to_osm - WARNING - ssr:stedsnr = 125604: No priority spelling found for lang = no, using alt_name to get "[('no', 'Veslesenhovd')]"
utility_to_osm - WARNING - ssr:stedsnr = 125604 has multiple (2) positions, using the first one!
utility_to_osm - WARNING - ssr:stedsnr = 125627: No priority spelling found for lang = no, using alt_name to get "[('no', 'Fjelltjønn')]"
utility_to_osm - WARNING - ssr:stedsnr = 125030: No priority spelling found for lang = no, using alt_name to get "[('no', 'Raudsteinvarden')]"
utility_to_osm - WARNING - ssr:stedsnr = 125030 has multiple (3) positions, using the first one!
utility_to_osm - WARNING - ssr:stedsnr = 125150: No priority spelling found for lang = no, using alt_name to get "[('no', 'Sørkjeåe')]"
utility_to_osm - WARNING - ssr:stedsnr = 125150 has multiple (3) positions, using the first one!
utility_to_osm - WARNING - ssr:stedsnr = 125383: No priority spelling found for lang = no, using alt_name to get "[('no', 'Nordre Daggrøtjønn')]"
utility_to_osm - WARNING - ssr:stedsnr = 125173: No priority spelling found for lang = no, using alt_name to get "[('no', 'Djupedalsbekken')]"
utility_to_osm - WARNING - ssr:stedsnr = 125173 has multiple (4) positions, using the first one!
utility_to_osm - WARNING - ssr:stedsnr = 125260: No priority spelling found for lang = no, using alt_name to get "[('no', 'Butjønnseter')]"
utility_to_osm - WARNING - ssr:stedsnr = 125260 has multiple (4) positions, using the first one!
utility_to_osm - WARNING - ssr:stedsnr = 125276 has multiple (3) positions, using the first one!
utility_to_osm - WARNING - ssr:stedsnr = 125286: No priority spelling found for lang = no, using alt_name to get "[('no', 'Sandbekken')]"
utility_to_osm - WARNING - ssr:stedsnr = 125286 has multiple (3) positions, using the first one!
utility_to_osm - WARNING - ssr:stedsnr = 126275: No priority spelling found for lang = no, using alt_name to get "[('no', 'Fjøsesetre')]"
utility_to_osm - WARNING - ssr:stedsnr = 125542: No priority spelling found for lang = no, using alt_name to get "[('no', 'Skarvetjønn')]"
utility_to_osm - WARNING - ssr:stedsnr = 125542 has multiple (3) positions, using the first one!
utility_to_osm - WARNING - ssr:stedsnr = 125666: No priority spelling found for lang = no, using alt_name to get "[('no', 'Helgesplassen')]"
utility_to_osm - WARNING - ssr:stedsnr = 125630: No priority spelling found for lang = no, using alt_name to get "[('no', 'Søre Vorsetvatn')]"
utility_to_osm - WARNING - ssr:stedsnr = 125729: No priority spelling found for lang = no, using alt_name to get "[('no', 'Nybulie')]"
utility_to_osm - WARNING - ssr:stedsnr = 125898: No priority spelling found for lang = no, using alt_name to get "[('no', 'Elgtjønndalen')]"
utility_to_osm - WARNING - ssr:stedsnr = 125898 has multiple (3) positions, using the first one!
utility_to_osm - WARNING - ssr:stedsnr = 125899: No priority spelling found for lang = no, using alt_name to get "[('no', 'Vamrehovda')]"
utility_to_osm - WARNING - ssr:stedsnr = 125899 has multiple (3) positions, using the first one!
utility_to_osm - WARNING - ssr:stedsnr = 125917: No priority spelling found for lang = no, using alt_name to get "[('no', 'Nordre Krokvatnet')]"
utility_to_osm - WARNING - ssr:stedsnr = 125937 has multiple (3) positions, using the first one!
utility_to_osm - WARNING - ssr:stedsnr = 125939: No priority spelling found for lang = no, using alt_name to get "[('no', 'Helleåe')]"
utility_to_osm - WARNING - ssr:stedsnr = 125939 has multiple (4) positions, using the first one!
utility_to_osm - WARNING - ssr:stedsnr = 126329: No priority spelling found for lang = no, using alt_name to get "[('no', 'Østre Ingebjørgtjønn')]"
utility_to_osm - WARNING - ssr:stedsnr = 126425: No priority spelling found for lang = no, using alt_name to get "[('no', 'Langåsen')]"
utility_to_osm - WARNING - ssr:stedsnr = 126425 has multiple (2) positions, using the first one!
utility_to_osm - WARNING - ssr:stedsnr = 126719: No priority spelling found for lang = no, using alt_name to get "[('no', 'Letjønnbekken')]"
utility_to_osm - WARNING - ssr:stedsnr = 126719 has multiple (3) positions, using the first one!
utility_to_osm - WARNING - ssr:stedsnr = 149630: No priority spelling found for lang = no, using alt_name to get "[('no', 'Dagfisket')]"
utility_to_osm - WARNING - ssr:stedsnr = 149827: No priority spelling found for lang = no, using alt_name to get "[('no', 'Bjørnelinatten')]"
utility_to_osm - WARNING - ssr:stedsnr = 150275: No priority spelling found for lang = no, using alt_name to get "[('no', 'Trollhovdåsen')]"
utility_to_osm - WARNING - ssr:stedsnr = 150639: No priority spelling found for lang = no, using alt_name to get "[('no', 'Haukjem heimsetre')]"
utility_to_osm - WARNING - ssr:stedsnr = 150640: No priority spelling found for lang = no, using alt_name to get "[('no', 'Kittilslandsetre')]"
utility_to_osm - WARNING - ssr:stedsnr = 150550 has multiple (2) positions, using the first one!
utility_to_osm - WARNING - ssr:stedsnr = 150728: No priority spelling found for lang = no, using alt_name to get "[('no', 'Køse')]"
utility_to_osm - WARNING - ssr:stedsnr = 150734: No priority spelling found for lang = no, using alt_name to get "[('no', 'Kvernhusroe')]"
utility_to_osm - WARNING - ssr:stedsnr = 150752: No priority spelling found for lang = no, using alt_name to get "[('no', 'Gvitåslie')]"
utility_to_osm - WARNING - ssr:stedsnr = 150934 has multiple (2) positions, using the first one!
utility_to_osm - WARNING - ssr:stedsnr = 150940: No priority spelling found for lang = no, using alt_name to get "[('no', 'Bergelienmyre')]"
