utility_to_osm - WARNING - ssr:stedsnr = 47081 has multiple (2) positions, using the first one!
utility_to_osm - WARNING - ssr:stedsnr = 58120 has multiple (2) positions, using the first one!
utility_to_osm - WARNING - ssr:stedsnr = 69096 has multiple (2) positions, using the first one!
utility_to_osm - WARNING - ssr:stedsnr = 251112 has multiple (3) positions, using the first one!
utility_to_osm - WARNING - ssr:stedsnr = 251386 has multiple (4) positions, using the first one!
utility_to_osm - WARNING - ssr:stedsnr = 130131 has multiple (2) positions, using the first one!
utility_to_osm - WARNING - ssr:stedsnr = 190085 has multiple (2) positions, using the first one!
utility_to_osm - WARNING - ssr:stedsnr = 191326 has multiple (3) positions, using the first one!
utility_to_osm - WARNING - ssr:stedsnr = 208287: No priority spelling found for lang = no, using alt_name to get "[('no', 'Mostraumen')]"
utility_to_osm - WARNING - ssr:stedsnr = 269314: No priority spelling found for lang = no, using alt_name to get "[('no', 'Øvre Helland')]"
utility_to_osm - WARNING - ssr:stedsnr = 269307: No priority spelling found for lang = no, using alt_name to get "[('no', 'Farestveit')]"
utility_to_osm - WARNING - ssr:stedsnr = 269308: No priority spelling found for lang = no, using alt_name to get "[('no', 'Farestveit')]"
utility_to_osm - WARNING - ssr:stedsnr = 287733 has multiple (2) positions, using the first one!
utility_to_osm - WARNING - ssr:stedsnr = 309341 has multiple (2) positions, using the first one!
utility_to_osm - WARNING - ssr:stedsnr = 312017 has multiple (3) positions, using the first one!
utility_to_osm - WARNING - ssr:stedsnr = 312110 has multiple (4) positions, using the first one!
utility_to_osm - ERROR - ssr:stedsnr = 469335. No positions found, skipping
utility_to_osm - ERROR - ssr:stedsnr = 347759. No positions found, skipping
utility_to_osm - WARNING - ssr:stedsnr = 373112 has multiple (2) positions, using the first one!
utility_to_osm - WARNING - ssr:stedsnr = 390292: No priority spelling found for lang = no, using alt_name to get "[('no', 'Farestveit')]"
utility_to_osm - WARNING - ssr:stedsnr = 431321 has multiple (2) positions, using the first one!
utility_to_osm - WARNING - ssr:stedsnr = 434331 has multiple (4) positions, using the first one!
utility_to_osm - WARNING - ssr:stedsnr = 494149 has multiple (2) positions, using the first one!
utility_to_osm - WARNING - ssr:stedsnr = 451315: No priority spelling found for lang = no, using alt_name to get "[('no', 'Mostraumen')]"
utility_to_osm - WARNING - ssr:stedsnr = 675471 has multiple (2) positions, using the first one!
utility_to_osm - WARNING - ssr:stedsnr = 675442 has multiple (2) positions, using the first one!
utility_to_osm - WARNING - ssr:stedsnr = 469561 has multiple (2) positions, using the first one!
utility_to_osm - WARNING - ssr:stedsnr = 676156 has multiple (2) positions, using the first one!
utility_to_osm - WARNING - ssr:stedsnr = 494120 has multiple (2) positions, using the first one!
utility_to_osm - WARNING - ssr:stedsnr = 554117 has multiple (2) positions, using the first one!
utility_to_osm - WARNING - ssr:stedsnr = 554128: No priority spelling found for lang = no, using alt_name to get "[('no', 'Farestveit')]"
utility_to_osm - WARNING - ssr:stedsnr = 554506 has multiple (2) positions, using the first one!
utility_to_osm - WARNING - ssr:stedsnr = 572318: No priority spelling found for lang = no, using alt_name to get "[('no', 'Øvre Helland')]"
utility_to_osm - ERROR - ssr:stedsnr = 578041. No positions found, skipping
utility_to_osm - WARNING - ssr:stedsnr = 615123 has multiple (2) positions, using the first one!
utility_to_osm - WARNING - ssr:stedsnr = 676154 has multiple (2) positions, using the first one!
utility_to_osm - WARNING - ssr:stedsnr = 894157 has multiple (2) positions, using the first one!
utility_to_osm - WARNING - ssr:stedsnr = 691230 has multiple (2) positions, using the first one!
utility_to_osm - WARNING - ssr:stedsnr = 894654 has multiple (2) positions, using the first one!
utility_to_osm - ERROR - ssr:stedsnr = 734482: Adding multiple names to name tag, this is not OK! name = "Mosurbukta;Mosurvika"
utility_to_osm - ERROR - ssr:stedsnr = 736817: Adding multiple names to name tag, this is not OK! name = "Gjøttefjellet;Høgafjellet"
utility_to_osm - WARNING - ssr:stedsnr = 736817 has multiple (2) positions, using the first one!
utility_to_osm - WARNING - ssr:stedsnr = 737064 has multiple (3) positions, using the first one!
utility_to_osm - WARNING - ssr:stedsnr = 737073 has multiple (4) positions, using the first one!
utility_to_osm - WARNING - ssr:stedsnr = 737121 has multiple (3) positions, using the first one!
utility_to_osm - WARNING - ssr:stedsnr = 737165 has multiple (2) positions, using the first one!
utility_to_osm - WARNING - ssr:stedsnr = 797002 has multiple (3) positions, using the first one!
utility_to_osm - WARNING - ssr:stedsnr = 797458 has multiple (2) positions, using the first one!
utility_to_osm - WARNING - ssr:stedsnr = 858026 has multiple (2) positions, using the first one!
utility_to_osm - WARNING - ssr:stedsnr = 858094 has multiple (2) positions, using the first one!
utility_to_osm - WARNING - ssr:stedsnr = 858425 has multiple (2) positions, using the first one!
utility_to_osm - WARNING - ssr:stedsnr = 919059 has multiple (2) positions, using the first one!
utility_to_osm - WARNING - ssr:stedsnr = 8065 has multiple (2) positions, using the first one!
utility_to_osm - WARNING - ssr:stedsnr = 9155 has multiple (2) positions, using the first one!
utility_to_osm - WARNING - ssr:stedsnr = 9014 has multiple (2) positions, using the first one!
utility_to_osm - WARNING - ssr:stedsnr = 9034 has multiple (2) positions, using the first one!
utility_to_osm - WARNING - ssr:stedsnr = 9128 has multiple (2) positions, using the first one!
utility_to_osm - WARNING - ssr:stedsnr = 130050 has multiple (3) positions, using the first one!
utility_to_osm - WARNING - ssr:stedsnr = 130142 has multiple (2) positions, using the first one!
utility_to_osm - WARNING - ssr:stedsnr = 190402 has multiple (2) positions, using the first one!
utility_to_osm - ERROR - ssr:stedsnr = 190833: Adding multiple names to name tag, this is not OK! name = "Langavatnet;Smalavatnet"
utility_to_osm - WARNING - ssr:stedsnr = 190833 has multiple (3) positions, using the first one!
utility_to_osm - WARNING - ssr:stedsnr = 190836 has multiple (3) positions, using the first one!
utility_to_osm - WARNING - ssr:stedsnr = 191023 has multiple (2) positions, using the first one!
utility_to_osm - WARNING - ssr:stedsnr = 191026 has multiple (2) positions, using the first one!
utility_to_osm - WARNING - ssr:stedsnr = 191140 has multiple (2) positions, using the first one!
utility_to_osm - ERROR - ssr:stedsnr = 226479. No positions found, skipping
utility_to_osm - WARNING - ssr:stedsnr = 287167 has multiple (2) positions, using the first one!
utility_to_osm - WARNING - ssr:stedsnr = 287654 has multiple (2) positions, using the first one!
utility_to_osm - WARNING - ssr:stedsnr = 309326 has multiple (2) positions, using the first one!
utility_to_osm - WARNING - ssr:stedsnr = 312139 has multiple (2) positions, using the first one!
utility_to_osm - WARNING - ssr:stedsnr = 312494 has multiple (2) positions, using the first one!
utility_to_osm - WARNING - ssr:stedsnr = 312156 has multiple (2) positions, using the first one!
utility_to_osm - WARNING - ssr:stedsnr = 312160 has multiple (2) positions, using the first one!
utility_to_osm - WARNING - ssr:stedsnr = 312348 has multiple (2) positions, using the first one!
utility_to_osm - WARNING - ssr:stedsnr = 312349 has multiple (2) positions, using the first one!
utility_to_osm - WARNING - ssr:stedsnr = 330315: No priority spelling found for lang = no, using alt_name to get "[('no', 'Farestveit')]"
utility_to_osm - WARNING - ssr:stedsnr = 371429 has multiple (2) positions, using the first one!
utility_to_osm - WARNING - ssr:stedsnr = 433047 has multiple (2) positions, using the first one!
utility_to_osm - WARNING - ssr:stedsnr = 433084 has multiple (2) positions, using the first one!
utility_to_osm - WARNING - ssr:stedsnr = 433091 has multiple (2) positions, using the first one!
utility_to_osm - WARNING - ssr:stedsnr = 434112 has multiple (2) positions, using the first one!
utility_to_osm - WARNING - ssr:stedsnr = 434166 has multiple (2) positions, using the first one!
utility_to_osm - WARNING - ssr:stedsnr = 512299: No priority spelling found for lang = no, using alt_name to get "[('no', 'Farestveit')]"
utility_to_osm - WARNING - ssr:stedsnr = 529557 has multiple (2) positions, using the first one!
utility_to_osm - WARNING - ssr:stedsnr = 603097 has multiple (2) positions, using the first one!
utility_to_osm - WARNING - ssr:stedsnr = 615063 has multiple (3) positions, using the first one!
utility_to_osm - WARNING - ssr:stedsnr = 615148 has multiple (2) positions, using the first one!
utility_to_osm - WARNING - ssr:stedsnr = 632320: No priority spelling found for lang = no, using alt_name to get "[('no', 'Øvre Helland')]"
utility_to_osm - WARNING - ssr:stedsnr = 736129 has multiple (3) positions, using the first one!
utility_to_osm - WARNING - ssr:stedsnr = 737016 has multiple (2) positions, using the first one!
utility_to_osm - WARNING - ssr:stedsnr = 737150 has multiple (2) positions, using the first one!
utility_to_osm - WARNING - ssr:stedsnr = 754342: No priority spelling found for lang = no, using alt_name to get "[('no', 'Øvre Helland')]"
utility_to_osm - WARNING - ssr:stedsnr = 754346: No priority spelling found for lang = no, using alt_name to get "[('no', 'Farestveit')]"
utility_to_osm - WARNING - ssr:stedsnr = 772571 has multiple (2) positions, using the first one!
utility_to_osm - WARNING - ssr:stedsnr = 797044 has multiple (2) positions, using the first one!
utility_to_osm - WARNING - ssr:stedsnr = 797084 has multiple (2) positions, using the first one!
utility_to_osm - WARNING - ssr:stedsnr = 797489 has multiple (2) positions, using the first one!
utility_to_osm - WARNING - ssr:stedsnr = 798132 has multiple (2) positions, using the first one!
utility_to_osm - WARNING - ssr:stedsnr = 815286: No priority spelling found for lang = no, using alt_name to get "[('no', 'Farestveit')]"
utility_to_osm - WARNING - ssr:stedsnr = 844535 has multiple (2) positions, using the first one!
utility_to_osm - WARNING - ssr:stedsnr = 858142 has multiple (4) positions, using the first one!
utility_to_osm - WARNING - ssr:stedsnr = 858169 has multiple (3) positions, using the first one!
utility_to_osm - ERROR - ssr:stedsnr = 858502: Adding multiple names to name tag, this is not OK! name = "Nestjørna;Lomatjørna"
utility_to_osm - WARNING - ssr:stedsnr = 1039536: No priority spelling found for lang = no, using alt_name to get "[('no', 'Modalsvegen')]"
utility_to_osm - ERROR - ssr:stedsnr = 1039536. No positions found, skipping
utility_to_osm - WARNING - ssr:stedsnr = 1039541: No priority spelling found for lang = no, using alt_name to get "[('no', 'Kleivane')]"
utility_to_osm - ERROR - ssr:stedsnr = 1039541. No positions found, skipping
utility_to_osm - WARNING - ssr:stedsnr = 1039543: No priority spelling found for lang = no, using alt_name to get "[('no', 'Mo')]"
utility_to_osm - ERROR - ssr:stedsnr = 1039543. No positions found, skipping
utility_to_osm - WARNING - ssr:stedsnr = 1039545: No priority spelling found for lang = no, using alt_name to get "[('no', 'Mostraumen')]"
utility_to_osm - WARNING - ssr:stedsnr = 1039547: No priority spelling found for lang = no, using alt_name to get "[('no', 'Langedalen')]"
utility_to_osm - ERROR - ssr:stedsnr = 1039547. No positions found, skipping
utility_to_osm - WARNING - ssr:stedsnr = 1039562: No priority spelling found for lang = no, using alt_name to get "[('no', 'Skjerjavegen')]"
utility_to_osm - ERROR - ssr:stedsnr = 1039562. No positions found, skipping
utility_to_osm - WARNING - ssr:stedsnr = 1039565: No priority spelling found for lang = no, using alt_name to get "[('no', 'Modalen')]"
utility_to_osm - ERROR - ssr:stedsnr = 1039565. No positions found, skipping
utility_to_osm - WARNING - ssr:stedsnr = 1039568: No priority spelling found for lang = no, using alt_name to get "[('no', 'Nedre Helland')]"
utility_to_osm - ERROR - ssr:stedsnr = 1039568. No positions found, skipping
utility_to_osm - WARNING - ssr:stedsnr = 1039570: No priority spelling found for lang = no, using alt_name to get "[('no', 'Kvanndalen')]"
utility_to_osm - ERROR - ssr:stedsnr = 1039570. No positions found, skipping
utility_to_osm - WARNING - ssr:stedsnr = 1039571: No priority spelling found for lang = no, using alt_name to get "[('no', 'Åsebotn')]"
utility_to_osm - ERROR - ssr:stedsnr = 1039571. No positions found, skipping
utility_to_osm - WARNING - ssr:stedsnr = 1039573: No priority spelling found for lang = no, using alt_name to get "[('no', 'Balane')]"
utility_to_osm - ERROR - ssr:stedsnr = 1039573. No positions found, skipping
utility_to_osm - WARNING - ssr:stedsnr = 1039574: No priority spelling found for lang = no, using alt_name to get "[('no', 'Nygardsvegen')]"
utility_to_osm - ERROR - ssr:stedsnr = 1039574. No positions found, skipping
utility_to_osm - WARNING - ssr:stedsnr = 1074408: No priority spelling found for lang = no, using alt_name to get "[('no', 'Vestland fylke')]"
