utility_to_osm - ERROR - ERROR, no ending in ssr2_to_osm_data/data/4228/4228-ssr.xml? Trying to re-download "/app:Skrivemåte>
          </app:skrivemåte>
        </app:Stedsnavn>
      </app:stedsnavn>
    </app:Sted>
  </wfs:member"
utility_to_osm - WARNING - ssr:stedsnr = 151 has multiple (3) positions, using the first one!
utility_to_osm - WARNING - ssr:stedsnr = 170 has multiple (3) positions, using the first one!
utility_to_osm - WARNING - ssr:stedsnr = 559 has multiple (2) positions, using the first one!
utility_to_osm - WARNING - ssr:stedsnr = 601 has multiple (2) positions, using the first one!
utility_to_osm - WARNING - ssr:stedsnr = 662 has multiple (2) positions, using the first one!
utility_to_osm - WARNING - ssr:stedsnr = 597 has multiple (2) positions, using the first one!
utility_to_osm - WARNING - ssr:stedsnr = 712 has multiple (2) positions, using the first one!
utility_to_osm - WARNING - ssr:stedsnr = 791 has multiple (2) positions, using the first one!
utility_to_osm - WARNING - ssr:stedsnr = 917 has multiple (3) positions, using the first one!
utility_to_osm - WARNING - ssr:stedsnr = 920 has multiple (3) positions, using the first one!
utility_to_osm - WARNING - ssr:stedsnr = 1001 has multiple (2) positions, using the first one!
utility_to_osm - WARNING - ssr:stedsnr = 1008 has multiple (2) positions, using the first one!
utility_to_osm - WARNING - ssr:stedsnr = 1044 has multiple (4) positions, using the first one!
utility_to_osm - WARNING - ssr:stedsnr = 1050 has multiple (4) positions, using the first one!
utility_to_osm - WARNING - ssr:stedsnr = 1202 has multiple (2) positions, using the first one!
utility_to_osm - WARNING - ssr:stedsnr = 1219 has multiple (5) positions, using the first one!
utility_to_osm - WARNING - ssr:stedsnr = 1514 has multiple (3) positions, using the first one!
utility_to_osm - WARNING - ssr:stedsnr = 1779 has multiple (3) positions, using the first one!
utility_to_osm - WARNING - ssr:stedsnr = 1782 has multiple (3) positions, using the first one!
utility_to_osm - WARNING - ssr:stedsnr = 1785 has multiple (3) positions, using the first one!
utility_to_osm - WARNING - ssr:stedsnr = 1787 has multiple (3) positions, using the first one!
utility_to_osm - WARNING - ssr:stedsnr = 1931 has multiple (4) positions, using the first one!
utility_to_osm - WARNING - ssr:stedsnr = 1938 has multiple (3) positions, using the first one!
utility_to_osm - WARNING - ssr:stedsnr = 1980 has multiple (4) positions, using the first one!
utility_to_osm - WARNING - ssr:stedsnr = 1808 has multiple (8) positions, using the first one!
utility_to_osm - WARNING - ssr:stedsnr = 1835 has multiple (3) positions, using the first one!
utility_to_osm - WARNING - ssr:stedsnr = 1883 has multiple (3) positions, using the first one!
utility_to_osm - WARNING - ssr:stedsnr = 1889 has multiple (3) positions, using the first one!
utility_to_osm - WARNING - ssr:stedsnr = 1890 has multiple (3) positions, using the first one!
utility_to_osm - WARNING - ssr:stedsnr = 1895 has multiple (4) positions, using the first one!
utility_to_osm - WARNING - ssr:stedsnr = 2902 has multiple (3) positions, using the first one!
utility_to_osm - WARNING - ssr:stedsnr = 2903 has multiple (3) positions, using the first one!
utility_to_osm - WARNING - ssr:stedsnr = 2983 has multiple (3) positions, using the first one!
utility_to_osm - WARNING - ssr:stedsnr = 24288 has multiple (4) positions, using the first one!
utility_to_osm - WARNING - ssr:stedsnr = 43504 has multiple (2) positions, using the first one!
utility_to_osm - WARNING - ssr:stedsnr = 43588: No priority spelling found for lang = no, using alt_name to get "[('no', 'Smølelie')]"
utility_to_osm - WARNING - ssr:stedsnr = 43602: No priority spelling found for lang = no, using alt_name to get "[('no', 'Rauda råse')]"
utility_to_osm - WARNING - ssr:stedsnr = 43607: No priority spelling found for lang = no, using alt_name to get "[('no', 'Rubetødnane')]"
utility_to_osm - WARNING - ssr:stedsnr = 44113 has multiple (2) positions, using the first one!
utility_to_osm - WARNING - ssr:stedsnr = 44441: No priority spelling found for lang = no, using alt_name to get "[('no', 'Nedre Stakkshom')]"
utility_to_osm - WARNING - ssr:stedsnr = 44445: No priority spelling found for lang = no, using alt_name to get "[('no', 'Øvre Stakkshom')]"
utility_to_osm - WARNING - ssr:stedsnr = 44447: No priority spelling found for lang = no, using alt_name to get "[('no', 'Stakkshomheie')]"
utility_to_osm - WARNING - ssr:stedsnr = 44640 has multiple (2) positions, using the first one!
utility_to_osm - ERROR - invalid name_status = "avslått navnevalg"
utility_to_osm - ERROR - invalid name_status = "avslått navnevalg"
utility_to_osm - ERROR - invalid name_status = "avslått navnevalg"
utility_to_osm - WARNING - ssr:stedsnr = 44773: No priority spelling found for lang = no, using alt_name to get "[('no', 'Skreåheie')]"
utility_to_osm - WARNING - ssr:stedsnr = 60517 has multiple (2) positions, using the first one!
utility_to_osm - WARNING - ssr:stedsnr = 61009 has multiple (3) positions, using the first one!
utility_to_osm - WARNING - ssr:stedsnr = 61012 has multiple (3) positions, using the first one!
utility_to_osm - WARNING - ssr:stedsnr = 61013 has multiple (3) positions, using the first one!
utility_to_osm - WARNING - ssr:stedsnr = 61083 has multiple (3) positions, using the first one!
utility_to_osm - WARNING - ssr:stedsnr = 61086: No priority spelling found for lang = no, using alt_name to get "[('no', 'Ousdalsvatn')]"
utility_to_osm - WARNING - ssr:stedsnr = 61086 has multiple (6) positions, using the first one!
utility_to_osm - WARNING - ssr:stedsnr = 61090 has multiple (3) positions, using the first one!
utility_to_osm - WARNING - ssr:stedsnr = 61094 has multiple (2) positions, using the first one!
utility_to_osm - WARNING - ssr:stedsnr = 61095 has multiple (3) positions, using the first one!
utility_to_osm - WARNING - ssr:stedsnr = 61100 has multiple (3) positions, using the first one!
utility_to_osm - WARNING - ssr:stedsnr = 61103 has multiple (3) positions, using the first one!
utility_to_osm - WARNING - ssr:stedsnr = 61133 has multiple (3) positions, using the first one!
utility_to_osm - WARNING - ssr:stedsnr = 61602 has multiple (2) positions, using the first one!
utility_to_osm - WARNING - ssr:stedsnr = 61577 has multiple (2) positions, using the first one!
utility_to_osm - WARNING - ssr:stedsnr = 61703 has multiple (2) positions, using the first one!
utility_to_osm - WARNING - ssr:stedsnr = 61704 has multiple (2) positions, using the first one!
utility_to_osm - WARNING - ssr:stedsnr = 61795 has multiple (3) positions, using the first one!
utility_to_osm - WARNING - ssr:stedsnr = 61917 has multiple (4) positions, using the first one!
utility_to_osm - WARNING - ssr:stedsnr = 61920 has multiple (3) positions, using the first one!
utility_to_osm - WARNING - ssr:stedsnr = 61971 has multiple (2) positions, using the first one!
utility_to_osm - WARNING - ssr:stedsnr = 61974 has multiple (3) positions, using the first one!
utility_to_osm - WARNING - ssr:stedsnr = 61802 has multiple (6) positions, using the first one!
utility_to_osm - WARNING - ssr:stedsnr = 61827 has multiple (3) positions, using the first one!
utility_to_osm - WARNING - ssr:stedsnr = 62180 has multiple (3) positions, using the first one!
utility_to_osm - WARNING - ssr:stedsnr = 62507 has multiple (2) positions, using the first one!
utility_to_osm - WARNING - ssr:stedsnr = 62512: No priority spelling found for lang = no, using alt_name to get "[('no', 'Indre Rosstølstjørna')]"
utility_to_osm - WARNING - ssr:stedsnr = 62512 has multiple (3) positions, using the first one!
utility_to_osm - WARNING - ssr:stedsnr = 62803 has multiple (4) positions, using the first one!
utility_to_osm - WARNING - ssr:stedsnr = 62866 has multiple (3) positions, using the first one!
utility_to_osm - WARNING - ssr:stedsnr = 62887 has multiple (2) positions, using the first one!
utility_to_osm - WARNING - ssr:stedsnr = 62911 has multiple (3) positions, using the first one!
utility_to_osm - WARNING - ssr:stedsnr = 62917 has multiple (4) positions, using the first one!
utility_to_osm - WARNING - ssr:stedsnr = 62923 has multiple (3) positions, using the first one!
utility_to_osm - WARNING - ssr:stedsnr = 62971 has multiple (3) positions, using the first one!
utility_to_osm - WARNING - ssr:stedsnr = 62987 has multiple (2) positions, using the first one!
utility_to_osm - WARNING - ssr:stedsnr = 63168 has multiple (2) positions, using the first one!
utility_to_osm - WARNING - ssr:stedsnr = 63181 has multiple (3) positions, using the first one!
utility_to_osm - WARNING - ssr:stedsnr = 242556 has multiple (3) positions, using the first one!
utility_to_osm - WARNING - ssr:stedsnr = 242591 has multiple (4) positions, using the first one!
utility_to_osm - WARNING - ssr:stedsnr = 243040 has multiple (3) positions, using the first one!
utility_to_osm - WARNING - ssr:stedsnr = 243042 has multiple (3) positions, using the first one!
utility_to_osm - WARNING - ssr:stedsnr = 243043 has multiple (3) positions, using the first one!
utility_to_osm - WARNING - ssr:stedsnr = 243053 has multiple (4) positions, using the first one!
utility_to_osm - WARNING - ssr:stedsnr = 243158 has multiple (3) positions, using the first one!
utility_to_osm - WARNING - ssr:stedsnr = 243163 has multiple (3) positions, using the first one!
utility_to_osm - WARNING - ssr:stedsnr = 243061 has multiple (3) positions, using the first one!
utility_to_osm - WARNING - ssr:stedsnr = 243064 has multiple (3) positions, using the first one!
utility_to_osm - WARNING - ssr:stedsnr = 243068 has multiple (3) positions, using the first one!
utility_to_osm - WARNING - ssr:stedsnr = 243087 has multiple (4) positions, using the first one!
utility_to_osm - WARNING - ssr:stedsnr = 243100: No priority spelling found for lang = no, using alt_name to get "[('no', 'Ousdal')]"
utility_to_osm - WARNING - ssr:stedsnr = 243102 has multiple (3) positions, using the first one!
utility_to_osm - WARNING - ssr:stedsnr = 243113 has multiple (3) positions, using the first one!
utility_to_osm - WARNING - ssr:stedsnr = 243116 has multiple (2) positions, using the first one!
utility_to_osm - WARNING - ssr:stedsnr = 243129 has multiple (2) positions, using the first one!
utility_to_osm - WARNING - ssr:stedsnr = 243199 has multiple (5) positions, using the first one!
utility_to_osm - WARNING - ssr:stedsnr = 243346 has multiple (3) positions, using the first one!
utility_to_osm - WARNING - ssr:stedsnr = 243531 has multiple (3) positions, using the first one!
utility_to_osm - WARNING - ssr:stedsnr = 243628 has multiple (2) positions, using the first one!
utility_to_osm - WARNING - ssr:stedsnr = 243629 has multiple (2) positions, using the first one!
utility_to_osm - WARNING - ssr:stedsnr = 243693 has multiple (2) positions, using the first one!
utility_to_osm - WARNING - ssr:stedsnr = 243761 has multiple (3) positions, using the first one!
utility_to_osm - WARNING - ssr:stedsnr = 243729 has multiple (2) positions, using the first one!
utility_to_osm - WARNING - ssr:stedsnr = 243796 has multiple (3) positions, using the first one!
utility_to_osm - WARNING - ssr:stedsnr = 243800 has multiple (3) positions, using the first one!
utility_to_osm - WARNING - ssr:stedsnr = 243822 has multiple (2) positions, using the first one!
utility_to_osm - WARNING - ssr:stedsnr = 243944 has multiple (4) positions, using the first one!
utility_to_osm - WARNING - ssr:stedsnr = 243952 has multiple (3) positions, using the first one!
utility_to_osm - WARNING - ssr:stedsnr = 243909 has multiple (3) positions, using the first one!
utility_to_osm - WARNING - ssr:stedsnr = 243916 has multiple (2) positions, using the first one!
utility_to_osm - WARNING - ssr:stedsnr = 244015 has multiple (3) positions, using the first one!
utility_to_osm - WARNING - ssr:stedsnr = 244017 has multiple (6) positions, using the first one!
utility_to_osm - WARNING - ssr:stedsnr = 244799 has multiple (2) positions, using the first one!
utility_to_osm - WARNING - ssr:stedsnr = 244820 has multiple (3) positions, using the first one!
utility_to_osm - WARNING - ssr:stedsnr = 244822 has multiple (3) positions, using the first one!
utility_to_osm - WARNING - ssr:stedsnr = 244909 has multiple (4) positions, using the first one!
utility_to_osm - WARNING - ssr:stedsnr = 244543 has multiple (5) positions, using the first one!
utility_to_osm - WARNING - ssr:stedsnr = 244548 has multiple (3) positions, using the first one!
utility_to_osm - WARNING - ssr:stedsnr = 244570 has multiple (5) positions, using the first one!
utility_to_osm - WARNING - ssr:stedsnr = 244772 has multiple (5) positions, using the first one!
utility_to_osm - WARNING - ssr:stedsnr = 244829 has multiple (3) positions, using the first one!
utility_to_osm - WARNING - ssr:stedsnr = 244871 has multiple (3) positions, using the first one!
utility_to_osm - WARNING - ssr:stedsnr = 244912 has multiple (3) positions, using the first one!
utility_to_osm - WARNING - ssr:stedsnr = 244913 has multiple (3) positions, using the first one!
utility_to_osm - WARNING - ssr:stedsnr = 244936 has multiple (5) positions, using the first one!
utility_to_osm - WARNING - ssr:stedsnr = 244940 has multiple (3) positions, using the first one!
utility_to_osm - WARNING - ssr:stedsnr = 244945 has multiple (3) positions, using the first one!
utility_to_osm - WARNING - ssr:stedsnr = 244969 has multiple (3) positions, using the first one!
utility_to_osm - WARNING - ssr:stedsnr = 99062 has multiple (2) positions, using the first one!
utility_to_osm - WARNING - ssr:stedsnr = 99066 has multiple (2) positions, using the first one!
utility_to_osm - WARNING - ssr:stedsnr = 104530: No priority spelling found for lang = no, using alt_name to get "[('no', 'Tykke lie')]"
utility_to_osm - WARNING - ssr:stedsnr = 104604 has multiple (2) positions, using the first one!
utility_to_osm - WARNING - ssr:stedsnr = 104688: No priority spelling found for lang = no, using alt_name to get "[('no', 'Foreklatten')]"
utility_to_osm - WARNING - ssr:stedsnr = 105575: No priority spelling found for lang = no, using alt_name to get "[('no', 'Heimre Vedahom')]"
utility_to_osm - WARNING - ssr:stedsnr = 120117 has multiple (7) positions, using the first one!
utility_to_osm - WARNING - ssr:stedsnr = 121168 has multiple (3) positions, using the first one!
utility_to_osm - WARNING - ssr:stedsnr = 121169 has multiple (4) positions, using the first one!
utility_to_osm - WARNING - ssr:stedsnr = 121181 has multiple (3) positions, using the first one!
utility_to_osm - WARNING - ssr:stedsnr = 121575 has multiple (7) positions, using the first one!
utility_to_osm - WARNING - ssr:stedsnr = 121713 has multiple (2) positions, using the first one!
utility_to_osm - WARNING - ssr:stedsnr = 121719 has multiple (2) positions, using the first one!
utility_to_osm - WARNING - ssr:stedsnr = 121602 has multiple (3) positions, using the first one!
utility_to_osm - WARNING - ssr:stedsnr = 121611 has multiple (3) positions, using the first one!
utility_to_osm - WARNING - ssr:stedsnr = 121623 has multiple (2) positions, using the first one!
utility_to_osm - WARNING - ssr:stedsnr = 121681 has multiple (2) positions, using the first one!
utility_to_osm - WARNING - ssr:stedsnr = 121805 has multiple (3) positions, using the first one!
utility_to_osm - WARNING - ssr:stedsnr = 121827 has multiple (2) positions, using the first one!
utility_to_osm - WARNING - ssr:stedsnr = 121925 has multiple (3) positions, using the first one!
utility_to_osm - WARNING - ssr:stedsnr = 121926 has multiple (3) positions, using the first one!
utility_to_osm - WARNING - ssr:stedsnr = 121927 has multiple (3) positions, using the first one!
utility_to_osm - WARNING - ssr:stedsnr = 122113 has multiple (2) positions, using the first one!
utility_to_osm - WARNING - ssr:stedsnr = 122004 has multiple (2) positions, using the first one!
utility_to_osm - WARNING - ssr:stedsnr = 122007 has multiple (4) positions, using the first one!
utility_to_osm - WARNING - ssr:stedsnr = 122014 has multiple (4) positions, using the first one!
utility_to_osm - WARNING - ssr:stedsnr = 122069 has multiple (2) positions, using the first one!
utility_to_osm - WARNING - ssr:stedsnr = 122085 has multiple (2) positions, using the first one!
utility_to_osm - WARNING - ssr:stedsnr = 122090 has multiple (4) positions, using the first one!
utility_to_osm - WARNING - ssr:stedsnr = 123154 has multiple (4) positions, using the first one!
utility_to_osm - WARNING - ssr:stedsnr = 123166 has multiple (3) positions, using the first one!
utility_to_osm - WARNING - ssr:stedsnr = 123173 has multiple (3) positions, using the first one!
utility_to_osm - WARNING - ssr:stedsnr = 123905 has multiple (3) positions, using the first one!
utility_to_osm - WARNING - ssr:stedsnr = 123915 has multiple (3) positions, using the first one!
utility_to_osm - WARNING - ssr:stedsnr = 123921 has multiple (4) positions, using the first one!
utility_to_osm - WARNING - ssr:stedsnr = 182113 has multiple (3) positions, using the first one!
utility_to_osm - WARNING - ssr:stedsnr = 182530 has multiple (2) positions, using the first one!
utility_to_osm - WARNING - ssr:stedsnr = 182566 has multiple (3) positions, using the first one!
utility_to_osm - WARNING - ssr:stedsnr = 182703 has multiple (2) positions, using the first one!
utility_to_osm - WARNING - ssr:stedsnr = 182604 has multiple (2) positions, using the first one!
utility_to_osm - WARNING - ssr:stedsnr = 182825 has multiple (3) positions, using the first one!
utility_to_osm - WARNING - ssr:stedsnr = 182915 has multiple (3) positions, using the first one!
utility_to_osm - WARNING - ssr:stedsnr = 183005 has multiple (3) positions, using the first one!
utility_to_osm - WARNING - ssr:stedsnr = 183100 has multiple (3) positions, using the first one!
utility_to_osm - WARNING - ssr:stedsnr = 183047: No priority spelling found for lang = no, using alt_name to get "[('no', 'Sandvatn')]"
utility_to_osm - WARNING - ssr:stedsnr = 183203 has multiple (2) positions, using the first one!
utility_to_osm - WARNING - ssr:stedsnr = 183104 has multiple (4) positions, using the first one!
utility_to_osm - WARNING - ssr:stedsnr = 183194 has multiple (4) positions, using the first one!
utility_to_osm - WARNING - ssr:stedsnr = 183459 has multiple (2) positions, using the first one!
utility_to_osm - WARNING - ssr:stedsnr = 183460 has multiple (4) positions, using the first one!
utility_to_osm - WARNING - ssr:stedsnr = 183498 has multiple (3) positions, using the first one!
utility_to_osm - WARNING - ssr:stedsnr = 183515 has multiple (2) positions, using the first one!
utility_to_osm - WARNING - ssr:stedsnr = 183804 has multiple (3) positions, using the first one!
utility_to_osm - WARNING - ssr:stedsnr = 183805 has multiple (3) positions, using the first one!
utility_to_osm - WARNING - ssr:stedsnr = 183814 has multiple (3) positions, using the first one!
utility_to_osm - WARNING - ssr:stedsnr = 183815 has multiple (3) positions, using the first one!
utility_to_osm - WARNING - ssr:stedsnr = 183818 has multiple (4) positions, using the first one!
utility_to_osm - WARNING - ssr:stedsnr = 184803 has multiple (3) positions, using the first one!
utility_to_osm - WARNING - ssr:stedsnr = 184806 has multiple (3) positions, using the first one!
utility_to_osm - WARNING - ssr:stedsnr = 184847 has multiple (3) positions, using the first one!
utility_to_osm - WARNING - ssr:stedsnr = 184890 has multiple (2) positions, using the first one!
utility_to_osm - WARNING - ssr:stedsnr = 184895 has multiple (3) positions, using the first one!
utility_to_osm - WARNING - ssr:stedsnr = 225722 has multiple (2) positions, using the first one!
utility_to_osm - WARNING - ssr:stedsnr = 225944 has multiple (2) positions, using the first one!
utility_to_osm - WARNING - ssr:stedsnr = 226293 has multiple (2) positions, using the first one!
utility_to_osm - WARNING - ssr:stedsnr = 226590 has multiple (2) positions, using the first one!
utility_to_osm - WARNING - ssr:stedsnr = 226785 has multiple (2) positions, using the first one!
utility_to_osm - WARNING - ssr:stedsnr = 242501 has multiple (2) positions, using the first one!
utility_to_osm - WARNING - ssr:stedsnr = 243639 has multiple (2) positions, using the first one!
utility_to_osm - WARNING - ssr:stedsnr = 243702 has multiple (2) positions, using the first one!
utility_to_osm - WARNING - ssr:stedsnr = 243709 has multiple (2) positions, using the first one!
utility_to_osm - WARNING - ssr:stedsnr = 243802 has multiple (3) positions, using the first one!
utility_to_osm - WARNING - ssr:stedsnr = 243803 has multiple (3) positions, using the first one!
utility_to_osm - WARNING - ssr:stedsnr = 243898 has multiple (3) positions, using the first one!
utility_to_osm - WARNING - ssr:stedsnr = 244006 has multiple (3) positions, using the first one!
utility_to_osm - WARNING - ssr:stedsnr = 243986 has multiple (3) positions, using the first one!
utility_to_osm - WARNING - ssr:stedsnr = 243989 has multiple (3) positions, using the first one!
utility_to_osm - WARNING - ssr:stedsnr = 243992 has multiple (4) positions, using the first one!
utility_to_osm - WARNING - ssr:stedsnr = 243996 has multiple (4) positions, using the first one!
utility_to_osm - WARNING - ssr:stedsnr = 243998 has multiple (4) positions, using the first one!
utility_to_osm - WARNING - ssr:stedsnr = 243999: No priority spelling found for lang = no, using alt_name to get "[('no', 'Svåeheie')]"
utility_to_osm - WARNING - ssr:stedsnr = 243999 has multiple (4) positions, using the first one!
utility_to_osm - WARNING - ssr:stedsnr = 244206 has multiple (2) positions, using the first one!
utility_to_osm - WARNING - ssr:stedsnr = 244190 has multiple (2) positions, using the first one!
utility_to_osm - WARNING - ssr:stedsnr = 244803 has multiple (3) positions, using the first one!
utility_to_osm - WARNING - ssr:stedsnr = 244807 has multiple (3) positions, using the first one!
utility_to_osm - WARNING - ssr:stedsnr = 244808 has multiple (3) positions, using the first one!
utility_to_osm - WARNING - ssr:stedsnr = 244599 has multiple (2) positions, using the first one!
utility_to_osm - WARNING - ssr:stedsnr = 244777: No priority spelling found for lang = no, using alt_name to get "[('no', 'Vasstjørna')]"
utility_to_osm - WARNING - ssr:stedsnr = 244782 has multiple (2) positions, using the first one!
utility_to_osm - WARNING - ssr:stedsnr = 244882 has multiple (3) positions, using the first one!
utility_to_osm - WARNING - ssr:stedsnr = 244888 has multiple (3) positions, using the first one!
utility_to_osm - WARNING - ssr:stedsnr = 244891 has multiple (4) positions, using the first one!
utility_to_osm - WARNING - ssr:stedsnr = 244897 has multiple (3) positions, using the first one!
utility_to_osm - WARNING - ssr:stedsnr = 244898 has multiple (3) positions, using the first one!
utility_to_osm - WARNING - ssr:stedsnr = 244926 has multiple (3) positions, using the first one!
utility_to_osm - WARNING - ssr:stedsnr = 244980 has multiple (2) positions, using the first one!
utility_to_osm - WARNING - ssr:stedsnr = 244984 has multiple (2) positions, using the first one!
utility_to_osm - WARNING - ssr:stedsnr = 286478 has multiple (2) positions, using the first one!
utility_to_osm - ERROR - ssr:stedsnr = 287611. No positions found, skipping
utility_to_osm - WARNING - ssr:stedsnr = 303603 has multiple (2) positions, using the first one!
utility_to_osm - WARNING - ssr:stedsnr = 303604 has multiple (2) positions, using the first one!
utility_to_osm - WARNING - ssr:stedsnr = 303622 has multiple (3) positions, using the first one!
utility_to_osm - WARNING - ssr:stedsnr = 303545 has multiple (2) positions, using the first one!
utility_to_osm - WARNING - ssr:stedsnr = 303585 has multiple (2) positions, using the first one!
utility_to_osm - WARNING - ssr:stedsnr = 303588 has multiple (2) positions, using the first one!
utility_to_osm - WARNING - ssr:stedsnr = 303832 has multiple (2) positions, using the first one!
utility_to_osm - WARNING - ssr:stedsnr = 304023 has multiple (4) positions, using the first one!
utility_to_osm - WARNING - ssr:stedsnr = 303769 has multiple (3) positions, using the first one!
utility_to_osm - WARNING - ssr:stedsnr = 304077 has multiple (4) positions, using the first one!
utility_to_osm - WARNING - ssr:stedsnr = 304079 has multiple (3) positions, using the first one!
utility_to_osm - WARNING - ssr:stedsnr = 304181 has multiple (3) positions, using the first one!
utility_to_osm - WARNING - ssr:stedsnr = 304504 has multiple (2) positions, using the first one!
utility_to_osm - WARNING - ssr:stedsnr = 304483 has multiple (4) positions, using the first one!
utility_to_osm - WARNING - ssr:stedsnr = 304804 has multiple (4) positions, using the first one!
utility_to_osm - WARNING - ssr:stedsnr = 304808: No priority spelling found for lang = no, using alt_name to get "[('no', 'Smølehadlane')]"
utility_to_osm - WARNING - ssr:stedsnr = 304910 has multiple (3) positions, using the first one!
utility_to_osm - WARNING - ssr:stedsnr = 304922 has multiple (2) positions, using the first one!
utility_to_osm - WARNING - ssr:stedsnr = 304926 has multiple (3) positions, using the first one!
utility_to_osm - WARNING - ssr:stedsnr = 305817 has multiple (2) positions, using the first one!
utility_to_osm - WARNING - ssr:stedsnr = 305760 has multiple (3) positions, using the first one!
utility_to_osm - WARNING - ssr:stedsnr = 305914 has multiple (3) positions, using the first one!
utility_to_osm - WARNING - ssr:stedsnr = 468356: No priority spelling found for lang = no, using alt_name to get "[('no', 'Donsen')]"
utility_to_osm - WARNING - ssr:stedsnr = 468356 has multiple (2) positions, using the first one!
utility_to_osm - WARNING - ssr:stedsnr = 468507 has multiple (2) positions, using the first one!
utility_to_osm - WARNING - ssr:stedsnr = 468534 has multiple (2) positions, using the first one!
utility_to_osm - WARNING - ssr:stedsnr = 468535 has multiple (2) positions, using the first one!
utility_to_osm - WARNING - ssr:stedsnr = 468727: No priority spelling found for lang = no, using alt_name to get "[('no', 'Djupedalsriste')]"
utility_to_osm - WARNING - ssr:stedsnr = 468734 has multiple (2) positions, using the first one!
utility_to_osm - WARNING - ssr:stedsnr = 468847 has multiple (2) positions, using the first one!
utility_to_osm - WARNING - ssr:stedsnr = 468959 has multiple (3) positions, using the first one!
utility_to_osm - WARNING - ssr:stedsnr = 326179: No priority spelling found for lang = no, using alt_name to get "[('no', 'Heiane')]"
utility_to_osm - WARNING - ssr:stedsnr = 326179 has multiple (17) positions, using the first one!
utility_to_osm - WARNING - ssr:stedsnr = 346256 has multiple (2) positions, using the first one!
utility_to_osm - WARNING - ssr:stedsnr = 347306 has multiple (2) positions, using the first one!
utility_to_osm - WARNING - ssr:stedsnr = 364104 has multiple (3) positions, using the first one!
utility_to_osm - WARNING - ssr:stedsnr = 364112 has multiple (3) positions, using the first one!
utility_to_osm - WARNING - ssr:stedsnr = 364177 has multiple (3) positions, using the first one!
utility_to_osm - WARNING - ssr:stedsnr = 364203 has multiple (2) positions, using the first one!
utility_to_osm - WARNING - ssr:stedsnr = 364548 has multiple (3) positions, using the first one!
utility_to_osm - WARNING - ssr:stedsnr = 364552 has multiple (3) positions, using the first one!
utility_to_osm - WARNING - ssr:stedsnr = 364655 has multiple (2) positions, using the first one!
utility_to_osm - WARNING - ssr:stedsnr = 364786 has multiple (3) positions, using the first one!
utility_to_osm - WARNING - ssr:stedsnr = 364922 has multiple (2) positions, using the first one!
utility_to_osm - WARNING - ssr:stedsnr = 364928 has multiple (3) positions, using the first one!
utility_to_osm - WARNING - ssr:stedsnr = 365051 has multiple (3) positions, using the first one!
utility_to_osm - WARNING - ssr:stedsnr = 365020 has multiple (3) positions, using the first one!
utility_to_osm - WARNING - ssr:stedsnr = 365055 has multiple (4) positions, using the first one!
utility_to_osm - WARNING - ssr:stedsnr = 365059 has multiple (3) positions, using the first one!
utility_to_osm - WARNING - ssr:stedsnr = 365150 has multiple (3) positions, using the first one!
utility_to_osm - WARNING - ssr:stedsnr = 365151 has multiple (3) positions, using the first one!
utility_to_osm - WARNING - ssr:stedsnr = 365193 has multiple (4) positions, using the first one!
utility_to_osm - WARNING - ssr:stedsnr = 365091 has multiple (4) positions, using the first one!
utility_to_osm - WARNING - ssr:stedsnr = 365095 has multiple (2) positions, using the first one!
utility_to_osm - WARNING - ssr:stedsnr = 365097 has multiple (2) positions, using the first one!
utility_to_osm - WARNING - ssr:stedsnr = 365239 has multiple (3) positions, using the first one!
utility_to_osm - WARNING - ssr:stedsnr = 365258 has multiple (3) positions, using the first one!
utility_to_osm - WARNING - ssr:stedsnr = 365511 has multiple (3) positions, using the first one!
utility_to_osm - WARNING - ssr:stedsnr = 365512 has multiple (2) positions, using the first one!
utility_to_osm - WARNING - ssr:stedsnr = 365549 has multiple (2) positions, using the first one!
utility_to_osm - WARNING - ssr:stedsnr = 365805 has multiple (3) positions, using the first one!
utility_to_osm - WARNING - ssr:stedsnr = 365807 has multiple (3) positions, using the first one!
utility_to_osm - WARNING - ssr:stedsnr = 365809 has multiple (3) positions, using the first one!
utility_to_osm - WARNING - ssr:stedsnr = 365811 has multiple (3) positions, using the first one!
utility_to_osm - WARNING - ssr:stedsnr = 365812 has multiple (3) positions, using the first one!
utility_to_osm - WARNING - ssr:stedsnr = 365816 has multiple (2) positions, using the first one!
utility_to_osm - WARNING - ssr:stedsnr = 365820 has multiple (4) positions, using the first one!
utility_to_osm - WARNING - ssr:stedsnr = 365835 has multiple (4) positions, using the first one!
utility_to_osm - WARNING - ssr:stedsnr = 365904 has multiple (2) positions, using the first one!
utility_to_osm - WARNING - ssr:stedsnr = 365906 has multiple (3) positions, using the first one!
utility_to_osm - WARNING - ssr:stedsnr = 365907 has multiple (2) positions, using the first one!
utility_to_osm - WARNING - ssr:stedsnr = 365912 has multiple (3) positions, using the first one!
utility_to_osm - WARNING - ssr:stedsnr = 365899 has multiple (3) positions, using the first one!
utility_to_osm - WARNING - ssr:stedsnr = 365900 has multiple (3) positions, using the first one!
utility_to_osm - WARNING - ssr:stedsnr = 546151 has multiple (4) positions, using the first one!
utility_to_osm - WARNING - ssr:stedsnr = 391343 has multiple (2) positions, using the first one!
utility_to_osm - WARNING - ssr:stedsnr = 392095: No priority spelling found for lang = no, using alt_name to get "[('no', 'Rosstøl')]"
utility_to_osm - WARNING - ssr:stedsnr = 485615 has multiple (3) positions, using the first one!
utility_to_osm - WARNING - ssr:stedsnr = 485621: No priority spelling found for lang = no, using alt_name to get "[('no', 'Øksendal')]"
utility_to_osm - WARNING - ssr:stedsnr = 485621 has multiple (2) positions, using the first one!
utility_to_osm - WARNING - ssr:stedsnr = 485289 has multiple (3) positions, using the first one!
utility_to_osm - WARNING - ssr:stedsnr = 485534 has multiple (2) positions, using the first one!
utility_to_osm - WARNING - ssr:stedsnr = 485564 has multiple (2) positions, using the first one!
utility_to_osm - WARNING - ssr:stedsnr = 485565 has multiple (2) positions, using the first one!
utility_to_osm - WARNING - ssr:stedsnr = 485578 has multiple (2) positions, using the first one!
utility_to_osm - WARNING - ssr:stedsnr = 485548 has multiple (2) positions, using the first one!
utility_to_osm - WARNING - ssr:stedsnr = 486249 has multiple (3) positions, using the first one!
utility_to_osm - WARNING - ssr:stedsnr = 485627 has multiple (3) positions, using the first one!
utility_to_osm - WARNING - ssr:stedsnr = 485628 has multiple (2) positions, using the first one!
utility_to_osm - WARNING - ssr:stedsnr = 485645 has multiple (2) positions, using the first one!
utility_to_osm - WARNING - ssr:stedsnr = 485755 has multiple (3) positions, using the first one!
utility_to_osm - WARNING - ssr:stedsnr = 485760 has multiple (3) positions, using the first one!
utility_to_osm - WARNING - ssr:stedsnr = 485796 has multiple (4) positions, using the first one!
utility_to_osm - WARNING - ssr:stedsnr = 485854 has multiple (5) positions, using the first one!
utility_to_osm - WARNING - ssr:stedsnr = 485681 has multiple (2) positions, using the first one!
utility_to_osm - WARNING - ssr:stedsnr = 485928 has multiple (3) positions, using the first one!
utility_to_osm - WARNING - ssr:stedsnr = 485933 has multiple (4) positions, using the first one!
utility_to_osm - WARNING - ssr:stedsnr = 486007 has multiple (2) positions, using the first one!
utility_to_osm - WARNING - ssr:stedsnr = 486009 has multiple (3) positions, using the first one!
utility_to_osm - WARNING - ssr:stedsnr = 486069 has multiple (2) positions, using the first one!
utility_to_osm - WARNING - ssr:stedsnr = 486088 has multiple (2) positions, using the first one!
utility_to_osm - WARNING - ssr:stedsnr = 486091 has multiple (3) positions, using the first one!
utility_to_osm - WARNING - ssr:stedsnr = 486057 has multiple (4) positions, using the first one!
utility_to_osm - WARNING - ssr:stedsnr = 486095 has multiple (2) positions, using the first one!
utility_to_osm - WARNING - ssr:stedsnr = 407091 has multiple (2) positions, using the first one!
utility_to_osm - ERROR - ssr:stedsnr = 407414: Adding multiple names to name tag, this is not OK! name = "Litlebekk;Bjelkelibekken"
utility_to_osm - WARNING - ssr:stedsnr = 407414 has multiple (2) positions, using the first one!
utility_to_osm - WARNING - ssr:stedsnr = 407499: No priority spelling found for lang = no, using alt_name to get "[('no', 'Brende heie')]"
utility_to_osm - WARNING - ssr:stedsnr = 486540 has multiple (3) positions, using the first one!
utility_to_osm - WARNING - ssr:stedsnr = 486542 has multiple (3) positions, using the first one!
utility_to_osm - WARNING - ssr:stedsnr = 486548 has multiple (2) positions, using the first one!
utility_to_osm - WARNING - ssr:stedsnr = 408805 has multiple (2) positions, using the first one!
utility_to_osm - WARNING - ssr:stedsnr = 486783 has multiple (3) positions, using the first one!
utility_to_osm - WARNING - ssr:stedsnr = 486789 has multiple (3) positions, using the first one!
utility_to_osm - WARNING - ssr:stedsnr = 486790 has multiple (4) positions, using the first one!
utility_to_osm - WARNING - ssr:stedsnr = 486797 has multiple (3) positions, using the first one!
utility_to_osm - WARNING - ssr:stedsnr = 486799 has multiple (3) positions, using the first one!
utility_to_osm - WARNING - ssr:stedsnr = 486800 has multiple (3) positions, using the first one!
utility_to_osm - WARNING - ssr:stedsnr = 486891 has multiple (5) positions, using the first one!
utility_to_osm - WARNING - ssr:stedsnr = 486892 has multiple (3) positions, using the first one!
utility_to_osm - WARNING - ssr:stedsnr = 486895 has multiple (4) positions, using the first one!
utility_to_osm - WARNING - ssr:stedsnr = 486899: No priority spelling found for lang = no, using alt_name to get "[('no', 'Foråstjødn'), ('no', 'Lomtjødn')]"
utility_to_osm - ERROR - ssr:stedsnr = 486899: Adding multiple names to name tag, this is not OK! name = "Foråstjødn;Lomtjødn"
utility_to_osm - WARNING - ssr:stedsnr = 486935 has multiple (3) positions, using the first one!
utility_to_osm - WARNING - ssr:stedsnr = 486941 has multiple (4) positions, using the first one!
utility_to_osm - WARNING - ssr:stedsnr = 486901 has multiple (4) positions, using the first one!
utility_to_osm - WARNING - ssr:stedsnr = 486979 has multiple (3) positions, using the first one!
utility_to_osm - WARNING - ssr:stedsnr = 486993 has multiple (4) positions, using the first one!
utility_to_osm - WARNING - ssr:stedsnr = 486996 has multiple (3) positions, using the first one!
utility_to_osm - WARNING - ssr:stedsnr = 486999 has multiple (3) positions, using the first one!
utility_to_osm - WARNING - ssr:stedsnr = 487000 has multiple (3) positions, using the first one!
utility_to_osm - WARNING - ssr:stedsnr = 487831 has multiple (4) positions, using the first one!
utility_to_osm - WARNING - ssr:stedsnr = 487844 has multiple (3) positions, using the first one!
utility_to_osm - WARNING - ssr:stedsnr = 487846 has multiple (3) positions, using the first one!
utility_to_osm - WARNING - ssr:stedsnr = 487895 has multiple (3) positions, using the first one!
utility_to_osm - WARNING - ssr:stedsnr = 487932 has multiple (3) positions, using the first one!
utility_to_osm - WARNING - ssr:stedsnr = 425120 has multiple (3) positions, using the first one!
utility_to_osm - WARNING - ssr:stedsnr = 425161: No priority spelling found for lang = no, using alt_name to get "[('no', 'Smøleknuden')]"
utility_to_osm - WARNING - ssr:stedsnr = 425561 has multiple (2) positions, using the first one!
utility_to_osm - WARNING - ssr:stedsnr = 425804 has multiple (3) positions, using the first one!
utility_to_osm - WARNING - ssr:stedsnr = 425815 has multiple (7) positions, using the first one!
utility_to_osm - WARNING - ssr:stedsnr = 425745 has multiple (2) positions, using the first one!
utility_to_osm - WARNING - ssr:stedsnr = 425749 has multiple (2) positions, using the first one!
utility_to_osm - WARNING - ssr:stedsnr = 425799 has multiple (3) positions, using the first one!
utility_to_osm - WARNING - ssr:stedsnr = 425912 has multiple (3) positions, using the first one!
utility_to_osm - WARNING - ssr:stedsnr = 425943 has multiple (3) positions, using the first one!
utility_to_osm - WARNING - ssr:stedsnr = 426099 has multiple (2) positions, using the first one!
utility_to_osm - WARNING - ssr:stedsnr = 426211 has multiple (4) positions, using the first one!
utility_to_osm - WARNING - ssr:stedsnr = 426212 has multiple (4) positions, using the first one!
utility_to_osm - WARNING - ssr:stedsnr = 426104 has multiple (4) positions, using the first one!
utility_to_osm - WARNING - ssr:stedsnr = 426105 has multiple (3) positions, using the first one!
utility_to_osm - WARNING - ssr:stedsnr = 426485 has multiple (2) positions, using the first one!
utility_to_osm - WARNING - ssr:stedsnr = 426493 has multiple (2) positions, using the first one!
utility_to_osm - WARNING - ssr:stedsnr = 426513 has multiple (2) positions, using the first one!
utility_to_osm - WARNING - ssr:stedsnr = 426532 has multiple (2) positions, using the first one!
utility_to_osm - WARNING - ssr:stedsnr = 426806: No priority spelling found for lang = no, using alt_name to get "[('no', 'Klevetjødn')]"
utility_to_osm - WARNING - ssr:stedsnr = 426809 has multiple (3) positions, using the first one!
utility_to_osm - WARNING - ssr:stedsnr = 426810 has multiple (4) positions, using the first one!
utility_to_osm - WARNING - ssr:stedsnr = 426814 has multiple (4) positions, using the first one!
utility_to_osm - WARNING - ssr:stedsnr = 426834: No priority spelling found for lang = no, using alt_name to get "[('no', 'Sollia')]"
utility_to_osm - WARNING - ssr:stedsnr = 426834 has multiple (5) positions, using the first one!
utility_to_osm - WARNING - ssr:stedsnr = 426876 has multiple (3) positions, using the first one!
utility_to_osm - WARNING - ssr:stedsnr = 426893 has multiple (4) positions, using the first one!
utility_to_osm - WARNING - ssr:stedsnr = 426895: No priority spelling found for lang = no, using alt_name to get "[('no', 'Donseknuden')]"
utility_to_osm - WARNING - ssr:stedsnr = 426895 has multiple (3) positions, using the first one!
utility_to_osm - WARNING - ssr:stedsnr = 426896 has multiple (3) positions, using the first one!
utility_to_osm - WARNING - ssr:stedsnr = 426789 has multiple (7) positions, using the first one!
utility_to_osm - WARNING - ssr:stedsnr = 426794 has multiple (3) positions, using the first one!
utility_to_osm - WARNING - ssr:stedsnr = 426905 has multiple (3) positions, using the first one!
utility_to_osm - WARNING - ssr:stedsnr = 426909 has multiple (3) positions, using the first one!
utility_to_osm - WARNING - ssr:stedsnr = 426983 has multiple (3) positions, using the first one!
utility_to_osm - WARNING - ssr:stedsnr = 426986 has multiple (7) positions, using the first one!
utility_to_osm - WARNING - ssr:stedsnr = 426988 has multiple (3) positions, using the first one!
utility_to_osm - WARNING - ssr:stedsnr = 426990 has multiple (4) positions, using the first one!
utility_to_osm - WARNING - ssr:stedsnr = 426992 has multiple (3) positions, using the first one!
utility_to_osm - WARNING - ssr:stedsnr = 426995 has multiple (4) positions, using the first one!
utility_to_osm - WARNING - ssr:stedsnr = 427178 has multiple (3) positions, using the first one!
utility_to_osm - WARNING - ssr:stedsnr = 427983 has multiple (4) positions, using the first one!
utility_to_osm - WARNING - ssr:stedsnr = 468165 has multiple (2) positions, using the first one!
utility_to_osm - WARNING - ssr:stedsnr = 468313 has multiple (2) positions, using the first one!
utility_to_osm - WARNING - ssr:stedsnr = 468519 has multiple (2) positions, using the first one!
utility_to_osm - WARNING - ssr:stedsnr = 468503 has multiple (2) positions, using the first one!
utility_to_osm - WARNING - ssr:stedsnr = 468967 has multiple (2) positions, using the first one!
utility_to_osm - WARNING - ssr:stedsnr = 479776 has multiple (2) positions, using the first one!
utility_to_osm - WARNING - ssr:stedsnr = 485508 has multiple (2) positions, using the first one!
utility_to_osm - WARNING - ssr:stedsnr = 485512 has multiple (2) positions, using the first one!
utility_to_osm - WARNING - ssr:stedsnr = 485514 has multiple (2) positions, using the first one!
utility_to_osm - WARNING - ssr:stedsnr = 485521 has multiple (2) positions, using the first one!
utility_to_osm - WARNING - ssr:stedsnr = 485487 has multiple (2) positions, using the first one!
utility_to_osm - WARNING - ssr:stedsnr = 485488 has multiple (2) positions, using the first one!
utility_to_osm - ERROR - ssr:stedsnr = 485596: Adding multiple names to name tag, this is not OK! name = "Ovedalsåna;Før-åna"
utility_to_osm - WARNING - ssr:stedsnr = 485596 has multiple (4) positions, using the first one!
utility_to_osm - WARNING - ssr:stedsnr = 485662 has multiple (2) positions, using the first one!
utility_to_osm - WARNING - ssr:stedsnr = 485668 has multiple (4) positions, using the first one!
utility_to_osm - WARNING - ssr:stedsnr = 486228 has multiple (2) positions, using the first one!
utility_to_osm - WARNING - ssr:stedsnr = 486240 has multiple (3) positions, using the first one!
utility_to_osm - WARNING - ssr:stedsnr = 486243 has multiple (3) positions, using the first one!
utility_to_osm - WARNING - ssr:stedsnr = 486200 has multiple (2) positions, using the first one!
utility_to_osm - WARNING - ssr:stedsnr = 486511: No priority spelling found for lang = no, using alt_name to get "[('no', 'Rosstøl')]"
utility_to_osm - WARNING - ssr:stedsnr = 486514 has multiple (3) positions, using the first one!
utility_to_osm - WARNING - ssr:stedsnr = 486559 has multiple (3) positions, using the first one!
utility_to_osm - WARNING - ssr:stedsnr = 486568 has multiple (2) positions, using the first one!
utility_to_osm - WARNING - ssr:stedsnr = 486764 has multiple (3) positions, using the first one!
utility_to_osm - WARNING - ssr:stedsnr = 486767 has multiple (5) positions, using the first one!
utility_to_osm - WARNING - ssr:stedsnr = 486770 has multiple (3) positions, using the first one!
utility_to_osm - WARNING - ssr:stedsnr = 486771 has multiple (3) positions, using the first one!
utility_to_osm - WARNING - ssr:stedsnr = 486772 has multiple (3) positions, using the first one!
utility_to_osm - WARNING - ssr:stedsnr = 486954 has multiple (10) positions, using the first one!
utility_to_osm - WARNING - ssr:stedsnr = 486975 has multiple (3) positions, using the first one!
utility_to_osm - WARNING - ssr:stedsnr = 486804 has multiple (2) positions, using the first one!
utility_to_osm - WARNING - ssr:stedsnr = 486808 has multiple (3) positions, using the first one!
utility_to_osm - WARNING - ssr:stedsnr = 486822 has multiple (3) positions, using the first one!
utility_to_osm - WARNING - ssr:stedsnr = 487907 has multiple (3) positions, using the first one!
utility_to_osm - WARNING - ssr:stedsnr = 487923 has multiple (3) positions, using the first one!
utility_to_osm - WARNING - ssr:stedsnr = 487978 has multiple (3) positions, using the first one!
utility_to_osm - WARNING - ssr:stedsnr = 529224 has multiple (2) positions, using the first one!
utility_to_osm - WARNING - ssr:stedsnr = 529107 has multiple (2) positions, using the first one!
utility_to_osm - ERROR - ssr:stedsnr = 529496. No positions found, skipping
utility_to_osm - WARNING - ssr:stedsnr = 529602 has multiple (2) positions, using the first one!
utility_to_osm - WARNING - ssr:stedsnr = 529721 has multiple (2) positions, using the first one!
utility_to_osm - WARNING - ssr:stedsnr = 546097 has multiple (3) positions, using the first one!
utility_to_osm - WARNING - ssr:stedsnr = 546115 has multiple (2) positions, using the first one!
utility_to_osm - WARNING - ssr:stedsnr = 546179 has multiple (2) positions, using the first one!
utility_to_osm - WARNING - ssr:stedsnr = 546618 has multiple (2) positions, using the first one!
utility_to_osm - WARNING - ssr:stedsnr = 546622 has multiple (2) positions, using the first one!
utility_to_osm - WARNING - ssr:stedsnr = 546623 has multiple (2) positions, using the first one!
utility_to_osm - WARNING - ssr:stedsnr = 546625 has multiple (2) positions, using the first one!
utility_to_osm - WARNING - ssr:stedsnr = 546503 has multiple (2) positions, using the first one!
utility_to_osm - WARNING - ssr:stedsnr = 546526 has multiple (2) positions, using the first one!
utility_to_osm - WARNING - ssr:stedsnr = 547025 has multiple (3) positions, using the first one!
utility_to_osm - WARNING - ssr:stedsnr = 546770: No priority spelling found for lang = no, using alt_name to get "[('no', 'Smølebakkan')]"
utility_to_osm - WARNING - ssr:stedsnr = 546770 has multiple (3) positions, using the first one!
utility_to_osm - WARNING - ssr:stedsnr = 546771 has multiple (3) positions, using the first one!
utility_to_osm - WARNING - ssr:stedsnr = 546778 has multiple (4) positions, using the first one!
utility_to_osm - WARNING - ssr:stedsnr = 546903 has multiple (3) positions, using the first one!
utility_to_osm - WARNING - ssr:stedsnr = 546916 has multiple (3) positions, using the first one!
utility_to_osm - WARNING - ssr:stedsnr = 546921 has multiple (3) positions, using the first one!
utility_to_osm - WARNING - ssr:stedsnr = 547177 has multiple (3) positions, using the first one!
utility_to_osm - WARNING - ssr:stedsnr = 547067 has multiple (2) positions, using the first one!
utility_to_osm - WARNING - ssr:stedsnr = 547073 has multiple (3) positions, using the first one!
utility_to_osm - WARNING - ssr:stedsnr = 547080 has multiple (2) positions, using the first one!
utility_to_osm - WARNING - ssr:stedsnr = 547573 has multiple (2) positions, using the first one!
utility_to_osm - WARNING - ssr:stedsnr = 547588 has multiple (3) positions, using the first one!
utility_to_osm - WARNING - ssr:stedsnr = 547902 has multiple (3) positions, using the first one!
utility_to_osm - WARNING - ssr:stedsnr = 547909 has multiple (4) positions, using the first one!
utility_to_osm - WARNING - ssr:stedsnr = 547917 has multiple (3) positions, using the first one!
utility_to_osm - WARNING - ssr:stedsnr = 547918 has multiple (3) positions, using the first one!
utility_to_osm - WARNING - ssr:stedsnr = 547927 has multiple (4) positions, using the first one!
utility_to_osm - WARNING - ssr:stedsnr = 547979 has multiple (3) positions, using the first one!
utility_to_osm - WARNING - ssr:stedsnr = 547981 has multiple (3) positions, using the first one!
utility_to_osm - WARNING - ssr:stedsnr = 547985 has multiple (2) positions, using the first one!
utility_to_osm - WARNING - ssr:stedsnr = 547811 has multiple (3) positions, using the first one!
utility_to_osm - WARNING - ssr:stedsnr = 547864 has multiple (4) positions, using the first one!
utility_to_osm - WARNING - ssr:stedsnr = 690939 has multiple (2) positions, using the first one!
utility_to_osm - WARNING - ssr:stedsnr = 589555 has multiple (3) positions, using the first one!
utility_to_osm - WARNING - ssr:stedsnr = 589759: No priority spelling found for lang = no, using alt_name to get "[('no', 'Rosstølbakken')]"
utility_to_osm - WARNING - ssr:stedsnr = 589657: No priority spelling found for lang = no, using alt_name to get "[('no', 'Under stien')]"
utility_to_osm - WARNING - ssr:stedsnr = 590656 has multiple (2) positions, using the first one!
utility_to_osm - WARNING - ssr:stedsnr = 590764 has multiple (2) positions, using the first one!
utility_to_osm - ERROR - ssr:stedsnr = 606099: Adding multiple names to name tag, this is not OK! name = "Storåne;Kvina"
utility_to_osm - ERROR - ssr:stedsnr = 606099. No positions found, skipping
utility_to_osm - WARNING - ssr:stedsnr = 606621 has multiple (2) positions, using the first one!
utility_to_osm - WARNING - ssr:stedsnr = 606598 has multiple (4) positions, using the first one!
utility_to_osm - WARNING - ssr:stedsnr = 606813: No priority spelling found for lang = no, using alt_name to get "[('no', 'Hammarsmark')]"
utility_to_osm - WARNING - ssr:stedsnr = 606813 has multiple (5) positions, using the first one!
utility_to_osm - WARNING - ssr:stedsnr = 607002 has multiple (2) positions, using the first one!
utility_to_osm - WARNING - ssr:stedsnr = 607006 has multiple (4) positions, using the first one!
utility_to_osm - WARNING - ssr:stedsnr = 607008 has multiple (3) positions, using the first one!
utility_to_osm - WARNING - ssr:stedsnr = 607012 has multiple (3) positions, using the first one!
utility_to_osm - WARNING - ssr:stedsnr = 607019 has multiple (4) positions, using the first one!
utility_to_osm - WARNING - ssr:stedsnr = 607023 has multiple (3) positions, using the first one!
utility_to_osm - WARNING - ssr:stedsnr = 607001 has multiple (3) positions, using the first one!
utility_to_osm - WARNING - ssr:stedsnr = 607102 has multiple (3) positions, using the first one!
utility_to_osm - WARNING - ssr:stedsnr = 607100 has multiple (3) positions, using the first one!
utility_to_osm - WARNING - ssr:stedsnr = 607205 has multiple (2) positions, using the first one!
utility_to_osm - WARNING - ssr:stedsnr = 607210 has multiple (2) positions, using the first one!
utility_to_osm - WARNING - ssr:stedsnr = 607219 has multiple (2) positions, using the first one!
utility_to_osm - WARNING - ssr:stedsnr = 607222 has multiple (3) positions, using the first one!
utility_to_osm - WARNING - ssr:stedsnr = 607256 has multiple (4) positions, using the first one!
utility_to_osm - WARNING - ssr:stedsnr = 607498 has multiple (2) positions, using the first one!
utility_to_osm - WARNING - ssr:stedsnr = 607500: No priority spelling found for lang = no, using alt_name to get "[('no', 'Holmeheia')]"
utility_to_osm - WARNING - ssr:stedsnr = 607500 has multiple (5) positions, using the first one!
utility_to_osm - WARNING - ssr:stedsnr = 607646: No priority spelling found for lang = no, using alt_name to get "[('no', 'Hunnedalen')]"
utility_to_osm - WARNING - ssr:stedsnr = 607646 has multiple (9) positions, using the first one!
utility_to_osm - WARNING - ssr:stedsnr = 607571 has multiple (2) positions, using the first one!
utility_to_osm - WARNING - ssr:stedsnr = 607708 has multiple (2) positions, using the first one!
utility_to_osm - WARNING - ssr:stedsnr = 607914 has multiple (3) positions, using the first one!
utility_to_osm - WARNING - ssr:stedsnr = 607917 has multiple (3) positions, using the first one!
utility_to_osm - WARNING - ssr:stedsnr = 607859 has multiple (7) positions, using the first one!
utility_to_osm - WARNING - ssr:stedsnr = 607891 has multiple (4) positions, using the first one!
utility_to_osm - WARNING - ssr:stedsnr = 607893 has multiple (3) positions, using the first one!
utility_to_osm - WARNING - ssr:stedsnr = 607940 has multiple (3) positions, using the first one!
utility_to_osm - WARNING - ssr:stedsnr = 608146 has multiple (4) positions, using the first one!
utility_to_osm - WARNING - ssr:stedsnr = 608834 has multiple (3) positions, using the first one!
utility_to_osm - WARNING - ssr:stedsnr = 608791 has multiple (3) positions, using the first one!
utility_to_osm - WARNING - ssr:stedsnr = 608794 has multiple (3) positions, using the first one!
utility_to_osm - WARNING - ssr:stedsnr = 630644 has multiple (2) positions, using the first one!
utility_to_osm - WARNING - ssr:stedsnr = 634080: No priority spelling found for lang = no, using alt_name to get "[('no', 'Rosstøl')]"
